[2022-08-25T02:35:03.686] [INFO] default - SEXN Gian Hưng
[2022-08-25T02:35:03.688] [INFO] default - SEXN Ái Giang
[2022-08-25T02:35:03.689] [INFO] default - SEXN Ân Gia
[2022-08-25T02:35:03.689] [INFO] default - SEXN An Gia Quang
[2022-08-25T02:35:03.689] [INFO] default - SEXN An Giang
[2022-08-25T02:35:03.689] [INFO] default - SEXN An Như Gọc
[2022-08-25T02:35:03.689] [INFO] default - SEXN Ánh Giang
[2022-08-25T02:35:03.689] [INFO] default - SEXN Anh Grace
[2022-08-25T02:35:03.689] [INFO] default - SEXN Ba Giag
[2022-08-25T02:35:03.690] [INFO] default - SEXN Ba Giang
[2022-08-25T02:35:03.690] [INFO] default - SEXN Bá Giáng
[2022-08-25T02:35:03.690] [INFO] default - SEXN Bá Giáp
[2022-08-25T02:35:03.690] [INFO] default - SEXN Bắc Giang
[2022-08-25T02:35:03.690] [INFO] default - SEXN Bách Giao
[2022-08-25T02:35:03.690] [INFO] default - SEXN Bản Già
[2022-08-25T02:35:03.690] [INFO] default - SEXN Bàn Giản
[2022-08-25T02:35:03.690] [INFO] default - SEXN Bản Giang
[2022-08-25T02:35:03.690] [INFO] default - SEXN Bằng Giã
[2022-08-25T02:35:03.690] [INFO] default - SEXN Băng Giang
[2022-08-25T02:35:03.690] [INFO] default - SEXN Bằng Giang
[2022-08-25T02:35:03.690] [INFO] default - SEXN Bảo Gia
[2022-08-25T02:35:03.691] [INFO] default - SEXN Bảo Giang
[2022-08-25T02:35:03.691] [INFO] default - SEXN Bích Giao
[2022-08-25T02:35:03.691] [INFO] default - SEXN Biên Giới
[2022-08-25T02:35:03.691] [INFO] default - SEXN Bình Gia
[2022-08-25T02:35:03.691] [INFO] default - SEXN Bình Giã
[2022-08-25T02:35:03.691] [INFO] default - SEXN Bình Giang
[2022-08-25T02:35:03.691] [INFO] default - SEXN Bình Giang Phát
[2022-08-25T02:35:03.691] [INFO] default - SEXN Bình Giáo
[2022-08-25T02:35:03.691] [INFO] default - SEXN Bù Gia Mập
[2022-08-25T02:35:03.691] [INFO] default - SEXN Cẩm Giàng
[2022-08-25T02:35:03.751] [INFO] default - SEXN Cẩm Giới
[2022-08-25T02:35:03.751] [INFO] default - SEXN Cần Giờ
[2022-08-25T02:35:03.752] [INFO] default - SEXN Cần Giuộc
[2022-08-25T02:35:03.752] [INFO] default - SEXN Cánh Đồng Giao
[2022-08-25T02:35:03.752] [INFO] default - SEXN Cao Gia
[2022-08-25T02:35:03.753] [INFO] default - SEXN Cao Gia Bão
[2022-08-25T02:35:03.753] [INFO] default - SEXN Cát Gia Hân
[2022-08-25T02:35:03.753] [INFO] default - SEXN Cát Giáp
[2022-08-25T02:35:03.753] [INFO] default - SEXN Cầu Giấy
[2022-08-25T02:35:03.753] [INFO] default - SEXN Cây Gáo
[2022-08-25T02:35:03.753] [INFO] default - SEXN Chấn Gia
[2022-08-25T02:35:03.753] [INFO] default - SEXN Châu Giang
[2022-08-25T02:35:03.753] [INFO] default - SEXN Chính Giang
[2022-08-25T02:35:03.753] [INFO] default - SEXN Chợ Gạo
[2022-08-25T02:35:03.753] [INFO] default - SEXN Chư Glong
[2022-08-25T02:35:03.753] [INFO] default - SEXN Chư Gu
[2022-08-25T02:35:03.753] [INFO] default - SEXN Cô Gia
[2022-08-25T02:35:03.753] [INFO] default - SEXN Công Cát Gia
[2022-08-25T02:35:03.753] [INFO] default - SEXN Công Giá Hưng
[2022-08-25T02:35:03.754] [INFO] default - SEXN Công Gia Yên
[2022-08-25T02:35:03.754] [INFO] default - SEXN Công Giáp
[2022-08-25T02:35:03.754] [INFO] default - SEXN Đắc Giang
[2022-08-25T02:35:03.754] [INFO] default - SEXN Đắc Giáp
[2022-08-25T02:35:03.754] [INFO] default - SEXN Đắc Gôn
[2022-08-25T02:35:03.754] [INFO] default - SEXN Đại Gia
[2022-08-25T02:35:03.754] [INFO] default - SEXN Đại Giỏi
[2022-08-25T02:35:03.754] [INFO] default - SEXN Đăk Gằn
[2022-08-25T02:35:03.754] [INFO] default - SEXN Đăk Glei
[2022-08-25T02:35:03.754] [INFO] default - SEXN Đắk Glei
[2022-08-25T02:35:03.754] [INFO] default - SEXN Đăk Glong
[2022-08-25T02:35:03.754] [INFO] default - SEXN Đắk Glong
[2022-08-25T02:35:03.754] [INFO] default - SEXN Đặng Gia Ái
[2022-08-25T02:35:03.755] [INFO] default - SEXN Đăng Giao
[2022-08-25T02:35:03.755] [INFO] default - SEXN Đạt Gia
[2022-08-25T02:35:03.755] [INFO] default - SEXN Đèo Gia
[2022-08-25T02:35:03.755] [INFO] default - SEXN Di Giai
[2022-08-25T02:35:03.755] [INFO] default - SEXN Địch Giáo
[2022-08-25T02:35:03.755] [INFO] default - SEXN Điền Giác
[2022-08-25T02:35:03.755] [INFO] default - SEXN Diễn Giảng
[2022-08-25T02:35:03.755] [INFO] default - SEXN Diệp Ghi
[2022-08-25T02:35:03.755] [INFO] default - SEXN Đình Gia
[2022-08-25T02:35:03.755] [INFO] default - SEXN Đình Gia Khai
[2022-08-25T02:35:03.755] [INFO] default - SEXN Đình Giáp
[2022-08-25T02:35:03.755] [INFO] default - SEXN Đình Giàu
[2022-08-25T02:35:03.755] [INFO] default - SEXN Đình Giỏi
[2022-08-25T02:35:03.756] [INFO] default - SEXN Đình Giới
[2022-08-25T02:35:03.756] [INFO] default - SEXN Đỗ Triệu Gia
[2022-08-25T02:35:03.756] [INFO] default - SEXN Đoàn Phi Giao
[2022-08-25T02:35:03.756] [INFO] default - SEXN Doanh Gia
[2022-08-25T02:35:03.756] [INFO] default - SEXN Đông Giang
[2022-08-25T02:35:03.756] [INFO] default - SEXN Đồng Giáp
[2022-08-25T02:35:03.756] [INFO] default - SEXN Du Già
[2022-08-25T02:35:03.756] [INFO] default - SEXN Đức Bá Gia
[2022-08-25T02:35:03.756] [INFO] default - SEXN Đức Gia
[2022-08-25T02:35:03.756] [INFO] default - SEXN ĐỨC GIANG
[2022-08-25T02:35:03.756] [INFO] default - SEXN Đức Giáp
[2022-08-25T02:35:03.756] [INFO] default - SEXN Đức Giàu
[2022-08-25T02:35:03.756] [INFO] default - SEXN Đức Lãng Gia
[2022-08-25T02:35:03.756] [INFO] default - SEXF Cẩm Giang
[2022-08-25T02:35:03.756] [INFO] default - SEXT An Gia
[2022-08-25T02:35:03.757] [INFO] default - SEXT Ân Giáp
[2022-08-25T02:35:03.757] [INFO] default - SEXT Bảo Giang
[2022-08-25T02:35:03.757] [INFO] default - SEXT Bảo Giáp
[2022-08-25T02:35:03.757] [INFO] default - SEXT Chí Giang
[2022-08-25T02:35:03.757] [INFO] default - SEXT Công Giang
[2022-08-25T02:35:03.757] [INFO] default - SEXT Đăng Giáp
[2022-08-25T02:35:03.757] [INFO] default - SEXT Đình Giang
[2022-08-25T02:35:03.757] [INFO] default - SEXT Đức Giang
[2022-08-25T02:35:03.757] [INFO] default - SEXT Ðức Giang
[2022-08-25T02:35:07.129] [INFO] default - SEXN Dương Gia
[2022-08-25T02:35:07.130] [INFO] default - SEXN Dương Nhất Gia
[2022-08-25T02:35:07.130] [INFO] default - SEXN Duy Giá Huy
[2022-08-25T02:35:07.130] [INFO] default - SEXN Duy Giáp
[2022-08-25T02:35:07.130] [INFO] default - SEXN Ga Bảo
[2022-08-25T02:35:07.130] [INFO] default - SEXN Ga Lăng
[2022-08-25T02:35:07.130] [INFO] default - SEXN Gái Vàng
[2022-08-25T02:35:07.130] [INFO] default - SEXN Gấm
[2022-08-25T02:35:07.130] [INFO] default - SEXN Gẩm Tin
[2022-08-25T02:35:07.130] [INFO] default - SEXN Gào
[2022-08-25T02:35:07.130] [INFO] default - SEXN GaRi
[2022-08-25T02:35:07.130] [INFO] default - SEXN Ghi Na
[2022-08-25T02:35:07.130] [INFO] default - SEXN Ghi Tài
[2022-08-25T02:35:07.130] [INFO] default - SEXN Gia
[2022-08-25T02:35:07.130] [INFO] default - SEXN Gia Anh
[2022-08-25T02:35:07.130] [INFO] default - SEXN Gia Khiêm
[2022-08-25T02:35:07.130] [INFO] default - SEXN Gia Lâm
[2022-08-25T02:35:07.130] [INFO] default - SEXN Gia Ăn
[2022-08-25T02:35:07.130] [INFO] default - SEXN Giá An
[2022-08-25T02:35:07.130] [INFO] default - SEXN Gia Bắc
[2022-08-25T02:35:07.130] [INFO] default - SEXN Gia Bải
[2022-08-25T02:35:07.131] [INFO] default - SEXN Gia Báu
[2022-08-25T02:35:07.131] [INFO] default - SEXN Gia Béo
[2022-08-25T02:35:07.131] [INFO] default - SEXN Gia Bích
[2022-08-25T02:35:07.131] [INFO] default - SEXN Gia Bôí
[2022-08-25T02:35:07.131] [INFO] default - SEXN Gia Bối
[2022-08-25T02:35:07.131] [INFO] default - SEXN Gia Bội
[2022-08-25T02:35:07.131] [INFO] default - SEXN Gia Bửu
[2022-08-25T02:35:07.131] [INFO] default - SEXN Gia Canh
[2022-08-25T02:35:07.131] [INFO] default - SEXN Giá Cát
[2022-08-25T02:35:07.131] [INFO] default - SEXN Gia Chấn
[2022-08-25T02:35:07.131] [INFO] default - SEXN Gia Châu
[2022-08-25T02:35:07.131] [INFO] default - SEXN Gia Chí
[2022-08-25T02:35:07.131] [INFO] default - SEXN Gia Chiến
[2022-08-25T02:35:07.131] [INFO] default - SEXN Gia Chính
[2022-08-25T02:35:07.132] [INFO] default - SEXN Gia Chung
[2022-08-25T02:35:07.132] [INFO] default - SEXN Gia Công
[2022-08-25T02:35:07.132] [INFO] default - SEXN Gia Cung
[2022-08-25T02:35:07.132] [INFO] default - SEXN Gia Cường
[2022-08-25T02:35:07.132] [INFO] default - SEXN Gia Cường Phát
[2022-08-25T02:35:07.132] [INFO] default - SEXN Gia Đại
[2022-08-25T02:35:07.132] [INFO] default - SEXN Gia Đại
[2022-08-25T02:35:07.132] [INFO] default - SEXN Gia Đại Lộ
[2022-08-25T02:35:07.132] [INFO] default - SEXN Gia Dân
[2022-08-25T02:35:07.132] [INFO] default - SEXN Gia Đan
[2022-08-25T02:35:07.132] [INFO] default - SEXN Gia Đăng
[2022-08-25T02:35:07.132] [INFO] default - SEXN Gia Danh
[2022-08-25T02:35:07.132] [INFO] default - SEXN Gia Đạo
[2022-08-25T02:35:07.132] [INFO] default - SEXN Gia Đen
[2022-08-25T02:35:07.132] [INFO] default - SEXN Gia Điền
[2022-08-25T02:35:07.132] [INFO] default - SEXN Gia Điệp
[2022-08-25T02:35:07.132] [INFO] default - SEXN Gia Dinh
[2022-08-25T02:35:07.132] [INFO] default - SEXN Gia Định
[2022-08-25T02:35:07.132] [INFO] default - SEXN Gia Độ
[2022-08-25T02:35:07.132] [INFO] default - SEXN Gia Đông
[2022-08-25T02:35:07.133] [INFO] default - SEXN Gia Đồng
[2022-08-25T02:35:07.133] [INFO] default - SEXN Gia Đợt
[2022-08-25T02:35:07.133] [INFO] default - SEXN Gia Đúc
[2022-08-25T02:35:07.133] [INFO] default - SEXN Gia Ðức
[2022-08-25T02:35:07.133] [INFO] default - SEXN Gia Duệ
[2022-08-25T02:35:07.133] [INFO] default - SEXN Gia Dũng
[2022-08-25T02:35:07.133] [INFO] default - SEXN Gia Dương
[2022-08-25T02:35:07.133] [INFO] default - SEXN Gia Đường
[2022-08-25T02:35:07.133] [INFO] default - SEXN Gia Duy
[2022-08-25T02:35:07.133] [INFO] default - SEXN Gia Gia
[2022-08-25T02:35:07.133] [INFO] default - SEXN Gia Gia
[2022-08-25T02:35:07.133] [INFO] default - SEXN Gia Giang
[2022-08-25T02:35:07.134] [INFO] default - SEXN Gia Giáp
[2022-08-25T02:35:07.134] [INFO] default - SEXN Gia Giới
[2022-08-25T02:35:07.134] [INFO] default - SEXN Gia Hải
[2022-08-25T02:35:07.134] [INFO] default - SEXN Gia Hâm
[2022-08-25T02:35:07.134] [INFO] default - SEXN GIA HAN
[2022-08-25T02:35:07.134] [INFO] default - SEXN Gia Hạn
[2022-08-25T02:35:07.134] [INFO] default - SEXN Gia Hanh
[2022-08-25T02:35:07.134] [INFO] default - SEXN Gia Hảo
[2022-08-25T02:35:07.134] [INFO] default - SEXN Gia Hạo
[2022-08-25T02:35:07.134] [INFO] default - SEXN Gia Hạo
[2022-08-25T02:35:07.134] [INFO] default - SEXN Gia Hiến
[2022-08-25T02:35:07.134] [INFO] default - SEXF Gia Hân
[2022-08-25T02:35:07.134] [INFO] default - SEXT Gia An
[2022-08-25T02:35:07.134] [INFO] default - SEXT Gia Ân
[2022-08-25T02:35:07.134] [INFO] default - SEXT Gia Anh
[2022-08-25T02:35:07.135] [INFO] default - SEXT Gia Bách
[2022-08-25T02:35:07.135] [INFO] default - SEXT Gia Bạch
[2022-08-25T02:35:07.135] [INFO] default - SEXT Gia Bằng
[2022-08-25T02:35:07.135] [INFO] default - SEXT Gia Bao
[2022-08-25T02:35:07.135] [INFO] default - SEXT Gia Bảo
[2022-08-25T02:35:07.135] [INFO] default - SEXT Gia Bảo
[2022-08-25T02:35:07.135] [INFO] default - SEXT Gia Bình
[2022-08-25T02:35:07.135] [INFO] default - SEXT Gia Cần
[2022-08-25T02:35:07.135] [INFO] default - SEXT Gia Cẩn
[2022-08-25T02:35:07.135] [INFO] default - SEXT Gia Cảnh
[2022-08-25T02:35:07.135] [INFO] default - SEXT Gia Cát
[2022-08-25T02:35:07.135] [INFO] default - SEXT Gia Cương
[2022-08-25T02:35:07.135] [INFO] default - SEXT Gia Đạt
[2022-08-25T02:35:07.135] [INFO] default - SEXT Gia Dĩnh
[2022-08-25T02:35:07.135] [INFO] default - SEXT Gia Đức
[2022-08-25T02:35:07.135] [INFO] default - SEXT Gia Ðức
[2022-08-25T02:35:07.135] [INFO] default - SEXT Gia Hào
[2022-08-25T02:35:07.135] [INFO] default - SEXT Gia Hiển
[2022-08-25T02:35:09.556] [INFO] default - SEXN Gia Hoa
[2022-08-25T02:35:09.556] [INFO] default - SEXN Gia Hoà
[2022-08-25T02:35:09.557] [INFO] default - SEXN Gia Hoan
[2022-08-25T02:35:09.557] [INFO] default - SEXN Giá Hoàng
[2022-08-25T02:35:09.557] [INFO] default - SEXN Gia Hội
[2022-08-25T02:35:09.557] [INFO] default - SEXN Gia Hồng
[2022-08-25T02:35:09.557] [INFO] default - SEXN Gia Hộp
[2022-08-25T02:35:09.557] [INFO] default - SEXN Gia Hợp
[2022-08-25T02:35:09.557] [INFO] default - SEXN Gia Huệ
[2022-08-25T02:35:09.557] [INFO] default - SEXN Gia Hữu
[2022-08-25T02:35:09.557] [INFO] default - SEXN Gia Huyên
[2022-08-25T02:35:09.557] [INFO] default - SEXN Gia Huynh
[2022-08-25T02:35:09.557] [INFO] default - SEXN Gia Hỷ
[2022-08-25T02:35:09.557] [INFO] default - SEXN Gia Hy Joyce
[2022-08-25T02:35:09.557] [INFO] default - SEXN Gia Khai Uy
[2022-08-25T02:35:09.557] [INFO] default - SEXN Gia Khang Yến
[2022-08-25T02:35:09.558] [INFO] default - SEXN Gia Khánh Linh
[2022-08-25T02:35:09.558] [INFO] default - SEXN Gia Khiên
[2022-08-25T02:35:09.558] [INFO] default - SEXN Gia Khởi
[2022-08-25T02:35:09.558] [INFO] default - SEXN Giá Khôi
[2022-08-25T02:35:09.558] [INFO] default - SEXN Gia Khuê
[2022-08-25T02:35:09.558] [INFO] default - SEXN Gia Kiến
[2022-08-25T02:35:09.558] [INFO] default - SEXN Gia Kiệt
[2022-08-25T02:35:09.558] [INFO] default - SEXN Gia Kiều
[2022-08-25T02:35:09.558] [INFO] default - SEXN Gia Kim
[2022-08-25T02:35:09.558] [INFO] default - SEXN Gia Kinh
[2022-08-25T02:35:09.558] [INFO] default - SEXN Gia Kỳ
[2022-08-25T02:35:09.558] [INFO] default - SEXN Gia Lai
[2022-08-25T02:35:09.558] [INFO] default - SEXN Gia Lam
[2022-08-25T02:35:09.558] [INFO] default - SEXN Gia Lân
[2022-08-25T02:35:09.559] [INFO] default - SEXN Gia Lặp
[2022-08-25T02:35:09.559] [INFO] default - SEXN Gia Lệ
[2022-08-25T02:35:09.559] [INFO] default - SEXN Giá Linh
[2022-08-25T02:35:09.559] [INFO] default - SEXN Gia Linh Kỳ
[2022-08-25T02:35:09.559] [INFO] default - SEXN Gia Lôi
[2022-08-25T02:35:09.559] [INFO] default - SEXN Gia Lợi
[2022-08-25T02:35:09.559] [INFO] default - SEXN Giá Long
[2022-08-25T02:35:09.559] [INFO] default - SEXN Gia Lửa
[2022-08-25T02:35:09.559] [INFO] default - SEXN Gia Luân
[2022-08-25T02:35:09.563] [INFO] default - SEXN Gia Luận
[2022-08-25T02:35:09.563] [INFO] default - SEXN Gia Luật
[2022-08-25T02:35:09.564] [INFO] default - SEXN Gia Lực
[2022-08-25T02:35:09.564] [INFO] default - SEXN Gia Lương
[2022-08-25T02:35:09.564] [INFO] default - SEXN Gia Lượng
[2022-08-25T02:35:09.564] [INFO] default - SEXN Gia Lưu
[2022-08-25T02:35:09.564] [INFO] default - SEXN Gia Ly
[2022-08-25T02:35:09.564] [INFO] default - SEXN Gia Mẫn
[2022-08-25T02:35:09.564] [INFO] default - SEXN Gia Mạnh
[2022-08-25T02:35:09.564] [INFO] default - SEXN Gia Mi
[2022-08-25T02:35:09.564] [INFO] default - SEXN Gia Miên
[2022-08-25T02:35:09.564] [INFO] default - SEXN Gia Miễn
[2022-08-25T02:35:09.564] [INFO] default - SEXN Gia Mô
[2022-08-25T02:35:09.564] [INFO] default - SEXN Gia Mý
[2022-08-25T02:35:09.564] [INFO] default - SEXN Gia Mỹ
[2022-08-25T02:35:09.565] [INFO] default - SEXN Gia Mỹ Tiến
[2022-08-25T02:35:09.565] [INFO] default - SEXN Gia Nah
[2022-08-25T02:35:09.565] [INFO] default - SEXN Gia Nam
[2022-08-25T02:35:09.565] [INFO] default - SEXN Gia Nghi
[2022-08-25T02:35:09.565] [INFO] default - SEXN Gia Nguyễn
[2022-08-25T02:35:09.565] [INFO] default - SEXN Gia Nhã Tiến
[2022-08-25T02:35:09.565] [INFO] default - SEXN Gia Nhân
[2022-08-25T02:35:09.565] [INFO] default - SEXN Gia Nhất
[2022-08-25T02:35:09.565] [INFO] default - SEXN Gia Nhật
[2022-08-25T02:35:09.565] [INFO] default - SEXN Gia Nhiên
[2022-08-25T02:35:09.565] [INFO] default - SEXN Gia Nhu
[2022-08-25T02:35:09.565] [INFO] default - SEXF Gia Khanh
[2022-08-25T02:35:09.565] [INFO] default - SEXF Gia Linh
[2022-08-25T02:35:09.566] [INFO] default - SEXF Gia My
[2022-08-25T02:35:09.566] [INFO] default - SEXF Gia Ngân
[2022-08-25T02:35:09.566] [INFO] default - SEXF Gia Ngọc
[2022-08-25T02:35:09.566] [INFO] default - SEXF Gia Nhi
[2022-08-25T02:35:09.566] [INFO] default - SEXT Gia Hiệp
[2022-08-25T02:35:09.566] [INFO] default - SEXT Gia Hiếu
[2022-08-25T02:35:09.566] [INFO] default - SEXT Gia Hòa
[2022-08-25T02:35:09.566] [INFO] default - SEXT Gia Hoàng
[2022-08-25T02:35:09.566] [INFO] default - SEXT Gia Huân
[2022-08-25T02:35:09.566] [INFO] default - SEXT Gia Huấn
[2022-08-25T02:35:09.566] [INFO] default - SEXT Gia Hùng
[2022-08-25T02:35:09.566] [INFO] default - SEXT Gia Hưng
[2022-08-25T02:35:09.566] [INFO] default - SEXT Gia Huy
[2022-08-25T02:35:09.566] [INFO] default - SEXT Gia Hy
[2022-08-25T02:35:09.567] [INFO] default - SEXT Gia Khải
[2022-08-25T02:35:09.567] [INFO] default - SEXT Gia Khang
[2022-08-25T02:35:09.567] [INFO] default - SEXT Gia Khánh
[2022-08-25T02:35:09.567] [INFO] default - SEXT Gia Khiêm
[2022-08-25T02:35:09.567] [INFO] default - SEXT Gia Khoa
[2022-08-25T02:35:09.567] [INFO] default - SEXT Gia Khôi
[2022-08-25T02:35:09.567] [INFO] default - SEXT Gia Khương
[2022-08-25T02:35:09.567] [INFO] default - SEXT Gia Kiên
[2022-08-25T02:35:09.567] [INFO] default - SEXT Gia Kiệt
[2022-08-25T02:35:09.567] [INFO] default - SEXT Gia Lạc
[2022-08-25T02:35:09.567] [INFO] default - SEXT Gia Lâm
[2022-08-25T02:35:09.571] [INFO] default - SEXT Gia Lập
[2022-08-25T02:35:09.572] [INFO] default - SEXT Gia Lĩnh
[2022-08-25T02:35:09.572] [INFO] default - SEXT Gia Lộc
[2022-08-25T02:35:09.572] [INFO] default - SEXT Gia Long
[2022-08-25T02:35:09.572] [INFO] default - SEXT Gia Minh
[2022-08-25T02:35:09.572] [INFO] default - SEXT Gia Nghị
[2022-08-25T02:35:09.572] [INFO] default - SEXT Gia Nghĩa
[2022-08-25T02:35:09.572] [INFO] default - SEXT Gia Nguyên
[2022-08-25T02:35:12.823] [INFO] default - SEXN Gia Nhuệ
[2022-08-25T02:35:12.824] [INFO] default - SEXN Gia Ninh
[2022-08-25T02:35:12.824] [INFO] default - SEXN Gia Pháp
[2022-08-25T02:35:12.824] [INFO] default - SEXN Gia Phu
[2022-08-25T02:35:12.824] [INFO] default - SEXN Gia Phù
[2022-08-25T02:35:12.824] [INFO] default - SEXN Gia Phuc An
[2022-08-25T02:35:12.824] [INFO] default - SEXN Gia Phúc Nhi
[2022-08-25T02:35:12.824] [INFO] default - SEXN Gia Phúng
[2022-08-25T02:35:12.824] [INFO] default - SEXN Gia Phụng
[2022-08-25T02:35:12.824] [INFO] default - SEXN Giá Phước
[2022-08-25T02:35:12.825] [INFO] default - SEXN Gia Phương
[2022-08-25T02:35:12.825] [INFO] default - SEXN Gia Quân
[2022-08-25T02:35:12.825] [INFO] default - SEXN Gia Quân
[2022-08-25T02:35:12.825] [INFO] default - SEXN Gia Quảng
[2022-08-25T02:35:12.825] [INFO] default - SEXN Gia Qui
[2022-08-25T02:35:12.825] [INFO] default - SEXN Gia Quí
[2022-08-25T02:35:12.825] [INFO] default - SEXN Gia Quốc
[2022-08-25T02:35:12.825] [INFO] default - SEXN Gia Quý
[2022-08-25T02:35:12.825] [INFO] default - SEXN Gia Qúy
[2022-08-25T02:35:12.825] [INFO] default - SEXN Gia Quyền
[2022-08-25T02:35:12.825] [INFO] default - SEXN Giá Rai
[2022-08-25T02:35:12.825] [INFO] default - SEXN Gia Sang
[2022-08-25T02:35:12.825] [INFO] default - SEXN Gia Sáp
[2022-08-25T02:35:12.825] [INFO] default - SEXN Gia Sấp
[2022-08-25T02:35:12.825] [INFO] default - SEXN Gia Sơn
[2022-08-25T02:35:12.826] [INFO] default - SEXN Gia Tài
[2022-08-25T02:35:12.826] [INFO] default - SEXN Gia Tâm
[2022-08-25T02:35:12.826] [INFO] default - SEXN Gia Tân
[2022-08-25T02:35:12.826] [INFO] default - SEXN Gia Thái
[2022-08-25T02:35:12.826] [INFO] default - SEXN Gia Thắng
[2022-08-25T02:35:12.826] [INFO] default - SEXN Gia Thanh
[2022-08-25T02:35:12.830] [INFO] default - SEXN Gia Thảo
[2022-08-25T02:35:12.831] [INFO] default - SEXN Gia Thập
[2022-08-25T02:35:12.831] [INFO] default - SEXN Gia Thi
[2022-08-25T02:35:12.831] [INFO] default - SEXN Gia Thiều
[2022-08-25T02:35:12.831] [INFO] default - SEXN Giá Thịnh
[2022-08-25T02:35:12.831] [INFO] default - SEXN Gia Thông
[2022-08-25T02:35:12.831] [INFO] default - SEXN Gia Thư
[2022-08-25T02:35:12.831] [INFO] default - SEXN Gia Thuấn
[2022-08-25T02:35:12.831] [INFO] default - SEXN Gia Thuần
[2022-08-25T02:35:12.832] [INFO] default - SEXN Gia Thuận
[2022-08-25T02:35:12.832] [INFO] default - SEXN Gia Thuật
[2022-08-25T02:35:12.832] [INFO] default - SEXN Gia Thức
[2022-08-25T02:35:12.832] [INFO] default - SEXN Gia Thương
[2022-08-25T02:35:12.832] [INFO] default - SEXN Gia Thường
[2022-08-25T02:35:12.832] [INFO] default - SEXN Gia Thuỷ
[2022-08-25T02:35:12.832] [INFO] default - SEXN Gia Thùy
[2022-08-25T02:35:12.832] [INFO] default - SEXN Gia Thụy
[2022-08-25T02:35:12.832] [INFO] default - SEXN Gia Thùy
[2022-08-25T02:35:12.832] [INFO] default - SEXN Gia Thuyên
[2022-08-25T02:35:12.832] [INFO] default - SEXN Gia Tiên
[2022-08-25T02:35:12.832] [INFO] default - SEXN Gia Tiến
[2022-08-25T02:35:12.832] [INFO] default - SEXN Gia Tiến
[2022-08-25T02:35:12.832] [INFO] default - SEXN Gia Tín
[2022-08-25T02:35:12.833] [INFO] default - SEXN Gia Tĩnh
[2022-08-25T02:35:12.833] [INFO] default - SEXN Gia Tỉnh
[2022-08-25T02:35:12.833] [INFO] default - SEXN Gia Tịnh
[2022-08-25T02:35:12.833] [INFO] default - SEXN Gia Toại
[2022-08-25T02:35:12.833] [INFO] default - SEXN Gia Toản
[2022-08-25T02:35:12.833] [INFO] default - SEXN Gia Tôn
[2022-08-25T02:35:12.833] [INFO] default - SEXN Gia Trác
[2022-08-25T02:35:12.833] [INFO] default - SEXN Gia Trân
[2022-08-25T02:35:12.833] [INFO] default - SEXN Gia Trang
[2022-08-25T02:35:12.833] [INFO] default - SEXN Gia Trí
[2022-08-25T02:35:12.833] [INFO] default - SEXN Gia Triết
[2022-08-25T02:35:12.833] [INFO] default - SEXN Gia Triệu
[2022-08-25T02:35:12.833] [INFO] default - SEXN Gia Trịnh
[2022-08-25T02:35:12.834] [INFO] default - SEXN Gia Trung
[2022-08-25T02:35:12.834] [INFO] default - SEXN Giá Trung
[2022-08-25T02:35:12.834] [INFO] default - SEXN Gia Trường
[2022-08-25T02:35:12.834] [INFO] default - SEXN Gia Trường
[2022-08-25T02:35:12.840] [INFO] default - SEXN Gia Trưởng
[2022-08-25T02:35:12.846] [INFO] default - SEXN Gia Trưởng
[2022-08-25T02:35:12.846] [INFO] default - SEXN Gia Tụ
[2022-08-25T02:35:12.846] [INFO] default - SEXN Gia Tứ
[2022-08-25T02:35:12.846] [INFO] default - SEXN Gia Tuề
[2022-08-25T02:35:12.846] [INFO] default - SEXN Gia Tuệ Joyce
[2022-08-25T02:35:12.846] [INFO] default - SEXN Gia Tùng
[2022-08-25T02:35:12.848] [INFO] default - SEXN Gia Tuyền
[2022-08-25T02:35:12.848] [INFO] default - SEXF Gia Như
[2022-08-25T02:35:12.848] [INFO] default - SEXF Gia Quyên
[2022-08-25T02:35:12.848] [INFO] default - SEXF Gia Quỳnh
[2022-08-25T02:35:12.848] [INFO] default - SEXT Gia Phát
[2022-08-25T02:35:12.849] [INFO] default - SEXT Gia Phi
[2022-08-25T02:35:12.849] [INFO] default - SEXT Gia Phong
[2022-08-25T02:35:12.849] [INFO] default - SEXT Gia Phú
[2022-08-25T02:35:12.849] [INFO] default - SEXT Gia Phúc
[2022-08-25T02:35:12.849] [INFO] default - SEXT Gia Phước
[2022-08-25T02:35:12.849] [INFO] default - SEXT Gia Quy
[2022-08-25T02:35:12.849] [INFO] default - SEXT Gia Thạch
[2022-08-25T02:35:12.850] [INFO] default - SEXT Gia Thành
[2022-08-25T02:35:12.850] [INFO] default - SEXT Gia Thiên
[2022-08-25T02:35:12.867] [INFO] default - SEXT Gia Thiện
[2022-08-25T02:35:12.867] [INFO] default - SEXT Gia Thịnh
[2022-08-25T02:35:12.867] [INFO] default - SEXT Gia Thọ
[2022-08-25T02:35:12.867] [INFO] default - SEXT Gia Trần
[2022-08-25T02:35:12.867] [INFO] default - SEXT Gia Tú
[2022-08-25T02:35:12.867] [INFO] default - SEXT Gia Tuấn
[2022-08-25T02:35:12.867] [INFO] default - SEXT Gia Tuệ
[2022-08-25T02:35:12.867] [INFO] default - SEXT Gia Tường
[2022-08-25T02:35:15.522] [INFO] default - SEXN Gia Tỵ
[2022-08-25T02:35:15.522] [INFO] default - SEXN Gia Uỷ
[2022-08-25T02:35:15.522] [INFO] default - SEXN Giá Uyên
[2022-08-25T02:35:15.522] [INFO] default - SEXN Gia Uyển Mị
[2022-08-25T02:35:15.522] [INFO] default - SEXN Gia Văn
[2022-08-25T02:35:15.522] [INFO] default - SEXN Gia Vàng
[2022-08-25T02:35:15.522] [INFO] default - SEXN Gia Vâng
[2022-08-25T02:35:15.522] [INFO] default - SEXN Gia Vệ
[2022-08-25T02:35:15.522] [INFO] default - SEXN Gia Vi
[2022-08-25T02:35:15.522] [INFO] default - SEXN Gia Vĩ
[2022-08-25T02:35:15.522] [INFO] default - SEXN Gia Viên
[2022-08-25T02:35:15.523] [INFO] default - SEXN Gia Viễn
[2022-08-25T02:35:15.523] [INFO] default - SEXN Gia Vĩnh
[2022-08-25T02:35:15.523] [INFO] default - SEXN Gia Vương
[2022-08-25T02:35:15.523] [INFO] default - SEXN Gia Vy
[2022-08-25T02:35:15.523] [INFO] default - SEXN Giá Vỹ
[2022-08-25T02:35:15.523] [INFO] default - SEXN Gia Xích
[2022-08-25T02:35:15.523] [INFO] default - SEXN Gia Ý
[2022-08-25T02:35:15.523] [INFO] default - SEXN Gia Yên
[2022-08-25T02:35:15.523] [INFO] default - SEXN Gia Yến Khang
[2022-08-25T02:35:15.523] [INFO] default - SEXN Giác Doanh
[2022-08-25T02:35:15.523] [INFO] default - SEXN Giác Hoàng
[2022-08-25T02:35:15.523] [INFO] default - SEXN Giác Linh
[2022-08-25T02:35:15.528] [INFO] default - SEXN Giác Minh
[2022-08-25T02:35:15.528] [INFO] default - SEXN Giác Vi
[2022-08-25T02:35:15.529] [INFO] default - SEXN Giác Vương
[2022-08-25T02:35:15.529] [INFO] default - SEXN Giai Hàn
[2022-08-25T02:35:15.529] [INFO] default - SEXN Giai Hào
[2022-08-25T02:35:15.529] [INFO] default - SEXN Giai Hi
[2022-08-25T02:35:15.529] [INFO] default - SEXN Giai Kì
[2022-08-25T02:35:15.529] [INFO] default - SEXN Giai Kỳ
[2022-08-25T02:35:15.529] [INFO] default - SEXN Giải Nguyên
[2022-08-25T02:35:15.529] [INFO] default - SEXN Giai Nhược
[2022-08-25T02:35:15.529] [INFO] default - SEXN Giải Phóng
[2022-08-25T02:35:15.529] [INFO] default - SEXN Giai Thụy
[2022-08-25T02:35:15.529] [INFO] default - SEXN Giải Thụy
[2022-08-25T02:35:15.529] [INFO] default - SEXN Giai Tịnh
[2022-08-25T02:35:15.529] [INFO] default - SEXN Giai Trân
[2022-08-25T02:35:15.529] [INFO] default - SEXN Giai Tuyết
[2022-08-25T02:35:15.529] [INFO] default - SEXN Giai Vy
[2022-08-25T02:35:15.529] [INFO] default - SEXN Giai Xuân
[2022-08-25T02:35:15.529] [INFO] default - SEXN Gian Hân
[2022-08-25T02:35:15.529] [INFO] default - SEXN Giản Hi
[2022-08-25T02:35:15.529] [INFO] default - SEXN Giản Hy
[2022-08-25T02:35:15.530] [INFO] default - SEXN Giang
[2022-08-25T02:35:15.530] [INFO] default - SEXN Giáng
[2022-08-25T02:35:15.530] [INFO] default - SEXN Giang Phong
[2022-08-25T02:35:15.530] [INFO] default - SEXN Giàng A Chu
[2022-08-25T02:35:15.530] [INFO] default - SEXN Giang Ân
[2022-08-25T02:35:15.530] [INFO] default - SEXN Giang An
[2022-08-25T02:35:15.530] [INFO] default - SEXN Giang Anh
[2022-08-25T02:35:15.530] [INFO] default - SEXN Giang Bình
[2022-08-25T02:35:15.530] [INFO] default - SEXN Giang Châu
[2022-08-25T02:35:15.530] [INFO] default - SEXN Giáng Châu
[2022-08-25T02:35:15.530] [INFO] default - SEXN Giàng Chu Phìn
[2022-08-25T02:35:15.530] [INFO] default - SEXN Giang Công
[2022-08-25T02:35:15.530] [INFO] default - SEXN Giang Cường
[2022-08-25T02:35:15.530] [INFO] default - SEXN Giang Danh
[2022-08-25T02:35:15.530] [INFO] default - SEXN Giang Đạt
[2022-08-25T02:35:15.530] [INFO] default - SEXN Giang Đông
[2022-08-25T02:35:15.530] [INFO] default - SEXN Giáng Đông
[2022-08-25T02:35:15.530] [INFO] default - SEXN Giang Đường
[2022-08-25T02:35:15.530] [INFO] default - SEXN Giang Hà
[2022-08-25T02:35:15.530] [INFO] default - SEXN Giang Hải
[2022-08-25T02:35:15.531] [INFO] default - SEXN Giang Hiển
[2022-08-25T02:35:15.531] [INFO] default - SEXN Giang Hương
[2022-08-25T02:35:15.531] [INFO] default - SEXN Giáng Hương
[2022-08-25T02:35:15.531] [INFO] default - SEXN Giang Khải
[2022-08-25T02:35:15.531] [INFO] default - SEXN Giang Khang
[2022-08-25T02:35:15.531] [INFO] default - SEXN Giang Khuynh
[2022-08-25T02:35:15.531] [INFO] default - SEXN Giang Kiều
[2022-08-25T02:35:15.531] [INFO] default - SEXN Giáng Kiều
[2022-08-25T02:35:15.531] [INFO] default - SEXN Giang Lâm
[2022-08-25T02:35:15.531] [INFO] default - SEXN Giang Liên
[2022-08-25T02:35:15.531] [INFO] default - SEXN Giang Linh
[2022-08-25T02:35:15.531] [INFO] default - SEXN Giáng Linh
[2022-08-25T02:35:15.531] [INFO] default - SEXN Giang Ly
[2022-08-25T02:35:15.548] [INFO] default - SEXN Giang Manh
[2022-08-25T02:35:15.548] [INFO] default - SEXN Giang Mỹ
[2022-08-25T02:35:15.549] [INFO] default - SEXN Giang Ngân
[2022-08-25T02:35:15.549] [INFO] default - SEXN Giáng Ngân
[2022-08-25T02:35:15.549] [INFO] default - SEXN Giang Nhân
[2022-08-25T02:35:15.549] [INFO] default - SEXN Giang Nhật
[2022-08-25T02:35:15.549] [INFO] default - SEXN Giang Nhi
[2022-08-25T02:35:15.549] [INFO] default - SEXN Giang Nhiên
[2022-08-25T02:35:15.549] [INFO] default - SEXN Giàng Páo Mỷ
[2022-08-25T02:35:15.549] [INFO] default - SEXN Giang Phi
[2022-08-25T02:35:15.549] [INFO] default - SEXN Giang Phú
[2022-08-25T02:35:15.549] [INFO] default - SEXN Giang Phượng
[2022-08-25T02:35:15.549] [INFO] default - SEXN Giáng Quỳnh
[2022-08-25T02:35:15.556] [INFO] default - SEXN Giang Sang
[2022-08-25T02:35:15.557] [INFO] default - SEXN Giàng Seo Phử
[2022-08-25T02:35:15.557] [INFO] default - SEXF Giáng My
[2022-08-25T02:35:15.557] [INFO] default - SEXF Giáng Ngọc
[2022-08-25T02:35:15.557] [INFO] default - SEXT Gia Uy
[2022-08-25T02:35:15.557] [INFO] default - SEXT Gia Vinh
[2022-08-25T02:35:15.557] [INFO] default - SEXT Gia Vũ
[2022-08-25T02:35:15.557] [INFO] default - SEXT Gia Vượng
[2022-08-25T02:35:15.557] [INFO] default - SEXT Gia Vỹ
[2022-08-25T02:35:15.557] [INFO] default - SEXT Giang Nam
[2022-08-25T02:35:18.172] [INFO] default - SEXN Giang Thắng
[2022-08-25T02:35:18.172] [INFO] default - SEXN Giang Thành
[2022-08-25T02:35:18.172] [INFO] default - SEXN Giang Thảo
[2022-08-25T02:35:18.172] [INFO] default - SEXN Giàng Thị Bình
[2022-08-25T02:35:18.172] [INFO] default - SEXN Giang Thịnh
[2022-08-25T02:35:18.172] [INFO] default - SEXN Giáng Thu
[2022-08-25T02:35:18.172] [INFO] default - SEXN Giang Trúc
[2022-08-25T02:35:18.172] [INFO] default - SEXN Giang Túc
[2022-08-25T02:35:18.172] [INFO] default - SEXN Giang Tùng
[2022-08-25T02:35:18.172] [INFO] default - SEXN Giang Vinh
[2022-08-25T02:35:18.172] [INFO] default - SEXN Giàng Vu Thè
[2022-08-25T02:35:18.172] [INFO] default - SEXN Giang Vy
[2022-08-25T02:35:18.172] [INFO] default - SEXN Giao An
[2022-08-25T02:35:18.172] [INFO] default - SEXN Giao Châu
[2022-08-25T02:35:18.172] [INFO] default - SEXN Giao Chi
[2022-08-25T02:35:18.172] [INFO] default - SEXN Giao Chỉ
[2022-08-25T02:35:18.172] [INFO] default - SEXN Giáo Hiệu
[2022-08-25T02:35:18.173] [INFO] default - SEXN Giao Hưởng
[2022-08-25T02:35:18.173] [INFO] default - SEXN Giao Hữu
[2022-08-25T02:35:18.173] [INFO] default - SEXN Giao Khuê
[2022-08-25T02:35:18.173] [INFO] default - SEXN Giáo Liêm
[2022-08-25T02:35:18.173] [INFO] default - SEXN Giao Long
[2022-08-25T02:35:18.173] [INFO] default - SEXN Giao Quỳnh
[2022-08-25T02:35:18.173] [INFO] default - SEXN Giao Thiện
[2022-08-25T02:35:18.173] [INFO] default - SEXN Giao Thông
[2022-08-25T02:35:18.173] [INFO] default - SEXN Giao Thủy
[2022-08-25T02:35:18.173] [INFO] default - SEXN Giao Tiên
[2022-08-25T02:35:18.173] [INFO] default - SEXN Giao Tuệ
[2022-08-25T02:35:18.173] [INFO] default - SEXN Giáp Bảo
[2022-08-25T02:35:18.173] [INFO] default - SEXN Giáp Đắt
[2022-08-25T02:35:18.173] [INFO] default - SEXN Giáp Đoan
[2022-08-25T02:35:18.173] [INFO] default - SEXN Giáp Hưng
[2022-08-25T02:35:18.173] [INFO] default - SEXN Giáp Lai
[2022-08-25T02:35:18.173] [INFO] default - SEXN Giáp Long
[2022-08-25T02:35:18.173] [INFO] default - SEXN Giáp Nguyên
[2022-08-25T02:35:18.174] [INFO] default - SEXN Giáp Nhật
[2022-08-25T02:35:18.174] [INFO] default - SEXN Giáp Phi
[2022-08-25T02:35:18.174] [INFO] default - SEXN Giáp Sơn
[2022-08-25T02:35:18.174] [INFO] default - SEXN Giáp Thành
[2022-08-25T02:35:18.174] [INFO] default - SEXN Giáp Thiên
[2022-08-25T02:35:18.174] [INFO] default - SEXN Giáp Tiến
[2022-08-25T02:35:18.174] [INFO] default - SEXN Giáp Trung
[2022-08-25T02:35:18.174] [INFO] default - SEXN Giáp Vy
[2022-08-25T02:35:18.174] [INFO] default - SEXN Giatriết
[2022-08-25T02:35:18.174] [INFO] default - SEXN Giatùng
[2022-08-25T02:35:18.174] [INFO] default - SEXN Giàu
[2022-08-25T02:35:18.174] [INFO] default - SEXN Giàu Có Nguyên
[2022-08-25T02:35:18.174] [INFO] default - SEXN Giàu Nguyên
[2022-08-25T02:35:18.174] [INFO] default - SEXN Gió
[2022-08-25T02:35:18.174] [INFO] default - SEXN Gio Hải
[2022-08-25T02:35:18.174] [INFO] default - SEXN Gio Linh
[2022-08-25T02:35:18.174] [INFO] default - SEXN Gioan Hảo
[2022-08-25T02:35:18.174] [INFO] default - SEXN Giỏi
[2022-08-25T02:35:18.174] [INFO] default - SEXN Giới
[2022-08-25T02:35:18.174] [INFO] default - SEXN Giồng Riềng
[2022-08-25T02:35:18.174] [INFO] default - SEXN Giồng Trôm
[2022-08-25T02:35:18.175] [INFO] default - SEXN Giữ Mình
[2022-08-25T02:35:18.175] [INFO] default - SEXN Giục Tượng
[2022-08-25T02:35:18.175] [INFO] default - SEXN Glar
[2022-08-25T02:35:18.175] [INFO] default - SEXN Gò Công
[2022-08-25T02:35:18.175] [INFO] default - SEXN Gò Công Đông
[2022-08-25T02:35:18.175] [INFO] default - SEXN Gò Công Tây
[2022-08-25T02:35:18.175] [INFO] default - SEXN Gò Dầu
[2022-08-25T02:35:18.175] [INFO] default - SEXN Gò Quao
[2022-08-25T02:35:18.175] [INFO] default - SEXN Gò Vấp
[2022-08-25T02:35:18.175] [INFO] default - SEXN Gung Ré
[2022-08-25T02:35:18.175] [INFO] default - SEXN Hà Gia
[2022-08-25T02:35:18.175] [INFO] default - SEXN Hạ Giang
[2022-08-25T02:35:18.175] [INFO] default - SEXN Hạ Giáp
[2022-08-25T02:35:18.175] [INFO] default - SEXN Hải Giang
[2022-08-25T02:35:18.175] [INFO] default - SEXN Hải Giao
[2022-08-25T02:35:18.175] [INFO] default - SEXN Hàm Giang
[2022-08-25T02:35:18.175] [INFO] default - SEXN Hàn Giang
[2022-08-25T02:35:18.175] [INFO] default - SEXN Hân Grace
[2022-08-25T02:35:18.176] [INFO] default - SEXN Hạnh Giao
[2022-08-25T02:35:18.176] [INFO] default - SEXN Hào Gia
[2022-08-25T02:35:18.176] [INFO] default - SEXN Hậu Giang
[2022-08-25T02:35:18.176] [INFO] default - SEXN Henry Gates III
[2022-08-25T02:35:18.176] [INFO] default - SEXN Hiền Giang
[2022-08-25T02:35:18.176] [INFO] default - SEXN Hiếu Giang
[2022-08-25T02:35:18.176] [INFO] default - SEXN Hồ Giác Tánh
[2022-08-25T02:35:18.176] [INFO] default - SEXN Hoài Giao
[2022-08-25T02:35:18.176] [INFO] default - SEXN Hoài Giao
[2022-08-25T02:35:18.176] [INFO] default - SEXN Hoàng Giang
[2022-08-25T02:35:18.176] [INFO] default - SEXF Giang Thanh
[2022-08-25T02:35:18.176] [INFO] default - SEXF Giáng Tiên
[2022-08-25T02:35:18.176] [INFO] default - SEXF Giáng Uyên
[2022-08-25T02:35:18.176] [INFO] default - SEXF Giao
[2022-08-25T02:35:18.176] [INFO] default - SEXF Giao Linh
[2022-08-25T02:35:18.176] [INFO] default - SEXF Giáp Trân
[2022-08-25T02:35:18.176] [INFO] default - SEXF Hà Giang
[2022-08-25T02:35:18.176] [INFO] default - SEXF Hải Giang
[2022-08-25T02:35:18.176] [INFO] default - SEXF Hoài Giang
[2022-08-25T02:35:18.176] [INFO] default - SEXT Giang Sơn
[2022-08-25T02:35:18.177] [INFO] default - SEXT Giang Thiên
[2022-08-25T02:35:18.177] [INFO] default - SEXT Giáp
[2022-08-25T02:35:18.177] [INFO] default - SEXT Giáp Ngọ
[2022-08-25T02:35:18.177] [INFO] default - SEXT Hòa Giang
[2022-08-25T02:35:18.177] [INFO] default - SEXT Hoàng Gia
[2022-08-25T02:35:18.177] [INFO] default - SEXT Hoàng Gia Nguyên
[2022-08-25T02:35:20.863] [INFO] default - SEXN Hoàng Giác
[2022-08-25T02:35:20.863] [INFO] default - SEXN Hoàng Giai Tuệ
[2022-08-25T02:35:20.863] [INFO] default - SEXN Hoàng Giáng Thiên
[2022-08-25T02:35:20.863] [INFO] default - SEXN Hoàng Giáp
[2022-08-25T02:35:20.863] [INFO] default - SEXN Hồi Gia
[2022-08-25T02:35:20.863] [INFO] default - SEXN Hồng Gia
[2022-08-25T02:35:20.863] [INFO] default - SEXN Hồng Gia Long
[2022-08-25T02:35:20.863] [INFO] default - SEXN Hồng Giao
[2022-08-25T02:35:20.864] [INFO] default - SEXN Hồng Giáp
[2022-08-25T02:35:20.864] [INFO] default - SEXN Hồtrấn Gia
[2022-08-25T02:35:20.864] [INFO] default - SEXN Huệ Giang
[2022-08-25T02:35:20.864] [INFO] default - SEXN Huệ Giao
[2022-08-25T02:35:20.864] [INFO] default - SEXN Hưng Gia Quyền
[2022-08-25T02:35:20.864] [INFO] default - SEXN Hưng Gia Thọ
[2022-08-25T02:35:20.864] [INFO] default - SEXN Hưng Gia Trần
[2022-08-25T02:35:20.864] [INFO] default - SEXN Hưng Giang
[2022-08-25T02:35:20.864] [INFO] default - SEXN Hùng Giáp
[2022-08-25T02:35:20.864] [INFO] default - SEXN Hương Giamg
[2022-08-25T02:35:20.864] [INFO] default - SEXN Hương Giáp
[2022-08-25T02:35:20.864] [INFO] default - SEXN Hữu Gia
[2022-08-25T02:35:20.864] [INFO] default - SEXN Hữu Giang
[2022-08-25T02:35:20.864] [INFO] default - SEXN Hữu Giáp
[2022-08-25T02:35:20.864] [INFO] default - SEXN Huy Gai Bảo
[2022-08-25T02:35:20.864] [INFO] default - SEXN Huy Gian Ân
[2022-08-25T02:35:20.864] [INFO] default - SEXN Huy Giap
[2022-08-25T02:35:20.864] [INFO] default - SEXN Huy Giáp
[2022-08-25T02:35:20.864] [INFO] default - SEXN Huyền Giang
[2022-08-25T02:35:20.865] [INFO] default - SEXN Huỳnh Gia
[2022-08-25T02:35:20.865] [INFO] default - SEXN Huỳnh Giang
[2022-08-25T02:35:20.865] [INFO] default - SEXN Ia Ga
[2022-08-25T02:35:20.865] [INFO] default - SEXN Ia Grai
[2022-08-25T02:35:20.865] [INFO] default - SEXN Ia Grăng
[2022-08-25T02:35:20.865] [INFO] default - SEXN Kênh Giang
[2022-08-25T02:35:20.865] [INFO] default - SEXN Khắc Ghi
[2022-08-25T02:35:20.865] [INFO] default - SEXN Khắc Giang
[2022-08-25T02:35:20.865] [INFO] default - SEXN Khắc Giáp
[2022-08-25T02:35:20.865] [INFO] default - SEXN Khắc Long Giang
[2022-08-25T02:35:20.865] [INFO] default - SEXN Khai Giáp
[2022-08-25T02:35:20.865] [INFO] default - SEXN Khánh Đồng Giao
[2022-08-25T02:35:20.865] [INFO] default - SEXN Khánh Gia
[2022-08-25T02:35:20.865] [INFO] default - SEXN Khoa Giáo
[2022-08-25T02:35:20.865] [INFO] default - SEXN Khôi Giáp
[2022-08-25T02:35:20.865] [INFO] default - SEXN Khương Gia
[2022-08-25T02:35:20.865] [INFO] default - SEXN Kiến Gia
[2022-08-25T02:35:20.865] [INFO] default - SEXN Kiên Giang
[2022-08-25T02:35:20.866] [INFO] default - SEXN Kiến Giang
[2022-08-25T02:35:20.866] [INFO] default - SEXN Kiều Giao
[2022-08-25T02:35:20.866] [INFO] default - SEXN Kim Giang
[2022-08-25T02:35:20.866] [INFO] default - SEXN Kim Giao
[2022-08-25T02:35:20.866] [INFO] default - SEXN Kim Giáp
[2022-08-25T02:35:20.866] [INFO] default - SEXN Kim Giàu
[2022-08-25T02:35:20.866] [INFO] default - SEXN Kim Gium
[2022-08-25T02:35:20.866] [INFO] default - SEXN Kon Gang
[2022-08-25T02:35:20.866] [INFO] default - SEXN Ký Giả
[2022-08-25T02:35:20.866] [INFO] default - SEXN La Gi
[2022-08-25T02:35:20.866] [INFO] default - SEXN La Giang
[2022-08-25T02:35:20.866] [INFO] default - SEXN Lạc Gia
[2022-08-25T02:35:20.866] [INFO] default - SEXN Lâm Giác
[2022-08-25T02:35:20.866] [INFO] default - SEXN Lâm Giác Hưng
[2022-08-25T02:35:20.866] [INFO] default - SEXN Lâm Giai Nhi
[2022-08-25T02:35:20.866] [INFO] default - SEXN Lâm Giang
[2022-08-25T02:35:20.866] [INFO] default - SEXN Lâm Giao
[2022-08-25T02:35:20.866] [INFO] default - SEXN Lan Giao
[2022-08-25T02:35:20.866] [INFO] default - SEXN Làng Giàng
[2022-08-25T02:35:20.867] [INFO] default - SEXN Lạng Giang
[2022-08-25T02:35:20.867] [INFO] default - SEXN Lê Gia Di
[2022-08-25T02:35:20.867] [INFO] default - SEXN Lê Gia Đi
[2022-08-25T02:35:20.867] [INFO] default - SEXN Lê Giao
[2022-08-25T02:35:20.867] [INFO] default - SEXN Lê Giáp
[2022-08-25T02:35:20.867] [INFO] default - SEXN Lê Trấn Gia
[2022-08-25T02:35:20.867] [INFO] default - SEXN Liễu Giang
[2022-08-25T02:35:20.867] [INFO] default - SEXN Linh Giang
[2022-08-25T02:35:20.867] [INFO] default - SEXN Long Giao
[2022-08-25T02:35:20.867] [INFO] default - SEXN Luân Giói
[2022-08-25T02:35:20.867] [INFO] default - SEXN Lương Gia
[2022-08-25T02:35:20.867] [INFO] default - SEXN Lưu Giang
[2022-08-25T02:35:20.867] [INFO] default - SEXN Lý Giang
[2022-08-25T02:35:20.867] [INFO] default - SEXN Ma Đa Guôi
[2022-08-25T02:35:20.867] [INFO] default - SEXN Mai Gia Thịnh
[2022-08-25T02:35:20.868] [INFO] default - SEXN Mai Giang
[2022-08-25T02:35:20.868] [INFO] default - SEXN Mạnh Giang
[2022-08-25T02:35:20.868] [INFO] default - SEXN Mạnh Giáp
[2022-08-25T02:35:20.868] [INFO] default - SEXN Mê Ga
[2022-08-25T02:35:20.868] [INFO] default - SEXN Mien Giao
[2022-08-25T02:35:20.868] [INFO] default - SEXN Minh Gạo
[2022-08-25T02:35:20.868] [INFO] default - SEXF Hồng Gấm
[2022-08-25T02:35:20.868] [INFO] default - SEXF Hồng Giang
[2022-08-25T02:35:20.868] [INFO] default - SEXF Hương Giang
[2022-08-25T02:35:20.868] [INFO] default - SEXF Khánh Giang
[2022-08-25T02:35:20.868] [INFO] default - SEXF Khánh Giao
[2022-08-25T02:35:20.868] [INFO] default - SEXF Kiều Giang
[2022-08-25T02:35:20.868] [INFO] default - SEXF Kiều Hương Giang
[2022-08-25T02:35:20.868] [INFO] default - SEXF Kiều Vân Giang
[2022-08-25T02:35:20.868] [INFO] default - SEXF Kim Gia Hân
[2022-08-25T02:35:20.869] [INFO] default - SEXF Lam Giang
[2022-08-25T02:35:20.869] [INFO] default - SEXF Lệ Giang
[2022-08-25T02:35:20.869] [INFO] default - SEXF Linh Giang
[2022-08-25T02:35:20.869] [INFO] default - SEXT Hoàng Giang
[2022-08-25T02:35:20.869] [INFO] default - SEXT Kinh Giới
[2022-08-25T02:35:20.869] [INFO] default - SEXT Long Giang
[2022-08-25T02:35:23.135] [INFO] default - SEXN Minh Gia
[2022-08-25T02:35:23.135] [INFO] default - SEXN Minh Giác
[2022-08-25T02:35:23.136] [INFO] default - SEXN Minh Giám
[2022-08-25T02:35:23.136] [INFO] default - SEXN Minh Giáng
[2022-08-25T02:35:23.136] [INFO] default - SEXN Minh Giảng
[2022-08-25T02:35:23.136] [INFO] default - SEXN Minh Giao
[2022-08-25T02:35:23.136] [INFO] default - SEXN Minh Giàu
[2022-08-25T02:35:23.136] [INFO] default - SEXN Minh Giới
[2022-08-25T02:35:23.136] [INFO] default - SEXN Mường Giôn
[2022-08-25T02:35:23.136] [INFO] default - SEXN Mường Giàng
[2022-08-25T02:35:23.136] [INFO] default - SEXN Mỹ Gia
[2022-08-25T02:35:23.136] [INFO] default - SEXN Mỹ Giang
[2022-08-25T02:35:23.136] [INFO] default - SEXN Mỹ Giao
[2022-08-25T02:35:23.136] [INFO] default - SEXN Nam Gia
[2022-08-25T02:35:23.136] [INFO] default - SEXN Nậm Giải
[2022-08-25T02:35:23.136] [INFO] default - SEXN Nam Giang
[2022-08-25T02:35:23.136] [INFO] default - SEXN Ngô Gia
[2022-08-25T02:35:23.136] [INFO] default - SEXN Ngọc Gấm
[2022-08-25T02:35:23.136] [INFO] default - SEXN Ngọc Gia Hân
[2022-08-25T02:35:23.136] [INFO] default - SEXN Ngọc Gia Các
[2022-08-25T02:35:23.136] [INFO] default - SEXN Ngọc Giả My
[2022-08-25T02:35:23.137] [INFO] default - SEXN Ngọc Gia Ngôn
[2022-08-25T02:35:23.137] [INFO] default - SEXN Ngọc Gia Phuc
[2022-08-25T02:35:23.137] [INFO] default - SEXN Ngọc Gia Toàn
[2022-08-25T02:35:23.137] [INFO] default - SEXN Ngọc Gia Yên
[2022-08-25T02:35:23.137] [INFO] default - SEXN Ngọc Gian Tế
[2022-08-25T02:35:23.137] [INFO] default - SEXN Ngọc Giang
[2022-08-25T02:35:23.137] [INFO] default - SEXN Ngọc Giáp
[2022-08-25T02:35:23.137] [INFO] default - SEXN Ngọc Phú Giang
[2022-08-25T02:35:23.137] [INFO] default - SEXN Nguyên Giác
[2022-08-25T02:35:23.137] [INFO] default - SEXN Nguyên Giang
[2022-08-25T02:35:23.137] [INFO] default - SEXN Nguyên Giao
[2022-08-25T02:35:23.137] [INFO] default - SEXN Nguyễn Làm Giang
[2022-08-25T02:35:23.137] [INFO] default - SEXN Nguyệt Giao
[2022-08-25T02:35:23.137] [INFO] default - SEXN Nhã Giang
[2022-08-25T02:35:23.137] [INFO] default - SEXN Nhân Giáp
[2022-08-25T02:35:23.137] [INFO] default - SEXN Nhất Gia
[2022-08-25T02:35:23.137] [INFO] default - SEXN Nhật Giang
[2022-08-25T02:35:23.137] [INFO] default - SEXN Nhật Giao
[2022-08-25T02:35:23.137] [INFO] default - SEXN Nhiên Giáp
[2022-08-25T02:35:23.138] [INFO] default - SEXN Nho Thế Giác
[2022-08-25T02:35:23.138] [INFO] default - SEXN Như Giang
[2022-08-25T02:35:23.138] [INFO] default - SEXN Như Giáp
[2022-08-25T02:35:23.138] [INFO] default - SEXN Nhuệ Giang
[2022-08-25T02:35:23.138] [INFO] default - SEXN Ninh Gia
[2022-08-25T02:35:23.138] [INFO] default - SEXN Ninh Giang
[2022-08-25T02:35:23.138] [INFO] default - SEXN Phạm Gia
[2022-08-25T02:35:23.138] [INFO] default - SEXN Phi Giang
[2022-08-25T02:35:23.138] [INFO] default - SEXN Phình Gìang
[2022-08-25T02:35:23.138] [INFO] default - SEXN Phú Gianh
[2022-08-25T02:35:23.138] [INFO] default - SEXN Phú Giáo
[2022-08-25T02:35:23.138] [INFO] default - SEXN Phú Giàu
[2022-08-25T02:35:23.138] [INFO] default - SEXN Phú Giỏi
[2022-08-25T02:35:23.138] [INFO] default - SEXN Phúc Giang
[2022-08-25T02:35:23.138] [INFO] default - SEXN Phúc Thuận Giang
[2022-08-25T02:35:23.138] [INFO] default - SEXN Phùng Gia
[2022-08-25T02:35:23.138] [INFO] default - SEXN Phùng Gia Cường
[2022-08-25T02:35:23.138] [INFO] default - SEXN Phùng Giáo
[2022-08-25T02:35:23.138] [INFO] default - SEXN Phước Gia
[2022-08-25T02:35:23.138] [INFO] default - SEXN Phước Giang
[2022-08-25T02:35:23.138] [INFO] default - SEXN Phước Giàu
[2022-08-25T02:35:23.138] [INFO] default - SEXN Phương Giao
[2022-08-25T02:35:23.138] [INFO] default - SEXN Quang Giang
[2022-08-25T02:35:23.138] [INFO] default - SEXN Quang Giáp
[2022-08-25T02:35:23.139] [INFO] default - SEXN Quang Giàu
[2022-08-25T02:35:23.139] [INFO] default - SEXN Quế Giao
[2022-08-25T02:35:23.139] [INFO] default - SEXN Quốc Gia Cường
[2022-08-25T02:35:23.139] [INFO] default - SEXN Quốc Gia Huân
[2022-08-25T02:35:23.139] [INFO] default - SEXN Quốc Giang
[2022-08-25T02:35:23.139] [INFO] default - SEXN Quý Giàu
[2022-08-25T02:35:23.139] [INFO] default - SEXN Quyên Giang
[2022-08-25T02:35:23.139] [INFO] default - SEXN Rạch Giá
[2022-08-25T02:35:23.139] [INFO] default - SEXN Sang Giàu
[2022-08-25T02:35:23.139] [INFO] default - SEXN Sơn Giang
[2022-08-25T02:35:23.139] [INFO] default - SEXN Song Giang
[2022-08-25T02:35:23.139] [INFO] default - SEXN Song Giáp
[2022-08-25T02:35:23.139] [INFO] default - SEXN Suối Giàng
[2022-08-25T02:35:23.139] [INFO] default - SEXN Sỹ Giang
[2022-08-25T02:35:23.139] [INFO] default - SEXN Ta Gia
[2022-08-25T02:35:23.139] [INFO] default - SEXN Tá Gia
[2022-08-25T02:35:23.139] [INFO] default - SEXN Tả Gia Khâu
[2022-08-25T02:35:23.139] [INFO] default - SEXN Tả Giàng Phình
[2022-08-25T02:35:23.139] [INFO] default - SEXN Tài Gia
[2022-08-25T02:35:23.142] [INFO] default - SEXN Tam Gia
[2022-08-25T02:35:23.142] [INFO] default - SEXN Tam Giang
[2022-08-25T02:35:23.142] [INFO] default - SEXN Tâm Giao
[2022-08-25T02:35:23.142] [INFO] default - SEXN Tấn Gia
[2022-08-25T02:35:23.142] [INFO] default - SEXN Tấn Giáp
[2022-08-25T02:35:23.143] [INFO] default - SEXF Ngân Giang
[2022-08-25T02:35:23.143] [INFO] default - SEXF Ngọc Giàu
[2022-08-25T02:35:23.143] [INFO] default - SEXF Ngọc Thảo Giang
[2022-08-25T02:35:23.143] [INFO] default - SEXF Phương Giang
[2022-08-25T02:35:23.143] [INFO] default - SEXF Quỳnh Giang
[2022-08-25T02:35:23.143] [INFO] default - SEXF Quỳnh Giao
[2022-08-25T02:35:23.143] [INFO] default - SEXT Minh Giang
[2022-08-25T02:35:23.143] [INFO] default - SEXT Minh Giáp
[2022-08-25T02:35:23.143] [INFO] default - SEXT Ngọc Giao
[2022-08-25T02:35:23.143] [INFO] default - SEXT Nguyên Giáp
[2022-08-25T02:35:23.143] [INFO] default - SEXT Phú Gia
[2022-08-25T02:35:23.143] [INFO] default - SEXT Quý Giáp
[2022-08-25T02:35:25.968] [INFO] default - SEXN Tây Giang
[2022-08-25T02:35:25.968] [INFO] default - SEXN Thạch Giám
[2022-08-25T02:35:25.968] [INFO] default - SEXN Thạch Giàu
[2022-08-25T02:35:25.969] [INFO] default - SEXN Thái Giang
[2022-08-25T02:35:25.969] [INFO] default - SEXN Thải Giàng Phố
[2022-08-25T02:35:25.969] [INFO] default - SEXN Thân Giáp
[2022-08-25T02:35:25.969] [INFO] default - SEXN Thanh Giang
[2022-08-25T02:35:25.969] [INFO] default - SEXN Thanh Gấm
[2022-08-25T02:35:25.969] [INFO] default - SEXN Thành Giác
[2022-08-25T02:35:25.969] [INFO] default - SEXN Thanh Giảng
[2022-08-25T02:35:25.969] [INFO] default - SEXN Thành Giang
[2022-08-25T02:35:25.969] [INFO] default - SEXN Thanh Giáp
[2022-08-25T02:35:25.969] [INFO] default - SEXN Thành Giáp
[2022-08-25T02:35:25.969] [INFO] default - SEXN Thanh Giàu
[2022-08-25T02:35:25.969] [INFO] default - SEXN Thanh Gương
[2022-08-25T02:35:25.969] [INFO] default - SEXN Thành Quốc Gia
[2022-08-25T02:35:25.969] [INFO] default - SEXN Thế Gia
[2022-08-25T02:35:25.969] [INFO] default - SEXN Thế Giang
[2022-08-25T02:35:25.969] [INFO] default - SEXN Thế Giáp
[2022-08-25T02:35:25.969] [INFO] default - SEXN Thế Giàu
[2022-08-25T02:35:25.969] [INFO] default - SEXN Thế Giữ
[2022-08-25T02:35:25.970] [INFO] default - SEXN Thị Gấm
[2022-08-25T02:35:25.970] [INFO] default - SEXN Thi Gia
[2022-08-25T02:35:25.970] [INFO] default - SEXN Thị Gia Tiến
[2022-08-25T02:35:25.970] [INFO] default - SEXN Thị Giang
[2022-08-25T02:35:25.970] [INFO] default - SEXN Thị Giáp
[2022-08-25T02:35:25.970] [INFO] default - SEXN Thị Huỳnh Giao
[2022-08-25T02:35:25.970] [INFO] default - SEXN Thị Mỹ Ghi
[2022-08-25T02:35:25.970] [INFO] default - SEXN Thị Nam Giao
[2022-08-25T02:35:25.970] [INFO] default - SEXN Thiên Giao
[2022-08-25T02:35:25.970] [INFO] default - SEXN Thiên Giáp
[2022-08-25T02:35:25.970] [INFO] default - SEXN Thiết Giáp
[2022-08-25T02:35:25.970] [INFO] default - SEXN Thịnh Gia
[2022-08-25T02:35:25.970] [INFO] default - SEXN Thọ Giác
[2022-08-25T02:35:25.970] [INFO] default - SEXN Thu Gấm
[2022-08-25T02:35:25.971] [INFO] default - SEXN Thuận Giang
[2022-08-25T02:35:25.971] [INFO] default - SEXN Thượng Giáo
[2022-08-25T02:35:25.971] [INFO] default - SEXN Thượng Giáp
[2022-08-25T02:35:25.971] [INFO] default - SEXN Thuỳ Giang
[2022-08-25T02:35:25.971] [INFO] default - SEXN Thuỷ Giang
[2022-08-25T02:35:25.971] [INFO] default - SEXN Thúy Giang
[2022-08-25T02:35:25.971] [INFO] default - SEXN Thúy Giao
[2022-08-25T02:35:25.971] [INFO] default - SEXN Thùy Giao
[2022-08-25T02:35:25.971] [INFO] default - SEXN Tích Gia
[2022-08-25T02:35:25.971] [INFO] default - SEXN Tiên Gạo
[2022-08-25T02:35:25.971] [INFO] default - SEXN Tiến Giang
[2022-08-25T02:35:25.971] [INFO] default - SEXN Tiền Giang
[2022-08-25T02:35:25.971] [INFO] default - SEXN Tín Gia Hạnh
[2022-08-25T02:35:25.971] [INFO] default - SEXN Tĩnh Gia
[2022-08-25T02:35:25.971] [INFO] default - SEXN Tình Giang
[2022-08-25T02:35:25.971] [INFO] default - SEXN Tịnh Giang
[2022-08-25T02:35:25.972] [INFO] default - SEXN Tịnh Tuệ Gia
[2022-08-25T02:35:25.972] [INFO] default - SEXN Tong Gi
[2022-08-25T02:35:25.972] [INFO] default - SEXN Tống Gia
[2022-08-25T02:35:25.972] [INFO] default - SEXN Tống Gia Tự
[2022-08-25T02:35:25.972] [INFO] default - SEXN Trà Giác
[2022-08-25T02:35:25.972] [INFO] default - SEXN Trà Giáp
[2022-08-25T02:35:25.972] [INFO] default - SEXN Trác Giao
[2022-08-25T02:35:25.972] [INFO] default - SEXN Trấn Gia
[2022-08-25T02:35:25.972] [INFO] default - SEXN Trấn Giả
[2022-08-25T02:35:25.972] [INFO] default - SEXN Trần Giá Hưng
[2022-08-25T02:35:25.972] [INFO] default - SEXN Trần Gia Kỵ
[2022-08-25T02:35:25.972] [INFO] default - SEXN Trầnđình Gia
[2022-08-25T02:35:25.972] [INFO] default - SEXN Trí Giáp
[2022-08-25T02:35:25.972] [INFO] default - SEXN Triệu Gia
[2022-08-25T02:35:25.972] [INFO] default - SEXN Triều Giang
[2022-08-25T02:35:25.972] [INFO] default - SEXN Trĩnh Gạo
[2022-08-25T02:35:25.973] [INFO] default - SEXN Trinh Giang
[2022-08-25T02:35:25.973] [INFO] default - SEXN Trọng Gia Sang
[2022-08-25T02:35:25.973] [INFO] default - SEXN Trọng Giản
[2022-08-25T02:35:25.973] [INFO] default - SEXN Trọng Giang
[2022-08-25T02:35:25.973] [INFO] default - SEXN Trọng Giảng
[2022-08-25T02:35:25.973] [INFO] default - SEXN Trọng Giáp
[2022-08-25T02:35:25.973] [INFO] default - SEXN Trúc Giao
[2022-08-25T02:35:25.973] [INFO] default - SEXN Trung Giang
[2022-08-25T02:35:25.973] [INFO] default - SEXN Trung Giáp
[2022-08-25T02:35:25.973] [INFO] default - SEXN Trường Giang
[2022-08-25T02:35:25.973] [INFO] default - SEXN Tư Giảng
[2022-08-25T02:35:25.973] [INFO] default - SEXN Tuấn Giang
[2022-08-25T02:35:25.973] [INFO] default - SEXN Tuần Giáo
[2022-08-25T02:35:25.973] [INFO] default - SEXN Tuệ Gia
[2022-08-25T02:35:25.973] [INFO] default - SEXN Tuệ Gia Băng
[2022-08-25T02:35:25.973] [INFO] default - SEXN Tuệ Giao
[2022-08-25T02:35:25.973] [INFO] default - SEXN Tường Giang
[2022-08-25T02:35:25.974] [INFO] default - SEXF Thanh Giang
[2022-08-25T02:35:25.974] [INFO] default - SEXF Thị Bé Gạo
[2022-08-25T02:35:25.974] [INFO] default - SEXF Thị Khai Giảng
[2022-08-25T02:35:25.974] [INFO] default - SEXF Thị Tư Gia
[2022-08-25T02:35:25.974] [INFO] default - SEXF Thị Vạn Gia
[2022-08-25T02:35:25.974] [INFO] default - SEXF Thị Viên Gia
[2022-08-25T02:35:25.974] [INFO] default - SEXF Thiên Giang
[2022-08-25T02:35:25.974] [INFO] default - SEXF Thu Giang
[2022-08-25T02:35:25.974] [INFO] default - SEXF Thùy Giang
[2022-08-25T02:35:25.974] [INFO] default - SEXF Trà Giang
[2022-08-25T02:35:25.974] [INFO] default - SEXF Trúc Giang
[2022-08-25T02:35:25.974] [INFO] default - SEXF Trúc Giàu
[2022-08-25T02:35:25.974] [INFO] default - SEXF Tuệ Giang
[2022-08-25T02:35:25.974] [INFO] default - SEXT Thiện Giang
[2022-08-25T02:35:25.974] [INFO] default - SEXT Trường Giang
[2022-08-25T02:35:25.974] [INFO] default - SEXT Tùng Giang
[2022-08-25T02:35:28.081] [INFO] default - SEXN Uy Giáp
[2022-08-25T02:35:28.081] [INFO] default - SEXN Uyên Giang
[2022-08-25T02:35:28.081] [INFO] default - SEXN Văn Ga
[2022-08-25T02:35:28.081] [INFO] default - SEXN Văn Ghẹ
[2022-08-25T02:35:28.082] [INFO] default - SEXN Văn Giản
[2022-08-25T02:35:28.082] [INFO] default - SEXN Văn Giành
[2022-08-25T02:35:28.082] [INFO] default - SEXN Vân Giao
[2022-08-25T02:35:28.082] [INFO] default - SEXN Văn Giao
[2022-08-25T02:35:28.082] [INFO] default - SEXN Văn Giáo
[2022-08-25T02:35:28.082] [INFO] default - SEXN Văn Giàu
[2022-08-25T02:35:28.082] [INFO] default - SEXN Văn Giệng
[2022-08-25T02:35:28.082] [INFO] default - SEXN Văn Giới
[2022-08-25T02:35:28.082] [INFO] default - SEXN Văn Giống
[2022-08-25T02:35:28.082] [INFO] default - SEXN Viễn Giang
[2022-08-25T02:35:28.082] [INFO] default - SEXN Viết Bảo Gôn
[2022-08-25T02:35:28.082] [INFO] default - SEXN Viết Ghi
[2022-08-25T02:35:28.082] [INFO] default - SEXN Viết Giang
[2022-08-25T02:35:28.082] [INFO] default - SEXN Việt Giang
[2022-08-25T02:35:28.082] [INFO] default - SEXN Viết Giàu
[2022-08-25T02:35:28.082] [INFO] default - SEXN Vinh Gia
[2022-08-25T02:35:28.082] [INFO] default - SEXN Vĩnh Gia
[2022-08-25T02:35:28.082] [INFO] default - SEXN Vĩnh Giác
[2022-08-25T02:35:28.082] [INFO] default - SEXN Vinh Giang
[2022-08-25T02:35:28.082] [INFO] default - SEXN Vĩnh Giang
[2022-08-25T02:35:28.082] [INFO] default - SEXN Vĩnh Giao
[2022-08-25T02:35:28.082] [INFO] default - SEXN Vinh Giàu
[2022-08-25T02:35:28.082] [INFO] default - SEXN Vĩnh Giỏi
[2022-08-25T02:35:28.082] [INFO] default - SEXN Võ Đông Giao
[2022-08-25T02:35:28.082] [INFO] default - SEXN Vũ Ghi Ta
[2022-08-25T02:35:28.082] [INFO] default - SEXN Vũ Giang
[2022-08-25T02:35:28.083] [INFO] default - SEXN Vương Nhị Gia
[2022-08-25T02:35:28.083] [INFO] default - SEXN Xuân Gấm
[2022-08-25T02:35:28.083] [INFO] default - SEXN Xuân Gạo
[2022-08-25T02:35:28.083] [INFO] default - SEXN Xuân Giá
[2022-08-25T02:35:28.083] [INFO] default - SEXN Xuân Giảng
[2022-08-25T02:35:28.083] [INFO] default - SEXN Xuân Giao
[2022-08-25T02:35:28.083] [INFO] default - SEXN Xuân Giáp
[2022-08-25T02:35:28.083] [INFO] default - SEXN Yên Giang
[2022-08-25T02:35:28.083] [INFO] default - SEXF Vân Giang
[2022-08-25T02:35:28.083] [INFO] default - SEXF Xuân Giang
[2022-08-25T02:35:28.083] [INFO] default - SEXT Văn Giang
[2022-08-25T02:35:28.083] [INFO] default - SEXT Văn Giáp
[2022-08-25T02:35:28.083] [INFO] default - SEXT Vương Gia
[2022-08-25T02:35:30.324] [INFO] default - ================================================ END G ================================================
