[2022-08-25T02:29:00.158] [INFO] default - SEXN Bá Oai
[2022-08-25T02:29:00.159] [INFO] default - SEXN Bá Oanh
[2022-08-25T02:29:00.160] [INFO] default - SEXN Bảo Oanh
[2022-08-25T02:29:00.160] [INFO] default - SEXN Big One
[2022-08-25T02:29:00.160] [INFO] default - SEXN Cẩm Oanh
[2022-08-25T02:29:00.160] [INFO] default - SEXN Cao Phương Ong
[2022-08-25T02:29:00.160] [INFO] default - SEXN Châu Oanh
[2022-08-25T02:29:00.160] [INFO] default - SEXN Chiềng On
[2022-08-25T02:29:00.161] [INFO] default - SEXN Chính Oanh
[2022-08-25T02:29:00.161] [INFO] default - SEXN Công Oanh
[2022-08-25T02:29:00.161] [INFO] default - SEXN Đạ Oai
[2022-08-25T02:29:00.161] [INFO] default - SEXN Đẹp Oanh
[2022-08-25T02:29:00.161] [INFO] default - SEXN Diệu Oanh
[2022-08-25T02:29:00.161] [INFO] default - SEXN Duy Oanh
[2022-08-25T02:29:00.161] [INFO] default - SEXN HẠ Thiên ONG
[2022-08-25T02:29:00.161] [INFO] default - SEXN Hiền Oanh
[2022-08-25T02:29:00.162] [INFO] default - SEXN Hoài Oanh
[2022-08-25T02:29:00.162] [INFO] default - SEXN Hoành Oanh
[2022-08-25T02:29:00.162] [INFO] default - SEXN Hùng Oanh
[2022-08-25T02:29:00.162] [INFO] default - SEXN Huyền Oanh
[2022-08-25T02:29:00.162] [INFO] default - SEXN Huỳnh Oanh
[2022-08-25T02:29:00.162] [INFO] default - SEXN Ia O
[2022-08-25T02:29:00.162] [INFO] default - SEXN Khoen On
[2022-08-25T02:29:00.162] [INFO] default - SEXN Lan Oanh
[2022-08-25T02:29:00.162] [INFO] default - SEXN Mai Oanh
[2022-08-25T02:29:00.162] [INFO] default - SEXN Mẫn Oanh
[2022-08-25T02:29:00.162] [INFO] default - SEXN Minh Oanh
[2022-08-25T02:29:00.163] [INFO] default - SEXN Mỹ Oanh
[2022-08-25T02:29:00.163] [INFO] default - SEXN Nhã Oanh
[2022-08-25T02:29:00.163] [INFO] default - SEXN Nhạc Oanh
[2022-08-25T02:29:00.163] [INFO] default - SEXN Nhật Oanh
[2022-08-25T02:29:00.163] [INFO] default - SEXN Nhi Oanh
[2022-08-25T02:29:00.163] [INFO] default - SEXN Oải Hương
[2022-08-25T02:29:00.163] [INFO] default - SEXN Oai Tài
[2022-08-25T02:29:00.163] [INFO] default - SEXN Oan Choang
[2022-08-25T02:29:00.163] [INFO] default - SEXN Oanh Điệp
[2022-08-25T02:29:00.163] [INFO] default - SEXN Oanh Khuê
[2022-08-25T02:29:00.163] [INFO] default - SEXN Oanh Kiệt
[2022-08-25T02:29:00.163] [INFO] default - SEXN Oanh Ngoạn
[2022-08-25T02:29:00.164] [INFO] default - SEXN Oanh Ni
[2022-08-25T02:29:00.164] [INFO] default - SEXN Oanh Oanh
[2022-08-25T02:29:00.164] [INFO] default - SEXN Oanh Phượng
[2022-08-25T02:29:00.164] [INFO] default - SEXN Oanh Thư
[2022-08-25T02:29:00.164] [INFO] default - SEXN Oanh Thuỳ
[2022-08-25T02:29:00.164] [INFO] default - SEXN Oanh Thủy
[2022-08-25T02:29:00.164] [INFO] default - SEXN Oanh Thy
[2022-08-25T02:29:00.164] [INFO] default - SEXN Oanh Vàng
[2022-08-25T02:29:00.164] [INFO] default - SEXN Phú On
[2022-08-25T02:29:00.164] [INFO] default - SEXN Phương Thảo O Vy
[2022-08-25T02:29:00.164] [INFO] default - SEXN Quế Oanh
[2022-08-25T02:29:00.164] [INFO] default - SEXN Quốc Oai
[2022-08-25T02:29:00.164] [INFO] default - SEXN Quốc Oanh
[2022-08-25T02:29:00.164] [INFO] default - SEXN Song Oanh
[2022-08-25T02:29:00.164] [INFO] default - SEXN Thái Oanh
[2022-08-25T02:29:00.164] [INFO] default - SEXN Thanh Oai
[2022-08-25T02:29:00.165] [INFO] default - SEXN Thị Diễm Oanh
[2022-08-25T02:29:00.165] [INFO] default - SEXN Thị Phi Oanh
[2022-08-25T02:29:00.165] [INFO] default - SEXN Thị Thiên Oanh
[2022-08-25T02:29:00.165] [INFO] default - SEXN Thị Thuỳ Oanh
[2022-08-25T02:29:00.165] [INFO] default - SEXN Thiên Uyển Oanh
[2022-08-25T02:29:00.165] [INFO] default - SEXN Thuý Oanh
[2022-08-25T02:29:00.165] [INFO] default - SEXN Thuỳ Oanh
[2022-08-25T02:29:00.165] [INFO] default - SEXN Thúy Oanh
[2022-08-25T02:29:00.165] [INFO] default - SEXN Thụy Oanh
[2022-08-25T02:29:00.165] [INFO] default - SEXN Tố Oanh
[2022-08-25T02:29:00.165] [INFO] default - SEXN Trà Oanh
[2022-08-25T02:29:00.165] [INFO] default - SEXN Trúc Oanh
[2022-08-25T02:29:00.165] [INFO] default - SEXN Tư Oanh
[2022-08-25T02:29:00.165] [INFO] default - SEXN Tuệ Oanh
[2022-08-25T02:29:00.165] [INFO] default - SEXN Tường Oanh
[2022-08-25T02:29:00.165] [INFO] default - SEXN Vân Oanh
[2022-08-25T02:29:00.165] [INFO] default - SEXN Văn Oánh
[2022-08-25T02:29:00.166] [INFO] default - SEXN Văn On
[2022-08-25T02:29:00.166] [INFO] default - SEXN Vũ Oai
[2022-08-25T02:29:00.166] [INFO] default - SEXN Vy Oanh
[2022-08-25T02:29:00.166] [INFO] default - SEXN Xuân Oanh
[2022-08-25T02:29:00.166] [INFO] default - SEXN Yến Oanh
[2022-08-25T02:29:00.166] [INFO] default - SEXF Đức Oanh
[2022-08-25T02:29:00.166] [INFO] default - SEXF Hoàng Oanh
[2022-08-25T02:29:00.166] [INFO] default - SEXF Hồng Oanh
[2022-08-25T02:29:00.166] [INFO] default - SEXF Kiều Oanh
[2022-08-25T02:29:00.166] [INFO] default - SEXF Kim Oanh
[2022-08-25T02:29:00.166] [INFO] default - SEXF Lâm Oanh
[2022-08-25T02:29:00.166] [INFO] default - SEXF Ngọc Oanh
[2022-08-25T02:29:00.166] [INFO] default - SEXF Oanh
[2022-08-25T02:29:00.166] [INFO] default - SEXF Oanh Kiều
[2022-08-25T02:29:00.166] [INFO] default - SEXF Phương Oanh
[2022-08-25T02:29:00.166] [INFO] default - SEXF Thị Kim Oanh
[2022-08-25T02:29:00.166] [INFO] default - SEXF Thi Oanh
[2022-08-25T02:29:00.167] [INFO] default - SEXF Thị Oanh
[2022-08-25T02:29:00.167] [INFO] default - SEXF Thu Oanh
[2022-08-25T02:29:00.167] [INFO] default - SEXF Thục Oanh
[2022-08-25T02:29:00.167] [INFO] default - SEXF Thùy Oanh
[2022-08-25T02:29:00.167] [INFO] default - SEXF Trâm Oanh
[2022-08-25T02:29:00.167] [INFO] default - SEXF Tú Oanh
[2022-08-25T02:29:00.167] [INFO] default - SEXF Tuyết Oanh
[2022-08-25T02:29:00.167] [INFO] default - SEXF Yến Oanh
[2022-08-25T02:29:04.957] [INFO] default - ================================================ END O ================================================
