[2022-08-25T02:34:59.380] [INFO] default - SEXN Âm Tịnh Thảo
[2022-08-25T02:34:59.382] [INFO] default - SEXN Ân Trạch
[2022-08-25T02:34:59.383] [INFO] default - SEXN Ân Bảo
[2022-08-25T02:34:59.383] [INFO] default - SEXN Ân Đại
[2022-08-25T02:34:59.384] [INFO] default - SEXN Ân Đền
[2022-08-25T02:34:59.385] [INFO] default - SEXN Ân Điện
[2022-08-25T02:34:59.385] [INFO] default - SEXN Ân Diệp Bích
[2022-08-25T02:34:59.386] [INFO] default - SEXN Ân Đình
[2022-08-25T02:34:59.387] [INFO] default - SEXN Ân Doanh
[2022-08-25T02:34:59.388] [INFO] default - SEXN Ân Đồng
[2022-08-25T02:34:59.388] [INFO] default - SEXN Ân Duy
[2022-08-25T02:34:59.388] [INFO] default - SEXN Ân Gia
[2022-08-25T02:34:59.388] [INFO] default - SEXN Ân Hảo
[2022-08-25T02:34:59.388] [INFO] default - SEXN Ân Hoàng
[2022-08-25T02:34:59.389] [INFO] default - SEXN Ân Huân
[2022-08-25T02:34:59.389] [INFO] default - SEXN Ân Hữu
[2022-08-25T02:34:59.389] [INFO] default - SEXN Ân Khoa
[2022-08-25T02:34:59.389] [INFO] default - SEXN Ân Kỳ
[2022-08-25T02:34:59.389] [INFO] default - SEXN Ân Lương
[2022-08-25T02:34:59.389] [INFO] default - SEXN Ân Nghĩa
[2022-08-25T02:34:59.389] [INFO] default - SEXN Ân Nhã
[2022-08-25T02:34:59.389] [INFO] default - SEXN Ân Nhiên
[2022-08-25T02:34:59.389] [INFO] default - SEXN Ân Phú
[2022-08-25T02:34:59.390] [INFO] default - SEXN Ân Phúc
[2022-08-25T02:34:59.390] [INFO] default - SEXN Ân Quang
[2022-08-25T02:34:59.390] [INFO] default - SEXN Ân Sơn
[2022-08-25T02:34:59.390] [INFO] default - SEXN Ân Thành
[2022-08-25T02:34:59.390] [INFO] default - SEXN Ân Thi
[2022-08-25T02:34:59.390] [INFO] default - SEXN Ân Thuyên
[2022-08-25T02:34:59.390] [INFO] default - SEXN Ân Tình
[2022-08-25T02:34:59.390] [INFO] default - SEXN Ân Trọng Đồng
[2022-08-25T02:34:59.390] [INFO] default - SEXN Ân Tường Đông
[2022-08-25T02:34:59.390] [INFO] default - SEXN Ân Tường Tây
[2022-08-25T02:34:59.391] [INFO] default - SEXN Ân Vĩnh
[2022-08-25T02:34:59.391] [INFO] default - SEXN Ân Vũ
[2022-08-25T02:34:59.391] [INFO] default - SEXN ANH ÂN
[2022-08-25T02:34:59.391] [INFO] default - SEXN Anh Khiết Ân
[2022-08-25T02:34:59.391] [INFO] default - SEXN Anh Tuyết Ân
[2022-08-25T02:34:59.391] [INFO] default - SEXN Âu
[2022-08-25T02:34:59.391] [INFO] default - SEXN Âu Nhã
[2022-08-25T02:34:59.391] [INFO] default - SEXN Ba Ân
[2022-08-25T02:34:59.391] [INFO] default - SEXN Bá Ân
[2022-08-25T02:34:59.451] [INFO] default - SEXN Băng Ân
[2022-08-25T02:34:59.451] [INFO] default - SEXN Bích Ân
[2022-08-25T02:34:59.451] [INFO] default - SEXN Cẩm Ân
[2022-08-25T02:34:59.452] [INFO] default - SEXN Châu Diệp Ân
[2022-08-25T02:34:59.452] [INFO] default - SEXN Chí Ân
[2022-08-25T02:34:59.452] [INFO] default - SEXN Chiềng Ân
[2022-08-25T02:34:59.452] [INFO] default - SEXN Công Ân Đức
[2022-08-25T02:34:59.452] [INFO] default - SEXN Đắc Ân
[2022-08-25T02:34:59.452] [INFO] default - SEXN Đại Ân 1
[2022-08-25T02:34:59.452] [INFO] default - SEXN Đại Ân 2
[2022-08-25T02:34:59.452] [INFO] default - SEXN Đạt Ân
[2022-08-25T02:34:59.452] [INFO] default - SEXN Diệu Ân
[2022-08-25T02:34:59.452] [INFO] default - SEXN Diệu Âm
[2022-08-25T02:34:59.453] [INFO] default - SEXN Diệu Ân
[2022-08-25T02:34:59.453] [INFO] default - SEXN Diệu Quỳnh Ân
[2022-08-25T02:34:59.453] [INFO] default - SEXN Đoan Ân
[2022-08-25T02:34:59.453] [INFO] default - SEXN Đông Âu
[2022-08-25T02:34:59.453] [INFO] default - SEXN Đức Ân
[2022-08-25T02:34:59.453] [INFO] default - SEXN Đức Ân
[2022-08-25T02:34:59.453] [INFO] default - SEXN Đức Hoàng Ân
[2022-08-25T02:34:59.453] [INFO] default - SEXN Đức Hồng Ân
[2022-08-25T02:34:59.453] [INFO] default - SEXN Đức Thiên Ân
[2022-08-25T02:34:59.453] [INFO] default - SEXN Đường Âm
[2022-08-25T02:34:59.453] [INFO] default - SEXN Duy Ân
[2022-08-25T02:34:59.453] [INFO] default - SEXN Giang Ân
[2022-08-25T02:34:59.454] [INFO] default - SEXN Hả Ân
[2022-08-25T02:34:59.454] [INFO] default - SEXN Hiền Ân
[2022-08-25T02:34:59.454] [INFO] default - SEXN Hồ Ân
[2022-08-25T02:34:59.454] [INFO] default - SEXN Hoà Ân
[2022-08-25T02:34:59.454] [INFO] default - SEXN Hòa Ân
[2022-08-25T02:34:59.454] [INFO] default - SEXN Hoài Ân
[2022-08-25T02:34:59.454] [INFO] default - SEXN Hoàn Ân
[2022-08-25T02:34:59.454] [INFO] default - SEXN Hoàng Vỹ Ân
[2022-08-25T02:34:59.454] [INFO] default - SEXN Huy Gian Ân
[2022-08-25T02:34:59.454] [INFO] default - SEXN Huy Hà Ân
[2022-08-25T02:34:59.454] [INFO] default - SEXN Huy Thiện Ân
[2022-08-25T02:34:59.454] [INFO] default - SEXN Huyền Âm
[2022-08-25T02:34:59.455] [INFO] default - SEXN Huyền Ân
[2022-08-25T02:34:59.455] [INFO] default - SEXN Huỳnh Ân
[2022-08-25T02:34:59.455] [INFO] default - SEXN Huỳnh Hiểu Ân
[2022-08-25T02:34:59.455] [INFO] default - SEXN Huỳnh Tú Ân
[2022-08-25T02:34:59.455] [INFO] default - SEXN Khả Ân
[2022-08-25T02:34:59.455] [INFO] default - SEXN Khắc Ân
[2022-08-25T02:34:59.455] [INFO] default - SEXF Hải Ân
[2022-08-25T02:34:59.455] [INFO] default - SEXF Hải Âu
[2022-08-25T02:34:59.455] [INFO] default - SEXF Huệ Ân
[2022-08-25T02:34:59.455] [INFO] default - SEXT Ân
[2022-08-25T02:34:59.455] [INFO] default - SEXT Ân Giáp
[2022-08-25T02:34:59.456] [INFO] default - SEXT Ân Lai
[2022-08-25T02:34:59.456] [INFO] default - SEXT Ân Thiên
[2022-08-25T02:34:59.456] [INFO] default - SEXT Ân Thiện
[2022-08-25T02:34:59.456] [INFO] default - SEXT Bảo Ân
[2022-08-25T02:34:59.456] [INFO] default - SEXT Công Ân
[2022-08-25T02:34:59.456] [INFO] default - SEXT Đoá Ân
[2022-08-25T02:34:59.456] [INFO] default - SEXT Ðức Ân
[2022-08-25T02:34:59.456] [INFO] default - SEXT Gia Ân
[2022-08-25T02:34:59.456] [INFO] default - SEXT Hoàng Ân
[2022-08-25T02:34:59.456] [INFO] default - SEXT Hồng Ân
[2022-08-25T02:35:03.367] [INFO] default - SEXN Khắc Âu
[2022-08-25T02:35:03.367] [INFO] default - SEXN Khải Ân
[2022-08-25T02:35:03.368] [INFO] default - SEXN Khải Âu
[2022-08-25T02:35:03.368] [INFO] default - SEXN Khánh Ân
[2022-08-25T02:35:03.368] [INFO] default - SEXN Kiều Ân
[2022-08-25T02:35:03.368] [INFO] default - SEXN Kim Ân
[2022-08-25T02:35:03.368] [INFO] default - SEXN Kỳ Ân
[2022-08-25T02:35:03.368] [INFO] default - SEXN Lan Ân
[2022-08-25T02:35:03.368] [INFO] default - SEXN Lê Thanh Ân
[2022-08-25T02:35:03.368] [INFO] default - SEXN Lê Tri Ân
[2022-08-25T02:35:03.368] [INFO] default - SEXN Liên Ân
[2022-08-25T02:35:03.368] [INFO] default - SEXN Lộc Ân
[2022-08-25T02:35:03.369] [INFO] default - SEXN Long Ân
[2022-08-25T02:35:03.369] [INFO] default - SEXN Lương Ân
[2022-08-25T02:35:03.369] [INFO] default - SEXN Mậu Ân
[2022-08-25T02:35:03.369] [INFO] default - SEXN Mình Ân
[2022-08-25T02:35:03.369] [INFO] default - SEXN Minh Nhật Ân
[2022-08-25T02:35:03.369] [INFO] default - SEXN Mông Ân
[2022-08-25T02:35:03.369] [INFO] default - SEXN Nam Ân
[2022-08-25T02:35:03.369] [INFO] default - SEXN Ngô Hưng Ân
[2022-08-25T02:35:03.373] [INFO] default - SEXN Ngọc Ân
[2022-08-25T02:35:03.373] [INFO] default - SEXN Ngọc Ânh
[2022-08-25T02:35:03.373] [INFO] default - SEXN Ngọc Âu
[2022-08-25T02:35:03.373] [INFO] default - SEXN Ngọc Khiết Ân
[2022-08-25T02:35:03.373] [INFO] default - SEXN Ngọc Tuyết Ân
[2022-08-25T02:35:03.374] [INFO] default - SEXN Nguyên Ân
[2022-08-25T02:35:03.374] [INFO] default - SEXN Nguyệt Ân
[2022-08-25T02:35:03.374] [INFO] default - SEXN Nhậm Ân
[2022-08-25T02:35:03.374] [INFO] default - SEXN Như Ân
[2022-08-25T02:35:03.374] [INFO] default - SEXN Phát Ân
[2022-08-25T02:35:03.374] [INFO] default - SEXN Phi Ân
[2022-08-25T02:35:03.374] [INFO] default - SEXN Phước Ân
[2022-08-25T02:35:03.374] [INFO] default - SEXN Phước Ân
[2022-08-25T02:35:03.374] [INFO] default - SEXN Phương Ân
[2022-08-25T02:35:03.374] [INFO] default - SEXN QUAN ÂN
[2022-08-25T02:35:03.374] [INFO] default - SEXN Sam Ân
[2022-08-25T02:35:03.374] [INFO] default - SEXN Sinh Ân
[2022-08-25T02:35:03.374] [INFO] default - SEXN Tây Âu
[2022-08-25T02:35:03.374] [INFO] default - SEXN Thái Ân
[2022-08-25T02:35:03.374] [INFO] default - SEXN Thái Trân Ân
[2022-08-25T02:35:03.375] [INFO] default - SEXN Thảo Ân
[2022-08-25T02:35:03.375] [INFO] default - SEXN Thế Ân
[2022-08-25T02:35:03.375] [INFO] default - SEXN Thế Ân Duyên
[2022-08-25T02:35:03.375] [INFO] default - SEXN Thị Ân
[2022-08-25T02:35:03.375] [INFO] default - SEXN Thị Tuyết Ân
[2022-08-25T02:35:03.375] [INFO] default - SEXN Thiên Thanh Ân
[2022-08-25T02:35:03.375] [INFO] default - SEXN Thiên Uyển Ân
[2022-08-25T02:35:03.375] [INFO] default - SEXN Thương Ân
[2022-08-25T02:35:03.375] [INFO] default - SEXN Thượng Ân
[2022-08-25T02:35:03.375] [INFO] default - SEXN Thuỷ Ân
[2022-08-25T02:35:03.375] [INFO] default - SEXN Thúy Ân
[2022-08-25T02:35:03.375] [INFO] default - SEXN Thụy Ân
[2022-08-25T02:35:03.375] [INFO] default - SEXN Tố Âm
[2022-08-25T02:35:03.375] [INFO] default - SEXN Tô Ân
[2022-08-25T02:35:03.376] [INFO] default - SEXN Toàn Ân
[2022-08-25T02:35:03.376] [INFO] default - SEXN Trác Ân
[2022-08-25T02:35:03.376] [INFO] default - SEXN Trân Ân
[2022-08-25T02:35:03.376] [INFO] default - SEXN Trần Ân
[2022-08-25T02:35:03.376] [INFO] default - SEXN Trần Huyền Ân
[2022-08-25T02:35:03.376] [INFO] default - SEXN Trị Ân
[2022-08-25T02:35:03.376] [INFO] default - SEXN Trịnh Đình Ân
[2022-08-25T02:35:03.376] [INFO] default - SEXN Trúc Ân
[2022-08-25T02:35:03.376] [INFO] default - SEXN Trùng Ân
[2022-08-25T02:35:03.376] [INFO] default - SEXN Trường Ân
[2022-08-25T02:35:03.376] [INFO] default - SEXN Trường Ân
[2022-08-25T02:35:03.376] [INFO] default - SEXN Tuấn Ân
[2022-08-25T02:35:03.376] [INFO] default - SEXN Tùng Ân
[2022-08-25T02:35:03.376] [INFO] default - SEXN Văn Ân
[2022-08-25T02:35:03.377] [INFO] default - SEXN Việt Âu
[2022-08-25T02:35:03.377] [INFO] default - SEXN Vũ Ân
[2022-08-25T02:35:03.377] [INFO] default - SEXN Vỹ Ân
[2022-08-25T02:35:03.377] [INFO] default - SEXN Xuân Ân
[2022-08-25T02:35:03.377] [INFO] default - SEXF Mỹ Ân
[2022-08-25T02:35:03.377] [INFO] default - SEXF Nhã Ân
[2022-08-25T02:35:03.377] [INFO] default - SEXF Thục Ân
[2022-08-25T02:35:03.377] [INFO] default - SEXT Minh Ân
[2022-08-25T02:35:03.377] [INFO] default - SEXT Phú Ân
[2022-08-25T02:35:03.377] [INFO] default - SEXT Phúc Ân
[2022-08-25T02:35:03.377] [INFO] default - SEXT Quang Ân
[2022-08-25T02:35:03.377] [INFO] default - SEXT Quốc Ân
[2022-08-25T02:35:03.377] [INFO] default - SEXT Thành Ân
[2022-08-25T02:35:03.377] [INFO] default - SEXT Thiên Ân
[2022-08-25T02:35:03.378] [INFO] default - SEXT Thiện Ân
[2022-08-25T02:35:03.378] [INFO] default - SEXT Tiến Ân
[2022-08-25T02:35:03.378] [INFO] default - SEXT Triều Ân
[2022-08-25T02:35:03.378] [INFO] default - SEXT Trọng Ân
[2022-08-25T02:35:03.378] [INFO] default - SEXT Tuệ Ân
[2022-08-25T02:35:03.378] [INFO] default - SEXT Vĩnh Ân
[2022-08-25T02:35:06.555] [INFO] default - ================================================ END Â ================================================
