[2022-08-25T02:34:59.687] [INFO] default - SEXN Ăn Diệu
[2022-08-25T02:34:59.689] [INFO] default - SEXN Ăn Khuê
[2022-08-25T02:34:59.689] [INFO] default - SEXN Ăn Nguyên
[2022-08-25T02:34:59.689] [INFO] default - SEXN Ăn Nhi
[2022-08-25T02:34:59.689] [INFO] default - SEXN Ăn Quý
[2022-08-25T02:34:59.689] [INFO] default - SEXN Ăn Sam
[2022-08-25T02:34:59.689] [INFO] default - SEXN Ăn Tiêm
[2022-08-25T02:34:59.689] [INFO] default - SEXN Bảo Bình Ăn
[2022-08-25T02:34:59.689] [INFO] default - SEXN Bảo Tâm Ăn
[2022-08-25T02:34:59.689] [INFO] default - SEXN Duy Bình Ăn
[2022-08-25T02:34:59.690] [INFO] default - SEXN Gia Ăn
[2022-08-25T02:34:59.690] [INFO] default - SEXN Hoài Ăn
[2022-08-25T02:34:59.690] [INFO] default - SEXN Hoài Ăn Như
[2022-08-25T02:34:59.690] [INFO] default - SEXN Khiết Ăn
[2022-08-25T02:34:59.690] [INFO] default - SEXN Lâm Ăn
[2022-08-25T02:34:59.690] [INFO] default - SEXN LE Bao Ăn
[2022-08-25T02:34:59.690] [INFO] default - SEXN Linh Ăn
[2022-08-25T02:34:59.690] [INFO] default - SEXN Nguyên Ăn
[2022-08-25T02:34:59.690] [INFO] default - SEXN Nhã Ăn
[2022-08-25T02:34:59.690] [INFO] default - SEXN Phương Ăn
[2022-08-25T02:34:59.690] [INFO] default - SEXN Tuệ Ăn
[2022-08-25T02:34:59.690] [INFO] default - SEXN Tường Ăn
[2022-08-25T02:34:59.690] [INFO] default - SEXN Vy Ăn
[2022-08-25T02:35:05.259] [INFO] default - ================================================ END Ă ================================================
