┌─────────┬──────┬──────┬──────┬──────┬───────┬──────────┬───────────┬─────────┬──────────┬───────────┬───────────────┬────────────────────────────┬──────┬──────┬─────┬──────────┬──────────┬────────┬────────┬─────┬─────┬────────┬───────────┬───────────┬───────────────┬───────┬──────────┬─────┐
│ (index) │  c   │  h   │  l   │  o   │  bu   │  val_bu  │ total_vol │ sum_vol │   val    │ acum_val  │   datetime    │            date            │ pbu  │ psd  │ puk │    bs    │    sb    │  abu   │  asd   │ auk │ rbu │ bu-sd  │ bu-sd_val │ acum_busd │ acum_busd_val │  sd   │  val_sd  │ rsd │
├─────────┼──────┼──────┼──────┼──────┼───────┼──────────┼───────────┼─────────┼──────────┼───────────┼───────────────┼────────────────────────────┼──────┼──────┼─────┼──────────┼──────────┼────────┼────────┼─────┼─────┼────────┼───────────┼───────────┼───────────────┼───────┼──────────┼─────┤
│    0    │ 4300 │ 4300 │ 4300 │ 4300 │  800  │ 3440000  │    800    │   800   │ 3440000  │  3440000  │ 1676365800000 │ '2023-02-14T09:10:00.000Z' │ 100  │  0   │  0  │ Infinity │    0     │ 1907.4 │ 2807.4 │  0  │ 0.4 │  800   │  3440000  │    800    │    3440000    │       │          │     │
│    1    │ 4300 │ 4300 │ 4300 │ 4300 │ 4800  │ 20640000 │   5600    │  4800   │ 20640000 │ 24080000  │ 1676366160000 │ '2023-02-14T09:16:00.000Z' │ 100  │  0   │  0  │ Infinity │    0     │ 1907.4 │ 2807.4 │  0  │ 2.5 │  4800  │ 20640000  │   5600    │   24080000    │       │          │     │
│    2    │ 4300 │ 4300 │ 4300 │ 4300 │ 1000  │ 4300000  │   6600    │  1000   │ 4300000  │ 28380000  │ 1676366280000 │ '2023-02-14T09:18:00.000Z' │ 100  │  0   │  0  │ Infinity │    0     │ 1907.4 │ 2807.4 │  0  │ 0.5 │  1000  │  4300000  │   6600    │   28380000    │       │          │     │
│    3    │ 4300 │ 4300 │ 4300 │ 4300 │  900  │ 3870000  │   7500    │   900   │ 3870000  │ 32250000  │ 1676366400000 │ '2023-02-14T09:20:00.000Z' │ 100  │  0   │  0  │ Infinity │    0     │ 1907.4 │ 2807.4 │  0  │ 0.5 │  900   │  3870000  │   7500    │   32250000    │       │          │     │
│    4    │ 4300 │ 4300 │ 4300 │ 4300 │  100  │  430000  │   7600    │   100   │  430000  │ 32680000  │ 1676366520000 │ '2023-02-14T09:22:00.000Z' │ 100  │  0   │  0  │ Infinity │    0     │ 1907.4 │ 2807.4 │  0  │ 0.1 │  100   │  430000   │   7600    │   32680000    │       │          │     │
│    5    │ 4200 │ 4200 │ 4200 │ 4200 │       │          │   27600   │  20000  │ 84000000 │ 116680000 │ 1676367240000 │ '2023-02-14T09:34:00.000Z' │  0   │ 100  │  0  │    0     │ Infinity │ 1907.4 │ 2807.4 │  0  │     │ -20000 │ -84000000 │  -12400   │   -51320000   │ 20000 │ 84000000 │ 7.1 │
│    6    │ 4200 │ 4200 │ 4200 │ 4200 │       │          │   39500   │  11900  │ 49980000 │ 166660000 │ 1676367360000 │ '2023-02-14T09:36:00.000Z' │  0   │ 100  │  0  │    0     │ Infinity │ 1907.4 │ 2807.4 │  0  │     │ -11900 │ -49980000 │  -24300   │  -101300000   │ 11900 │ 49980000 │ 4.2 │
│    7    │ 4200 │ 4200 │ 4200 │ 4200 │       │          │   41500   │  2000   │ 8400000  │ 175060000 │ 1676367480000 │ '2023-02-14T09:38:00.000Z' │  0   │ 100  │  0  │    0     │ Infinity │ 1907.4 │ 2807.4 │  0  │     │ -2000  │ -8400000  │  -26300   │  -109700000   │ 2000  │ 8400000  │ 0.7 │
│    8    │ 4200 │ 4200 │ 4200 │ 4200 │       │          │   42000   │   500   │ 2100000  │ 177160000 │ 1676367960000 │ '2023-02-14T09:46:00.000Z' │  0   │ 100  │  0  │    0     │ Infinity │ 1907.4 │ 2807.4 │  0  │     │  -500  │ -2100000  │  -26800   │  -111800000   │  500  │ 2100000  │ 0.2 │
│    9    │ 4200 │ 4200 │ 4200 │ 4200 │       │          │   48500   │  6500   │ 27300000 │ 204460000 │ 1676368080000 │ '2023-02-14T09:48:00.000Z' │  0   │ 100  │  0  │    0     │ Infinity │ 1907.4 │ 2807.4 │  0  │     │ -6500  │ -27300000 │  -33300   │  -139100000   │ 6500  │ 27300000 │ 2.3 │
│   10    │ 4200 │ 4200 │ 4200 │ 4200 │       │          │   52800   │  4300   │ 18060000 │ 222520000 │ 1676368320000 │ '2023-02-14T09:52:00.000Z' │  0   │ 100  │  0  │    0     │ Infinity │ 1907.4 │ 2807.4 │  0  │     │ -4300  │ -18060000 │  -37600   │  -157160000   │ 4300  │ 18060000 │ 1.5 │
│   11    │ 4300 │ 4300 │ 4300 │ 4300 │ 13700 │ 58910000 │   66500   │  13700  │ 58910000 │ 281430000 │ 1676368440000 │ '2023-02-14T09:54:00.000Z' │ 100  │  0   │  0  │ Infinity │    0     │ 1907.4 │ 2807.4 │  0  │ 7.2 │ 13700  │ 58910000  │  -23900   │   -98250000   │       │          │     │
│   12    │ 4300 │ 4300 │ 4200 │ 4200 │  100  │  430000  │   66700   │   200   │  850000  │ 282280000 │ 1676368560000 │ '2023-02-14T09:56:00.000Z' │  50  │  50  │  0  │    1     │    1     │ 1907.4 │ 2807.4 │  0  │ 0.1 │   0    │   10000   │  -23900   │   -98240000   │  100  │  420000  │  0  │
│   13    │ 4200 │ 4200 │ 4200 │ 4200 │       │          │   69800   │  3100   │ 13020000 │ 295300000 │ 1676368680000 │ '2023-02-14T09:58:00.000Z' │  0   │ 100  │  0  │    0     │ Infinity │ 1907.4 │ 2807.4 │  0  │     │ -3100  │ -13020000 │  -27000   │  -111260000   │ 3100  │ 13020000 │ 1.1 │
│   14    │ 4200 │ 4200 │ 4200 │ 4200 │ 8200  │ 34440000 │   78000   │  8200   │ 34440000 │ 329740000 │ 1676368920000 │ '2023-02-14T10:02:00.000Z' │ 100  │  0   │  0  │ Infinity │    0     │ 1907.4 │ 2807.4 │  0  │ 4.3 │  8200  │ 34440000  │  -18800   │   -76820000   │       │          │     │
│   15    │ 4200 │ 4200 │ 4200 │ 4200 │ 2000  │ 8400000  │   80400   │  2400   │ 10080000 │ 339820000 │ 1676369280000 │ '2023-02-14T10:08:00.000Z' │ 83.3 │ 16.7 │  0  │    5     │   0.2    │ 1907.4 │ 2807.4 │  0  │  1  │  1600  │  6720000  │  -17200   │   -70100000   │  400  │ 1680000  │ 0.1 │
│   16    │ 4200 │ 4200 │ 4200 │ 4200 │       │          │   80500   │   100   │  420000  │ 340240000 │ 1676369400000 │ '2023-02-14T10:10:00.000Z' │  0   │ 100  │  0  │    0     │ Infinity │ 1907.4 │ 2807.4 │  0  │     │  -100  │  -420000  │  -17300   │   -70520000   │  100  │  420000  │  0  │
│   17    │ 4200 │ 4200 │ 4200 │ 4200 │       │          │   95500   │  15000  │ 63000000 │ 403240000 │ 1676370480000 │ '2023-02-14T10:28:00.000Z' │  0   │ 100  │  0  │    0     │ Infinity │ 1907.4 │ 2807.4 │  0  │     │ -15000 │ -63000000 │  -32300   │  -133520000   │ 15000 │ 63000000 │ 5.3 │
│   18    │ 4200 │ 4200 │ 4200 │ 4200 │       │          │   95700   │   200   │  840000  │ 404080000 │ 1676370720000 │ '2023-02-14T10:32:00.000Z' │  0   │ 100  │  0  │    0     │ Infinity │ 1907.4 │ 2807.4 │  0  │     │  -200  │  -840000  │  -32500   │  -134360000   │  200  │  840000  │ 0.1 │
│   19    │ 4200 │ 4200 │ 4200 │ 4200 │       │          │   96000   │   300   │ 1260000  │ 405340000 │ 1676371080000 │ '2023-02-14T10:38:00.000Z' │  0   │ 100  │  0  │    0     │ Infinity │ 1907.4 │ 2807.4 │  0  │     │  -300  │ -1260000  │  -32800   │  -135620000   │  300  │ 1260000  │ 0.1 │
│   20    │ 4200 │ 4200 │ 4200 │ 4200 │  200  │  840000  │  107400   │  11400  │ 47880000 │ 453220000 │ 1676371200000 │ '2023-02-14T10:40:00.000Z' │ 1.8  │ 98.2 │  0  │    0     │    56    │ 1907.4 │ 2807.4 │  0  │ 0.1 │ -11000 │ -46200000 │  -43800   │  -181820000   │ 11200 │ 47040000 │  4  │
├─────────┼──────┼──────┼──────┼──────┼───────┼──────────┼───────────┼─────────┼──────────┼───────────┼───────────────┼────────────────────────────┼──────┼──────┼─────┼──────────┼──────────┼────────┼────────┼─────┼─────┼────────┼───────────┼───────────┼───────────────┼───────┼──────────┼─────┤
│ (index) │  c   │  h   │  l   │  o   │  bu   │  val_bu  │ total_vol │ sum_vol │   val    │ acum_val  │   datetime    │            date            │ pbu  │ psd  │ puk │    bs    │    sb    │  abu   │  asd   │ auk │ rbu │ bu-sd  │ bu-sd_val │ acum_busd │ acum_busd_val │  sd   │  val_sd  │ rsd │
├─────────┼──────┼──────┼──────┼──────┼───────┼──────────┼───────────┼─────────┼──────────┼───────────┼───────────────┼────────────────────────────┼──────┼──────┼─────┼──────────┼──────────┼────────┼────────┼─────┼─────┼────────┼───────────┼───────────┼───────────────┼───────┼──────────┼─────┤
│   21    │ 4100 │ 4100 │ 4100 │ 4100 │       │          │  107500   │   100   │  410000  │ 453630000 │ 1676371320000 │ '2023-02-14T10:42:00.000Z' │  0   │ 100  │  0  │    0     │ Infinity │ 1907.4 │ 2807.4 │  0  │     │  -100  │  -410000  │  -43900   │  -182230000   │  100  │  410000  │  0  │
│   22    │ 4200 │ 4200 │ 4100 │ 4200 │ 9000  │ 37800000 │  116600   │  9100   │ 38210000 │ 491840000 │ 1676371560000 │ '2023-02-14T10:46:00.000Z' │ 98.9 │ 1.1  │  0  │    90    │    0     │ 1907.4 │ 2807.4 │  0  │ 4.7 │  8900  │ 37390000  │  -35000   │  -144840000   │  100  │  410000  │  0  │
│   23    │ 4300 │ 4300 │ 4200 │ 4200 │ 8900  │ 37390000 │  125500   │  8900   │ 37390000 │ 529230000 │ 1676371680000 │ '2023-02-14T10:48:00.000Z' │ 100  │  0   │  0  │ Infinity │    0     │ 1907.4 │ 2807.4 │  0  │ 4.7 │  8900  │ 37390000  │  -26100   │  -107450000   │       │          │     │
│   24    │ 4300 │ 4300 │ 4300 │ 4300 │ 1200  │ 5160000  │  126700   │  1200   │ 5160000  │ 534390000 │ 1676372280000 │ '2023-02-14T10:58:00.000Z' │ 100  │  0   │  0  │ Infinity │    0     │ 1907.4 │ 2807.4 │  0  │ 0.6 │  1200  │  5160000  │  -24900   │  -102290000   │       │          │     │
│   25    │ 4300 │ 4300 │ 4300 │ 4300 │  100  │  430000  │  126800   │   100   │  430000  │ 534820000 │ 1676372640000 │ '2023-02-14T11:04:00.000Z' │ 100  │  0   │  0  │ Infinity │    0     │ 1907.4 │ 2807.4 │  0  │ 0.1 │  100   │  430000   │  -24800   │  -101860000   │       │          │     │
│   26    │ 4300 │ 4300 │ 4300 │ 4300 │  500  │ 2150000  │  127300   │   500   │ 2150000  │ 536970000 │ 1676372760000 │ '2023-02-14T11:06:00.000Z' │ 100  │  0   │  0  │ Infinity │    0     │ 1907.4 │ 2807.4 │  0  │ 0.3 │  500   │  2150000  │  -24300   │   -99710000   │       │          │     │
└─────────┴──────┴──────┴──────┴──────┴───────┴──────────┴───────────┴─────────┴──────────┴───────────┴───────────────┴────────────────────────────┴──────┴──────┴─────┴──────────┴──────────┴────────┴────────┴─────┴─────┴────────┴───────────┴───────────┴───────────────┴───────┴──────────┴─────┘

