┌─────────┬──────┬──────┬──────┬──────┬───────┬───────────┬───────────┬─────────┬───────────┬───────────┬───────────────┬────────────────────────────┬──────┬──────┬─────┬──────────┬──────────┬───────┬──────┬─────┬──────┬────────┬────────────┬───────────┬───────────────┬──────┬──────────┬──────┐
│ (index) │  c   │  h   │  l   │  o   │  sd   │  val_sd   │ total_vol │ sum_vol │    val    │ acum_val  │   datetime    │            date            │ pbu  │ psd  │ puk │    bs    │    sb    │  abu  │ asd  │ auk │ rsd  │ bu-sd  │ bu-sd_val  │ acum_busd │ acum_busd_val │  bu  │  val_bu  │ rbu  │
├─────────┼──────┼──────┼──────┼──────┼───────┼───────────┼───────────┼─────────┼───────────┼───────────┼───────────────┼────────────────────────────┼──────┼──────┼─────┼──────────┼──────────┼───────┼──────┼─────┼──────┼────────┼────────────┼───────────┼───────────────┼──────┼──────────┼──────┤
│    0    │ 7900 │ 7900 │ 7900 │ 7900 │  500  │  3950000  │    500    │   500   │  3950000  │  3950000  │ 1676365560000 │ '2023-02-14T09:06:00.000Z' │  0   │ 100  │  0  │    0     │ Infinity │ 614.3 │ 2460 │  0  │ 0.2  │  -500  │  -3950000  │   -500    │   -3950000    │      │          │      │
│    1    │ 7900 │ 7900 │ 7900 │ 7900 │  600  │  4740000  │   1100    │   600   │  4740000  │  8690000  │ 1676366040000 │ '2023-02-14T09:14:00.000Z' │  0   │ 100  │  0  │    0     │ Infinity │ 614.3 │ 2460 │  0  │ 0.2  │  -600  │  -4740000  │   -1100   │   -8690000    │      │          │      │
│    2    │ 7900 │ 7900 │ 7900 │ 7900 │  700  │  5530000  │   1800    │   700   │  5530000  │ 14220000  │ 1676366400000 │ '2023-02-14T09:20:00.000Z' │  0   │ 100  │  0  │    0     │ Infinity │ 614.3 │ 2460 │  0  │ 0.3  │  -700  │  -5530000  │   -1800   │   -14220000   │      │          │      │
│    3    │ 7900 │ 7900 │ 7900 │ 7900 │  500  │  3950000  │   2300    │   500   │  3950000  │ 18170000  │ 1676366520000 │ '2023-02-14T09:22:00.000Z' │  0   │ 100  │  0  │    0     │ Infinity │ 614.3 │ 2460 │  0  │ 0.2  │  -500  │  -3950000  │   -2300   │   -18170000   │      │          │      │
│    4    │ 7900 │ 7900 │ 7900 │ 7900 │ 2400  │ 18960000  │   4700    │  2400   │ 18960000  │ 37130000  │ 1676366640000 │ '2023-02-14T09:24:00.000Z' │  0   │ 100  │  0  │    0     │ Infinity │ 614.3 │ 2460 │  0  │  1   │ -2400  │ -18960000  │   -4700   │   -37130000   │      │          │      │
│    5    │ 7900 │ 7900 │ 7900 │ 7900 │ 2500  │ 19750000  │   7200    │  2500   │ 19750000  │ 56880000  │ 1676366760000 │ '2023-02-14T09:26:00.000Z' │  0   │ 100  │  0  │    0     │ Infinity │ 614.3 │ 2460 │  0  │  1   │ -2500  │ -19750000  │   -7200   │   -56880000   │      │          │      │
│    6    │ 7900 │ 7900 │ 7900 │ 7900 │ 4100  │ 32390000  │   11300   │  4100   │ 32390000  │ 89270000  │ 1676367000000 │ '2023-02-14T09:30:00.000Z' │  0   │ 100  │  0  │    0     │ Infinity │ 614.3 │ 2460 │  0  │ 1.7  │ -4100  │ -32390000  │  -11300   │   -89270000   │      │          │      │
│    7    │ 7900 │ 7900 │ 7900 │ 7900 │  100  │  790000   │   11400   │   100   │  790000   │ 90060000  │ 1676367360000 │ '2023-02-14T09:36:00.000Z' │  0   │ 100  │  0  │    0     │ Infinity │ 614.3 │ 2460 │  0  │  0   │  -100  │  -790000   │  -11400   │   -90060000   │      │          │      │
│    8    │ 7900 │ 7900 │ 7900 │ 7900 │  700  │  5530000  │   12100   │   700   │  5530000  │ 95590000  │ 1676367480000 │ '2023-02-14T09:38:00.000Z' │  0   │ 100  │  0  │    0     │ Infinity │ 614.3 │ 2460 │  0  │ 0.3  │  -700  │  -5530000  │  -12100   │   -95590000   │      │          │      │
│    9    │ 8000 │ 8000 │ 8000 │ 8000 │       │           │   12300   │   200   │  1600000  │ 97190000  │ 1676367600000 │ '2023-02-14T09:40:00.000Z' │ 100  │  0   │  0  │ Infinity │    0     │ 614.3 │ 2460 │  0  │      │  200   │  1600000   │  -11900   │   -93990000   │ 200  │ 1600000  │ 0.3  │
│   10    │ 8000 │ 8000 │ 8000 │ 8000 │       │           │   12700   │   400   │  3200000  │ 100390000 │ 1676367720000 │ '2023-02-14T09:42:00.000Z' │ 100  │  0   │  0  │ Infinity │    0     │ 614.3 │ 2460 │  0  │      │  400   │  3200000   │  -11500   │   -90790000   │ 400  │ 3200000  │ 0.7  │
│   11    │ 8000 │ 8000 │ 8000 │ 8000 │       │           │   13000   │   300   │  2400000  │ 102790000 │ 1676368200000 │ '2023-02-14T09:50:00.000Z' │ 100  │  0   │  0  │ Infinity │    0     │ 614.3 │ 2460 │  0  │      │  300   │  2400000   │  -11200   │   -88390000   │ 300  │ 2400000  │ 0.5  │
│   12    │ 7900 │ 7900 │ 7900 │ 7900 │ 30000 │ 237000000 │   43000   │  30000  │ 237000000 │ 339790000 │ 1676368320000 │ '2023-02-14T09:52:00.000Z' │  0   │ 100  │  0  │    0     │ Infinity │ 614.3 │ 2460 │  0  │ 12.2 │ -30000 │ -237000000 │  -41200   │  -325390000   │      │          │      │
│   13    │ 7900 │ 7900 │ 7900 │ 7900 │ 4500  │ 35550000  │   47500   │  4500   │ 35550000  │ 375340000 │ 1676368440000 │ '2023-02-14T09:54:00.000Z' │  0   │ 100  │  0  │    0     │ Infinity │ 614.3 │ 2460 │  0  │ 1.8  │ -4500  │ -35550000  │  -45700   │  -360940000   │      │          │      │
│   14    │ 7900 │ 7900 │ 7900 │ 7900 │ 19000 │ 150100000 │   66500   │  19000  │ 150100000 │ 525440000 │ 1676368680000 │ '2023-02-14T09:58:00.000Z' │  0   │ 100  │  0  │    0     │ Infinity │ 614.3 │ 2460 │  0  │ 7.7  │ -19000 │ -150100000 │  -64700   │  -511040000   │      │          │      │
│   15    │ 7900 │ 7900 │ 7900 │ 7900 │ 1000  │  7900000  │   67500   │  1000   │  7900000  │ 533340000 │ 1676368800000 │ '2023-02-14T10:00:00.000Z' │  0   │ 100  │  0  │    0     │ Infinity │ 614.3 │ 2460 │  0  │ 0.4  │ -1000  │  -7900000  │  -65700   │  -518940000   │      │          │      │
│   16    │ 8000 │ 8000 │ 8000 │ 8000 │       │           │   68500   │  1000   │  8000000  │ 541340000 │ 1676368920000 │ '2023-02-14T10:02:00.000Z' │ 100  │  0   │  0  │ Infinity │    0     │ 614.3 │ 2460 │  0  │      │  1000  │  8000000   │  -64700   │  -510940000   │ 1000 │ 8000000  │ 1.6  │
│   17    │ 7900 │ 8000 │ 7900 │ 8000 │  100  │  790000   │   68800   │   300   │  2390000  │ 543730000 │ 1676369760000 │ '2023-02-14T10:16:00.000Z' │ 66.7 │ 33.3 │  0  │    2     │   0.5    │ 614.3 │ 2460 │  0  │  0   │  100   │   810000   │  -64600   │  -510130000   │ 200  │ 1600000  │ 0.3  │
│   18    │ 8000 │ 8000 │ 8000 │ 8000 │       │           │   69300   │   500   │  4000000  │ 547730000 │ 1676369880000 │ '2023-02-14T10:18:00.000Z' │ 100  │  0   │  0  │ Infinity │    0     │ 614.3 │ 2460 │  0  │      │  500   │  4000000   │  -64100   │  -506130000   │ 500  │ 4000000  │ 0.8  │
│   19    │ 7900 │ 7900 │ 7900 │ 7900 │ 5000  │ 39500000  │   74300   │  5000   │ 39500000  │ 587230000 │ 1676370600000 │ '2023-02-14T10:30:00.000Z' │  0   │ 100  │  0  │    0     │ Infinity │ 614.3 │ 2460 │  0  │  2   │ -5000  │ -39500000  │  -69100   │  -545630000   │      │          │      │
│   20    │ 7900 │ 7900 │ 7900 │ 7900 │  300  │  2370000  │   74600   │   300   │  2370000  │ 589600000 │ 1676370720000 │ '2023-02-14T10:32:00.000Z' │  0   │ 100  │  0  │    0     │ Infinity │ 614.3 │ 2460 │  0  │ 0.1  │  -300  │  -2370000  │  -69400   │  -548000000   │      │          │      │
├─────────┼──────┼──────┼──────┼──────┼───────┼───────────┼───────────┼─────────┼───────────┼───────────┼───────────────┼────────────────────────────┼──────┼──────┼─────┼──────────┼──────────┼───────┼──────┼─────┼──────┼────────┼────────────┼───────────┼───────────────┼──────┼──────────┼──────┤
│ (index) │  c   │  h   │  l   │  o   │  sd   │  val_sd   │ total_vol │ sum_vol │    val    │ acum_val  │   datetime    │            date            │ pbu  │ psd  │ puk │    bs    │    sb    │  abu  │ asd  │ auk │ rsd  │ bu-sd  │ bu-sd_val  │ acum_busd │ acum_busd_val │  bu  │  val_bu  │ rbu  │
├─────────┼──────┼──────┼──────┼──────┼───────┼───────────┼───────────┼─────────┼───────────┼───────────┼───────────────┼────────────────────────────┼──────┼──────┼─────┼──────────┼──────────┼───────┼──────┼─────┼──────┼────────┼────────────┼───────────┼───────────────┼──────┼──────────┼──────┤
│   21    │ 7900 │ 7900 │ 7900 │ 7900 │  300  │  2370000  │   74900   │   300   │  2370000  │ 591970000 │ 1676370960000 │ '2023-02-14T10:36:00.000Z' │  0   │ 100  │  0  │    0     │ Infinity │ 614.3 │ 2460 │  0  │ 0.1  │  -300  │  -2370000  │  -69700   │  -550370000   │      │          │      │
│   22    │ 7900 │ 7900 │ 7900 │ 7900 │  200  │  1580000  │   75100   │   200   │  1580000  │ 593550000 │ 1676371200000 │ '2023-02-14T10:40:00.000Z' │  0   │ 100  │  0  │    0     │ Infinity │ 614.3 │ 2460 │  0  │ 0.1  │  -200  │  -1580000  │  -69900   │  -551950000   │      │          │      │
│   23    │ 8000 │ 8000 │ 8000 │ 8000 │       │           │   77600   │  2500   │ 20000000  │ 613550000 │ 1676371560000 │ '2023-02-14T10:46:00.000Z' │ 100  │  0   │  0  │ Infinity │    0     │ 614.3 │ 2460 │  0  │      │  2500  │  20000000  │  -67400   │  -531950000   │ 2500 │ 20000000 │ 4.1  │
│   24    │ 8000 │ 8000 │ 8000 │ 8000 │       │           │   78100   │   500   │  4000000  │ 617550000 │ 1676371680000 │ '2023-02-14T10:48:00.000Z' │ 100  │  0   │  0  │ Infinity │    0     │ 614.3 │ 2460 │  0  │      │  500   │  4000000   │  -66900   │  -527950000   │ 500  │ 4000000  │ 0.8  │
│   25    │ 7900 │ 8000 │ 7900 │ 8000 │ 1400  │ 11060000  │   87200   │  9100   │ 72660000  │ 690210000 │ 1676371920000 │ '2023-02-14T10:52:00.000Z' │ 84.6 │ 15.4 │  0  │   5.5    │   0.2    │ 614.3 │ 2460 │  0  │ 0.6  │  6300  │  50540000  │  -60600   │  -477410000   │ 7700 │ 61600000 │ 12.5 │
│   26    │ 7900 │ 8000 │ 7900 │ 8000 │  500  │  3950000  │   94700   │  7500   │ 59950000  │ 750160000 │ 1676372040000 │ '2023-02-14T10:54:00.000Z' │ 93.3 │ 6.7  │  0  │    14    │   0.1    │ 614.3 │ 2460 │  0  │ 0.2  │  6500  │  52050000  │  -54100   │  -425360000   │ 7000 │ 56000000 │ 11.4 │
│   27    │ 8000 │ 8000 │ 8000 │ 8000 │       │           │   95500   │   800   │  6400000  │ 756560000 │ 1676372160000 │ '2023-02-14T10:56:00.000Z' │ 100  │  0   │  0  │ Infinity │    0     │ 614.3 │ 2460 │  0  │      │  800   │  6400000   │  -53300   │  -418960000   │ 800  │ 6400000  │ 1.3  │
│   28    │ 8000 │ 8000 │ 8000 │ 8000 │       │           │   95700   │   200   │  1600000  │ 758160000 │ 1676372280000 │ '2023-02-14T10:58:00.000Z' │ 100  │  0   │  0  │ Infinity │    0     │ 614.3 │ 2460 │  0  │      │  200   │  1600000   │  -53100   │  -417360000   │ 200  │ 1600000  │ 0.3  │
│   29    │ 8000 │ 8000 │ 8000 │ 8000 │       │           │   95800   │   100   │  800000   │ 758960000 │ 1676372400000 │ '2023-02-14T11:00:00.000Z' │ 100  │  0   │  0  │ Infinity │    0     │ 614.3 │ 2460 │  0  │      │  100   │   800000   │  -53000   │  -416560000   │ 100  │  800000  │ 0.2  │
│   30    │ 7900 │ 8000 │ 7900 │ 8000 │ 5000  │ 39500000  │  100900   │  5100   │ 40300000  │ 799260000 │ 1676372640000 │ '2023-02-14T11:04:00.000Z' │  2   │  98  │  0  │    0     │    50    │ 614.3 │ 2460 │  0  │  2   │ -4900  │ -38700000  │  -57900   │  -455260000   │ 100  │  800000  │ 0.2  │
│   31    │ 7900 │ 7900 │ 7900 │ 7900 │ 1800  │ 14220000  │  102700   │  1800   │ 14220000  │ 813480000 │ 1676372880000 │ '2023-02-14T11:08:00.000Z' │  0   │ 100  │  0  │    0     │ Infinity │ 614.3 │ 2460 │  0  │ 0.7  │ -1800  │ -14220000  │  -59700   │  -469480000   │      │          │      │
│   32    │ 7900 │ 7900 │ 7900 │ 7900 │  100  │  790000   │  102800   │   100   │  790000   │ 814270000 │ 1676373120000 │ '2023-02-14T11:12:00.000Z' │  0   │ 100  │  0  │    0     │ Infinity │ 614.3 │ 2460 │  0  │  0   │  -100  │  -790000   │  -59800   │  -470270000   │      │          │      │
│   33    │ 7900 │ 7900 │ 7900 │ 7900 │ 1800  │ 14220000  │  104600   │  1800   │ 14220000  │ 828490000 │ 1676373240000 │ '2023-02-14T11:14:00.000Z' │  0   │ 100  │  0  │    0     │ Infinity │ 614.3 │ 2460 │  0  │ 0.7  │ -1800  │ -14220000  │  -61600   │  -484490000   │      │          │      │
│   34    │ 7900 │ 7900 │ 7900 │ 7900 │ 3000  │ 23700000  │  107600   │  3000   │ 23700000  │ 852190000 │ 1676373840000 │ '2023-02-14T11:24:00.000Z' │  0   │ 100  │  0  │    0     │ Infinity │ 614.3 │ 2460 │  0  │ 1.2  │ -3000  │ -23700000  │  -64600   │  -508190000   │      │          │      │
└─────────┴──────┴──────┴──────┴──────┴───────┴───────────┴───────────┴─────────┴───────────┴───────────┴───────────────┴────────────────────────────┴──────┴──────┴─────┴──────────┴──────────┴───────┴──────┴─────┴──────┴────────┴────────────┴───────────┴───────────────┴──────┴──────────┴──────┘

