┌─────────┬───────┬───────┬───────┬───────┬──────┬──────────┬───────────┬─────────┬──────────┬───────────┬───────────────┬────────────────────────────┬──────┬──────┬─────┬──────────┬──────────┬───────┬───────┬─────┬─────┬───────┬───────────┬───────────┬───────────────┬──────┬──────────┬─────┐
│ (index) │   c   │   h   │   l   │   o   │  bu  │  val_bu  │ total_vol │ sum_vol │   val    │ acum_val  │   datetime    │            date            │ pbu  │ psd  │ puk │    bs    │    sb    │  abu  │  asd  │ auk │ rbu │ bu-sd │ bu-sd_val │ acum_busd │ acum_busd_val │  sd  │  val_sd  │ rsd │
├─────────┼───────┼───────┼───────┼───────┼──────┼──────────┼───────────┼─────────┼──────────┼───────────┼───────────────┼────────────────────────────┼──────┼──────┼─────┼──────────┼──────────┼───────┼───────┼─────┼─────┼───────┼───────────┼───────────┼───────────────┼──────┼──────────┼─────┤
│    0    │ 13100 │ 13100 │ 13100 │ 13100 │ 2000 │ 26200000 │   2000    │  2000   │ 26200000 │ 26200000  │ 1676366520000 │ '2023-02-14T09:22:00.000Z' │ 100  │  0   │  0  │ Infinity │    0     │ 505.9 │ 364.7 │  0  │  4  │ 2000  │ 26200000  │   2000    │   26200000    │      │          │     │
│    1    │ 12950 │ 13000 │ 12950 │ 13000 │      │          │   2300    │   300   │ 3895000  │ 30095000  │ 1676367840000 │ '2023-02-14T09:44:00.000Z' │  0   │ 100  │  0  │    0     │ Infinity │ 505.9 │ 364.7 │  0  │     │ -300  │ -3895000  │   1700    │   22305000    │ 300  │ 3895000  │ 0.8 │
│    2    │ 12850 │ 12850 │ 12850 │ 12850 │      │          │   2400    │   100   │ 1285000  │ 31380000  │ 1676367960000 │ '2023-02-14T09:46:00.000Z' │  0   │ 100  │  0  │    0     │ Infinity │ 505.9 │ 364.7 │  0  │     │ -100  │ -1285000  │   1600    │   21020000    │ 100  │ 1285000  │ 0.3 │
│    3    │ 12750 │ 12800 │ 12750 │ 12800 │ 100  │ 1280000  │   2600    │   200   │ 2555000  │ 33935000  │ 1676368440000 │ '2023-02-14T09:54:00.000Z' │  50  │  50  │  0  │    1     │    1     │ 505.9 │ 364.7 │  0  │ 0.2 │   0   │   5000    │   1600    │   21025000    │ 100  │ 1275000  │ 0.3 │
│    4    │ 12700 │ 12700 │ 12700 │ 12700 │ 100  │ 1270000  │   2700    │   100   │ 1270000  │ 35205000  │ 1676368560000 │ '2023-02-14T09:56:00.000Z' │ 100  │  0   │  0  │ Infinity │    0     │ 505.9 │ 364.7 │  0  │ 0.2 │  100  │  1270000  │   1700    │   22295000    │      │          │     │
│    5    │ 12650 │ 12800 │ 12650 │ 12800 │ 200  │ 2545000  │   3600    │   900   │ 11435000 │ 46640000  │ 1676368920000 │ '2023-02-14T10:02:00.000Z' │ 22.2 │ 77.8 │  0  │   0.3    │   3.5    │ 505.9 │ 364.7 │  0  │ 0.4 │ -500  │ -6345000  │   1200    │   15950000    │ 700  │ 8890000  │ 1.9 │
│    6    │ 12600 │ 12600 │ 12600 │ 12600 │ 300  │ 3780000  │   3900    │   300   │ 3780000  │ 50420000  │ 1676369040000 │ '2023-02-14T10:04:00.000Z' │ 100  │  0   │  0  │ Infinity │    0     │ 505.9 │ 364.7 │  0  │ 0.6 │  300  │  3780000  │   1500    │   19730000    │      │          │     │
│    7    │ 12600 │ 12600 │ 12600 │ 12600 │ 100  │ 1260000  │   4000    │   100   │ 1260000  │ 51680000  │ 1676369160000 │ '2023-02-14T10:06:00.000Z' │ 100  │  0   │  0  │ Infinity │    0     │ 505.9 │ 364.7 │  0  │ 0.2 │  100  │  1260000  │   1600    │   20990000    │      │          │     │
│    8    │ 12600 │ 12600 │ 12600 │ 12600 │ 800  │ 10080000 │   4800    │   800   │ 10080000 │ 61760000  │ 1676369400000 │ '2023-02-14T10:10:00.000Z' │ 100  │  0   │  0  │ Infinity │    0     │ 505.9 │ 364.7 │  0  │ 1.6 │  800  │ 10080000  │   2400    │   31070000    │      │          │     │
│    9    │ 12600 │ 12600 │ 12600 │ 12600 │ 900  │ 11340000 │   5700    │   900   │ 11340000 │ 73100000  │ 1676369520000 │ '2023-02-14T10:12:00.000Z' │ 100  │  0   │  0  │ Infinity │    0     │ 505.9 │ 364.7 │  0  │ 1.8 │  900  │ 11340000  │   3300    │   42410000    │      │          │     │
│   10    │ 13000 │ 13000 │ 13000 │ 13000 │ 100  │ 1300000  │   5800    │   100   │ 1300000  │ 74400000  │ 1676369760000 │ '2023-02-14T10:16:00.000Z' │ 100  │  0   │  0  │ Infinity │    0     │ 505.9 │ 364.7 │  0  │ 0.2 │  100  │  1300000  │   3400    │   43710000    │      │          │     │
│   11    │ 13000 │ 13000 │ 13000 │ 13000 │      │          │   5900    │   100   │ 1300000  │ 75700000  │ 1676370240000 │ '2023-02-14T10:24:00.000Z' │  0   │ 100  │  0  │    0     │ Infinity │ 505.9 │ 364.7 │  0  │     │ -100  │ -1300000  │   3300    │   42410000    │ 100  │ 1300000  │ 0.3 │
│   12    │ 13000 │ 13000 │ 13000 │ 13000 │      │          │   8200    │  2300   │ 29900000 │ 105600000 │ 1676370360000 │ '2023-02-14T10:26:00.000Z' │  0   │ 100  │  0  │    0     │ Infinity │ 505.9 │ 364.7 │  0  │     │ -2300 │ -29900000 │   1000    │   12510000    │ 2300 │ 29900000 │ 6.3 │
│   13    │ 13100 │ 13100 │ 13100 │ 13100 │ 3000 │ 39300000 │   11200   │  3000   │ 39300000 │ 144900000 │ 1676370480000 │ '2023-02-14T10:28:00.000Z' │ 100  │  0   │  0  │ Infinity │    0     │ 505.9 │ 364.7 │  0  │ 5.9 │ 3000  │ 39300000  │   4000    │   51810000    │      │          │     │
│   14    │ 13000 │ 13000 │ 13000 │ 13000 │      │          │   13700   │  2500   │ 32500000 │ 177400000 │ 1676370600000 │ '2023-02-14T10:30:00.000Z' │  0   │ 100  │  0  │    0     │ Infinity │ 505.9 │ 364.7 │  0  │     │ -2500 │ -32500000 │   1500    │   19310000    │ 2500 │ 32500000 │ 6.9 │
│   15    │ 13100 │ 13100 │ 13100 │ 13100 │ 1000 │ 13100000 │   14700   │  1000   │ 13100000 │ 190500000 │ 1676370720000 │ '2023-02-14T10:32:00.000Z' │ 100  │  0   │  0  │ Infinity │    0     │ 505.9 │ 364.7 │  0  │  2  │ 1000  │ 13100000  │   2500    │   32410000    │      │          │     │
│   16    │ 13000 │ 13000 │ 13000 │ 13000 │      │          │   14800   │   100   │ 1300000  │ 191800000 │ 1676373120000 │ '2023-02-14T11:12:00.000Z' │  0   │ 100  │  0  │    0     │ Infinity │ 505.9 │ 364.7 │  0  │     │ -100  │ -1300000  │   2400    │   31110000    │ 100  │ 1300000  │ 0.3 │
└─────────┴───────┴───────┴───────┴───────┴──────┴──────────┴───────────┴─────────┴──────────┴───────────┴───────────────┴────────────────────────────┴──────┴──────┴─────┴──────────┴──────────┴───────┴───────┴─────┴─────┴───────┴───────────┴───────────┴───────────────┴──────┴──────────┴─────┘

