┌─────────┬──────┬──────┬──────┬──────┬───────┬───────────┬───────────┬─────────┬───────────┬───────────┬──────┬──────────┬───────────────┬────────────────────────────┬──────┬──────┬─────┬──────────┬──────────┬────────┬────────┬─────┬─────┬──────┬───────┬───────────┬───────────┬───────────────┐
│ (index) │  c   │  h   │  l   │  o   │  bu   │  val_bu   │ total_vol │ sum_vol │    val    │ acum_val  │  sd  │  val_sd  │   datetime    │            date            │ pbu  │ psd  │ puk │    bs    │    sb    │  abu   │  asd   │ auk │ rsd │ rbu  │ bu-sd │ bu-sd_val │ acum_busd │ acum_busd_val │
├─────────┼──────┼──────┼──────┼──────┼───────┼───────────┼───────────┼─────────┼───────────┼───────────┼──────┼──────────┼───────────────┼────────────────────────────┼──────┼──────┼─────┼──────────┼──────────┼────────┼────────┼─────┼─────┼──────┼───────┼───────────┼───────────┼───────────────┤
│    0    │ 6680 │ 6710 │ 6680 │ 6710 │ 60500 │ 405953000 │   62900   │  62900  │ 421989000 │ 421989000 │ 2400 │ 16036000 │ 1676366040000 │ '2023-02-14T09:14:00.000Z' │ 96.2 │ 3.8  │  0  │   25.2   │    0     │ 3882.1 │ 1442.9 │  0  │ 1.7 │ 15.6 │ 58100 │ 389917000 │   58100   │   389917000   │
│    1    │ 6600 │ 6680 │ 6600 │ 6680 │ 2200  │ 14528000  │   72200   │  9300   │ 61491000  │ 483480000 │ 7100 │ 46963000 │ 1676366160000 │ '2023-02-14T09:16:00.000Z' │ 23.7 │ 76.3 │  0  │   0.3    │   3.2    │ 3882.1 │ 1442.9 │  0  │ 4.9 │ 0.6  │ -4900 │ -32435000 │   53200   │   357482000   │
│    2    │ 6620 │ 6640 │ 6600 │ 6600 │ 4900  │ 32452000  │   77700   │  5500   │ 36428000  │ 519908000 │ 600  │ 3976000  │ 1676366280000 │ '2023-02-14T09:18:00.000Z' │ 89.1 │ 10.9 │  0  │   8.2    │   0.1    │ 3882.1 │ 1442.9 │  0  │ 0.4 │ 1.3  │ 4300  │ 28476000  │   57500   │   385958000   │
│    3    │ 6600 │ 6630 │ 6570 │ 6620 │ 3900  │ 25745000  │   82700   │  5000   │ 33002000  │ 552910000 │ 1100 │ 7257000  │ 1676366400000 │ '2023-02-14T09:20:00.000Z' │  78  │  22  │  0  │   3.5    │   0.3    │ 3882.1 │ 1442.9 │  0  │ 0.8 │  1   │ 2800  │ 18488000  │   60300   │   404446000   │
│    4    │ 6600 │ 6600 │ 6520 │ 6580 │ 6100  │ 40238000  │   91100   │  8400   │ 55325000  │ 608235000 │ 2300 │ 15087000 │ 1676366520000 │ '2023-02-14T09:22:00.000Z' │ 72.6 │ 27.4 │  0  │   2.7    │   0.4    │ 3882.1 │ 1442.9 │  0  │ 1.6 │ 1.6  │ 3800  │ 25151000  │   64100   │   429597000   │
│    5    │ 6590 │ 6600 │ 6560 │ 6590 │ 2400  │ 15834000  │   94400   │  3300   │ 21744000  │ 629979000 │ 900  │ 5910000  │ 1676366640000 │ '2023-02-14T09:24:00.000Z' │ 72.7 │ 27.3 │  0  │   2.7    │   0.4    │ 3882.1 │ 1442.9 │  0  │ 0.6 │ 0.6  │ 1500  │  9924000  │   65600   │   439521000   │
│    6    │ 6550 │ 6600 │ 6550 │ 6560 │  500  │  3298000  │   97100   │  2700   │ 17717000  │ 647696000 │ 2200 │ 14419000 │ 1676366760000 │ '2023-02-14T09:26:00.000Z' │ 18.5 │ 81.5 │  0  │   0.2    │   4.4    │ 3882.1 │ 1442.9 │  0  │ 1.5 │ 0.1  │ -1700 │ -11121000 │   63900   │   428400000   │
│    7    │ 6550 │ 6550 │ 6520 │ 6540 │  200  │  1310000  │   99300   │  2200   │ 14360000  │ 662056000 │ 2000 │ 13050000 │ 1676366880000 │ '2023-02-14T09:28:00.000Z' │ 9.1  │ 90.9 │  0  │   0.1    │    10    │ 3882.1 │ 1442.9 │  0  │ 1.4 │ 0.1  │ -1800 │ -11740000 │   62100   │   416660000   │
│    8    │ 6550 │ 6550 │ 6510 │ 6550 │  700  │  4583000  │  100500   │  1200   │  7838000  │ 669894000 │ 500  │ 3255000  │ 1676367000000 │ '2023-02-14T09:30:00.000Z' │ 58.3 │ 41.7 │  0  │   1.4    │   0.7    │ 3882.1 │ 1442.9 │  0  │ 0.3 │ 0.2  │  200  │  1328000  │   62300   │   417988000   │
│    9    │ 6510 │ 6510 │ 6510 │ 6510 │       │           │  101000   │   500   │  3255000  │ 673149000 │ 500  │ 3255000  │ 1676367120000 │ '2023-02-14T09:32:00.000Z' │  0   │ 100  │  0  │    0     │ Infinity │ 3882.1 │ 1442.9 │  0  │ 0.3 │      │ -500  │ -3255000  │   61800   │   414733000   │
│   10    │ 6500 │ 6510 │ 6500 │ 6500 │ 1000  │  6510000  │  108300   │  7300   │ 47460000  │ 720609000 │ 6300 │ 40950000 │ 1676367240000 │ '2023-02-14T09:34:00.000Z' │ 13.7 │ 86.3 │  0  │   0.2    │   6.3    │ 3882.1 │ 1442.9 │  0  │ 4.4 │ 0.3  │ -5300 │ -34440000 │   56500   │   380293000   │
│   11    │ 6490 │ 6500 │ 6490 │ 6500 │ 1100  │  7139000  │  111100   │  2800   │ 18187000  │ 738796000 │ 1700 │ 11048000 │ 1676367360000 │ '2023-02-14T09:36:00.000Z' │ 39.3 │ 60.7 │  0  │   0.6    │   1.5    │ 3882.1 │ 1442.9 │  0  │ 1.2 │ 0.3  │ -600  │ -3909000  │   55900   │   376384000   │
│   12    │ 6450 │ 6490 │ 6450 │ 6490 │ 2800  │ 18168000  │  114100   │  3000   │ 19461000  │ 758257000 │ 200  │ 1293000  │ 1676367480000 │ '2023-02-14T09:38:00.000Z' │ 93.3 │ 6.7  │  0  │    14    │   0.1    │ 3882.1 │ 1442.9 │  0  │ 0.1 │ 0.7  │ 2600  │ 16875000  │   58500   │   393259000   │
│   13    │ 6450 │ 6490 │ 6450 │ 6490 │  100  │  649000   │  117200   │  3100   │ 19999000  │ 778256000 │ 3000 │ 19350000 │ 1676367600000 │ '2023-02-14T09:40:00.000Z' │ 3.2  │ 96.8 │  0  │    0     │    30    │ 3882.1 │ 1442.9 │  0  │ 2.1 │  0   │ -2900 │ -18701000 │   55600   │   374558000   │
│   14    │ 6450 │ 6480 │ 6450 │ 6450 │  100  │  648000   │  121300   │  4100   │ 26448000  │ 804704000 │ 4000 │ 25800000 │ 1676367720000 │ '2023-02-14T09:42:00.000Z' │ 2.4  │ 97.6 │  0  │    0     │    40    │ 3882.1 │ 1442.9 │  0  │ 2.8 │  0   │ -3900 │ -25152000 │   51700   │   349406000   │
│   15    │ 6450 │ 6450 │ 6420 │ 6420 │ 1100  │  7095000  │  125000   │  3700   │ 23862000  │ 828566000 │ 2600 │ 16767000 │ 1676367840000 │ '2023-02-14T09:44:00.000Z' │ 29.7 │ 70.3 │  0  │   0.4    │   2.4    │ 3882.1 │ 1442.9 │  0  │ 1.8 │ 0.3  │ -1500 │ -9672000  │   50200   │   339734000   │
│   16    │ 6450 │ 6450 │ 6430 │ 6450 │ 2500  │ 16119000  │  127500   │  2500   │ 16119000  │ 844685000 │      │          │ 1676367960000 │ '2023-02-14T09:46:00.000Z' │ 100  │  0   │  0  │ Infinity │    0     │ 3882.1 │ 1442.9 │  0  │     │ 0.6  │ 2500  │ 16119000  │   52700   │   355853000   │
│   17    │ 6450 │ 6450 │ 6450 │ 6450 │  200  │  1290000  │  127700   │   200   │  1290000  │ 845975000 │      │          │ 1676368080000 │ '2023-02-14T09:48:00.000Z' │ 100  │  0   │  0  │ Infinity │    0     │ 3882.1 │ 1442.9 │  0  │     │ 0.1  │  200  │  1290000  │   52900   │   357143000   │
│   18    │ 6450 │ 6450 │ 6440 │ 6450 │ 5800  │ 37403000  │  133500   │  5800   │ 37403000  │ 883378000 │      │          │ 1676368320000 │ '2023-02-14T09:52:00.000Z' │ 100  │  0   │  0  │ Infinity │    0     │ 3882.1 │ 1442.9 │  0  │     │ 1.5  │ 5800  │ 37403000  │   58700   │   394546000   │
│   19    │ 6450 │ 6450 │ 6450 │ 6450 │  200  │  1290000  │  133700   │   200   │  1290000  │ 884668000 │      │          │ 1676368440000 │ '2023-02-14T09:54:00.000Z' │ 100  │  0   │  0  │ Infinity │    0     │ 3882.1 │ 1442.9 │  0  │     │ 0.1  │  200  │  1290000  │   58900   │   395836000   │
│   20    │ 6410 │ 6410 │ 6410 │ 6410 │       │           │  136700   │  3000   │ 19230000  │ 903898000 │ 3000 │ 19230000 │ 1676368560000 │ '2023-02-14T09:56:00.000Z' │  0   │ 100  │  0  │    0     │ Infinity │ 3882.1 │ 1442.9 │  0  │ 2.1 │      │ -3000 │ -19230000 │   55900   │   376606000   │
├─────────┼──────┼──────┼──────┼──────┼───────┼───────────┼───────────┼─────────┼───────────┼───────────┼──────┼──────────┼───────────────┼────────────────────────────┼──────┼──────┼─────┼──────────┼──────────┼────────┼────────┼─────┼─────┼──────┼───────┼───────────┼───────────┼───────────────┤
│ (index) │  c   │  h   │  l   │  o   │  bu   │  val_bu   │ total_vol │ sum_vol │    val    │ acum_val  │  sd  │  val_sd  │   datetime    │            date            │ pbu  │ psd  │ puk │    bs    │    sb    │  abu   │  asd   │ auk │ rsd │ rbu  │ bu-sd │ bu-sd_val │ acum_busd │ acum_busd_val │
├─────────┼──────┼──────┼──────┼──────┼───────┼───────────┼───────────┼─────────┼───────────┼───────────┼──────┼──────────┼───────────────┼────────────────────────────┼──────┼──────┼─────┼──────────┼──────────┼────────┼────────┼─────┼─────┼──────┼───────┼───────────┼───────────┼───────────────┤
│   21    │ 6440 │ 6440 │ 6440 │ 6440 │ 1100  │  7084000  │  137800   │  1100   │  7084000  │ 910982000 │      │          │ 1676368680000 │ '2023-02-14T09:58:00.000Z' │ 100  │  0   │  0  │ Infinity │    0     │ 3882.1 │ 1442.9 │  0  │     │ 0.3  │ 1100  │  7084000  │   57000   │   383690000   │
│   22    │ 6440 │ 6440 │ 6440 │ 6440 │  200  │  1288000  │  138000   │   200   │  1288000  │ 912270000 │      │          │ 1676368800000 │ '2023-02-14T10:00:00.000Z' │ 100  │  0   │  0  │ Infinity │    0     │ 3882.1 │ 1442.9 │  0  │     │ 0.1  │  200  │  1288000  │   57200   │   384978000   │
│   23    │ 6420 │ 6440 │ 6420 │ 6440 │  300  │  1928000  │  138300   │   300   │  1928000  │ 914198000 │      │          │ 1676369040000 │ '2023-02-14T10:04:00.000Z' │ 100  │  0   │  0  │ Infinity │    0     │ 3882.1 │ 1442.9 │  0  │     │ 0.1  │  300  │  1928000  │   57500   │   386906000   │
│   24    │ 6420 │ 6420 │ 6420 │ 6420 │  200  │  1284000  │  138500   │   200   │  1284000  │ 915482000 │      │          │ 1676369160000 │ '2023-02-14T10:06:00.000Z' │ 100  │  0   │  0  │ Infinity │    0     │ 3882.1 │ 1442.9 │  0  │     │ 0.1  │  200  │  1284000  │   57700   │   388190000   │
│   25    │ 6440 │ 6440 │ 6440 │ 6440 │ 1000  │  6440000  │  139500   │  1000   │  6440000  │ 921922000 │      │          │ 1676369280000 │ '2023-02-14T10:08:00.000Z' │ 100  │  0   │  0  │ Infinity │    0     │ 3882.1 │ 1442.9 │  0  │     │ 0.3  │ 1000  │  6440000  │   58700   │   394630000   │
│   26    │ 6480 │ 6480 │ 6440 │ 6440 │ 6100  │ 39411000  │  145600   │  6100   │ 39411000  │ 961333000 │      │          │ 1676369400000 │ '2023-02-14T10:10:00.000Z' │ 100  │  0   │  0  │ Infinity │    0     │ 3882.1 │ 1442.9 │  0  │     │ 1.6  │ 6100  │ 39411000  │   64800   │   434041000   │
│   27    │ 6500 │ 6500 │ 6490 │ 6490 │ 3500  │ 22724000  │  149100   │  3500   │ 22724000  │ 984057000 │      │          │ 1676369520000 │ '2023-02-14T10:12:00.000Z' │ 100  │  0   │  0  │ Infinity │    0     │ 3882.1 │ 1442.9 │  0  │     │ 0.9  │ 3500  │ 22724000  │   68300   │   456765000   │
└─────────┴──────┴──────┴──────┴──────┴───────┴───────────┴───────────┴─────────┴───────────┴───────────┴──────┴──────────┴───────────────┴────────────────────────────┴──────┴──────┴─────┴──────────┴──────────┴────────┴────────┴─────┴─────┴──────┴───────┴───────────┴───────────┴───────────────┘

