┌─────────┬──────┬──────┬──────┬──────┬───────┬───────────┬───────────┬─────────┬───────────┬───────────┬───────────────┬────────────────────────────┬──────┬──────┬─────┬──────────┬──────────┬─────┬──────┬─────┬──────┬────────┬────────────┬───────────┬───────────────┬──────┬──────────┬─────┐
│ (index) │  c   │  h   │  l   │  o   │  sd   │  val_sd   │ total_vol │ sum_vol │    val    │ acum_val  │   datetime    │            date            │ pbu  │ psd  │ puk │    bs    │    sb    │ abu │ asd  │ auk │ rsd  │ bu-sd  │ bu-sd_val  │ acum_busd │ acum_busd_val │  bu  │  val_bu  │ rbu │
├─────────┼──────┼──────┼──────┼──────┼───────┼───────────┼───────────┼─────────┼───────────┼───────────┼───────────────┼────────────────────────────┼──────┼──────┼─────┼──────────┼──────────┼─────┼──────┼─────┼──────┼────────┼────────────┼───────────┼───────────────┼──────┼──────────┼─────┤
│    0    │ 3500 │ 3500 │ 3500 │ 3500 │  300  │  1050000  │    300    │   300   │  1050000  │  1050000  │ 1676365200000 │ '2023-02-14T09:00:00.000Z' │  0   │ 100  │  0  │    0     │ Infinity │ 600 │ 3220 │  0  │ 0.1  │  -300  │  -1050000  │   -300    │   -1050000    │      │          │     │
│    1    │ 3600 │ 3600 │ 3600 │ 3600 │       │           │    400    │   100   │  360000   │  1410000  │ 1676365320000 │ '2023-02-14T09:02:00.000Z' │ 100  │  0   │  0  │ Infinity │    0     │ 600 │ 3220 │  0  │      │  100   │   360000   │   -200    │    -690000    │ 100  │  360000  │ 0.2 │
│    2    │ 3600 │ 3600 │ 3600 │ 3600 │       │           │    500    │   100   │  360000   │  1770000  │ 1676365440000 │ '2023-02-14T09:04:00.000Z' │ 100  │  0   │  0  │ Infinity │    0     │ 600 │ 3220 │  0  │      │  100   │   360000   │   -100    │    -330000    │ 100  │  360000  │ 0.2 │
│    3    │ 3600 │ 3600 │ 3600 │ 3600 │       │           │    600    │   100   │  360000   │  2130000  │ 1676365680000 │ '2023-02-14T09:08:00.000Z' │ 100  │  0   │  0  │ Infinity │    0     │ 600 │ 3220 │  0  │      │  100   │   360000   │     0     │     30000     │ 100  │  360000  │ 0.2 │
│    4    │ 3600 │ 3600 │ 3600 │ 3600 │       │           │    700    │   100   │  360000   │  2490000  │ 1676365920000 │ '2023-02-14T09:12:00.000Z' │ 100  │  0   │  0  │ Infinity │    0     │ 600 │ 3220 │  0  │      │  100   │   360000   │    100    │    390000     │ 100  │  360000  │ 0.2 │
│    5    │ 3600 │ 3600 │ 3600 │ 3600 │       │           │   1200    │   500   │  1800000  │  4290000  │ 1676366160000 │ '2023-02-14T09:16:00.000Z' │ 100  │  0   │  0  │ Infinity │    0     │ 600 │ 3220 │  0  │      │  500   │  1800000   │    600    │    2190000    │ 500  │ 1800000  │ 0.8 │
│    6    │ 3600 │ 3600 │ 3600 │ 3600 │       │           │   1500    │   300   │  1080000  │  5370000  │ 1676366280000 │ '2023-02-14T09:18:00.000Z' │ 100  │  0   │  0  │ Infinity │    0     │ 600 │ 3220 │  0  │      │  300   │  1080000   │    900    │    3270000    │ 300  │ 1080000  │ 0.5 │
│    7    │ 3500 │ 3500 │ 3500 │ 3500 │ 10000 │ 35000000  │   11500   │  10000  │ 35000000  │ 40370000  │ 1676366640000 │ '2023-02-14T09:24:00.000Z' │  0   │ 100  │  0  │    0     │ Infinity │ 600 │ 3220 │  0  │ 3.1  │ -10000 │ -35000000  │   -9100   │   -31730000   │      │          │     │
│    8    │ 3500 │ 3500 │ 3500 │ 3500 │ 5700  │ 19950000  │   17200   │  5700   │ 19950000  │ 60320000  │ 1676366880000 │ '2023-02-14T09:28:00.000Z' │  0   │ 100  │  0  │    0     │ Infinity │ 600 │ 3220 │  0  │ 1.8  │ -5700  │ -19950000  │  -14800   │   -51680000   │      │          │     │
│    9    │ 3600 │ 3600 │ 3600 │ 3600 │       │           │   17400   │   200   │  720000   │ 61040000  │ 1676367000000 │ '2023-02-14T09:30:00.000Z' │ 100  │  0   │  0  │ Infinity │    0     │ 600 │ 3220 │  0  │      │  200   │   720000   │  -14600   │   -50960000   │ 200  │  720000  │ 0.3 │
│   10    │ 3500 │ 3500 │ 3500 │ 3500 │  900  │  3150000  │   18300   │   900   │  3150000  │ 64190000  │ 1676367240000 │ '2023-02-14T09:34:00.000Z' │  0   │ 100  │  0  │    0     │ Infinity │ 600 │ 3220 │  0  │ 0.3  │  -900  │  -3150000  │  -15500   │   -54110000   │      │          │     │
│   11    │ 3600 │ 3600 │ 3600 │ 3600 │       │           │   18500   │   200   │  720000   │ 64910000  │ 1676368080000 │ '2023-02-14T09:48:00.000Z' │ 100  │  0   │  0  │ Infinity │    0     │ 600 │ 3220 │  0  │      │  200   │   720000   │  -15300   │   -53390000   │ 200  │  720000  │ 0.3 │
│   12    │ 3500 │ 3500 │ 3500 │ 3500 │ 1500  │  5250000  │   20000   │  1500   │  5250000  │ 70160000  │ 1676368320000 │ '2023-02-14T09:52:00.000Z' │  0   │ 100  │  0  │    0     │ Infinity │ 600 │ 3220 │  0  │ 0.5  │ -1500  │  -5250000  │  -16800   │   -58640000   │      │          │     │
│   13    │ 3500 │ 3500 │ 3500 │ 3500 │  200  │  700000   │   20200   │   200   │  700000   │ 70860000  │ 1676368560000 │ '2023-02-14T09:56:00.000Z' │  0   │ 100  │  0  │    0     │ Infinity │ 600 │ 3220 │  0  │ 0.1  │  -200  │  -700000   │  -17000   │   -59340000   │      │          │     │
│   14    │ 3500 │ 3500 │ 3500 │ 3500 │  500  │  1750000  │   20700   │   500   │  1750000  │ 72610000  │ 1676368920000 │ '2023-02-14T10:02:00.000Z' │  0   │ 100  │  0  │    0     │ Infinity │ 600 │ 3220 │  0  │ 0.2  │  -500  │  -1750000  │  -17500   │   -61090000   │      │          │     │
│   15    │ 3500 │ 3500 │ 3500 │ 3500 │ 22800 │ 79800000  │   43500   │  22800  │ 79800000  │ 152410000 │ 1676369160000 │ '2023-02-14T10:06:00.000Z' │  0   │ 100  │  0  │    0     │ Infinity │ 600 │ 3220 │  0  │ 7.1  │ -22800 │ -79800000  │  -40300   │  -140890000   │      │          │     │
│   16    │ 3500 │ 3500 │ 3500 │ 3500 │ 32900 │ 115150000 │   76400   │  32900  │ 115150000 │ 267560000 │ 1676369280000 │ '2023-02-14T10:08:00.000Z' │  0   │ 100  │  0  │    0     │ Infinity │ 600 │ 3220 │  0  │ 10.2 │ -32900 │ -115150000 │  -73200   │  -256040000   │      │          │     │
│   17    │ 3500 │ 3500 │ 3500 │ 3500 │       │           │   79300   │  2900   │ 10150000  │ 277710000 │ 1676369400000 │ '2023-02-14T10:10:00.000Z' │ 100  │  0   │  0  │ Infinity │    0     │ 600 │ 3220 │  0  │      │  2900  │  10150000  │  -70300   │  -245890000   │ 2900 │ 10150000 │ 4.8 │
│   18    │ 3500 │ 3500 │ 3500 │ 3500 │ 7600  │ 26600000  │   89000   │  9700   │ 33950000  │ 311660000 │ 1676369520000 │ '2023-02-14T10:12:00.000Z' │ 21.6 │ 78.4 │  0  │   0.3    │   3.6    │ 600 │ 3220 │  0  │ 2.4  │ -5500  │ -19250000  │  -75800   │  -265140000   │ 2100 │ 7350000  │ 3.5 │
│   19    │ 3500 │ 3500 │ 3500 │ 3500 │ 2900  │ 10150000  │   91900   │  2900   │ 10150000  │ 321810000 │ 1676369880000 │ '2023-02-14T10:18:00.000Z' │  0   │ 100  │  0  │    0     │ Infinity │ 600 │ 3220 │  0  │ 0.9  │ -2900  │ -10150000  │  -78700   │  -275290000   │      │          │     │
│   20    │ 3500 │ 3500 │ 3500 │ 3500 │ 1900  │  6650000  │   93800   │  1900   │  6650000  │ 328460000 │ 1676370000000 │ '2023-02-14T10:20:00.000Z' │  0   │ 100  │  0  │    0     │ Infinity │ 600 │ 3220 │  0  │ 0.6  │ -1900  │  -6650000  │  -80600   │  -281940000   │      │          │     │
├─────────┼──────┼──────┼──────┼──────┼───────┼───────────┼───────────┼─────────┼───────────┼───────────┼───────────────┼────────────────────────────┼──────┼──────┼─────┼──────────┼──────────┼─────┼──────┼─────┼──────┼────────┼────────────┼───────────┼───────────────┼──────┼──────────┼─────┤
│ (index) │  c   │  h   │  l   │  o   │  sd   │  val_sd   │ total_vol │ sum_vol │    val    │ acum_val  │   datetime    │            date            │ pbu  │ psd  │ puk │    bs    │    sb    │ abu │ asd  │ auk │ rsd  │ bu-sd  │ bu-sd_val  │ acum_busd │ acum_busd_val │  bu  │  val_bu  │ rbu │
├─────────┼──────┼──────┼──────┼──────┼───────┼───────────┼───────────┼─────────┼───────────┼───────────┼───────────────┼────────────────────────────┼──────┼──────┼─────┼──────────┼──────────┼─────┼──────┼─────┼──────┼────────┼────────────┼───────────┼───────────────┼──────┼──────────┼─────┤
│   21    │ 3600 │ 3600 │ 3600 │ 3600 │       │           │   93900   │   100   │  360000   │ 328820000 │ 1676370120000 │ '2023-02-14T10:22:00.000Z' │ 100  │  0   │  0  │ Infinity │    0     │ 600 │ 3220 │  0  │      │  100   │   360000   │  -80500   │  -281580000   │ 100  │  360000  │ 0.2 │
│   22    │ 3500 │ 3500 │ 3500 │ 3500 │  600  │  2100000  │   94500   │   600   │  2100000  │ 330920000 │ 1676370360000 │ '2023-02-14T10:26:00.000Z' │  0   │ 100  │  0  │    0     │ Infinity │ 600 │ 3220 │  0  │ 0.2  │  -600  │  -2100000  │  -81100   │  -283680000   │      │          │     │
│   23    │ 3500 │ 3500 │ 3500 │ 3500 │ 3000  │ 10500000  │   97500   │  3000   │ 10500000  │ 341420000 │ 1676370720000 │ '2023-02-14T10:32:00.000Z' │  0   │ 100  │  0  │    0     │ Infinity │ 600 │ 3220 │  0  │ 0.9  │ -3000  │ -10500000  │  -84100   │  -294180000   │      │          │     │
│   24    │ 3500 │ 3500 │ 3500 │ 3500 │ 2500  │  8750000  │  100000   │  2500   │  8750000  │ 350170000 │ 1676371200000 │ '2023-02-14T10:40:00.000Z' │  0   │ 100  │  0  │    0     │ Infinity │ 600 │ 3220 │  0  │ 0.8  │ -2500  │  -8750000  │  -86600   │  -302930000   │      │          │     │
│   25    │ 3500 │ 3500 │ 3500 │ 3500 │ 10000 │ 35000000  │  110000   │  10000  │ 35000000  │ 385170000 │ 1676371320000 │ '2023-02-14T10:42:00.000Z' │  0   │ 100  │  0  │    0     │ Infinity │ 600 │ 3220 │  0  │ 3.1  │ -10000 │ -35000000  │  -96600   │  -337930000   │      │          │     │
│   26    │ 3500 │ 3500 │ 3500 │ 3500 │ 6000  │ 21000000  │  116000   │  6000   │ 21000000  │ 406170000 │ 1676371440000 │ '2023-02-14T10:44:00.000Z' │  0   │ 100  │  0  │    0     │ Infinity │ 600 │ 3220 │  0  │ 1.9  │ -6000  │ -21000000  │  -102600  │  -358930000   │      │          │     │
│   27    │ 3600 │ 3600 │ 3600 │ 3600 │       │           │  120000   │  4000   │ 14400000  │ 420570000 │ 1676371680000 │ '2023-02-14T10:48:00.000Z' │ 100  │  0   │  0  │ Infinity │    0     │ 600 │ 3220 │  0  │      │  4000  │  14400000  │  -98600   │  -344530000   │ 4000 │ 14400000 │ 6.7 │
│   28    │ 3600 │ 3600 │ 3600 │ 3600 │       │           │  124300   │  4300   │ 15480000  │ 436050000 │ 1676371800000 │ '2023-02-14T10:50:00.000Z' │ 100  │  0   │  0  │ Infinity │    0     │ 600 │ 3220 │  0  │      │  4300  │  15480000  │  -94300   │  -329050000   │ 4300 │ 15480000 │ 7.2 │
│   29    │ 3600 │ 3600 │ 3600 │ 3600 │       │           │  124500   │   200   │  720000   │ 436770000 │ 1676371920000 │ '2023-02-14T10:52:00.000Z' │ 100  │  0   │  0  │ Infinity │    0     │ 600 │ 3220 │  0  │      │  200   │   720000   │  -94100   │  -328330000   │ 200  │  720000  │ 0.3 │
│   30    │ 3600 │ 3600 │ 3600 │ 3600 │       │           │  130300   │  5800   │ 20880000  │ 457650000 │ 1676372280000 │ '2023-02-14T10:58:00.000Z' │ 100  │  0   │  0  │ Infinity │    0     │ 600 │ 3220 │  0  │      │  5800  │  20880000  │  -88300   │  -307450000   │ 5800 │ 20880000 │ 9.7 │
│   31    │ 3500 │ 3500 │ 3500 │ 3500 │ 2600  │  9100000  │  132900   │  2600   │  9100000  │ 466750000 │ 1676372760000 │ '2023-02-14T11:06:00.000Z' │  0   │ 100  │  0  │    0     │ Infinity │ 600 │ 3220 │  0  │ 0.8  │ -2600  │  -9100000  │  -90900   │  -316550000   │      │          │     │
│   32    │ 3500 │ 3500 │ 3500 │ 3500 │  200  │  700000   │  133100   │   200   │  700000   │ 467450000 │ 1676373000000 │ '2023-02-14T11:10:00.000Z' │  0   │ 100  │  0  │    0     │ Infinity │ 600 │ 3220 │  0  │ 0.1  │  -200  │  -700000   │  -91100   │  -317250000   │      │          │     │
│   33    │ 3500 │ 3500 │ 3500 │ 3500 │  500  │  1750000  │  133600   │   500   │  1750000  │ 469200000 │ 1676373840000 │ '2023-02-14T11:24:00.000Z' │  0   │ 100  │  0  │    0     │ Infinity │ 600 │ 3220 │  0  │ 0.2  │  -500  │  -1750000  │  -91600   │  -319000000   │      │          │     │
│   34    │ 3500 │ 3500 │ 3500 │ 3500 │  100  │  350000   │  133700   │   100   │  350000   │ 469550000 │ 1676374080000 │ '2023-02-14T11:28:00.000Z' │  0   │ 100  │  0  │    0     │ Infinity │ 600 │ 3220 │  0  │  0   │  -100  │  -350000   │  -91700   │  -319350000   │      │          │     │
└─────────┴──────┴──────┴──────┴──────┴───────┴───────────┴───────────┴─────────┴───────────┴───────────┴───────────────┴────────────────────────────┴──────┴──────┴─────┴──────────┴──────────┴─────┴──────┴─────┴──────┴────────┴────────────┴───────────┴───────────────┴──────┴──────────┴─────┘

