┌─────────┬──────┬──────┬──────┬──────┬──────┬──────────┬───────────┬─────────┬──────────┬──────────┬───────────────┬────────────────────────────┬──────┬──────┬─────┬──────────┬──────────┬───────┬───────┬─────┬─────┬───────┬───────────┬───────────┬───────────────┬──────┬─────────┬─────┐
│ (index) │  c   │  h   │  l   │  o   │  bu  │  val_bu  │ total_vol │ sum_vol │   val    │ acum_val │   datetime    │            date            │ pbu  │ psd  │ puk │    bs    │    sb    │  abu  │  asd  │ auk │ rbu │ bu-sd │ bu-sd_val │ acum_busd │ acum_busd_val │  sd  │ val_sd  │ rsd │
├─────────┼──────┼──────┼──────┼──────┼──────┼──────────┼───────────┼─────────┼──────────┼──────────┼───────────────┼────────────────────────────┼──────┼──────┼─────┼──────────┼──────────┼───────┼───────┼─────┼─────┼───────┼───────────┼───────────┼───────────────┼──────┼─────────┼─────┤
│    0    │ 3700 │ 3700 │ 3700 │ 3700 │ 100  │  370000  │    100    │   100   │  370000  │  370000  │ 1676366160000 │ '2023-02-14T09:16:00.000Z' │ 100  │  0   │  0  │ Infinity │    0     │ 588.9 │ 438.9 │  0  │ 0.2 │  100  │  370000   │    100    │    370000     │      │         │     │
│    1    │ 3710 │ 3710 │ 3710 │ 3710 │ 500  │ 1855000  │    600    │   500   │ 1855000  │ 2225000  │ 1676367600000 │ '2023-02-14T09:40:00.000Z' │ 100  │  0   │  0  │ Infinity │    0     │ 588.9 │ 438.9 │  0  │ 0.8 │  500  │  1855000  │    600    │    2225000    │      │         │     │
│    2    │ 3710 │ 3710 │ 3710 │ 3710 │ 2600 │ 9646000  │   5600    │  5000   │ 18550000 │ 20775000 │ 1676369040000 │ '2023-02-14T10:04:00.000Z' │  52  │  48  │  0  │   1.1    │   0.9    │ 588.9 │ 438.9 │  0  │ 4.4 │  200  │  742000   │    800    │    2967000    │ 2400 │ 8904000 │ 5.5 │
│    3    │ 3730 │ 3730 │ 3730 │ 3730 │ 500  │ 1865000  │   6100    │   500   │ 1865000  │ 22640000 │ 1676369640000 │ '2023-02-14T10:14:00.000Z' │ 100  │  0   │  0  │ Infinity │    0     │ 588.9 │ 438.9 │  0  │ 0.8 │  500  │  1865000  │   1300    │    4832000    │      │         │     │
│    4    │ 3740 │ 3740 │ 3730 │ 3730 │ 100  │  374000  │   6400    │   300   │ 1120000  │ 23760000 │ 1676370120000 │ '2023-02-14T10:22:00.000Z' │ 33.3 │ 66.7 │  0  │   0.5    │    2     │ 588.9 │ 438.9 │  0  │ 0.2 │ -100  │  -372000  │   1200    │    4460000    │ 200  │ 746000  │ 0.5 │
│    5    │ 3740 │ 3740 │ 3740 │ 3740 │ 1000 │ 3740000  │   7400    │  1000   │ 3740000  │ 27500000 │ 1676370240000 │ '2023-02-14T10:24:00.000Z' │ 100  │  0   │  0  │ Infinity │    0     │ 588.9 │ 438.9 │  0  │ 1.7 │ 1000  │  3740000  │   2200    │    8200000    │      │         │     │
│    6    │ 3740 │ 3740 │ 3740 │ 3740 │      │          │   7800    │   400   │ 1496000  │ 28996000 │ 1676370360000 │ '2023-02-14T10:26:00.000Z' │  0   │ 100  │  0  │    0     │ Infinity │ 588.9 │ 438.9 │  0  │     │ -400  │ -1496000  │   1800    │    6704000    │ 400  │ 1496000 │ 0.9 │
│    7    │ 3740 │ 3740 │ 3740 │ 3740 │      │          │   7900    │   100   │  374000  │ 29370000 │ 1676370480000 │ '2023-02-14T10:28:00.000Z' │  0   │ 100  │  0  │    0     │ Infinity │ 588.9 │ 438.9 │  0  │     │ -100  │  -374000  │   1700    │    6330000    │ 100  │ 374000  │ 0.2 │
│    8    │ 3740 │ 3740 │ 3740 │ 3740 │ 200  │  748000  │   8100    │   200   │  748000  │ 30118000 │ 1676371080000 │ '2023-02-14T10:38:00.000Z' │ 100  │  0   │  0  │ Infinity │    0     │ 588.9 │ 438.9 │  0  │ 0.3 │  200  │  748000   │   1900    │    7078000    │      │         │     │
│    9    │ 3730 │ 3740 │ 3730 │ 3740 │ 1000 │ 3740000  │   9300    │  1200   │ 4486000  │ 34604000 │ 1676371800000 │ '2023-02-14T10:50:00.000Z' │ 83.3 │ 16.7 │  0  │    5     │   0.2    │ 588.9 │ 438.9 │  0  │ 1.7 │  800  │  2994000  │   2700    │   10072000    │ 200  │ 746000  │ 0.5 │
│   10    │ 3730 │ 3730 │ 3730 │ 3730 │      │          │   9400    │   100   │  373000  │ 34977000 │ 1676372040000 │ '2023-02-14T10:54:00.000Z' │  0   │ 100  │  0  │    0     │ Infinity │ 588.9 │ 438.9 │  0  │     │ -100  │  -373000  │   2600    │    9699000    │ 100  │ 373000  │ 0.2 │
│   11    │ 3740 │ 3740 │ 3740 │ 3740 │ 100  │  374000  │   9500    │   100   │  374000  │ 35351000 │ 1676372160000 │ '2023-02-14T10:56:00.000Z' │ 100  │  0   │  0  │ Infinity │    0     │ 588.9 │ 438.9 │  0  │ 0.2 │  100  │  374000   │   2700    │   10073000    │      │         │     │
│   12    │ 3740 │ 3740 │ 3740 │ 3740 │      │          │   11500   │  2000   │ 7480000  │ 42831000 │ 1676372400000 │ '2023-02-14T11:00:00.000Z' │  0   │ 100  │  0  │    0     │ Infinity │ 588.9 │ 438.9 │  0  │     │ -2000 │ -7480000  │    700    │    2593000    │ 2000 │ 7480000 │ 4.6 │
│   13    │ 3740 │ 3740 │ 3740 │ 3740 │      │          │   12500   │  1000   │ 3740000  │ 46571000 │ 1676372520000 │ '2023-02-14T11:02:00.000Z' │  0   │ 100  │  0  │    0     │ Infinity │ 588.9 │ 438.9 │  0  │     │ -1000 │ -3740000  │   -300    │   -1147000    │ 1000 │ 3740000 │ 2.3 │
│   14    │ 3740 │ 3740 │ 3740 │ 3740 │ 1000 │ 3740000  │   13500   │  1000   │ 3740000  │ 50311000 │ 1676372760000 │ '2023-02-14T11:06:00.000Z' │ 100  │  0   │  0  │ Infinity │    0     │ 588.9 │ 438.9 │  0  │ 1.7 │ 1000  │  3740000  │    700    │    2593000    │      │         │     │
│   15    │ 3740 │ 3740 │ 3740 │ 3740 │ 3500 │ 13090000 │   17500   │  4000   │ 14960000 │ 65271000 │ 1676373120000 │ '2023-02-14T11:12:00.000Z' │ 87.5 │ 12.5 │  0  │    7     │   0.1    │ 588.9 │ 438.9 │  0  │ 5.9 │ 3000  │ 11220000  │   3700    │   13813000    │ 500  │ 1870000 │ 1.1 │
│   16    │ 3740 │ 3740 │ 3740 │ 3740 │      │          │   18300   │   800   │ 2992000  │ 68263000 │ 1676373480000 │ '2023-02-14T11:18:00.000Z' │  0   │ 100  │  0  │    0     │ Infinity │ 588.9 │ 438.9 │  0  │     │ -800  │ -2992000  │   2900    │   10821000    │ 800  │ 2992000 │ 1.8 │
│   17    │ 3740 │ 3740 │ 3740 │ 3740 │      │          │   18500   │   200   │  748000  │ 69011000 │ 1676373960000 │ '2023-02-14T11:26:00.000Z' │  0   │ 100  │  0  │    0     │ Infinity │ 588.9 │ 438.9 │  0  │     │ -200  │  -748000  │   2700    │   10073000    │ 200  │ 748000  │ 0.5 │
└─────────┴──────┴──────┴──────┴──────┴──────┴──────────┴───────────┴─────────┴──────────┴──────────┴───────────────┴────────────────────────────┴──────┴──────┴─────┴──────────┴──────────┴───────┴───────┴─────┴─────┴───────┴───────────┴───────────┴───────────────┴──────┴─────────┴─────┘

