┌─────────┬───────┬───────┬───────┬───────┬──────┬───────────┬───────────┬─────────┬───────────┬────────────┬───────────────┬────────────────────────────┬──────┬──────┬─────┬──────────┬──────────┬───────┬─────┬─────┬──────┬───────┬────────────┬───────────┬───────────────┬──────┬───────────┬──────┐
│ (index) │   c   │   h   │   l   │   o   │  bu  │  val_bu   │ total_vol │ sum_vol │    val    │  acum_val  │   datetime    │            date            │ pbu  │ psd  │ puk │    bs    │    sb    │  abu  │ asd │ auk │ rbu  │ bu-sd │ bu-sd_val  │ acum_busd │ acum_busd_val │  sd  │  val_sd   │ rsd  │
├─────────┼───────┼───────┼───────┼───────┼──────┼───────────┼───────────┼─────────┼───────────┼────────────┼───────────────┼────────────────────────────┼──────┼──────┼─────┼──────────┼──────────┼───────┼─────┼─────┼──────┼───────┼────────────┼───────────┼───────────────┼──────┼───────────┼──────┤
│    0    │ 45900 │ 45900 │ 45900 │ 45900 │ 1000 │ 45900000  │   1000    │  1000   │ 45900000  │  45900000  │ 1676366160000 │ '2023-02-14T09:16:00.000Z' │ 100  │  0   │  0  │ Infinity │    0     │ 342.5 │ 455 │  0  │ 2.9  │ 1000  │  45900000  │   1000    │   45900000    │      │           │      │
│    1    │ 47000 │ 47000 │ 46600 │ 46600 │ 4000 │ 187780000 │   5000    │  4000   │ 187780000 │ 233680000  │ 1676366400000 │ '2023-02-14T09:20:00.000Z' │ 100  │  0   │  0  │ Infinity │    0     │ 342.5 │ 455 │  0  │ 11.7 │ 4000  │ 187780000  │   5000    │   233680000   │      │           │      │
│    2    │ 46900 │ 46900 │ 46900 │ 46900 │ 100  │  4690000  │   5100    │   100   │  4690000  │ 238370000  │ 1676367000000 │ '2023-02-14T09:30:00.000Z' │ 100  │  0   │  0  │ Infinity │    0     │ 342.5 │ 455 │  0  │ 0.3  │  100  │  4690000   │   5100    │   238370000   │      │           │      │
│    3    │ 46500 │ 46500 │ 46500 │ 46500 │      │           │   8000    │  2900   │ 134850000 │ 373220000  │ 1676367720000 │ '2023-02-14T09:42:00.000Z' │  0   │ 100  │  0  │    0     │ Infinity │ 342.5 │ 455 │  0  │      │ -2900 │ -134850000 │   2200    │   103520000   │ 2900 │ 134850000 │ 6.4  │
│    4    │ 46500 │ 46500 │ 46500 │ 46500 │      │           │   8100    │   100   │  4650000  │ 377870000  │ 1676367840000 │ '2023-02-14T09:44:00.000Z' │  0   │ 100  │  0  │    0     │ Infinity │ 342.5 │ 455 │  0  │      │ -100  │  -4650000  │   2100    │   98870000    │ 100  │  4650000  │ 0.2  │
│    5    │ 46500 │ 46500 │ 46500 │ 46500 │      │           │   9100    │  1000   │ 46500000  │ 424370000  │ 1676367960000 │ '2023-02-14T09:46:00.000Z' │  0   │ 100  │  0  │    0     │ Infinity │ 342.5 │ 455 │  0  │      │ -1000 │ -46500000  │   1100    │   52370000    │ 1000 │ 46500000  │ 2.2  │
│    6    │ 46500 │ 46500 │ 46450 │ 46450 │ 200  │  9295000  │   9300    │   200   │  9295000  │ 433665000  │ 1676368320000 │ '2023-02-14T09:52:00.000Z' │ 100  │  0   │  0  │ Infinity │    0     │ 342.5 │ 455 │  0  │ 0.6  │  200  │  9295000   │   1300    │   61665000    │      │           │      │
│    7    │ 46500 │ 46500 │ 46100 │ 46500 │ 300  │ 13950000  │   9700    │   400   │ 18560000  │ 452225000  │ 1676368440000 │ '2023-02-14T09:54:00.000Z' │  75  │  25  │  0  │    3     │   0.3    │ 342.5 │ 455 │  0  │ 0.9  │  200  │  9340000   │   1500    │   71005000    │ 100  │  4610000  │ 0.2  │
│    8    │ 46500 │ 46500 │ 46500 │ 46500 │ 200  │  9300000  │   9900    │   200   │  9300000  │ 461525000  │ 1676368560000 │ '2023-02-14T09:56:00.000Z' │ 100  │  0   │  0  │ Infinity │    0     │ 342.5 │ 455 │  0  │ 0.6  │  200  │  9300000   │   1700    │   80305000    │      │           │      │
│    9    │ 46500 │ 46500 │ 46500 │ 46500 │ 200  │  9300000  │   10100   │   200   │  9300000  │ 470825000  │ 1676368680000 │ '2023-02-14T09:58:00.000Z' │ 100  │  0   │  0  │ Infinity │    0     │ 342.5 │ 455 │  0  │ 0.6  │  200  │  9300000   │   1900    │   89605000    │      │           │      │
│   10    │ 46500 │ 46500 │ 46500 │ 46500 │ 200  │  9300000  │   10300   │   200   │  9300000  │ 480125000  │ 1676368800000 │ '2023-02-14T10:00:00.000Z' │ 100  │  0   │  0  │ Infinity │    0     │ 342.5 │ 455 │  0  │ 0.6  │  200  │  9300000   │   2100    │   98905000    │      │           │      │
│   11    │ 46500 │ 46500 │ 46500 │ 46500 │ 200  │  9300000  │   10500   │   200   │  9300000  │ 489425000  │ 1676368920000 │ '2023-02-14T10:02:00.000Z' │ 100  │  0   │  0  │ Infinity │    0     │ 342.5 │ 455 │  0  │ 0.6  │  200  │  9300000   │   2300    │   108205000   │      │           │      │
│   12    │ 46500 │ 46500 │ 46500 │ 46500 │ 200  │  9300000  │   10700   │   200   │  9300000  │ 498725000  │ 1676369040000 │ '2023-02-14T10:04:00.000Z' │ 100  │  0   │  0  │ Infinity │    0     │ 342.5 │ 455 │  0  │ 0.6  │  200  │  9300000   │   2500    │   117505000   │      │           │      │
│   13    │ 46500 │ 46500 │ 46500 │ 46500 │ 100  │  4650000  │   10800   │   100   │  4650000  │ 503375000  │ 1676369160000 │ '2023-02-14T10:06:00.000Z' │ 100  │  0   │  0  │ Infinity │    0     │ 342.5 │ 455 │  0  │ 0.3  │  100  │  4650000   │   2600    │   122155000   │      │           │      │
│   14    │ 46500 │ 46500 │ 46500 │ 46500 │      │           │   11800   │  1000   │ 46500000  │ 549875000  │ 1676369520000 │ '2023-02-14T10:12:00.000Z' │  0   │ 100  │  0  │    0     │ Infinity │ 342.5 │ 455 │  0  │      │ -1000 │ -46500000  │   1600    │   75655000    │ 1000 │ 46500000  │ 2.2  │
│   15    │ 46500 │ 46500 │ 46500 │ 46500 │      │           │   12300   │   500   │ 23250000  │ 573125000  │ 1676370000000 │ '2023-02-14T10:20:00.000Z' │  0   │ 100  │  0  │    0     │ Infinity │ 342.5 │ 455 │  0  │      │ -500  │ -23250000  │   1100    │   52405000    │ 500  │ 23250000  │ 1.1  │
│   16    │ 46500 │ 46500 │ 46500 │ 46500 │      │           │   13300   │  1000   │ 46500000  │ 619625000  │ 1676370240000 │ '2023-02-14T10:24:00.000Z' │  0   │ 100  │  0  │    0     │ Infinity │ 342.5 │ 455 │  0  │      │ -1000 │ -46500000  │    100    │    5905000    │ 1000 │ 46500000  │ 2.2  │
│   17    │ 46500 │ 46500 │ 46500 │ 46500 │      │           │   13600   │   300   │ 13950000  │ 633575000  │ 1676370480000 │ '2023-02-14T10:28:00.000Z' │  0   │ 100  │  0  │    0     │ Infinity │ 342.5 │ 455 │  0  │      │ -300  │ -13950000  │   -200    │   -8045000    │ 300  │ 13950000  │ 0.7  │
│   18    │ 46500 │ 46500 │ 46500 │ 46500 │ 200  │  9300000  │   14900   │  1300   │ 60450000  │ 694025000  │ 1676370600000 │ '2023-02-14T10:30:00.000Z' │ 15.4 │ 84.6 │  0  │   0.2    │   5.5    │ 342.5 │ 455 │  0  │ 0.6  │ -900  │ -41850000  │   -1100   │   -49895000   │ 1100 │ 51150000  │ 2.4  │
│   19    │ 46500 │ 46500 │ 46500 │ 46500 │ 300  │ 13950000  │   15200   │   300   │ 13950000  │ 707975000  │ 1676370720000 │ '2023-02-14T10:32:00.000Z' │ 100  │  0   │  0  │ Infinity │    0     │ 342.5 │ 455 │  0  │ 0.9  │  300  │  13950000  │   -800    │   -35945000   │      │           │      │
│   20    │ 46500 │ 46500 │ 46500 │ 46500 │ 300  │ 13950000  │   15500   │   300   │ 13950000  │ 721925000  │ 1676370840000 │ '2023-02-14T10:34:00.000Z' │ 100  │  0   │  0  │ Infinity │    0     │ 342.5 │ 455 │  0  │ 0.9  │  300  │  13950000  │   -500    │   -21995000   │      │           │      │
├─────────┼───────┼───────┼───────┼───────┼──────┼───────────┼───────────┼─────────┼───────────┼────────────┼───────────────┼────────────────────────────┼──────┼──────┼─────┼──────────┼──────────┼───────┼─────┼─────┼──────┼───────┼────────────┼───────────┼───────────────┼──────┼───────────┼──────┤
│ (index) │   c   │   h   │   l   │   o   │  bu  │  val_bu   │ total_vol │ sum_vol │    val    │  acum_val  │   datetime    │            date            │ pbu  │ psd  │ puk │    bs    │    sb    │  abu  │ asd │ auk │ rbu  │ bu-sd │ bu-sd_val  │ acum_busd │ acum_busd_val │  sd  │  val_sd   │ rsd  │
├─────────┼───────┼───────┼───────┼───────┼──────┼───────────┼───────────┼─────────┼───────────┼────────────┼───────────────┼────────────────────────────┼──────┼──────┼─────┼──────────┼──────────┼───────┼─────┼─────┼──────┼───────┼────────────┼───────────┼───────────────┼──────┼───────────┼──────┤
│   21    │ 46500 │ 46500 │ 46500 │ 46500 │ 800  │ 37200000  │   16300   │   800   │ 37200000  │ 759125000  │ 1676370960000 │ '2023-02-14T10:36:00.000Z' │ 100  │  0   │  0  │ Infinity │    0     │ 342.5 │ 455 │  0  │ 2.3  │  800  │  37200000  │    300    │   15205000    │      │           │      │
│   22    │ 46500 │ 46500 │ 46500 │ 46500 │ 100  │  4650000  │   16400   │   100   │  4650000  │ 763775000  │ 1676371080000 │ '2023-02-14T10:38:00.000Z' │ 100  │  0   │  0  │ Infinity │    0     │ 342.5 │ 455 │  0  │ 0.3  │  100  │  4650000   │    400    │   19855000    │      │           │      │
│   23    │ 46500 │ 46500 │ 46500 │ 46500 │      │           │   16900   │   500   │ 23250000  │ 787025000  │ 1676371560000 │ '2023-02-14T10:46:00.000Z' │  0   │ 100  │  0  │    0     │ Infinity │ 342.5 │ 455 │  0  │      │ -500  │ -23250000  │   -100    │   -3395000    │ 500  │ 23250000  │ 1.1  │
│   24    │ 46500 │ 46500 │ 46500 │ 46500 │ 200  │  9300000  │   17500   │   600   │ 27900000  │ 814925000  │ 1676371680000 │ '2023-02-14T10:48:00.000Z' │ 33.3 │ 66.7 │  0  │   0.5    │    2     │ 342.5 │ 455 │  0  │ 0.6  │ -200  │  -9300000  │   -300    │   -12695000   │ 400  │ 18600000  │ 0.9  │
│   25    │ 46500 │ 46500 │ 46500 │ 46500 │ 400  │ 18600000  │   17900   │   400   │ 18600000  │ 833525000  │ 1676371920000 │ '2023-02-14T10:52:00.000Z' │ 100  │  0   │  0  │ Infinity │    0     │ 342.5 │ 455 │  0  │ 1.2  │  400  │  18600000  │    100    │    5905000    │      │           │      │
│   26    │ 46500 │ 46500 │ 46500 │ 46500 │      │           │   18400   │   500   │ 23250000  │ 856775000  │ 1676372160000 │ '2023-02-14T10:56:00.000Z' │  0   │ 100  │  0  │    0     │ Infinity │ 342.5 │ 455 │  0  │      │ -500  │ -23250000  │   -400    │   -17345000   │ 500  │ 23250000  │ 1.1  │
│   27    │ 46500 │ 46500 │ 46500 │ 46500 │      │           │   18900   │   500   │ 23250000  │ 880025000  │ 1676372520000 │ '2023-02-14T11:02:00.000Z' │  0   │ 100  │  0  │    0     │ Infinity │ 342.5 │ 455 │  0  │      │ -500  │ -23250000  │   -900    │   -40595000   │ 500  │ 23250000  │ 1.1  │
│   28    │ 46000 │ 46500 │ 46000 │ 46500 │ 200  │  9200000  │   27400   │  8500   │ 392730000 │ 1272755000 │ 1676372760000 │ '2023-02-14T11:06:00.000Z' │ 2.4  │ 97.6 │  0  │    0     │   41.5   │ 342.5 │ 455 │  0  │ 0.6  │ -8100 │ -374330000 │   -9000   │  -414925000   │ 8300 │ 383530000 │ 18.2 │
│   29    │ 46000 │ 46000 │ 46000 │ 46000 │ 1300 │ 59800000  │   28700   │  1300   │ 59800000  │ 1332555000 │ 1676372880000 │ '2023-02-14T11:08:00.000Z' │ 100  │  0   │  0  │ Infinity │    0     │ 342.5 │ 455 │  0  │ 3.8  │ 1300  │  59800000  │   -7700   │  -355125000   │      │           │      │
│   30    │ 46000 │ 46000 │ 46000 │ 46000 │ 300  │ 13800000  │   29000   │   300   │ 13800000  │ 1346355000 │ 1676373000000 │ '2023-02-14T11:10:00.000Z' │ 100  │  0   │  0  │ Infinity │    0     │ 342.5 │ 455 │  0  │ 0.9  │  300  │  13800000  │   -7400   │  -341325000   │      │           │      │
│   31    │ 46000 │ 46000 │ 46000 │ 46000 │ 300  │ 13800000  │   29300   │   300   │ 13800000  │ 1360155000 │ 1676373120000 │ '2023-02-14T11:12:00.000Z' │ 100  │  0   │  0  │ Infinity │    0     │ 342.5 │ 455 │  0  │ 0.9  │  300  │  13800000  │   -7100   │  -327525000   │      │           │      │
│   32    │ 46000 │ 46000 │ 46000 │ 46000 │ 400  │ 18400000  │   29700   │   400   │ 18400000  │ 1378555000 │ 1676373240000 │ '2023-02-14T11:14:00.000Z' │ 100  │  0   │  0  │ Infinity │    0     │ 342.5 │ 455 │  0  │ 1.2  │  400  │  18400000  │   -6700   │  -309125000   │      │           │      │
│   33    │ 46000 │ 46000 │ 46000 │ 46000 │ 300  │ 13800000  │   30000   │   300   │ 13800000  │ 1392355000 │ 1676373360000 │ '2023-02-14T11:16:00.000Z' │ 100  │  0   │  0  │ Infinity │    0     │ 342.5 │ 455 │  0  │ 0.9  │  300  │  13800000  │   -6400   │  -295325000   │      │           │      │
│   34    │ 46000 │ 46000 │ 46000 │ 46000 │ 300  │ 13800000  │   30300   │   300   │ 13800000  │ 1406155000 │ 1676373480000 │ '2023-02-14T11:18:00.000Z' │ 100  │  0   │  0  │ Infinity │    0     │ 342.5 │ 455 │  0  │ 0.9  │  300  │  13800000  │   -6100   │  -281525000   │      │           │      │
│   35    │ 46000 │ 46000 │ 46000 │ 46000 │ 400  │ 18400000  │   30700   │   400   │ 18400000  │ 1424555000 │ 1676373600000 │ '2023-02-14T11:20:00.000Z' │ 100  │  0   │  0  │ Infinity │    0     │ 342.5 │ 455 │  0  │ 1.2  │  400  │  18400000  │   -5700   │  -263125000   │      │           │      │
│   36    │ 46000 │ 46000 │ 46000 │ 46000 │ 300  │ 13800000  │   31000   │   300   │ 13800000  │ 1438355000 │ 1676373720000 │ '2023-02-14T11:22:00.000Z' │ 100  │  0   │  0  │ Infinity │    0     │ 342.5 │ 455 │  0  │ 0.9  │  300  │  13800000  │   -5400   │  -249325000   │      │           │      │
│   37    │ 46000 │ 46000 │ 46000 │ 46000 │ 300  │ 13800000  │   31300   │   300   │ 13800000  │ 1452155000 │ 1676373840000 │ '2023-02-14T11:24:00.000Z' │ 100  │  0   │  0  │ Infinity │    0     │ 342.5 │ 455 │  0  │ 0.9  │  300  │  13800000  │   -5100   │  -235525000   │      │           │      │
│   38    │ 46000 │ 46000 │ 46000 │ 46000 │ 300  │ 13800000  │   31600   │   300   │ 13800000  │ 1465955000 │ 1676373960000 │ '2023-02-14T11:26:00.000Z' │ 100  │  0   │  0  │ Infinity │    0     │ 342.5 │ 455 │  0  │ 0.9  │  300  │  13800000  │   -4800   │  -221725000   │      │           │      │
│   39    │ 46000 │ 46000 │ 46000 │ 46000 │ 300  │ 13800000  │   31900   │   300   │ 13800000  │ 1479755000 │ 1676374080000 │ '2023-02-14T11:28:00.000Z' │ 100  │  0   │  0  │ Infinity │    0     │ 342.5 │ 455 │  0  │ 0.9  │  300  │  13800000  │   -4500   │  -207925000   │      │           │      │
└─────────┴───────┴───────┴───────┴───────┴──────┴───────────┴───────────┴─────────┴───────────┴────────────┴───────────────┴────────────────────────────┴──────┴──────┴─────┴──────────┴──────────┴───────┴─────┴─────┴──────┴───────┴────────────┴───────────┴───────────────┴──────┴───────────┴──────┘
├─────────┼───────┼───────┼───────┼───────┼──────┼───────────┼───────────┼─────────┼───────────┼────────────┼───────────────┼────────────────────────────┼──────┼──────┼─────┼──────────┼──────────┼───────┼─────┼─────┼──────┼───────┼────────────┼───────────┼───────────────┼──────┼───────────┼──────┤
│ (index) │   c   │   h   │   l   │   o   │  bu  │  val_bu   │ total_vol │ sum_vol │    val    │  acum_val  │   datetime    │            date            │ pbu  │ psd  │ puk │    bs    │    sb    │  abu  │ asd │ auk │ rbu  │ bu-sd │ bu-sd_val  │ acum_busd │ acum_busd_val │  sd  │  val_sd   │ rsd  │
├─────────┼───────┼───────┼───────┼───────┼──────┼───────────┼───────────┼─────────┼───────────┼────────────┼───────────────┼────────────────────────────┼──────┼──────┼─────┼──────────┼──────────┼───────┼─────┼─────┼──────┼───────┼────────────┼───────────┼───────────────┼──────┼───────────┼──────┤

