┌─────────┬──────┬──────┬──────┬──────┬──────┬──────────┬───────────┬─────────┬──────────┬──────────┬───────────────┬────────────────────────────┬─────┬──────┬─────┬──────────┬──────────┬──────┬───────┬─────┬─────┬───────┬───────────┬───────────┬───────────────┬─────┬─────────┬─────┐
│ (index) │  c   │  h   │  l   │  o   │  sd  │  val_sd  │ total_vol │ sum_vol │   val    │ acum_val │   datetime    │            date            │ pbu │ psd  │ puk │    bs    │    sb    │ abu  │  asd  │ auk │ rsd │ bu-sd │ bu-sd_val │ acum_busd │ acum_busd_val │ bu  │ val_bu  │ rbu │
├─────────┼──────┼──────┼──────┼──────┼──────┼──────────┼───────────┼─────────┼──────────┼──────────┼───────────────┼────────────────────────────┼─────┼──────┼─────┼──────────┼──────────┼──────┼───────┼─────┼─────┼───────┼───────────┼───────────┼───────────────┼─────┼─────────┼─────┤
│    0    │ 5130 │ 5130 │ 5130 │ 5130 │ 1000 │ 5130000  │   1000    │  1000   │ 5130000  │ 5130000  │ 1676366040000 │ '2023-02-14T09:14:00.000Z' │  0  │ 100  │  0  │    0     │ Infinity │ 81.3 │ 637.5 │  0  │ 1.6 │ -1000 │ -5130000  │   -1000   │   -5130000    │     │         │     │
│    1    │ 5440 │ 5440 │ 5440 │ 5440 │      │          │   1100    │   100   │  544000  │ 5674000  │ 1676366400000 │ '2023-02-14T09:20:00.000Z' │ 100 │  0   │  0  │ Infinity │    0     │ 81.3 │ 637.5 │  0  │     │  100  │  544000   │   -900    │   -4586000    │ 100 │ 544000  │ 1.2 │
│    2    │ 5140 │ 5140 │ 5140 │ 5140 │ 100  │  514000  │   1200    │   100   │  514000  │ 6188000  │ 1676366760000 │ '2023-02-14T09:26:00.000Z' │  0  │ 100  │  0  │    0     │ Infinity │ 81.3 │ 637.5 │  0  │ 0.2 │ -100  │  -514000  │   -1000   │   -5100000    │     │         │     │
│    3    │ 5390 │ 5390 │ 5390 │ 5390 │      │          │   1300    │   100   │  539000  │ 6727000  │ 1676366880000 │ '2023-02-14T09:28:00.000Z' │ 100 │  0   │  0  │ Infinity │    0     │ 81.3 │ 637.5 │  0  │     │  100  │  539000   │   -900    │   -4561000    │ 100 │ 539000  │ 1.2 │
│    4    │ 5140 │ 5140 │ 5140 │ 5140 │ 100  │  514000  │   1400    │   100   │  514000  │ 7241000  │ 1676367240000 │ '2023-02-14T09:34:00.000Z' │  0  │ 100  │  0  │    0     │ Infinity │ 81.3 │ 637.5 │  0  │ 0.2 │ -100  │  -514000  │   -1000   │   -5075000    │     │         │     │
│    5    │ 5380 │ 5380 │ 5380 │ 5380 │      │          │   1500    │   100   │  538000  │ 7779000  │ 1676367600000 │ '2023-02-14T09:40:00.000Z' │ 100 │  0   │  0  │ Infinity │    0     │ 81.3 │ 637.5 │  0  │     │  100  │  538000   │   -900    │   -4537000    │ 100 │ 538000  │ 1.2 │
│    6    │ 5340 │ 5340 │ 5340 │ 5340 │      │          │   1700    │   200   │ 1068000  │ 8847000  │ 1676368080000 │ '2023-02-14T09:48:00.000Z' │ 100 │  0   │  0  │ Infinity │    0     │ 81.3 │ 637.5 │  0  │     │  200  │  1068000  │   -700    │   -3469000    │ 200 │ 1068000 │ 2.5 │
│    7    │ 5200 │ 5210 │ 5200 │ 5210 │ 300  │ 1561000  │   2000    │   300   │ 1561000  │ 10408000 │ 1676369760000 │ '2023-02-14T10:16:00.000Z' │  0  │ 100  │  0  │    0     │ Infinity │ 81.3 │ 637.5 │  0  │ 0.5 │ -300  │ -1561000  │   -1000   │   -5030000    │     │         │     │
│    8    │ 5280 │ 5280 │ 5280 │ 5280 │      │          │   2100    │   100   │  528000  │ 10936000 │ 1676370000000 │ '2023-02-14T10:20:00.000Z' │ 100 │  0   │  0  │ Infinity │    0     │ 81.3 │ 637.5 │  0  │     │  100  │  528000   │   -900    │   -4502000    │ 100 │ 528000  │ 1.2 │
│    9    │ 5210 │ 5210 │ 5210 │ 5210 │ 2000 │ 10420000 │   4100    │  2000   │ 10420000 │ 21356000 │ 1676371320000 │ '2023-02-14T10:42:00.000Z' │  0  │ 100  │  0  │    0     │ Infinity │ 81.3 │ 637.5 │  0  │ 3.1 │ -2000 │ -10420000 │   -2900   │   -14922000   │     │         │     │
│   10    │ 5270 │ 5270 │ 5270 │ 5270 │      │          │   4200    │   100   │  527000  │ 21883000 │ 1676371440000 │ '2023-02-14T10:44:00.000Z' │ 100 │  0   │  0  │ Infinity │    0     │ 81.3 │ 637.5 │  0  │     │  100  │  527000   │   -2800   │   -14395000   │ 100 │ 527000  │ 1.2 │
│   11    │ 5260 │ 5260 │ 5260 │ 5260 │ 100  │  526000  │   4300    │   100   │  526000  │ 22409000 │ 1676371920000 │ '2023-02-14T10:52:00.000Z' │  0  │ 100  │  0  │    0     │ Infinity │ 81.3 │ 637.5 │  0  │ 0.2 │ -100  │  -526000  │   -2900   │   -14921000   │     │         │     │
│   12    │ 5260 │ 5260 │ 5260 │ 5260 │      │          │   4700    │   400   │ 2104000  │ 24513000 │ 1676372400000 │ '2023-02-14T11:00:00.000Z' │ 100 │  0   │  0  │ Infinity │    0     │ 81.3 │ 637.5 │  0  │     │  400  │  2104000  │   -2500   │   -12817000   │ 400 │ 2104000 │ 4.9 │
│   13    │ 5260 │ 5280 │ 5260 │ 5280 │ 5200 │ 27352000 │   10000   │  5300   │ 27880000 │ 52393000 │ 1676372520000 │ '2023-02-14T11:02:00.000Z' │ 1.9 │ 98.1 │  0  │    0     │    52    │ 81.3 │ 637.5 │  0  │ 8.2 │ -5100 │ -26824000 │   -7600   │   -39641000   │ 100 │ 528000  │ 1.2 │
│   14    │ 5280 │ 5280 │ 5280 │ 5280 │      │          │   10100   │   100   │  528000  │ 52921000 │ 1676372880000 │ '2023-02-14T11:08:00.000Z' │ 100 │  0   │  0  │ Infinity │    0     │ 81.3 │ 637.5 │  0  │     │  100  │  528000   │   -7500   │   -39113000   │ 100 │ 528000  │ 1.2 │
│   15    │ 5260 │ 5260 │ 5260 │ 5260 │ 1400 │ 7364000  │   11500   │  1400   │ 7364000  │ 60285000 │ 1676373480000 │ '2023-02-14T11:18:00.000Z' │  0  │ 100  │  0  │    0     │ Infinity │ 81.3 │ 637.5 │  0  │ 2.2 │ -1400 │ -7364000  │   -8900   │   -46477000   │     │         │     │
└─────────┴──────┴──────┴──────┴──────┴──────┴──────────┴───────────┴─────────┴──────────┴──────────┴───────────────┴────────────────────────────┴─────┴──────┴─────┴──────────┴──────────┴──────┴───────┴─────┴─────┴───────┴───────────┴───────────┴───────────────┴─────┴─────────┴─────┘

