┌─────────┬──────┬──────┬──────┬──────┬──────┬──────────┬───────────┬─────────┬──────────┬──────────┬───────────────┬────────────────────────────┬─────┬─────┬─────┬──────────┬──────────┬─────┬───────┬─────┬─────┬───────┬───────────┬───────────┬───────────────┬──────┬──────────┬─────┐
│ (index) │  c   │  h   │  l   │  o   │  bu  │  val_bu  │ total_vol │ sum_vol │   val    │ acum_val │   datetime    │            date            │ pbu │ psd │ puk │    bs    │    sb    │ abu │  asd  │ auk │ rbu │ bu-sd │ bu-sd_val │ acum_busd │ acum_busd_val │  sd  │  val_sd  │ rsd │
├─────────┼──────┼──────┼──────┼──────┼──────┼──────────┼───────────┼─────────┼──────────┼──────────┼───────────────┼────────────────────────────┼─────┼─────┼─────┼──────────┼──────────┼─────┼───────┼─────┼─────┼───────┼───────────┼───────────┼───────────────┼──────┼──────────┼─────┤
│    0    │ 3500 │ 3500 │ 3500 │ 3500 │ 1000 │ 3500000  │   1000    │  1000   │ 3500000  │ 3500000  │ 1676365200000 │ '2023-02-14T09:00:00.000Z' │ 100 │  0  │  0  │ Infinity │    0     │ 975 │ 781.3 │  0  │  1  │ 1000  │  3500000  │   1000    │    3500000    │      │          │     │
│    1    │ 3500 │ 3500 │ 3500 │ 3500 │ 100  │  350000  │   1100    │   100   │  350000  │ 3850000  │ 1676365320000 │ '2023-02-14T09:02:00.000Z' │ 100 │  0  │  0  │ Infinity │    0     │ 975 │ 781.3 │  0  │ 0.1 │  100  │  350000   │   1100    │    3850000    │      │          │     │
│    2    │ 3500 │ 3500 │ 3500 │ 3500 │      │          │   1700    │   600   │ 2100000  │ 5950000  │ 1676366520000 │ '2023-02-14T09:22:00.000Z' │  0  │ 100 │  0  │    0     │ Infinity │ 975 │ 781.3 │  0  │     │ -600  │ -2100000  │    500    │    1750000    │ 600  │ 2100000  │ 0.8 │
│    3    │ 3600 │ 3600 │ 3600 │ 3600 │ 100  │  360000  │   1800    │   100   │  360000  │ 6310000  │ 1676366760000 │ '2023-02-14T09:26:00.000Z' │ 100 │  0  │  0  │ Infinity │    0     │ 975 │ 781.3 │  0  │ 0.1 │  100  │  360000   │    600    │    2110000    │      │          │     │
│    4    │ 3500 │ 3500 │ 3500 │ 3500 │      │          │   2000    │   200   │  700000  │ 7010000  │ 1676368080000 │ '2023-02-14T09:48:00.000Z' │  0  │ 100 │  0  │    0     │ Infinity │ 975 │ 781.3 │  0  │     │ -200  │  -700000  │    400    │    1410000    │ 200  │  700000  │ 0.3 │
│    5    │ 3500 │ 3500 │ 3500 │ 3500 │      │          │   4500    │  2500   │ 8750000  │ 15760000 │ 1676368560000 │ '2023-02-14T09:56:00.000Z' │  0  │ 100 │  0  │    0     │ Infinity │ 975 │ 781.3 │  0  │     │ -2500 │ -8750000  │   -2100   │   -7340000    │ 2500 │ 8750000  │ 3.2 │
│    6    │ 3500 │ 3500 │ 3500 │ 3500 │      │          │   6500    │  2000   │ 7000000  │ 22760000 │ 1676370360000 │ '2023-02-14T10:26:00.000Z' │  0  │ 100 │  0  │    0     │ Infinity │ 975 │ 781.3 │  0  │     │ -2000 │ -7000000  │   -4100   │   -14340000   │ 2000 │ 7000000  │ 2.6 │
│    7    │ 3500 │ 3500 │ 3500 │ 3500 │      │          │   13500   │  7000   │ 24500000 │ 47260000 │ 1676370480000 │ '2023-02-14T10:28:00.000Z' │  0  │ 100 │  0  │    0     │ Infinity │ 975 │ 781.3 │  0  │     │ -7000 │ -24500000 │  -11100   │   -38840000   │ 7000 │ 24500000 │  9  │
│    8    │ 3600 │ 3600 │ 3600 │ 3600 │ 400  │ 1440000  │   13900   │   400   │ 1440000  │ 48700000 │ 1676371800000 │ '2023-02-14T10:50:00.000Z' │ 100 │  0  │  0  │ Infinity │    0     │ 975 │ 781.3 │  0  │ 0.4 │  400  │  1440000  │  -10700   │   -37400000   │      │          │     │
│    9    │ 3600 │ 3600 │ 3600 │ 3600 │ 100  │  360000  │   14000   │   100   │  360000  │ 49060000 │ 1676372040000 │ '2023-02-14T10:54:00.000Z' │ 100 │  0  │  0  │ Infinity │    0     │ 975 │ 781.3 │  0  │ 0.1 │  100  │  360000   │  -10600   │   -37040000   │      │          │     │
│   10    │ 3600 │ 3600 │ 3600 │ 3600 │ 8200 │ 29520000 │   22200   │  8200   │ 29520000 │ 78580000 │ 1676373120000 │ '2023-02-14T11:12:00.000Z' │ 100 │  0  │  0  │ Infinity │    0     │ 975 │ 781.3 │  0  │ 8.4 │ 8200  │ 29520000  │   -2400   │   -7520000    │      │          │     │
│   11    │ 3700 │ 3700 │ 3600 │ 3600 │ 4300 │ 15490000 │   26500   │  4300   │ 15490000 │ 94070000 │ 1676373240000 │ '2023-02-14T11:14:00.000Z' │ 100 │  0  │  0  │ Infinity │    0     │ 975 │ 781.3 │  0  │ 4.4 │ 4300  │ 15490000  │   1900    │    7970000    │      │          │     │
│   12    │ 3700 │ 3700 │ 3600 │ 3600 │ 100  │  370000  │   26700   │   200   │  730000  │ 94800000 │ 1676373360000 │ '2023-02-14T11:16:00.000Z' │ 50  │ 50  │  0  │    1     │    1     │ 975 │ 781.3 │  0  │ 0.1 │   0   │   10000   │   1900    │    7980000    │ 100  │  360000  │ 0.1 │
│   13    │ 3600 │ 3600 │ 3600 │ 3600 │ 1200 │ 4320000  │   27900   │  1200   │ 4320000  │ 99120000 │ 1676373840000 │ '2023-02-14T11:24:00.000Z' │ 100 │  0  │  0  │ Infinity │    0     │ 975 │ 781.3 │  0  │ 1.2 │ 1200  │  4320000  │   3100    │   12300000    │      │          │     │
│   14    │ 3500 │ 3500 │ 3500 │ 3500 │      │          │   28000   │   100   │  350000  │ 99470000 │ 1676373960000 │ '2023-02-14T11:26:00.000Z' │  0  │ 100 │  0  │    0     │ Infinity │ 975 │ 781.3 │  0  │     │ -100  │  -350000  │   3000    │   11950000    │ 100  │  350000  │ 0.1 │
│   15    │ 3600 │ 3600 │ 3600 │ 3600 │ 100  │  360000  │   28100   │   100   │  360000  │ 99830000 │ 1676374080000 │ '2023-02-14T11:28:00.000Z' │ 100 │  0  │  0  │ Infinity │    0     │ 975 │ 781.3 │  0  │ 0.1 │  100  │  360000   │   3100    │   12310000    │      │          │     │
└─────────┴──────┴──────┴──────┴──────┴──────┴──────────┴───────────┴─────────┴──────────┴──────────┴───────────────┴────────────────────────────┴─────┴─────┴─────┴──────────┴──────────┴─────┴───────┴─────┴─────┴───────┴───────────┴───────────┴───────────────┴──────┴──────────┴─────┘

