┌─────────┬───────┬───────┬───────┬───────┬──────┬──────────┬───────────┬─────────┬───────────┬────────────┬───────────────┬────────────────────────────┬──────┬──────┬─────┬──────────┬─────┬───────┬───────┬─────┬─────┬───────┬───────────┬───────────┬───────────────┬──────┬──────────┬──────┐
│ (index) │   c   │   h   │   l   │   o   │  bu  │  val_bu  │ total_vol │ sum_vol │    val    │  acum_val  │   datetime    │            date            │ pbu  │ psd  │ puk │    bs    │ sb  │  abu  │  asd  │ auk │ rbu │ bu-sd │ bu-sd_val │ acum_busd │ acum_busd_val │  sd  │  val_sd  │ rsd  │
├─────────┼───────┼───────┼───────┼───────┼──────┼──────────┼───────────┼─────────┼───────────┼────────────┼───────────────┼────────────────────────────┼──────┼──────┼─────┼──────────┼─────┼───────┼───────┼─────┼─────┼───────┼───────────┼───────────┼───────────────┼──────┼──────────┼──────┤
│    0    │ 28300 │ 28300 │ 28300 │ 28300 │ 300  │ 8490000  │    300    │   300   │  8490000  │  8490000   │ 1676366040000 │ '2023-02-14T09:14:00.000Z' │ 100  │  0   │  0  │ Infinity │  0  │ 758.8 │ 205.9 │  0  │ 0.4 │  300  │  8490000  │    300    │    8490000    │      │          │      │
│    1    │ 28850 │ 28850 │ 28350 │ 28350 │ 1100 │ 31235000 │   1400    │  1100   │ 31235000  │  39725000  │ 1676366160000 │ '2023-02-14T09:16:00.000Z' │ 100  │  0   │  0  │ Infinity │  0  │ 758.8 │ 205.9 │  0  │ 1.4 │ 1100  │ 31235000  │   1400    │   39725000    │      │          │      │
│    2    │ 28800 │ 28850 │ 28800 │ 28850 │ 1200 │ 34565000 │   2600    │  1200   │ 34565000  │  74290000  │ 1676366280000 │ '2023-02-14T09:18:00.000Z' │ 100  │  0   │  0  │ Infinity │  0  │ 758.8 │ 205.9 │  0  │ 1.6 │ 1200  │ 34565000  │   2600    │   74290000    │      │          │      │
│    3    │ 28650 │ 28750 │ 28650 │ 28750 │ 700  │ 20075000 │   3300    │   700   │ 20075000  │  94365000  │ 1676366400000 │ '2023-02-14T09:20:00.000Z' │ 100  │  0   │  0  │ Infinity │  0  │ 758.8 │ 205.9 │  0  │ 0.9 │  700  │ 20075000  │   3300    │   94365000    │      │          │      │
│    4    │ 28500 │ 28650 │ 28350 │ 28650 │ 500  │ 14310000 │   4100    │   800   │ 22815000  │ 117180000  │ 1676366520000 │ '2023-02-14T09:22:00.000Z' │ 62.5 │ 37.5 │  0  │   1.7    │ 0.6 │ 758.8 │ 205.9 │  0  │ 0.7 │  200  │  5805000  │   3500    │   100170000   │ 300  │ 8505000  │ 1.5  │
│    5    │ 28650 │ 28650 │ 28500 │ 28500 │ 600  │ 17115000 │   4700    │   600   │ 17115000  │ 134295000  │ 1676366640000 │ '2023-02-14T09:24:00.000Z' │ 100  │  0   │  0  │ Infinity │  0  │ 758.8 │ 205.9 │  0  │ 0.8 │  600  │ 17115000  │   4100    │   117285000   │      │          │      │
│    6    │ 28700 │ 28700 │ 28650 │ 28650 │ 2600 │ 74495000 │   7300    │  2600   │ 74495000  │ 208790000  │ 1676366760000 │ '2023-02-14T09:26:00.000Z' │ 100  │  0   │  0  │ Infinity │  0  │ 758.8 │ 205.9 │  0  │ 3.4 │ 2600  │ 74495000  │   6700    │   191780000   │      │          │      │
│    7    │ 28650 │ 28700 │ 28650 │ 28700 │ 600  │ 17220000 │   8000    │   700   │ 20085000  │ 228875000  │ 1676366880000 │ '2023-02-14T09:28:00.000Z' │ 85.7 │ 14.3 │  0  │    6     │ 0.2 │ 758.8 │ 205.9 │  0  │ 0.8 │  500  │ 14355000  │   7200    │   206135000   │ 100  │ 2865000  │ 0.5  │
│    8    │ 28650 │ 28700 │ 28650 │ 28700 │ 500  │ 14345000 │   8600    │   600   │ 17210000  │ 246085000  │ 1676367000000 │ '2023-02-14T09:30:00.000Z' │ 83.3 │ 16.7 │  0  │    5     │ 0.2 │ 758.8 │ 205.9 │  0  │ 0.7 │  400  │ 11480000  │   7600    │   217615000   │ 100  │ 2865000  │ 0.5  │
│    9    │ 28700 │ 28700 │ 28650 │ 28650 │ 600  │ 17195000 │   9200    │   600   │ 17195000  │ 263280000  │ 1676367120000 │ '2023-02-14T09:32:00.000Z' │ 100  │  0   │  0  │ Infinity │  0  │ 758.8 │ 205.9 │  0  │ 0.8 │  600  │ 17195000  │   8200    │   234810000   │      │          │      │
│   10    │ 28700 │ 28700 │ 28650 │ 28700 │ 900  │ 25795000 │   10100   │   900   │ 25795000  │ 289075000  │ 1676367240000 │ '2023-02-14T09:34:00.000Z' │ 100  │  0   │  0  │ Infinity │  0  │ 758.8 │ 205.9 │  0  │ 1.2 │  900  │ 25795000  │   9100    │   260605000   │      │          │      │
│   11    │ 28700 │ 28700 │ 28700 │ 28700 │ 600  │ 17220000 │   10700   │   600   │ 17220000  │ 306295000  │ 1676367360000 │ '2023-02-14T09:36:00.000Z' │ 100  │  0   │  0  │ Infinity │  0  │ 758.8 │ 205.9 │  0  │ 0.8 │  600  │ 17220000  │   9700    │   277825000   │      │          │      │
│   12    │ 28700 │ 28700 │ 28600 │ 28700 │ 500  │ 14350000 │   11500   │   800   │ 22930000  │ 329225000  │ 1676367480000 │ '2023-02-14T09:38:00.000Z' │ 62.5 │ 37.5 │  0  │   1.7    │ 0.6 │ 758.8 │ 205.9 │  0  │ 0.7 │  200  │  5770000  │   9900    │   283595000   │ 300  │ 8580000  │ 1.5  │
│   13    │ 28600 │ 28700 │ 28600 │ 28700 │ 500  │ 14310000 │   12100   │   600   │ 17170000  │ 346395000  │ 1676367600000 │ '2023-02-14T09:40:00.000Z' │ 83.3 │ 16.7 │  0  │    5     │ 0.2 │ 758.8 │ 205.9 │  0  │ 0.7 │  400  │ 11450000  │   10300   │   295045000   │ 100  │ 2860000  │ 0.5  │
│   14    │ 28700 │ 28700 │ 28700 │ 28700 │ 600  │ 17220000 │   12700   │   600   │ 17220000  │ 363615000  │ 1676367720000 │ '2023-02-14T09:42:00.000Z' │ 100  │  0   │  0  │ Infinity │  0  │ 758.8 │ 205.9 │  0  │ 0.8 │  600  │ 17220000  │   10900   │   312265000   │      │          │      │
│   15    │ 28700 │ 28700 │ 28650 │ 28700 │ 900  │ 25805000 │   13600   │   900   │ 25805000  │ 389420000  │ 1676367840000 │ '2023-02-14T09:44:00.000Z' │ 100  │  0   │  0  │ Infinity │  0  │ 758.8 │ 205.9 │  0  │ 1.2 │  900  │ 25805000  │   11800   │   338070000   │      │          │      │
│   16    │ 28700 │ 28700 │ 28700 │ 28700 │ 1600 │ 45920000 │   15200   │  1600   │ 45920000  │ 435340000  │ 1676367960000 │ '2023-02-14T09:46:00.000Z' │ 100  │  0   │  0  │ Infinity │  0  │ 758.8 │ 205.9 │  0  │ 2.1 │ 1600  │ 45920000  │   13400   │   383990000   │      │          │      │
│   17    │ 28500 │ 28700 │ 28500 │ 28700 │ 600  │ 17180000 │   16400   │  1200   │ 34280000  │ 469620000  │ 1676368080000 │ '2023-02-14T09:48:00.000Z' │  50  │  50  │  0  │    1     │  1  │ 758.8 │ 205.9 │  0  │ 0.8 │   0   │   80000   │   13400   │   384070000   │ 600  │ 17100000 │ 2.9  │
│   18    │ 28500 │ 28500 │ 28500 │ 28500 │ 600  │ 17100000 │   17000   │   600   │ 17100000  │ 486720000  │ 1676368200000 │ '2023-02-14T09:50:00.000Z' │ 100  │  0   │  0  │ Infinity │  0  │ 758.8 │ 205.9 │  0  │ 0.8 │  600  │ 17100000  │   14000   │   401170000   │      │          │      │
│   19    │ 28700 │ 28700 │ 28450 │ 28500 │ 1100 │ 31405000 │   18100   │  1100   │ 31405000  │ 518125000  │ 1676368320000 │ '2023-02-14T09:52:00.000Z' │ 100  │  0   │  0  │ Infinity │  0  │ 758.8 │ 205.9 │  0  │ 1.4 │ 1100  │ 31405000  │   15100   │   432575000   │      │          │      │
│   20    │ 28700 │ 28700 │ 28650 │ 28700 │ 600  │ 17215000 │   18700   │   600   │ 17215000  │ 535340000  │ 1676368440000 │ '2023-02-14T09:54:00.000Z' │ 100  │  0   │  0  │ Infinity │  0  │ 758.8 │ 205.9 │  0  │ 0.8 │  600  │ 17215000  │   15700   │   449790000   │      │          │      │
├─────────┼───────┼───────┼───────┼───────┼──────┼──────────┼───────────┼─────────┼───────────┼────────────┼───────────────┼────────────────────────────┼──────┼──────┼─────┼──────────┼─────┼───────┼───────┼─────┼─────┼───────┼───────────┼───────────┼───────────────┼──────┼──────────┼──────┤
│ (index) │   c   │   h   │   l   │   o   │  bu  │  val_bu  │ total_vol │ sum_vol │    val    │  acum_val  │   datetime    │            date            │ pbu  │ psd  │ puk │    bs    │ sb  │  abu  │  asd  │ auk │ rbu │ bu-sd │ bu-sd_val │ acum_busd │ acum_busd_val │  sd  │  val_sd  │ rsd  │
├─────────┼───────┼───────┼───────┼───────┼──────┼──────────┼───────────┼─────────┼───────────┼────────────┼───────────────┼────────────────────────────┼──────┼──────┼─────┼──────────┼─────┼───────┼───────┼─────┼─────┼───────┼───────────┼───────────┼───────────────┼──────┼──────────┼──────┤
│   21    │ 28650 │ 28700 │ 28650 │ 28700 │ 700  │ 20065000 │   19400   │   700   │ 20065000  │ 555405000  │ 1676368560000 │ '2023-02-14T09:56:00.000Z' │ 100  │  0   │  0  │ Infinity │  0  │ 758.8 │ 205.9 │  0  │ 0.9 │  700  │ 20065000  │   16400   │   469855000   │      │          │      │
│   22    │ 28700 │ 28700 │ 28650 │ 28650 │ 600  │ 17200000 │   20000   │   600   │ 17200000  │ 572605000  │ 1676368680000 │ '2023-02-14T09:58:00.000Z' │ 100  │  0   │  0  │ Infinity │  0  │ 758.8 │ 205.9 │  0  │ 0.8 │  600  │ 17200000  │   17000   │   487055000   │      │          │      │
│   23    │ 28750 │ 28750 │ 28700 │ 28700 │ 1600 │ 45930000 │   21600   │  1600   │ 45930000  │ 618535000  │ 1676368800000 │ '2023-02-14T10:00:00.000Z' │ 100  │  0   │  0  │ Infinity │  0  │ 758.8 │ 205.9 │  0  │ 2.1 │ 1600  │ 45930000  │   18600   │   532985000   │      │          │      │
│   24    │ 28750 │ 28750 │ 28750 │ 28750 │ 600  │ 17250000 │   22200   │   600   │ 17250000  │ 635785000  │ 1676368920000 │ '2023-02-14T10:02:00.000Z' │ 100  │  0   │  0  │ Infinity │  0  │ 758.8 │ 205.9 │  0  │ 0.8 │  600  │ 17250000  │   19200   │   550235000   │      │          │      │
│   25    │ 28700 │ 28750 │ 28700 │ 28750 │ 600  │ 17235000 │   22800   │   600   │ 17235000  │ 653020000  │ 1676369040000 │ '2023-02-14T10:04:00.000Z' │ 100  │  0   │  0  │ Infinity │  0  │ 758.8 │ 205.9 │  0  │ 0.8 │  600  │ 17235000  │   19800   │   567470000   │      │          │      │
│   26    │ 28800 │ 28800 │ 28700 │ 28700 │ 600  │ 17245000 │   23400   │   600   │ 17245000  │ 670265000  │ 1676369160000 │ '2023-02-14T10:06:00.000Z' │ 100  │  0   │  0  │ Infinity │  0  │ 758.8 │ 205.9 │  0  │ 0.8 │  600  │ 17245000  │   20400   │   584715000   │      │          │      │
│   27    │ 28850 │ 28850 │ 28800 │ 28800 │ 1600 │ 46090000 │   25000   │  1600   │ 46090000  │ 716355000  │ 1676369280000 │ '2023-02-14T10:08:00.000Z' │ 100  │  0   │  0  │ Infinity │  0  │ 758.8 │ 205.9 │  0  │ 2.1 │ 1600  │ 46090000  │   22000   │   630805000   │      │          │      │
│   28    │ 28850 │ 28850 │ 28850 │ 28850 │ 600  │ 17310000 │   25600   │   600   │ 17310000  │ 733665000  │ 1676369400000 │ '2023-02-14T10:10:00.000Z' │ 100  │  0   │  0  │ Infinity │  0  │ 758.8 │ 205.9 │  0  │ 0.8 │  600  │ 17310000  │   22600   │   648115000   │      │          │      │
│   29    │ 28800 │ 28850 │ 28800 │ 28850 │ 500  │ 14410000 │   26600   │  1000   │ 28810000  │ 762475000  │ 1676369520000 │ '2023-02-14T10:12:00.000Z' │  50  │  50  │  0  │    1     │  1  │ 758.8 │ 205.9 │  0  │ 0.7 │   0   │   10000   │   22600   │   648125000   │ 500  │ 14400000 │ 2.4  │
│   30    │ 28850 │ 28850 │ 28800 │ 28850 │ 600  │ 17310000 │   27900   │  1300   │ 37470000  │ 799945000  │ 1676369640000 │ '2023-02-14T10:14:00.000Z' │ 46.2 │ 53.8 │  0  │   0.9    │ 1.2 │ 758.8 │ 205.9 │  0  │ 0.8 │ -100  │ -2850000  │   22500   │   645275000   │ 700  │ 20160000 │ 3.4  │
│   31    │ 28800 │ 28850 │ 28800 │ 28850 │ 1100 │ 31735000 │   29500   │  1600   │ 46135000  │ 846080000  │ 1676369760000 │ '2023-02-14T10:16:00.000Z' │ 68.8 │ 31.3 │  0  │   2.2    │ 0.5 │ 758.8 │ 205.9 │  0  │ 1.4 │  600  │ 17335000  │   23100   │   662610000   │ 500  │ 14400000 │ 2.4  │
│   32    │ 28900 │ 28900 │ 28850 │ 28850 │ 600  │ 17330000 │   30100   │   600   │ 17330000  │ 863410000  │ 1676369880000 │ '2023-02-14T10:18:00.000Z' │ 100  │  0   │  0  │ Infinity │  0  │ 758.8 │ 205.9 │  0  │ 0.8 │  600  │ 17330000  │   23700   │   679940000   │      │          │      │
│   33    │ 28950 │ 28950 │ 28850 │ 28900 │ 2800 │ 80945000 │   34200   │  4100   │ 118505000 │ 981915000  │ 1676370000000 │ '2023-02-14T10:20:00.000Z' │ 68.3 │ 31.7 │  0  │   2.2    │ 0.5 │ 758.8 │ 205.9 │  0  │ 3.7 │ 1500  │ 43385000  │   25200   │   723325000   │ 1300 │ 37560000 │ 6.3  │
│   34    │ 28850 │ 28950 │ 28850 │ 28950 │ 800  │ 23160000 │   35400   │  1200   │ 34700000  │ 1016615000 │ 1676370120000 │ '2023-02-14T10:22:00.000Z' │ 66.7 │ 33.3 │  0  │    2     │ 0.5 │ 758.8 │ 205.9 │  0  │ 1.1 │  400  │ 11620000  │   25600   │   734945000   │ 400  │ 11540000 │ 1.9  │
│   35    │ 28900 │ 28950 │ 28850 │ 28850 │ 600  │ 17345000 │   36100   │   700   │ 20230000  │ 1036845000 │ 1676370240000 │ '2023-02-14T10:24:00.000Z' │ 85.7 │ 14.3 │  0  │    6     │ 0.2 │ 758.8 │ 205.9 │  0  │ 0.8 │  500  │ 14460000  │   26100   │   749405000   │ 100  │ 2885000  │ 0.5  │
│   36    │ 28900 │ 28900 │ 28850 │ 28850 │ 600  │ 17340000 │   37000   │   900   │ 25995000  │ 1062840000 │ 1676370360000 │ '2023-02-14T10:26:00.000Z' │ 66.7 │ 33.3 │  0  │    2     │ 0.5 │ 758.8 │ 205.9 │  0  │ 0.8 │  300  │  8685000  │   26400   │   758090000   │ 300  │ 8655000  │ 1.5  │
│   37    │ 28900 │ 28900 │ 28900 │ 28900 │ 600  │ 17340000 │   37600   │   600   │ 17340000  │ 1080180000 │ 1676370480000 │ '2023-02-14T10:28:00.000Z' │ 100  │  0   │  0  │ Infinity │  0  │ 758.8 │ 205.9 │  0  │ 0.8 │  600  │ 17340000  │   27000   │   775430000   │      │          │      │
│   38    │ 28900 │ 28900 │ 28900 │ 28900 │ 1600 │ 46240000 │   39200   │  1600   │ 46240000  │ 1126420000 │ 1676370600000 │ '2023-02-14T10:30:00.000Z' │ 100  │  0   │  0  │ Infinity │  0  │ 758.8 │ 205.9 │  0  │ 2.1 │ 1600  │ 46240000  │   28600   │   821670000   │      │          │      │
│   39    │ 28900 │ 28900 │ 28900 │ 28900 │ 600  │ 17340000 │   39800   │   600   │ 17340000  │ 1143760000 │ 1676370720000 │ '2023-02-14T10:32:00.000Z' │ 100  │  0   │  0  │ Infinity │  0  │ 758.8 │ 205.9 │  0  │ 0.8 │  600  │ 17340000  │   29200   │   839010000   │      │          │      │
│   40    │ 28800 │ 28900 │ 28800 │ 28850 │ 500  │ 14440000 │   40700   │   900   │ 25975000  │ 1169735000 │ 1676370840000 │ '2023-02-14T10:34:00.000Z' │ 55.6 │ 44.4 │  0  │   1.3    │ 0.8 │ 758.8 │ 205.9 │  0  │ 0.7 │  100  │  2905000  │   29300   │   841915000   │ 400  │ 11535000 │ 1.9  │
├─────────┼───────┼───────┼───────┼───────┼──────┼──────────┼───────────┼─────────┼───────────┼────────────┼───────────────┼────────────────────────────┼──────┼──────┼─────┼──────────┼─────┼───────┼───────┼─────┼─────┼───────┼───────────┼───────────┼───────────────┼──────┼──────────┼──────┤
│ (index) │   c   │   h   │   l   │   o   │  bu  │  val_bu  │ total_vol │ sum_vol │    val    │  acum_val  │   datetime    │            date            │ pbu  │ psd  │ puk │    bs    │ sb  │  abu  │  asd  │ auk │ rbu │ bu-sd │ bu-sd_val │ acum_busd │ acum_busd_val │  sd  │  val_sd  │ rsd  │
├─────────┼───────┼───────┼───────┼───────┼──────┼──────────┼───────────┼─────────┼───────────┼────────────┼───────────────┼────────────────────────────┼──────┼──────┼─────┼──────────┼─────┼───────┼───────┼─────┼─────┼───────┼───────────┼───────────┼───────────────┼──────┼──────────┼──────┤
│   41    │ 28850 │ 28850 │ 28850 │ 28850 │ 600  │ 17310000 │   41300   │   600   │ 17310000  │ 1187045000 │ 1676370960000 │ '2023-02-14T10:36:00.000Z' │ 100  │  0   │  0  │ Infinity │  0  │ 758.8 │ 205.9 │  0  │ 0.8 │  600  │ 17310000  │   29900   │   859225000   │      │          │      │
│   42    │ 28800 │ 28850 │ 28800 │ 28850 │ 600  │ 17285000 │   42500   │  1200   │ 34565000  │ 1221610000 │ 1676371080000 │ '2023-02-14T10:38:00.000Z' │  50  │  50  │  0  │    1     │  1  │ 758.8 │ 205.9 │  0  │ 0.8 │   0   │   5000    │   29900   │   859230000   │ 600  │ 17280000 │ 2.9  │
│   43    │ 28800 │ 28800 │ 28800 │ 28800 │ 600  │ 17280000 │   43100   │   600   │ 17280000  │ 1238890000 │ 1676371200000 │ '2023-02-14T10:40:00.000Z' │ 100  │  0   │  0  │ Infinity │  0  │ 758.8 │ 205.9 │  0  │ 0.8 │  600  │ 17280000  │   30500   │   876510000   │      │          │      │
│   44    │ 28800 │ 28800 │ 28800 │ 28800 │ 600  │ 17280000 │   43700   │   600   │ 17280000  │ 1256170000 │ 1676371320000 │ '2023-02-14T10:42:00.000Z' │ 100  │  0   │  0  │ Infinity │  0  │ 758.8 │ 205.9 │  0  │ 0.8 │  600  │ 17280000  │   31100   │   893790000   │      │          │      │
│   45    │ 28850 │ 28850 │ 28800 │ 28800 │ 600  │ 17295000 │   44300   │   600   │ 17295000  │ 1273465000 │ 1676371440000 │ '2023-02-14T10:44:00.000Z' │ 100  │  0   │  0  │ Infinity │  0  │ 758.8 │ 205.9 │  0  │ 0.8 │  600  │ 17295000  │   31700   │   911085000   │      │          │      │
│   46    │ 28900 │ 28900 │ 28850 │ 28850 │ 600  │ 17330000 │   44900   │   600   │ 17330000  │ 1290795000 │ 1676371560000 │ '2023-02-14T10:46:00.000Z' │ 100  │  0   │  0  │ Infinity │  0  │ 758.8 │ 205.9 │  0  │ 0.8 │  600  │ 17330000  │   32300   │   928415000   │      │          │      │
│   47    │ 28850 │ 28950 │ 28800 │ 28950 │ 600  │ 17345000 │   45500   │   600   │ 17345000  │ 1308140000 │ 1676371680000 │ '2023-02-14T10:48:00.000Z' │ 100  │  0   │  0  │ Infinity │  0  │ 758.8 │ 205.9 │  0  │ 0.8 │  600  │ 17345000  │   32900   │   945760000   │      │          │      │
│   48    │ 28950 │ 28950 │ 28900 │ 28900 │ 700  │ 20260000 │   46200   │   700   │ 20260000  │ 1328400000 │ 1676371800000 │ '2023-02-14T10:50:00.000Z' │ 100  │  0   │  0  │ Infinity │  0  │ 758.8 │ 205.9 │  0  │ 0.9 │  700  │ 20260000  │   33600   │   966020000   │      │          │      │
│   49    │ 28950 │ 28950 │ 28950 │ 28950 │ 1000 │ 28950000 │   47200   │  1000   │ 28950000  │ 1357350000 │ 1676371920000 │ '2023-02-14T10:52:00.000Z' │ 100  │  0   │  0  │ Infinity │  0  │ 758.8 │ 205.9 │  0  │ 1.3 │ 1000  │ 28950000  │   34600   │   994970000   │      │          │      │
│   50    │ 28900 │ 28950 │ 28900 │ 28950 │ 600  │ 17350000 │   47800   │   600   │ 17350000  │ 1374700000 │ 1676372040000 │ '2023-02-14T10:54:00.000Z' │ 100  │  0   │  0  │ Infinity │  0  │ 758.8 │ 205.9 │  0  │ 0.8 │  600  │ 17350000  │   35200   │  1012320000   │      │          │      │
│   51    │ 28950 │ 28950 │ 28900 │ 28900 │ 700  │ 20255000 │   48500   │   700   │ 20255000  │ 1394955000 │ 1676372160000 │ '2023-02-14T10:56:00.000Z' │ 100  │  0   │  0  │ Infinity │  0  │ 758.8 │ 205.9 │  0  │ 0.9 │  700  │ 20255000  │   35900   │  1032575000   │      │          │      │
│   52    │ 28950 │ 28950 │ 28950 │ 28950 │ 600  │ 17370000 │   49100   │   600   │ 17370000  │ 1412325000 │ 1676372280000 │ '2023-02-14T10:58:00.000Z' │ 100  │  0   │  0  │ Infinity │  0  │ 758.8 │ 205.9 │  0  │ 0.8 │  600  │ 17370000  │   36500   │  1049945000   │      │          │      │
│   53    │ 28900 │ 28900 │ 28900 │ 28900 │ 700  │ 20230000 │   49800   │   700   │ 20230000  │ 1432555000 │ 1676372400000 │ '2023-02-14T11:00:00.000Z' │ 100  │  0   │  0  │ Infinity │  0  │ 758.8 │ 205.9 │  0  │ 0.9 │  700  │ 20230000  │   37200   │  1070175000   │      │          │      │
│   54    │ 28900 │ 28900 │ 28900 │ 28900 │ 500  │ 14450000 │   50300   │   500   │ 14450000  │ 1447005000 │ 1676372520000 │ '2023-02-14T11:02:00.000Z' │ 100  │  0   │  0  │ Infinity │  0  │ 758.8 │ 205.9 │  0  │ 0.7 │  500  │ 14450000  │   37700   │  1084625000   │      │          │      │
│   55    │ 28900 │ 28900 │ 28900 │ 28900 │ 600  │ 17340000 │   50900   │   600   │ 17340000  │ 1464345000 │ 1676372640000 │ '2023-02-14T11:04:00.000Z' │ 100  │  0   │  0  │ Infinity │  0  │ 758.8 │ 205.9 │  0  │ 0.8 │  600  │ 17340000  │   38300   │  1101965000   │      │          │      │
│   56    │ 28800 │ 28950 │ 28800 │ 28900 │ 700  │ 20255000 │   54800   │  3900   │ 112425000 │ 1576770000 │ 1676372760000 │ '2023-02-14T11:06:00.000Z' │ 17.9 │ 82.1 │  0  │   0.2    │ 4.6 │ 758.8 │ 205.9 │  0  │ 0.9 │ -2500 │ -71915000 │   35800   │  1030050000   │ 3200 │ 92170000 │ 15.5 │
│   57    │ 28800 │ 28800 │ 28800 │ 28800 │ 600  │ 17280000 │   55400   │   600   │ 17280000  │ 1594050000 │ 1676372880000 │ '2023-02-14T11:08:00.000Z' │ 100  │  0   │  0  │ Infinity │  0  │ 758.8 │ 205.9 │  0  │ 0.8 │  600  │ 17280000  │   36400   │  1047330000   │      │          │      │
│   58    │ 28800 │ 28800 │ 28800 │ 28800 │ 600  │ 17280000 │   56000   │   600   │ 17280000  │ 1611330000 │ 1676373000000 │ '2023-02-14T11:10:00.000Z' │ 100  │  0   │  0  │ Infinity │  0  │ 758.8 │ 205.9 │  0  │ 0.8 │  600  │ 17280000  │   37000   │  1064610000   │      │          │      │
│   59    │ 28800 │ 28800 │ 28750 │ 28800 │ 600  │ 17280000 │   57100   │  1100   │ 31655000  │ 1642985000 │ 1676373120000 │ '2023-02-14T11:12:00.000Z' │ 54.5 │ 45.5 │  0  │   1.2    │ 0.8 │ 758.8 │ 205.9 │  0  │ 0.8 │  100  │  2905000  │   37100   │  1067515000   │ 500  │ 14375000 │ 2.4  │
│   60    │ 28800 │ 28800 │ 28800 │ 28800 │ 600  │ 17280000 │   57700   │   600   │ 17280000  │ 1660265000 │ 1676373240000 │ '2023-02-14T11:14:00.000Z' │ 100  │  0   │  0  │ Infinity │  0  │ 758.8 │ 205.9 │  0  │ 0.8 │  600  │ 17280000  │   37700   │  1084795000   │      │          │      │
├─────────┼───────┼───────┼───────┼───────┼──────┼──────────┼───────────┼─────────┼───────────┼────────────┼───────────────┼────────────────────────────┼──────┼──────┼─────┼──────────┼─────┼───────┼───────┼─────┼─────┼───────┼───────────┼───────────┼───────────────┼──────┼──────────┼──────┤
│ (index) │   c   │   h   │   l   │   o   │  bu  │  val_bu  │ total_vol │ sum_vol │    val    │  acum_val  │   datetime    │            date            │ pbu  │ psd  │ puk │    bs    │ sb  │  abu  │  asd  │ auk │ rbu │ bu-sd │ bu-sd_val │ acum_busd │ acum_busd_val │  sd  │  val_sd  │ rsd  │
├─────────┼───────┼───────┼───────┼───────┼──────┼──────────┼───────────┼─────────┼───────────┼────────────┼───────────────┼────────────────────────────┼──────┼──────┼─────┼──────────┼─────┼───────┼───────┼─────┼─────┼───────┼───────────┼───────────┼───────────────┼──────┼──────────┼──────┤
│   61    │ 28800 │ 28800 │ 28750 │ 28800 │ 600  │ 17280000 │   60300   │  2600   │ 74780000  │ 1735045000 │ 1676373360000 │ '2023-02-14T11:16:00.000Z' │ 23.1 │ 76.9 │  0  │   0.3    │ 3.3 │ 758.8 │ 205.9 │  0  │ 0.8 │ -1400 │ -40220000 │   36300   │  1044575000   │ 2000 │ 57500000 │ 9.7  │
│   62    │ 28800 │ 28800 │ 28750 │ 28800 │ 600  │ 17280000 │   62900   │  2600   │ 74780000  │ 1809825000 │ 1676373480000 │ '2023-02-14T11:18:00.000Z' │ 23.1 │ 76.9 │  0  │   0.3    │ 3.3 │ 758.8 │ 205.9 │  0  │ 0.8 │ -1400 │ -40220000 │   34900   │  1004355000   │ 2000 │ 57500000 │ 9.7  │
│   63    │ 28800 │ 28800 │ 28800 │ 28800 │ 800  │ 23040000 │   63700   │   800   │ 23040000  │ 1832865000 │ 1676373600000 │ '2023-02-14T11:20:00.000Z' │ 100  │  0   │  0  │ Infinity │  0  │ 758.8 │ 205.9 │  0  │ 1.1 │  800  │ 23040000  │   35700   │  1027395000   │      │          │      │
│   64    │ 28800 │ 28800 │ 28800 │ 28800 │ 600  │ 17280000 │   64300   │   600   │ 17280000  │ 1850145000 │ 1676373720000 │ '2023-02-14T11:22:00.000Z' │ 100  │  0   │  0  │ Infinity │  0  │ 758.8 │ 205.9 │  0  │ 0.8 │  600  │ 17280000  │   36300   │  1044675000   │      │          │      │
│   65    │ 28800 │ 28800 │ 28800 │ 28800 │ 600  │ 17280000 │   64900   │   600   │ 17280000  │ 1867425000 │ 1676373840000 │ '2023-02-14T11:24:00.000Z' │ 100  │  0   │  0  │ Infinity │  0  │ 758.8 │ 205.9 │  0  │ 0.8 │  600  │ 17280000  │   36900   │  1061955000   │      │          │      │
│   66    │ 28800 │ 28800 │ 28800 │ 28800 │ 600  │ 17280000 │   65500   │   600   │ 17280000  │ 1884705000 │ 1676373960000 │ '2023-02-14T11:26:00.000Z' │ 100  │  0   │  0  │ Infinity │  0  │ 758.8 │ 205.9 │  0  │ 0.8 │  600  │ 17280000  │   37500   │  1079235000   │      │          │      │
│   67    │ 28800 │ 28800 │ 28800 │ 28800 │ 100  │ 2880000  │   65600   │   100   │  2880000  │ 1887585000 │ 1676374080000 │ '2023-02-14T11:28:00.000Z' │ 100  │  0   │  0  │ Infinity │  0  │ 758.8 │ 205.9 │  0  │ 0.1 │  100  │  2880000  │   37600   │  1082115000   │      │          │      │
└─────────┴───────┴───────┴───────┴───────┴──────┴──────────┴───────────┴─────────┴───────────┴────────────┴───────────────┴────────────────────────────┴──────┴──────┴─────┴──────────┴─────┴───────┴───────┴─────┴─────┴───────┴───────────┴───────────┴───────────────┴──────┴──────────┴──────┘

