┌─────────┬───────┬───────┬───────┬───────┬──────┬───────────┬───────────┬─────────┬───────────┬───────────┬───────────────┬────────────────────────────┬──────┬─────┬─────┬──────────┬─────┬────────┬──────┬─────┬─────┬───────┬───────────┬───────────┬───────────────┬─────┬──────────┬─────┐
│ (index) │   c   │   h   │   l   │   o   │  bu  │  val_bu   │ total_vol │ sum_vol │    val    │ acum_val  │   datetime    │            date            │ pbu  │ psd │ puk │    bs    │ sb  │  abu   │ asd  │ auk │ rbu │ bu-sd │ bu-sd_val │ acum_busd │ acum_busd_val │ sd  │  val_sd  │ rsd │
├─────────┼───────┼───────┼───────┼───────┼──────┼───────────┼───────────┼─────────┼───────────┼───────────┼───────────────┼────────────────────────────┼──────┼─────┼─────┼──────────┼─────┼────────┼──────┼─────┼─────┼───────┼───────────┼───────────┼───────────────┼─────┼──────────┼─────┤
│    0    │ 11150 │ 11150 │ 11150 │ 11150 │ 2000 │ 22300000  │   2000    │  2000   │ 22300000  │ 22300000  │ 1676366040000 │ '2023-02-14T09:14:00.000Z' │ 100  │  0  │  0  │ Infinity │  0  │ 1223.5 │ 26.5 │  0  │ 1.6 │ 2000  │ 22300000  │   2000    │   22300000    │     │          │     │
│    1    │ 12000 │ 12000 │ 12000 │ 12000 │ 100  │  1200000  │   2100    │   100   │  1200000  │ 23500000  │ 1676366400000 │ '2023-02-14T09:20:00.000Z' │ 100  │  0  │  0  │ Infinity │  0  │ 1223.5 │ 26.5 │  0  │ 0.1 │  100  │  1200000  │   2100    │   23500000    │     │          │     │
│    2    │ 11900 │ 11900 │ 11900 │ 11900 │ 3100 │ 36890000  │   5200    │  3100   │ 36890000  │ 60390000  │ 1676367600000 │ '2023-02-14T09:40:00.000Z' │ 100  │  0  │  0  │ Infinity │  0  │ 1223.5 │ 26.5 │  0  │ 2.5 │ 3100  │ 36890000  │   5200    │   60390000    │     │          │     │
│    3    │ 11900 │ 11900 │ 11250 │ 11900 │ 8600 │ 102340000 │   14700   │  9500   │ 112465000 │ 172855000 │ 1676367720000 │ '2023-02-14T09:42:00.000Z' │ 90.5 │ 9.5 │  0  │   9.6    │ 0.1 │ 1223.5 │ 26.5 │  0  │  7  │ 7700  │ 92215000  │   12900   │   152605000   │ 900 │ 10125000 │ 34  │
│    4    │ 11900 │ 11900 │ 11900 │ 11900 │ 6000 │ 71400000  │   20700   │  6000   │ 71400000  │ 244255000 │ 1676367840000 │ '2023-02-14T09:44:00.000Z' │ 100  │  0  │  0  │ Infinity │  0  │ 1223.5 │ 26.5 │  0  │ 4.9 │ 6000  │ 71400000  │   18900   │   224005000   │     │          │     │
│    5    │ 11900 │ 11900 │ 11900 │ 11900 │ 2400 │ 28560000  │   23100   │  2400   │ 28560000  │ 272815000 │ 1676367960000 │ '2023-02-14T09:46:00.000Z' │ 100  │  0  │  0  │ Infinity │  0  │ 1223.5 │ 26.5 │  0  │  2  │ 2400  │ 28560000  │   21300   │   252565000   │     │          │     │
│    6    │ 11850 │ 11900 │ 11850 │ 11900 │ 1500 │ 17810000  │   24600   │  1500   │ 17810000  │ 290625000 │ 1676368080000 │ '2023-02-14T09:48:00.000Z' │ 100  │  0  │  0  │ Infinity │  0  │ 1223.5 │ 26.5 │  0  │ 1.2 │ 1500  │ 17810000  │   22800   │   270375000   │     │          │     │
│    7    │ 11850 │ 11850 │ 11850 │ 11850 │ 2100 │ 24885000  │   26700   │  2100   │ 24885000  │ 315510000 │ 1676368200000 │ '2023-02-14T09:50:00.000Z' │ 100  │  0  │  0  │ Infinity │  0  │ 1223.5 │ 26.5 │  0  │ 1.7 │ 2100  │ 24885000  │   24900   │   295260000   │     │          │     │
│    8    │ 11850 │ 11850 │ 11850 │ 11850 │ 1200 │ 14220000  │   27900   │  1200   │ 14220000  │ 329730000 │ 1676368320000 │ '2023-02-14T09:52:00.000Z' │ 100  │  0  │  0  │ Infinity │  0  │ 1223.5 │ 26.5 │  0  │  1  │ 1200  │ 14220000  │   26100   │   309480000   │     │          │     │
│    9    │ 11850 │ 11850 │ 11850 │ 11850 │ 700  │  8295000  │   28600   │   700   │  8295000  │ 338025000 │ 1676368440000 │ '2023-02-14T09:54:00.000Z' │ 100  │  0  │  0  │ Infinity │  0  │ 1223.5 │ 26.5 │  0  │ 0.6 │  700  │  8295000  │   26800   │   317775000   │     │          │     │
│   10    │ 11850 │ 11850 │ 11850 │ 11850 │ 1400 │ 16590000  │   30000   │  1400   │ 16590000  │ 354615000 │ 1676368560000 │ '2023-02-14T09:56:00.000Z' │ 100  │  0  │  0  │ Infinity │  0  │ 1223.5 │ 26.5 │  0  │ 1.1 │ 1400  │ 16590000  │   28200   │   334365000   │     │          │     │
│   11    │ 11850 │ 11850 │ 11850 │ 11850 │ 500  │  5925000  │   30500   │   500   │  5925000  │ 360540000 │ 1676368680000 │ '2023-02-14T09:58:00.000Z' │ 100  │  0  │  0  │ Infinity │  0  │ 1223.5 │ 26.5 │  0  │ 0.4 │  500  │  5925000  │   28700   │   340290000   │     │          │     │
│   12    │ 11850 │ 11850 │ 11850 │ 11850 │ 300  │  3555000  │   30800   │   300   │  3555000  │ 364095000 │ 1676368800000 │ '2023-02-14T10:00:00.000Z' │ 100  │  0  │  0  │ Infinity │  0  │ 1223.5 │ 26.5 │  0  │ 0.2 │  300  │  3555000  │   29000   │   343845000   │     │          │     │
│   13    │ 11850 │ 11850 │ 11850 │ 11850 │ 600  │  7110000  │   31400   │   600   │  7110000  │ 371205000 │ 1676368920000 │ '2023-02-14T10:02:00.000Z' │ 100  │  0  │  0  │ Infinity │  0  │ 1223.5 │ 26.5 │  0  │ 0.5 │  600  │  7110000  │   29600   │   350955000   │     │          │     │
│   14    │ 11850 │ 11850 │ 11850 │ 11850 │ 600  │  7110000  │   32000   │   600   │  7110000  │ 378315000 │ 1676369040000 │ '2023-02-14T10:04:00.000Z' │ 100  │  0  │  0  │ Infinity │  0  │ 1223.5 │ 26.5 │  0  │ 0.5 │  600  │  7110000  │   30200   │   358065000   │     │          │     │
│   15    │ 11850 │ 11850 │ 11850 │ 11850 │ 400  │  4740000  │   32400   │   400   │  4740000  │ 383055000 │ 1676369160000 │ '2023-02-14T10:06:00.000Z' │ 100  │  0  │  0  │ Infinity │  0  │ 1223.5 │ 26.5 │  0  │ 0.3 │  400  │  4740000  │   30600   │   362805000   │     │          │     │
│   16    │ 11850 │ 11850 │ 11850 │ 11850 │ 200  │  2370000  │   32600   │   200   │  2370000  │ 385425000 │ 1676369280000 │ '2023-02-14T10:08:00.000Z' │ 100  │  0  │  0  │ Infinity │  0  │ 1223.5 │ 26.5 │  0  │ 0.2 │  200  │  2370000  │   30800   │   365175000   │     │          │     │
│   17    │ 11850 │ 11850 │ 11850 │ 11850 │ 400  │  4740000  │   33000   │   400   │  4740000  │ 390165000 │ 1676369400000 │ '2023-02-14T10:10:00.000Z' │ 100  │  0  │  0  │ Infinity │  0  │ 1223.5 │ 26.5 │  0  │ 0.3 │  400  │  4740000  │   31200   │   369915000   │     │          │     │
│   18    │ 11850 │ 11850 │ 11850 │ 11850 │ 1000 │ 11850000  │   34000   │  1000   │ 11850000  │ 402015000 │ 1676369520000 │ '2023-02-14T10:12:00.000Z' │ 100  │  0  │  0  │ Infinity │  0  │ 1223.5 │ 26.5 │  0  │ 0.8 │ 1000  │ 11850000  │   32200   │   381765000   │     │          │     │
│   19    │ 11850 │ 11850 │ 11850 │ 11850 │ 900  │ 10665000  │   34900   │   900   │ 10665000  │ 412680000 │ 1676369640000 │ '2023-02-14T10:14:00.000Z' │ 100  │  0  │  0  │ Infinity │  0  │ 1223.5 │ 26.5 │  0  │ 0.7 │  900  │ 10665000  │   33100   │   392430000   │     │          │     │
│   20    │ 11850 │ 11850 │ 11850 │ 11850 │ 1000 │ 11850000  │   35900   │  1000   │ 11850000  │ 424530000 │ 1676369760000 │ '2023-02-14T10:16:00.000Z' │ 100  │  0  │  0  │ Infinity │  0  │ 1223.5 │ 26.5 │  0  │ 0.8 │ 1000  │ 11850000  │   34100   │   404280000   │     │          │     │
├─────────┼───────┼───────┼───────┼───────┼──────┼───────────┼───────────┼─────────┼───────────┼───────────┼───────────────┼────────────────────────────┼──────┼─────┼─────┼──────────┼─────┼────────┼──────┼─────┼─────┼───────┼───────────┼───────────┼───────────────┼─────┼──────────┼─────┤
│ (index) │   c   │   h   │   l   │   o   │  bu  │  val_bu   │ total_vol │ sum_vol │    val    │ acum_val  │   datetime    │            date            │ pbu  │ psd │ puk │    bs    │ sb  │  abu   │ asd  │ auk │ rbu │ bu-sd │ bu-sd_val │ acum_busd │ acum_busd_val │ sd  │  val_sd  │ rsd │
├─────────┼───────┼───────┼───────┼───────┼──────┼───────────┼───────────┼─────────┼───────────┼───────────┼───────────────┼────────────────────────────┼──────┼─────┼─────┼──────────┼─────┼────────┼──────┼─────┼─────┼───────┼───────────┼───────────┼───────────────┼─────┼──────────┼─────┤
│   21    │ 11850 │ 11850 │ 11850 │ 11850 │ 1200 │ 14220000  │   37100   │  1200   │ 14220000  │ 438750000 │ 1676369880000 │ '2023-02-14T10:18:00.000Z' │ 100  │  0  │  0  │ Infinity │  0  │ 1223.5 │ 26.5 │  0  │  1  │ 1200  │ 14220000  │   35300   │   418500000   │     │          │     │
│   22    │ 11850 │ 11850 │ 11850 │ 11850 │ 300  │  3555000  │   37400   │   300   │  3555000  │ 442305000 │ 1676370000000 │ '2023-02-14T10:20:00.000Z' │ 100  │  0  │  0  │ Infinity │  0  │ 1223.5 │ 26.5 │  0  │ 0.2 │  300  │  3555000  │   35600   │   422055000   │     │          │     │
│   23    │ 11850 │ 11850 │ 11850 │ 11850 │ 600  │  7110000  │   38000   │   600   │  7110000  │ 449415000 │ 1676370120000 │ '2023-02-14T10:22:00.000Z' │ 100  │  0  │  0  │ Infinity │  0  │ 1223.5 │ 26.5 │  0  │ 0.5 │  600  │  7110000  │   36200   │   429165000   │     │          │     │
│   24    │ 11850 │ 11850 │ 11850 │ 11850 │ 400  │  4740000  │   38400   │   400   │  4740000  │ 454155000 │ 1676370240000 │ '2023-02-14T10:24:00.000Z' │ 100  │  0  │  0  │ Infinity │  0  │ 1223.5 │ 26.5 │  0  │ 0.3 │  400  │  4740000  │   36600   │   433905000   │     │          │     │
│   25    │ 11850 │ 11850 │ 11850 │ 11850 │ 100  │  1185000  │   38500   │   100   │  1185000  │ 455340000 │ 1676370360000 │ '2023-02-14T10:26:00.000Z' │ 100  │  0  │  0  │ Infinity │  0  │ 1223.5 │ 26.5 │  0  │ 0.1 │  100  │  1185000  │   36700   │   435090000   │     │          │     │
│   26    │ 11850 │ 11850 │ 11850 │ 11850 │ 600  │  7110000  │   39100   │   600   │  7110000  │ 462450000 │ 1676370480000 │ '2023-02-14T10:28:00.000Z' │ 100  │  0  │  0  │ Infinity │  0  │ 1223.5 │ 26.5 │  0  │ 0.5 │  600  │  7110000  │   37300   │   442200000   │     │          │     │
│   27    │ 11900 │ 11900 │ 11900 │ 11900 │ 100  │  1190000  │   39200   │   100   │  1190000  │ 463640000 │ 1676371800000 │ '2023-02-14T10:50:00.000Z' │ 100  │  0  │  0  │ Infinity │  0  │ 1223.5 │ 26.5 │  0  │ 0.1 │  100  │  1190000  │   37400   │   443390000   │     │          │     │
│   28    │ 11900 │ 11900 │ 11900 │ 11900 │ 1600 │ 19040000  │   40800   │  1600   │ 19040000  │ 482680000 │ 1676373240000 │ '2023-02-14T11:14:00.000Z' │ 100  │  0  │  0  │ Infinity │  0  │ 1223.5 │ 26.5 │  0  │ 1.3 │ 1600  │ 19040000  │   39000   │   462430000   │     │          │     │
│   29    │ 11900 │ 11900 │ 11900 │ 11900 │ 500  │  5950000  │   41300   │   500   │  5950000  │ 488630000 │ 1676373360000 │ '2023-02-14T11:16:00.000Z' │ 100  │  0  │  0  │ Infinity │  0  │ 1223.5 │ 26.5 │  0  │ 0.4 │  500  │  5950000  │   39500   │   468380000   │     │          │     │
│   30    │ 11900 │ 11900 │ 11900 │ 11900 │ 300  │  3570000  │   41600   │   300   │  3570000  │ 492200000 │ 1676373480000 │ '2023-02-14T11:18:00.000Z' │ 100  │  0  │  0  │ Infinity │  0  │ 1223.5 │ 26.5 │  0  │ 0.2 │  300  │  3570000  │   39800   │   471950000   │     │          │     │
│   31    │ 11900 │ 11900 │ 11900 │ 11900 │ 400  │  4760000  │   42000   │   400   │  4760000  │ 496960000 │ 1676373600000 │ '2023-02-14T11:20:00.000Z' │ 100  │  0  │  0  │ Infinity │  0  │ 1223.5 │ 26.5 │  0  │ 0.3 │  400  │  4760000  │   40200   │   476710000   │     │          │     │
│   32    │ 11900 │ 11900 │ 11900 │ 11900 │ 400  │  4760000  │   42400   │   400   │  4760000  │ 501720000 │ 1676373720000 │ '2023-02-14T11:22:00.000Z' │ 100  │  0  │  0  │ Infinity │  0  │ 1223.5 │ 26.5 │  0  │ 0.3 │  400  │  4760000  │   40600   │   481470000   │     │          │     │
│   33    │ 11900 │ 11900 │ 11900 │ 11900 │ 100  │  1190000  │   42500   │   100   │  1190000  │ 502910000 │ 1676373960000 │ '2023-02-14T11:26:00.000Z' │ 100  │  0  │  0  │ Infinity │  0  │ 1223.5 │ 26.5 │  0  │ 0.1 │  100  │  1190000  │   40700   │   482660000   │     │          │     │
└─────────┴───────┴───────┴───────┴───────┴──────┴───────────┴───────────┴─────────┴───────────┴───────────┴───────────────┴────────────────────────────┴──────┴─────┴─────┴──────────┴─────┴────────┴──────┴─────┴─────┴───────┴───────────┴───────────┴───────────────┴─────┴──────────┴─────┘

