┌─────────┬──────┬──────┬──────┬──────┬──────┬──────────┬───────────┬─────────┬──────────┬───────────┬───────────────┬────────────────────────────┬─────┬─────┬─────┬──────────┬──────────┬──────┬───────┬─────┬──────┬───────┬───────────┬───────────┬───────────────┬───────┬──────────┬──────┐
│ (index) │  c   │  h   │  l   │  o   │  sd  │  val_sd  │ total_vol │ sum_vol │   val    │ acum_val  │   datetime    │            date            │ pbu │ psd │ puk │    bs    │    sb    │ abu  │  asd  │ auk │ rsd  │ bu-sd │ bu-sd_val │ acum_busd │ acum_busd_val │  bu   │  val_bu  │ rbu  │
├─────────┼──────┼──────┼──────┼──────┼──────┼──────────┼───────────┼─────────┼──────────┼───────────┼───────────────┼────────────────────────────┼─────┼─────┼─────┼──────────┼──────────┼──────┼───────┼─────┼──────┼───────┼───────────┼───────────┼───────────────┼───────┼──────────┼──────┤
│    0    │ 4050 │ 4050 │ 4050 │ 4050 │ 7700 │ 31185000 │   7700    │  7700   │ 31185000 │ 31185000  │ 1676366040000 │ '2023-02-14T09:14:00.000Z' │  0  │ 100 │  0  │    0     │ Infinity │ 1600 │ 521.1 │  0  │ 14.8 │ -7700 │ -31185000 │   -7700   │   -31185000   │       │          │      │
│    1    │ 4050 │ 4070 │ 4050 │ 4070 │      │          │   26400   │  18700  │ 75827000 │ 107012000 │ 1676366280000 │ '2023-02-14T09:18:00.000Z' │ 100 │  0  │  0  │ Infinity │    0     │ 1600 │ 521.1 │  0  │      │ 18700 │ 75827000  │   11000   │   44642000    │ 18700 │ 75827000 │ 11.7 │
│    2    │ 4050 │ 4050 │ 4050 │ 4050 │      │          │   26800   │   400   │ 1620000  │ 108632000 │ 1676366400000 │ '2023-02-14T09:20:00.000Z' │ 100 │  0  │  0  │ Infinity │    0     │ 1600 │ 521.1 │  0  │      │  400  │  1620000  │   11400   │   46262000    │  400  │ 1620000  │ 0.3  │
│    3    │ 4150 │ 4150 │ 4140 │ 4140 │      │          │   27000   │  5000   │ 20749000 │ 129381000 │ 1676367360000 │ '2023-02-14T09:36:00.000Z' │ 100 │  0  │  0  │ Infinity │    0     │ 1600 │ 521.1 │  0  │      │ 5000  │ 20749000  │   16400   │   67011000    │ 5000  │ 20749000 │ 3.1  │
│    4    │ 4120 │ 4120 │ 4120 │ 4120 │ 1800 │ 7416000  │   33600   │  1800   │ 7416000  │ 136797000 │ 1676367480000 │ '2023-02-14T09:38:00.000Z' │  0  │ 100 │  0  │    0     │ Infinity │ 1600 │ 521.1 │  0  │ 3.5  │ -1800 │ -7416000  │   14600   │   59595000    │       │          │      │
│    5    │ 4120 │ 4120 │ 4120 │ 4120 │      │          │   33700   │   100   │  412000  │ 137209000 │ 1676367720000 │ '2023-02-14T09:42:00.000Z' │ 100 │  0  │  0  │ Infinity │    0     │ 1600 │ 521.1 │  0  │      │  100  │  412000   │   14700   │   60007000    │  100  │  412000  │ 0.1  │
│    6    │ 4130 │ 4130 │ 4120 │ 4120 │      │          │   34000   │   300   │ 1238000  │ 138447000 │ 1676367840000 │ '2023-02-14T09:44:00.000Z' │ 100 │  0  │  0  │ Infinity │    0     │ 1600 │ 521.1 │  0  │      │  300  │  1238000  │   15000   │   61245000    │  300  │ 1238000  │ 0.2  │
│    7    │ 4150 │ 4150 │ 4140 │ 4140 │      │          │   34300   │   300   │ 1243000  │ 139690000 │ 1676367960000 │ '2023-02-14T09:46:00.000Z' │ 100 │  0  │  0  │ Infinity │    0     │ 1600 │ 521.1 │  0  │      │  300  │  1243000  │   15300   │   62488000    │  300  │ 1243000  │ 0.2  │
│    8    │ 4150 │ 4150 │ 4150 │ 4150 │      │          │   35400   │  1100   │ 4565000  │ 144255000 │ 1676368080000 │ '2023-02-14T09:48:00.000Z' │ 100 │  0  │  0  │ Infinity │    0     │ 1600 │ 521.1 │  0  │      │ 1100  │  4565000  │   16400   │   67053000    │ 1100  │ 4565000  │ 0.7  │
│    9    │ 4150 │ 4150 │ 4150 │ 4150 │      │          │   36100   │   700   │ 2905000  │ 147160000 │ 1676368200000 │ '2023-02-14T09:50:00.000Z' │ 100 │  0  │  0  │ Infinity │    0     │ 1600 │ 521.1 │  0  │      │  700  │  2905000  │   17100   │   69958000    │  700  │ 2905000  │ 0.4  │
│   10    │ 4150 │ 4150 │ 4150 │ 4150 │      │          │   36500   │   400   │ 1660000  │ 148820000 │ 1676368320000 │ '2023-02-14T09:52:00.000Z' │ 100 │  0  │  0  │ Infinity │    0     │ 1600 │ 521.1 │  0  │      │  400  │  1660000  │   17500   │   71618000    │  400  │ 1660000  │ 0.3  │
│   11    │ 4150 │ 4150 │ 4150 │ 4150 │      │          │   36600   │   100   │  415000  │ 149235000 │ 1676368440000 │ '2023-02-14T09:54:00.000Z' │ 100 │  0  │  0  │ Infinity │    0     │ 1600 │ 521.1 │  0  │      │  100  │  415000   │   17600   │   72033000    │  100  │  415000  │ 0.1  │
│   12    │ 4150 │ 4150 │ 4150 │ 4150 │      │          │   36900   │   300   │ 1245000  │ 150480000 │ 1676368560000 │ '2023-02-14T09:56:00.000Z' │ 100 │  0  │  0  │ Infinity │    0     │ 1600 │ 521.1 │  0  │      │  300  │  1245000  │   17900   │   73278000    │  300  │ 1245000  │ 0.2  │
│   13    │ 4150 │ 4150 │ 4150 │ 4150 │      │          │   37000   │   100   │  415000  │ 150895000 │ 1676368680000 │ '2023-02-14T09:58:00.000Z' │ 100 │  0  │  0  │ Infinity │    0     │ 1600 │ 521.1 │  0  │      │  100  │  415000   │   18000   │   73693000    │  100  │  415000  │ 0.1  │
│   14    │ 4150 │ 4150 │ 4150 │ 4150 │      │          │   39400   │  2400   │ 9960000  │ 160855000 │ 1676368800000 │ '2023-02-14T10:00:00.000Z' │ 100 │  0  │  0  │ Infinity │    0     │ 1600 │ 521.1 │  0  │      │ 2400  │  9960000  │   20400   │   83653000    │ 2400  │ 9960000  │ 1.5  │
│   15    │ 4150 │ 4150 │ 4150 │ 4150 │      │          │   39600   │   200   │  830000  │ 161685000 │ 1676368920000 │ '2023-02-14T10:02:00.000Z' │ 100 │  0  │  0  │ Infinity │    0     │ 1600 │ 521.1 │  0  │      │  200  │  830000   │   20600   │   84483000    │  200  │  830000  │ 0.1  │
│   16    │ 4150 │ 4150 │ 4150 │ 4150 │ 300  │ 1245000  │   39900   │   300   │ 1245000  │ 162930000 │ 1676369040000 │ '2023-02-14T10:04:00.000Z' │  0  │ 100 │  0  │    0     │ Infinity │ 1600 │ 521.1 │  0  │ 0.6  │ -300  │ -1245000  │   20300   │   83238000    │       │          │      │
│   17    │ 4160 │ 4160 │ 4160 │ 4160 │      │          │   40200   │   300   │ 1248000  │ 164178000 │ 1676369160000 │ '2023-02-14T10:06:00.000Z' │ 100 │  0  │  0  │ Infinity │    0     │ 1600 │ 521.1 │  0  │      │  300  │  1248000  │   20600   │   84486000    │  300  │ 1248000  │ 0.2  │
│   18    │ 4130 │ 4130 │ 4130 │ 4130 │ 100  │  413000  │   40300   │   100   │  413000  │ 164591000 │ 1676369520000 │ '2023-02-14T10:12:00.000Z' │  0  │ 100 │  0  │    0     │ Infinity │ 1600 │ 521.1 │  0  │ 0.2  │ -100  │  -413000  │   20500   │   84073000    │       │          │      │
└─────────┴──────┴──────┴──────┴──────┴──────┴──────────┴───────────┴─────────┴──────────┴───────────┴───────────────┴────────────────────────────┴─────┴─────┴─────┴──────────┴──────────┴──────┴───────┴─────┴──────┴───────┴───────────┴───────────┴───────────────┴───────┴──────────┴──────┘

├─────────┼──────┼──────┼──────┼──────┼──────┼──────────┼───────────┼─────────┼──────────┼───────────┼───────────────┼────────────────────────────┼─────┼─────┼─────┼──────────┼──────────┼──────┼───────┼─────┼──────┼───────┼───────────┼───────────┼───────────────┼───────┼──────────┼──────┤
│ (index) │  c   │  h   │  l   │  o   │  sd  │  val_sd  │ total_vol │ sum_vol │   val    │ acum_val  │   datetime    │            date            │ pbu │ psd │ puk │    bs    │    sb    │ abu  │  asd  │ auk │ rsd  │ bu-sd │ bu-sd_val │ acum_busd │ acum_busd_val │  bu   │  val_bu  │ rbu  │
├─────────┼──────┼──────┼──────┼──────┼──────┼──────────┼───────────┼─────────┼──────────┼───────────┼───────────────┼────────────────────────────┼─────┼─────┼─────┼──────────┼──────────┼──────┼───────┼─────┼──────┼───────┼───────────┼───────────┼───────────────┼───────┼──────────┼──────┤
