┌─────────┬──────┬──────┬──────┬──────┬───────┬───────────┬───────────┬─────────┬───────────┬───────────┬───────────────┬────────────────────────────┬──────┬──────┬─────┬──────────┬──────────┬──────┬──────┬─────┬──────┬────────┬───────────┬───────────┬───────────────┬───────┬──────────┬─────┐
│ (index) │  c   │  h   │  l   │  o   │  bu   │  val_bu   │ total_vol │ sum_vol │    val    │ acum_val  │   datetime    │            date            │ pbu  │ psd  │ puk │    bs    │    sb    │ abu  │ asd  │ auk │ rbu  │ bu-sd  │ bu-sd_val │ acum_busd │ acum_busd_val │  sd   │  val_sd  │ rsd │
├─────────┼──────┼──────┼──────┼──────┼───────┼───────────┼───────────┼─────────┼───────────┼───────────┼───────────────┼────────────────────────────┼──────┼──────┼─────┼──────────┼──────────┼──────┼──────┼─────┼──────┼────────┼───────────┼───────────┼───────────────┼───────┼──────────┼─────┤
│    0    │ 7360 │ 7360 │ 7360 │ 7360 │  100  │  736000   │    100    │   100   │  736000   │  736000   │ 1676366040000 │ '2023-02-14T09:14:00.000Z' │ 100  │  0   │  0  │ Infinity │    0     │ 3813 │ 1500 │  0  │  0   │  100   │  736000   │    100    │    736000     │       │          │     │
│    1    │ 7360 │ 7360 │ 7360 │ 7360 │ 2000  │ 14720000  │   2900    │  2800   │ 20608000  │ 21344000  │ 1676366160000 │ '2023-02-14T09:16:00.000Z' │ 71.4 │ 28.6 │  0  │   2.5    │   0.4    │ 3813 │ 1500 │  0  │ 0.5  │  1200  │  8832000  │   1300    │    9568000    │  800  │ 5888000  │ 0.5 │
│    2    │ 7360 │ 7360 │ 7360 │ 7360 │ 8700  │ 64032000  │   11600   │  8700   │ 64032000  │ 85376000  │ 1676366280000 │ '2023-02-14T09:18:00.000Z' │ 100  │  0   │  0  │ Infinity │    0     │ 3813 │ 1500 │  0  │ 2.3  │  8700  │ 64032000  │   10000   │   73600000    │       │          │     │
│    3    │ 7500 │ 7500 │ 7500 │ 7500 │  100  │  750000   │   11700   │   100   │  750000   │ 86126000  │ 1676366400000 │ '2023-02-14T09:20:00.000Z' │ 100  │  0   │  0  │ Infinity │    0     │ 3813 │ 1500 │  0  │  0   │  100   │  750000   │   10100   │   74350000    │       │          │     │
│    4    │ 7500 │ 7500 │ 7500 │ 7500 │  600  │  4500000  │   12300   │   600   │  4500000  │ 90626000  │ 1676366520000 │ '2023-02-14T09:22:00.000Z' │ 100  │  0   │  0  │ Infinity │    0     │ 3813 │ 1500 │  0  │ 0.2  │  600   │  4500000  │   10700   │   78850000    │       │          │     │
│    5    │ 7310 │ 7360 │ 7310 │ 7360 │  100  │  731000   │   17900   │  5600   │ 40961000  │ 131587000 │ 1676367000000 │ '2023-02-14T09:30:00.000Z' │ 1.8  │ 98.2 │  0  │    0     │    55    │ 3813 │ 1500 │  0  │  0   │ -5400  │ -39499000 │   5300    │   39351000    │ 5500  │ 40230000 │ 3.7 │
│    6    │ 7320 │ 7320 │ 7310 │ 7310 │  100  │  732000   │   20800   │  2900   │ 21200000  │ 152787000 │ 1676367360000 │ '2023-02-14T09:36:00.000Z' │ 3.4  │ 96.6 │  0  │    0     │    28    │ 3813 │ 1500 │  0  │  0   │ -2700  │ -19736000 │   2600    │   19615000    │ 2800  │ 20468000 │ 1.9 │
│    7    │ 7310 │ 7310 │ 7310 │ 7310 │       │           │   23600   │  2800   │ 20468000  │ 173255000 │ 1676367480000 │ '2023-02-14T09:38:00.000Z' │  0   │ 100  │  0  │    0     │ Infinity │ 3813 │ 1500 │  0  │      │ -2800  │ -20468000 │   -200    │    -853000    │ 2800  │ 20468000 │ 1.9 │
│    8    │ 7320 │ 7320 │ 7320 │ 7320 │  100  │  732000   │   23700   │   100   │  732000   │ 173987000 │ 1676367720000 │ '2023-02-14T09:42:00.000Z' │ 100  │  0   │  0  │ Infinity │    0     │ 3813 │ 1500 │  0  │  0   │  100   │  732000   │   -100    │    -121000    │       │          │     │
│    9    │ 7320 │ 7320 │ 7300 │ 7310 │  500  │  3660000  │   34700   │  11000  │ 80311000  │ 254298000 │ 1676367840000 │ '2023-02-14T09:44:00.000Z' │ 4.5  │ 95.5 │  0  │    0     │    21    │ 3813 │ 1500 │  0  │ 0.1  │ -10000 │ -72991000 │  -10100   │   -73112000   │ 10500 │ 76651000 │  7  │
│   10    │ 7320 │ 7320 │ 7320 │ 7320 │ 4400  │ 32208000  │   39100   │  4400   │ 32208000  │ 286506000 │ 1676367960000 │ '2023-02-14T09:46:00.000Z' │ 100  │  0   │  0  │ Infinity │    0     │ 3813 │ 1500 │  0  │ 1.2  │  4400  │ 32208000  │   -5700   │   -40904000   │       │          │     │
│   11    │ 7350 │ 7350 │ 7350 │ 7350 │       │           │   39500   │   400   │  2940000  │ 289446000 │ 1676368560000 │ '2023-02-14T09:56:00.000Z' │  0   │ 100  │  0  │    0     │ Infinity │ 3813 │ 1500 │  0  │      │  -400  │ -2940000  │   -6100   │   -43844000   │  400  │ 2940000  │ 0.3 │
│   12    │ 7300 │ 7360 │ 7300 │ 7360 │ 54500 │ 397882000 │   95800   │  56300  │ 411114000 │ 700560000 │ 1676369280000 │ '2023-02-14T10:08:00.000Z' │ 96.8 │ 3.2  │  0  │   30.3   │    0     │ 3813 │ 1500 │  0  │ 14.3 │ 52700  │ 384650000 │   46600   │   340806000   │ 1800  │ 13232000 │ 1.2 │
│   13    │ 7300 │ 7300 │ 7300 │ 7300 │ 14400 │ 105120000 │  110200   │  14400  │ 105120000 │ 805680000 │ 1676369400000 │ '2023-02-14T10:10:00.000Z' │ 100  │  0   │  0  │ Infinity │    0     │ 3813 │ 1500 │  0  │ 3.8  │ 14400  │ 105120000 │   61000   │   445926000   │       │          │     │
│   14    │ 7460 │ 7460 │ 7460 │ 7460 │  100  │  746000   │  110300   │   100   │  746000   │ 806426000 │ 1676369640000 │ '2023-02-14T10:14:00.000Z' │ 100  │  0   │  0  │ Infinity │    0     │ 3813 │ 1500 │  0  │  0   │  100   │  746000   │   61100   │   446672000   │       │          │     │
│   15    │ 7320 │ 7320 │ 7320 │ 7320 │       │           │  113300   │  3000   │ 21960000  │ 828386000 │ 1676369760000 │ '2023-02-14T10:16:00.000Z' │  0   │ 100  │  0  │    0     │ Infinity │ 3813 │ 1500 │  0  │      │ -3000  │ -21960000 │   58100   │   424712000   │ 3000  │ 21960000 │  2  │
│   16    │ 7340 │ 7340 │ 7340 │ 7340 │       │           │  113800   │   500   │  3670000  │ 832056000 │ 1676371320000 │ '2023-02-14T10:42:00.000Z' │  0   │ 100  │  0  │    0     │ Infinity │ 3813 │ 1500 │  0  │      │  -500  │ -3670000  │   57600   │   421042000   │  500  │ 3670000  │ 0.3 │
│   17    │ 7350 │ 7350 │ 7340 │ 7340 │       │           │  114500   │   700   │  5142000  │ 837198000 │ 1676371680000 │ '2023-02-14T10:48:00.000Z' │  0   │ 100  │  0  │    0     │ Infinity │ 3813 │ 1500 │  0  │      │  -700  │ -5142000  │   56900   │   415900000   │  700  │ 5142000  │ 0.5 │
│   18    │ 7360 │ 7360 │ 7360 │ 7360 │       │           │  114600   │   100   │  736000   │ 837934000 │ 1676372400000 │ '2023-02-14T11:00:00.000Z' │  0   │ 100  │  0  │    0     │ Infinity │ 3813 │ 1500 │  0  │      │  -100  │  -736000  │   56800   │   415164000   │  100  │  736000  │ 0.1 │
│   19    │ 7360 │ 7360 │ 7360 │ 7360 │  500  │  3680000  │  120700   │  6100   │ 44896000  │ 882830000 │ 1676372880000 │ '2023-02-14T11:08:00.000Z' │ 8.2  │ 91.8 │  0  │   0.1    │   11.2   │ 3813 │ 1500 │  0  │ 0.1  │ -5100  │ -37536000 │   51700   │   377628000   │ 5600  │ 41216000 │ 3.7 │
│   20    │ 7360 │ 7360 │ 7360 │ 7360 │ 1200  │  8832000  │  121900   │  1200   │  8832000  │ 891662000 │ 1676373360000 │ '2023-02-14T11:16:00.000Z' │ 100  │  0   │  0  │ Infinity │    0     │ 3813 │ 1500 │  0  │ 0.3  │  1200  │  8832000  │   52900   │   386460000   │       │          │     │
├─────────┼──────┼──────┼──────┼──────┼───────┼───────────┼───────────┼─────────┼───────────┼───────────┼───────────────┼────────────────────────────┼──────┼──────┼─────┼──────────┼──────────┼──────┼──────┼─────┼──────┼────────┼───────────┼───────────┼───────────────┼───────┼──────────┼─────┤
│ (index) │  c   │  h   │  l   │  o   │  bu   │  val_bu   │ total_vol │ sum_vol │    val    │ acum_val  │   datetime    │            date            │ pbu  │ psd  │ puk │    bs    │    sb    │ abu  │ asd  │ auk │ rbu  │ bu-sd  │ bu-sd_val │ acum_busd │ acum_busd_val │  sd   │  val_sd  │ rsd │
├─────────┼──────┼──────┼──────┼──────┼───────┼───────────┼───────────┼─────────┼───────────┼───────────┼───────────────┼────────────────────────────┼──────┼──────┼─────┼──────────┼──────────┼──────┼──────┼─────┼──────┼────────┼───────────┼───────────┼───────────────┼───────┼──────────┼─────┤
│   21    │ 7360 │ 7360 │ 7360 │ 7360 │  100  │  736000   │  122000   │   100   │  736000   │ 892398000 │ 1676373600000 │ '2023-02-14T11:20:00.000Z' │ 100  │  0   │  0  │ Infinity │    0     │ 3813 │ 1500 │  0  │  0   │  100   │  736000   │   53000   │   387196000   │       │          │     │
│   22    │ 7360 │ 7360 │ 7360 │ 7360 │  200  │  1472000  │  122200   │   200   │  1472000  │ 893870000 │ 1676373720000 │ '2023-02-14T11:22:00.000Z' │ 100  │  0   │  0  │ Infinity │    0     │ 3813 │ 1500 │  0  │ 0.1  │  200   │  1472000  │   53200   │   388668000   │       │          │     │
└─────────┴──────┴──────┴──────┴──────┴───────┴───────────┴───────────┴─────────┴───────────┴───────────┴───────────────┴────────────────────────────┴──────┴──────┴─────┴──────────┴──────────┴──────┴──────┴─────┴──────┴────────┴───────────┴───────────┴───────────────┴───────┴──────────┴─────┘

