┌─────────┬───────┬───────┬───────┬───────┬──────┬───────────┬───────────┬─────────┬───────────┬────────────┬──────┬───────────┬───────────────┬────────────────────────────┬──────┬──────┬─────┬──────────┬─────┬─────┬──────┬─────┬─────┬─────┬───────┬────────────┬───────────┬───────────────┐
│ (index) │   c   │   h   │   l   │   o   │  sd  │  val_sd   │ total_vol │ sum_vol │    val    │  acum_val  │  bu  │  val_bu   │   datetime    │            date            │ pbu  │ psd  │ puk │    bs    │ sb  │ abu │ asd  │ auk │ rsd │ rbu │ bu-sd │ bu-sd_val  │ acum_busd │ acum_busd_val │
├─────────┼───────┼───────┼───────┼───────┼──────┼───────────┼───────────┼─────────┼───────────┼────────────┼──────┼───────────┼───────────────┼────────────────────────────┼──────┼──────┼─────┼──────────┼─────┼─────┼──────┼─────┼─────┼─────┼───────┼────────────┼───────────┼───────────────┤
│    0    │ 93400 │ 93400 │ 92900 │ 92900 │ 3700 │ 343730000 │   4400    │  4400   │ 408870000 │ 408870000  │ 700  │ 65140000  │ 1676366040000 │ '2023-02-14T09:14:00.000Z' │ 15.9 │ 84.1 │  0  │   0.2    │ 5.3 │ 560 │ 1680 │  0  │ 2.2 │ 1.3 │ -3000 │ -278590000 │   -3000   │  -278590000   │
│    1    │ 93300 │ 93400 │ 93000 │ 93400 │ 2500 │ 232680000 │   7200    │  2800   │ 260690000 │ 669560000  │ 300  │ 28010000  │ 1676366160000 │ '2023-02-14T09:16:00.000Z' │ 10.7 │ 89.3 │  0  │   0.1    │ 8.3 │ 560 │ 1680 │  0  │ 1.5 │ 0.5 │ -2200 │ -204670000 │   -5200   │  -483260000   │
│    2    │ 93000 │ 93100 │ 93000 │ 93100 │ 800  │ 74430000  │   10200   │  3000   │ 279250000 │ 948810000  │ 2200 │ 204820000 │ 1676366280000 │ '2023-02-14T09:18:00.000Z' │ 73.3 │ 26.7 │  0  │   2.8    │ 0.4 │ 560 │ 1680 │  0  │ 0.5 │ 3.9 │ 1400  │ 130390000  │   -3800   │  -352870000   │
│    3    │ 92900 │ 93000 │ 92900 │ 93000 │ 6000 │ 557840000 │   16400   │  6200   │ 576440000 │ 1525250000 │ 200  │ 18600000  │ 1676366400000 │ '2023-02-14T09:20:00.000Z' │ 3.2  │ 96.8 │  0  │    0     │ 30  │ 560 │ 1680 │  0  │ 3.6 │ 0.4 │ -5800 │ -539240000 │   -9600   │  -892110000   │
│    4    │ 92900 │ 93000 │ 92100 │ 92900 │ 5700 │ 526810000 │   23000   │  6600   │ 610420000 │ 2135670000 │ 900  │ 83610000  │ 1676366520000 │ '2023-02-14T09:22:00.000Z' │ 13.6 │ 86.4 │  0  │   0.2    │ 6.3 │ 560 │ 1680 │  0  │ 3.4 │ 1.6 │ -4800 │ -443200000 │  -14400   │  -1335310000  │
│    5    │ 92100 │ 93000 │ 92100 │ 92900 │ 1800 │ 166020000 │   25000   │  2000   │ 184620000 │ 2320290000 │ 200  │ 18600000  │ 1676366640000 │ '2023-02-14T09:24:00.000Z' │  10  │  90  │  0  │   0.1    │  9  │ 560 │ 1680 │  0  │ 1.1 │ 0.4 │ -1600 │ -147420000 │  -16000   │  -1482730000  │
│    6    │ 92900 │ 92900 │ 92100 │ 92900 │ 400  │ 36850000  │   25700   │   700   │ 64720000  │ 2385010000 │ 300  │ 27870000  │ 1676366760000 │ '2023-02-14T09:26:00.000Z' │ 42.9 │ 57.1 │  0  │   0.8    │ 1.3 │ 560 │ 1680 │  0  │ 0.2 │ 0.5 │ -100  │  -8980000  │  -16100   │  -1491710000  │
│    7    │ 93000 │ 93000 │ 92300 │ 92900 │ 1400 │ 129500000 │   29400   │  3700   │ 343190000 │ 2728200000 │ 2300 │ 213690000 │ 1676366880000 │ '2023-02-14T09:28:00.000Z' │ 62.2 │ 37.8 │  0  │   1.6    │ 0.6 │ 560 │ 1680 │  0  │ 0.8 │ 4.1 │  900  │  84190000  │  -15200   │  -1407520000  │
│    8    │ 92500 │ 93000 │ 92300 │ 93000 │ 1500 │ 138580000 │   31000   │  1600   │ 147880000 │ 2876080000 │ 100  │  9300000  │ 1676367000000 │ '2023-02-14T09:30:00.000Z' │ 6.3  │ 93.8 │  0  │   0.1    │ 15  │ 560 │ 1680 │  0  │ 0.9 │ 0.2 │ -1400 │ -129280000 │  -16600   │  -1536800000  │
│    9    │ 92900 │ 92900 │ 92200 │ 92900 │ 5400 │ 498770000 │   36600   │  5600   │ 517350000 │ 3393430000 │ 200  │ 18580000  │ 1676367120000 │ '2023-02-14T09:32:00.000Z' │ 3.6  │ 96.4 │  0  │    0     │ 27  │ 560 │ 1680 │  0  │ 3.2 │ 0.4 │ -5200 │ -480190000 │  -21800   │  -2016990000  │
│   10    │ 92900 │ 92900 │ 92300 │ 92900 │ 2400 │ 221520000 │   39800   │  3200   │ 295840000 │ 3689270000 │ 800  │ 74320000  │ 1676367240000 │ '2023-02-14T09:34:00.000Z' │  25  │  75  │  0  │   0.3    │  3  │ 560 │ 1680 │  0  │ 1.4 │ 1.4 │ -1600 │ -147200000 │  -23400   │  -2164190000  │
│   11    │ 92300 │ 92900 │ 92300 │ 92900 │ 400  │ 36920000  │   40400   │   600   │ 55500000  │ 3744770000 │ 200  │ 18580000  │ 1676367360000 │ '2023-02-14T09:36:00.000Z' │ 33.3 │ 66.7 │  0  │   0.5    │  2  │ 560 │ 1680 │  0  │ 0.2 │ 0.4 │ -200  │ -18340000  │  -23600   │  -2182530000  │
│   12    │ 92300 │ 92900 │ 92300 │ 92900 │ 400  │ 36920000  │   41100   │   700   │ 64790000  │ 3809560000 │ 300  │ 27870000  │ 1676367480000 │ '2023-02-14T09:38:00.000Z' │ 42.9 │ 57.1 │  0  │   0.8    │ 1.3 │ 560 │ 1680 │  0  │ 0.2 │ 0.5 │ -100  │  -9050000  │  -23700   │  -2191580000  │
│   13    │ 92800 │ 92900 │ 92800 │ 92900 │      │           │   43400   │  2300   │ 213640000 │ 4023200000 │ 2300 │ 213640000 │ 1676367600000 │ '2023-02-14T09:40:00.000Z' │ 100  │  0   │  0  │ Infinity │  0  │ 560 │ 1680 │  0  │     │ 4.1 │ 2300  │ 213640000  │  -21400   │  -1977940000  │
│   14    │ 92900 │ 92900 │ 92300 │ 92300 │ 400  │ 36920000  │   44200   │   800   │ 74070000  │ 4097270000 │ 400  │ 37150000  │ 1676367720000 │ '2023-02-14T09:42:00.000Z' │  50  │  50  │  0  │    1     │  1  │ 560 │ 1680 │  0  │ 0.2 │ 0.7 │   0   │   230000   │  -21400   │  -1977710000  │
│   15    │ 92700 │ 92800 │ 92300 │ 92300 │ 400  │ 36920000  │   44800   │   600   │ 55470000  │ 4152740000 │ 200  │ 18550000  │ 1676367840000 │ '2023-02-14T09:44:00.000Z' │ 33.3 │ 66.7 │  0  │   0.5    │  2  │ 560 │ 1680 │  0  │ 0.2 │ 0.4 │ -200  │ -18370000  │  -21600   │  -1996080000  │
│   16    │ 92700 │ 92700 │ 92300 │ 92700 │ 400  │ 36920000  │   45600   │   800   │ 74000000  │ 4226740000 │ 400  │ 37080000  │ 1676367960000 │ '2023-02-14T09:46:00.000Z' │  50  │  50  │  0  │    1     │  1  │ 560 │ 1680 │  0  │ 0.2 │ 0.7 │   0   │   160000   │  -21600   │  -1995920000  │
│   17    │ 92700 │ 92700 │ 92300 │ 92700 │ 400  │ 36920000  │   46200   │   600   │ 55460000  │ 4282200000 │ 200  │ 18540000  │ 1676368080000 │ '2023-02-14T09:48:00.000Z' │ 33.3 │ 66.7 │  0  │   0.5    │  2  │ 560 │ 1680 │  0  │ 0.2 │ 0.4 │ -200  │ -18380000  │  -21800   │  -2014300000  │
│   18    │ 92600 │ 92600 │ 92200 │ 92300 │ 2500 │ 230580000 │   48800   │  2600   │ 239840000 │ 4522040000 │ 100  │  9260000  │ 1676368200000 │ '2023-02-14T09:50:00.000Z' │ 3.8  │ 96.2 │  0  │    0     │ 25  │ 560 │ 1680 │  0  │ 1.5 │ 0.2 │ -2400 │ -221320000 │  -24200   │  -2235620000  │
│   19    │ 92700 │ 92800 │ 92600 │ 92600 │ 4900 │ 454230000 │   54200   │  5400   │ 500590000 │ 5022630000 │ 500  │ 46360000  │ 1676368320000 │ '2023-02-14T09:52:00.000Z' │ 9.3  │ 90.7 │  0  │   0.1    │ 9.8 │ 560 │ 1680 │  0  │ 2.9 │ 0.9 │ -4400 │ -407870000 │  -28600   │  -2643490000  │
│   20    │ 92300 │ 92700 │ 92300 │ 92700 │ 500  │ 46150000  │   54800   │   600   │ 55420000  │ 5078050000 │ 100  │  9270000  │ 1676368440000 │ '2023-02-14T09:54:00.000Z' │ 16.7 │ 83.3 │  0  │   0.2    │  5  │ 560 │ 1680 │  0  │ 0.3 │ 0.2 │ -400  │ -36880000  │  -29000   │  -2680370000  │
├─────────┼───────┼───────┼───────┼───────┼──────┼───────────┼───────────┼─────────┼───────────┼────────────┼──────┼───────────┼───────────────┼────────────────────────────┼──────┼──────┼─────┼──────────┼─────┼─────┼──────┼─────┼─────┼─────┼───────┼────────────┼───────────┼───────────────┤
│ (index) │   c   │   h   │   l   │   o   │  sd  │  val_sd   │ total_vol │ sum_vol │    val    │  acum_val  │  bu  │  val_bu   │   datetime    │            date            │ pbu  │ psd  │ puk │    bs    │ sb  │ abu │ asd  │ auk │ rsd │ rbu │ bu-sd │ bu-sd_val  │ acum_busd │ acum_busd_val │
├─────────┼───────┼───────┼───────┼───────┼──────┼───────────┼───────────┼─────────┼───────────┼────────────┼──────┼───────────┼───────────────┼────────────────────────────┼──────┼──────┼─────┼──────────┼─────┼─────┼──────┼─────┼─────┼─────┼───────┼────────────┼───────────┼───────────────┤
│   21    │ 92100 │ 92700 │ 92100 │ 92300 │ 5400 │ 497720000 │   60400   │  5600   │ 516260000 │ 5594310000 │ 200  │ 18540000  │ 1676368560000 │ '2023-02-14T09:56:00.000Z' │ 3.6  │ 96.4 │  0  │    0     │ 27  │ 560 │ 1680 │  0  │ 3.2 │ 0.4 │ -5200 │ -479180000 │  -34200   │  -3159550000  │
│   22    │ 92700 │ 92700 │ 92700 │ 92700 │      │           │   60700   │   300   │ 27810000  │ 5622120000 │ 300  │ 27810000  │ 1676368680000 │ '2023-02-14T09:58:00.000Z' │ 100  │  0   │  0  │ Infinity │  0  │ 560 │ 1680 │  0  │     │ 0.5 │  300  │  27810000  │  -33900   │  -3131740000  │
│   23    │ 92700 │ 92700 │ 92200 │ 92300 │ 400  │ 36890000  │   61400   │   700   │ 64700000  │ 5686820000 │ 300  │ 27810000  │ 1676368800000 │ '2023-02-14T10:00:00.000Z' │ 42.9 │ 57.1 │  0  │   0.8    │ 1.3 │ 560 │ 1680 │  0  │ 0.2 │ 0.5 │ -100  │  -9080000  │  -34000   │  -3140820000  │
│   24    │ 92700 │ 92700 │ 92200 │ 92200 │ 500  │ 46100000  │   62100   │   700   │ 64640000  │ 5751460000 │ 200  │ 18540000  │ 1676368920000 │ '2023-02-14T10:02:00.000Z' │ 28.6 │ 71.4 │  0  │   0.4    │ 2.5 │ 560 │ 1680 │  0  │ 0.3 │ 0.4 │ -300  │ -27560000  │  -34300   │  -3168380000  │
│   25    │ 92700 │ 92700 │ 92200 │ 92700 │ 400  │ 36880000  │   62800   │   700   │ 64690000  │ 5816150000 │ 300  │ 27810000  │ 1676369040000 │ '2023-02-14T10:04:00.000Z' │ 42.9 │ 57.1 │  0  │   0.8    │ 1.3 │ 560 │ 1680 │  0  │ 0.2 │ 0.5 │ -100  │  -9070000  │  -34400   │  -3177450000  │
│   26    │ 92700 │ 92700 │ 92300 │ 92700 │ 500  │ 46150000  │   63600   │   800   │ 73960000  │ 5890110000 │ 300  │ 27810000  │ 1676369160000 │ '2023-02-14T10:06:00.000Z' │ 37.5 │ 62.5 │  0  │   0.6    │ 1.7 │ 560 │ 1680 │  0  │ 0.3 │ 0.5 │ -200  │ -18340000  │  -34600   │  -3195790000  │
│   27    │ 92700 │ 92700 │ 92300 │ 92700 │ 500  │ 46150000  │   64300   │   700   │ 64690000  │ 5954800000 │ 200  │ 18540000  │ 1676369280000 │ '2023-02-14T10:08:00.000Z' │ 28.6 │ 71.4 │  0  │   0.4    │ 2.5 │ 560 │ 1680 │  0  │ 0.3 │ 0.4 │ -300  │ -27610000  │  -34900   │  -3223400000  │
│   28    │ 92700 │ 92700 │ 92200 │ 92700 │ 400  │ 36880000  │   65000   │   700   │ 64690000  │ 6019490000 │ 300  │ 27810000  │ 1676369400000 │ '2023-02-14T10:10:00.000Z' │ 42.9 │ 57.1 │  0  │   0.8    │ 1.3 │ 560 │ 1680 │  0  │ 0.2 │ 0.5 │ -100  │  -9070000  │  -35000   │  -3232470000  │
│   29    │ 92800 │ 92800 │ 92300 │ 92700 │ 400  │ 36920000  │   67200   │  2200   │ 203790000 │ 6223280000 │ 1800 │ 166870000 │ 1676369520000 │ '2023-02-14T10:12:00.000Z' │ 81.8 │ 18.2 │  0  │   4.5    │ 0.2 │ 560 │ 1680 │  0  │ 0.2 │ 3.2 │ 1400  │ 129950000  │  -33600   │  -3102520000  │
└─────────┴───────┴───────┴───────┴───────┴──────┴───────────┴───────────┴─────────┴───────────┴────────────┴──────┴───────────┴───────────────┴────────────────────────────┴──────┴──────┴─────┴──────────┴─────┴─────┴──────┴─────┴─────┴─────┴───────┴────────────┴───────────┴───────────────┘

