┌─────────┬──────┬──────┬──────┬──────┬───────┬───────────┬───────────┬─────────┬───────────┬───────────┬───────────────┬────────────────────────────┬─────┬─────┬─────┬──────────┬──────────┬─────┬────────┬─────┬─────┬────────┬────────────┬───────────┬───────────────┬──────┬──────────┬─────┐
│ (index) │  c   │  h   │  l   │  o   │  sd   │  val_sd   │ total_vol │ sum_vol │    val    │ acum_val  │   datetime    │            date            │ pbu │ psd │ puk │    bs    │    sb    │ abu │  asd   │ auk │ rsd │ bu-sd  │ bu-sd_val  │ acum_busd │ acum_busd_val │  bu  │  val_bu  │ rbu │
├─────────┼──────┼──────┼──────┼──────┼───────┼───────────┼───────────┼─────────┼───────────┼───────────┼───────────────┼────────────────────────────┼─────┼─────┼─────┼──────────┼──────────┼─────┼────────┼─────┼─────┼────────┼────────────┼───────────┼───────────────┼──────┼──────────┼─────┤
│    0    │ 4100 │ 4100 │ 4100 │ 4100 │ 2400  │  9840000  │   2400    │  2400   │  9840000  │  9840000  │ 1676365200000 │ '2023-02-14T09:00:00.000Z' │  0  │ 100 │  0  │    0     │ Infinity │ 800 │ 3206.3 │  0  │ 0.7 │ -2400  │  -9840000  │   -2400   │   -9840000    │      │          │     │
│    1    │ 4100 │ 4100 │ 4100 │ 4100 │  600  │  2460000  │   3000    │   600   │  2460000  │ 12300000  │ 1676365320000 │ '2023-02-14T09:02:00.000Z' │  0  │ 100 │  0  │    0     │ Infinity │ 800 │ 3206.3 │  0  │ 0.2 │  -600  │  -2460000  │   -3000   │   -12300000   │      │          │     │
│    2    │ 4200 │ 4200 │ 4200 │ 4200 │       │           │   10400   │  7400   │ 31080000  │ 43380000  │ 1676365680000 │ '2023-02-14T09:08:00.000Z' │ 100 │  0  │  0  │ Infinity │    0     │ 800 │ 3206.3 │  0  │     │  7400  │  31080000  │   4400    │   18780000    │ 7400 │ 31080000 │ 9.3 │
│    3    │ 4200 │ 4200 │ 4200 │ 4200 │       │           │   12400   │  2000   │  8400000  │ 51780000  │ 1676365800000 │ '2023-02-14T09:10:00.000Z' │ 100 │  0  │  0  │ Infinity │    0     │ 800 │ 3206.3 │  0  │     │  2000  │  8400000   │   6400    │   27180000    │ 2000 │ 8400000  │ 2.5 │
│    4    │ 4200 │ 4200 │ 4200 │ 4200 │       │           │   14400   │  2000   │  8400000  │ 60180000  │ 1676366160000 │ '2023-02-14T09:16:00.000Z' │ 100 │  0  │  0  │ Infinity │    0     │ 800 │ 3206.3 │  0  │     │  2000  │  8400000   │   8400    │   35580000    │ 2000 │ 8400000  │ 2.5 │
│    5    │ 4200 │ 4200 │ 4200 │ 4200 │       │           │   15000   │   600   │  2520000  │ 62700000  │ 1676366280000 │ '2023-02-14T09:18:00.000Z' │ 100 │  0  │  0  │ Infinity │    0     │ 800 │ 3206.3 │  0  │     │  600   │  2520000   │   9000    │   38100000    │ 600  │ 2520000  │ 0.8 │
│    6    │ 4200 │ 4200 │ 4200 │ 4200 │       │           │   15100   │   100   │  420000   │ 63120000  │ 1676366640000 │ '2023-02-14T09:24:00.000Z' │ 100 │  0  │  0  │ Infinity │    0     │ 800 │ 3206.3 │  0  │     │  100   │   420000   │   9100    │   38520000    │ 100  │  420000  │ 0.1 │
│    7    │ 4200 │ 4200 │ 4200 │ 4200 │       │           │   15800   │   700   │  2940000  │ 66060000  │ 1676366760000 │ '2023-02-14T09:26:00.000Z' │ 100 │  0  │  0  │ Infinity │    0     │ 800 │ 3206.3 │  0  │     │  700   │  2940000   │   9800    │   41460000    │ 700  │ 2940000  │ 0.9 │
│    8    │ 4100 │ 4100 │ 4100 │ 4100 │ 1300  │  5330000  │   17100   │  1300   │  5330000  │ 71390000  │ 1676366880000 │ '2023-02-14T09:28:00.000Z' │  0  │ 100 │  0  │    0     │ Infinity │ 800 │ 3206.3 │  0  │ 0.4 │ -1300  │  -5330000  │   8500    │   36130000    │      │          │     │
│    9    │ 4100 │ 4100 │ 4100 │ 4100 │ 1400  │  5740000  │   18500   │  1400   │  5740000  │ 77130000  │ 1676367000000 │ '2023-02-14T09:30:00.000Z' │  0  │ 100 │  0  │    0     │ Infinity │ 800 │ 3206.3 │  0  │ 0.4 │ -1400  │  -5740000  │   7100    │   30390000    │      │          │     │
│   10    │ 4100 │ 4100 │ 4100 │ 4100 │ 5000  │ 20500000  │   23500   │  5000   │ 20500000  │ 97630000  │ 1676367240000 │ '2023-02-14T09:34:00.000Z' │  0  │ 100 │  0  │    0     │ Infinity │ 800 │ 3206.3 │  0  │ 1.6 │ -5000  │ -20500000  │   2100    │    9890000    │      │          │     │
│   11    │ 4100 │ 4100 │ 4100 │ 4100 │ 5000  │ 20500000  │   28500   │  5000   │ 20500000  │ 118130000 │ 1676367720000 │ '2023-02-14T09:42:00.000Z' │  0  │ 100 │  0  │    0     │ Infinity │ 800 │ 3206.3 │  0  │ 1.6 │ -5000  │ -20500000  │   -2900   │   -10610000   │      │          │     │
│   12    │ 4100 │ 4100 │ 4100 │ 4100 │ 28300 │ 116030000 │   56800   │  28300  │ 116030000 │ 234160000 │ 1676368080000 │ '2023-02-14T09:48:00.000Z' │  0  │ 100 │  0  │    0     │ Infinity │ 800 │ 3206.3 │  0  │ 8.8 │ -28300 │ -116030000 │  -31200   │  -126640000   │      │          │     │
│   13    │ 4100 │ 4100 │ 4100 │ 4100 │ 4000  │ 16400000  │   60800   │  4000   │ 16400000  │ 250560000 │ 1676368200000 │ '2023-02-14T09:50:00.000Z' │  0  │ 100 │  0  │    0     │ Infinity │ 800 │ 3206.3 │  0  │ 1.2 │ -4000  │ -16400000  │  -35200   │  -143040000   │      │          │     │
│   14    │ 4100 │ 4100 │ 4100 │ 4100 │ 3000  │ 12300000  │   63800   │  3000   │ 12300000  │ 262860000 │ 1676368680000 │ '2023-02-14T09:58:00.000Z' │  0  │ 100 │  0  │    0     │ Infinity │ 800 │ 3206.3 │  0  │ 0.9 │ -3000  │ -12300000  │  -38200   │  -155340000   │      │          │     │
│   15    │ 4100 │ 4100 │ 4100 │ 4100 │  300  │  1230000  │   64100   │   300   │  1230000  │ 264090000 │ 1676368920000 │ '2023-02-14T10:02:00.000Z' │  0  │ 100 │  0  │    0     │ Infinity │ 800 │ 3206.3 │  0  │ 0.1 │  -300  │  -1230000  │  -38500   │  -156570000   │      │          │     │
└─────────┴──────┴──────┴──────┴──────┴───────┴───────────┴───────────┴─────────┴───────────┴───────────┴───────────────┴────────────────────────────┴─────┴─────┴─────┴──────────┴──────────┴─────┴────────┴─────┴─────┴────────┴────────────┴───────────┴───────────────┴──────┴──────────┴─────┘

