┌─────────┬──────┬──────┬──────┬──────┬───────┬──────────┬───────────┬─────────┬──────────┬───────────┬───────┬──────────┬───────────────┬────────────────────────────┬──────┬──────┬─────┬──────────┬──────────┬────────┬────────┬─────┬──────┬─────┬────────┬───────────┬───────────┬───────────────┐
│ (index) │  c   │  h   │  l   │  o   │  sd   │  val_sd  │ total_vol │ sum_vol │   val    │ acum_val  │  bu   │  val_bu  │   datetime    │            date            │ pbu  │ psd  │ puk │    bs    │    sb    │  abu   │  asd   │ auk │ rsd  │ rbu │ bu-sd  │ bu-sd_val │ acum_busd │ acum_busd_val │
├─────────┼──────┼──────┼──────┼──────┼───────┼──────────┼───────────┼─────────┼──────────┼───────────┼───────┼──────────┼───────────────┼────────────────────────────┼──────┼──────┼─────┼──────────┼──────────┼────────┼────────┼─────┼──────┼─────┼────────┼───────────┼───────────┼───────────────┤
│    0    │ 4310 │ 4310 │ 4310 │ 4310 │  100  │  431000  │    800    │   800   │ 3448000  │  3448000  │  700  │ 3017000  │ 1676366040000 │ '2023-02-14T09:14:00.000Z' │ 87.5 │ 12.5 │  0  │    7     │   0.1    │ 1835.3 │ 2005.9 │  0  │  0   │ 0.4 │  600   │  2586000  │    600    │    2586000    │
│    1    │ 4400 │ 4400 │ 4400 │ 4400 │ 1500  │ 6600000  │   2300    │  1500   │ 6600000  │ 10048000  │       │          │ 1676366640000 │ '2023-02-14T09:24:00.000Z' │  0   │ 100  │  0  │    0     │ Infinity │ 1835.3 │ 2005.9 │  0  │ 0.7  │     │ -1500  │ -6600000  │   -900    │   -4014000    │
│    2    │ 4400 │ 4400 │ 4400 │ 4400 │       │          │   2500    │   200   │  880000  │ 10928000  │  200  │  880000  │ 1676366880000 │ '2023-02-14T09:28:00.000Z' │ 100  │  0   │  0  │ Infinity │    0     │ 1835.3 │ 2005.9 │  0  │      │ 0.1 │  200   │  880000   │   -700    │   -3134000    │
│    3    │ 4400 │ 4400 │ 4400 │ 4400 │       │          │   2700    │   200   │  880000  │ 11808000  │  200  │  880000  │ 1676367000000 │ '2023-02-14T09:30:00.000Z' │ 100  │  0   │  0  │ Infinity │    0     │ 1835.3 │ 2005.9 │  0  │      │ 0.1 │  200   │  880000   │   -500    │   -2254000    │
│    4    │ 4400 │ 4400 │ 4400 │ 4400 │       │          │   3200    │   500   │ 2200000  │ 14008000  │  500  │ 2200000  │ 1676367720000 │ '2023-02-14T09:42:00.000Z' │ 100  │  0   │  0  │ Infinity │    0     │ 1835.3 │ 2005.9 │  0  │      │ 0.3 │  500   │  2200000  │     0     │    -54000     │
│    5    │ 4400 │ 4400 │ 4400 │ 4400 │  900  │ 3960000  │   4100    │   900   │ 3960000  │ 17968000  │       │          │ 1676368560000 │ '2023-02-14T09:56:00.000Z' │  0   │ 100  │  0  │    0     │ Infinity │ 1835.3 │ 2005.9 │  0  │ 0.4  │     │  -900  │ -3960000  │   -900    │   -4014000    │
│    6    │ 4390 │ 4390 │ 4390 │ 4390 │  100  │  439000  │   4200    │   100   │  439000  │ 18407000  │       │          │ 1676368920000 │ '2023-02-14T10:02:00.000Z' │  0   │ 100  │  0  │    0     │ Infinity │ 1835.3 │ 2005.9 │  0  │  0   │     │  -100  │  -439000  │   -1000   │   -4453000    │
│    7    │ 4320 │ 4370 │ 4320 │ 4370 │ 2200  │ 9520000  │   6400    │  2200   │ 9520000  │ 27927000  │       │          │ 1676369040000 │ '2023-02-14T10:04:00.000Z' │  0   │ 100  │  0  │    0     │ Infinity │ 1835.3 │ 2005.9 │  0  │ 1.1  │     │ -2200  │ -9520000  │   -3200   │   -13973000   │
│    8    │ 4400 │ 4400 │ 4400 │ 4400 │       │          │   11400   │  5000   │ 22000000 │ 49927000  │ 5000  │ 22000000 │ 1676369400000 │ '2023-02-14T10:10:00.000Z' │ 100  │  0   │  0  │ Infinity │    0     │ 1835.3 │ 2005.9 │  0  │      │ 2.7 │  5000  │ 22000000  │   1800    │    8027000    │
│    9    │ 4400 │ 4400 │ 4400 │ 4400 │       │          │   11500   │   100   │  440000  │ 50367000  │  100  │  440000  │ 1676369520000 │ '2023-02-14T10:12:00.000Z' │ 100  │  0   │  0  │ Infinity │    0     │ 1835.3 │ 2005.9 │  0  │      │ 0.1 │  100   │  440000   │   1900    │    8467000    │
│   10    │ 4400 │ 4400 │ 4400 │ 4400 │       │          │   25500   │  14000  │ 61600000 │ 111967000 │ 14000 │ 61600000 │ 1676369640000 │ '2023-02-14T10:14:00.000Z' │ 100  │  0   │  0  │ Infinity │    0     │ 1835.3 │ 2005.9 │  0  │      │ 7.6 │ 14000  │ 61600000  │   15900   │   70067000    │
│   11    │ 4400 │ 4400 │ 4400 │ 4400 │ 3500  │ 15400000 │   29000   │  3500   │ 15400000 │ 127367000 │       │          │ 1676371800000 │ '2023-02-14T10:50:00.000Z' │  0   │ 100  │  0  │    0     │ Infinity │ 1835.3 │ 2005.9 │  0  │ 1.7  │     │ -3500  │ -15400000 │   12400   │   54667000    │
│   12    │ 4400 │ 4400 │ 4400 │ 4400 │       │          │   29300   │   300   │ 1320000  │ 128687000 │  300  │ 1320000  │ 1676372160000 │ '2023-02-14T10:56:00.000Z' │ 100  │  0   │  0  │ Infinity │    0     │ 1835.3 │ 2005.9 │  0  │      │ 0.2 │  300   │  1320000  │   12700   │   55987000    │
│   13    │ 4390 │ 4390 │ 4390 │ 4390 │       │          │   31300   │  2000   │ 8780000  │ 137467000 │ 2000  │ 8780000  │ 1676373240000 │ '2023-02-14T11:14:00.000Z' │ 100  │  0   │  0  │ Infinity │    0     │ 1835.3 │ 2005.9 │  0  │      │ 1.1 │  2000  │  8780000  │   14700   │   64767000    │
│   14    │ 4350 │ 4360 │ 4350 │ 4360 │ 4100  │ 17846000 │   35400   │  4100   │ 17846000 │ 155313000 │       │          │ 1676373840000 │ '2023-02-14T11:24:00.000Z' │  0   │ 100  │  0  │    0     │ Infinity │ 1835.3 │ 2005.9 │  0  │  2   │     │ -4100  │ -17846000 │   10600   │   46921000    │
│   15    │ 4300 │ 4350 │ 4300 │ 4340 │ 21700 │ 93698000 │   57800   │  22400  │ 96743000 │ 252056000 │  700  │ 3045000  │ 1676373960000 │ '2023-02-14T11:26:00.000Z' │ 3.1  │ 96.9 │  0  │    0     │    31    │ 1835.3 │ 2005.9 │  0  │ 10.8 │ 0.4 │ -21000 │ -90653000 │  -10400   │   -43732000   │
│   16    │ 4300 │ 4300 │ 4300 │ 4300 │       │          │   65300   │  7500   │ 32250000 │ 284306000 │ 7500  │ 32250000 │ 1676374080000 │ '2023-02-14T11:28:00.000Z' │ 100  │  0   │  0  │ Infinity │    0     │ 1835.3 │ 2005.9 │  0  │      │ 4.1 │  7500  │ 32250000  │   -2900   │   -11482000   │
└─────────┴──────┴──────┴──────┴──────┴───────┴──────────┴───────────┴─────────┴──────────┴───────────┴───────┴──────────┴───────────────┴────────────────────────────┴──────┴──────┴─────┴──────────┴──────────┴────────┴────────┴─────┴──────┴─────┴────────┴───────────┴───────────┴───────────────┘

