┌─────────┬──────┬──────┬──────┬──────┬───────┬──────────┬───────────┬─────────┬───────────┬───────────┬───────┬───────────┬───────────────┬────────────────────────────┬──────┬──────┬─────┬──────────┬──────────┬──────┬────────┬─────┬─────┬─────┬────────┬───────────┬───────────┬───────────────┐
│ (index) │  c   │  h   │  l   │  o   │  bu   │  val_bu  │ total_vol │ sum_vol │    val    │ acum_val  │  sd   │  val_sd   │   datetime    │            date            │ pbu  │ psd  │ puk │    bs    │    sb    │ abu  │  asd   │ auk │ rsd │ rbu │ bu-sd  │ bu-sd_val │ acum_busd │ acum_busd_val │
├─────────┼──────┼──────┼──────┼──────┼───────┼──────────┼───────────┼─────────┼───────────┼───────────┼───────┼───────────┼───────────────┼────────────────────────────┼──────┼──────┼─────┼──────────┼──────────┼──────┼────────┼─────┼─────┼─────┼────────┼───────────┼───────────┼───────────────┤
│    0    │ 6050 │ 6100 │ 6050 │ 6100 │ 6600  │ 40260000 │   10600   │  10600  │ 64460000  │ 64460000  │ 4000  │ 24200000  │ 1676366040000 │ '2023-02-14T09:14:00.000Z' │ 62.3 │ 37.7 │  0  │   1.7    │   0.6    │ 2475 │ 3237.5 │  0  │ 1.2 │ 2.7 │  2600  │ 16060000  │   2600    │   16060000    │
│    1    │ 6050 │ 6050 │ 6050 │ 6050 │ 1600  │ 9680000  │   15600   │  5000   │ 30250000  │ 94710000  │ 3400  │ 20570000  │ 1676366280000 │ '2023-02-14T09:18:00.000Z' │  32  │  68  │  0  │   0.5    │   2.1    │ 2475 │ 3237.5 │  0  │ 1.1 │ 0.6 │ -1800  │ -10890000 │    800    │    5170000    │
│    2    │ 6050 │ 6050 │ 6050 │ 6050 │       │          │   16600   │  1000   │  6050000  │ 100760000 │ 1000  │  6050000  │ 1676366400000 │ '2023-02-14T09:20:00.000Z' │  0   │ 100  │  0  │    0     │ Infinity │ 2475 │ 3237.5 │  0  │ 0.3 │     │ -1000  │ -6050000  │   -200    │    -880000    │
│    3    │ 6090 │ 6090 │ 6060 │ 6060 │  500  │ 3045000  │   17400   │   800   │  4863000  │ 105623000 │  300  │  1818000  │ 1676366760000 │ '2023-02-14T09:26:00.000Z' │ 62.5 │ 37.5 │  0  │   1.7    │   0.6    │ 2475 │ 3237.5 │  0  │ 0.1 │ 0.2 │  200   │  1227000  │     0     │    347000     │
│    4    │ 6050 │ 6060 │ 6050 │ 6060 │       │          │   21800   │  4400   │ 26622000  │ 132245000 │ 4400  │ 26622000  │ 1676366880000 │ '2023-02-14T09:28:00.000Z' │  0   │ 100  │  0  │    0     │ Infinity │ 2475 │ 3237.5 │  0  │ 1.4 │     │ -4400  │ -26622000 │   -4400   │   -26275000   │
│    5    │ 6000 │ 6010 │ 6000 │ 6010 │ 2400  │ 14400000 │   42500   │  20700  │ 124240000 │ 256485000 │ 18300 │ 109840000 │ 1676367000000 │ '2023-02-14T09:30:00.000Z' │ 11.6 │ 88.4 │  0  │   0.1    │   7.6    │ 2475 │ 3237.5 │  0  │ 5.7 │  1  │ -15900 │ -95440000 │  -20300   │  -121715000   │
│    6    │ 6000 │ 6000 │ 6000 │ 6000 │       │          │   48500   │  6000   │ 36000000  │ 292485000 │ 6000  │ 36000000  │ 1676367120000 │ '2023-02-14T09:32:00.000Z' │  0   │ 100  │  0  │    0     │ Infinity │ 2475 │ 3237.5 │  0  │ 1.9 │     │ -6000  │ -36000000 │  -26300   │  -157715000   │
│    7    │ 6000 │ 6000 │ 6000 │ 6000 │       │          │   49500   │  1000   │  6000000  │ 298485000 │ 1000  │  6000000  │ 1676367720000 │ '2023-02-14T09:42:00.000Z' │  0   │ 100  │  0  │    0     │ Infinity │ 2475 │ 3237.5 │  0  │ 0.3 │     │ -1000  │ -6000000  │  -27300   │  -163715000   │
│    8    │ 6080 │ 6080 │ 6050 │ 6050 │ 9900  │ 59985000 │   59400   │  9900   │ 59985000  │ 358470000 │       │           │ 1676368200000 │ '2023-02-14T09:50:00.000Z' │ 100  │  0   │  0  │ Infinity │    0     │ 2475 │ 3237.5 │  0  │     │  4  │  9900  │ 59985000  │  -17400   │  -103730000   │
│    9    │ 6080 │ 6080 │ 6070 │ 6070 │ 1300  │ 7894000  │   60700   │  1300   │  7894000  │ 366364000 │       │           │ 1676368320000 │ '2023-02-14T09:52:00.000Z' │ 100  │  0   │  0  │ Infinity │    0     │ 2475 │ 3237.5 │  0  │     │ 0.5 │  1300  │  7894000  │  -16100   │   -95836000   │
│   10    │ 6050 │ 6070 │ 6050 │ 6070 │       │          │   65500   │  4800   │ 29044000  │ 395408000 │ 4800  │ 29044000  │ 1676368440000 │ '2023-02-14T09:54:00.000Z' │  0   │ 100  │  0  │    0     │ Infinity │ 2475 │ 3237.5 │  0  │ 1.5 │     │ -4800  │ -29044000 │  -20900   │  -124880000   │
│   11    │ 6050 │ 6050 │ 6050 │ 6050 │ 2700  │ 16335000 │   68200   │  2700   │ 16335000  │ 411743000 │       │           │ 1676368680000 │ '2023-02-14T09:58:00.000Z' │ 100  │  0   │  0  │ Infinity │    0     │ 2475 │ 3237.5 │  0  │     │ 1.1 │  2700  │ 16335000  │  -18200   │  -108545000   │
│   12    │ 6050 │ 6050 │ 6050 │ 6050 │       │          │   73200   │  5000   │ 30250000  │ 441993000 │ 5000  │ 30250000  │ 1676368800000 │ '2023-02-14T10:00:00.000Z' │  0   │ 100  │  0  │    0     │ Infinity │ 2475 │ 3237.5 │  0  │ 1.5 │     │ -5000  │ -30250000 │  -23200   │  -138795000   │
│   13    │ 6050 │ 6050 │ 6050 │ 6050 │       │          │   76200   │  3000   │ 18150000  │ 460143000 │ 3000  │ 18150000  │ 1676368920000 │ '2023-02-14T10:02:00.000Z' │  0   │ 100  │  0  │    0     │ Infinity │ 2475 │ 3237.5 │  0  │ 0.9 │     │ -3000  │ -18150000 │  -26200   │  -156945000   │
│   14    │ 6080 │ 6090 │ 6080 │ 6080 │ 14600 │ 88769000 │   91300   │  15100  │ 91809000  │ 551952000 │  500  │  3040000  │ 1676369280000 │ '2023-02-14T10:08:00.000Z' │ 96.7 │ 3.3  │  0  │   29.2   │    0     │ 2475 │ 3237.5 │  0  │ 0.2 │ 5.9 │ 14100  │ 85729000  │  -12100   │   -71216000   │
│   15    │ 6050 │ 6050 │ 6050 │ 6050 │       │          │   91400   │   100   │  605000   │ 552557000 │  100  │  605000   │ 1676369520000 │ '2023-02-14T10:12:00.000Z' │  0   │ 100  │  0  │    0     │ Infinity │ 2475 │ 3237.5 │  0  │  0  │     │  -100  │  -605000  │  -12200   │   -71821000   │
└─────────┴──────┴──────┴──────┴──────┴───────┴──────────┴───────────┴─────────┴───────────┴───────────┴───────┴───────────┴───────────────┴────────────────────────────┴──────┴──────┴─────┴──────────┴──────────┴──────┴────────┴─────┴─────┴─────┴────────┴───────────┴───────────┴───────────────┘

