┌─────────┬──────┬──────┬──────┬──────┬──────┬──────────┬───────────┬─────────┬──────────┬───────────┬───────────────┬────────────────────────────┬──────┬──────┬─────┬──────────┬──────────┬────────┬──────┬─────┬─────┬────────┬───────────┬───────────┬───────────────┬───────┬──────────┬─────┐
│ (index) │  c   │  h   │  l   │  o   │  bu  │  val_bu  │ total_vol │ sum_vol │   val    │ acum_val  │   datetime    │            date            │ pbu  │ psd  │ puk │    bs    │    sb    │  abu   │ asd  │ auk │ rbu │ bu-sd  │ bu-sd_val │ acum_busd │ acum_busd_val │  sd   │  val_sd  │ rsd │
├─────────┼──────┼──────┼──────┼──────┼──────┼──────────┼───────────┼─────────┼──────────┼───────────┼───────────────┼────────────────────────────┼──────┼──────┼─────┼──────────┼──────────┼────────┼──────┼─────┼─────┼────────┼───────────┼───────────┼───────────────┼───────┼──────────┼─────┤
│    0    │ 3290 │ 3290 │ 3290 │ 3290 │ 900  │ 2961000  │    900    │   900   │ 2961000  │  2961000  │ 1676366040000 │ '2023-02-14T09:14:00.000Z' │ 100  │  0   │  0  │ Infinity │    0     │ 1346.4 │ 1275 │  0  │ 0.7 │  900   │  2961000  │    900    │    2961000    │       │          │     │
│    1    │ 3180 │ 3240 │ 3180 │ 3240 │ 900  │ 2916000  │   3200    │  2300   │ 7368000  │ 10329000  │ 1676366520000 │ '2023-02-14T09:22:00.000Z' │ 39.1 │ 60.9 │  0  │   0.6    │   1.6    │ 1346.4 │ 1275 │  0  │ 0.7 │  -500  │ -1536000  │    400    │    1425000    │ 1400  │ 4452000  │ 1.1 │
│    2    │ 3170 │ 3180 │ 3170 │ 3180 │ 200  │  636000  │   4300    │  1100   │ 3494000  │ 13823000  │ 1676366640000 │ '2023-02-14T09:24:00.000Z' │ 18.2 │ 81.8 │  0  │   0.2    │   4.5    │ 1346.4 │ 1275 │  0  │ 0.1 │  -700  │ -2222000  │   -300    │    -797000    │  900  │ 2858000  │ 0.7 │
│    3    │ 3180 │ 3180 │ 3180 │ 3180 │ 700  │ 2226000  │   5000    │   700   │ 2226000  │ 16049000  │ 1676366760000 │ '2023-02-14T09:26:00.000Z' │ 100  │  0   │  0  │ Infinity │    0     │ 1346.4 │ 1275 │  0  │ 0.5 │  700   │  2226000  │    400    │    1429000    │       │          │     │
│    4    │ 3190 │ 3190 │ 3190 │ 3190 │      │          │   5800    │   800   │ 2552000  │ 18601000  │ 1676367000000 │ '2023-02-14T09:30:00.000Z' │  0   │ 100  │  0  │    0     │ Infinity │ 1346.4 │ 1275 │  0  │     │  -800  │ -2552000  │   -400    │   -1123000    │  800  │ 2552000  │ 0.6 │
│    5    │ 3200 │ 3200 │ 3200 │ 3200 │      │          │   6000    │   200   │  640000  │ 19241000  │ 1676367240000 │ '2023-02-14T09:34:00.000Z' │  0   │ 100  │  0  │    0     │ Infinity │ 1346.4 │ 1275 │  0  │     │  -200  │  -640000  │   -600    │   -1763000    │  200  │  640000  │ 0.2 │
│    6    │ 3180 │ 3190 │ 3180 │ 3190 │      │          │   11800   │  5800   │ 18448000 │ 37689000  │ 1676367480000 │ '2023-02-14T09:38:00.000Z' │  0   │ 100  │  0  │    0     │ Infinity │ 1346.4 │ 1275 │  0  │     │ -5800  │ -18448000 │   -6400   │   -20211000   │ 5800  │ 18448000 │ 4.5 │
│    7    │ 3190 │ 3200 │ 3190 │ 3200 │      │          │   12400   │   600   │ 1916000  │ 39605000  │ 1676367840000 │ '2023-02-14T09:44:00.000Z' │  0   │ 100  │  0  │    0     │ Infinity │ 1346.4 │ 1275 │  0  │     │  -600  │ -1916000  │   -7000   │   -22127000   │  600  │ 1916000  │ 0.5 │
│    8    │ 3200 │ 3200 │ 3200 │ 3200 │      │          │   12600   │   200   │  640000  │ 40245000  │ 1676368080000 │ '2023-02-14T09:48:00.000Z' │  0   │ 100  │  0  │    0     │ Infinity │ 1346.4 │ 1275 │  0  │     │  -200  │  -640000  │   -7200   │   -22767000   │  200  │  640000  │ 0.2 │
│    9    │ 3190 │ 3200 │ 3190 │ 3200 │      │          │   13900   │  1300   │ 4159000  │ 44404000  │ 1676368560000 │ '2023-02-14T09:56:00.000Z' │  0   │ 100  │  0  │    0     │ Infinity │ 1346.4 │ 1275 │  0  │     │ -1300  │ -4159000  │   -8500   │   -26926000   │ 1300  │ 4159000  │  1  │
│   10    │ 3180 │ 3180 │ 3180 │ 3180 │      │          │   16600   │  2700   │ 8586000  │ 52990000  │ 1676368680000 │ '2023-02-14T09:58:00.000Z' │  0   │ 100  │  0  │    0     │ Infinity │ 1346.4 │ 1275 │  0  │     │ -2700  │ -8586000  │  -11200   │   -35512000   │ 2700  │ 8586000  │ 2.1 │
│   11    │ 3180 │ 3180 │ 3180 │ 3180 │      │          │   18300   │  1700   │ 5406000  │ 58396000  │ 1676369040000 │ '2023-02-14T10:04:00.000Z' │  0   │ 100  │  0  │    0     │ Infinity │ 1346.4 │ 1275 │  0  │     │ -1700  │ -5406000  │  -12900   │   -40918000   │ 1700  │ 5406000  │ 1.3 │
│   12    │ 3180 │ 3180 │ 3180 │ 3180 │ 3100 │ 9858000  │   21400   │  3100   │ 9858000  │ 68254000  │ 1676369160000 │ '2023-02-14T10:06:00.000Z' │ 100  │  0   │  0  │ Infinity │    0     │ 1346.4 │ 1275 │  0  │ 2.3 │  3100  │  9858000  │   -9800   │   -31060000   │       │          │     │
│   13    │ 3200 │ 3200 │ 3200 │ 3200 │ 1000 │ 3200000  │   22400   │  1000   │ 3200000  │ 71454000  │ 1676369640000 │ '2023-02-14T10:14:00.000Z' │ 100  │  0   │  0  │ Infinity │    0     │ 1346.4 │ 1275 │  0  │ 0.7 │  1000  │  3200000  │   -8800   │   -27860000   │       │          │     │
│   14    │ 3200 │ 3200 │ 3200 │ 3200 │      │          │   24600   │  2200   │ 7040000  │ 78494000  │ 1676369760000 │ '2023-02-14T10:16:00.000Z' │  0   │ 100  │  0  │    0     │ Infinity │ 1346.4 │ 1275 │  0  │     │ -2200  │ -7040000  │  -11000   │   -34900000   │ 2200  │ 7040000  │ 1.7 │
│   15    │ 3200 │ 3200 │ 3200 │ 3200 │ 6000 │ 19200000 │   30600   │  6000   │ 19200000 │ 97694000  │ 1676370000000 │ '2023-02-14T10:20:00.000Z' │ 100  │  0   │  0  │ Infinity │    0     │ 1346.4 │ 1275 │  0  │ 4.5 │  6000  │ 19200000  │   -5000   │   -15700000   │       │          │     │
│   16    │ 3230 │ 3230 │ 3230 │ 3230 │ 4500 │ 14535000 │   35100   │  4500   │ 14535000 │ 112229000 │ 1676370600000 │ '2023-02-14T10:30:00.000Z' │ 100  │  0   │  0  │ Infinity │    0     │ 1346.4 │ 1275 │  0  │ 3.3 │  4500  │ 14535000  │   -500    │   -1165000    │       │          │     │
│   17    │ 3240 │ 3240 │ 3230 │ 3230 │ 5800 │ 18791000 │   41100   │  6000   │ 19439000 │ 131668000 │ 1676370720000 │ '2023-02-14T10:32:00.000Z' │ 96.7 │ 3.3  │  0  │    29    │    0     │ 1346.4 │ 1275 │  0  │ 4.3 │  5600  │ 18143000  │   5100    │   16978000    │  200  │  648000  │ 0.2 │
│   18    │ 3240 │ 3240 │ 3240 │ 3240 │ 2000 │ 6480000  │   43100   │  2000   │ 6480000  │ 138148000 │ 1676371680000 │ '2023-02-14T10:48:00.000Z' │ 100  │  0   │  0  │ Infinity │    0     │ 1346.4 │ 1275 │  0  │ 1.5 │  2000  │  6480000  │   7100    │   23458000    │       │          │     │
│   19    │ 3240 │ 3240 │ 3240 │ 3240 │ 1000 │ 3240000  │   44100   │  1000   │ 3240000  │ 141388000 │ 1676371800000 │ '2023-02-14T10:50:00.000Z' │ 100  │  0   │  0  │ Infinity │    0     │ 1346.4 │ 1275 │  0  │ 0.7 │  1000  │  3240000  │   8100    │   26698000    │       │          │     │
│   20    │ 3230 │ 3230 │ 3230 │ 3230 │ 100  │  323000  │   44200   │   100   │  323000  │ 141711000 │ 1676372040000 │ '2023-02-14T10:54:00.000Z' │ 100  │  0   │  0  │ Infinity │    0     │ 1346.4 │ 1275 │  0  │ 0.1 │  100   │  323000   │   8200    │   27021000    │       │          │     │
├─────────┼──────┼──────┼──────┼──────┼──────┼──────────┼───────────┼─────────┼──────────┼───────────┼───────────────┼────────────────────────────┼──────┼──────┼─────┼──────────┼──────────┼────────┼──────┼─────┼─────┼────────┼───────────┼───────────┼───────────────┼───────┼──────────┼─────┤
│ (index) │  c   │  h   │  l   │  o   │  bu  │  val_bu  │ total_vol │ sum_vol │   val    │ acum_val  │   datetime    │            date            │ pbu  │ psd  │ puk │    bs    │    sb    │  abu   │ asd  │ auk │ rbu │ bu-sd  │ bu-sd_val │ acum_busd │ acum_busd_val │  sd   │  val_sd  │ rsd │
├─────────┼──────┼──────┼──────┼──────┼──────┼──────────┼───────────┼─────────┼──────────┼───────────┼───────────────┼────────────────────────────┼──────┼──────┼─────┼──────────┼──────────┼────────┼──────┼─────┼─────┼────────┼───────────┼───────────┼───────────────┼───────┼──────────┼─────┤
│   21    │ 3240 │ 3240 │ 3230 │ 3230 │ 1000 │ 3240000  │   45400   │  1200   │ 3886000  │ 145597000 │ 1676372400000 │ '2023-02-14T11:00:00.000Z' │ 83.3 │ 16.7 │  0  │    5     │   0.2    │ 1346.4 │ 1275 │  0  │ 0.7 │  800   │  2594000  │   9000    │   29615000    │  200  │  646000  │ 0.2 │
│   22    │ 3200 │ 3210 │ 3200 │ 3210 │      │          │   52800   │  7400   │ 23704000 │ 169301000 │ 1676372640000 │ '2023-02-14T11:04:00.000Z' │  0   │ 100  │  0  │    0     │ Infinity │ 1346.4 │ 1275 │  0  │     │ -7400  │ -23704000 │   1600    │    5911000    │ 7400  │ 23704000 │ 5.8 │
│   23    │ 3200 │ 3200 │ 3200 │ 3200 │ 4600 │ 14720000 │   57400   │  4600   │ 14720000 │ 184021000 │ 1676372760000 │ '2023-02-14T11:06:00.000Z' │ 100  │  0   │  0  │ Infinity │    0     │ 1346.4 │ 1275 │  0  │ 3.4 │  4600  │ 14720000  │   6200    │   20631000    │       │          │     │
│   24    │ 3200 │ 3200 │ 3200 │ 3200 │      │          │   57500   │   100   │  320000  │ 184341000 │ 1676373360000 │ '2023-02-14T11:16:00.000Z' │  0   │ 100  │  0  │    0     │ Infinity │ 1346.4 │ 1275 │  0  │     │  -100  │  -320000  │   6100    │   20311000    │  100  │  320000  │ 0.1 │
│   25    │ 3180 │ 3190 │ 3180 │ 3190 │      │          │   67500   │  10000  │ 31802000 │ 216143000 │ 1676373600000 │ '2023-02-14T11:20:00.000Z' │  0   │ 100  │  0  │    0     │ Infinity │ 1346.4 │ 1275 │  0  │     │ -10000 │ -31802000 │   -3900   │   -11491000   │ 10000 │ 31802000 │ 7.8 │
│   26    │ 3200 │ 3200 │ 3200 │ 3200 │ 900  │ 2880000  │   68400   │   900   │ 2880000  │ 219023000 │ 1676373720000 │ '2023-02-14T11:22:00.000Z' │ 100  │  0   │  0  │ Infinity │    0     │ 1346.4 │ 1275 │  0  │ 0.7 │  900   │  2880000  │   -3000   │   -8611000    │       │          │     │
│   27    │ 3210 │ 3210 │ 3210 │ 3210 │ 5000 │ 16050000 │   73400   │  5000   │ 16050000 │ 235073000 │ 1676374080000 │ '2023-02-14T11:28:00.000Z' │ 100  │  0   │  0  │ Infinity │    0     │ 1346.4 │ 1275 │  0  │ 3.7 │  5000  │ 16050000  │   2000    │    7439000    │       │          │     │
└─────────┴──────┴──────┴──────┴──────┴──────┴──────────┴───────────┴─────────┴──────────┴───────────┴───────────────┴────────────────────────────┴──────┴──────┴─────┴──────────┴──────────┴────────┴──────┴─────┴─────┴────────┴───────────┴───────────┴───────────────┴───────┴──────────┴─────┘

