┌─────────┬───────┬───────┬───────┬───────┬──────┬──────────┬───────────┬─────────┬──────────┬───────────┬───────────────┬────────────────────────────┬─────┬─────┬─────┬──────────┬──────────┬─────┬──────┬─────┬─────┬───────┬───────────┬───────────┬───────────────┬──────┬──────────┬──────┐
│ (index) │   c   │   h   │   l   │   o   │  sd  │  val_sd  │ total_vol │ sum_vol │   val    │ acum_val  │   datetime    │            date            │ pbu │ psd │ puk │    bs    │    sb    │ abu │ asd  │ auk │ rsd │ bu-sd │ bu-sd_val │ acum_busd │ acum_busd_val │  bu  │  val_bu  │ rbu  │
├─────────┼───────┼───────┼───────┼───────┼──────┼──────────┼───────────┼─────────┼──────────┼───────────┼───────────────┼────────────────────────────┼─────┼─────┼─────┼──────────┼──────────┼─────┼──────┼─────┼─────┼───────┼───────────┼───────────┼───────────────┼──────┼──────────┼──────┤
│    0    │ 12650 │ 13450 │ 12650 │ 13450 │ 4200 │ 54150000 │   4200    │  4200   │ 54150000 │ 54150000  │ 1676366520000 │ '2023-02-14T09:22:00.000Z' │  0  │ 100 │  0  │    0     │ Infinity │ 325 │ 1265 │  0  │ 3.3 │ -4200 │ -54150000 │   -4200   │   -54150000   │      │          │      │
│    1    │ 13150 │ 13150 │ 13150 │ 13150 │ 400  │ 5260000  │   4700    │   500   │ 6575000  │ 60725000  │ 1676367240000 │ '2023-02-14T09:34:00.000Z' │ 20  │ 80  │  0  │   0.3    │    4     │ 325 │ 1265 │  0  │ 0.3 │ -300  │ -3945000  │   -4500   │   -58095000   │ 100  │ 1315000  │ 0.3  │
│    2    │ 13250 │ 13250 │ 13250 │ 13250 │ 700  │ 9275000  │   5400    │   700   │ 9275000  │ 70000000  │ 1676367600000 │ '2023-02-14T09:40:00.000Z' │  0  │ 100 │  0  │    0     │ Infinity │ 325 │ 1265 │  0  │ 0.6 │ -700  │ -9275000  │   -5200   │   -67370000   │      │          │      │
│    3    │ 13250 │ 13250 │ 13250 │ 13250 │ 1200 │ 15900000 │   6600    │  1200   │ 15900000 │ 85900000  │ 1676367720000 │ '2023-02-14T09:42:00.000Z' │  0  │ 100 │  0  │    0     │ Infinity │ 325 │ 1265 │  0  │ 0.9 │ -1200 │ -15900000 │   -6400   │   -83270000   │      │          │      │
│    4    │ 13250 │ 13250 │ 13250 │ 13250 │      │          │   6700    │   100   │ 1325000  │ 87225000  │ 1676369160000 │ '2023-02-14T10:06:00.000Z' │ 100 │  0  │  0  │ Infinity │    0     │ 325 │ 1265 │  0  │     │  100  │  1325000  │   -6300   │   -81945000   │ 100  │ 1325000  │ 0.3  │
│    5    │ 13250 │ 13250 │ 13250 │ 13250 │      │          │   6800    │   100   │ 1325000  │ 88550000  │ 1676369520000 │ '2023-02-14T10:12:00.000Z' │ 100 │  0  │  0  │ Infinity │    0     │ 325 │ 1265 │  0  │     │  100  │  1325000  │   -6200   │   -80620000   │ 100  │ 1325000  │ 0.3  │
│    6    │ 13250 │ 13250 │ 13250 │ 13250 │      │          │   12200   │  5400   │ 71550000 │ 160100000 │ 1676369640000 │ '2023-02-14T10:14:00.000Z' │ 100 │  0  │  0  │ Infinity │    0     │ 325 │ 1265 │  0  │     │ 5400  │ 71550000  │   -800    │   -9070000    │ 5400 │ 71550000 │ 16.6 │
│    7    │ 13250 │ 13250 │ 13250 │ 13250 │ 300  │ 3975000  │   12500   │   300   │ 3975000  │ 164075000 │ 1676369760000 │ '2023-02-14T10:16:00.000Z' │  0  │ 100 │  0  │    0     │ Infinity │ 325 │ 1265 │  0  │ 0.2 │ -300  │ -3975000  │   -1100   │   -13045000   │      │          │      │
│    8    │ 13250 │ 13250 │ 13250 │ 13250 │      │          │   13200   │   700   │ 9275000  │ 173350000 │ 1676369880000 │ '2023-02-14T10:18:00.000Z' │ 100 │  0  │  0  │ Infinity │    0     │ 325 │ 1265 │  0  │     │  700  │  9275000  │   -400    │   -3770000    │ 700  │ 9275000  │ 2.2  │
│    9    │ 13250 │ 13250 │ 13250 │ 13250 │ 900  │ 11925000 │   14100   │   900   │ 11925000 │ 185275000 │ 1676370120000 │ '2023-02-14T10:22:00.000Z' │  0  │ 100 │  0  │    0     │ Infinity │ 325 │ 1265 │  0  │ 0.7 │ -900  │ -11925000 │   -1300   │   -15695000   │      │          │      │
│   10    │ 13250 │ 13250 │ 13250 │ 13250 │      │          │   14200   │   100   │ 1325000  │ 186600000 │ 1676370600000 │ '2023-02-14T10:30:00.000Z' │ 100 │  0  │  0  │ Infinity │    0     │ 325 │ 1265 │  0  │     │  100  │  1325000  │   -1200   │   -14370000   │ 100  │ 1325000  │ 0.3  │
│   11    │ 13250 │ 13250 │ 13250 │ 13250 │ 2000 │ 26500000 │   16200   │  2000   │ 26500000 │ 213100000 │ 1676371320000 │ '2023-02-14T10:42:00.000Z' │  0  │ 100 │  0  │    0     │ Infinity │ 325 │ 1265 │  0  │ 1.6 │ -2000 │ -26500000 │   -3200   │   -40870000   │      │          │      │
│   12    │ 13300 │ 13300 │ 13300 │ 13300 │ 100  │ 1330000  │   16300   │   100   │ 1330000  │ 214430000 │ 1676372400000 │ '2023-02-14T11:00:00.000Z' │  0  │ 100 │  0  │    0     │ Infinity │ 325 │ 1265 │  0  │ 0.1 │ -100  │ -1330000  │   -3300   │   -42200000   │      │          │      │
│   13    │ 13250 │ 13250 │ 13250 │ 13250 │ 3100 │ 41075000 │   19400   │  3100   │ 41075000 │ 255505000 │ 1676373000000 │ '2023-02-14T11:10:00.000Z' │  0  │ 100 │  0  │    0     │ Infinity │ 325 │ 1265 │  0  │ 2.5 │ -3100 │ -41075000 │   -6400   │   -83275000   │      │          │      │
│   14    │ 13250 │ 13250 │ 13250 │ 13250 │ 1800 │ 23850000 │   21200   │  1800   │ 23850000 │ 279355000 │ 1676373120000 │ '2023-02-14T11:12:00.000Z' │  0  │ 100 │  0  │    0     │ Infinity │ 325 │ 1265 │  0  │ 1.4 │ -1800 │ -23850000 │   -8200   │  -107125000   │      │          │      │
│   15    │ 13250 │ 13250 │ 13250 │ 13250 │ 4600 │ 60950000 │   25800   │  4600   │ 60950000 │ 340305000 │ 1676373240000 │ '2023-02-14T11:14:00.000Z' │  0  │ 100 │  0  │    0     │ Infinity │ 325 │ 1265 │  0  │ 3.6 │ -4600 │ -60950000 │  -12800   │  -168075000   │      │          │      │
│   16    │ 13250 │ 13250 │ 13250 │ 13250 │ 2100 │ 27825000 │   27900   │  2100   │ 27825000 │ 368130000 │ 1676373360000 │ '2023-02-14T11:16:00.000Z' │  0  │ 100 │  0  │    0     │ Infinity │ 325 │ 1265 │  0  │ 1.7 │ -2100 │ -27825000 │  -14900   │  -195900000   │      │          │      │
│   17    │ 13250 │ 13250 │ 13250 │ 13250 │ 2000 │ 26500000 │   29900   │  2000   │ 26500000 │ 394630000 │ 1676373480000 │ '2023-02-14T11:18:00.000Z' │  0  │ 100 │  0  │    0     │ Infinity │ 325 │ 1265 │  0  │ 1.6 │ -2000 │ -26500000 │  -16900   │  -222400000   │      │          │      │
│   18    │ 13250 │ 13250 │ 13250 │ 13250 │ 1800 │ 23850000 │   31700   │  1800   │ 23850000 │ 418480000 │ 1676373600000 │ '2023-02-14T11:20:00.000Z' │  0  │ 100 │  0  │    0     │ Infinity │ 325 │ 1265 │  0  │ 1.4 │ -1800 │ -23850000 │  -18700   │  -246250000   │      │          │      │
│   19    │ 13200 │ 13200 │ 13200 │ 13200 │ 100  │ 1320000  │   31800   │   100   │ 1320000  │ 419800000 │ 1676373960000 │ '2023-02-14T11:26:00.000Z' │  0  │ 100 │  0  │    0     │ Infinity │ 325 │ 1265 │  0  │ 0.1 │ -100  │ -1320000  │  -18800   │  -247570000   │      │          │      │
└─────────┴───────┴───────┴───────┴───────┴──────┴──────────┴───────────┴─────────┴──────────┴───────────┴───────────────┴────────────────────────────┴─────┴─────┴─────┴──────────┴──────────┴─────┴──────┴─────┴─────┴───────┴───────────┴───────────┴───────────────┴──────┴──────────┴──────┘
├─────────┼───────┼───────┼───────┼───────┼──────┼──────────┼───────────┼─────────┼──────────┼───────────┼───────────────┼────────────────────────────┼─────┼─────┼─────┼──────────┼──────────┼─────┼──────┼─────┼─────┼───────┼───────────┼───────────┼───────────────┼──────┼──────────┼──────┤
│ (index) │   c   │   h   │   l   │   o   │  sd  │  val_sd  │ total_vol │ sum_vol │   val    │ acum_val  │   datetime    │            date            │ pbu │ psd │ puk │    bs    │    sb    │ abu │ asd  │ auk │ rsd │ bu-sd │ bu-sd_val │ acum_busd │ acum_busd_val │  bu  │  val_bu  │ rbu  │
├─────────┼───────┼───────┼───────┼───────┼──────┼──────────┼───────────┼─────────┼──────────┼───────────┼───────────────┼────────────────────────────┼─────┼─────┼─────┼──────────┼──────────┼─────┼──────┼─────┼─────┼───────┼───────────┼───────────┼───────────────┼──────┼──────────┼──────┤

