┌─────────┬──────┬──────┬──────┬──────┬───────┬───────────┬───────────┬─────────┬───────────┬───────────┬───────┬──────────┬───────────────┬────────────────────────────┬──────┬──────┬─────┬──────────┬──────────┬────────┬────────┬─────┬─────┬─────┬────────┬───────────┬───────────┬───────────────┐
│ (index) │  c   │  h   │  l   │  o   │  bu   │  val_bu   │ total_vol │ sum_vol │    val    │ acum_val  │  sd   │  val_sd  │   datetime    │            date            │ pbu  │ psd  │ puk │    bs    │    sb    │  abu   │  asd   │ auk │ rsd │ rbu │ bu-sd  │ bu-sd_val │ acum_busd │ acum_busd_val │
├─────────┼──────┼──────┼──────┼──────┼───────┼───────────┼───────────┼─────────┼───────────┼───────────┼───────┼──────────┼───────────────┼────────────────────────────┼──────┼──────┼─────┼──────────┼──────────┼────────┼────────┼─────┼─────┼─────┼────────┼───────────┼───────────┼───────────────┤
│    0    │ 5850 │ 6050 │ 5850 │ 6050 │ 7200  │ 43560000  │   7300    │  7300   │ 44145000  │ 44145000  │  100  │  585000  │ 1676366040000 │ '2023-02-14T09:14:00.000Z' │ 98.6 │ 1.4  │  0  │    72    │    0     │ 2221.7 │ 1332.6 │  0  │ 0.1 │ 3.2 │  7100  │ 42975000  │   7100    │   42975000    │
│    1    │ 5880 │ 5880 │ 5880 │ 5880 │       │           │   7400    │   100   │  588000   │ 44733000  │  100  │  588000  │ 1676366280000 │ '2023-02-14T09:18:00.000Z' │  0   │ 100  │  0  │    0     │ Infinity │ 2221.7 │ 1332.6 │  0  │ 0.1 │     │  -100  │  -588000  │   7000    │   42387000    │
│    2    │ 6050 │ 6050 │ 6040 │ 6040 │ 7300  │ 44151000  │   14700   │  7300   │ 44151000  │ 88884000  │       │          │ 1676366400000 │ '2023-02-14T09:20:00.000Z' │ 100  │  0   │  0  │ Infinity │    0     │ 2221.7 │ 1332.6 │  0  │     │ 3.3 │  7300  │ 44151000  │   14300   │   86538000    │
│    3    │ 6040 │ 6050 │ 6000 │ 6050 │ 4800  │ 28901000  │   22100   │  7400   │ 44516000  │ 133400000 │ 2600  │ 15615000 │ 1676366520000 │ '2023-02-14T09:22:00.000Z' │ 64.9 │ 35.1 │  0  │   1.8    │   0.5    │ 2221.7 │ 1332.6 │  0  │  2  │ 2.2 │  2200  │ 13286000  │   16500   │   99824000    │
│    4    │ 6050 │ 6050 │ 6040 │ 6040 │ 11200 │ 67658000  │   33300   │  11200  │ 67658000  │ 201058000 │       │          │ 1676366880000 │ '2023-02-14T09:28:00.000Z' │ 100  │  0   │  0  │ Infinity │    0     │ 2221.7 │ 1332.6 │  0  │     │  5  │ 11200  │ 67658000  │   27700   │   167482000   │
│    5    │ 6040 │ 6040 │ 6040 │ 6040 │       │           │   34100   │   800   │  4832000  │ 205890000 │  800  │ 4832000  │ 1676367120000 │ '2023-02-14T09:32:00.000Z' │  0   │ 100  │  0  │    0     │ Infinity │ 2221.7 │ 1332.6 │  0  │ 0.6 │     │  -800  │ -4832000  │   26900   │   162650000   │
│    6    │ 6000 │ 6000 │ 6000 │ 6000 │       │           │   35100   │  1000   │  6000000  │ 211890000 │ 1000  │ 6000000  │ 1676367600000 │ '2023-02-14T09:40:00.000Z' │  0   │ 100  │  0  │    0     │ Infinity │ 2221.7 │ 1332.6 │  0  │ 0.8 │     │ -1000  │ -6000000  │   25900   │   156650000   │
│    7    │ 6000 │ 6000 │ 6000 │ 6000 │  500  │  3000000  │   35600   │   500   │  3000000  │ 214890000 │       │          │ 1676367720000 │ '2023-02-14T09:42:00.000Z' │ 100  │  0   │  0  │ Infinity │    0     │ 2221.7 │ 1332.6 │  0  │     │ 0.2 │  500   │  3000000  │   26400   │   159650000   │
│    8    │ 6000 │ 6000 │ 5990 │ 5990 │  200  │  1199000  │   35800   │   200   │  1199000  │ 216089000 │       │          │ 1676367960000 │ '2023-02-14T09:46:00.000Z' │ 100  │  0   │  0  │ Infinity │    0     │ 2221.7 │ 1332.6 │  0  │     │ 0.1 │  200   │  1199000  │   26600   │   160849000   │
│    9    │ 5990 │ 5990 │ 5990 │ 5990 │  100  │  599000   │   35900   │   100   │  599000   │ 216688000 │       │          │ 1676368080000 │ '2023-02-14T09:48:00.000Z' │ 100  │  0   │  0  │ Infinity │    0     │ 2221.7 │ 1332.6 │  0  │     │  0  │  100   │  599000   │   26700   │   161448000   │
│   10    │ 5990 │ 5990 │ 5990 │ 5990 │  400  │  2396000  │   36400   │   500   │  2995000  │ 219683000 │  100  │  599000  │ 1676368200000 │ '2023-02-14T09:50:00.000Z' │  80  │  20  │  0  │    4     │   0.3    │ 2221.7 │ 1332.6 │  0  │ 0.1 │ 0.2 │  300   │  1797000  │   27000   │   163245000   │
│   11    │ 6000 │ 6000 │ 6000 │ 6000 │  100  │  600000   │   36500   │   100   │  600000   │ 220283000 │       │          │ 1676368320000 │ '2023-02-14T09:52:00.000Z' │ 100  │  0   │  0  │ Infinity │    0     │ 2221.7 │ 1332.6 │  0  │     │  0  │  100   │  600000   │   27100   │   163845000   │
│   12    │ 5990 │ 5990 │ 5990 │ 5990 │       │           │   36600   │   100   │  599000   │ 220882000 │  100  │  599000  │ 1676368440000 │ '2023-02-14T09:54:00.000Z' │  0   │ 100  │  0  │    0     │ Infinity │ 2221.7 │ 1332.6 │  0  │ 0.1 │     │  -100  │  -599000  │   27000   │   163246000   │
│   13    │ 6000 │ 6000 │ 6000 │ 6000 │  100  │  600000   │   36700   │   100   │  600000   │ 221482000 │       │          │ 1676368680000 │ '2023-02-14T09:58:00.000Z' │ 100  │  0   │  0  │ Infinity │    0     │ 2221.7 │ 1332.6 │  0  │     │  0  │  100   │  600000   │   27100   │   163846000   │
│   14    │ 6000 │ 6000 │ 6000 │ 6000 │  100  │  600000   │   36800   │   100   │  600000   │ 222082000 │       │          │ 1676368800000 │ '2023-02-14T10:00:00.000Z' │ 100  │  0   │  0  │ Infinity │    0     │ 2221.7 │ 1332.6 │  0  │     │  0  │  100   │  600000   │   27200   │   164446000   │
│   15    │ 5950 │ 5970 │ 5950 │ 5970 │       │           │   40000   │  3200   │ 19044000  │ 241126000 │ 3200  │ 19044000 │ 1676368920000 │ '2023-02-14T10:02:00.000Z' │  0   │ 100  │  0  │    0     │ Infinity │ 2221.7 │ 1332.6 │  0  │ 2.4 │     │ -3200  │ -19044000 │   24000   │   145402000   │
│   16    │ 5960 │ 5960 │ 5950 │ 5950 │       │           │   46500   │  6500   │ 38710000  │ 279836000 │ 6500  │ 38710000 │ 1676369040000 │ '2023-02-14T10:04:00.000Z' │  0   │ 100  │  0  │    0     │ Infinity │ 2221.7 │ 1332.6 │  0  │ 4.9 │     │ -6500  │ -38710000 │   17500   │   106692000   │
│   17    │ 5970 │ 5970 │ 5970 │ 5970 │ 1800  │ 10746000  │   48300   │  1800   │ 10746000  │ 290582000 │       │          │ 1676369160000 │ '2023-02-14T10:06:00.000Z' │ 100  │  0   │  0  │ Infinity │    0     │ 2221.7 │ 1332.6 │  0  │     │ 0.8 │  1800  │ 10746000  │   19300   │   117438000   │
│   18    │ 5960 │ 5970 │ 5960 │ 5970 │ 3000  │ 17910000  │   52300   │  4000   │ 23870000  │ 314452000 │ 1000  │ 5960000  │ 1676369280000 │ '2023-02-14T10:08:00.000Z' │  75  │  25  │  0  │    3     │   0.3    │ 2221.7 │ 1332.6 │  0  │ 0.8 │ 1.4 │  2000  │ 11950000  │   21300   │   129388000   │
│   19    │ 6000 │ 6000 │ 6000 │ 6000 │  700  │  4200000  │   53000   │   700   │  4200000  │ 318652000 │       │          │ 1676369400000 │ '2023-02-14T10:10:00.000Z' │ 100  │  0   │  0  │ Infinity │    0     │ 2221.7 │ 1332.6 │  0  │     │ 0.3 │  700   │  4200000  │   22000   │   133588000   │
│   20    │ 6000 │ 6000 │ 6000 │ 6000 │ 10500 │ 63000000  │   63500   │  10500  │ 63000000  │ 381652000 │       │          │ 1676369520000 │ '2023-02-14T10:12:00.000Z' │ 100  │  0   │  0  │ Infinity │    0     │ 2221.7 │ 1332.6 │  0  │     │ 4.7 │ 10500  │ 63000000  │   32500   │   196588000   │
├─────────┼──────┼──────┼──────┼──────┼───────┼───────────┼───────────┼─────────┼───────────┼───────────┼───────┼──────────┼───────────────┼────────────────────────────┼──────┼──────┼─────┼──────────┼──────────┼────────┼────────┼─────┼─────┼─────┼────────┼───────────┼───────────┼───────────────┤
│ (index) │  c   │  h   │  l   │  o   │  bu   │  val_bu   │ total_vol │ sum_vol │    val    │ acum_val  │  sd   │  val_sd  │   datetime    │            date            │ pbu  │ psd  │ puk │    bs    │    sb    │  abu   │  asd   │ auk │ rsd │ rbu │ bu-sd  │ bu-sd_val │ acum_busd │ acum_busd_val │
├─────────┼──────┼──────┼──────┼──────┼───────┼───────────┼───────────┼─────────┼───────────┼───────────┼───────┼──────────┼───────────────┼────────────────────────────┼──────┼──────┼─────┼──────────┼──────────┼────────┼────────┼─────┼─────┼─────┼────────┼───────────┼───────────┼───────────────┤
│   21    │ 6000 │ 6000 │ 6000 │ 6000 │ 6600  │ 39600000  │   70100   │  6600   │ 39600000  │ 421252000 │       │          │ 1676369640000 │ '2023-02-14T10:14:00.000Z' │ 100  │  0   │  0  │ Infinity │    0     │ 2221.7 │ 1332.6 │  0  │     │  3  │  6600  │ 39600000  │   39100   │   236188000   │
│   22    │ 6040 │ 6040 │ 6030 │ 6030 │ 8500  │ 51290000  │   80100   │  10000  │ 60350000  │ 481602000 │ 1500  │ 9060000  │ 1676369760000 │ '2023-02-14T10:16:00.000Z' │  85  │  15  │  0  │   5.7    │   0.2    │ 2221.7 │ 1332.6 │  0  │ 1.1 │ 3.8 │  7000  │ 42230000  │   46100   │   278418000   │
│   23    │ 6040 │ 6050 │ 6040 │ 6050 │  100  │  605000   │   82200   │  2100   │ 12685000  │ 494287000 │ 2000  │ 12080000 │ 1676369880000 │ '2023-02-14T10:18:00.000Z' │ 4.8  │ 95.2 │  0  │   0.1    │    20    │ 2221.7 │ 1332.6 │  0  │ 1.5 │  0  │ -1900  │ -11475000 │   44200   │   266943000   │
│   24    │ 6000 │ 6000 │ 6000 │ 6000 │       │           │   82700   │   500   │  3000000  │ 497287000 │  500  │ 3000000  │ 1676370120000 │ '2023-02-14T10:22:00.000Z' │  0   │ 100  │  0  │    0     │ Infinity │ 2221.7 │ 1332.6 │  0  │ 0.4 │     │  -500  │ -3000000  │   43700   │   263943000   │
│   25    │ 5980 │ 5980 │ 5980 │ 5980 │       │           │   83200   │   500   │  2990000  │ 500277000 │  500  │ 2990000  │ 1676370240000 │ '2023-02-14T10:24:00.000Z' │  0   │ 100  │  0  │    0     │ Infinity │ 2221.7 │ 1332.6 │  0  │ 0.4 │     │  -500  │ -2990000  │   43200   │   260953000   │
│   26    │ 6040 │ 6040 │ 6040 │ 6040 │ 5500  │ 33220000  │   88700   │  5500   │ 33220000  │ 533497000 │       │          │ 1676370480000 │ '2023-02-14T10:28:00.000Z' │ 100  │  0   │  0  │ Infinity │    0     │ 2221.7 │ 1332.6 │  0  │     │ 2.5 │  5500  │ 33220000  │   48700   │   294173000   │
│   27    │ 6000 │ 6000 │ 6000 │ 6000 │       │           │   89700   │  1000   │  6000000  │ 539497000 │ 1000  │ 6000000  │ 1676371200000 │ '2023-02-14T10:40:00.000Z' │  0   │ 100  │  0  │    0     │ Infinity │ 2221.7 │ 1332.6 │  0  │ 0.8 │     │ -1000  │ -6000000  │   47700   │   288173000   │
│   28    │ 6020 │ 6020 │ 6020 │ 6020 │ 3000  │ 18060000  │   92700   │  3000   │ 18060000  │ 557557000 │       │          │ 1676371320000 │ '2023-02-14T10:42:00.000Z' │ 100  │  0   │  0  │ Infinity │    0     │ 2221.7 │ 1332.6 │  0  │     │ 1.4 │  3000  │ 18060000  │   50700   │   306233000   │
│   29    │ 6040 │ 6040 │ 6030 │ 6030 │ 18000 │ 108718000 │  110700   │  18000  │ 108718000 │ 666275000 │       │          │ 1676371440000 │ '2023-02-14T10:44:00.000Z' │ 100  │  0   │  0  │ Infinity │    0     │ 2221.7 │ 1332.6 │  0  │     │ 8.1 │ 18000  │ 108718000 │   68700   │   414951000   │
│   30    │ 6000 │ 6000 │ 6000 │ 6000 │       │           │  112700   │  2000   │ 12000000  │ 678275000 │ 2000  │ 12000000 │ 1676371560000 │ '2023-02-14T10:46:00.000Z' │  0   │ 100  │  0  │    0     │ Infinity │ 2221.7 │ 1332.6 │  0  │ 1.5 │     │ -2000  │ -12000000 │   66700   │   402951000   │
│   31    │ 6000 │ 6000 │ 6000 │ 6000 │ 2000  │ 12000000  │  114700   │  2000   │ 12000000  │ 690275000 │       │          │ 1676371680000 │ '2023-02-14T10:48:00.000Z' │ 100  │  0   │  0  │ Infinity │    0     │ 2221.7 │ 1332.6 │  0  │     │ 0.9 │  2000  │ 12000000  │   68700   │   414951000   │
│   32    │ 6000 │ 6040 │ 6000 │ 6040 │ 2200  │ 13288000  │  117900   │  3200   │ 19288000  │ 709563000 │ 1000  │ 6000000  │ 1676371800000 │ '2023-02-14T10:50:00.000Z' │ 68.8 │ 31.3 │  0  │   2.2    │   0.5    │ 2221.7 │ 1332.6 │  0  │ 0.8 │  1  │  1200  │  7288000  │   69900   │   422239000   │
│   33    │ 6040 │ 6040 │ 6040 │ 6040 │ 1400  │  8456000  │  119300   │  1400   │  8456000  │ 718019000 │       │          │ 1676371920000 │ '2023-02-14T10:52:00.000Z' │ 100  │  0   │  0  │ Infinity │    0     │ 2221.7 │ 1332.6 │  0  │     │ 0.6 │  1400  │  8456000  │   71300   │   430695000   │
│   34    │ 6040 │ 6040 │ 6040 │ 6040 │       │           │  119400   │   100   │  604000   │ 718623000 │  100  │  604000  │ 1676372040000 │ '2023-02-14T10:54:00.000Z' │  0   │ 100  │  0  │    0     │ Infinity │ 2221.7 │ 1332.6 │  0  │ 0.1 │     │  -100  │  -604000  │   71200   │   430091000   │
│   35    │ 6000 │ 6010 │ 6000 │ 6010 │       │           │  121900   │  2500   │ 15005000  │ 733628000 │ 2500  │ 15005000 │ 1676372400000 │ '2023-02-14T11:00:00.000Z' │  0   │ 100  │  0  │    0     │ Infinity │ 2221.7 │ 1332.6 │  0  │ 1.9 │     │ -2500  │ -15005000 │   68700   │   415086000   │
│   36    │ 5970 │ 5980 │ 5970 │ 5980 │       │           │  128100   │  6200   │ 37025000  │ 770653000 │ 6200  │ 37025000 │ 1676372520000 │ '2023-02-14T11:02:00.000Z' │  0   │ 100  │  0  │    0     │ Infinity │ 2221.7 │ 1332.6 │  0  │ 4.7 │     │ -6200  │ -37025000 │   62500   │   378061000   │
│   37    │ 5970 │ 5980 │ 5970 │ 5980 │  500  │  2985000  │  132200   │  4100   │ 24482000  │ 795135000 │ 3600  │ 21497000 │ 1676372640000 │ '2023-02-14T11:04:00.000Z' │ 12.2 │ 87.8 │  0  │   0.1    │   7.2    │ 2221.7 │ 1332.6 │  0  │ 2.7 │ 0.2 │ -3100  │ -18512000 │   59400   │   359549000   │
│   38    │ 5970 │ 5970 │ 5970 │ 5970 │       │           │  132400   │   200   │  1194000  │ 796329000 │  200  │ 1194000  │ 1676372880000 │ '2023-02-14T11:08:00.000Z' │  0   │ 100  │  0  │    0     │ Infinity │ 2221.7 │ 1332.6 │  0  │ 0.2 │     │  -200  │ -1194000  │   59200   │   358355000   │
│   39    │ 5960 │ 5960 │ 5960 │ 5960 │  400  │  2384000  │  134100   │  1700   │ 10132000  │ 806461000 │ 1300  │ 7748000  │ 1676373000000 │ '2023-02-14T11:10:00.000Z' │ 23.5 │ 76.5 │  0  │   0.3    │   3.3    │ 2221.7 │ 1332.6 │  0  │  1  │ 0.2 │  -900  │ -5364000  │   58300   │   352991000   │
│   40    │ 6040 │ 6040 │ 6030 │ 6030 │ 5200  │ 31375000  │  141300   │  7200   │ 43455000  │ 849916000 │ 2000  │ 12080000 │ 1676373120000 │ '2023-02-14T11:12:00.000Z' │ 72.2 │ 27.8 │  0  │   2.6    │   0.4    │ 2221.7 │ 1332.6 │  0  │ 1.5 │ 2.3 │  3200  │ 19295000  │   61500   │   372286000   │
├─────────┼──────┼──────┼──────┼──────┼───────┼───────────┼───────────┼─────────┼───────────┼───────────┼───────┼──────────┼───────────────┼────────────────────────────┼──────┼──────┼─────┼──────────┼──────────┼────────┼────────┼─────┼─────┼─────┼────────┼───────────┼───────────┼───────────────┤
│ (index) │  c   │  h   │  l   │  o   │  bu   │  val_bu   │ total_vol │ sum_vol │    val    │ acum_val  │  sd   │  val_sd  │   datetime    │            date            │ pbu  │ psd  │ puk │    bs    │    sb    │  abu   │  asd   │ auk │ rsd │ rbu │ bu-sd  │ bu-sd_val │ acum_busd │ acum_busd_val │
├─────────┼──────┼──────┼──────┼──────┼───────┼───────────┼───────────┼─────────┼───────────┼───────────┼───────┼──────────┼───────────────┼────────────────────────────┼──────┼──────┼─────┼──────────┼──────────┼────────┼────────┼─────┼─────┼─────┼────────┼───────────┼───────────┼───────────────┤
│   41    │ 6040 │ 6040 │ 6040 │ 6040 │       │           │  142300   │  1000   │  6040000  │ 855956000 │ 1000  │ 6040000  │ 1676373240000 │ '2023-02-14T11:14:00.000Z' │  0   │ 100  │  0  │    0     │ Infinity │ 2221.7 │ 1332.6 │  0  │ 0.8 │     │ -1000  │ -6040000  │   60500   │   366246000   │
│   42    │ 6000 │ 6020 │ 6000 │ 6020 │       │           │  155300   │  13000  │ 78050000  │ 934006000 │ 13000 │ 78050000 │ 1676373480000 │ '2023-02-14T11:18:00.000Z' │  0   │ 100  │  0  │    0     │ Infinity │ 2221.7 │ 1332.6 │  0  │ 9.8 │     │ -13000 │ -78050000 │   47500   │   288196000   │
│   43    │ 6000 │ 6000 │ 6000 │ 6000 │       │           │  155500   │   200   │  1200000  │ 935206000 │  200  │ 1200000  │ 1676373720000 │ '2023-02-14T11:22:00.000Z' │  0   │ 100  │  0  │    0     │ Infinity │ 2221.7 │ 1332.6 │  0  │ 0.2 │     │  -200  │ -1200000  │   47300   │   286996000   │
│   44    │ 6040 │ 6040 │ 6040 │ 6040 │  800  │  4832000  │  156300   │   800   │  4832000  │ 940038000 │       │          │ 1676373960000 │ '2023-02-14T11:26:00.000Z' │ 100  │  0   │  0  │ Infinity │    0     │ 2221.7 │ 1332.6 │  0  │     │ 0.4 │  800   │  4832000  │   48100   │   291828000   │
│   45    │ 6000 │ 6000 │ 6000 │ 6000 │       │           │  163500   │  7200   │ 43200000  │ 983238000 │ 7200  │ 43200000 │ 1676374080000 │ '2023-02-14T11:28:00.000Z' │  0   │ 100  │  0  │    0     │ Infinity │ 2221.7 │ 1332.6 │  0  │ 5.4 │     │ -7200  │ -43200000 │   40900   │   248628000   │
└─────────┴──────┴──────┴──────┴──────┴───────┴───────────┴───────────┴─────────┴───────────┴───────────┴───────┴──────────┴───────────────┴────────────────────────────┴──────┴──────┴─────┴──────────┴──────────┴────────┴────────┴─────┴─────┴─────┴────────┴───────────┴───────────┴───────────────┘

