┌─────────┬──────┬──────┬──────┬──────┬──────┬──────────┬───────────┬─────────┬───────────┬───────────┬──────┬──────────┬───────────────┬────────────────────────────┬──────┬──────┬─────┬──────────┬──────────┬───────┬────────┬─────┬─────┬─────┬───────┬───────────┬───────────┬───────────────┐
│ (index) │  c   │  h   │  l   │  o   │  bu  │  val_bu  │ total_vol │ sum_vol │    val    │ acum_val  │  sd  │  val_sd  │   datetime    │            date            │ pbu  │ psd  │ puk │    bs    │    sb    │  abu  │  asd   │ auk │ rsd │ rbu │ bu-sd │ bu-sd_val │ acum_busd │ acum_busd_val │
├─────────┼──────┼──────┼──────┼──────┼──────┼──────────┼───────────┼─────────┼───────────┼───────────┼──────┼──────────┼───────────────┼────────────────────────────┼──────┼──────┼─────┼──────────┼──────────┼───────┼────────┼─────┼─────┼─────┼───────┼───────────┼───────────┼───────────────┤
│    0    │ 9600 │ 9600 │ 9500 │ 9600 │ 3100 │ 29760000 │   3600    │  3600   │ 34510000  │ 34510000  │ 500  │ 4750000  │ 1676366040000 │ '2023-02-14T09:14:00.000Z' │ 86.1 │ 13.9 │  0  │   6.2    │   0.2    │ 742.9 │ 1690.5 │  0  │ 0.3 │ 4.2 │ 2600  │ 25010000  │   2600    │   25010000    │
│    1    │ 9600 │ 9600 │ 9600 │ 9600 │ 500  │ 4800000  │   4100    │   500   │  4800000  │ 39310000  │      │          │ 1676366160000 │ '2023-02-14T09:16:00.000Z' │ 100  │  0   │  0  │ Infinity │    0     │ 742.9 │ 1690.5 │  0  │     │ 0.7 │  500  │  4800000  │   3100    │   29810000    │
│    2    │ 9580 │ 9590 │ 9500 │ 9590 │ 3500 │ 33531000 │   14600   │  10500  │ 100371000 │ 139681000 │ 7000 │ 66840000 │ 1676366280000 │ '2023-02-14T09:18:00.000Z' │ 33.3 │ 66.7 │  0  │   0.5    │    2     │ 742.9 │ 1690.5 │  0  │ 4.1 │ 4.7 │ -3500 │ -33309000 │   -400    │   -3499000    │
│    3    │ 9600 │ 9600 │ 9580 │ 9580 │ 2000 │ 19190000 │   19200   │  4600   │ 44098000  │ 183779000 │ 2600 │ 24908000 │ 1676366400000 │ '2023-02-14T09:20:00.000Z' │ 43.5 │ 56.5 │  0  │   0.8    │   1.3    │ 742.9 │ 1690.5 │  0  │ 1.5 │ 2.7 │ -600  │ -5718000  │   -1000   │   -9217000    │
│    4    │ 9580 │ 9580 │ 9580 │ 9580 │      │          │   25300   │  6100   │ 58438000  │ 242217000 │ 6100 │ 58438000 │ 1676366520000 │ '2023-02-14T09:22:00.000Z' │  0   │ 100  │  0  │    0     │ Infinity │ 742.9 │ 1690.5 │  0  │ 3.6 │     │ -6100 │ -58438000 │   -7100   │   -67655000   │
│    5    │ 9580 │ 9580 │ 9580 │ 9580 │      │          │   32000   │  6700   │ 64186000  │ 306403000 │ 6700 │ 64186000 │ 1676366640000 │ '2023-02-14T09:24:00.000Z' │  0   │ 100  │  0  │    0     │ Infinity │ 742.9 │ 1690.5 │  0  │  4  │     │ -6700 │ -64186000 │  -13800   │  -131841000   │
│    6    │ 9580 │ 9600 │ 9580 │ 9600 │ 4000 │ 38400000 │   37500   │  5500   │ 52770000  │ 359173000 │ 1500 │ 14370000 │ 1676366760000 │ '2023-02-14T09:26:00.000Z' │ 72.7 │ 27.3 │  0  │   2.7    │   0.4    │ 742.9 │ 1690.5 │  0  │ 0.9 │ 5.4 │ 2500  │ 24030000  │  -11300   │  -107811000   │
│    7    │ 9580 │ 9580 │ 9580 │ 9580 │      │          │   40300   │  2800   │ 26824000  │ 385997000 │ 2800 │ 26824000 │ 1676366880000 │ '2023-02-14T09:28:00.000Z' │  0   │ 100  │  0  │    0     │ Infinity │ 742.9 │ 1690.5 │  0  │ 1.7 │     │ -2800 │ -26824000 │  -14100   │  -134635000   │
│    8    │ 9450 │ 9580 │ 9450 │ 9580 │ 100  │  958000  │   41000   │   700   │  6628000  │ 392625000 │ 600  │ 5670000  │ 1676367000000 │ '2023-02-14T09:30:00.000Z' │ 14.3 │ 85.7 │  0  │   0.2    │    6     │ 742.9 │ 1690.5 │  0  │ 0.4 │ 0.1 │ -500  │ -4712000  │  -14600   │  -139347000   │
│    9    │ 9450 │ 9460 │ 9450 │ 9450 │      │          │   41700   │   700   │  6616000  │ 399241000 │ 700  │ 6616000  │ 1676367240000 │ '2023-02-14T09:34:00.000Z' │  0   │ 100  │  0  │    0     │ Infinity │ 742.9 │ 1690.5 │  0  │ 0.4 │     │ -700  │ -6616000  │  -15300   │  -145963000   │
│   10    │ 9440 │ 9450 │ 9440 │ 9450 │      │          │   43300   │  1600   │ 15117000  │ 414358000 │ 1600 │ 15117000 │ 1676367360000 │ '2023-02-14T09:36:00.000Z' │  0   │ 100  │  0  │    0     │ Infinity │ 742.9 │ 1690.5 │  0  │ 0.9 │     │ -1600 │ -15117000 │  -16900   │  -161080000   │
│   11    │ 9440 │ 9440 │ 9440 │ 9440 │ 400  │ 3776000  │   43700   │   400   │  3776000  │ 418134000 │      │          │ 1676367480000 │ '2023-02-14T09:38:00.000Z' │ 100  │  0   │  0  │ Infinity │    0     │ 742.9 │ 1690.5 │  0  │     │ 0.5 │  400  │  3776000  │  -16500   │  -157304000   │
│   12    │ 9450 │ 9450 │ 9450 │ 9450 │      │          │   43800   │   100   │  945000   │ 419079000 │ 100  │  945000  │ 1676367960000 │ '2023-02-14T09:46:00.000Z' │  0   │ 100  │  0  │    0     │ Infinity │ 742.9 │ 1690.5 │  0  │ 0.1 │     │ -100  │  -945000  │  -16600   │  -158249000   │
│   13    │ 9450 │ 9450 │ 9450 │ 9450 │      │          │   45300   │  1500   │ 14175000  │ 433254000 │ 1500 │ 14175000 │ 1676368320000 │ '2023-02-14T09:52:00.000Z' │  0   │ 100  │  0  │    0     │ Infinity │ 742.9 │ 1690.5 │  0  │ 0.9 │     │ -1500 │ -14175000 │  -18100   │  -172424000   │
│   14    │ 9500 │ 9500 │ 9500 │ 9500 │      │          │   46300   │  1000   │  9500000  │ 442754000 │ 1000 │ 9500000  │ 1676368680000 │ '2023-02-14T09:58:00.000Z' │  0   │ 100  │  0  │    0     │ Infinity │ 742.9 │ 1690.5 │  0  │ 0.6 │     │ -1000 │ -9500000  │  -19100   │  -181924000   │
│   15    │ 9500 │ 9500 │ 9500 │ 9500 │      │          │   48100   │  1800   │ 17100000  │ 459854000 │ 1800 │ 17100000 │ 1676368800000 │ '2023-02-14T10:00:00.000Z' │  0   │ 100  │  0  │    0     │ Infinity │ 742.9 │ 1690.5 │  0  │ 1.1 │     │ -1800 │ -17100000 │  -20900   │  -199024000   │
│   16    │ 9500 │ 9500 │ 9500 │ 9500 │      │          │   48200   │   100   │  950000   │ 460804000 │ 100  │  950000  │ 1676368920000 │ '2023-02-14T10:02:00.000Z' │  0   │ 100  │  0  │    0     │ Infinity │ 742.9 │ 1690.5 │  0  │ 0.1 │     │ -100  │  -950000  │  -21000   │  -199974000   │
│   17    │ 9500 │ 9500 │ 9500 │ 9500 │ 500  │ 4750000  │   48700   │   500   │  4750000  │ 465554000 │      │          │ 1676369040000 │ '2023-02-14T10:04:00.000Z' │ 100  │  0   │  0  │ Infinity │    0     │ 742.9 │ 1690.5 │  0  │     │ 0.7 │  500  │  4750000  │  -20500   │  -195224000   │
│   18    │ 9500 │ 9500 │ 9500 │ 9500 │ 400  │ 3800000  │   49900   │  1200   │ 11400000  │ 476954000 │ 800  │ 7600000  │ 1676369280000 │ '2023-02-14T10:08:00.000Z' │ 33.3 │ 66.7 │  0  │   0.5    │    2     │ 742.9 │ 1690.5 │  0  │ 0.5 │ 0.5 │ -400  │ -3800000  │  -20900   │  -199024000   │
│   19    │ 9500 │ 9500 │ 9500 │ 9500 │      │          │   50000   │   100   │  950000   │ 477904000 │ 100  │  950000  │ 1676369400000 │ '2023-02-14T10:10:00.000Z' │  0   │ 100  │  0  │    0     │ Infinity │ 742.9 │ 1690.5 │  0  │ 0.1 │     │ -100  │  -950000  │  -21000   │  -199974000   │
│   20    │ 9540 │ 9540 │ 9530 │ 9530 │ 1100 │ 10490000 │   51100   │  1100   │ 10490000  │ 488394000 │      │          │ 1676369520000 │ '2023-02-14T10:12:00.000Z' │ 100  │  0   │  0  │ Infinity │    0     │ 742.9 │ 1690.5 │  0  │     │ 1.5 │ 1100  │ 10490000  │  -19900   │  -189484000   │
├─────────┼──────┼──────┼──────┼──────┼──────┼──────────┼───────────┼─────────┼───────────┼───────────┼──────┼──────────┼───────────────┼────────────────────────────┼──────┼──────┼─────┼──────────┼──────────┼───────┼────────┼─────┼─────┼─────┼───────┼───────────┼───────────┼───────────────┤
│ (index) │  c   │  h   │  l   │  o   │  bu  │  val_bu  │ total_vol │ sum_vol │    val    │ acum_val  │  sd  │  val_sd  │   datetime    │            date            │ pbu  │ psd  │ puk │    bs    │    sb    │  abu  │  asd   │ auk │ rsd │ rbu │ bu-sd │ bu-sd_val │ acum_busd │ acum_busd_val │
├─────────┼──────┼──────┼──────┼──────┼──────┼──────────┼───────────┼─────────┼───────────┼───────────┼──────┼──────────┼───────────────┼────────────────────────────┼──────┼──────┼─────┼──────────┼──────────┼───────┼────────┼─────┼─────┼─────┼───────┼───────────┼───────────┼───────────────┤
└─────────┴──────┴──────┴──────┴──────┴──────┴──────────┴───────────┴─────────┴───────────┴───────────┴──────┴──────────┴───────────────┴────────────────────────────┴──────┴──────┴─────┴──────────┴──────────┴───────┴────────┴─────┴─────┴─────┴───────┴───────────┴───────────┴───────────────┘

