┌─────────┬──────┬──────┬──────┬──────┬───────┬──────────┬───────────┬─────────┬──────────┬───────────┬───────────────┬────────────────────────────┬──────┬──────┬─────┬──────────┬──────────┬────────┬──────┬─────┬─────┬────────┬───────────┬───────────┬───────────────┬───────┬──────────┬─────┐
│ (index) │  c   │  h   │  l   │  o   │  sd   │  val_sd  │ total_vol │ sum_vol │   val    │ acum_val  │   datetime    │            date            │ pbu  │ psd  │ puk │    bs    │    sb    │  abu   │ asd  │ auk │ rsd │ bu-sd  │ bu-sd_val │ acum_busd │ acum_busd_val │  bu   │  val_bu  │ rbu │
├─────────┼──────┼──────┼──────┼──────┼───────┼──────────┼───────────┼─────────┼──────────┼───────────┼───────────────┼────────────────────────────┼──────┼──────┼─────┼──────────┼──────────┼────────┼──────┼─────┼─────┼────────┼───────────┼───────────┼───────────────┼───────┼──────────┼─────┤
│    0    │ 3120 │ 3120 │ 3120 │ 3120 │ 10000 │ 31200000 │   10000   │  10000  │ 31200000 │ 31200000  │ 1676366040000 │ '2023-02-14T09:14:00.000Z' │  0   │ 100  │  0  │    0     │ Infinity │ 1170.6 │ 2300 │  0  │ 4.3 │ -10000 │ -31200000 │  -10000   │   -31200000   │       │          │     │
│    1    │ 3220 │ 3220 │ 3220 │ 3220 │  100  │  322000  │   10600   │   600   │ 1932000  │ 33132000  │ 1676366280000 │ '2023-02-14T09:18:00.000Z' │ 83.3 │ 16.7 │  0  │    5     │   0.2    │ 1170.6 │ 2300 │  0  │  0  │  400   │  1288000  │   -9600   │   -29912000   │  500  │ 1610000  │ 0.4 │
│    2    │ 3320 │ 3320 │ 3320 │ 3320 │       │          │   15600   │  5000   │ 16600000 │ 49732000  │ 1676366400000 │ '2023-02-14T09:20:00.000Z' │ 100  │  0   │  0  │ Infinity │    0     │ 1170.6 │ 2300 │  0  │     │  5000  │ 16600000  │   -4600   │   -13312000   │ 5000  │ 16600000 │ 4.3 │
│    3    │ 3320 │ 3320 │ 3320 │ 3320 │       │          │   26100   │  10500  │ 34860000 │ 84592000  │ 1676366520000 │ '2023-02-14T09:22:00.000Z' │ 100  │  0   │  0  │ Infinity │    0     │ 1170.6 │ 2300 │  0  │     │ 10500  │ 34860000  │   5900    │   21548000    │ 10500 │ 34860000 │  9  │
│    4    │ 3320 │ 3320 │ 3320 │ 3320 │ 3100  │ 10292000 │   29200   │  3100   │ 10292000 │ 94884000  │ 1676366640000 │ '2023-02-14T09:24:00.000Z' │  0   │ 100  │  0  │    0     │ Infinity │ 1170.6 │ 2300 │  0  │ 1.3 │ -3100  │ -10292000 │   2800    │   11256000    │       │          │     │
│    5    │ 3320 │ 3320 │ 3320 │ 3320 │ 1700  │ 5644000  │   30900   │  1700   │ 5644000  │ 100528000 │ 1676366760000 │ '2023-02-14T09:26:00.000Z' │  0   │ 100  │  0  │    0     │ Infinity │ 1170.6 │ 2300 │  0  │ 0.7 │ -1700  │ -5644000  │   1100    │    5612000    │       │          │     │
│    6    │ 3320 │ 3320 │ 3320 │ 3320 │  100  │  332000  │   31000   │   100   │  332000  │ 100860000 │ 1676367120000 │ '2023-02-14T09:32:00.000Z' │  0   │ 100  │  0  │    0     │ Infinity │ 1170.6 │ 2300 │  0  │  0  │  -100  │  -332000  │   1000    │    5280000    │       │          │     │
│    7    │ 3350 │ 3350 │ 3350 │ 3350 │       │          │   31100   │   100   │  335000  │ 101195000 │ 1676367240000 │ '2023-02-14T09:34:00.000Z' │ 100  │  0   │  0  │ Infinity │    0     │ 1170.6 │ 2300 │  0  │     │  100   │  335000   │   1100    │    5615000    │  100  │  335000  │ 0.1 │
│    8    │ 3380 │ 3390 │ 3380 │ 3380 │ 2900  │ 9831000  │   34200   │  3100   │ 10507000 │ 111702000 │ 1676367480000 │ '2023-02-14T09:38:00.000Z' │ 6.5  │ 93.5 │  0  │   0.1    │   14.5   │ 1170.6 │ 2300 │  0  │ 1.3 │ -2700  │ -9155000  │   -1600   │   -3540000    │  200  │  676000  │ 0.2 │
│    9    │ 3350 │ 3350 │ 3350 │ 3350 │ 10000 │ 33500000 │   44200   │  10000  │ 33500000 │ 145202000 │ 1676367600000 │ '2023-02-14T09:40:00.000Z' │  0   │ 100  │  0  │    0     │ Infinity │ 1170.6 │ 2300 │  0  │ 4.3 │ -10000 │ -33500000 │  -11600   │   -37040000   │       │          │     │
│   10    │ 3350 │ 3350 │ 3350 │ 3350 │  500  │ 1675000  │   44800   │   600   │ 2010000  │ 147212000 │ 1676367720000 │ '2023-02-14T09:42:00.000Z' │ 16.7 │ 83.3 │  0  │   0.2    │    5     │ 1170.6 │ 2300 │  0  │ 0.2 │  -400  │ -1340000  │  -12000   │   -38380000   │  100  │  335000  │ 0.1 │
│   11    │ 3350 │ 3350 │ 3350 │ 3350 │ 9400  │ 31490000 │   54200   │  9400   │ 31490000 │ 178702000 │ 1676367840000 │ '2023-02-14T09:44:00.000Z' │  0   │ 100  │  0  │    0     │ Infinity │ 1170.6 │ 2300 │  0  │ 4.1 │ -9400  │ -31490000 │  -21400   │   -69870000   │       │          │     │
│   12    │ 3350 │ 3350 │ 3350 │ 3350 │       │          │   55200   │  1000   │ 3350000  │ 182052000 │ 1676368080000 │ '2023-02-14T09:48:00.000Z' │ 100  │  0   │  0  │ Infinity │    0     │ 1170.6 │ 2300 │  0  │     │  1000  │  3350000  │  -20400   │   -66520000   │ 1000  │ 3350000  │ 0.9 │
│   13    │ 3350 │ 3350 │ 3350 │ 3350 │       │          │   56500   │  1300   │ 4355000  │ 186407000 │ 1676368200000 │ '2023-02-14T09:50:00.000Z' │ 100  │  0   │  0  │ Infinity │    0     │ 1170.6 │ 2300 │  0  │     │  1300  │  4355000  │  -19100   │   -62165000   │ 1300  │ 4355000  │ 1.1 │
│   14    │ 3350 │ 3350 │ 3350 │ 3350 │ 1300  │ 4355000  │   57800   │  1300   │ 4355000  │ 190762000 │ 1676368320000 │ '2023-02-14T09:52:00.000Z' │  0   │ 100  │  0  │    0     │ Infinity │ 1170.6 │ 2300 │  0  │ 0.6 │ -1300  │ -4355000  │  -20400   │   -66520000   │       │          │     │
│   15    │ 3340 │ 3340 │ 3340 │ 3340 │       │          │   58100   │   300   │ 1002000  │ 191764000 │ 1676368920000 │ '2023-02-14T10:02:00.000Z' │ 100  │  0   │  0  │ Infinity │    0     │ 1170.6 │ 2300 │  0  │     │  300   │  1002000  │  -20100   │   -65518000   │  300  │ 1002000  │ 0.3 │
│   16    │ 3340 │ 3340 │ 3340 │ 3340 │       │          │   59000   │   900   │ 3006000  │ 194770000 │ 1676369400000 │ '2023-02-14T10:10:00.000Z' │ 100  │  0   │  0  │ Infinity │    0     │ 1170.6 │ 2300 │  0  │     │  900   │  3006000  │  -19200   │   -62512000   │  900  │ 3006000  │ 0.8 │
└─────────┴──────┴──────┴──────┴──────┴───────┴──────────┴───────────┴─────────┴──────────┴───────────┴───────────────┴────────────────────────────┴──────┴──────┴─────┴──────────┴──────────┴────────┴──────┴─────┴─────┴────────┴───────────┴───────────┴───────────────┴───────┴──────────┴─────┘

