┌─────────┬──────┬──────┬──────┬──────┬───────┬───────────┬───────────┬─────────┬───────────┬────────────┬───────────────┬────────────────────────────┬──────┬──────┬─────┬──────────┬──────────┬────────┬────────┬─────┬─────┬───────┬───────────┬───────────┬───────────────┬───────┬───────────┬──────┐
│ (index) │  c   │  h   │  l   │  o   │  bu   │  val_bu   │ total_vol │ sum_vol │    val    │  acum_val  │   datetime    │            date            │ pbu  │ psd  │ puk │    bs    │    sb    │  abu   │  asd   │ auk │ rbu │ bu-sd │ bu-sd_val │ acum_busd │ acum_busd_val │  sd   │  val_sd   │ rsd  │
├─────────┼──────┼──────┼──────┼──────┼───────┼───────────┼───────────┼─────────┼───────────┼────────────┼───────────────┼────────────────────────────┼──────┼──────┼─────┼──────────┼──────────┼────────┼────────┼─────┼─────┼───────┼───────────┼───────────┼───────────────┼───────┼───────────┼──────┤
│    0    │ 8000 │ 8000 │ 8000 │ 8000 │ 5200  │ 41600000  │   5200    │  5200   │ 41600000  │  41600000  │ 1676365200000 │ '2023-02-14T09:00:00.000Z' │ 100  │  0   │  0  │ Infinity │    0     │ 8618.9 │ 1410.8 │  0  │ 0.6 │ 5200  │ 41600000  │   5200    │   41600000    │       │           │      │
│    1    │ 8000 │ 8000 │ 8000 │ 8000 │ 3900  │ 31200000  │   9100    │  3900   │ 31200000  │  72800000  │ 1676365320000 │ '2023-02-14T09:02:00.000Z' │ 100  │  0   │  0  │ Infinity │    0     │ 8618.9 │ 1410.8 │  0  │ 0.5 │ 3900  │ 31200000  │   9100    │   72800000    │       │           │      │
│    2    │ 8000 │ 8000 │ 7900 │ 7900 │ 2600  │ 20800000  │   11800   │  2700   │ 21590000  │  94390000  │ 1676365440000 │ '2023-02-14T09:04:00.000Z' │ 96.3 │ 3.7  │  0  │    26    │    0     │ 8618.9 │ 1410.8 │  0  │ 0.3 │ 2500  │ 20010000  │   11600   │   92810000    │  100  │  790000   │ 0.1  │
│    3    │ 8000 │ 8000 │ 8000 │ 8000 │ 3800  │ 30400000  │   15600   │  3800   │ 30400000  │ 124790000  │ 1676365560000 │ '2023-02-14T09:06:00.000Z' │ 100  │  0   │  0  │ Infinity │    0     │ 8618.9 │ 1410.8 │  0  │ 0.4 │ 3800  │ 30400000  │   15400   │   123210000   │       │           │      │
│    4    │ 8000 │ 8000 │ 8000 │ 8000 │  900  │  7200000  │   16500   │   900   │  7200000  │ 131990000  │ 1676365680000 │ '2023-02-14T09:08:00.000Z' │ 100  │  0   │  0  │ Infinity │    0     │ 8618.9 │ 1410.8 │  0  │ 0.1 │  900  │  7200000  │   16300   │   130410000   │       │           │      │
│    5    │ 8100 │ 8100 │ 8000 │ 8000 │ 13800 │ 110880000 │   49900   │  33400  │ 267680000 │ 399670000  │ 1676365800000 │ '2023-02-14T09:10:00.000Z' │ 41.3 │ 58.7 │  0  │   0.7    │   1.4    │ 8618.9 │ 1410.8 │  0  │ 1.6 │ -5800 │ -45920000 │   10500   │   84490000    │ 19600 │ 156800000 │ 13.9 │
│    6    │ 8100 │ 8200 │ 8100 │ 8100 │ 61700 │ 499970000 │  112700   │  62800  │ 508880000 │ 908550000  │ 1676365920000 │ '2023-02-14T09:12:00.000Z' │ 98.2 │ 1.8  │  0  │   56.1   │    0     │ 8618.9 │ 1410.8 │  0  │ 7.2 │ 60600 │ 491060000 │   71100   │   575550000   │ 1100  │  8910000  │ 0.8  │
│    7    │ 8100 │ 8100 │ 8100 │ 8100 │ 19900 │ 161190000 │  132600   │  19900  │ 161190000 │ 1069740000 │ 1676366040000 │ '2023-02-14T09:14:00.000Z' │ 100  │  0   │  0  │ Infinity │    0     │ 8618.9 │ 1410.8 │  0  │ 2.3 │ 19900 │ 161190000 │   91000   │   736740000   │       │           │      │
│    8    │ 8100 │ 8100 │ 8100 │ 8100 │ 7800  │ 63180000  │  140400   │  7800   │ 63180000  │ 1132920000 │ 1676366160000 │ '2023-02-14T09:16:00.000Z' │ 100  │  0   │  0  │ Infinity │    0     │ 8618.9 │ 1410.8 │  0  │ 0.9 │ 7800  │ 63180000  │   98800   │   799920000   │       │           │      │
│    9    │ 8100 │ 8100 │ 8100 │ 8100 │ 7700  │ 62370000  │  148100   │  7700   │ 62370000  │ 1195290000 │ 1676366280000 │ '2023-02-14T09:18:00.000Z' │ 100  │  0   │  0  │ Infinity │    0     │ 8618.9 │ 1410.8 │  0  │ 0.9 │ 7700  │ 62370000  │  106500   │   862290000   │       │           │      │
│   10    │ 8200 │ 8200 │ 8100 │ 8100 │ 41100 │ 336540000 │  189200   │  41100  │ 336540000 │ 1531830000 │ 1676366400000 │ '2023-02-14T09:20:00.000Z' │ 100  │  0   │  0  │ Infinity │    0     │ 8618.9 │ 1410.8 │  0  │ 4.8 │ 41100 │ 336540000 │  147600   │  1198830000   │       │           │      │
│   11    │ 8200 │ 8200 │ 8200 │ 8200 │ 35300 │ 289460000 │  224500   │  35300  │ 289460000 │ 1821290000 │ 1676366520000 │ '2023-02-14T09:22:00.000Z' │ 100  │  0   │  0  │ Infinity │    0     │ 8618.9 │ 1410.8 │  0  │ 4.1 │ 35300 │ 289460000 │  182900   │  1488290000   │       │           │      │
│   12    │ 8300 │ 8300 │ 8200 │ 8200 │ 16900 │ 138880000 │  241400   │  16900  │ 138880000 │ 1960170000 │ 1676366640000 │ '2023-02-14T09:24:00.000Z' │ 100  │  0   │  0  │ Infinity │    0     │ 8618.9 │ 1410.8 │  0  │  2  │ 16900 │ 138880000 │  199800   │  1627170000   │       │           │      │
│   13    │ 8300 │ 8300 │ 8300 │ 8300 │ 10500 │ 87150000  │  251900   │  10500  │ 87150000  │ 2047320000 │ 1676366760000 │ '2023-02-14T09:26:00.000Z' │ 100  │  0   │  0  │ Infinity │    0     │ 8618.9 │ 1410.8 │  0  │ 1.2 │ 10500 │ 87150000  │  210300   │  1714320000   │       │           │      │
│   14    │ 8300 │ 8300 │ 8100 │ 8300 │ 4700  │ 38760000  │  263400   │  11500  │ 94370000  │ 2141690000 │ 1676366880000 │ '2023-02-14T09:28:00.000Z' │ 40.9 │ 59.1 │  0  │   0.7    │   1.4    │ 8618.9 │ 1410.8 │  0  │ 0.5 │ -2100 │ -16850000 │  208200   │  1697470000   │ 6800  │ 55610000  │ 4.8  │
│   15    │ 8200 │ 8300 │ 8200 │ 8300 │  700  │  5810000  │  266100   │  2700   │ 22210000  │ 2163900000 │ 1676367000000 │ '2023-02-14T09:30:00.000Z' │ 25.9 │ 74.1 │  0  │   0.4    │   2.9    │ 8618.9 │ 1410.8 │  0  │ 0.1 │ -1300 │ -10590000 │  206900   │  1686880000   │ 2000  │ 16400000  │ 1.4  │
│   16    │ 8200 │ 8200 │ 8200 │ 8200 │ 1600  │ 13120000  │  273200   │  7100   │ 58220000  │ 2222120000 │ 1676367120000 │ '2023-02-14T09:32:00.000Z' │ 22.5 │ 77.5 │  0  │   0.3    │   3.4    │ 8618.9 │ 1410.8 │  0  │ 0.2 │ -3900 │ -31980000 │  203000   │  1654900000   │ 5500  │ 45100000  │ 3.9  │
│   17    │ 8200 │ 8200 │ 8200 │ 8200 │ 3100  │ 25420000  │  276300   │  3100   │ 25420000  │ 2247540000 │ 1676367240000 │ '2023-02-14T09:34:00.000Z' │ 100  │  0   │  0  │ Infinity │    0     │ 8618.9 │ 1410.8 │  0  │ 0.4 │ 3100  │ 25420000  │  206100   │  1680320000   │       │           │      │
│   18    │ 8200 │ 8200 │ 8200 │ 8200 │  300  │  2460000  │  276600   │   300   │  2460000  │ 2250000000 │ 1676367360000 │ '2023-02-14T09:36:00.000Z' │ 100  │  0   │  0  │ Infinity │    0     │ 8618.9 │ 1410.8 │  0  │  0  │  300  │  2460000  │  206400   │  1682780000   │       │           │      │
│   19    │ 8200 │ 8200 │ 8200 │ 8200 │  200  │  1640000  │  276800   │   200   │  1640000  │ 2251640000 │ 1676367480000 │ '2023-02-14T09:38:00.000Z' │ 100  │  0   │  0  │ Infinity │    0     │ 8618.9 │ 1410.8 │  0  │  0  │  200  │  1640000  │  206600   │  1684420000   │       │           │      │
│   20    │ 8200 │ 8200 │ 8100 │ 8100 │ 3900  │ 31980000  │  281100   │  4300   │ 35220000  │ 2286860000 │ 1676367600000 │ '2023-02-14T09:40:00.000Z' │ 90.7 │ 9.3  │  0  │   9.8    │   0.1    │ 8618.9 │ 1410.8 │  0  │ 0.5 │ 3500  │ 28740000  │  210100   │  1713160000   │  400  │  3240000  │ 0.3  │
├─────────┼──────┼──────┼──────┼──────┼───────┼───────────┼───────────┼─────────┼───────────┼────────────┼───────────────┼────────────────────────────┼──────┼──────┼─────┼──────────┼──────────┼────────┼────────┼─────┼─────┼───────┼───────────┼───────────┼───────────────┼───────┼───────────┼──────┤
│ (index) │  c   │  h   │  l   │  o   │  bu   │  val_bu   │ total_vol │ sum_vol │    val    │  acum_val  │   datetime    │            date            │ pbu  │ psd  │ puk │    bs    │    sb    │  abu   │  asd   │ auk │ rbu │ bu-sd │ bu-sd_val │ acum_busd │ acum_busd_val │  sd   │  val_sd   │ rsd  │
├─────────┼──────┼──────┼──────┼──────┼───────┼───────────┼───────────┼─────────┼───────────┼────────────┼───────────────┼────────────────────────────┼──────┼──────┼─────┼──────────┼──────────┼────────┼────────┼─────┼─────┼───────┼───────────┼───────────┼───────────────┼───────┼───────────┼──────┤
│   21    │ 8200 │ 8200 │ 8100 │ 8200 │  500  │  4100000  │  282600   │  1500   │ 12200000  │ 2299060000 │ 1676367720000 │ '2023-02-14T09:42:00.000Z' │ 33.3 │ 66.7 │  0  │   0.5    │    2     │ 8618.9 │ 1410.8 │  0  │ 0.1 │ -500  │ -4000000  │  209600   │  1709160000   │ 1000  │  8100000  │ 0.7  │
│   22    │ 8100 │ 8100 │ 8100 │ 8100 │ 21900 │ 177390000 │  304500   │  21900  │ 177390000 │ 2476450000 │ 1676367840000 │ '2023-02-14T09:44:00.000Z' │ 100  │  0   │  0  │ Infinity │    0     │ 8618.9 │ 1410.8 │  0  │ 2.5 │ 21900 │ 177390000 │  231500   │  1886550000   │       │           │      │
│   23    │ 8100 │ 8100 │ 8100 │ 8100 │ 2500  │ 20250000  │  307000   │  2500   │ 20250000  │ 2496700000 │ 1676367960000 │ '2023-02-14T09:46:00.000Z' │ 100  │  0   │  0  │ Infinity │    0     │ 8618.9 │ 1410.8 │  0  │ 0.3 │ 2500  │ 20250000  │  234000   │  1906800000   │       │           │      │
│   24    │ 8100 │ 8100 │ 8100 │ 8100 │  200  │  1620000  │  307200   │   200   │  1620000  │ 2498320000 │ 1676368080000 │ '2023-02-14T09:48:00.000Z' │ 100  │  0   │  0  │ Infinity │    0     │ 8618.9 │ 1410.8 │  0  │  0  │  200  │  1620000  │  234200   │  1908420000   │       │           │      │
│   25    │ 8100 │ 8100 │ 8100 │ 8100 │ 2000  │ 16200000  │  309200   │  2000   │ 16200000  │ 2514520000 │ 1676368200000 │ '2023-02-14T09:50:00.000Z' │ 100  │  0   │  0  │ Infinity │    0     │ 8618.9 │ 1410.8 │  0  │ 0.2 │ 2000  │ 16200000  │  236200   │  1924620000   │       │           │      │
│   26    │ 8100 │ 8100 │ 8100 │ 8100 │  700  │  5670000  │  309900   │   700   │  5670000  │ 2520190000 │ 1676368320000 │ '2023-02-14T09:52:00.000Z' │ 100  │  0   │  0  │ Infinity │    0     │ 8618.9 │ 1410.8 │  0  │ 0.1 │  700  │  5670000  │  236900   │  1930290000   │       │           │      │
│   27    │ 8100 │ 8100 │ 8100 │ 8100 │ 1900  │ 15390000  │  311800   │  1900   │ 15390000  │ 2535580000 │ 1676368440000 │ '2023-02-14T09:54:00.000Z' │ 100  │  0   │  0  │ Infinity │    0     │ 8618.9 │ 1410.8 │  0  │ 0.2 │ 1900  │ 15390000  │  238800   │  1945680000   │       │           │      │
│   28    │ 8100 │ 8100 │ 8100 │ 8100 │  400  │  3240000  │  312200   │   400   │  3240000  │ 2538820000 │ 1676368560000 │ '2023-02-14T09:56:00.000Z' │ 100  │  0   │  0  │ Infinity │    0     │ 8618.9 │ 1410.8 │  0  │  0  │  400  │  3240000  │  239200   │  1948920000   │       │           │      │
│   29    │ 8100 │ 8100 │ 8100 │ 8100 │  800  │  6480000  │  313000   │   800   │  6480000  │ 2545300000 │ 1676368680000 │ '2023-02-14T09:58:00.000Z' │ 100  │  0   │  0  │ Infinity │    0     │ 8618.9 │ 1410.8 │  0  │ 0.1 │  800  │  6480000  │  240000   │  1955400000   │       │           │      │
│   30    │ 8100 │ 8100 │ 8100 │ 8100 │ 10500 │ 85050000  │  323500   │  10500  │ 85050000  │ 2630350000 │ 1676368800000 │ '2023-02-14T10:00:00.000Z' │ 100  │  0   │  0  │ Infinity │    0     │ 8618.9 │ 1410.8 │  0  │ 1.2 │ 10500 │ 85050000  │  250500   │  2040450000   │       │           │      │
│   31    │ 8000 │ 8000 │ 8000 │ 8000 │       │           │  328500   │  5000   │ 40000000  │ 2670350000 │ 1676368920000 │ '2023-02-14T10:02:00.000Z' │  0   │ 100  │  0  │    0     │ Infinity │ 8618.9 │ 1410.8 │  0  │     │ -5000 │ -40000000 │  245500   │  2000450000   │ 5000  │ 40000000  │ 3.5  │
│   32    │ 8000 │ 8100 │ 8000 │ 8100 │ 22500 │ 180200000 │  361400   │  32900  │ 263400000 │ 2933750000 │ 1676369040000 │ '2023-02-14T10:04:00.000Z' │ 68.4 │ 31.6 │  0  │   2.2    │   0.5    │ 8618.9 │ 1410.8 │  0  │ 2.6 │ 12100 │ 97000000  │  257600   │  2097450000   │ 10400 │ 83200000  │ 7.4  │
│   33    │ 8000 │ 8000 │ 8000 │ 8000 │ 3800  │ 30400000  │  365200   │  3800   │ 30400000  │ 2964150000 │ 1676369160000 │ '2023-02-14T10:06:00.000Z' │ 100  │  0   │  0  │ Infinity │    0     │ 8618.9 │ 1410.8 │  0  │ 0.4 │ 3800  │ 30400000  │  261400   │  2127850000   │       │           │      │
│   34    │ 8100 │ 8100 │ 8000 │ 8000 │ 2200  │ 17820000  │  367700   │  2500   │ 20220000  │ 2984370000 │ 1676369280000 │ '2023-02-14T10:08:00.000Z' │  88  │  12  │  0  │   7.3    │   0.1    │ 8618.9 │ 1410.8 │  0  │ 0.3 │ 1900  │ 15420000  │  263300   │  2143270000   │  300  │  2400000  │ 0.2  │
│   35    │ 8100 │ 8100 │ 8100 │ 8100 │  500  │  4050000  │  368200   │   500   │  4050000  │ 2988420000 │ 1676369400000 │ '2023-02-14T10:10:00.000Z' │ 100  │  0   │  0  │ Infinity │    0     │ 8618.9 │ 1410.8 │  0  │ 0.1 │  500  │  4050000  │  263800   │  2147320000   │       │           │      │
│   36    │ 8100 │ 8100 │ 8100 │ 8100 │ 2900  │ 23490000  │  371100   │  2900   │ 23490000  │ 3011910000 │ 1676369520000 │ '2023-02-14T10:12:00.000Z' │ 100  │  0   │  0  │ Infinity │    0     │ 8618.9 │ 1410.8 │  0  │ 0.3 │ 2900  │ 23490000  │  266700   │  2170810000   │       │           │      │
└─────────┴──────┴──────┴──────┴──────┴───────┴───────────┴───────────┴─────────┴───────────┴────────────┴───────────────┴────────────────────────────┴──────┴──────┴─────┴──────────┴──────────┴────────┴────────┴─────┴─────┴───────┴───────────┴───────────┴───────────────┴───────┴───────────┴──────┘

