┌─────────┬──────┬──────┬──────┬──────┬───────┬──────────┬───────────┬─────────┬──────────┬───────────┬──────┬──────────┬───────────────┬────────────────────────────┬──────┬──────┬─────┬──────────┬──────────┬────────┬────────┬─────┬─────┬─────┬────────┬───────────┬───────────┬───────────────┐
│ (index) │  c   │  h   │  l   │  o   │  sd   │  val_sd  │ total_vol │ sum_vol │   val    │ acum_val  │  bu  │  val_bu  │   datetime    │            date            │ pbu  │ psd  │ puk │    bs    │    sb    │  abu   │  asd   │ auk │ rsd │ rbu │ bu-sd  │ bu-sd_val │ acum_busd │ acum_busd_val │
├─────────┼──────┼──────┼──────┼──────┼───────┼──────────┼───────────┼─────────┼──────────┼───────────┼──────┼──────────┼───────────────┼────────────────────────────┼──────┼──────┼─────┼──────────┼──────────┼────────┼────────┼─────┼─────┼─────┼────────┼───────────┼───────────┼───────────────┤
│    0    │ 3240 │ 3240 │ 3200 │ 3200 │ 2500  │ 8000000  │   2600    │  2600   │ 8324000  │  8324000  │ 100  │  324000  │ 1676366040000 │ '2023-02-14T09:14:00.000Z' │ 3.8  │ 96.2 │  0  │    0     │    25    │ 2006.9 │ 1986.2 │  0  │ 1.3 │  0  │ -2400  │ -7676000  │   -2400   │   -7676000    │
│    1    │ 3230 │ 3260 │ 3230 │ 3260 │  500  │ 1615000  │   3200    │   600   │ 1941000  │ 10265000  │ 100  │  326000  │ 1676366400000 │ '2023-02-14T09:20:00.000Z' │ 16.7 │ 83.3 │  0  │   0.2    │    5     │ 2006.9 │ 1986.2 │  0  │ 0.3 │  0  │  -400  │ -1289000  │   -2800   │   -8965000    │
│    2    │ 3250 │ 3250 │ 3250 │ 3250 │       │          │   3300    │   100   │  325000  │ 10590000  │ 100  │  325000  │ 1676366520000 │ '2023-02-14T09:22:00.000Z' │ 100  │  0   │  0  │ Infinity │    0     │ 2006.9 │ 1986.2 │  0  │     │  0  │  100   │  325000   │   -2700   │   -8640000    │
│    3    │ 3250 │ 3250 │ 3230 │ 3230 │  100  │  323000  │   3500    │   200   │  648000  │ 11238000  │ 100  │  325000  │ 1676366760000 │ '2023-02-14T09:26:00.000Z' │  50  │  50  │  0  │    1     │    1     │ 2006.9 │ 1986.2 │  0  │ 0.1 │  0  │   0    │   2000    │   -2700   │   -8638000    │
│    4    │ 3250 │ 3250 │ 3230 │ 3230 │ 4000  │ 12920000 │   7600    │  4100   │ 13245000 │ 24483000  │ 100  │  325000  │ 1676367000000 │ '2023-02-14T09:30:00.000Z' │ 2.4  │ 97.6 │  0  │    0     │    40    │ 2006.9 │ 1986.2 │  0  │  2  │  0  │ -3900  │ -12595000 │   -6600   │   -21233000   │
│    5    │ 3250 │ 3250 │ 3250 │ 3250 │       │          │   9000    │  1400   │ 4550000  │ 29033000  │ 1400 │ 4550000  │ 1676367120000 │ '2023-02-14T09:32:00.000Z' │ 100  │  0   │  0  │ Infinity │    0     │ 2006.9 │ 1986.2 │  0  │     │ 0.7 │  1400  │  4550000  │   -5200   │   -16683000   │
│    6    │ 3220 │ 3250 │ 3220 │ 3250 │  100  │  322000  │   9400    │   400   │ 1297000  │ 30330000  │ 300  │  975000  │ 1676367240000 │ '2023-02-14T09:34:00.000Z' │  75  │  25  │  0  │    3     │   0.3    │ 2006.9 │ 1986.2 │  0  │ 0.1 │ 0.1 │  200   │  653000   │   -5000   │   -16030000   │
│    7    │ 3220 │ 3250 │ 3220 │ 3250 │  300  │  966000  │   9800    │   400   │ 1291000  │ 31621000  │ 100  │  325000  │ 1676367480000 │ '2023-02-14T09:38:00.000Z' │  25  │  75  │  0  │   0.3    │    3     │ 2006.9 │ 1986.2 │  0  │ 0.2 │  0  │  -200  │  -641000  │   -5200   │   -16671000   │
│    8    │ 3240 │ 3240 │ 3240 │ 3240 │       │          │   9900    │   100   │  324000  │ 31945000  │ 100  │  324000  │ 1676367600000 │ '2023-02-14T09:40:00.000Z' │ 100  │  0   │  0  │ Infinity │    0     │ 2006.9 │ 1986.2 │  0  │     │  0  │  100   │  324000   │   -5100   │   -16347000   │
│    9    │ 3240 │ 3240 │ 3220 │ 3220 │ 1600  │ 5152000  │   13000   │  3100   │ 9984000  │ 41929000  │ 1500 │ 4832000  │ 1676367720000 │ '2023-02-14T09:42:00.000Z' │ 48.4 │ 51.6 │  0  │   0.9    │   1.1    │ 2006.9 │ 1986.2 │  0  │ 0.8 │ 0.7 │  -100  │  -320000  │   -5200   │   -16667000   │
│   10    │ 3240 │ 3240 │ 3240 │ 3240 │       │          │   13200   │   200   │  648000  │ 42577000  │ 200  │  648000  │ 1676368320000 │ '2023-02-14T09:52:00.000Z' │ 100  │  0   │  0  │ Infinity │    0     │ 2006.9 │ 1986.2 │  0  │     │ 0.1 │  200   │  648000   │   -5000   │   -16019000   │
│   11    │ 3240 │ 3240 │ 3240 │ 3240 │       │          │   18500   │  5300   │ 17172000 │ 59749000  │ 5300 │ 17172000 │ 1676369640000 │ '2023-02-14T10:14:00.000Z' │ 100  │  0   │  0  │ Infinity │    0     │ 2006.9 │ 1986.2 │  0  │     │ 2.6 │  5300  │ 17172000  │    300    │    1153000    │
│   12    │ 3250 │ 3250 │ 3240 │ 3240 │  900  │ 2916000  │   19500   │  1000   │ 3241000  │ 62990000  │ 100  │  325000  │ 1676369760000 │ '2023-02-14T10:16:00.000Z' │  10  │  90  │  0  │   0.1    │    9     │ 2006.9 │ 1986.2 │  0  │ 0.5 │  0  │  -800  │ -2591000  │   -500    │   -1438000    │
│   13    │ 3250 │ 3250 │ 3250 │ 3250 │       │          │   21500   │  2000   │ 6500000  │ 69490000  │ 2000 │ 6500000  │ 1676370240000 │ '2023-02-14T10:24:00.000Z' │ 100  │  0   │  0  │ Infinity │    0     │ 2006.9 │ 1986.2 │  0  │     │  1  │  2000  │  6500000  │   1500    │    5062000    │
│   14    │ 3250 │ 3250 │ 3250 │ 3250 │       │          │   24800   │  3300   │ 10725000 │ 80215000  │ 3300 │ 10725000 │ 1676371560000 │ '2023-02-14T10:46:00.000Z' │ 100  │  0   │  0  │ Infinity │    0     │ 2006.9 │ 1986.2 │  0  │     │ 1.6 │  3300  │ 10725000  │   4800    │   15787000    │
│   15    │ 3250 │ 3250 │ 3250 │ 3250 │       │          │   30100   │  5300   │ 17225000 │ 97440000  │ 5300 │ 17225000 │ 1676371680000 │ '2023-02-14T10:48:00.000Z' │ 100  │  0   │  0  │ Infinity │    0     │ 2006.9 │ 1986.2 │  0  │     │ 2.6 │  5300  │ 17225000  │   10100   │   33012000    │
│   16    │ 3250 │ 3250 │ 3250 │ 3250 │  100  │  325000  │   30200   │   100   │  325000  │ 97765000  │      │          │ 1676371800000 │ '2023-02-14T10:50:00.000Z' │  0   │ 100  │  0  │    0     │ Infinity │ 2006.9 │ 1986.2 │  0  │ 0.1 │     │  -100  │  -325000  │   10000   │   32687000    │
│   17    │ 3260 │ 3260 │ 3260 │ 3260 │       │          │   30300   │   100   │  326000  │ 98091000  │ 100  │  326000  │ 1676372040000 │ '2023-02-14T10:54:00.000Z' │ 100  │  0   │  0  │ Infinity │    0     │ 2006.9 │ 1986.2 │  0  │     │  0  │  100   │  326000   │   10100   │   33013000    │
│   18    │ 3260 │ 3260 │ 3260 │ 3260 │       │          │   35300   │  5000   │ 16300000 │ 114391000 │ 5000 │ 16300000 │ 1676372400000 │ '2023-02-14T11:00:00.000Z' │ 100  │  0   │  0  │ Infinity │    0     │ 2006.9 │ 1986.2 │  0  │     │ 2.5 │  5000  │ 16300000  │   15100   │   49313000    │
│   19    │ 3290 │ 3290 │ 3260 │ 3260 │       │          │   40600   │  5300   │ 17325000 │ 131716000 │ 5300 │ 17325000 │ 1676372520000 │ '2023-02-14T11:02:00.000Z' │ 100  │  0   │  0  │ Infinity │    0     │ 2006.9 │ 1986.2 │  0  │     │ 2.6 │  5300  │ 17325000  │   20400   │   66638000    │
│   20    │ 3300 │ 3300 │ 3290 │ 3290 │  700  │ 2303000  │   42600   │  2000   │ 6581000  │ 138297000 │ 1300 │ 4278000  │ 1676372640000 │ '2023-02-14T11:04:00.000Z' │  65  │  35  │  0  │   1.9    │   0.5    │ 2006.9 │ 1986.2 │  0  │ 0.4 │ 0.6 │  600   │  1975000  │   21000   │   68613000    │
├─────────┼──────┼──────┼──────┼──────┼───────┼──────────┼───────────┼─────────┼──────────┼───────────┼──────┼──────────┼───────────────┼────────────────────────────┼──────┼──────┼─────┼──────────┼──────────┼────────┼────────┼─────┼─────┼─────┼────────┼───────────┼───────────┼───────────────┤
│ (index) │  c   │  h   │  l   │  o   │  sd   │  val_sd  │ total_vol │ sum_vol │   val    │ acum_val  │  bu  │  val_bu  │   datetime    │            date            │ pbu  │ psd  │ puk │    bs    │    sb    │  abu   │  asd   │ auk │ rsd │ rbu │ bu-sd  │ bu-sd_val │ acum_busd │ acum_busd_val │
├─────────┼──────┼──────┼──────┼──────┼───────┼──────────┼───────────┼─────────┼──────────┼───────────┼──────┼──────────┼───────────────┼────────────────────────────┼──────┼──────┼─────┼──────────┼──────────┼────────┼────────┼─────┼─────┼─────┼────────┼───────────┼───────────┼───────────────┤
│   21    │ 3300 │ 3300 │ 3300 │ 3300 │       │          │   51200   │  8600   │ 28380000 │ 166677000 │ 8600 │ 28380000 │ 1676372760000 │ '2023-02-14T11:06:00.000Z' │ 100  │  0   │  0  │ Infinity │    0     │ 2006.9 │ 1986.2 │  0  │     │ 4.3 │  8600  │ 28380000  │   29600   │   96993000    │
│   22    │ 3300 │ 3300 │ 3290 │ 3290 │ 10200 │ 33558000 │   66900   │  15700  │ 51664000 │ 218341000 │ 5500 │ 18106000 │ 1676372880000 │ '2023-02-14T11:08:00.000Z' │  35  │  65  │  0  │   0.5    │   1.9    │ 2006.9 │ 1986.2 │  0  │ 5.1 │ 2.7 │ -4700  │ -15452000 │   24900   │   81541000    │
│   23    │ 3290 │ 3290 │ 3290 │ 3290 │ 1000  │ 3290000  │   67900   │  1000   │ 3290000  │ 221631000 │      │          │ 1676373000000 │ '2023-02-14T11:10:00.000Z' │  0   │ 100  │  0  │    0     │ Infinity │ 2006.9 │ 1986.2 │  0  │ 0.5 │     │ -1000  │ -3290000  │   23900   │   78251000    │
│   24    │ 3300 │ 3300 │ 3300 │ 3300 │ 3800  │ 12540000 │   78000   │  10100  │ 33330000 │ 254961000 │ 6300 │ 20790000 │ 1676373120000 │ '2023-02-14T11:12:00.000Z' │ 62.4 │ 37.6 │  0  │   1.7    │   0.6    │ 2006.9 │ 1986.2 │  0  │ 1.9 │ 3.1 │  2500  │  8250000  │   26400   │   86501000    │
│   25    │ 3300 │ 3300 │ 3290 │ 3290 │ 1100  │ 3619000  │   79200   │  1200   │ 3949000  │ 258910000 │ 100  │  330000  │ 1676373240000 │ '2023-02-14T11:14:00.000Z' │ 8.3  │ 91.7 │  0  │   0.1    │    11    │ 2006.9 │ 1986.2 │  0  │ 0.6 │  0  │ -1000  │ -3289000  │   25400   │   83212000    │
│   26    │ 3270 │ 3290 │ 3270 │ 3290 │ 11200 │ 36642000 │   90400   │  11200  │ 36642000 │ 295552000 │      │          │ 1676373840000 │ '2023-02-14T11:24:00.000Z' │  0   │ 100  │  0  │    0     │ Infinity │ 2006.9 │ 1986.2 │  0  │ 5.6 │     │ -11200 │ -36642000 │   14200   │   46570000    │
│   27    │ 3260 │ 3270 │ 3240 │ 3270 │ 14000 │ 45511000 │  105700   │  15300  │ 49731000 │ 345283000 │ 1300 │ 4220000  │ 1676373960000 │ '2023-02-14T11:26:00.000Z' │ 8.5  │ 91.5 │  0  │   0.1    │   10.8   │ 2006.9 │ 1986.2 │  0  │  7  │ 0.6 │ -12700 │ -41291000 │   1500    │    5279000    │
│   28    │ 3260 │ 3260 │ 3240 │ 3240 │ 5500  │ 17820000 │  115800   │  10100  │ 32726000 │ 378009000 │ 4600 │ 14906000 │ 1676374080000 │ '2023-02-14T11:28:00.000Z' │ 45.5 │ 54.5 │  0  │   0.8    │   1.2    │ 2006.9 │ 1986.2 │  0  │ 2.8 │ 2.3 │  -900  │ -2914000  │    600    │    2365000    │
└─────────┴──────┴──────┴──────┴──────┴───────┴──────────┴───────────┴─────────┴──────────┴───────────┴──────┴──────────┴───────────────┴────────────────────────────┴──────┴──────┴─────┴──────────┴──────────┴────────┴────────┴─────┴─────┴─────┴────────┴───────────┴───────────┴───────────────┘

