┌─────────┬──────┬──────┬──────┬──────┬──────┬─────────┬───────────┬─────────┬──────────┬──────────┬──────┬─────────┬───────────────┬────────────────────────────┬──────┬──────┬─────┬──────────┬──────────┬───────┬───────┬─────┬─────┬─────┬───────┬───────────┬───────────┬───────────────┐
│ (index) │  c   │  h   │  l   │  o   │  bu  │ val_bu  │ total_vol │ sum_vol │   val    │ acum_val │  sd  │ val_sd  │   datetime    │            date            │ pbu  │ psd  │ puk │    bs    │    sb    │  abu  │  asd  │ auk │ rsd │ rbu │ bu-sd │ bu-sd_val │ acum_busd │ acum_busd_val │
├─────────┼──────┼──────┼──────┼──────┼──────┼─────────┼───────────┼─────────┼──────────┼──────────┼──────┼─────────┼───────────────┼────────────────────────────┼──────┼──────┼─────┼──────────┼──────────┼───────┼───────┼─────┼─────┼─────┼───────┼───────────┼───────────┼───────────────┤
│    0    │ 2980 │ 2980 │ 2900 │ 2980 │ 200  │ 596000  │   1100    │  1100   │ 3206000  │ 3206000  │ 900  │ 2610000 │ 1676366160000 │ '2023-02-14T09:16:00.000Z' │ 18.2 │ 81.8 │  0  │   0.2    │   4.5    │ 281.8 │ 722.7 │  0  │ 1.2 │ 0.7 │ -700  │ -2014000  │   -700    │   -2014000    │
│    1    │ 2970 │ 2970 │ 2900 │ 2970 │ 500  │ 1485000 │   4600    │  3500   │ 10186000 │ 13392000 │ 3000 │ 8701000 │ 1676366640000 │ '2023-02-14T09:24:00.000Z' │ 14.3 │ 85.7 │  0  │   0.2    │    6     │ 281.8 │ 722.7 │  0  │ 4.2 │ 1.8 │ -2500 │ -7216000  │   -3200   │   -9230000    │
│    2    │ 2980 │ 2980 │ 2970 │ 2970 │ 100  │ 298000  │   5400    │   800   │ 2377000  │ 15769000 │ 700  │ 2079000 │ 1676366760000 │ '2023-02-14T09:26:00.000Z' │ 12.5 │ 87.5 │  0  │   0.1    │    7     │ 281.8 │ 722.7 │  0  │  1  │ 0.4 │ -600  │ -1781000  │   -3800   │   -11011000   │
│    3    │ 2900 │ 2900 │ 2900 │ 2900 │      │         │   6900    │  1500   │ 4350000  │ 20119000 │ 1500 │ 4350000 │ 1676367360000 │ '2023-02-14T09:36:00.000Z' │  0   │ 100  │  0  │    0     │ Infinity │ 281.8 │ 722.7 │  0  │ 2.1 │     │ -1500 │ -4350000  │   -5300   │   -15361000   │
│    4    │ 2950 │ 2950 │ 2950 │ 2950 │ 100  │ 295000  │   7000    │   100   │  295000  │ 20414000 │      │         │ 1676367720000 │ '2023-02-14T09:42:00.000Z' │ 100  │  0   │  0  │ Infinity │    0     │ 281.8 │ 722.7 │  0  │     │ 0.4 │  100  │  295000   │   -5200   │   -15066000   │
│    5    │ 2900 │ 2900 │ 2900 │ 2900 │      │         │   7400    │   400   │ 1160000  │ 21574000 │ 400  │ 1160000 │ 1676368680000 │ '2023-02-14T09:58:00.000Z' │  0   │ 100  │  0  │    0     │ Infinity │ 281.8 │ 722.7 │  0  │ 0.6 │     │ -400  │ -1160000  │   -5600   │   -16226000   │
│    6    │ 2950 │ 2950 │ 2950 │ 2950 │ 100  │ 295000  │   7500    │   100   │  295000  │ 21869000 │      │         │ 1676368800000 │ '2023-02-14T10:00:00.000Z' │ 100  │  0   │  0  │ Infinity │    0     │ 281.8 │ 722.7 │  0  │     │ 0.4 │  100  │  295000   │   -5500   │   -15931000   │
│    7    │ 2940 │ 2940 │ 2940 │ 2940 │ 500  │ 1470000 │   8000    │   500   │ 1470000  │ 23339000 │      │         │ 1676368920000 │ '2023-02-14T10:02:00.000Z' │ 100  │  0   │  0  │ Infinity │    0     │ 281.8 │ 722.7 │  0  │     │ 1.8 │  500  │  1470000  │   -5000   │   -14461000   │
│    8    │ 2930 │ 2930 │ 2930 │ 2930 │      │         │   8500    │   500   │ 1465000  │ 24804000 │ 500  │ 1465000 │ 1676369040000 │ '2023-02-14T10:04:00.000Z' │  0   │ 100  │  0  │    0     │ Infinity │ 281.8 │ 722.7 │  0  │ 0.7 │     │ -500  │ -1465000  │   -5500   │   -15926000   │
│    9    │ 2920 │ 2920 │ 2920 │ 2920 │      │         │   9000    │   500   │ 1460000  │ 26264000 │ 500  │ 1460000 │ 1676369160000 │ '2023-02-14T10:06:00.000Z' │  0   │ 100  │  0  │    0     │ Infinity │ 281.8 │ 722.7 │  0  │ 0.7 │     │ -500  │ -1460000  │   -6000   │   -17386000   │
│   10    │ 2900 │ 2900 │ 2900 │ 2900 │      │         │   10400   │  1400   │ 4060000  │ 30324000 │ 1400 │ 4060000 │ 1676369520000 │ '2023-02-14T10:12:00.000Z' │  0   │ 100  │  0  │    0     │ Infinity │ 281.8 │ 722.7 │  0  │ 1.9 │     │ -1400 │ -4060000  │   -7400   │   -21446000   │
│   11    │ 2900 │ 2900 │ 2900 │ 2900 │ 700  │ 2030000 │   11100   │   700   │ 2030000  │ 32354000 │      │         │ 1676369640000 │ '2023-02-14T10:14:00.000Z' │ 100  │  0   │  0  │ Infinity │    0     │ 281.8 │ 722.7 │  0  │     │ 2.5 │  700  │  2030000  │   -6700   │   -19416000   │
│   12    │ 2920 │ 2930 │ 2920 │ 2930 │ 600  │ 1752000 │   12300   │  1200   │ 3505000  │ 35859000 │ 600  │ 1753000 │ 1676370120000 │ '2023-02-14T10:22:00.000Z' │  50  │  50  │  0  │    1     │    1     │ 281.8 │ 722.7 │  0  │ 0.8 │ 2.1 │   0   │   -1000   │   -6700   │   -19417000   │
│   13    │ 2900 │ 2920 │ 2900 │ 2920 │ 100  │ 292000  │   13700   │  1400   │ 4062000  │ 39921000 │ 1300 │ 3770000 │ 1676370240000 │ '2023-02-14T10:24:00.000Z' │ 7.1  │ 92.9 │  0  │   0.1    │    13    │ 281.8 │ 722.7 │  0  │ 1.8 │ 0.4 │ -1200 │ -3478000  │   -7900   │   -22895000   │
│   14    │ 2920 │ 2920 │ 2920 │ 2920 │ 100  │ 292000  │   13800   │   100   │  292000  │ 40213000 │      │         │ 1676370360000 │ '2023-02-14T10:26:00.000Z' │ 100  │  0   │  0  │ Infinity │    0     │ 281.8 │ 722.7 │  0  │     │ 0.4 │  100  │  292000   │   -7800   │   -22603000   │
│   15    │ 2920 │ 2920 │ 2920 │ 2920 │ 900  │ 2628000 │   14700   │   900   │ 2628000  │ 42841000 │      │         │ 1676370720000 │ '2023-02-14T10:32:00.000Z' │ 100  │  0   │  0  │ Infinity │    0     │ 281.8 │ 722.7 │  0  │     │ 3.2 │  900  │  2628000  │   -6900   │   -19975000   │
│   16    │ 2900 │ 2920 │ 2900 │ 2920 │      │         │   16700   │  2000   │ 5822000  │ 48663000 │ 2000 │ 5822000 │ 1676371080000 │ '2023-02-14T10:38:00.000Z' │  0   │ 100  │  0  │    0     │ Infinity │ 281.8 │ 722.7 │  0  │ 2.8 │     │ -2000 │ -5822000  │   -8900   │   -25797000   │
│   17    │ 2900 │ 2900 │ 2900 │ 2900 │      │         │   18700   │  2000   │ 5800000  │ 54463000 │ 2000 │ 5800000 │ 1676371320000 │ '2023-02-14T10:42:00.000Z' │  0   │ 100  │  0  │    0     │ Infinity │ 281.8 │ 722.7 │  0  │ 2.8 │     │ -2000 │ -5800000  │  -10900   │   -31597000   │
│   18    │ 2930 │ 2930 │ 2930 │ 2930 │ 2300 │ 6739000 │   21000   │  2300   │ 6739000  │ 61202000 │      │         │ 1676372040000 │ '2023-02-14T10:54:00.000Z' │ 100  │  0   │  0  │ Infinity │    0     │ 281.8 │ 722.7 │  0  │     │ 8.2 │ 2300  │  6739000  │   -8600   │   -24858000   │
│   19    │ 2930 │ 2930 │ 2930 │ 2930 │      │         │   21700   │   700   │ 2051000  │ 63253000 │ 700  │ 2051000 │ 1676372160000 │ '2023-02-14T10:56:00.000Z' │  0   │ 100  │  0  │    0     │ Infinity │ 281.8 │ 722.7 │  0  │  1  │     │ -700  │ -2051000  │   -9300   │   -26909000   │
│   20    │ 2920 │ 2920 │ 2920 │ 2920 │      │         │   22000   │   300   │  876000  │ 64129000 │ 300  │ 876000  │ 1676372400000 │ '2023-02-14T11:00:00.000Z' │  0   │ 100  │  0  │    0     │ Infinity │ 281.8 │ 722.7 │  0  │ 0.4 │     │ -300  │  -876000  │   -9600   │   -27785000   │
├─────────┼──────┼──────┼──────┼──────┼──────┼─────────┼───────────┼─────────┼──────────┼──────────┼──────┼─────────┼───────────────┼────────────────────────────┼──────┼──────┼─────┼──────────┼──────────┼───────┼───────┼─────┼─────┼─────┼───────┼───────────┼───────────┼───────────────┤
│ (index) │  c   │  h   │  l   │  o   │  bu  │ val_bu  │ total_vol │ sum_vol │   val    │ acum_val │  sd  │ val_sd  │   datetime    │            date            │ pbu  │ psd  │ puk │    bs    │    sb    │  abu  │  asd  │ auk │ rsd │ rbu │ bu-sd │ bu-sd_val │ acum_busd │ acum_busd_val │
├─────────┼──────┼──────┼──────┼──────┼──────┼─────────┼───────────┼─────────┼──────────┼──────────┼──────┼─────────┼───────────────┼────────────────────────────┼──────┼──────┼─────┼──────────┼──────────┼───────┼───────┼─────┼─────┼─────┼───────┼───────────┼───────────┼───────────────┤
│   21    │ 2910 │ 2910 │ 2910 │ 2910 │      │         │   22100   │   100   │  291000  │ 64420000 │ 100  │ 291000  │ 1676372880000 │ '2023-02-14T11:08:00.000Z' │  0   │ 100  │  0  │    0     │ Infinity │ 281.8 │ 722.7 │  0  │ 0.1 │     │ -100  │  -291000  │   -9700   │   -28076000   │
└─────────┴──────┴──────┴──────┴──────┴──────┴─────────┴───────────┴─────────┴──────────┴──────────┴──────┴─────────┴───────────────┴────────────────────────────┴──────┴──────┴─────┴──────────┴──────────┴───────┴───────┴─────┴─────┴─────┴───────┴───────────┴───────────┴───────────────┘

