┌─────────┬──────┬──────┬──────┬──────┬───────┬───────────┬───────────┬─────────┬───────────┬───────────┬───────┬──────────┬───────────────┬────────────────────────────┬──────┬──────┬─────┬──────────┬──────────┬────────┬────────┬─────┬──────┬─────┬────────┬────────────┬───────────┬───────────────┐
│ (index) │  c   │  h   │  l   │  o   │  sd   │  val_sd   │ total_vol │ sum_vol │    val    │ acum_val  │  bu   │  val_bu  │   datetime    │            date            │ pbu  │ psd  │ puk │    bs    │    sb    │  abu   │  asd   │ auk │ rsd  │ rbu │ bu-sd  │ bu-sd_val  │ acum_busd │ acum_busd_val │
├─────────┼──────┼──────┼──────┼──────┼───────┼───────────┼───────────┼─────────┼───────────┼───────────┼───────┼──────────┼───────────────┼────────────────────────────┼──────┼──────┼─────┼──────────┼──────────┼────────┼────────┼─────┼──────┼─────┼────────┼────────────┼───────────┼───────────────┤
│    0    │ 3600 │ 3600 │ 3600 │ 3600 │ 1000  │  3600000  │   1100    │  1100   │  3960000  │  3960000  │  100  │  360000  │ 1676366280000 │ '2023-02-14T09:18:00.000Z' │ 9.1  │ 90.9 │  0  │   0.1    │    10    │ 1910.7 │ 3653.6 │  0  │ 0.3  │ 0.1 │  -900  │  -3240000  │   -900    │   -3240000    │
│    1    │ 3520 │ 3520 │ 3520 │ 3520 │  600  │  2112000  │   1700    │   600   │  2112000  │  6072000  │       │          │ 1676366400000 │ '2023-02-14T09:20:00.000Z' │  0   │ 100  │  0  │    0     │ Infinity │ 1910.7 │ 3653.6 │  0  │ 0.2  │     │  -600  │  -2112000  │   -1500   │   -5352000    │
│    2    │ 3600 │ 3600 │ 3540 │ 3540 │       │           │   3600    │  1900   │  6780000  │ 12852000  │ 1900  │ 6780000  │ 1676366520000 │ '2023-02-14T09:22:00.000Z' │ 100  │  0   │  0  │ Infinity │    0     │ 1910.7 │ 3653.6 │  0  │      │  1  │  1900  │  6780000   │    400    │    1428000    │
│    3    │ 3600 │ 3600 │ 3600 │ 3600 │       │           │   4600    │  1000   │  3600000  │ 16452000  │ 1000  │ 3600000  │ 1676366760000 │ '2023-02-14T09:26:00.000Z' │ 100  │  0   │  0  │ Infinity │    0     │ 1910.7 │ 3653.6 │  0  │      │ 0.5 │  1000  │  3600000   │   1400    │    5028000    │
│    4    │ 3600 │ 3600 │ 3600 │ 3600 │       │           │   8200    │  3600   │ 12960000  │ 29412000  │ 3600  │ 12960000 │ 1676366880000 │ '2023-02-14T09:28:00.000Z' │ 100  │  0   │  0  │ Infinity │    0     │ 1910.7 │ 3653.6 │  0  │      │ 1.9 │  3600  │  12960000  │   5000    │   17988000    │
│    5    │ 3600 │ 3640 │ 3600 │ 3640 │       │           │   10800   │  2600   │  9444000  │ 38856000  │ 2600  │ 9444000  │ 1676367120000 │ '2023-02-14T09:32:00.000Z' │ 100  │  0   │  0  │ Infinity │    0     │ 1910.7 │ 3653.6 │  0  │      │ 1.4 │  2600  │  9444000   │   7600    │   27432000    │
│    6    │ 3600 │ 3600 │ 3600 │ 3600 │  100  │  360000   │   10900   │   100   │  360000   │ 39216000  │       │          │ 1676367240000 │ '2023-02-14T09:34:00.000Z' │  0   │ 100  │  0  │    0     │ Infinity │ 1910.7 │ 3653.6 │  0  │  0   │     │  -100  │  -360000   │   7500    │   27072000    │
│    7    │ 3630 │ 3630 │ 3630 │ 3630 │  100  │  363000   │   11500   │   600   │  2178000  │ 41394000  │  500  │ 1815000  │ 1676367360000 │ '2023-02-14T09:36:00.000Z' │ 83.3 │ 16.7 │  0  │    5     │   0.2    │ 1910.7 │ 3653.6 │  0  │  0   │ 0.3 │  400   │  1452000   │   7900    │   28524000    │
│    8    │ 3600 │ 3630 │ 3600 │ 3630 │ 5000  │ 18015000  │   16500   │  5000   │ 18015000  │ 59409000  │       │          │ 1676367720000 │ '2023-02-14T09:42:00.000Z' │  0   │ 100  │  0  │    0     │ Infinity │ 1910.7 │ 3653.6 │  0  │ 1.4  │     │ -5000  │ -18015000  │   2900    │   10509000    │
│    9    │ 3600 │ 3600 │ 3600 │ 3600 │ 1000  │  3600000  │   17500   │  1000   │  3600000  │ 63009000  │       │          │ 1676368080000 │ '2023-02-14T09:48:00.000Z' │  0   │ 100  │  0  │    0     │ Infinity │ 1910.7 │ 3653.6 │  0  │ 0.3  │     │ -1000  │  -3600000  │   1900    │    6909000    │
│   10    │ 3600 │ 3600 │ 3600 │ 3600 │ 5500  │ 19800000  │   23000   │  5500   │ 19800000  │ 82809000  │       │          │ 1676368680000 │ '2023-02-14T09:58:00.000Z' │  0   │ 100  │  0  │    0     │ Infinity │ 1910.7 │ 3653.6 │  0  │ 1.5  │     │ -5500  │ -19800000  │   -3600   │   -12891000   │
│   11    │ 3730 │ 3730 │ 3640 │ 3640 │       │           │   25600   │  2600   │  9554000  │ 92363000  │ 2600  │ 9554000  │ 1676369040000 │ '2023-02-14T10:04:00.000Z' │ 100  │  0   │  0  │ Infinity │    0     │ 1910.7 │ 3653.6 │  0  │      │ 1.4 │  2600  │  9554000   │   -1000   │   -3337000    │
│   12    │ 3730 │ 3730 │ 3730 │ 3730 │ 2400  │  8952000  │   28000   │  2400   │  8952000  │ 101315000 │       │          │ 1676369160000 │ '2023-02-14T10:06:00.000Z' │  0   │ 100  │  0  │    0     │ Infinity │ 1910.7 │ 3653.6 │  0  │ 0.7  │     │ -2400  │  -8952000  │   -3400   │   -12289000   │
│   13    │ 3720 │ 3720 │ 3720 │ 3720 │       │           │   33000   │  5000   │ 18600000  │ 119915000 │ 5000  │ 18600000 │ 1676369400000 │ '2023-02-14T10:10:00.000Z' │ 100  │  0   │  0  │ Infinity │    0     │ 1910.7 │ 3653.6 │  0  │      │ 2.6 │  5000  │  18600000  │   1600    │    6311000    │
│   14    │ 3730 │ 3730 │ 3720 │ 3720 │       │           │   36600   │  3600   │ 13408000  │ 133323000 │ 3600  │ 13408000 │ 1676369640000 │ '2023-02-14T10:14:00.000Z' │ 100  │  0   │  0  │ Infinity │    0     │ 1910.7 │ 3653.6 │  0  │      │ 1.9 │  3600  │  13408000  │   5200    │   19719000    │
│   15    │ 3740 │ 3740 │ 3740 │ 3740 │       │           │   38600   │  2000   │  7480000  │ 140803000 │ 2000  │ 7480000  │ 1676369760000 │ '2023-02-14T10:16:00.000Z' │ 100  │  0   │  0  │ Infinity │    0     │ 1910.7 │ 3653.6 │  0  │      │  1  │  2000  │  7480000   │   7200    │   27199000    │
│   16    │ 3740 │ 3740 │ 3720 │ 3740 │ 9400  │ 35062000  │   58000   │  19400  │ 72270000  │ 213073000 │ 10000 │ 37208000 │ 1676369880000 │ '2023-02-14T10:18:00.000Z' │ 51.5 │ 48.5 │  0  │   1.1    │   0.9    │ 1910.7 │ 3653.6 │  0  │ 2.6  │ 5.2 │  600   │  2146000   │   7800    │   29345000    │
│   17    │ 3750 │ 3750 │ 3730 │ 3730 │       │           │   68200   │  10200  │ 38180000  │ 251253000 │ 10200 │ 38180000 │ 1676370120000 │ '2023-02-14T10:22:00.000Z' │ 100  │  0   │  0  │ Infinity │    0     │ 1910.7 │ 3653.6 │  0  │      │ 5.3 │ 10200  │  38180000  │   18000   │   67525000    │
│   18    │ 3750 │ 3750 │ 3750 │ 3750 │ 2500  │  9375000  │   70700   │  2500   │  9375000  │ 260628000 │       │          │ 1676370240000 │ '2023-02-14T10:24:00.000Z' │  0   │ 100  │  0  │    0     │ Infinity │ 1910.7 │ 3653.6 │  0  │ 0.7  │     │ -2500  │  -9375000  │   15500   │   58150000    │
│   19    │ 3790 │ 3790 │ 3790 │ 3790 │       │           │   70800   │   100   │  379000   │ 261007000 │  100  │  379000  │ 1676370600000 │ '2023-02-14T10:30:00.000Z' │ 100  │  0   │  0  │ Infinity │    0     │ 1910.7 │ 3653.6 │  0  │      │ 0.1 │  100   │   379000   │   15600   │   58529000    │
│   20    │ 3700 │ 3720 │ 3700 │ 3720 │ 21300 │ 79010000  │   92300   │  21500  │ 79750000  │ 340757000 │  200  │  740000  │ 1676371200000 │ '2023-02-14T10:40:00.000Z' │ 0.9  │ 99.1 │  0  │    0     │  106.5   │ 1910.7 │ 3653.6 │  0  │ 5.8  │ 0.1 │ -21100 │ -78270000  │   -5500   │   -19741000   │
├─────────┼──────┼──────┼──────┼──────┼───────┼───────────┼───────────┼─────────┼───────────┼───────────┼───────┼──────────┼───────────────┼────────────────────────────┼──────┼──────┼─────┼──────────┼──────────┼────────┼────────┼─────┼──────┼─────┼────────┼────────────┼───────────┼───────────────┤
│ (index) │  c   │  h   │  l   │  o   │  sd   │  val_sd   │ total_vol │ sum_vol │    val    │ acum_val  │  bu   │  val_bu  │   datetime    │            date            │ pbu  │ psd  │ puk │    bs    │    sb    │  abu   │  asd   │ auk │ rsd  │ rbu │ bu-sd  │ bu-sd_val  │ acum_busd │ acum_busd_val │
├─────────┼──────┼──────┼──────┼──────┼───────┼───────────┼───────────┼─────────┼───────────┼───────────┼───────┼──────────┼───────────────┼────────────────────────────┼──────┼──────┼─────┼──────────┼──────────┼────────┼────────┼─────┼──────┼─────┼────────┼────────────┼───────────┼───────────────┤
│   21    │ 3750 │ 3750 │ 3750 │ 3750 │       │           │   95600   │  3300   │ 12375000  │ 353132000 │ 3300  │ 12375000 │ 1676372280000 │ '2023-02-14T10:58:00.000Z' │ 100  │  0   │  0  │ Infinity │    0     │ 1910.7 │ 3653.6 │  0  │      │ 1.7 │  3300  │  12375000  │   -2200   │   -7366000    │
│   22    │ 3750 │ 3750 │ 3750 │ 3750 │ 2700  │ 10125000  │   99600   │  4000   │ 15000000  │ 368132000 │ 1300  │ 4875000  │ 1676372400000 │ '2023-02-14T11:00:00.000Z' │ 32.5 │ 67.5 │  0  │   0.5    │   2.1    │ 1910.7 │ 3653.6 │  0  │ 0.7  │ 0.7 │ -1400  │  -5250000  │   -3600   │   -12616000   │
│   23    │ 3740 │ 3750 │ 3740 │ 3750 │ 3700  │ 13855000  │  103300   │  3700   │ 13855000  │ 381987000 │       │          │ 1676372520000 │ '2023-02-14T11:02:00.000Z' │  0   │ 100  │  0  │    0     │ Infinity │ 1910.7 │ 3653.6 │  0  │  1   │     │ -3700  │ -13855000  │   -7300   │   -26471000   │
│   24    │ 3730 │ 3730 │ 3730 │ 3730 │ 5000  │ 18650000  │  113300   │  10000  │ 37300000  │ 419287000 │ 5000  │ 18650000 │ 1676372640000 │ '2023-02-14T11:04:00.000Z' │  50  │  50  │  0  │    1     │    1     │ 1910.7 │ 3653.6 │  0  │ 1.4  │ 2.6 │   0    │     0      │   -7300   │   -26471000   │
│   25    │ 3730 │ 3730 │ 3730 │ 3730 │       │           │  113800   │   500   │  1865000  │ 421152000 │  500  │ 1865000  │ 1676372880000 │ '2023-02-14T11:08:00.000Z' │ 100  │  0   │  0  │ Infinity │    0     │ 1910.7 │ 3653.6 │  0  │      │ 0.3 │  500   │  1865000   │   -6800   │   -24606000   │
│   26    │ 3700 │ 3730 │ 3700 │ 3730 │ 40000 │ 148145000 │  153800   │  40000  │ 148145000 │ 569297000 │       │          │ 1676373120000 │ '2023-02-14T11:12:00.000Z' │  0   │ 100  │  0  │    0     │ Infinity │ 1910.7 │ 3653.6 │  0  │ 10.9 │     │ -40000 │ -148145000 │  -46800   │  -172751000   │
│   27    │ 3700 │ 3700 │ 3700 │ 3700 │ 2000  │  7400000  │  155800   │  2000   │  7400000  │ 576697000 │       │          │ 1676373360000 │ '2023-02-14T11:16:00.000Z' │  0   │ 100  │  0  │    0     │ Infinity │ 1910.7 │ 3653.6 │  0  │ 0.5  │     │ -2000  │  -7400000  │  -48800   │  -180151000   │
└─────────┴──────┴──────┴──────┴──────┴───────┴───────────┴───────────┴─────────┴───────────┴───────────┴───────┴──────────┴───────────────┴────────────────────────────┴──────┴──────┴─────┴──────────┴──────────┴────────┴────────┴─────┴──────┴─────┴────────┴────────────┴───────────┴───────────────┘

