┌─────────┬──────┬──────┬──────┬──────┬───────┬──────────┬───────────┬─────────┬──────────┬───────────┬───────┬──────────┬───────────────┬────────────────────────────┬──────┬──────┬─────┬──────────┬──────────┬──────┬──────┬─────┬─────┬─────┬────────┬───────────┬───────────┬───────────────┐
│ (index) │  c   │  h   │  l   │  o   │  sd   │  val_sd  │ total_vol │ sum_vol │   val    │ acum_val  │  bu   │  val_bu  │   datetime    │            date            │ pbu  │ psd  │ puk │    bs    │    sb    │ abu  │ asd  │ auk │ rsd │ rbu │ bu-sd  │ bu-sd_val │ acum_busd │ acum_busd_val │
├─────────┼──────┼──────┼──────┼──────┼───────┼──────────┼───────────┼─────────┼──────────┼───────────┼───────┼──────────┼───────────────┼────────────────────────────┼──────┼──────┼─────┼──────────┼──────────┼──────┼──────┼─────┼─────┼─────┼────────┼───────────┼───────────┼───────────────┤
│    0    │ 3500 │ 3500 │ 3470 │ 3470 │  100  │  347000  │   1900    │  1900   │ 6647000  │  6647000  │ 1800  │ 6300000  │ 1676366040000 │ '2023-02-14T09:14:00.000Z' │ 94.7 │ 5.3  │  0  │    18    │   0.1    │ 2504 │ 6560 │  0  │  0  │ 0.7 │  1700  │  5953000  │   1700    │    5953000    │
│    1    │ 3500 │ 3500 │ 3500 │ 3500 │       │          │   12200   │  10300  │ 36050000 │ 42697000  │ 10300 │ 36050000 │ 1676366160000 │ '2023-02-14T09:16:00.000Z' │ 100  │  0   │  0  │ Infinity │    0     │ 2504 │ 6560 │  0  │     │ 4.1 │ 10300  │ 36050000  │   12000   │   42003000    │
│    2    │ 3500 │ 3500 │ 3470 │ 3490 │ 9600  │ 33322000 │   33400   │  21200  │ 73908000 │ 116605000 │ 11600 │ 40586000 │ 1676366280000 │ '2023-02-14T09:18:00.000Z' │ 54.7 │ 45.3 │  0  │   1.2    │   0.8    │ 2504 │ 6560 │  0  │ 1.5 │ 4.6 │  2000  │  7264000  │   14000   │   49267000    │
│    3    │ 3500 │ 3500 │ 3500 │ 3500 │ 1000  │ 3500000  │   34800   │  1400   │ 4900000  │ 121505000 │  400  │ 1400000  │ 1676366400000 │ '2023-02-14T09:20:00.000Z' │ 28.6 │ 71.4 │  0  │   0.4    │   2.5    │ 2504 │ 6560 │  0  │ 0.2 │ 0.2 │  -600  │ -2100000  │   13400   │   47167000    │
│    4    │ 3510 │ 3520 │ 3510 │ 3520 │ 10100 │ 35501000 │   45600   │  10800  │ 37965000 │ 159470000 │  700  │ 2464000  │ 1676366520000 │ '2023-02-14T09:22:00.000Z' │ 6.5  │ 93.5 │  0  │   0.1    │   14.4   │ 2504 │ 6560 │  0  │ 1.5 │ 0.3 │ -9400  │ -33037000 │   4000    │   14130000    │
│    5    │ 3530 │ 3530 │ 3520 │ 3520 │ 18300 │ 64599000 │   73600   │  28000  │ 98838000 │ 258308000 │ 9700  │ 34239000 │ 1676366640000 │ '2023-02-14T09:24:00.000Z' │ 34.6 │ 65.4 │  0  │   0.5    │   1.9    │ 2504 │ 6560 │  0  │ 2.8 │ 3.9 │ -8600  │ -30360000 │   -4600   │   -16230000   │
│    6    │ 3500 │ 3520 │ 3460 │ 3520 │ 12300 │ 42733000 │   86300   │  12700  │ 44133000 │ 302441000 │  400  │ 1400000  │ 1676366760000 │ '2023-02-14T09:26:00.000Z' │ 3.1  │ 96.9 │  0  │    0     │   30.8   │ 2504 │ 6560 │  0  │ 1.9 │ 0.2 │ -11900 │ -41333000 │  -16500   │   -57563000   │
│    7    │ 3500 │ 3500 │ 3460 │ 3500 │ 10000 │ 34612000 │   97800   │  11500  │ 39862000 │ 342303000 │ 1500  │ 5250000  │ 1676366880000 │ '2023-02-14T09:28:00.000Z' │  13  │  87  │  0  │   0.2    │   6.7    │ 2504 │ 6560 │  0  │ 1.5 │ 0.6 │ -8500  │ -29362000 │  -25000   │   -86925000   │
│    8    │ 3500 │ 3500 │ 3500 │ 3500 │       │          │   98100   │   300   │ 1050000  │ 343353000 │  300  │ 1050000  │ 1676367000000 │ '2023-02-14T09:30:00.000Z' │ 100  │  0   │  0  │ Infinity │    0     │ 2504 │ 6560 │  0  │     │ 0.1 │  300   │  1050000  │  -24700   │   -85875000   │
│    9    │ 3500 │ 3500 │ 3500 │ 3500 │  600  │ 2100000  │  105300   │  7200   │ 25200000 │ 368553000 │ 6600  │ 23100000 │ 1676367120000 │ '2023-02-14T09:32:00.000Z' │ 91.7 │ 8.3  │  0  │    11    │   0.1    │ 2504 │ 6560 │  0  │ 0.1 │ 2.6 │  6000  │ 21000000  │  -18700   │   -64875000   │
│   10    │ 3500 │ 3500 │ 3500 │ 3500 │ 2900  │ 10150000 │  108300   │  3000   │ 10500000 │ 379053000 │  100  │  350000  │ 1676367240000 │ '2023-02-14T09:34:00.000Z' │ 3.3  │ 96.7 │  0  │    0     │    29    │ 2504 │ 6560 │  0  │ 0.4 │  0  │ -2800  │ -9800000  │  -21500   │   -74675000   │
│   11    │ 3500 │ 3500 │ 3500 │ 3500 │       │          │  109300   │  1000   │ 3500000  │ 382553000 │ 1000  │ 3500000  │ 1676367360000 │ '2023-02-14T09:36:00.000Z' │ 100  │  0   │  0  │ Infinity │    0     │ 2504 │ 6560 │  0  │     │ 0.4 │  1000  │  3500000  │  -20500   │   -71175000   │
│   12    │ 3500 │ 3500 │ 3460 │ 3460 │ 4100  │ 14186000 │  113600   │  4300   │ 14886000 │ 397439000 │  200  │  700000  │ 1676367480000 │ '2023-02-14T09:38:00.000Z' │ 4.7  │ 95.3 │  0  │    0     │   20.5   │ 2504 │ 6560 │  0  │ 0.6 │ 0.1 │ -3900  │ -13486000 │  -24400   │   -84661000   │
│   13    │ 3510 │ 3510 │ 3490 │ 3490 │  100  │  350000  │  124700   │  11100  │ 38849000 │ 436288000 │ 11000 │ 38499000 │ 1676367960000 │ '2023-02-14T09:46:00.000Z' │ 99.1 │ 0.9  │  0  │   110    │    0     │ 2504 │ 6560 │  0  │  0  │ 4.4 │ 10900  │ 38149000  │  -13500   │   -46512000   │
│   14    │ 3460 │ 3510 │ 3460 │ 3510 │ 15000 │ 52278000 │  139800   │  15100  │ 52629000 │ 488917000 │  100  │  351000  │ 1676368080000 │ '2023-02-14T09:48:00.000Z' │ 0.7  │ 99.3 │  0  │    0     │   150    │ 2504 │ 6560 │  0  │ 2.3 │  0  │ -14900 │ -51927000 │  -28400   │   -98439000   │
│   15    │ 3470 │ 3470 │ 3460 │ 3470 │ 15100 │ 52262000 │  154900   │  15100  │ 52262000 │ 541179000 │       │          │ 1676368200000 │ '2023-02-14T09:50:00.000Z' │  0   │ 100  │  0  │    0     │ Infinity │ 2504 │ 6560 │  0  │ 2.3 │     │ -15100 │ -52262000 │  -43500   │  -150701000   │
│   16    │ 3480 │ 3480 │ 3460 │ 3460 │ 3100  │ 10726000 │  158200   │  3300   │ 11422000 │ 552601000 │  200  │  696000  │ 1676368320000 │ '2023-02-14T09:52:00.000Z' │ 6.1  │ 93.9 │  0  │   0.1    │   15.5   │ 2504 │ 6560 │  0  │ 0.5 │ 0.1 │ -2900  │ -10030000 │  -46400   │  -160731000   │
│   17    │ 3480 │ 3480 │ 3480 │ 3480 │ 3700  │ 12876000 │  161900   │  3700   │ 12876000 │ 565477000 │       │          │ 1676368560000 │ '2023-02-14T09:56:00.000Z' │  0   │ 100  │  0  │    0     │ Infinity │ 2504 │ 6560 │  0  │ 0.6 │     │ -3700  │ -12876000 │  -50100   │  -173607000   │
│   18    │ 3460 │ 3500 │ 3460 │ 3480 │ 8000  │ 27792000 │  172900   │  11000  │ 38180000 │ 603657000 │ 3000  │ 10388000 │ 1676368800000 │ '2023-02-14T10:00:00.000Z' │ 27.3 │ 72.7 │  0  │   0.4    │   2.7    │ 2504 │ 6560 │  0  │ 1.2 │ 1.2 │ -5000  │ -17404000 │  -55100   │  -191011000   │
│   19    │ 3500 │ 3500 │ 3430 │ 3450 │ 10000 │ 34460000 │  183800   │  10900  │ 37586000 │ 641243000 │  900  │ 3126000  │ 1676368920000 │ '2023-02-14T10:02:00.000Z' │ 8.3  │ 91.7 │  0  │   0.1    │   11.1   │ 2504 │ 6560 │  0  │ 1.5 │ 0.4 │ -9100  │ -31334000 │  -64200   │  -222345000   │
│   20    │ 3400 │ 3440 │ 3400 │ 3440 │ 25000 │ 85285000 │  208800   │  25000  │ 85285000 │ 726528000 │       │          │ 1676369040000 │ '2023-02-14T10:04:00.000Z' │  0   │ 100  │  0  │    0     │ Infinity │ 2504 │ 6560 │  0  │ 3.8 │     │ -25000 │ -85285000 │  -89200   │  -307630000   │
├─────────┼──────┼──────┼──────┼──────┼───────┼──────────┼───────────┼─────────┼──────────┼───────────┼───────┼──────────┼───────────────┼────────────────────────────┼──────┼──────┼─────┼──────────┼──────────┼──────┼──────┼─────┼─────┼─────┼────────┼───────────┼───────────┼───────────────┤
│ (index) │  c   │  h   │  l   │  o   │  sd   │  val_sd  │ total_vol │ sum_vol │   val    │ acum_val  │  bu   │  val_bu  │   datetime    │            date            │ pbu  │ psd  │ puk │    bs    │    sb    │ abu  │ asd  │ auk │ rsd │ rbu │ bu-sd  │ bu-sd_val │ acum_busd │ acum_busd_val │
├─────────┼──────┼──────┼──────┼──────┼───────┼──────────┼───────────┼─────────┼──────────┼───────────┼───────┼──────────┼───────────────┼────────────────────────────┼──────┼──────┼─────┼──────────┼──────────┼──────┼──────┼─────┼─────┼─────┼────────┼───────────┼───────────┼───────────────┤
│   21    │ 3400 │ 3490 │ 3400 │ 3490 │ 15000 │ 51065000 │  223900   │  15100  │ 51414000 │ 777942000 │  100  │  349000  │ 1676369160000 │ '2023-02-14T10:06:00.000Z' │ 0.7  │ 99.3 │  0  │    0     │   150    │ 2504 │ 6560 │  0  │ 2.3 │  0  │ -14900 │ -50716000 │  -104100  │  -358346000   │
│   22    │ 3500 │ 3500 │ 3500 │ 3500 │       │          │  224000   │   100   │  350000  │ 778292000 │  100  │  350000  │ 1676369280000 │ '2023-02-14T10:08:00.000Z' │ 100  │  0   │  0  │ Infinity │    0     │ 2504 │ 6560 │  0  │     │  0  │  100   │  350000   │  -104000  │  -357996000   │
│   23    │ 3460 │ 3460 │ 3460 │ 3460 │       │          │  226500   │  2500   │ 8650000  │ 786942000 │ 2500  │ 8650000  │ 1676369400000 │ '2023-02-14T10:10:00.000Z' │ 100  │  0   │  0  │ Infinity │    0     │ 2504 │ 6560 │  0  │     │  1  │  2500  │  8650000  │  -101500  │  -349346000   │
│   24    │ 3500 │ 3500 │ 3500 │ 3500 │       │          │  226600   │   100   │  350000  │ 787292000 │  100  │  350000  │ 1676369520000 │ '2023-02-14T10:12:00.000Z' │ 100  │  0   │  0  │ Infinity │    0     │ 2504 │ 6560 │  0  │     │  0  │  100   │  350000   │  -101400  │  -348996000   │
└─────────┴──────┴──────┴──────┴──────┴───────┴──────────┴───────────┴─────────┴──────────┴───────────┴───────┴──────────┴───────────────┴────────────────────────────┴──────┴──────┴─────┴──────────┴──────────┴──────┴──────┴─────┴─────┴─────┴────────┴───────────┴───────────┴───────────────┘

