┌─────────┬──────┬──────┬──────┬──────┬───────┬───────────┬───────────┬─────────┬───────────┬───────────┬───────────────┬────────────────────────────┬──────┬──────┬─────┬──────────┬──────────┬────────┬────────┬─────┬──────┬───────┬───────────┬───────────┬───────────────┬──────┬──────────┬─────┐
│ (index) │  c   │  h   │  l   │  o   │  bu   │  val_bu   │ total_vol │ sum_vol │    val    │ acum_val  │   datetime    │            date            │ pbu  │ psd  │ puk │    bs    │    sb    │  abu   │  asd   │ auk │ rbu  │ bu-sd │ bu-sd_val │ acum_busd │ acum_busd_val │  sd  │  val_sd  │ rsd │
├─────────┼──────┼──────┼──────┼──────┼───────┼───────────┼───────────┼─────────┼───────────┼───────────┼───────────────┼────────────────────────────┼──────┼──────┼─────┼──────────┼──────────┼────────┼────────┼─────┼──────┼───────┼───────────┼───────────┼───────────────┼──────┼──────────┼─────┤
│    0    │ 5300 │ 5300 │ 5300 │ 5300 │  100  │  530000   │    100    │   100   │  530000   │  530000   │ 1676366040000 │ '2023-02-14T09:14:00.000Z' │ 100  │  0   │  0  │ Infinity │    0     │ 1382.6 │ 1082.6 │  0  │ 0.1  │  100  │  530000   │    100    │    530000     │      │          │     │
│    1    │ 5400 │ 5400 │ 5300 │ 5300 │  900  │  4780000  │   1000    │   900   │  4780000  │  5310000  │ 1676366160000 │ '2023-02-14T09:16:00.000Z' │ 100  │  0   │  0  │ Infinity │    0     │ 1382.6 │ 1082.6 │  0  │ 0.7  │  900  │  4780000  │   1000    │    5310000    │      │          │     │
│    2    │ 5400 │ 5400 │ 5400 │ 5400 │  200  │  1080000  │   1200    │   200   │  1080000  │  6390000  │ 1676366400000 │ '2023-02-14T09:20:00.000Z' │ 100  │  0   │  0  │ Infinity │    0     │ 1382.6 │ 1082.6 │  0  │ 0.1  │  200  │  1080000  │   1200    │    6390000    │      │          │     │
│    3    │ 5300 │ 5300 │ 5300 │ 5300 │       │           │   2000    │   800   │  4240000  │ 10630000  │ 1676366520000 │ '2023-02-14T09:22:00.000Z' │  0   │ 100  │  0  │    0     │ Infinity │ 1382.6 │ 1082.6 │  0  │      │ -800  │ -4240000  │    400    │    2150000    │ 800  │ 4240000  │ 0.7 │
│    4    │ 5300 │ 5300 │ 5300 │ 5300 │       │           │   2200    │   200   │  1060000  │ 11690000  │ 1676367480000 │ '2023-02-14T09:38:00.000Z' │  0   │ 100  │  0  │    0     │ Infinity │ 1382.6 │ 1082.6 │  0  │      │ -200  │ -1060000  │    200    │    1090000    │ 200  │ 1060000  │ 0.2 │
│    5    │ 5300 │ 5300 │ 5300 │ 5300 │       │           │   11200   │  9000   │ 47700000  │ 59390000  │ 1676368200000 │ '2023-02-14T09:50:00.000Z' │  0   │ 100  │  0  │    0     │ Infinity │ 1382.6 │ 1082.6 │  0  │      │ -9000 │ -47700000 │   -8800   │   -46610000   │ 9000 │ 47700000 │ 8.3 │
│    6    │ 5300 │ 5300 │ 5300 │ 5300 │ 5900  │ 31270000  │   17100   │  5900   │ 31270000  │ 90660000  │ 1676368920000 │ '2023-02-14T10:02:00.000Z' │ 100  │  0   │  0  │ Infinity │    0     │ 1382.6 │ 1082.6 │  0  │ 4.3  │ 5900  │ 31270000  │   -2900   │   -15340000   │      │          │     │
│    7    │ 5200 │ 5200 │ 5200 │ 5200 │       │           │   19200   │  2100   │ 10920000  │ 101580000 │ 1676369040000 │ '2023-02-14T10:04:00.000Z' │  0   │ 100  │  0  │    0     │ Infinity │ 1382.6 │ 1082.6 │  0  │      │ -2100 │ -10920000 │   -5000   │   -26260000   │ 2100 │ 10920000 │ 1.9 │
│    8    │ 5200 │ 5200 │ 5200 │ 5200 │       │           │   19500   │   300   │  1560000  │ 103140000 │ 1676369160000 │ '2023-02-14T10:06:00.000Z' │  0   │ 100  │  0  │    0     │ Infinity │ 1382.6 │ 1082.6 │  0  │      │ -300  │ -1560000  │   -5300   │   -27820000   │ 300  │ 1560000  │ 0.3 │
│    9    │ 5400 │ 5400 │ 5400 │ 5400 │  100  │  540000   │   19600   │   100   │  540000   │ 103680000 │ 1676369520000 │ '2023-02-14T10:12:00.000Z' │ 100  │  0   │  0  │ Infinity │    0     │ 1382.6 │ 1082.6 │  0  │ 0.1  │  100  │  540000   │   -5200   │   -27280000   │      │          │     │
│   10    │ 5300 │ 5300 │ 5300 │ 5300 │       │           │   19700   │   100   │  530000   │ 104210000 │ 1676369880000 │ '2023-02-14T10:18:00.000Z' │  0   │ 100  │  0  │    0     │ Infinity │ 1382.6 │ 1082.6 │  0  │      │ -100  │  -530000  │   -5300   │   -27810000   │ 100  │  530000  │ 0.1 │
│   11    │ 5300 │ 5300 │ 5300 │ 5300 │       │           │   22800   │  3100   │ 16430000  │ 120640000 │ 1676370600000 │ '2023-02-14T10:30:00.000Z' │  0   │ 100  │  0  │    0     │ Infinity │ 1382.6 │ 1082.6 │  0  │      │ -3100 │ -16430000 │   -8400   │   -44240000   │ 3100 │ 16430000 │ 2.9 │
│   12    │ 5400 │ 5400 │ 5300 │ 5300 │ 3000  │ 16200000  │   25900   │  3100   │ 16730000  │ 137370000 │ 1676370840000 │ '2023-02-14T10:34:00.000Z' │ 96.8 │ 3.2  │  0  │    30    │    0     │ 1382.6 │ 1082.6 │  0  │ 2.2  │ 2900  │ 15670000  │   -5500   │   -28570000   │ 100  │  530000  │ 0.1 │
│   13    │ 5400 │ 5400 │ 5300 │ 5300 │ 20100 │ 108540000 │   46100   │  20200  │ 109070000 │ 246440000 │ 1676371320000 │ '2023-02-14T10:42:00.000Z' │ 99.5 │ 0.5  │  0  │   201    │    0     │ 1382.6 │ 1082.6 │  0  │ 14.5 │ 20000 │ 108010000 │   14500   │   79440000    │ 100  │  530000  │ 0.1 │
│   14    │ 5300 │ 5400 │ 5300 │ 5300 │ 1000  │  5400000  │   47300   │  1200   │  6460000  │ 252900000 │ 1676371440000 │ '2023-02-14T10:44:00.000Z' │ 83.3 │ 16.7 │  0  │    5     │   0.2    │ 1382.6 │ 1082.6 │  0  │ 0.7  │  800  │  4340000  │   15300   │   83780000    │ 200  │ 1060000  │ 0.2 │
│   15    │ 5300 │ 5400 │ 5300 │ 5400 │  500  │  2700000  │   47900   │   600   │  3230000  │ 256130000 │ 1676371680000 │ '2023-02-14T10:48:00.000Z' │ 83.3 │ 16.7 │  0  │    5     │   0.2    │ 1382.6 │ 1082.6 │  0  │ 0.4  │  400  │  2170000  │   15700   │   85950000    │ 100  │  530000  │ 0.1 │
│   16    │ 5400 │ 5400 │ 5400 │ 5400 │       │           │   48100   │   200   │  1080000  │ 257210000 │ 1676371800000 │ '2023-02-14T10:50:00.000Z' │  0   │ 100  │  0  │    0     │ Infinity │ 1382.6 │ 1082.6 │  0  │      │ -200  │ -1080000  │   15500   │   84870000    │ 200  │ 1080000  │ 0.2 │
│   17    │ 5400 │ 5400 │ 5400 │ 5400 │       │           │   48300   │   200   │  1080000  │ 258290000 │ 1676371920000 │ '2023-02-14T10:52:00.000Z' │  0   │ 100  │  0  │    0     │ Infinity │ 1382.6 │ 1082.6 │  0  │      │ -200  │ -1080000  │   15300   │   83790000    │ 200  │ 1080000  │ 0.2 │
│   18    │ 5400 │ 5400 │ 5400 │ 5400 │       │           │   49500   │  1200   │  6480000  │ 264770000 │ 1676372040000 │ '2023-02-14T10:54:00.000Z' │  0   │ 100  │  0  │    0     │ Infinity │ 1382.6 │ 1082.6 │  0  │      │ -1200 │ -6480000  │   14100   │   77310000    │ 1200 │ 6480000  │ 1.1 │
│   19    │ 5400 │ 5400 │ 5400 │ 5400 │       │           │   52500   │  3000   │ 16200000  │ 280970000 │ 1676372280000 │ '2023-02-14T10:58:00.000Z' │  0   │ 100  │  0  │    0     │ Infinity │ 1382.6 │ 1082.6 │  0  │      │ -3000 │ -16200000 │   11100   │   61110000    │ 3000 │ 16200000 │ 2.8 │
│   20    │ 5400 │ 5400 │ 5400 │ 5400 │       │           │   55900   │  3400   │ 18360000  │ 299330000 │ 1676372520000 │ '2023-02-14T11:02:00.000Z' │  0   │ 100  │  0  │    0     │ Infinity │ 1382.6 │ 1082.6 │  0  │      │ -3400 │ -18360000 │   7700    │   42750000    │ 3400 │ 18360000 │ 3.1 │
├─────────┼──────┼──────┼──────┼──────┼───────┼───────────┼───────────┼─────────┼───────────┼───────────┼───────────────┼────────────────────────────┼──────┼──────┼─────┼──────────┼──────────┼────────┼────────┼─────┼──────┼───────┼───────────┼───────────┼───────────────┼──────┼──────────┼─────┤
│ (index) │  c   │  h   │  l   │  o   │  bu   │  val_bu   │ total_vol │ sum_vol │    val    │ acum_val  │   datetime    │            date            │ pbu  │ psd  │ puk │    bs    │    sb    │  abu   │  asd   │ auk │ rbu  │ bu-sd │ bu-sd_val │ acum_busd │ acum_busd_val │  sd  │  val_sd  │ rsd │
├─────────┼──────┼──────┼──────┼──────┼───────┼───────────┼───────────┼─────────┼───────────┼───────────┼───────────────┼────────────────────────────┼──────┼──────┼─────┼──────────┼──────────┼────────┼────────┼─────┼──────┼───────┼───────────┼───────────┼───────────────┼──────┼──────────┼─────┤
│   21    │ 5400 │ 5400 │ 5400 │ 5400 │       │           │   56200   │   300   │  1620000  │ 300950000 │ 1676373720000 │ '2023-02-14T11:22:00.000Z' │  0   │ 100  │  0  │    0     │ Infinity │ 1382.6 │ 1082.6 │  0  │      │ -300  │ -1620000  │   7400    │   41130000    │ 300  │ 1620000  │ 0.3 │
│   22    │ 5400 │ 5400 │ 5400 │ 5400 │       │           │   56700   │   500   │  2700000  │ 303650000 │ 1676373960000 │ '2023-02-14T11:26:00.000Z' │  0   │ 100  │  0  │    0     │ Infinity │ 1382.6 │ 1082.6 │  0  │      │ -500  │ -2700000  │   6900    │   38430000    │ 500  │ 2700000  │ 0.5 │
└─────────┴──────┴──────┴──────┴──────┴───────┴───────────┴───────────┴─────────┴───────────┴───────────┴───────────────┴────────────────────────────┴──────┴──────┴─────┴──────────┴──────────┴────────┴────────┴─────┴──────┴───────┴───────────┴───────────┴───────────────┴──────┴──────────┴─────┘

