┌─────────┬──────┬──────┬──────┬──────┬───────┬───────────┬───────────┬─────────┬───────────┬───────────┬───────────────┬────────────────────────────┬──────┬─────┬─────┬──────────┬────┬────────┬─────┬─────┬─────┬───────┬───────────┬───────────┬───────────────┬─────┬────────┬──────┐
│ (index) │  c   │  h   │  l   │  o   │  bu   │  val_bu   │ total_vol │ sum_vol │    val    │ acum_val  │   datetime    │            date            │ pbu  │ psd │ puk │    bs    │ sb │  abu   │ asd │ auk │ rbu │ bu-sd │ bu-sd_val │ acum_busd │ acum_busd_val │ uk  │ val_uk │ ruk  │
├─────────┼──────┼──────┼──────┼──────┼───────┼───────────┼───────────┼─────────┼───────────┼───────────┼───────────────┼────────────────────────────┼──────┼─────┼─────┼──────────┼────┼────────┼─────┼─────┼─────┼───────┼───────────┼───────────┼───────────────┼─────┼────────┼──────┤
│    0    │ 1400 │ 1400 │ 1400 │ 1400 │  500  │  700000   │    700    │   500   │  700000   │  700000   │ 1676340000000 │ '2023-02-14T02:00:00.000Z' │ 100  │  0  │  0  │ Infinity │ 0  │ 9008.7 │  0  │ 4.3 │ 0.1 │  500  │  700000   │    500    │    700000     │     │        │      │
│    1    │ 1400 │ 1400 │ 1400 │ 1400 │ 9100  │ 12740000  │   9700    │  9200   │ 12880000  │ 13580000  │ 1676365200000 │ '2023-02-14T09:00:00.000Z' │ 98.9 │  0  │ 1.1 │ Infinity │ 0  │ 9008.7 │  0  │ 4.3 │  1  │ 9100  │ 12740000  │   9600    │   13440000    │ 100 │ 140000 │ 23.3 │
│    2    │ 1400 │ 1400 │ 1400 │ 1400 │ 9100  │ 12740000  │   18800   │  9100   │ 12740000  │ 26320000  │ 1676365320000 │ '2023-02-14T09:02:00.000Z' │ 100  │  0  │  0  │ Infinity │ 0  │ 9008.7 │  0  │ 4.3 │  1  │ 9100  │ 12740000  │   18700   │   26180000    │     │        │      │
│    3    │ 1400 │ 1400 │ 1400 │ 1400 │  600  │  840000   │   19400   │   600   │  840000   │ 27160000  │ 1676365440000 │ '2023-02-14T09:04:00.000Z' │ 100  │  0  │  0  │ Infinity │ 0  │ 9008.7 │  0  │ 4.3 │ 0.1 │  600  │  840000   │   19300   │   27020000    │     │        │      │
│    4    │ 1400 │ 1400 │ 1400 │ 1400 │  800  │  1120000  │   20200   │   800   │  1120000  │ 28280000  │ 1676365560000 │ '2023-02-14T09:06:00.000Z' │ 100  │  0  │  0  │ Infinity │ 0  │ 9008.7 │  0  │ 4.3 │ 0.1 │  800  │  1120000  │   20100   │   28140000    │     │        │      │
│    5    │ 1400 │ 1400 │ 1400 │ 1400 │ 1000  │  1400000  │   21200   │  1000   │  1400000  │ 29680000  │ 1676366040000 │ '2023-02-14T09:14:00.000Z' │ 100  │  0  │  0  │ Infinity │ 0  │ 9008.7 │  0  │ 4.3 │ 0.1 │ 1000  │  1400000  │   21100   │   29540000    │     │        │      │
│    6    │ 1400 │ 1400 │ 1400 │ 1400 │ 2100  │  2940000  │   23300   │  2100   │  2940000  │ 32620000  │ 1676366160000 │ '2023-02-14T09:16:00.000Z' │ 100  │  0  │  0  │ Infinity │ 0  │ 9008.7 │  0  │ 4.3 │ 0.2 │ 2100  │  2940000  │   23200   │   32480000    │     │        │      │
│    7    │ 1400 │ 1400 │ 1400 │ 1400 │ 74300 │ 104020000 │   97600   │  74300  │ 104020000 │ 136640000 │ 1676366520000 │ '2023-02-14T09:22:00.000Z' │ 100  │  0  │  0  │ Infinity │ 0  │ 9008.7 │  0  │ 4.3 │ 8.2 │ 74300 │ 104020000 │   97500   │   136500000   │     │        │      │
│    8    │ 1400 │ 1400 │ 1400 │ 1400 │  500  │  700000   │   98100   │   500   │  700000   │ 137340000 │ 1676366640000 │ '2023-02-14T09:24:00.000Z' │ 100  │  0  │  0  │ Infinity │ 0  │ 9008.7 │  0  │ 4.3 │ 0.1 │  500  │  700000   │   98000   │   137200000   │     │        │      │
│    9    │ 1400 │ 1400 │ 1400 │ 1400 │ 4500  │  6300000  │  102600   │  4500   │  6300000  │ 143640000 │ 1676366760000 │ '2023-02-14T09:26:00.000Z' │ 100  │  0  │  0  │ Infinity │ 0  │ 9008.7 │  0  │ 4.3 │ 0.5 │ 4500  │  6300000  │  102500   │   143500000   │     │        │      │
│   10    │ 1400 │ 1400 │ 1400 │ 1400 │ 2900  │  4060000  │  105500   │  2900   │  4060000  │ 147700000 │ 1676366880000 │ '2023-02-14T09:28:00.000Z' │ 100  │  0  │  0  │ Infinity │ 0  │ 9008.7 │  0  │ 4.3 │ 0.3 │ 2900  │  4060000  │  105400   │   147560000   │     │        │      │
│   11    │ 1400 │ 1400 │ 1400 │ 1400 │  200  │  280000   │  105700   │   200   │  280000   │ 147980000 │ 1676367120000 │ '2023-02-14T09:32:00.000Z' │ 100  │  0  │  0  │ Infinity │ 0  │ 9008.7 │  0  │ 4.3 │  0  │  200  │  280000   │  105600   │   147840000   │     │        │      │
│   12    │ 1400 │ 1400 │ 1400 │ 1400 │ 16000 │ 22400000  │  121700   │  16000  │ 22400000  │ 170380000 │ 1676367360000 │ '2023-02-14T09:36:00.000Z' │ 100  │  0  │  0  │ Infinity │ 0  │ 9008.7 │  0  │ 4.3 │ 1.8 │ 16000 │ 22400000  │  121600   │   170240000   │     │        │      │
│   13    │ 1400 │ 1400 │ 1400 │ 1400 │ 48300 │ 67620000  │  170000   │  48300  │ 67620000  │ 238000000 │ 1676367480000 │ '2023-02-14T09:38:00.000Z' │ 100  │  0  │  0  │ Infinity │ 0  │ 9008.7 │  0  │ 4.3 │ 5.4 │ 48300 │ 67620000  │  169900   │   237860000   │     │        │      │
│   14    │ 1400 │ 1400 │ 1400 │ 1400 │ 10000 │ 14000000  │  180000   │  10000  │ 14000000  │ 252000000 │ 1676367600000 │ '2023-02-14T09:40:00.000Z' │ 100  │  0  │  0  │ Infinity │ 0  │ 9008.7 │  0  │ 4.3 │ 1.1 │ 10000 │ 14000000  │  179900   │   251860000   │     │        │      │
│   15    │ 1400 │ 1400 │ 1400 │ 1400 │ 10400 │ 14560000  │  190400   │  10400  │ 14560000  │ 266560000 │ 1676367720000 │ '2023-02-14T09:42:00.000Z' │ 100  │  0  │  0  │ Infinity │ 0  │ 9008.7 │  0  │ 4.3 │ 1.2 │ 10400 │ 14560000  │  190300   │   266420000   │     │        │      │
│   16    │ 1400 │ 1400 │ 1400 │ 1400 │ 2900  │  4060000  │  193300   │  2900   │  4060000  │ 270620000 │ 1676367840000 │ '2023-02-14T09:44:00.000Z' │ 100  │  0  │  0  │ Infinity │ 0  │ 9008.7 │  0  │ 4.3 │ 0.3 │ 2900  │  4060000  │  193200   │   270480000   │     │        │      │
│   17    │ 1400 │ 1400 │ 1400 │ 1400 │ 1000  │  1400000  │  194300   │  1000   │  1400000  │ 272020000 │ 1676368200000 │ '2023-02-14T09:50:00.000Z' │ 100  │  0  │  0  │ Infinity │ 0  │ 9008.7 │  0  │ 4.3 │ 0.1 │ 1000  │  1400000  │  194200   │   271880000   │     │        │      │
│   18    │ 1400 │ 1400 │ 1400 │ 1400 │  600  │  840000   │  194900   │   600   │  840000   │ 272860000 │ 1676368320000 │ '2023-02-14T09:52:00.000Z' │ 100  │  0  │  0  │ Infinity │ 0  │ 9008.7 │  0  │ 4.3 │ 0.1 │  600  │  840000   │  194800   │   272720000   │     │        │      │
│   19    │ 1400 │ 1400 │ 1400 │ 1400 │  100  │  140000   │  195000   │   100   │  140000   │ 273000000 │ 1676368440000 │ '2023-02-14T09:54:00.000Z' │ 100  │  0  │  0  │ Infinity │ 0  │ 9008.7 │  0  │ 4.3 │  0  │  100  │  140000   │  194900   │   272860000   │     │        │      │
│   20    │ 1400 │ 1400 │ 1400 │ 1400 │ 1100  │  1540000  │  196100   │  1100   │  1540000  │ 274540000 │ 1676368560000 │ '2023-02-14T09:56:00.000Z' │ 100  │  0  │  0  │ Infinity │ 0  │ 9008.7 │  0  │ 4.3 │ 0.1 │ 1100  │  1540000  │  196000   │   274400000   │     │        │      │
├─────────┼──────┼──────┼──────┼──────┼───────┼───────────┼───────────┼─────────┼───────────┼───────────┼───────────────┼────────────────────────────┼──────┼─────┼─────┼──────────┼────┼────────┼─────┼─────┼─────┼───────┼───────────┼───────────┼───────────────┼─────┼────────┼──────┤
│ (index) │  c   │  h   │  l   │  o   │  bu   │  val_bu   │ total_vol │ sum_vol │    val    │ acum_val  │   datetime    │            date            │ pbu  │ psd │ puk │    bs    │ sb │  abu   │ asd │ auk │ rbu │ bu-sd │ bu-sd_val │ acum_busd │ acum_busd_val │ uk  │ val_uk │ ruk  │
├─────────┼──────┼──────┼──────┼──────┼───────┼───────────┼───────────┼─────────┼───────────┼───────────┼───────────────┼────────────────────────────┼──────┼─────┼─────┼──────────┼────┼────────┼─────┼─────┼─────┼───────┼───────────┼───────────┼───────────────┼─────┼────────┼──────┤
│   21    │ 1400 │ 1400 │ 1400 │ 1400 │ 10100 │ 14140000  │  206200   │  10100  │ 14140000  │ 288680000 │ 1676368920000 │ '2023-02-14T10:02:00.000Z' │ 100  │  0  │  0  │ Infinity │ 0  │ 9008.7 │  0  │ 4.3 │ 1.1 │ 10100 │ 14140000  │  206100   │   288540000   │     │        │      │
│   22    │ 1400 │ 1400 │ 1400 │ 1400 │ 1100  │  1540000  │  207300   │  1100   │  1540000  │ 290220000 │ 1676369040000 │ '2023-02-14T10:04:00.000Z' │ 100  │  0  │  0  │ Infinity │ 0  │ 9008.7 │  0  │ 4.3 │ 0.1 │ 1100  │  1540000  │  207200   │   290080000   │     │        │      │
└─────────┴──────┴──────┴──────┴──────┴───────┴───────────┴───────────┴─────────┴───────────┴───────────┴───────────────┴────────────────────────────┴──────┴─────┴─────┴──────────┴────┴────────┴─────┴─────┴─────┴───────┴───────────┴───────────┴───────────────┴─────┴────────┴──────┘

