┌─────────┬─────┬─────┬─────┬─────┬──────┬──────────┬───────────┬─────────┬──────────┬───────────┬───────────────┬────────────────────────────┬──────┬─────┬─────┬──────────┬──────────┬───────┬────────┬─────┬─────┬───────┬───────────┬───────────┬───────────────┬──────┬──────────┬─────┐
│ (index) │  c  │  h  │  l  │  o  │  sd  │  val_sd  │ total_vol │ sum_vol │   val    │ acum_val  │   datetime    │            date            │ pbu  │ psd │ puk │    bs    │    sb    │  abu  │  asd   │ auk │ rsd │ bu-sd │ bu-sd_val │ acum_busd │ acum_busd_val │  bu  │  val_bu  │ rbu │
├─────────┼─────┼─────┼─────┼─────┼──────┼──────────┼───────────┼─────────┼──────────┼───────────┼───────────────┼────────────────────────────┼──────┼─────┼─────┼──────────┼──────────┼───────┼────────┼─────┼─────┼───────┼───────────┼───────────┼───────────────┼──────┼──────────┼─────┤
│    0    │  7  │  7  │  7  │  7  │ 1000 │   7000   │   1000    │  1000   │   7000   │   7000    │ 1675848000000 │ '2023-02-08T09:20:00.000Z' │  0   │ 100 │  0  │    0     │ Infinity │ 911.1 │ 1227.8 │  0  │ 0.8 │ -1000 │   -7000   │   -1000   │     -7000     │      │          │     │
│    1    │ 7.1 │ 7.1 │ 7.1 │ 7.1 │      │          │   3300    │  2300   │ 16330000 │ 16337000  │ 1675850400000 │ '2023-02-08T10:00:00.000Z' │ 100  │  0  │  0  │ Infinity │    0     │ 911.1 │ 1227.8 │  0  │     │ 2300  │ 16330000  │   1300    │   16323000    │ 2300 │ 16330000 │ 2.5 │
│    2    │ 7.2 │ 7.2 │ 7.2 │ 7.2 │      │          │   4300    │  1000   │ 7200000  │ 23537000  │ 1675850880000 │ '2023-02-08T10:08:00.000Z' │ 100  │  0  │  0  │ Infinity │    0     │ 911.1 │ 1227.8 │  0  │     │ 1000  │  7200000  │   2300    │   23523000    │ 1000 │ 7200000  │ 1.1 │
│    3    │ 7.2 │ 7.2 │ 7.2 │ 7.2 │      │          │   5700    │  1400   │ 10080000 │ 33617000  │ 1675851720000 │ '2023-02-08T10:22:00.000Z' │ 100  │  0  │  0  │ Infinity │    0     │ 911.1 │ 1227.8 │  0  │     │ 1400  │ 10080000  │   3700    │   33603000    │ 1400 │ 10080000 │ 1.5 │
│    4    │ 7.3 │ 7.3 │ 7.3 │ 7.3 │      │          │   8300    │  2600   │ 18980000 │ 52597000  │ 1675851840000 │ '2023-02-08T10:24:00.000Z' │ 100  │  0  │  0  │ Infinity │    0     │ 911.1 │ 1227.8 │  0  │     │ 2600  │ 18980000  │   6300    │   52583000    │ 2600 │ 18980000 │ 2.9 │
│    5    │ 7.2 │ 7.2 │ 7.2 │ 7.2 │ 700  │ 5040000  │   9000    │   700   │ 5040000  │ 57637000  │ 1675853160000 │ '2023-02-08T10:46:00.000Z' │  0   │ 100 │  0  │    0     │ Infinity │ 911.1 │ 1227.8 │  0  │ 0.6 │ -700  │ -5040000  │   5600    │   47543000    │      │          │     │
│    6    │ 7.2 │ 7.2 │ 7.2 │ 7.2 │      │          │   9400    │   400   │ 2880000  │ 60517000  │ 1675853880000 │ '2023-02-08T10:58:00.000Z' │ 100  │  0  │  0  │ Infinity │    0     │ 911.1 │ 1227.8 │  0  │     │  400  │  2880000  │   6000    │   50423000    │ 400  │ 2880000  │ 0.4 │
│    7    │ 7.1 │ 7.1 │ 7.1 │ 7.1 │ 100  │  710000  │   9500    │   100   │  710000  │ 61227000  │ 1675855200000 │ '2023-02-08T11:20:00.000Z' │  0   │ 100 │  0  │    0     │ Infinity │ 911.1 │ 1227.8 │  0  │ 0.1 │ -100  │  -710000  │   5900    │   49713000    │      │          │     │
│    8    │ 7.1 │ 7.1 │ 7.1 │ 7.1 │ 500  │ 3550000  │   10000   │   500   │ 3550000  │ 64777000  │ 1675855320000 │ '2023-02-08T11:22:00.000Z' │  0   │ 100 │  0  │    0     │ Infinity │ 911.1 │ 1227.8 │  0  │ 0.4 │ -500  │ -3550000  │   5400    │   46163000    │      │          │     │
│    9    │ 7.1 │ 7.1 │ 7.1 │ 7.1 │ 5000 │ 35500000 │   15000   │  5000   │ 35500000 │ 100277000 │ 1675855560000 │ '2023-02-08T11:26:00.000Z' │  0   │ 100 │  0  │    0     │ Infinity │ 911.1 │ 1227.8 │  0  │ 4.1 │ -5000 │ -35500000 │    400    │   10663000    │      │          │     │
│   10    │ 7.1 │ 7.1 │ 7.1 │ 7.1 │ 1000 │ 7100000  │   16000   │  1000   │ 7100000  │ 107377000 │ 1675861440000 │ '2023-02-08T13:04:00.000Z' │  0   │ 100 │  0  │    0     │ Infinity │ 911.1 │ 1227.8 │  0  │ 0.8 │ -1000 │ -7100000  │   -600    │    3563000    │      │          │     │
│   11    │ 7.1 │ 7.1 │ 7.1 │ 7.1 │ 2200 │ 15620000 │   18200   │  2200   │ 15620000 │ 122997000 │ 1675862160000 │ '2023-02-08T13:16:00.000Z' │  0   │ 100 │  0  │    0     │ Infinity │ 911.1 │ 1227.8 │  0  │ 1.8 │ -2200 │ -15620000 │   -2800   │   -12057000   │      │          │     │
│   12    │ 7.1 │ 7.1 │ 7.1 │ 7.1 │ 1000 │ 7100000  │   19200   │  1000   │ 7100000  │ 130097000 │ 1675862280000 │ '2023-02-08T13:18:00.000Z' │  0   │ 100 │  0  │    0     │ Infinity │ 911.1 │ 1227.8 │  0  │ 0.8 │ -1000 │ -7100000  │   -3800   │   -19157000   │      │          │     │
│   13    │ 7.2 │ 7.2 │ 7.1 │ 7.1 │ 3300 │ 23740000 │   22500   │  3300   │ 23740000 │ 153837000 │ 1675863360000 │ '2023-02-08T13:36:00.000Z' │  0   │ 100 │  0  │    0     │ Infinity │ 911.1 │ 1227.8 │  0  │ 2.7 │ -3300 │ -23740000 │   -7100   │   -42897000   │      │          │     │
│   14    │ 7.2 │ 7.2 │ 7.2 │ 7.2 │ 6900 │ 49680000 │   29400   │  6900   │ 49680000 │ 203517000 │ 1675863480000 │ '2023-02-08T13:38:00.000Z' │  0   │ 100 │  0  │    0     │ Infinity │ 911.1 │ 1227.8 │  0  │ 5.6 │ -6900 │ -49680000 │  -14000   │   -92577000   │      │          │     │
│   15    │ 7.2 │ 7.2 │ 7.2 │ 7.2 │      │          │   31400   │  2000   │ 14400000 │ 217917000 │ 1675863960000 │ '2023-02-08T13:46:00.000Z' │ 100  │  0  │  0  │ Infinity │    0     │ 911.1 │ 1227.8 │  0  │     │ 2000  │ 14400000  │  -12000   │   -78177000   │ 2000 │ 14400000 │ 2.2 │
│   16    │ 7.2 │ 7.3 │ 7.2 │ 7.2 │ 400  │ 2880000  │   38000   │  6600   │ 47570000 │ 265487000 │ 1675867800000 │ '2023-02-08T14:50:00.000Z' │ 93.9 │ 6.1 │  0  │   15.5   │   0.1    │ 911.1 │ 1227.8 │  0  │ 0.3 │ 5800  │ 41810000  │   -6200   │   -36367000   │ 6200 │ 44690000 │ 6.8 │
│   17    │ 7.3 │ 7.3 │ 7.3 │ 7.3 │      │          │   38500   │   500   │ 3650000  │ 269137000 │ 1675867920000 │ '2023-02-08T14:52:00.000Z' │ 100  │  0  │  0  │ Infinity │    0     │ 911.1 │ 1227.8 │  0  │     │  500  │  3650000  │   -5700   │   -32717000   │ 500  │ 3650000  │ 0.5 │
└─────────┴─────┴─────┴─────┴─────┴──────┴──────────┴───────────┴─────────┴──────────┴───────────┴───────────────┴────────────────────────────┴──────┴─────┴─────┴──────────┴──────────┴───────┴────────┴─────┴─────┴───────┴───────────┴───────────┴───────────────┴──────┴──────────┴─────┘

