┌─────────┬──────┬──────┬──────┬──────┬──────┬──────────┬───────────┬─────────┬──────────┬───────────┬───────────────┬────────────────────────────┬─────┬─────┬─────┬──────────┬─────┬───────┬─────┬───────┬──────┬───────┬───────────┬───────────┬───────────────┬──────┬──────────┬─────┐
│ (index) │  c   │  h   │  l   │  o   │  uk  │  val_uk  │ total_vol │ sum_vol │   val    │ acum_val  │   datetime    │            date            │ pbu │ psd │ puk │    bs    │ sb  │  abu  │ asd │  auk  │ ruk  │ bu-sd │ bu-sd_val │ acum_busd │ acum_busd_val │  bu  │  val_bu  │ rbu │
├─────────┼──────┼──────┼──────┼──────┼──────┼──────────┼───────────┼─────────┼──────────┼───────────┼───────────────┼────────────────────────────┼─────┼─────┼─────┼──────────┼─────┼───────┼─────┼───────┼──────┼───────┼───────────┼───────────┼───────────────┼──────┼──────────┼─────┤
│    0    │ 17.6 │ 17.6 │ 17.6 │ 17.6 │ 1000 │ 17600000 │   1000    │  1000   │ 17600000 │ 17600000  │ 1675854600000 │ '2023-02-08T11:10:00.000Z' │  0  │  0  │ 100 │   NaN    │ NaN │ 937.5 │  0  │ 187.5 │ 5.3  │   0   │     0     │     0     │       0       │      │          │     │
│    1    │ 17.5 │ 17.5 │ 17.5 │ 17.5 │      │          │   1100    │   100   │ 1750000  │ 19350000  │ 1675854840000 │ '2023-02-08T11:14:00.000Z' │ 100 │  0  │  0  │ Infinity │  0  │ 937.5 │  0  │ 187.5 │      │  100  │  1750000  │    100    │    1750000    │ 100  │ 1750000  │ 0.1 │
│    2    │ 17.5 │ 17.5 │ 17.5 │ 17.5 │      │          │   1300    │   200   │ 3500000  │ 22850000  │ 1675855320000 │ '2023-02-08T11:22:00.000Z' │ 100 │  0  │  0  │ Infinity │  0  │ 937.5 │  0  │ 187.5 │      │  200  │  3500000  │    300    │    5250000    │ 200  │ 3500000  │ 0.2 │
│    3    │ 17.5 │ 17.5 │ 17.5 │ 17.5 │      │          │   3000    │  1700   │ 29750000 │ 52600000  │ 1675855680000 │ '2023-02-08T11:28:00.000Z' │ 100 │  0  │  0  │ Infinity │  0  │ 937.5 │  0  │ 187.5 │      │ 1700  │ 29750000  │   2000    │   35000000    │ 1700 │ 29750000 │ 1.8 │
│    4    │ 17.5 │ 17.5 │ 17.5 │ 17.5 │      │          │   3200    │   200   │ 3500000  │ 56100000  │ 1675861200000 │ '2023-02-08T13:00:00.000Z' │ 100 │  0  │  0  │ Infinity │  0  │ 937.5 │  0  │ 187.5 │      │  200  │  3500000  │   2200    │   38500000    │ 200  │ 3500000  │ 0.2 │
│    5    │ 17.5 │ 17.5 │ 17.5 │ 17.5 │      │          │   3300    │   100   │ 1750000  │ 57850000  │ 1675864920000 │ '2023-02-08T14:02:00.000Z' │ 100 │  0  │  0  │ Infinity │  0  │ 937.5 │  0  │ 187.5 │      │  100  │  1750000  │   2300    │   40250000    │ 100  │ 1750000  │ 0.1 │
│    6    │ 17.5 │ 17.5 │ 17.5 │ 17.5 │      │          │   5300    │  2000   │ 35000000 │ 92850000  │ 1675865400000 │ '2023-02-08T14:10:00.000Z' │ 100 │  0  │  0  │ Infinity │  0  │ 937.5 │  0  │ 187.5 │      │ 2000  │ 35000000  │   4300    │   75250000    │ 2000 │ 35000000 │ 2.1 │
│    7    │ 17.5 │ 17.5 │ 17.5 │ 17.5 │      │          │   6000    │   700   │ 12250000 │ 105100000 │ 1675866120000 │ '2023-02-08T14:22:00.000Z' │ 100 │  0  │  0  │ Infinity │  0  │ 937.5 │  0  │ 187.5 │      │  700  │ 12250000  │   5000    │   87500000    │ 700  │ 12250000 │ 0.7 │
│    8    │ 17.5 │ 17.5 │ 17.5 │ 17.5 │      │          │   6100    │   100   │ 1750000  │ 106850000 │ 1675866720000 │ '2023-02-08T14:32:00.000Z' │ 100 │  0  │  0  │ Infinity │  0  │ 937.5 │  0  │ 187.5 │      │  100  │  1750000  │   5100    │   89250000    │ 100  │ 1750000  │ 0.1 │
│    9    │ 17.5 │ 17.5 │ 17.5 │ 17.5 │      │          │   8000    │  1900   │ 33250000 │ 140100000 │ 1675867080000 │ '2023-02-08T14:38:00.000Z' │ 100 │  0  │  0  │ Infinity │  0  │ 937.5 │  0  │ 187.5 │      │ 1900  │ 33250000  │   7000    │   122500000   │ 1900 │ 33250000 │  2  │
│   10    │ 17.5 │ 17.5 │ 17.5 │ 17.5 │      │          │   10000   │  2000   │ 35000000 │ 175100000 │ 1675867440000 │ '2023-02-08T14:44:00.000Z' │ 100 │  0  │  0  │ Infinity │  0  │ 937.5 │  0  │ 187.5 │      │ 2000  │ 35000000  │   9000    │   157500000   │ 2000 │ 35000000 │ 2.1 │
│   11    │ 17.5 │ 17.5 │ 17.5 │ 17.5 │      │          │   10100   │   100   │ 1750000  │ 176850000 │ 1675867560000 │ '2023-02-08T14:46:00.000Z' │ 100 │  0  │  0  │ Infinity │  0  │ 937.5 │  0  │ 187.5 │      │  100  │  1750000  │   9100    │   159250000   │ 100  │ 1750000  │ 0.1 │
│   12    │ 17.5 │ 17.5 │ 17.5 │ 17.5 │      │          │   12000   │  1900   │ 33250000 │ 210100000 │ 1675867680000 │ '2023-02-08T14:48:00.000Z' │ 100 │  0  │  0  │ Infinity │  0  │ 937.5 │  0  │ 187.5 │      │ 1900  │ 33250000  │   11000   │   192500000   │ 1900 │ 33250000 │  2  │
│   13    │ 17.5 │ 17.5 │ 17.5 │ 17.5 │      │          │   14000   │  2000   │ 35000000 │ 245100000 │ 1675867800000 │ '2023-02-08T14:50:00.000Z' │ 100 │  0  │  0  │ Infinity │  0  │ 937.5 │  0  │ 187.5 │      │ 2000  │ 35000000  │   13000   │   227500000   │ 2000 │ 35000000 │ 2.1 │
│   14    │ 17.5 │ 17.5 │ 17.5 │ 17.5 │      │          │   16000   │  2000   │ 35000000 │ 280100000 │ 1675868160000 │ '2023-02-08T14:56:00.000Z' │ 100 │  0  │  0  │ Infinity │  0  │ 937.5 │  0  │ 187.5 │      │ 2000  │ 35000000  │   15000   │   262500000   │ 2000 │ 35000000 │ 2.1 │
│   15    │ 17.5 │ 17.5 │ 17.5 │ 17.5 │ 2000 │ 35000000 │   18000   │  2000   │ 35000000 │ 315100000 │ 1675868280000 │ '2023-02-08T14:58:00.000Z' │  0  │  0  │ 100 │   NaN    │ NaN │ 937.5 │  0  │ 187.5 │ 10.7 │   0   │     0     │   15000   │   262500000   │      │          │     │
└─────────┴──────┴──────┴──────┴──────┴──────┴──────────┴───────────┴─────────┴──────────┴───────────┴───────────────┴────────────────────────────┴─────┴─────┴─────┴──────────┴─────┴───────┴─────┴───────┴──────┴───────┴───────────┴───────────┴───────────────┴──────┴──────────┴─────┘

