┌─────────┬───────┬───────┬───────┬───────┬──────┬──────────┬───────────┬─────────┬──────────┬───────────┬───────────────┬────────────────────────────┬─────┬─────┬─────┬──────────┬──────────┬───────┬───────┬─────┬─────┬───────┬───────────┬───────────┬───────────────┬──────┬──────────┬─────┐
│ (index) │   c   │   h   │   l   │   o   │  sd  │  val_sd  │ total_vol │ sum_vol │   val    │ acum_val  │   datetime    │            date            │ pbu │ psd │ puk │    bs    │    sb    │  abu  │  asd  │ auk │ rsd │ bu-sd │ bu-sd_val │ acum_busd │ acum_busd_val │  bu  │  val_bu  │ rbu │
├─────────┼───────┼───────┼───────┼───────┼──────┼──────────┼───────────┼─────────┼──────────┼───────────┼───────────────┼────────────────────────────┼─────┼─────┼─────┼──────────┼──────────┼───────┼───────┼─────┼─────┼───────┼───────────┼───────────┼───────────────┼──────┼──────────┼─────┤
│    0    │  15   │  15   │  15   │  15   │ 400  │   6000   │    400    │   400   │   6000   │   6000    │ 1675848360000 │ '2023-02-08T09:26:00.000Z' │  0  │ 100 │  0  │    0     │ Infinity │ 760.9 │ 295.7 │  0  │ 1.4 │ -400  │   -6000   │   -400    │     -6000     │      │          │     │
│    1    │  15   │  15   │  15   │  15   │ 1600 │  24000   │   2000    │  1600   │  24000   │   30000   │ 1675848480000 │ '2023-02-08T09:28:00.000Z' │  0  │ 100 │  0  │    0     │ Infinity │ 760.9 │ 295.7 │  0  │ 5.4 │ -1600 │  -24000   │   -2000   │    -30000     │      │          │     │
│    2    │ 15.15 │ 15.15 │ 15.15 │ 15.15 │      │          │   2200    │   200   │ 3030000  │  3060000  │ 1675850640000 │ '2023-02-08T10:04:00.000Z' │ 100 │  0  │  0  │ Infinity │    0     │ 760.9 │ 295.7 │  0  │     │  200  │  3030000  │   -1800   │    3000000    │ 200  │ 3030000  │ 0.3 │
│    3    │  15   │  15   │  15   │  15   │ 500  │   7500   │   2700    │   500   │   7500   │  3067500  │ 1675851840000 │ '2023-02-08T10:24:00.000Z' │  0  │ 100 │  0  │    0     │ Infinity │ 760.9 │ 295.7 │  0  │ 1.7 │ -500  │   -7500   │   -2300   │    2992500    │      │          │     │
│    4    │  15   │  15   │  15   │  15   │      │          │   2800    │   100   │   1500   │  3069000  │ 1675852080000 │ '2023-02-08T10:28:00.000Z' │ 100 │  0  │  0  │ Infinity │    0     │ 760.9 │ 295.7 │  0  │     │  100  │   1500    │   -2200   │    2994000    │ 100  │   1500   │ 0.1 │
│    5    │  15   │  15   │  15   │  15   │      │          │   3300    │   500   │   7500   │  3076500  │ 1675852200000 │ '2023-02-08T10:30:00.000Z' │ 100 │  0  │  0  │ Infinity │    0     │ 760.9 │ 295.7 │  0  │     │  500  │   7500    │   -1700   │    3001500    │ 500  │   7500   │ 0.7 │
│    6    │  15   │  15   │  15   │  15   │      │          │   6300    │  3000   │  45000   │  3121500  │ 1675852800000 │ '2023-02-08T10:40:00.000Z' │ 100 │  0  │  0  │ Infinity │    0     │ 760.9 │ 295.7 │  0  │     │ 3000  │   45000   │   1300    │    3046500    │ 3000 │  45000   │ 3.9 │
│    7    │  15   │  15   │  15   │  15   │      │          │   7300    │  1000   │  15000   │  3136500  │ 1675852920000 │ '2023-02-08T10:42:00.000Z' │ 100 │  0  │  0  │ Infinity │    0     │ 760.9 │ 295.7 │  0  │     │ 1000  │   15000   │   2300    │    3061500    │ 1000 │  15000   │ 1.3 │
│    8    │  15   │  15   │  15   │  15   │      │          │   7900    │   600   │   9000   │  3145500  │ 1675853040000 │ '2023-02-08T10:44:00.000Z' │ 100 │  0  │  0  │ Infinity │    0     │ 760.9 │ 295.7 │  0  │     │  600  │   9000    │   2900    │    3070500    │ 600  │   9000   │ 0.8 │
│    9    │  15   │  15   │  15   │  15   │      │          │   8200    │   300   │   4500   │  3150000  │ 1675853160000 │ '2023-02-08T10:46:00.000Z' │ 100 │  0  │  0  │ Infinity │    0     │ 760.9 │ 295.7 │  0  │     │  300  │   4500    │   3200    │    3075000    │ 300  │   4500   │ 0.4 │
│   10    │ 14.95 │ 14.95 │ 14.95 │ 14.95 │      │          │   8700    │   500   │ 7475000  │ 10625000  │ 1675861440000 │ '2023-02-08T13:04:00.000Z' │ 100 │  0  │  0  │ Infinity │    0     │ 760.9 │ 295.7 │  0  │     │  500  │  7475000  │   3700    │   10550000    │ 500  │ 7475000  │ 0.7 │
│   11    │ 14.95 │ 14.95 │ 14.95 │ 14.95 │      │          │   9000    │   300   │ 4485000  │ 15110000  │ 1675861560000 │ '2023-02-08T13:06:00.000Z' │ 100 │  0  │  0  │ Infinity │    0     │ 760.9 │ 295.7 │  0  │     │  300  │  4485000  │   4000    │   15035000    │ 300  │ 4485000  │ 0.4 │
│   12    │ 14.75 │ 14.75 │ 14.75 │ 14.75 │ 500  │ 7375000  │   9500    │   500   │ 7375000  │ 22485000  │ 1675861800000 │ '2023-02-08T13:10:00.000Z' │  0  │ 100 │  0  │    0     │ Infinity │ 760.9 │ 295.7 │  0  │ 1.7 │ -500  │ -7375000  │   3500    │    7660000    │      │          │     │
│   13    │ 14.75 │ 14.75 │ 14.75 │ 14.75 │      │          │   12000   │  2500   │ 36875000 │ 59360000  │ 1675861920000 │ '2023-02-08T13:12:00.000Z' │ 100 │  0  │  0  │ Infinity │    0     │ 760.9 │ 295.7 │  0  │     │ 2500  │ 36875000  │   6000    │   44535000    │ 2500 │ 36875000 │ 3.3 │
│   14    │ 14.95 │ 14.95 │ 14.95 │ 14.95 │      │          │   12200   │   200   │ 2990000  │ 62350000  │ 1675863360000 │ '2023-02-08T13:36:00.000Z' │ 100 │  0  │  0  │ Infinity │    0     │ 760.9 │ 295.7 │  0  │     │  200  │  2990000  │   6200    │   47525000    │ 200  │ 2990000  │ 0.3 │
│   15    │ 14.95 │ 14.95 │ 14.95 │ 14.95 │      │          │   12400   │   200   │ 2990000  │ 65340000  │ 1675863840000 │ '2023-02-08T13:44:00.000Z' │ 100 │  0  │  0  │ Infinity │    0     │ 760.9 │ 295.7 │  0  │     │  200  │  2990000  │   6400    │   50515000    │ 200  │ 2990000  │ 0.3 │
│   16    │ 14.95 │ 14.95 │ 14.95 │ 14.95 │ 1800 │ 26910000 │   14400   │  2000   │ 29900000 │ 95240000  │ 1675863960000 │ '2023-02-08T13:46:00.000Z' │ 10  │ 90  │  0  │   0.1    │    9     │ 760.9 │ 295.7 │  0  │ 6.1 │ -1600 │ -23920000 │   4800    │   26595000    │ 200  │ 2990000  │ 0.3 │
│   17    │ 14.95 │ 14.95 │ 14.95 │ 14.95 │ 1000 │ 14950000 │   15400   │  1000   │ 14950000 │ 110190000 │ 1675864080000 │ '2023-02-08T13:48:00.000Z' │  0  │ 100 │  0  │    0     │ Infinity │ 760.9 │ 295.7 │  0  │ 3.4 │ -1000 │ -14950000 │   3800    │   11645000    │      │          │     │
│   18    │ 14.95 │ 14.95 │ 14.95 │ 14.95 │      │          │   16600   │  1200   │ 17940000 │ 128130000 │ 1675864440000 │ '2023-02-08T13:54:00.000Z' │ 100 │  0  │  0  │ Infinity │    0     │ 760.9 │ 295.7 │  0  │     │ 1200  │ 17940000  │   5000    │   29585000    │ 1200 │ 17940000 │ 1.6 │
│   19    │  15   │  15   │  15   │  15   │      │          │   18200   │  1600   │  24000   │ 128154000 │ 1675865040000 │ '2023-02-08T14:04:00.000Z' │ 100 │  0  │  0  │ Infinity │    0     │ 760.9 │ 295.7 │  0  │     │ 1600  │   24000   │   6600    │   29609000    │ 1600 │  24000   │ 2.1 │
│   20    │  15   │  15   │  15   │  15   │      │          │   18700   │   500   │   7500   │ 128161500 │ 1675865520000 │ '2023-02-08T14:12:00.000Z' │ 100 │  0  │  0  │ Infinity │    0     │ 760.9 │ 295.7 │  0  │     │  500  │   7500    │   7100    │   29616500    │ 500  │   7500   │ 0.7 │
├─────────┼───────┼───────┼───────┼───────┼──────┼──────────┼───────────┼─────────┼──────────┼───────────┼───────────────┼────────────────────────────┼─────┼─────┼─────┼──────────┼──────────┼───────┼───────┼─────┼─────┼───────┼───────────┼───────────┼───────────────┼──────┼──────────┼─────┤
│ (index) │   c   │   h   │   l   │   o   │  sd  │  val_sd  │ total_vol │ sum_vol │   val    │ acum_val  │   datetime    │            date            │ pbu │ psd │ puk │    bs    │    sb    │  abu  │  asd  │ auk │ rsd │ bu-sd │ bu-sd_val │ acum_busd │ acum_busd_val │  bu  │  val_bu  │ rbu │
├─────────┼───────┼───────┼───────┼───────┼──────┼──────────┼───────────┼─────────┼──────────┼───────────┼───────────────┼────────────────────────────┼─────┼─────┼─────┼──────────┼──────────┼───────┼───────┼─────┼─────┼───────┼───────────┼───────────┼───────────────┼──────┼──────────┼─────┤
│   21    │ 14.95 │ 14.95 │ 14.95 │ 14.95 │ 1000 │ 14950000 │   19700   │  1000   │ 14950000 │ 143111500 │ 1675865880000 │ '2023-02-08T14:18:00.000Z' │  0  │ 100 │  0  │    0     │ Infinity │ 760.9 │ 295.7 │  0  │ 3.4 │ -1000 │ -14950000 │   6100    │   14666500    │      │          │     │
│   22    │ 15.1  │ 15.1  │ 15.1  │ 15.1  │      │          │   24300   │  4600   │ 69460000 │ 212571500 │ 1675867440000 │ '2023-02-08T14:44:00.000Z' │ 100 │  0  │  0  │ Infinity │    0     │ 760.9 │ 295.7 │  0  │     │ 4600  │ 69460000  │   10700   │   84126500    │ 4600 │ 69460000 │  6  │
└─────────┴───────┴───────┴───────┴───────┴──────┴──────────┴───────────┴─────────┴──────────┴───────────┴───────────────┴────────────────────────────┴─────┴─────┴─────┴──────────┴──────────┴───────┴───────┴─────┴─────┴───────┴───────────┴───────────┴───────────────┴──────┴──────────┴─────┘

