┌─────────┬─────┬─────┬─────┬─────┬───────┬──────────┬───────────┬─────────┬──────────┬───────────┬───────────────┬────────────────────────────┬──────┬──────┬─────┬──────────┬──────────┬──────┬────────┬─────┬──────┬────────┬───────────┬───────────┬───────────────┬───────┬──────────┬─────┐
│ (index) │  c  │  h  │  l  │  o  │  bu   │  val_bu  │ total_vol │ sum_vol │   val    │ acum_val  │   datetime    │            date            │ pbu  │ psd  │ puk │    bs    │    sb    │ abu  │  asd   │ auk │ rbu  │ bu-sd  │ bu-sd_val │ acum_busd │ acum_busd_val │  sd   │  val_sd  │ rsd │
├─────────┼─────┼─────┼─────┼─────┼───────┼──────────┼───────────┼─────────┼──────────┼───────────┼───────────────┼────────────────────────────┼──────┼──────┼─────┼──────────┼──────────┼──────┼────────┼─────┼──────┼────────┼───────────┼───────────┼───────────────┼───────┼──────────┼─────┤
│    0    │ 2.5 │ 2.5 │ 2.5 │ 2.5 │ 2000  │ 5000000  │   2000    │  2000   │ 5000000  │  5000000  │ 1675846920000 │ '2023-02-08T09:02:00.000Z' │ 100  │  0   │  0  │ Infinity │    0     │ 1250 │ 3510.5 │  0  │ 1.6  │  2000  │  5000000  │   2000    │    5000000    │       │          │     │
│    1    │ 2.5 │ 2.5 │ 2.5 │ 2.5 │       │          │   2500    │   500   │ 1250000  │  6250000  │ 1675847400000 │ '2023-02-08T09:10:00.000Z' │  0   │ 100  │  0  │    0     │ Infinity │ 1250 │ 3510.5 │  0  │      │  -500  │ -1250000  │   1500    │    3750000    │  500  │ 1250000  │ 0.1 │
│    2    │ 2.5 │ 2.5 │ 2.5 │ 2.5 │       │          │   2700    │   200   │  500000  │  6750000  │ 1675847760000 │ '2023-02-08T09:16:00.000Z' │  0   │ 100  │  0  │    0     │ Infinity │ 1250 │ 3510.5 │  0  │      │  -200  │  -500000  │   1300    │    3250000    │  200  │  500000  │ 0.1 │
│    3    │ 2.5 │ 2.5 │ 2.5 │ 2.5 │       │          │   4100    │  1400   │ 3500000  │ 10250000  │ 1675848120000 │ '2023-02-08T09:22:00.000Z' │  0   │ 100  │  0  │    0     │ Infinity │ 1250 │ 3510.5 │  0  │      │ -1400  │ -3500000  │   -100    │    -250000    │ 1400  │ 3500000  │ 0.4 │
│    4    │ 2.5 │ 2.5 │ 2.5 │ 2.5 │       │          │   14100   │  10000  │ 25000000 │ 35250000  │ 1675848360000 │ '2023-02-08T09:26:00.000Z' │  0   │ 100  │  0  │    0     │ Infinity │ 1250 │ 3510.5 │  0  │      │ -10000 │ -25000000 │  -10100   │   -25250000   │ 10000 │ 25000000 │ 2.8 │
│    5    │ 2.5 │ 2.5 │ 2.5 │ 2.5 │ 2400  │ 6000000  │   16500   │  2400   │ 6000000  │ 41250000  │ 1675848480000 │ '2023-02-08T09:28:00.000Z' │ 100  │  0   │  0  │ Infinity │    0     │ 1250 │ 3510.5 │  0  │ 1.9  │  2400  │  6000000  │   -7700   │   -19250000   │       │          │     │
│    6    │ 2.5 │ 2.5 │ 2.5 │ 2.5 │  100  │  250000  │   16600   │   100   │  250000  │ 41500000  │ 1675849080000 │ '2023-02-08T09:38:00.000Z' │ 100  │  0   │  0  │ Infinity │    0     │ 1250 │ 3510.5 │  0  │ 0.1  │  100   │  250000   │   -7600   │   -19000000   │       │          │     │
│    7    │ 2.5 │ 2.5 │ 2.5 │ 2.5 │  200  │  500000  │   16800   │   200   │  500000  │ 42000000  │ 1675849440000 │ '2023-02-08T09:44:00.000Z' │ 100  │  0   │  0  │ Infinity │    0     │ 1250 │ 3510.5 │  0  │ 0.2  │  200   │  500000   │   -7400   │   -18500000   │       │          │     │
│    8    │ 2.5 │ 2.5 │ 2.5 │ 2.5 │  100  │  250000  │   16900   │   100   │  250000  │ 42250000  │ 1675849560000 │ '2023-02-08T09:46:00.000Z' │ 100  │  0   │  0  │ Infinity │    0     │ 1250 │ 3510.5 │  0  │ 0.1  │  100   │  250000   │   -7300   │   -18250000   │       │          │     │
│    9    │ 2.5 │ 2.5 │ 2.5 │ 2.5 │  100  │  250000  │   17000   │   100   │  250000  │ 42500000  │ 1675849800000 │ '2023-02-08T09:50:00.000Z' │ 100  │  0   │  0  │ Infinity │    0     │ 1250 │ 3510.5 │  0  │ 0.1  │  100   │  250000   │   -7200   │   -18000000   │       │          │     │
│   10    │ 2.5 │ 2.5 │ 2.5 │ 2.5 │  100  │  250000  │   17100   │   100   │  250000  │ 42750000  │ 1675849920000 │ '2023-02-08T09:52:00.000Z' │ 100  │  0   │  0  │ Infinity │    0     │ 1250 │ 3510.5 │  0  │ 0.1  │  100   │  250000   │   -7100   │   -17750000   │       │          │     │
│   11    │ 2.5 │ 2.5 │ 2.5 │ 2.5 │       │          │   18900   │  1800   │ 4500000  │ 47250000  │ 1675850040000 │ '2023-02-08T09:54:00.000Z' │  0   │ 100  │  0  │    0     │ Infinity │ 1250 │ 3510.5 │  0  │      │ -1800  │ -4500000  │   -8900   │   -22250000   │ 1800  │ 4500000  │ 0.5 │
│   12    │ 2.5 │ 2.5 │ 2.5 │ 2.5 │       │          │   26100   │  7200   │ 18000000 │ 65250000  │ 1675850280000 │ '2023-02-08T09:58:00.000Z' │  0   │ 100  │  0  │    0     │ Infinity │ 1250 │ 3510.5 │  0  │      │ -7200  │ -18000000 │  -16100   │   -40250000   │ 7200  │ 18000000 │ 2.1 │
│   13    │ 2.5 │ 2.5 │ 2.5 │ 2.5 │       │          │   26600   │   500   │ 1250000  │ 66500000  │ 1675851120000 │ '2023-02-08T10:12:00.000Z' │  0   │ 100  │  0  │    0     │ Infinity │ 1250 │ 3510.5 │  0  │      │  -500  │ -1250000  │  -16600   │   -41500000   │  500  │ 1250000  │ 0.1 │
│   14    │ 2.5 │ 2.5 │ 2.5 │ 2.5 │ 7900  │ 19750000 │   34500   │  7900   │ 19750000 │ 86250000  │ 1675851240000 │ '2023-02-08T10:14:00.000Z' │ 100  │  0   │  0  │ Infinity │    0     │ 1250 │ 3510.5 │  0  │ 6.3  │  7900  │ 19750000  │   -8700   │   -21750000   │       │          │     │
│   15    │ 2.5 │ 2.5 │ 2.5 │ 2.5 │  500  │ 1250000  │   35000   │   500   │ 1250000  │ 87500000  │ 1675851840000 │ '2023-02-08T10:24:00.000Z' │ 100  │  0   │  0  │ Infinity │    0     │ 1250 │ 3510.5 │  0  │ 0.4  │  500   │  1250000  │   -8200   │   -20500000   │       │          │     │
│   16    │ 2.5 │ 2.5 │ 2.5 │ 2.5 │ 2500  │ 6250000  │   37500   │  2500   │ 6250000  │ 93750000  │ 1675852440000 │ '2023-02-08T10:34:00.000Z' │ 100  │  0   │  0  │ Infinity │    0     │ 1250 │ 3510.5 │  0  │  2   │  2500  │  6250000  │   -5700   │   -14250000   │       │          │     │
│   17    │ 2.4 │ 2.4 │ 2.4 │ 2.4 │       │          │   38500   │  1000   │ 2400000  │ 96150000  │ 1675852920000 │ '2023-02-08T10:42:00.000Z' │  0   │ 100  │  0  │    0     │ Infinity │ 1250 │ 3510.5 │  0  │      │ -1000  │ -2400000  │   -6700   │   -16650000   │ 1000  │ 2400000  │ 0.3 │
│   18    │ 2.5 │ 2.5 │ 2.5 │ 2.5 │  300  │  750000  │   38800   │   300   │  750000  │ 96900000  │ 1675853520000 │ '2023-02-08T10:52:00.000Z' │ 100  │  0   │  0  │ Infinity │    0     │ 1250 │ 3510.5 │  0  │ 0.2  │  300   │  750000   │   -6400   │   -15900000   │       │          │     │
│   19    │ 2.4 │ 2.4 │ 2.4 │ 2.4 │       │          │   45600   │  6800   │ 16320000 │ 113220000 │ 1675854960000 │ '2023-02-08T11:16:00.000Z' │  0   │ 100  │  0  │    0     │ Infinity │ 1250 │ 3510.5 │  0  │      │ -6800  │ -16320000 │  -13200   │   -32220000   │ 6800  │ 16320000 │ 1.9 │
│   20    │ 2.4 │ 2.4 │ 2.4 │ 2.4 │       │          │   62100   │  16500  │ 39600000 │ 152820000 │ 1675855320000 │ '2023-02-08T11:22:00.000Z' │  0   │ 100  │  0  │    0     │ Infinity │ 1250 │ 3510.5 │  0  │      │ -16500 │ -39600000 │  -29700   │   -71820000   │ 16500 │ 39600000 │ 4.7 │
├─────────┼─────┼─────┼─────┼─────┼───────┼──────────┼───────────┼─────────┼──────────┼───────────┼───────────────┼────────────────────────────┼──────┼──────┼─────┼──────────┼──────────┼──────┼────────┼─────┼──────┼────────┼───────────┼───────────┼───────────────┼───────┼──────────┼─────┤
│ (index) │  c  │  h  │  l  │  o  │  bu   │  val_bu  │ total_vol │ sum_vol │   val    │ acum_val  │   datetime    │            date            │ pbu  │ psd  │ puk │    bs    │    sb    │ abu  │  asd   │ auk │ rbu  │ bu-sd  │ bu-sd_val │ acum_busd │ acum_busd_val │  sd   │  val_sd  │ rsd │
├─────────┼─────┼─────┼─────┼─────┼───────┼──────────┼───────────┼─────────┼──────────┼───────────┼───────────────┼────────────────────────────┼──────┼──────┼─────┼──────────┼──────────┼──────┼────────┼─────┼──────┼────────┼───────────┼───────────┼───────────────┼───────┼──────────┼─────┤
│   21    │ 2.4 │ 2.4 │ 2.4 │ 2.4 │       │          │   68300   │  6200   │ 14880000 │ 167700000 │ 1675855440000 │ '2023-02-08T11:24:00.000Z' │  0   │ 100  │  0  │    0     │ Infinity │ 1250 │ 3510.5 │  0  │      │ -6200  │ -14880000 │  -35900   │   -86700000   │ 6200  │ 14880000 │ 1.8 │
│   22    │ 2.4 │ 2.4 │ 2.4 │ 2.4 │       │          │   83300   │  15000  │ 36000000 │ 203700000 │ 1675855560000 │ '2023-02-08T11:26:00.000Z' │  0   │ 100  │  0  │    0     │ Infinity │ 1250 │ 3510.5 │  0  │      │ -15000 │ -36000000 │  -50900   │  -122700000   │ 15000 │ 36000000 │ 4.3 │
│   23    │ 2.4 │ 2.4 │ 2.4 │ 2.4 │       │          │   84500   │  1200   │ 2880000  │ 206580000 │ 1675861320000 │ '2023-02-08T13:02:00.000Z' │  0   │ 100  │  0  │    0     │ Infinity │ 1250 │ 3510.5 │  0  │      │ -1200  │ -2880000  │  -52100   │  -125580000   │ 1200  │ 2880000  │ 0.3 │
│   24    │ 2.4 │ 2.4 │ 2.4 │ 2.4 │       │          │   85000   │   500   │ 1200000  │ 207780000 │ 1675861560000 │ '2023-02-08T13:06:00.000Z' │  0   │ 100  │  0  │    0     │ Infinity │ 1250 │ 3510.5 │  0  │      │  -500  │ -1200000  │  -52600   │  -126780000   │  500  │ 1200000  │ 0.1 │
│   25    │ 2.4 │ 2.4 │ 2.4 │ 2.4 │       │          │  100000   │  15000  │ 36000000 │ 243780000 │ 1675861800000 │ '2023-02-08T13:10:00.000Z' │  0   │ 100  │  0  │    0     │ Infinity │ 1250 │ 3510.5 │  0  │      │ -15000 │ -36000000 │  -67600   │  -162780000   │ 15000 │ 36000000 │ 4.3 │
│   26    │ 2.4 │ 2.4 │ 2.4 │ 2.4 │       │          │  129900   │  29900  │ 71760000 │ 315540000 │ 1675862160000 │ '2023-02-08T13:16:00.000Z' │  0   │ 100  │  0  │    0     │ Infinity │ 1250 │ 3510.5 │  0  │      │ -29900 │ -71760000 │  -97500   │  -234540000   │ 29900 │ 71760000 │ 8.5 │
│   27    │ 2.4 │ 2.4 │ 2.4 │ 2.4 │       │          │  142700   │  12800  │ 30720000 │ 346260000 │ 1675862280000 │ '2023-02-08T13:18:00.000Z' │  0   │ 100  │  0  │    0     │ Infinity │ 1250 │ 3510.5 │  0  │      │ -12800 │ -30720000 │  -110300  │  -265260000   │ 12800 │ 30720000 │ 3.6 │
│   28    │ 2.4 │ 2.4 │ 2.4 │ 2.4 │ 16900 │ 40560000 │  165500   │  22800  │ 54720000 │ 400980000 │ 1675862520000 │ '2023-02-08T13:22:00.000Z' │ 74.1 │ 25.9 │  0  │   2.9    │   0.3    │ 1250 │ 3510.5 │  0  │ 13.5 │ 11000  │ 26400000  │  -99300   │  -238860000   │ 5900  │ 14160000 │ 1.7 │
│   29    │ 2.5 │ 2.5 │ 2.5 │ 2.5 │  100  │  250000  │  165600   │   100   │  250000  │ 401230000 │ 1675862640000 │ '2023-02-08T13:24:00.000Z' │ 100  │  0   │  0  │ Infinity │    0     │ 1250 │ 3510.5 │  0  │ 0.1  │  100   │  250000   │  -99200   │  -238610000   │       │          │     │
│   30    │ 2.5 │ 2.5 │ 2.5 │ 2.5 │  100  │  250000  │  165700   │   100   │  250000  │ 401480000 │ 1675862880000 │ '2023-02-08T13:28:00.000Z' │ 100  │  0   │  0  │ Infinity │    0     │ 1250 │ 3510.5 │  0  │ 0.1  │  100   │  250000   │  -99100   │  -238360000   │       │          │     │
│   31    │ 2.5 │ 2.5 │ 2.5 │ 2.5 │ 10000 │ 25000000 │  175700   │  10000  │ 25000000 │ 426480000 │ 1675863720000 │ '2023-02-08T13:42:00.000Z' │ 100  │  0   │  0  │ Infinity │    0     │ 1250 │ 3510.5 │  0  │  8   │ 10000  │ 25000000  │  -89100   │  -213360000   │       │          │     │
│   32    │ 2.5 │ 2.5 │ 2.5 │ 2.5 │  800  │ 2000000  │  176500   │   800   │ 2000000  │ 428480000 │ 1675865040000 │ '2023-02-08T14:04:00.000Z' │ 100  │  0   │  0  │ Infinity │    0     │ 1250 │ 3510.5 │  0  │ 0.6  │  800   │  2000000  │  -88300   │  -211360000   │       │          │     │
│   33    │ 2.5 │ 2.5 │ 2.5 │ 2.5 │ 1200  │ 3000000  │  177700   │  1200   │ 3000000  │ 431480000 │ 1675865160000 │ '2023-02-08T14:06:00.000Z' │ 100  │  0   │  0  │ Infinity │    0     │ 1250 │ 3510.5 │  0  │  1   │  1200  │  3000000  │  -87100   │  -208360000   │       │          │     │
│   34    │ 2.5 │ 2.5 │ 2.5 │ 2.5 │ 1100  │ 2750000  │  178800   │  1100   │ 2750000  │ 434230000 │ 1675865400000 │ '2023-02-08T14:10:00.000Z' │ 100  │  0   │  0  │ Infinity │    0     │ 1250 │ 3510.5 │  0  │ 0.9  │  1100  │  2750000  │  -86000   │  -205610000   │       │          │     │
│   35    │ 2.4 │ 2.4 │ 2.4 │ 2.4 │       │          │  179800   │  1000   │ 2400000  │ 436630000 │ 1675866240000 │ '2023-02-08T14:24:00.000Z' │  0   │ 100  │  0  │    0     │ Infinity │ 1250 │ 3510.5 │  0  │      │ -1000  │ -2400000  │  -87000   │  -208010000   │ 1000  │ 2400000  │ 0.3 │
│   36    │ 2.5 │ 2.5 │ 2.5 │ 2.5 │  100  │  250000  │  179900   │   100   │  250000  │ 436880000 │ 1675866840000 │ '2023-02-08T14:34:00.000Z' │ 100  │  0   │  0  │ Infinity │    0     │ 1250 │ 3510.5 │  0  │ 0.1  │  100   │  250000   │  -86900   │  -207760000   │       │          │     │
│   37    │ 2.5 │ 2.5 │ 2.5 │ 2.5 │ 1000  │ 2500000  │  180900   │  1000   │ 2500000  │ 439380000 │ 1675868280000 │ '2023-02-08T14:58:00.000Z' │ 100  │  0   │  0  │ Infinity │    0     │ 1250 │ 3510.5 │  0  │ 0.8  │  1000  │  2500000  │  -85900   │  -205260000   │       │          │     │
└─────────┴─────┴─────┴─────┴─────┴───────┴──────────┴───────────┴─────────┴──────────┴───────────┴───────────────┴────────────────────────────┴──────┴──────┴─────┴──────────┴──────────┴──────┴────────┴─────┴──────┴────────┴───────────┴───────────┴───────────────┴───────┴──────────┴─────┘

