┌─────────┬─────┬─────┬─────┬─────┬──────┬──────────┬───────────┬─────────┬──────────┬───────────┬───────────────┬────────────────────────────┬──────┬──────┬─────┬──────────┬──────────┬───────┬────────┬─────┬─────┬────────┬───────────┬───────────┬───────────────┬───────┬──────────┬─────┐
│ (index) │  c  │  h  │  l  │  o  │  bu  │  val_bu  │ total_vol │ sum_vol │   val    │ acum_val  │   datetime    │            date            │ pbu  │ psd  │ puk │    bs    │    sb    │  abu  │  asd   │ auk │ rbu │ bu-sd  │ bu-sd_val │ acum_busd │ acum_busd_val │  sd   │  val_sd  │ rsd │
├─────────┼─────┼─────┼─────┼─────┼──────┼──────────┼───────────┼─────────┼──────────┼───────────┼───────────────┼────────────────────────────┼──────┼──────┼─────┼──────────┼──────────┼───────┼────────┼─────┼─────┼────────┼───────────┼───────────┼───────────────┼───────┼──────────┼─────┤
│    0    │ 5.8 │ 5.8 │ 5.8 │ 5.8 │ 400  │ 2320000  │    400    │   400   │ 2320000  │  2320000  │ 1675849680000 │ '2023-02-08T09:48:00.000Z' │ 100  │  0   │  0  │ Infinity │    0     │ 483.3 │ 1572.2 │  0  │ 0.8 │  400   │  2320000  │    400    │    2320000    │       │          │     │
│    1    │ 5.8 │ 5.8 │ 5.8 │ 5.8 │ 200  │ 1160000  │    600    │   200   │ 1160000  │  3480000  │ 1675850520000 │ '2023-02-08T10:02:00.000Z' │ 100  │  0   │  0  │ Infinity │    0     │ 483.3 │ 1572.2 │  0  │ 0.4 │  200   │  1160000  │    600    │    3480000    │       │          │     │
│    2    │ 5.8 │ 5.8 │ 5.8 │ 5.8 │ 100  │  580000  │    700    │   100   │  580000  │  4060000  │ 1675850640000 │ '2023-02-08T10:04:00.000Z' │ 100  │  0   │  0  │ Infinity │    0     │ 483.3 │ 1572.2 │  0  │ 0.2 │  100   │  580000   │    700    │    4060000    │       │          │     │
│    3    │ 5.7 │ 5.8 │ 5.7 │ 5.8 │ 300  │ 1740000  │   1200    │   500   │ 2880000  │  6940000  │ 1675850760000 │ '2023-02-08T10:06:00.000Z' │  60  │  40  │  0  │   1.5    │   0.7    │ 483.3 │ 1572.2 │  0  │ 0.6 │  100   │  600000   │    800    │    4660000    │  200  │ 1140000  │ 0.1 │
│    4    │ 5.7 │ 5.7 │ 5.7 │ 5.7 │      │          │   7700    │  6500   │ 37050000 │ 43990000  │ 1675851600000 │ '2023-02-08T10:20:00.000Z' │  0   │ 100  │  0  │    0     │ Infinity │ 483.3 │ 1572.2 │  0  │     │ -6500  │ -37050000 │   -5700   │   -32390000   │ 6500  │ 37050000 │ 4.1 │
│    5    │ 5.7 │ 5.7 │ 5.7 │ 5.7 │ 100  │  570000  │   7800    │   100   │  570000  │ 44560000  │ 1675851720000 │ '2023-02-08T10:22:00.000Z' │ 100  │  0   │  0  │ Infinity │    0     │ 483.3 │ 1572.2 │  0  │ 0.2 │  100   │  570000   │   -5600   │   -31820000   │       │          │     │
│    6    │ 5.7 │ 5.7 │ 5.7 │ 5.7 │ 2000 │ 11400000 │   9800    │  2000   │ 11400000 │ 55960000  │ 1675851840000 │ '2023-02-08T10:24:00.000Z' │ 100  │  0   │  0  │ Infinity │    0     │ 483.3 │ 1572.2 │  0  │ 4.1 │  2000  │ 11400000  │   -3600   │   -20420000   │       │          │     │
│    7    │ 5.7 │ 5.7 │ 5.7 │ 5.7 │      │          │   15100   │  5300   │ 30210000 │ 86170000  │ 1675852080000 │ '2023-02-08T10:28:00.000Z' │  0   │ 100  │  0  │    0     │ Infinity │ 483.3 │ 1572.2 │  0  │     │ -5300  │ -30210000 │   -8900   │   -50630000   │ 5300  │ 30210000 │ 3.4 │
│    8    │ 5.8 │ 5.8 │ 5.7 │ 5.7 │ 200  │ 1160000  │   16900   │  1800   │ 10280000 │ 96450000  │ 1675852440000 │ '2023-02-08T10:34:00.000Z' │ 11.1 │ 88.9 │  0  │   0.1    │    8     │ 483.3 │ 1572.2 │  0  │ 0.4 │ -1400  │ -7960000  │  -10300   │   -58590000   │ 1600  │ 9120000  │  1  │
│    9    │ 5.8 │ 5.8 │ 5.8 │ 5.8 │ 1400 │ 8120000  │   18300   │  1400   │ 8120000  │ 104570000 │ 1675853280000 │ '2023-02-08T10:48:00.000Z' │ 100  │  0   │  0  │ Infinity │    0     │ 483.3 │ 1572.2 │  0  │ 2.9 │  1400  │  8120000  │   -8900   │   -50470000   │       │          │     │
│   10    │ 5.8 │ 5.8 │ 5.8 │ 5.8 │ 600  │ 3480000  │   18900   │   600   │ 3480000  │ 108050000 │ 1675861200000 │ '2023-02-08T13:00:00.000Z' │ 100  │  0   │  0  │ Infinity │    0     │ 483.3 │ 1572.2 │  0  │ 1.2 │  600   │  3480000  │   -8300   │   -46990000   │       │          │     │
│   11    │ 5.7 │ 5.7 │ 5.7 │ 5.7 │      │          │   32500   │  13600  │ 77520000 │ 185570000 │ 1675861800000 │ '2023-02-08T13:10:00.000Z' │  0   │ 100  │  0  │    0     │ Infinity │ 483.3 │ 1572.2 │  0  │     │ -13600 │ -77520000 │  -21900   │  -124510000   │ 13600 │ 77520000 │ 8.7 │
│   12    │ 5.7 │ 5.7 │ 5.7 │ 5.7 │      │          │   32600   │   100   │  570000  │ 186140000 │ 1675862400000 │ '2023-02-08T13:20:00.000Z' │  0   │ 100  │  0  │    0     │ Infinity │ 483.3 │ 1572.2 │  0  │     │  -100  │  -570000  │  -22000   │  -125080000   │  100  │  570000  │ 0.1 │
│   13    │ 5.7 │ 5.7 │ 5.7 │ 5.7 │      │          │   33100   │   500   │ 2850000  │ 188990000 │ 1675863960000 │ '2023-02-08T13:46:00.000Z' │  0   │ 100  │  0  │    0     │ Infinity │ 483.3 │ 1572.2 │  0  │     │  -500  │ -2850000  │  -22500   │  -127930000   │  500  │ 2850000  │ 0.3 │
│   14    │ 5.8 │ 5.8 │ 5.8 │ 5.8 │ 500  │ 2900000  │   33600   │   500   │ 2900000  │ 191890000 │ 1675865040000 │ '2023-02-08T14:04:00.000Z' │ 100  │  0   │  0  │ Infinity │    0     │ 483.3 │ 1572.2 │  0  │  1  │  500   │  2900000  │  -22000   │  -125030000   │       │          │     │
│   15    │ 5.8 │ 5.8 │ 5.8 │ 5.8 │ 1900 │ 11020000 │   35500   │  1900   │ 11020000 │ 202910000 │ 1675865160000 │ '2023-02-08T14:06:00.000Z' │ 100  │  0   │  0  │ Infinity │    0     │ 483.3 │ 1572.2 │  0  │ 3.9 │  1900  │ 11020000  │  -20100   │  -114010000   │       │          │     │
│   16    │ 5.7 │ 5.7 │ 5.7 │ 5.7 │      │          │   36000   │   500   │ 2850000  │ 205760000 │ 1675865880000 │ '2023-02-08T14:18:00.000Z' │  0   │ 100  │  0  │    0     │ Infinity │ 483.3 │ 1572.2 │  0  │     │  -500  │ -2850000  │  -20600   │  -116860000   │  500  │ 2850000  │ 0.3 │
│   17    │  6  │  6  │  6  │  6  │ 1000 │ 6000000  │   37000   │  1000   │ 6000000  │ 211760000 │ 1675867440000 │ '2023-02-08T14:44:00.000Z' │ 100  │  0   │  0  │ Infinity │    0     │ 483.3 │ 1572.2 │  0  │ 2.1 │  1000  │  6000000  │  -19600   │  -110860000   │       │          │     │
└─────────┴─────┴─────┴─────┴─────┴──────┴──────────┴───────────┴─────────┴──────────┴───────────┴───────────────┴────────────────────────────┴──────┴──────┴─────┴──────────┴──────────┴───────┴────────┴─────┴─────┴────────┴───────────┴───────────┴───────────────┴───────┴──────────┴─────┘

