┌─────────┬─────┬─────┬─────┬─────┬──────┬──────────┬───────────┬─────────┬──────────┬───────────┬───────────────┬────────────────────────────┬─────┬─────┬─────┬──────────┬──────────┬─────┬────────┬─────┬─────┬────────┬───────────┬───────────┬───────────────┬───────┬──────────┬─────┐
│ (index) │  c  │  h  │  l  │  o  │  bu  │  val_bu  │ total_vol │ sum_vol │   val    │ acum_val  │   datetime    │            date            │ pbu │ psd │ puk │    bs    │    sb    │ abu │  asd   │ auk │ rbu │ bu-sd  │ bu-sd_val │ acum_busd │ acum_busd_val │  sd   │  val_sd  │ rsd │
├─────────┼─────┼─────┼─────┼─────┼──────┼──────────┼───────────┼─────────┼──────────┼───────────┼───────────────┼────────────────────────────┼─────┼─────┼─────┼──────────┼──────────┼─────┼────────┼─────┼─────┼────────┼───────────┼───────────┼───────────────┼───────┼──────────┼─────┤
│    0    │ 7.8 │ 7.8 │ 7.8 │ 7.8 │ 500  │ 3900000  │    500    │   500   │ 3900000  │  3900000  │ 1675847880000 │ '2023-02-08T09:18:00.000Z' │ 100 │  0  │  0  │ Infinity │    0     │ 675 │ 1792.5 │  0  │ 0.7 │  500   │  3900000  │    500    │    3900000    │       │          │     │
│    1    │ 7.8 │ 7.8 │ 7.8 │ 7.8 │ 2200 │ 17160000 │   2700    │  2200   │ 17160000 │ 21060000  │ 1675848000000 │ '2023-02-08T09:20:00.000Z' │ 100 │  0  │  0  │ Infinity │    0     │ 675 │ 1792.5 │  0  │ 3.3 │  2200  │ 17160000  │   2700    │   21060000    │       │          │     │
│    2    │ 7.8 │ 7.8 │ 7.8 │ 7.8 │ 300  │ 2340000  │   3000    │   300   │ 2340000  │ 23400000  │ 1675848480000 │ '2023-02-08T09:28:00.000Z' │ 100 │  0  │  0  │ Infinity │    0     │ 675 │ 1792.5 │  0  │ 0.4 │  300   │  2340000  │   3000    │   23400000    │       │          │     │
│    3    │ 7.7 │ 7.7 │ 7.7 │ 7.7 │      │          │   4000    │  1000   │ 7700000  │ 31100000  │ 1675848840000 │ '2023-02-08T09:34:00.000Z' │  0  │ 100 │  0  │    0     │ Infinity │ 675 │ 1792.5 │  0  │     │ -1000  │ -7700000  │   2000    │   15700000    │ 1000  │ 7700000  │ 0.6 │
│    4    │ 7.8 │ 7.8 │ 7.8 │ 7.8 │ 100  │  780000  │   4100    │   100   │  780000  │ 31880000  │ 1675849080000 │ '2023-02-08T09:38:00.000Z' │ 100 │  0  │  0  │ Infinity │    0     │ 675 │ 1792.5 │  0  │ 0.1 │  100   │  780000   │   2100    │   16480000    │       │          │     │
│    5    │ 7.8 │ 7.8 │ 7.8 │ 7.8 │ 3000 │ 23400000 │   7100    │  3000   │ 23400000 │ 55280000  │ 1675849320000 │ '2023-02-08T09:42:00.000Z' │ 100 │  0  │  0  │ Infinity │    0     │ 675 │ 1792.5 │  0  │ 4.4 │  3000  │ 23400000  │   5100    │   39880000    │       │          │     │
│    6    │ 7.8 │ 7.8 │ 7.8 │ 7.8 │ 500  │ 3900000  │   7600    │   500   │ 3900000  │ 59180000  │ 1675849680000 │ '2023-02-08T09:48:00.000Z' │ 100 │  0  │  0  │ Infinity │    0     │ 675 │ 1792.5 │  0  │ 0.7 │  500   │  3900000  │   5600    │   43780000    │       │          │     │
│    7    │ 7.7 │ 7.7 │ 7.7 │ 7.7 │      │          │   16600   │  9000   │ 69300000 │ 128480000 │ 1675850160000 │ '2023-02-08T09:56:00.000Z' │  0  │ 100 │  0  │    0     │ Infinity │ 675 │ 1792.5 │  0  │     │ -9000  │ -69300000 │   -3400   │   -25520000   │ 9000  │ 69300000 │  5  │
│    8    │ 7.7 │ 7.7 │ 7.7 │ 7.7 │      │          │   18600   │  2000   │ 15400000 │ 143880000 │ 1675850400000 │ '2023-02-08T10:00:00.000Z' │  0  │ 100 │  0  │    0     │ Infinity │ 675 │ 1792.5 │  0  │     │ -2000  │ -15400000 │   -5400   │   -40920000   │ 2000  │ 15400000 │ 1.1 │
│    9    │ 7.8 │ 7.8 │ 7.8 │ 7.8 │ 1300 │ 10140000 │   19900   │  1300   │ 10140000 │ 154020000 │ 1675850520000 │ '2023-02-08T10:02:00.000Z' │ 100 │  0  │  0  │ Infinity │    0     │ 675 │ 1792.5 │  0  │ 1.9 │  1300  │ 10140000  │   -4100   │   -30780000   │       │          │     │
│   10    │ 7.7 │ 7.7 │ 7.7 │ 7.7 │      │          │   23200   │  3300   │ 25410000 │ 179430000 │ 1675850760000 │ '2023-02-08T10:06:00.000Z' │  0  │ 100 │  0  │    0     │ Infinity │ 675 │ 1792.5 │  0  │     │ -3300  │ -25410000 │   -7400   │   -56190000   │ 3300  │ 25410000 │ 1.8 │
│   11    │ 7.8 │ 7.8 │ 7.8 │ 7.8 │ 500  │ 3900000  │   23700   │   500   │ 3900000  │ 183330000 │ 1675851000000 │ '2023-02-08T10:10:00.000Z' │ 100 │  0  │  0  │ Infinity │    0     │ 675 │ 1792.5 │  0  │ 0.7 │  500   │  3900000  │   -6900   │   -52290000   │       │          │     │
│   12    │ 7.7 │ 7.7 │ 7.7 │ 7.7 │ 300  │ 2310000  │   24000   │   300   │ 2310000  │ 185640000 │ 1675851240000 │ '2023-02-08T10:14:00.000Z' │ 100 │  0  │  0  │ Infinity │    0     │ 675 │ 1792.5 │  0  │ 0.4 │  300   │  2310000  │   -6600   │   -49980000   │       │          │     │
│   13    │ 7.6 │ 7.6 │ 7.6 │ 7.6 │      │          │   33000   │  9000   │ 68400000 │ 254040000 │ 1675851360000 │ '2023-02-08T10:16:00.000Z' │  0  │ 100 │  0  │    0     │ Infinity │ 675 │ 1792.5 │  0  │     │ -9000  │ -68400000 │  -15600   │  -118380000   │ 9000  │ 68400000 │  5  │
│   14    │ 7.7 │ 7.7 │ 7.7 │ 7.7 │ 400  │ 3080000  │   33400   │   400   │ 3080000  │ 257120000 │ 1675852200000 │ '2023-02-08T10:30:00.000Z' │ 100 │  0  │  0  │ Infinity │    0     │ 675 │ 1792.5 │  0  │ 0.6 │  400   │  3080000  │  -15200   │  -115300000   │       │          │     │
│   15    │ 7.7 │ 7.7 │ 7.7 │ 7.7 │ 500  │ 3850000  │   33900   │   500   │ 3850000  │ 260970000 │ 1675852920000 │ '2023-02-08T10:42:00.000Z' │ 100 │  0  │  0  │ Infinity │    0     │ 675 │ 1792.5 │  0  │ 0.7 │  500   │  3850000  │  -14700   │  -111450000   │       │          │     │
│   16    │ 7.7 │ 7.7 │ 7.7 │ 7.7 │ 200  │ 1540000  │   34100   │   200   │ 1540000  │ 262510000 │ 1675853160000 │ '2023-02-08T10:46:00.000Z' │ 100 │  0  │  0  │ Infinity │    0     │ 675 │ 1792.5 │  0  │ 0.3 │  200   │  1540000  │  -14500   │  -109910000   │       │          │     │
│   17    │ 7.7 │ 7.7 │ 7.7 │ 7.7 │ 500  │ 3850000  │   34600   │   500   │ 3850000  │ 266360000 │ 1675853280000 │ '2023-02-08T10:48:00.000Z' │ 100 │  0  │  0  │ Infinity │    0     │ 675 │ 1792.5 │  0  │ 0.7 │  500   │  3850000  │  -14000   │  -106060000   │       │          │     │
│   18    │ 7.6 │ 7.6 │ 7.6 │ 7.6 │      │          │   36600   │  2000   │ 15200000 │ 281560000 │ 1675853400000 │ '2023-02-08T10:50:00.000Z' │  0  │ 100 │  0  │    0     │ Infinity │ 675 │ 1792.5 │  0  │     │ -2000  │ -15200000 │  -16000   │  -121260000   │ 2000  │ 15200000 │ 1.1 │
│   19    │ 7.7 │ 7.7 │ 7.7 │ 7.7 │ 300  │ 2310000  │   36900   │   300   │ 2310000  │ 283870000 │ 1675853880000 │ '2023-02-08T10:58:00.000Z' │ 100 │  0  │  0  │ Infinity │    0     │ 675 │ 1792.5 │  0  │ 0.4 │  300   │  2310000  │  -15700   │  -118950000   │       │          │     │
│   20    │ 7.6 │ 7.6 │ 7.6 │ 7.6 │      │          │   46900   │  10000  │ 76000000 │ 359870000 │ 1675854240000 │ '2023-02-08T11:04:00.000Z' │  0  │ 100 │  0  │    0     │ Infinity │ 675 │ 1792.5 │  0  │     │ -10000 │ -76000000 │  -25700   │  -194950000   │ 10000 │ 76000000 │ 5.6 │
├─────────┼─────┼─────┼─────┼─────┼──────┼──────────┼───────────┼─────────┼──────────┼───────────┼───────────────┼────────────────────────────┼─────┼─────┼─────┼──────────┼──────────┼─────┼────────┼─────┼─────┼────────┼───────────┼───────────┼───────────────┼───────┼──────────┼─────┤
│ (index) │  c  │  h  │  l  │  o  │  bu  │  val_bu  │ total_vol │ sum_vol │   val    │ acum_val  │   datetime    │            date            │ pbu │ psd │ puk │    bs    │    sb    │ abu │  asd   │ auk │ rbu │ bu-sd  │ bu-sd_val │ acum_busd │ acum_busd_val │  sd   │  val_sd  │ rsd │
├─────────┼─────┼─────┼─────┼─────┼──────┼──────────┼───────────┼─────────┼──────────┼───────────┼───────────────┼────────────────────────────┼─────┼─────┼─────┼──────────┼──────────┼─────┼────────┼─────┼─────┼────────┼───────────┼───────────┼───────────────┼───────┼──────────┼─────┤
│   21    │ 7.6 │ 7.6 │ 7.6 │ 7.6 │      │          │   50700   │  3800   │ 28880000 │ 388750000 │ 1675855320000 │ '2023-02-08T11:22:00.000Z' │  0  │ 100 │  0  │    0     │ Infinity │ 675 │ 1792.5 │  0  │     │ -3800  │ -28880000 │  -29500   │  -223830000   │ 3800  │ 28880000 │ 2.1 │
│   22    │ 7.6 │ 7.6 │ 7.6 │ 7.6 │      │          │   56700   │  6000   │ 45600000 │ 434350000 │ 1675855560000 │ '2023-02-08T11:26:00.000Z' │  0  │ 100 │  0  │    0     │ Infinity │ 675 │ 1792.5 │  0  │     │ -6000  │ -45600000 │  -35500   │  -269430000   │ 6000  │ 45600000 │ 3.3 │
│   23    │ 7.6 │ 7.6 │ 7.6 │ 7.6 │      │          │   61000   │  4300   │ 32680000 │ 467030000 │ 1675861200000 │ '2023-02-08T13:00:00.000Z' │  0  │ 100 │  0  │    0     │ Infinity │ 675 │ 1792.5 │  0  │     │ -4300  │ -32680000 │  -39800   │  -302110000   │ 4300  │ 32680000 │ 2.4 │
│   24    │ 7.5 │ 7.6 │ 7.5 │ 7.6 │      │          │   72000   │  11000  │ 82600000 │ 549630000 │ 1675861800000 │ '2023-02-08T13:10:00.000Z' │  0  │ 100 │  0  │    0     │ Infinity │ 675 │ 1792.5 │  0  │     │ -11000 │ -82600000 │  -50800   │  -384710000   │ 11000 │ 82600000 │ 6.1 │
│   25    │ 7.6 │ 7.6 │ 7.6 │ 7.6 │ 5000 │ 38000000 │   77000   │  5000   │ 38000000 │ 587630000 │ 1675862280000 │ '2023-02-08T13:18:00.000Z' │ 100 │  0  │  0  │ Infinity │    0     │ 675 │ 1792.5 │  0  │ 7.4 │  5000  │ 38000000  │  -45800   │  -346710000   │       │          │     │
│   26    │ 7.6 │ 7.6 │ 7.6 │ 7.6 │ 100  │  760000  │   77100   │   100   │  760000  │ 588390000 │ 1675862400000 │ '2023-02-08T13:20:00.000Z' │ 100 │  0  │  0  │ Infinity │    0     │ 675 │ 1792.5 │  0  │ 0.1 │  100   │  760000   │  -45700   │  -345950000   │       │          │     │
│   27    │ 7.6 │ 7.6 │ 7.6 │ 7.6 │      │          │   82000   │  4900   │ 37240000 │ 625630000 │ 1675862640000 │ '2023-02-08T13:24:00.000Z' │  0  │ 100 │  0  │    0     │ Infinity │ 675 │ 1792.5 │  0  │     │ -4900  │ -37240000 │  -50600   │  -383190000   │ 4900  │ 37240000 │ 2.7 │
│   28    │ 7.7 │ 7.7 │ 7.7 │ 7.7 │ 1500 │ 11550000 │   83500   │  1500   │ 11550000 │ 637180000 │ 1675862760000 │ '2023-02-08T13:26:00.000Z' │ 100 │  0  │  0  │ Infinity │    0     │ 675 │ 1792.5 │  0  │ 2.2 │  1500  │ 11550000  │  -49100   │  -371640000   │       │          │     │
│   29    │ 7.7 │ 7.7 │ 7.7 │ 7.7 │ 1000 │ 7700000  │   84500   │  1000   │ 7700000  │ 644880000 │ 1675863360000 │ '2023-02-08T13:36:00.000Z' │ 100 │  0  │  0  │ Infinity │    0     │ 675 │ 1792.5 │  0  │ 1.5 │  1000  │  7700000  │  -48100   │  -363940000   │       │          │     │
│   30    │ 7.7 │ 7.7 │ 7.7 │ 7.7 │ 1000 │ 7700000  │   85500   │  1000   │ 7700000  │ 652580000 │ 1675863480000 │ '2023-02-08T13:38:00.000Z' │ 100 │  0  │  0  │ Infinity │    0     │ 675 │ 1792.5 │  0  │ 1.5 │  1000  │  7700000  │  -47100   │  -356240000   │       │          │     │
│   31    │ 7.7 │ 7.7 │ 7.7 │ 7.7 │ 1000 │ 7700000  │   86500   │  1000   │ 7700000  │ 660280000 │ 1675864800000 │ '2023-02-08T14:00:00.000Z' │ 100 │  0  │  0  │ Infinity │    0     │ 675 │ 1792.5 │  0  │ 1.5 │  1000  │  7700000  │  -46100   │  -348540000   │       │          │     │
│   32    │ 7.7 │ 7.7 │ 7.7 │ 7.7 │ 1000 │ 7700000  │   87500   │  1000   │ 7700000  │ 667980000 │ 1675865280000 │ '2023-02-08T14:08:00.000Z' │ 100 │  0  │  0  │ Infinity │    0     │ 675 │ 1792.5 │  0  │ 1.5 │  1000  │  7700000  │  -45100   │  -340840000   │       │          │     │
│   33    │ 7.7 │ 7.7 │ 7.7 │ 7.7 │ 1000 │ 7700000  │   88500   │  1000   │ 7700000  │ 675680000 │ 1675865400000 │ '2023-02-08T14:10:00.000Z' │ 100 │  0  │  0  │ Infinity │    0     │ 675 │ 1792.5 │  0  │ 1.5 │  1000  │  7700000  │  -44100   │  -333140000   │       │          │     │
│   34    │ 7.7 │ 7.7 │ 7.7 │ 7.7 │ 2500 │ 19250000 │   91000   │  2500   │ 19250000 │ 694930000 │ 1675865520000 │ '2023-02-08T14:12:00.000Z' │ 100 │  0  │  0  │ Infinity │    0     │ 675 │ 1792.5 │  0  │ 3.7 │  2500  │ 19250000  │  -41600   │  -313890000   │       │          │     │
│   35    │ 7.7 │ 7.7 │ 7.7 │ 7.7 │ 2000 │ 15400000 │   93000   │  2000   │ 15400000 │ 710330000 │ 1675865760000 │ '2023-02-08T14:16:00.000Z' │ 100 │  0  │  0  │ Infinity │    0     │ 675 │ 1792.5 │  0  │  3  │  2000  │ 15400000  │  -39600   │  -298490000   │       │          │     │
│   36    │ 7.6 │ 7.6 │ 7.6 │ 7.6 │      │          │   95300   │  2300   │ 17480000 │ 727810000 │ 1675866000000 │ '2023-02-08T14:20:00.000Z' │  0  │ 100 │  0  │    0     │ Infinity │ 675 │ 1792.5 │  0  │     │ -2300  │ -17480000 │  -41900   │  -315970000   │ 2300  │ 17480000 │ 1.3 │
│   37    │ 7.6 │ 7.6 │ 7.6 │ 7.6 │      │          │   98400   │  3100   │ 23560000 │ 751370000 │ 1675866480000 │ '2023-02-08T14:28:00.000Z' │  0  │ 100 │  0  │    0     │ Infinity │ 675 │ 1792.5 │  0  │     │ -3100  │ -23560000 │  -45000   │  -339530000   │ 3100  │ 23560000 │ 1.7 │
│   38    │ 7.7 │ 7.7 │ 7.7 │ 7.7 │ 200  │ 1540000  │   98600   │   200   │ 1540000  │ 752910000 │ 1675867080000 │ '2023-02-08T14:38:00.000Z' │ 100 │  0  │  0  │ Infinity │    0     │ 675 │ 1792.5 │  0  │ 0.3 │  200   │  1540000  │  -44800   │  -337990000   │       │          │     │
│   39    │ 7.7 │ 7.7 │ 7.7 │ 7.7 │ 100  │  770000  │   98700   │   100   │  770000  │ 753680000 │ 1675867680000 │ '2023-02-08T14:48:00.000Z' │ 100 │  0  │  0  │ Infinity │    0     │ 675 │ 1792.5 │  0  │ 0.1 │  100   │  770000   │  -44700   │  -337220000   │       │          │     │
└─────────┴─────┴─────┴─────┴─────┴──────┴──────────┴───────────┴─────────┴──────────┴───────────┴───────────────┴────────────────────────────┴─────┴─────┴─────┴──────────┴──────────┴─────┴────────┴─────┴─────┴────────┴───────────┴───────────┴───────────────┴───────┴──────────┴─────┘
├─────────┼─────┼─────┼─────┼─────┼──────┼──────────┼───────────┼─────────┼──────────┼───────────┼───────────────┼────────────────────────────┼─────┼─────┼─────┼──────────┼──────────┼─────┼────────┼─────┼─────┼────────┼───────────┼───────────┼───────────────┼───────┼──────────┼─────┤
│ (index) │  c  │  h  │  l  │  o  │  bu  │  val_bu  │ total_vol │ sum_vol │   val    │ acum_val  │   datetime    │            date            │ pbu │ psd │ puk │    bs    │    sb    │ abu │  asd   │ auk │ rbu │ bu-sd  │ bu-sd_val │ acum_busd │ acum_busd_val │  sd   │  val_sd  │ rsd │
├─────────┼─────┼─────┼─────┼─────┼──────┼──────────┼───────────┼─────────┼──────────┼───────────┼───────────────┼────────────────────────────┼─────┼─────┼─────┼──────────┼──────────┼─────┼────────┼─────┼─────┼────────┼───────────┼───────────┼───────────────┼───────┼──────────┼─────┤

