┌─────────┬──────┬──────┬──────┬──────┬───────┬──────────┬───────────┬─────────┬──────────┬───────────┬───────────────┬────────────────────────────┬──────┬──────┬─────┬──────────┬──────────┬───────┬────────┬─────┬─────┬────────┬───────────┬───────────┬───────────────┬──────┬─────────┬──────┐
│ (index) │  c   │  h   │  l   │  o   │  sd   │  val_sd  │ total_vol │ sum_vol │   val    │ acum_val  │   datetime    │            date            │ pbu  │ psd  │ puk │    bs    │    sb    │  abu  │  asd   │ auk │ rsd │ bu-sd  │ bu-sd_val │ acum_busd │ acum_busd_val │  bu  │ val_bu  │ rbu  │
├─────────┼──────┼──────┼──────┼──────┼───────┼──────────┼───────────┼─────────┼──────────┼───────────┼───────────────┼────────────────────────────┼──────┼──────┼─────┼──────────┼──────────┼───────┼────────┼─────┼─────┼────────┼───────────┼───────────┼───────────────┼──────┼─────────┼──────┤
│    0    │ 5.5  │ 5.5  │ 5.5  │ 5.5  │ 5900  │ 32450000 │   5900    │  5900   │ 32450000 │ 32450000  │ 1670922900000 │ '2022-12-13T09:15:00.000Z' │  0   │ 100  │  0  │    0     │ Infinity │ 135.3 │ 1623.5 │  0  │ 3.6 │ -5900  │ -32450000 │   -5900   │   -32450000   │      │         │      │
│    1    │ 5.5  │ 5.52 │ 5.5  │ 5.52 │  600  │ 3300000  │   6600    │   700   │ 3852000  │ 36302000  │ 1670923500000 │ '2022-12-13T09:25:00.000Z' │ 14.3 │ 85.7 │  0  │   0.2    │    6     │ 135.3 │ 1623.5 │  0  │ 0.4 │  -500  │ -2748000  │   -6400   │   -35198000   │ 100  │ 552000  │ 0.7  │
│    2    │ 5.5  │ 5.5  │ 5.5  │ 5.5  │  200  │ 1100000  │   6800    │   200   │ 1100000  │ 37402000  │ 1670924700000 │ '2022-12-13T09:45:00.000Z' │  0   │ 100  │  0  │    0     │ Infinity │ 135.3 │ 1623.5 │  0  │ 0.1 │  -200  │ -1100000  │   -6600   │   -36298000   │      │         │      │
│    3    │ 5.5  │ 5.51 │ 5.5  │ 5.51 │  300  │ 1652000  │   7100    │   300   │ 1652000  │ 39054000  │ 1670925600000 │ '2022-12-13T10:00:00.000Z' │  0   │ 100  │  0  │    0     │ Infinity │ 135.3 │ 1623.5 │  0  │ 0.2 │  -300  │ -1652000  │   -6900   │   -37950000   │      │         │      │
│    4    │ 5.42 │ 5.42 │ 5.42 │ 5.42 │  100  │  542000  │   7200    │   100   │  542000  │ 39596000  │ 1670926500000 │ '2022-12-13T10:15:00.000Z' │  0   │ 100  │  0  │    0     │ Infinity │ 135.3 │ 1623.5 │  0  │ 0.1 │  -100  │  -542000  │   -7000   │   -38492000   │      │         │      │
│    5    │ 5.41 │ 5.41 │ 5.41 │ 5.41 │ 3600  │ 19476000 │   10800   │  3600   │ 19476000 │ 59072000  │ 1670926800000 │ '2022-12-13T10:20:00.000Z' │  0   │ 100  │  0  │    0     │ Infinity │ 135.3 │ 1623.5 │  0  │ 2.2 │ -3600  │ -19476000 │  -10600   │   -57968000   │      │         │      │
│    6    │ 5.48 │ 5.48 │ 5.48 │ 5.48 │       │          │   10900   │   100   │  548000  │ 59620000  │ 1670928900000 │ '2022-12-13T10:55:00.000Z' │ 100  │  0   │  0  │ Infinity │    0     │ 135.3 │ 1623.5 │  0  │     │  100   │  548000   │  -10500   │   -57420000   │ 100  │ 548000  │ 0.7  │
│    7    │ 5.41 │ 5.42 │ 5.41 │ 5.42 │  500  │ 2706000  │   11400   │   500   │ 2706000  │ 62326000  │ 1670929500000 │ '2022-12-13T11:05:00.000Z' │  0   │ 100  │  0  │    0     │ Infinity │ 135.3 │ 1623.5 │  0  │ 0.3 │  -500  │ -2706000  │  -11000   │   -60126000   │      │         │      │
│    8    │ 5.42 │ 5.42 │ 5.42 │ 5.42 │  500  │ 2710000  │   11900   │   500   │ 2710000  │ 65036000  │ 1670937000000 │ '2022-12-13T13:10:00.000Z' │  0   │ 100  │  0  │    0     │ Infinity │ 135.3 │ 1623.5 │  0  │ 0.3 │  -500  │ -2710000  │  -11500   │   -62836000   │      │         │      │
│    9    │ 5.41 │ 5.42 │ 5.41 │ 5.42 │ 2500  │ 13545000 │   14400   │  2500   │ 13545000 │ 78581000  │ 1670937300000 │ '2022-12-13T13:15:00.000Z' │  0   │ 100  │  0  │    0     │ Infinity │ 135.3 │ 1623.5 │  0  │ 1.5 │ -2500  │ -13545000 │  -14000   │   -76381000   │      │         │      │
│   10    │ 5.41 │ 5.42 │ 5.41 │ 5.42 │  200  │ 1083000  │   14600   │   200   │ 1083000  │ 79664000  │ 1670937900000 │ '2022-12-13T13:25:00.000Z' │  0   │ 100  │  0  │    0     │ Infinity │ 135.3 │ 1623.5 │  0  │ 0.1 │  -200  │ -1083000  │  -14200   │   -77464000   │      │         │      │
│   11    │ 5.42 │ 5.42 │ 5.42 │ 5.42 │  500  │ 2710000  │   15100   │   500   │ 2710000  │ 82374000  │ 1670938200000 │ '2022-12-13T13:30:00.000Z' │  0   │ 100  │  0  │    0     │ Infinity │ 135.3 │ 1623.5 │  0  │ 0.3 │  -500  │ -2710000  │  -14700   │   -80174000   │      │         │      │
│   12    │ 5.41 │ 5.42 │ 5.41 │ 5.42 │  400  │ 2165000  │   15500   │   400   │ 2165000  │ 84539000  │ 1670938800000 │ '2022-12-13T13:40:00.000Z' │  0   │ 100  │  0  │    0     │ Infinity │ 135.3 │ 1623.5 │  0  │ 0.2 │  -400  │ -2165000  │  -15100   │   -82339000   │      │         │      │
│   13    │ 5.3  │ 5.41 │ 5.3  │ 5.41 │ 12300 │ 66139000 │   27800   │  12300  │ 66139000 │ 150678000 │ 1670939400000 │ '2022-12-13T13:50:00.000Z' │  0   │ 100  │  0  │    0     │ Infinity │ 135.3 │ 1623.5 │  0  │ 7.6 │ -12300 │ -66139000 │  -27400   │  -148478000   │      │         │      │
│   14    │ 5.42 │ 5.42 │ 5.42 │ 5.42 │       │          │   28300   │   500   │ 2710000  │ 153388000 │ 1670941200000 │ '2022-12-13T14:20:00.000Z' │ 100  │  0   │  0  │ Infinity │    0     │ 135.3 │ 1623.5 │  0  │     │  500   │  2710000  │  -26900   │  -145768000   │ 500  │ 2710000 │ 3.7  │
│   15    │ 5.42 │ 5.42 │ 5.42 │ 5.42 │       │          │   29800   │  1500   │ 8130000  │ 161518000 │ 1670941500000 │ '2022-12-13T14:25:00.000Z' │ 100  │  0   │  0  │ Infinity │    0     │ 135.3 │ 1623.5 │  0  │     │  1500  │  8130000  │  -25400   │  -137638000   │ 1500 │ 8130000 │ 11.1 │
│   16    │ 5.45 │ 5.45 │ 5.45 │ 5.45 │       │          │   29900   │   100   │  545000  │ 162063000 │ 1670942700000 │ '2022-12-13T14:45:00.000Z' │ 100  │  0   │  0  │ Infinity │    0     │ 135.3 │ 1623.5 │  0  │     │  100   │  545000   │  -25300   │  -137093000   │ 100  │ 545000  │ 0.7  │
└─────────┴──────┴──────┴──────┴──────┴───────┴──────────┴───────────┴─────────┴──────────┴───────────┴───────────────┴────────────────────────────┴──────┴──────┴─────┴──────────┴──────────┴───────┴────────┴─────┴─────┴────────┴───────────┴───────────┴───────────────┴──────┴─────────┴──────┘

