┌─────────┬──────┬──────┬──────┬──────┬──────┬──────────┬───────────┬─────────┬──────────┬───────────┬───────────────┬────────────────────────────┬──────┬──────┬─────┬──────────┬──────────┬───────┬───────┬─────┬─────┬───────┬───────────┬───────────┬───────────────┬──────┬──────────┬──────┐
│ (index) │  c   │  h   │  l   │  o   │  bu  │  val_bu  │ total_vol │ sum_vol │   val    │ acum_val  │   datetime    │            date            │ pbu  │ psd  │ puk │    bs    │    sb    │  abu  │  asd  │ auk │ rbu │ bu-sd │ bu-sd_val │ acum_busd │ acum_busd_val │  sd  │  val_sd  │ rsd  │
├─────────┼──────┼──────┼──────┼──────┼──────┼──────────┼───────────┼─────────┼──────────┼───────────┼───────────────┼────────────────────────────┼──────┼──────┼─────┼──────────┼──────────┼───────┼───────┼─────┼─────┼───────┼───────────┼───────────┼───────────────┼──────┼──────────┼──────┤
│    0    │ 13.7 │ 13.7 │ 13.7 │ 13.7 │ 200  │ 2740000  │    200    │   200   │ 2740000  │  2740000  │ 1670922120000 │ '2022-12-13T09:02:00.000Z' │ 100  │  0   │  0  │ Infinity │    0     │ 238.1 │ 366.7 │  0  │ 0.8 │  200  │  2740000  │    200    │    2740000    │      │          │      │
│    1    │ 13.8 │ 13.8 │ 13.7 │ 13.7 │ 800  │ 11010000 │   1000    │   800   │ 11010000 │ 13750000  │ 1670922360000 │ '2022-12-13T09:06:00.000Z' │ 100  │  0   │  0  │ Infinity │    0     │ 238.1 │ 366.7 │  0  │ 3.4 │  800  │ 11010000  │   1000    │   13750000    │      │          │      │
│    2    │ 13.8 │ 13.8 │ 13.8 │ 13.8 │ 400  │ 5520000  │   1400    │   400   │ 5520000  │ 19270000  │ 1670922600000 │ '2022-12-13T09:10:00.000Z' │ 100  │  0   │  0  │ Infinity │    0     │ 238.1 │ 366.7 │  0  │ 1.7 │  400  │  5520000  │   1400    │   19270000    │      │          │      │
│    3    │ 13.8 │ 13.8 │ 13.8 │ 13.8 │ 300  │ 4140000  │   1700    │   300   │ 4140000  │ 23410000  │ 1670922960000 │ '2022-12-13T09:16:00.000Z' │ 100  │  0   │  0  │ Infinity │    0     │ 238.1 │ 366.7 │  0  │ 1.3 │  300  │  4140000  │   1700    │   23410000    │      │          │      │
│    4    │ 13.9 │ 13.9 │ 13.9 │ 13.9 │ 300  │ 4170000  │   2000    │   300   │ 4170000  │ 27580000  │ 1670923080000 │ '2022-12-13T09:18:00.000Z' │ 100  │  0   │  0  │ Infinity │    0     │ 238.1 │ 366.7 │  0  │ 1.3 │  300  │  4170000  │   2000    │   27580000    │      │          │      │
│    5    │ 13.8 │ 13.8 │ 13.8 │ 13.8 │ 200  │ 2760000  │   2200    │   200   │ 2760000  │ 30340000  │ 1670923560000 │ '2022-12-13T09:26:00.000Z' │ 100  │  0   │  0  │ Infinity │    0     │ 238.1 │ 366.7 │  0  │ 0.8 │  200  │  2760000  │   2200    │   30340000    │      │          │      │
│    6    │ 13.8 │ 13.8 │ 13.8 │ 13.8 │ 100  │ 1380000  │   2300    │   100   │ 1380000  │ 31720000  │ 1670924880000 │ '2022-12-13T09:48:00.000Z' │ 100  │  0   │  0  │ Infinity │    0     │ 238.1 │ 366.7 │  0  │ 0.4 │  100  │  1380000  │   2300    │   31720000    │      │          │      │
│    7    │ 13.7 │ 13.7 │ 13.7 │ 13.7 │      │          │   2600    │   300   │ 4110000  │ 35830000  │ 1670927160000 │ '2022-12-13T10:26:00.000Z' │  0   │ 100  │  0  │    0     │ Infinity │ 238.1 │ 366.7 │  0  │     │ -300  │ -4110000  │   2000    │   27610000    │ 300  │ 4110000  │ 0.8  │
│    8    │ 13.7 │ 13.7 │ 13.7 │ 13.7 │ 200  │ 2740000  │   2800    │   200   │ 2740000  │ 38570000  │ 1670929200000 │ '2022-12-13T11:00:00.000Z' │ 100  │  0   │  0  │ Infinity │    0     │ 238.1 │ 366.7 │  0  │ 0.8 │  200  │  2740000  │   2200    │   30350000    │      │          │      │
│    9    │ 13.2 │ 13.6 │ 13.2 │ 13.6 │ 1400 │ 18870000 │   6200    │  3400   │ 45750000 │ 84320000  │ 1670936760000 │ '2022-12-13T13:06:00.000Z' │ 41.2 │ 58.8 │  0  │   0.7    │   1.4    │ 238.1 │ 366.7 │  0  │ 5.9 │ -600  │ -8010000  │   1600    │   22340000    │ 2000 │ 26880000 │ 5.5  │
│   10    │  13  │  13  │  13  │  13  │ 200  │   2600   │   6400    │   200   │   2600   │ 84322600  │ 1670936880000 │ '2022-12-13T13:08:00.000Z' │ 100  │  0   │  0  │ Infinity │    0     │ 238.1 │ 366.7 │  0  │ 0.8 │  200  │   2600    │   1800    │   22342600    │      │          │      │
│   11    │ 13.2 │ 13.2 │ 12.8 │ 12.9 │ 100  │ 1320000  │   10500   │  4100   │ 52560000 │ 136882600 │ 1670937000000 │ '2022-12-13T13:10:00.000Z' │ 2.4  │ 97.6 │  0  │    0     │    40    │ 238.1 │ 366.7 │  0  │ 0.4 │ -3900 │ -49920000 │   -2100   │   -27577400   │ 4000 │ 51240000 │ 10.9 │
│   12    │ 13.2 │ 13.2 │ 12.9 │ 12.9 │ 300  │ 3960000  │   11700   │  1200   │ 15570000 │ 152452600 │ 1670937120000 │ '2022-12-13T13:12:00.000Z' │  25  │  75  │  0  │   0.3    │    3     │ 238.1 │ 366.7 │  0  │ 1.3 │ -600  │ -7650000  │   -2700   │   -35227400   │ 900  │ 11610000 │ 2.5  │
│   13    │ 13.7 │ 13.7 │ 13.7 │ 13.7 │ 100  │ 1370000  │   11800   │   100   │ 1370000  │ 153822600 │ 1670938080000 │ '2022-12-13T13:28:00.000Z' │ 100  │  0   │  0  │ Infinity │    0     │ 238.1 │ 366.7 │  0  │ 0.4 │  100  │  1370000  │   -2600   │   -33857400   │      │          │      │
│   14    │ 13.5 │ 13.5 │ 13.5 │ 13.5 │      │          │   11900   │   100   │ 1350000  │ 155172600 │ 1670939160000 │ '2022-12-13T13:46:00.000Z' │  0   │ 100  │  0  │    0     │ Infinity │ 238.1 │ 366.7 │  0  │     │ -100  │ -1350000  │   -2700   │   -35207400   │ 100  │ 1350000  │ 0.3  │
│   15    │ 13.5 │ 13.5 │ 13.5 │ 13.5 │      │          │   12000   │   100   │ 1350000  │ 156522600 │ 1670939880000 │ '2022-12-13T13:58:00.000Z' │  0   │ 100  │  0  │    0     │ Infinity │ 238.1 │ 366.7 │  0  │     │ -100  │ -1350000  │   -2800   │   -36557400   │ 100  │ 1350000  │ 0.3  │
│   16    │ 13.6 │ 13.6 │ 13.6 │ 13.6 │ 100  │ 1360000  │   12100   │   100   │ 1360000  │ 157882600 │ 1670940120000 │ '2022-12-13T14:02:00.000Z' │ 100  │  0   │  0  │ Infinity │    0     │ 238.1 │ 366.7 │  0  │ 0.4 │  100  │  1360000  │   -2700   │   -35197400   │      │          │      │
│   17    │ 13.6 │ 13.6 │ 13.6 │ 13.6 │      │          │   12200   │   100   │ 1360000  │ 159242600 │ 1670941080000 │ '2022-12-13T14:18:00.000Z' │  0   │ 100  │  0  │    0     │ Infinity │ 238.1 │ 366.7 │  0  │     │ -100  │ -1360000  │   -2800   │   -36557400   │ 100  │ 1360000  │ 0.3  │
│   18    │ 13.7 │ 13.7 │ 13.7 │ 13.7 │ 200  │ 2740000  │   12400   │   200   │ 2740000  │ 161982600 │ 1670941200000 │ '2022-12-13T14:20:00.000Z' │ 100  │  0   │  0  │ Infinity │    0     │ 238.1 │ 366.7 │  0  │ 0.8 │  200  │  2740000  │   -2600   │   -33817400   │      │          │      │
│   19    │ 13.8 │ 13.8 │ 13.8 │ 13.8 │ 100  │ 1380000  │   12500   │   100   │ 1380000  │ 163362600 │ 1670941320000 │ '2022-12-13T14:22:00.000Z' │ 100  │  0   │  0  │ Infinity │    0     │ 238.1 │ 366.7 │  0  │ 0.4 │  100  │  1380000  │   -2500   │   -32437400   │      │          │      │
│   20    │ 13.8 │ 13.8 │ 13.8 │ 13.8 │      │          │   12700   │   200   │ 2760000  │ 166122600 │ 1670942640000 │ '2022-12-13T14:44:00.000Z' │  0   │ 100  │  0  │    0     │ Infinity │ 238.1 │ 366.7 │  0  │     │ -200  │ -2760000  │   -2700   │   -35197400   │ 200  │ 2760000  │ 0.5  │
├─────────┼──────┼──────┼──────┼──────┼──────┼──────────┼───────────┼─────────┼──────────┼───────────┼───────────────┼────────────────────────────┼──────┼──────┼─────┼──────────┼──────────┼───────┼───────┼─────┼─────┼───────┼───────────┼───────────┼───────────────┼──────┼──────────┼──────┤
│ (index) │  c   │  h   │  l   │  o   │  bu  │  val_bu  │ total_vol │ sum_vol │   val    │ acum_val  │   datetime    │            date            │ pbu  │ psd  │ puk │    bs    │    sb    │  abu  │  asd  │ auk │ rbu │ bu-sd │ bu-sd_val │ acum_busd │ acum_busd_val │  sd  │  val_sd  │ rsd  │
├─────────┼──────┼──────┼──────┼──────┼──────┼──────────┼───────────┼─────────┼──────────┼───────────┼───────────────┼────────────────────────────┼──────┼──────┼─────┼──────────┼──────────┼───────┼───────┼─────┼─────┼───────┼───────────┼───────────┼───────────────┼──────┼──────────┼──────┤
└─────────┴──────┴──────┴──────┴──────┴──────┴──────────┴───────────┴─────────┴──────────┴───────────┴───────────────┴────────────────────────────┴──────┴──────┴─────┴──────────┴──────────┴───────┴───────┴─────┴─────┴───────┴───────────┴───────────┴───────────────┴──────┴──────────┴──────┘

