┌─────────┬─────┬─────┬─────┬─────┬───────┬──────────┬───────────┬─────────┬───────────┬───────────┬───────┬───────────┬───────────────┬────────────────────────────┬──────┬──────┬─────┬──────────┬──────────┬────────┬────────┬─────┬──────┬─────┬────────┬────────────┬───────────┬───────────────┐
│ (index) │  c  │  h  │  l  │  o  │  bu   │  val_bu  │ total_vol │ sum_vol │    val    │ acum_val  │  sd   │  val_sd   │   datetime    │            date            │ pbu  │ psd  │ puk │    bs    │    sb    │  abu   │  asd   │ auk │ rsd  │ rbu │ bu-sd  │ bu-sd_val  │ acum_busd │ acum_busd_val │
├─────────┼─────┼─────┼─────┼─────┼───────┼──────────┼───────────┼─────────┼───────────┼───────────┼───────┼───────────┼───────────────┼────────────────────────────┼──────┼──────┼─────┼──────────┼──────────┼────────┼────────┼─────┼──────┼─────┼────────┼────────────┼───────────┼───────────────┤
│    0    │ 1.9 │ 1.9 │ 1.8 │ 1.9 │ 9200  │ 17480000 │   19300   │  19300  │ 35660000  │ 35660000  │ 10100 │ 18180000  │ 1670922000000 │ '2022-12-13T09:00:00.000Z' │ 47.7 │ 52.3 │  0  │   0.9    │   1.1    │ 2173.2 │ 3991.1 │  0  │ 2.5  │ 4.2 │  -900  │  -700000   │   -900    │    -700000    │
│    1    │ 1.9 │ 1.9 │ 1.9 │ 1.9 │ 2000  │ 3800000  │   21300   │  2000   │  3800000  │ 39460000  │       │           │ 1670922120000 │ '2022-12-13T09:02:00.000Z' │ 100  │  0   │  0  │ Infinity │    0     │ 2173.2 │ 3991.1 │  0  │      │ 0.9 │  2000  │  3800000   │   1100    │    3100000    │
│    2    │ 1.9 │ 1.9 │ 1.9 │ 1.9 │ 9600  │ 18240000 │   30900   │  9600   │ 18240000  │ 57700000  │       │           │ 1670922360000 │ '2022-12-13T09:06:00.000Z' │ 100  │  0   │  0  │ Infinity │    0     │ 2173.2 │ 3991.1 │  0  │      │ 4.4 │  9600  │  18240000  │   10700   │   21340000    │
│    3    │ 1.9 │ 1.9 │ 1.9 │ 1.9 │ 10000 │ 19000000 │   40900   │  10000  │ 19000000  │ 76700000  │       │           │ 1670922480000 │ '2022-12-13T09:08:00.000Z' │ 100  │  0   │  0  │ Infinity │    0     │ 2173.2 │ 3991.1 │  0  │      │ 4.6 │ 10000  │  19000000  │   20700   │   40340000    │
│    4    │ 1.9 │ 1.9 │ 1.9 │ 1.9 │ 4700  │ 8930000  │   45600   │  4700   │  8930000  │ 85630000  │       │           │ 1670922600000 │ '2022-12-13T09:10:00.000Z' │ 100  │  0   │  0  │ Infinity │    0     │ 2173.2 │ 3991.1 │  0  │      │ 2.2 │  4700  │  8930000   │   25400   │   49270000    │
│    5    │ 1.9 │ 1.9 │ 1.9 │ 1.9 │       │          │   45700   │   100   │  190000   │ 85820000  │  100  │  190000   │ 1670922720000 │ '2022-12-13T09:12:00.000Z' │  0   │ 100  │  0  │    0     │ Infinity │ 2173.2 │ 3991.1 │  0  │  0   │     │  -100  │  -190000   │   25300   │   49080000    │
│    6    │ 1.9 │ 1.9 │ 1.9 │ 1.9 │       │          │   45900   │   200   │  380000   │ 86200000  │  200  │  380000   │ 1670922840000 │ '2022-12-13T09:14:00.000Z' │  0   │ 100  │  0  │    0     │ Infinity │ 2173.2 │ 3991.1 │  0  │ 0.1  │     │  -200  │  -380000   │   25100   │   48700000    │
│    7    │  2  │  2  │  2  │  2  │  100  │   200    │   46000   │   100   │    200    │ 86200200  │       │           │ 1670923080000 │ '2022-12-13T09:18:00.000Z' │ 100  │  0   │  0  │ Infinity │    0     │ 2173.2 │ 3991.1 │  0  │      │  0  │  100   │    200     │   25200   │   48700200    │
│    8    │  2  │  2  │  2  │  2  │ 1000  │   2000   │   47000   │  1000   │   2000    │ 86202200  │       │           │ 1670923200000 │ '2022-12-13T09:20:00.000Z' │ 100  │  0   │  0  │ Infinity │    0     │ 2173.2 │ 3991.1 │  0  │      │ 0.5 │  1000  │    2000    │   26200   │   48702200    │
│    9    │ 1.9 │ 1.9 │ 1.9 │ 1.9 │       │          │   50600   │  3600   │  6840000  │ 93042200  │ 3600  │  6840000  │ 1670923440000 │ '2022-12-13T09:24:00.000Z' │  0   │ 100  │  0  │    0     │ Infinity │ 2173.2 │ 3991.1 │  0  │ 0.9  │     │ -3600  │  -6840000  │   22600   │   41862200    │
│   10    │ 1.9 │ 1.9 │ 1.9 │ 1.9 │       │          │   50700   │   100   │  190000   │ 93232200  │  100  │  190000   │ 1670923680000 │ '2022-12-13T09:28:00.000Z' │  0   │ 100  │  0  │    0     │ Infinity │ 2173.2 │ 3991.1 │  0  │  0   │     │  -100  │  -190000   │   22500   │   41672200    │
│   11    │ 1.9 │ 1.9 │ 1.9 │ 1.9 │       │          │   51100   │   400   │  760000   │ 93992200  │  400  │  760000   │ 1670923800000 │ '2022-12-13T09:30:00.000Z' │  0   │ 100  │  0  │    0     │ Infinity │ 2173.2 │ 3991.1 │  0  │ 0.1  │     │  -400  │  -760000   │   22100   │   40912200    │
│   12    │ 1.9 │ 1.9 │ 1.9 │ 1.9 │       │          │   51200   │   100   │  190000   │ 94182200  │  100  │  190000   │ 1670924040000 │ '2022-12-13T09:34:00.000Z' │  0   │ 100  │  0  │    0     │ Infinity │ 2173.2 │ 3991.1 │  0  │  0   │     │  -100  │  -190000   │   22000   │   40722200    │
│   13    │ 1.9 │ 1.9 │ 1.9 │ 1.9 │       │          │   51600   │   400   │  760000   │ 94942200  │  400  │  760000   │ 1670924280000 │ '2022-12-13T09:38:00.000Z' │  0   │ 100  │  0  │    0     │ Infinity │ 2173.2 │ 3991.1 │  0  │ 0.1  │     │  -400  │  -760000   │   21600   │   39962200    │
│   14    │ 1.9 │ 1.9 │ 1.9 │ 1.9 │ 16900 │ 32110000 │   86200   │  34600  │ 65740000  │ 160682200 │ 17700 │ 33630000  │ 1670924400000 │ '2022-12-13T09:40:00.000Z' │ 48.8 │ 51.2 │  0  │    1     │    1     │ 2173.2 │ 3991.1 │  0  │ 4.4  │ 7.8 │  -800  │  -1520000  │   20800   │   38442200    │
│   15    │ 1.9 │ 1.9 │ 1.9 │ 1.9 │ 12600 │ 23940000 │   98800   │  12600  │ 23940000  │ 184622200 │       │           │ 1670924880000 │ '2022-12-13T09:48:00.000Z' │ 100  │  0   │  0  │ Infinity │    0     │ 2173.2 │ 3991.1 │  0  │      │ 5.8 │ 12600  │  23940000  │   33400   │   62382200    │
│   16    │ 1.9 │ 1.9 │ 1.9 │ 1.9 │  800  │ 1520000  │   99600   │   800   │  1520000  │ 186142200 │       │           │ 1670925000000 │ '2022-12-13T09:50:00.000Z' │ 100  │  0   │  0  │ Infinity │    0     │ 2173.2 │ 3991.1 │  0  │      │ 0.4 │  800   │  1520000   │   34200   │   63902200    │
│   17    │ 1.9 │ 1.9 │ 1.9 │ 1.9 │ 18500 │ 35150000 │  118100   │  18500  │ 35150000  │ 221292200 │       │           │ 1670925240000 │ '2022-12-13T09:54:00.000Z' │ 100  │  0   │  0  │ Infinity │    0     │ 2173.2 │ 3991.1 │  0  │      │ 8.5 │ 18500  │  35150000  │   52700   │   99052200    │
│   18    │ 1.9 │ 1.9 │ 1.9 │ 1.9 │  100  │  190000  │  118200   │   100   │  190000   │ 221482200 │       │           │ 1670925360000 │ '2022-12-13T09:56:00.000Z' │ 100  │  0   │  0  │ Infinity │    0     │ 2173.2 │ 3991.1 │  0  │      │  0  │  100   │   190000   │   52800   │   99242200    │
│   19    │ 1.9 │ 1.9 │ 1.9 │ 1.9 │ 5000  │ 9500000  │  123200   │  5000   │  9500000  │ 230982200 │       │           │ 1670926080000 │ '2022-12-13T10:08:00.000Z' │ 100  │  0   │  0  │ Infinity │    0     │ 2173.2 │ 3991.1 │  0  │      │ 2.3 │  5000  │  9500000   │   57800   │   108742200   │
│   20    │ 1.9 │ 1.9 │ 1.9 │ 1.9 │  400  │  760000  │  123600   │   400   │  760000   │ 231742200 │       │           │ 1670926200000 │ '2022-12-13T10:10:00.000Z' │ 100  │  0   │  0  │ Infinity │    0     │ 2173.2 │ 3991.1 │  0  │      │ 0.2 │  400   │   760000   │   58200   │   109502200   │
├─────────┼─────┼─────┼─────┼─────┼───────┼──────────┼───────────┼─────────┼───────────┼───────────┼───────┼───────────┼───────────────┼────────────────────────────┼──────┼──────┼─────┼──────────┼──────────┼────────┼────────┼─────┼──────┼─────┼────────┼────────────┼───────────┼───────────────┤
│ (index) │  c  │  h  │  l  │  o  │  bu   │  val_bu  │ total_vol │ sum_vol │    val    │ acum_val  │  sd   │  val_sd   │   datetime    │            date            │ pbu  │ psd  │ puk │    bs    │    sb    │  abu   │  asd   │ auk │ rsd  │ rbu │ bu-sd  │ bu-sd_val  │ acum_busd │ acum_busd_val │
├─────────┼─────┼─────┼─────┼─────┼───────┼──────────┼───────────┼─────────┼───────────┼───────────┼───────┼───────────┼───────────────┼────────────────────────────┼──────┼──────┼─────┼──────────┼──────────┼────────┼────────┼─────┼──────┼─────┼────────┼────────────┼───────────┼───────────────┤
│   21    │ 1.9 │ 1.9 │ 1.9 │ 1.9 │ 5900  │ 11210000 │  129500   │  5900   │ 11210000  │ 242952200 │       │           │ 1670926320000 │ '2022-12-13T10:12:00.000Z' │ 100  │  0   │  0  │ Infinity │    0     │ 2173.2 │ 3991.1 │  0  │      │ 2.7 │  5900  │  11210000  │   64100   │   120712200   │
│   22    │ 1.9 │ 1.9 │ 1.9 │ 1.9 │       │          │  131500   │  2000   │  3800000  │ 246752200 │ 2000  │  3800000  │ 1670926440000 │ '2022-12-13T10:14:00.000Z' │  0   │ 100  │  0  │    0     │ Infinity │ 2173.2 │ 3991.1 │  0  │ 0.5  │     │ -2000  │  -3800000  │   62100   │   116912200   │
│   23    │  2  │  2  │  2  │  2  │  100  │   200    │  131600   │   100   │    200    │ 246752400 │       │           │ 1670926560000 │ '2022-12-13T10:16:00.000Z' │ 100  │  0   │  0  │ Infinity │    0     │ 2173.2 │ 3991.1 │  0  │      │  0  │  100   │    200     │   62200   │   116912400   │
│   24    │  2  │  2  │  2  │  2  │  100  │   200    │  131700   │   100   │    200    │ 246752600 │       │           │ 1670927040000 │ '2022-12-13T10:24:00.000Z' │ 100  │  0   │  0  │ Infinity │    0     │ 2173.2 │ 3991.1 │  0  │      │  0  │  100   │    200     │   62300   │   116912600   │
│   25    │  2  │  2  │  2  │  2  │  300  │   600    │  132000   │   300   │    600    │ 246753200 │       │           │ 1670927520000 │ '2022-12-13T10:32:00.000Z' │ 100  │  0   │  0  │ Infinity │    0     │ 2173.2 │ 3991.1 │  0  │      │ 0.1 │  300   │    600     │   62600   │   116913200   │
│   26    │  2  │  2  │  2  │  2  │  200  │   400    │  132200   │   200   │    400    │ 246753600 │       │           │ 1670927640000 │ '2022-12-13T10:34:00.000Z' │ 100  │  0   │  0  │ Infinity │    0     │ 2173.2 │ 3991.1 │  0  │      │ 0.1 │  200   │    400     │   62800   │   116913600   │
│   27    │  2  │  2  │  2  │  2  │ 2500  │   5000   │  134700   │  2500   │   5000    │ 246758600 │       │           │ 1670927760000 │ '2022-12-13T10:36:00.000Z' │ 100  │  0   │  0  │ Infinity │    0     │ 2173.2 │ 3991.1 │  0  │      │ 1.2 │  2500  │    5000    │   65300   │   116918600   │
│   28    │ 1.9 │ 1.9 │ 1.9 │ 1.9 │       │          │  135200   │   500   │  950000   │ 247708600 │  500  │  950000   │ 1670928000000 │ '2022-12-13T10:40:00.000Z' │  0   │ 100  │  0  │    0     │ Infinity │ 2173.2 │ 3991.1 │  0  │ 0.1  │     │  -500  │  -950000   │   64800   │   115968600   │
│   29    │ 1.9 │ 1.9 │ 1.9 │ 1.9 │       │          │  135500   │   300   │  570000   │ 248278600 │  300  │  570000   │ 1670928360000 │ '2022-12-13T10:46:00.000Z' │  0   │ 100  │  0  │    0     │ Infinity │ 2173.2 │ 3991.1 │  0  │ 0.1  │     │  -300  │  -570000   │   64500   │   115398600   │
│   30    │ 1.9 │ 1.9 │ 1.9 │ 1.9 │       │          │  140500   │  5000   │  9500000  │ 257778600 │ 5000  │  9500000  │ 1670928480000 │ '2022-12-13T10:48:00.000Z' │  0   │ 100  │  0  │    0     │ Infinity │ 2173.2 │ 3991.1 │  0  │ 1.3  │     │ -5000  │  -9500000  │   59500   │   105898600   │
│   31    │ 1.9 │ 1.9 │ 1.9 │ 1.9 │       │          │  140600   │   100   │  190000   │ 257968600 │  100  │  190000   │ 1670928720000 │ '2022-12-13T10:52:00.000Z' │  0   │ 100  │  0  │    0     │ Infinity │ 2173.2 │ 3991.1 │  0  │  0   │     │  -100  │  -190000   │   59400   │   105708600   │
│   32    │ 1.9 │ 1.9 │ 1.9 │ 1.9 │       │          │  147200   │  6600   │ 12540000  │ 270508600 │ 6600  │ 12540000  │ 1670929080000 │ '2022-12-13T10:58:00.000Z' │  0   │ 100  │  0  │    0     │ Infinity │ 2173.2 │ 3991.1 │  0  │ 1.7  │     │ -6600  │ -12540000  │   52800   │   93168600    │
│   33    │ 1.9 │ 1.9 │ 1.9 │ 1.9 │       │          │  148200   │  1000   │  1900000  │ 272408600 │ 1000  │  1900000  │ 1670929200000 │ '2022-12-13T11:00:00.000Z' │  0   │ 100  │  0  │    0     │ Infinity │ 2173.2 │ 3991.1 │  0  │ 0.3  │     │ -1000  │  -1900000  │   51800   │   91268600    │
│   34    │ 1.9 │ 1.9 │ 1.9 │ 1.9 │       │          │  150200   │  2000   │  3800000  │ 276208600 │ 2000  │  3800000  │ 1670929560000 │ '2022-12-13T11:06:00.000Z' │  0   │ 100  │  0  │    0     │ Infinity │ 2173.2 │ 3991.1 │  0  │ 0.5  │     │ -2000  │  -3800000  │   49800   │   87468600    │
│   35    │ 1.9 │ 1.9 │ 1.9 │ 1.9 │       │          │  151200   │  1000   │  1900000  │ 278108600 │ 1000  │  1900000  │ 1670929680000 │ '2022-12-13T11:08:00.000Z' │  0   │ 100  │  0  │    0     │ Infinity │ 2173.2 │ 3991.1 │  0  │ 0.3  │     │ -1000  │  -1900000  │   48800   │   85568600    │
│   36    │ 1.9 │ 1.9 │ 1.9 │ 1.9 │       │          │  172300   │  21100  │ 40090000  │ 318198600 │ 21100 │ 40090000  │ 1670929800000 │ '2022-12-13T11:10:00.000Z' │  0   │ 100  │  0  │    0     │ Infinity │ 2173.2 │ 3991.1 │  0  │ 5.3  │     │ -21100 │ -40090000  │   27700   │   45478600    │
│   37    │  2  │  2  │  2  │  2  │  400  │   800    │  172700   │   400   │    800    │ 318199400 │       │           │ 1670930160000 │ '2022-12-13T11:16:00.000Z' │ 100  │  0   │  0  │ Infinity │    0     │ 2173.2 │ 3991.1 │  0  │      │ 0.2 │  400   │    800     │   28100   │   45479400    │
│   38    │  2  │  2  │  2  │  2  │  200  │   400    │  172900   │   200   │    400    │ 318199800 │       │           │ 1670930280000 │ '2022-12-13T11:18:00.000Z' │ 100  │  0   │  0  │ Infinity │    0     │ 2173.2 │ 3991.1 │  0  │      │ 0.1 │  200   │    400     │   28300   │   45479800    │
│   39    │ 1.9 │  2  │ 1.9 │  2  │ 12800 │ 12932000 │  219100   │  46200  │ 76392000  │ 394591800 │ 33400 │ 63460000  │ 1670936400000 │ '2022-12-13T13:00:00.000Z' │ 27.7 │ 72.3 │  0  │   0.4    │   2.6    │ 2173.2 │ 3991.1 │  0  │ 8.4  │ 5.9 │ -20600 │ -50528000  │   7700    │   -5048200    │
│   40    │ 1.9 │ 1.9 │ 1.9 │ 1.9 │ 1900  │ 3610000  │  221000   │  1900   │  3610000  │ 398201800 │       │           │ 1670936640000 │ '2022-12-13T13:04:00.000Z' │ 100  │  0   │  0  │ Infinity │    0     │ 2173.2 │ 3991.1 │  0  │      │ 0.9 │  1900  │  3610000   │   9600    │   -1438200    │
├─────────┼─────┼─────┼─────┼─────┼───────┼──────────┼───────────┼─────────┼───────────┼───────────┼───────┼───────────┼───────────────┼────────────────────────────┼──────┼──────┼─────┼──────────┼──────────┼────────┼────────┼─────┼──────┼─────┼────────┼────────────┼───────────┼───────────────┤
│ (index) │  c  │  h  │  l  │  o  │  bu   │  val_bu  │ total_vol │ sum_vol │    val    │ acum_val  │  sd   │  val_sd   │   datetime    │            date            │ pbu  │ psd  │ puk │    bs    │    sb    │  abu   │  asd   │ auk │ rsd  │ rbu │ bu-sd  │ bu-sd_val  │ acum_busd │ acum_busd_val │
├─────────┼─────┼─────┼─────┼─────┼───────┼──────────┼───────────┼─────────┼───────────┼───────────┼───────┼───────────┼───────────────┼────────────────────────────┼──────┼──────┼─────┼──────────┼──────────┼────────┼────────┼─────┼──────┼─────┼────────┼────────────┼───────────┼───────────────┤
│   41    │ 1.9 │ 1.9 │ 1.9 │ 1.9 │  600  │ 1140000  │  221600   │   600   │  1140000  │ 399341800 │       │           │ 1670936760000 │ '2022-12-13T13:06:00.000Z' │ 100  │  0   │  0  │ Infinity │    0     │ 2173.2 │ 3991.1 │  0  │      │ 0.3 │  600   │  1140000   │   10200   │    -298200    │
│   42    │ 1.9 │ 1.9 │ 1.9 │ 1.9 │ 3400  │ 6460000  │  225000   │  3400   │  6460000  │ 405801800 │       │           │ 1670936880000 │ '2022-12-13T13:08:00.000Z' │ 100  │  0   │  0  │ Infinity │    0     │ 2173.2 │ 3991.1 │  0  │      │ 1.6 │  3400  │  6460000   │   13600   │    6161800    │
│   43    │ 1.9 │ 1.9 │ 1.9 │ 1.9 │  100  │  190000  │  225100   │   100   │  190000   │ 405991800 │       │           │ 1670937240000 │ '2022-12-13T13:14:00.000Z' │ 100  │  0   │  0  │ Infinity │    0     │ 2173.2 │ 3991.1 │  0  │      │  0  │  100   │   190000   │   13700   │    6351800    │
│   44    │ 1.9 │ 1.9 │ 1.9 │ 1.9 │  100  │  190000  │  225200   │   100   │  190000   │ 406181800 │       │           │ 1670938200000 │ '2022-12-13T13:30:00.000Z' │ 100  │  0   │  0  │ Infinity │    0     │ 2173.2 │ 3991.1 │  0  │      │  0  │  100   │   190000   │   13800   │    6541800    │
│   45    │ 1.9 │ 1.9 │ 1.9 │ 1.9 │  100  │  190000  │  225300   │   100   │  190000   │ 406371800 │       │           │ 1670938560000 │ '2022-12-13T13:36:00.000Z' │ 100  │  0   │  0  │ Infinity │    0     │ 2173.2 │ 3991.1 │  0  │      │  0  │  100   │   190000   │   13900   │    6731800    │
│   46    │ 1.9 │ 1.9 │ 1.9 │ 1.9 │  100  │  190000  │  225400   │   100   │  190000   │ 406561800 │       │           │ 1670939160000 │ '2022-12-13T13:46:00.000Z' │ 100  │  0   │  0  │ Infinity │    0     │ 2173.2 │ 3991.1 │  0  │      │  0  │  100   │   190000   │   14000   │    6921800    │
│   47    │ 1.9 │ 1.9 │ 1.9 │ 1.9 │  100  │  190000  │  225500   │   100   │  190000   │ 406751800 │       │           │ 1670939400000 │ '2022-12-13T13:50:00.000Z' │ 100  │  0   │  0  │ Infinity │    0     │ 2173.2 │ 3991.1 │  0  │      │  0  │  100   │   190000   │   14100   │    7111800    │
│   48    │ 1.9 │ 1.9 │ 1.9 │ 1.9 │  600  │ 1140000  │  226100   │   600   │  1140000  │ 407891800 │       │           │ 1670939880000 │ '2022-12-13T13:58:00.000Z' │ 100  │  0   │  0  │ Infinity │    0     │ 2173.2 │ 3991.1 │  0  │      │ 0.3 │  600   │  1140000   │   14700   │    8251800    │
│   49    │ 1.9 │ 1.9 │ 1.9 │ 1.9 │  100  │  190000  │  226200   │   100   │  190000   │ 408081800 │       │           │ 1670940000000 │ '2022-12-13T14:00:00.000Z' │ 100  │  0   │  0  │ Infinity │    0     │ 2173.2 │ 3991.1 │  0  │      │  0  │  100   │   190000   │   14800   │    8441800    │
│   50    │ 1.9 │ 1.9 │ 1.9 │ 1.9 │  500  │  950000  │  226700   │   500   │  950000   │ 409031800 │       │           │ 1670940120000 │ '2022-12-13T14:02:00.000Z' │ 100  │  0   │  0  │ Infinity │    0     │ 2173.2 │ 3991.1 │  0  │      │ 0.2 │  500   │   950000   │   15300   │    9391800    │
│   51    │ 1.9 │ 1.9 │ 1.9 │ 1.9 │  700  │ 1330000  │  227400   │   700   │  1330000  │ 410361800 │       │           │ 1670940240000 │ '2022-12-13T14:04:00.000Z' │ 100  │  0   │  0  │ Infinity │    0     │ 2173.2 │ 3991.1 │  0  │      │ 0.3 │  700   │  1330000   │   16000   │   10721800    │
│   52    │ 1.8 │ 1.8 │ 1.8 │ 1.8 │       │          │  305900   │  78500  │ 141300000 │ 551661800 │ 78500 │ 141300000 │ 1670941200000 │ '2022-12-13T14:20:00.000Z' │  0   │ 100  │  0  │    0     │ Infinity │ 2173.2 │ 3991.1 │  0  │ 19.7 │     │ -78500 │ -141300000 │  -62500   │  -130578200   │
│   53    │ 1.8 │ 1.8 │ 1.8 │ 1.8 │       │          │  321900   │  16000  │ 28800000  │ 580461800 │ 16000 │ 28800000  │ 1670941320000 │ '2022-12-13T14:22:00.000Z' │  0   │ 100  │  0  │    0     │ Infinity │ 2173.2 │ 3991.1 │  0  │  4   │     │ -16000 │ -28800000  │  -78500   │  -159378200   │
│   54    │ 1.8 │ 1.8 │ 1.8 │ 1.8 │       │          │  323400   │  1500   │  2700000  │ 583161800 │ 1500  │  2700000  │ 1670941440000 │ '2022-12-13T14:24:00.000Z' │  0   │ 100  │  0  │    0     │ Infinity │ 2173.2 │ 3991.1 │  0  │ 0.4  │     │ -1500  │  -2700000  │  -80000   │  -162078200   │
│   55    │ 1.8 │ 1.8 │ 1.8 │ 1.8 │       │          │  345200   │  21800  │ 39240000  │ 622401800 │ 21800 │ 39240000  │ 1670942640000 │ '2022-12-13T14:44:00.000Z' │  0   │ 100  │  0  │    0     │ Infinity │ 2173.2 │ 3991.1 │  0  │ 5.5  │     │ -21800 │ -39240000  │  -101800  │  -201318200   │
└─────────┴─────┴─────┴─────┴─────┴───────┴──────────┴───────────┴─────────┴───────────┴───────────┴───────┴───────────┴───────────────┴────────────────────────────┴──────┴──────┴─────┴──────────┴──────────┴────────┴────────┴─────┴──────┴─────┴────────┴────────────┴───────────┴───────────────┘

