┌─────────┬──────┬──────┬──────┬──────┬──────┬──────────┬───────────┬─────────┬──────────┬───────────┬───────────────┬────────────────────────────┬─────┬─────┬─────┬──────────┬──────────┬────────┬───────┬─────┬─────┬───────┬───────────┬───────────┬───────────────┬──────┬──────────┬──────┐
│ (index) │  c   │  h   │  l   │  o   │  bu  │  val_bu  │ total_vol │ sum_vol │   val    │ acum_val  │   datetime    │            date            │ pbu │ psd │ puk │    bs    │    sb    │  abu   │  asd  │ auk │ rbu │ bu-sd │ bu-sd_val │ acum_busd │ acum_busd_val │  sd  │  val_sd  │ rsd  │
├─────────┼──────┼──────┼──────┼──────┼──────┼──────────┼───────────┼─────────┼──────────┼───────────┼───────────────┼────────────────────────────┼─────┼─────┼─────┼──────────┼──────────┼────────┼───────┼─────┼─────┼───────┼───────────┼───────────┼───────────────┼──────┼──────────┼──────┤
│    0    │ 7.1  │ 7.1  │ 7.1  │ 7.1  │ 3000 │ 21300000 │   3000    │  3000   │ 21300000 │ 21300000  │ 1670922960000 │ '2022-12-13T09:16:00.000Z' │ 100 │  0  │  0  │ Infinity │    0     │ 1363.2 │ 157.9 │  0  │ 2.2 │ 3000  │ 21300000  │   3000    │   21300000    │      │          │      │
│    1    │ 6.3  │ 6.31 │ 6.3  │ 6.31 │      │          │   5000    │  2000   │ 12610000 │ 33910000  │ 1670923080000 │ '2022-12-13T09:18:00.000Z' │  0  │ 100 │  0  │    0     │ Infinity │ 1363.2 │ 157.9 │  0  │     │ -2000 │ -12610000 │   1000    │    8690000    │ 2000 │ 12610000 │ 12.7 │
│    2    │ 7.09 │ 7.09 │ 7.09 │ 7.09 │ 1000 │ 7090000  │   6000    │  1000   │ 7090000  │ 41000000  │ 1670923200000 │ '2022-12-13T09:20:00.000Z' │ 100 │  0  │  0  │ Infinity │    0     │ 1363.2 │ 157.9 │  0  │ 0.7 │ 1000  │  7090000  │   2000    │   15780000    │      │          │      │
│    3    │  7   │ 7.07 │  7   │ 7.07 │ 3000 │ 21070000 │   9000    │  3000   │ 21070000 │ 62070000  │ 1670923320000 │ '2022-12-13T09:22:00.000Z' │ 100 │  0  │  0  │ Infinity │    0     │ 1363.2 │ 157.9 │  0  │ 2.2 │ 3000  │ 21070000  │   5000    │   36850000    │      │          │      │
│    4    │ 7.03 │ 7.03 │ 7.02 │ 7.02 │ 1500 │ 10540000 │   11000   │  2000   │ 14055000 │ 76125000  │ 1670923560000 │ '2022-12-13T09:26:00.000Z' │ 75  │ 25  │  0  │    3     │   0.3    │ 1363.2 │ 157.9 │  0  │ 1.1 │ 1000  │  7025000  │   6000    │   43875000    │ 500  │ 3515000  │ 3.2  │
│    5    │ 7.04 │ 7.04 │ 7.03 │ 7.03 │ 1000 │ 7036000  │   12000   │  1000   │ 7036000  │ 83161000  │ 1670923800000 │ '2022-12-13T09:30:00.000Z' │ 100 │  0  │  0  │ Infinity │    0     │ 1363.2 │ 157.9 │  0  │ 0.7 │ 1000  │  7036000  │   7000    │   50911000    │      │          │      │
│    6    │ 7.05 │ 7.05 │ 7.03 │ 7.03 │ 1000 │ 7047000  │   13000   │  1000   │ 7047000  │ 90208000  │ 1670924160000 │ '2022-12-13T09:36:00.000Z' │ 100 │  0  │  0  │ Infinity │    0     │ 1363.2 │ 157.9 │  0  │ 0.7 │ 1000  │  7047000  │   8000    │   57958000    │      │          │      │
│    7    │ 7.05 │ 7.05 │ 7.05 │ 7.05 │ 3000 │ 21150000 │   16000   │  3000   │ 21150000 │ 111358000 │ 1670924400000 │ '2022-12-13T09:40:00.000Z' │ 100 │  0  │  0  │ Infinity │    0     │ 1363.2 │ 157.9 │  0  │ 2.2 │ 3000  │ 21150000  │   11000   │   79108000    │      │          │      │
│    8    │ 7.04 │ 7.04 │ 7.04 │ 7.04 │ 1000 │ 7040000  │   17000   │  1000   │ 7040000  │ 118398000 │ 1670926920000 │ '2022-12-13T10:22:00.000Z' │ 100 │  0  │  0  │ Infinity │    0     │ 1363.2 │ 157.9 │  0  │ 0.7 │ 1000  │  7040000  │   12000   │   86148000    │      │          │      │
│    9    │ 7.04 │ 7.04 │ 7.04 │ 7.04 │ 1000 │ 7040000  │   18000   │  1000   │ 7040000  │ 125438000 │ 1670927160000 │ '2022-12-13T10:26:00.000Z' │ 100 │  0  │  0  │ Infinity │    0     │ 1363.2 │ 157.9 │  0  │ 0.7 │ 1000  │  7040000  │   13000   │   93188000    │      │          │      │
│   10    │ 7.04 │ 7.04 │ 7.04 │ 7.04 │ 1000 │ 7040000  │   19000   │  1000   │ 7040000  │ 132478000 │ 1670927520000 │ '2022-12-13T10:32:00.000Z' │ 100 │  0  │  0  │ Infinity │    0     │ 1363.2 │ 157.9 │  0  │ 0.7 │ 1000  │  7040000  │   14000   │   100228000   │      │          │      │
│   11    │ 6.42 │ 6.42 │ 6.42 │ 6.42 │      │          │   19100   │   100   │  642000  │ 133120000 │ 1670928120000 │ '2022-12-13T10:42:00.000Z' │  0  │ 100 │  0  │    0     │ Infinity │ 1363.2 │ 157.9 │  0  │     │ -100  │  -642000  │   13900   │   99586000    │ 100  │  642000  │ 0.6  │
│   12    │ 6.42 │ 6.42 │ 6.42 │ 6.42 │ 400  │ 2568000  │   19500   │   400   │ 2568000  │ 135688000 │ 1670928240000 │ '2022-12-13T10:44:00.000Z' │ 100 │  0  │  0  │ Infinity │    0     │ 1363.2 │ 157.9 │  0  │ 0.3 │  400  │  2568000  │   14300   │   102154000   │      │          │      │
│   13    │ 7.03 │ 7.03 │ 7.03 │ 7.03 │ 1000 │ 7030000  │   20500   │  1000   │ 7030000  │ 142718000 │ 1670928480000 │ '2022-12-13T10:48:00.000Z' │ 100 │  0  │  0  │ Infinity │    0     │ 1363.2 │ 157.9 │  0  │ 0.7 │ 1000  │  7030000  │   15300   │   109184000   │      │          │      │
│   14    │ 7.03 │ 7.03 │  7   │  7   │ 4000 │ 28085000 │   24500   │  4000   │ 28085000 │ 170803000 │ 1670930280000 │ '2022-12-13T11:18:00.000Z' │ 100 │  0  │  0  │ Infinity │    0     │ 1363.2 │ 157.9 │  0  │ 2.9 │ 4000  │ 28085000  │   19300   │   137269000   │      │          │      │
│   15    │ 7.03 │ 7.03 │ 7.03 │ 7.03 │ 2000 │ 14060000 │   26500   │  2000   │ 14060000 │ 184863000 │ 1670930400000 │ '2022-12-13T11:20:00.000Z' │ 100 │  0  │  0  │ Infinity │    0     │ 1363.2 │ 157.9 │  0  │ 1.5 │ 2000  │ 14060000  │   21300   │   151329000   │      │          │      │
│   16    │ 7.03 │ 7.03 │ 7.03 │ 7.03 │ 1000 │ 7030000  │   27500   │  1000   │ 7030000  │ 191893000 │ 1670930520000 │ '2022-12-13T11:22:00.000Z' │ 100 │  0  │  0  │ Infinity │    0     │ 1363.2 │ 157.9 │  0  │ 0.7 │ 1000  │  7030000  │   22300   │   158359000   │      │          │      │
│   17    │ 7.01 │ 7.01 │  7   │  7   │ 1000 │ 7009000  │   28500   │  1000   │ 7009000  │ 198902000 │ 1670938440000 │ '2022-12-13T13:34:00.000Z' │ 100 │  0  │  0  │ Infinity │    0     │ 1363.2 │ 157.9 │  0  │ 0.7 │ 1000  │  7009000  │   23300   │   165368000   │      │          │      │
│   18    │ 6.6  │ 6.6  │ 6.6  │ 6.6  │      │          │   28900   │   400   │ 2640000  │ 201542000 │ 1670940240000 │ '2022-12-13T14:04:00.000Z' │  0  │ 100 │  0  │    0     │ Infinity │ 1363.2 │ 157.9 │  0  │     │ -400  │ -2640000  │   22900   │   162728000   │ 400  │ 2640000  │ 2.5  │
└─────────┴──────┴──────┴──────┴──────┴──────┴──────────┴───────────┴─────────┴──────────┴───────────┴───────────────┴────────────────────────────┴─────┴─────┴─────┴──────────┴──────────┴────────┴───────┴─────┴─────┴───────┴───────────┴───────────┴───────────────┴──────┴──────────┴──────┘

├─────────┼──────┼──────┼──────┼──────┼──────┼──────────┼───────────┼─────────┼──────────┼───────────┼───────────────┼────────────────────────────┼─────┼─────┼─────┼──────────┼──────────┼────────┼───────┼─────┼─────┼───────┼───────────┼───────────┼───────────────┼──────┼──────────┼──────┤
│ (index) │  c   │  h   │  l   │  o   │  bu  │  val_bu  │ total_vol │ sum_vol │   val    │ acum_val  │   datetime    │            date            │ pbu │ psd │ puk │    bs    │    sb    │  abu   │  asd  │ auk │ rbu │ bu-sd │ bu-sd_val │ acum_busd │ acum_busd_val │  sd  │  val_sd  │ rsd  │
├─────────┼──────┼──────┼──────┼──────┼──────┼──────────┼───────────┼─────────┼──────────┼───────────┼───────────────┼────────────────────────────┼─────┼─────┼─────┼──────────┼──────────┼────────┼───────┼─────┼─────┼───────┼───────────┼───────────┼───────────────┼──────┼──────────┼──────┤
