┌─────────┬──────┬──────┬──────┬──────┬───────┬────────────┬───────────┬─────────┬────────────┬─────────────┬───────────────┬────────────────────────────┬──────┬──────┬─────┬──────────┬──────┬──────┬──────┬─────┬──────┬────────┬────────────┬───────────┬───────────────┬───────┬────────────┬──────┐
│ (index) │  c   │  h   │  l   │  o   │  bu   │   val_bu   │ total_vol │ sum_vol │    val     │  acum_val   │   datetime    │            date            │ pbu  │ psd  │ puk │    bs    │  sb  │ abu  │ asd  │ auk │ rbu  │ bu-sd  │ bu-sd_val  │ acum_busd │ acum_busd_val │  sd   │   val_sd   │ rsd  │
├─────────┼──────┼──────┼──────┼──────┼───────┼────────────┼───────────┼─────────┼────────────┼─────────────┼───────────────┼────────────────────────────┼──────┼──────┼─────┼──────────┼──────┼──────┼──────┼─────┼──────┼────────┼────────────┼───────────┼───────────────┼───────┼────────────┼──────┤
│    0    │ 58.4 │ 58.4 │ 58.3 │ 58.3 │ 16300 │ 950550000  │   16300   │  16300  │ 950550000  │  950550000  │ 1670922840000 │ '2022-12-13T09:14:00.000Z' │ 100  │  0   │  0  │ Infinity │  0   │ 4823 │ 1754 │  0  │ 3.4  │ 16300  │ 950550000  │   16300   │   950550000   │       │            │      │
│    1    │ 58.1 │ 58.4 │ 58.1 │ 58.4 │  800  │  46560000  │   27700   │  11400  │ 664090000  │ 1614640000  │ 1670922960000 │ '2022-12-13T09:16:00.000Z' │  7   │  93  │  0  │   0.1    │ 13.3 │ 4823 │ 1754 │  0  │ 0.2  │ -9800  │ -570970000 │   6500    │   379580000   │ 10600 │ 617530000  │  6   │
│    2    │  58  │ 58.1 │  58  │ 58.1 │ 2300  │ 133410000  │   32600   │  4900   │ 284210000  │ 1898850000  │ 1670923080000 │ '2022-12-13T09:18:00.000Z' │ 46.9 │ 53.1 │  0  │   0.9    │ 1.1  │ 4823 │ 1754 │  0  │ 0.5  │  -300  │ -17390000  │   6200    │   362190000   │ 2600  │ 150800000  │ 1.5  │
│    3    │  58  │  58  │  58  │  58  │ 6400  │ 371200000  │   39000   │  6400   │ 371200000  │ 2270050000  │ 1670923200000 │ '2022-12-13T09:20:00.000Z' │ 100  │  0   │  0  │ Infinity │  0   │ 4823 │ 1754 │  0  │ 1.3  │  6400  │ 371200000  │   12600   │   733390000   │       │            │      │
│    4    │  58  │  58  │  58  │  58  │ 3200  │ 185600000  │   42200   │  3200   │ 185600000  │ 2455650000  │ 1670923320000 │ '2022-12-13T09:22:00.000Z' │ 100  │  0   │  0  │ Infinity │  0   │ 4823 │ 1754 │  0  │ 0.7  │  3200  │ 185600000  │   15800   │   918990000   │       │            │      │
│    5    │  58  │  58  │ 57.9 │  58  │ 3600  │ 208800000  │   48800   │  6600   │ 382760000  │ 2838410000  │ 1670923440000 │ '2022-12-13T09:24:00.000Z' │ 54.5 │ 45.5 │  0  │   1.2    │ 0.8  │ 4823 │ 1754 │  0  │ 0.7  │  600   │  34840000  │   16400   │   953830000   │ 3000  │ 173960000  │ 1.7  │
│    6    │  58  │  58  │  58  │  58  │ 2900  │ 168200000  │   51700   │  2900   │ 168200000  │ 3006610000  │ 1670923560000 │ '2022-12-13T09:26:00.000Z' │ 100  │  0   │  0  │ Infinity │  0   │ 4823 │ 1754 │  0  │ 0.6  │  2900  │ 168200000  │   19300   │  1122030000   │       │            │      │
│    7    │  58  │  58  │  58  │  58  │ 2700  │ 156600000  │   54400   │  2700   │ 156600000  │ 3163210000  │ 1670923680000 │ '2022-12-13T09:28:00.000Z' │ 100  │  0   │  0  │ Infinity │  0   │ 4823 │ 1754 │  0  │ 0.6  │  2700  │ 156600000  │   22000   │  1278630000   │       │            │      │
│    8    │  58  │  58  │  58  │  58  │  900  │  52200000  │   55300   │   900   │  52200000  │ 3215410000  │ 1670923800000 │ '2022-12-13T09:30:00.000Z' │ 100  │  0   │  0  │ Infinity │  0   │ 4823 │ 1754 │  0  │ 0.2  │  900   │  52200000  │   22900   │  1330830000   │       │            │      │
│    9    │ 57.9 │ 58.1 │ 57.9 │  58  │ 4200  │ 243630000  │   61000   │  5700   │ 330620000  │ 3546030000  │ 1670923920000 │ '2022-12-13T09:32:00.000Z' │ 73.7 │ 26.3 │  0  │   2.8    │ 0.4  │ 4823 │ 1754 │  0  │ 0.9  │  2700  │ 156640000  │   25600   │  1487470000   │ 1500  │  86990000  │ 0.9  │
│   10    │  58  │  58  │  58  │  58  │ 2400  │ 139200000  │   63400   │  2400   │ 139200000  │ 3685230000  │ 1670924040000 │ '2022-12-13T09:34:00.000Z' │ 100  │  0   │  0  │ Infinity │  0   │ 4823 │ 1754 │  0  │ 0.5  │  2400  │ 139200000  │   28000   │  1626670000   │       │            │      │
│   11    │  58  │  58  │  58  │  58  │ 2400  │ 139200000  │   65800   │  2400   │ 139200000  │ 3824430000  │ 1670924160000 │ '2022-12-13T09:36:00.000Z' │ 100  │  0   │  0  │ Infinity │  0   │ 4823 │ 1754 │  0  │ 0.5  │  2400  │ 139200000  │   30400   │  1765870000   │       │            │      │
│   12    │ 58.1 │ 58.1 │  58  │  58  │ 2300  │ 133430000  │   68800   │  3000   │ 174030000  │ 3998460000  │ 1670924280000 │ '2022-12-13T09:38:00.000Z' │ 76.7 │ 23.3 │  0  │   3.3    │ 0.3  │ 4823 │ 1754 │  0  │ 0.5  │  1600  │  92830000  │   32000   │  1858700000   │  700  │  40600000  │ 0.4  │
│   13    │ 58.1 │ 58.1 │ 58.1 │ 58.1 │ 1300  │  75530000  │   70100   │  1300   │  75530000  │ 4073990000  │ 1670924400000 │ '2022-12-13T09:40:00.000Z' │ 100  │  0   │  0  │ Infinity │  0   │ 4823 │ 1754 │  0  │ 0.3  │  1300  │  75530000  │   33300   │  1934230000   │       │            │      │
│   14    │  58  │ 58.1 │  58  │ 58.1 │ 3400  │ 197290000  │   74900   │  4800   │ 278540000  │ 4352530000  │ 1670924520000 │ '2022-12-13T09:42:00.000Z' │ 70.8 │ 29.2 │  0  │   2.4    │ 0.4  │ 4823 │ 1754 │  0  │ 0.7  │  2000  │ 116040000  │   35300   │  2050270000   │ 1400  │  81250000  │ 0.8  │
│   15    │ 58.1 │ 58.1 │ 58.1 │ 58.1 │ 1400  │  81340000  │   76300   │  1400   │  81340000  │ 4433870000  │ 1670924640000 │ '2022-12-13T09:44:00.000Z' │ 100  │  0   │  0  │ Infinity │  0   │ 4823 │ 1754 │  0  │ 0.3  │  1400  │  81340000  │   36700   │  2131610000   │       │            │      │
│   16    │ 58.1 │ 58.1 │ 58.1 │ 58.1 │ 2300  │ 133630000  │   78600   │  2300   │ 133630000  │ 4567500000  │ 1670924760000 │ '2022-12-13T09:46:00.000Z' │ 100  │  0   │  0  │ Infinity │  0   │ 4823 │ 1754 │  0  │ 0.5  │  2300  │ 133630000  │   39000   │  2265240000   │       │            │      │
│   17    │  58  │ 58.1 │  58  │ 58.1 │ 2800  │ 162630000  │   83500   │  4900   │ 284570000  │ 4852070000  │ 1670924880000 │ '2022-12-13T09:48:00.000Z' │ 57.1 │ 42.9 │  0  │   1.3    │ 0.8  │ 4823 │ 1754 │  0  │ 0.6  │  700   │  40690000  │   39700   │  2305930000   │ 2100  │ 121940000  │ 1.2  │
│   18    │  58  │  58  │  58  │  58  │ 4600  │ 266800000  │   88100   │  4600   │ 266800000  │ 5118870000  │ 1670925000000 │ '2022-12-13T09:50:00.000Z' │ 100  │  0   │  0  │ Infinity │  0   │ 4823 │ 1754 │  0  │  1   │  4600  │ 266800000  │   44300   │  2572730000   │       │            │      │
│   19    │  58  │ 58.1 │  58  │ 58.1 │  400  │  23240000  │   88600   │   500   │  29040000  │ 5147910000  │ 1670925120000 │ '2022-12-13T09:52:00.000Z' │  80  │  20  │  0  │    4     │ 0.3  │ 4823 │ 1754 │  0  │ 0.1  │  300   │  17440000  │   44600   │  2590170000   │  100  │  5800000   │ 0.1  │
│   20    │ 58.1 │ 58.1 │ 58.1 │ 58.1 │  800  │  46480000  │   89400   │   800   │  46480000  │ 5194390000  │ 1670925240000 │ '2022-12-13T09:54:00.000Z' │ 100  │  0   │  0  │ Infinity │  0   │ 4823 │ 1754 │  0  │ 0.2  │  800   │  46480000  │   45400   │  2636650000   │       │            │      │
├─────────┼──────┼──────┼──────┼──────┼───────┼────────────┼───────────┼─────────┼────────────┼─────────────┼───────────────┼────────────────────────────┼──────┼──────┼─────┼──────────┼──────┼──────┼──────┼─────┼──────┼────────┼────────────┼───────────┼───────────────┼───────┼────────────┼──────┤
│ (index) │  c   │  h   │  l   │  o   │  bu   │   val_bu   │ total_vol │ sum_vol │    val     │  acum_val   │   datetime    │            date            │ pbu  │ psd  │ puk │    bs    │  sb  │ abu  │ asd  │ auk │ rbu  │ bu-sd  │ bu-sd_val  │ acum_busd │ acum_busd_val │  sd   │   val_sd   │ rsd  │
├─────────┼──────┼──────┼──────┼──────┼───────┼────────────┼───────────┼─────────┼────────────┼─────────────┼───────────────┼────────────────────────────┼──────┼──────┼─────┼──────────┼──────┼──────┼──────┼─────┼──────┼────────┼────────────┼───────────┼───────────────┼───────┼────────────┼──────┤
│   21    │  58  │ 58.1 │  58  │ 58.1 │ 3800  │ 220750000  │   94700   │  5300   │ 307750000  │ 5502140000  │ 1670925360000 │ '2022-12-13T09:56:00.000Z' │ 71.7 │ 28.3 │  0  │   2.5    │ 0.4  │ 4823 │ 1754 │  0  │ 0.8  │  2300  │ 133750000  │   47700   │  2770400000   │ 1500  │  87000000  │ 0.9  │
│   22    │  58  │  58  │  58  │  58  │ 2200  │ 127600000  │   96900   │  2200   │ 127600000  │ 5629740000  │ 1670925480000 │ '2022-12-13T09:58:00.000Z' │ 100  │  0   │  0  │ Infinity │  0   │ 4823 │ 1754 │  0  │ 0.5  │  2200  │ 127600000  │   49900   │  2898000000   │       │            │      │
│   23    │  58  │  58  │  58  │  58  │ 1500  │  87000000  │   98400   │  1500   │  87000000  │ 5716740000  │ 1670925600000 │ '2022-12-13T10:00:00.000Z' │ 100  │  0   │  0  │ Infinity │  0   │ 4823 │ 1754 │  0  │ 0.3  │  1500  │  87000000  │   51400   │  2985000000   │       │            │      │
│   24    │  58  │  58  │  58  │  58  │  700  │  40600000  │   99100   │   700   │  40600000  │ 5757340000  │ 1670925720000 │ '2022-12-13T10:02:00.000Z' │ 100  │  0   │  0  │ Infinity │  0   │ 4823 │ 1754 │  0  │ 0.1  │  700   │  40600000  │   52100   │  3025600000   │       │            │      │
│   25    │  58  │  58  │  58  │  58  │ 1100  │  63800000  │  100700   │  1600   │  92800000  │ 5850140000  │ 1670925840000 │ '2022-12-13T10:04:00.000Z' │ 68.8 │ 31.3 │  0  │   2.2    │ 0.5  │ 4823 │ 1754 │  0  │ 0.2  │  600   │  34800000  │   52700   │  3060400000   │  500  │  29000000  │ 0.3  │
│   26    │  58  │  58  │  58  │  58  │ 1000  │  58000000  │  101700   │  1000   │  58000000  │ 5908140000  │ 1670925960000 │ '2022-12-13T10:06:00.000Z' │ 100  │  0   │  0  │ Infinity │  0   │ 4823 │ 1754 │  0  │ 0.2  │  1000  │  58000000  │   53700   │  3118400000   │       │            │      │
│   27    │  58  │  58  │  58  │  58  │ 2500  │ 145000000  │  104200   │  2500   │ 145000000  │ 6053140000  │ 1670926080000 │ '2022-12-13T10:08:00.000Z' │ 100  │  0   │  0  │ Infinity │  0   │ 4823 │ 1754 │  0  │ 0.5  │  2500  │ 145000000  │   56200   │  3263400000   │       │            │      │
│   28    │  58  │ 58.1 │  58  │  58  │ 1900  │ 110250000  │  106600   │  2400   │ 139250000  │ 6192390000  │ 1670926200000 │ '2022-12-13T10:10:00.000Z' │ 79.2 │ 20.8 │  0  │   3.8    │ 0.3  │ 4823 │ 1754 │  0  │ 0.4  │  1400  │  81250000  │   57600   │  3344650000   │  500  │  29000000  │ 0.3  │
│   29    │  58  │ 58.1 │  58  │  58  │  500  │  29030000  │  109000   │  2400   │ 139230000  │ 6331620000  │ 1670926320000 │ '2022-12-13T10:12:00.000Z' │ 20.8 │ 79.2 │  0  │   0.3    │ 3.8  │ 4823 │ 1754 │  0  │ 0.1  │ -1400  │ -81170000  │   56200   │  3263480000   │ 1900  │ 110200000  │ 1.1  │
│   30    │  58  │  58  │  58  │  58  │ 1000  │  58000000  │  110000   │  1000   │  58000000  │ 6389620000  │ 1670926440000 │ '2022-12-13T10:14:00.000Z' │ 100  │  0   │  0  │ Infinity │  0   │ 4823 │ 1754 │  0  │ 0.2  │  1000  │  58000000  │   57200   │  3321480000   │       │            │      │
│   31    │  58  │  58  │  58  │  58  │  900  │  52200000  │  110900   │   900   │  52200000  │ 6441820000  │ 1670926560000 │ '2022-12-13T10:16:00.000Z' │ 100  │  0   │  0  │ Infinity │  0   │ 4823 │ 1754 │  0  │ 0.2  │  900   │  52200000  │   58100   │  3373680000   │       │            │      │
│   32    │  58  │ 58.1 │  58  │ 58.1 │ 1400  │  81220000  │  112500   │  1600   │  92820000  │ 6534640000  │ 1670926680000 │ '2022-12-13T10:18:00.000Z' │ 87.5 │ 12.5 │  0  │    7     │ 0.1  │ 4823 │ 1754 │  0  │ 0.3  │  1200  │  69620000  │   59300   │  3443300000   │  200  │  11600000  │ 0.1  │
│   33    │ 58.1 │ 58.1 │  58  │  58  │ 1800  │ 104510000  │  114300   │  1800   │ 104510000  │ 6639150000  │ 1670926800000 │ '2022-12-13T10:20:00.000Z' │ 100  │  0   │  0  │ Infinity │  0   │ 4823 │ 1754 │  0  │ 0.4  │  1800  │ 104510000  │   61100   │  3547810000   │       │            │      │
│   34    │  58  │ 58.2 │  58  │ 58.1 │  700  │  40660000  │  115500   │  1200   │  69710000  │ 6708860000  │ 1670926920000 │ '2022-12-13T10:22:00.000Z' │ 58.3 │ 41.7 │  0  │   1.4    │ 0.7  │ 4823 │ 1754 │  0  │ 0.1  │  200   │  11610000  │   61300   │  3559420000   │  500  │  29050000  │ 0.3  │
│   35    │  58  │  58  │  58  │  58  │ 1000  │  58000000  │  116500   │  1000   │  58000000  │ 6766860000  │ 1670927040000 │ '2022-12-13T10:24:00.000Z' │ 100  │  0   │  0  │ Infinity │  0   │ 4823 │ 1754 │  0  │ 0.2  │  1000  │  58000000  │   62300   │  3617420000   │       │            │      │
│   36    │  58  │  58  │  58  │  58  │  900  │  52200000  │  117400   │   900   │  52200000  │ 6819060000  │ 1670927160000 │ '2022-12-13T10:26:00.000Z' │ 100  │  0   │  0  │ Infinity │  0   │ 4823 │ 1754 │  0  │ 0.2  │  900   │  52200000  │   63200   │  3669620000   │       │            │      │
│   37    │  58  │  58  │  58  │  58  │ 1300  │  75400000  │  118700   │  1300   │  75400000  │ 6894460000  │ 1670927280000 │ '2022-12-13T10:28:00.000Z' │ 100  │  0   │  0  │ Infinity │  0   │ 4823 │ 1754 │  0  │ 0.3  │  1300  │  75400000  │   64500   │  3745020000   │       │            │      │
│   38    │  58  │  58  │  58  │  58  │  800  │  46400000  │  119500   │   800   │  46400000  │ 6940860000  │ 1670927400000 │ '2022-12-13T10:30:00.000Z' │ 100  │  0   │  0  │ Infinity │  0   │ 4823 │ 1754 │  0  │ 0.2  │  800   │  46400000  │   65300   │  3791420000   │       │            │      │
│   39    │  58  │  58  │  58  │  58  │ 1500  │  87000000  │  121000   │  1500   │  87000000  │ 7027860000  │ 1670927520000 │ '2022-12-13T10:32:00.000Z' │ 100  │  0   │  0  │ Infinity │  0   │ 4823 │ 1754 │  0  │ 0.3  │  1500  │  87000000  │   66800   │  3878420000   │       │            │      │
│   40    │  58  │  58  │  58  │  58  │ 1000  │  58000000  │  122000   │  1000   │  58000000  │ 7085860000  │ 1670927640000 │ '2022-12-13T10:34:00.000Z' │ 100  │  0   │  0  │ Infinity │  0   │ 4823 │ 1754 │  0  │ 0.2  │  1000  │  58000000  │   67800   │  3936420000   │       │            │      │
├─────────┼──────┼──────┼──────┼──────┼───────┼────────────┼───────────┼─────────┼────────────┼─────────────┼───────────────┼────────────────────────────┼──────┼──────┼─────┼──────────┼──────┼──────┼──────┼─────┼──────┼────────┼────────────┼───────────┼───────────────┼───────┼────────────┼──────┤
│ (index) │  c   │  h   │  l   │  o   │  bu   │   val_bu   │ total_vol │ sum_vol │    val     │  acum_val   │   datetime    │            date            │ pbu  │ psd  │ puk │    bs    │  sb  │ abu  │ asd  │ auk │ rbu  │ bu-sd  │ bu-sd_val  │ acum_busd │ acum_busd_val │  sd   │   val_sd   │ rsd  │
├─────────┼──────┼──────┼──────┼──────┼───────┼────────────┼───────────┼─────────┼────────────┼─────────────┼───────────────┼────────────────────────────┼──────┼──────┼─────┼──────────┼──────┼──────┼──────┼─────┼──────┼────────┼────────────┼───────────┼───────────────┼───────┼────────────┼──────┤
│   41    │  58  │  58  │  58  │  58  │ 1000  │  58000000  │  123000   │  1000   │  58000000  │ 7143860000  │ 1670927760000 │ '2022-12-13T10:36:00.000Z' │ 100  │  0   │  0  │ Infinity │  0   │ 4823 │ 1754 │  0  │ 0.2  │  1000  │  58000000  │   68800   │  3994420000   │       │            │      │
│   42    │  58  │  58  │  58  │  58  │ 1500  │  87000000  │  124500   │  1500   │  87000000  │ 7230860000  │ 1670927880000 │ '2022-12-13T10:38:00.000Z' │ 100  │  0   │  0  │ Infinity │  0   │ 4823 │ 1754 │  0  │ 0.3  │  1500  │  87000000  │   70300   │  4081420000   │       │            │      │
│   43    │  58  │  58  │  58  │  58  │  900  │  52200000  │  125400   │   900   │  52200000  │ 7283060000  │ 1670928000000 │ '2022-12-13T10:40:00.000Z' │ 100  │  0   │  0  │ Infinity │  0   │ 4823 │ 1754 │  0  │ 0.2  │  900   │  52200000  │   71200   │  4133620000   │       │            │      │
│   44    │  58  │  58  │  58  │  58  │ 1300  │  75400000  │  126700   │  1300   │  75400000  │ 7358460000  │ 1670928120000 │ '2022-12-13T10:42:00.000Z' │ 100  │  0   │  0  │ Infinity │  0   │ 4823 │ 1754 │  0  │ 0.3  │  1300  │  75400000  │   72500   │  4209020000   │       │            │      │
│   45    │  58  │  58  │  58  │  58  │ 1000  │  58000000  │  127700   │  1000   │  58000000  │ 7416460000  │ 1670928240000 │ '2022-12-13T10:44:00.000Z' │ 100  │  0   │  0  │ Infinity │  0   │ 4823 │ 1754 │  0  │ 0.2  │  1000  │  58000000  │   73500   │  4267020000   │       │            │      │
│   46    │  58  │  58  │  58  │  58  │  600  │  34800000  │  128300   │   600   │  34800000  │ 7451260000  │ 1670928360000 │ '2022-12-13T10:46:00.000Z' │ 100  │  0   │  0  │ Infinity │  0   │ 4823 │ 1754 │  0  │ 0.1  │  600   │  34800000  │   74100   │  4301820000   │       │            │      │
│   47    │  58  │  58  │  58  │  58  │  700  │  40600000  │  129000   │   700   │  40600000  │ 7491860000  │ 1670928480000 │ '2022-12-13T10:48:00.000Z' │ 100  │  0   │  0  │ Infinity │  0   │ 4823 │ 1754 │  0  │ 0.1  │  700   │  40600000  │   74800   │  4342420000   │       │            │      │
│   48    │ 58.1 │ 58.1 │ 58.1 │ 58.1 │  400  │  23240000  │  129400   │   400   │  23240000  │ 7515100000  │ 1670928600000 │ '2022-12-13T10:50:00.000Z' │ 100  │  0   │  0  │ Infinity │  0   │ 4823 │ 1754 │  0  │ 0.1  │  400   │  23240000  │   75200   │  4365660000   │       │            │      │
│   49    │ 58.1 │ 58.1 │ 58.1 │ 58.1 │  100  │  5810000   │  129500   │   100   │  5810000   │ 7520910000  │ 1670928720000 │ '2022-12-13T10:52:00.000Z' │ 100  │  0   │  0  │ Infinity │  0   │ 4823 │ 1754 │  0  │  0   │  100   │  5810000   │   75300   │  4371470000   │       │            │      │
│   50    │ 58.1 │ 58.1 │ 58.1 │ 58.1 │  800  │  46480000  │  130300   │   800   │  46480000  │ 7567390000  │ 1670928960000 │ '2022-12-13T10:56:00.000Z' │ 100  │  0   │  0  │ Infinity │  0   │ 4823 │ 1754 │  0  │ 0.2  │  800   │  46480000  │   76100   │  4417950000   │       │            │      │
│   51    │ 58.1 │ 58.1 │ 58.1 │ 58.1 │ 1500  │  87150000  │  131800   │  1500   │  87150000  │ 7654540000  │ 1670929080000 │ '2022-12-13T10:58:00.000Z' │ 100  │  0   │  0  │ Infinity │  0   │ 4823 │ 1754 │  0  │ 0.3  │  1500  │  87150000  │   77600   │  4505100000   │       │            │      │
│   52    │ 58.1 │ 58.1 │ 58.1 │ 58.1 │  700  │  40670000  │  132500   │   700   │  40670000  │ 7695210000  │ 1670929200000 │ '2022-12-13T11:00:00.000Z' │ 100  │  0   │  0  │ Infinity │  0   │ 4823 │ 1754 │  0  │ 0.1  │  700   │  40670000  │   78300   │  4545770000   │       │            │      │
│   53    │ 58.1 │ 58.1 │ 58.1 │ 58.1 │  400  │  23240000  │  132900   │   400   │  23240000  │ 7718450000  │ 1670929320000 │ '2022-12-13T11:02:00.000Z' │ 100  │  0   │  0  │ Infinity │  0   │ 4823 │ 1754 │  0  │ 0.1  │  400   │  23240000  │   78700   │  4569010000   │       │            │      │
│   54    │ 58.1 │ 58.1 │ 58.1 │ 58.1 │  300  │  17430000  │  133200   │   300   │  17430000  │ 7735880000  │ 1670929440000 │ '2022-12-13T11:04:00.000Z' │ 100  │  0   │  0  │ Infinity │  0   │ 4823 │ 1754 │  0  │ 0.1  │  300   │  17430000  │   79000   │  4586440000   │       │            │      │
│   55    │ 58.1 │ 58.1 │ 58.1 │ 58.1 │  100  │  5810000   │  133300   │   100   │  5810000   │ 7741690000  │ 1670929560000 │ '2022-12-13T11:06:00.000Z' │ 100  │  0   │  0  │ Infinity │  0   │ 4823 │ 1754 │  0  │  0   │  100   │  5810000   │   79100   │  4592250000   │       │            │      │
│   56    │ 58.1 │ 58.1 │ 58.1 │ 58.1 │  900  │  52290000  │  134200   │   900   │  52290000  │ 7793980000  │ 1670929680000 │ '2022-12-13T11:08:00.000Z' │ 100  │  0   │  0  │ Infinity │  0   │ 4823 │ 1754 │  0  │ 0.2  │  900   │  52290000  │   80000   │  4644540000   │       │            │      │
│   57    │ 58.1 │ 58.1 │ 58.1 │ 58.1 │  700  │  40670000  │  134900   │   700   │  40670000  │ 7834650000  │ 1670929800000 │ '2022-12-13T11:10:00.000Z' │ 100  │  0   │  0  │ Infinity │  0   │ 4823 │ 1754 │  0  │ 0.1  │  700   │  40670000  │   80700   │  4685210000   │       │            │      │
│   58    │ 58.2 │ 58.2 │ 58.2 │ 58.2 │ 1300  │  75660000  │  136200   │  1300   │  75660000  │ 7910310000  │ 1670929920000 │ '2022-12-13T11:12:00.000Z' │ 100  │  0   │  0  │ Infinity │  0   │ 4823 │ 1754 │  0  │ 0.3  │  1300  │  75660000  │   82000   │  4760870000   │       │            │      │
│   59    │ 58.2 │ 58.2 │ 58.2 │ 58.2 │  700  │  40740000  │  136900   │   700   │  40740000  │ 7951050000  │ 1670930040000 │ '2022-12-13T11:14:00.000Z' │ 100  │  0   │  0  │ Infinity │  0   │ 4823 │ 1754 │  0  │ 0.1  │  700   │  40740000  │   82700   │  4801610000   │       │            │      │
│   60    │ 58.3 │ 58.3 │ 58.2 │ 58.2 │ 1500  │  87340000  │  138400   │  1500   │  87340000  │ 8038390000  │ 1670930160000 │ '2022-12-13T11:16:00.000Z' │ 100  │  0   │  0  │ Infinity │  0   │ 4823 │ 1754 │  0  │ 0.3  │  1500  │  87340000  │   84200   │  4888950000   │       │            │      │
├─────────┼──────┼──────┼──────┼──────┼───────┼────────────┼───────────┼─────────┼────────────┼─────────────┼───────────────┼────────────────────────────┼──────┼──────┼─────┼──────────┼──────┼──────┼──────┼─────┼──────┼────────┼────────────┼───────────┼───────────────┼───────┼────────────┼──────┤
│ (index) │  c   │  h   │  l   │  o   │  bu   │   val_bu   │ total_vol │ sum_vol │    val     │  acum_val   │   datetime    │            date            │ pbu  │ psd  │ puk │    bs    │  sb  │ abu  │ asd  │ auk │ rbu  │ bu-sd  │ bu-sd_val  │ acum_busd │ acum_busd_val │  sd   │   val_sd   │ rsd  │
├─────────┼──────┼──────┼──────┼──────┼───────┼────────────┼───────────┼─────────┼────────────┼─────────────┼───────────────┼────────────────────────────┼──────┼──────┼─────┼──────────┼──────┼──────┼──────┼─────┼──────┼────────┼────────────┼───────────┼───────────────┼───────┼────────────┼──────┤
│   61    │ 58.3 │ 58.3 │ 58.3 │ 58.3 │  800  │  46640000  │  139200   │   800   │  46640000  │ 8085030000  │ 1670930280000 │ '2022-12-13T11:18:00.000Z' │ 100  │  0   │  0  │ Infinity │  0   │ 4823 │ 1754 │  0  │ 0.2  │  800   │  46640000  │   85000   │  4935590000   │       │            │      │
│   62    │  58  │ 58.3 │  58  │ 58.3 │  900  │  52290000  │  141400   │  2200   │ 127700000  │ 8212730000  │ 1670930400000 │ '2022-12-13T11:20:00.000Z' │ 40.9 │ 59.1 │  0  │   0.7    │ 1.4  │ 4823 │ 1754 │  0  │ 0.2  │  -400  │ -23120000  │   84600   │  4912470000   │ 1300  │  75410000  │ 0.7  │
│   63    │  58  │  58  │  58  │  58  │  900  │  52200000  │  142300   │   900   │  52200000  │ 8264930000  │ 1670930520000 │ '2022-12-13T11:22:00.000Z' │ 100  │  0   │  0  │ Infinity │  0   │ 4823 │ 1754 │  0  │ 0.2  │  900   │  52200000  │   85500   │  4964670000   │       │            │      │
│   64    │  58  │  58  │  58  │  58  │ 2500  │ 145000000  │  144800   │  2500   │ 145000000  │ 8409930000  │ 1670930640000 │ '2022-12-13T11:24:00.000Z' │ 100  │  0   │  0  │ Infinity │  0   │ 4823 │ 1754 │  0  │ 0.5  │  2500  │ 145000000  │   88000   │  5109670000   │       │            │      │
│   65    │  58  │  58  │  58  │  58  │ 1000  │  58000000  │  145800   │  1000   │  58000000  │ 8467930000  │ 1670930760000 │ '2022-12-13T11:26:00.000Z' │ 100  │  0   │  0  │ Infinity │  0   │ 4823 │ 1754 │  0  │ 0.2  │  1000  │  58000000  │   89000   │  5167670000   │       │            │      │
│   66    │  58  │  58  │  58  │  58  │  800  │  46400000  │  146600   │   800   │  46400000  │ 8514330000  │ 1670930880000 │ '2022-12-13T11:28:00.000Z' │ 100  │  0   │  0  │ Infinity │  0   │ 4823 │ 1754 │  0  │ 0.2  │  800   │  46400000  │   89800   │  5214070000   │       │            │      │
│   67    │  58  │  58  │  58  │  58  │ 1000  │  58000000  │  147600   │  1000   │  58000000  │ 8572330000  │ 1670936400000 │ '2022-12-13T13:00:00.000Z' │ 100  │  0   │  0  │ Infinity │  0   │ 4823 │ 1754 │  0  │ 0.2  │  1000  │  58000000  │   90800   │  5272070000   │       │            │      │
│   68    │  58  │  58  │  58  │  58  │ 1200  │  69600000  │  148800   │  1200   │  69600000  │ 8641930000  │ 1670936520000 │ '2022-12-13T13:02:00.000Z' │ 100  │  0   │  0  │ Infinity │  0   │ 4823 │ 1754 │  0  │ 0.2  │  1200  │  69600000  │   92000   │  5341670000   │       │            │      │
│   69    │ 58.1 │ 58.1 │  58  │  58  │ 1500  │  87120000  │  150300   │  1500   │  87120000  │ 8729050000  │ 1670936640000 │ '2022-12-13T13:04:00.000Z' │ 100  │  0   │  0  │ Infinity │  0   │ 4823 │ 1754 │  0  │ 0.3  │  1500  │  87120000  │   93500   │  5428790000   │       │            │      │
│   70    │ 58.1 │ 58.1 │ 58.1 │ 58.1 │ 1300  │  75530000  │  151600   │  1300   │  75530000  │ 8804580000  │ 1670936760000 │ '2022-12-13T13:06:00.000Z' │ 100  │  0   │  0  │ Infinity │  0   │ 4823 │ 1754 │  0  │ 0.3  │  1300  │  75530000  │   94800   │  5504320000   │       │            │      │
│   71    │ 58.1 │ 58.1 │ 58.1 │ 58.1 │  700  │  40670000  │  152300   │   700   │  40670000  │ 8845250000  │ 1670936880000 │ '2022-12-13T13:08:00.000Z' │ 100  │  0   │  0  │ Infinity │  0   │ 4823 │ 1754 │  0  │ 0.1  │  700   │  40670000  │   95500   │  5544990000   │       │            │      │
│   72    │ 58.2 │ 58.2 │ 58.2 │ 58.2 │  900  │  52380000  │  153200   │   900   │  52380000  │ 8897630000  │ 1670937000000 │ '2022-12-13T13:10:00.000Z' │ 100  │  0   │  0  │ Infinity │  0   │ 4823 │ 1754 │  0  │ 0.2  │  900   │  52380000  │   96400   │  5597370000   │       │            │      │
│   73    │ 58.2 │ 58.2 │ 58.2 │ 58.2 │  800  │  46560000  │  154000   │   800   │  46560000  │ 8944190000  │ 1670937120000 │ '2022-12-13T13:12:00.000Z' │ 100  │  0   │  0  │ Infinity │  0   │ 4823 │ 1754 │  0  │ 0.2  │  800   │  46560000  │   97200   │  5643930000   │       │            │      │
│   74    │ 58.2 │ 58.2 │ 58.2 │ 58.2 │  900  │  52380000  │  154900   │   900   │  52380000  │ 8996570000  │ 1670937240000 │ '2022-12-13T13:14:00.000Z' │ 100  │  0   │  0  │ Infinity │  0   │ 4823 │ 1754 │  0  │ 0.2  │  900   │  52380000  │   98100   │  5696310000   │       │            │      │
│   75    │ 58.3 │ 58.3 │ 58.2 │ 58.2 │ 2100  │ 122280000  │  157000   │  2100   │ 122280000  │ 9118850000  │ 1670937360000 │ '2022-12-13T13:16:00.000Z' │ 100  │  0   │  0  │ Infinity │  0   │ 4823 │ 1754 │  0  │ 0.4  │  2100  │ 122280000  │  100200   │  5818590000   │       │            │      │
│   76    │ 58.1 │ 58.3 │ 58.1 │ 58.3 │ 15300 │ 889630000  │  177900   │  20900  │ 1215050000 │ 10333900000 │ 1670937480000 │ '2022-12-13T13:18:00.000Z' │ 73.2 │ 26.8 │  0  │   2.7    │ 0.4  │ 4823 │ 1754 │  0  │ 3.2  │  9700  │ 564210000  │  109900   │  6382800000   │ 5600  │ 325420000  │ 3.2  │
│   77    │ 58.2 │ 58.2 │ 58.1 │ 58.1 │ 15800 │ 918320000  │  196500   │  18600  │ 1081000000 │ 11414900000 │ 1670937600000 │ '2022-12-13T13:20:00.000Z' │ 84.9 │ 15.1 │  0  │   5.6    │ 0.2  │ 4823 │ 1754 │  0  │ 3.3  │ 13000  │ 755640000  │  122900   │  7138440000   │ 2800  │ 162680000  │ 1.6  │
│   78    │ 58.1 │ 58.2 │ 58.1 │ 58.2 │ 14800 │ 860130000  │  217800   │  21300  │ 1237890000 │ 12652790000 │ 1670937720000 │ '2022-12-13T13:22:00.000Z' │ 69.5 │ 30.5 │  0  │   2.3    │ 0.4  │ 4823 │ 1754 │  0  │ 3.1  │  8300  │ 482370000  │  131200   │  7620810000   │ 6500  │ 377760000  │ 3.7  │
│   79    │ 58.1 │ 58.2 │ 58.1 │ 58.1 │ 9600  │ 558150000  │  230400   │  12600  │ 732450000  │ 13385240000 │ 1670937840000 │ '2022-12-13T13:24:00.000Z' │ 76.2 │ 23.8 │  0  │   3.2    │ 0.3  │ 4823 │ 1754 │  0  │  2   │  6600  │ 383850000  │  137800   │  8004660000   │ 3000  │ 174300000  │ 1.7  │
│   80    │  58  │ 58.1 │  58  │ 58.1 │ 7200  │ 417630000  │  239200   │  8800   │ 510430000  │ 13895670000 │ 1670937960000 │ '2022-12-13T13:26:00.000Z' │ 81.8 │ 18.2 │  0  │   4.5    │ 0.2  │ 4823 │ 1754 │  0  │ 1.5  │  5600  │ 324830000  │  143400   │  8329490000   │ 1600  │  92800000  │ 0.9  │
├─────────┼──────┼──────┼──────┼──────┼───────┼────────────┼───────────┼─────────┼────────────┼─────────────┼───────────────┼────────────────────────────┼──────┼──────┼─────┼──────────┼──────┼──────┼──────┼─────┼──────┼────────┼────────────┼───────────┼───────────────┼───────┼────────────┼──────┤
│ (index) │  c   │  h   │  l   │  o   │  bu   │   val_bu   │ total_vol │ sum_vol │    val     │  acum_val   │   datetime    │            date            │ pbu  │ psd  │ puk │    bs    │  sb  │ abu  │ asd  │ auk │ rbu  │ bu-sd  │ bu-sd_val  │ acum_busd │ acum_busd_val │  sd   │   val_sd   │ rsd  │
├─────────┼──────┼──────┼──────┼──────┼───────┼────────────┼───────────┼─────────┼────────────┼─────────────┼───────────────┼────────────────────────────┼──────┼──────┼─────┼──────────┼──────┼──────┼──────┼─────┼──────┼────────┼────────────┼───────────┼───────────────┼───────┼────────────┼──────┤
│   81    │ 58.2 │ 58.2 │ 58.1 │ 58.1 │ 10800 │ 628020000  │  254500   │  15300  │ 889640000  │ 14785310000 │ 1670938080000 │ '2022-12-13T13:28:00.000Z' │ 70.6 │ 29.4 │  0  │   2.4    │ 0.4  │ 4823 │ 1754 │  0  │ 2.2  │  6300  │ 366400000  │  149700   │  8695890000   │ 4500  │ 261620000  │ 2.6  │
│   82    │ 58.2 │ 58.3 │ 58.2 │ 58.2 │  900  │  52400000  │  255500   │  1000   │  58220000  │ 14843530000 │ 1670938200000 │ '2022-12-13T13:30:00.000Z' │  90  │  10  │  0  │    9     │ 0.1  │ 4823 │ 1754 │  0  │ 0.2  │  800   │  46580000  │  150500   │  8742470000   │  100  │  5820000   │ 0.1  │
│   83    │ 58.1 │ 58.2 │ 58.1 │ 58.2 │ 25100 │ 1458320000 │  282100   │  26600  │ 1545470000 │ 16389000000 │ 1670938320000 │ '2022-12-13T13:32:00.000Z' │ 94.4 │ 5.6  │  0  │   16.7   │ 0.1  │ 4823 │ 1754 │  0  │ 5.2  │ 23600  │ 1371170000 │  174100   │  10113640000  │ 1500  │  87150000  │ 0.9  │
│   84    │ 58.2 │ 58.2 │ 58.2 │ 58.2 │ 3200  │ 186240000  │  285300   │  3200   │ 186240000  │ 16575240000 │ 1670938440000 │ '2022-12-13T13:34:00.000Z' │ 100  │  0   │  0  │ Infinity │  0   │ 4823 │ 1754 │  0  │ 0.7  │  3200  │ 186240000  │  177300   │  10299880000  │       │            │      │
│   85    │ 58.3 │ 58.3 │ 58.3 │ 58.3 │ 1600  │  93280000  │  286900   │  1600   │  93280000  │ 16668520000 │ 1670938560000 │ '2022-12-13T13:36:00.000Z' │ 100  │  0   │  0  │ Infinity │  0   │ 4823 │ 1754 │  0  │ 0.3  │  1600  │  93280000  │  178900   │  10393160000  │       │            │      │
│   86    │ 58.3 │ 58.3 │ 58.3 │ 58.3 │  900  │  52470000  │  287800   │   900   │  52470000  │ 16720990000 │ 1670938680000 │ '2022-12-13T13:38:00.000Z' │ 100  │  0   │  0  │ Infinity │  0   │ 4823 │ 1754 │  0  │ 0.2  │  900   │  52470000  │  179800   │  10445630000  │       │            │      │
│   87    │ 58.4 │ 58.4 │ 58.3 │ 58.3 │  600  │  35010000  │  288400   │   600   │  35010000  │ 16756000000 │ 1670938800000 │ '2022-12-13T13:40:00.000Z' │ 100  │  0   │  0  │ Infinity │  0   │ 4823 │ 1754 │  0  │ 0.1  │  600   │  35010000  │  180400   │  10480640000  │       │            │      │
│   88    │ 58.4 │ 58.4 │ 58.4 │ 58.4 │  900  │  52560000  │  289300   │   900   │  52560000  │ 16808560000 │ 1670938920000 │ '2022-12-13T13:42:00.000Z' │ 100  │  0   │  0  │ Infinity │  0   │ 4823 │ 1754 │  0  │ 0.2  │  900   │  52560000  │  181300   │  10533200000  │       │            │      │
│   89    │ 58.3 │ 58.5 │ 58.3 │ 58.4 │ 1600  │  93440000  │  291500   │  2200   │ 128430000  │ 16936990000 │ 1670939040000 │ '2022-12-13T13:44:00.000Z' │ 72.7 │ 27.3 │  0  │   2.7    │ 0.4  │ 4823 │ 1754 │  0  │ 0.3  │  1000  │  58450000  │  182300   │  10591650000  │  600  │  34990000  │ 0.3  │
│   90    │ 58.1 │ 58.2 │ 58.1 │ 58.2 │ 45100 │ 2620320000 │  394400   │ 102900  │ 5978540000 │ 22915530000 │ 1670939160000 │ '2022-12-13T13:46:00.000Z' │ 43.8 │ 56.2 │  0  │   0.8    │ 1.3  │ 4823 │ 1754 │  0  │ 9.4  │ -12700 │ -737900000 │  169600   │  9853750000   │ 57800 │ 3358220000 │  33  │
│   91    │ 58.1 │ 58.2 │ 58.1 │ 58.1 │ 15800 │ 918010000  │  420000   │  25600  │ 1487390000 │ 24402920000 │ 1670939280000 │ '2022-12-13T13:48:00.000Z' │ 61.7 │ 38.3 │  0  │   1.6    │ 0.6  │ 4823 │ 1754 │  0  │ 3.3  │  6000  │ 348630000  │  175600   │  10202380000  │ 9800  │ 569380000  │ 5.6  │
│   92    │ 58.2 │ 58.3 │ 58.2 │ 58.3 │  800  │  46630000  │  420800   │   800   │  46630000  │ 24449550000 │ 1670939400000 │ '2022-12-13T13:50:00.000Z' │ 100  │  0   │  0  │ Infinity │  0   │ 4823 │ 1754 │  0  │ 0.2  │  800   │  46630000  │  176400   │  10249010000  │       │            │      │
│   93    │ 58.2 │ 58.2 │ 58.2 │ 58.2 │ 67200 │ 3911040000 │  494800   │  74000  │ 4306800000 │ 28756350000 │ 1670939520000 │ '2022-12-13T13:52:00.000Z' │ 90.8 │ 9.2  │  0  │   9.9    │ 0.1  │ 4823 │ 1754 │  0  │ 13.9 │ 60400  │ 3515280000 │  236800   │  13764290000  │ 6800  │ 395760000  │ 3.9  │
│   94    │ 58.2 │ 58.3 │ 58.2 │ 58.3 │ 17800 │ 1036140000 │  528000   │  33200  │ 1932420000 │ 30688770000 │ 1670939640000 │ '2022-12-13T13:54:00.000Z' │ 53.6 │ 46.4 │  0  │   1.2    │ 0.9  │ 4823 │ 1754 │  0  │ 3.7  │  2400  │ 139860000  │  239200   │  13904150000  │ 15400 │ 896280000  │ 8.8  │
│   95    │ 58.2 │ 58.2 │ 58.2 │ 58.2 │ 36500 │ 2124300000 │  579900   │  51900  │ 3020580000 │ 33709350000 │ 1670939760000 │ '2022-12-13T13:56:00.000Z' │ 70.3 │ 29.7 │  0  │   2.4    │ 0.4  │ 4823 │ 1754 │  0  │ 7.6  │ 21100  │ 1228020000 │  260300   │  15132170000  │ 15400 │ 896280000  │ 8.8  │
│   96    │ 58.3 │ 58.3 │ 58.2 │ 58.2 │ 15900 │ 925410000  │  597400   │  17500  │ 1018530000 │ 34727880000 │ 1670939880000 │ '2022-12-13T13:58:00.000Z' │ 90.9 │ 9.1  │  0  │   9.9    │ 0.1  │ 4823 │ 1754 │  0  │ 3.3  │ 14300  │ 832290000  │  274600   │  15964460000  │ 1600  │  93120000  │ 0.9  │
│   97    │ 58.2 │ 58.3 │ 58.2 │ 58.3 │ 44400 │ 2584100000 │  646000   │  48600  │ 2828540000 │ 37556420000 │ 1670940000000 │ '2022-12-13T14:00:00.000Z' │ 91.4 │ 8.6  │  0  │   10.6   │ 0.1  │ 4823 │ 1754 │  0  │ 9.2  │ 40200  │ 2339660000 │  314800   │  18304120000  │ 4200  │ 244440000  │ 2.4  │
│   98    │ 58.2 │ 58.2 │ 58.2 │ 58.2 │ 25900 │ 1507380000 │  684800   │  38800  │ 2258160000 │ 39814580000 │ 1670940120000 │ '2022-12-13T14:02:00.000Z' │ 66.8 │ 33.2 │  0  │    2     │ 0.5  │ 4823 │ 1754 │  0  │ 5.4  │ 13000  │ 756600000  │  327800   │  19060720000  │ 12900 │ 750780000  │ 7.4  │
│   99    │ 58.2 │ 58.3 │ 58.2 │ 58.2 │ 7500  │ 436510000  │  710500   │  25700  │ 1495750000 │ 41310330000 │ 1670940240000 │ '2022-12-13T14:04:00.000Z' │ 29.2 │ 70.8 │  0  │   0.4    │ 2.4  │ 4823 │ 1754 │  0  │ 1.6  │ -10700 │ -622730000 │  317100   │  18437990000  │ 18200 │ 1059240000 │ 10.4 │
│   100   │ 58.3 │ 58.3 │ 58.2 │ 58.2 │ 8000  │ 465610000  │  718900   │  8400   │ 488890000  │ 41799220000 │ 1670940360000 │ '2022-12-13T14:06:00.000Z' │ 95.2 │ 4.8  │  0  │    20    │ 0.1  │ 4823 │ 1754 │  0  │ 1.7  │  7600  │ 442330000  │  324700   │  18880320000  │  400  │  23280000  │ 0.2  │
├─────────┼──────┼──────┼──────┼──────┼───────┼────────────┼───────────┼─────────┼────────────┼─────────────┼───────────────┼────────────────────────────┼──────┼──────┼─────┼──────────┼──────┼──────┼──────┼─────┼──────┼────────┼────────────┼───────────┼───────────────┼───────┼────────────┼──────┤
│ (index) │  c   │  h   │  l   │  o   │  bu   │   val_bu   │ total_vol │ sum_vol │    val     │  acum_val   │   datetime    │            date            │ pbu  │ psd  │ puk │    bs    │  sb  │ abu  │ asd  │ auk │ rbu  │ bu-sd  │ bu-sd_val  │ acum_busd │ acum_busd_val │  sd   │   val_sd   │ rsd  │
├─────────┼──────┼──────┼──────┼──────┼───────┼────────────┼───────────┼─────────┼────────────┼─────────────┼───────────────┼────────────────────────────┼──────┼──────┼─────┼──────────┼──────┼──────┼──────┼─────┼──────┼────────┼────────────┼───────────┼───────────────┼───────┼────────────┼──────┤
│   101   │ 58.2 │ 58.2 │ 58.2 │ 58.2 │  700  │  40740000  │  719900   │  1000   │  58200000  │ 41857420000 │ 1670940480000 │ '2022-12-13T14:08:00.000Z' │  70  │  30  │  0  │   2.3    │ 0.4  │ 4823 │ 1754 │  0  │ 0.1  │  400   │  23280000  │  325100   │  18903600000  │  300  │  17460000  │ 0.2  │
│   102   │ 58.2 │ 58.2 │ 58.2 │ 58.2 │ 1800  │ 104760000  │  721700   │  1800   │ 104760000  │ 41962180000 │ 1670940600000 │ '2022-12-13T14:10:00.000Z' │ 100  │  0   │  0  │ Infinity │  0   │ 4823 │ 1754 │  0  │ 0.4  │  1800  │ 104760000  │  326900   │  19008360000  │       │            │      │
│   103   │ 58.2 │ 58.2 │ 58.2 │ 58.2 │  900  │  52380000  │  722600   │   900   │  52380000  │ 42014560000 │ 1670940720000 │ '2022-12-13T14:12:00.000Z' │ 100  │  0   │  0  │ Infinity │  0   │ 4823 │ 1754 │  0  │ 0.2  │  900   │  52380000  │  327800   │  19060740000  │       │            │      │
│   104   │ 58.2 │ 58.2 │ 58.2 │ 58.2 │  800  │  46560000  │  723400   │   800   │  46560000  │ 42061120000 │ 1670940840000 │ '2022-12-13T14:14:00.000Z' │ 100  │  0   │  0  │ Infinity │  0   │ 4823 │ 1754 │  0  │ 0.2  │  800   │  46560000  │  328600   │  19107300000  │       │            │      │
│   105   │ 58.2 │ 58.2 │ 58.2 │ 58.2 │ 1900  │ 110580000  │  725300   │  1900   │ 110580000  │ 42171700000 │ 1670940960000 │ '2022-12-13T14:16:00.000Z' │ 100  │  0   │  0  │ Infinity │  0   │ 4823 │ 1754 │  0  │ 0.4  │  1900  │ 110580000  │  330500   │  19217880000  │       │            │      │
│   106   │ 58.2 │ 58.2 │ 58.2 │ 58.2 │ 1800  │ 104760000  │  727400   │  2100   │ 122220000  │ 42293920000 │ 1670941080000 │ '2022-12-13T14:18:00.000Z' │ 85.7 │ 14.3 │  0  │    6     │ 0.2  │ 4823 │ 1754 │  0  │ 0.4  │  1500  │  87300000  │  332000   │  19305180000  │  300  │  17460000  │ 0.2  │
│   107   │ 58.1 │ 58.2 │ 58.1 │ 58.2 │ 1200  │  69770000  │  729100   │  1700   │  98820000  │ 42392740000 │ 1670941200000 │ '2022-12-13T14:20:00.000Z' │ 70.6 │ 29.4 │  0  │   2.4    │ 0.4  │ 4823 │ 1754 │  0  │ 0.2  │  700   │  40720000  │  332700   │  19345900000  │  500  │  29050000  │ 0.3  │
│   108   │ 58.1 │ 58.1 │ 58.1 │ 58.1 │ 1000  │  58100000  │  730100   │  1000   │  58100000  │ 42450840000 │ 1670941320000 │ '2022-12-13T14:22:00.000Z' │ 100  │  0   │  0  │ Infinity │  0   │ 4823 │ 1754 │  0  │ 0.2  │  1000  │  58100000  │  333700   │  19404000000  │       │            │      │
│   109   │ 58.1 │ 58.1 │ 58.1 │ 58.1 │  800  │  46480000  │  730900   │   800   │  46480000  │ 42497320000 │ 1670941440000 │ '2022-12-13T14:24:00.000Z' │ 100  │  0   │  0  │ Infinity │  0   │ 4823 │ 1754 │  0  │ 0.2  │  800   │  46480000  │  334500   │  19450480000  │       │            │      │
│   110   │ 58.1 │ 58.1 │ 58.1 │ 58.1 │  800  │  46480000  │  731700   │   800   │  46480000  │ 42543800000 │ 1670941560000 │ '2022-12-13T14:26:00.000Z' │ 100  │  0   │  0  │ Infinity │  0   │ 4823 │ 1754 │  0  │ 0.2  │  800   │  46480000  │  335300   │  19496960000  │       │            │      │
│   111   │ 58.1 │ 58.1 │ 58.1 │ 58.1 │  400  │  23240000  │  732100   │   400   │  23240000  │ 42567040000 │ 1670941680000 │ '2022-12-13T14:28:00.000Z' │ 100  │  0   │  0  │ Infinity │  0   │ 4823 │ 1754 │  0  │ 0.1  │  400   │  23240000  │  335700   │  19520200000  │       │            │      │
│   112   │ 58.1 │ 58.1 │ 58.1 │ 58.1 │ 11100 │ 644910000  │  743200   │  11100  │ 644910000  │ 43211950000 │ 1670942640000 │ '2022-12-13T14:44:00.000Z' │ 100  │  0   │  0  │ Infinity │  0   │ 4823 │ 1754 │  0  │ 2.3  │ 11100  │ 644910000  │  346800   │  20165110000  │       │            │      │
└─────────┴──────┴──────┴──────┴──────┴───────┴────────────┴───────────┴─────────┴────────────┴─────────────┴───────────────┴────────────────────────────┴──────┴──────┴─────┴──────────┴──────┴──────┴──────┴─────┴──────┴────────┴────────────┴───────────┴───────────────┴───────┴────────────┴──────┘

