┌─────────┬──────┬──────┬──────┬──────┬──────┬──────────┬───────────┬─────────┬──────────┬───────────┬───────────────┬────────────────────────────┬──────┬──────┬─────┬──────────┬──────────┬───────┬───────┬─────┬─────┬───────┬───────────┬───────────┬───────────────┬─────┬──────────┬─────┐
│ (index) │  c   │  h   │  l   │  o   │  sd  │  val_sd  │ total_vol │ sum_vol │   val    │ acum_val  │   datetime    │            date            │ pbu  │ psd  │ puk │    bs    │    sb    │  abu  │  asd  │ auk │ rsd │ bu-sd │ bu-sd_val │ acum_busd │ acum_busd_val │ bu  │  val_bu  │ rbu │
├─────────┼──────┼──────┼──────┼──────┼──────┼──────────┼───────────┼─────────┼──────────┼───────────┼───────────────┼────────────────────────────┼──────┼──────┼─────┼──────────┼──────────┼───────┼───────┼─────┼─────┼───────┼───────────┼───────────┼───────────────┼─────┼──────────┼─────┤
│    0    │ 13.5 │ 13.5 │ 13.5 │ 13.5 │ 200  │ 2700000  │    200    │   200   │ 2700000  │  2700000  │ 1671527040000 │ '2022-12-20T09:04:00.000Z' │  0   │ 100  │  0  │    0     │ Infinity │ 293.8 │ 256.3 │  0  │ 0.8 │ -200  │ -2700000  │   -200    │   -2700000    │     │          │     │
│    1    │ 13.5 │ 13.5 │ 13.5 │ 13.5 │ 200  │ 2700000  │    400    │   200   │ 2700000  │  5400000  │ 1671527400000 │ '2022-12-20T09:10:00.000Z' │  0   │ 100  │  0  │    0     │ Infinity │ 293.8 │ 256.3 │  0  │ 0.8 │ -200  │ -2700000  │   -400    │   -5400000    │     │          │     │
│    2    │ 13.5 │ 13.5 │ 13.5 │ 13.5 │      │          │   1200    │   800   │ 10800000 │ 16200000  │ 1671528240000 │ '2022-12-20T09:24:00.000Z' │ 100  │  0   │  0  │ Infinity │    0     │ 293.8 │ 256.3 │  0  │     │  800  │ 10800000  │    400    │    5400000    │ 800 │ 10800000 │ 2.7 │
│    3    │ 13.5 │ 13.5 │ 13.5 │ 13.5 │      │          │   1800    │   600   │ 8100000  │ 24300000  │ 1671528720000 │ '2022-12-20T09:32:00.000Z' │ 100  │  0   │  0  │ Infinity │    0     │ 293.8 │ 256.3 │  0  │     │  600  │  8100000  │   1000    │   13500000    │ 600 │ 8100000  │  2  │
│    4    │ 13.4 │ 13.4 │ 13.4 │ 13.4 │      │          │   2300    │   500   │ 6700000  │ 31000000  │ 1671530160000 │ '2022-12-20T09:56:00.000Z' │ 100  │  0   │  0  │ Infinity │    0     │ 293.8 │ 256.3 │  0  │     │  500  │  6700000  │   1500    │   20200000    │ 500 │ 6700000  │ 1.7 │
│    5    │ 13.2 │ 13.3 │ 13.2 │ 13.3 │ 800  │ 10560000 │   3800    │  1500   │ 19870000 │ 50870000  │ 1671530280000 │ '2022-12-20T09:58:00.000Z' │ 46.7 │ 53.3 │  0  │   0.9    │   1.1    │ 293.8 │ 256.3 │  0  │ 3.1 │ -100  │ -1250000  │   1400    │   18950000    │ 700 │ 9310000  │ 2.4 │
│    6    │ 13.2 │ 13.2 │ 13.2 │ 13.2 │ 100  │ 1320000  │   3900    │   100   │ 1320000  │ 52190000  │ 1671541440000 │ '2022-12-20T13:04:00.000Z' │  0   │ 100  │  0  │    0     │ Infinity │ 293.8 │ 256.3 │  0  │ 0.4 │ -100  │ -1320000  │   1300    │   17630000    │     │          │     │
│    7    │ 13.2 │ 13.2 │ 13.2 │ 13.2 │ 800  │ 10560000 │   4700    │   800   │ 10560000 │ 62750000  │ 1671541800000 │ '2022-12-20T13:10:00.000Z' │  0   │ 100  │  0  │    0     │ Infinity │ 293.8 │ 256.3 │  0  │ 3.1 │ -800  │ -10560000 │    500    │    7070000    │     │          │     │
│    8    │  13  │  13  │  13  │  13  │      │          │   5200    │   500   │ 6500000  │ 69250000  │ 1671542160000 │ '2022-12-20T13:16:00.000Z' │ 100  │  0   │  0  │ Infinity │    0     │ 293.8 │ 256.3 │  0  │     │  500  │  6500000  │   1000    │   13570000    │ 500 │ 6500000  │ 1.7 │
│    9    │  13  │  13  │  13  │  13  │      │          │   5400    │   200   │ 2600000  │ 71850000  │ 1671542880000 │ '2022-12-20T13:28:00.000Z' │ 100  │  0   │  0  │ Infinity │    0     │ 293.8 │ 256.3 │  0  │     │  200  │  2600000  │   1200    │   16170000    │ 200 │ 2600000  │ 0.7 │
│   10    │  13  │  13  │  13  │  13  │      │          │   5500    │   100   │ 1300000  │ 73150000  │ 1671543000000 │ '2022-12-20T13:30:00.000Z' │ 100  │  0   │  0  │ Infinity │    0     │ 293.8 │ 256.3 │  0  │     │  100  │  1300000  │   1300    │   17470000    │ 100 │ 1300000  │ 0.3 │
│   11    │ 12.9 │ 12.9 │ 12.9 │ 12.9 │ 2000 │ 25800000 │   7500    │  2000   │ 25800000 │ 98950000  │ 1671543360000 │ '2022-12-20T13:36:00.000Z' │  0   │ 100  │  0  │    0     │ Infinity │ 293.8 │ 256.3 │  0  │ 7.8 │ -2000 │ -25800000 │   -700    │   -8330000    │     │          │     │
│   12    │  13  │  13  │  13  │  13  │      │          │   7600    │   100   │ 1300000  │ 100250000 │ 1671545760000 │ '2022-12-20T14:16:00.000Z' │ 100  │  0   │  0  │ Infinity │    0     │ 293.8 │ 256.3 │  0  │     │  100  │  1300000  │   -600    │   -7030000    │ 100 │ 1300000  │ 0.3 │
│   13    │  13  │  13  │  13  │  13  │      │          │   8200    │   600   │ 7800000  │ 108050000 │ 1671545880000 │ '2022-12-20T14:18:00.000Z' │ 100  │  0   │  0  │ Infinity │    0     │ 293.8 │ 256.3 │  0  │     │  600  │  7800000  │     0     │    770000     │ 600 │ 7800000  │  2  │
│   14    │  13  │  13  │  13  │  13  │      │          │   8300    │   100   │ 1300000  │ 109350000 │ 1671546480000 │ '2022-12-20T14:28:00.000Z' │ 100  │  0   │  0  │ Infinity │    0     │ 293.8 │ 256.3 │  0  │     │  100  │  1300000  │    100    │    2070000    │ 100 │ 1300000  │ 0.3 │
│   15    │ 13.4 │ 13.4 │ 13.4 │ 13.4 │      │          │   8800    │   500   │ 6700000  │ 116050000 │ 1671547440000 │ '2022-12-20T14:44:00.000Z' │ 100  │  0   │  0  │ Infinity │    0     │ 293.8 │ 256.3 │  0  │     │  500  │  6700000  │    600    │    8770000    │ 500 │ 6700000  │ 1.7 │
└─────────┴──────┴──────┴──────┴──────┴──────┴──────────┴───────────┴─────────┴──────────┴───────────┴───────────────┴────────────────────────────┴──────┴──────┴─────┴──────────┴──────────┴───────┴───────┴─────┴─────┴───────┴───────────┴───────────┴───────────────┴─────┴──────────┴─────┘

