┌─────────┬──────┬──────┬──────┬──────┬───────┬──────────┬───────────┬─────────┬──────────┬───────────┬───────────────┬────────────────────────────┬──────┬──────┬─────┬──────────┬──────────┬─────┬──────┬─────┬──────┬────────┬───────────┬───────────┬───────────────┬───────┬──────────┬─────┐
│ (index) │  c   │  h   │  l   │  o   │  bu   │  val_bu  │ total_vol │ sum_vol │   val    │ acum_val  │   datetime    │            date            │ pbu  │ psd  │ puk │    bs    │    sb    │ abu │ asd  │ auk │ rbu  │ bu-sd  │ bu-sd_val │ acum_busd │ acum_busd_val │  sd   │  val_sd  │ rsd │
├─────────┼──────┼──────┼──────┼──────┼───────┼──────────┼───────────┼─────────┼──────────┼───────────┼───────────────┼────────────────────────────┼──────┼──────┼─────┼──────────┼──────────┼─────┼──────┼─────┼──────┼────────┼───────────┼───────────┼───────────────┼───────┼──────────┼─────┤
│    0    │ 6.12 │ 6.12 │ 6.12 │ 6.12 │  100  │  612000  │    100    │   100   │  612000  │  612000   │ 1671527700000 │ '2022-12-20T09:15:00.000Z' │ 100  │  0   │  0  │ Infinity │    0     │ 756 │ 1356 │  0  │ 0.1  │  100   │  612000   │    100    │    612000     │       │          │     │
│    1    │ 6.1  │ 6.1  │ 6.1  │ 6.1  │ 1000  │ 6100000  │   1100    │  1000   │ 6100000  │  6712000  │ 1671529500000 │ '2022-12-20T09:45:00.000Z' │ 100  │  0   │  0  │ Infinity │    0     │ 756 │ 1356 │  0  │ 1.3  │  1000  │  6100000  │   1100    │    6712000    │       │          │     │
│    2    │ 5.95 │ 5.97 │ 5.95 │ 5.97 │       │          │   12100   │  11000  │ 65455000 │ 72167000  │ 1671530100000 │ '2022-12-20T09:55:00.000Z' │  0   │ 100  │  0  │    0     │ Infinity │ 756 │ 1356 │  0  │      │ -11000 │ -65455000 │   -9900   │   -58743000   │ 11000 │ 65455000 │ 8.1 │
│    3    │ 5.95 │ 5.95 │ 5.95 │ 5.95 │       │          │   12200   │   100   │  595000  │ 72762000  │ 1671530400000 │ '2022-12-20T10:00:00.000Z' │  0   │ 100  │  0  │    0     │ Infinity │ 756 │ 1356 │  0  │      │  -100  │  -595000  │  -10000   │   -59338000   │  100  │  595000  │ 0.1 │
│    4    │ 5.95 │ 5.95 │ 5.95 │ 5.95 │       │          │   12300   │   100   │  595000  │ 73357000  │ 1671531000000 │ '2022-12-20T10:10:00.000Z' │  0   │ 100  │  0  │    0     │ Infinity │ 756 │ 1356 │  0  │      │  -100  │  -595000  │  -10100   │   -59933000   │  100  │  595000  │ 0.1 │
│    5    │ 6.07 │ 6.07 │ 5.95 │ 5.95 │  500  │ 3002000  │   13200   │   900   │ 5382000  │ 78739000  │ 1671531600000 │ '2022-12-20T10:20:00.000Z' │ 55.6 │ 44.4 │  0  │   1.3    │   0.8    │ 756 │ 1356 │  0  │ 0.7  │  100   │  622000   │  -10000   │   -59311000   │  400  │ 2380000  │ 0.3 │
│    6    │ 5.93 │ 6.06 │ 5.93 │ 6.06 │  400  │ 2424000  │   13700   │   500   │ 3017000  │ 81756000  │ 1671532500000 │ '2022-12-20T10:35:00.000Z' │  80  │  20  │  0  │    4     │   0.3    │ 756 │ 1356 │  0  │ 0.5  │  300   │  1831000  │   -9700   │   -57480000   │  100  │  593000  │ 0.1 │
│    7    │ 5.93 │ 5.93 │ 5.93 │ 5.93 │       │          │   14200   │   500   │ 2965000  │ 84721000  │ 1671533100000 │ '2022-12-20T10:45:00.000Z' │  0   │ 100  │  0  │    0     │ Infinity │ 756 │ 1356 │  0  │      │  -500  │ -2965000  │  -10200   │   -60445000   │  500  │ 2965000  │ 0.4 │
│    8    │ 5.93 │ 5.94 │ 5.93 │ 5.94 │       │          │   15200   │  1000   │ 5931000  │ 90652000  │ 1671534300000 │ '2022-12-20T11:05:00.000Z' │  0   │ 100  │  0  │    0     │ Infinity │ 756 │ 1356 │  0  │      │ -1000  │ -5931000  │  -11200   │   -66376000   │ 1000  │ 5931000  │ 0.7 │
│    9    │ 5.93 │ 5.93 │ 5.93 │ 5.93 │       │          │   16600   │  1400   │ 8302000  │ 98954000  │ 1671534900000 │ '2022-12-20T11:15:00.000Z' │  0   │ 100  │  0  │    0     │ Infinity │ 756 │ 1356 │  0  │      │ -1400  │ -8302000  │  -12600   │   -74678000   │ 1400  │ 8302000  │  1  │
│   10    │ 5.9  │ 5.92 │ 5.9  │ 5.92 │  600  │ 3540000  │   19400   │  2800   │ 16523000 │ 115477000 │ 1671535200000 │ '2022-12-20T11:20:00.000Z' │ 21.4 │ 78.6 │  0  │   0.3    │   3.7    │ 756 │ 1356 │  0  │ 0.8  │ -1600  │ -9443000  │  -14200   │   -84121000   │ 2200  │ 12983000 │ 1.6 │
│   11    │ 5.9  │ 5.9  │ 5.9  │ 5.9  │  200  │ 1180000  │   19600   │   200   │ 1180000  │ 116657000 │ 1671535500000 │ '2022-12-20T11:25:00.000Z' │ 100  │  0   │  0  │ Infinity │    0     │ 756 │ 1356 │  0  │ 0.3  │  200   │  1180000  │  -14000   │   -82941000   │       │          │     │
│   12    │ 5.8  │ 5.88 │ 5.8  │ 5.87 │       │          │   23400   │  3800   │ 22155000 │ 138812000 │ 1671541200000 │ '2022-12-20T13:00:00.000Z' │  0   │ 100  │  0  │    0     │ Infinity │ 756 │ 1356 │  0  │      │ -3800  │ -22155000 │  -17800   │  -105096000   │ 3800  │ 22155000 │ 2.8 │
│   13    │ 5.7  │ 5.8  │ 5.7  │ 5.8  │  200  │ 1160000  │   24200   │   800   │ 4630000  │ 143442000 │ 1671541500000 │ '2022-12-20T13:05:00.000Z' │  25  │  75  │  0  │   0.3    │    3     │ 756 │ 1356 │  0  │ 0.3  │  -400  │ -2310000  │  -18200   │  -107406000   │  600  │ 3470000  │ 0.4 │
│   14    │ 5.8  │ 5.8  │ 5.8  │ 5.8  │ 1000  │ 5800000  │   25200   │  1000   │ 5800000  │ 149242000 │ 1671541800000 │ '2022-12-20T13:10:00.000Z' │ 100  │  0   │  0  │ Infinity │    0     │ 756 │ 1356 │  0  │ 1.3  │  1000  │  5800000  │  -17200   │  -101606000   │       │          │     │
│   15    │ 5.8  │ 5.8  │ 5.79 │ 5.79 │  200  │ 1159000  │   25400   │   200   │ 1159000  │ 150401000 │ 1671542400000 │ '2022-12-20T13:20:00.000Z' │ 100  │  0   │  0  │ Infinity │    0     │ 756 │ 1356 │  0  │ 0.3  │  200   │  1159000  │  -17000   │  -100447000   │       │          │     │
│   16    │ 5.8  │ 5.8  │ 5.8  │ 5.8  │  100  │  580000  │   25500   │   100   │  580000  │ 150981000 │ 1671543000000 │ '2022-12-20T13:30:00.000Z' │ 100  │  0   │  0  │ Infinity │    0     │ 756 │ 1356 │  0  │ 0.1  │  100   │  580000   │  -16900   │   -99867000   │       │          │     │
│   17    │ 5.8  │ 5.8  │ 5.8  │ 5.8  │ 1200  │ 6960000  │   26700   │  1200   │ 6960000  │ 157941000 │ 1671543600000 │ '2022-12-20T13:40:00.000Z' │ 100  │  0   │  0  │ Infinity │    0     │ 756 │ 1356 │  0  │ 1.6  │  1200  │  6960000  │  -15700   │   -92907000   │       │          │     │
│   18    │ 5.9  │ 5.9  │ 5.8  │ 5.8  │ 1300  │ 7600000  │   28000   │  1300   │ 7600000  │ 165541000 │ 1671543900000 │ '2022-12-20T13:45:00.000Z' │ 100  │  0   │  0  │ Infinity │    0     │ 756 │ 1356 │  0  │ 1.7  │  1300  │  7600000  │  -14400   │   -85307000   │       │          │     │
│   19    │ 5.85 │ 5.85 │ 5.85 │ 5.85 │  100  │  585000  │   28100   │   100   │  585000  │ 166126000 │ 1671544800000 │ '2022-12-20T14:00:00.000Z' │ 100  │  0   │  0  │ Infinity │    0     │ 756 │ 1356 │  0  │ 0.1  │  100   │  585000   │  -14300   │   -84722000   │       │          │     │
│   20    │ 5.82 │ 5.82 │ 5.82 │ 5.82 │       │          │   28200   │   100   │  582000  │ 166708000 │ 1671545400000 │ '2022-12-20T14:10:00.000Z' │  0   │ 100  │  0  │    0     │ Infinity │ 756 │ 1356 │  0  │      │  -100  │  -582000  │  -14400   │   -85304000   │  100  │  582000  │ 0.1 │
├─────────┼──────┼──────┼──────┼──────┼───────┼──────────┼───────────┼─────────┼──────────┼───────────┼───────────────┼────────────────────────────┼──────┼──────┼─────┼──────────┼──────────┼─────┼──────┼─────┼──────┼────────┼───────────┼───────────┼───────────────┼───────┼──────────┼─────┤
│ (index) │  c   │  h   │  l   │  o   │  bu   │  val_bu  │ total_vol │ sum_vol │   val    │ acum_val  │   datetime    │            date            │ pbu  │ psd  │ puk │    bs    │    sb    │ abu │ asd  │ auk │ rbu  │ bu-sd  │ bu-sd_val │ acum_busd │ acum_busd_val │  sd   │  val_sd  │ rsd │
├─────────┼──────┼──────┼──────┼──────┼───────┼──────────┼───────────┼─────────┼──────────┼───────────┼───────────────┼────────────────────────────┼──────┼──────┼─────┼──────────┼──────────┼─────┼──────┼─────┼──────┼────────┼───────────┼───────────┼───────────────┼───────┼──────────┼─────┤
│   21    │ 5.81 │ 5.85 │ 5.81 │ 5.85 │ 10000 │ 58500000 │   38300   │  10100  │ 59081000 │ 225789000 │ 1671545700000 │ '2022-12-20T14:15:00.000Z' │  99  │  1   │  0  │   100    │    0     │ 756 │ 1356 │  0  │ 13.2 │  9900  │ 57919000  │   -4500   │   -27385000   │  100  │  581000  │ 0.1 │
│   22    │ 5.85 │ 5.85 │ 5.85 │ 5.85 │ 2000  │ 11700000 │   40800   │  2500   │ 14625000 │ 240414000 │ 1671546000000 │ '2022-12-20T14:20:00.000Z' │  80  │  20  │  0  │    4     │   0.3    │ 756 │ 1356 │  0  │ 2.6  │  1500  │  8775000  │   -3000   │   -18610000   │  500  │ 2925000  │ 0.4 │
│   23    │ 5.81 │ 5.81 │ 5.81 │ 5.81 │       │          │   45900   │  5100   │ 29631000 │ 270045000 │ 1671546300000 │ '2022-12-20T14:25:00.000Z' │  0   │ 100  │  0  │    0     │ Infinity │ 756 │ 1356 │  0  │      │ -5100  │ -29631000 │   -8100   │   -48241000   │ 5100  │ 29631000 │ 3.8 │
│   24    │ 5.8  │ 5.8  │ 5.8  │ 5.8  │       │          │   52800   │  6900   │ 40020000 │ 310065000 │ 1671547500000 │ '2022-12-20T14:45:00.000Z' │  0   │ 100  │  0  │    0     │ Infinity │ 756 │ 1356 │  0  │      │ -6900  │ -40020000 │  -15000   │   -88261000   │ 6900  │ 40020000 │ 5.1 │
└─────────┴──────┴──────┴──────┴──────┴───────┴──────────┴───────────┴─────────┴──────────┴───────────┴───────────────┴────────────────────────────┴──────┴──────┴─────┴──────────┴──────────┴─────┴──────┴─────┴──────┴────────┴───────────┴───────────┴───────────────┴───────┴──────────┴─────┘

