┌─────────┬───────┬───────┬───────┬───────┬──────┬──────────┬───────────┬─────────┬───────────┬───────────┬───────────────┬────────────────────────────┬─────┬─────┬─────┬──────────┬──────────┬──────┬───────┬─────┬─────┬───────┬───────────┬───────────┬───────────────┬───────┬───────────┬──────┐
│ (index) │   c   │   h   │   l   │   o   │  sd  │  val_sd  │ total_vol │ sum_vol │    val    │ acum_val  │   datetime    │            date            │ pbu │ psd │ puk │    bs    │    sb    │ abu  │  asd  │ auk │ rsd │ bu-sd │ bu-sd_val │ acum_busd │ acum_busd_val │  bu   │  val_bu   │ rbu  │
├─────────┼───────┼───────┼───────┼───────┼──────┼──────────┼───────────┼─────────┼───────────┼───────────┼───────────────┼────────────────────────────┼─────┼─────┼─────┼──────────┼──────────┼──────┼───────┼─────┼─────┼───────┼───────────┼───────────┼───────────────┼───────┼───────────┼──────┤
│    0    │ 23.05 │ 23.05 │ 23.05 │ 23.05 │ 500  │ 11525000 │    500    │   500   │ 11525000  │ 11525000  │ 1671531480000 │ '2022-12-20T10:18:00.000Z' │  0  │ 100 │  0  │    0     │ Infinity │ 2300 │ 255.6 │  0  │  2  │ -500  │ -11525000 │   -500    │   -11525000   │       │           │      │
│    1    │ 23.05 │ 23.05 │ 23.05 │ 23.05 │ 500  │ 11525000 │   1000    │   500   │ 11525000  │ 23050000  │ 1671532440000 │ '2022-12-20T10:34:00.000Z' │  0  │ 100 │  0  │    0     │ Infinity │ 2300 │ 255.6 │  0  │  2  │ -500  │ -11525000 │   -1000   │   -23050000   │       │           │      │
│    2    │ 23.05 │ 23.05 │ 23.05 │ 23.05 │      │          │   3100    │  2100   │ 48405000  │ 71455000  │ 1671532800000 │ '2022-12-20T10:40:00.000Z' │ 100 │  0  │  0  │ Infinity │    0     │ 2300 │ 255.6 │  0  │     │ 2100  │ 48405000  │   1100    │   25355000    │ 2100  │ 48405000  │ 0.9  │
│    3    │ 23.4  │ 23.4  │ 23.25 │ 23.25 │      │          │   32000   │  28900  │ 672985000 │ 744440000 │ 1671532920000 │ '2022-12-20T10:42:00.000Z' │ 100 │  0  │  0  │ Infinity │    0     │ 2300 │ 255.6 │  0  │     │ 28900 │ 672985000 │   30000   │   698340000   │ 28900 │ 672985000 │ 12.6 │
│    4    │ 23.25 │ 23.25 │ 23.25 │ 23.25 │ 200  │ 4650000  │   32200   │   200   │  4650000  │ 749090000 │ 1671535440000 │ '2022-12-20T11:24:00.000Z' │  0  │ 100 │  0  │    0     │ Infinity │ 2300 │ 255.6 │  0  │ 0.8 │ -200  │ -4650000  │   29800   │   693690000   │       │           │      │
│    5    │  23   │ 23.05 │  23   │ 23.05 │ 2300 │ 11566400 │   34500   │  2300   │ 11566400  │ 760656400 │ 1671535560000 │ '2022-12-20T11:26:00.000Z' │  0  │ 100 │  0  │    0     │ Infinity │ 2300 │ 255.6 │  0  │  9  │ -2300 │ -11566400 │   27500   │   682123600   │       │           │      │
│    6    │  23   │  23   │  23   │  23   │      │          │   36100   │  1600   │   36800   │ 760693200 │ 1671535680000 │ '2022-12-20T11:28:00.000Z' │ 100 │  0  │  0  │ Infinity │    0     │ 2300 │ 255.6 │  0  │     │ 1600  │   36800   │   29100   │   682160400   │ 1600  │   36800   │ 0.7  │
│    7    │  23   │  23   │  23   │  23   │      │          │   39600   │  3500   │   80500   │ 760773700 │ 1671541200000 │ '2022-12-20T13:00:00.000Z' │ 100 │  0  │  0  │ Infinity │    0     │ 2300 │ 255.6 │  0  │     │ 3500  │   80500   │   32600   │   682240900   │ 3500  │   80500   │ 1.5  │
│    8    │  23   │  23   │  23   │  23   │      │          │   40100   │   500   │   11500   │ 760785200 │ 1671541320000 │ '2022-12-20T13:02:00.000Z' │ 100 │  0  │  0  │ Infinity │    0     │ 2300 │ 255.6 │  0  │     │  500  │   11500   │   33100   │   682252400   │  500  │   11500   │ 0.2  │
│    9    │  23   │  23   │  23   │  23   │      │          │   41100   │  1000   │   23000   │ 760808200 │ 1671541440000 │ '2022-12-20T13:04:00.000Z' │ 100 │  0  │  0  │ Infinity │    0     │ 2300 │ 255.6 │  0  │     │ 1000  │   23000   │   34100   │   682275400   │ 1000  │   23000   │ 0.4  │
│   10    │  23   │  23   │  23   │  23   │      │          │   41800   │   700   │   16100   │ 760824300 │ 1671541560000 │ '2022-12-20T13:06:00.000Z' │ 100 │  0  │  0  │ Infinity │    0     │ 2300 │ 255.6 │  0  │     │  700  │   16100   │   34800   │   682291500   │  700  │   16100   │ 0.3  │
│   11    │  23   │  23   │  23   │  23   │      │          │   41900   │   100   │   2300    │ 760826600 │ 1671542160000 │ '2022-12-20T13:16:00.000Z' │ 100 │  0  │  0  │ Infinity │    0     │ 2300 │ 255.6 │  0  │     │  100  │   2300    │   34900   │   682293800   │  100  │   2300    │  0   │
│   12    │  23   │  23   │  23   │  23   │      │          │   42200   │   300   │   6900    │ 760833500 │ 1671544920000 │ '2022-12-20T14:02:00.000Z' │ 100 │  0  │  0  │ Infinity │    0     │ 2300 │ 255.6 │  0  │     │  300  │   6900    │   35200   │   682300700   │  300  │   6900    │ 0.1  │
│   13    │  23   │  23   │  23   │  23   │      │          │   44400   │  2200   │   50600   │ 760884100 │ 1671545400000 │ '2022-12-20T14:10:00.000Z' │ 100 │  0  │  0  │ Infinity │    0     │ 2300 │ 255.6 │  0  │     │ 2200  │   50600   │   37400   │   682351300   │ 2200  │   50600   │  1   │
│   14    │  23   │  23   │  23   │  23   │ 800  │  18400   │   45200   │   800   │   18400   │ 760902500 │ 1671545520000 │ '2022-12-20T14:12:00.000Z' │  0  │ 100 │  0  │    0     │ Infinity │ 2300 │ 255.6 │  0  │ 3.1 │ -800  │  -18400   │   36600   │   682332900   │       │           │      │
│   15    │ 23.05 │ 23.05 │ 23.05 │ 23.05 │ 200  │ 4610000  │   45400   │   200   │  4610000  │ 765512500 │ 1671546240000 │ '2022-12-20T14:24:00.000Z' │  0  │ 100 │  0  │    0     │ Infinity │ 2300 │ 255.6 │  0  │ 0.8 │ -200  │ -4610000  │   36400   │   677722900   │       │           │      │
│   16    │ 23.05 │ 23.05 │ 23.05 │ 23.05 │ 100  │ 2305000  │   45500   │   100   │  2305000  │ 767817500 │ 1671546360000 │ '2022-12-20T14:26:00.000Z' │  0  │ 100 │  0  │    0     │ Infinity │ 2300 │ 255.6 │  0  │ 0.4 │ -100  │ -2305000  │   36300   │   675417900   │       │           │      │
│   17    │ 23.3  │ 23.3  │ 23.3  │ 23.3  │      │          │   46000   │   500   │ 11650000  │ 779467500 │ 1671547440000 │ '2022-12-20T14:44:00.000Z' │ 100 │  0  │  0  │ Infinity │    0     │ 2300 │ 255.6 │  0  │     │  500  │ 11650000  │   36800   │   687067900   │  500  │ 11650000  │ 0.2  │
└─────────┴───────┴───────┴───────┴───────┴──────┴──────────┴───────────┴─────────┴───────────┴───────────┴───────────────┴────────────────────────────┴─────┴─────┴─────┴──────────┴──────────┴──────┴───────┴─────┴─────┴───────┴───────────┴───────────┴───────────────┴───────┴───────────┴──────┘

