┌─────────┬──────┬──────┬──────┬──────┬─────┬─────────┬───────────┬─────────┬─────────┬──────────┬───────────────┬────────────────────────────┬─────┬─────┬─────┬──────────┬──────────┬───────┬─────┬─────┬─────┬───────┬───────────┬───────────┬───────────────┬──────┬─────────┬─────┐
│ (index) │  c   │  h   │  l   │  o   │ sd  │ val_sd  │ total_vol │ sum_vol │   val   │ acum_val │   datetime    │            date            │ pbu │ psd │ puk │    bs    │    sb    │  abu  │ asd │ auk │ rsd │ bu-sd │ bu-sd_val │ acum_busd │ acum_busd_val │  bu  │ val_bu  │ rbu │
├─────────┼──────┼──────┼──────┼──────┼─────┼─────────┼───────────┼─────────┼─────────┼──────────┼───────────────┼────────────────────────────┼─────┼─────┼─────┼──────────┼──────────┼───────┼─────┼─────┼─────┼───────┼───────────┼───────────┼───────────────┼──────┼─────────┼─────┤
│    0    │ 2.82 │ 2.82 │ 2.82 │ 2.82 │ 100 │ 282000  │    100    │   100   │ 282000  │  282000  │ 1671531840000 │ '2022-12-20T10:24:00.000Z' │  0  │ 100 │  0  │    0     │ Infinity │ 212.5 │ 150 │  0  │ 0.7 │ -100  │  -282000  │   -100    │    -282000    │      │         │     │
│    1    │ 2.81 │ 2.81 │ 2.81 │ 2.81 │ 100 │ 281000  │    200    │   100   │ 281000  │  563000  │ 1671533280000 │ '2022-12-20T10:48:00.000Z' │  0  │ 100 │  0  │    0     │ Infinity │ 212.5 │ 150 │  0  │ 0.7 │ -100  │  -281000  │   -200    │    -563000    │      │         │     │
│    2    │ 2.8  │ 2.8  │ 2.8  │ 2.8  │     │         │    300    │   100   │ 280000  │  843000  │ 1671533640000 │ '2022-12-20T10:54:00.000Z' │ 100 │  0  │  0  │ Infinity │    0     │ 212.5 │ 150 │  0  │     │  100  │  280000   │   -100    │    -283000    │ 100  │ 280000  │ 0.5 │
│    3    │ 2.8  │ 2.8  │ 2.8  │ 2.8  │     │         │    400    │   100   │ 280000  │ 1123000  │ 1671533880000 │ '2022-12-20T10:58:00.000Z' │ 100 │  0  │  0  │ Infinity │    0     │ 212.5 │ 150 │  0  │     │  100  │  280000   │     0     │     -3000     │ 100  │ 280000  │ 0.5 │
│    4    │ 2.8  │ 2.8  │ 2.8  │ 2.8  │     │         │    500    │   100   │ 280000  │ 1403000  │ 1671535440000 │ '2022-12-20T11:24:00.000Z' │ 100 │  0  │  0  │ Infinity │    0     │ 212.5 │ 150 │  0  │     │  100  │  280000   │    100    │    277000     │ 100  │ 280000  │ 0.5 │
│    5    │ 2.77 │ 2.77 │ 2.77 │ 2.77 │ 300 │ 831000  │    900    │   400   │ 1108000 │ 2511000  │ 1671541800000 │ '2022-12-20T13:10:00.000Z' │ 25  │ 75  │  0  │   0.3    │    3     │ 212.5 │ 150 │  0  │  2  │ -200  │  -554000  │   -100    │    -277000    │ 100  │ 277000  │ 0.5 │
│    6    │ 2.76 │ 2.76 │ 2.76 │ 2.76 │ 500 │ 1380000 │   1400    │   500   │ 1380000 │ 3891000  │ 1671541920000 │ '2022-12-20T13:12:00.000Z' │  0  │ 100 │  0  │    0     │ Infinity │ 212.5 │ 150 │  0  │ 3.3 │ -500  │ -1380000  │   -600    │   -1657000    │      │         │     │
│    7    │ 2.75 │ 2.75 │ 2.75 │ 2.75 │ 200 │ 550000  │   1600    │   200   │ 550000  │ 4441000  │ 1671542040000 │ '2022-12-20T13:14:00.000Z' │  0  │ 100 │  0  │    0     │ Infinity │ 212.5 │ 150 │  0  │ 1.3 │ -200  │  -550000  │   -800    │   -2207000    │      │         │     │
│    8    │ 2.79 │ 2.79 │ 2.79 │ 2.79 │     │         │   1700    │   100   │ 279000  │ 4720000  │ 1671543000000 │ '2022-12-20T13:30:00.000Z' │ 100 │  0  │  0  │ Infinity │    0     │ 212.5 │ 150 │  0  │     │  100  │  279000   │   -700    │   -1928000    │ 100  │ 279000  │ 0.5 │
│    9    │ 2.74 │ 2.74 │ 2.74 │ 2.74 │ 100 │ 274000  │   1900    │   200   │ 548000  │ 5268000  │ 1671543120000 │ '2022-12-20T13:32:00.000Z' │ 50  │ 50  │  0  │    1     │    1     │ 212.5 │ 150 │  0  │ 0.7 │   0   │     0     │   -700    │   -1928000    │ 100  │ 274000  │ 0.5 │
│   10    │ 2.73 │ 2.73 │ 2.73 │ 2.73 │ 200 │ 546000  │   2100    │   200   │ 546000  │ 5814000  │ 1671543360000 │ '2022-12-20T13:36:00.000Z' │  0  │ 100 │  0  │    0     │ Infinity │ 212.5 │ 150 │  0  │ 1.3 │ -200  │  -546000  │   -900    │   -2474000    │      │         │     │
│   11    │ 2.73 │ 2.73 │ 2.73 │ 2.73 │     │         │   2200    │   100   │ 273000  │ 6087000  │ 1671543720000 │ '2022-12-20T13:42:00.000Z' │ 100 │  0  │  0  │ Infinity │    0     │ 212.5 │ 150 │  0  │     │  100  │  273000   │   -800    │   -2201000    │ 100  │ 273000  │ 0.5 │
│   12    │ 2.71 │ 2.72 │ 2.71 │ 2.72 │ 900 │ 2444000 │   3100    │   900   │ 2444000 │ 8531000  │ 1671543840000 │ '2022-12-20T13:44:00.000Z' │  0  │ 100 │  0  │    0     │ Infinity │ 212.5 │ 150 │  0  │  6  │ -900  │ -2444000  │   -1700   │   -4645000    │      │         │     │
│   13    │ 2.73 │ 2.73 │ 2.73 │ 2.73 │     │         │   4800    │  1700   │ 4641000 │ 13172000 │ 1671543960000 │ '2022-12-20T13:46:00.000Z' │ 100 │  0  │  0  │ Infinity │    0     │ 212.5 │ 150 │  0  │     │ 1700  │  4641000  │     0     │     -4000     │ 1700 │ 4641000 │  8  │
│   14    │ 2.73 │ 2.73 │ 2.73 │ 2.73 │     │         │   5400    │   600   │ 1638000 │ 14810000 │ 1671544800000 │ '2022-12-20T14:00:00.000Z' │ 100 │  0  │  0  │ Infinity │    0     │ 212.5 │ 150 │  0  │     │  600  │  1638000  │    600    │    1634000    │ 600  │ 1638000 │ 2.8 │
│   15    │ 2.78 │ 2.78 │ 2.78 │ 2.78 │     │         │   5800    │   400   │ 1112000 │ 15922000 │ 1671547440000 │ '2022-12-20T14:44:00.000Z' │ 100 │  0  │  0  │ Infinity │    0     │ 212.5 │ 150 │  0  │     │  400  │  1112000  │   1000    │    2746000    │ 400  │ 1112000 │ 1.9 │
└─────────┴──────┴──────┴──────┴──────┴─────┴─────────┴───────────┴─────────┴─────────┴──────────┴───────────────┴────────────────────────────┴─────┴─────┴─────┴──────────┴──────────┴───────┴─────┴─────┴─────┴───────┴───────────┴───────────┴───────────────┴──────┴─────────┴─────┘

