┌─────────┬──────┬──────┬──────┬──────┬───────┬───────────┬───────────┬─────────┬───────────┬────────────┬───────────────┬────────────────────────────┬─────┬─────┬─────┬──────────┬─────┬────────┬─────┬─────┬─────┬───────┬───────────┬───────────┬───────────────┬─────┬─────────┬──────┐
│ (index) │  c   │  h   │  l   │  o   │  bu   │  val_bu   │ total_vol │ sum_vol │    val    │  acum_val  │   datetime    │            date            │ pbu │ psd │ puk │    bs    │ sb  │  abu   │ asd │ auk │ rbu │ bu-sd │ bu-sd_val │ acum_busd │ acum_busd_val │ uk  │ val_uk  │ ruk  │
├─────────┼──────┼──────┼──────┼──────┼───────┼───────────┼───────────┼─────────┼───────────┼────────────┼───────────────┼────────────────────────────┼─────┼─────┼─────┼──────────┼─────┼────────┼─────┼─────┼─────┼───────┼───────────┼───────────┼───────────────┼─────┼─────────┼──────┤
│    0    │  15  │  15  │  15  │  15  │  500  │  7500000  │    500    │   500   │  7500000  │  7500000   │ 1671527700000 │ '2022-12-20T09:15:00.000Z' │ 100 │  0  │  0  │ Infinity │  0  │ 5337.2 │  0  │ 9.3 │ 0.1 │  500  │  7500000  │    500    │    7500000    │     │         │      │
│    1    │  15  │  15  │  15  │  15  │       │           │    700    │   200   │  3000000  │  10500000  │ 1671528000000 │ '2022-12-20T09:20:00.000Z' │  0  │  0  │ 100 │   NaN    │ NaN │ 5337.2 │  0  │ 9.3 │     │   0   │     0     │    500    │    7500000    │ 200 │ 3000000 │ 21.5 │
│    2    │  16  │  16  │  16  │  16  │  700  │ 11200000  │   1400    │   700   │ 11200000  │  21700000  │ 1671528300000 │ '2022-12-20T09:25:00.000Z' │ 100 │  0  │  0  │ Infinity │  0  │ 5337.2 │  0  │ 9.3 │ 0.1 │  700  │ 11200000  │   1200    │   18700000    │     │         │      │
│    3    │  16  │  16  │  16  │  16  │       │           │   1500    │   100   │  1600000  │  23300000  │ 1671528600000 │ '2022-12-20T09:30:00.000Z' │  0  │  0  │ 100 │   NaN    │ NaN │ 5337.2 │  0  │ 9.3 │     │   0   │     0     │   1200    │   18700000    │ 100 │ 1600000 │ 10.8 │
│    4    │  16  │  16  │  16  │  16  │       │           │   1600    │   100   │  1600000  │  24900000  │ 1671530400000 │ '2022-12-20T10:00:00.000Z' │  0  │  0  │ 100 │   NaN    │ NaN │ 5337.2 │  0  │ 9.3 │     │   0   │     0     │   1200    │   18700000    │ 100 │ 1600000 │ 10.8 │
│    5    │ 12.5 │ 12.5 │ 12.5 │ 12.5 │ 7700  │ 96250000  │   9300    │  7700   │ 96250000  │ 121150000  │ 1671530700000 │ '2022-12-20T10:05:00.000Z' │ 100 │  0  │  0  │ Infinity │  0  │ 5337.2 │  0  │ 9.3 │ 1.4 │ 7700  │ 96250000  │   8900    │   114950000   │     │         │      │
│    6    │ 12.5 │ 12.5 │ 12.5 │ 12.5 │ 8700  │ 108750000 │   18000   │  8700   │ 108750000 │ 229900000  │ 1671531000000 │ '2022-12-20T10:10:00.000Z' │ 100 │  0  │  0  │ Infinity │  0  │ 5337.2 │  0  │ 9.3 │ 1.6 │ 8700  │ 108750000 │   17600   │   223700000   │     │         │      │
│    7    │ 12.5 │ 12.5 │ 12.5 │ 12.5 │ 9400  │ 117500000 │   27400   │  9400   │ 117500000 │ 347400000  │ 1671531300000 │ '2022-12-20T10:15:00.000Z' │ 100 │  0  │  0  │ Infinity │  0  │ 5337.2 │  0  │ 9.3 │ 1.8 │ 9400  │ 117500000 │   27000   │   341200000   │     │         │      │
│    8    │ 12.5 │ 12.5 │ 12.5 │ 12.5 │ 16500 │ 206250000 │   43900   │  16500  │ 206250000 │ 553650000  │ 1671531600000 │ '2022-12-20T10:20:00.000Z' │ 100 │  0  │  0  │ Infinity │  0  │ 5337.2 │  0  │ 9.3 │ 3.1 │ 16500 │ 206250000 │   43500   │   547450000   │     │         │      │
│    9    │ 12.5 │ 12.5 │ 12.5 │ 12.5 │ 9800  │ 122500000 │   53700   │  9800   │ 122500000 │ 676150000  │ 1671531900000 │ '2022-12-20T10:25:00.000Z' │ 100 │  0  │  0  │ Infinity │  0  │ 5337.2 │  0  │ 9.3 │ 1.8 │ 9800  │ 122500000 │   53300   │   669950000   │     │         │      │
│   10    │ 12.5 │ 12.5 │ 12.5 │ 12.5 │ 1800  │ 22500000  │   55500   │  1800   │ 22500000  │ 698650000  │ 1671532200000 │ '2022-12-20T10:30:00.000Z' │ 100 │  0  │  0  │ Infinity │  0  │ 5337.2 │  0  │ 9.3 │ 0.3 │ 1800  │ 22500000  │   55100   │   692450000   │     │         │      │
│   11    │ 12.5 │ 12.5 │ 12.5 │ 12.5 │ 4800  │ 60000000  │   60300   │  4800   │ 60000000  │ 758650000  │ 1671532500000 │ '2022-12-20T10:35:00.000Z' │ 100 │  0  │  0  │ Infinity │  0  │ 5337.2 │  0  │ 9.3 │ 0.9 │ 4800  │ 60000000  │   59900   │   752450000   │     │         │      │
│   12    │ 12.5 │ 12.5 │ 12.5 │ 12.5 │ 23200 │ 290000000 │   83500   │  23200  │ 290000000 │ 1048650000 │ 1671532800000 │ '2022-12-20T10:40:00.000Z' │ 100 │  0  │  0  │ Infinity │  0  │ 5337.2 │  0  │ 9.3 │ 4.3 │ 23200 │ 290000000 │   83100   │  1042450000   │     │         │      │
│   13    │ 12.5 │ 12.5 │ 12.5 │ 12.5 │ 1500  │ 18750000  │   85000   │  1500   │ 18750000  │ 1067400000 │ 1671533100000 │ '2022-12-20T10:45:00.000Z' │ 100 │  0  │  0  │ Infinity │  0  │ 5337.2 │  0  │ 9.3 │ 0.3 │ 1500  │ 18750000  │   84600   │  1061200000   │     │         │      │
│   14    │ 12.5 │ 12.5 │ 12.5 │ 12.5 │ 3000  │ 37500000  │   88000   │  3000   │ 37500000  │ 1104900000 │ 1671533400000 │ '2022-12-20T10:50:00.000Z' │ 100 │  0  │  0  │ Infinity │  0  │ 5337.2 │  0  │ 9.3 │ 0.6 │ 3000  │ 37500000  │   87600   │  1098700000   │     │         │      │
│   15    │ 12.5 │ 12.5 │ 12.5 │ 12.5 │  800  │ 10000000  │   88800   │   800   │ 10000000  │ 1114900000 │ 1671533700000 │ '2022-12-20T10:55:00.000Z' │ 100 │  0  │  0  │ Infinity │  0  │ 5337.2 │  0  │ 9.3 │ 0.1 │  800  │ 10000000  │   88400   │  1108700000   │     │         │      │
│   16    │ 12.5 │ 12.5 │ 12.5 │ 12.5 │  600  │  7500000  │   89400   │   600   │  7500000  │ 1122400000 │ 1671534000000 │ '2022-12-20T11:00:00.000Z' │ 100 │  0  │  0  │ Infinity │  0  │ 5337.2 │  0  │ 9.3 │ 0.1 │  600  │  7500000  │   89000   │  1116200000   │     │         │      │
│   17    │ 12.5 │ 12.5 │ 12.5 │ 12.5 │ 13300 │ 166250000 │  102700   │  13300  │ 166250000 │ 1288650000 │ 1671534300000 │ '2022-12-20T11:05:00.000Z' │ 100 │  0  │  0  │ Infinity │  0  │ 5337.2 │  0  │ 9.3 │ 2.5 │ 13300 │ 166250000 │  102300   │  1282450000   │     │         │      │
│   18    │ 12.5 │ 12.5 │ 12.5 │ 12.5 │  700  │  8750000  │  103400   │   700   │  8750000  │ 1297400000 │ 1671534600000 │ '2022-12-20T11:10:00.000Z' │ 100 │  0  │  0  │ Infinity │  0  │ 5337.2 │  0  │ 9.3 │ 0.1 │  700  │  8750000  │  103000   │  1291200000   │     │         │      │
│   19    │ 12.5 │ 12.5 │ 12.5 │ 12.5 │ 2900  │ 36250000  │  106300   │  2900   │ 36250000  │ 1333650000 │ 1671534900000 │ '2022-12-20T11:15:00.000Z' │ 100 │  0  │  0  │ Infinity │  0  │ 5337.2 │  0  │ 9.3 │ 0.5 │ 2900  │ 36250000  │  105900   │  1327450000   │     │         │      │
│   20    │ 12.5 │ 12.5 │ 12.5 │ 12.5 │ 10200 │ 127500000 │  116500   │  10200  │ 127500000 │ 1461150000 │ 1671535200000 │ '2022-12-20T11:20:00.000Z' │ 100 │  0  │  0  │ Infinity │  0  │ 5337.2 │  0  │ 9.3 │ 1.9 │ 10200 │ 127500000 │  116100   │  1454950000   │     │         │      │
├─────────┼──────┼──────┼──────┼──────┼───────┼───────────┼───────────┼─────────┼───────────┼────────────┼───────────────┼────────────────────────────┼─────┼─────┼─────┼──────────┼─────┼────────┼─────┼─────┼─────┼───────┼───────────┼───────────┼───────────────┼─────┼─────────┼──────┤
│ (index) │  c   │  h   │  l   │  o   │  bu   │  val_bu   │ total_vol │ sum_vol │    val    │  acum_val  │   datetime    │            date            │ pbu │ psd │ puk │    bs    │ sb  │  abu   │ asd │ auk │ rbu │ bu-sd │ bu-sd_val │ acum_busd │ acum_busd_val │ uk  │ val_uk  │ ruk  │
├─────────┼──────┼──────┼──────┼──────┼───────┼───────────┼───────────┼─────────┼───────────┼────────────┼───────────────┼────────────────────────────┼─────┼─────┼─────┼──────────┼─────┼────────┼─────┼─────┼─────┼───────┼───────────┼───────────┼───────────────┼─────┼─────────┼──────┤
│   21    │ 12.5 │ 12.5 │ 12.5 │ 12.5 │ 5000  │ 62500000  │  121500   │  5000   │ 62500000  │ 1523650000 │ 1671535500000 │ '2022-12-20T11:25:00.000Z' │ 100 │  0  │  0  │ Infinity │  0  │ 5337.2 │  0  │ 9.3 │ 0.9 │ 5000  │ 62500000  │  121100   │  1517450000   │     │         │      │
│   22    │ 12.5 │ 12.5 │ 12.5 │ 12.5 │ 5400  │ 67500000  │  126900   │  5400   │ 67500000  │ 1591150000 │ 1671541200000 │ '2022-12-20T13:00:00.000Z' │ 100 │  0  │  0  │ Infinity │  0  │ 5337.2 │  0  │ 9.3 │  1  │ 5400  │ 67500000  │  126500   │  1584950000   │     │         │      │
│   23    │ 12.5 │ 12.5 │ 12.5 │ 12.5 │ 6700  │ 83750000  │  133600   │  6700   │ 83750000  │ 1674900000 │ 1671541500000 │ '2022-12-20T13:05:00.000Z' │ 100 │  0  │  0  │ Infinity │  0  │ 5337.2 │  0  │ 9.3 │ 1.3 │ 6700  │ 83750000  │  133200   │  1668700000   │     │         │      │
│   24    │ 12.5 │ 12.5 │ 12.5 │ 12.5 │ 18200 │ 227500000 │  151800   │  18200  │ 227500000 │ 1902400000 │ 1671541800000 │ '2022-12-20T13:10:00.000Z' │ 100 │  0  │  0  │ Infinity │  0  │ 5337.2 │  0  │ 9.3 │ 3.4 │ 18200 │ 227500000 │  151400   │  1896200000   │     │         │      │
│   25    │ 12.5 │ 12.5 │ 12.5 │ 12.5 │  200  │  2500000  │  152000   │   200   │  2500000  │ 1904900000 │ 1671542100000 │ '2022-12-20T13:15:00.000Z' │ 100 │  0  │  0  │ Infinity │  0  │ 5337.2 │  0  │ 9.3 │  0  │  200  │  2500000  │  151600   │  1898700000   │     │         │      │
│   26    │ 12.5 │ 12.5 │ 12.5 │ 12.5 │ 1200  │ 15000000  │  153200   │  1200   │ 15000000  │ 1919900000 │ 1671542400000 │ '2022-12-20T13:20:00.000Z' │ 100 │  0  │  0  │ Infinity │  0  │ 5337.2 │  0  │ 9.3 │ 0.2 │ 1200  │ 15000000  │  152800   │  1913700000   │     │         │      │
│   27    │ 12.5 │ 12.5 │ 12.5 │ 12.5 │  100  │  1250000  │  153300   │   100   │  1250000  │ 1921150000 │ 1671542700000 │ '2022-12-20T13:25:00.000Z' │ 100 │  0  │  0  │ Infinity │  0  │ 5337.2 │  0  │ 9.3 │  0  │  100  │  1250000  │  152900   │  1914950000   │     │         │      │
│   28    │ 12.5 │ 12.5 │ 12.5 │ 12.5 │ 3500  │ 43750000  │  156800   │  3500   │ 43750000  │ 1964900000 │ 1671543300000 │ '2022-12-20T13:35:00.000Z' │ 100 │  0  │  0  │ Infinity │  0  │ 5337.2 │  0  │ 9.3 │ 0.7 │ 3500  │ 43750000  │  156400   │  1958700000   │     │         │      │
│   29    │ 12.5 │ 12.5 │ 12.5 │ 12.5 │  200  │  2500000  │  157000   │   200   │  2500000  │ 1967400000 │ 1671543600000 │ '2022-12-20T13:40:00.000Z' │ 100 │  0  │  0  │ Infinity │  0  │ 5337.2 │  0  │ 9.3 │  0  │  200  │  2500000  │  156600   │  1961200000   │     │         │      │
│   30    │ 12.5 │ 12.5 │ 12.5 │ 12.5 │  300  │  3750000  │  157300   │   300   │  3750000  │ 1971150000 │ 1671543900000 │ '2022-12-20T13:45:00.000Z' │ 100 │  0  │  0  │ Infinity │  0  │ 5337.2 │  0  │ 9.3 │ 0.1 │  300  │  3750000  │  156900   │  1964950000   │     │         │      │
│   31    │ 12.5 │ 12.5 │ 12.5 │ 12.5 │ 2300  │ 28750000  │  159600   │  2300   │ 28750000  │ 1999900000 │ 1671544200000 │ '2022-12-20T13:50:00.000Z' │ 100 │  0  │  0  │ Infinity │  0  │ 5337.2 │  0  │ 9.3 │ 0.4 │ 2300  │ 28750000  │  159200   │  1993700000   │     │         │      │
│   32    │ 12.5 │ 12.5 │ 12.5 │ 12.5 │  500  │  6250000  │  160100   │   500   │  6250000  │ 2006150000 │ 1671544500000 │ '2022-12-20T13:55:00.000Z' │ 100 │  0  │  0  │ Infinity │  0  │ 5337.2 │  0  │ 9.3 │ 0.1 │  500  │  6250000  │  159700   │  1999950000   │     │         │      │
│   33    │ 12.5 │ 12.5 │ 12.5 │ 12.5 │ 3300  │ 41250000  │  163400   │  3300   │ 41250000  │ 2047400000 │ 1671544800000 │ '2022-12-20T14:00:00.000Z' │ 100 │  0  │  0  │ Infinity │  0  │ 5337.2 │  0  │ 9.3 │ 0.6 │ 3300  │ 41250000  │  163000   │  2041200000   │     │         │      │
│   34    │ 12.5 │ 12.5 │ 12.5 │ 12.5 │  200  │  2500000  │  163600   │   200   │  2500000  │ 2049900000 │ 1671545100000 │ '2022-12-20T14:05:00.000Z' │ 100 │  0  │  0  │ Infinity │  0  │ 5337.2 │  0  │ 9.3 │  0  │  200  │  2500000  │  163200   │  2043700000   │     │         │      │
│   35    │ 12.5 │ 12.5 │ 12.5 │ 12.5 │ 8500  │ 106250000 │  172100   │  8500   │ 106250000 │ 2156150000 │ 1671545700000 │ '2022-12-20T14:15:00.000Z' │ 100 │  0  │  0  │ Infinity │  0  │ 5337.2 │  0  │ 9.3 │ 1.6 │ 8500  │ 106250000 │  171700   │  2149950000   │     │         │      │
│   36    │ 12.5 │ 12.5 │ 12.5 │ 12.5 │ 5600  │ 70000000  │  177700   │  5600   │ 70000000  │ 2226150000 │ 1671546000000 │ '2022-12-20T14:20:00.000Z' │ 100 │  0  │  0  │ Infinity │  0  │ 5337.2 │  0  │ 9.3 │  1  │ 5600  │ 70000000  │  177300   │  2219950000   │     │         │      │
│   37    │ 12.5 │ 12.5 │ 12.5 │ 12.5 │ 8300  │ 103750000 │  186000   │  8300   │ 103750000 │ 2329900000 │ 1671546300000 │ '2022-12-20T14:25:00.000Z' │ 100 │  0  │  0  │ Infinity │  0  │ 5337.2 │  0  │ 9.3 │ 1.6 │ 8300  │ 103750000 │  185600   │  2323700000   │     │         │      │
│   38    │ 12.5 │ 12.5 │ 12.5 │ 12.5 │ 1000  │ 12500000  │  187000   │  1000   │ 12500000  │ 2342400000 │ 1671546600000 │ '2022-12-20T14:30:00.000Z' │ 100 │  0  │  0  │ Infinity │  0  │ 5337.2 │  0  │ 9.3 │ 0.2 │ 1000  │ 12500000  │  186600   │  2336200000   │     │         │      │
│   39    │ 12.5 │ 12.5 │ 12.5 │ 12.5 │ 39000 │ 487500000 │  226000   │  39000  │ 487500000 │ 2829900000 │ 1671546900000 │ '2022-12-20T14:35:00.000Z' │ 100 │  0  │  0  │ Infinity │  0  │ 5337.2 │  0  │ 9.3 │ 7.3 │ 39000 │ 487500000 │  225600   │  2823700000   │     │         │      │
│   40    │ 12.5 │ 12.5 │ 12.5 │ 12.5 │  800  │ 10000000  │  226800   │   800   │ 10000000  │ 2839900000 │ 1671547200000 │ '2022-12-20T14:40:00.000Z' │ 100 │  0  │  0  │ Infinity │  0  │ 5337.2 │  0  │ 9.3 │ 0.1 │  800  │ 10000000  │  226400   │  2833700000   │     │         │      │
├─────────┼──────┼──────┼──────┼──────┼───────┼───────────┼───────────┼─────────┼───────────┼────────────┼───────────────┼────────────────────────────┼─────┼─────┼─────┼──────────┼─────┼────────┼─────┼─────┼─────┼───────┼───────────┼───────────┼───────────────┼─────┼─────────┼──────┤
│ (index) │  c   │  h   │  l   │  o   │  bu   │  val_bu   │ total_vol │ sum_vol │    val    │  acum_val  │   datetime    │            date            │ pbu │ psd │ puk │    bs    │ sb  │  abu   │ asd │ auk │ rbu │ bu-sd │ bu-sd_val │ acum_busd │ acum_busd_val │ uk  │ val_uk  │ ruk  │
├─────────┼──────┼──────┼──────┼──────┼───────┼───────────┼───────────┼─────────┼───────────┼────────────┼───────────────┼────────────────────────────┼─────┼─────┼─────┼──────────┼─────┼────────┼─────┼─────┼─────┼───────┼───────────┼───────────┼───────────────┼─────┼─────────┼──────┤
│   41    │ 12.5 │ 12.5 │ 12.5 │ 12.5 │ 3000  │ 37500000  │  229800   │  3000   │ 37500000  │ 2877400000 │ 1671547500000 │ '2022-12-20T14:45:00.000Z' │ 100 │  0  │  0  │ Infinity │  0  │ 5337.2 │  0  │ 9.3 │ 0.6 │ 3000  │ 37500000  │  229400   │  2871200000   │     │         │      │
│   42    │ 12.5 │ 12.5 │ 12.5 │ 12.5 │  100  │  1250000  │  229900   │   100   │  1250000  │ 2878650000 │ 1671548100000 │ '2022-12-20T14:55:00.000Z' │ 100 │  0  │  0  │ Infinity │  0  │ 5337.2 │  0  │ 9.3 │  0  │  100  │  1250000  │  229500   │  2872450000   │     │         │      │
└─────────┴──────┴──────┴──────┴──────┴───────┴───────────┴───────────┴─────────┴───────────┴────────────┴───────────────┴────────────────────────────┴─────┴─────┴─────┴──────────┴─────┴────────┴─────┴─────┴─────┴───────┴───────────┴───────────┴───────────────┴─────┴─────────┴──────┘

