┌─────────┬─────┬─────┬─────┬─────┬───────┬───────────┬───────────┬─────────┬───────────┬───────────┬───────┬───────────┬───────────────┬────────────────────────────┬──────┬──────┬─────┬──────────┬──────────┬────────┬────────┬─────┬──────┬──────┬────────┬────────────┬───────────┬───────────────┐
│ (index) │  c  │  h  │  l  │  o  │  sd   │  val_sd   │ total_vol │ sum_vol │    val    │ acum_val  │  bu   │  val_bu   │   datetime    │            date            │ pbu  │ psd  │ puk │    bs    │    sb    │  abu   │  asd   │ auk │ rsd  │ rbu  │ bu-sd  │ bu-sd_val  │ acum_busd │ acum_busd_val │
├─────────┼─────┼─────┼─────┼─────┼───────┼───────────┼───────────┼─────────┼───────────┼───────────┼───────┼───────────┼───────────────┼────────────────────────────┼──────┼──────┼─────┼──────────┼──────────┼────────┼────────┼─────┼──────┼──────┼────────┼────────────┼───────────┼───────────────┤
│    0    │ 2.1 │ 2.1 │  2  │  2  │  500  │   1000    │    600    │   600   │  211000   │  211000   │  100  │  210000   │ 1671526800000 │ '2022-12-20T09:00:00.000Z' │ 16.7 │ 83.3 │  0  │   0.2    │    5     │ 1587.7 │ 7524.6 │  0  │ 0.1  │ 0.1  │  -400  │   209000   │   -400    │    209000     │
│    1    │  2  │  2  │  2  │  2  │ 4000  │   8000    │   4600    │  4000   │   8000    │  219000   │       │           │ 1671526920000 │ '2022-12-20T09:02:00.000Z' │  0   │ 100  │  0  │    0     │ Infinity │ 1587.7 │ 7524.6 │  0  │ 0.5  │      │ -4000  │   -8000    │   -4400   │    201000     │
│    2    │  2  │  2  │  2  │  2  │  200  │    400    │   4800    │   200   │    400    │  219400   │       │           │ 1671527160000 │ '2022-12-20T09:06:00.000Z' │  0   │ 100  │  0  │    0     │ Infinity │ 1587.7 │ 7524.6 │  0  │  0   │      │  -200  │    -400    │   -4600   │    200600     │
│    3    │ 2.1 │ 2.1 │  2  │  2  │  200  │    400    │   5100    │   300   │  210400   │  429800   │  100  │  210000   │ 1671527280000 │ '2022-12-20T09:08:00.000Z' │ 33.3 │ 66.7 │  0  │   0.5    │    2     │ 1587.7 │ 7524.6 │  0  │  0   │ 0.1  │  -100  │   209600   │   -4700   │    410200     │
│    4    │  2  │  2  │  2  │  2  │ 8400  │   16800   │   13500   │  8400   │   16800   │  446600   │       │           │ 1671527520000 │ '2022-12-20T09:12:00.000Z' │  0   │ 100  │  0  │    0     │ Infinity │ 1587.7 │ 7524.6 │  0  │ 1.1  │      │ -8400  │   -16800   │  -13100   │    393400     │
│    5    │  2  │  2  │ 1.9 │ 1.9 │  100  │  190000   │   13700   │   200   │  190200   │  636800   │  100  │    200    │ 1671527640000 │ '2022-12-20T09:14:00.000Z' │  50  │  50  │  0  │    1     │    1     │ 1587.7 │ 7524.6 │  0  │  0   │ 0.1  │   0    │  -189800   │  -13100   │    203600     │
│    6    │ 1.9 │ 1.9 │ 1.9 │ 1.9 │  400  │  760000   │   14100   │   400   │  760000   │  1396800  │       │           │ 1671527760000 │ '2022-12-20T09:16:00.000Z' │  0   │ 100  │  0  │    0     │ Infinity │ 1587.7 │ 7524.6 │  0  │ 0.1  │      │  -400  │  -760000   │  -13500   │    -556400    │
│    7    │  2  │  2  │  2  │  2  │       │           │   14900   │   800   │   1600    │  1398400  │  800  │   1600    │ 1671527880000 │ '2022-12-20T09:18:00.000Z' │ 100  │  0   │  0  │ Infinity │    0     │ 1587.7 │ 7524.6 │  0  │      │ 0.5  │  800   │    1600    │  -12700   │    -554800    │
│    8    │  2  │  2  │  2  │  2  │       │           │   15400   │   500   │   1000    │  1399400  │  500  │   1000    │ 1671528000000 │ '2022-12-20T09:20:00.000Z' │ 100  │  0   │  0  │ Infinity │    0     │ 1587.7 │ 7524.6 │  0  │      │ 0.3  │  500   │    1000    │  -12200   │    -553800    │
│    9    │  2  │  2  │  2  │  2  │       │           │   23400   │  8000   │   16000   │  1415400  │ 8000  │   16000   │ 1671528360000 │ '2022-12-20T09:26:00.000Z' │ 100  │  0   │  0  │ Infinity │    0     │ 1587.7 │ 7524.6 │  0  │      │  5   │  8000  │   16000    │   -4200   │    -537800    │
│   10    │  2  │  2  │  2  │  2  │  300  │    600    │   23700   │   300   │    600    │  1416000  │       │           │ 1671528720000 │ '2022-12-20T09:32:00.000Z' │  0   │ 100  │  0  │    0     │ Infinity │ 1587.7 │ 7524.6 │  0  │  0   │      │  -300  │    -600    │   -4500   │    -538400    │
│   11    │  2  │  2  │ 1.9 │  2  │ 7600  │  205000   │   32500   │  8800   │  207400   │  1623400  │ 1200  │   2400    │ 1671529080000 │ '2022-12-20T09:38:00.000Z' │ 13.6 │ 86.4 │  0  │   0.2    │   6.3    │ 1587.7 │ 7524.6 │  0  │  1   │ 0.8  │ -6400  │  -202600   │  -10900   │    -741000    │
│   12    │ 1.9 │ 1.9 │ 1.9 │ 1.9 │  100  │  190000   │   32600   │   100   │  190000   │  1813400  │       │           │ 1671529200000 │ '2022-12-20T09:40:00.000Z' │  0   │ 100  │  0  │    0     │ Infinity │ 1587.7 │ 7524.6 │  0  │  0   │      │  -100  │  -190000   │  -11000   │    -931000    │
│   13    │ 1.9 │  2  │ 1.9 │  2  │  100  │  190000   │   32900   │   300   │  190400   │  2003800  │  200  │    400    │ 1671529560000 │ '2022-12-20T09:46:00.000Z' │ 66.7 │ 33.3 │  0  │    2     │   0.5    │ 1587.7 │ 7524.6 │  0  │  0   │ 0.1  │  100   │  -189600   │  -10900   │   -1120600    │
│   14    │  2  │  2  │  2  │  2  │       │           │   39600   │  6700   │   13400   │  2017200  │ 6700  │   13400   │ 1671529800000 │ '2022-12-20T09:50:00.000Z' │ 100  │  0   │  0  │ Infinity │    0     │ 1587.7 │ 7524.6 │  0  │      │ 4.2  │  6700  │   13400    │   -4200   │   -1107200    │
│   15    │  2  │  2  │  2  │  2  │       │           │   40500   │   900   │   1800    │  2019000  │  900  │   1800    │ 1671529920000 │ '2022-12-20T09:52:00.000Z' │ 100  │  0   │  0  │ Infinity │    0     │ 1587.7 │ 7524.6 │  0  │      │ 0.6  │  900   │    1800    │   -3300   │   -1105400    │
│   16    │  2  │  2  │  2  │  2  │       │           │   40600   │   100   │    200    │  2019200  │  100  │    200    │ 1671530040000 │ '2022-12-20T09:54:00.000Z' │ 100  │  0   │  0  │ Infinity │    0     │ 1587.7 │ 7524.6 │  0  │      │ 0.1  │  100   │    200     │   -3200   │   -1105200    │
│   17    │  2  │  2  │  2  │  2  │       │           │   40700   │   100   │    200    │  2019400  │  100  │    200    │ 1671530520000 │ '2022-12-20T10:02:00.000Z' │ 100  │  0   │  0  │ Infinity │    0     │ 1587.7 │ 7524.6 │  0  │      │ 0.1  │  100   │    200     │   -3100   │   -1105000    │
│   18    │ 1.9 │ 1.9 │ 1.9 │ 1.9 │  900  │  1710000  │   41600   │   900   │  1710000  │  3729400  │       │           │ 1671531120000 │ '2022-12-20T10:12:00.000Z' │  0   │ 100  │  0  │    0     │ Infinity │ 1587.7 │ 7524.6 │  0  │ 0.1  │      │  -900  │  -1710000  │   -4000   │   -2815000    │
│   19    │ 1.9 │ 1.9 │ 1.9 │ 1.9 │ 29300 │ 55670000  │   70900   │  29300  │ 55670000  │ 59399400  │       │           │ 1671531600000 │ '2022-12-20T10:20:00.000Z' │  0   │ 100  │  0  │    0     │ Infinity │ 1587.7 │ 7524.6 │  0  │ 3.9  │      │ -29300 │ -55670000  │  -33300   │   -58485000   │
│   20    │ 1.9 │ 1.9 │ 1.9 │ 1.9 │ 5500  │ 10450000  │   76400   │  5500   │ 10450000  │ 69849400  │       │           │ 1671532320000 │ '2022-12-20T10:32:00.000Z' │  0   │ 100  │  0  │    0     │ Infinity │ 1587.7 │ 7524.6 │  0  │ 0.7  │      │ -5500  │ -10450000  │  -38800   │   -68935000   │
├─────────┼─────┼─────┼─────┼─────┼───────┼───────────┼───────────┼─────────┼───────────┼───────────┼───────┼───────────┼───────────────┼────────────────────────────┼──────┼──────┼─────┼──────────┼──────────┼────────┼────────┼─────┼──────┼──────┼────────┼────────────┼───────────┼───────────────┤
│ (index) │  c  │  h  │  l  │  o  │  sd   │  val_sd   │ total_vol │ sum_vol │    val    │ acum_val  │  bu   │  val_bu   │   datetime    │            date            │ pbu  │ psd  │ puk │    bs    │    sb    │  abu   │  asd   │ auk │ rsd  │ rbu  │ bu-sd  │ bu-sd_val  │ acum_busd │ acum_busd_val │
├─────────┼─────┼─────┼─────┼─────┼───────┼───────────┼───────────┼─────────┼───────────┼───────────┼───────┼───────────┼───────────────┼────────────────────────────┼──────┼──────┼─────┼──────────┼──────────┼────────┼────────┼─────┼──────┼──────┼────────┼────────────┼───────────┼───────────────┤
│   21    │ 1.9 │ 1.9 │ 1.9 │ 1.9 │ 1000  │  1900000  │   77400   │  1000   │  1900000  │ 71749400  │       │           │ 1671532560000 │ '2022-12-20T10:36:00.000Z' │  0   │ 100  │  0  │    0     │ Infinity │ 1587.7 │ 7524.6 │  0  │ 0.1  │      │ -1000  │  -1900000  │  -39800   │   -70835000   │
│   22    │  2  │  2  │  2  │  2  │       │           │   77500   │   100   │    200    │ 71749600  │  100  │    200    │ 1671532800000 │ '2022-12-20T10:40:00.000Z' │ 100  │  0   │  0  │ Infinity │    0     │ 1587.7 │ 7524.6 │  0  │      │ 0.1  │  100   │    200     │  -39700   │   -70834800   │
│   23    │ 1.9 │ 1.9 │ 1.9 │ 1.9 │  100  │  190000   │   77600   │   100   │  190000   │ 71939600  │       │           │ 1671534120000 │ '2022-12-20T11:02:00.000Z' │  0   │ 100  │  0  │    0     │ Infinity │ 1587.7 │ 7524.6 │  0  │  0   │      │  -100  │  -190000   │  -39800   │   -71024800   │
│   24    │ 1.9 │ 1.9 │ 1.9 │ 1.9 │  500  │  950000   │   78100   │   500   │  950000   │ 72889600  │       │           │ 1671534960000 │ '2022-12-20T11:16:00.000Z' │  0   │ 100  │  0  │    0     │ Infinity │ 1587.7 │ 7524.6 │  0  │ 0.1  │      │  -500  │  -950000   │  -40300   │   -71974800   │
│   25    │ 1.9 │ 1.9 │ 1.9 │ 1.9 │ 10000 │ 19000000  │   88100   │  10000  │ 19000000  │ 91889600  │       │           │ 1671535080000 │ '2022-12-20T11:18:00.000Z' │  0   │ 100  │  0  │    0     │ Infinity │ 1587.7 │ 7524.6 │  0  │ 1.3  │      │ -10000 │ -19000000  │  -50300   │   -90974800   │
│   26    │ 1.9 │ 1.9 │ 1.9 │ 1.9 │  500  │  950000   │   88600   │   500   │  950000   │ 92839600  │       │           │ 1671535320000 │ '2022-12-20T11:22:00.000Z' │  0   │ 100  │  0  │    0     │ Infinity │ 1587.7 │ 7524.6 │  0  │ 0.1  │      │  -500  │  -950000   │  -50800   │   -91924800   │
│   27    │ 1.9 │ 1.9 │ 1.9 │ 1.9 │ 3100  │  5890000  │   91700   │  3100   │  5890000  │ 98729600  │       │           │ 1671535440000 │ '2022-12-20T11:24:00.000Z' │  0   │ 100  │  0  │    0     │ Infinity │ 1587.7 │ 7524.6 │  0  │ 0.4  │      │ -3100  │  -5890000  │  -53900   │   -97814800   │
│   28    │ 1.9 │ 1.9 │ 1.9 │ 1.9 │ 5000  │  9500000  │   96700   │  5000   │  9500000  │ 108229600 │       │           │ 1671541200000 │ '2022-12-20T13:00:00.000Z' │  0   │ 100  │  0  │    0     │ Infinity │ 1587.7 │ 7524.6 │  0  │ 0.7  │      │ -5000  │  -9500000  │  -58900   │  -107314800   │
│   29    │ 1.9 │ 1.9 │ 1.9 │ 1.9 │ 33500 │ 63650000  │  130200   │  33500  │ 63650000  │ 171879600 │       │           │ 1671541320000 │ '2022-12-20T13:02:00.000Z' │  0   │ 100  │  0  │    0     │ Infinity │ 1587.7 │ 7524.6 │  0  │ 4.5  │      │ -33500 │ -63650000  │  -92400   │  -170964800   │
│   30    │ 1.9 │ 1.9 │ 1.9 │ 1.9 │ 89400 │ 169860000 │  219600   │  89400  │ 169860000 │ 341739600 │       │           │ 1671541440000 │ '2022-12-20T13:04:00.000Z' │  0   │ 100  │  0  │    0     │ Infinity │ 1587.7 │ 7524.6 │  0  │ 11.9 │      │ -89400 │ -169860000 │  -181800  │  -340824800   │
│   31    │ 1.9 │ 1.9 │ 1.9 │ 1.9 │ 75400 │ 143260000 │  297600   │  78000  │ 148200000 │ 489939600 │ 2600  │  4940000  │ 1671541560000 │ '2022-12-20T13:06:00.000Z' │ 3.3  │ 96.7 │  0  │    0     │    29    │ 1587.7 │ 7524.6 │  0  │  10  │ 1.6  │ -72800 │ -138320000 │  -254600  │  -479144800   │
│   32    │ 1.8 │ 1.8 │ 1.8 │ 1.8 │  100  │  180000   │  297700   │   100   │  180000   │ 490119600 │       │           │ 1671541680000 │ '2022-12-20T13:08:00.000Z' │  0   │ 100  │  0  │    0     │ Infinity │ 1587.7 │ 7524.6 │  0  │  0   │      │  -100  │  -180000   │  -254700  │  -479324800   │
│   33    │ 1.8 │ 1.8 │ 1.8 │ 1.8 │ 4000  │  7200000  │  301700   │  4000   │  7200000  │ 497319600 │       │           │ 1671541800000 │ '2022-12-20T13:10:00.000Z' │  0   │ 100  │  0  │    0     │ Infinity │ 1587.7 │ 7524.6 │  0  │ 0.5  │      │ -4000  │  -7200000  │  -258700  │  -486524800   │
│   34    │ 1.8 │ 1.8 │ 1.8 │ 1.8 │  100  │  180000   │  301800   │   100   │  180000   │ 497499600 │       │           │ 1671541920000 │ '2022-12-20T13:12:00.000Z' │  0   │ 100  │  0  │    0     │ Infinity │ 1587.7 │ 7524.6 │  0  │  0   │      │  -100  │  -180000   │  -258800  │  -486704800   │
│   35    │ 1.8 │ 1.9 │ 1.8 │ 1.8 │ 3000  │  5400000  │  305000   │  3200   │  5780000  │ 503279600 │  200  │  380000   │ 1671542040000 │ '2022-12-20T13:14:00.000Z' │ 6.3  │ 93.8 │  0  │   0.1    │    15    │ 1587.7 │ 7524.6 │  0  │ 0.4  │ 0.1  │ -2800  │  -5020000  │  -261600  │  -491724800   │
│   36    │ 1.9 │ 1.9 │ 1.8 │ 1.8 │ 9000  │ 16200000  │  314200   │  9200   │ 16580000  │ 519859600 │  200  │  380000   │ 1671542160000 │ '2022-12-20T13:16:00.000Z' │ 2.2  │ 97.8 │  0  │    0     │    45    │ 1587.7 │ 7524.6 │  0  │ 1.2  │ 0.1  │ -8800  │ -15820000  │  -270400  │  -507544800   │
│   37    │ 1.8 │ 1.9 │ 1.8 │ 1.9 │ 7300  │ 13140000  │  323100   │  8900   │ 16180000  │ 536039600 │ 1600  │  3040000  │ 1671542280000 │ '2022-12-20T13:18:00.000Z' │  18  │  82  │  0  │   0.2    │   4.6    │ 1587.7 │ 7524.6 │  0  │  1   │  1   │ -5700  │ -10100000  │  -276100  │  -517644800   │
│   38    │ 1.9 │ 1.9 │ 1.8 │ 1.8 │ 3000  │  5400000  │  326400   │  3300   │  5970000  │ 542009600 │  300  │  570000   │ 1671542400000 │ '2022-12-20T13:20:00.000Z' │ 9.1  │ 90.9 │  0  │   0.1    │    10    │ 1587.7 │ 7524.6 │  0  │ 0.4  │ 0.2  │ -2700  │  -4830000  │  -278800  │  -522474800   │
│   39    │ 1.9 │ 1.9 │ 1.9 │ 1.9 │       │           │  326900   │   500   │  950000   │ 542959600 │  500  │  950000   │ 1671542520000 │ '2022-12-20T13:22:00.000Z' │ 100  │  0   │  0  │ Infinity │    0     │ 1587.7 │ 7524.6 │  0  │      │ 0.3  │  500   │   950000   │  -278300  │  -521524800   │
│   40    │ 1.8 │ 1.8 │ 1.8 │ 1.8 │  200  │  360000   │  327100   │   200   │  360000   │ 543319600 │       │           │ 1671542880000 │ '2022-12-20T13:28:00.000Z' │  0   │ 100  │  0  │    0     │ Infinity │ 1587.7 │ 7524.6 │  0  │  0   │      │  -200  │  -360000   │  -278500  │  -521884800   │
├─────────┼─────┼─────┼─────┼─────┼───────┼───────────┼───────────┼─────────┼───────────┼───────────┼───────┼───────────┼───────────────┼────────────────────────────┼──────┼──────┼─────┼──────────┼──────────┼────────┼────────┼─────┼──────┼──────┼────────┼────────────┼───────────┼───────────────┤
│ (index) │  c  │  h  │  l  │  o  │  sd   │  val_sd   │ total_vol │ sum_vol │    val    │ acum_val  │  bu   │  val_bu   │   datetime    │            date            │ pbu  │ psd  │ puk │    bs    │    sb    │  abu   │  asd   │ auk │ rsd  │ rbu  │ bu-sd  │ bu-sd_val  │ acum_busd │ acum_busd_val │
├─────────┼─────┼─────┼─────┼─────┼───────┼───────────┼───────────┼─────────┼───────────┼───────────┼───────┼───────────┼───────────────┼────────────────────────────┼──────┼──────┼─────┼──────────┼──────────┼────────┼────────┼─────┼──────┼──────┼────────┼────────────┼───────────┼───────────────┤
│   41    │ 1.8 │ 1.8 │ 1.8 │ 1.8 │ 6600  │ 11880000  │  333700   │  6600   │ 11880000  │ 555199600 │       │           │ 1671543000000 │ '2022-12-20T13:30:00.000Z' │  0   │ 100  │  0  │    0     │ Infinity │ 1587.7 │ 7524.6 │  0  │ 0.9  │      │ -6600  │ -11880000  │  -285100  │  -533764800   │
│   42    │ 1.9 │ 1.9 │ 1.9 │ 1.9 │       │           │  334700   │  1000   │  1900000  │ 557099600 │ 1000  │  1900000  │ 1671543120000 │ '2022-12-20T13:32:00.000Z' │ 100  │  0   │  0  │ Infinity │    0     │ 1587.7 │ 7524.6 │  0  │      │ 0.6  │  1000  │  1900000   │  -284100  │  -531864800   │
│   43    │ 1.9 │ 1.9 │ 1.9 │ 1.9 │       │           │  335200   │   500   │  950000   │ 558049600 │  500  │  950000   │ 1671543240000 │ '2022-12-20T13:34:00.000Z' │ 100  │  0   │  0  │ Infinity │    0     │ 1587.7 │ 7524.6 │  0  │      │ 0.3  │  500   │   950000   │  -283600  │  -530914800   │
│   44    │ 1.9 │ 1.9 │ 1.9 │ 1.9 │       │           │  339400   │  4200   │  7980000  │ 566029600 │ 4200  │  7980000  │ 1671543480000 │ '2022-12-20T13:38:00.000Z' │ 100  │  0   │  0  │ Infinity │    0     │ 1587.7 │ 7524.6 │  0  │      │ 2.6  │  4200  │  7980000   │  -279400  │  -522934800   │
│   45    │ 1.9 │ 1.9 │ 1.9 │ 1.9 │       │           │  339900   │   500   │  950000   │ 566979600 │  500  │  950000   │ 1671543600000 │ '2022-12-20T13:40:00.000Z' │ 100  │  0   │  0  │ Infinity │    0     │ 1587.7 │ 7524.6 │  0  │      │ 0.3  │  500   │   950000   │  -278900  │  -521984800   │
│   46    │ 1.9 │ 1.9 │ 1.9 │ 1.9 │       │           │  340000   │   100   │  190000   │ 567169600 │  100  │  190000   │ 1671543840000 │ '2022-12-20T13:44:00.000Z' │ 100  │  0   │  0  │ Infinity │    0     │ 1587.7 │ 7524.6 │  0  │      │ 0.1  │  100   │   190000   │  -278800  │  -521794800   │
│   47    │ 1.9 │ 1.9 │ 1.9 │ 1.9 │       │           │  340100   │   100   │  190000   │ 567359600 │  100  │  190000   │ 1671543960000 │ '2022-12-20T13:46:00.000Z' │ 100  │  0   │  0  │ Infinity │    0     │ 1587.7 │ 7524.6 │  0  │      │ 0.1  │  100   │   190000   │  -278700  │  -521604800   │
│   48    │ 1.9 │ 1.9 │ 1.9 │ 1.9 │       │           │  340400   │   300   │  570000   │ 567929600 │  300  │  570000   │ 1671544080000 │ '2022-12-20T13:48:00.000Z' │ 100  │  0   │  0  │ Infinity │    0     │ 1587.7 │ 7524.6 │  0  │      │ 0.2  │  300   │   570000   │  -278400  │  -521034800   │
│   49    │ 1.9 │ 1.9 │ 1.8 │ 1.8 │ 10000 │ 18000000  │  351400   │  11000  │ 19900000  │ 587829600 │ 1000  │  1900000  │ 1671544560000 │ '2022-12-20T13:56:00.000Z' │ 9.1  │ 90.9 │  0  │   0.1    │    10    │ 1587.7 │ 7524.6 │  0  │ 1.3  │ 0.6  │ -9000  │ -16100000  │  -287400  │  -537134800   │
│   50    │ 1.9 │ 1.9 │ 1.9 │ 1.9 │       │           │  408900   │  57500  │ 109250000 │ 697079600 │ 57500 │ 109250000 │ 1671544800000 │ '2022-12-20T14:00:00.000Z' │ 100  │  0   │  0  │ Infinity │    0     │ 1587.7 │ 7524.6 │  0  │      │ 36.2 │ 57500  │ 109250000  │  -229900  │  -427884800   │
│   51    │ 1.9 │ 1.9 │ 1.9 │ 1.9 │ 11800 │ 22420000  │  420700   │  11800  │ 22420000  │ 719499600 │       │           │ 1671545040000 │ '2022-12-20T14:04:00.000Z' │  0   │ 100  │  0  │    0     │ Infinity │ 1587.7 │ 7524.6 │  0  │ 1.6  │      │ -11800 │ -22420000  │  -241700  │  -450304800   │
│   52    │ 1.9 │ 1.9 │ 1.9 │ 1.9 │ 10000 │ 19000000  │  430700   │  10000  │ 19000000  │ 738499600 │       │           │ 1671545160000 │ '2022-12-20T14:06:00.000Z' │  0   │ 100  │  0  │    0     │ Infinity │ 1587.7 │ 7524.6 │  0  │ 1.3  │      │ -10000 │ -19000000  │  -251700  │  -469304800   │
│   53    │ 1.9 │ 1.9 │ 1.9 │ 1.9 │ 23700 │ 45030000  │  454400   │  23700  │ 45030000  │ 783529600 │       │           │ 1671545280000 │ '2022-12-20T14:08:00.000Z' │  0   │ 100  │  0  │    0     │ Infinity │ 1587.7 │ 7524.6 │  0  │ 3.1  │      │ -23700 │ -45030000  │  -275400  │  -514334800   │
│   54    │ 1.9 │ 1.9 │ 1.9 │ 1.9 │  100  │  190000   │  454500   │   100   │  190000   │ 783719600 │       │           │ 1671545640000 │ '2022-12-20T14:14:00.000Z' │  0   │ 100  │  0  │    0     │ Infinity │ 1587.7 │ 7524.6 │  0  │  0   │      │  -100  │  -190000   │  -275500  │  -514524800   │
│   55    │  2  │  2  │  2  │  2  │       │           │  455500   │  1000   │   2000    │ 783721600 │ 1000  │   2000    │ 1671545760000 │ '2022-12-20T14:16:00.000Z' │ 100  │  0   │  0  │ Infinity │    0     │ 1587.7 │ 7524.6 │  0  │      │ 0.6  │  1000  │    2000    │  -274500  │  -514522800   │
│   56    │ 1.9 │ 1.9 │ 1.9 │ 1.9 │ 63900 │ 121410000 │  519400   │  63900  │ 121410000 │ 905131600 │       │           │ 1671547440000 │ '2022-12-20T14:44:00.000Z' │  0   │ 100  │  0  │    0     │ Infinity │ 1587.7 │ 7524.6 │  0  │ 8.5  │      │ -63900 │ -121410000 │  -338400  │  -635932800   │
└─────────┴─────┴─────┴─────┴─────┴───────┴───────────┴───────────┴─────────┴───────────┴───────────┴───────┴───────────┴───────────────┴────────────────────────────┴──────┴──────┴─────┴──────────┴──────────┴────────┴────────┴─────┴──────┴──────┴────────┴────────────┴───────────┴───────────────┘

