┌─────────┬──────┬──────┬──────┬──────┬───────┬───────────┬───────────┬─────────┬───────────┬───────────┬───────────────┬────────────────────────────┬──────┬──────┬─────┬──────────┬──────────┬────────┬────────┬─────┬──────┬────────┬────────────┬───────────┬───────────────┬───────┬──────────┬─────┐
│ (index) │  c   │  h   │  l   │  o   │  sd   │  val_sd   │ total_vol │ sum_vol │    val    │ acum_val  │   datetime    │            date            │ pbu  │ psd  │ puk │    bs    │    sb    │  abu   │  asd   │ auk │ rsd  │ bu-sd  │ bu-sd_val  │ acum_busd │ acum_busd_val │  bu   │  val_bu  │ rbu │
├─────────┼──────┼──────┼──────┼──────┼───────┼───────────┼───────────┼─────────┼───────────┼───────────┼───────────────┼────────────────────────────┼──────┼──────┼─────┼──────────┼──────────┼────────┼────────┼─────┼──────┼────────┼────────────┼───────────┼───────────────┼───────┼──────────┼─────┤
│    0    │  4   │  4   │  4   │  4   │  100  │    400    │    100    │   100   │    400    │    400    │ 1671527880000 │ '2022-12-20T09:18:00.000Z' │  0   │ 100  │  0  │    0     │ Infinity │ 3114.3 │ 1826.2 │  0  │ 0.1  │  -100  │    -400    │   -100    │     -400      │       │          │     │
│    1    │ 3.8  │ 3.93 │ 3.8  │ 3.93 │  400  │  1546000  │    500    │   400   │  1546000  │  1546400  │ 1671531720000 │ '2022-12-20T10:22:00.000Z' │  0   │ 100  │  0  │    0     │ Infinity │ 3114.3 │ 1826.2 │  0  │ 0.2  │  -400  │  -1546000  │   -500    │   -1546400    │       │          │     │
│    2    │ 3.8  │ 3.8  │ 3.8  │ 3.8  │  500  │  1900000  │   1000    │   500   │  1900000  │  3446400  │ 1671532080000 │ '2022-12-20T10:28:00.000Z' │  0   │ 100  │  0  │    0     │ Infinity │ 3114.3 │ 1826.2 │  0  │ 0.3  │  -500  │  -1900000  │   -1000   │   -3446400    │       │          │     │
│    3    │ 3.8  │ 3.81 │ 3.8  │ 3.81 │  700  │  2664000  │   1700    │   700   │  2664000  │  6110400  │ 1671532440000 │ '2022-12-20T10:34:00.000Z' │  0   │ 100  │  0  │    0     │ Infinity │ 3114.3 │ 1826.2 │  0  │ 0.4  │  -700  │  -2664000  │   -1700   │   -6110400    │       │          │     │
│    4    │ 3.85 │ 3.85 │ 3.85 │ 3.85 │  200  │  770000   │   1900    │   200   │  770000   │  6880400  │ 1671534360000 │ '2022-12-20T11:06:00.000Z' │  0   │ 100  │  0  │    0     │ Infinity │ 3114.3 │ 1826.2 │  0  │ 0.1  │  -200  │  -770000   │   -1900   │   -6880400    │       │          │     │
│    5    │ 3.85 │ 3.85 │ 3.85 │ 3.85 │ 1100  │  4235000  │   3000    │  1100   │  4235000  │ 11115400  │ 1671534480000 │ '2022-12-20T11:08:00.000Z' │  0   │ 100  │  0  │    0     │ Infinity │ 3114.3 │ 1826.2 │  0  │ 0.6  │ -1100  │  -4235000  │   -3000   │   -11115400   │       │          │     │
│    6    │ 3.85 │ 3.85 │ 3.85 │ 3.85 │  200  │  770000   │   3800    │   800   │  3080000  │ 14195400  │ 1671535080000 │ '2022-12-20T11:18:00.000Z' │  75  │  25  │  0  │    3     │   0.3    │ 3114.3 │ 1826.2 │  0  │ 0.1  │  400   │  1540000   │   -2600   │   -9575400    │  600  │ 2310000  │ 0.2 │
│    7    │ 3.76 │ 3.81 │ 3.76 │ 3.81 │ 7100  │ 26962000  │   10900   │  7100   │ 26962000  │ 41157400  │ 1671535320000 │ '2022-12-20T11:22:00.000Z' │  0   │ 100  │  0  │    0     │ Infinity │ 3114.3 │ 1826.2 │  0  │ 3.9  │ -7100  │ -26962000  │   -9700   │   -36537400   │       │          │     │
│    8    │ 3.75 │ 3.76 │ 3.75 │ 3.76 │ 5000  │ 18774000  │   16000   │  5100   │ 19150000  │ 60307400  │ 1671535440000 │ '2022-12-20T11:24:00.000Z' │  2   │  98  │  0  │    0     │    50    │ 3114.3 │ 1826.2 │  0  │ 2.7  │ -4900  │ -18398000  │  -14600   │   -54935400   │  100  │  376000  │  0  │
│    9    │ 3.76 │ 3.76 │ 3.76 │ 3.76 │       │           │   16100   │   100   │  376000   │ 60683400  │ 1671535560000 │ '2022-12-20T11:26:00.000Z' │ 100  │  0   │  0  │ Infinity │    0     │ 3114.3 │ 1826.2 │  0  │      │  100   │   376000   │  -14500   │   -54559400   │  100  │  376000  │  0  │
│   10    │ 3.76 │ 3.76 │ 3.76 │ 3.76 │  400  │  1504000  │   16500   │   400   │  1504000  │ 62187400  │ 1671535680000 │ '2022-12-20T11:28:00.000Z' │  0   │ 100  │  0  │    0     │ Infinity │ 3114.3 │ 1826.2 │  0  │ 0.2  │  -400  │  -1504000  │  -14900   │   -56063400   │       │          │     │
│   11    │ 3.77 │ 3.77 │ 3.77 │ 3.77 │ 2200  │  8294000  │   18700   │  2200   │  8294000  │ 70481400  │ 1671541200000 │ '2022-12-20T13:00:00.000Z' │  0   │ 100  │  0  │    0     │ Infinity │ 3114.3 │ 1826.2 │  0  │ 1.2  │ -2200  │  -8294000  │  -17100   │   -64357400   │       │          │     │
│   12    │ 3.76 │ 3.77 │ 3.76 │ 3.77 │ 4800  │ 18049000  │   23500   │  4800   │ 18049000  │ 88530400  │ 1671541320000 │ '2022-12-20T13:02:00.000Z' │  0   │ 100  │  0  │    0     │ Infinity │ 3114.3 │ 1826.2 │  0  │ 2.6  │ -4800  │ -18049000  │  -21900   │   -82406400   │       │          │     │
│   13    │ 3.75 │ 3.75 │ 3.75 │ 3.75 │ 1000  │  3750000  │   24500   │  1000   │  3750000  │ 92280400  │ 1671541440000 │ '2022-12-20T13:04:00.000Z' │  0   │ 100  │  0  │    0     │ Infinity │ 3114.3 │ 1826.2 │  0  │ 0.5  │ -1000  │  -3750000  │  -22900   │   -86156400   │       │          │     │
│   14    │ 3.73 │ 3.74 │ 3.73 │ 3.74 │ 6600  │ 24638000  │   31100   │  6600   │ 24638000  │ 116918400 │ 1671541560000 │ '2022-12-20T13:06:00.000Z' │  0   │ 100  │  0  │    0     │ Infinity │ 3114.3 │ 1826.2 │  0  │ 3.6  │ -6600  │ -24638000  │  -29500   │  -110794400   │       │          │     │
│   15    │ 3.75 │ 3.75 │ 3.75 │ 3.75 │       │           │   32600   │  1500   │  5625000  │ 122543400 │ 1671541680000 │ '2022-12-20T13:08:00.000Z' │ 100  │  0   │  0  │ Infinity │    0     │ 3114.3 │ 1826.2 │  0  │      │  1500  │  5625000   │  -28000   │  -105169400   │ 1500  │ 5625000  │ 0.5 │
│   16    │ 3.75 │ 3.75 │ 3.75 │ 3.75 │  100  │  375000   │   32700   │   100   │  375000   │ 122918400 │ 1671542040000 │ '2022-12-20T13:14:00.000Z' │  0   │ 100  │  0  │    0     │ Infinity │ 3114.3 │ 1826.2 │  0  │ 0.1  │  -100  │  -375000   │  -28100   │  -105544400   │       │          │     │
│   17    │ 3.73 │ 3.73 │ 3.73 │ 3.73 │ 1600  │  5968000  │   39100   │  6400   │ 23872000  │ 146790400 │ 1671542400000 │ '2022-12-20T13:20:00.000Z' │  75  │  25  │  0  │    3     │   0.3    │ 3114.3 │ 1826.2 │  0  │ 0.9  │  3200  │  11936000  │  -24900   │   -93608400   │ 4800  │ 17904000 │ 1.5 │
│   18    │ 3.75 │ 3.75 │ 3.75 │ 3.75 │       │           │   39600   │   500   │  1875000  │ 148665400 │ 1671542520000 │ '2022-12-20T13:22:00.000Z' │ 100  │  0   │  0  │ Infinity │    0     │ 3114.3 │ 1826.2 │  0  │      │  500   │  1875000   │  -24400   │   -91733400   │  500  │ 1875000  │ 0.2 │
│   19    │ 3.72 │ 3.75 │ 3.72 │ 3.75 │ 40500 │ 150892000 │   80500   │  40900  │ 152380000 │ 301045400 │ 1671543120000 │ '2022-12-20T13:32:00.000Z' │  1   │  99  │  0  │    0     │  101.3   │ 3114.3 │ 1826.2 │  0  │ 22.2 │ -40100 │ -149404000 │  -64500   │  -241137400   │  400  │ 1488000  │ 0.1 │
│   20    │ 3.72 │ 3.72 │ 3.72 │ 3.72 │       │           │   81100   │   600   │  2232000  │ 303277400 │ 1671543240000 │ '2022-12-20T13:34:00.000Z' │ 100  │  0   │  0  │ Infinity │    0     │ 3114.3 │ 1826.2 │  0  │      │  600   │  2232000   │  -63900   │  -238905400   │  600  │ 2232000  │ 0.2 │
├─────────┼──────┼──────┼──────┼──────┼───────┼───────────┼───────────┼─────────┼───────────┼───────────┼───────────────┼────────────────────────────┼──────┼──────┼─────┼──────────┼──────────┼────────┼────────┼─────┼──────┼────────┼────────────┼───────────┼───────────────┼───────┼──────────┼─────┤
│ (index) │  c   │  h   │  l   │  o   │  sd   │  val_sd   │ total_vol │ sum_vol │    val    │ acum_val  │   datetime    │            date            │ pbu  │ psd  │ puk │    bs    │    sb    │  abu   │  asd   │ auk │ rsd  │ bu-sd  │ bu-sd_val  │ acum_busd │ acum_busd_val │  bu   │  val_bu  │ rbu │
├─────────┼──────┼──────┼──────┼──────┼───────┼───────────┼───────────┼─────────┼───────────┼───────────┼───────────────┼────────────────────────────┼──────┼──────┼─────┼──────────┼──────────┼────────┼────────┼─────┼──────┼────────┼────────────┼───────────┼───────────────┼───────┼──────────┼─────┤
│   21    │ 3.72 │ 3.72 │ 3.72 │ 3.72 │       │           │   91200   │  10100  │ 37572000  │ 340849400 │ 1671543360000 │ '2022-12-20T13:36:00.000Z' │ 100  │  0   │  0  │ Infinity │    0     │ 3114.3 │ 1826.2 │  0  │      │ 10100  │  37572000  │  -53800   │  -201333400   │ 10100 │ 37572000 │ 3.2 │
│   22    │ 3.72 │ 3.72 │ 3.72 │ 3.72 │ 1900  │  7068000  │   93100   │  1900   │  7068000  │ 347917400 │ 1671543480000 │ '2022-12-20T13:38:00.000Z' │  0   │ 100  │  0  │    0     │ Infinity │ 3114.3 │ 1826.2 │  0  │  1   │ -1900  │  -7068000  │  -55700   │  -208401400   │       │          │     │
│   23    │ 3.72 │ 3.72 │ 3.72 │ 3.72 │ 2300  │  8556000  │   96400   │  3300   │ 12276000  │ 360193400 │ 1671543600000 │ '2022-12-20T13:40:00.000Z' │ 30.3 │ 69.7 │  0  │   0.4    │   2.3    │ 3114.3 │ 1826.2 │  0  │ 1.3  │ -1300  │  -4836000  │  -57000   │  -213237400   │ 1000  │ 3720000  │ 0.3 │
│   24    │ 3.72 │ 3.72 │ 3.72 │ 3.72 │       │           │   97400   │  1000   │  3720000  │ 363913400 │ 1671543720000 │ '2022-12-20T13:42:00.000Z' │ 100  │  0   │  0  │ Infinity │    0     │ 3114.3 │ 1826.2 │  0  │      │  1000  │  3720000   │  -56000   │  -209517400   │ 1000  │ 3720000  │ 0.3 │
│   25    │ 3.72 │ 3.72 │ 3.72 │ 3.72 │       │           │   99400   │  2000   │  7440000  │ 371353400 │ 1671543840000 │ '2022-12-20T13:44:00.000Z' │ 100  │  0   │  0  │ Infinity │    0     │ 3114.3 │ 1826.2 │  0  │      │  2000  │  7440000   │  -54000   │  -202077400   │ 2000  │ 7440000  │ 0.6 │
│   26    │ 3.72 │ 3.72 │ 3.72 │ 3.72 │       │           │  112800   │  13400  │ 49848000  │ 421201400 │ 1671544680000 │ '2022-12-20T13:58:00.000Z' │ 100  │  0   │  0  │ Infinity │    0     │ 3114.3 │ 1826.2 │  0  │      │ 13400  │  49848000  │  -40600   │  -152229400   │ 13400 │ 49848000 │ 4.3 │
│   27    │ 3.72 │ 3.72 │ 3.72 │ 3.72 │       │           │  117800   │  5000   │ 18600000  │ 439801400 │ 1671544800000 │ '2022-12-20T14:00:00.000Z' │ 100  │  0   │  0  │ Infinity │    0     │ 3114.3 │ 1826.2 │  0  │      │  5000  │  18600000  │  -35600   │  -133629400   │ 5000  │ 18600000 │ 1.6 │
│   28    │ 3.72 │ 3.72 │ 3.72 │ 3.72 │       │           │  118200   │   400   │  1488000  │ 441289400 │ 1671544920000 │ '2022-12-20T14:02:00.000Z' │ 100  │  0   │  0  │ Infinity │    0     │ 3114.3 │ 1826.2 │  0  │      │  400   │  1488000   │  -35200   │  -132141400   │  400  │ 1488000  │ 0.1 │
│   29    │ 3.72 │ 3.72 │ 3.72 │ 3.72 │       │           │  121900   │  3700   │ 13764000  │ 455053400 │ 1671545040000 │ '2022-12-20T14:04:00.000Z' │ 100  │  0   │  0  │ Infinity │    0     │ 3114.3 │ 1826.2 │  0  │      │  3700  │  13764000  │  -31500   │  -118377400   │ 3700  │ 13764000 │ 1.2 │
│   30    │ 3.72 │ 3.72 │ 3.72 │ 3.72 │       │           │  133000   │  11100  │ 41292000  │ 496345400 │ 1671545160000 │ '2022-12-20T14:06:00.000Z' │ 100  │  0   │  0  │ Infinity │    0     │ 3114.3 │ 1826.2 │  0  │      │ 11100  │  41292000  │  -20400   │   -77085400   │ 11100 │ 41292000 │ 3.6 │
│   31    │ 3.72 │ 3.72 │ 3.72 │ 3.72 │       │           │  143300   │  10300  │ 38316000  │ 534661400 │ 1671545400000 │ '2022-12-20T14:10:00.000Z' │ 100  │  0   │  0  │ Infinity │    0     │ 3114.3 │ 1826.2 │  0  │      │ 10300  │  38316000  │  -10100   │   -38769400   │ 10300 │ 38316000 │ 3.3 │
│   32    │ 3.72 │ 3.72 │ 3.72 │ 3.72 │       │           │  153300   │  10000  │ 37200000  │ 571861400 │ 1671545520000 │ '2022-12-20T14:12:00.000Z' │ 100  │  0   │  0  │ Infinity │    0     │ 3114.3 │ 1826.2 │  0  │      │ 10000  │  37200000  │   -100    │   -1569400    │ 10000 │ 37200000 │ 3.2 │
│   33    │ 3.72 │ 3.72 │ 3.72 │ 3.72 │       │           │  153400   │   100   │  372000   │ 572233400 │ 1671545640000 │ '2022-12-20T14:14:00.000Z' │ 100  │  0   │  0  │ Infinity │    0     │ 3114.3 │ 1826.2 │  0  │      │  100   │   372000   │     0     │   -1197400    │  100  │  372000  │  0  │
│   34    │ 3.72 │ 3.72 │ 3.72 │ 3.72 │       │           │  158400   │  5000   │ 18600000  │ 590833400 │ 1671545760000 │ '2022-12-20T14:16:00.000Z' │ 100  │  0   │  0  │ Infinity │    0     │ 3114.3 │ 1826.2 │  0  │      │  5000  │  18600000  │   5000    │   17402600    │ 5000  │ 18600000 │ 1.6 │
│   35    │ 3.72 │ 3.72 │ 3.72 │ 3.72 │       │           │  159500   │  1100   │  4092000  │ 594925400 │ 1671545880000 │ '2022-12-20T14:18:00.000Z' │ 100  │  0   │  0  │ Infinity │    0     │ 3114.3 │ 1826.2 │  0  │      │  1100  │  4092000   │   6100    │   21494600    │ 1100  │ 4092000  │ 0.4 │
│   36    │ 3.72 │ 3.72 │ 3.72 │ 3.72 │       │           │  169900   │  10400  │ 38688000  │ 633613400 │ 1671546000000 │ '2022-12-20T14:20:00.000Z' │ 100  │  0   │  0  │ Infinity │    0     │ 3114.3 │ 1826.2 │  0  │      │ 10400  │  38688000  │   16500   │   60182600    │ 10400 │ 38688000 │ 3.3 │
│   37    │ 3.72 │ 3.72 │ 3.72 │ 3.72 │       │           │  186400   │  16500  │ 61380000  │ 694993400 │ 1671546120000 │ '2022-12-20T14:22:00.000Z' │ 100  │  0   │  0  │ Infinity │    0     │ 3114.3 │ 1826.2 │  0  │      │ 16500  │  61380000  │   33000   │   121562600   │ 16500 │ 61380000 │ 5.3 │
│   38    │ 3.72 │ 3.72 │ 3.72 │ 3.72 │       │           │  198600   │  12200  │ 45384000  │ 740377400 │ 1671546240000 │ '2022-12-20T14:24:00.000Z' │ 100  │  0   │  0  │ Infinity │    0     │ 3114.3 │ 1826.2 │  0  │      │ 12200  │  45384000  │   45200   │   166946600   │ 12200 │ 45384000 │ 3.9 │
│   39    │ 3.72 │ 3.72 │ 3.72 │ 3.72 │       │           │  206100   │  7500   │ 27900000  │ 768277400 │ 1671546360000 │ '2022-12-20T14:26:00.000Z' │ 100  │  0   │  0  │ Infinity │    0     │ 3114.3 │ 1826.2 │  0  │      │  7500  │  27900000  │   52700   │   194846600   │ 7500  │ 27900000 │ 2.4 │
│   40    │ 3.72 │ 3.72 │ 3.72 │ 3.72 │       │           │  207400   │  1300   │  4836000  │ 773113400 │ 1671546480000 │ '2022-12-20T14:28:00.000Z' │ 100  │  0   │  0  │ Infinity │    0     │ 3114.3 │ 1826.2 │  0  │      │  1300  │  4836000   │   54000   │   199682600   │ 1300  │ 4836000  │ 0.4 │
├─────────┼──────┼──────┼──────┼──────┼───────┼───────────┼───────────┼─────────┼───────────┼───────────┼───────────────┼────────────────────────────┼──────┼──────┼─────┼──────────┼──────────┼────────┼────────┼─────┼──────┼────────┼────────────┼───────────┼───────────────┼───────┼──────────┼─────┤
│ (index) │  c   │  h   │  l   │  o   │  sd   │  val_sd   │ total_vol │ sum_vol │    val    │ acum_val  │   datetime    │            date            │ pbu  │ psd  │ puk │    bs    │    sb    │  abu   │  asd   │ auk │ rsd  │ bu-sd  │ bu-sd_val  │ acum_busd │ acum_busd_val │  bu   │  val_bu  │ rbu │
├─────────┼──────┼──────┼──────┼──────┼───────┼───────────┼───────────┼─────────┼───────────┼───────────┼───────────────┼────────────────────────────┼──────┼──────┼─────┼──────────┼──────────┼────────┼────────┼─────┼──────┼────────┼────────────┼───────────┼───────────────┼───────┼──────────┼─────┤
│   41    │ 3.72 │ 3.72 │ 3.72 │ 3.72 │       │           │  207500   │   100   │  372000   │ 773485400 │ 1671547440000 │ '2022-12-20T14:44:00.000Z' │ 100  │  0   │  0  │ Infinity │    0     │ 3114.3 │ 1826.2 │  0  │      │  100   │   372000   │   54100   │   200054600   │  100  │  372000  │  0  │
└─────────┴──────┴──────┴──────┴──────┴───────┴───────────┴───────────┴─────────┴───────────┴───────────┴───────────────┴────────────────────────────┴──────┴──────┴─────┴──────────┴──────────┴────────┴────────┴─────┴──────┴────────┴────────────┴───────────┴───────────────┴───────┴──────────┴─────┘

