┌─────────┬─────┬─────┬─────┬─────┬──────┬──────────┬───────────┬─────────┬───────────┬───────────┬───────────────┬────────────────────────────┬──────┬──────┬─────┬──────────┬──────────┬───────┬────────┬─────┬──────┬────────┬────────────┬───────────┬───────────────┬───────┬───────────┬──────┐
│ (index) │  c  │  h  │  l  │  o  │  bu  │  val_bu  │ total_vol │ sum_vol │    val    │ acum_val  │   datetime    │            date            │ pbu  │ psd  │ puk │    bs    │    sb    │  abu  │  asd   │ auk │ rbu  │ bu-sd  │ bu-sd_val  │ acum_busd │ acum_busd_val │  sd   │  val_sd   │ rsd  │
├─────────┼─────┼─────┼─────┼─────┼──────┼──────────┼───────────┼─────────┼───────────┼───────────┼───────────────┼────────────────────────────┼──────┼──────┼─────┼──────────┼──────────┼───────┼────────┼─────┼──────┼────────┼────────────┼───────────┼───────────────┼───────┼───────────┼──────┤
│    0    │ 7.4 │ 7.4 │ 7.4 │ 7.4 │ 100  │  740000  │    100    │   100   │  740000   │  740000   │ 1671526800000 │ '2022-12-20T09:00:00.000Z' │ 100  │  0   │  0  │ Infinity │    0     │ 363.6 │ 1889.1 │  0  │ 0.3  │  100   │   740000   │    100    │    740000     │       │           │      │
│    1    │ 7.3 │ 7.4 │ 7.3 │ 7.4 │ 1100 │ 8070000  │   1200    │  1100   │  8070000  │  8810000  │ 1671526920000 │ '2022-12-20T09:02:00.000Z' │ 100  │  0   │  0  │ Infinity │    0     │ 363.6 │ 1889.1 │  0  │  3   │  1100  │  8070000   │   1200    │    8810000    │       │           │      │
│    2    │ 7.3 │ 7.3 │ 7.3 │ 7.3 │ 300  │ 2190000  │   1500    │   300   │  2190000  │ 11000000  │ 1671527040000 │ '2022-12-20T09:04:00.000Z' │ 100  │  0   │  0  │ Infinity │    0     │ 363.6 │ 1889.1 │  0  │ 0.8  │  300   │  2190000   │   1500    │   11000000    │       │           │      │
│    3    │ 7.3 │ 7.3 │ 7.3 │ 7.3 │ 1000 │ 7300000  │   2500    │  1000   │  7300000  │ 18300000  │ 1671528240000 │ '2022-12-20T09:24:00.000Z' │ 100  │  0   │  0  │ Infinity │    0     │ 363.6 │ 1889.1 │  0  │ 2.8  │  1000  │  7300000   │   2500    │   18300000    │       │           │      │
│    4    │ 7.3 │ 7.3 │ 7.3 │ 7.3 │      │          │   3500    │  1000   │  7300000  │ 25600000  │ 1671528360000 │ '2022-12-20T09:26:00.000Z' │  0   │ 100  │  0  │    0     │ Infinity │ 363.6 │ 1889.1 │  0  │      │ -1000  │  -7300000  │   1500    │   11000000    │ 1000  │  7300000  │ 0.5  │
│    5    │ 7.3 │ 7.3 │ 7.3 │ 7.3 │      │          │   3800    │   300   │  2190000  │ 27790000  │ 1671528600000 │ '2022-12-20T09:30:00.000Z' │  0   │ 100  │  0  │    0     │ Infinity │ 363.6 │ 1889.1 │  0  │      │  -300  │  -2190000  │   1200    │    8810000    │  300  │  2190000  │ 0.2  │
│    6    │ 7.3 │ 7.3 │ 7.3 │ 7.3 │      │          │   4300    │   500   │  3650000  │ 31440000  │ 1671528720000 │ '2022-12-20T09:32:00.000Z' │  0   │ 100  │  0  │    0     │ Infinity │ 363.6 │ 1889.1 │  0  │      │  -500  │  -3650000  │    700    │    5160000    │  500  │  3650000  │ 0.3  │
│    7    │ 7.3 │ 7.3 │ 7.3 │ 7.3 │      │          │   4400    │   100   │  730000   │ 32170000  │ 1671528840000 │ '2022-12-20T09:34:00.000Z' │  0   │ 100  │  0  │    0     │ Infinity │ 363.6 │ 1889.1 │  0  │      │  -100  │  -730000   │    600    │    4430000    │  100  │  730000   │ 0.1  │
│    8    │ 7.3 │ 7.3 │ 7.3 │ 7.3 │      │          │   9400    │  5000   │ 36500000  │ 68670000  │ 1671529080000 │ '2022-12-20T09:38:00.000Z' │  0   │ 100  │  0  │    0     │ Infinity │ 363.6 │ 1889.1 │  0  │      │ -5000  │ -36500000  │   -4400   │   -32070000   │ 5000  │ 36500000  │ 2.6  │
│    9    │ 7.3 │ 7.3 │ 7.3 │ 7.3 │ 700  │ 5110000  │   10100   │   700   │  5110000  │ 73780000  │ 1671529440000 │ '2022-12-20T09:44:00.000Z' │ 100  │  0   │  0  │ Infinity │    0     │ 363.6 │ 1889.1 │  0  │ 1.9  │  700   │  5110000   │   -3700   │   -26960000   │       │           │      │
│   10    │ 7.3 │ 7.3 │ 7.3 │ 7.3 │ 100  │  730000  │   10200   │   100   │  730000   │ 74510000  │ 1671529560000 │ '2022-12-20T09:46:00.000Z' │ 100  │  0   │  0  │ Infinity │    0     │ 363.6 │ 1889.1 │  0  │ 0.3  │  100   │   730000   │   -3600   │   -26230000   │       │           │      │
│   11    │ 7.2 │ 7.2 │ 7.2 │ 7.2 │      │          │   35200   │  25000  │ 180000000 │ 254510000 │ 1671530040000 │ '2022-12-20T09:54:00.000Z' │  0   │ 100  │  0  │    0     │ Infinity │ 363.6 │ 1889.1 │  0  │      │ -25000 │ -180000000 │  -28600   │  -206230000   │ 25000 │ 180000000 │ 13.2 │
│   12    │ 7.3 │ 7.3 │ 7.3 │ 7.3 │ 1200 │ 8760000  │   36400   │  1200   │  8760000  │ 263270000 │ 1671530280000 │ '2022-12-20T09:58:00.000Z' │ 100  │  0   │  0  │ Infinity │    0     │ 363.6 │ 1889.1 │  0  │ 3.3  │  1200  │  8760000   │  -27400   │  -197470000   │       │           │      │
│   13    │ 7.2 │ 7.2 │ 7.2 │ 7.2 │      │          │   41400   │  5000   │ 36000000  │ 299270000 │ 1671530520000 │ '2022-12-20T10:02:00.000Z' │  0   │ 100  │  0  │    0     │ Infinity │ 363.6 │ 1889.1 │  0  │      │ -5000  │ -36000000  │  -32400   │  -233470000   │ 5000  │ 36000000  │ 2.6  │
│   14    │ 7.2 │ 7.2 │ 7.2 │ 7.2 │      │          │   43400   │  2000   │ 14400000  │ 313670000 │ 1671531360000 │ '2022-12-20T10:16:00.000Z' │  0   │ 100  │  0  │    0     │ Infinity │ 363.6 │ 1889.1 │  0  │      │ -2000  │ -14400000  │  -34400   │  -247870000   │ 2000  │ 14400000  │ 1.1  │
│   15    │ 7.2 │ 7.2 │ 7.2 │ 7.2 │      │          │   43700   │   300   │  2160000  │ 315830000 │ 1671531600000 │ '2022-12-20T10:20:00.000Z' │  0   │ 100  │  0  │    0     │ Infinity │ 363.6 │ 1889.1 │  0  │      │  -300  │  -2160000  │  -34700   │  -250030000   │  300  │  2160000  │ 0.2  │
│   16    │ 7.2 │ 7.2 │ 7.2 │ 7.2 │      │          │   50700   │  7000   │ 50400000  │ 366230000 │ 1671531840000 │ '2022-12-20T10:24:00.000Z' │  0   │ 100  │  0  │    0     │ Infinity │ 363.6 │ 1889.1 │  0  │      │ -7000  │ -50400000  │  -41700   │  -300430000   │ 7000  │ 50400000  │ 3.7  │
│   17    │ 7.2 │ 7.2 │ 7.2 │ 7.2 │      │          │   50800   │   100   │  720000   │ 366950000 │ 1671532440000 │ '2022-12-20T10:34:00.000Z' │  0   │ 100  │  0  │    0     │ Infinity │ 363.6 │ 1889.1 │  0  │      │  -100  │  -720000   │  -41800   │  -301150000   │  100  │  720000   │ 0.1  │
│   18    │ 7.2 │ 7.2 │ 7.2 │ 7.2 │      │          │   52000   │  1200   │  8640000  │ 375590000 │ 1671532680000 │ '2022-12-20T10:38:00.000Z' │  0   │ 100  │  0  │    0     │ Infinity │ 363.6 │ 1889.1 │  0  │      │ -1200  │  -8640000  │  -43000   │  -309790000   │ 1200  │  8640000  │ 0.6  │
│   19    │ 7.3 │ 7.3 │ 7.3 │ 7.3 │ 100  │  730000  │   52100   │   100   │  730000   │ 376320000 │ 1671532920000 │ '2022-12-20T10:42:00.000Z' │ 100  │  0   │  0  │ Infinity │    0     │ 363.6 │ 1889.1 │  0  │ 0.3  │  100   │   730000   │  -42900   │  -309060000   │       │           │      │
│   20    │ 7.3 │ 7.3 │ 7.3 │ 7.3 │ 100  │  730000  │   52200   │   100   │  730000   │ 377050000 │ 1671534240000 │ '2022-12-20T11:04:00.000Z' │ 100  │  0   │  0  │ Infinity │    0     │ 363.6 │ 1889.1 │  0  │ 0.3  │  100   │   730000   │  -42800   │  -308330000   │       │           │      │
├─────────┼─────┼─────┼─────┼─────┼──────┼──────────┼───────────┼─────────┼───────────┼───────────┼───────────────┼────────────────────────────┼──────┼──────┼─────┼──────────┼──────────┼───────┼────────┼─────┼──────┼────────┼────────────┼───────────┼───────────────┼───────┼───────────┼──────┤
│ (index) │  c  │  h  │  l  │  o  │  bu  │  val_bu  │ total_vol │ sum_vol │    val    │ acum_val  │   datetime    │            date            │ pbu  │ psd  │ puk │    bs    │    sb    │  abu  │  asd   │ auk │ rbu  │ bu-sd  │ bu-sd_val  │ acum_busd │ acum_busd_val │  sd   │  val_sd   │ rsd  │
├─────────┼─────┼─────┼─────┼─────┼──────┼──────────┼───────────┼─────────┼───────────┼───────────┼───────────────┼────────────────────────────┼──────┼──────┼─────┼──────────┼──────────┼───────┼────────┼─────┼──────┼────────┼────────────┼───────────┼───────────────┼───────┼───────────┼──────┤
│   21    │ 7.3 │ 7.3 │ 7.3 │ 7.3 │ 200  │ 1460000  │   52400   │   200   │  1460000  │ 378510000 │ 1671534600000 │ '2022-12-20T11:10:00.000Z' │ 100  │  0   │  0  │ Infinity │    0     │ 363.6 │ 1889.1 │  0  │ 0.6  │  200   │  1460000   │  -42600   │  -306870000   │       │           │      │
│   22    │ 7.3 │ 7.3 │ 7.3 │ 7.3 │ 100  │  730000  │   52500   │   100   │  730000   │ 379240000 │ 1671534720000 │ '2022-12-20T11:12:00.000Z' │ 100  │  0   │  0  │ Infinity │    0     │ 363.6 │ 1889.1 │  0  │ 0.3  │  100   │   730000   │  -42500   │  -306140000   │       │           │      │
│   23    │ 7.2 │ 7.2 │ 7.2 │ 7.2 │      │          │   55000   │  2500   │ 18000000  │ 397240000 │ 1671535080000 │ '2022-12-20T11:18:00.000Z' │  0   │ 100  │  0  │    0     │ Infinity │ 363.6 │ 1889.1 │  0  │      │ -2500  │ -18000000  │  -45000   │  -324140000   │ 2500  │ 18000000  │ 1.3  │
│   24    │ 7.2 │ 7.2 │ 7.2 │ 7.2 │      │          │   55400   │   400   │  2880000  │ 400120000 │ 1671535200000 │ '2022-12-20T11:20:00.000Z' │  0   │ 100  │  0  │    0     │ Infinity │ 363.6 │ 1889.1 │  0  │      │  -400  │  -2880000  │  -45400   │  -327020000   │  400  │  2880000  │ 0.2  │
│   25    │ 7.2 │ 7.2 │ 7.2 │ 7.2 │      │          │   57900   │  2500   │ 18000000  │ 418120000 │ 1671535320000 │ '2022-12-20T11:22:00.000Z' │  0   │ 100  │  0  │    0     │ Infinity │ 363.6 │ 1889.1 │  0  │      │ -2500  │ -18000000  │  -47900   │  -345020000   │ 2500  │ 18000000  │ 1.3  │
│   26    │ 7.3 │ 7.3 │ 7.3 │ 7.3 │ 200  │ 1460000  │   58100   │   200   │  1460000  │ 419580000 │ 1671535560000 │ '2022-12-20T11:26:00.000Z' │ 100  │  0   │  0  │ Infinity │    0     │ 363.6 │ 1889.1 │  0  │ 0.6  │  200   │  1460000   │  -47700   │  -343560000   │       │           │      │
│   27    │ 7.2 │ 7.2 │ 7.2 │ 7.2 │      │          │   58700   │   600   │  4320000  │ 423900000 │ 1671541200000 │ '2022-12-20T13:00:00.000Z' │  0   │ 100  │  0  │    0     │ Infinity │ 363.6 │ 1889.1 │  0  │      │  -600  │  -4320000  │  -48300   │  -347880000   │  600  │  4320000  │ 0.3  │
│   28    │ 7.2 │ 7.2 │ 7.2 │ 7.2 │      │          │   59000   │   300   │  2160000  │ 426060000 │ 1671541320000 │ '2022-12-20T13:02:00.000Z' │  0   │ 100  │  0  │    0     │ Infinity │ 363.6 │ 1889.1 │  0  │      │  -300  │  -2160000  │  -48600   │  -350040000   │  300  │  2160000  │ 0.2  │
│   29    │ 7.2 │ 7.2 │ 7.2 │ 7.2 │      │          │   61100   │  2100   │ 15120000  │ 441180000 │ 1671541440000 │ '2022-12-20T13:04:00.000Z' │  0   │ 100  │  0  │    0     │ Infinity │ 363.6 │ 1889.1 │  0  │      │ -2100  │ -15120000  │  -50700   │  -365160000   │ 2100  │ 15120000  │ 1.1  │
│   30    │ 7.2 │ 7.2 │ 7.2 │ 7.2 │      │          │   68400   │  7300   │ 52560000  │ 493740000 │ 1671541560000 │ '2022-12-20T13:06:00.000Z' │  0   │ 100  │  0  │    0     │ Infinity │ 363.6 │ 1889.1 │  0  │      │ -7300  │ -52560000  │  -58000   │  -417720000   │ 7300  │ 52560000  │ 3.9  │
│   31    │ 7.2 │ 7.2 │ 7.2 │ 7.2 │      │          │   70100   │  1700   │ 12240000  │ 505980000 │ 1671541680000 │ '2022-12-20T13:08:00.000Z' │  0   │ 100  │  0  │    0     │ Infinity │ 363.6 │ 1889.1 │  0  │      │ -1700  │ -12240000  │  -59700   │  -429960000   │ 1700  │ 12240000  │ 0.9  │
│   32    │ 7.1 │ 7.2 │ 7.1 │ 7.2 │ 100  │  720000  │   71500   │  1400   │  9950000  │ 515930000 │ 1671542040000 │ '2022-12-20T13:14:00.000Z' │ 7.1  │ 92.9 │  0  │   0.1    │    13    │ 363.6 │ 1889.1 │  0  │ 0.3  │ -1200  │  -8510000  │  -60900   │  -438470000   │ 1300  │  9230000  │ 0.7  │
│   33    │ 7.2 │ 7.2 │ 7.1 │ 7.1 │ 100  │  720000  │   72000   │   500   │  3560000  │ 519490000 │ 1671542160000 │ '2022-12-20T13:16:00.000Z' │  20  │  80  │  0  │   0.3    │    4     │ 363.6 │ 1889.1 │  0  │ 0.3  │  -300  │  -2120000  │  -61200   │  -440590000   │  400  │  2840000  │ 0.2  │
│   34    │ 7.2 │ 7.2 │ 7.1 │ 7.1 │ 100  │  720000  │   72600   │   600   │  4270000  │ 523760000 │ 1671542280000 │ '2022-12-20T13:18:00.000Z' │ 16.7 │ 83.3 │  0  │   0.2    │    5     │ 363.6 │ 1889.1 │  0  │ 0.3  │  -400  │  -2830000  │  -61600   │  -443420000   │  500  │  3550000  │ 0.3  │
│   35    │ 7.2 │ 7.2 │ 7.2 │ 7.2 │ 100  │  720000  │   72700   │   100   │  720000   │ 524480000 │ 1671542400000 │ '2022-12-20T13:20:00.000Z' │ 100  │  0   │  0  │ Infinity │    0     │ 363.6 │ 1889.1 │  0  │ 0.3  │  100   │   720000   │  -61500   │  -442700000   │       │           │      │
│   36    │ 7.2 │ 7.2 │ 7.2 │ 7.2 │ 400  │ 2880000  │   73100   │   400   │  2880000  │ 527360000 │ 1671542520000 │ '2022-12-20T13:22:00.000Z' │ 100  │  0   │  0  │ Infinity │    0     │ 363.6 │ 1889.1 │  0  │ 1.1  │  400   │  2880000   │  -61100   │  -439820000   │       │           │      │
│   37    │ 7.2 │ 7.2 │ 7.2 │ 7.2 │ 1000 │ 7200000  │   74100   │  1000   │  7200000  │ 534560000 │ 1671542880000 │ '2022-12-20T13:28:00.000Z' │ 100  │  0   │  0  │ Infinity │    0     │ 363.6 │ 1889.1 │  0  │ 2.8  │  1000  │  7200000   │  -60100   │  -432620000   │       │           │      │
│   38    │ 7.2 │ 7.2 │ 7.2 │ 7.2 │ 500  │ 3600000  │   74600   │   500   │  3600000  │ 538160000 │ 1671543120000 │ '2022-12-20T13:32:00.000Z' │ 100  │  0   │  0  │ Infinity │    0     │ 363.6 │ 1889.1 │  0  │ 1.4  │  500   │  3600000   │  -59600   │  -429020000   │       │           │      │
│   39    │ 7.1 │ 7.1 │ 7.1 │ 7.1 │      │          │   85600   │  11000  │ 78100000  │ 616260000 │ 1671543360000 │ '2022-12-20T13:36:00.000Z' │  0   │ 100  │  0  │    0     │ Infinity │ 363.6 │ 1889.1 │  0  │      │ -11000 │ -78100000  │  -70600   │  -507120000   │ 11000 │ 78100000  │ 5.8  │
│   40    │ 7.1 │ 7.1 │ 7.1 │ 7.1 │      │          │   90600   │  5000   │ 35500000  │ 651760000 │ 1671543840000 │ '2022-12-20T13:44:00.000Z' │  0   │ 100  │  0  │    0     │ Infinity │ 363.6 │ 1889.1 │  0  │      │ -5000  │ -35500000  │  -75600   │  -542620000   │ 5000  │ 35500000  │ 2.6  │
├─────────┼─────┼─────┼─────┼─────┼──────┼──────────┼───────────┼─────────┼───────────┼───────────┼───────────────┼────────────────────────────┼──────┼──────┼─────┼──────────┼──────────┼───────┼────────┼─────┼──────┼────────┼────────────┼───────────┼───────────────┼───────┼───────────┼──────┤
│ (index) │  c  │  h  │  l  │  o  │  bu  │  val_bu  │ total_vol │ sum_vol │    val    │ acum_val  │   datetime    │            date            │ pbu  │ psd  │ puk │    bs    │    sb    │  abu  │  asd   │ auk │ rbu  │ bu-sd  │ bu-sd_val  │ acum_busd │ acum_busd_val │  sd   │  val_sd   │ rsd  │
├─────────┼─────┼─────┼─────┼─────┼──────┼──────────┼───────────┼─────────┼───────────┼───────────┼───────────────┼────────────────────────────┼──────┼──────┼─────┼──────────┼──────────┼───────┼────────┼─────┼──────┼────────┼────────────┼───────────┼───────────────┼───────┼───────────┼──────┤
│   41    │ 7.1 │ 7.1 │ 7.1 │ 7.1 │      │          │   95600   │  5000   │ 35500000  │ 687260000 │ 1671544440000 │ '2022-12-20T13:54:00.000Z' │  0   │ 100  │  0  │    0     │ Infinity │ 363.6 │ 1889.1 │  0  │      │ -5000  │ -35500000  │  -80600   │  -578120000   │ 5000  │ 35500000  │ 2.6  │
│   42    │ 7.1 │ 7.1 │ 7.1 │ 7.1 │      │          │  100700   │  5100   │ 36210000  │ 723470000 │ 1671544920000 │ '2022-12-20T14:02:00.000Z' │  0   │ 100  │  0  │    0     │ Infinity │ 363.6 │ 1889.1 │  0  │      │ -5100  │ -36210000  │  -85700   │  -614330000   │ 5100  │ 36210000  │ 2.7  │
│   43    │ 7.2 │ 7.2 │ 7.1 │ 7.1 │ 1000 │ 7200000  │  102000   │  1300   │  9330000  │ 732800000 │ 1671545040000 │ '2022-12-20T14:04:00.000Z' │ 76.9 │ 23.1 │  0  │   3.3    │   0.3    │ 363.6 │ 1889.1 │  0  │ 2.8  │  700   │  5070000   │  -85000   │  -609260000   │  300  │  2130000  │ 0.2  │
│   44    │ 7.2 │ 7.2 │ 7.2 │ 7.2 │ 1000 │ 7200000  │  103000   │  1000   │  7200000  │ 740000000 │ 1671545160000 │ '2022-12-20T14:06:00.000Z' │ 100  │  0   │  0  │ Infinity │    0     │ 363.6 │ 1889.1 │  0  │ 2.8  │  1000  │  7200000   │  -84000   │  -602060000   │       │           │      │
│   45    │ 7.1 │ 7.2 │ 7.1 │ 7.2 │ 100  │  720000  │  111900   │  8900   │ 63200000  │ 803200000 │ 1671545400000 │ '2022-12-20T14:10:00.000Z' │ 1.1  │ 98.9 │  0  │    0     │    88    │ 363.6 │ 1889.1 │  0  │ 0.3  │ -8700  │ -61760000  │  -92700   │  -663820000   │ 8800  │ 62480000  │ 4.7  │
│   46    │ 7.2 │ 7.2 │ 7.1 │ 7.1 │ 800  │ 5760000  │  112800   │   900   │  6470000  │ 809670000 │ 1671545520000 │ '2022-12-20T14:12:00.000Z' │ 88.9 │ 11.1 │  0  │    8     │   0.1    │ 363.6 │ 1889.1 │  0  │ 2.2  │  700   │  5050000   │  -92000   │  -658770000   │  100  │  710000   │ 0.1  │
│   47    │ 7.2 │ 7.2 │ 7.2 │ 7.2 │ 100  │  720000  │  112900   │   100   │  720000   │ 810390000 │ 1671545760000 │ '2022-12-20T14:16:00.000Z' │ 100  │  0   │  0  │ Infinity │    0     │ 363.6 │ 1889.1 │  0  │ 0.3  │  100   │   720000   │  -91900   │  -658050000   │       │           │      │
│   48    │ 7.2 │ 7.2 │ 7.2 │ 7.2 │ 200  │ 1440000  │  113100   │   200   │  1440000  │ 811830000 │ 1671546120000 │ '2022-12-20T14:22:00.000Z' │ 100  │  0   │  0  │ Infinity │    0     │ 363.6 │ 1889.1 │  0  │ 0.6  │  200   │  1440000   │  -91700   │  -656610000   │       │           │      │
│   49    │ 7.2 │ 7.2 │ 7.2 │ 7.2 │ 4000 │ 28800000 │  117100   │  4000   │ 28800000  │ 840630000 │ 1671546240000 │ '2022-12-20T14:24:00.000Z' │ 100  │  0   │  0  │ Infinity │    0     │ 363.6 │ 1889.1 │  0  │  11  │  4000  │  28800000  │  -87700   │  -627810000   │       │           │      │
│   50    │ 7.2 │ 7.2 │ 7.2 │ 7.2 │ 100  │  720000  │  117200   │   100   │  720000   │ 841350000 │ 1671546840000 │ '2022-12-20T14:34:00.000Z' │ 100  │  0   │  0  │ Infinity │    0     │ 363.6 │ 1889.1 │  0  │ 0.3  │  100   │   720000   │  -87600   │  -627090000   │       │           │      │
│   51    │ 7.1 │ 7.1 │ 7.1 │ 7.1 │      │          │  117400   │   200   │  1420000  │ 842770000 │ 1671546960000 │ '2022-12-20T14:36:00.000Z' │  0   │ 100  │  0  │    0     │ Infinity │ 363.6 │ 1889.1 │  0  │      │  -200  │  -1420000  │  -87800   │  -628510000   │  200  │  1420000  │ 0.1  │
│   52    │ 7.2 │ 7.2 │ 7.2 │ 7.2 │ 100  │  720000  │  117500   │   100   │  720000   │ 843490000 │ 1671547200000 │ '2022-12-20T14:40:00.000Z' │ 100  │  0   │  0  │ Infinity │    0     │ 363.6 │ 1889.1 │  0  │ 0.3  │  100   │   720000   │  -87700   │  -627790000   │       │           │      │
│   53    │ 7.1 │ 7.2 │ 7.1 │ 7.2 │ 5000 │ 36000000 │  123800   │  6300   │ 45230000  │ 888720000 │ 1671548040000 │ '2022-12-20T14:54:00.000Z' │ 79.4 │ 20.6 │  0  │   3.8    │   0.3    │ 363.6 │ 1889.1 │  0  │ 13.8 │  3700  │  26770000  │  -84000   │  -601020000   │ 1300  │  9230000  │ 0.7  │
│   54    │ 7.2 │ 7.2 │ 7.2 │ 7.2 │ 100  │  720000  │  123900   │   100   │  720000   │ 889440000 │ 1671548160000 │ '2022-12-20T14:56:00.000Z' │ 100  │  0   │  0  │ Infinity │    0     │ 363.6 │ 1889.1 │  0  │ 0.3  │  100   │   720000   │  -83900   │  -600300000   │       │           │      │
└─────────┴─────┴─────┴─────┴─────┴──────┴──────────┴───────────┴─────────┴───────────┴───────────┴───────────────┴────────────────────────────┴──────┴──────┴─────┴──────────┴──────────┴───────┴────────┴─────┴──────┴────────┴────────────┴───────────┴───────────────┴───────┴───────────┴──────┘

