┌─────────┬─────┬─────┬─────┬─────┬──────┬─────────┬───────────┬─────────┬─────────┬──────────┬───────────────┬────────────────────────────┬─────┬──────┬─────┬──────────┬──────────┬───────┬───────┬─────┬─────┬───────┬───────────┬───────────┬───────────────┬──────┬─────────┬─────┐
│ (index) │  c  │  h  │  l  │  o  │  sd  │ val_sd  │ total_vol │ sum_vol │   val   │ acum_val │   datetime    │            date            │ pbu │ psd  │ puk │    bs    │    sb    │  abu  │  asd  │ auk │ rsd │ bu-sd │ bu-sd_val │ acum_busd │ acum_busd_val │  bu  │ val_bu  │ rbu │
├─────────┼─────┼─────┼─────┼─────┼──────┼─────────┼───────────┼─────────┼─────────┼──────────┼───────────────┼────────────────────────────┼─────┼──────┼─────┼──────────┼──────────┼───────┼───────┼─────┼─────┼───────┼───────────┼───────────┼───────────────┼──────┼─────────┼─────┤
│    0    │ 2.6 │ 2.6 │ 2.6 │ 2.6 │ 200  │ 520000  │    200    │   200   │ 520000  │  520000  │ 1671528720000 │ '2022-12-20T09:32:00.000Z' │  0  │ 100  │  0  │    0     │ Infinity │ 205.3 │ 689.5 │  0  │ 0.3 │ -200  │  -520000  │   -200    │    -520000    │      │         │     │
│    1    │ 2.6 │ 2.6 │ 2.6 │ 2.6 │ 400  │ 1040000 │    600    │   400   │ 1040000 │ 1560000  │ 1671529920000 │ '2022-12-20T09:52:00.000Z' │  0  │ 100  │  0  │    0     │ Infinity │ 205.3 │ 689.5 │  0  │ 0.6 │ -400  │ -1040000  │   -600    │   -1560000    │      │         │     │
│    2    │ 2.6 │ 2.6 │ 2.6 │ 2.6 │ 300  │ 780000  │    900    │   300   │ 780000  │ 2340000  │ 1671530040000 │ '2022-12-20T09:54:00.000Z' │  0  │ 100  │  0  │    0     │ Infinity │ 205.3 │ 689.5 │  0  │ 0.4 │ -300  │  -780000  │   -900    │   -2340000    │      │         │     │
│    3    │ 2.7 │ 2.7 │ 2.7 │ 2.7 │      │         │   1000    │   100   │ 270000  │ 2610000  │ 1671530520000 │ '2022-12-20T10:02:00.000Z' │ 100 │  0   │  0  │ Infinity │    0     │ 205.3 │ 689.5 │  0  │     │  100  │  270000   │   -800    │   -2070000    │ 100  │ 270000  │ 0.5 │
│    4    │ 2.7 │ 2.7 │ 2.7 │ 2.7 │      │         │   2000    │  1000   │ 2700000 │ 5310000  │ 1671530760000 │ '2022-12-20T10:06:00.000Z' │ 100 │  0   │  0  │ Infinity │    0     │ 205.3 │ 689.5 │  0  │     │ 1000  │  2700000  │    200    │    630000     │ 1000 │ 2700000 │ 4.9 │
│    5    │ 2.6 │ 2.6 │ 2.6 │ 2.6 │ 1100 │ 2860000 │   3200    │  1200   │ 3120000 │ 8430000  │ 1671531120000 │ '2022-12-20T10:12:00.000Z' │ 8.3 │ 91.7 │  0  │   0.1    │    11    │ 205.3 │ 689.5 │  0  │ 1.6 │ -1000 │ -2600000  │   -800    │   -1970000    │ 100  │ 260000  │ 0.5 │
│    6    │ 2.6 │ 2.6 │ 2.6 │ 2.6 │      │         │   3300    │   100   │ 260000  │ 8690000  │ 1671531480000 │ '2022-12-20T10:18:00.000Z' │ 100 │  0   │  0  │ Infinity │    0     │ 205.3 │ 689.5 │  0  │     │  100  │  260000   │   -700    │   -1710000    │ 100  │ 260000  │ 0.5 │
│    7    │ 2.5 │ 2.5 │ 2.5 │ 2.5 │ 200  │ 500000  │   3500    │   200   │ 500000  │ 9190000  │ 1671532200000 │ '2022-12-20T10:30:00.000Z' │  0  │ 100  │  0  │    0     │ Infinity │ 205.3 │ 689.5 │  0  │ 0.3 │ -200  │  -500000  │   -900    │   -2210000    │      │         │     │
│    8    │ 2.5 │ 2.5 │ 2.5 │ 2.5 │ 1700 │ 4250000 │   5200    │  1700   │ 4250000 │ 13440000 │ 1671532320000 │ '2022-12-20T10:32:00.000Z' │  0  │ 100  │  0  │    0     │ Infinity │ 205.3 │ 689.5 │  0  │ 2.5 │ -1700 │ -4250000  │   -2600   │   -6460000    │      │         │     │
│    9    │ 2.5 │ 2.5 │ 2.5 │ 2.5 │ 500  │ 1250000 │   5700    │   500   │ 1250000 │ 14690000 │ 1671532560000 │ '2022-12-20T10:36:00.000Z' │  0  │ 100  │  0  │    0     │ Infinity │ 205.3 │ 689.5 │  0  │ 0.7 │ -500  │ -1250000  │   -3100   │   -7710000    │      │         │     │
│   10    │ 2.5 │ 2.5 │ 2.5 │ 2.5 │ 3900 │ 9750000 │   9600    │  3900   │ 9750000 │ 24440000 │ 1671533280000 │ '2022-12-20T10:48:00.000Z' │  0  │ 100  │  0  │    0     │ Infinity │ 205.3 │ 689.5 │  0  │ 5.7 │ -3900 │ -9750000  │   -7000   │   -17460000   │      │         │     │
│   11    │ 2.5 │ 2.5 │ 2.5 │ 2.5 │ 600  │ 1500000 │   10200   │   600   │ 1500000 │ 25940000 │ 1671533760000 │ '2022-12-20T10:56:00.000Z' │  0  │ 100  │  0  │    0     │ Infinity │ 205.3 │ 689.5 │  0  │ 0.9 │ -600  │ -1500000  │   -7600   │   -18960000   │      │         │     │
│   12    │ 2.5 │ 2.5 │ 2.5 │ 2.5 │      │         │   11400   │  1200   │ 3000000 │ 28940000 │ 1671541200000 │ '2022-12-20T13:00:00.000Z' │ 100 │  0   │  0  │ Infinity │    0     │ 205.3 │ 689.5 │  0  │     │ 1200  │  3000000  │   -6400   │   -15960000   │ 1200 │ 3000000 │ 5.8 │
│   13    │ 2.4 │ 2.4 │ 2.4 │ 2.4 │ 3000 │ 7200000 │   14400   │  3000   │ 7200000 │ 36140000 │ 1671541440000 │ '2022-12-20T13:04:00.000Z' │  0  │ 100  │  0  │    0     │ Infinity │ 205.3 │ 689.5 │  0  │ 4.4 │ -3000 │ -7200000  │   -9400   │   -23160000   │      │         │     │
│   14    │ 2.4 │ 2.4 │ 2.4 │ 2.4 │ 1100 │ 2640000 │   15500   │  1100   │ 2640000 │ 38780000 │ 1671541560000 │ '2022-12-20T13:06:00.000Z' │  0  │ 100  │  0  │    0     │ Infinity │ 205.3 │ 689.5 │  0  │ 1.6 │ -1100 │ -2640000  │  -10500   │   -25800000   │      │         │     │
│   15    │ 2.4 │ 2.4 │ 2.4 │ 2.4 │ 100  │ 240000  │   15600   │   100   │ 240000  │ 39020000 │ 1671542760000 │ '2022-12-20T13:26:00.000Z' │  0  │ 100  │  0  │    0     │ Infinity │ 205.3 │ 689.5 │  0  │ 0.1 │ -100  │  -240000  │  -10600   │   -26040000   │      │         │     │
│   16    │ 2.4 │ 2.4 │ 2.4 │ 2.4 │      │         │   15900   │   300   │ 720000  │ 39740000 │ 1671543000000 │ '2022-12-20T13:30:00.000Z' │ 100 │  0   │  0  │ Infinity │    0     │ 205.3 │ 689.5 │  0  │     │  300  │  720000   │  -10300   │   -25320000   │ 300  │ 720000  │ 1.5 │
│   17    │ 2.5 │ 2.5 │ 2.5 │ 2.5 │      │         │   16000   │   100   │ 250000  │ 39990000 │ 1671544800000 │ '2022-12-20T14:00:00.000Z' │ 100 │  0   │  0  │ Infinity │    0     │ 205.3 │ 689.5 │  0  │     │  100  │  250000   │  -10200   │   -25070000   │ 100  │ 250000  │ 0.5 │
│   18    │ 2.5 │ 2.5 │ 2.5 │ 2.5 │      │         │   17000   │  1000   │ 2500000 │ 42490000 │ 1671548280000 │ '2022-12-20T14:58:00.000Z' │ 100 │  0   │  0  │ Infinity │    0     │ 205.3 │ 689.5 │  0  │     │ 1000  │  2500000  │   -9200   │   -22570000   │ 1000 │ 2500000 │ 4.9 │
└─────────┴─────┴─────┴─────┴─────┴──────┴─────────┴───────────┴─────────┴─────────┴──────────┴───────────────┴────────────────────────────┴─────┴──────┴─────┴──────────┴──────────┴───────┴───────┴─────┴─────┴───────┴───────────┴───────────┴───────────────┴──────┴─────────┴─────┘

├─────────┼─────┼─────┼─────┼─────┼──────┼─────────┼───────────┼─────────┼─────────┼──────────┼───────────────┼────────────────────────────┼─────┼──────┼─────┼──────────┼──────────┼───────┼───────┼─────┼─────┼───────┼───────────┼───────────┼───────────────┼──────┼─────────┼─────┤
│ (index) │  c  │  h  │  l  │  o  │  sd  │ val_sd  │ total_vol │ sum_vol │   val   │ acum_val │   datetime    │            date            │ pbu │ psd  │ puk │    bs    │    sb    │  abu  │  asd  │ auk │ rsd │ bu-sd │ bu-sd_val │ acum_busd │ acum_busd_val │  bu  │ val_bu  │ rbu │
├─────────┼─────┼─────┼─────┼─────┼──────┼─────────┼───────────┼─────────┼─────────┼──────────┼───────────────┼────────────────────────────┼─────┼──────┼─────┼──────────┼──────────┼───────┼───────┼─────┼─────┼───────┼───────────┼───────────┼───────────────┼──────┼─────────┼─────┤
