┌─────────┬──────┬──────┬──────┬──────┬──────┬──────────┬───────────┬─────────┬──────────┬───────────┬───────────────┬────────────────────────────┬──────┬──────┬─────┬──────────┬──────────┬───────┬─────┬─────┬─────┬───────┬───────────┬───────────┬───────────────┬──────┬──────────┬──────┐
│ (index) │  c   │  h   │  l   │  o   │  sd  │  val_sd  │ total_vol │ sum_vol │   val    │ acum_val  │   datetime    │            date            │ pbu  │ psd  │ puk │    bs    │    sb    │  abu  │ asd │ auk │ rsd │ bu-sd │ bu-sd_val │ acum_busd │ acum_busd_val │  bu  │  val_bu  │ rbu  │
├─────────┼──────┼──────┼──────┼──────┼──────┼──────────┼───────────┼─────────┼──────────┼───────────┼───────────────┼────────────────────────────┼──────┼──────┼─────┼──────────┼──────────┼───────┼─────┼─────┼─────┼───────┼───────────┼───────────┼───────────────┼──────┼──────────┼──────┤
│    0    │ 5.67 │ 5.67 │ 5.67 │ 5.67 │ 1600 │ 9072000  │   1600    │  1600   │ 9072000  │  9072000  │ 1675761600000 │ '2023-02-07T09:20:00.000Z' │  0   │ 100  │  0  │    0     │ Infinity │ 296.6 │ 769 │  0  │ 2.1 │ -1600 │ -9072000  │   -1600   │   -9072000    │      │          │      │
│    1    │ 5.68 │ 5.68 │ 5.68 │ 5.68 │ 100  │  568000  │   1700    │   100   │  568000  │  9640000  │ 1675761720000 │ '2023-02-07T09:22:00.000Z' │  0   │ 100  │  0  │    0     │ Infinity │ 296.6 │ 769 │  0  │ 0.1 │ -100  │  -568000  │   -1700   │   -9640000    │      │          │      │
│    2    │ 5.79 │ 5.79 │ 5.79 │ 5.79 │      │          │   1800    │   100   │  579000  │ 10219000  │ 1675762560000 │ '2023-02-07T09:36:00.000Z' │ 100  │  0   │  0  │ Infinity │    0     │ 296.6 │ 769 │  0  │     │  100  │  579000   │   -1600   │   -9061000    │ 100  │  579000  │ 0.3  │
│    3    │ 5.72 │ 5.77 │ 5.72 │ 5.77 │ 200  │ 1149000  │   2000    │   200   │ 1149000  │ 11368000  │ 1675763640000 │ '2023-02-07T09:54:00.000Z' │  0   │ 100  │  0  │    0     │ Infinity │ 296.6 │ 769 │  0  │ 0.3 │ -200  │ -1149000  │   -1800   │   -10210000   │      │          │      │
│    4    │ 5.73 │ 5.73 │ 5.73 │ 5.73 │      │          │   2200    │   200   │ 1146000  │ 12514000  │ 1675764000000 │ '2023-02-07T10:00:00.000Z' │ 100  │  0   │  0  │ Infinity │    0     │ 296.6 │ 769 │  0  │     │  200  │  1146000  │   -1600   │   -9064000    │ 200  │ 1146000  │ 0.7  │
│    5    │ 5.72 │ 5.72 │ 5.72 │ 5.72 │ 100  │  572000  │   2300    │   100   │  572000  │ 13086000  │ 1675764360000 │ '2023-02-07T10:06:00.000Z' │  0   │ 100  │  0  │    0     │ Infinity │ 296.6 │ 769 │  0  │ 0.1 │ -100  │  -572000  │   -1700   │   -9636000    │      │          │      │
│    6    │ 5.8  │ 5.8  │ 5.73 │ 5.73 │      │          │   2500    │   200   │ 1153000  │ 14239000  │ 1675764480000 │ '2023-02-07T10:08:00.000Z' │ 100  │  0   │  0  │ Infinity │    0     │ 296.6 │ 769 │  0  │     │  200  │  1153000  │   -1500   │   -8483000    │ 200  │ 1153000  │ 0.7  │
│    7    │ 5.75 │ 5.75 │ 5.75 │ 5.75 │      │          │   2600    │   100   │  575000  │ 14814000  │ 1675764960000 │ '2023-02-07T10:16:00.000Z' │ 100  │  0   │  0  │ Infinity │    0     │ 296.6 │ 769 │  0  │     │  100  │  575000   │   -1400   │   -7908000    │ 100  │  575000  │ 0.3  │
│    8    │ 5.75 │ 5.75 │ 5.75 │ 5.75 │ 100  │  575000  │   2700    │   100   │  575000  │ 15389000  │ 1675765680000 │ '2023-02-07T10:28:00.000Z' │  0   │ 100  │  0  │    0     │ Infinity │ 296.6 │ 769 │  0  │ 0.1 │ -100  │  -575000  │   -1500   │   -8483000    │      │          │      │
│    9    │ 5.76 │ 5.76 │ 5.76 │ 5.76 │ 200  │ 1152000  │   2900    │   200   │ 1152000  │ 16541000  │ 1675766880000 │ '2023-02-07T10:48:00.000Z' │  0   │ 100  │  0  │    0     │ Infinity │ 296.6 │ 769 │  0  │ 0.3 │ -200  │ -1152000  │   -1700   │   -9635000    │      │          │      │
│   10    │ 5.76 │ 5.76 │ 5.76 │ 5.76 │ 500  │ 2880000  │   3400    │   500   │ 2880000  │ 19421000  │ 1675767360000 │ '2023-02-07T10:56:00.000Z' │  0   │ 100  │  0  │    0     │ Infinity │ 296.6 │ 769 │  0  │ 0.7 │ -500  │ -2880000  │   -2200   │   -12515000   │      │          │      │
│   11    │ 5.76 │ 5.76 │ 5.76 │ 5.76 │ 200  │ 1152000  │   3600    │   200   │ 1152000  │ 20573000  │ 1675767600000 │ '2023-02-07T11:00:00.000Z' │  0   │ 100  │  0  │    0     │ Infinity │ 296.6 │ 769 │  0  │ 0.3 │ -200  │ -1152000  │   -2400   │   -13667000   │      │          │      │
│   12    │ 5.75 │ 5.75 │ 5.75 │ 5.75 │ 200  │ 1150000  │   3800    │   200   │ 1150000  │ 21723000  │ 1675768080000 │ '2023-02-07T11:08:00.000Z' │  0   │ 100  │  0  │    0     │ Infinity │ 296.6 │ 769 │  0  │ 0.3 │ -200  │ -1150000  │   -2600   │   -14817000   │      │          │      │
│   13    │ 5.72 │ 5.72 │ 5.72 │ 5.72 │ 200  │ 1144000  │   4000    │   200   │ 1144000  │ 22867000  │ 1675769280000 │ '2023-02-07T11:28:00.000Z' │  0   │ 100  │  0  │    0     │ Infinity │ 296.6 │ 769 │  0  │ 0.3 │ -200  │ -1144000  │   -2800   │   -15961000   │      │          │      │
│   14    │ 5.75 │ 5.75 │ 5.75 │ 5.75 │      │          │   4100    │   100   │  575000  │ 23442000  │ 1675774800000 │ '2023-02-07T13:00:00.000Z' │ 100  │  0   │  0  │ Infinity │    0     │ 296.6 │ 769 │  0  │     │  100  │  575000   │   -2700   │   -15386000   │ 100  │  575000  │ 0.3  │
│   15    │ 5.7  │ 5.72 │ 5.7  │ 5.72 │ 1000 │ 5706000  │   5100    │  1000   │ 5706000  │ 29148000  │ 1675774920000 │ '2023-02-07T13:02:00.000Z' │  0   │ 100  │  0  │    0     │ Infinity │ 296.6 │ 769 │  0  │ 1.3 │ -1000 │ -5706000  │   -3700   │   -21092000   │      │          │      │
│   16    │ 5.68 │ 5.68 │ 5.68 │ 5.68 │ 100  │  568000  │   5200    │   100   │  568000  │ 29716000  │ 1675776120000 │ '2023-02-07T13:22:00.000Z' │  0   │ 100  │  0  │    0     │ Infinity │ 296.6 │ 769 │  0  │ 0.1 │ -100  │  -568000  │   -3800   │   -21660000   │      │          │      │
│   17    │ 5.68 │ 5.68 │ 5.68 │ 5.68 │ 400  │ 2272000  │   5600    │   400   │ 2272000  │ 31988000  │ 1675776600000 │ '2023-02-07T13:30:00.000Z' │  0   │ 100  │  0  │    0     │ Infinity │ 296.6 │ 769 │  0  │ 0.5 │ -400  │ -2272000  │   -4200   │   -23932000   │      │          │      │
│   18    │ 5.67 │ 5.67 │ 5.67 │ 5.67 │ 300  │ 1701000  │   8000    │  2400   │ 13608000 │ 45596000  │ 1675777320000 │ '2023-02-07T13:42:00.000Z' │ 87.5 │ 12.5 │  0  │    7     │   0.1    │ 296.6 │ 769 │  0  │ 0.4 │ 1800  │ 10206000  │   -2400   │   -13726000   │ 2100 │ 11907000 │ 7.1  │
│   19    │ 5.67 │ 5.67 │ 5.67 │ 5.67 │      │          │   8100    │   100   │  567000  │ 46163000  │ 1675777680000 │ '2023-02-07T13:48:00.000Z' │ 100  │  0   │  0  │ Infinity │    0     │ 296.6 │ 769 │  0  │     │  100  │  567000   │   -2300   │   -13159000   │ 100  │  567000  │ 0.3  │
│   20    │ 5.67 │ 5.67 │ 5.67 │ 5.67 │      │          │   8600    │   500   │ 2835000  │ 48998000  │ 1675777800000 │ '2023-02-07T13:50:00.000Z' │ 100  │  0   │  0  │ Infinity │    0     │ 296.6 │ 769 │  0  │     │  500  │  2835000  │   -1800   │   -10324000   │ 500  │ 2835000  │ 1.7  │
├─────────┼──────┼──────┼──────┼──────┼──────┼──────────┼───────────┼─────────┼──────────┼───────────┼───────────────┼────────────────────────────┼──────┼──────┼─────┼──────────┼──────────┼───────┼─────┼─────┼─────┼───────┼───────────┼───────────┼───────────────┼──────┼──────────┼──────┤
│ (index) │  c   │  h   │  l   │  o   │  sd  │  val_sd  │ total_vol │ sum_vol │   val    │ acum_val  │   datetime    │            date            │ pbu  │ psd  │ puk │    bs    │    sb    │  abu  │ asd │ auk │ rsd │ bu-sd │ bu-sd_val │ acum_busd │ acum_busd_val │  bu  │  val_bu  │ rbu  │
├─────────┼──────┼──────┼──────┼──────┼──────┼──────────┼───────────┼─────────┼──────────┼───────────┼───────────────┼────────────────────────────┼──────┼──────┼─────┼──────────┼──────────┼───────┼─────┼─────┼─────┼───────┼───────────┼───────────┼───────────────┼──────┼──────────┼──────┤
│   21    │ 5.7  │ 5.7  │ 5.7  │ 5.7  │      │          │   9300    │   700   │ 3990000  │ 52988000  │ 1675778760000 │ '2023-02-07T14:06:00.000Z' │ 100  │  0   │  0  │ Infinity │    0     │ 296.6 │ 769 │  0  │     │  700  │  3990000  │   -1100   │   -6334000    │ 700  │ 3990000  │ 2.4  │
│   22    │ 5.67 │ 5.68 │ 5.67 │ 5.68 │ 2600 │ 14743000 │   11900   │  2600   │ 14743000 │ 67731000  │ 1675779240000 │ '2023-02-07T14:14:00.000Z' │  0   │ 100  │  0  │    0     │ Infinity │ 296.6 │ 769 │  0  │ 3.4 │ -2600 │ -14743000 │   -3700   │   -21077000   │      │          │      │
│   23    │ 5.63 │ 5.66 │ 5.63 │ 5.66 │ 5300 │ 29846000 │   17500   │  5600   │ 31535000 │ 99266000  │ 1675779360000 │ '2023-02-07T14:16:00.000Z' │ 5.4  │ 94.6 │  0  │   0.1    │   17.7   │ 296.6 │ 769 │  0  │ 6.9 │ -5000 │ -28157000 │   -8700   │   -49234000   │ 300  │ 1689000  │  1   │
│   24    │ 5.5  │ 5.6  │ 5.5  │ 5.6  │ 3000 │ 16732000 │   20500   │  3000   │ 16732000 │ 115998000 │ 1675779480000 │ '2023-02-07T14:18:00.000Z' │  0   │ 100  │  0  │    0     │ Infinity │ 296.6 │ 769 │  0  │ 3.9 │ -3000 │ -16732000 │  -11700   │   -65966000   │      │          │      │
│   25    │ 5.5  │ 5.51 │ 5.5  │ 5.51 │ 4200 │ 23112000 │   24700   │  4200   │ 23112000 │ 139110000 │ 1675779600000 │ '2023-02-07T14:20:00.000Z' │  0   │ 100  │  0  │    0     │ Infinity │ 296.6 │ 769 │  0  │ 5.5 │ -4200 │ -23112000 │  -15900   │   -89078000   │      │          │      │
│   26    │ 5.45 │ 5.5  │ 5.45 │ 5.5  │ 2000 │ 10905000 │   26700   │  2000   │ 10905000 │ 150015000 │ 1675779720000 │ '2023-02-07T14:22:00.000Z' │  0   │ 100  │  0  │    0     │ Infinity │ 296.6 │ 769 │  0  │ 2.6 │ -2000 │ -10905000 │  -17900   │   -99983000   │      │          │      │
│   27    │ 5.6  │ 5.6  │ 5.6  │ 5.6  │      │          │   29700   │  3000   │ 16800000 │ 166815000 │ 1675779840000 │ '2023-02-07T14:24:00.000Z' │ 100  │  0   │  0  │ Infinity │    0     │ 296.6 │ 769 │  0  │     │ 3000  │ 16800000  │  -14900   │   -83183000   │ 3000 │ 16800000 │ 10.1 │
│   28    │ 5.6  │ 5.6  │ 5.6  │ 5.6  │      │          │   30900   │  1200   │ 6720000  │ 173535000 │ 1675781040000 │ '2023-02-07T14:44:00.000Z' │ 100  │  0   │  0  │ Infinity │    0     │ 296.6 │ 769 │  0  │     │ 1200  │  6720000  │  -13700   │   -76463000   │ 1200 │ 6720000  │  4   │
└─────────┴──────┴──────┴──────┴──────┴──────┴──────────┴───────────┴─────────┴──────────┴───────────┴───────────────┴────────────────────────────┴──────┴──────┴─────┴──────────┴──────────┴───────┴─────┴─────┴─────┴───────┴───────────┴───────────┴───────────────┴──────┴──────────┴──────┘

