┌─────────┬──────┬──────┬──────┬──────┬───────┬───────────┬───────────┬─────────┬───────────┬───────────┬───────────────┬────────────────────────────┬─────┬─────┬─────┬──────────┬──────────┬──────┬─────┬─────┬──────┬───────┬───────────┬───────────┬───────────────┬──────┬──────────┬─────┐
│ (index) │  c   │  h   │  l   │  o   │  bu   │  val_bu   │ total_vol │ sum_vol │    val    │ acum_val  │   datetime    │            date            │ pbu │ psd │ puk │    bs    │    sb    │ abu  │ asd │ auk │ rbu  │ bu-sd │ bu-sd_val │ acum_busd │ acum_busd_val │  sd  │  val_sd  │ rsd │
├─────────┼──────┼──────┼──────┼──────┼───────┼───────────┼───────────┼─────────┼───────────┼───────────┼───────────────┼────────────────────────────┼─────┼─────┼─────┼──────────┼──────────┼──────┼─────┼─────┼──────┼───────┼───────────┼───────────┼───────────────┼──────┼──────────┼─────┤
│    0    │ 7.89 │ 7.89 │ 7.89 │ 7.89 │  600  │  4734000  │    600    │   600   │  4734000  │  4734000  │ 1675761300000 │ '2023-02-07T09:15:00.000Z' │ 100 │  0  │  0  │ Infinity │    0     │ 1280 │ 830 │  0  │ 0.5  │  600  │  4734000  │    600    │    4734000    │      │          │     │
│    1    │ 7.89 │ 7.89 │ 7.89 │ 7.89 │       │           │   2700    │  2100   │ 16569000  │ 21303000  │ 1675761600000 │ '2023-02-07T09:20:00.000Z' │  0  │ 100 │  0  │    0     │ Infinity │ 1280 │ 830 │  0  │      │ -2100 │ -16569000 │   -1500   │   -11835000   │ 2100 │ 16569000 │ 2.5 │
│    2    │ 7.89 │ 7.89 │ 7.89 │ 7.89 │  100  │  789000   │   2800    │   100   │  789000   │ 22092000  │ 1675762200000 │ '2023-02-07T09:30:00.000Z' │ 100 │  0  │  0  │ Infinity │    0     │ 1280 │ 830 │  0  │ 0.1  │  100  │  789000   │   -1400   │   -11046000   │      │          │     │
│    3    │ 7.89 │ 7.89 │ 7.89 │ 7.89 │  300  │  2367000  │   3100    │   300   │  2367000  │ 24459000  │ 1675762500000 │ '2023-02-07T09:35:00.000Z' │ 100 │  0  │  0  │ Infinity │    0     │ 1280 │ 830 │  0  │ 0.2  │  300  │  2367000  │   -1100   │   -8679000    │      │          │     │
│    4    │ 7.89 │ 7.89 │ 7.89 │ 7.89 │ 1700  │ 13413000  │   4800    │  1700   │ 13413000  │ 37872000  │ 1675763100000 │ '2023-02-07T09:45:00.000Z' │ 100 │  0  │  0  │ Infinity │    0     │ 1280 │ 830 │  0  │ 1.3  │ 1700  │ 13413000  │    600    │    4734000    │      │          │     │
│    5    │ 7.89 │ 7.89 │ 7.89 │ 7.89 │ 1100  │  8679000  │   5900    │  1100   │  8679000  │ 46551000  │ 1675763400000 │ '2023-02-07T09:50:00.000Z' │ 100 │  0  │  0  │ Infinity │    0     │ 1280 │ 830 │  0  │ 0.9  │ 1100  │  8679000  │   1700    │   13413000    │      │          │     │
│    6    │ 7.89 │ 7.89 │ 7.89 │ 7.89 │  100  │  789000   │   6000    │   100   │  789000   │ 47340000  │ 1675763700000 │ '2023-02-07T09:55:00.000Z' │ 100 │  0  │  0  │ Infinity │    0     │ 1280 │ 830 │  0  │ 0.1  │  100  │  789000   │   1800    │   14202000    │      │          │     │
│    7    │ 7.89 │ 7.89 │ 7.89 │ 7.89 │  400  │  3156000  │   6400    │   400   │  3156000  │ 50496000  │ 1675764000000 │ '2023-02-07T10:00:00.000Z' │ 100 │  0  │  0  │ Infinity │    0     │ 1280 │ 830 │  0  │ 0.3  │  400  │  3156000  │   2200    │   17358000    │      │          │     │
│    8    │ 7.88 │ 7.88 │ 7.88 │ 7.88 │  500  │  3940000  │   6900    │   500   │  3940000  │ 54436000  │ 1675764300000 │ '2023-02-07T10:05:00.000Z' │ 100 │  0  │  0  │ Infinity │    0     │ 1280 │ 830 │  0  │ 0.4  │  500  │  3940000  │   2700    │   21298000    │      │          │     │
│    9    │ 7.88 │ 7.88 │ 7.88 │ 7.88 │  100  │  788000   │   7000    │   100   │  788000   │ 55224000  │ 1675764600000 │ '2023-02-07T10:10:00.000Z' │ 100 │  0  │  0  │ Infinity │    0     │ 1280 │ 830 │  0  │ 0.1  │  100  │  788000   │   2800    │   22086000    │      │          │     │
│   10    │ 7.87 │ 7.87 │ 7.87 │ 7.87 │       │           │   7100    │   100   │  787000   │ 56011000  │ 1675765200000 │ '2023-02-07T10:20:00.000Z' │  0  │ 100 │  0  │    0     │ Infinity │ 1280 │ 830 │  0  │      │ -100  │  -787000  │   2700    │   21299000    │ 100  │  787000  │ 0.1 │
│   11    │ 7.86 │ 7.86 │ 7.86 │ 7.86 │       │           │   8000    │   900   │  7074000  │ 63085000  │ 1675765500000 │ '2023-02-07T10:25:00.000Z' │  0  │ 100 │  0  │    0     │ Infinity │ 1280 │ 830 │  0  │      │ -900  │ -7074000  │   1800    │   14225000    │ 900  │ 7074000  │ 1.1 │
│   12    │ 7.88 │ 7.88 │ 7.88 │ 7.88 │ 2000  │ 15760000  │   10000   │  2000   │ 15760000  │ 78845000  │ 1675765800000 │ '2023-02-07T10:30:00.000Z' │ 100 │  0  │  0  │ Infinity │    0     │ 1280 │ 830 │  0  │ 1.6  │ 2000  │ 15760000  │   3800    │   29985000    │      │          │     │
│   13    │ 7.85 │ 7.86 │ 7.85 │ 7.86 │       │           │   11700   │  1900   │ 14931000  │ 93776000  │ 1675766100000 │ '2023-02-07T10:35:00.000Z' │  0  │ 100 │  0  │    0     │ Infinity │ 1280 │ 830 │  0  │      │ -1900 │ -14931000 │   1900    │   15054000    │ 1900 │ 14931000 │ 2.3 │
│   14    │ 7.85 │ 7.86 │ 7.85 │ 7.86 │       │           │   18000   │  6100   │ 47886000  │ 141662000 │ 1675767000000 │ '2023-02-07T10:50:00.000Z' │  0  │ 100 │  0  │    0     │ Infinity │ 1280 │ 830 │  0  │      │ -6100 │ -47886000 │   -4200   │   -32832000   │ 6100 │ 47886000 │ 7.3 │
│   15    │ 7.8  │ 7.85 │ 7.8  │ 7.85 │       │           │   22400   │  4400   │ 34366000  │ 176028000 │ 1675767300000 │ '2023-02-07T10:55:00.000Z' │  0  │ 100 │  0  │    0     │ Infinity │ 1280 │ 830 │  0  │      │ -4400 │ -34366000 │   -8600   │   -67198000   │ 4400 │ 34366000 │ 5.3 │
│   16    │ 7.87 │ 7.87 │ 7.85 │ 7.85 │  200  │  1572000  │   22600   │   200   │  1572000  │ 177600000 │ 1675767900000 │ '2023-02-07T11:05:00.000Z' │ 100 │  0  │  0  │ Infinity │    0     │ 1280 │ 830 │  0  │ 0.2  │  200  │  1572000  │   -8400   │   -65626000   │      │          │     │
│   17    │ 7.87 │ 7.87 │ 7.87 │ 7.87 │  100  │  787000   │   22700   │   100   │  787000   │ 178387000 │ 1675768200000 │ '2023-02-07T11:10:00.000Z' │ 100 │  0  │  0  │ Infinity │    0     │ 1280 │ 830 │  0  │ 0.1  │  100  │  787000   │   -8300   │   -64839000   │      │          │     │
│   18    │ 7.82 │ 7.82 │ 7.82 │ 7.82 │       │           │   23800   │  1100   │  8602000  │ 186989000 │ 1675768800000 │ '2023-02-07T11:20:00.000Z' │  0  │ 100 │  0  │    0     │ Infinity │ 1280 │ 830 │  0  │      │ -1100 │ -8602000  │   -9400   │   -73441000   │ 1100 │ 8602000  │ 1.3 │
│   19    │ 7.82 │ 7.82 │ 7.82 │ 7.82 │ 18400 │ 143888000 │   42200   │  18400  │ 143888000 │ 330877000 │ 1675769100000 │ '2023-02-07T11:25:00.000Z' │ 100 │  0  │  0  │ Infinity │    0     │ 1280 │ 830 │  0  │ 14.4 │ 18400 │ 143888000 │   9000    │   70447000    │      │          │     │
└─────────┴──────┴──────┴──────┴──────┴───────┴───────────┴───────────┴─────────┴───────────┴───────────┴───────────────┴────────────────────────────┴─────┴─────┴─────┴──────────┴──────────┴──────┴─────┴─────┴──────┴───────┴───────────┴───────────┴───────────────┴──────┴──────────┴─────┘
├─────────┼──────┼──────┼──────┼──────┼───────┼───────────┼───────────┼─────────┼───────────┼───────────┼───────────────┼────────────────────────────┼─────┼─────┼─────┼──────────┼──────────┼──────┼─────┼─────┼──────┼───────┼───────────┼───────────┼───────────────┼──────┼──────────┼─────┤
│ (index) │  c   │  h   │  l   │  o   │  bu   │  val_bu   │ total_vol │ sum_vol │    val    │ acum_val  │   datetime    │            date            │ pbu │ psd │ puk │    bs    │    sb    │ abu  │ asd │ auk │ rbu  │ bu-sd │ bu-sd_val │ acum_busd │ acum_busd_val │  sd  │  val_sd  │ rsd │
├─────────┼──────┼──────┼──────┼──────┼───────┼───────────┼───────────┼─────────┼───────────┼───────────┼───────────────┼────────────────────────────┼─────┼─────┼─────┼──────────┼──────────┼──────┼─────┼─────┼──────┼───────┼───────────┼───────────┼───────────────┼──────┼──────────┼─────┤

