┌─────────┬──────┬──────┬──────┬──────┬──────┬───────────┬───────────┬─────────┬───────────┬────────────┬──────┬───────────┬───────────────┬────────────────────────────┬──────┬──────┬─────┬──────────┬──────────┬───────┬────────┬─────┬─────┬─────┬───────┬────────────┬───────────┬───────────────┐
│ (index) │  c   │  h   │  l   │  o   │  sd  │  val_sd   │ total_vol │ sum_vol │    val    │  acum_val  │  bu  │  val_bu   │   datetime    │            date            │ pbu  │ psd  │ puk │    bs    │    sb    │  abu  │  asd   │ auk │ rsd │ rbu │ bu-sd │ bu-sd_val  │ acum_busd │ acum_busd_val │
├─────────┼──────┼──────┼──────┼──────┼──────┼───────────┼───────────┼─────────┼───────────┼────────────┼──────┼───────────┼───────────────┼────────────────────────────┼──────┼──────┼─────┼──────────┼──────────┼───────┼────────┼─────┼─────┼─────┼───────┼────────────┼───────────┼───────────────┤
│    0    │ 60.3 │ 60.4 │ 60.3 │ 60.4 │ 400  │ 24130000  │   1000    │  1000   │ 60310000  │  60310000  │ 600  │ 36180000  │ 1675761300000 │ '2023-02-07T09:15:00.000Z' │  60  │  40  │  0  │   1.5    │   0.7    │ 658.3 │ 1045.8 │  0  │ 0.4 │ 0.9 │  200  │  12050000  │    200    │   12050000    │
│    1    │ 60.4 │ 60.4 │ 60.4 │ 60.4 │ 700  │ 42280000  │   1700    │   700   │ 42280000  │ 102590000  │      │           │ 1675761900000 │ '2023-02-07T09:25:00.000Z' │  0   │ 100  │  0  │    0     │ Infinity │ 658.3 │ 1045.8 │  0  │ 0.7 │     │ -700  │ -42280000  │   -500    │   -30230000   │
│    2    │ 60.5 │ 60.5 │ 60.5 │ 60.5 │      │           │   1800    │   100   │  6050000  │ 108640000  │ 100  │  6050000  │ 1675762200000 │ '2023-02-07T09:30:00.000Z' │ 100  │  0   │  0  │ Infinity │    0     │ 658.3 │ 1045.8 │  0  │     │ 0.2 │  100  │  6050000   │   -400    │   -24180000   │
│    3    │ 60.6 │ 60.6 │ 60.5 │ 60.6 │ 2800 │ 169640000 │   5500    │  3700   │ 224120000 │ 332760000  │ 900  │ 54480000  │ 1675762500000 │ '2023-02-07T09:35:00.000Z' │ 24.3 │ 75.7 │  0  │   0.3    │   3.1    │ 658.3 │ 1045.8 │  0  │ 2.7 │ 1.4 │ -1900 │ -115160000 │   -2300   │  -139340000   │
│    4    │ 60.7 │ 60.7 │ 60.7 │ 60.7 │      │           │   5800    │   300   │ 18210000  │ 350970000  │ 300  │ 18210000  │ 1675762800000 │ '2023-02-07T09:40:00.000Z' │ 100  │  0   │  0  │ Infinity │    0     │ 658.3 │ 1045.8 │  0  │     │ 0.5 │  300  │  18210000  │   -2000   │  -121130000   │
│    5    │ 60.6 │ 60.7 │ 60.6 │ 60.7 │ 1000 │ 60600000  │   7600    │  1800   │ 109160000 │ 460130000  │ 800  │ 48560000  │ 1675763100000 │ '2023-02-07T09:45:00.000Z' │ 44.4 │ 55.6 │  0  │   0.8    │   1.3    │ 658.3 │ 1045.8 │  0  │  1  │ 1.2 │ -200  │ -12040000  │   -2200   │  -133170000   │
│    6    │ 60.9 │ 60.9 │ 60.9 │ 60.9 │      │           │   7700    │   100   │  6090000  │ 466220000  │ 100  │  6090000  │ 1675763700000 │ '2023-02-07T09:55:00.000Z' │ 100  │  0   │  0  │ Infinity │    0     │ 658.3 │ 1045.8 │  0  │     │ 0.2 │  100  │  6090000   │   -2100   │  -127080000   │
│    7    │ 60.6 │ 60.6 │ 60.6 │ 60.6 │ 500  │ 30300000  │   8200    │   500   │ 30300000  │ 496520000  │      │           │ 1675764000000 │ '2023-02-07T10:00:00.000Z' │  0   │ 100  │  0  │    0     │ Infinity │ 658.3 │ 1045.8 │  0  │ 0.5 │     │ -500  │ -30300000  │   -2600   │  -157380000   │
│    8    │ 60.6 │ 60.6 │ 60.6 │ 60.6 │ 200  │ 12120000  │   8400    │   200   │ 12120000  │ 508640000  │      │           │ 1675764300000 │ '2023-02-07T10:05:00.000Z' │  0   │ 100  │  0  │    0     │ Infinity │ 658.3 │ 1045.8 │  0  │ 0.2 │     │ -200  │ -12120000  │   -2800   │  -169500000   │
│    9    │ 60.6 │ 60.6 │ 60.6 │ 60.6 │ 800  │ 48480000  │   9200    │   800   │ 48480000  │ 557120000  │      │           │ 1675764600000 │ '2023-02-07T10:10:00.000Z' │  0   │ 100  │  0  │    0     │ Infinity │ 658.3 │ 1045.8 │  0  │ 0.8 │     │ -800  │ -48480000  │   -3600   │  -217980000   │
│   10    │ 60.9 │ 60.9 │ 60.6 │ 60.6 │      │           │   12500   │  3300   │ 200740000 │ 757860000  │ 3300 │ 200740000 │ 1675764900000 │ '2023-02-07T10:15:00.000Z' │ 100  │  0   │  0  │ Infinity │    0     │ 658.3 │ 1045.8 │  0  │     │  5  │ 3300  │ 200740000  │   -300    │   -17240000   │
│   11    │ 60.9 │ 60.9 │ 60.9 │ 60.9 │ 1000 │ 60900000  │   14500   │  2000   │ 121800000 │ 879660000  │ 1000 │ 60900000  │ 1675765200000 │ '2023-02-07T10:20:00.000Z' │  50  │  50  │  0  │    1     │    1     │ 658.3 │ 1045.8 │  0  │  1  │ 1.5 │   0   │     0      │   -300    │   -17240000   │
│   12    │ 60.7 │ 60.9 │ 60.7 │ 60.9 │ 800  │ 48600000  │   15300   │   800   │ 48600000  │ 928260000  │      │           │ 1675765500000 │ '2023-02-07T10:25:00.000Z' │  0   │ 100  │  0  │    0     │ Infinity │ 658.3 │ 1045.8 │  0  │ 0.8 │     │ -800  │ -48600000  │   -1100   │   -65840000   │
│   13    │ 60.7 │ 60.7 │ 60.7 │ 60.7 │ 100  │  6070000  │   15400   │   100   │  6070000  │ 934330000  │      │           │ 1675765800000 │ '2023-02-07T10:30:00.000Z' │  0   │ 100  │  0  │    0     │ Infinity │ 658.3 │ 1045.8 │  0  │ 0.1 │     │ -100  │  -6070000  │   -1200   │   -71910000   │
│   14    │ 60.5 │ 60.8 │ 60.5 │ 60.7 │ 6800 │ 412040000 │   23000   │  7600   │ 460680000 │ 1395010000 │ 800  │ 48640000  │ 1675766100000 │ '2023-02-07T10:35:00.000Z' │ 10.5 │ 89.5 │  0  │   0.1    │   8.5    │ 658.3 │ 1045.8 │  0  │ 6.5 │ 1.2 │ -6000 │ -363400000 │   -7200   │  -435310000   │
│   15    │ 60.8 │ 60.8 │ 60.8 │ 60.8 │      │           │   25000   │  2000   │ 121600000 │ 1516610000 │ 2000 │ 121600000 │ 1675766400000 │ '2023-02-07T10:40:00.000Z' │ 100  │  0   │  0  │ Infinity │    0     │ 658.3 │ 1045.8 │  0  │     │  3  │ 2000  │ 121600000  │   -5200   │  -313710000   │
│   16    │ 60.8 │ 60.8 │ 60.8 │ 60.8 │      │           │   28400   │  3400   │ 206720000 │ 1723330000 │ 3400 │ 206720000 │ 1675767000000 │ '2023-02-07T10:50:00.000Z' │ 100  │  0   │  0  │ Infinity │    0     │ 658.3 │ 1045.8 │  0  │     │ 5.2 │ 3400  │ 206720000  │   -1800   │  -106990000   │
│   17    │ 60.7 │ 60.7 │ 60.7 │ 60.7 │ 1600 │ 97120000  │   30000   │  1600   │ 97120000  │ 1820450000 │      │           │ 1675767300000 │ '2023-02-07T10:55:00.000Z' │  0   │ 100  │  0  │    0     │ Infinity │ 658.3 │ 1045.8 │  0  │ 1.5 │     │ -1600 │ -97120000  │   -3400   │  -204110000   │
│   18    │ 60.6 │ 60.7 │ 60.6 │ 60.7 │ 2100 │ 127280000 │   32100   │  2100   │ 127280000 │ 1947730000 │      │           │ 1675767600000 │ '2023-02-07T11:00:00.000Z' │  0   │ 100  │  0  │    0     │ Infinity │ 658.3 │ 1045.8 │  0  │  2  │     │ -2100 │ -127280000 │   -5500   │  -331390000   │
│   19    │ 60.6 │ 60.6 │ 60.6 │ 60.6 │ 1600 │ 96960000  │   33700   │  1600   │ 96960000  │ 2044690000 │      │           │ 1675767900000 │ '2023-02-07T11:05:00.000Z' │  0   │ 100  │  0  │    0     │ Infinity │ 658.3 │ 1045.8 │  0  │ 1.5 │     │ -1600 │ -96960000  │   -7100   │  -428350000   │
│   20    │ 60.6 │ 60.6 │ 60.6 │ 60.6 │ 200  │ 12120000  │   33900   │   200   │ 12120000  │ 2056810000 │      │           │ 1675768200000 │ '2023-02-07T11:10:00.000Z' │  0   │ 100  │  0  │    0     │ Infinity │ 658.3 │ 1045.8 │  0  │ 0.2 │     │ -200  │ -12120000  │   -7300   │  -440470000   │
├─────────┼──────┼──────┼──────┼──────┼──────┼───────────┼───────────┼─────────┼───────────┼────────────┼──────┼───────────┼───────────────┼────────────────────────────┼──────┼──────┼─────┼──────────┼──────────┼───────┼────────┼─────┼─────┼─────┼───────┼────────────┼───────────┼───────────────┤
│ (index) │  c   │  h   │  l   │  o   │  sd  │  val_sd   │ total_vol │ sum_vol │    val    │  acum_val  │  bu  │  val_bu   │   datetime    │            date            │ pbu  │ psd  │ puk │    bs    │    sb    │  abu  │  asd   │ auk │ rsd │ rbu │ bu-sd │ bu-sd_val  │ acum_busd │ acum_busd_val │
├─────────┼──────┼──────┼──────┼──────┼──────┼───────────┼───────────┼─────────┼───────────┼────────────┼──────┼───────────┼───────────────┼────────────────────────────┼──────┼──────┼─────┼──────────┼──────────┼───────┼────────┼─────┼─────┼─────┼───────┼────────────┼───────────┼───────────────┤
│   21    │ 60.7 │ 60.7 │ 60.6 │ 60.6 │ 1000 │ 60600000  │   37300   │  3400   │ 206280000 │ 2263090000 │ 2400 │ 145680000 │ 1675768500000 │ '2023-02-07T11:15:00.000Z' │ 70.6 │ 29.4 │  0  │   2.4    │   0.4    │ 658.3 │ 1045.8 │  0  │  1  │ 3.6 │ 1400  │  85080000  │   -5900   │  -355390000   │
│   22    │ 60.6 │ 60.7 │ 60.6 │ 60.7 │ 3300 │ 199980000 │   40700   │  3400   │ 206050000 │ 2469140000 │ 100  │  6070000  │ 1675768800000 │ '2023-02-07T11:20:00.000Z' │ 2.9  │ 97.1 │  0  │    0     │    33    │ 658.3 │ 1045.8 │  0  │ 3.2 │ 0.2 │ -3200 │ -193910000 │   -9100   │  -549300000   │
│   23    │ 60.5 │ 60.5 │ 60.5 │ 60.5 │ 200  │ 12100000  │   40900   │   200   │ 12100000  │ 2481240000 │      │           │ 1675769100000 │ '2023-02-07T11:25:00.000Z' │  0   │ 100  │  0  │    0     │ Infinity │ 658.3 │ 1045.8 │  0  │ 0.2 │     │ -200  │ -12100000  │   -9300   │  -561400000   │
└─────────┴──────┴──────┴──────┴──────┴──────┴───────────┴───────────┴─────────┴───────────┴────────────┴──────┴───────────┴───────────────┴────────────────────────────┴──────┴──────┴─────┴──────────┴──────────┴───────┴────────┴─────┴─────┴─────┴───────┴────────────┴───────────┴───────────────┘

