┌─────────┬─────┬─────┬─────┬─────┬───────┬───────────┬───────────┬─────────┬───────────┬───────────┬───────────────┬────────────────────────────┬──────┬──────┬─────┬──────────┬──────────┬──────┬────────┬─────┬──────┬────────┬────────────┬───────────┬───────────────┬───────┬───────────┬─────┐
│ (index) │  c  │  h  │  l  │  o  │  bu   │  val_bu   │ total_vol │ sum_vol │    val    │ acum_val  │   datetime    │            date            │ pbu  │ psd  │ puk │    bs    │    sb    │ abu  │  asd   │ auk │ rbu  │ bu-sd  │ bu-sd_val  │ acum_busd │ acum_busd_val │  sd   │  val_sd   │ rsd │
├─────────┼─────┼─────┼─────┼─────┼───────┼───────────┼───────────┼─────────┼───────────┼───────────┼───────────────┼────────────────────────────┼──────┼──────┼─────┼──────────┼──────────┼──────┼────────┼─────┼──────┼────────┼────────────┼───────────┼───────────────┼───────┼───────────┼─────┤
│    0    │ 3.1 │ 3.1 │ 3.1 │ 3.1 │ 1000  │  3100000  │   1000    │  1000   │  3100000  │  3100000  │ 1675760700000 │ '2023-02-07T09:05:00.000Z' │ 100  │  0   │  0  │ Infinity │    0     │ 2413 │ 7304.3 │  0  │ 0.4  │  1000  │  3100000   │   1000    │    3100000    │       │           │     │
│    1    │ 3.1 │ 3.1 │ 3.1 │ 3.1 │ 6900  │ 21390000  │   7900    │  6900   │ 21390000  │ 24490000  │ 1675761900000 │ '2023-02-07T09:25:00.000Z' │ 100  │  0   │  0  │ Infinity │    0     │ 2413 │ 7304.3 │  0  │ 2.9  │  6900  │  21390000  │   7900    │   24490000    │       │           │     │
│    2    │ 3.1 │ 3.1 │ 3.1 │ 3.1 │ 1000  │  3100000  │   8900    │  1000   │  3100000  │ 27590000  │ 1675762200000 │ '2023-02-07T09:30:00.000Z' │ 100  │  0   │  0  │ Infinity │    0     │ 2413 │ 7304.3 │  0  │ 0.4  │  1000  │  3100000   │   8900    │   27590000    │       │           │     │
│    3    │ 3.1 │ 3.1 │ 3.1 │ 3.1 │ 3500  │ 10850000  │   12400   │  3500   │ 10850000  │ 38440000  │ 1675762800000 │ '2023-02-07T09:40:00.000Z' │ 100  │  0   │  0  │ Infinity │    0     │ 2413 │ 7304.3 │  0  │ 1.5  │  3500  │  10850000  │   12400   │   38440000    │       │           │     │
│    4    │ 3.1 │ 3.1 │ 3.1 │ 3.1 │ 37300 │ 115630000 │   64700   │  52300  │ 162130000 │ 200570000 │ 1675764000000 │ '2023-02-07T10:00:00.000Z' │ 71.3 │ 28.7 │  0  │   2.5    │   0.4    │ 2413 │ 7304.3 │  0  │ 15.5 │ 22300  │  69130000  │   34700   │   107570000   │ 15000 │ 46500000  │ 2.1 │
│    5    │ 3.1 │ 3.1 │ 3.1 │ 3.1 │       │           │   64800   │   100   │  310000   │ 200880000 │ 1675764900000 │ '2023-02-07T10:15:00.000Z' │  0   │ 100  │  0  │    0     │ Infinity │ 2413 │ 7304.3 │  0  │      │  -100  │  -310000   │   34600   │   107260000   │  100  │  310000   │  0  │
│    6    │ 3.1 │ 3.1 │ 3.1 │ 3.1 │       │           │   73500   │  8700   │ 26970000  │ 227850000 │ 1675765500000 │ '2023-02-07T10:25:00.000Z' │  0   │ 100  │  0  │    0     │ Infinity │ 2413 │ 7304.3 │  0  │      │ -8700  │ -26970000  │   25900   │   80290000    │ 8700  │ 26970000  │ 1.2 │
│    7    │ 3.1 │ 3.1 │ 3.1 │ 3.1 │       │           │   76500   │  3000   │  9300000  │ 237150000 │ 1675765800000 │ '2023-02-07T10:30:00.000Z' │  0   │ 100  │  0  │    0     │ Infinity │ 2413 │ 7304.3 │  0  │      │ -3000  │  -9300000  │   22900   │   70990000    │ 3000  │  9300000  │ 0.4 │
│    8    │ 3.2 │ 3.2 │ 3.1 │ 3.1 │  300  │  960000   │   82900   │  6400   │ 19870000  │ 257020000 │ 1675766100000 │ '2023-02-07T10:35:00.000Z' │ 4.7  │ 95.3 │  0  │    0     │   20.3   │ 2413 │ 7304.3 │  0  │ 0.1  │ -5800  │ -17950000  │   17100   │   53040000    │ 6100  │ 18910000  │ 0.8 │
│    9    │ 3.1 │ 3.1 │ 3.1 │ 3.1 │       │           │   84200   │  1300   │  4030000  │ 261050000 │ 1675766700000 │ '2023-02-07T10:45:00.000Z' │  0   │ 100  │  0  │    0     │ Infinity │ 2413 │ 7304.3 │  0  │      │ -1300  │  -4030000  │   15800   │   49010000    │ 1300  │  4030000  │ 0.2 │
│   10    │ 3.1 │ 3.1 │ 3.1 │ 3.1 │       │           │   85900   │  1700   │  5270000  │ 266320000 │ 1675767000000 │ '2023-02-07T10:50:00.000Z' │  0   │ 100  │  0  │    0     │ Infinity │ 2413 │ 7304.3 │  0  │      │ -1700  │  -5270000  │   14100   │   43740000    │ 1700  │  5270000  │ 0.2 │
│   11    │ 3.1 │ 3.1 │ 3.1 │ 3.1 │       │           │   87300   │  1400   │  4340000  │ 270660000 │ 1675767300000 │ '2023-02-07T10:55:00.000Z' │  0   │ 100  │  0  │    0     │ Infinity │ 2413 │ 7304.3 │  0  │      │ -1400  │  -4340000  │   12700   │   39400000    │ 1400  │  4340000  │ 0.2 │
│   12    │ 3.1 │ 3.1 │ 3.1 │ 3.1 │       │           │   94700   │  7400   │ 22940000  │ 293600000 │ 1675767600000 │ '2023-02-07T11:00:00.000Z' │  0   │ 100  │  0  │    0     │ Infinity │ 2413 │ 7304.3 │  0  │      │ -7400  │ -22940000  │   5300    │   16460000    │ 7400  │ 22940000  │  1  │
│   13    │ 3.1 │ 3.1 │ 3.1 │ 3.1 │       │           │   95700   │  1000   │  3100000  │ 296700000 │ 1675768500000 │ '2023-02-07T11:15:00.000Z' │  0   │ 100  │  0  │    0     │ Infinity │ 2413 │ 7304.3 │  0  │      │ -1000  │  -3100000  │   4300    │   13360000    │ 1000  │  3100000  │ 0.1 │
│   14    │ 3.1 │ 3.1 │ 3.1 │ 3.1 │       │           │  107700   │  12000  │ 37200000  │ 333900000 │ 1675768800000 │ '2023-02-07T11:20:00.000Z' │  0   │ 100  │  0  │    0     │ Infinity │ 2413 │ 7304.3 │  0  │      │ -12000 │ -37200000  │   -7700   │   -23840000   │ 12000 │ 37200000  │ 1.6 │
│   15    │ 3.1 │ 3.1 │ 3.1 │ 3.1 │       │           │  110700   │  3000   │  9300000  │ 343200000 │ 1675774800000 │ '2023-02-07T13:00:00.000Z' │  0   │ 100  │  0  │    0     │ Infinity │ 2413 │ 7304.3 │  0  │      │ -3000  │  -9300000  │  -10700   │   -33140000   │ 3000  │  9300000  │ 0.4 │
│   16    │  3  │  3  │  3  │  3  │       │           │  117700   │  7000   │ 21000000  │ 364200000 │ 1675775400000 │ '2023-02-07T13:10:00.000Z' │  0   │ 100  │  0  │    0     │ Infinity │ 2413 │ 7304.3 │  0  │      │ -7000  │ -21000000  │  -17700   │   -54140000   │ 7000  │ 21000000  │  1  │
│   17    │  3  │  3  │  3  │  3  │       │           │  198300   │  80600  │ 241800000 │ 606000000 │ 1675778100000 │ '2023-02-07T13:55:00.000Z' │  0   │ 100  │  0  │    0     │ Infinity │ 2413 │ 7304.3 │  0  │      │ -80600 │ -241800000 │  -98300   │  -295940000   │ 80600 │ 241800000 │ 11  │
│   18    │  3  │  3  │  3  │  3  │  500  │  1500000  │  210300   │  12000  │ 36000000  │ 642000000 │ 1675778400000 │ '2023-02-07T14:00:00.000Z' │ 4.2  │ 95.8 │  0  │    0     │    23    │ 2413 │ 7304.3 │  0  │ 0.2  │ -11000 │ -33000000  │  -109300  │  -328940000   │ 11500 │ 34500000  │ 1.6 │
│   19    │  3  │  3  │  3  │  3  │       │           │  213600   │  3300   │  9900000  │ 651900000 │ 1675779000000 │ '2023-02-07T14:10:00.000Z' │  0   │ 100  │  0  │    0     │ Infinity │ 2413 │ 7304.3 │  0  │      │ -3300  │  -9900000  │  -112600  │  -338840000   │ 3300  │  9900000  │ 0.5 │
│   20    │  3  │  3  │  3  │  3  │       │           │  217500   │  3900   │ 11700000  │ 663600000 │ 1675779300000 │ '2023-02-07T14:15:00.000Z' │  0   │ 100  │  0  │    0     │ Infinity │ 2413 │ 7304.3 │  0  │      │ -3900  │ -11700000  │  -116500  │  -350540000   │ 3900  │ 11700000  │ 0.5 │
├─────────┼─────┼─────┼─────┼─────┼───────┼───────────┼───────────┼─────────┼───────────┼───────────┼───────────────┼────────────────────────────┼──────┼──────┼─────┼──────────┼──────────┼──────┼────────┼─────┼──────┼────────┼────────────┼───────────┼───────────────┼───────┼───────────┼─────┤
│ (index) │  c  │  h  │  l  │  o  │  bu   │  val_bu   │ total_vol │ sum_vol │    val    │ acum_val  │   datetime    │            date            │ pbu  │ psd  │ puk │    bs    │    sb    │ abu  │  asd   │ auk │ rbu  │ bu-sd  │ bu-sd_val  │ acum_busd │ acum_busd_val │  sd   │  val_sd   │ rsd │
├─────────┼─────┼─────┼─────┼─────┼───────┼───────────┼───────────┼─────────┼───────────┼───────────┼───────────────┼────────────────────────────┼──────┼──────┼─────┼──────────┼──────────┼──────┼────────┼─────┼──────┼────────┼────────────┼───────────┼───────────────┼───────┼───────────┼─────┤
│   21    │  3  │  3  │  3  │  3  │       │           │  218500   │  1000   │  3000000  │ 666600000 │ 1675779600000 │ '2023-02-07T14:20:00.000Z' │  0   │ 100  │  0  │    0     │ Infinity │ 2413 │ 7304.3 │  0  │      │ -1000  │  -3000000  │  -117500  │  -353540000   │ 1000  │  3000000  │ 0.1 │
│   22    │ 3.1 │ 3.1 │ 3.1 │ 3.1 │ 5000  │ 15500000  │  223500   │  5000   │ 15500000  │ 682100000 │ 1675781100000 │ '2023-02-07T14:45:00.000Z' │ 100  │  0   │  0  │ Infinity │    0     │ 2413 │ 7304.3 │  0  │ 2.1  │  5000  │  15500000  │  -112500  │  -338040000   │       │           │     │
└─────────┴─────┴─────┴─────┴─────┴───────┴───────────┴───────────┴─────────┴───────────┴───────────┴───────────────┴────────────────────────────┴──────┴──────┴─────┴──────────┴──────────┴──────┴────────┴─────┴──────┴────────┴────────────┴───────────┴───────────────┴───────┴───────────┴─────┘

