┌─────────┬──────┬──────┬──────┬──────┬──────┬──────────┬───────────┬─────────┬──────────┬───────────┬───────────────┬────────────────────────────┬──────┬──────┬─────┬──────────┬──────────┬─────┬──────┬─────┬─────┬────────┬───────────┬───────────┬───────────────┬───────┬──────────┬─────┐
│ (index) │  c   │  h   │  l   │  o   │  bu  │  val_bu  │ total_vol │ sum_vol │   val    │ acum_val  │   datetime    │            date            │ pbu  │ psd  │ puk │    bs    │    sb    │ abu │ asd  │ auk │ rbu │ bu-sd  │ bu-sd_val │ acum_busd │ acum_busd_val │  sd   │  val_sd  │ rsd │
├─────────┼──────┼──────┼──────┼──────┼──────┼──────────┼───────────┼─────────┼──────────┼───────────┼───────────────┼────────────────────────────┼──────┼──────┼─────┼──────────┼──────────┼─────┼──────┼─────┼─────┼────────┼───────────┼───────────┼───────────────┼───────┼──────────┼─────┤
│    0    │ 3.1  │ 3.1  │ 3.1  │ 3.1  │ 1000 │ 3100000  │   1000    │  1000   │ 3100000  │  3100000  │ 1675761300000 │ '2023-02-07T09:15:00.000Z' │ 100  │  0   │  0  │ Infinity │    0     │ 970 │ 2980 │  0  │  1  │  1000  │  3100000  │   1000    │    3100000    │       │          │     │
│    1    │ 3.08 │ 3.1  │ 3.08 │ 3.1  │ 100  │  310000  │   4000    │  3000   │ 9249000  │ 12349000  │ 1675761600000 │ '2023-02-07T09:20:00.000Z' │ 3.3  │ 96.7 │  0  │    0     │    29    │ 970 │ 2980 │  0  │ 0.1 │ -2800  │ -8629000  │   -1800   │   -5529000    │ 2900  │ 8939000  │  1  │
│    2    │ 3.09 │ 3.09 │ 3.09 │ 3.09 │      │          │   7000    │  3000   │ 9270000  │ 21619000  │ 1675761900000 │ '2023-02-07T09:25:00.000Z' │  0   │ 100  │  0  │    0     │ Infinity │ 970 │ 2980 │  0  │     │ -3000  │ -9270000  │   -4800   │   -14799000   │ 3000  │ 9270000  │  1  │
│    3    │ 3.06 │ 3.08 │ 3.06 │ 3.08 │      │          │   14000   │  7000   │ 21507000 │ 43126000  │ 1675762200000 │ '2023-02-07T09:30:00.000Z' │  0   │ 100  │  0  │    0     │ Infinity │ 970 │ 2980 │  0  │     │ -7000  │ -21507000 │  -11800   │   -36306000   │ 7000  │ 21507000 │ 2.3 │
│    4    │ 3.08 │ 3.08 │ 3.06 │ 3.06 │ 5000 │ 15380000 │   24500   │  10500  │ 32227000 │ 75353000  │ 1675762500000 │ '2023-02-07T09:35:00.000Z' │ 47.6 │ 52.4 │  0  │   0.9    │   1.1    │ 970 │ 2980 │  0  │ 5.2 │  -500  │ -1467000  │  -12300   │   -37773000   │ 5500  │ 16847000 │ 1.8 │
│    5    │ 3.1  │ 3.1  │ 3.07 │ 3.08 │ 300  │  930000  │   31400   │  6900   │ 21207000 │ 96560000  │ 1675763100000 │ '2023-02-07T09:45:00.000Z' │ 4.3  │ 95.7 │  0  │    0     │    22    │ 970 │ 2980 │  0  │ 0.3 │ -6300  │ -19347000 │  -18600   │   -57120000   │ 6600  │ 20277000 │ 2.2 │
│    6    │ 3.1  │ 3.1  │ 3.1  │ 3.1  │ 2700 │ 8370000  │   34100   │  2700   │ 8370000  │ 104930000 │ 1675763400000 │ '2023-02-07T09:50:00.000Z' │ 100  │  0   │  0  │ Infinity │    0     │ 970 │ 2980 │  0  │ 2.8 │  2700  │  8370000  │  -15900   │   -48750000   │       │          │     │
│    7    │ 3.1  │ 3.1  │ 3.1  │ 3.1  │ 400  │ 1240000  │   35000   │   900   │ 2790000  │ 107720000 │ 1675763700000 │ '2023-02-07T09:55:00.000Z' │ 44.4 │ 55.6 │  0  │   0.8    │   1.3    │ 970 │ 2980 │  0  │ 0.4 │  -100  │  -310000  │  -16000   │   -49060000   │  500  │ 1550000  │ 0.2 │
│    8    │ 3.1  │ 3.1  │ 3.1  │ 3.1  │ 1400 │ 4340000  │   36400   │  1400   │ 4340000  │ 112060000 │ 1675764300000 │ '2023-02-07T10:05:00.000Z' │ 100  │  0   │  0  │ Infinity │    0     │ 970 │ 2980 │  0  │ 1.4 │  1400  │  4340000  │  -14600   │   -44720000   │       │          │     │
│    9    │ 3.1  │ 3.1  │ 3.1  │ 3.1  │ 4900 │ 15190000 │   41600   │  5200   │ 16120000 │ 128180000 │ 1675764900000 │ '2023-02-07T10:15:00.000Z' │ 94.2 │ 5.8  │  0  │   16.3   │   0.1    │ 970 │ 2980 │  0  │ 5.1 │  4600  │ 14260000  │  -10000   │   -30460000   │  300  │  930000  │ 0.1 │
│   10    │ 3.1  │ 3.1  │ 3.1  │ 3.1  │      │          │   43600   │  2000   │ 6200000  │ 134380000 │ 1675765200000 │ '2023-02-07T10:20:00.000Z' │  0   │ 100  │  0  │    0     │ Infinity │ 970 │ 2980 │  0  │     │ -2000  │ -6200000  │  -12000   │   -36660000   │ 2000  │ 6200000  │ 0.7 │
│   11    │ 3.1  │ 3.1  │ 3.1  │ 3.1  │      │          │   48600   │  5000   │ 15500000 │ 149880000 │ 1675765800000 │ '2023-02-07T10:30:00.000Z' │  0   │ 100  │  0  │    0     │ Infinity │ 970 │ 2980 │  0  │     │ -5000  │ -15500000 │  -17000   │   -52160000   │ 5000  │ 15500000 │ 1.7 │
│   12    │ 3.1  │ 3.1  │ 3.1  │ 3.1  │      │          │   54300   │  5700   │ 17670000 │ 167550000 │ 1675766100000 │ '2023-02-07T10:35:00.000Z' │  0   │ 100  │  0  │    0     │ Infinity │ 970 │ 2980 │  0  │     │ -5700  │ -17670000 │  -22700   │   -69830000   │ 5700  │ 17670000 │ 1.9 │
│   13    │ 3.1  │ 3.1  │ 3.1  │ 3.1  │ 300  │  930000  │   54600   │   300   │  930000  │ 168480000 │ 1675766400000 │ '2023-02-07T10:40:00.000Z' │ 100  │  0   │  0  │ Infinity │    0     │ 970 │ 2980 │  0  │ 0.3 │  300   │  930000   │  -22400   │   -68900000   │       │          │     │
│   14    │ 3.08 │ 3.09 │ 3.08 │ 3.09 │      │          │   66400   │  11800  │ 36345000 │ 204825000 │ 1675767000000 │ '2023-02-07T10:50:00.000Z' │  0   │ 100  │  0  │    0     │ Infinity │ 970 │ 2980 │  0  │     │ -11800 │ -36345000 │  -34200   │  -105245000   │ 11800 │ 36345000 │  4  │
│   15    │ 3.07 │ 3.08 │ 3.07 │ 3.08 │ 2000 │ 6160000  │   73500   │  7100   │ 21820000 │ 226645000 │ 1675767300000 │ '2023-02-07T10:55:00.000Z' │ 28.2 │ 71.8 │  0  │   0.4    │   2.6    │ 970 │ 2980 │  0  │ 2.1 │ -3100  │ -9500000  │  -37300   │  -114745000   │ 5100  │ 15660000 │ 1.7 │
│   16    │ 3.09 │ 3.09 │ 3.09 │ 3.09 │ 100  │  309000  │   73600   │   100   │  309000  │ 226954000 │ 1675767600000 │ '2023-02-07T11:00:00.000Z' │ 100  │  0   │  0  │ Infinity │    0     │ 970 │ 2980 │  0  │ 0.1 │  100   │  309000   │  -37200   │  -114436000   │       │          │     │
│   17    │ 3.09 │ 3.09 │ 3.09 │ 3.09 │ 1000 │ 3090000  │   74600   │  1000   │ 3090000  │ 230044000 │ 1675767900000 │ '2023-02-07T11:05:00.000Z' │ 100  │  0   │  0  │ Infinity │    0     │ 970 │ 2980 │  0  │  1  │  1000  │  3090000  │  -36200   │  -111346000   │       │          │     │
│   18    │ 3.1  │ 3.1  │ 3.1  │ 3.1  │ 200  │  620000  │   74800   │   200   │  620000  │ 230664000 │ 1675768500000 │ '2023-02-07T11:15:00.000Z' │ 100  │  0   │  0  │ Infinity │    0     │ 970 │ 2980 │  0  │ 0.2 │  200   │  620000   │  -36000   │  -110726000   │       │          │     │
│   19    │ 3.09 │ 3.09 │ 3.09 │ 3.09 │      │          │   79000   │  4200   │ 12978000 │ 243642000 │ 1675769100000 │ '2023-02-07T11:25:00.000Z' │  0   │ 100  │  0  │    0     │ Infinity │ 970 │ 2980 │  0  │     │ -4200  │ -12978000 │  -40200   │  -123704000   │ 4200  │ 12978000 │ 1.4 │
└─────────┴──────┴──────┴──────┴──────┴──────┴──────────┴───────────┴─────────┴──────────┴───────────┴───────────────┴────────────────────────────┴──────┴──────┴─────┴──────────┴──────────┴─────┴──────┴─────┴─────┴────────┴───────────┴───────────┴───────────────┴───────┴──────────┴─────┘
├─────────┼──────┼──────┼──────┼──────┼──────┼──────────┼───────────┼─────────┼──────────┼───────────┼───────────────┼────────────────────────────┼──────┼──────┼─────┼──────────┼──────────┼─────┼──────┼─────┼─────┼────────┼───────────┼───────────┼───────────────┼───────┼──────────┼─────┤
│ (index) │  c   │  h   │  l   │  o   │  bu  │  val_bu  │ total_vol │ sum_vol │   val    │ acum_val  │   datetime    │            date            │ pbu  │ psd  │ puk │    bs    │    sb    │ abu │ asd  │ auk │ rbu │ bu-sd  │ bu-sd_val │ acum_busd │ acum_busd_val │  sd   │  val_sd  │ rsd │
├─────────┼──────┼──────┼──────┼──────┼──────┼──────────┼───────────┼─────────┼──────────┼───────────┼───────────────┼────────────────────────────┼──────┼──────┼─────┼──────────┼──────────┼─────┼──────┼─────┼─────┼────────┼───────────┼───────────┼───────────────┼───────┼──────────┼─────┤

