┌─────────┬───────┬───────┬───────┬───────┬──────┬───────────┬───────────┬─────────┬───────────┬───────────┬───────────────┬────────────────────────────┬──────┬──────┬─────┬──────────┬──────────┬───────┬────────┬─────┬─────┬───────┬────────────┬───────────┬───────────────┬──────┬──────────┬─────┐
│ (index) │   c   │   h   │   l   │   o   │  sd  │  val_sd   │ total_vol │ sum_vol │    val    │ acum_val  │   datetime    │            date            │ pbu  │ psd  │ puk │    bs    │    sb    │  abu  │  asd   │ auk │ rsd │ bu-sd │ bu-sd_val  │ acum_busd │ acum_busd_val │  bu  │  val_bu  │ rbu │
├─────────┼───────┼───────┼───────┼───────┼──────┼───────────┼───────────┼─────────┼───────────┼───────────┼───────────────┼────────────────────────────┼──────┼──────┼─────┼──────────┼──────────┼───────┼────────┼─────┼─────┼───────┼────────────┼───────────┼───────────────┼──────┼──────────┼─────┤
│    0    │  14   │ 14.1  │  14   │ 14.1  │ 8500 │ 119330000 │   8500    │  8500   │ 119330000 │ 119330000 │ 1675761300000 │ '2023-02-07T09:15:00.000Z' │  0   │ 100  │  0  │    0     │ Infinity │ 845.8 │ 1891.7 │  0  │ 4.5 │ -8500 │ -119330000 │   -8500   │  -119330000   │      │          │     │
│    1    │  14   │  14   │  14   │  14   │ 500  │  7000000  │   9000    │   500   │  7000000  │ 126330000 │ 1675761900000 │ '2023-02-07T09:25:00.000Z' │  0   │ 100  │  0  │    0     │ Infinity │ 845.8 │ 1891.7 │  0  │ 0.3 │ -500  │  -7000000  │   -9000   │  -126330000   │      │          │     │
│    2    │  14   │  14   │  14   │  14   │ 1500 │ 21000000  │   10600   │  1600   │ 22400000  │ 148730000 │ 1675762200000 │ '2023-02-07T09:30:00.000Z' │ 6.3  │ 93.8 │  0  │   0.1    │    15    │ 845.8 │ 1891.7 │  0  │ 0.8 │ -1400 │ -19600000  │  -10400   │  -145930000   │ 100  │ 1400000  │ 0.1 │
│    3    │ 13.9  │  14   │ 13.9  │ 13.9  │ 1900 │ 26410000  │   12600   │  2000   │ 27810000  │ 176540000 │ 1675762500000 │ '2023-02-07T09:35:00.000Z' │  5   │  95  │  0  │   0.1    │    19    │ 845.8 │ 1891.7 │  0  │  1  │ -1800 │ -25010000  │  -12200   │  -170940000   │ 100  │ 1400000  │ 0.1 │
│    4    │ 13.9  │ 13.9  │ 13.9  │ 13.9  │      │           │   12900   │   300   │  4170000  │ 180710000 │ 1675762800000 │ '2023-02-07T09:40:00.000Z' │ 100  │  0   │  0  │ Infinity │    0     │ 845.8 │ 1891.7 │  0  │     │  300  │  4170000   │  -11900   │  -166770000   │ 300  │ 4170000  │ 0.4 │
│    5    │  14   │  14   │  14   │  14   │ 700  │  9800000  │   16100   │  3200   │ 44800000  │ 225510000 │ 1675763100000 │ '2023-02-07T09:45:00.000Z' │ 78.1 │ 21.9 │  0  │   3.6    │   0.3    │ 845.8 │ 1891.7 │  0  │ 0.4 │ 1800  │  25200000  │  -10100   │  -141570000   │ 2500 │ 35000000 │  3  │
│    6    │ 14.1  │ 14.1  │  14   │  14   │ 2000 │ 28000000  │   24700   │  8600   │ 121060000 │ 346570000 │ 1675763400000 │ '2023-02-07T09:50:00.000Z' │ 76.7 │ 23.3 │  0  │   3.3    │   0.3    │ 845.8 │ 1891.7 │  0  │ 1.1 │ 4600  │  65060000  │   -5500   │   -76510000   │ 6600 │ 93060000 │ 7.8 │
│    7    │ 14.1  │ 14.1  │ 14.1  │ 14.1  │      │           │   26200   │  1500   │ 21150000  │ 367720000 │ 1675763700000 │ '2023-02-07T09:55:00.000Z' │ 100  │  0   │  0  │ Infinity │    0     │ 845.8 │ 1891.7 │  0  │     │ 1500  │  21150000  │   -4000   │   -55360000   │ 1500 │ 21150000 │ 1.8 │
│    8    │ 14.1  │ 14.1  │ 14.1  │ 14.1  │      │           │   26700   │   500   │  7050000  │ 374770000 │ 1675764000000 │ '2023-02-07T10:00:00.000Z' │ 100  │  0   │  0  │ Infinity │    0     │ 845.8 │ 1891.7 │  0  │     │  500  │  7050000   │   -3500   │   -48310000   │ 500  │ 7050000  │ 0.6 │
│    9    │ 14.1  │ 14.1  │ 14.1  │ 14.1  │      │           │   26800   │   100   │  1410000  │ 376180000 │ 1675764300000 │ '2023-02-07T10:05:00.000Z' │ 100  │  0   │  0  │ Infinity │    0     │ 845.8 │ 1891.7 │  0  │     │  100  │  1410000   │   -3400   │   -46900000   │ 100  │ 1410000  │ 0.1 │
│   10    │ 14.05 │ 14.05 │ 14.05 │ 14.05 │      │           │   27300   │   500   │  7025000  │ 383205000 │ 1675764900000 │ '2023-02-07T10:15:00.000Z' │ 100  │  0   │  0  │ Infinity │    0     │ 845.8 │ 1891.7 │  0  │     │  500  │  7025000   │   -2900   │   -39875000   │ 500  │ 7025000  │ 0.6 │
│   11    │ 13.9  │ 14.05 │ 13.9  │ 14.05 │ 2200 │ 30700000  │   29900   │  2600   │ 36315000  │ 419520000 │ 1675765200000 │ '2023-02-07T10:20:00.000Z' │ 15.4 │ 84.6 │  0  │   0.2    │   5.5    │ 845.8 │ 1891.7 │  0  │ 1.2 │ -1800 │ -25085000  │   -4700   │   -64960000   │ 400  │ 5615000  │ 0.5 │
│   12    │ 13.95 │ 13.95 │ 13.9  │ 13.9  │ 500  │  6950000  │   30600   │   700   │  9740000  │ 429260000 │ 1675765500000 │ '2023-02-07T10:25:00.000Z' │ 28.6 │ 71.4 │  0  │   0.4    │   2.5    │ 845.8 │ 1891.7 │  0  │ 0.3 │ -300  │  -4160000  │   -5000   │   -69120000   │ 200  │ 2790000  │ 0.2 │
│   13    │ 13.95 │ 13.95 │ 13.85 │ 13.9  │ 4400 │ 61130000  │   35500   │  4900   │ 68095000  │ 497355000 │ 1675766100000 │ '2023-02-07T10:35:00.000Z' │ 10.2 │ 89.8 │  0  │   0.1    │   8.8    │ 845.8 │ 1891.7 │  0  │ 2.3 │ -3900 │ -54165000  │   -8900   │  -123285000   │ 500  │ 6965000  │ 0.6 │
│   14    │ 13.95 │ 13.95 │ 13.95 │ 13.95 │      │           │   35600   │   100   │  1395000  │ 498750000 │ 1675766400000 │ '2023-02-07T10:40:00.000Z' │ 100  │  0   │  0  │ Infinity │    0     │ 845.8 │ 1891.7 │  0  │     │  100  │  1395000   │   -8800   │  -121890000   │ 100  │ 1395000  │ 0.1 │
│   15    │ 13.9  │ 13.9  │ 13.9  │ 13.9  │      │           │   39600   │  4000   │ 55600000  │ 554350000 │ 1675766700000 │ '2023-02-07T10:45:00.000Z' │ 100  │  0   │  0  │ Infinity │    0     │ 845.8 │ 1891.7 │  0  │     │ 4000  │  55600000  │   -4800   │   -66290000   │ 4000 │ 55600000 │ 4.7 │
│   16    │ 13.85 │ 13.9  │ 13.85 │ 13.9  │ 5000 │ 69250000  │   44800   │  5200   │ 72030000  │ 626380000 │ 1675767000000 │ '2023-02-07T10:50:00.000Z' │ 3.8  │ 96.2 │  0  │    0     │    25    │ 845.8 │ 1891.7 │  0  │ 2.6 │ -4800 │ -66470000  │   -9600   │  -132760000   │ 200  │ 2780000  │ 0.2 │
│   17    │ 13.85 │ 13.9  │ 13.85 │ 13.9  │ 300  │  4155000  │   45200   │   400   │  5545000  │ 631925000 │ 1675767300000 │ '2023-02-07T10:55:00.000Z' │  25  │  75  │  0  │   0.3    │    3     │ 845.8 │ 1891.7 │  0  │ 0.2 │ -200  │  -2765000  │   -9800   │  -135525000   │ 100  │ 1390000  │ 0.1 │
│   18    │ 13.85 │ 13.85 │ 13.85 │ 13.85 │ 100  │  1385000  │   45300   │   100   │  1385000  │ 633310000 │ 1675767600000 │ '2023-02-07T11:00:00.000Z' │  0   │ 100  │  0  │    0     │ Infinity │ 845.8 │ 1891.7 │  0  │ 0.1 │ -100  │  -1385000  │   -9900   │  -136910000   │      │          │     │
│   19    │ 13.9  │ 13.9  │ 13.9  │ 13.9  │      │           │   47400   │  2100   │ 29190000  │ 662500000 │ 1675767900000 │ '2023-02-07T11:05:00.000Z' │ 100  │  0   │  0  │ Infinity │    0     │ 845.8 │ 1891.7 │  0  │     │ 2100  │  29190000  │   -7800   │  -107720000   │ 2100 │ 29190000 │ 2.5 │
│   20    │ 13.85 │ 13.9  │ 13.85 │ 13.9  │ 6000 │ 83100000  │   53800   │  6400   │ 88660000  │ 751160000 │ 1675768200000 │ '2023-02-07T11:10:00.000Z' │ 6.3  │ 93.8 │  0  │   0.1    │    15    │ 845.8 │ 1891.7 │  0  │ 3.2 │ -5600 │ -77540000  │  -13400   │  -185260000   │ 400  │ 5560000  │ 0.5 │
├─────────┼───────┼───────┼───────┼───────┼──────┼───────────┼───────────┼─────────┼───────────┼───────────┼───────────────┼────────────────────────────┼──────┼──────┼─────┼──────────┼──────────┼───────┼────────┼─────┼─────┼───────┼────────────┼───────────┼───────────────┼──────┼──────────┼─────┤
│ (index) │   c   │   h   │   l   │   o   │  sd  │  val_sd   │ total_vol │ sum_vol │    val    │ acum_val  │   datetime    │            date            │ pbu  │ psd  │ puk │    bs    │    sb    │  abu  │  asd   │ auk │ rsd │ bu-sd │ bu-sd_val  │ acum_busd │ acum_busd_val │  bu  │  val_bu  │ rbu │
├─────────┼───────┼───────┼───────┼───────┼──────┼───────────┼───────────┼─────────┼───────────┼───────────┼───────────────┼────────────────────────────┼──────┼──────┼─────┼──────────┼──────────┼───────┼────────┼─────┼─────┼───────┼────────────┼───────────┼───────────────┼──────┼──────────┼─────┤
│   21    │ 13.75 │ 13.85 │ 13.75 │ 13.85 │ 5700 │ 78660000  │   59500   │  5700   │ 78660000  │ 829820000 │ 1675768500000 │ '2023-02-07T11:15:00.000Z' │  0   │ 100  │  0  │    0     │ Infinity │ 845.8 │ 1891.7 │  0  │  3  │ -5700 │ -78660000  │  -19100   │  -263920000   │      │          │     │
│   22    │ 13.75 │ 13.75 │ 13.75 │ 13.75 │ 2800 │ 38500000  │   62400   │  2900   │ 39875000  │ 869695000 │ 1675768800000 │ '2023-02-07T11:20:00.000Z' │ 3.4  │ 96.6 │  0  │    0     │    28    │ 845.8 │ 1891.7 │  0  │ 1.5 │ -2700 │ -37125000  │  -21800   │  -301045000   │ 100  │ 1375000  │ 0.1 │
│   23    │ 13.75 │ 13.75 │ 13.75 │ 13.75 │ 3300 │ 45375000  │   65700   │  3300   │ 45375000  │ 915070000 │ 1675769100000 │ '2023-02-07T11:25:00.000Z' │  0   │ 100  │  0  │    0     │ Infinity │ 845.8 │ 1891.7 │  0  │ 1.7 │ -3300 │ -45375000  │  -25100   │  -346420000   │      │          │     │
└─────────┴───────┴───────┴───────┴───────┴──────┴───────────┴───────────┴─────────┴───────────┴───────────┴───────────────┴────────────────────────────┴──────┴──────┴─────┴──────────┴──────────┴───────┴────────┴─────┴─────┴───────┴────────────┴───────────┴───────────────┴──────┴──────────┴─────┘

