┌─────────┬──────┬──────┬───────┬───────┬──────┬──────────┬───────────┬─────────┬──────────┬───────────┬───────────────┬────────────────────────────┬─────┬─────┬─────┬──────────┬──────────┬───────┬──────┬─────┬─────┬───────┬───────────┬───────────┬───────────────┬─────┬─────────┬──────┐
│ (index) │  c   │  h   │   l   │   o   │  bu  │  val_bu  │ total_vol │ sum_vol │   val    │ acum_val  │   datetime    │            date            │ pbu │ psd │ puk │    bs    │    sb    │  abu  │ asd  │ auk │ rbu │ bu-sd │ bu-sd_val │ acum_busd │ acum_busd_val │ sd  │ val_sd  │ rsd  │
├─────────┼──────┼──────┼───────┼───────┼──────┼──────────┼───────────┼─────────┼──────────┼───────────┼───────────────┼────────────────────────────┼─────┼─────┼─────┼──────────┼──────────┼───────┼──────┼─────┼─────┼───────┼───────────┼───────────┼───────────────┼─────┼─────────┼──────┤
│    0    │ 11.4 │ 11.4 │ 11.4  │ 11.4  │ 2000 │ 22800000 │   2000    │  2000   │ 22800000 │ 22800000  │ 1675761240000 │ '2023-02-07T09:14:00.000Z' │ 100 │  0  │  0  │ Infinity │    0     │ 610.5 │ 26.3 │  0  │ 3.3 │ 2000  │ 22800000  │   2000    │   22800000    │     │         │      │
│    1    │ 11.4 │ 11.4 │ 11.4  │ 11.4  │ 1100 │ 12540000 │   3100    │  1100   │ 12540000 │ 35340000  │ 1675761720000 │ '2023-02-07T09:22:00.000Z' │ 100 │  0  │  0  │ Infinity │    0     │ 610.5 │ 26.3 │  0  │ 1.8 │ 1100  │ 12540000  │   3100    │   35340000    │     │         │      │
│    2    │ 11.5 │ 11.5 │ 11.4  │ 11.4  │ 1500 │ 17130000 │   4600    │  1500   │ 17130000 │ 52470000  │ 1675761840000 │ '2023-02-07T09:24:00.000Z' │ 100 │  0  │  0  │ Infinity │    0     │ 610.5 │ 26.3 │  0  │ 2.5 │ 1500  │ 17130000  │   4600    │   52470000    │     │         │      │
│    3    │ 11.6 │ 11.6 │ 11.6  │ 11.6  │ 500  │ 5800000  │   5100    │   500   │ 5800000  │ 58270000  │ 1675761960000 │ '2023-02-07T09:26:00.000Z' │ 100 │  0  │  0  │ Infinity │    0     │ 610.5 │ 26.3 │  0  │ 0.8 │  500  │  5800000  │   5100    │   58270000    │     │         │      │
│    4    │ 11.6 │ 11.6 │ 11.6  │ 11.6  │ 100  │ 1160000  │   5200    │   100   │ 1160000  │ 59430000  │ 1675762080000 │ '2023-02-07T09:28:00.000Z' │ 100 │  0  │  0  │ Infinity │    0     │ 610.5 │ 26.3 │  0  │ 0.2 │  100  │  1160000  │   5200    │   59430000    │     │         │      │
│    5    │ 11.6 │ 11.6 │ 11.55 │ 11.55 │ 600  │ 6945000  │   5800    │   600   │ 6945000  │ 66375000  │ 1675762200000 │ '2023-02-07T09:30:00.000Z' │ 100 │  0  │  0  │ Infinity │    0     │ 610.5 │ 26.3 │  0  │  1  │  600  │  6945000  │   5800    │   66375000    │     │         │      │
│    6    │ 11.6 │ 11.6 │ 11.4  │ 11.4  │ 300  │ 3480000  │   6200    │   400   │ 4620000  │ 70995000  │ 1675762320000 │ '2023-02-07T09:32:00.000Z' │ 75  │ 25  │  0  │    3     │   0.3    │ 610.5 │ 26.3 │  0  │ 0.5 │  200  │  2340000  │   6000    │   68715000    │ 100 │ 1140000 │ 3.8  │
│    7    │ 11.6 │ 11.6 │ 11.6  │ 11.6  │ 1500 │ 17400000 │   7700    │  1500   │ 17400000 │ 88395000  │ 1675762440000 │ '2023-02-07T09:34:00.000Z' │ 100 │  0  │  0  │ Infinity │    0     │ 610.5 │ 26.3 │  0  │ 2.5 │ 1500  │ 17400000  │   7500    │   86115000    │     │         │      │
│    8    │ 11.6 │ 11.6 │ 11.6  │ 11.6  │ 800  │ 9280000  │   8500    │   800   │ 9280000  │ 97675000  │ 1675762800000 │ '2023-02-07T09:40:00.000Z' │ 100 │  0  │  0  │ Infinity │    0     │ 610.5 │ 26.3 │  0  │ 1.3 │  800  │  9280000  │   8300    │   95395000    │     │         │      │
│    9    │ 11.6 │ 11.6 │ 11.6  │ 11.6  │ 600  │ 6960000  │   9100    │   600   │ 6960000  │ 104635000 │ 1675762920000 │ '2023-02-07T09:42:00.000Z' │ 100 │  0  │  0  │ Infinity │    0     │ 610.5 │ 26.3 │  0  │  1  │  600  │  6960000  │   8900    │   102355000   │     │         │      │
│   10    │ 11.7 │ 11.7 │ 11.6  │ 11.6  │ 500  │ 5810000  │   9600    │   500   │ 5810000  │ 110445000 │ 1675763040000 │ '2023-02-07T09:44:00.000Z' │ 100 │  0  │  0  │ Infinity │    0     │ 610.5 │ 26.3 │  0  │ 0.8 │  500  │  5810000  │   9400    │   108165000   │     │         │      │
│   11    │ 11.7 │ 11.7 │ 11.7  │ 11.7  │ 500  │ 5850000  │   10100   │   500   │ 5850000  │ 116295000 │ 1675763280000 │ '2023-02-07T09:48:00.000Z' │ 100 │  0  │  0  │ Infinity │    0     │ 610.5 │ 26.3 │  0  │ 0.8 │  500  │  5850000  │   9900    │   114015000   │     │         │      │
│   12    │ 11.7 │ 11.7 │ 11.7  │ 11.7  │ 200  │ 2340000  │   10300   │   200   │ 2340000  │ 118635000 │ 1675763880000 │ '2023-02-07T09:58:00.000Z' │ 100 │  0  │  0  │ Infinity │    0     │ 610.5 │ 26.3 │  0  │ 0.3 │  200  │  2340000  │   10100   │   116355000   │     │         │      │
│   13    │ 11.7 │ 11.7 │ 11.7  │ 11.7  │ 100  │ 1170000  │   10400   │   100   │ 1170000  │ 119805000 │ 1675764720000 │ '2023-02-07T10:12:00.000Z' │ 100 │  0  │  0  │ Infinity │    0     │ 610.5 │ 26.3 │  0  │ 0.2 │  100  │  1170000  │   10200   │   117525000   │     │         │      │
│   14    │ 11.7 │ 11.7 │ 11.65 │ 11.65 │ 200  │ 2335000  │   10600   │   200   │ 2335000  │ 122140000 │ 1675765200000 │ '2023-02-07T10:20:00.000Z' │ 100 │  0  │  0  │ Infinity │    0     │ 610.5 │ 26.3 │  0  │ 0.3 │  200  │  2335000  │   10400   │   119860000   │     │         │      │
│   15    │ 11.4 │ 11.4 │ 11.4  │ 11.4  │      │          │   11000   │   400   │ 4560000  │ 126700000 │ 1675777680000 │ '2023-02-07T13:48:00.000Z' │  0  │ 100 │  0  │    0     │ Infinity │ 610.5 │ 26.3 │  0  │     │ -400  │ -4560000  │   10000   │   115300000   │ 400 │ 4560000 │ 15.2 │
│   16    │ 11.5 │ 11.5 │ 11.5  │ 11.5  │ 500  │ 5750000  │   11500   │   500   │ 5750000  │ 132450000 │ 1675779960000 │ '2023-02-07T14:26:00.000Z' │ 100 │  0  │  0  │ Infinity │    0     │ 610.5 │ 26.3 │  0  │ 0.8 │  500  │  5750000  │   10500   │   121050000   │     │         │      │
│   17    │ 11.6 │ 11.6 │ 11.6  │ 11.6  │ 400  │ 4640000  │   11900   │   400   │ 4640000  │ 137090000 │ 1675780080000 │ '2023-02-07T14:28:00.000Z' │ 100 │  0  │  0  │ Infinity │    0     │ 610.5 │ 26.3 │  0  │ 0.7 │  400  │  4640000  │   10900   │   125690000   │     │         │      │
│   18    │ 11.6 │ 11.6 │ 11.6  │ 11.6  │ 200  │ 2320000  │   12100   │   200   │ 2320000  │ 139410000 │ 1675781040000 │ '2023-02-07T14:44:00.000Z' │ 100 │  0  │  0  │ Infinity │    0     │ 610.5 │ 26.3 │  0  │ 0.3 │  200  │  2320000  │   11100   │   128010000   │     │         │      │
└─────────┴──────┴──────┴───────┴───────┴──────┴──────────┴───────────┴─────────┴──────────┴───────────┴───────────────┴────────────────────────────┴─────┴─────┴─────┴──────────┴──────────┴───────┴──────┴─────┴─────┴───────┴───────────┴───────────┴───────────────┴─────┴─────────┴──────┘

├─────────┼──────┼──────┼───────┼───────┼──────┼──────────┼───────────┼─────────┼──────────┼───────────┼───────────────┼────────────────────────────┼─────┼─────┼─────┼──────────┼──────────┼───────┼──────┼─────┼─────┼───────┼───────────┼───────────┼───────────────┼─────┼─────────┼──────┤
│ (index) │  c   │  h   │   l   │   o   │  bu  │  val_bu  │ total_vol │ sum_vol │   val    │ acum_val  │   datetime    │            date            │ pbu │ psd │ puk │    bs    │    sb    │  abu  │ asd  │ auk │ rbu │ bu-sd │ bu-sd_val │ acum_busd │ acum_busd_val │ sd  │ val_sd  │ rsd  │
├─────────┼──────┼──────┼───────┼───────┼──────┼──────────┼───────────┼─────────┼──────────┼───────────┼───────────────┼────────────────────────────┼─────┼─────┼─────┼──────────┼──────────┼───────┼──────┼─────┼─────┼───────┼───────────┼───────────┼───────────────┼─────┼─────────┼──────┤
