┌─────────┬─────┬─────┬─────┬─────┬──────┬─────────┬───────────┬─────────┬──────────┬──────────┬───────────────┬────────────────────────────┬──────┬─────┬─────┬──────────┬──────────┬───────┬───────┬─────┬─────┬────────┬───────────┬───────────┬───────────────┬───────┬──────────┬──────┐
│ (index) │  c  │  h  │  l  │  o  │  bu  │ val_bu  │ total_vol │ sum_vol │   val    │ acum_val │   datetime    │            date            │ pbu  │ psd │ puk │    bs    │    sb    │  abu  │  asd  │ auk │ rbu │ bu-sd  │ bu-sd_val │ acum_busd │ acum_busd_val │  sd   │  val_sd  │ rsd  │
├─────────┼─────┼─────┼─────┼─────┼──────┼─────────┼───────────┼─────────┼──────────┼──────────┼───────────────┼────────────────────────────┼──────┼─────┼─────┼──────────┼──────────┼───────┼───────┼─────┼─────┼────────┼───────────┼───────────┼───────────────┼───────┼──────────┼──────┤
│    0    │ 1.9 │ 1.9 │ 1.9 │ 1.9 │ 100  │ 190000  │    100    │   100   │  190000  │  190000  │ 1675761000000 │ '2023-02-07T09:10:00.000Z' │ 100  │  0  │  0  │ Infinity │    0     │ 528.6 │ 904.8 │  0  │ 0.2 │  100   │  190000   │    100    │    190000     │       │          │      │
│    1    │ 1.9 │ 1.9 │ 1.9 │ 1.9 │ 100  │ 190000  │    200    │   100   │  190000  │  380000  │ 1675761240000 │ '2023-02-07T09:14:00.000Z' │ 100  │  0  │  0  │ Infinity │    0     │ 528.6 │ 904.8 │  0  │ 0.2 │  100   │  190000   │    200    │    380000     │       │          │      │
│    2    │ 1.9 │ 1.9 │ 1.9 │ 1.9 │ 2500 │ 4750000 │   2700    │  2500   │ 4750000  │ 5130000  │ 1675761600000 │ '2023-02-07T09:20:00.000Z' │ 100  │  0  │  0  │ Infinity │    0     │ 528.6 │ 904.8 │  0  │ 4.7 │  2500  │  4750000  │   2700    │    5130000    │       │          │      │
│    3    │ 1.9 │ 1.9 │ 1.9 │ 1.9 │ 1000 │ 1900000 │   3700    │  1000   │ 1900000  │ 7030000  │ 1675761720000 │ '2023-02-07T09:22:00.000Z' │ 100  │  0  │  0  │ Infinity │    0     │ 528.6 │ 904.8 │  0  │ 1.9 │  1000  │  1900000  │   3700    │    7030000    │       │          │      │
│    4    │ 1.9 │ 1.9 │ 1.9 │ 1.9 │ 200  │ 380000  │   3900    │   200   │  380000  │ 7410000  │ 1675761840000 │ '2023-02-07T09:24:00.000Z' │ 100  │  0  │  0  │ Infinity │    0     │ 528.6 │ 904.8 │  0  │ 0.4 │  200   │  380000   │   3900    │    7410000    │       │          │      │
│    5    │ 1.9 │ 1.9 │ 1.9 │ 1.9 │ 700  │ 1330000 │   4600    │   700   │ 1330000  │ 8740000  │ 1675762920000 │ '2023-02-07T09:42:00.000Z' │ 100  │  0  │  0  │ Infinity │    0     │ 528.6 │ 904.8 │  0  │ 1.3 │  700   │  1330000  │   4600    │    8740000    │       │          │      │
│    6    │ 1.9 │ 1.9 │ 1.9 │ 1.9 │ 500  │ 950000  │   5100    │   500   │  950000  │ 9690000  │ 1675763160000 │ '2023-02-07T09:46:00.000Z' │ 100  │  0  │  0  │ Infinity │    0     │ 528.6 │ 904.8 │  0  │ 0.9 │  500   │  950000   │   5100    │    9690000    │       │          │      │
│    7    │ 1.9 │ 1.9 │ 1.9 │ 1.9 │ 100  │ 190000  │   5200    │   100   │  190000  │ 9880000  │ 1675763280000 │ '2023-02-07T09:48:00.000Z' │ 100  │  0  │  0  │ Infinity │    0     │ 528.6 │ 904.8 │  0  │ 0.2 │  100   │  190000   │   5200    │    9880000    │       │          │      │
│    8    │ 1.9 │ 1.9 │ 1.9 │ 1.9 │ 400  │ 760000  │   5600    │   400   │  760000  │ 10640000 │ 1675764480000 │ '2023-02-07T10:08:00.000Z' │ 100  │  0  │  0  │ Infinity │    0     │ 528.6 │ 904.8 │  0  │ 0.8 │  400   │  760000   │   5600    │   10640000    │       │          │      │
│    9    │ 1.8 │ 1.8 │ 1.8 │ 1.8 │      │         │   5700    │   100   │  180000  │ 10820000 │ 1675764600000 │ '2023-02-07T10:10:00.000Z' │  0   │ 100 │  0  │    0     │ Infinity │ 528.6 │ 904.8 │  0  │     │  -100  │  -180000  │   5500    │   10460000    │  100  │  180000  │ 0.1  │
│   10    │ 1.9 │ 1.9 │ 1.9 │ 1.9 │ 100  │ 190000  │   5800    │   100   │  190000  │ 11010000 │ 1675764960000 │ '2023-02-07T10:16:00.000Z' │ 100  │  0  │  0  │ Infinity │    0     │ 528.6 │ 904.8 │  0  │ 0.2 │  100   │  190000   │   5600    │   10650000    │       │          │      │
│   11    │ 1.8 │ 1.8 │ 1.8 │ 1.8 │      │         │   6100    │   300   │  540000  │ 11550000 │ 1675765800000 │ '2023-02-07T10:30:00.000Z' │  0   │ 100 │  0  │    0     │ Infinity │ 528.6 │ 904.8 │  0  │     │  -300  │  -540000  │   5300    │   10110000    │  300  │  540000  │ 0.3  │
│   12    │ 1.8 │ 1.9 │ 1.8 │ 1.9 │ 1000 │ 1900000 │   7200    │  1100   │ 2080000  │ 13630000 │ 1675766040000 │ '2023-02-07T10:34:00.000Z' │ 90.9 │ 9.1 │  0  │    10    │   0.1    │ 528.6 │ 904.8 │  0  │ 1.9 │  900   │  1720000  │   6200    │   11830000    │  100  │  180000  │ 0.1  │
│   13    │ 1.9 │ 1.9 │ 1.9 │ 1.9 │ 600  │ 1140000 │   7800    │   600   │ 1140000  │ 14770000 │ 1675766760000 │ '2023-02-07T10:46:00.000Z' │ 100  │  0  │  0  │ Infinity │    0     │ 528.6 │ 904.8 │  0  │ 1.1 │  600   │  1140000  │   6800    │   12970000    │       │          │      │
│   14    │ 1.8 │ 1.8 │ 1.8 │ 1.8 │      │         │   7900    │   100   │  180000  │ 14950000 │ 1675768080000 │ '2023-02-07T11:08:00.000Z' │  0   │ 100 │  0  │    0     │ Infinity │ 528.6 │ 904.8 │  0  │     │  -100  │  -180000  │   6700    │   12790000    │  100  │  180000  │ 0.1  │
│   15    │ 1.8 │ 1.8 │ 1.8 │ 1.8 │      │         │   26200   │  18300  │ 32940000 │ 47890000 │ 1675768560000 │ '2023-02-07T11:16:00.000Z' │  0   │ 100 │  0  │    0     │ Infinity │ 528.6 │ 904.8 │  0  │     │ -18300 │ -32940000 │  -11600   │   -20150000   │ 18300 │ 32940000 │ 20.2 │
│   16    │ 1.9 │ 1.9 │ 1.9 │ 1.9 │ 600  │ 1140000 │   26800   │   600   │ 1140000  │ 49030000 │ 1675775760000 │ '2023-02-07T13:16:00.000Z' │ 100  │  0  │  0  │ Infinity │    0     │ 528.6 │ 904.8 │  0  │ 1.1 │  600   │  1140000  │  -11000   │   -19010000   │       │          │      │
│   17    │ 1.9 │ 1.9 │ 1.9 │ 1.9 │ 1000 │ 1900000 │   27800   │  1000   │ 1900000  │ 50930000 │ 1675776720000 │ '2023-02-07T13:32:00.000Z' │ 100  │  0  │  0  │ Infinity │    0     │ 528.6 │ 904.8 │  0  │ 1.9 │  1000  │  1900000  │  -10000   │   -17110000   │       │          │      │
│   18    │ 1.8 │ 1.8 │ 1.8 │ 1.8 │      │         │   27900   │   100   │  180000  │ 51110000 │ 1675778280000 │ '2023-02-07T13:58:00.000Z' │  0   │ 100 │  0  │    0     │ Infinity │ 528.6 │ 904.8 │  0  │     │  -100  │  -180000  │  -10100   │   -17290000   │  100  │  180000  │ 0.1  │
│   19    │ 1.9 │ 1.9 │ 1.9 │ 1.9 │ 100  │ 190000  │   28000   │   100   │  190000  │ 51300000 │ 1675778400000 │ '2023-02-07T14:00:00.000Z' │ 100  │  0  │  0  │ Infinity │    0     │ 528.6 │ 904.8 │  0  │ 0.2 │  100   │  190000   │  -10000   │   -17100000   │       │          │      │
│   20    │ 1.8 │ 1.8 │ 1.8 │ 1.8 │ 2100 │ 3780000 │   30100   │  2100   │ 3780000  │ 55080000 │ 1675781040000 │ '2023-02-07T14:44:00.000Z' │ 100  │  0  │  0  │ Infinity │    0     │ 528.6 │ 904.8 │  0  │  4  │  2100  │  3780000  │   -7900   │   -13320000   │       │          │      │
├─────────┼─────┼─────┼─────┼─────┼──────┼─────────┼───────────┼─────────┼──────────┼──────────┼───────────────┼────────────────────────────┼──────┼─────┼─────┼──────────┼──────────┼───────┼───────┼─────┼─────┼────────┼───────────┼───────────┼───────────────┼───────┼──────────┼──────┤
│ (index) │  c  │  h  │  l  │  o  │  bu  │ val_bu  │ total_vol │ sum_vol │   val    │ acum_val │   datetime    │            date            │ pbu  │ psd │ puk │    bs    │    sb    │  abu  │  asd  │ auk │ rbu │ bu-sd  │ bu-sd_val │ acum_busd │ acum_busd_val │  sd   │  val_sd  │ rsd  │
├─────────┼─────┼─────┼─────┼─────┼──────┼─────────┼───────────┼─────────┼──────────┼──────────┼───────────────┼────────────────────────────┼──────┼─────┼─────┼──────────┼──────────┼───────┼───────┼─────┼─────┼────────┼───────────┼───────────┼───────────────┼───────┼──────────┼──────┤
└─────────┴─────┴─────┴─────┴─────┴──────┴─────────┴───────────┴─────────┴──────────┴──────────┴───────────────┴────────────────────────────┴──────┴─────┴─────┴──────────┴──────────┴───────┴───────┴─────┴─────┴────────┴───────────┴───────────┴───────────────┴───────┴──────────┴──────┘

