┌─────────┬─────┬─────┬─────┬─────┬──────┬─────────┬───────────┬─────────┬───────────┬───────────┬───────┬───────────┬───────────────┬────────────────────────────┬─────┬──────┬─────┬──────────┬──────────┬───────┬─────────┬─────┬─────┬─────┬────────┬────────────┬───────────┬───────────────┐
│ (index) │  c  │  h  │  l  │  o  │  bu  │ val_bu  │ total_vol │ sum_vol │    val    │ acum_val  │  sd   │  val_sd   │   datetime    │            date            │ pbu │ psd  │ puk │    bs    │    sb    │  abu  │   asd   │ auk │ rsd │ rbu │ bu-sd  │ bu-sd_val  │ acum_busd │ acum_busd_val │
├─────────┼─────┼─────┼─────┼─────┼──────┼─────────┼───────────┼─────────┼───────────┼───────────┼───────┼───────────┼───────────────┼────────────────────────────┼─────┼──────┼─────┼──────────┼──────────┼───────┼─────────┼─────┼─────┼─────┼────────┼────────────┼───────────┼───────────────┤
│    0    │ 1.8 │ 1.9 │ 1.8 │ 1.9 │ 3000 │ 5700000 │   83100   │  83100  │ 149880000 │ 149880000 │ 80100 │ 144180000 │ 1675760400000 │ '2023-02-07T09:00:00.000Z' │ 3.6 │ 96.4 │  0  │    0     │   26.7   │ 411.8 │ 13282.4 │  0  │  6  │ 7.3 │ -77100 │ -138480000 │  -77100   │  -138480000   │
│    1    │ 1.9 │ 1.9 │ 1.9 │ 1.9 │ 500  │ 950000  │   83600   │   500   │  950000   │ 150830000 │       │           │ 1675760700000 │ '2023-02-07T09:05:00.000Z' │ 100 │  0   │  0  │ Infinity │    0     │ 411.8 │ 13282.4 │  0  │     │ 1.2 │  500   │   950000   │  -76600   │  -137530000   │
│    2    │ 1.8 │ 1.8 │ 1.8 │ 1.8 │      │         │  144100   │  60500  │ 108900000 │ 259730000 │ 60500 │ 108900000 │ 1675761000000 │ '2023-02-07T09:10:00.000Z' │  0  │ 100  │  0  │    0     │ Infinity │ 411.8 │ 13282.4 │  0  │ 4.6 │     │ -60500 │ -108900000 │  -137100  │  -246430000   │
│    3    │ 1.8 │ 1.9 │ 1.8 │ 1.8 │ 100  │ 190000  │  162900   │  18800  │ 33850000  │ 293580000 │ 18700 │ 33660000  │ 1675761300000 │ '2023-02-07T09:15:00.000Z' │ 0.5 │ 99.5 │  0  │    0     │   187    │ 411.8 │ 13282.4 │  0  │ 1.4 │ 0.2 │ -18600 │ -33470000  │  -155700  │  -279900000   │
│    4    │ 1.8 │ 1.8 │ 1.8 │ 1.8 │      │         │  163000   │   100   │  180000   │ 293760000 │  100  │  180000   │ 1675761600000 │ '2023-02-07T09:20:00.000Z' │  0  │ 100  │  0  │    0     │ Infinity │ 411.8 │ 13282.4 │  0  │  0  │     │  -100  │  -180000   │  -155800  │  -280080000   │
│    5    │ 1.8 │ 1.8 │ 1.8 │ 1.8 │      │         │  165500   │  2500   │  4500000  │ 298260000 │ 2500  │  4500000  │ 1675761900000 │ '2023-02-07T09:25:00.000Z' │  0  │ 100  │  0  │    0     │ Infinity │ 411.8 │ 13282.4 │  0  │ 0.2 │     │ -2500  │  -4500000  │  -158300  │  -284580000   │
│    6    │ 1.8 │ 1.8 │ 1.8 │ 1.8 │      │         │  199400   │  33900  │ 61020000  │ 359280000 │ 33900 │ 61020000  │ 1675762200000 │ '2023-02-07T09:30:00.000Z' │  0  │ 100  │  0  │    0     │ Infinity │ 411.8 │ 13282.4 │  0  │ 2.6 │     │ -33900 │ -61020000  │  -192200  │  -345600000   │
│    7    │ 1.9 │ 1.9 │ 1.8 │ 1.8 │ 100  │ 190000  │  227200   │  27800  │ 50050000  │ 409330000 │ 27700 │ 49860000  │ 1675762500000 │ '2023-02-07T09:35:00.000Z' │ 0.4 │ 99.6 │  0  │    0     │   277    │ 411.8 │ 13282.4 │  0  │ 2.1 │ 0.2 │ -27600 │ -49670000  │  -219800  │  -395270000   │
│    8    │ 1.9 │ 1.9 │ 1.8 │ 1.8 │ 600  │ 1140000 │  228000   │   800   │  1500000  │ 410830000 │  200  │  360000   │ 1675763700000 │ '2023-02-07T09:55:00.000Z' │ 75  │  25  │  0  │    3     │   0.3    │ 411.8 │ 13282.4 │  0  │  0  │ 1.5 │  400   │   780000   │  -219400  │  -394490000   │
│    9    │ 1.8 │ 1.8 │ 1.8 │ 1.8 │      │         │  228100   │   100   │  180000   │ 411010000 │  100  │  180000   │ 1675765200000 │ '2023-02-07T10:20:00.000Z' │  0  │ 100  │  0  │    0     │ Infinity │ 411.8 │ 13282.4 │  0  │  0  │     │  -100  │  -180000   │  -219500  │  -394670000   │
│   10    │ 1.8 │ 1.8 │ 1.8 │ 1.8 │      │         │  228600   │   500   │  900000   │ 411910000 │  500  │  900000   │ 1675765500000 │ '2023-02-07T10:25:00.000Z' │  0  │ 100  │  0  │    0     │ Infinity │ 411.8 │ 13282.4 │  0  │  0  │     │  -500  │  -900000   │  -220000  │  -395570000   │
│   11    │ 1.8 │ 1.8 │ 1.8 │ 1.8 │      │         │  229800   │  1200   │  2160000  │ 414070000 │ 1200  │  2160000  │ 1675765800000 │ '2023-02-07T10:30:00.000Z' │  0  │ 100  │  0  │    0     │ Infinity │ 411.8 │ 13282.4 │  0  │ 0.1 │     │ -1200  │  -2160000  │  -221200  │  -397730000   │
│   12    │ 1.8 │ 1.8 │ 1.8 │ 1.8 │      │         │  230100   │   300   │  540000   │ 414610000 │  300  │  540000   │ 1675766700000 │ '2023-02-07T10:45:00.000Z' │  0  │ 100  │  0  │    0     │ Infinity │ 411.8 │ 13282.4 │  0  │  0  │     │  -300  │  -540000   │  -221500  │  -398270000   │
│   13    │ 1.9 │ 1.9 │ 1.9 │ 1.9 │ 200  │ 380000  │  230300   │   200   │  380000   │ 414990000 │       │           │ 1675767300000 │ '2023-02-07T10:55:00.000Z' │ 100 │  0   │  0  │ Infinity │    0     │ 411.8 │ 13282.4 │  0  │     │ 0.5 │  200   │   380000   │  -221300  │  -397890000   │
│   14    │ 1.9 │ 1.9 │ 1.9 │ 1.9 │ 1300 │ 2470000 │  231600   │  1300   │  2470000  │ 417460000 │       │           │ 1675767600000 │ '2023-02-07T11:00:00.000Z' │ 100 │  0   │  0  │ Infinity │    0     │ 411.8 │ 13282.4 │  0  │     │ 3.2 │  1300  │  2470000   │  -220000  │  -395420000   │
│   15    │ 1.9 │ 1.9 │ 1.9 │ 1.9 │ 300  │ 570000  │  231900   │   300   │  570000   │ 418030000 │       │           │ 1675767900000 │ '2023-02-07T11:05:00.000Z' │ 100 │  0   │  0  │ Infinity │    0     │ 411.8 │ 13282.4 │  0  │     │ 0.7 │  300   │   570000   │  -219700  │  -394850000   │
│   16    │ 1.9 │ 1.9 │ 1.9 │ 1.9 │ 900  │ 1710000 │  232800   │   900   │  1710000  │ 419740000 │       │           │ 1675768800000 │ '2023-02-07T11:20:00.000Z' │ 100 │  0   │  0  │ Infinity │    0     │ 411.8 │ 13282.4 │  0  │     │ 2.2 │  900   │  1710000   │  -218800  │  -393140000   │
└─────────┴─────┴─────┴─────┴─────┴──────┴─────────┴───────────┴─────────┴───────────┴───────────┴───────┴───────────┴───────────────┴────────────────────────────┴─────┴──────┴─────┴──────────┴──────────┴───────┴─────────┴─────┴─────┴─────┴────────┴────────────┴───────────┴───────────────┘

