┌─────────┬─────┬─────┬─────┬─────┬───────┬───────────┬───────────┬─────────┬───────────┬───────────┬───────────────┬────────────────────────────┬──────┬──────┬─────┬──────────┬──────────┬───────┬────────┬─────┬──────┬────────┬────────────┬───────────┬───────────────┬──────┬──────────┬──────┐
│ (index) │  c  │  h  │  l  │  o  │  sd   │  val_sd   │ total_vol │ sum_vol │    val    │ acum_val  │   datetime    │            date            │ pbu  │ psd  │ puk │    bs    │    sb    │  abu  │  asd   │ auk │ rsd  │ bu-sd  │ bu-sd_val  │ acum_busd │ acum_busd_val │  bu  │  val_bu  │ rbu  │
├─────────┼─────┼─────┼─────┼─────┼───────┼───────────┼───────────┼─────────┼───────────┼───────────┼───────────────┼────────────────────────────┼──────┼──────┼─────┼──────────┼──────────┼───────┼────────┼─────┼──────┼────────┼────────────┼───────────┼───────────────┼──────┼──────────┼──────┤
│    0    │  7  │  7  │  7  │  7  │  100  │  700000   │    100    │   100   │  700000   │  700000   │ 1675760400000 │ '2023-02-07T09:00:00.000Z' │  0   │ 100  │  0  │    0     │ Infinity │ 146.4 │ 3096.4 │  0  │  0   │  -100  │  -700000   │   -100    │    -700000    │      │          │      │
│    1    │  7  │  7  │  7  │  7  │  100  │  700000   │    200    │   100   │  700000   │  1400000  │ 1675761600000 │ '2023-02-07T09:20:00.000Z' │  0   │ 100  │  0  │    0     │ Infinity │ 146.4 │ 3096.4 │  0  │  0   │  -100  │  -700000   │   -200    │   -1400000    │      │          │      │
│    2    │  7  │ 7.1 │  7  │ 7.1 │  100  │  700000   │    400    │   200   │  1410000  │  2810000  │ 1675763400000 │ '2023-02-07T09:50:00.000Z' │  50  │  50  │  0  │    1     │    1     │ 146.4 │ 3096.4 │  0  │  0   │   0    │   10000    │   -200    │   -1390000    │ 100  │  710000  │ 0.7  │
│    3    │  7  │  7  │  7  │  7  │  400  │  2800000  │    800    │   400   │  2800000  │  5610000  │ 1675763700000 │ '2023-02-07T09:55:00.000Z' │  0   │ 100  │  0  │    0     │ Infinity │ 146.4 │ 3096.4 │  0  │ 0.1  │  -400  │  -2800000  │   -600    │   -4190000    │      │          │      │
│    4    │  7  │  7  │  7  │  7  │  200  │  1400000  │   1000    │   200   │  1400000  │  7010000  │ 1675764000000 │ '2023-02-07T10:00:00.000Z' │  0   │ 100  │  0  │    0     │ Infinity │ 146.4 │ 3096.4 │  0  │ 0.1  │  -200  │  -1400000  │   -800    │   -5590000    │      │          │      │
│    5    │  7  │  7  │  7  │  7  │ 1000  │  7000000  │   2000    │  1000   │  7000000  │ 14010000  │ 1675764300000 │ '2023-02-07T10:05:00.000Z' │  0   │ 100  │  0  │    0     │ Infinity │ 146.4 │ 3096.4 │  0  │ 0.3  │ -1000  │  -7000000  │   -1800   │   -12590000   │      │          │      │
│    6    │  7  │  7  │  7  │  7  │  400  │  2800000  │   2400    │   400   │  2800000  │ 16810000  │ 1675764900000 │ '2023-02-07T10:15:00.000Z' │  0   │ 100  │  0  │    0     │ Infinity │ 146.4 │ 3096.4 │  0  │ 0.1  │  -400  │  -2800000  │   -2200   │   -15390000   │      │          │      │
│    7    │  7  │  7  │  7  │  7  │  100  │  700000   │   2500    │   100   │  700000   │ 17510000  │ 1675765500000 │ '2023-02-07T10:25:00.000Z' │  0   │ 100  │  0  │    0     │ Infinity │ 146.4 │ 3096.4 │  0  │  0   │  -100  │  -700000   │   -2300   │   -16090000   │      │          │      │
│    8    │  7  │  7  │  7  │  7  │ 5800  │ 40600000  │   8300    │  5800   │ 40600000  │ 58110000  │ 1675765800000 │ '2023-02-07T10:30:00.000Z' │  0   │ 100  │  0  │    0     │ Infinity │ 146.4 │ 3096.4 │  0  │ 1.9  │ -5800  │ -40600000  │   -8100   │   -56690000   │      │          │      │
│    9    │  7  │  7  │ 6.9 │ 6.9 │  100  │  690000   │   8500    │   200   │  1390000  │ 59500000  │ 1675766100000 │ '2023-02-07T10:35:00.000Z' │  50  │  50  │  0  │    1     │    1     │ 146.4 │ 3096.4 │  0  │  0   │   0    │   10000    │   -8100   │   -56680000   │ 100  │  700000  │ 0.7  │
│   10    │  7  │  7  │  7  │  7  │ 1000  │  7000000  │   9500    │  1000   │  7000000  │ 66500000  │ 1675767600000 │ '2023-02-07T11:00:00.000Z' │  0   │ 100  │  0  │    0     │ Infinity │ 146.4 │ 3096.4 │  0  │ 0.3  │ -1000  │  -7000000  │   -9100   │   -63680000   │      │          │      │
│   11    │  7  │  7  │  7  │  7  │       │           │   9600    │   100   │  700000   │ 67200000  │ 1675768200000 │ '2023-02-07T11:10:00.000Z' │ 100  │  0   │  0  │ Infinity │    0     │ 146.4 │ 3096.4 │  0  │      │  100   │   700000   │   -9000   │   -62980000   │ 100  │  700000  │ 0.7  │
│   12    │  7  │  7  │  7  │  7  │  900  │  6300000  │   10700   │  1100   │  7700000  │ 74900000  │ 1675768500000 │ '2023-02-07T11:15:00.000Z' │ 18.2 │ 81.8 │  0  │   0.2    │   4.5    │ 146.4 │ 3096.4 │  0  │ 0.3  │  -700  │  -4900000  │   -9700   │   -67880000   │ 200  │ 1400000  │ 1.4  │
│   13    │  7  │  7  │  7  │  7  │ 1100  │  7700000  │   12200   │  1500   │ 10500000  │ 85400000  │ 1675768800000 │ '2023-02-07T11:20:00.000Z' │ 26.7 │ 73.3 │  0  │   0.4    │   2.8    │ 146.4 │ 3096.4 │  0  │ 0.4  │  -700  │  -4900000  │  -10400   │   -72780000   │ 400  │ 2800000  │ 2.7  │
│   14    │  7  │  7  │  7  │  7  │  300  │  2100000  │   14300   │  2100   │ 14700000  │ 100100000 │ 1675769100000 │ '2023-02-07T11:25:00.000Z' │ 85.7 │ 14.3 │  0  │    6     │   0.2    │ 146.4 │ 3096.4 │  0  │ 0.1  │  1500  │  10500000  │   -8900   │   -62280000   │ 1800 │ 12600000 │ 12.3 │
│   15    │ 6.9 │  7  │ 6.9 │  7  │  200  │  1380000  │   14600   │   300   │  2080000  │ 102180000 │ 1675774800000 │ '2023-02-07T13:00:00.000Z' │ 33.3 │ 66.7 │  0  │   0.5    │    2     │ 146.4 │ 3096.4 │  0  │ 0.1  │  -100  │  -680000   │   -9000   │   -62960000   │ 100  │  700000  │ 0.7  │
│   16    │ 6.9 │ 6.9 │ 6.9 │ 6.9 │  300  │  2070000  │   14900   │   300   │  2070000  │ 104250000 │ 1675775100000 │ '2023-02-07T13:05:00.000Z' │  0   │ 100  │  0  │    0     │ Infinity │ 146.4 │ 3096.4 │  0  │ 0.1  │  -300  │  -2070000  │   -9300   │   -65030000   │      │          │      │
│   17    │  7  │  7  │  7  │  7  │ 3300  │ 23100000  │   18200   │  3300   │ 23100000  │ 127350000 │ 1675775700000 │ '2023-02-07T13:15:00.000Z' │  0   │ 100  │  0  │    0     │ Infinity │ 146.4 │ 3096.4 │  0  │ 1.1  │ -3300  │ -23100000  │  -12600   │   -88130000   │      │          │      │
│   18    │  7  │  7  │  7  │  7  │ 2000  │ 14000000  │   20200   │  2000   │ 14000000  │ 141350000 │ 1675776000000 │ '2023-02-07T13:20:00.000Z' │  0   │ 100  │  0  │    0     │ Infinity │ 146.4 │ 3096.4 │  0  │ 0.6  │ -2000  │ -14000000  │  -14600   │  -102130000   │      │          │      │
│   19    │  7  │  7  │  7  │  7  │ 9200  │ 64400000  │   29400   │  9200   │ 64400000  │ 205750000 │ 1675776300000 │ '2023-02-07T13:25:00.000Z' │  0   │ 100  │  0  │    0     │ Infinity │ 146.4 │ 3096.4 │  0  │  3   │ -9200  │ -64400000  │  -23800   │  -166530000   │      │          │      │
│   20    │  7  │  7  │  7  │  7  │ 4500  │ 31500000  │   33900   │  4500   │ 31500000  │ 237250000 │ 1675776600000 │ '2023-02-07T13:30:00.000Z' │  0   │ 100  │  0  │    0     │ Infinity │ 146.4 │ 3096.4 │  0  │ 1.5  │ -4500  │ -31500000  │  -28300   │  -198030000   │      │          │      │
├─────────┼─────┼─────┼─────┼─────┼───────┼───────────┼───────────┼─────────┼───────────┼───────────┼───────────────┼────────────────────────────┼──────┼──────┼─────┼──────────┼──────────┼───────┼────────┼─────┼──────┼────────┼────────────┼───────────┼───────────────┼──────┼──────────┼──────┤
│ (index) │  c  │  h  │  l  │  o  │  sd   │  val_sd   │ total_vol │ sum_vol │    val    │ acum_val  │   datetime    │            date            │ pbu  │ psd  │ puk │    bs    │    sb    │  abu  │  asd   │ auk │ rsd  │ bu-sd  │ bu-sd_val  │ acum_busd │ acum_busd_val │  bu  │  val_bu  │ rbu  │
├─────────┼─────┼─────┼─────┼─────┼───────┼───────────┼───────────┼─────────┼───────────┼───────────┼───────────────┼────────────────────────────┼──────┼──────┼─────┼──────────┼──────────┼───────┼────────┼─────┼──────┼────────┼────────────┼───────────┼───────────────┼──────┼──────────┼──────┤
│   21    │  7  │  7  │  7  │  7  │ 2000  │ 14000000  │   35900   │  2000   │ 14000000  │ 251250000 │ 1675776900000 │ '2023-02-07T13:35:00.000Z' │  0   │ 100  │  0  │    0     │ Infinity │ 146.4 │ 3096.4 │  0  │ 0.6  │ -2000  │ -14000000  │  -30300   │  -212030000   │      │          │      │
│   22    │ 6.9 │ 6.9 │ 6.9 │ 6.9 │  500  │  3450000  │   36400   │   500   │  3450000  │ 254700000 │ 1675777500000 │ '2023-02-07T13:45:00.000Z' │  0   │ 100  │  0  │    0     │ Infinity │ 146.4 │ 3096.4 │  0  │ 0.2  │  -500  │  -3450000  │  -30800   │  -215480000   │      │          │      │
│   23    │ 6.9 │ 6.9 │ 6.9 │ 6.9 │  100  │  690000   │   36500   │   100   │  690000   │ 255390000 │ 1675778100000 │ '2023-02-07T13:55:00.000Z' │  0   │ 100  │  0  │    0     │ Infinity │ 146.4 │ 3096.4 │  0  │  0   │  -100  │  -690000   │  -30900   │  -216170000   │      │          │      │
│   24    │ 6.9 │ 6.9 │ 6.9 │ 6.9 │  700  │  4830000  │   37200   │   700   │  4830000  │ 260220000 │ 1675778700000 │ '2023-02-07T14:05:00.000Z' │  0   │ 100  │  0  │    0     │ Infinity │ 146.4 │ 3096.4 │  0  │ 0.2  │  -700  │  -4830000  │  -31600   │  -221000000   │      │          │      │
│   25    │  7  │  7  │  7  │  7  │       │           │   38000   │   800   │  5600000  │ 265820000 │ 1675779600000 │ '2023-02-07T14:20:00.000Z' │ 100  │  0   │  0  │ Infinity │    0     │ 146.4 │ 3096.4 │  0  │      │  800   │  5600000   │  -30800   │  -215400000   │ 800  │ 5600000  │ 5.5  │
│   26    │ 6.9 │ 6.9 │ 6.9 │ 6.9 │ 52300 │ 360870000 │   90300   │  52300  │ 360870000 │ 626690000 │ 1675779900000 │ '2023-02-07T14:25:00.000Z' │  0   │ 100  │  0  │    0     │ Infinity │ 146.4 │ 3096.4 │  0  │ 16.9 │ -52300 │ -360870000 │  -83100   │  -576270000   │      │          │      │
│   27    │ 6.8 │ 6.8 │ 6.8 │ 6.8 │       │           │   90800   │   500   │  3400000  │ 630090000 │ 1675781100000 │ '2023-02-07T14:45:00.000Z' │ 100  │  0   │  0  │ Infinity │    0     │ 146.4 │ 3096.4 │  0  │      │  500   │  3400000   │  -82600   │  -572870000   │ 500  │ 3400000  │ 3.4  │
└─────────┴─────┴─────┴─────┴─────┴───────┴───────────┴───────────┴─────────┴───────────┴───────────┴───────────────┴────────────────────────────┴──────┴──────┴─────┴──────────┴──────────┴───────┴────────┴─────┴──────┴────────┴────────────┴───────────┴───────────────┴──────┴──────────┴──────┘

