┌─────────┬───────┬───────┬───────┬───────┬──────┬──────────┬───────────┬─────────┬──────────┬───────────┬──────┬──────────┬───────────────┬────────────────────────────┬─────┬──────┬─────┬──────────┬──────────┬─────┬────────┬─────┬─────┬─────┬───────┬───────────┬───────────┬───────────────┐
│ (index) │   c   │   h   │   l   │   o   │  sd  │  val_sd  │ total_vol │ sum_vol │   val    │ acum_val  │  bu  │  val_bu  │   datetime    │            date            │ pbu │ psd  │ puk │    bs    │    sb    │ abu │  asd   │ auk │ rsd │ rbu │ bu-sd │ bu-sd_val │ acum_busd │ acum_busd_val │
├─────────┼───────┼───────┼───────┼───────┼──────┼──────────┼───────────┼─────────┼──────────┼───────────┼──────┼──────────┼───────────────┼────────────────────────────┼─────┼──────┼─────┼──────────┼──────────┼─────┼────────┼─────┼─────┼─────┼───────┼───────────┼───────────┼───────────────┤
│    0    │ 11.9  │  12   │ 11.9  │  12   │ 7200 │ 86230000 │   7700    │  7700   │ 92180000 │ 92180000  │ 500  │ 5950000  │ 1675761300000 │ '2023-02-07T09:15:00.000Z' │ 6.5 │ 93.5 │  0  │   0.1    │   14.4   │ 800 │ 2138.1 │  0  │ 3.4 │ 0.6 │ -6700 │ -80280000 │   -6700   │   -80280000   │
│    1    │  12   │  12   │  12   │  12   │      │          │   9700    │  2000   │ 24000000 │ 116180000 │ 2000 │ 24000000 │ 1675761600000 │ '2023-02-07T09:20:00.000Z' │ 100 │  0   │  0  │ Infinity │    0     │ 800 │ 2138.1 │  0  │     │ 2.5 │ 2000  │ 24000000  │   -4700   │   -56280000   │
│    2    │ 11.95 │ 11.95 │ 11.95 │ 11.95 │ 900  │ 10755000 │   10700   │  1000   │ 11950000 │ 128130000 │ 100  │ 1195000  │ 1675762200000 │ '2023-02-07T09:30:00.000Z' │ 10  │  90  │  0  │   0.1    │    9     │ 800 │ 2138.1 │  0  │ 0.4 │ 0.1 │ -800  │ -9560000  │   -5500   │   -65840000   │
│    3    │ 12.3  │ 12.3  │  12   │  12   │      │          │   16000   │  5300   │ 64580000 │ 192710000 │ 5300 │ 64580000 │ 1675762500000 │ '2023-02-07T09:35:00.000Z' │ 100 │  0   │  0  │ Infinity │    0     │ 800 │ 2138.1 │  0  │     │ 6.6 │ 5300  │ 64580000  │   -200    │   -1260000    │
│    4    │ 12.2  │ 12.2  │ 12.2  │ 12.2  │ 1100 │ 13420000 │   17100   │  1100   │ 13420000 │ 206130000 │      │          │ 1675762800000 │ '2023-02-07T09:40:00.000Z' │  0  │ 100  │  0  │    0     │ Infinity │ 800 │ 2138.1 │  0  │ 0.5 │     │ -1100 │ -13420000 │   -1300   │   -14680000   │
│    5    │ 12.3  │ 12.3  │ 12.3  │ 12.3  │      │          │   20100   │  3000   │ 36900000 │ 243030000 │ 3000 │ 36900000 │ 1675763100000 │ '2023-02-07T09:45:00.000Z' │ 100 │  0   │  0  │ Infinity │    0     │ 800 │ 2138.1 │  0  │     │ 3.8 │ 3000  │ 36900000  │   1700    │   22220000    │
│    6    │ 12.2  │ 12.2  │ 12.1  │ 12.2  │ 7300 │ 88810000 │   27700   │  7600   │ 92470000 │ 335500000 │ 300  │ 3660000  │ 1675763400000 │ '2023-02-07T09:50:00.000Z' │ 3.9 │ 96.1 │  0  │    0     │   24.3   │ 800 │ 2138.1 │  0  │ 3.4 │ 0.4 │ -7000 │ -85150000 │   -5300   │   -62930000   │
│    7    │ 12.2  │ 12.3  │ 12.2  │ 12.2  │ 1800 │ 21960000 │   30700   │  3000   │ 36700000 │ 372200000 │ 1200 │ 14740000 │ 1675763700000 │ '2023-02-07T09:55:00.000Z' │ 40  │  60  │  0  │   0.7    │   1.5    │ 800 │ 2138.1 │  0  │ 0.8 │ 1.5 │ -600  │ -7220000  │   -5900   │   -70150000   │
│    8    │ 12.2  │ 12.2  │ 12.2  │ 12.2  │      │          │   32800   │  2100   │ 25620000 │ 397820000 │ 2100 │ 25620000 │ 1675764000000 │ '2023-02-07T10:00:00.000Z' │ 100 │  0   │  0  │ Infinity │    0     │ 800 │ 2138.1 │  0  │     │ 2.6 │ 2100  │ 25620000  │   -3800   │   -44530000   │
│    9    │ 12.1  │ 12.1  │ 12.1  │ 12.1  │ 1900 │ 22990000 │   34700   │  1900   │ 22990000 │ 420810000 │      │          │ 1675764300000 │ '2023-02-07T10:05:00.000Z' │  0  │ 100  │  0  │    0     │ Infinity │ 800 │ 2138.1 │  0  │ 0.9 │     │ -1900 │ -22990000 │   -5700   │   -67520000   │
│   10    │  12   │ 12.05 │  12   │ 12.05 │ 5000 │ 60080000 │   39700   │  5000   │ 60080000 │ 480890000 │      │          │ 1675764600000 │ '2023-02-07T10:10:00.000Z' │  0  │ 100  │  0  │    0     │ Infinity │ 800 │ 2138.1 │  0  │ 2.3 │     │ -5000 │ -60080000 │  -10700   │  -127600000   │
│   11    │ 12.25 │ 12.25 │  12   │  12   │ 4800 │ 57800000 │   45700   │  6000   │ 72500000 │ 553390000 │ 1200 │ 14700000 │ 1675764900000 │ '2023-02-07T10:15:00.000Z' │ 20  │  80  │  0  │   0.3    │    4     │ 800 │ 2138.1 │  0  │ 2.2 │ 1.5 │ -3600 │ -43100000 │  -14300   │  -170700000   │
│   12    │ 12.05 │ 12.05 │ 12.05 │ 12.05 │ 600  │ 7230000  │   46300   │   600   │ 7230000  │ 560620000 │      │          │ 1675765200000 │ '2023-02-07T10:20:00.000Z' │  0  │ 100  │  0  │    0     │ Infinity │ 800 │ 2138.1 │  0  │ 0.3 │     │ -600  │ -7230000  │  -14900   │  -177930000   │
│   13    │ 12.25 │ 12.25 │ 12.25 │ 12.25 │      │          │   46400   │   100   │ 1225000  │ 561845000 │ 100  │ 1225000  │ 1675765500000 │ '2023-02-07T10:25:00.000Z' │ 100 │  0   │  0  │ Infinity │    0     │ 800 │ 2138.1 │  0  │     │ 0.1 │  100  │  1225000  │  -14800   │  -176705000   │
│   14    │  12   │ 12.05 │  12   │ 12.05 │ 6900 │ 82810000 │   53300   │  6900   │ 82810000 │ 644655000 │      │          │ 1675765800000 │ '2023-02-07T10:30:00.000Z' │  0  │ 100  │  0  │    0     │ Infinity │ 800 │ 2138.1 │  0  │ 3.2 │     │ -6900 │ -82810000 │  -21700   │  -259515000   │
│   15    │  12   │  12   │  12   │  12   │ 500  │ 6000000  │   53800   │   500   │ 6000000  │ 650655000 │      │          │ 1675766100000 │ '2023-02-07T10:35:00.000Z' │  0  │ 100  │  0  │    0     │ Infinity │ 800 │ 2138.1 │  0  │ 0.2 │     │ -500  │ -6000000  │  -22200   │  -265515000   │
│   16    │ 12.2  │ 12.2  │ 12.1  │ 12.1  │      │          │   54800   │  1000   │ 12110000 │ 662765000 │ 1000 │ 12110000 │ 1675766400000 │ '2023-02-07T10:40:00.000Z' │ 100 │  0   │  0  │ Infinity │    0     │ 800 │ 2138.1 │  0  │     │ 1.3 │ 1000  │ 12110000  │  -21200   │  -253405000   │
│   17    │  12   │  12   │  12   │  12   │ 3400 │ 40800000 │   58200   │  3400   │ 40800000 │ 703565000 │      │          │ 1675767300000 │ '2023-02-07T10:55:00.000Z' │  0  │ 100  │  0  │    0     │ Infinity │ 800 │ 2138.1 │  0  │ 1.6 │     │ -3400 │ -40800000 │  -24600   │  -294205000   │
│   18    │  12   │  12   │  12   │  12   │ 1300 │ 15600000 │   59500   │  1300   │ 15600000 │ 719165000 │      │          │ 1675767600000 │ '2023-02-07T11:00:00.000Z' │  0  │ 100  │  0  │    0     │ Infinity │ 800 │ 2138.1 │  0  │ 0.6 │     │ -1300 │ -15600000 │  -25900   │  -309805000   │
│   19    │  12   │  12   │  12   │  12   │ 800  │ 9600000  │   60300   │   800   │ 9600000  │ 728765000 │      │          │ 1675768200000 │ '2023-02-07T11:10:00.000Z' │  0  │ 100  │  0  │    0     │ Infinity │ 800 │ 2138.1 │  0  │ 0.4 │     │ -800  │ -9600000  │  -26700   │  -319405000   │
│   20    │ 11.95 │ 11.95 │ 11.95 │ 11.95 │ 1400 │ 16730000 │   61700   │  1400   │ 16730000 │ 745495000 │      │          │ 1675768800000 │ '2023-02-07T11:20:00.000Z' │  0  │ 100  │  0  │    0     │ Infinity │ 800 │ 2138.1 │  0  │ 0.7 │     │ -1400 │ -16730000 │  -28100   │  -336135000   │
├─────────┼───────┼───────┼───────┼───────┼──────┼──────────┼───────────┼─────────┼──────────┼───────────┼──────┼──────────┼───────────────┼────────────────────────────┼─────┼──────┼─────┼──────────┼──────────┼─────┼────────┼─────┼─────┼─────┼───────┼───────────┼───────────┼───────────────┤
│ (index) │   c   │   h   │   l   │   o   │  sd  │  val_sd  │ total_vol │ sum_vol │   val    │ acum_val  │  bu  │  val_bu  │   datetime    │            date            │ pbu │ psd  │ puk │    bs    │    sb    │ abu │  asd   │ auk │ rsd │ rbu │ bu-sd │ bu-sd_val │ acum_busd │ acum_busd_val │
├─────────┼───────┼───────┼───────┼───────┼──────┼──────────┼───────────┼─────────┼──────────┼───────────┼──────┼──────────┼───────────────┼────────────────────────────┼─────┼──────┼─────┼──────────┼──────────┼─────┼────────┼─────┼─────┼─────┼───────┼───────────┼───────────┼───────────────┤
└─────────┴───────┴───────┴───────┴───────┴──────┴──────────┴───────────┴─────────┴──────────┴───────────┴──────┴──────────┴───────────────┴────────────────────────────┴─────┴──────┴─────┴──────────┴──────────┴─────┴────────┴─────┴─────┴─────┴───────┴───────────┴───────────┴───────────────┘

