┌─────────┬──────┬──────┬──────┬──────┬───────┬────────────┬───────────┬─────────┬────────────┬────────────┬──────┬───────────┬───────────────┬────────────────────────────┬──────┬──────┬─────┬──────────┬──────────┬────────┬──────┬─────┬─────┬─────┬───────┬────────────┬───────────┬───────────────┐
│ (index) │  c   │  h   │  l   │  o   │  bu   │   val_bu   │ total_vol │ sum_vol │    val     │  acum_val  │  sd  │  val_sd   │   datetime    │            date            │ pbu  │ psd  │ puk │    bs    │    sb    │  abu   │ asd  │ auk │ rsd │ rbu │ bu-sd │ bu-sd_val  │ acum_busd │ acum_busd_val │
├─────────┼──────┼──────┼──────┼──────┼───────┼────────────┼───────────┼─────────┼────────────┼────────────┼──────┼───────────┼───────────────┼────────────────────────────┼──────┼──────┼─────┼──────────┼──────────┼────────┼──────┼─────┼─────┼─────┼───────┼────────────┼───────────┼───────────────┤
│    0    │ 84.2 │ 84.7 │ 83.9 │ 84.7 │ 2700  │ 228640000  │   3300    │  3300   │ 279130000  │ 279130000  │ 600  │ 50490000  │ 1675761300000 │ '2023-02-07T09:15:00.000Z' │ 81.8 │ 18.2 │  0  │   4.5    │   0.2    │ 1748.1 │ 1537 │  0  │ 0.4 │ 1.5 │ 2100  │ 178150000  │   2100    │   178150000   │
│    1    │ 84.7 │ 84.7 │ 84.1 │ 84.2 │ 1800  │ 151860000  │   6100    │  2800   │ 235960000  │ 515090000  │ 1000 │ 84100000  │ 1675761600000 │ '2023-02-07T09:20:00.000Z' │ 64.3 │ 35.7 │  0  │   1.8    │   0.6    │ 1748.1 │ 1537 │  0  │ 0.7 │  1  │  800  │  67760000  │   2900    │   245910000   │
│    2    │ 84.5 │ 84.7 │ 84.5 │ 84.6 │  800  │  67700000  │   7900    │  1800   │ 152200000  │ 667290000  │ 1000 │ 84500000  │ 1675761900000 │ '2023-02-07T09:25:00.000Z' │ 44.4 │ 55.6 │  0  │   0.8    │   1.3    │ 1748.1 │ 1537 │  0  │ 0.7 │ 0.5 │ -200  │ -16800000  │   2700    │   229110000   │
│    3    │ 84.7 │ 84.7 │ 84.3 │ 84.5 │ 1400  │ 118270000  │   10300   │  2400   │ 202570000  │ 869860000  │ 1000 │ 84300000  │ 1675762200000 │ '2023-02-07T09:30:00.000Z' │ 58.3 │ 41.7 │  0  │   1.4    │   0.7    │ 1748.1 │ 1537 │  0  │ 0.7 │ 0.8 │  400  │  33970000  │   3100    │   263080000   │
│    4    │ 84.7 │ 84.7 │ 84.6 │ 84.7 │ 5600  │ 474260000  │   15900   │  5600   │ 474260000  │ 1344120000 │      │           │ 1675762500000 │ '2023-02-07T09:35:00.000Z' │ 100  │  0   │  0  │ Infinity │    0     │ 1748.1 │ 1537 │  0  │     │ 3.2 │ 5600  │ 474260000  │   8700    │   737340000   │
│    5    │ 84.5 │ 84.7 │ 84.5 │ 84.7 │  900  │  76210000  │   17400   │  1500   │ 126920000  │ 1471040000 │ 600  │ 50710000  │ 1675762800000 │ '2023-02-07T09:40:00.000Z' │  60  │  40  │  0  │   1.5    │   0.7    │ 1748.1 │ 1537 │  0  │ 0.4 │ 0.5 │  300  │  25500000  │   9000    │   762840000   │
│    6    │ 84.2 │ 84.4 │ 84.2 │ 84.4 │  100  │  8440000   │   20200   │  2800   │ 235840000  │ 1706880000 │ 2700 │ 227400000 │ 1675763100000 │ '2023-02-07T09:45:00.000Z' │ 3.6  │ 96.4 │  0  │    0     │    27    │ 1748.1 │ 1537 │  0  │ 1.8 │ 0.1 │ -2600 │ -218960000 │   6400    │   543880000   │
│    7    │ 84.3 │ 84.4 │ 84.1 │ 84.4 │  900  │  75920000  │   21500   │  1300   │ 109590000  │ 1816470000 │ 400  │ 33670000  │ 1675763400000 │ '2023-02-07T09:50:00.000Z' │ 69.2 │ 30.8 │  0  │   2.3    │   0.4    │ 1748.1 │ 1537 │  0  │ 0.3 │ 0.5 │  500  │  42250000  │   6900    │   586130000   │
│    8    │ 84.3 │ 84.3 │ 84.3 │ 84.3 │  600  │  50580000  │   22100   │   600   │  50580000  │ 1867050000 │      │           │ 1675763700000 │ '2023-02-07T09:55:00.000Z' │ 100  │  0   │  0  │ Infinity │    0     │ 1748.1 │ 1537 │  0  │     │ 0.3 │  600  │  50580000  │   7500    │   636710000   │
│    9    │ 84.1 │ 84.3 │ 84.1 │ 84.3 │ 1800  │ 151580000  │   27600   │  5500   │ 463110000  │ 2330160000 │ 3700 │ 311530000 │ 1675764000000 │ '2023-02-07T10:00:00.000Z' │ 32.7 │ 67.3 │  0  │   0.5    │   2.1    │ 1748.1 │ 1537 │  0  │ 2.4 │  1  │ -1900 │ -159950000 │   5600    │   476760000   │
│   10    │  84  │ 84.1 │  84  │ 84.1 │ 1600  │ 134410000  │   34100   │  6500   │ 546230000  │ 2876390000 │ 4900 │ 411820000 │ 1675764300000 │ '2023-02-07T10:05:00.000Z' │ 24.6 │ 75.4 │  0  │   0.3    │   3.1    │ 1748.1 │ 1537 │  0  │ 3.2 │ 0.9 │ -3300 │ -277410000 │   2300    │   199350000   │
│   11    │  84  │  84  │  84  │  84  │ 1500  │ 126000000  │   36100   │  2000   │ 168000000  │ 3044390000 │ 500  │ 42000000  │ 1675764600000 │ '2023-02-07T10:10:00.000Z' │  75  │  25  │  0  │    3     │   0.3    │ 1748.1 │ 1537 │  0  │ 0.3 │ 0.9 │ 1000  │  84000000  │   3300    │   283350000   │
│   12    │ 83.9 │  84  │ 83.9 │  84  │ 13000 │ 1092000000 │   49400   │  13300  │ 1117170000 │ 4161560000 │ 300  │ 25170000  │ 1675764900000 │ '2023-02-07T10:15:00.000Z' │ 97.7 │ 2.3  │  0  │   43.3   │    0     │ 1748.1 │ 1537 │  0  │ 0.2 │ 7.4 │ 12700 │ 1066830000 │   16000   │  1350180000   │
│   13    │ 83.9 │  84  │ 83.9 │  84  │ 6400  │ 537600000  │   56300   │  6900   │ 579580000  │ 4741140000 │ 500  │ 41980000  │ 1675765200000 │ '2023-02-07T10:20:00.000Z' │ 92.8 │ 7.2  │  0  │   12.8   │   0.1    │ 1748.1 │ 1537 │  0  │ 0.3 │ 3.7 │ 5900  │ 495620000  │   21900   │  1845800000   │
│   14    │ 83.9 │ 83.9 │ 83.9 │ 83.9 │  300  │  25170000  │   62200   │  5900   │ 495010000  │ 5236150000 │ 5600 │ 469840000 │ 1675765500000 │ '2023-02-07T10:25:00.000Z' │ 5.1  │ 94.9 │  0  │   0.1    │   18.7   │ 1748.1 │ 1537 │  0  │ 3.6 │ 0.2 │ -5300 │ -444670000 │   16600   │  1401130000   │
│   15    │ 83.8 │ 83.8 │ 83.8 │ 83.8 │       │            │   65600   │  3400   │ 284920000  │ 5521070000 │ 3400 │ 284920000 │ 1675765800000 │ '2023-02-07T10:30:00.000Z' │  0   │ 100  │  0  │    0     │ Infinity │ 1748.1 │ 1537 │  0  │ 2.2 │     │ -3400 │ -284920000 │   13200   │  1116210000   │
│   16    │ 83.9 │ 83.9 │ 83.8 │ 83.8 │  600  │  50340000  │   66700   │  1100   │  92240000  │ 5613310000 │ 500  │ 41900000  │ 1675766100000 │ '2023-02-07T10:35:00.000Z' │ 54.5 │ 45.5 │  0  │   1.2    │   0.8    │ 1748.1 │ 1537 │  0  │ 0.3 │ 0.3 │  100  │  8440000   │   13300   │  1124650000   │
│   17    │ 83.8 │ 83.9 │ 83.8 │ 83.9 │ 3000  │ 251670000  │   72000   │  5300   │ 444410000  │ 6057720000 │ 2300 │ 192740000 │ 1675766400000 │ '2023-02-07T10:40:00.000Z' │ 56.6 │ 43.4 │  0  │   1.3    │   0.8    │ 1748.1 │ 1537 │  0  │ 1.5 │ 1.7 │  700  │  58930000  │   14000   │  1183580000   │
│   18    │ 83.7 │ 83.8 │ 83.7 │ 83.8 │  100  │  8380000   │   74100   │  2100   │ 175780000  │ 6233500000 │ 2000 │ 167400000 │ 1675766700000 │ '2023-02-07T10:45:00.000Z' │ 4.8  │ 95.2 │  0  │   0.1    │    20    │ 1748.1 │ 1537 │  0  │ 1.3 │ 0.1 │ -1900 │ -159020000 │   12100   │  1024560000   │
│   19    │ 83.8 │ 83.8 │ 83.8 │ 83.8 │ 2000  │ 167600000  │   76200   │  2100   │ 175980000  │ 6409480000 │ 100  │  8380000  │ 1675767000000 │ '2023-02-07T10:50:00.000Z' │ 95.2 │ 4.8  │  0  │    20    │   0.1    │ 1748.1 │ 1537 │  0  │ 0.1 │ 1.1 │ 1900  │ 159220000  │   14000   │  1183780000   │
│   20    │ 83.8 │ 83.8 │ 83.8 │ 83.8 │       │            │   77400   │  1200   │ 100560000  │ 6510040000 │ 1200 │ 100560000 │ 1675767300000 │ '2023-02-07T10:55:00.000Z' │  0   │ 100  │  0  │    0     │ Infinity │ 1748.1 │ 1537 │  0  │ 0.8 │     │ -1200 │ -100560000 │   12800   │  1083220000   │
├─────────┼──────┼──────┼──────┼──────┼───────┼────────────┼───────────┼─────────┼────────────┼────────────┼──────┼───────────┼───────────────┼────────────────────────────┼──────┼──────┼─────┼──────────┼──────────┼────────┼──────┼─────┼─────┼─────┼───────┼────────────┼───────────┼───────────────┤
│ (index) │  c   │  h   │  l   │  o   │  bu   │   val_bu   │ total_vol │ sum_vol │    val     │  acum_val  │  sd  │  val_sd   │   datetime    │            date            │ pbu  │ psd  │ puk │    bs    │    sb    │  abu   │ asd  │ auk │ rsd │ rbu │ bu-sd │ bu-sd_val  │ acum_busd │ acum_busd_val │
├─────────┼──────┼──────┼──────┼──────┼───────┼────────────┼───────────┼─────────┼────────────┼────────────┼──────┼───────────┼───────────────┼────────────────────────────┼──────┼──────┼─────┼──────────┼──────────┼────────┼──────┼─────┼─────┼─────┼───────┼────────────┼───────────┼───────────────┤
│   21    │ 83.7 │ 83.7 │ 83.7 │ 83.7 │       │            │   79700   │  2300   │ 192510000  │ 6702550000 │ 2300 │ 192510000 │ 1675767600000 │ '2023-02-07T11:00:00.000Z' │  0   │ 100  │  0  │    0     │ Infinity │ 1748.1 │ 1537 │  0  │ 1.5 │     │ -2300 │ -192510000 │   10500   │   890710000   │
│   22    │ 83.8 │ 83.8 │ 83.7 │ 83.7 │  200  │  16760000  │   80000   │   300   │  25130000  │ 6727680000 │ 100  │  8370000  │ 1675767900000 │ '2023-02-07T11:05:00.000Z' │ 66.7 │ 33.3 │  0  │    2     │   0.5    │ 1748.1 │ 1537 │  0  │ 0.1 │ 0.1 │  100  │  8390000   │   10600   │   899100000   │
│   23    │ 83.8 │ 83.8 │ 83.8 │ 83.8 │ 1000  │  83800000  │   81000   │  1000   │  83800000  │ 6811480000 │      │           │ 1675768200000 │ '2023-02-07T11:10:00.000Z' │ 100  │  0   │  0  │ Infinity │    0     │ 1748.1 │ 1537 │  0  │     │ 0.6 │ 1000  │  83800000  │   11600   │   982900000   │
│   24    │ 83.7 │ 83.7 │ 83.7 │ 83.7 │       │            │   81300   │   300   │  25110000  │ 6836590000 │ 300  │ 25110000  │ 1675768500000 │ '2023-02-07T11:15:00.000Z' │  0   │ 100  │  0  │    0     │ Infinity │ 1748.1 │ 1537 │  0  │ 0.2 │     │ -300  │ -25110000  │   11300   │   957790000   │
│   25    │ 83.7 │ 83.7 │ 83.7 │ 83.7 │  600  │  50220000  │   84000   │  2700   │ 225990000  │ 7062580000 │ 2100 │ 175770000 │ 1675768800000 │ '2023-02-07T11:20:00.000Z' │ 22.2 │ 77.8 │  0  │   0.3    │   3.5    │ 1748.1 │ 1537 │  0  │ 1.4 │ 0.3 │ -1500 │ -125550000 │   9800    │   832240000   │
│   26    │ 83.5 │ 83.6 │ 83.5 │ 83.6 │  300  │  25050000  │   88700   │  4700   │ 392660000  │ 7455240000 │ 4400 │ 367610000 │ 1675769100000 │ '2023-02-07T11:25:00.000Z' │ 6.4  │ 93.6 │  0  │   0.1    │   14.7   │ 1748.1 │ 1537 │  0  │ 2.9 │ 0.2 │ -4100 │ -342560000 │   5700    │   489680000   │
└─────────┴──────┴──────┴──────┴──────┴───────┴────────────┴───────────┴─────────┴────────────┴────────────┴──────┴───────────┴───────────────┴────────────────────────────┴──────┴──────┴─────┴──────────┴──────────┴────────┴──────┴─────┴─────┴─────┴───────┴────────────┴───────────┴───────────────┘

