┌─────────┬──────┬──────┬──────┬──────┬──────┬──────────┬───────────┬─────────┬──────────┬──────────┬───────────────┬────────────────────────────┬─────┬──────┬─────┬──────────┬──────────┬───────┬───────┬─────┬─────┬───────┬───────────┬───────────┬───────────────┬──────┬──────────┬─────┐
│ (index) │  c   │  h   │  l   │  o   │  bu  │  val_bu  │ total_vol │ sum_vol │   val    │ acum_val │   datetime    │            date            │ pbu │ psd  │ puk │    bs    │    sb    │  abu  │  asd  │ auk │ rbu │ bu-sd │ bu-sd_val │ acum_busd │ acum_busd_val │  sd  │  val_sd  │ rsd │
├─────────┼──────┼──────┼──────┼──────┼──────┼──────────┼───────────┼─────────┼──────────┼──────────┼───────────────┼────────────────────────────┼─────┼──────┼─────┼──────────┼──────────┼───────┼───────┼─────┼─────┼───────┼───────────┼───────────┼───────────────┼──────┼──────────┼─────┤
│    0    │ 5.55 │ 5.55 │ 5.55 │ 5.55 │ 100  │  555000  │    100    │   100   │  555000  │  555000  │ 1675761600000 │ '2023-02-07T09:20:00.000Z' │ 100 │  0   │  0  │ Infinity │    0     │ 358.8 │ 705.9 │  0  │ 0.3 │  100  │  555000   │    100    │    555000     │      │          │     │
│    1    │ 5.55 │ 5.55 │ 5.54 │ 5.54 │ 2300 │ 12763000 │   2400    │  2300   │ 12763000 │ 13318000 │ 1675761900000 │ '2023-02-07T09:25:00.000Z' │ 100 │  0   │  0  │ Infinity │    0     │ 358.8 │ 705.9 │  0  │ 6.4 │ 2300  │ 12763000  │   2400    │   13318000    │      │          │     │
│    2    │ 5.55 │ 5.55 │ 5.55 │ 5.55 │      │          │   2800    │   400   │ 2220000  │ 15538000 │ 1675762200000 │ '2023-02-07T09:30:00.000Z' │  0  │ 100  │  0  │    0     │ Infinity │ 358.8 │ 705.9 │  0  │     │ -400  │ -2220000  │   2000    │   11098000    │ 400  │ 2220000  │ 0.6 │
│    3    │ 5.54 │ 5.54 │ 5.54 │ 5.54 │      │          │   2900    │   100   │  554000  │ 16092000 │ 1675762500000 │ '2023-02-07T09:35:00.000Z' │  0  │ 100  │  0  │    0     │ Infinity │ 358.8 │ 705.9 │  0  │     │ -100  │  -554000  │   1900    │   10544000    │ 100  │  554000  │ 0.1 │
│    4    │ 5.55 │ 5.55 │ 5.55 │ 5.55 │      │          │   3000    │   100   │  555000  │ 16647000 │ 1675762800000 │ '2023-02-07T09:40:00.000Z' │  0  │ 100  │  0  │    0     │ Infinity │ 358.8 │ 705.9 │  0  │     │ -100  │  -555000  │   1800    │    9989000    │ 100  │  555000  │ 0.1 │
│    5    │ 5.52 │ 5.52 │ 5.52 │ 5.52 │      │          │   3200    │   200   │ 1104000  │ 17751000 │ 1675763100000 │ '2023-02-07T09:45:00.000Z' │  0  │ 100  │  0  │    0     │ Infinity │ 358.8 │ 705.9 │  0  │     │ -200  │ -1104000  │   1600    │    8885000    │ 200  │ 1104000  │ 0.3 │
│    6    │ 5.52 │ 5.52 │ 5.52 │ 5.52 │ 1000 │ 5520000  │   4200    │  1000   │ 5520000  │ 23271000 │ 1675763400000 │ '2023-02-07T09:50:00.000Z' │ 100 │  0   │  0  │ Infinity │    0     │ 358.8 │ 705.9 │  0  │ 2.8 │ 1000  │  5520000  │   2600    │   14405000    │      │          │     │
│    7    │ 5.53 │ 5.53 │ 5.41 │ 5.43 │ 100  │  553000  │   5300    │  1100   │ 5965000  │ 29236000 │ 1675763700000 │ '2023-02-07T09:55:00.000Z' │ 9.1 │ 90.9 │  0  │   0.1    │    10    │ 358.8 │ 705.9 │  0  │ 0.3 │ -900  │ -4859000  │   1700    │    9546000    │ 1000 │ 5412000  │ 1.4 │
│    8    │ 5.52 │ 5.52 │ 5.52 │ 5.52 │ 500  │ 2760000  │   5800    │   500   │ 2760000  │ 31996000 │ 1675764300000 │ '2023-02-07T10:05:00.000Z' │ 100 │  0   │  0  │ Infinity │    0     │ 358.8 │ 705.9 │  0  │ 1.4 │  500  │  2760000  │   2200    │   12306000    │      │          │     │
│    9    │ 5.52 │ 5.52 │ 5.52 │ 5.52 │      │          │   6800    │  1000   │ 5520000  │ 37516000 │ 1675764600000 │ '2023-02-07T10:10:00.000Z' │  0  │ 100  │  0  │    0     │ Infinity │ 358.8 │ 705.9 │  0  │     │ -1000 │ -5520000  │   1200    │    6786000    │ 1000 │ 5520000  │ 1.4 │
│   10    │ 5.51 │ 5.51 │ 5.51 │ 5.51 │      │          │   8800    │  2000   │ 11020000 │ 48536000 │ 1675764900000 │ '2023-02-07T10:15:00.000Z' │  0  │ 100  │  0  │    0     │ Infinity │ 358.8 │ 705.9 │  0  │     │ -2000 │ -11020000 │   -800    │   -4234000    │ 2000 │ 11020000 │ 2.8 │
│   11    │ 5.5  │ 5.5  │ 5.5  │ 5.5  │      │          │   8900    │   100   │  550000  │ 49086000 │ 1675765200000 │ '2023-02-07T10:20:00.000Z' │  0  │ 100  │  0  │    0     │ Infinity │ 358.8 │ 705.9 │  0  │     │ -100  │  -550000  │   -900    │   -4784000    │ 100  │  550000  │ 0.1 │
│   12    │ 5.5  │ 5.5  │ 5.5  │ 5.5  │      │          │   9100    │   200   │ 1100000  │ 50186000 │ 1675765500000 │ '2023-02-07T10:25:00.000Z' │  0  │ 100  │  0  │    0     │ Infinity │ 358.8 │ 705.9 │  0  │     │ -200  │ -1100000  │   -1100   │   -5884000    │ 200  │ 1100000  │ 0.3 │
│   13    │ 5.5  │ 5.5  │ 5.5  │ 5.5  │ 200  │ 1100000  │   16000   │  6900   │ 37950000 │ 88136000 │ 1675766100000 │ '2023-02-07T10:35:00.000Z' │ 2.9 │ 97.1 │  0  │    0     │   33.5   │ 358.8 │ 705.9 │  0  │ 0.6 │ -6500 │ -35750000 │   -7600   │   -41634000   │ 6700 │ 36850000 │ 9.5 │
│   14    │ 5.48 │ 5.48 │ 5.48 │ 5.48 │      │          │   16200   │   200   │ 1096000  │ 89232000 │ 1675766400000 │ '2023-02-07T10:40:00.000Z' │  0  │ 100  │  0  │    0     │ Infinity │ 358.8 │ 705.9 │  0  │     │ -200  │ -1096000  │   -7800   │   -42730000   │ 200  │ 1096000  │ 0.3 │
│   15    │ 5.45 │ 5.46 │ 5.45 │ 5.46 │ 1400 │ 7631000  │   17600   │  1400   │ 7631000  │ 96863000 │ 1675767600000 │ '2023-02-07T11:00:00.000Z' │ 100 │  0   │  0  │ Infinity │    0     │ 358.8 │ 705.9 │  0  │ 3.9 │ 1400  │  7631000  │   -6400   │   -35099000   │      │          │     │
│   16    │ 5.44 │ 5.44 │ 5.44 │ 5.44 │ 500  │ 2720000  │   18100   │   500   │ 2720000  │ 99583000 │ 1675768200000 │ '2023-02-07T11:10:00.000Z' │ 100 │  0   │  0  │ Infinity │    0     │ 358.8 │ 705.9 │  0  │ 1.4 │  500  │  2720000  │   -5900   │   -32379000   │      │          │     │
└─────────┴──────┴──────┴──────┴──────┴──────┴──────────┴───────────┴─────────┴──────────┴──────────┴───────────────┴────────────────────────────┴─────┴──────┴─────┴──────────┴──────────┴───────┴───────┴─────┴─────┴───────┴───────────┴───────────┴───────────────┴──────┴──────────┴─────┘

