┌─────────┬─────┬─────┬─────┬─────┬──────┬──────────┬───────────┬─────────┬──────────┬───────────┬───────────────┬────────────────────────────┬─────┬──────┬─────┬──────────┬──────────┬───────┬────────┬─────┬─────┬───────┬───────────┬───────────┬───────────────┬──────┬──────────┬─────┐
│ (index) │  c  │  h  │  l  │  o  │  bu  │  val_bu  │ total_vol │ sum_vol │   val    │ acum_val  │   datetime    │            date            │ pbu │ psd  │ puk │    bs    │    sb    │  abu  │  asd   │ auk │ rbu │ bu-sd │ bu-sd_val │ acum_busd │ acum_busd_val │  sd  │  val_sd  │ rsd │
├─────────┼─────┼─────┼─────┼─────┼──────┼──────────┼───────────┼─────────┼──────────┼───────────┼───────────────┼────────────────────────────┼─────┼──────┼─────┼──────────┼──────────┼───────┼────────┼─────┼─────┼───────┼───────────┼───────────┼───────────────┼──────┼──────────┼─────┤
│    0    │  8  │  8  │  8  │  8  │ 100  │  800000  │    100    │   100   │  800000  │  800000   │ 1675760400000 │ '2023-02-07T09:00:00.000Z' │ 100 │  0   │  0  │ Infinity │    0     │ 894.1 │ 1258.8 │  0  │ 0.1 │  100  │  800000   │    100    │    800000     │      │          │     │
│    1    │ 7.7 │ 7.7 │ 7.7 │ 7.7 │      │          │    400    │   300   │ 2310000  │  3110000  │ 1675761000000 │ '2023-02-07T09:10:00.000Z' │  0  │ 100  │  0  │    0     │ Infinity │ 894.1 │ 1258.8 │  0  │     │ -300  │ -2310000  │   -200    │   -1510000    │ 300  │ 2310000  │ 0.2 │
│    2    │ 7.9 │ 7.9 │ 7.9 │ 7.9 │ 100  │  790000  │    500    │   100   │  790000  │  3900000  │ 1675761900000 │ '2023-02-07T09:25:00.000Z' │ 100 │  0   │  0  │ Infinity │    0     │ 894.1 │ 1258.8 │  0  │ 0.1 │  100  │  790000   │   -100    │    -720000    │      │          │     │
│    3    │ 7.9 │ 7.9 │ 7.9 │ 7.9 │ 500  │ 3950000  │   1000    │   500   │ 3950000  │  7850000  │ 1675762800000 │ '2023-02-07T09:40:00.000Z' │ 100 │  0   │  0  │ Infinity │    0     │ 894.1 │ 1258.8 │  0  │ 0.6 │  500  │  3950000  │    400    │    3230000    │      │          │     │
│    4    │ 7.8 │ 7.8 │ 7.8 │ 7.8 │      │          │   1100    │   100   │  780000  │  8630000  │ 1675763400000 │ '2023-02-07T09:50:00.000Z' │  0  │ 100  │  0  │    0     │ Infinity │ 894.1 │ 1258.8 │  0  │     │ -100  │  -780000  │    300    │    2450000    │ 100  │  780000  │ 0.1 │
│    5    │ 7.8 │ 7.8 │ 7.8 │ 7.8 │      │          │   1200    │   100   │  780000  │  9410000  │ 1675763700000 │ '2023-02-07T09:55:00.000Z' │  0  │ 100  │  0  │    0     │ Infinity │ 894.1 │ 1258.8 │  0  │     │ -100  │  -780000  │    200    │    1670000    │ 100  │  780000  │ 0.1 │
│    6    │ 7.8 │ 7.8 │ 7.8 │ 7.8 │      │          │   1700    │   500   │ 3900000  │ 13310000  │ 1675764000000 │ '2023-02-07T10:00:00.000Z' │  0  │ 100  │  0  │    0     │ Infinity │ 894.1 │ 1258.8 │  0  │     │ -500  │ -3900000  │   -300    │   -2230000    │ 500  │ 3900000  │ 0.4 │
│    7    │ 7.9 │ 7.9 │ 7.9 │ 7.9 │ 3200 │ 25280000 │   4900    │  3200   │ 25280000 │ 38590000  │ 1675764900000 │ '2023-02-07T10:15:00.000Z' │ 100 │  0   │  0  │ Infinity │    0     │ 894.1 │ 1258.8 │  0  │ 3.6 │ 3200  │ 25280000  │   2900    │   23050000    │      │          │     │
│    8    │ 7.9 │ 7.9 │ 7.9 │ 7.9 │ 3200 │ 25280000 │   8100    │  3200   │ 25280000 │ 63870000  │ 1675765200000 │ '2023-02-07T10:20:00.000Z' │ 100 │  0   │  0  │ Infinity │    0     │ 894.1 │ 1258.8 │  0  │ 3.6 │ 3200  │ 25280000  │   6100    │   48330000    │      │          │     │
│    9    │ 7.7 │ 7.7 │ 7.7 │ 7.7 │      │          │   13100   │  5000   │ 38500000 │ 102370000 │ 1675765800000 │ '2023-02-07T10:30:00.000Z' │  0  │ 100  │  0  │    0     │ Infinity │ 894.1 │ 1258.8 │  0  │     │ -5000 │ -38500000 │   1100    │    9830000    │ 5000 │ 38500000 │  4  │
│   10    │ 7.8 │ 7.8 │ 7.8 │ 7.8 │      │          │   13200   │   100   │  780000  │ 103150000 │ 1675766400000 │ '2023-02-07T10:40:00.000Z' │  0  │ 100  │  0  │    0     │ Infinity │ 894.1 │ 1258.8 │  0  │     │ -100  │  -780000  │   1000    │    9050000    │ 100  │  780000  │ 0.1 │
│   11    │ 7.8 │ 7.8 │ 7.8 │ 7.8 │      │          │   14700   │  1500   │ 11700000 │ 114850000 │ 1675766700000 │ '2023-02-07T10:45:00.000Z' │  0  │ 100  │  0  │    0     │ Infinity │ 894.1 │ 1258.8 │  0  │     │ -1500 │ -11700000 │   -500    │   -2650000    │ 1500 │ 11700000 │ 1.2 │
│   12    │ 7.8 │ 7.8 │ 7.8 │ 7.8 │ 100  │  780000  │   20600   │  5900   │ 46020000 │ 160870000 │ 1675767600000 │ '2023-02-07T11:00:00.000Z' │ 1.7 │ 98.3 │  0  │    0     │    58    │ 894.1 │ 1258.8 │  0  │ 0.1 │ -5700 │ -44460000 │   -6200   │   -47110000   │ 5800 │ 45240000 │ 4.6 │
│   13    │ 7.8 │ 7.8 │ 7.8 │ 7.8 │      │          │   23800   │  3200   │ 24960000 │ 185830000 │ 1675767900000 │ '2023-02-07T11:05:00.000Z' │  0  │ 100  │  0  │    0     │ Infinity │ 894.1 │ 1258.8 │  0  │     │ -3200 │ -24960000 │   -9400   │   -72070000   │ 3200 │ 24960000 │ 2.5 │
│   14    │ 7.8 │ 7.8 │ 7.8 │ 7.8 │ 8000 │ 62400000 │   31800   │  8000   │ 62400000 │ 248230000 │ 1675768200000 │ '2023-02-07T11:10:00.000Z' │ 100 │  0   │  0  │ Infinity │    0     │ 894.1 │ 1258.8 │  0  │ 8.9 │ 8000  │ 62400000  │   -1400   │   -9670000    │      │          │     │
│   15    │ 7.8 │ 7.8 │ 7.8 │ 7.8 │      │          │   33600   │  1800   │ 14040000 │ 262270000 │ 1675768800000 │ '2023-02-07T11:20:00.000Z' │  0  │ 100  │  0  │    0     │ Infinity │ 894.1 │ 1258.8 │  0  │     │ -1800 │ -14040000 │   -3200   │   -23710000   │ 1800 │ 14040000 │ 1.4 │
│   16    │ 7.8 │ 7.8 │ 7.8 │ 7.8 │      │          │   36600   │  3000   │ 23400000 │ 285670000 │ 1675769100000 │ '2023-02-07T11:25:00.000Z' │  0  │ 100  │  0  │    0     │ Infinity │ 894.1 │ 1258.8 │  0  │     │ -3000 │ -23400000 │   -6200   │   -47110000   │ 3000 │ 23400000 │ 2.4 │
└─────────┴─────┴─────┴─────┴─────┴──────┴──────────┴───────────┴─────────┴──────────┴───────────┴───────────────┴────────────────────────────┴─────┴──────┴─────┴──────────┴──────────┴───────┴────────┴─────┴─────┴───────┴───────────┴───────────┴───────────────┴──────┴──────────┴─────┘

