┌─────────┬─────┬─────┬─────┬─────┬───────┬──────────┬───────────┬─────────┬───────────┬───────────┬───────────────┬────────────────────────────┬──────┬──────┬─────┬──────────┬──────────┬──────┬────────┬─────┬─────┬────────┬───────────┬───────────┬───────────────┬───────┬──────────┬─────┐
│ (index) │  c  │  h  │  l  │  o  │  sd   │  val_sd  │ total_vol │ sum_vol │    val    │ acum_val  │   datetime    │            date            │ pbu  │ psd  │ puk │    bs    │    sb    │ abu  │  asd   │ auk │ rsd │ bu-sd  │ bu-sd_val │ acum_busd │ acum_busd_val │  bu   │  val_bu  │ rbu │
├─────────┼─────┼─────┼─────┼─────┼───────┼──────────┼───────────┼─────────┼───────────┼───────────┼───────────────┼────────────────────────────┼──────┼──────┼─────┼──────────┼──────────┼──────┼────────┼─────┼─────┼────────┼───────────┼───────────┼───────────────┼───────┼──────────┼─────┤
│    0    │ 5.3 │ 5.3 │ 5.3 │ 5.3 │ 3600  │ 19080000 │   3600    │  3600   │ 19080000  │ 19080000  │ 1675761300000 │ '2023-02-07T09:15:00.000Z' │  0   │ 100  │  0  │    0     │ Infinity │ 2725 │ 2137.5 │  0  │ 1.7 │ -3600  │ -19080000 │   -3600   │   -19080000   │       │          │     │
│    1    │ 5.3 │ 5.3 │ 5.3 │ 5.3 │ 1700  │ 9010000  │   5300    │  1700   │  9010000  │ 28090000  │ 1675761600000 │ '2023-02-07T09:20:00.000Z' │  0   │ 100  │  0  │    0     │ Infinity │ 2725 │ 2137.5 │  0  │ 0.8 │ -1700  │ -9010000  │   -5300   │   -28090000   │       │          │     │
│    2    │ 5.4 │ 5.4 │ 5.3 │ 5.3 │ 2500  │ 13250000 │   9800    │  4500   │ 24050000  │ 52140000  │ 1675761900000 │ '2023-02-07T09:25:00.000Z' │ 44.4 │ 55.6 │  0  │   0.8    │   1.3    │ 2725 │ 2137.5 │  0  │ 1.2 │  -500  │ -2450000  │   -5800   │   -30540000   │ 2000  │ 10800000 │ 0.7 │
│    3    │ 5.4 │ 5.4 │ 5.4 │ 5.4 │       │          │   14800   │  5000   │ 27000000  │ 79140000  │ 1675762200000 │ '2023-02-07T09:30:00.000Z' │ 100  │  0   │  0  │ Infinity │    0     │ 2725 │ 2137.5 │  0  │     │  5000  │ 27000000  │   -800    │   -3540000    │ 5000  │ 27000000 │ 1.8 │
│    4    │ 5.3 │ 5.3 │ 5.3 │ 5.3 │ 12100 │ 64130000 │   45400   │  30600  │ 162180000 │ 241320000 │ 1675762500000 │ '2023-02-07T09:35:00.000Z' │ 60.5 │ 39.5 │  0  │   1.5    │   0.7    │ 2725 │ 2137.5 │  0  │ 5.7 │  6400  │ 33920000  │   5600    │   30380000    │ 18500 │ 98050000 │ 6.8 │
│    5    │ 5.4 │ 5.4 │ 5.4 │ 5.4 │       │          │   45900   │   500   │  2700000  │ 244020000 │ 1675762800000 │ '2023-02-07T09:40:00.000Z' │ 100  │  0   │  0  │ Infinity │    0     │ 2725 │ 2137.5 │  0  │     │  500   │  2700000  │   6100    │   33080000    │  500  │ 2700000  │ 0.2 │
│    6    │ 5.4 │ 5.4 │ 5.4 │ 5.4 │       │          │   46000   │   100   │  540000   │ 244560000 │ 1675763100000 │ '2023-02-07T09:45:00.000Z' │ 100  │  0   │  0  │ Infinity │    0     │ 2725 │ 2137.5 │  0  │     │  100   │  540000   │   6200    │   33620000    │  100  │  540000  │  0  │
│    7    │ 5.3 │ 5.3 │ 5.3 │ 5.3 │ 1000  │ 5300000  │   47000   │  1000   │  5300000  │ 249860000 │ 1675763700000 │ '2023-02-07T09:55:00.000Z' │  0   │ 100  │  0  │    0     │ Infinity │ 2725 │ 2137.5 │  0  │ 0.5 │ -1000  │ -5300000  │   5200    │   28320000    │       │          │     │
│    8    │ 5.4 │ 5.4 │ 5.4 │ 5.4 │       │          │   48000   │  1000   │  5400000  │ 255260000 │ 1675764000000 │ '2023-02-07T10:00:00.000Z' │ 100  │  0   │  0  │ Infinity │    0     │ 2725 │ 2137.5 │  0  │     │  1000  │  5400000  │   6200    │   33720000    │ 1000  │ 5400000  │ 0.4 │
│    9    │ 5.3 │ 5.4 │ 5.3 │ 5.4 │ 11400 │ 60420000 │   59800   │  11800  │ 62580000  │ 317840000 │ 1675765200000 │ '2023-02-07T10:20:00.000Z' │ 3.4  │ 96.6 │  0  │    0     │   28.5   │ 2725 │ 2137.5 │  0  │ 5.3 │ -11000 │ -58260000 │   -4800   │   -24540000   │  400  │ 2160000  │ 0.1 │
│   10    │ 5.3 │ 5.3 │ 5.3 │ 5.3 │ 1100  │ 5830000  │   60900   │  1100   │  5830000  │ 323670000 │ 1675765500000 │ '2023-02-07T10:25:00.000Z' │  0   │ 100  │  0  │    0     │ Infinity │ 2725 │ 2137.5 │  0  │ 0.5 │ -1100  │ -5830000  │   -5900   │   -30370000   │       │          │     │
│   11    │ 5.4 │ 5.4 │ 5.3 │ 5.3 │  300  │ 1590000  │   68700   │  7800   │ 42090000  │ 365760000 │ 1675766100000 │ '2023-02-07T10:35:00.000Z' │ 96.2 │ 3.8  │  0  │    25    │    0     │ 2725 │ 2137.5 │  0  │ 0.1 │  7200  │ 38910000  │   1300    │    8540000    │ 7500  │ 40500000 │ 2.8 │
│   12    │ 5.4 │ 5.4 │ 5.4 │ 5.4 │       │          │   77200   │  8500   │ 45900000  │ 411660000 │ 1675766400000 │ '2023-02-07T10:40:00.000Z' │ 100  │  0   │  0  │ Infinity │    0     │ 2725 │ 2137.5 │  0  │     │  8500  │ 45900000  │   9800    │   54440000    │ 8500  │ 45900000 │ 3.1 │
│   13    │ 5.4 │ 5.4 │ 5.4 │ 5.4 │       │          │   77300   │   100   │  540000   │ 412200000 │ 1675766700000 │ '2023-02-07T10:45:00.000Z' │ 100  │  0   │  0  │ Infinity │    0     │ 2725 │ 2137.5 │  0  │     │  100   │  540000   │   9900    │   54980000    │  100  │  540000  │  0  │
│   14    │ 5.3 │ 5.3 │ 5.3 │ 5.3 │  400  │ 2120000  │   77700   │   400   │  2120000  │ 414320000 │ 1675767600000 │ '2023-02-07T11:00:00.000Z' │  0   │ 100  │  0  │    0     │ Infinity │ 2725 │ 2137.5 │  0  │ 0.2 │  -400  │ -2120000  │   9500    │   52860000    │       │          │     │
│   15    │ 5.3 │ 5.3 │ 5.3 │ 5.3 │  100  │  530000  │   77800   │   100   │  530000   │ 414850000 │ 1675767900000 │ '2023-02-07T11:05:00.000Z' │  0   │ 100  │  0  │    0     │ Infinity │ 2725 │ 2137.5 │  0  │  0  │  -100  │  -530000  │   9400    │   52330000    │       │          │     │
└─────────┴─────┴─────┴─────┴─────┴───────┴──────────┴───────────┴─────────┴───────────┴───────────┴───────────────┴────────────────────────────┴──────┴──────┴─────┴──────────┴──────────┴──────┴────────┴─────┴─────┴────────┴───────────┴───────────┴───────────────┴───────┴──────────┴─────┘

