┌─────────┬──────┬──────┬──────┬──────┬───────┬───────────┬───────────┬─────────┬───────────┬───────────┬───────┬──────────┬───────────────┬────────────────────────────┬──────┬──────┬─────┬──────────┬──────────┬────────┬────────┬─────┬─────┬──────┬────────┬────────────┬───────────┬───────────────┐
│ (index) │  c   │  h   │  l   │  o   │  sd   │  val_sd   │ total_vol │ sum_vol │    val    │ acum_val  │  bu   │  val_bu  │   datetime    │            date            │ pbu  │ psd  │ puk │    bs    │    sb    │  abu   │  asd   │ auk │ rsd │ rbu  │ bu-sd  │ bu-sd_val  │ acum_busd │ acum_busd_val │
├─────────┼──────┼──────┼──────┼──────┼───────┼───────────┼───────────┼─────────┼───────────┼───────────┼───────┼──────────┼───────────────┼────────────────────────────┼──────┼──────┼─────┼──────────┼──────────┼────────┼────────┼─────┼─────┼──────┼────────┼────────────┼───────────┼───────────────┤
│    0    │ 3.53 │ 3.53 │ 3.43 │ 3.43 │ 1000  │  3430000  │   1100    │  1100   │  3783000  │  3783000  │  100  │  353000  │ 1675761300000 │ '2023-02-07T09:15:00.000Z' │ 9.1  │ 90.9 │  0  │   0.1    │    10    │ 1761.5 │ 5102.6 │  0  │ 0.2 │ 0.1  │  -900  │  -3077000  │   -900    │   -3077000    │
│    1    │ 3.5  │ 3.5  │ 3.49 │ 3.49 │       │           │   2600    │  1500   │  5236000  │  9019000  │ 1500  │ 5236000  │ 1675761600000 │ '2023-02-07T09:20:00.000Z' │ 100  │  0   │  0  │ Infinity │    0     │ 1761.5 │ 5102.6 │  0  │     │ 0.9  │  1500  │  5236000   │    600    │    2159000    │
│    2    │ 3.45 │ 3.45 │ 3.45 │ 3.45 │ 1000  │  3450000  │   3600    │  1000   │  3450000  │ 12469000  │       │          │ 1675761900000 │ '2023-02-07T09:25:00.000Z' │  0   │ 100  │  0  │    0     │ Infinity │ 1761.5 │ 5102.6 │  0  │ 0.2 │      │ -1000  │  -3450000  │   -400    │   -1291000    │
│    3    │ 3.49 │ 3.49 │ 3.49 │ 3.49 │       │           │   3700    │   100   │  349000   │ 12818000  │  100  │  349000  │ 1675762200000 │ '2023-02-07T09:30:00.000Z' │ 100  │  0   │  0  │ Infinity │    0     │ 1761.5 │ 5102.6 │  0  │     │ 0.1  │  100   │   349000   │   -300    │    -942000    │
│    4    │ 3.46 │ 3.46 │ 3.45 │ 3.45 │       │           │   4100    │   400   │  1382000  │ 14200000  │  400  │ 1382000  │ 1675762500000 │ '2023-02-07T09:35:00.000Z' │ 100  │  0   │  0  │ Infinity │    0     │ 1761.5 │ 5102.6 │  0  │     │ 0.2  │  400   │  1382000   │    100    │    440000     │
│    5    │ 3.45 │ 3.46 │ 3.45 │ 3.46 │ 3500  │ 12075000  │   8700    │  4600   │ 15873000  │ 30073000  │ 1100  │ 3798000  │ 1675762800000 │ '2023-02-07T09:40:00.000Z' │ 23.9 │ 76.1 │  0  │   0.3    │   3.2    │ 1761.5 │ 5102.6 │  0  │ 0.7 │ 0.6  │ -2400  │  -8277000  │   -2300   │   -7837000    │
│    6    │ 3.48 │ 3.48 │ 3.45 │ 3.45 │ 1600  │  5520000  │   13000   │  4300   │ 14840000  │ 44913000  │ 2700  │ 9320000  │ 1675763100000 │ '2023-02-07T09:45:00.000Z' │ 62.8 │ 37.2 │  0  │   1.7    │   0.6    │ 1761.5 │ 5102.6 │  0  │ 0.3 │ 1.5  │  1100  │  3800000   │   -1200   │   -4037000    │
│    7    │ 3.49 │ 3.5  │ 3.48 │ 3.48 │       │           │   15800   │  2800   │  9769000  │ 54682000  │ 2800  │ 9769000  │ 1675763400000 │ '2023-02-07T09:50:00.000Z' │ 100  │  0   │  0  │ Infinity │    0     │ 1761.5 │ 5102.6 │  0  │     │ 1.6  │  2800  │  9769000   │   1600    │    5732000    │
│    8    │ 3.46 │ 3.46 │ 3.46 │ 3.46 │ 1500  │  5190000  │   17300   │  1500   │  5190000  │ 59872000  │       │          │ 1675764000000 │ '2023-02-07T10:00:00.000Z' │  0   │ 100  │  0  │    0     │ Infinity │ 1761.5 │ 5102.6 │  0  │ 0.3 │      │ -1500  │  -5190000  │    100    │    542000     │
│    9    │ 3.46 │ 3.46 │ 3.46 │ 3.46 │ 8600  │ 29756000  │   25900   │  8600   │ 29756000  │ 89628000  │       │          │ 1675764300000 │ '2023-02-07T10:05:00.000Z' │  0   │ 100  │  0  │    0     │ Infinity │ 1761.5 │ 5102.6 │  0  │ 1.7 │      │ -8600  │ -29756000  │   -8500   │   -29214000   │
│   10    │ 3.48 │ 3.48 │ 3.48 │ 3.48 │       │           │   27100   │  1200   │  4176000  │ 93804000  │ 1200  │ 4176000  │ 1675764900000 │ '2023-02-07T10:15:00.000Z' │ 100  │  0   │  0  │ Infinity │    0     │ 1761.5 │ 5102.6 │  0  │     │ 0.7  │  1200  │  4176000   │   -7300   │   -25038000   │
│   11    │ 3.45 │ 3.47 │ 3.45 │ 3.47 │ 20000 │ 69074000  │   47100   │  20000  │ 69074000  │ 162878000 │       │          │ 1675765200000 │ '2023-02-07T10:20:00.000Z' │  0   │ 100  │  0  │    0     │ Infinity │ 1761.5 │ 5102.6 │  0  │ 3.9 │      │ -20000 │ -69074000  │  -27300   │   -94112000   │
│   12    │ 3.45 │ 3.45 │ 3.45 │ 3.45 │ 33400 │ 115230000 │   80500   │  33400  │ 115230000 │ 278108000 │       │          │ 1675765800000 │ '2023-02-07T10:30:00.000Z' │  0   │ 100  │  0  │    0     │ Infinity │ 1761.5 │ 5102.6 │  0  │ 6.5 │      │ -33400 │ -115230000 │  -60700   │  -209342000   │
│   13    │ 3.44 │ 3.45 │ 3.44 │ 3.45 │ 13000 │ 44828000  │   93700   │  13200  │ 45518000  │ 323626000 │  200  │  690000  │ 1675766100000 │ '2023-02-07T10:35:00.000Z' │ 1.5  │ 98.5 │  0  │    0     │    65    │ 1761.5 │ 5102.6 │  0  │ 2.5 │ 0.1  │ -12800 │ -44138000  │  -73500   │  -253480000   │
│   14    │ 3.44 │ 3.44 │ 3.44 │ 3.44 │  100  │  344000   │   93800   │   100   │  344000   │ 323970000 │       │          │ 1675766700000 │ '2023-02-07T10:45:00.000Z' │  0   │ 100  │  0  │    0     │ Infinity │ 1761.5 │ 5102.6 │  0  │  0  │      │  -100  │  -344000   │  -73600   │  -253824000   │
│   15    │ 3.43 │ 3.44 │ 3.43 │ 3.44 │  500  │  1719000  │   94300   │   500   │  1719000  │ 325689000 │       │          │ 1675767600000 │ '2023-02-07T11:00:00.000Z' │  0   │ 100  │  0  │    0     │ Infinity │ 1761.5 │ 5102.6 │  0  │ 0.1 │      │  -500  │  -1719000  │  -74100   │  -255543000   │
│   16    │ 3.44 │ 3.44 │ 3.44 │ 3.44 │  300  │  1032000  │   94600   │   300   │  1032000  │ 326721000 │       │          │ 1675768200000 │ '2023-02-07T11:10:00.000Z' │  0   │ 100  │  0  │    0     │ Infinity │ 1761.5 │ 5102.6 │  0  │ 0.1 │      │  -300  │  -1032000  │  -74400   │  -256575000   │
│   17    │ 3.44 │ 3.44 │ 3.44 │ 3.44 │ 2400  │  8256000  │   97000   │  2400   │  8256000  │ 334977000 │       │          │ 1675768500000 │ '2023-02-07T11:15:00.000Z' │  0   │ 100  │  0  │    0     │ Infinity │ 1761.5 │ 5102.6 │  0  │ 0.5 │      │ -2400  │  -8256000  │  -76800   │  -264831000   │
│   18    │ 3.43 │ 3.43 │ 3.4  │ 3.43 │ 16800 │ 57316000  │  117100   │  20100  │ 68539000  │ 403516000 │ 3300  │ 11223000 │ 1675768800000 │ '2023-02-07T11:20:00.000Z' │ 16.4 │ 83.6 │  0  │   0.2    │   5.1    │ 1761.5 │ 5102.6 │  0  │ 3.3 │ 1.9  │ -13500 │ -46093000  │  -90300   │  -310924000   │
│   19    │ 3.44 │ 3.44 │ 3.43 │ 3.43 │  200  │  686000   │  118000   │   900   │  3094000  │ 406610000 │  700  │ 2408000  │ 1675769100000 │ '2023-02-07T11:25:00.000Z' │ 77.8 │ 22.2 │  0  │   3.5    │   0.3    │ 1761.5 │ 5102.6 │  0  │  0  │ 0.4  │  500   │  1722000   │  -89800   │  -309202000   │
│   20    │ 3.43 │ 3.44 │ 3.43 │ 3.44 │  600  │  2058000  │  120300   │  2300   │  7906000  │ 414516000 │ 1700  │ 5848000  │ 1675774800000 │ '2023-02-07T13:00:00.000Z' │ 73.9 │ 26.1 │  0  │   2.8    │   0.4    │ 1761.5 │ 5102.6 │  0  │ 0.1 │  1   │  1100  │  3790000   │  -88700   │  -305412000   │
├─────────┼──────┼──────┼──────┼──────┼───────┼───────────┼───────────┼─────────┼───────────┼───────────┼───────┼──────────┼───────────────┼────────────────────────────┼──────┼──────┼─────┼──────────┼──────────┼────────┼────────┼─────┼─────┼──────┼────────┼────────────┼───────────┼───────────────┤
│ (index) │  c   │  h   │  l   │  o   │  sd   │  val_sd   │ total_vol │ sum_vol │    val    │ acum_val  │  bu   │  val_bu  │   datetime    │            date            │ pbu  │ psd  │ puk │    bs    │    sb    │  abu   │  asd   │ auk │ rsd │ rbu  │ bu-sd  │ bu-sd_val  │ acum_busd │ acum_busd_val │
├─────────┼──────┼──────┼──────┼──────┼───────┼───────────┼───────────┼─────────┼───────────┼───────────┼───────┼──────────┼───────────────┼────────────────────────────┼──────┼──────┼─────┼──────────┼──────────┼────────┼────────┼─────┼─────┼──────┼────────┼────────────┼───────────┼───────────────┤
│   21    │ 3.43 │ 3.43 │ 3.43 │ 3.43 │  100  │  343000   │  120400   │   100   │  343000   │ 414859000 │       │          │ 1675775100000 │ '2023-02-07T13:05:00.000Z' │  0   │ 100  │  0  │    0     │ Infinity │ 1761.5 │ 5102.6 │  0  │  0  │      │  -100  │  -343000   │  -88800   │  -305755000   │
│   22    │ 3.4  │ 3.43 │ 3.39 │ 3.43 │ 15100 │ 51509000  │  136300   │  15900  │ 54229000  │ 469088000 │  800  │ 2720000  │ 1675775400000 │ '2023-02-07T13:10:00.000Z' │  5   │  95  │  0  │   0.1    │   18.9   │ 1761.5 │ 5102.6 │  0  │  3  │ 0.5  │ -14300 │ -48789000  │  -103100  │  -354544000   │
│   23    │ 3.39 │ 3.44 │ 3.39 │ 3.44 │ 3300  │ 11216000  │  139900   │  3600   │ 12248000  │ 481336000 │  300  │ 1032000  │ 1675775700000 │ '2023-02-07T13:15:00.000Z' │ 8.3  │ 91.7 │  0  │   0.1    │    11    │ 1761.5 │ 5102.6 │  0  │ 0.6 │ 0.2  │ -3000  │ -10184000  │  -106100  │  -364728000   │
│   24    │ 3.4  │ 3.4  │ 3.4  │ 3.4  │       │           │  144900   │  5000   │ 17000000  │ 498336000 │ 5000  │ 17000000 │ 1675776000000 │ '2023-02-07T13:20:00.000Z' │ 100  │  0   │  0  │ Infinity │    0     │ 1761.5 │ 5102.6 │  0  │     │ 2.8  │  5000  │  17000000  │  -101100  │  -347728000   │
│   25    │ 3.44 │ 3.44 │ 3.4  │ 3.4  │       │           │  172400   │  27500  │ 93516000  │ 591852000 │ 27500 │ 93516000 │ 1675776300000 │ '2023-02-07T13:25:00.000Z' │ 100  │  0   │  0  │ Infinity │    0     │ 1761.5 │ 5102.6 │  0  │     │ 15.6 │ 27500  │  93516000  │  -73600   │  -254212000   │
│   26    │ 3.4  │ 3.44 │ 3.4  │ 3.44 │ 31400 │ 106760000 │  203900   │  31500  │ 107104000 │ 698956000 │  100  │  344000  │ 1675776600000 │ '2023-02-07T13:30:00.000Z' │ 0.3  │ 99.7 │  0  │    0     │   314    │ 1761.5 │ 5102.6 │  0  │ 6.2 │ 0.1  │ -31300 │ -106416000 │  -104900  │  -360628000   │
│   27    │ 3.39 │ 3.43 │ 3.39 │ 3.43 │ 8600  │ 29154000  │  214200   │  10300  │ 34921000  │ 733877000 │ 1700  │ 5767000  │ 1675776900000 │ '2023-02-07T13:35:00.000Z' │ 16.5 │ 83.5 │  0  │   0.2    │   5.1    │ 1761.5 │ 5102.6 │  0  │ 1.7 │  1   │ -6900  │ -23387000  │  -111800  │  -384015000   │
│   28    │ 3.35 │ 3.39 │ 3.35 │ 3.39 │ 9900  │ 33346000  │  224100   │  9900   │ 33346000  │ 767223000 │       │          │ 1675777200000 │ '2023-02-07T13:40:00.000Z' │  0   │ 100  │  0  │    0     │ Infinity │ 1761.5 │ 5102.6 │  0  │ 1.9 │      │ -9900  │ -33346000  │  -121700  │  -417361000   │
│   29    │ 3.4  │ 3.4  │ 3.38 │ 3.38 │       │           │  235400   │  11300  │ 38396000  │ 805619000 │ 11300 │ 38396000 │ 1675777500000 │ '2023-02-07T13:45:00.000Z' │ 100  │  0   │  0  │ Infinity │    0     │ 1761.5 │ 5102.6 │  0  │     │ 6.4  │ 11300  │  38396000  │  -110400  │  -378965000   │
│   30    │ 3.42 │ 3.42 │ 3.39 │ 3.39 │ 2600  │  8823000  │  241700   │  6300   │ 21405000  │ 827024000 │ 3700  │ 12582000 │ 1675777800000 │ '2023-02-07T13:50:00.000Z' │ 58.7 │ 41.3 │  0  │   1.4    │   0.7    │ 1761.5 │ 5102.6 │  0  │ 0.5 │ 2.1  │  1100  │  3759000   │  -109300  │  -375206000   │
│   31    │ 3.42 │ 3.42 │ 3.42 │ 3.42 │  700  │  2394000  │  242400   │   700   │  2394000  │ 829418000 │       │          │ 1675778100000 │ '2023-02-07T13:55:00.000Z' │  0   │ 100  │  0  │    0     │ Infinity │ 1761.5 │ 5102.6 │  0  │ 0.1 │      │  -700  │  -2394000  │  -110000  │  -377600000   │
│   32    │ 3.42 │ 3.42 │ 3.39 │ 3.39 │  500  │  1695000  │  243000   │   600   │  2037000  │ 831455000 │  100  │  342000  │ 1675778400000 │ '2023-02-07T14:00:00.000Z' │ 16.7 │ 83.3 │  0  │   0.2    │    5     │ 1761.5 │ 5102.6 │  0  │ 0.1 │ 0.1  │  -400  │  -1353000  │  -110400  │  -378953000   │
│   33    │ 3.42 │ 3.42 │ 3.42 │ 3.42 │       │           │  243100   │   100   │  342000   │ 831797000 │  100  │  342000  │ 1675778700000 │ '2023-02-07T14:05:00.000Z' │ 100  │  0   │  0  │ Infinity │    0     │ 1761.5 │ 5102.6 │  0  │     │ 0.1  │  100   │   342000   │  -110300  │  -378611000   │
│   34    │ 3.39 │ 3.4  │ 3.39 │ 3.4  │ 5200  │ 17634000  │  248300   │  5200   │ 17634000  │ 849431000 │       │          │ 1675779000000 │ '2023-02-07T14:10:00.000Z' │  0   │ 100  │  0  │    0     │ Infinity │ 1761.5 │ 5102.6 │  0  │  1  │      │ -5200  │ -17634000  │  -115500  │  -396245000   │
│   35    │ 3.39 │ 3.42 │ 3.39 │ 3.39 │ 3300  │ 11187000  │  253500   │  5200   │ 17683000  │ 867114000 │ 1900  │ 6496000  │ 1675779300000 │ '2023-02-07T14:15:00.000Z' │ 36.5 │ 63.5 │  0  │   0.6    │   1.7    │ 1761.5 │ 5102.6 │  0  │ 0.6 │ 1.1  │ -1400  │  -4691000  │  -116900  │  -400936000   │
│   36    │ 3.44 │ 3.44 │ 3.44 │ 3.44 │       │           │  253900   │   400   │  1376000  │ 868490000 │  400  │ 1376000  │ 1675779600000 │ '2023-02-07T14:20:00.000Z' │ 100  │  0   │  0  │ Infinity │    0     │ 1761.5 │ 5102.6 │  0  │     │ 0.2  │  400   │  1376000   │  -116500  │  -399560000   │
│   37    │ 3.4  │ 3.4  │ 3.4  │ 3.4  │  500  │  1700000  │  254400   │   500   │  1700000  │ 870190000 │       │          │ 1675779900000 │ '2023-02-07T14:25:00.000Z' │  0   │ 100  │  0  │    0     │ Infinity │ 1761.5 │ 5102.6 │  0  │ 0.1 │      │  -500  │  -1700000  │  -117000  │  -401260000   │
│   38    │ 3.44 │ 3.44 │ 3.44 │ 3.44 │ 13300 │ 45752000  │  267700   │  13300  │ 45752000  │ 915942000 │       │          │ 1675781100000 │ '2023-02-07T14:45:00.000Z' │  0   │ 100  │  0  │    0     │ Infinity │ 1761.5 │ 5102.6 │  0  │ 2.6 │      │ -13300 │ -45752000  │  -130300  │  -447012000   │
└─────────┴──────┴──────┴──────┴──────┴───────┴───────────┴───────────┴─────────┴───────────┴───────────┴───────┴──────────┴───────────────┴────────────────────────────┴──────┴──────┴─────┴──────────┴──────────┴────────┴────────┴─────┴─────┴──────┴────────┴────────────┴───────────┴───────────────┘

├─────────┼──────┼──────┼──────┼──────┼───────┼───────────┼───────────┼─────────┼───────────┼───────────┼───────┼──────────┼───────────────┼────────────────────────────┼──────┼──────┼─────┼──────────┼──────────┼────────┼────────┼─────┼─────┼──────┼────────┼────────────┼───────────┼───────────────┤
│ (index) │  c   │  h   │  l   │  o   │  sd   │  val_sd   │ total_vol │ sum_vol │    val    │ acum_val  │  bu   │  val_bu  │   datetime    │            date            │ pbu  │ psd  │ puk │    bs    │    sb    │  abu   │  asd   │ auk │ rsd │ rbu  │ bu-sd  │ bu-sd_val  │ acum_busd │ acum_busd_val │
├─────────┼──────┼──────┼──────┼──────┼───────┼───────────┼───────────┼─────────┼───────────┼───────────┼───────┼──────────┼───────────────┼────────────────────────────┼──────┼──────┼─────┼──────────┼──────────┼────────┼────────┼─────┼─────┼──────┼────────┼────────────┼───────────┼───────────────┤
