┌─────────┬──────┬──────┬──────┬──────┬───────┬──────────┬───────────┬─────────┬──────────┬───────────┬───────────────┬────────────────────────────┬──────┬──────┬─────┬──────────┬──────────┬───────┬────────┬─────┬─────┬────────┬───────────┬───────────┬───────────────┬──────┬──────────┬─────┐
│ (index) │  c   │  h   │  l   │  o   │  sd   │  val_sd  │ total_vol │ sum_vol │   val    │ acum_val  │   datetime    │            date            │ pbu  │ psd  │ puk │    bs    │    sb    │  abu  │  asd   │ auk │ rsd │ bu-sd  │ bu-sd_val │ acum_busd │ acum_busd_val │  bu  │  val_bu  │ rbu │
├─────────┼──────┼──────┼──────┼──────┼───────┼──────────┼───────────┼─────────┼──────────┼───────────┼───────────────┼────────────────────────────┼──────┼──────┼─────┼──────────┼──────────┼───────┼────────┼─────┼─────┼────────┼───────────┼───────────┼───────────────┼──────┼──────────┼─────┤
│    0    │ 2.96 │ 2.96 │ 2.96 │ 2.96 │  100  │  296000  │    100    │   100   │  296000  │  296000   │ 1675761600000 │ '2023-02-07T09:20:00.000Z' │  0   │ 100  │  0  │    0     │ Infinity │ 447.1 │ 1635.3 │  0  │ 0.1 │  -100  │  -296000  │   -100    │    -296000    │      │          │     │
│    1    │  3   │  3   │  3   │  3   │       │          │    400    │   300   │  900000  │  1196000  │ 1675762800000 │ '2023-02-07T09:40:00.000Z' │ 100  │  0   │  0  │ Infinity │    0     │ 447.1 │ 1635.3 │  0  │     │  300   │  900000   │    200    │    604000     │ 300  │  900000  │ 0.7 │
│    2    │  3   │  3   │  3   │  3   │       │          │    600    │   200   │  600000  │  1796000  │ 1675763100000 │ '2023-02-07T09:45:00.000Z' │ 100  │  0   │  0  │ Infinity │    0     │ 447.1 │ 1635.3 │  0  │     │  200   │  600000   │    400    │    1204000    │ 200  │  600000  │ 0.4 │
│    3    │  3   │  3   │  3   │  3   │       │          │    700    │   100   │  300000  │  2096000  │ 1675763400000 │ '2023-02-07T09:50:00.000Z' │ 100  │  0   │  0  │ Infinity │    0     │ 447.1 │ 1635.3 │  0  │     │  100   │  300000   │    500    │    1504000    │ 100  │  300000  │ 0.2 │
│    4    │  3   │  3   │  3   │  3   │       │          │    800    │   100   │  300000  │  2396000  │ 1675764900000 │ '2023-02-07T10:15:00.000Z' │ 100  │  0   │  0  │ Infinity │    0     │ 447.1 │ 1635.3 │  0  │     │  100   │  300000   │    600    │    1804000    │ 100  │  300000  │ 0.2 │
│    5    │  3   │  3   │  3   │  3   │ 4100  │ 12300000 │   5800    │  5000   │ 15000000 │ 17396000  │ 1675765200000 │ '2023-02-07T10:20:00.000Z' │  18  │  82  │  0  │   0.2    │   4.6    │ 447.1 │ 1635.3 │  0  │ 2.5 │ -3200  │ -9600000  │   -2600   │   -7796000    │ 900  │ 2700000  │  2  │
│    6    │  3   │  3   │  3   │  3   │ 1200  │ 3600000  │   7000    │  1200   │ 3600000  │ 20996000  │ 1675765800000 │ '2023-02-07T10:30:00.000Z' │  0   │ 100  │  0  │    0     │ Infinity │ 447.1 │ 1635.3 │  0  │ 0.7 │ -1200  │ -3600000  │   -3800   │   -11396000   │      │          │     │
│    7    │ 2.99 │  3   │ 2.99 │  3   │ 3400  │ 10195000 │   10400   │  3400   │ 10195000 │ 31191000  │ 1675766100000 │ '2023-02-07T10:35:00.000Z' │  0   │ 100  │  0  │    0     │ Infinity │ 447.1 │ 1635.3 │  0  │ 2.1 │ -3400  │ -10195000 │   -7200   │   -21591000   │      │          │     │
│    8    │ 3.01 │ 3.01 │ 3.01 │ 3.01 │       │          │   10500   │   100   │  301000  │ 31492000  │ 1675768200000 │ '2023-02-07T11:10:00.000Z' │ 100  │  0   │  0  │ Infinity │    0     │ 447.1 │ 1635.3 │  0  │     │  100   │  301000   │   -7100   │   -21290000   │ 100  │  301000  │ 0.2 │
│    9    │ 2.99 │ 2.99 │ 2.99 │ 2.99 │       │          │   12000   │  1500   │ 4485000  │ 35977000  │ 1675774800000 │ '2023-02-07T13:00:00.000Z' │ 100  │  0   │  0  │ Infinity │    0     │ 447.1 │ 1635.3 │  0  │     │  1500  │  4485000  │   -5600   │   -16805000   │ 1500 │ 4485000  │ 3.4 │
│   10    │ 2.99 │ 2.99 │ 2.99 │ 2.99 │  900  │ 2691000  │   12900   │   900   │ 2691000  │ 38668000  │ 1675775100000 │ '2023-02-07T13:05:00.000Z' │  0   │ 100  │  0  │    0     │ Infinity │ 447.1 │ 1635.3 │  0  │ 0.6 │  -900  │ -2691000  │   -6500   │   -19496000   │      │          │     │
│   11    │ 3.01 │ 3.01 │ 3.01 │ 3.01 │       │          │   13000   │   100   │  301000  │ 38969000  │ 1675775400000 │ '2023-02-07T13:10:00.000Z' │ 100  │  0   │  0  │ Infinity │    0     │ 447.1 │ 1635.3 │  0  │     │  100   │  301000   │   -6400   │   -19195000   │ 100  │  301000  │ 0.2 │
│   12    │ 2.99 │ 3.01 │ 2.99 │ 3.01 │  100  │  299000  │   13300   │   300   │  901000  │ 39870000  │ 1675776900000 │ '2023-02-07T13:35:00.000Z' │ 66.7 │ 33.3 │  0  │    2     │   0.5    │ 447.1 │ 1635.3 │  0  │ 0.1 │  100   │  303000   │   -6300   │   -18892000   │ 200  │  602000  │ 0.4 │
│   13    │ 2.98 │ 2.98 │ 2.98 │ 2.98 │ 3800  │ 11324000 │   17100   │  3800   │ 11324000 │ 51194000  │ 1675777200000 │ '2023-02-07T13:40:00.000Z' │  0   │ 100  │  0  │    0     │ Infinity │ 447.1 │ 1635.3 │  0  │ 2.3 │ -3800  │ -11324000 │  -10100   │   -30216000   │      │          │     │
│   14    │ 3.01 │ 3.01 │ 3.01 │ 3.01 │       │          │   17700   │   600   │ 1806000  │ 53000000  │ 1675778400000 │ '2023-02-07T14:00:00.000Z' │ 100  │  0   │  0  │ Infinity │    0     │ 447.1 │ 1635.3 │  0  │     │  600   │  1806000  │   -9500   │   -28410000   │ 600  │ 1806000  │ 1.3 │
│   15    │ 2.98 │ 2.98 │ 2.96 │ 2.97 │ 14200 │ 42105000 │   31900   │  14200  │ 42105000 │ 95105000  │ 1675779900000 │ '2023-02-07T14:25:00.000Z' │  0   │ 100  │  0  │    0     │ Infinity │ 447.1 │ 1635.3 │  0  │ 8.7 │ -14200 │ -42105000 │  -23700   │   -70515000   │      │          │     │
│   16    │  3   │  3   │  3   │  3   │       │          │   35400   │  3500   │ 10500000 │ 105605000 │ 1675781100000 │ '2023-02-07T14:45:00.000Z' │ 100  │  0   │  0  │ Infinity │    0     │ 447.1 │ 1635.3 │  0  │     │  3500  │ 10500000  │  -20200   │   -60015000   │ 3500 │ 10500000 │ 7.8 │
└─────────┴──────┴──────┴──────┴──────┴───────┴──────────┴───────────┴─────────┴──────────┴───────────┴───────────────┴────────────────────────────┴──────┴──────┴─────┴──────────┴──────────┴───────┴────────┴─────┴─────┴────────┴───────────┴───────────┴───────────────┴──────┴──────────┴─────┘

