┌─────────┬──────┬──────┬──────┬──────┬──────┬───────────┬───────────┬─────────┬───────────┬────────────┬───────────────┬────────────────────────────┬──────┬──────┬─────┬──────────┬──────────┬───────┬────────┬─────┬─────┬───────┬────────────┬───────────┬───────────────┬──────┬───────────┬─────┐
│ (index) │  c   │  h   │  l   │  o   │  sd  │  val_sd   │ total_vol │ sum_vol │    val    │  acum_val  │   datetime    │            date            │ pbu  │ psd  │ puk │    bs    │    sb    │  abu  │  asd   │ auk │ rsd │ bu-sd │ bu-sd_val  │ acum_busd │ acum_busd_val │  bu  │  val_bu   │ rbu │
├─────────┼──────┼──────┼──────┼──────┼──────┼───────────┼───────────┼─────────┼───────────┼────────────┼───────────────┼────────────────────────────┼──────┼──────┼─────┼──────────┼──────────┼───────┼────────┼─────┼─────┼───────┼────────────┼───────────┼───────────────┼──────┼───────────┼─────┤
│    0    │ 51.3 │ 51.3 │ 51.3 │ 51.3 │ 900  │ 46170000  │    900    │   900   │ 46170000  │  46170000  │ 1675761240000 │ '2023-02-07T09:14:00.000Z' │  0   │ 100  │  0  │    0     │ Infinity │ 627.3 │ 1104.5 │  0  │ 0.8 │ -900  │ -46170000  │   -900    │   -46170000   │      │           │     │
│    1    │ 51.3 │ 51.4 │ 51.3 │ 51.4 │ 1900 │ 97530000  │   2800    │  1900   │ 97530000  │ 143700000  │ 1675761600000 │ '2023-02-07T09:20:00.000Z' │  0   │ 100  │  0  │    0     │ Infinity │ 627.3 │ 1104.5 │  0  │ 1.7 │ -1900 │ -97530000  │   -2800   │  -143700000   │      │           │     │
│    2    │  52  │  52  │  52  │  52  │      │           │   2900    │   100   │  5200000  │ 148900000  │ 1675762440000 │ '2023-02-07T09:34:00.000Z' │ 100  │  0   │  0  │ Infinity │    0     │ 627.3 │ 1104.5 │  0  │     │  100  │  5200000   │   -2700   │  -138500000   │ 100  │  5200000  │ 0.2 │
│    3    │ 51.5 │ 51.5 │ 51.5 │ 51.5 │ 200  │ 10300000  │   3100    │   200   │ 10300000  │ 159200000  │ 1675763880000 │ '2023-02-07T09:58:00.000Z' │  0   │ 100  │  0  │    0     │ Infinity │ 627.3 │ 1104.5 │  0  │ 0.2 │ -200  │ -10300000  │   -2900   │  -148800000   │      │           │     │
│    4    │ 51.6 │ 51.6 │ 51.6 │ 51.6 │ 100  │  5160000  │   3200    │   100   │  5160000  │ 164360000  │ 1675764960000 │ '2023-02-07T10:16:00.000Z' │  0   │ 100  │  0  │    0     │ Infinity │ 627.3 │ 1104.5 │  0  │ 0.1 │ -100  │  -5160000  │   -3000   │  -153960000   │      │           │     │
│    5    │ 51.9 │ 51.9 │ 51.9 │ 51.9 │      │           │   3400    │   200   │ 10380000  │ 174740000  │ 1675765200000 │ '2023-02-07T10:20:00.000Z' │ 100  │  0   │  0  │ Infinity │    0     │ 627.3 │ 1104.5 │  0  │     │  200  │  10380000  │   -2800   │  -143580000   │ 200  │ 10380000  │ 0.3 │
│    6    │  52  │  52  │  52  │  52  │      │           │   3900    │   500   │ 26000000  │ 200740000  │ 1675765320000 │ '2023-02-07T10:22:00.000Z' │ 100  │  0   │  0  │ Infinity │    0     │ 627.3 │ 1104.5 │  0  │     │  500  │  26000000  │   -2300   │  -117580000   │ 500  │ 26000000  │ 0.8 │
│    7    │ 52.1 │ 52.1 │  52  │  52  │      │           │   4900    │  1000   │ 52020000  │ 252760000  │ 1675765440000 │ '2023-02-07T10:24:00.000Z' │ 100  │  0   │  0  │ Infinity │    0     │ 627.3 │ 1104.5 │  0  │     │ 1000  │  52020000  │   -1300   │   -65560000   │ 1000 │ 52020000  │ 1.6 │
│    8    │  52  │  52  │  52  │  52  │      │           │   6000    │  1100   │ 57200000  │ 309960000  │ 1675766040000 │ '2023-02-07T10:34:00.000Z' │ 100  │  0   │  0  │ Infinity │    0     │ 627.3 │ 1104.5 │  0  │     │ 1100  │  57200000  │   -200    │   -8360000    │ 1100 │ 57200000  │ 1.8 │
│    9    │  52  │  52  │  52  │  52  │      │           │   7100    │  1100   │ 57200000  │ 367160000  │ 1675766160000 │ '2023-02-07T10:36:00.000Z' │ 100  │  0   │  0  │ Infinity │    0     │ 627.3 │ 1104.5 │  0  │     │ 1100  │  57200000  │    900    │   48840000    │ 1100 │ 57200000  │ 1.8 │
│   10    │  52  │  52  │  52  │  52  │      │           │   8100    │  1000   │ 52000000  │ 419160000  │ 1675766280000 │ '2023-02-07T10:38:00.000Z' │ 100  │  0   │  0  │ Infinity │    0     │ 627.3 │ 1104.5 │  0  │     │ 1000  │  52000000  │   1900    │   100840000   │ 1000 │ 52000000  │ 1.6 │
│   11    │  52  │  52  │  52  │  52  │      │           │   10100   │  2000   │ 104000000 │ 523160000  │ 1675766400000 │ '2023-02-07T10:40:00.000Z' │ 100  │  0   │  0  │ Infinity │    0     │ 627.3 │ 1104.5 │  0  │     │ 2000  │ 104000000  │   3900    │   204840000   │ 2000 │ 104000000 │ 3.2 │
│   12    │ 52.2 │ 52.2 │ 52.2 │ 52.2 │      │           │   10300   │   200   │ 10440000  │ 533600000  │ 1675766520000 │ '2023-02-07T10:42:00.000Z' │ 100  │  0   │  0  │ Infinity │    0     │ 627.3 │ 1104.5 │  0  │     │  200  │  10440000  │   4100    │   215280000   │ 200  │ 10440000  │ 0.3 │
│   13    │ 52.5 │ 52.5 │ 52.3 │ 52.3 │      │           │   11100   │   800   │ 41960000  │ 575560000  │ 1675766880000 │ '2023-02-07T10:48:00.000Z' │ 100  │  0   │  0  │ Infinity │    0     │ 627.3 │ 1104.5 │  0  │     │  800  │  41960000  │   4900    │   257240000   │ 800  │ 41960000  │ 1.3 │
│   14    │ 52.5 │ 52.5 │ 52.5 │ 52.5 │      │           │   14400   │  3300   │ 173250000 │ 748810000  │ 1675767000000 │ '2023-02-07T10:50:00.000Z' │ 100  │  0   │  0  │ Infinity │    0     │ 627.3 │ 1104.5 │  0  │     │ 3300  │ 173250000  │   8200    │   430490000   │ 3300 │ 173250000 │ 5.3 │
│   15    │ 52.5 │ 52.5 │ 52.5 │ 52.5 │ 1000 │ 52500000  │   15400   │  1000   │ 52500000  │ 801310000  │ 1675767360000 │ '2023-02-07T10:56:00.000Z' │  0   │ 100  │  0  │    0     │ Infinity │ 627.3 │ 1104.5 │  0  │ 0.9 │ -1000 │ -52500000  │   7200    │   377990000   │      │           │     │
│   16    │ 52.3 │ 52.3 │ 52.3 │ 52.3 │ 2400 │ 125520000 │   17800   │  2400   │ 125520000 │ 926830000  │ 1675767720000 │ '2023-02-07T11:02:00.000Z' │  0   │ 100  │  0  │    0     │ Infinity │ 627.3 │ 1104.5 │  0  │ 2.2 │ -2400 │ -125520000 │   4800    │   252470000   │      │           │     │
│   17    │ 52.3 │ 52.3 │ 52.3 │ 52.3 │ 500  │ 26150000  │   18300   │   500   │ 26150000  │ 952980000  │ 1675767840000 │ '2023-02-07T11:04:00.000Z' │  0   │ 100  │  0  │    0     │ Infinity │ 627.3 │ 1104.5 │  0  │ 0.5 │ -500  │ -26150000  │   4300    │   226320000   │      │           │     │
│   18    │  52  │ 52.1 │  52  │ 52.1 │ 1800 │ 93680000  │   21100   │  2800   │ 145680000 │ 1098660000 │ 1675768200000 │ '2023-02-07T11:10:00.000Z' │ 35.7 │ 64.3 │  0  │   0.6    │   1.8    │ 627.3 │ 1104.5 │  0  │ 1.6 │ -800  │ -41680000  │   3500    │   184640000   │ 1000 │ 52000000  │ 1.6 │
│   19    │  52  │  52  │  52  │  52  │ 300  │ 15600000  │   21400   │   300   │ 15600000  │ 1114260000 │ 1675768800000 │ '2023-02-07T11:20:00.000Z' │  0   │ 100  │  0  │    0     │ Infinity │ 627.3 │ 1104.5 │  0  │ 0.3 │ -300  │ -15600000  │   3200    │   169040000   │      │           │     │
│   20    │  52  │  52  │  52  │  52  │ 1400 │ 72800000  │   22800   │  1400   │ 72800000  │ 1187060000 │ 1675768920000 │ '2023-02-07T11:22:00.000Z' │  0   │ 100  │  0  │    0     │ Infinity │ 627.3 │ 1104.5 │  0  │ 1.3 │ -1400 │ -72800000  │   1800    │   96240000    │      │           │     │
├─────────┼──────┼──────┼──────┼──────┼──────┼───────────┼───────────┼─────────┼───────────┼────────────┼───────────────┼────────────────────────────┼──────┼──────┼─────┼──────────┼──────────┼───────┼────────┼─────┼─────┼───────┼────────────┼───────────┼───────────────┼──────┼───────────┼─────┤
│ (index) │  c   │  h   │  l   │  o   │  sd  │  val_sd   │ total_vol │ sum_vol │    val    │  acum_val  │   datetime    │            date            │ pbu  │ psd  │ puk │    bs    │    sb    │  abu  │  asd   │ auk │ rsd │ bu-sd │ bu-sd_val  │ acum_busd │ acum_busd_val │  bu  │  val_bu   │ rbu │
├─────────┼──────┼──────┼──────┼──────┼──────┼───────────┼───────────┼─────────┼───────────┼────────────┼───────────────┼────────────────────────────┼──────┼──────┼─────┼──────────┼──────────┼───────┼────────┼─────┼─────┼───────┼────────────┼───────────┼───────────────┼──────┼───────────┼─────┤
│   21    │  52  │  52  │  52  │  52  │ 700  │ 36400000  │   23500   │   700   │ 36400000  │ 1223460000 │ 1675774800000 │ '2023-02-07T13:00:00.000Z' │  0   │ 100  │  0  │    0     │ Infinity │ 627.3 │ 1104.5 │  0  │ 0.6 │ -700  │ -36400000  │   1100    │   59840000    │      │           │     │
│   22    │  52  │  52  │  52  │  52  │ 2700 │ 140400000 │   29600   │  6100   │ 317200000 │ 1540660000 │ 1675776600000 │ '2023-02-07T13:30:00.000Z' │ 55.7 │ 44.3 │  0  │   1.3    │   0.8    │ 627.3 │ 1104.5 │  0  │ 2.4 │  700  │  36400000  │   1800    │   96240000    │ 3400 │ 176800000 │ 5.4 │
│   23    │  52  │  52  │  52  │  52  │ 100  │  5200000  │   29700   │   100   │  5200000  │ 1545860000 │ 1675776720000 │ '2023-02-07T13:32:00.000Z' │  0   │ 100  │  0  │    0     │ Infinity │ 627.3 │ 1104.5 │  0  │ 0.1 │ -100  │  -5200000  │   1700    │   91040000    │      │           │     │
│   24    │  52  │  52  │  52  │  52  │ 1300 │ 67600000  │   31000   │  1300   │ 67600000  │ 1613460000 │ 1675777080000 │ '2023-02-07T13:38:00.000Z' │  0   │ 100  │  0  │    0     │ Infinity │ 627.3 │ 1104.5 │  0  │ 1.2 │ -1300 │ -67600000  │    400    │   23440000    │      │           │     │
│   25    │  52  │  52  │  52  │  52  │ 3500 │ 182000000 │   34900   │  3900   │ 202800000 │ 1816260000 │ 1675777200000 │ '2023-02-07T13:40:00.000Z' │ 10.3 │ 89.7 │  0  │   0.1    │   8.8    │ 627.3 │ 1104.5 │  0  │ 3.2 │ -3100 │ -161200000 │   -2700   │  -137760000   │ 400  │ 20800000  │ 0.6 │
│   26    │  52  │  52  │  52  │  52  │ 6400 │ 332800000 │   42000   │  7100   │ 369200000 │ 2185460000 │ 1675777320000 │ '2023-02-07T13:42:00.000Z' │ 9.9  │ 90.1 │  0  │   0.1    │   9.1    │ 627.3 │ 1104.5 │  0  │ 5.8 │ -5700 │ -296400000 │   -8400   │  -434160000   │ 700  │ 36400000  │ 1.1 │
│   27    │  52  │  52  │  52  │  52  │ 1300 │ 67600000  │   46100   │  4100   │ 213200000 │ 2398660000 │ 1675777440000 │ '2023-02-07T13:44:00.000Z' │ 68.3 │ 31.7 │  0  │   2.2    │   0.5    │ 627.3 │ 1104.5 │  0  │ 1.2 │ 1500  │  78000000  │   -6900   │  -356160000   │ 2800 │ 145600000 │ 4.5 │
│   28    │  52  │  52  │  52  │  52  │ 500  │ 26000000  │   46600   │   500   │ 26000000  │ 2424660000 │ 1675777560000 │ '2023-02-07T13:46:00.000Z' │  0   │ 100  │  0  │    0     │ Infinity │ 627.3 │ 1104.5 │  0  │ 0.5 │ -500  │ -26000000  │   -7400   │  -382160000   │      │           │     │
│   29    │  52  │  52  │  52  │  52  │ 300  │ 15600000  │   46900   │   300   │ 15600000  │ 2440260000 │ 1675778040000 │ '2023-02-07T13:54:00.000Z' │  0   │ 100  │  0  │    0     │ Infinity │ 627.3 │ 1104.5 │  0  │ 0.3 │ -300  │ -15600000  │   -7700   │  -397760000   │      │           │     │
│   30    │  52  │  52  │  52  │  52  │ 500  │ 26000000  │   47400   │   500   │ 26000000  │ 2466260000 │ 1675778280000 │ '2023-02-07T13:58:00.000Z' │  0   │ 100  │  0  │    0     │ Infinity │ 627.3 │ 1104.5 │  0  │ 0.5 │ -500  │ -26000000  │   -8200   │  -423760000   │      │           │     │
│   31    │  52  │  52  │  52  │  52  │ 300  │ 15600000  │   47700   │   300   │ 15600000  │ 2481860000 │ 1675778400000 │ '2023-02-07T14:00:00.000Z' │  0   │ 100  │  0  │    0     │ Infinity │ 627.3 │ 1104.5 │  0  │ 0.3 │ -300  │ -15600000  │   -8500   │  -439360000   │      │           │     │
│   32    │  52  │  52  │  52  │  52  │ 500  │ 26000000  │   48200   │   500   │ 26000000  │ 2507860000 │ 1675778520000 │ '2023-02-07T14:02:00.000Z' │  0   │ 100  │  0  │    0     │ Infinity │ 627.3 │ 1104.5 │  0  │ 0.5 │ -500  │ -26000000  │   -9000   │  -465360000   │      │           │     │
│   33    │ 52.3 │ 52.3 │ 52.2 │ 52.2 │      │           │   48600   │   400   │ 20900000  │ 2528760000 │ 1675778760000 │ '2023-02-07T14:06:00.000Z' │ 100  │  0   │  0  │ Infinity │    0     │ 627.3 │ 1104.5 │  0  │     │  400  │  20900000  │   -8600   │  -444460000   │ 400  │ 20900000  │ 0.6 │
│   34    │ 51.8 │ 52.1 │ 51.8 │ 52.1 │ 7200 │ 374080000 │   55800   │  7200   │ 374080000 │ 2902840000 │ 1675779000000 │ '2023-02-07T14:10:00.000Z' │  0   │ 100  │  0  │    0     │ Infinity │ 627.3 │ 1104.5 │  0  │ 6.5 │ -7200 │ -374080000 │  -15800   │  -818540000   │      │           │     │
│   35    │ 51.8 │ 51.8 │ 51.8 │ 51.8 │ 100  │  5180000  │   58000   │  2200   │ 113960000 │ 3016800000 │ 1675779120000 │ '2023-02-07T14:12:00.000Z' │ 95.5 │ 4.5  │  0  │    21    │    0     │ 627.3 │ 1104.5 │  0  │ 0.1 │ 2000  │ 103600000  │  -13800   │  -714940000   │ 2100 │ 108780000 │ 3.3 │
│   36    │ 51.8 │ 51.8 │ 51.8 │ 51.8 │ 1400 │ 72520000  │   59400   │  1400   │ 72520000  │ 3089320000 │ 1675779240000 │ '2023-02-07T14:14:00.000Z' │  0   │ 100  │  0  │    0     │ Infinity │ 627.3 │ 1104.5 │  0  │ 1.3 │ -1400 │ -72520000  │  -15200   │  -787460000   │      │           │     │
│   37    │  52  │  52  │  52  │  52  │      │           │   60100   │   700   │ 36400000  │ 3125720000 │ 1675779360000 │ '2023-02-07T14:16:00.000Z' │ 100  │  0   │  0  │ Infinity │    0     │ 627.3 │ 1104.5 │  0  │     │  700  │  36400000  │  -14500   │  -751060000   │ 700  │ 36400000  │ 1.1 │
│   38    │  52  │ 52.1 │  52  │  52  │ 4100 │ 213250000 │   64200   │  4100   │ 213250000 │ 3338970000 │ 1675779480000 │ '2023-02-07T14:18:00.000Z' │  0   │ 100  │  0  │    0     │ Infinity │ 627.3 │ 1104.5 │  0  │ 3.7 │ -4100 │ -213250000 │  -18600   │  -964310000   │      │           │     │
│   39    │  52  │  52  │  52  │  52  │ 200  │ 10400000  │   64400   │   200   │ 10400000  │ 3349370000 │ 1675779720000 │ '2023-02-07T14:22:00.000Z' │  0   │ 100  │  0  │    0     │ Infinity │ 627.3 │ 1104.5 │  0  │ 0.2 │ -200  │ -10400000  │  -18800   │  -974710000   │      │           │     │
│   40    │  52  │  52  │  52  │  52  │ 600  │ 31200000  │   65000   │   600   │ 31200000  │ 3380570000 │ 1675779840000 │ '2023-02-07T14:24:00.000Z' │  0   │ 100  │  0  │    0     │ Infinity │ 627.3 │ 1104.5 │  0  │ 0.5 │ -600  │ -31200000  │  -19400   │  -1005910000  │      │           │     │
├─────────┼──────┼──────┼──────┼──────┼──────┼───────────┼───────────┼─────────┼───────────┼────────────┼───────────────┼────────────────────────────┼──────┼──────┼─────┼──────────┼──────────┼───────┼────────┼─────┼─────┼───────┼────────────┼───────────┼───────────────┼──────┼───────────┼─────┤
│ (index) │  c   │  h   │  l   │  o   │  sd  │  val_sd   │ total_vol │ sum_vol │    val    │  acum_val  │   datetime    │            date            │ pbu  │ psd  │ puk │    bs    │    sb    │  abu  │  asd   │ auk │ rsd │ bu-sd │ bu-sd_val  │ acum_busd │ acum_busd_val │  bu  │  val_bu   │ rbu │
├─────────┼──────┼──────┼──────┼──────┼──────┼───────────┼───────────┼─────────┼───────────┼────────────┼───────────────┼────────────────────────────┼──────┼──────┼─────┼──────────┼──────────┼───────┼────────┼─────┼─────┼───────┼────────────┼───────────┼───────────────┼──────┼───────────┼─────┤
│   41    │  52  │  52  │  52  │  52  │ 2500 │ 130000000 │   67500   │  2500   │ 130000000 │ 3510570000 │ 1675779960000 │ '2023-02-07T14:26:00.000Z' │  0   │ 100  │  0  │    0     │ Infinity │ 627.3 │ 1104.5 │  0  │ 2.3 │ -2500 │ -130000000 │  -21900   │  -1135910000  │      │           │     │
│   42    │ 51.6 │ 52.5 │ 51.6 │ 52.5 │ 2900 │ 151890000 │   75200   │  7700   │ 402900000 │ 3913470000 │ 1675780080000 │ '2023-02-07T14:28:00.000Z' │ 62.3 │ 37.7 │  0  │   1.7    │   0.6    │ 627.3 │ 1104.5 │  0  │ 2.6 │ 1900  │  99120000  │  -20000   │  -1036790000  │ 4800 │ 251010000 │ 7.7 │
│   43    │ 51.7 │ 51.7 │ 51.7 │ 51.7 │ 1000 │ 51700000  │   76200   │  1000   │ 51700000  │ 3965170000 │ 1675781040000 │ '2023-02-07T14:44:00.000Z' │  0   │ 100  │  0  │    0     │ Infinity │ 627.3 │ 1104.5 │  0  │ 0.9 │ -1000 │ -51700000  │  -21000   │  -1088490000  │      │           │     │
└─────────┴──────┴──────┴──────┴──────┴──────┴───────────┴───────────┴─────────┴───────────┴────────────┴───────────────┴────────────────────────────┴──────┴──────┴─────┴──────────┴──────────┴───────┴────────┴─────┴─────┴───────┴────────────┴───────────┴───────────────┴──────┴───────────┴─────┘

