┌─────────┬──────┬──────┬──────┬──────┬────────┬───────────┬───────────┬─────────┬───────────┬───────────┬───────────────┬────────────────────────────┬──────┬──────┬─────┬──────────┬──────────┬──────┬──────┬─────┬──────┬────────┬───────────┬───────────┬───────────────┬───────┬──────────┬──────┐
│ (index) │  c   │  h   │  l   │  o   │   bu   │  val_bu   │ total_vol │ sum_vol │    val    │ acum_val  │   datetime    │            date            │ pbu  │ psd  │ puk │    bs    │    sb    │ abu  │ asd  │ auk │ rbu  │ bu-sd  │ bu-sd_val │ acum_busd │ acum_busd_val │  sd   │  val_sd  │ rsd  │
├─────────┼──────┼──────┼──────┼──────┼────────┼───────────┼───────────┼─────────┼───────────┼───────────┼───────────────┼────────────────────────────┼──────┼──────┼─────┼──────────┼──────────┼──────┼──────┼─────┼──────┼────────┼───────────┼───────────┼───────────────┼───────┼──────────┼──────┤
│    0    │ 3.6  │ 3.6  │ 3.6  │ 3.6  │  900   │  3240000  │    900    │   900   │  3240000  │  3240000  │ 1675761300000 │ '2023-02-07T09:15:00.000Z' │ 100  │  0   │  0  │ Infinity │    0     │ 8844 │ 1964 │  0  │ 0.1  │  900   │  3240000  │    900    │    3240000    │       │          │      │
│    1    │ 3.58 │ 3.6  │ 3.58 │ 3.58 │  4600  │ 16517000  │   5600    │  4700   │ 16875000  │ 20115000  │ 1675761900000 │ '2023-02-07T09:25:00.000Z' │ 97.9 │ 2.1  │  0  │    46    │    0     │ 8844 │ 1964 │  0  │ 0.5  │  4500  │ 16159000  │   5400    │   19399000    │  100  │  358000  │ 0.1  │
│    2    │ 3.5  │ 3.52 │ 3.5  │ 3.52 │        │           │   7400    │  1800   │  6320000  │ 26435000  │ 1675762200000 │ '2023-02-07T09:30:00.000Z' │  0   │ 100  │  0  │    0     │ Infinity │ 8844 │ 1964 │  0  │      │ -1800  │ -6320000  │   3600    │   13079000    │ 1800  │ 6320000  │ 0.9  │
│    3    │ 3.52 │ 3.52 │ 3.52 │ 3.52 │        │           │   7700    │   300   │  1056000  │ 27491000  │ 1675762500000 │ '2023-02-07T09:35:00.000Z' │  0   │ 100  │  0  │    0     │ Infinity │ 8844 │ 1964 │  0  │      │  -300  │ -1056000  │   3300    │   12023000    │  300  │ 1056000  │ 0.2  │
│    4    │ 3.58 │ 3.58 │ 3.52 │ 3.52 │  100   │  358000   │   8400    │   700   │  2470000  │ 29961000  │ 1675762800000 │ '2023-02-07T09:40:00.000Z' │ 14.3 │ 85.7 │  0  │   0.2    │    6     │ 8844 │ 1964 │  0  │  0   │  -500  │ -1754000  │   2800    │   10269000    │  600  │ 2112000  │ 0.3  │
│    5    │ 3.58 │ 3.58 │ 3.58 │ 3.58 │  100   │  358000   │   8500    │   100   │  358000   │ 30319000  │ 1675763100000 │ '2023-02-07T09:45:00.000Z' │ 100  │  0   │  0  │ Infinity │    0     │ 8844 │ 1964 │  0  │  0   │  100   │  358000   │   2900    │   10627000    │       │          │      │
│    6    │ 3.58 │ 3.58 │ 3.58 │ 3.58 │  2500  │  8950000  │   11000   │  2500   │  8950000  │ 39269000  │ 1675763400000 │ '2023-02-07T09:50:00.000Z' │ 100  │  0   │  0  │ Infinity │    0     │ 8844 │ 1964 │  0  │ 0.3  │  2500  │  8950000  │   5400    │   19577000    │       │          │      │
│    7    │ 3.57 │ 3.57 │ 3.57 │ 3.57 │  500   │  1785000  │   11700   │   700   │  2499000  │ 41768000  │ 1675763700000 │ '2023-02-07T09:55:00.000Z' │ 71.4 │ 28.6 │  0  │   2.5    │   0.4    │ 8844 │ 1964 │  0  │ 0.1  │  300   │  1071000  │   5700    │   20648000    │  200  │  714000  │ 0.1  │
│    8    │ 3.57 │ 3.57 │ 3.57 │ 3.57 │        │           │   13000   │  1300   │  4641000  │ 46409000  │ 1675764000000 │ '2023-02-07T10:00:00.000Z' │  0   │ 100  │  0  │    0     │ Infinity │ 8844 │ 1964 │  0  │      │ -1300  │ -4641000  │   4400    │   16007000    │ 1300  │ 4641000  │ 0.7  │
│    9    │ 3.57 │ 3.57 │ 3.56 │ 3.56 │  400   │  1427000  │   13700   │   700   │  2498000  │ 48907000  │ 1675764300000 │ '2023-02-07T10:05:00.000Z' │ 57.1 │ 42.9 │  0  │   1.3    │   0.8    │ 8844 │ 1964 │  0  │  0   │  100   │  356000   │   4500    │   16363000    │  300  │ 1071000  │ 0.2  │
│   10    │ 3.58 │ 3.58 │ 3.55 │ 3.55 │  100   │  358000   │   13900   │   200   │  713000   │ 49620000  │ 1675764600000 │ '2023-02-07T10:10:00.000Z' │  50  │  50  │  0  │    1     │    1     │ 8844 │ 1964 │  0  │  0   │   0    │   3000    │   4500    │   16366000    │  100  │  355000  │ 0.1  │
│   11    │ 3.6  │ 3.6  │ 3.58 │ 3.58 │ 78600  │ 282682000 │   92500   │  78600  │ 282682000 │ 332302000 │ 1675764900000 │ '2023-02-07T10:15:00.000Z' │ 100  │  0   │  0  │ Infinity │    0     │ 8844 │ 1964 │  0  │ 8.9  │ 78600  │ 282682000 │   83100   │   299048000   │       │          │      │
│   12    │ 3.6  │ 3.6  │ 3.52 │ 3.6  │  800   │  2880000  │   94800   │  2300   │  8191000  │ 340493000 │ 1675765200000 │ '2023-02-07T10:20:00.000Z' │ 34.8 │ 65.2 │  0  │   0.5    │   1.9    │ 8844 │ 1964 │  0  │ 0.1  │  -700  │ -2431000  │   82400   │   296617000   │ 1500  │ 5311000  │ 0.8  │
│   13    │ 3.6  │ 3.61 │ 3.59 │ 3.59 │ 122900 │ 442328000 │  220900   │ 126100  │ 453848000 │ 794341000 │ 1675765500000 │ '2023-02-07T10:25:00.000Z' │ 97.5 │ 2.5  │  0  │   38.4   │    0     │ 8844 │ 1964 │  0  │ 13.9 │ 119700 │ 430808000 │  202100   │   727425000   │ 3200  │ 11520000 │ 1.6  │
│   14    │ 3.55 │ 3.58 │ 3.55 │ 3.58 │        │           │  221900   │  1000   │  3565000  │ 797906000 │ 1675765800000 │ '2023-02-07T10:30:00.000Z' │  0   │ 100  │  0  │    0     │ Infinity │ 8844 │ 1964 │  0  │      │ -1000  │ -3565000  │  201100   │   723860000   │ 1000  │ 3565000  │ 0.5  │
│   15    │ 3.55 │ 3.55 │ 3.55 │ 3.55 │  900   │  3195000  │  222900   │  1000   │  3550000  │ 801456000 │ 1675766100000 │ '2023-02-07T10:35:00.000Z' │  90  │  10  │  0  │    9     │   0.1    │ 8844 │ 1964 │  0  │ 0.1  │  800   │  2840000  │  201900   │   726700000   │  100  │  355000  │ 0.1  │
│   16    │ 3.55 │ 3.55 │ 3.55 │ 3.55 │        │           │  223600   │   700   │  2485000  │ 803941000 │ 1675766400000 │ '2023-02-07T10:40:00.000Z' │  0   │ 100  │  0  │    0     │ Infinity │ 8844 │ 1964 │  0  │      │  -700  │ -2485000  │  201200   │   724215000   │  700  │ 2485000  │ 0.4  │
│   17    │ 3.55 │ 3.55 │ 3.55 │ 3.55 │        │           │  223800   │   200   │  710000   │ 804651000 │ 1675766700000 │ '2023-02-07T10:45:00.000Z' │  0   │ 100  │  0  │    0     │ Infinity │ 8844 │ 1964 │  0  │      │  -200  │  -710000  │  201000   │   723505000   │  200  │  710000  │ 0.1  │
│   18    │ 3.58 │ 3.58 │ 3.58 │ 3.58 │  100   │  358000   │  223900   │   100   │  358000   │ 805009000 │ 1675767000000 │ '2023-02-07T10:50:00.000Z' │ 100  │  0   │  0  │ Infinity │    0     │ 8844 │ 1964 │  0  │  0   │  100   │  358000   │  201100   │   723863000   │       │          │      │
│   19    │ 3.57 │ 3.58 │ 3.57 │ 3.57 │  1700  │  6074000  │  225600   │  1700   │  6074000  │ 811083000 │ 1675767300000 │ '2023-02-07T10:55:00.000Z' │ 100  │  0   │  0  │ Infinity │    0     │ 8844 │ 1964 │  0  │ 0.2  │  1700  │  6074000  │  202800   │   729937000   │       │          │      │
│   20    │ 3.55 │ 3.57 │ 3.55 │ 3.56 │  2000  │  7130000  │  227800   │  2200   │  7840000  │ 818923000 │ 1675767600000 │ '2023-02-07T11:00:00.000Z' │ 90.9 │ 9.1  │  0  │    10    │   0.1    │ 8844 │ 1964 │  0  │ 0.2  │  1800  │  6420000  │  204600   │   736357000   │  200  │  710000  │ 0.1  │
├─────────┼──────┼──────┼──────┼──────┼────────┼───────────┼───────────┼─────────┼───────────┼───────────┼───────────────┼────────────────────────────┼──────┼──────┼─────┼──────────┼──────────┼──────┼──────┼─────┼──────┼────────┼───────────┼───────────┼───────────────┼───────┼──────────┼──────┤
│ (index) │  c   │  h   │  l   │  o   │   bu   │  val_bu   │ total_vol │ sum_vol │    val    │ acum_val  │   datetime    │            date            │ pbu  │ psd  │ puk │    bs    │    sb    │ abu  │ asd  │ auk │ rbu  │ bu-sd  │ bu-sd_val │ acum_busd │ acum_busd_val │  sd   │  val_sd  │ rsd  │
├─────────┼──────┼──────┼──────┼──────┼────────┼───────────┼───────────┼─────────┼───────────┼───────────┼───────────────┼────────────────────────────┼──────┼──────┼─────┼──────────┼──────────┼──────┼──────┼─────┼──────┼────────┼───────────┼───────────┼───────────────┼───────┼──────────┼──────┤
│   21    │ 3.55 │ 3.55 │ 3.55 │ 3.55 │        │           │  230800   │  3000   │ 10650000  │ 829573000 │ 1675767900000 │ '2023-02-07T11:05:00.000Z' │  0   │ 100  │  0  │    0     │ Infinity │ 8844 │ 1964 │  0  │      │ -3000  │ -10650000 │  201600   │   725707000   │ 3000  │ 10650000 │ 1.5  │
│   22    │ 3.54 │ 3.55 │ 3.54 │ 3.55 │        │           │  243900   │  13100  │ 46479000  │ 876052000 │ 1675768500000 │ '2023-02-07T11:15:00.000Z' │  0   │ 100  │  0  │    0     │ Infinity │ 8844 │ 1964 │  0  │      │ -13100 │ -46479000 │  188500   │   679228000   │ 13100 │ 46479000 │ 6.7  │
│   23    │ 3.57 │ 3.57 │ 3.52 │ 3.54 │  4900  │ 17421000  │  269200   │  25300  │ 89486000  │ 965538000 │ 1675768800000 │ '2023-02-07T11:20:00.000Z' │ 19.4 │ 80.6 │  0  │   0.2    │   4.2    │ 8844 │ 1964 │  0  │ 0.6  │ -15500 │ -54644000 │  173000   │   624584000   │ 20400 │ 72065000 │ 10.4 │
│   24    │ 3.53 │ 3.53 │ 3.53 │ 3.53 │        │           │  270200   │  1000   │  3530000  │ 969068000 │ 1675769100000 │ '2023-02-07T11:25:00.000Z' │  0   │ 100  │  0  │    0     │ Infinity │ 8844 │ 1964 │  0  │      │ -1000  │ -3530000  │  172000   │   621054000   │ 1000  │ 3530000  │ 0.5  │
└─────────┴──────┴──────┴──────┴──────┴────────┴───────────┴───────────┴─────────┴───────────┴───────────┴───────────────┴────────────────────────────┴──────┴──────┴─────┴──────────┴──────────┴──────┴──────┴─────┴──────┴────────┴───────────┴───────────┴───────────────┴───────┴──────────┴──────┘

