┌─────────┬─────┬─────┬─────┬─────┬───────┬──────────┬───────────┬─────────┬──────────┬───────────┬───────────────┬────────────────────────────┬──────┬──────┬─────┬──────────┬──────────┬────────┬────────┬─────┬──────┬────────┬───────────┬───────────┬───────────────┬───────┬──────────┬─────┐
│ (index) │  c  │  h  │  l  │  o  │  bu   │  val_bu  │ total_vol │ sum_vol │   val    │ acum_val  │   datetime    │            date            │ pbu  │ psd  │ puk │    bs    │    sb    │  abu   │  asd   │ auk │ rbu  │ bu-sd  │ bu-sd_val │ acum_busd │ acum_busd_val │  sd   │  val_sd  │ rsd │
├─────────┼─────┼─────┼─────┼─────┼───────┼──────────┼───────────┼─────────┼──────────┼───────────┼───────────────┼────────────────────────────┼──────┼──────┼─────┼──────────┼──────────┼────────┼────────┼─────┼──────┼────────┼───────────┼───────────┼───────────────┼───────┼──────────┼─────┤
│    0    │ 1.6 │ 1.6 │ 1.6 │ 1.6 │ 12200 │ 19520000 │   12200   │  12200  │ 19520000 │ 19520000  │ 1673254800000 │ '2023-01-09T09:00:00.000Z' │ 100  │  0   │  0  │ Infinity │    0     │ 1195.8 │ 1583.3 │  0  │ 10.2 │ 12200  │ 19520000  │   12200   │   19520000    │       │          │     │
│    1    │ 1.5 │ 1.5 │ 1.5 │ 1.5 │       │          │   14200   │  2000   │ 3000000  │ 22520000  │ 1673255100000 │ '2023-01-09T09:05:00.000Z' │  0   │ 100  │  0  │    0     │ Infinity │ 1195.8 │ 1583.3 │  0  │      │ -2000  │ -3000000  │   10200   │   16520000    │ 2000  │ 3000000  │ 1.3 │
│    2    │ 1.5 │ 1.6 │ 1.5 │ 1.5 │  100  │  160000  │   24400   │  10200  │ 15310000 │ 37830000  │ 1673255700000 │ '2023-01-09T09:15:00.000Z' │  1   │  99  │  0  │    0     │   101    │ 1195.8 │ 1583.3 │  0  │ 0.1  │ -10000 │ -14990000 │    200    │    1530000    │ 10100 │ 15150000 │ 6.4 │
│    3    │ 1.5 │ 1.5 │ 1.5 │ 1.5 │       │          │   24700   │   300   │  450000  │ 38280000  │ 1673256600000 │ '2023-01-09T09:30:00.000Z' │  0   │ 100  │  0  │    0     │ Infinity │ 1195.8 │ 1583.3 │  0  │      │  -300  │  -450000  │   -100    │    1080000    │  300  │  450000  │ 0.2 │
│    4    │ 1.5 │ 1.5 │ 1.5 │ 1.5 │       │          │   25700   │  1000   │ 1500000  │ 39780000  │ 1673257200000 │ '2023-01-09T09:40:00.000Z' │  0   │ 100  │  0  │    0     │ Infinity │ 1195.8 │ 1583.3 │  0  │      │ -1000  │ -1500000  │   -1100   │    -420000    │ 1000  │ 1500000  │ 0.6 │
│    5    │ 1.6 │ 1.6 │ 1.6 │ 1.6 │ 1000  │ 1600000  │   26700   │  1000   │ 1600000  │ 41380000  │ 1673257800000 │ '2023-01-09T09:50:00.000Z' │ 100  │  0   │  0  │ Infinity │    0     │ 1195.8 │ 1583.3 │  0  │ 0.8  │  1000  │  1600000  │   -100    │    1180000    │       │          │     │
│    6    │ 1.6 │ 1.6 │ 1.6 │ 1.6 │ 10700 │ 17120000 │   37400   │  10700  │ 17120000 │ 58500000  │ 1673260200000 │ '2023-01-09T10:30:00.000Z' │ 100  │  0   │  0  │ Infinity │    0     │ 1195.8 │ 1583.3 │  0  │ 8.9  │ 10700  │ 17120000  │   10600   │   18300000    │       │          │     │
│    7    │ 1.5 │ 1.5 │ 1.5 │ 1.5 │       │          │   37500   │   100   │  150000  │ 58650000  │ 1673260500000 │ '2023-01-09T10:35:00.000Z' │  0   │ 100  │  0  │    0     │ Infinity │ 1195.8 │ 1583.3 │  0  │      │  -100  │  -150000  │   10500   │   18150000    │  100  │  150000  │ 0.1 │
│    8    │ 1.6 │ 1.6 │ 1.6 │ 1.6 │  100  │  160000  │   37600   │   100   │  160000  │ 58810000  │ 1673260800000 │ '2023-01-09T10:40:00.000Z' │ 100  │  0   │  0  │ Infinity │    0     │ 1195.8 │ 1583.3 │  0  │ 0.1  │  100   │  160000   │   10600   │   18310000    │       │          │     │
│    9    │ 1.6 │ 1.6 │ 1.6 │ 1.6 │ 3000  │ 4800000  │   40600   │  3000   │ 4800000  │ 63610000  │ 1673261100000 │ '2023-01-09T10:45:00.000Z' │ 100  │  0   │  0  │ Infinity │    0     │ 1195.8 │ 1583.3 │  0  │ 2.5  │  3000  │  4800000  │   13600   │   23110000    │       │          │     │
│   10    │ 1.5 │ 1.5 │ 1.5 │ 1.5 │       │          │   41600   │  1000   │ 1500000  │ 65110000  │ 1673261400000 │ '2023-01-09T10:50:00.000Z' │  0   │ 100  │  0  │    0     │ Infinity │ 1195.8 │ 1583.3 │  0  │      │ -1000  │ -1500000  │   12600   │   21610000    │ 1000  │ 1500000  │ 0.6 │
│   11    │ 1.5 │ 1.5 │ 1.5 │ 1.5 │       │          │   51100   │  9500   │ 14250000 │ 79360000  │ 1673263200000 │ '2023-01-09T11:20:00.000Z' │  0   │ 100  │  0  │    0     │ Infinity │ 1195.8 │ 1583.3 │  0  │      │ -9500  │ -14250000 │   3100    │    7360000    │ 9500  │ 14250000 │  6  │
│   12    │ 1.5 │ 1.5 │ 1.5 │ 1.5 │       │          │   51200   │   100   │  150000  │ 79510000  │ 1673263500000 │ '2023-01-09T11:25:00.000Z' │  0   │ 100  │  0  │    0     │ Infinity │ 1195.8 │ 1583.3 │  0  │      │  -100  │  -150000  │   3000    │    7210000    │  100  │  150000  │ 0.1 │
│   13    │ 1.5 │ 1.5 │ 1.5 │ 1.5 │       │          │   54400   │  3200   │ 4800000  │ 84310000  │ 1673269200000 │ '2023-01-09T13:00:00.000Z' │  0   │ 100  │  0  │    0     │ Infinity │ 1195.8 │ 1583.3 │  0  │      │ -3200  │ -4800000  │   -200    │    2410000    │ 3200  │ 4800000  │  2  │
│   14    │ 1.6 │ 1.6 │ 1.5 │ 1.5 │  400  │  640000  │   55300   │   900   │ 1390000  │ 85700000  │ 1673269500000 │ '2023-01-09T13:05:00.000Z' │ 44.4 │ 55.6 │  0  │   0.8    │   1.3    │ 1195.8 │ 1583.3 │  0  │ 0.3  │  -100  │  -110000  │   -300    │    2300000    │  500  │  750000  │ 0.3 │
│   15    │ 1.6 │ 1.6 │ 1.6 │ 1.6 │  500  │  800000  │   55800   │   500   │  800000  │ 86500000  │ 1673270100000 │ '2023-01-09T13:15:00.000Z' │ 100  │  0   │  0  │ Infinity │    0     │ 1195.8 │ 1583.3 │  0  │ 0.4  │  500   │  800000   │    200    │    3100000    │       │          │     │
│   16    │ 1.6 │ 1.6 │ 1.6 │ 1.6 │  500  │  800000  │   56300   │   500   │  800000  │ 87300000  │ 1673270700000 │ '2023-01-09T13:25:00.000Z' │ 100  │  0   │  0  │ Infinity │    0     │ 1195.8 │ 1583.3 │  0  │ 0.4  │  500   │  800000   │    700    │    3900000    │       │          │     │
│   17    │ 1.5 │ 1.5 │ 1.5 │ 1.5 │       │          │   56500   │   200   │  300000  │ 87600000  │ 1673271000000 │ '2023-01-09T13:30:00.000Z' │  0   │ 100  │  0  │    0     │ Infinity │ 1195.8 │ 1583.3 │  0  │      │  -200  │  -300000  │    500    │    3600000    │  200  │  300000  │ 0.1 │
│   18    │ 1.5 │ 1.5 │ 1.5 │ 1.5 │       │          │   56900   │   400   │  600000  │ 88200000  │ 1673271900000 │ '2023-01-09T13:45:00.000Z' │  0   │ 100  │  0  │    0     │ Infinity │ 1195.8 │ 1583.3 │  0  │      │  -400  │  -600000  │    100    │    3000000    │  400  │  600000  │ 0.3 │
│   19    │ 1.5 │ 1.5 │ 1.5 │ 1.5 │       │          │   58100   │  1200   │ 1800000  │ 90000000  │ 1673272800000 │ '2023-01-09T14:00:00.000Z' │  0   │ 100  │  0  │    0     │ Infinity │ 1195.8 │ 1583.3 │  0  │      │ -1200  │ -1800000  │   -1100   │    1200000    │ 1200  │ 1800000  │ 0.8 │
│   20    │ 1.6 │ 1.6 │ 1.6 │ 1.6 │  100  │  160000  │   58200   │   100   │  160000  │ 90160000  │ 1673273400000 │ '2023-01-09T14:10:00.000Z' │ 100  │  0   │  0  │ Infinity │    0     │ 1195.8 │ 1583.3 │  0  │ 0.1  │  100   │  160000   │   -1000   │    1360000    │       │          │     │
├─────────┼─────┼─────┼─────┼─────┼───────┼──────────┼───────────┼─────────┼──────────┼───────────┼───────────────┼────────────────────────────┼──────┼──────┼─────┼──────────┼──────────┼────────┼────────┼─────┼──────┼────────┼───────────┼───────────┼───────────────┼───────┼──────────┼─────┤
│ (index) │  c  │  h  │  l  │  o  │  bu   │  val_bu  │ total_vol │ sum_vol │   val    │ acum_val  │   datetime    │            date            │ pbu  │ psd  │ puk │    bs    │    sb    │  abu   │  asd   │ auk │ rbu  │ bu-sd  │ bu-sd_val │ acum_busd │ acum_busd_val │  sd   │  val_sd  │ rsd │
├─────────┼─────┼─────┼─────┼─────┼───────┼──────────┼───────────┼─────────┼──────────┼───────────┼───────────────┼────────────────────────────┼──────┼──────┼─────┼──────────┼──────────┼────────┼────────┼─────┼──────┼────────┼───────────┼───────────┼───────────────┼───────┼──────────┼─────┤
│   21    │ 1.5 │ 1.5 │ 1.5 │ 1.5 │       │          │   59300   │  1100   │ 1650000  │ 91810000  │ 1673274000000 │ '2023-01-09T14:20:00.000Z' │  0   │ 100  │  0  │    0     │ Infinity │ 1195.8 │ 1583.3 │  0  │      │ -1100  │ -1650000  │   -2100   │    -290000    │ 1100  │ 1650000  │ 0.7 │
│   22    │ 1.6 │ 1.6 │ 1.6 │ 1.6 │  100  │  160000  │   59400   │   100   │  160000  │ 91970000  │ 1673274300000 │ '2023-01-09T14:25:00.000Z' │ 100  │  0   │  0  │ Infinity │    0     │ 1195.8 │ 1583.3 │  0  │ 0.1  │  100   │  160000   │   -2000   │    -130000    │       │          │     │
│   23    │ 1.5 │ 1.5 │ 1.5 │ 1.5 │       │          │   66700   │  7300   │ 10950000 │ 102920000 │ 1673275500000 │ '2023-01-09T14:45:00.000Z' │  0   │ 100  │  0  │    0     │ Infinity │ 1195.8 │ 1583.3 │  0  │      │ -7300  │ -10950000 │   -9300   │   -11080000   │ 7300  │ 10950000 │ 4.6 │
└─────────┴─────┴─────┴─────┴─────┴───────┴──────────┴───────────┴─────────┴──────────┴───────────┴───────────────┴────────────────────────────┴──────┴──────┴─────┴──────────┴──────────┴────────┴────────┴─────┴──────┴────────┴───────────┴───────────┴───────────────┴───────┴──────────┴─────┘

