┌─────────┬─────┬─────┬─────┬─────┬───────┬───────────┬───────────┬─────────┬───────────┬────────────┬───────────────┬────────────────────────────┬──────┬──────┬─────┬──────────┬──────────┬────────┬────────┬─────┬──────┬─────────┬────────────┬───────────┬───────────────┬────────┬───────────┬─────┐
│ (index) │  c  │  h  │  l  │  o  │  bu   │  val_bu   │ total_vol │ sum_vol │    val    │  acum_val  │   datetime    │            date            │ pbu  │ psd  │ puk │    bs    │    sb    │  abu   │  asd   │ auk │ rbu  │  bu-sd  │ bu-sd_val  │ acum_busd │ acum_busd_val │   sd   │  val_sd   │ rsd │
├─────────┼─────┼─────┼─────┼─────┼───────┼───────────┼───────────┼─────────┼───────────┼────────────┼───────────────┼────────────────────────────┼──────┼──────┼─────┼──────────┼──────────┼────────┼────────┼─────┼──────┼─────────┼────────────┼───────────┼───────────────┼────────┼───────────┼─────┤
│    0    │ 4.2 │ 4.2 │ 4.2 │ 4.2 │ 50900 │ 213780000 │   50900   │  50900  │ 213780000 │ 213780000  │ 1673255160000 │ '2023-01-09T09:06:00.000Z' │ 100  │  0   │  0  │ Infinity │    0     │ 4750.7 │ 7305.8 │  0  │ 10.7 │  50900  │ 213780000  │   50900   │   213780000   │        │           │     │
│    1    │ 4.2 │ 4.2 │ 4.2 │ 4.2 │ 23200 │ 97440000  │   83300   │  32400  │ 136080000 │ 349860000  │ 1673255280000 │ '2023-01-09T09:08:00.000Z' │ 71.6 │ 28.4 │  0  │   2.5    │   0.4    │ 4750.7 │ 7305.8 │  0  │ 4.9  │  14000  │  58800000  │   64900   │   272580000   │  9200  │ 38640000  │ 1.3 │
│    2    │ 4.2 │ 4.2 │ 4.2 │ 4.2 │       │           │   88800   │  5500   │ 23100000  │ 372960000  │ 1673255520000 │ '2023-01-09T09:12:00.000Z' │  0   │ 100  │  0  │    0     │ Infinity │ 4750.7 │ 7305.8 │  0  │      │  -5500  │ -23100000  │   59400   │   249480000   │  5500  │ 23100000  │ 0.8 │
│    3    │ 4.2 │ 4.2 │ 4.2 │ 4.2 │       │           │  110400   │  21600  │ 90720000  │ 463680000  │ 1673255760000 │ '2023-01-09T09:16:00.000Z' │  0   │ 100  │  0  │    0     │ Infinity │ 4750.7 │ 7305.8 │  0  │      │ -21600  │ -90720000  │   37800   │   158760000   │ 21600  │ 90720000  │  3  │
│    4    │ 4.2 │ 4.2 │ 4.2 │ 4.2 │       │           │  130400   │  20000  │ 84000000  │ 547680000  │ 1673255880000 │ '2023-01-09T09:18:00.000Z' │  0   │ 100  │  0  │    0     │ Infinity │ 4750.7 │ 7305.8 │  0  │      │ -20000  │ -84000000  │   17800   │   74760000    │ 20000  │ 84000000  │ 2.7 │
│    5    │ 4.2 │ 4.2 │ 4.2 │ 4.2 │       │           │  136000   │  5600   │ 23520000  │ 571200000  │ 1673256000000 │ '2023-01-09T09:20:00.000Z' │  0   │ 100  │  0  │    0     │ Infinity │ 4750.7 │ 7305.8 │  0  │      │  -5600  │ -23520000  │   12200   │   51240000    │  5600  │ 23520000  │ 0.8 │
│    6    │ 4.2 │ 4.2 │ 4.2 │ 4.2 │ 26300 │ 110460000 │  179700   │  43700  │ 183540000 │ 754740000  │ 1673256120000 │ '2023-01-09T09:22:00.000Z' │ 60.2 │ 39.8 │  0  │   1.5    │   0.7    │ 4750.7 │ 7305.8 │  0  │ 5.5  │  8900   │  37380000  │   21100   │   88620000    │ 17400  │ 73080000  │ 2.4 │
│    7    │ 4.2 │ 4.2 │ 4.2 │ 4.2 │ 17700 │ 74340000  │  197400   │  17700  │ 74340000  │ 829080000  │ 1673256240000 │ '2023-01-09T09:24:00.000Z' │ 100  │  0   │  0  │ Infinity │    0     │ 4750.7 │ 7305.8 │  0  │ 3.7  │  17700  │  74340000  │   38800   │   162960000   │        │           │     │
│    8    │ 4.2 │ 4.2 │ 4.2 │ 4.2 │ 2200  │  9240000  │  199600   │  2200   │  9240000  │ 838320000  │ 1673256360000 │ '2023-01-09T09:26:00.000Z' │ 100  │  0   │  0  │ Infinity │    0     │ 4750.7 │ 7305.8 │  0  │ 0.5  │  2200   │  9240000   │   41000   │   172200000   │        │           │     │
│    9    │ 4.2 │ 4.2 │ 4.2 │ 4.2 │  200  │  840000   │  199800   │   200   │  840000   │ 839160000  │ 1673256480000 │ '2023-01-09T09:28:00.000Z' │ 100  │  0   │  0  │ Infinity │    0     │ 4750.7 │ 7305.8 │  0  │  0   │   200   │   840000   │   41200   │   173040000   │        │           │     │
│   10    │ 4.2 │ 4.2 │ 4.2 │ 4.2 │ 12000 │ 50400000  │  211800   │  12000  │ 50400000  │ 889560000  │ 1673256720000 │ '2023-01-09T09:32:00.000Z' │ 100  │  0   │  0  │ Infinity │    0     │ 4750.7 │ 7305.8 │  0  │ 2.5  │  12000  │  50400000  │   53200   │   223440000   │        │           │     │
│   11    │ 4.2 │ 4.2 │ 4.2 │ 4.2 │  200  │  840000   │  212000   │   200   │  840000   │ 890400000  │ 1673257080000 │ '2023-01-09T09:38:00.000Z' │ 100  │  0   │  0  │ Infinity │    0     │ 4750.7 │ 7305.8 │  0  │  0   │   200   │   840000   │   53400   │   224280000   │        │           │     │
│   12    │ 4.2 │ 4.2 │ 4.2 │ 4.2 │ 4500  │ 18900000  │  216500   │  4500   │ 18900000  │ 909300000  │ 1673257560000 │ '2023-01-09T09:46:00.000Z' │ 100  │  0   │  0  │ Infinity │    0     │ 4750.7 │ 7305.8 │  0  │ 0.9  │  4500   │  18900000  │   57900   │   243180000   │        │           │     │
│   13    │ 4.2 │ 4.2 │ 4.2 │ 4.2 │ 1000  │  4200000  │  217500   │  1000   │  4200000  │ 913500000  │ 1673257800000 │ '2023-01-09T09:50:00.000Z' │ 100  │  0   │  0  │ Infinity │    0     │ 4750.7 │ 7305.8 │  0  │ 0.2  │  1000   │  4200000   │   58900   │   247380000   │        │           │     │
│   14    │ 4.2 │ 4.2 │ 4.2 │ 4.2 │ 4900  │ 20580000  │  222400   │  4900   │ 20580000  │ 934080000  │ 1673257920000 │ '2023-01-09T09:52:00.000Z' │ 100  │  0   │  0  │ Infinity │    0     │ 4750.7 │ 7305.8 │  0  │  1   │  4900   │  20580000  │   63800   │   267960000   │        │           │     │
│   15    │ 4.2 │ 4.2 │ 4.2 │ 4.2 │  200  │  840000   │  222600   │   200   │  840000   │ 934920000  │ 1673258040000 │ '2023-01-09T09:54:00.000Z' │ 100  │  0   │  0  │ Infinity │    0     │ 4750.7 │ 7305.8 │  0  │  0   │   200   │   840000   │   64000   │   268800000   │        │           │     │
│   16    │ 4.2 │ 4.2 │ 4.2 │ 4.2 │ 32400 │ 136080000 │  255000   │  32400  │ 136080000 │ 1071000000 │ 1673258520000 │ '2023-01-09T10:02:00.000Z' │ 100  │  0   │  0  │ Infinity │    0     │ 4750.7 │ 7305.8 │  0  │ 6.8  │  32400  │ 136080000  │   96400   │   404880000   │        │           │     │
│   17    │ 4.2 │ 4.2 │ 4.2 │ 4.2 │ 40000 │ 168000000 │  306200   │  51200  │ 215040000 │ 1286040000 │ 1673258640000 │ '2023-01-09T10:04:00.000Z' │ 78.1 │ 21.9 │  0  │   3.6    │   0.3    │ 4750.7 │ 7305.8 │  0  │ 8.4  │  28800  │ 120960000  │  125200   │   525840000   │ 11200  │ 47040000  │ 1.5 │
│   18    │ 4.2 │ 4.2 │ 4.2 │ 4.2 │       │           │  309500   │  3300   │ 13860000  │ 1299900000 │ 1673259120000 │ '2023-01-09T10:12:00.000Z' │  0   │ 100  │  0  │    0     │ Infinity │ 4750.7 │ 7305.8 │  0  │      │  -3300  │ -13860000  │  121900   │   511980000   │  3300  │ 13860000  │ 0.5 │
│   19    │ 4.3 │ 4.3 │ 4.3 │ 4.3 │  100  │  430000   │  309600   │   100   │  430000   │ 1300330000 │ 1673259240000 │ '2023-01-09T10:14:00.000Z' │ 100  │  0   │  0  │ Infinity │    0     │ 4750.7 │ 7305.8 │  0  │  0   │   100   │   430000   │  122000   │   512410000   │        │           │     │
│   20    │ 4.2 │ 4.2 │ 4.2 │ 4.2 │       │           │  311600   │  2000   │  8400000  │ 1308730000 │ 1673259480000 │ '2023-01-09T10:18:00.000Z' │  0   │ 100  │  0  │    0     │ Infinity │ 4750.7 │ 7305.8 │  0  │      │  -2000  │  -8400000  │  120000   │   504010000   │  2000  │  8400000  │ 0.3 │
├─────────┼─────┼─────┼─────┼─────┼───────┼───────────┼───────────┼─────────┼───────────┼────────────┼───────────────┼────────────────────────────┼──────┼──────┼─────┼──────────┼──────────┼────────┼────────┼─────┼──────┼─────────┼────────────┼───────────┼───────────────┼────────┼───────────┼─────┤
│ (index) │  c  │  h  │  l  │  o  │  bu   │  val_bu   │ total_vol │ sum_vol │    val    │  acum_val  │   datetime    │            date            │ pbu  │ psd  │ puk │    bs    │    sb    │  abu   │  asd   │ auk │ rbu  │  bu-sd  │ bu-sd_val  │ acum_busd │ acum_busd_val │   sd   │  val_sd   │ rsd │
├─────────┼─────┼─────┼─────┼─────┼───────┼───────────┼───────────┼─────────┼───────────┼────────────┼───────────────┼────────────────────────────┼──────┼──────┼─────┼──────────┼──────────┼────────┼────────┼─────┼──────┼─────────┼────────────┼───────────┼───────────────┼────────┼───────────┼─────┤
│   21    │ 4.2 │ 4.2 │ 4.2 │ 4.2 │       │           │  312600   │  1000   │  4200000  │ 1312930000 │ 1673259720000 │ '2023-01-09T10:22:00.000Z' │  0   │ 100  │  0  │    0     │ Infinity │ 4750.7 │ 7305.8 │  0  │      │  -1000  │  -4200000  │  119000   │   499810000   │  1000  │  4200000  │ 0.1 │
│   22    │ 4.2 │ 4.2 │ 4.2 │ 4.2 │       │           │  315600   │  3000   │ 12600000  │ 1325530000 │ 1673260200000 │ '2023-01-09T10:30:00.000Z' │  0   │ 100  │  0  │    0     │ Infinity │ 4750.7 │ 7305.8 │  0  │      │  -3000  │ -12600000  │  116000   │   487210000   │  3000  │ 12600000  │ 0.4 │
│   23    │ 4.2 │ 4.2 │ 4.2 │ 4.2 │       │           │  316100   │   500   │  2100000  │ 1327630000 │ 1673260440000 │ '2023-01-09T10:34:00.000Z' │  0   │ 100  │  0  │    0     │ Infinity │ 4750.7 │ 7305.8 │  0  │      │  -500   │  -2100000  │  115500   │   485110000   │  500   │  2100000  │ 0.1 │
│   24    │ 4.3 │ 4.3 │ 4.3 │ 4.3 │  100  │  430000   │  316200   │   100   │  430000   │ 1328060000 │ 1673260800000 │ '2023-01-09T10:40:00.000Z' │ 100  │  0   │  0  │ Infinity │    0     │ 4750.7 │ 7305.8 │  0  │  0   │   100   │   430000   │  115600   │   485540000   │        │           │     │
│   25    │ 4.2 │ 4.2 │ 4.2 │ 4.2 │       │           │  327200   │  11000  │ 46200000  │ 1374260000 │ 1673261520000 │ '2023-01-09T10:52:00.000Z' │  0   │ 100  │  0  │    0     │ Infinity │ 4750.7 │ 7305.8 │  0  │      │ -11000  │ -46200000  │  104600   │   439340000   │ 11000  │ 46200000  │ 1.5 │
│   26    │ 4.3 │ 4.3 │ 4.3 │ 4.3 │  100  │  430000   │  327300   │   100   │  430000   │ 1374690000 │ 1673261640000 │ '2023-01-09T10:54:00.000Z' │ 100  │  0   │  0  │ Infinity │    0     │ 4750.7 │ 7305.8 │  0  │  0   │   100   │   430000   │  104700   │   439770000   │        │           │     │
│   27    │ 4.2 │ 4.2 │ 4.2 │ 4.2 │       │           │  327700   │   400   │  1680000  │ 1376370000 │ 1673261760000 │ '2023-01-09T10:56:00.000Z' │  0   │ 100  │  0  │    0     │ Infinity │ 4750.7 │ 7305.8 │  0  │      │  -400   │  -1680000  │  104300   │   438090000   │  400   │  1680000  │ 0.1 │
│   28    │ 4.2 │ 4.2 │ 4.2 │ 4.2 │       │           │  327900   │   200   │  840000   │ 1377210000 │ 1673262240000 │ '2023-01-09T11:04:00.000Z' │  0   │ 100  │  0  │    0     │ Infinity │ 4750.7 │ 7305.8 │  0  │      │  -200   │  -840000   │  104100   │   437250000   │  200   │  840000   │  0  │
│   29    │ 4.2 │ 4.2 │ 4.2 │ 4.2 │       │           │  336600   │  8700   │ 36540000  │ 1413750000 │ 1673262480000 │ '2023-01-09T11:08:00.000Z' │  0   │ 100  │  0  │    0     │ Infinity │ 4750.7 │ 7305.8 │  0  │      │  -8700  │ -36540000  │   95400   │   400710000   │  8700  │ 36540000  │ 1.2 │
│   30    │ 4.2 │ 4.2 │ 4.2 │ 4.2 │       │           │  337000   │   400   │  1680000  │ 1415430000 │ 1673262600000 │ '2023-01-09T11:10:00.000Z' │  0   │ 100  │  0  │    0     │ Infinity │ 4750.7 │ 7305.8 │  0  │      │  -400   │  -1680000  │   95000   │   399030000   │  400   │  1680000  │ 0.1 │
│   31    │ 4.2 │ 4.2 │ 4.2 │ 4.2 │       │           │  389100   │  52100  │ 218820000 │ 1634250000 │ 1673262720000 │ '2023-01-09T11:12:00.000Z' │  0   │ 100  │  0  │    0     │ Infinity │ 4750.7 │ 7305.8 │  0  │      │ -52100  │ -218820000 │   42900   │   180210000   │ 52100  │ 218820000 │ 7.1 │
│   32    │ 4.2 │ 4.2 │ 4.2 │ 4.2 │       │           │  406200   │  17100  │ 71820000  │ 1706070000 │ 1673262840000 │ '2023-01-09T11:14:00.000Z' │  0   │ 100  │  0  │    0     │ Infinity │ 4750.7 │ 7305.8 │  0  │      │ -17100  │ -71820000  │   25800   │   108390000   │ 17100  │ 71820000  │ 2.3 │
│   33    │ 4.2 │ 4.2 │ 4.2 │ 4.2 │ 13500 │ 56700000  │  424700   │  18500  │ 77700000  │ 1783770000 │ 1673262960000 │ '2023-01-09T11:16:00.000Z' │  73  │  27  │  0  │   2.7    │   0.4    │ 4750.7 │ 7305.8 │  0  │ 2.8  │  8500   │  35700000  │   34300   │   144090000   │  5000  │ 21000000  │ 0.7 │
│   34    │ 4.2 │ 4.2 │ 4.2 │ 4.2 │       │           │  449200   │  24500  │ 102900000 │ 1886670000 │ 1673263080000 │ '2023-01-09T11:18:00.000Z' │  0   │ 100  │  0  │    0     │ Infinity │ 4750.7 │ 7305.8 │  0  │      │ -24500  │ -102900000 │   9800    │   41190000    │ 24500  │ 102900000 │ 3.4 │
│   35    │ 4.3 │ 4.3 │ 4.3 │ 4.3 │  100  │  430000   │  449300   │   100   │  430000   │ 1887100000 │ 1673263200000 │ '2023-01-09T11:20:00.000Z' │ 100  │  0   │  0  │ Infinity │    0     │ 4750.7 │ 7305.8 │  0  │  0   │   100   │   430000   │   9900    │   41620000    │        │           │     │
│   36    │ 4.3 │ 4.3 │ 4.3 │ 4.3 │ 23700 │ 101910000 │  473000   │  23700  │ 101910000 │ 1989010000 │ 1673263320000 │ '2023-01-09T11:22:00.000Z' │ 100  │  0   │  0  │ Infinity │    0     │ 4750.7 │ 7305.8 │  0  │  5   │  23700  │ 101910000  │   33600   │   143530000   │        │           │     │
│   37    │ 4.2 │ 4.2 │ 4.2 │ 4.2 │       │           │  474000   │  1000   │  4200000  │ 1993210000 │ 1673263440000 │ '2023-01-09T11:24:00.000Z' │  0   │ 100  │  0  │    0     │ Infinity │ 4750.7 │ 7305.8 │  0  │      │  -1000  │  -4200000  │   32600   │   139330000   │  1000  │  4200000  │ 0.1 │
│   38    │ 4.2 │ 4.2 │ 4.2 │ 4.2 │       │           │  474200   │   200   │  840000   │ 1994050000 │ 1673263680000 │ '2023-01-09T11:28:00.000Z' │  0   │ 100  │  0  │    0     │ Infinity │ 4750.7 │ 7305.8 │  0  │      │  -200   │  -840000   │   32400   │   138490000   │  200   │  840000   │  0  │
│   39    │ 4.2 │ 4.2 │ 4.2 │ 4.2 │       │           │  499200   │  25000  │ 105000000 │ 2099050000 │ 1673269200000 │ '2023-01-09T13:00:00.000Z' │  0   │ 100  │  0  │    0     │ Infinity │ 4750.7 │ 7305.8 │  0  │      │ -25000  │ -105000000 │   7400    │   33490000    │ 25000  │ 105000000 │ 3.4 │
│   40    │ 4.2 │ 4.2 │ 4.2 │ 4.2 │       │           │  499700   │   500   │  2100000  │ 2101150000 │ 1673269560000 │ '2023-01-09T13:06:00.000Z' │  0   │ 100  │  0  │    0     │ Infinity │ 4750.7 │ 7305.8 │  0  │      │  -500   │  -2100000  │   6900    │   31390000    │  500   │  2100000  │ 0.1 │
├─────────┼─────┼─────┼─────┼─────┼───────┼───────────┼───────────┼─────────┼───────────┼────────────┼───────────────┼────────────────────────────┼──────┼──────┼─────┼──────────┼──────────┼────────┼────────┼─────┼──────┼─────────┼────────────┼───────────┼───────────────┼────────┼───────────┼─────┤
│ (index) │  c  │  h  │  l  │  o  │  bu   │  val_bu   │ total_vol │ sum_vol │    val    │  acum_val  │   datetime    │            date            │ pbu  │ psd  │ puk │    bs    │    sb    │  abu   │  asd   │ auk │ rbu  │  bu-sd  │ bu-sd_val  │ acum_busd │ acum_busd_val │   sd   │  val_sd   │ rsd │
├─────────┼─────┼─────┼─────┼─────┼───────┼───────────┼───────────┼─────────┼───────────┼────────────┼───────────────┼────────────────────────────┼──────┼──────┼─────┼──────────┼──────────┼────────┼────────┼─────┼──────┼─────────┼────────────┼───────────┼───────────────┼────────┼───────────┼─────┤
│   41    │ 4.2 │ 4.2 │ 4.2 │ 4.2 │       │           │  514700   │  15000  │ 63000000  │ 2164150000 │ 1673269680000 │ '2023-01-09T13:08:00.000Z' │  0   │ 100  │  0  │    0     │ Infinity │ 4750.7 │ 7305.8 │  0  │      │ -15000  │ -63000000  │   -8100   │   -31610000   │ 15000  │ 63000000  │ 2.1 │
│   42    │ 4.2 │ 4.2 │ 4.2 │ 4.2 │       │           │  570200   │  55500  │ 233100000 │ 2397250000 │ 1673269800000 │ '2023-01-09T13:10:00.000Z' │  0   │ 100  │  0  │    0     │ Infinity │ 4750.7 │ 7305.8 │  0  │      │ -55500  │ -233100000 │  -63600   │  -264710000   │ 55500  │ 233100000 │ 7.6 │
│   43    │ 4.2 │ 4.2 │ 4.2 │ 4.2 │  300  │  1260000  │  592900   │  22700  │ 95340000  │ 2492590000 │ 1673269920000 │ '2023-01-09T13:12:00.000Z' │ 1.3  │ 98.7 │  0  │    0     │   74.7   │ 4750.7 │ 7305.8 │  0  │ 0.1  │ -22100  │ -92820000  │  -85700   │  -357530000   │ 22400  │ 94080000  │ 3.1 │
│   44    │ 4.1 │ 4.1 │ 4.1 │ 4.1 │       │           │  597400   │  4500   │ 18450000  │ 2511040000 │ 1673270040000 │ '2023-01-09T13:14:00.000Z' │  0   │ 100  │  0  │    0     │ Infinity │ 4750.7 │ 7305.8 │  0  │      │  -4500  │ -18450000  │  -90200   │  -375980000   │  4500  │ 18450000  │ 0.6 │
│   45    │ 4.1 │ 4.1 │ 4.1 │ 4.1 │       │           │  598400   │  1000   │  4100000  │ 2515140000 │ 1673270160000 │ '2023-01-09T13:16:00.000Z' │  0   │ 100  │  0  │    0     │ Infinity │ 4750.7 │ 7305.8 │  0  │      │  -1000  │  -4100000  │  -91200   │  -380080000   │  1000  │  4100000  │ 0.1 │
│   46    │ 4.2 │ 4.2 │ 4.2 │ 4.2 │ 1000  │  4200000  │  599400   │  1000   │  4200000  │ 2519340000 │ 1673270280000 │ '2023-01-09T13:18:00.000Z' │ 100  │  0   │  0  │ Infinity │    0     │ 4750.7 │ 7305.8 │  0  │ 0.2  │  1000   │  4200000   │  -90200   │  -375880000   │        │           │     │
│   47    │ 4.2 │ 4.2 │ 4.2 │ 4.2 │ 1500  │  6300000  │  600900   │  1500   │  6300000  │ 2525640000 │ 1673271240000 │ '2023-01-09T13:34:00.000Z' │ 100  │  0   │  0  │ Infinity │    0     │ 4750.7 │ 7305.8 │  0  │ 0.3  │  1500   │  6300000   │  -88700   │  -369580000   │        │           │     │
│   48    │ 4.2 │ 4.2 │ 4.2 │ 4.2 │ 37400 │ 157080000 │  640300   │  39400  │ 165480000 │ 2691120000 │ 1673271480000 │ '2023-01-09T13:38:00.000Z' │ 94.9 │ 5.1  │  0  │   18.7   │   0.1    │ 4750.7 │ 7305.8 │  0  │ 7.9  │  35400  │ 148680000  │  -53300   │  -220900000   │  2000  │  8400000  │ 0.3 │
│   49    │ 4.2 │ 4.2 │ 4.2 │ 4.2 │       │           │  646900   │  6600   │ 27720000  │ 2718840000 │ 1673271600000 │ '2023-01-09T13:40:00.000Z' │  0   │ 100  │  0  │    0     │ Infinity │ 4750.7 │ 7305.8 │  0  │      │  -6600  │ -27720000  │  -59900   │  -248620000   │  6600  │ 27720000  │ 0.9 │
│   50    │ 4.2 │ 4.2 │ 4.2 │ 4.2 │ 2600  │ 10920000  │  649500   │  2600   │ 10920000  │ 2729760000 │ 1673271720000 │ '2023-01-09T13:42:00.000Z' │ 100  │  0   │  0  │ Infinity │    0     │ 4750.7 │ 7305.8 │  0  │ 0.5  │  2600   │  10920000  │  -57300   │  -237700000   │        │           │     │
│   51    │ 4.2 │ 4.2 │ 4.2 │ 4.2 │ 25000 │ 105000000 │  674500   │  25000  │ 105000000 │ 2834760000 │ 1673271840000 │ '2023-01-09T13:44:00.000Z' │ 100  │  0   │  0  │ Infinity │    0     │ 4750.7 │ 7305.8 │  0  │ 5.3  │  25000  │ 105000000  │  -32300   │  -132700000   │        │           │     │
│   52    │ 4.2 │ 4.2 │ 4.2 │ 4.2 │ 4500  │ 18900000  │  682400   │  7900   │ 33180000  │ 2867940000 │ 1673271960000 │ '2023-01-09T13:46:00.000Z' │  57  │  43  │  0  │   1.3    │   0.8    │ 4750.7 │ 7305.8 │  0  │ 0.9  │  1100   │  4620000   │  -31200   │  -128080000   │  3400  │ 14280000  │ 0.5 │
│   53    │ 4.2 │ 4.2 │ 4.2 │ 4.2 │  500  │  2100000  │  682900   │   500   │  2100000  │ 2870040000 │ 1673272080000 │ '2023-01-09T13:48:00.000Z' │ 100  │  0   │  0  │ Infinity │    0     │ 4750.7 │ 7305.8 │  0  │ 0.1  │   500   │  2100000   │  -30700   │  -125980000   │        │           │     │
│   54    │ 4.2 │ 4.3 │ 4.2 │ 4.2 │  100  │  430000   │  687200   │  4300   │ 18070000  │ 2888110000 │ 1673272200000 │ '2023-01-09T13:50:00.000Z' │ 2.3  │ 97.7 │  0  │    0     │    42    │ 4750.7 │ 7305.8 │  0  │  0   │  -4100  │ -17210000  │  -34800   │  -143190000   │  4200  │ 17640000  │ 0.6 │
│   55    │ 4.2 │ 4.2 │ 4.2 │ 4.2 │       │           │  692300   │  5100   │ 21420000  │ 2909530000 │ 1673272320000 │ '2023-01-09T13:52:00.000Z' │  0   │ 100  │  0  │    0     │ Infinity │ 4750.7 │ 7305.8 │  0  │      │  -5100  │ -21420000  │  -39900   │  -164610000   │  5100  │ 21420000  │ 0.7 │
│   56    │ 4.2 │ 4.2 │ 4.2 │ 4.2 │       │           │  698800   │  6500   │ 27300000  │ 2936830000 │ 1673272440000 │ '2023-01-09T13:54:00.000Z' │  0   │ 100  │  0  │    0     │ Infinity │ 4750.7 │ 7305.8 │  0  │      │  -6500  │ -27300000  │  -46400   │  -191910000   │  6500  │ 27300000  │ 0.9 │
│   57    │ 4.2 │ 4.2 │ 4.2 │ 4.2 │       │           │  700700   │  1900   │  7980000  │ 2944810000 │ 1673272560000 │ '2023-01-09T13:56:00.000Z' │  0   │ 100  │  0  │    0     │ Infinity │ 4750.7 │ 7305.8 │  0  │      │  -1900  │  -7980000  │  -48300   │  -199890000   │  1900  │  7980000  │ 0.3 │
│   58    │ 4.2 │ 4.2 │ 4.2 │ 4.2 │       │           │  701800   │  1100   │  4620000  │ 2949430000 │ 1673272920000 │ '2023-01-09T14:02:00.000Z' │  0   │ 100  │  0  │    0     │ Infinity │ 4750.7 │ 7305.8 │  0  │      │  -1100  │  -4620000  │  -49400   │  -204510000   │  1100  │  4620000  │ 0.2 │
│   59    │ 4.2 │ 4.2 │ 4.2 │ 4.2 │       │           │  702700   │   900   │  3780000  │ 2953210000 │ 1673273040000 │ '2023-01-09T14:04:00.000Z' │  0   │ 100  │  0  │    0     │ Infinity │ 4750.7 │ 7305.8 │  0  │      │  -900   │  -3780000  │  -50300   │  -208290000   │  900   │  3780000  │ 0.1 │
│   60    │ 4.2 │ 4.2 │ 4.2 │ 4.2 │       │           │  707700   │  5000   │ 21000000  │ 2974210000 │ 1673273160000 │ '2023-01-09T14:06:00.000Z' │  0   │ 100  │  0  │    0     │ Infinity │ 4750.7 │ 7305.8 │  0  │      │  -5000  │ -21000000  │  -55300   │  -229290000   │  5000  │ 21000000  │ 0.7 │
├─────────┼─────┼─────┼─────┼─────┼───────┼───────────┼───────────┼─────────┼───────────┼────────────┼───────────────┼────────────────────────────┼──────┼──────┼─────┼──────────┼──────────┼────────┼────────┼─────┼──────┼─────────┼────────────┼───────────┼───────────────┼────────┼───────────┼─────┤
│ (index) │  c  │  h  │  l  │  o  │  bu   │  val_bu   │ total_vol │ sum_vol │    val    │  acum_val  │   datetime    │            date            │ pbu  │ psd  │ puk │    bs    │    sb    │  abu   │  asd   │ auk │ rbu  │  bu-sd  │ bu-sd_val  │ acum_busd │ acum_busd_val │   sd   │  val_sd   │ rsd │
├─────────┼─────┼─────┼─────┼─────┼───────┼───────────┼───────────┼─────────┼───────────┼────────────┼───────────────┼────────────────────────────┼──────┼──────┼─────┼──────────┼──────────┼────────┼────────┼─────┼──────┼─────────┼────────────┼───────────┼───────────────┼────────┼───────────┼─────┤
│   61    │ 4.2 │ 4.2 │ 4.2 │ 4.2 │       │           │  708200   │   500   │  2100000  │ 2976310000 │ 1673273280000 │ '2023-01-09T14:08:00.000Z' │  0   │ 100  │  0  │    0     │ Infinity │ 4750.7 │ 7305.8 │  0  │      │  -500   │  -2100000  │  -55800   │  -231390000   │  500   │  2100000  │ 0.1 │
│   62    │ 4.2 │ 4.2 │ 4.2 │ 4.2 │       │           │  712700   │  4500   │ 18900000  │ 2995210000 │ 1673273760000 │ '2023-01-09T14:16:00.000Z' │  0   │ 100  │  0  │    0     │ Infinity │ 4750.7 │ 7305.8 │  0  │      │  -4500  │ -18900000  │  -60300   │  -250290000   │  4500  │ 18900000  │ 0.6 │
│   63    │ 4.2 │ 4.2 │ 4.2 │ 4.2 │       │           │  714000   │  1300   │  5460000  │ 3000670000 │ 1673273880000 │ '2023-01-09T14:18:00.000Z' │  0   │ 100  │  0  │    0     │ Infinity │ 4750.7 │ 7305.8 │  0  │      │  -1300  │  -5460000  │  -61600   │  -255750000   │  1300  │  5460000  │ 0.2 │
│   64    │ 4.2 │ 4.2 │ 4.2 │ 4.2 │       │           │  719000   │  5000   │ 21000000  │ 3021670000 │ 1673274120000 │ '2023-01-09T14:22:00.000Z' │  0   │ 100  │  0  │    0     │ Infinity │ 4750.7 │ 7305.8 │  0  │      │  -5000  │ -21000000  │  -66600   │  -276750000   │  5000  │ 21000000  │ 0.7 │
│   65    │ 4.2 │ 4.2 │ 4.2 │ 4.2 │       │           │  723200   │  4200   │ 17640000  │ 3039310000 │ 1673274240000 │ '2023-01-09T14:24:00.000Z' │  0   │ 100  │  0  │    0     │ Infinity │ 4750.7 │ 7305.8 │  0  │      │  -4200  │ -17640000  │  -70800   │  -294390000   │  4200  │ 17640000  │ 0.6 │
│   66    │ 4.3 │ 4.3 │ 4.2 │ 4.2 │ 1500  │  6450000  │  729700   │  6500   │ 27450000  │ 3066760000 │ 1673274360000 │ '2023-01-09T14:26:00.000Z' │ 23.1 │ 76.9 │  0  │   0.3    │   3.3    │ 4750.7 │ 7305.8 │  0  │ 0.3  │  -3500  │ -14550000  │  -74300   │  -308940000   │  5000  │ 21000000  │ 0.7 │
│   67    │ 4.3 │ 4.3 │ 4.2 │ 4.2 │  100  │  430000   │  729900   │   200   │  850000   │ 3067610000 │ 1673274480000 │ '2023-01-09T14:28:00.000Z' │  50  │  50  │  0  │    1     │    1     │ 4750.7 │ 7305.8 │  0  │  0   │    0    │   10000    │  -74300   │  -308930000   │  100   │  420000   │  0  │
│   68    │ 4.2 │ 4.2 │ 4.2 │ 4.2 │       │           │  831900   │ 102000  │ 428400000 │ 3496010000 │ 1673275440000 │ '2023-01-09T14:44:00.000Z' │  0   │ 100  │  0  │    0     │ Infinity │ 4750.7 │ 7305.8 │  0  │      │ -102000 │ -428400000 │  -176300  │  -737330000   │ 102000 │ 428400000 │ 14  │
└─────────┴─────┴─────┴─────┴─────┴───────┴───────────┴───────────┴─────────┴───────────┴────────────┴───────────────┴────────────────────────────┴──────┴──────┴─────┴──────────┴──────────┴────────┴────────┴─────┴──────┴─────────┴────────────┴───────────┴───────────────┴────────┴───────────┴─────┘

