┌─────────┬───────┬───────┬───────┬───────┬──────┬──────────┬───────────┬─────────┬──────────┬───────────┬───────────────┬────────────────────────────┬─────┬─────┬─────┬──────────┬──────────┬─────┬─────┬─────┬──────┬───────┬───────────┬───────────┬───────────────┬──────┬──────────┬─────┐
│ (index) │   c   │   h   │   l   │   o   │  bu  │  val_bu  │ total_vol │ sum_vol │   val    │ acum_val  │   datetime    │            date            │ pbu │ psd │ puk │    bs    │    sb    │ abu │ asd │ auk │ rbu  │ bu-sd │ bu-sd_val │ acum_busd │ acum_busd_val │  sd  │  val_sd  │ rsd │
├─────────┼───────┼───────┼───────┼───────┼──────┼──────────┼───────────┼─────────┼──────────┼───────────┼───────────────┼────────────────────────────┼─────┼─────┼─────┼──────────┼──────────┼─────┼─────┼─────┼──────┼───────┼───────────┼───────────┼───────────────┼──────┼──────────┼─────┤
│    0    │  14   │  14   │  14   │  14   │ 100  │   1400   │    100    │   100   │   1400   │   1400    │ 1673256480000 │ '2023-01-09T09:28:00.000Z' │ 100 │  0  │  0  │ Infinity │    0     │ 180 │ 550 │  0  │ 0.6  │  100  │   1400    │    100    │     1400      │      │          │     │
│    1    │ 13.95 │ 13.95 │ 13.95 │ 13.95 │ 200  │ 2790000  │    200    │   200   │ 2790000  │  2791400  │ 1673256720000 │ '2023-01-09T09:32:00.000Z' │ 100 │  0  │  0  │ Infinity │    0     │ 180 │ 550 │  0  │ 1.1  │  200  │  2790000  │    300    │    2791400    │      │          │     │
│    2    │ 13.35 │ 13.35 │ 13.35 │ 13.35 │      │          │    400    │   100   │ 1335000  │  4126400  │ 1673257800000 │ '2023-01-09T09:50:00.000Z' │  0  │ 100 │  0  │    0     │ Infinity │ 180 │ 550 │  0  │      │ -100  │ -1335000  │    200    │    1456400    │ 100  │ 1335000  │ 0.2 │
│    3    │ 13.35 │ 13.35 │ 13.35 │ 13.35 │ 100  │ 1335000  │    500    │   100   │ 1335000  │  5461400  │ 1673257920000 │ '2023-01-09T09:52:00.000Z' │ 100 │  0  │  0  │ Infinity │    0     │ 180 │ 550 │  0  │ 0.6  │  100  │  1335000  │    300    │    2791400    │      │          │     │
│    4    │ 13.35 │ 13.35 │ 13.35 │ 13.35 │ 100  │ 1335000  │    600    │   100   │ 1335000  │  6796400  │ 1673258280000 │ '2023-01-09T09:58:00.000Z' │ 100 │  0  │  0  │ Infinity │    0     │ 180 │ 550 │  0  │ 0.6  │  100  │  1335000  │    400    │    4126400    │      │          │     │
│    5    │ 13.35 │ 13.35 │ 13.35 │ 13.35 │ 2800 │ 37380000 │   3400    │  2800   │ 37380000 │ 44176400  │ 1673259000000 │ '2023-01-09T10:10:00.000Z' │ 100 │  0  │  0  │ Infinity │    0     │ 180 │ 550 │  0  │ 15.6 │ 2800  │ 37380000  │   3200    │   41506400    │      │          │     │
│    6    │ 13.8  │ 13.8  │ 13.8  │ 13.8  │ 100  │ 1380000  │   3500    │   100   │ 1380000  │ 45556400  │ 1673259720000 │ '2023-01-09T10:22:00.000Z' │ 100 │  0  │  0  │ Infinity │    0     │ 180 │ 550 │  0  │ 0.6  │  100  │  1380000  │   3300    │   42886400    │      │          │     │
│    7    │ 13.4  │ 13.4  │ 13.4  │ 13.4  │      │          │   3800    │   300   │ 4020000  │ 49576400  │ 1673260200000 │ '2023-01-09T10:30:00.000Z' │  0  │ 100 │  0  │    0     │ Infinity │ 180 │ 550 │  0  │      │ -300  │ -4020000  │   3000    │   38866400    │ 300  │ 4020000  │ 0.5 │
│    8    │ 13.4  │ 13.4  │ 13.4  │ 13.4  │      │          │   4000    │   200   │ 2680000  │ 52256400  │ 1673260440000 │ '2023-01-09T10:34:00.000Z' │  0  │ 100 │  0  │    0     │ Infinity │ 180 │ 550 │  0  │      │ -200  │ -2680000  │   2800    │   36186400    │ 200  │ 2680000  │ 0.4 │
│    9    │ 13.75 │ 13.75 │ 13.75 │ 13.75 │ 100  │ 1375000  │   4100    │   100   │ 1375000  │ 53631400  │ 1673261040000 │ '2023-01-09T10:44:00.000Z' │ 100 │  0  │  0  │ Infinity │    0     │ 180 │ 550 │  0  │ 0.6  │  100  │  1375000  │   2900    │   37561400    │      │          │     │
│   10    │ 13.35 │ 13.35 │ 13.35 │ 13.35 │      │          │   4400    │   300   │ 4005000  │ 57636400  │ 1673262240000 │ '2023-01-09T11:04:00.000Z' │  0  │ 100 │  0  │    0     │ Infinity │ 180 │ 550 │  0  │      │ -300  │ -4005000  │   2600    │   33556400    │ 300  │ 4005000  │ 0.5 │
│   11    │ 13.35 │ 13.35 │ 13.35 │ 13.35 │      │          │   5400    │  1000   │ 13350000 │ 70986400  │ 1673263080000 │ '2023-01-09T11:18:00.000Z' │  0  │ 100 │  0  │    0     │ Infinity │ 180 │ 550 │  0  │      │ -1000 │ -13350000 │   1600    │   20206400    │ 1000 │ 13350000 │ 1.8 │
│   12    │ 13.35 │ 13.35 │ 13.35 │ 13.35 │      │          │   8400    │  3000   │ 40050000 │ 111036400 │ 1673263320000 │ '2023-01-09T11:22:00.000Z' │  0  │ 100 │  0  │    0     │ Infinity │ 180 │ 550 │  0  │      │ -3000 │ -40050000 │   -1400   │   -19843600   │ 3000 │ 40050000 │ 5.5 │
│   13    │ 13.35 │ 13.35 │ 13.35 │ 13.35 │      │          │   8500    │   100   │ 1335000  │ 112371400 │ 1673269320000 │ '2023-01-09T13:02:00.000Z' │  0  │ 100 │  0  │    0     │ Infinity │ 180 │ 550 │  0  │      │ -100  │ -1335000  │   -1500   │   -21178600   │ 100  │ 1335000  │ 0.2 │
│   14    │ 13.35 │ 13.35 │ 13.35 │ 13.35 │      │          │   10500   │  2000   │ 26700000 │ 139071400 │ 1673270160000 │ '2023-01-09T13:16:00.000Z' │  0  │ 100 │  0  │    0     │ Infinity │ 180 │ 550 │  0  │      │ -2000 │ -26700000 │   -3500   │   -47878600   │ 2000 │ 26700000 │ 3.6 │
│   15    │ 13.35 │ 13.35 │ 13.35 │ 13.35 │      │          │   11000   │   500   │ 6675000  │ 145746400 │ 1673270400000 │ '2023-01-09T13:20:00.000Z' │  0  │ 100 │  0  │    0     │ Infinity │ 180 │ 550 │  0  │      │ -500  │ -6675000  │   -4000   │   -54553600   │ 500  │ 6675000  │ 0.9 │
│   16    │ 13.35 │ 13.35 │ 13.35 │ 13.35 │ 100  │ 1335000  │   11100   │   100   │ 1335000  │ 147081400 │ 1673270880000 │ '2023-01-09T13:28:00.000Z' │ 100 │  0  │  0  │ Infinity │    0     │ 180 │ 550 │  0  │ 0.6  │  100  │  1335000  │   -3900   │   -53218600   │      │          │     │
│   17    │ 13.2  │ 13.2  │ 13.2  │ 13.2  │      │          │   11600   │   500   │ 6600000  │ 153681400 │ 1673271480000 │ '2023-01-09T13:38:00.000Z' │  0  │ 100 │  0  │    0     │ Infinity │ 180 │ 550 │  0  │      │ -500  │ -6600000  │   -4400   │   -59818600   │ 500  │ 6600000  │ 0.9 │
│   18    │ 13.2  │ 13.2  │ 13.2  │ 13.2  │      │          │   12600   │  1000   │ 13200000 │ 166881400 │ 1673274480000 │ '2023-01-09T14:28:00.000Z' │  0  │ 100 │  0  │    0     │ Infinity │ 180 │ 550 │  0  │      │ -1000 │ -13200000 │   -5400   │   -73018600   │ 1000 │ 13200000 │ 1.8 │
│   19    │ 12.8  │ 12.8  │ 12.8  │ 12.8  │      │          │   14600   │  2000   │ 25600000 │ 192481400 │ 1673275440000 │ '2023-01-09T14:44:00.000Z' │  0  │ 100 │  0  │    0     │ Infinity │ 180 │ 550 │  0  │      │ -2000 │ -25600000 │   -7400   │   -98618600   │ 2000 │ 25600000 │ 3.6 │
└─────────┴───────┴───────┴───────┴───────┴──────┴──────────┴───────────┴─────────┴──────────┴───────────┴───────────────┴────────────────────────────┴─────┴─────┴─────┴──────────┴──────────┴─────┴─────┴─────┴──────┴───────┴───────────┴───────────┴───────────────┴──────┴──────────┴─────┘
├─────────┼───────┼───────┼───────┼───────┼──────┼──────────┼───────────┼─────────┼──────────┼───────────┼───────────────┼────────────────────────────┼─────┼─────┼─────┼──────────┼──────────┼─────┼─────┼─────┼──────┼───────┼───────────┼───────────┼───────────────┼──────┼──────────┼─────┤
│ (index) │   c   │   h   │   l   │   o   │  bu  │  val_bu  │ total_vol │ sum_vol │   val    │ acum_val  │   datetime    │            date            │ pbu │ psd │ puk │    bs    │    sb    │ abu │ asd │ auk │ rbu  │ bu-sd │ bu-sd_val │ acum_busd │ acum_busd_val │  sd  │  val_sd  │ rsd │
├─────────┼───────┼───────┼───────┼───────┼──────┼──────────┼───────────┼─────────┼──────────┼───────────┼───────────────┼────────────────────────────┼─────┼─────┼─────┼──────────┼──────────┼─────┼─────┼─────┼──────┼───────┼───────────┼───────────┼───────────────┼──────┼──────────┼─────┤

