┌─────────┬─────┬─────┬─────┬─────┬──────┬─────────┬───────────┬─────────┬──────────┬──────────┬───────────────┬────────────────────────────┬─────┬─────┬─────┬──────────┬──────────┬───────┬────────┬─────┬─────┬───────┬───────────┬───────────┬───────────────┬──────┬──────────┬─────┐
│ (index) │  c  │  h  │  l  │  o  │  bu  │ val_bu  │ total_vol │ sum_vol │   val    │ acum_val │   datetime    │            date            │ pbu │ psd │ puk │    bs    │    sb    │  abu  │  asd   │ auk │ rbu │ bu-sd │ bu-sd_val │ acum_busd │ acum_busd_val │  sd  │  val_sd  │ rsd │
├─────────┼─────┼─────┼─────┼─────┼──────┼─────────┼───────────┼─────────┼──────────┼──────────┼───────────────┼────────────────────────────┼─────┼─────┼─────┼──────────┼──────────┼───────┼────────┼─────┼─────┼───────┼───────────┼───────────┼───────────────┼──────┼──────────┼─────┤
│    0    │ 3.6 │ 3.6 │ 3.6 │ 3.6 │ 100  │ 360000  │    100    │   100   │  360000  │  360000  │ 1673254800000 │ '2023-01-09T09:00:00.000Z' │ 100 │  0  │  0  │ Infinity │    0     │ 262.5 │ 1068.8 │  0  │ 0.4 │  100  │  360000   │    100    │    360000     │      │          │     │
│    1    │ 3.6 │ 3.6 │ 3.6 │ 3.6 │ 300  │ 1080000 │    400    │   300   │ 1080000  │ 1440000  │ 1673257920000 │ '2023-01-09T09:52:00.000Z' │ 100 │  0  │  0  │ Infinity │    0     │ 262.5 │ 1068.8 │  0  │ 1.1 │  300  │  1080000  │    400    │    1440000    │      │          │     │
│    2    │ 3.5 │ 3.5 │ 3.5 │ 3.5 │      │         │    700    │   300   │ 1050000  │ 2490000  │ 1673258160000 │ '2023-01-09T09:56:00.000Z' │  0  │ 100 │  0  │    0     │ Infinity │ 262.5 │ 1068.8 │  0  │     │ -300  │ -1050000  │    100    │    390000     │ 300  │ 1050000  │ 0.3 │
│    3    │ 3.5 │ 3.5 │ 3.5 │ 3.5 │      │         │   1700    │  1000   │ 3500000  │ 5990000  │ 1673258400000 │ '2023-01-09T10:00:00.000Z' │  0  │ 100 │  0  │    0     │ Infinity │ 262.5 │ 1068.8 │  0  │     │ -1000 │ -3500000  │   -900    │   -3110000    │ 1000 │ 3500000  │ 0.9 │
│    4    │ 3.5 │ 3.5 │ 3.5 │ 3.5 │ 200  │ 700000  │   1900    │   200   │  700000  │ 6690000  │ 1673259000000 │ '2023-01-09T10:10:00.000Z' │ 100 │  0  │  0  │ Infinity │    0     │ 262.5 │ 1068.8 │  0  │ 0.8 │  200  │  700000   │   -700    │   -2410000    │      │          │     │
│    5    │ 3.5 │ 3.5 │ 3.5 │ 3.5 │ 1500 │ 5250000 │   3400    │  1500   │ 5250000  │ 11940000 │ 1673261760000 │ '2023-01-09T10:56:00.000Z' │ 100 │  0  │  0  │ Infinity │    0     │ 262.5 │ 1068.8 │  0  │ 5.7 │ 1500  │  5250000  │    800    │    2840000    │      │          │     │
│    6    │ 3.5 │ 3.5 │ 3.5 │ 3.5 │ 500  │ 1750000 │   3900    │   500   │ 1750000  │ 13690000 │ 1673261880000 │ '2023-01-09T10:58:00.000Z' │ 100 │  0  │  0  │ Infinity │    0     │ 262.5 │ 1068.8 │  0  │ 1.9 │  500  │  1750000  │   1300    │    4590000    │      │          │     │
│    7    │ 3.5 │ 3.5 │ 3.5 │ 3.5 │ 1200 │ 4200000 │   5100    │  1200   │ 4200000  │ 17890000 │ 1673262000000 │ '2023-01-09T11:00:00.000Z' │ 100 │  0  │  0  │ Infinity │    0     │ 262.5 │ 1068.8 │  0  │ 4.6 │ 1200  │  4200000  │   2500    │    8790000    │      │          │     │
│    8    │ 3.4 │ 3.4 │ 3.4 │ 3.4 │      │         │   5400    │   300   │ 1020000  │ 18910000 │ 1673269200000 │ '2023-01-09T13:00:00.000Z' │  0  │ 100 │  0  │    0     │ Infinity │ 262.5 │ 1068.8 │  0  │     │ -300  │ -1020000  │   2200    │    7770000    │ 300  │ 1020000  │ 0.3 │
│    9    │ 3.5 │ 3.5 │ 3.5 │ 3.5 │ 100  │ 350000  │   5500    │   100   │  350000  │ 19260000 │ 1673270520000 │ '2023-01-09T13:22:00.000Z' │ 100 │  0  │  0  │ Infinity │    0     │ 262.5 │ 1068.8 │  0  │ 0.4 │  100  │  350000   │   2300    │    8120000    │      │          │     │
│   10    │ 3.5 │ 3.5 │ 3.5 │ 3.5 │ 300  │ 1050000 │   5800    │   300   │ 1050000  │ 20310000 │ 1673271000000 │ '2023-01-09T13:30:00.000Z' │ 100 │  0  │  0  │ Infinity │    0     │ 262.5 │ 1068.8 │  0  │ 1.1 │  300  │  1050000  │   2600    │    9170000    │      │          │     │
│   11    │ 3.5 │ 3.5 │ 3.5 │ 3.5 │      │         │   6800    │  1000   │ 3500000  │ 23810000 │ 1673271600000 │ '2023-01-09T13:40:00.000Z' │  0  │ 100 │  0  │    0     │ Infinity │ 262.5 │ 1068.8 │  0  │     │ -1000 │ -3500000  │   1600    │    5670000    │ 1000 │ 3500000  │ 0.9 │
│   12    │ 3.5 │ 3.5 │ 3.5 │ 3.5 │      │         │   9300    │  2500   │ 8750000  │ 32560000 │ 1673273520000 │ '2023-01-09T14:12:00.000Z' │  0  │ 100 │  0  │    0     │ Infinity │ 262.5 │ 1068.8 │  0  │     │ -2500 │ -8750000  │   -900    │   -3080000    │ 2500 │ 8750000  │ 2.3 │
│   13    │ 3.5 │ 3.5 │ 3.5 │ 3.5 │      │         │   13600   │  4300   │ 15050000 │ 47610000 │ 1673273640000 │ '2023-01-09T14:14:00.000Z' │  0  │ 100 │  0  │    0     │ Infinity │ 262.5 │ 1068.8 │  0  │     │ -4300 │ -15050000 │   -5200   │   -18130000   │ 4300 │ 15050000 │  4  │
│   14    │ 3.5 │ 3.5 │ 3.5 │ 3.5 │      │         │   19800   │  6200   │ 21700000 │ 69310000 │ 1673274000000 │ '2023-01-09T14:20:00.000Z' │  0  │ 100 │  0  │    0     │ Infinity │ 262.5 │ 1068.8 │  0  │     │ -6200 │ -21700000 │  -11400   │   -39830000   │ 6200 │ 21700000 │ 5.8 │
│   15    │ 3.4 │ 3.4 │ 3.4 │ 3.4 │      │         │   21300   │  1500   │ 5100000  │ 74410000 │ 1673275200000 │ '2023-01-09T14:40:00.000Z' │  0  │ 100 │  0  │    0     │ Infinity │ 262.5 │ 1068.8 │  0  │     │ -1500 │ -5100000  │  -12900   │   -44930000   │ 1500 │ 5100000  │ 1.4 │
└─────────┴─────┴─────┴─────┴─────┴──────┴─────────┴───────────┴─────────┴──────────┴──────────┴───────────────┴────────────────────────────┴─────┴─────┴─────┴──────────┴──────────┴───────┴────────┴─────┴─────┴───────┴───────────┴───────────┴───────────────┴──────┴──────────┴─────┘

