┌─────────┬───────┬───────┬───────┬───────┬──────┬───────────┬───────────┬─────────┬───────────┬───────────┬───────────────┬────────────────────────────┬──────┬──────┬─────┬──────────┬──────────┬───────┬───────┬─────┬─────┬───────┬────────────┬───────────┬───────────────┬──────┬───────────┬──────┐
│ (index) │   c   │   h   │   l   │   o   │  bu  │  val_bu   │ total_vol │ sum_vol │    val    │ acum_val  │   datetime    │            date            │ pbu  │ psd  │ puk │    bs    │    sb    │  abu  │  asd  │ auk │ rbu │ bu-sd │ bu-sd_val  │ acum_busd │ acum_busd_val │  sd  │  val_sd   │ rsd  │
├─────────┼───────┼───────┼───────┼───────┼──────┼───────────┼───────────┼─────────┼───────────┼───────────┼───────────────┼────────────────────────────┼──────┼──────┼─────┼──────────┼──────────┼───────┼───────┼─────┼─────┼───────┼────────────┼───────────┼───────────────┼──────┼───────────┼──────┤
│    0    │ 27.9  │ 27.9  │ 27.85 │ 27.85 │ 7200 │ 200525000 │   7200    │  7200   │ 200525000 │ 200525000 │ 1675415700000 │ '2023-02-03T09:15:00.000Z' │ 100  │  0   │  0  │ Infinity │    0     │ 788.2 │ 588.2 │  0  │ 9.1 │ 7200  │ 200525000  │   7200    │   200525000   │      │           │      │
│    1    │ 27.9  │ 27.9  │ 27.9  │ 27.9  │ 700  │ 19530000  │   7900    │   700   │ 19530000  │ 220055000 │ 1675416900000 │ '2023-02-03T09:35:00.000Z' │ 100  │  0   │  0  │ Infinity │    0     │ 788.2 │ 588.2 │  0  │ 0.9 │  700  │  19530000  │   7900    │   220055000   │      │           │      │
│    2    │ 27.9  │ 27.9  │ 27.85 │ 27.85 │ 400  │ 11160000  │   8400    │   500   │ 13945000  │ 234000000 │ 1675418700000 │ '2023-02-03T10:05:00.000Z' │  80  │  20  │  0  │    4     │   0.3    │ 788.2 │ 588.2 │  0  │ 0.5 │  300  │  8375000   │   8200    │   228430000   │ 100  │  2785000  │ 0.2  │
│    3    │ 27.85 │ 27.85 │ 27.85 │ 27.85 │      │           │   8500    │   100   │  2785000  │ 236785000 │ 1675419600000 │ '2023-02-03T10:20:00.000Z' │  0   │ 100  │  0  │    0     │ Infinity │ 788.2 │ 588.2 │  0  │     │ -100  │  -2785000  │   8100    │   225645000   │ 100  │  2785000  │ 0.2  │
│    4    │ 27.9  │ 27.9  │ 27.85 │ 27.85 │ 1600 │ 44640000  │   10900   │  2400   │ 66920000  │ 303705000 │ 1675419900000 │ '2023-02-03T10:25:00.000Z' │ 66.7 │ 33.3 │  0  │    2     │   0.5    │ 788.2 │ 588.2 │  0  │  2  │  800  │  22360000  │   8900    │   248005000   │ 800  │ 22280000  │ 1.4  │
│    5    │ 27.85 │ 27.85 │ 27.85 │ 27.85 │      │           │   11200   │   300   │  8355000  │ 312060000 │ 1675420500000 │ '2023-02-03T10:35:00.000Z' │  0   │ 100  │  0  │    0     │ Infinity │ 788.2 │ 588.2 │  0  │     │ -300  │  -8355000  │   8600    │   239650000   │ 300  │  8355000  │ 0.5  │
│    6    │ 27.85 │ 27.85 │ 27.85 │ 27.85 │      │           │   11500   │   300   │  8355000  │ 320415000 │ 1675420800000 │ '2023-02-03T10:40:00.000Z' │  0   │ 100  │  0  │    0     │ Infinity │ 788.2 │ 588.2 │  0  │     │ -300  │  -8355000  │   8300    │   231295000   │ 300  │  8355000  │ 0.5  │
│    7    │ 27.85 │ 27.85 │ 27.85 │ 27.85 │      │           │   12500   │  1000   │ 27850000  │ 348265000 │ 1675422000000 │ '2023-02-03T11:00:00.000Z' │  0   │ 100  │  0  │    0     │ Infinity │ 788.2 │ 588.2 │  0  │     │ -1000 │ -27850000  │   7300    │   203445000   │ 1000 │ 27850000  │ 1.7  │
│    8    │ 27.9  │ 27.9  │ 27.9  │ 27.9  │ 100  │  2790000  │   12600   │   100   │  2790000  │ 351055000 │ 1675422900000 │ '2023-02-03T11:15:00.000Z' │ 100  │  0   │  0  │ Infinity │    0     │ 788.2 │ 588.2 │  0  │ 0.1 │  100  │  2790000   │   7400    │   206235000   │      │           │      │
│    9    │ 27.85 │ 27.85 │ 27.85 │ 27.85 │      │           │   13100   │   500   │ 13925000  │ 364980000 │ 1675423500000 │ '2023-02-03T11:25:00.000Z' │  0   │ 100  │  0  │    0     │ Infinity │ 788.2 │ 588.2 │  0  │     │ -500  │ -13925000  │   6900    │   192310000   │ 500  │ 13925000  │ 0.9  │
│   10    │ 27.85 │ 27.85 │ 27.85 │ 27.85 │      │           │   13200   │   100   │  2785000  │ 367765000 │ 1675429500000 │ '2023-02-03T13:05:00.000Z' │  0   │ 100  │  0  │    0     │ Infinity │ 788.2 │ 588.2 │  0  │     │ -100  │  -2785000  │   6800    │   189525000   │ 100  │  2785000  │ 0.2  │
│   11    │ 27.9  │ 27.9  │ 27.9  │ 27.9  │ 2000 │ 55800000  │   15200   │  2000   │ 55800000  │ 423565000 │ 1675430100000 │ '2023-02-03T13:15:00.000Z' │ 100  │  0   │  0  │ Infinity │    0     │ 788.2 │ 588.2 │  0  │ 2.5 │ 2000  │  55800000  │   8800    │   245325000   │      │           │      │
│   12    │ 27.9  │ 27.9  │ 27.9  │ 27.9  │ 800  │ 22320000  │   16000   │   800   │ 22320000  │ 445885000 │ 1675431000000 │ '2023-02-03T13:30:00.000Z' │ 100  │  0   │  0  │ Infinity │    0     │ 788.2 │ 588.2 │  0  │  1  │  800  │  22320000  │   9600    │   267645000   │      │           │      │
│   13    │ 27.9  │ 27.9  │ 27.9  │ 27.9  │ 600  │ 16740000  │   16600   │   600   │ 16740000  │ 462625000 │ 1675431300000 │ '2023-02-03T13:35:00.000Z' │ 100  │  0   │  0  │ Infinity │    0     │ 788.2 │ 588.2 │  0  │ 0.8 │  600  │  16740000  │   10200   │   284385000   │      │           │      │
│   14    │ 27.85 │ 27.85 │ 27.85 │ 27.85 │      │           │   23100   │  6500   │ 181025000 │ 643650000 │ 1675431900000 │ '2023-02-03T13:45:00.000Z' │  0   │ 100  │  0  │    0     │ Infinity │ 788.2 │ 588.2 │  0  │     │ -6500 │ -181025000 │   3700    │   103360000   │ 6500 │ 181025000 │ 11.1 │
│   15    │ 27.85 │ 27.85 │ 27.85 │ 27.85 │      │           │   23200   │   100   │  2785000  │ 646435000 │ 1675432200000 │ '2023-02-03T13:50:00.000Z' │  0   │ 100  │  0  │    0     │ Infinity │ 788.2 │ 588.2 │  0  │     │ -100  │  -2785000  │   3600    │   100575000   │ 100  │  2785000  │ 0.2  │
│   16    │ 27.85 │ 27.85 │ 27.85 │ 27.85 │      │           │   23400   │   200   │  5570000  │ 652005000 │ 1675432500000 │ '2023-02-03T13:55:00.000Z' │  0   │ 100  │  0  │    0     │ Infinity │ 788.2 │ 588.2 │  0  │     │ -200  │  -5570000  │   3400    │   95005000    │ 200  │  5570000  │ 0.3  │
└─────────┴───────┴───────┴───────┴───────┴──────┴───────────┴───────────┴─────────┴───────────┴───────────┴───────────────┴────────────────────────────┴──────┴──────┴─────┴──────────┴──────────┴───────┴───────┴─────┴─────┴───────┴────────────┴───────────┴───────────────┴──────┴───────────┴──────┘

