┌─────────┬─────┬─────┬─────┬─────┬───────┬──────────┬───────────┬─────────┬──────────┬───────────┬───────────────┬────────────────────────────┬──────┬──────┬─────┬──────────┬──────────┬─────────┬────────┬─────┬─────┬───────┬───────────┬───────────┬───────────────┬──────┬─────────┬─────┐
│ (index) │  c  │  h  │  l  │  o  │  bu   │  val_bu  │ total_vol │ sum_vol │   val    │ acum_val  │   datetime    │            date            │ pbu  │ psd  │ puk │    bs    │    sb    │   abu   │  asd   │ auk │ rbu │ bu-sd │ bu-sd_val │ acum_busd │ acum_busd_val │  sd  │ val_sd  │ rsd │
├─────────┼─────┼─────┼─────┼─────┼───────┼──────────┼───────────┼─────────┼──────────┼───────────┼───────────────┼────────────────────────────┼──────┼──────┼─────┼──────────┼──────────┼─────────┼────────┼─────┼─────┼───────┼───────────┼───────────┼───────────────┼──────┼─────────┼─────┤
│    0    │ 0.8 │ 0.8 │ 0.8 │ 0.8 │  100  │  80000   │    100    │   100   │  80000   │   80000   │ 1675414800000 │ '2023-02-03T09:00:00.000Z' │ 100  │  0   │  0  │ Infinity │    0     │ 14368.8 │ 1181.3 │  0  │  0  │  100  │   80000   │    100    │     80000     │      │         │     │
│    1    │ 0.8 │ 0.8 │ 0.8 │ 0.8 │ 1300  │ 1040000  │   1400    │  1300   │ 1040000  │  1120000  │ 1675415400000 │ '2023-02-03T09:10:00.000Z' │ 100  │  0   │  0  │ Infinity │    0     │ 14368.8 │ 1181.3 │  0  │ 0.1 │ 1300  │  1040000  │   1400    │    1120000    │      │         │     │
│    2    │ 0.8 │ 0.8 │ 0.8 │ 0.8 │ 90000 │ 72000000 │   91400   │  90000  │ 72000000 │ 73120000  │ 1675415700000 │ '2023-02-03T09:15:00.000Z' │ 100  │  0   │  0  │ Infinity │    0     │ 14368.8 │ 1181.3 │  0  │ 6.3 │ 90000 │ 72000000  │   91400   │   73120000    │      │         │     │
│    3    │ 0.8 │ 0.8 │ 0.8 │ 0.8 │       │          │   91600   │   200   │  160000  │ 73280000  │ 1675416000000 │ '2023-02-03T09:20:00.000Z' │  0   │ 100  │  0  │    0     │ Infinity │ 14368.8 │ 1181.3 │  0  │     │ -200  │  -160000  │   91200   │   72960000    │ 200  │ 160000  │ 0.2 │
│    4    │ 0.8 │ 0.8 │ 0.8 │ 0.8 │       │          │   93400   │  1800   │ 1440000  │ 74720000  │ 1675416300000 │ '2023-02-03T09:25:00.000Z' │  0   │ 100  │  0  │    0     │ Infinity │ 14368.8 │ 1181.3 │  0  │     │ -1800 │ -1440000  │   89400   │   71520000    │ 1800 │ 1440000 │ 1.5 │
│    5    │ 0.8 │ 0.8 │ 0.8 │ 0.8 │  500  │  400000  │   94000   │   600   │  480000  │ 75200000  │ 1675416600000 │ '2023-02-03T09:30:00.000Z' │ 83.3 │ 16.7 │  0  │    5     │   0.2    │ 14368.8 │ 1181.3 │  0  │  0  │  400  │  320000   │   89800   │   71840000    │ 100  │  80000  │ 0.1 │
│    6    │ 0.8 │ 0.8 │ 0.8 │ 0.8 │ 24400 │ 19520000 │  118400   │  24400  │ 19520000 │ 94720000  │ 1675416900000 │ '2023-02-03T09:35:00.000Z' │ 100  │  0   │  0  │ Infinity │    0     │ 14368.8 │ 1181.3 │  0  │ 1.7 │ 24400 │ 19520000  │  114200   │   91360000    │      │         │     │
│    7    │ 0.8 │ 0.8 │ 0.8 │ 0.8 │       │          │  125000   │  6600   │ 5280000  │ 100000000 │ 1675417200000 │ '2023-02-03T09:40:00.000Z' │  0   │ 100  │  0  │    0     │ Infinity │ 14368.8 │ 1181.3 │  0  │     │ -6600 │ -5280000  │  107600   │   86080000    │ 6600 │ 5280000 │ 5.6 │
│    8    │ 0.8 │ 0.8 │ 0.8 │ 0.8 │ 2000  │ 1600000  │  127000   │  2000   │ 1600000  │ 101600000 │ 1675417800000 │ '2023-02-03T09:50:00.000Z' │ 100  │  0   │  0  │ Infinity │    0     │ 14368.8 │ 1181.3 │  0  │ 0.1 │ 2000  │  1600000  │  109600   │   87680000    │      │         │     │
│    9    │ 0.8 │ 0.8 │ 0.8 │ 0.8 │ 95000 │ 76000000 │  222000   │  95000  │ 76000000 │ 177600000 │ 1675420200000 │ '2023-02-03T10:30:00.000Z' │ 100  │  0   │  0  │ Infinity │    0     │ 14368.8 │ 1181.3 │  0  │ 6.6 │ 95000 │ 76000000  │  204600   │   163680000   │      │         │     │
│   10    │ 0.8 │ 0.8 │ 0.8 │ 0.8 │ 15000 │ 12000000 │  237000   │  15000  │ 12000000 │ 189600000 │ 1675420500000 │ '2023-02-03T10:35:00.000Z' │ 100  │  0   │  0  │ Infinity │    0     │ 14368.8 │ 1181.3 │  0  │  1  │ 15000 │ 12000000  │  219600   │   175680000   │      │         │     │
│   11    │ 0.8 │ 0.8 │ 0.8 │ 0.8 │       │          │  237500   │   500   │  400000  │ 190000000 │ 1675420800000 │ '2023-02-03T10:40:00.000Z' │  0   │ 100  │  0  │    0     │ Infinity │ 14368.8 │ 1181.3 │  0  │     │ -500  │  -400000  │  219100   │   175280000   │ 500  │ 400000  │ 0.4 │
│   12    │ 0.8 │ 0.8 │ 0.8 │ 0.8 │       │          │  247000   │  9500   │ 7600000  │ 197600000 │ 1675421700000 │ '2023-02-03T10:55:00.000Z' │  0   │ 100  │  0  │    0     │ Infinity │ 14368.8 │ 1181.3 │  0  │     │ -9500 │ -7600000  │  209600   │   167680000   │ 9500 │ 7600000 │  8  │
│   13    │ 0.8 │ 0.8 │ 0.8 │ 0.8 │ 1000  │  800000  │  248000   │  1000   │  800000  │ 198400000 │ 1675422900000 │ '2023-02-03T11:15:00.000Z' │ 100  │  0   │  0  │ Infinity │    0     │ 14368.8 │ 1181.3 │  0  │ 0.1 │ 1000  │  800000   │  210600   │   168480000   │      │         │     │
│   14    │ 0.7 │ 0.7 │ 0.7 │ 0.7 │       │          │  248200   │   200   │  140000  │ 198540000 │ 1675433400000 │ '2023-02-03T14:10:00.000Z' │  0   │ 100  │  0  │    0     │ Infinity │ 14368.8 │ 1181.3 │  0  │     │ -200  │  -140000  │  210400   │   168340000   │ 200  │ 140000  │ 0.2 │
│   15    │ 0.8 │ 0.8 │ 0.8 │ 0.8 │  600  │  480000  │  248800   │   600   │  480000  │ 199020000 │ 1675434000000 │ '2023-02-03T14:20:00.000Z' │ 100  │  0   │  0  │ Infinity │    0     │ 14368.8 │ 1181.3 │  0  │  0  │  600  │  480000   │  211000   │   168820000   │      │         │     │
└─────────┴─────┴─────┴─────┴─────┴───────┴──────────┴───────────┴─────────┴──────────┴───────────┴───────────────┴────────────────────────────┴──────┴──────┴─────┴──────────┴──────────┴─────────┴────────┴─────┴─────┴───────┴───────────┴───────────┴───────────────┴──────┴─────────┴─────┘

