┌─────────┬─────┬─────┬─────┬─────┬───────┬─────────┬───────────┬─────────┬──────────┬──────────┬───────────────┬────────────────────────────┬─────┬─────┬─────┬──────────┬──────────┬──────┬──────┬─────┬─────┬────────┬───────────┬───────────┬───────────────┬───────┬──────────┬─────┐
│ (index) │  c  │  h  │  l  │  o  │  bu   │ val_bu  │ total_vol │ sum_vol │   val    │ acum_val │   datetime    │            date            │ pbu │ psd │ puk │    bs    │    sb    │ abu  │ asd  │ auk │ rbu │ bu-sd  │ bu-sd_val │ acum_busd │ acum_busd_val │  sd   │  val_sd  │ rsd │
├─────────┼─────┼─────┼─────┼─────┼───────┼─────────┼───────────┼─────────┼──────────┼──────────┼───────────────┼────────────────────────────┼─────┼─────┼─────┼──────────┼──────────┼──────┼──────┼─────┼─────┼────────┼───────────┼───────────┼───────────────┼───────┼──────────┼─────┤
│    0    │ 0.7 │ 0.7 │ 0.7 │ 0.7 │  100  │  70000  │    100    │   100   │  70000   │  70000   │ 1675416000000 │ '2023-02-03T09:20:00.000Z' │ 100 │  0  │  0  │ Infinity │    0     │ 1125 │ 3900 │  0  │ 0.1 │  100   │   70000   │    100    │     70000     │       │          │     │
│    1    │ 0.6 │ 0.6 │ 0.6 │ 0.6 │       │         │   36800   │  36700  │ 22020000 │ 22090000 │ 1675416900000 │ '2023-02-03T09:35:00.000Z' │  0  │ 100 │  0  │    0     │ Infinity │ 1125 │ 3900 │  0  │     │ -36700 │ -22020000 │  -36600   │   -21950000   │ 36700 │ 22020000 │ 9.4 │
│    2    │ 0.6 │ 0.6 │ 0.6 │ 0.6 │       │         │   38000   │  1200   │  720000  │ 22810000 │ 1675417200000 │ '2023-02-03T09:40:00.000Z' │  0  │ 100 │  0  │    0     │ Infinity │ 1125 │ 3900 │  0  │     │ -1200  │  -720000  │  -37800   │   -22670000   │ 1200  │  720000  │ 0.3 │
│    3    │ 0.7 │ 0.7 │ 0.7 │ 0.7 │  400  │ 280000  │   38400   │   400   │  280000  │ 23090000 │ 1675417500000 │ '2023-02-03T09:45:00.000Z' │ 100 │  0  │  0  │ Infinity │    0     │ 1125 │ 3900 │  0  │ 0.4 │  400   │  280000   │  -37400   │   -22390000   │       │          │     │
│    4    │ 0.7 │ 0.7 │ 0.7 │ 0.7 │ 10000 │ 7000000 │   48400   │  10000  │ 7000000  │ 30090000 │ 1675418100000 │ '2023-02-03T09:55:00.000Z' │ 100 │  0  │  0  │ Infinity │    0     │ 1125 │ 3900 │  0  │ 8.9 │ 10000  │  7000000  │  -27400   │   -15390000   │       │          │     │
│    5    │ 0.7 │ 0.7 │ 0.7 │ 0.7 │  200  │ 140000  │   48600   │   200   │  140000  │ 30230000 │ 1675419000000 │ '2023-02-03T10:10:00.000Z' │ 100 │  0  │  0  │ Infinity │    0     │ 1125 │ 3900 │  0  │ 0.2 │  200   │  140000   │  -27200   │   -15250000   │       │          │     │
│    6    │ 0.6 │ 0.6 │ 0.6 │ 0.6 │       │         │   51100   │  2500   │ 1500000  │ 31730000 │ 1675421100000 │ '2023-02-03T10:45:00.000Z' │  0  │ 100 │  0  │    0     │ Infinity │ 1125 │ 3900 │  0  │     │ -2500  │ -1500000  │  -29700   │   -16750000   │ 2500  │ 1500000  │ 0.6 │
│    7    │ 0.6 │ 0.6 │ 0.6 │ 0.6 │       │         │   52700   │  1600   │  960000  │ 32690000 │ 1675422000000 │ '2023-02-03T11:00:00.000Z' │  0  │ 100 │  0  │    0     │ Infinity │ 1125 │ 3900 │  0  │     │ -1600  │  -960000  │  -31300   │   -17710000   │ 1600  │  960000  │ 0.4 │
│    8    │ 0.6 │ 0.6 │ 0.6 │ 0.6 │       │         │   67700   │  15000  │ 9000000  │ 41690000 │ 1675423200000 │ '2023-02-03T11:20:00.000Z' │  0  │ 100 │  0  │    0     │ Infinity │ 1125 │ 3900 │  0  │     │ -15000 │ -9000000  │  -46300   │   -26710000   │ 15000 │ 9000000  │ 3.8 │
│    9    │ 0.7 │ 0.7 │ 0.7 │ 0.7 │ 1000  │ 700000  │   68700   │  1000   │  700000  │ 42390000 │ 1675430400000 │ '2023-02-03T13:20:00.000Z' │ 100 │  0  │  0  │ Infinity │    0     │ 1125 │ 3900 │  0  │ 0.9 │  1000  │  700000   │  -45300   │   -26010000   │       │          │     │
│   10    │ 0.7 │ 0.7 │ 0.7 │ 0.7 │ 5000  │ 3500000 │   73700   │  5000   │ 3500000  │ 45890000 │ 1675430700000 │ '2023-02-03T13:25:00.000Z' │ 100 │  0  │  0  │ Infinity │    0     │ 1125 │ 3900 │  0  │ 4.4 │  5000  │  3500000  │  -40300   │   -22510000   │       │          │     │
│   11    │ 0.7 │ 0.7 │ 0.7 │ 0.7 │  100  │  70000  │   73800   │   100   │  70000   │ 45960000 │ 1675431300000 │ '2023-02-03T13:35:00.000Z' │ 100 │  0  │  0  │ Infinity │    0     │ 1125 │ 3900 │  0  │ 0.1 │  100   │   70000   │  -40200   │   -22440000   │       │          │     │
│   12    │ 0.7 │ 0.7 │ 0.7 │ 0.7 │  100  │  70000  │   73900   │   100   │  70000   │ 46030000 │ 1675431600000 │ '2023-02-03T13:40:00.000Z' │ 100 │  0  │  0  │ Infinity │    0     │ 1125 │ 3900 │  0  │ 0.1 │  100   │   70000   │  -40100   │   -22370000   │       │          │     │
│   13    │ 0.7 │ 0.7 │ 0.7 │ 0.7 │ 1000  │ 700000  │   74900   │  1000   │  700000  │ 46730000 │ 1675433400000 │ '2023-02-03T14:10:00.000Z' │ 100 │  0  │  0  │ Infinity │    0     │ 1125 │ 3900 │  0  │ 0.9 │  1000  │  700000   │  -39100   │   -21670000   │       │          │     │
│   14    │ 0.6 │ 0.6 │ 0.6 │ 0.6 │       │         │   80300   │  5400   │ 3240000  │ 49970000 │ 1675433700000 │ '2023-02-03T14:15:00.000Z' │  0  │ 100 │  0  │    0     │ Infinity │ 1125 │ 3900 │  0  │     │ -5400  │ -3240000  │  -44500   │   -24910000   │ 5400  │ 3240000  │ 1.4 │
│   15    │ 0.7 │ 0.7 │ 0.7 │ 0.7 │  100  │  70000  │   80400   │   100   │  70000   │ 50040000 │ 1675435500000 │ '2023-02-03T14:45:00.000Z' │ 100 │  0  │  0  │ Infinity │    0     │ 1125 │ 3900 │  0  │ 0.1 │  100   │   70000   │  -44400   │   -24840000   │       │          │     │
└─────────┴─────┴─────┴─────┴─────┴───────┴─────────┴───────────┴─────────┴──────────┴──────────┴───────────────┴────────────────────────────┴─────┴─────┴─────┴──────────┴──────────┴──────┴──────┴─────┴─────┴────────┴───────────┴───────────┴───────────────┴───────┴──────────┴─────┘

