┌─────────┬─────┬─────┬─────┬─────┬───────┬───────────┬───────────┬─────────┬───────────┬───────────┬───────────────┬────────────────────────────┬──────┬──────┬─────┬──────────┬──────────┬────────┬────────┬─────┬─────┬────────┬────────────┬───────────┬───────────────┬───────┬───────────┬──────┐
│ (index) │  c  │  h  │  l  │  o  │  bu   │  val_bu   │ total_vol │ sum_vol │    val    │ acum_val  │   datetime    │            date            │ pbu  │ psd  │ puk │    bs    │    sb    │  abu   │  asd   │ auk │ rbu │ bu-sd  │ bu-sd_val  │ acum_busd │ acum_busd_val │  sd   │  val_sd   │ rsd  │
├─────────┼─────┼─────┼─────┼─────┼───────┼───────────┼───────────┼─────────┼───────────┼───────────┼───────────────┼────────────────────────────┼──────┼──────┼─────┼──────────┼──────────┼────────┼────────┼─────┼─────┼────────┼────────────┼───────────┼───────────────┼───────┼───────────┼──────┤
│    0    │  2  │  2  │  2  │  2  │ 1000  │  2000000  │   1000    │  1000   │  2000000  │  2000000  │ 1672736700000 │ '2023-01-03T09:05:00.000Z' │ 100  │  0   │  0  │ Infinity │    0     │ 8913.6 │ 3718.2 │  0  │ 0.1 │  1000  │  2000000   │   1000    │    2000000    │       │           │      │
│    1    │  2  │  2  │  2  │  2  │ 1100  │  2200000  │   2100    │  1100   │  2200000  │  4200000  │ 1672737300000 │ '2023-01-03T09:15:00.000Z' │ 100  │  0   │  0  │ Infinity │    0     │ 8913.6 │ 3718.2 │  0  │ 0.1 │  1100  │  2200000   │   2100    │    4200000    │       │           │      │
│    2    │  2  │  2  │  2  │  2  │  400  │  800000   │   2500    │   400   │  800000   │  5000000  │ 1672738200000 │ '2023-01-03T09:30:00.000Z' │ 100  │  0   │  0  │ Infinity │    0     │ 8913.6 │ 3718.2 │  0  │  0  │  400   │   800000   │   2500    │    5000000    │       │           │      │
│    3    │ 1.9 │  2  │ 1.9 │  2  │  100  │  200000   │   3000    │   500   │  960000   │  5960000  │ 1672738800000 │ '2023-01-03T09:40:00.000Z' │  20  │  80  │  0  │   0.3    │    4     │ 8913.6 │ 3718.2 │  0  │  0  │  -300  │  -560000   │   2200    │    4440000    │  400  │  760000   │ 0.1  │
│    4    │  2  │  2  │  2  │  2  │  100  │  200000   │   3100    │   100   │  200000   │  6160000  │ 1672739100000 │ '2023-01-03T09:45:00.000Z' │ 100  │  0   │  0  │ Infinity │    0     │ 8913.6 │ 3718.2 │  0  │  0  │  100   │   200000   │   2300    │    4640000    │       │           │      │
│    5    │  2  │  2  │  2  │  2  │ 1000  │  2000000  │   4100    │  1000   │  2000000  │  8160000  │ 1672739400000 │ '2023-01-03T09:50:00.000Z' │ 100  │  0   │  0  │ Infinity │    0     │ 8913.6 │ 3718.2 │  0  │ 0.1 │  1000  │  2000000   │   3300    │    6640000    │       │           │      │
│    6    │  2  │  2  │  2  │  2  │ 25200 │ 50400000  │   29900   │  25800  │ 51600000  │ 59760000  │ 1672739700000 │ '2023-01-03T09:55:00.000Z' │ 97.7 │ 2.3  │  0  │    42    │    0     │ 8913.6 │ 3718.2 │  0  │ 2.8 │ 24600  │  49200000  │   27900   │   55840000    │  600  │  1200000  │ 0.2  │
│    7    │ 2.1 │ 2.1 │  2  │  2  │ 3000  │  6010000  │   36700   │  6800   │ 13610000  │ 73370000  │ 1672740000000 │ '2023-01-03T10:00:00.000Z' │ 44.1 │ 55.9 │  0  │   0.8    │   1.3    │ 8913.6 │ 3718.2 │  0  │ 0.3 │  -800  │  -1590000  │   27100   │   54250000    │ 3800  │  7600000  │  1   │
│    8    │ 2.1 │ 2.1 │  2  │  2  │ 1300  │  2730000  │   42100   │  5400   │ 10930000  │ 84300000  │ 1672743000000 │ '2023-01-03T10:50:00.000Z' │ 24.1 │ 75.9 │  0  │   0.3    │   3.2    │ 8913.6 │ 3718.2 │  0  │ 0.1 │ -2800  │  -5470000  │   24300   │   48780000    │ 4100  │  8200000  │ 1.1  │
│    9    │  2  │ 2.1 │  2  │ 2.1 │ 20000 │ 42000000  │   64200   │  22100  │ 46200000  │ 130500000 │ 1672751700000 │ '2023-01-03T13:15:00.000Z' │ 90.5 │ 9.5  │  0  │   9.5    │   0.1    │ 8913.6 │ 3718.2 │  0  │ 2.2 │ 17900  │  37800000  │   42200   │   86580000    │ 2100  │  4200000  │ 0.6  │
│   10    │  2  │  2  │  2  │  2  │       │           │   68000   │  3800   │  7600000  │ 138100000 │ 1672752000000 │ '2023-01-03T13:20:00.000Z' │  0   │ 100  │  0  │    0     │ Infinity │ 8913.6 │ 3718.2 │  0  │     │ -3800  │  -7600000  │   38400   │   78980000    │ 3800  │  7600000  │  1   │
│   11    │  2  │  2  │  2  │  2  │       │           │   68500   │   500   │  1000000  │ 139100000 │ 1672752300000 │ '2023-01-03T13:25:00.000Z' │  0   │ 100  │  0  │    0     │ Infinity │ 8913.6 │ 3718.2 │  0  │     │  -500  │  -1000000  │   37900   │   77980000    │  500  │  1000000  │ 0.1  │
│   12    │  2  │  2  │  2  │  2  │       │           │   69100   │   600   │  1200000  │ 140300000 │ 1672752600000 │ '2023-01-03T13:30:00.000Z' │  0   │ 100  │  0  │    0     │ Infinity │ 8913.6 │ 3718.2 │  0  │     │  -600  │  -1200000  │   37300   │   76780000    │  600  │  1200000  │ 0.2  │
│   13    │  2  │  2  │  2  │  2  │       │           │   72100   │  3000   │  6000000  │ 146300000 │ 1672752900000 │ '2023-01-03T13:35:00.000Z' │  0   │ 100  │  0  │    0     │ Infinity │ 8913.6 │ 3718.2 │  0  │     │ -3000  │  -6000000  │   34300   │   70780000    │ 3000  │  6000000  │ 0.8  │
│   14    │  2  │  2  │  2  │  2  │       │           │  122100   │  50000  │ 100000000 │ 246300000 │ 1672753200000 │ '2023-01-03T13:40:00.000Z' │  0   │ 100  │  0  │    0     │ Infinity │ 8913.6 │ 3718.2 │  0  │     │ -50000 │ -100000000 │  -15700   │   -29220000   │ 50000 │ 100000000 │ 13.4 │
│   15    │ 2.1 │ 2.1 │  2  │  2  │ 80100 │ 168210000 │  202900   │  80800  │ 169610000 │ 415910000 │ 1672753500000 │ '2023-01-03T13:45:00.000Z' │ 99.1 │ 0.9  │  0  │  114.4   │    0     │ 8913.6 │ 3718.2 │  0  │  9  │ 79400  │ 166810000  │   63700   │   137590000   │  700  │  1400000  │ 0.2  │
│   16    │ 2.1 │ 2.1 │ 2.1 │ 2.1 │ 6900  │ 14490000  │  209800   │  6900   │ 14490000  │ 430400000 │ 1672753800000 │ '2023-01-03T13:50:00.000Z' │ 100  │  0   │  0  │ Infinity │    0     │ 8913.6 │ 3718.2 │  0  │ 0.8 │  6900  │  14490000  │   70600   │   152080000   │       │           │      │
│   17    │ 2.1 │ 2.1 │ 2.1 │ 2.1 │ 14900 │ 31290000  │  224700   │  14900  │ 31290000  │ 461690000 │ 1672754100000 │ '2023-01-03T13:55:00.000Z' │ 100  │  0   │  0  │ Infinity │    0     │ 8913.6 │ 3718.2 │  0  │ 1.7 │ 14900  │  31290000  │   85500   │   183370000   │       │           │      │
│   18    │  2  │ 2.1 │  2  │ 2.1 │ 25400 │ 53340000  │  250200   │  25500  │ 53540000  │ 515230000 │ 1672755300000 │ '2023-01-03T14:15:00.000Z' │ 99.6 │ 0.4  │  0  │   254    │    0     │ 8913.6 │ 3718.2 │  0  │ 2.8 │ 25300  │  53140000  │  110800   │   236510000   │  100  │  200000   │  0   │
│   19    │ 2.1 │ 2.1 │ 2.1 │ 2.1 │ 2100  │  4410000  │  252300   │  2100   │  4410000  │ 519640000 │ 1672755600000 │ '2023-01-03T14:20:00.000Z' │ 100  │  0   │  0  │ Infinity │    0     │ 8913.6 │ 3718.2 │  0  │ 0.2 │  2100  │  4410000   │  112900   │   240920000   │       │           │      │
│   20    │ 2.1 │ 2.1 │ 2.1 │ 2.1 │ 13500 │ 28350000  │  265800   │  13500  │ 28350000  │ 547990000 │ 1672755900000 │ '2023-01-03T14:25:00.000Z' │ 100  │  0   │  0  │ Infinity │    0     │ 8913.6 │ 3718.2 │  0  │ 1.5 │ 13500  │  28350000  │  126400   │   269270000   │       │           │      │
├─────────┼─────┼─────┼─────┼─────┼───────┼───────────┼───────────┼─────────┼───────────┼───────────┼───────────────┼────────────────────────────┼──────┼──────┼─────┼──────────┼──────────┼────────┼────────┼─────┼─────┼────────┼────────────┼───────────┼───────────────┼───────┼───────────┼──────┤
│ (index) │  c  │  h  │  l  │  o  │  bu   │  val_bu   │ total_vol │ sum_vol │    val    │ acum_val  │   datetime    │            date            │ pbu  │ psd  │ puk │    bs    │    sb    │  abu   │  asd   │ auk │ rbu │ bu-sd  │ bu-sd_val  │ acum_busd │ acum_busd_val │  sd   │  val_sd   │ rsd  │
├─────────┼─────┼─────┼─────┼─────┼───────┼───────────┼───────────┼─────────┼───────────┼───────────┼───────────────┼────────────────────────────┼──────┼──────┼─────┼──────────┼──────────┼────────┼────────┼─────┼─────┼────────┼────────────┼───────────┼───────────────┼───────┼───────────┼──────┤
│   21    │ 2.1 │ 2.1 │ 2.1 │ 2.1 │       │           │  277900   │  12100  │ 25410000  │ 573400000 │ 1672757100000 │ '2023-01-03T14:45:00.000Z' │  0   │ 100  │  0  │    0     │ Infinity │ 8913.6 │ 3718.2 │  0  │     │ -12100 │ -25410000  │  114300   │   243860000   │ 12100 │ 25410000  │ 3.3  │
└─────────┴─────┴─────┴─────┴─────┴───────┴───────────┴───────────┴─────────┴───────────┴───────────┴───────────────┴────────────────────────────┴──────┴──────┴─────┴──────────┴──────────┴────────┴────────┴─────┴─────┴────────┴────────────┴───────────┴───────────────┴───────┴───────────┴──────┘

