┌─────────┬───────┬───────┬───────┬───────┬─────┬──────────┬───────────┬─────────┬───────────┬───────────┬───────────────┬────────────────────────────┬─────┬─────┬─────┬──────────┬──────────┬───────┬─────┬─────┬─────┬───────┬───────────┬───────────┬───────────────┬──────┬───────────┬─────┐
│ (index) │   c   │   h   │   l   │   o   │ sd  │  val_sd  │ total_vol │ sum_vol │    val    │ acum_val  │   datetime    │            date            │ pbu │ psd │ puk │    bs    │    sb    │  abu  │ asd │ auk │ rsd │ bu-sd │ bu-sd_val │ acum_busd │ acum_busd_val │  bu  │  val_bu   │ rbu │
├─────────┼───────┼───────┼───────┼───────┼─────┼──────────┼───────────┼─────────┼───────────┼───────────┼───────────────┼────────────────────────────┼─────┼─────┼─────┼──────────┼──────────┼───────┼─────┼─────┼─────┼───────┼───────────┼───────────┼───────────────┼──────┼───────────┼─────┤
│    0    │ 45.9  │ 45.9  │ 45.9  │ 45.9  │ 100 │ 4590000  │    100    │   100   │  4590000  │  4590000  │ 1672737240000 │ '2023-01-03T09:14:00.000Z' │  0  │ 100 │  0  │    0     │ Infinity │ 490.9 │ 50  │  0  │  2  │ -100  │ -4590000  │   -100    │   -4590000    │      │           │     │
│    1    │ 45.9  │ 45.9  │ 45.9  │ 45.9  │ 500 │ 22950000 │    600    │   500   │ 22950000  │ 27540000  │ 1672737720000 │ '2023-01-03T09:22:00.000Z' │  0  │ 100 │  0  │    0     │ Infinity │ 490.9 │ 50  │  0  │ 10  │ -500  │ -22950000 │   -600    │   -27540000   │      │           │     │
│    2    │ 45.9  │ 45.9  │ 45.9  │ 45.9  │     │          │   1100    │   500   │ 22950000  │ 50490000  │ 1672737840000 │ '2023-01-03T09:24:00.000Z' │ 100 │  0  │  0  │ Infinity │    0     │ 490.9 │ 50  │  0  │     │  500  │ 22950000  │   -100    │   -4590000    │ 500  │ 22950000  │  1  │
│    3    │ 45.9  │ 45.9  │ 45.9  │ 45.9  │     │          │   1300    │   200   │  9180000  │ 59670000  │ 1672738920000 │ '2023-01-03T09:42:00.000Z' │ 100 │  0  │  0  │ Infinity │    0     │ 490.9 │ 50  │  0  │     │  200  │  9180000  │    100    │    4590000    │ 200  │  9180000  │ 0.4 │
│    4    │ 45.8  │ 45.8  │ 45.8  │ 45.8  │     │          │   1400    │   100   │  4580000  │ 64250000  │ 1672739400000 │ '2023-01-03T09:50:00.000Z' │ 100 │  0  │  0  │ Infinity │    0     │ 490.9 │ 50  │  0  │     │  100  │  4580000  │    200    │    9170000    │ 100  │  4580000  │ 0.2 │
│    5    │ 45.9  │ 45.9  │ 45.9  │ 45.9  │     │          │   4200    │  2800   │ 128520000 │ 192770000 │ 1672739760000 │ '2023-01-03T09:56:00.000Z' │ 100 │  0  │  0  │ Infinity │    0     │ 490.9 │ 50  │  0  │     │ 2800  │ 128520000 │   3000    │   137690000   │ 2800 │ 128520000 │ 5.7 │
│    6    │ 46.6  │ 46.6  │ 46.5  │ 46.5  │     │          │   5400    │  1200   │ 55900000  │ 248670000 │ 1672739880000 │ '2023-01-03T09:58:00.000Z' │ 100 │  0  │  0  │ Infinity │    0     │ 490.9 │ 50  │  0  │     │ 1200  │ 55900000  │   4200    │   193590000   │ 1200 │ 55900000  │ 2.4 │
│    7    │  46   │  46   │  46   │  46   │ 100 │   4600   │   5500    │   100   │   4600    │ 248674600 │ 1672742520000 │ '2023-01-03T10:42:00.000Z' │  0  │ 100 │  0  │    0     │ Infinity │ 490.9 │ 50  │  0  │  2  │ -100  │   -4600   │   4100    │   193585400   │      │           │     │
│    8    │ 45.95 │ 45.95 │ 45.95 │ 45.95 │ 200 │ 9190000  │   5700    │   200   │  9190000  │ 257864600 │ 1672742880000 │ '2023-01-03T10:48:00.000Z' │  0  │ 100 │  0  │    0     │ Infinity │ 490.9 │ 50  │  0  │  4  │ -200  │ -9190000  │   3900    │   184395400   │      │           │     │
│    9    │  46   │  46   │  46   │  46   │     │          │   6200    │   500   │   23000   │ 257887600 │ 1672743240000 │ '2023-01-03T10:54:00.000Z' │ 100 │  0  │  0  │ Infinity │    0     │ 490.9 │ 50  │  0  │     │  500  │   23000   │   4400    │   184418400   │ 500  │   23000   │  1  │
│   10    │  46   │  46   │  46   │  46   │     │          │   7200    │  1000   │   46000   │ 257933600 │ 1672743360000 │ '2023-01-03T10:56:00.000Z' │ 100 │  0  │  0  │ Infinity │    0     │ 490.9 │ 50  │  0  │     │ 1000  │   46000   │   5400    │   184464400   │ 1000 │   46000   │  2  │
│   11    │  46   │  46   │  46   │  46   │     │          │   7700    │   500   │   23000   │ 257956600 │ 1672743600000 │ '2023-01-03T11:00:00.000Z' │ 100 │  0  │  0  │ Infinity │    0     │ 490.9 │ 50  │  0  │     │  500  │   23000   │   5900    │   184487400   │ 500  │   23000   │  1  │
│   12    │  46   │  46   │  46   │  46   │     │          │   7800    │   100   │   4600    │ 257961200 │ 1672743840000 │ '2023-01-03T11:04:00.000Z' │ 100 │  0  │  0  │ Infinity │    0     │ 490.9 │ 50  │  0  │     │  100  │   4600    │   6000    │   184492000   │ 100  │   4600    │ 0.2 │
│   13    │  46   │  46   │  46   │  46   │     │          │   7900    │   100   │   4600    │ 257965800 │ 1672743960000 │ '2023-01-03T11:06:00.000Z' │ 100 │  0  │  0  │ Infinity │    0     │ 490.9 │ 50  │  0  │     │  100  │   4600    │   6100    │   184496600   │ 100  │   4600    │ 0.2 │
│   14    │  46   │  46   │  46   │  46   │     │          │   8900    │  1000   │   46000   │ 258011800 │ 1672744200000 │ '2023-01-03T11:10:00.000Z' │ 100 │  0  │  0  │ Infinity │    0     │ 490.9 │ 50  │  0  │     │ 1000  │   46000   │   7100    │   184542600   │ 1000 │   46000   │  2  │
│   15    │  46   │  46   │  46   │  46   │     │          │   9400    │   500   │   23000   │ 258034800 │ 1672744440000 │ '2023-01-03T11:14:00.000Z' │ 100 │  0  │  0  │ Infinity │    0     │ 490.9 │ 50  │  0  │     │  500  │   23000   │   7600    │   184565600   │ 500  │   23000   │  1  │
│   16    │ 45.2  │ 45.95 │ 45.2  │ 45.95 │ 100 │ 4595000  │   9600    │   200   │  9115000  │ 267149800 │ 1672745040000 │ '2023-01-03T11:24:00.000Z' │ 50  │ 50  │  0  │    1     │    1     │ 490.9 │ 50  │  0  │  2  │   0   │  -75000   │   7600    │   184490600   │ 100  │  4520000  │ 0.2 │
│   17    │ 45.25 │ 45.25 │ 45.25 │ 45.25 │ 100 │ 4525000  │   9700    │   100   │  4525000  │ 271674800 │ 1672745280000 │ '2023-01-03T11:28:00.000Z' │  0  │ 100 │  0  │    0     │ Infinity │ 490.9 │ 50  │  0  │  2  │ -100  │ -4525000  │   7500    │   179965600   │      │           │     │
│   18    │  46   │  46   │  46   │  46   │     │          │   9800    │   100   │   4600    │ 271679400 │ 1672754280000 │ '2023-01-03T13:58:00.000Z' │ 100 │  0  │  0  │ Infinity │    0     │ 490.9 │ 50  │  0  │     │  100  │   4600    │   7600    │   179970200   │ 100  │   4600    │ 0.2 │
│   19    │  46   │  46   │  46   │  46   │     │          │   10800   │  1000   │   46000   │ 271725400 │ 1672754520000 │ '2023-01-03T14:02:00.000Z' │ 100 │  0  │  0  │ Infinity │    0     │ 490.9 │ 50  │  0  │     │ 1000  │   46000   │   8600    │   180016200   │ 1000 │   46000   │  2  │
│   20    │  46   │  46   │  46   │  46   │     │          │   11800   │  1000   │   46000   │ 271771400 │ 1672755600000 │ '2023-01-03T14:20:00.000Z' │ 100 │  0  │  0  │ Infinity │    0     │ 490.9 │ 50  │  0  │     │ 1000  │   46000   │   9600    │   180062200   │ 1000 │   46000   │  2  │
├─────────┼───────┼───────┼───────┼───────┼─────┼──────────┼───────────┼─────────┼───────────┼───────────┼───────────────┼────────────────────────────┼─────┼─────┼─────┼──────────┼──────────┼───────┼─────┼─────┼─────┼───────┼───────────┼───────────┼───────────────┼──────┼───────────┼─────┤
│ (index) │   c   │   h   │   l   │   o   │ sd  │  val_sd  │ total_vol │ sum_vol │    val    │ acum_val  │   datetime    │            date            │ pbu │ psd │ puk │    bs    │    sb    │  abu  │ asd │ auk │ rsd │ bu-sd │ bu-sd_val │ acum_busd │ acum_busd_val │  bu  │  val_bu   │ rbu │
├─────────┼───────┼───────┼───────┼───────┼─────┼──────────┼───────────┼─────────┼───────────┼───────────┼───────────────┼────────────────────────────┼─────┼─────┼─────┼──────────┼──────────┼───────┼─────┼─────┼─────┼───────┼───────────┼───────────┼───────────────┼──────┼───────────┼─────┤
│   21    │  46   │  46   │  46   │  46   │     │          │   11900   │   100   │   4600    │ 271776000 │ 1672757040000 │ '2023-01-03T14:44:00.000Z' │ 100 │  0  │  0  │ Infinity │    0     │ 490.9 │ 50  │  0  │     │  100  │   4600    │   9700    │   180066800   │ 100  │   4600    │ 0.2 │
└─────────┴───────┴───────┴───────┴───────┴─────┴──────────┴───────────┴─────────┴───────────┴───────────┴───────────────┴────────────────────────────┴─────┴─────┴─────┴──────────┴──────────┴───────┴─────┴─────┴─────┴───────┴───────────┴───────────┴───────────────┴──────┴───────────┴─────┘

