┌─────────┬──────┬──────┬──────┬──────┬───────┬────────────┬───────────┬─────────┬────────────┬────────────┬───────────────┬────────────────────────────┬──────┬──────┬─────┬──────────┬─────┬────────┬───────┬─────┬─────┬───────┬────────────┬───────────┬───────────────┬──────┬───────────┬──────┐
│ (index) │  c   │  h   │  l   │  o   │  bu   │   val_bu   │ total_vol │ sum_vol │    val     │  acum_val  │   datetime    │            date            │ pbu  │ psd  │ puk │    bs    │ sb  │  abu   │  asd  │ auk │ rbu │ bu-sd │ bu-sd_val  │ acum_busd │ acum_busd_val │  sd  │  val_sd   │ rsd  │
├─────────┼──────┼──────┼──────┼──────┼───────┼────────────┼───────────┼─────────┼────────────┼────────────┼───────────────┼────────────────────────────┼──────┼──────┼─────┼──────────┼─────┼────────┼───────┼─────┼─────┼───────┼────────────┼───────────┼───────────────┼──────┼───────────┼──────┤
│    0    │ 24.9 │ 24.9 │ 24.9 │ 24.9 │ 9700  │ 241530000  │   9700    │  9700   │ 241530000  │ 241530000  │ 1672736400000 │ '2023-01-03T09:00:00.000Z' │ 100  │  0   │  0  │ Infinity │  0  │ 5407.5 │ 297.5 │  0  │ 1.8 │ 9700  │ 241530000  │   9700    │   241530000   │      │           │      │
│    1    │ 24.9 │ 24.9 │ 24.9 │ 24.9 │ 10300 │ 256470000  │   20000   │  10300  │ 256470000  │ 498000000  │ 1672736520000 │ '2023-01-03T09:02:00.000Z' │ 100  │  0   │  0  │ Infinity │  0  │ 5407.5 │ 297.5 │  0  │ 1.9 │ 10300 │ 256470000  │   20000   │   498000000   │      │           │      │
│    2    │ 24.9 │ 24.9 │ 24.9 │ 24.9 │ 10200 │ 253980000  │   30200   │  10200  │ 253980000  │ 751980000  │ 1672736640000 │ '2023-01-03T09:04:00.000Z' │ 100  │  0   │  0  │ Infinity │  0  │ 5407.5 │ 297.5 │  0  │ 1.9 │ 10200 │ 253980000  │   30200   │   751980000   │      │           │      │
│    3    │ 24.9 │ 24.9 │ 24.9 │ 24.9 │ 4000  │  99600000  │   34200   │  4000   │  99600000  │ 851580000  │ 1672736760000 │ '2023-01-03T09:06:00.000Z' │ 100  │  0   │  0  │ Infinity │  0  │ 5407.5 │ 297.5 │  0  │ 0.7 │ 4000  │  99600000  │   34200   │   851580000   │      │           │      │
│    4    │ 24.9 │ 24.9 │ 24.9 │ 24.9 │ 6700  │ 166830000  │   40900   │  6700   │ 166830000  │ 1018410000 │ 1672736880000 │ '2023-01-03T09:08:00.000Z' │ 100  │  0   │  0  │ Infinity │  0  │ 5407.5 │ 297.5 │  0  │ 1.2 │ 6700  │ 166830000  │   40900   │  1018410000   │      │           │      │
│    5    │ 24.9 │ 24.9 │ 24.9 │ 24.9 │ 8400  │ 209160000  │   49300   │  8400   │ 209160000  │ 1227570000 │ 1672737000000 │ '2023-01-03T09:10:00.000Z' │ 100  │  0   │  0  │ Infinity │  0  │ 5407.5 │ 297.5 │  0  │ 1.6 │ 8400  │ 209160000  │   49300   │  1227570000   │      │           │      │
│    6    │ 24.9 │ 24.9 │ 24.9 │ 24.9 │ 6200  │ 154380000  │   55500   │  6200   │ 154380000  │ 1381950000 │ 1672737120000 │ '2023-01-03T09:12:00.000Z' │ 100  │  0   │  0  │ Infinity │  0  │ 5407.5 │ 297.5 │  0  │ 1.1 │ 6200  │ 154380000  │   55500   │  1381950000   │      │           │      │
│    7    │ 24.9 │ 24.9 │ 24.9 │ 24.9 │ 6000  │ 149400000  │   61500   │  6000   │ 149400000  │ 1531350000 │ 1672737240000 │ '2023-01-03T09:14:00.000Z' │ 100  │  0   │  0  │ Infinity │  0  │ 5407.5 │ 297.5 │  0  │ 1.1 │ 6000  │ 149400000  │   61500   │  1531350000   │      │           │      │
│    8    │ 24.9 │ 24.9 │ 24.9 │ 24.9 │ 2700  │  67230000  │   64200   │  2700   │  67230000  │ 1598580000 │ 1672737360000 │ '2023-01-03T09:16:00.000Z' │ 100  │  0   │  0  │ Infinity │  0  │ 5407.5 │ 297.5 │  0  │ 0.5 │ 2700  │  67230000  │   64200   │  1598580000   │      │           │      │
│    9    │ 24.9 │ 24.9 │ 24.9 │ 24.9 │ 1800  │  44820000  │   66000   │  1800   │  44820000  │ 1643400000 │ 1672737480000 │ '2023-01-03T09:18:00.000Z' │ 100  │  0   │  0  │ Infinity │  0  │ 5407.5 │ 297.5 │  0  │ 0.3 │ 1800  │  44820000  │   66000   │  1643400000   │      │           │      │
│   10    │ 24.9 │ 24.9 │ 24.9 │ 24.9 │ 3800  │  94620000  │   69800   │  3800   │  94620000  │ 1738020000 │ 1672737600000 │ '2023-01-03T09:20:00.000Z' │ 100  │  0   │  0  │ Infinity │  0  │ 5407.5 │ 297.5 │  0  │ 0.7 │ 3800  │  94620000  │   69800   │  1738020000   │      │           │      │
│   11    │ 24.9 │ 24.9 │ 24.9 │ 24.9 │ 3300  │  82170000  │   73100   │  3300   │  82170000  │ 1820190000 │ 1672737720000 │ '2023-01-03T09:22:00.000Z' │ 100  │  0   │  0  │ Infinity │  0  │ 5407.5 │ 297.5 │  0  │ 0.6 │ 3300  │  82170000  │   73100   │  1820190000   │      │           │      │
│   12    │ 24.9 │ 24.9 │ 24.9 │ 24.9 │ 2600  │  64740000  │   75700   │  2600   │  64740000  │ 1884930000 │ 1672737840000 │ '2023-01-03T09:24:00.000Z' │ 100  │  0   │  0  │ Infinity │  0  │ 5407.5 │ 297.5 │  0  │ 0.5 │ 2600  │  64740000  │   75700   │  1884930000   │      │           │      │
│   13    │ 24.9 │ 24.9 │ 24.9 │ 24.9 │ 10500 │ 261450000  │   86200   │  10500  │ 261450000  │ 2146380000 │ 1672737960000 │ '2023-01-03T09:26:00.000Z' │ 100  │  0   │  0  │ Infinity │  0  │ 5407.5 │ 297.5 │  0  │ 1.9 │ 10500 │ 261450000  │   86200   │  2146380000   │      │           │      │
│   14    │ 24.9 │ 24.9 │ 24.9 │ 24.9 │ 10400 │ 258960000  │   96600   │  10400  │ 258960000  │ 2405340000 │ 1672738080000 │ '2023-01-03T09:28:00.000Z' │ 100  │  0   │  0  │ Infinity │  0  │ 5407.5 │ 297.5 │  0  │ 1.9 │ 10400 │ 258960000  │   96600   │  2405340000   │      │           │      │
│   15    │ 24.9 │ 24.9 │ 24.9 │ 24.9 │ 4400  │ 109560000  │  101000   │  4400   │ 109560000  │ 2514900000 │ 1672738200000 │ '2023-01-03T09:30:00.000Z' │ 100  │  0   │  0  │ Infinity │  0  │ 5407.5 │ 297.5 │  0  │ 0.8 │ 4400  │ 109560000  │  101000   │  2514900000   │      │           │      │
│   16    │ 24.9 │ 24.9 │ 24.9 │ 24.9 │ 10500 │ 261450000  │  111500   │  10500  │ 261450000  │ 2776350000 │ 1672738320000 │ '2023-01-03T09:32:00.000Z' │ 100  │  0   │  0  │ Infinity │  0  │ 5407.5 │ 297.5 │  0  │ 1.9 │ 10500 │ 261450000  │  111500   │  2776350000   │      │           │      │
│   17    │ 24.9 │ 24.9 │ 24.9 │ 24.9 │ 1900  │  47310000  │  113400   │  1900   │  47310000  │ 2823660000 │ 1672738440000 │ '2023-01-03T09:34:00.000Z' │ 100  │  0   │  0  │ Infinity │  0  │ 5407.5 │ 297.5 │  0  │ 0.4 │ 1900  │  47310000  │  113400   │  2823660000   │      │           │      │
│   18    │ 24.9 │ 24.9 │ 24.9 │ 24.9 │ 11000 │ 273900000  │  124400   │  11000  │ 273900000  │ 3097560000 │ 1672738560000 │ '2023-01-03T09:36:00.000Z' │ 100  │  0   │  0  │ Infinity │  0  │ 5407.5 │ 297.5 │  0  │  2  │ 11000 │ 273900000  │  124400   │  3097560000   │      │           │      │
│   19    │ 24.9 │ 29.2 │ 24.9 │ 24.9 │ 46700 │ 1330530000 │  172300   │  47900  │ 1360410000 │ 4457970000 │ 1672738680000 │ '2023-01-03T09:38:00.000Z' │ 97.5 │ 2.5  │  0  │   38.9   │  0  │ 5407.5 │ 297.5 │  0  │ 8.6 │ 45500 │ 1300650000 │  169900   │  4398210000   │ 1200 │ 29880000  │  4   │
│   20    │ 24.9 │ 29.2 │ 24.9 │ 24.9 │ 31600 │ 902940000  │  205400   │  33100  │ 940290000  │ 5398260000 │ 1672738800000 │ '2023-01-03T09:40:00.000Z' │ 95.5 │ 4.5  │  0  │   21.1   │  0  │ 5407.5 │ 297.5 │  0  │ 5.8 │ 30100 │ 865590000  │  200000   │  5263800000   │ 1500 │ 37350000  │  5   │
├─────────┼──────┼──────┼──────┼──────┼───────┼────────────┼───────────┼─────────┼────────────┼────────────┼───────────────┼────────────────────────────┼──────┼──────┼─────┼──────────┼─────┼────────┼───────┼─────┼─────┼───────┼────────────┼───────────┼───────────────┼──────┼───────────┼──────┤
│ (index) │  c   │  h   │  l   │  o   │  bu   │   val_bu   │ total_vol │ sum_vol │    val     │  acum_val  │   datetime    │            date            │ pbu  │ psd  │ puk │    bs    │ sb  │  abu   │  asd  │ auk │ rbu │ bu-sd │ bu-sd_val  │ acum_busd │ acum_busd_val │  sd  │  val_sd   │ rsd  │
├─────────┼──────┼──────┼──────┼──────┼───────┼────────────┼───────────┼─────────┼────────────┼────────────┼───────────────┼────────────────────────────┼──────┼──────┼─────┼──────────┼─────┼────────┼───────┼─────┼─────┼───────┼────────────┼───────────┼───────────────┼──────┼───────────┼──────┤
│   21    │ 24.9 │ 24.9 │ 24.9 │ 24.9 │ 2400  │  59760000  │  207800   │  2400   │  59760000  │ 5458020000 │ 1672738920000 │ '2023-01-03T09:42:00.000Z' │ 100  │  0   │  0  │ Infinity │  0  │ 5407.5 │ 297.5 │  0  │ 0.4 │ 2400  │  59760000  │  202400   │  5323560000   │      │           │      │
│   22    │ 24.9 │ 24.9 │ 24.9 │ 24.9 │  800  │  19920000  │  208600   │   800   │  19920000  │ 5477940000 │ 1672739040000 │ '2023-01-03T09:44:00.000Z' │ 100  │  0   │  0  │ Infinity │  0  │ 5407.5 │ 297.5 │  0  │ 0.1 │  800  │  19920000  │  203200   │  5343480000   │      │           │      │
│   23    │ 24.9 │ 24.9 │ 24.9 │ 24.9 │  500  │  12450000  │  209100   │   500   │  12450000  │ 5490390000 │ 1672739160000 │ '2023-01-03T09:46:00.000Z' │ 100  │  0   │  0  │ Infinity │  0  │ 5407.5 │ 297.5 │  0  │ 0.1 │  500  │  12450000  │  203700   │  5355930000   │      │           │      │
│   24    │ 24.9 │ 29.2 │ 24.9 │ 24.9 │ 5200  │ 150980000  │  223500   │  14400  │ 380060000  │ 5870450000 │ 1672739280000 │ '2023-01-03T09:48:00.000Z' │ 36.1 │ 63.9 │  0  │   0.6    │ 1.8 │ 5407.5 │ 297.5 │  0  │  1  │ -4000 │ -78100000  │  199700   │  5277830000   │ 9200 │ 229080000 │ 30.9 │
│   25    │ 24.9 │ 24.9 │ 24.9 │ 24.9 │  200  │  4980000   │  223700   │   200   │  4980000   │ 5875430000 │ 1672739400000 │ '2023-01-03T09:50:00.000Z' │ 100  │  0   │  0  │ Infinity │  0  │ 5407.5 │ 297.5 │  0  │  0  │  200  │  4980000   │  199900   │  5282810000   │      │           │      │
│   26    │ 24.9 │ 24.9 │ 24.9 │ 24.9 │  200  │  4980000   │  223900   │   200   │  4980000   │ 5880410000 │ 1672739520000 │ '2023-01-03T09:52:00.000Z' │ 100  │  0   │  0  │ Infinity │  0  │ 5407.5 │ 297.5 │  0  │  0  │  200  │  4980000   │  200100   │  5287790000   │      │           │      │
│   27    │ 24.9 │ 24.9 │ 24.9 │ 24.9 │ 2400  │  59760000  │  226300   │  2400   │  59760000  │ 5940170000 │ 1672740360000 │ '2023-01-03T10:06:00.000Z' │ 100  │  0   │  0  │ Infinity │  0  │ 5407.5 │ 297.5 │  0  │ 0.4 │ 2400  │  59760000  │  202500   │  5347550000   │      │           │      │
│   28    │ 24.9 │ 24.9 │ 24.9 │ 24.9 │  200  │  4980000   │  226500   │   200   │  4980000   │ 5945150000 │ 1672741560000 │ '2023-01-03T10:26:00.000Z' │ 100  │  0   │  0  │ Infinity │  0  │ 5407.5 │ 297.5 │  0  │  0  │  200  │  4980000   │  202700   │  5352530000   │      │           │      │
│   29    │ 24.9 │ 24.9 │ 24.9 │ 24.9 │  300  │  7470000   │  226800   │   300   │  7470000   │ 5952620000 │ 1672744320000 │ '2023-01-03T11:12:00.000Z' │ 100  │  0   │  0  │ Infinity │  0  │ 5407.5 │ 297.5 │  0  │ 0.1 │  300  │  7470000   │  203000   │  5360000000   │      │           │      │
│   30    │ 24.9 │ 24.9 │ 24.9 │ 24.9 │  100  │  2490000   │  226900   │   100   │  2490000   │ 5955110000 │ 1672744440000 │ '2023-01-03T11:14:00.000Z' │ 100  │  0   │  0  │ Infinity │  0  │ 5407.5 │ 297.5 │  0  │  0  │  100  │  2490000   │  203100   │  5362490000   │      │           │      │
│   31    │ 24.9 │ 24.9 │ 24.9 │ 24.9 │  100  │  2490000   │  227000   │   100   │  2490000   │ 5957600000 │ 1672744560000 │ '2023-01-03T11:16:00.000Z' │ 100  │  0   │  0  │ Infinity │  0  │ 5407.5 │ 297.5 │  0  │  0  │  100  │  2490000   │  203200   │  5364980000   │      │           │      │
│   32    │ 24.9 │ 24.9 │ 24.9 │ 24.9 │  100  │  2490000   │  227100   │   100   │  2490000   │ 5960090000 │ 1672750800000 │ '2023-01-03T13:00:00.000Z' │ 100  │  0   │  0  │ Infinity │  0  │ 5407.5 │ 297.5 │  0  │  0  │  100  │  2490000   │  203300   │  5367470000   │      │           │      │
│   33    │ 24.9 │ 24.9 │ 24.9 │ 24.9 │  100  │  2490000   │  227200   │   100   │  2490000   │ 5962580000 │ 1672751520000 │ '2023-01-03T13:12:00.000Z' │ 100  │  0   │  0  │ Infinity │  0  │ 5407.5 │ 297.5 │  0  │  0  │  100  │  2490000   │  203400   │  5369960000   │      │           │      │
│   34    │ 24.9 │ 24.9 │ 24.9 │ 24.9 │  200  │  4980000   │  227400   │   200   │  4980000   │ 5967560000 │ 1672753680000 │ '2023-01-03T13:48:00.000Z' │ 100  │  0   │  0  │ Infinity │  0  │ 5407.5 │ 297.5 │  0  │  0  │  200  │  4980000   │  203600   │  5374940000   │      │           │      │
│   35    │ 24.9 │ 24.9 │ 24.9 │ 24.9 │  100  │  2490000   │  227500   │   100   │  2490000   │ 5970050000 │ 1672754400000 │ '2023-01-03T14:00:00.000Z' │ 100  │  0   │  0  │ Infinity │  0  │ 5407.5 │ 297.5 │  0  │  0  │  100  │  2490000   │  203700   │  5377430000   │      │           │      │
│   36    │ 24.9 │ 24.9 │ 24.9 │ 24.9 │  200  │  4980000   │  227700   │   200   │  4980000   │ 5975030000 │ 1672755120000 │ '2023-01-03T14:12:00.000Z' │ 100  │  0   │  0  │ Infinity │  0  │ 5407.5 │ 297.5 │  0  │  0  │  200  │  4980000   │  203900   │  5382410000   │      │           │      │
│   37    │ 24.9 │ 24.9 │ 24.9 │ 24.9 │  100  │  2490000   │  227800   │   100   │  2490000   │ 5977520000 │ 1672755600000 │ '2023-01-03T14:20:00.000Z' │ 100  │  0   │  0  │ Infinity │  0  │ 5407.5 │ 297.5 │  0  │  0  │  100  │  2490000   │  204000   │  5384900000   │      │           │      │
│   38    │ 24.9 │ 24.9 │ 24.9 │ 24.9 │  200  │  4980000   │  228000   │   200   │  4980000   │ 5982500000 │ 1672755960000 │ '2023-01-03T14:26:00.000Z' │ 100  │  0   │  0  │ Infinity │  0  │ 5407.5 │ 297.5 │  0  │  0  │  200  │  4980000   │  204200   │  5389880000   │      │           │      │
│   39    │ 24.9 │ 24.9 │ 24.9 │ 24.9 │  200  │  4980000   │  228200   │   200   │  4980000   │ 5987480000 │ 1672757160000 │ '2023-01-03T14:46:00.000Z' │ 100  │  0   │  0  │ Infinity │  0  │ 5407.5 │ 297.5 │  0  │  0  │  200  │  4980000   │  204400   │  5394860000   │      │           │      │
└─────────┴──────┴──────┴──────┴──────┴───────┴────────────┴───────────┴─────────┴────────────┴────────────┴───────────────┴────────────────────────────┴──────┴──────┴─────┴──────────┴─────┴────────┴───────┴─────┴─────┴───────┴────────────┴───────────┴───────────────┴──────┴───────────┴──────┘
├─────────┼──────┼──────┼──────┼──────┼───────┼────────────┼───────────┼─────────┼────────────┼────────────┼───────────────┼────────────────────────────┼──────┼──────┼─────┼──────────┼─────┼────────┼───────┼─────┼─────┼───────┼────────────┼───────────┼───────────────┼──────┼───────────┼──────┤
│ (index) │  c   │  h   │  l   │  o   │  bu   │   val_bu   │ total_vol │ sum_vol │    val     │  acum_val  │   datetime    │            date            │ pbu  │ psd  │ puk │    bs    │ sb  │  abu   │  asd  │ auk │ rbu │ bu-sd │ bu-sd_val  │ acum_busd │ acum_busd_val │  sd  │  val_sd   │ rsd  │
├─────────┼──────┼──────┼──────┼──────┼───────┼────────────┼───────────┼─────────┼────────────┼────────────┼───────────────┼────────────────────────────┼──────┼──────┼─────┼──────────┼─────┼────────┼───────┼─────┼─────┼───────┼────────────┼───────────┼───────────────┼──────┼───────────┼──────┤

