┌─────────┬─────┬─────┬─────┬─────┬──────┬─────────┬───────────┬─────────┬─────────┬──────────┬───────────────┬────────────────────────────┬─────┬─────┬─────┬──────────┬──────────┬───────┬───────┬─────┬─────┬───────┬───────────┬───────────┬───────────────┬──────┬─────────┬──────┐
│ (index) │  c  │  h  │  l  │  o  │  bu  │ val_bu  │ total_vol │ sum_vol │   val   │ acum_val │   datetime    │            date            │ pbu │ psd │ puk │    bs    │    sb    │  abu  │  asd  │ auk │ rbu │ bu-sd │ bu-sd_val │ acum_busd │ acum_busd_val │  sd  │ val_sd  │ rsd  │
├─────────┼─────┼─────┼─────┼─────┼──────┼─────────┼───────────┼─────────┼─────────┼──────────┼───────────────┼────────────────────────────┼─────┼─────┼─────┼──────────┼──────────┼───────┼───────┼─────┼─────┼───────┼───────────┼───────────┼───────────────┼──────┼─────────┼──────┤
│    0    │ 2.8 │ 2.8 │ 2.8 │ 2.8 │ 600  │ 1680000 │    600    │   600   │ 1680000 │ 1680000  │ 1672737480000 │ '2023-01-03T09:18:00.000Z' │ 100 │  0  │  0  │ Infinity │    0     │ 758.8 │ 494.1 │  0  │ 0.8 │  600  │  1680000  │    600    │    1680000    │      │         │      │
│    1    │ 2.9 │ 2.9 │ 2.8 │ 2.8 │ 2600 │ 7530000 │   3200    │  2600   │ 7530000 │ 9210000  │ 1672737600000 │ '2023-01-03T09:20:00.000Z' │ 100 │  0  │  0  │ Infinity │    0     │ 758.8 │ 494.1 │  0  │ 3.4 │ 2600  │  7530000  │   3200    │    9210000    │      │         │      │
│    2    │ 2.9 │ 2.9 │ 2.9 │ 2.9 │      │         │   3700    │   500   │ 1450000 │ 10660000 │ 1672737960000 │ '2023-01-03T09:26:00.000Z' │  0  │ 100 │  0  │    0     │ Infinity │ 758.8 │ 494.1 │  0  │     │ -500  │ -1450000  │   2700    │    7760000    │ 500  │ 1450000 │  1   │
│    3    │ 2.9 │ 2.9 │ 2.9 │ 2.9 │ 500  │ 1450000 │   4200    │   500   │ 1450000 │ 12110000 │ 1672740120000 │ '2023-01-03T10:02:00.000Z' │ 100 │  0  │  0  │ Infinity │    0     │ 758.8 │ 494.1 │  0  │ 0.7 │  500  │  1450000  │   3200    │    9210000    │      │         │      │
│    4    │  3  │  3  │  3  │  3  │ 2000 │  6000   │   6200    │  2000   │  6000   │ 12116000 │ 1672740240000 │ '2023-01-03T10:04:00.000Z' │ 100 │  0  │  0  │ Infinity │    0     │ 758.8 │ 494.1 │  0  │ 2.6 │ 2000  │   6000    │   5200    │    9216000    │      │         │      │
│    5    │  3  │  3  │  3  │  3  │ 2400 │  7200   │   8600    │  2400   │  7200   │ 12123200 │ 1672741320000 │ '2023-01-03T10:22:00.000Z' │ 100 │  0  │  0  │ Infinity │    0     │ 758.8 │ 494.1 │  0  │ 3.2 │ 2400  │   7200    │   7600    │    9223200    │      │         │      │
│    6    │  3  │  3  │  3  │  3  │      │         │   16100   │  7500   │  22500  │ 12145700 │ 1672741560000 │ '2023-01-03T10:26:00.000Z' │  0  │ 100 │  0  │    0     │ Infinity │ 758.8 │ 494.1 │  0  │     │ -7500 │  -22500   │    100    │    9200700    │ 7500 │  22500  │ 15.2 │
│    7    │  3  │  3  │  3  │  3  │ 100  │   300   │   16200   │   100   │   300   │ 12146000 │ 1672741680000 │ '2023-01-03T10:28:00.000Z' │ 100 │  0  │  0  │ Infinity │    0     │ 758.8 │ 494.1 │  0  │ 0.1 │  100  │    300    │    200    │    9201000    │      │         │      │
│    8    │ 3.1 │ 3.1 │  3  │  3  │ 200  │ 310300  │   16400   │   200   │ 310300  │ 12456300 │ 1672742040000 │ '2023-01-03T10:34:00.000Z' │ 100 │  0  │  0  │ Infinity │    0     │ 758.8 │ 494.1 │  0  │ 0.3 │  200  │  310300   │    400    │    9511300    │      │         │      │
│    9    │ 3.1 │ 3.1 │ 3.1 │ 3.1 │ 100  │ 310000  │   16500   │   100   │ 310000  │ 12766300 │ 1672742280000 │ '2023-01-03T10:38:00.000Z' │ 100 │  0  │  0  │ Infinity │    0     │ 758.8 │ 494.1 │  0  │ 0.1 │  100  │  310000   │    500    │    9821300    │      │         │      │
│   10    │ 3.1 │ 3.1 │ 3.1 │ 3.1 │ 100  │ 310000  │   16600   │   100   │ 310000  │ 13076300 │ 1672742400000 │ '2023-01-03T10:40:00.000Z' │ 100 │  0  │  0  │ Infinity │    0     │ 758.8 │ 494.1 │  0  │ 0.1 │  100  │  310000   │    600    │   10131300    │      │         │      │
│   11    │ 3.1 │ 3.1 │ 3.1 │ 3.1 │ 200  │ 620000  │   16800   │   200   │ 620000  │ 13696300 │ 1672742520000 │ '2023-01-03T10:42:00.000Z' │ 100 │  0  │  0  │ Infinity │    0     │ 758.8 │ 494.1 │  0  │ 0.3 │  200  │  620000   │    800    │   10751300    │      │         │      │
│   12    │ 3.1 │ 3.1 │ 3.1 │ 3.1 │ 1500 │ 4650000 │   18300   │  1500   │ 4650000 │ 18346300 │ 1672743360000 │ '2023-01-03T10:56:00.000Z' │ 100 │  0  │  0  │ Infinity │    0     │ 758.8 │ 494.1 │  0  │  2  │ 1500  │  4650000  │   2300    │   15401300    │      │         │      │
│   13    │ 3.1 │ 3.1 │ 3.1 │ 3.1 │ 200  │ 620000  │   18500   │   200   │ 620000  │ 18966300 │ 1672743840000 │ '2023-01-03T11:04:00.000Z' │ 100 │  0  │  0  │ Infinity │    0     │ 758.8 │ 494.1 │  0  │ 0.3 │  200  │  620000   │   2500    │   16021300    │      │         │      │
│   14    │ 3.1 │ 3.1 │ 3.1 │ 3.1 │ 2000 │ 6200000 │   20500   │  2000   │ 6200000 │ 25166300 │ 1672745280000 │ '2023-01-03T11:28:00.000Z' │ 100 │  0  │  0  │ Infinity │    0     │ 758.8 │ 494.1 │  0  │ 2.6 │ 2000  │  6200000  │   4500    │   22221300    │      │         │      │
│   15    │ 3.1 │ 3.1 │ 3.1 │ 3.1 │ 400  │ 1240000 │   20900   │   400   │ 1240000 │ 26406300 │ 1672750800000 │ '2023-01-03T13:00:00.000Z' │ 100 │  0  │  0  │ Infinity │    0     │ 758.8 │ 494.1 │  0  │ 0.5 │  400  │  1240000  │   4900    │   23461300    │      │         │      │
│   16    │  3  │  3  │  3  │  3  │      │         │   21300   │   400   │  1200   │ 26407500 │ 1672756800000 │ '2023-01-03T14:40:00.000Z' │  0  │ 100 │  0  │    0     │ Infinity │ 758.8 │ 494.1 │  0  │     │ -400  │   -1200   │   4500    │   23460100    │ 400  │  1200   │ 0.8  │
└─────────┴─────┴─────┴─────┴─────┴──────┴─────────┴───────────┴─────────┴─────────┴──────────┴───────────────┴────────────────────────────┴─────┴─────┴─────┴──────────┴──────────┴───────┴───────┴─────┴─────┴───────┴───────────┴───────────┴───────────────┴──────┴─────────┴──────┘

