┌─────────┬───────┬───────┬───────┬───────┬──────┬──────────┬───────────┬─────────┬──────────┬───────────┬───────────────┬────────────────────────────┬─────┬─────┬─────┬──────────┬──────────┬───────┬───────┬─────┬─────┬───────┬───────────┬───────────┬───────────────┬──────┬──────────┬─────┐
│ (index) │   c   │   h   │   l   │   o   │  bu  │  val_bu  │ total_vol │ sum_vol │   val    │ acum_val  │   datetime    │            date            │ pbu │ psd │ puk │    bs    │    sb    │  abu  │  asd  │ auk │ rbu │ bu-sd │ bu-sd_val │ acum_busd │ acum_busd_val │  sd  │  val_sd  │ rsd │
├─────────┼───────┼───────┼───────┼───────┼──────┼──────────┼───────────┼─────────┼──────────┼───────────┼───────────────┼────────────────────────────┼─────┼─────┼─────┼──────────┼──────────┼───────┼───────┼─────┼─────┼───────┼───────────┼───────────┼───────────────┼──────┼──────────┼─────┤
│    0    │ 13.45 │ 13.45 │ 13.45 │ 13.45 │ 200  │ 2690000  │    200    │   200   │ 2690000  │  2690000  │ 1672737300000 │ '2023-01-03T09:15:00.000Z' │ 100 │  0  │  0  │ Infinity │    0     │ 743.8 │ 362.5 │  0  │ 0.3 │  200  │  2690000  │    200    │    2690000    │      │          │     │
│    1    │ 12.95 │ 12.95 │ 12.95 │ 12.95 │      │          │    700    │   500   │ 6475000  │  9165000  │ 1672738200000 │ '2023-01-03T09:30:00.000Z' │  0  │ 100 │  0  │    0     │ Infinity │ 743.8 │ 362.5 │  0  │     │ -500  │ -6475000  │   -300    │   -3785000    │ 500  │ 6475000  │ 1.4 │
│    2    │ 12.9  │ 12.9  │ 12.9  │ 12.9  │      │          │    900    │   200   │ 2580000  │ 11745000  │ 1672738500000 │ '2023-01-03T09:35:00.000Z' │  0  │ 100 │  0  │    0     │ Infinity │ 743.8 │ 362.5 │  0  │     │ -200  │ -2580000  │   -500    │   -6365000    │ 200  │ 2580000  │ 0.6 │
│    3    │ 13.35 │ 13.35 │ 13.3  │ 13.3  │ 1000 │ 13345000 │   1900    │  1000   │ 13345000 │ 25090000  │ 1672738800000 │ '2023-01-03T09:40:00.000Z' │ 100 │  0  │  0  │ Infinity │    0     │ 743.8 │ 362.5 │  0  │ 1.3 │ 1000  │ 13345000  │    500    │    6980000    │      │          │     │
│    4    │ 13.45 │ 13.45 │ 13.45 │ 13.45 │ 800  │ 10760000 │   3900    │  2000   │ 26900000 │ 51990000  │ 1672740000000 │ '2023-01-03T10:00:00.000Z' │ 40  │ 60  │  0  │   0.7    │   1.5    │ 743.8 │ 362.5 │  0  │ 1.1 │ -400  │ -5380000  │    100    │    1600000    │ 1200 │ 16140000 │ 3.3 │
│    5    │ 13.45 │ 13.45 │ 13.45 │ 13.45 │      │          │   4100    │   200   │ 2690000  │ 54680000  │ 1672740300000 │ '2023-01-03T10:05:00.000Z' │  0  │ 100 │  0  │    0     │ Infinity │ 743.8 │ 362.5 │  0  │     │ -200  │ -2690000  │   -100    │   -1090000    │ 200  │ 2690000  │ 0.6 │
│    6    │ 13.3  │ 13.3  │ 13.3  │ 13.3  │      │          │   4200    │   100   │ 1330000  │ 56010000  │ 1672744500000 │ '2023-01-03T11:15:00.000Z' │  0  │ 100 │  0  │    0     │ Infinity │ 743.8 │ 362.5 │  0  │     │ -100  │ -1330000  │   -200    │   -2420000    │ 100  │ 1330000  │ 0.3 │
│    7    │ 13.45 │ 13.45 │ 13.45 │ 13.45 │ 3800 │ 51110000 │   8000    │  3800   │ 51110000 │ 107120000 │ 1672744800000 │ '2023-01-03T11:20:00.000Z' │ 100 │  0  │  0  │ Infinity │    0     │ 743.8 │ 362.5 │  0  │ 5.1 │ 3800  │ 51110000  │   3600    │   48690000    │      │          │     │
│    8    │  13   │ 13.2  │  13   │ 13.2  │      │          │   8500    │   500   │ 6540000  │ 113660000 │ 1672745100000 │ '2023-01-03T11:25:00.000Z' │  0  │ 100 │  0  │    0     │ Infinity │ 743.8 │ 362.5 │  0  │     │ -500  │ -6540000  │   3100    │   42150000    │ 500  │ 6540000  │ 1.4 │
│    9    │ 13.4  │ 13.4  │ 13.4  │ 13.4  │ 4000 │ 53600000 │   12500   │  4000   │ 53600000 │ 167260000 │ 1672751700000 │ '2023-01-03T13:15:00.000Z' │ 100 │  0  │  0  │ Infinity │    0     │ 743.8 │ 362.5 │  0  │ 5.4 │ 4000  │ 53600000  │   7100    │   95750000    │      │          │     │
│   10    │ 13.4  │ 13.4  │ 13.4  │ 13.4  │ 2000 │ 26800000 │   14500   │  2000   │ 26800000 │ 194060000 │ 1672752000000 │ '2023-01-03T13:20:00.000Z' │ 100 │  0  │  0  │ Infinity │    0     │ 743.8 │ 362.5 │  0  │ 2.7 │ 2000  │ 26800000  │   9100    │   122550000   │      │          │     │
│   11    │ 13.3  │ 13.3  │ 13.3  │ 13.3  │      │          │   14600   │   100   │ 1330000  │ 195390000 │ 1672753800000 │ '2023-01-03T13:50:00.000Z' │  0  │ 100 │  0  │    0     │ Infinity │ 743.8 │ 362.5 │  0  │     │ -100  │ -1330000  │   9000    │   121220000   │ 100  │ 1330000  │ 0.3 │
│   12    │ 13.3  │ 13.3  │ 13.3  │ 13.3  │ 100  │ 1330000  │   14700   │   100   │ 1330000  │ 196720000 │ 1672754400000 │ '2023-01-03T14:00:00.000Z' │ 100 │  0  │  0  │ Infinity │    0     │ 743.8 │ 362.5 │  0  │ 0.1 │  100  │  1330000  │   9100    │   122550000   │      │          │     │
│   13    │ 13.3  │ 13.3  │ 13.3  │ 13.3  │      │          │   14800   │   100   │ 1330000  │ 198050000 │ 1672755300000 │ '2023-01-03T14:15:00.000Z' │  0  │ 100 │  0  │    0     │ Infinity │ 743.8 │ 362.5 │  0  │     │ -100  │ -1330000  │   9000    │   121220000   │ 100  │ 1330000  │ 0.3 │
│   14    │ 13.3  │ 13.3  │ 13.3  │ 13.3  │      │          │   16200   │  1400   │ 18620000 │ 216670000 │ 1672755600000 │ '2023-01-03T14:20:00.000Z' │  0  │ 100 │  0  │    0     │ Infinity │ 743.8 │ 362.5 │  0  │     │ -1400 │ -18620000 │   7600    │   102600000   │ 1400 │ 18620000 │ 3.9 │
│   15    │ 13.3  │ 13.3  │ 13.3  │ 13.3  │      │          │   17700   │  1500   │ 19950000 │ 236620000 │ 1672757100000 │ '2023-01-03T14:45:00.000Z' │  0  │ 100 │  0  │    0     │ Infinity │ 743.8 │ 362.5 │  0  │     │ -1500 │ -19950000 │   6100    │   82650000    │ 1500 │ 19950000 │ 4.1 │
└─────────┴───────┴───────┴───────┴───────┴──────┴──────────┴───────────┴─────────┴──────────┴───────────┴───────────────┴────────────────────────────┴─────┴─────┴─────┴──────────┴──────────┴───────┴───────┴─────┴─────┴───────┴───────────┴───────────┴───────────────┴──────┴──────────┴─────┘

