┌─────────┬─────┬─────┬─────┬─────┬───────┬───────────┬───────────┬─────────┬───────────┬────────────┬───────────────┬────────────────────────────┬──────┬──────┬─────┬──────────┬──────────┬────────┬────────┬─────┬──────┬────────┬────────────┬───────────┬───────────────┬───────┬───────────┬─────┐
│ (index) │  c  │  h  │  l  │  o  │  bu   │  val_bu   │ total_vol │ sum_vol │    val    │  acum_val  │   datetime    │            date            │ pbu  │ psd  │ puk │    bs    │    sb    │  abu   │  asd   │ auk │ rbu  │ bu-sd  │ bu-sd_val  │ acum_busd │ acum_busd_val │  sd   │  val_sd   │ rsd │
├─────────┼─────┼─────┼─────┼─────┼───────┼───────────┼───────────┼─────────┼───────────┼────────────┼───────────────┼────────────────────────────┼──────┼──────┼─────┼──────────┼──────────┼────────┼────────┼─────┼──────┼────────┼────────────┼───────────┼───────────────┼───────┼───────────┼─────┤
│    0    │ 6.9 │ 6.9 │ 6.9 │ 6.9 │ 1000  │  6900000  │   1000    │  1000   │  6900000  │  6900000   │ 1672737300000 │ '2023-01-03T09:15:00.000Z' │ 100  │  0   │  0  │ Infinity │    0     │ 4494.9 │ 3576.9 │  0  │ 0.2  │  1000  │  6900000   │   1000    │    6900000    │       │           │     │
│    1    │ 6.9 │ 6.9 │ 6.9 │ 6.9 │  500  │  3450000  │   1500    │   500   │  3450000  │  10350000  │ 1672737600000 │ '2023-01-03T09:20:00.000Z' │ 100  │  0   │  0  │ Infinity │    0     │ 4494.9 │ 3576.9 │  0  │ 0.1  │  500   │  3450000   │   1500    │   10350000    │       │           │     │
│    2    │ 6.9 │ 6.9 │ 6.9 │ 6.9 │  100  │  690000   │   2300    │   800   │  5520000  │  15870000  │ 1672737900000 │ '2023-01-03T09:25:00.000Z' │ 12.5 │ 87.5 │  0  │   0.1    │    7     │ 4494.9 │ 3576.9 │  0  │  0   │  -600  │  -4140000  │    900    │    6210000    │  700  │  4830000  │ 0.2 │
│    3    │ 6.9 │ 6.9 │ 6.9 │ 6.9 │       │           │   2800    │   500   │  3450000  │  19320000  │ 1672738200000 │ '2023-01-03T09:30:00.000Z' │  0   │ 100  │  0  │    0     │ Infinity │ 4494.9 │ 3576.9 │  0  │      │  -500  │  -3450000  │    400    │    2760000    │  500  │  3450000  │ 0.1 │
│    4    │ 6.9 │ 6.9 │ 6.9 │ 6.9 │       │           │   3300    │   500   │  3450000  │  22770000  │ 1672738500000 │ '2023-01-03T09:35:00.000Z' │  0   │ 100  │  0  │    0     │ Infinity │ 4494.9 │ 3576.9 │  0  │      │  -500  │  -3450000  │   -100    │    -690000    │  500  │  3450000  │ 0.1 │
│    5    │  7  │  7  │ 6.9 │ 6.9 │ 10000 │ 69000000  │   29300   │  26000  │ 180980000 │ 203750000  │ 1672738800000 │ '2023-01-03T09:40:00.000Z' │ 38.5 │ 61.5 │  0  │   0.6    │   1.6    │ 4494.9 │ 3576.9 │  0  │ 2.2  │ -6000  │ -42980000  │   -6100   │   -43670000   │ 16000 │ 111980000 │ 4.5 │
│    6    │  7  │  7  │  7  │  7  │       │           │   33100   │  3800   │ 26600000  │ 230350000  │ 1672739100000 │ '2023-01-03T09:45:00.000Z' │  0   │ 100  │  0  │    0     │ Infinity │ 4494.9 │ 3576.9 │  0  │      │ -3800  │ -26600000  │   -9900   │   -70270000   │ 3800  │ 26600000  │ 1.1 │
│    7    │  7  │  7  │  7  │  7  │       │           │   33200   │   100   │  700000   │ 231050000  │ 1672739400000 │ '2023-01-03T09:50:00.000Z' │  0   │ 100  │  0  │    0     │ Infinity │ 4494.9 │ 3576.9 │  0  │      │  -100  │  -700000   │  -10000   │   -70970000   │  100  │  700000   │  0  │
│    8    │ 7.1 │ 7.1 │  7  │  7  │ 23700 │ 168270000 │   59100   │  25900  │ 183670000 │ 414720000  │ 1672739700000 │ '2023-01-03T09:55:00.000Z' │ 91.5 │ 8.5  │  0  │   10.8   │   0.1    │ 4494.9 │ 3576.9 │  0  │ 5.3  │ 21500  │ 152870000  │   11500   │   81900000    │ 2200  │ 15400000  │ 0.6 │
│    9    │ 7.1 │ 7.2 │ 7.1 │ 7.1 │ 28500 │ 203350000 │   89600   │  30500  │ 217550000 │ 632270000  │ 1672740000000 │ '2023-01-03T10:00:00.000Z' │ 93.4 │ 6.6  │  0  │   14.3   │   0.1    │ 4494.9 │ 3576.9 │  0  │ 6.3  │ 26500  │ 189150000  │   38000   │   271050000   │ 2000  │ 14200000  │ 0.6 │
│   10    │ 7.1 │ 7.1 │  7  │ 7.1 │  400  │  2840000  │  104100   │  14500  │ 101950000 │ 734220000  │ 1672740300000 │ '2023-01-03T10:05:00.000Z' │ 2.8  │ 97.2 │  0  │    0     │   35.3   │ 4494.9 │ 3576.9 │  0  │ 0.1  │ -13700 │ -96270000  │   24300   │   174780000   │ 14100 │ 99110000  │ 3.9 │
│   11    │ 7.1 │ 7.1 │ 7.1 │ 7.1 │       │           │  106400   │  2300   │ 16330000  │ 750550000  │ 1672740600000 │ '2023-01-03T10:10:00.000Z' │  0   │ 100  │  0  │    0     │ Infinity │ 4494.9 │ 3576.9 │  0  │      │ -2300  │ -16330000  │   22000   │   158450000   │ 2300  │ 16330000  │ 0.6 │
│   12    │ 7.1 │ 7.1 │ 7.1 │ 7.1 │ 3600  │ 25560000  │  110000   │  3600   │ 25560000  │ 776110000  │ 1672740900000 │ '2023-01-03T10:15:00.000Z' │ 100  │  0   │  0  │ Infinity │    0     │ 4494.9 │ 3576.9 │  0  │ 0.8  │  3600  │  25560000  │   25600   │   184010000   │       │           │     │
│   13    │ 7.1 │ 7.1 │  7  │ 7.1 │ 3700  │ 26270000  │  148700   │  38700  │ 271770000 │ 1047880000 │ 1672741500000 │ '2023-01-03T10:25:00.000Z' │ 9.6  │ 90.4 │  0  │   0.1    │   9.5    │ 4494.9 │ 3576.9 │  0  │ 0.8  │ -31300 │ -219230000 │   -5700   │   -35220000   │ 35000 │ 245500000 │ 9.8 │
│   14    │ 7.1 │ 7.1 │ 7.1 │ 7.1 │       │           │  153700   │  5000   │ 35500000  │ 1083380000 │ 1672741800000 │ '2023-01-03T10:30:00.000Z' │  0   │ 100  │  0  │    0     │ Infinity │ 4494.9 │ 3576.9 │  0  │      │ -5000  │ -35500000  │  -10700   │   -70720000   │ 5000  │ 35500000  │ 1.4 │
│   15    │ 7.1 │ 7.1 │ 7.1 │ 7.1 │ 2400  │ 17040000  │  156100   │  2400   │ 17040000  │ 1100420000 │ 1672743000000 │ '2023-01-03T10:50:00.000Z' │ 100  │  0   │  0  │ Infinity │    0     │ 4494.9 │ 3576.9 │  0  │ 0.5  │  2400  │  17040000  │   -8300   │   -53680000   │       │           │     │
│   16    │ 7.1 │ 7.1 │ 7.1 │ 7.1 │       │           │  156400   │   300   │  2130000  │ 1102550000 │ 1672743900000 │ '2023-01-03T11:05:00.000Z' │  0   │ 100  │  0  │    0     │ Infinity │ 4494.9 │ 3576.9 │  0  │      │  -300  │  -2130000  │   -8600   │   -55810000   │  300  │  2130000  │ 0.1 │
│   17    │ 7.1 │ 7.1 │ 7.1 │ 7.1 │       │           │  157400   │  1000   │  7100000  │ 1109650000 │ 1672744500000 │ '2023-01-03T11:15:00.000Z' │  0   │ 100  │  0  │    0     │ Infinity │ 4494.9 │ 3576.9 │  0  │      │ -1000  │  -7100000  │   -9600   │   -62910000   │ 1000  │  7100000  │ 0.3 │
│   18    │ 7.1 │ 7.1 │ 7.1 │ 7.1 │       │           │  158900   │  1500   │ 10650000  │ 1120300000 │ 1672744800000 │ '2023-01-03T11:20:00.000Z' │  0   │ 100  │  0  │    0     │ Infinity │ 4494.9 │ 3576.9 │  0  │      │ -1500  │ -10650000  │  -11100   │   -73560000   │ 1500  │ 10650000  │ 0.4 │
│   19    │ 7.1 │ 7.1 │ 7.1 │ 7.1 │       │           │  160100   │  1200   │  8520000  │ 1128820000 │ 1672750800000 │ '2023-01-03T13:00:00.000Z' │  0   │ 100  │  0  │    0     │ Infinity │ 4494.9 │ 3576.9 │  0  │      │ -1200  │  -8520000  │  -12300   │   -82080000   │ 1200  │  8520000  │ 0.3 │
│   20    │ 7.2 │ 7.2 │ 7.1 │ 7.1 │  200  │  1440000  │  160400   │   300   │  2150000  │ 1130970000 │ 1672751100000 │ '2023-01-03T13:05:00.000Z' │ 66.7 │ 33.3 │  0  │    2     │   0.5    │ 4494.9 │ 3576.9 │  0  │  0   │  100   │   730000   │  -12200   │   -81350000   │  100  │  710000   │  0  │
├─────────┼─────┼─────┼─────┼─────┼───────┼───────────┼───────────┼─────────┼───────────┼────────────┼───────────────┼────────────────────────────┼──────┼──────┼─────┼──────────┼──────────┼────────┼────────┼─────┼──────┼────────┼────────────┼───────────┼───────────────┼───────┼───────────┼─────┤
│ (index) │  c  │  h  │  l  │  o  │  bu   │  val_bu   │ total_vol │ sum_vol │    val    │  acum_val  │   datetime    │            date            │ pbu  │ psd  │ puk │    bs    │    sb    │  abu   │  asd   │ auk │ rbu  │ bu-sd  │ bu-sd_val  │ acum_busd │ acum_busd_val │  sd   │  val_sd   │ rsd │
├─────────┼─────┼─────┼─────┼─────┼───────┼───────────┼───────────┼─────────┼───────────┼────────────┼───────────────┼────────────────────────────┼──────┼──────┼─────┼──────────┼──────────┼────────┼────────┼─────┼──────┼────────┼────────────┼───────────┼───────────────┼───────┼───────────┼─────┤
│   21    │ 7.2 │ 7.2 │ 7.2 │ 7.2 │  200  │  1440000  │  160600   │   200   │  1440000  │ 1132410000 │ 1672751400000 │ '2023-01-03T13:10:00.000Z' │ 100  │  0   │  0  │ Infinity │    0     │ 4494.9 │ 3576.9 │  0  │  0   │  200   │  1440000   │  -12000   │   -79910000   │       │           │     │
│   22    │ 7.2 │ 7.2 │ 7.2 │ 7.2 │  100  │  720000   │  160700   │   100   │  720000   │ 1133130000 │ 1672751700000 │ '2023-01-03T13:15:00.000Z' │ 100  │  0   │  0  │ Infinity │    0     │ 4494.9 │ 3576.9 │  0  │  0   │  100   │   720000   │  -11900   │   -79190000   │       │           │     │
│   23    │ 7.2 │ 7.2 │ 7.1 │ 7.1 │ 12000 │ 86400000  │  173200   │  12500  │ 89950000  │ 1223080000 │ 1672752000000 │ '2023-01-03T13:20:00.000Z' │  96  │  4   │  0  │    24    │    0     │ 4494.9 │ 3576.9 │  0  │ 2.7  │ 11500  │  82850000  │   -400    │    3660000    │  500  │  3550000  │ 0.1 │
│   24    │ 7.2 │ 7.3 │ 7.2 │ 7.2 │ 15700 │ 113190000 │  190400   │  17200  │ 123990000 │ 1347070000 │ 1672752300000 │ '2023-01-03T13:25:00.000Z' │ 91.3 │ 8.7  │  0  │   10.5   │   0.1    │ 4494.9 │ 3576.9 │  0  │ 3.5  │ 14200  │ 102390000  │   13800   │   106050000   │ 1500  │ 10800000  │ 0.4 │
│   25    │ 7.2 │ 7.2 │ 7.2 │ 7.2 │       │           │  191600   │  1200   │  8640000  │ 1355710000 │ 1672752600000 │ '2023-01-03T13:30:00.000Z' │  0   │ 100  │  0  │    0     │ Infinity │ 4494.9 │ 3576.9 │  0  │      │ -1200  │  -8640000  │   12600   │   97410000    │ 1200  │  8640000  │ 0.3 │
│   26    │ 7.2 │ 7.2 │ 7.2 │ 7.2 │       │           │  193600   │  2000   │ 14400000  │ 1370110000 │ 1672752900000 │ '2023-01-03T13:35:00.000Z' │  0   │ 100  │  0  │    0     │ Infinity │ 4494.9 │ 3576.9 │  0  │      │ -2000  │ -14400000  │   10600   │   83010000    │ 2000  │ 14400000  │ 0.6 │
│   27    │ 7.2 │ 7.2 │ 7.2 │ 7.2 │       │           │  193800   │   200   │  1440000  │ 1371550000 │ 1672753200000 │ '2023-01-03T13:40:00.000Z' │  0   │ 100  │  0  │    0     │ Infinity │ 4494.9 │ 3576.9 │  0  │      │  -200  │  -1440000  │   10400   │   81570000    │  200  │  1440000  │ 0.1 │
│   28    │ 7.3 │ 7.3 │ 7.3 │ 7.3 │ 1100  │  8030000  │  194900   │  1100   │  8030000  │ 1379580000 │ 1672753800000 │ '2023-01-03T13:50:00.000Z' │ 100  │  0   │  0  │ Infinity │    0     │ 4494.9 │ 3576.9 │  0  │ 0.2  │  1100  │  8030000   │   11500   │   89600000    │       │           │     │
│   29    │ 7.3 │ 7.3 │ 7.3 │ 7.3 │ 2000  │ 14600000  │  196900   │  2000   │ 14600000  │ 1394180000 │ 1672754100000 │ '2023-01-03T13:55:00.000Z' │ 100  │  0   │  0  │ Infinity │    0     │ 4494.9 │ 3576.9 │  0  │ 0.4  │  2000  │  14600000  │   13500   │   104200000   │       │           │     │
│   30    │ 7.3 │ 7.3 │ 7.3 │ 7.3 │ 2300  │ 16790000  │  199200   │  2300   │ 16790000  │ 1410970000 │ 1672754400000 │ '2023-01-03T14:00:00.000Z' │ 100  │  0   │  0  │ Infinity │    0     │ 4494.9 │ 3576.9 │  0  │ 0.5  │  2300  │  16790000  │   15800   │   120990000   │       │           │     │
│   31    │ 7.2 │ 7.3 │ 7.2 │ 7.3 │ 4200  │ 30660000  │  228400   │  29200  │ 210660000 │ 1621630000 │ 1672755000000 │ '2023-01-03T14:10:00.000Z' │ 14.4 │ 85.6 │  0  │   0.2    │    6     │ 4494.9 │ 3576.9 │  0  │ 0.9  │ -20800 │ -149340000 │   -5000   │   -28350000   │ 25000 │ 180000000 │  7  │
│   32    │ 7.2 │ 7.2 │ 7.2 │ 7.2 │       │           │  231700   │  3300   │ 23760000  │ 1645390000 │ 1672755300000 │ '2023-01-03T14:15:00.000Z' │  0   │ 100  │  0  │    0     │ Infinity │ 4494.9 │ 3576.9 │  0  │      │ -3300  │ -23760000  │   -8300   │   -52110000   │ 3300  │ 23760000  │ 0.9 │
│   33    │ 7.2 │ 7.2 │ 7.2 │ 7.2 │       │           │  238700   │  7000   │ 50400000  │ 1695790000 │ 1672755600000 │ '2023-01-03T14:20:00.000Z' │  0   │ 100  │  0  │    0     │ Infinity │ 4494.9 │ 3576.9 │  0  │      │ -7000  │ -50400000  │  -15300   │  -102510000   │ 7000  │ 50400000  │  2  │
│   34    │ 7.3 │ 7.3 │ 7.2 │ 7.2 │ 2200  │ 16060000  │  251100   │  12400  │ 89500000  │ 1785290000 │ 1672755900000 │ '2023-01-03T14:25:00.000Z' │ 17.7 │ 82.3 │  0  │   0.2    │   4.6    │ 4494.9 │ 3576.9 │  0  │ 0.5  │ -8000  │ -57380000  │  -23300   │  -159890000   │ 10200 │ 73440000  │ 2.9 │
│   35    │ 7.3 │ 7.3 │ 7.3 │ 7.3 │  300  │  2190000  │  251400   │   300   │  2190000  │ 1787480000 │ 1672756800000 │ '2023-01-03T14:40:00.000Z' │ 100  │  0   │  0  │ Infinity │    0     │ 4494.9 │ 3576.9 │  0  │ 0.1  │  300   │  2190000   │  -23000   │  -157700000   │       │           │     │
│   36    │ 7.3 │ 7.3 │ 7.3 │ 7.3 │  200  │  1460000  │  251600   │   200   │  1460000  │ 1788940000 │ 1672757100000 │ '2023-01-03T14:45:00.000Z' │ 100  │  0   │  0  │ Infinity │    0     │ 4494.9 │ 3576.9 │  0  │  0   │  200   │  1460000   │  -22800   │  -156240000   │       │           │     │
│   37    │ 7.4 │ 7.4 │ 7.3 │ 7.3 │ 60400 │ 446920000 │  312000   │  60400  │ 446920000 │ 2235860000 │ 1672757400000 │ '2023-01-03T14:50:00.000Z' │ 100  │  0   │  0  │ Infinity │    0     │ 4494.9 │ 3576.9 │  0  │ 13.4 │ 60400  │ 446920000  │   37600   │   290680000   │       │           │     │
│   38    │ 7.2 │ 7.3 │ 7.2 │ 7.2 │  500  │  3650000  │  314800   │  2800   │ 20210000  │ 2256070000 │ 1672757700000 │ '2023-01-03T14:55:00.000Z' │ 17.9 │ 82.1 │  0  │   0.2    │   4.6    │ 4494.9 │ 3576.9 │  0  │ 0.1  │ -1800  │ -12910000  │   35800   │   277770000   │ 2300  │ 16560000  │ 0.6 │
└─────────┴─────┴─────┴─────┴─────┴───────┴───────────┴───────────┴─────────┴───────────┴────────────┴───────────────┴────────────────────────────┴──────┴──────┴─────┴──────────┴──────────┴────────┴────────┴─────┴──────┴────────┴────────────┴───────────┴───────────────┴───────┴───────────┴─────┘

├─────────┼─────┼─────┼─────┼─────┼───────┼───────────┼───────────┼─────────┼───────────┼────────────┼───────────────┼────────────────────────────┼──────┼──────┼─────┼──────────┼──────────┼────────┼────────┼─────┼──────┼────────┼────────────┼───────────┼───────────────┼───────┼───────────┼─────┤
│ (index) │  c  │  h  │  l  │  o  │  bu   │  val_bu   │ total_vol │ sum_vol │    val    │  acum_val  │   datetime    │            date            │ pbu  │ psd  │ puk │    bs    │    sb    │  abu   │  asd   │ auk │ rbu  │ bu-sd  │ bu-sd_val  │ acum_busd │ acum_busd_val │  sd   │  val_sd   │ rsd │
├─────────┼─────┼─────┼─────┼─────┼───────┼───────────┼───────────┼─────────┼───────────┼────────────┼───────────────┼────────────────────────────┼──────┼──────┼─────┼──────────┼──────────┼────────┼────────┼─────┼──────┼────────┼────────────┼───────────┼───────────────┼───────┼───────────┼─────┤
