┌─────────┬──────┬──────┬──────┬──────┬───────┬───────────┬───────────┬─────────┬───────────┬────────────┬───────────────┬────────────────────────────┬──────┬──────┬─────┬──────────┬──────────┬────────┬────────┬─────┬──────┬───────┬───────────┬───────────┬───────────────┬──────┬──────────┬─────┐
│ (index) │  c   │  h   │  l   │  o   │  bu   │  val_bu   │ total_vol │ sum_vol │    val    │  acum_val  │   datetime    │            date            │ pbu  │ psd  │ puk │    bs    │    sb    │  abu   │  asd   │ auk │ rbu  │ bu-sd │ bu-sd_val │ acum_busd │ acum_busd_val │  sd  │  val_sd  │ rsd │
├─────────┼──────┼──────┼──────┼──────┼───────┼───────────┼───────────┼─────────┼───────────┼────────────┼───────────────┼────────────────────────────┼──────┼──────┼─────┼──────────┼──────────┼────────┼────────┼─────┼──────┼───────┼───────────┼───────────┼───────────────┼──────┼──────────┼─────┤
│    0    │ 7.49 │ 7.5  │ 7.49 │ 7.5  │ 1200  │  8998000  │   1200    │  1200   │  8998000  │  8998000   │ 1672737600000 │ '2023-01-03T09:20:00.000Z' │ 100  │  0   │  0  │ Infinity │    0     │ 1947.7 │ 1627.3 │  0  │ 0.6  │ 1200  │  8998000  │   1200    │    8998000    │      │          │     │
│    1    │ 7.5  │ 7.5  │ 7.5  │ 7.5  │  600  │  4500000  │   1800    │   600   │  4500000  │  13498000  │ 1672737900000 │ '2023-01-03T09:25:00.000Z' │ 100  │  0   │  0  │ Infinity │    0     │ 1947.7 │ 1627.3 │  0  │ 0.3  │  600  │  4500000  │   1800    │   13498000    │      │          │     │
│    2    │ 7.36 │ 7.38 │ 7.36 │ 7.38 │       │           │   2900    │  1100   │  8102000  │  21600000  │ 1672738200000 │ '2023-01-03T09:30:00.000Z' │  0   │ 100  │  0  │    0     │ Infinity │ 1947.7 │ 1627.3 │  0  │      │ -1100 │ -8102000  │    700    │    5396000    │ 1100 │ 8102000  │ 0.7 │
│    3    │ 7.49 │ 7.49 │ 7.48 │ 7.48 │ 1100  │  8229000  │   4500    │  1600   │ 11969000  │  33569000  │ 1672738500000 │ '2023-01-03T09:35:00.000Z' │ 68.8 │ 31.3 │  0  │   2.2    │   0.5    │ 1947.7 │ 1627.3 │  0  │ 0.6  │  600  │  4489000  │   1300    │    9885000    │ 500  │ 3740000  │ 0.3 │
│    4    │ 7.5  │ 7.54 │ 7.49 │ 7.5  │ 4900  │ 36730000  │   11200   │  6700   │ 50266000  │  83835000  │ 1672738800000 │ '2023-01-03T09:40:00.000Z' │ 73.1 │ 26.9 │  0  │   2.7    │   0.4    │ 1947.7 │ 1627.3 │  0  │ 2.5  │ 3100  │ 23194000  │   4400    │   33079000    │ 1800 │ 13536000 │ 1.1 │
│    5    │ 7.5  │ 7.51 │ 7.48 │ 7.48 │ 2200  │ 16500000  │   19500   │  8300   │ 62253000  │ 146088000  │ 1672739100000 │ '2023-01-03T09:45:00.000Z' │ 26.5 │ 73.5 │  0  │   0.4    │   2.8    │ 1947.7 │ 1627.3 │  0  │ 1.1  │ -3900 │ -29253000 │    500    │    3826000    │ 6100 │ 45753000 │ 3.7 │
│    6    │ 7.38 │ 7.5  │ 7.38 │ 7.5  │ 1200  │  9000000  │   20900   │  1400   │ 10476000  │ 156564000  │ 1672739400000 │ '2023-01-03T09:50:00.000Z' │ 85.7 │ 14.3 │  0  │    6     │   0.2    │ 1947.7 │ 1627.3 │  0  │ 0.6  │ 1000  │  7524000  │   1500    │   11350000    │ 200  │ 1476000  │ 0.1 │
│    7    │ 7.52 │ 7.52 │ 7.51 │ 7.51 │       │           │   22000   │  1100   │  8266000  │ 164830000  │ 1672739700000 │ '2023-01-03T09:55:00.000Z' │  0   │ 100  │  0  │    0     │ Infinity │ 1947.7 │ 1627.3 │  0  │      │ -1100 │ -8266000  │    400    │    3084000    │ 1100 │ 8266000  │ 0.7 │
│    8    │ 7.58 │ 7.58 │ 7.58 │ 7.58 │ 1900  │ 14402000  │   23900   │  1900   │ 14402000  │ 179232000  │ 1672740000000 │ '2023-01-03T10:00:00.000Z' │ 100  │  0   │  0  │ Infinity │    0     │ 1947.7 │ 1627.3 │  0  │  1   │ 1900  │ 14402000  │   2300    │   17486000    │      │          │     │
│    9    │ 7.5  │ 7.58 │ 7.5  │ 7.58 │ 1000  │  7580000  │   27900   │  4000   │ 30080000  │ 209312000  │ 1672740300000 │ '2023-01-03T10:05:00.000Z' │  25  │  75  │  0  │   0.3    │    3     │ 1947.7 │ 1627.3 │  0  │ 0.5  │ -2000 │ -14920000 │    300    │    2566000    │ 3000 │ 22500000 │ 1.8 │
│   10    │ 7.45 │ 7.45 │ 7.45 │ 7.45 │       │           │   28000   │   100   │  745000   │ 210057000  │ 1672740600000 │ '2023-01-03T10:10:00.000Z' │  0   │ 100  │  0  │    0     │ Infinity │ 1947.7 │ 1627.3 │  0  │      │ -100  │  -745000  │    200    │    1821000    │ 100  │  745000  │ 0.1 │
│   11    │ 7.45 │ 7.45 │ 7.45 │ 7.45 │       │           │   29500   │  1500   │ 11175000  │ 221232000  │ 1672740900000 │ '2023-01-03T10:15:00.000Z' │  0   │ 100  │  0  │    0     │ Infinity │ 1947.7 │ 1627.3 │  0  │      │ -1500 │ -11175000 │   -1300   │   -9354000    │ 1500 │ 11175000 │ 0.9 │
│   12    │ 7.43 │ 7.45 │ 7.43 │ 7.45 │       │           │   34400   │  4900   │ 36457000  │ 257689000  │ 1672741500000 │ '2023-01-03T10:25:00.000Z' │  0   │ 100  │  0  │    0     │ Infinity │ 1947.7 │ 1627.3 │  0  │      │ -4900 │ -36457000 │   -6200   │   -45811000   │ 4900 │ 36457000 │  3  │
│   13    │ 7.41 │ 7.43 │ 7.41 │ 7.43 │       │           │   35200   │   800   │  5940000  │ 263629000  │ 1672741800000 │ '2023-01-03T10:30:00.000Z' │  0   │ 100  │  0  │    0     │ Infinity │ 1947.7 │ 1627.3 │  0  │      │ -800  │ -5940000  │   -7000   │   -51751000   │ 800  │ 5940000  │ 0.5 │
│   14    │ 7.42 │ 7.42 │ 7.41 │ 7.41 │       │           │   36000   │   800   │  5932000  │ 269561000  │ 1672742100000 │ '2023-01-03T10:35:00.000Z' │  0   │ 100  │  0  │    0     │ Infinity │ 1947.7 │ 1627.3 │  0  │      │ -800  │ -5932000  │   -7800   │   -57683000   │ 800  │ 5932000  │ 0.5 │
│   15    │ 7.42 │ 7.5  │ 7.42 │ 7.5  │  900  │  6750000  │   37700   │  1700   │ 12686000  │ 282247000  │ 1672742400000 │ '2023-01-03T10:40:00.000Z' │ 52.9 │ 47.1 │  0  │   1.1    │   0.9    │ 1947.7 │ 1627.3 │  0  │ 0.5  │  100  │  814000   │   -7700   │   -56869000   │ 800  │ 5936000  │ 0.5 │
│   16    │ 7.42 │ 7.42 │ 7.42 │ 7.42 │       │           │   38500   │   800   │  5936000  │ 288183000  │ 1672742700000 │ '2023-01-03T10:45:00.000Z' │  0   │ 100  │  0  │    0     │ Infinity │ 1947.7 │ 1627.3 │  0  │      │ -800  │ -5936000  │   -8500   │   -62805000   │ 800  │ 5936000  │ 0.5 │
│   17    │ 7.43 │ 7.43 │ 7.42 │ 7.42 │       │           │   39300   │   800   │  5940000  │ 294123000  │ 1672743000000 │ '2023-01-03T10:50:00.000Z' │  0   │ 100  │  0  │    0     │ Infinity │ 1947.7 │ 1627.3 │  0  │      │ -800  │ -5940000  │   -9300   │   -68745000   │ 800  │ 5940000  │ 0.5 │
│   18    │ 7.42 │ 7.43 │ 7.42 │ 7.43 │       │           │   40100   │   800   │  5939000  │ 300062000  │ 1672743300000 │ '2023-01-03T10:55:00.000Z' │  0   │ 100  │  0  │    0     │ Infinity │ 1947.7 │ 1627.3 │  0  │      │ -800  │ -5939000  │  -10100   │   -74684000   │ 800  │ 5939000  │ 0.5 │
│   19    │ 7.43 │ 7.43 │ 7.42 │ 7.42 │       │           │   40900   │   800   │  5940000  │ 306002000  │ 1672743600000 │ '2023-01-03T11:00:00.000Z' │  0   │ 100  │  0  │    0     │ Infinity │ 1947.7 │ 1627.3 │  0  │      │ -800  │ -5940000  │  -10900   │   -80624000   │ 800  │ 5940000  │ 0.5 │
│   20    │ 7.54 │ 7.54 │ 7.43 │ 7.43 │ 1100  │  8270000  │   43300   │  2400   │ 17984000  │ 323986000  │ 1672743900000 │ '2023-01-03T11:05:00.000Z' │ 45.8 │ 54.2 │  0  │   0.8    │   1.2    │ 1947.7 │ 1627.3 │  0  │ 0.6  │ -200  │ -1444000  │  -11100   │   -82068000   │ 1300 │ 9714000  │ 0.8 │
├─────────┼──────┼──────┼──────┼──────┼───────┼───────────┼───────────┼─────────┼───────────┼────────────┼───────────────┼────────────────────────────┼──────┼──────┼─────┼──────────┼──────────┼────────┼────────┼─────┼──────┼───────┼───────────┼───────────┼───────────────┼──────┼──────────┼─────┤
│ (index) │  c   │  h   │  l   │  o   │  bu   │  val_bu   │ total_vol │ sum_vol │    val    │  acum_val  │   datetime    │            date            │ pbu  │ psd  │ puk │    bs    │    sb    │  abu   │  asd   │ auk │ rbu  │ bu-sd │ bu-sd_val │ acum_busd │ acum_busd_val │  sd  │  val_sd  │ rsd │
├─────────┼──────┼──────┼──────┼──────┼───────┼───────────┼───────────┼─────────┼───────────┼────────────┼───────────────┼────────────────────────────┼──────┼──────┼─────┼──────────┼──────────┼────────┼────────┼─────┼──────┼───────┼───────────┼───────────┼───────────────┼──────┼──────────┼─────┤
│   21    │ 7.45 │ 7.54 │ 7.45 │ 7.54 │       │           │   44700   │  1400   │ 10520000  │ 334506000  │ 1672744200000 │ '2023-01-03T11:10:00.000Z' │  0   │ 100  │  0  │    0     │ Infinity │ 1947.7 │ 1627.3 │  0  │      │ -1400 │ -10520000 │  -12500   │   -92588000   │ 1400 │ 10520000 │ 0.9 │
│   22    │ 7.45 │ 7.45 │ 7.44 │ 7.45 │       │           │   45500   │   800   │  5957000  │ 340463000  │ 1672744500000 │ '2023-01-03T11:15:00.000Z' │  0   │ 100  │  0  │    0     │ Infinity │ 1947.7 │ 1627.3 │  0  │      │ -800  │ -5957000  │  -13300   │   -98545000   │ 800  │ 5957000  │ 0.5 │
│   23    │ 7.44 │ 7.45 │ 7.44 │ 7.45 │       │           │   46700   │  1200   │  8934000  │ 349397000  │ 1672744800000 │ '2023-01-03T11:20:00.000Z' │  0   │ 100  │  0  │    0     │ Infinity │ 1947.7 │ 1627.3 │  0  │      │ -1200 │ -8934000  │  -14500   │  -107479000   │ 1200 │ 8934000  │ 0.7 │
│   24    │ 7.43 │ 7.44 │ 7.43 │ 7.44 │       │           │   47500   │   800   │  5946000  │ 355343000  │ 1672745100000 │ '2023-01-03T11:25:00.000Z' │  0   │ 100  │  0  │    0     │ Infinity │ 1947.7 │ 1627.3 │  0  │      │ -800  │ -5946000  │  -15300   │  -113425000   │ 800  │ 5946000  │ 0.5 │
│   25    │ 7.44 │ 7.44 │ 7.43 │ 7.44 │       │           │   50000   │  2500   │ 18585000  │ 373928000  │ 1672750800000 │ '2023-01-03T13:00:00.000Z' │  0   │ 100  │  0  │    0     │ Infinity │ 1947.7 │ 1627.3 │  0  │      │ -2500 │ -18585000 │  -17800   │  -132010000   │ 2500 │ 18585000 │ 1.5 │
│   26    │ 7.46 │ 7.46 │ 7.45 │ 7.45 │       │           │   50800   │   800   │  5964000  │ 379892000  │ 1672751100000 │ '2023-01-03T13:05:00.000Z' │  0   │ 100  │  0  │    0     │ Infinity │ 1947.7 │ 1627.3 │  0  │      │ -800  │ -5964000  │  -18600   │  -137974000   │ 800  │ 5964000  │ 0.5 │
│   27    │ 7.55 │ 7.55 │ 7.46 │ 7.46 │ 6000  │ 45050000  │   57600   │  6800   │ 51022000  │ 430914000  │ 1672751400000 │ '2023-01-03T13:10:00.000Z' │ 88.2 │ 11.8 │  0  │   7.5    │   0.1    │ 1947.7 │ 1627.3 │  0  │ 3.1  │ 5200  │ 39078000  │  -13400   │   -98896000   │ 800  │ 5972000  │ 0.5 │
│   28    │ 7.49 │ 7.55 │ 7.49 │ 7.51 │ 7600  │ 57235000  │   66300   │  8700   │ 65498000  │ 496412000  │ 1672751700000 │ '2023-01-03T13:15:00.000Z' │ 87.4 │ 12.6 │  0  │   6.9    │   0.1    │ 1947.7 │ 1627.3 │  0  │ 3.9  │ 6500  │ 48972000  │   -6900   │   -49924000   │ 1100 │ 8263000  │ 0.7 │
│   29    │ 7.58 │ 7.58 │ 7.51 │ 7.55 │ 1200  │  9093000  │   68300   │  2000   │ 15109000  │ 511521000  │ 1672752000000 │ '2023-01-03T13:20:00.000Z' │  60  │  40  │  0  │   1.5    │   0.7    │ 1947.7 │ 1627.3 │  0  │ 0.6  │  400  │  3077000  │   -6500   │   -46847000   │ 800  │ 6016000  │ 0.5 │
│   30    │ 7.52 │ 7.59 │ 7.52 │ 7.58 │  500  │  3795000  │   71100   │  2800   │ 21119000  │ 532640000  │ 1672752300000 │ '2023-01-03T13:25:00.000Z' │ 17.9 │ 82.1 │  0  │   0.2    │   4.6    │ 1947.7 │ 1627.3 │  0  │ 0.3  │ -1800 │ -13529000 │   -8300   │   -60376000   │ 2300 │ 17324000 │ 1.4 │
│   31    │ 7.6  │ 7.6  │ 7.52 │ 7.52 │ 4500  │ 34199000  │   76800   │  5700   │ 43247000  │ 575887000  │ 1672752600000 │ '2023-01-03T13:30:00.000Z' │ 78.9 │ 21.1 │  0  │   3.8    │   0.3    │ 1947.7 │ 1627.3 │  0  │ 2.3  │ 3300  │ 25151000  │   -5000   │   -35225000   │ 1200 │ 9048000  │ 0.7 │
│   32    │ 7.6  │ 7.68 │ 7.6  │ 7.6  │  400  │  3071000  │   78400   │  1600   │ 12191000  │ 588078000  │ 1672752900000 │ '2023-01-03T13:35:00.000Z' │  25  │  75  │  0  │   0.3    │    3     │ 1947.7 │ 1627.3 │  0  │ 0.2  │ -800  │ -6049000  │   -5800   │   -41274000   │ 1200 │ 9120000  │ 0.7 │
│   33    │ 7.61 │ 7.68 │ 7.6  │ 7.61 │ 4000  │ 30720000  │   83800   │  5400   │ 41386000  │ 629464000  │ 1672753200000 │ '2023-01-03T13:40:00.000Z' │ 74.1 │ 25.9 │  0  │   2.9    │   0.4    │ 1947.7 │ 1627.3 │  0  │ 2.1  │ 2600  │ 20054000  │   -3200   │   -21220000   │ 1400 │ 10666000 │ 0.9 │
│   34    │ 7.64 │ 7.68 │ 7.62 │ 7.65 │ 1800  │ 13809000  │   86400   │  2600   │ 19925000  │ 649389000  │ 1672753500000 │ '2023-01-03T13:45:00.000Z' │ 69.2 │ 30.8 │  0  │   2.3    │   0.4    │ 1947.7 │ 1627.3 │  0  │ 0.9  │ 1000  │  7693000  │   -2200   │   -13527000   │ 800  │ 6116000  │ 0.5 │
│   35    │ 7.64 │ 7.69 │ 7.63 │ 7.64 │ 3000  │ 23030000  │   92400   │  6000   │ 45946000  │ 695335000  │ 1672753800000 │ '2023-01-03T13:50:00.000Z' │  50  │  50  │  0  │    1     │    1     │ 1947.7 │ 1627.3 │  0  │ 1.5  │   0   │  114000   │   -2200   │   -13413000   │ 3000 │ 22916000 │ 1.8 │
│   36    │ 7.66 │ 7.8  │ 7.65 │ 7.65 │ 30000 │ 232065000 │  124300   │  31900  │ 246616000 │ 941951000  │ 1672754100000 │ '2023-01-03T13:55:00.000Z' │  94  │  6   │  0  │   15.8   │   0.1    │ 1947.7 │ 1627.3 │  0  │ 15.4 │ 28100 │ 217514000 │   25900   │   204101000   │ 1900 │ 14551000 │ 1.2 │
│   37    │ 7.67 │ 7.67 │ 7.67 │ 7.67 │       │           │  124400   │   100   │  767000   │ 942718000  │ 1672754400000 │ '2023-01-03T14:00:00.000Z' │  0   │ 100  │  0  │    0     │ Infinity │ 1947.7 │ 1627.3 │  0  │      │ -100  │  -767000  │   25800   │   203334000   │ 100  │  767000  │ 0.1 │
│   38    │ 7.69 │ 7.69 │ 7.69 │ 7.69 │       │           │  124500   │   100   │  769000   │ 943487000  │ 1672754700000 │ '2023-01-03T14:05:00.000Z' │  0   │ 100  │  0  │    0     │ Infinity │ 1947.7 │ 1627.3 │  0  │      │ -100  │  -769000  │   25700   │   202565000   │ 100  │  769000  │ 0.1 │
│   39    │ 7.79 │ 7.79 │ 7.7  │ 7.7  │ 7300  │ 56826000  │  135900   │  11400  │ 88396000  │ 1031883000 │ 1672755000000 │ '2023-01-03T14:10:00.000Z' │  64  │  36  │  0  │   1.8    │   0.6    │ 1947.7 │ 1627.3 │  0  │ 3.7  │ 3200  │ 25256000  │   28900   │   227821000   │ 4100 │ 31570000 │ 2.5 │
│   40    │ 7.71 │ 7.72 │ 7.71 │ 7.71 │ 1500  │ 11565000  │  139000   │  3100   │ 23912000  │ 1055795000 │ 1672755300000 │ '2023-01-03T14:15:00.000Z' │ 48.4 │ 51.6 │  0  │   0.9    │   1.1    │ 1947.7 │ 1627.3 │  0  │ 0.8  │ -100  │  -782000  │   28800   │   227039000   │ 1600 │ 12347000 │  1  │
├─────────┼──────┼──────┼──────┼──────┼───────┼───────────┼───────────┼─────────┼───────────┼────────────┼───────────────┼────────────────────────────┼──────┼──────┼─────┼──────────┼──────────┼────────┼────────┼─────┼──────┼───────┼───────────┼───────────┼───────────────┼──────┼──────────┼─────┤
│ (index) │  c   │  h   │  l   │  o   │  bu   │  val_bu   │ total_vol │ sum_vol │    val    │  acum_val  │   datetime    │            date            │ pbu  │ psd  │ puk │    bs    │    sb    │  abu   │  asd   │ auk │ rbu  │ bu-sd │ bu-sd_val │ acum_busd │ acum_busd_val │  sd  │  val_sd  │ rsd │
├─────────┼──────┼──────┼──────┼──────┼───────┼───────────┼───────────┼─────────┼───────────┼────────────┼───────────────┼────────────────────────────┼──────┼──────┼─────┼──────────┼──────────┼────────┼────────┼─────┼──────┼───────┼───────────┼───────────┼───────────────┼──────┼──────────┼─────┤
│   41    │ 7.67 │ 7.71 │ 7.67 │ 7.71 │ 1500  │ 11550000  │  147500   │  8500   │ 65321000  │ 1121116000 │ 1672755600000 │ '2023-01-03T14:20:00.000Z' │ 17.6 │ 82.4 │  0  │   0.2    │   4.7    │ 1947.7 │ 1627.3 │  0  │ 0.8  │ -5500 │ -42221000 │   23300   │   184818000   │ 7000 │ 53771000 │ 4.3 │
│   42    │ 7.74 │ 7.74 │ 7.7  │ 7.7  │  300  │  2314000  │  150000   │  2500   │ 19275000  │ 1140391000 │ 1672755900000 │ '2023-01-03T14:25:00.000Z' │  12  │  88  │  0  │   0.1    │   7.3    │ 1947.7 │ 1627.3 │  0  │ 0.2  │ -1900 │ -14647000 │   21400   │   170171000   │ 2200 │ 16961000 │ 1.4 │
│   43    │ 7.78 │ 7.78 │ 7.78 │ 7.78 │       │           │  157300   │  7300   │ 56794000  │ 1197185000 │ 1672757100000 │ '2023-01-03T14:45:00.000Z' │  0   │ 100  │  0  │    0     │ Infinity │ 1947.7 │ 1627.3 │  0  │      │ -7300 │ -56794000 │   14100   │   113377000   │ 7300 │ 56794000 │ 4.5 │
└─────────┴──────┴──────┴──────┴──────┴───────┴───────────┴───────────┴─────────┴───────────┴────────────┴───────────────┴────────────────────────────┴──────┴──────┴─────┴──────────┴──────────┴────────┴────────┴─────┴──────┴───────┴───────────┴───────────┴───────────────┴──────┴──────────┴─────┘

