┌─────────┬───────┬───────┬───────┬───────┬──────┬──────────┬───────────┬─────────┬───────────┬────────────┬───────────────┬────────────────────────────┬──────┬──────┬─────┬──────────┬──────────┬───────┬───────┬─────┬─────┬───────┬────────────┬───────────┬───────────────┬──────┬───────────┬──────┐
│ (index) │   c   │   h   │   l   │   o   │  bu  │  val_bu  │ total_vol │ sum_vol │    val    │  acum_val  │   datetime    │            date            │ pbu  │ psd  │ puk │    bs    │    sb    │  abu  │  asd  │ auk │ rbu │ bu-sd │ bu-sd_val  │ acum_busd │ acum_busd_val │  sd  │  val_sd   │ rsd  │
├─────────┼───────┼───────┼───────┼───────┼──────┼──────────┼───────────┼─────────┼───────────┼────────────┼───────────────┼────────────────────────────┼──────┼──────┼─────┼──────────┼──────────┼───────┼───────┼─────┼─────┼───────┼────────────┼───────────┼───────────────┼──────┼───────────┼──────┤
│    0    │ 22.9  │ 22.9  │ 22.9  │ 22.9  │ 600  │ 13740000 │    600    │   600   │ 13740000  │  13740000  │ 1672737240000 │ '2023-01-03T09:14:00.000Z' │ 100  │  0   │  0  │ Infinity │    0     │ 470.9 │ 543.6 │  0  │ 1.3 │  600  │  13740000  │    600    │   13740000    │      │           │      │
│    1    │ 22.5  │ 22.5  │ 22.5  │ 22.5  │      │          │    900    │   300   │  6750000  │  20490000  │ 1672737480000 │ '2023-01-03T09:18:00.000Z' │  0   │ 100  │  0  │    0     │ Infinity │ 470.9 │ 543.6 │  0  │     │ -300  │  -6750000  │    300    │    6990000    │ 300  │  6750000  │ 0.6  │
│    2    │ 22.7  │ 22.7  │ 22.7  │ 22.7  │ 400  │ 9080000  │   1300    │   400   │  9080000  │  29570000  │ 1672738680000 │ '2023-01-03T09:38:00.000Z' │ 100  │  0   │  0  │ Infinity │    0     │ 470.9 │ 543.6 │  0  │ 0.8 │  400  │  9080000   │    700    │   16070000    │      │           │      │
│    3    │ 22.7  │ 22.7  │ 22.7  │ 22.7  │ 600  │ 13620000 │   1900    │   600   │ 13620000  │  43190000  │ 1672738800000 │ '2023-01-03T09:40:00.000Z' │ 100  │  0   │  0  │ Infinity │    0     │ 470.9 │ 543.6 │  0  │ 1.3 │  600  │  13620000  │   1300    │   29690000    │      │           │      │
│    4    │ 22.8  │ 22.8  │ 22.8  │ 22.8  │ 1000 │ 22800000 │   2900    │  1000   │ 22800000  │  65990000  │ 1672738920000 │ '2023-01-03T09:42:00.000Z' │ 100  │  0   │  0  │ Infinity │    0     │ 470.9 │ 543.6 │  0  │ 2.1 │ 1000  │  22800000  │   2300    │   52490000    │      │           │      │
│    5    │ 22.9  │ 22.9  │ 22.85 │ 22.9  │ 400  │ 9160000  │   3500    │   600   │ 13730000  │  79720000  │ 1672739040000 │ '2023-01-03T09:44:00.000Z' │ 66.7 │ 33.3 │  0  │    2     │   0.5    │ 470.9 │ 543.6 │  0  │ 0.8 │  200  │  4590000   │   2500    │   57080000    │ 200  │  4570000  │ 0.4  │
│    6    │  23   │  23   │ 22.95 │ 22.95 │ 200  │ 2297300  │   3700    │   200   │  2297300  │  82017300  │ 1672739520000 │ '2023-01-03T09:52:00.000Z' │ 100  │  0   │  0  │ Infinity │    0     │ 470.9 │ 543.6 │  0  │ 0.4 │  200  │  2297300   │   2700    │   59377300    │      │           │      │
│    7    │  23   │  23   │  23   │  23   │ 200  │   4600   │   3900    │   200   │   4600    │  82021900  │ 1672739640000 │ '2023-01-03T09:54:00.000Z' │ 100  │  0   │  0  │ Infinity │    0     │ 470.9 │ 543.6 │  0  │ 0.4 │  200  │    4600    │   2900    │   59381900    │      │           │      │
│    8    │  23   │  23   │  23   │  23   │ 200  │   4600   │   4100    │   200   │   4600    │  82026500  │ 1672739760000 │ '2023-01-03T09:56:00.000Z' │ 100  │  0   │  0  │ Infinity │    0     │ 470.9 │ 543.6 │  0  │ 0.4 │  200  │    4600    │   3100    │   59386500    │      │           │      │
│    9    │  23   │  23   │  23   │  23   │ 300  │   6900   │   4400    │   300   │   6900    │  82033400  │ 1672739880000 │ '2023-01-03T09:58:00.000Z' │ 100  │  0   │  0  │ Infinity │    0     │ 470.9 │ 543.6 │  0  │ 0.6 │  300  │    6900    │   3400    │   59393400    │      │           │      │
│   10    │  23   │  23   │ 22.95 │ 22.95 │ 200  │   4600   │   4800    │   400   │  4594600  │  86628000  │ 1672740000000 │ '2023-01-03T10:00:00.000Z' │  50  │  50  │  0  │    1     │    1     │ 470.9 │ 543.6 │  0  │ 0.4 │   0   │  -4585400  │   3400    │   54808000    │ 200  │  4590000  │ 0.4  │
│   11    │ 23.25 │ 23.25 │ 23.25 │ 23.25 │ 100  │ 2325000  │   4900    │   100   │  2325000  │  88953000  │ 1672740360000 │ '2023-01-03T10:06:00.000Z' │ 100  │  0   │  0  │ Infinity │    0     │ 470.9 │ 543.6 │  0  │ 0.2 │  100  │  2325000   │   3500    │   57133000    │      │           │      │
│   12    │ 23.1  │ 23.1  │ 23.1  │ 23.1  │ 100  │ 2310000  │   5000    │   100   │  2310000  │  91263000  │ 1672740720000 │ '2023-01-03T10:12:00.000Z' │ 100  │  0   │  0  │ Infinity │    0     │ 470.9 │ 543.6 │  0  │ 0.2 │  100  │  2310000   │   3600    │   59443000    │      │           │      │
│   13    │ 23.1  │ 23.1  │ 23.1  │ 23.1  │      │          │   5100    │   100   │  2310000  │  93573000  │ 1672741320000 │ '2023-01-03T10:22:00.000Z' │  0   │ 100  │  0  │    0     │ Infinity │ 470.9 │ 543.6 │  0  │     │ -100  │  -2310000  │   3500    │   57133000    │ 100  │  2310000  │ 0.2  │
│   14    │  23   │  23   │  23   │  23   │      │          │   5200    │   100   │   2300    │  93575300  │ 1672741920000 │ '2023-01-03T10:32:00.000Z' │  0   │ 100  │  0  │    0     │ Infinity │ 470.9 │ 543.6 │  0  │     │ -100  │   -2300    │   3400    │   57130700    │ 100  │   2300    │ 0.2  │
│   15    │  23   │  23   │  23   │  23   │ 400  │   9200   │   5600    │   400   │   9200    │  93584500  │ 1672742040000 │ '2023-01-03T10:34:00.000Z' │ 100  │  0   │  0  │ Infinity │    0     │ 470.9 │ 543.6 │  0  │ 0.8 │  400  │    9200    │   3800    │   57139900    │      │           │      │
│   16    │  23   │  23   │  23   │  23   │      │          │   5700    │   100   │   2300    │  93586800  │ 1672742160000 │ '2023-01-03T10:36:00.000Z' │  0   │ 100  │  0  │    0     │ Infinity │ 470.9 │ 543.6 │  0  │     │ -100  │   -2300    │   3700    │   57137600    │ 100  │   2300    │ 0.2  │
│   17    │  23   │  23   │  23   │  23   │      │          │   6100    │   400   │   9200    │  93596000  │ 1672742280000 │ '2023-01-03T10:38:00.000Z' │  0   │ 100  │  0  │    0     │ Infinity │ 470.9 │ 543.6 │  0  │     │ -400  │   -9200    │   3300    │   57128400    │ 400  │   9200    │ 0.7  │
│   18    │ 22.9  │  23   │ 22.9  │  23   │      │          │   13500   │  7400   │ 167362300 │ 260958300  │ 1672742880000 │ '2023-01-03T10:48:00.000Z' │  0   │ 100  │  0  │    0     │ Infinity │ 470.9 │ 543.6 │  0  │     │ -7400 │ -167362300 │   -4100   │  -110233900   │ 7400 │ 167362300 │ 13.6 │
│   19    │ 22.9  │ 22.9  │ 22.9  │ 22.9  │      │          │   14500   │  1000   │ 22900000  │ 283858300  │ 1672743000000 │ '2023-01-03T10:50:00.000Z' │  0   │ 100  │  0  │    0     │ Infinity │ 470.9 │ 543.6 │  0  │     │ -1000 │ -22900000  │   -5100   │  -133133900   │ 1000 │ 22900000  │ 1.8  │
│   20    │ 22.9  │ 22.9  │ 22.9  │ 22.9  │ 2700 │ 61830000 │   17200   │  2700   │ 61830000  │ 345688300  │ 1672743360000 │ '2023-01-03T10:56:00.000Z' │ 100  │  0   │  0  │ Infinity │    0     │ 470.9 │ 543.6 │  0  │ 5.7 │ 2700  │  61830000  │   -2400   │   -71303900   │      │           │      │
├─────────┼───────┼───────┼───────┼───────┼──────┼──────────┼───────────┼─────────┼───────────┼────────────┼───────────────┼────────────────────────────┼──────┼──────┼─────┼──────────┼──────────┼───────┼───────┼─────┼─────┼───────┼────────────┼───────────┼───────────────┼──────┼───────────┼──────┤
│ (index) │   c   │   h   │   l   │   o   │  bu  │  val_bu  │ total_vol │ sum_vol │    val    │  acum_val  │   datetime    │            date            │ pbu  │ psd  │ puk │    bs    │    sb    │  abu  │  asd  │ auk │ rbu │ bu-sd │ bu-sd_val  │ acum_busd │ acum_busd_val │  sd  │  val_sd   │ rsd  │
├─────────┼───────┼───────┼───────┼───────┼──────┼──────────┼───────────┼─────────┼───────────┼────────────┼───────────────┼────────────────────────────┼──────┼──────┼─────┼──────────┼──────────┼───────┼───────┼─────┼─────┼───────┼────────────┼───────────┼───────────────┼──────┼───────────┼──────┤
│   21    │ 22.9  │ 22.9  │ 22.9  │ 22.9  │      │          │   19500   │  2300   │ 52670000  │ 398358300  │ 1672743480000 │ '2023-01-03T10:58:00.000Z' │  0   │ 100  │  0  │    0     │ Infinity │ 470.9 │ 543.6 │  0  │     │ -2300 │ -52670000  │   -4700   │  -123973900   │ 2300 │ 52670000  │ 4.2  │
│   22    │  23   │  23   │  23   │  23   │ 200  │   4600   │   19700   │   200   │   4600    │ 398362900  │ 1672743840000 │ '2023-01-03T11:04:00.000Z' │ 100  │  0   │  0  │ Infinity │    0     │ 470.9 │ 543.6 │  0  │ 0.4 │  200  │    4600    │   -4500   │  -123969300   │      │           │      │
│   23    │  23   │  23   │  23   │  23   │ 100  │   2300   │   19800   │   100   │   2300    │ 398365200  │ 1672744440000 │ '2023-01-03T11:14:00.000Z' │ 100  │  0   │  0  │ Infinity │    0     │ 470.9 │ 543.6 │  0  │ 0.2 │  100  │    2300    │   -4400   │  -123967000   │      │           │      │
│   24    │  23   │  23   │  23   │  23   │ 1000 │  23000   │   20800   │  1000   │   23000   │ 398388200  │ 1672744680000 │ '2023-01-03T11:18:00.000Z' │ 100  │  0   │  0  │ Infinity │    0     │ 470.9 │ 543.6 │  0  │ 2.1 │ 1000  │   23000    │   -3400   │  -123944000   │      │           │      │
│   25    │  23   │  23   │  23   │  23   │      │          │   21300   │   500   │   11500   │ 398399700  │ 1672744800000 │ '2023-01-03T11:20:00.000Z' │  0   │ 100  │  0  │    0     │ Infinity │ 470.9 │ 543.6 │  0  │     │ -500  │   -11500   │   -3900   │  -123955500   │ 500  │   11500   │ 0.9  │
│   26    │ 23.05 │ 23.05 │  23   │  23   │ 100  │ 2305000  │   25400   │  4100   │  2397000  │ 400796700  │ 1672744920000 │ '2023-01-03T11:22:00.000Z' │ 2.4  │ 97.6 │  0  │    0     │    40    │ 470.9 │ 543.6 │  0  │ 0.2 │ -3900 │  2213000   │   -7800   │  -121742500   │ 4000 │   92000   │ 7.4  │
│   27    │  23   │  23   │  23   │  23   │      │          │   26000   │   600   │   13800   │ 400810500  │ 1672745040000 │ '2023-01-03T11:24:00.000Z' │  0   │ 100  │  0  │    0     │ Infinity │ 470.9 │ 543.6 │  0  │     │ -600  │   -13800   │   -8400   │  -121756300   │ 600  │   13800   │ 1.1  │
│   28    │  23   │  23   │  23   │  23   │      │          │   26200   │   200   │   4600    │ 400815100  │ 1672751040000 │ '2023-01-03T13:04:00.000Z' │  0   │ 100  │  0  │    0     │ Infinity │ 470.9 │ 543.6 │  0  │     │ -200  │   -4600    │   -8600   │  -121760900   │ 200  │   4600    │ 0.4  │
│   29    │ 23.05 │ 23.05 │  23   │  23   │ 100  │ 2305000  │   26400   │   200   │  2307300  │ 403122400  │ 1672751160000 │ '2023-01-03T13:06:00.000Z' │  50  │  50  │  0  │    1     │    1     │ 470.9 │ 543.6 │  0  │ 0.2 │   0   │  2302700   │   -8600   │  -119458200   │ 100  │   2300    │ 0.2  │
│   30    │ 23.1  │ 23.1  │ 23.05 │ 23.05 │ 4000 │ 92295000 │   30400   │  4000   │ 92295000  │ 495417400  │ 1672751400000 │ '2023-01-03T13:10:00.000Z' │ 100  │  0   │  0  │ Infinity │    0     │ 470.9 │ 543.6 │  0  │ 8.5 │ 4000  │  92295000  │   -4600   │   -27163200   │      │           │      │
│   31    │ 23.2  │ 23.2  │ 23.1  │ 23.1  │ 1200 │ 27820000 │   31600   │  1200   │ 27820000  │ 523237400  │ 1672751520000 │ '2023-01-03T13:12:00.000Z' │ 100  │  0   │  0  │ Infinity │    0     │ 470.9 │ 543.6 │  0  │ 2.5 │ 1200  │  27820000  │   -3400   │    656800     │      │           │      │
│   32    │ 23.35 │ 23.35 │ 23.2  │ 23.2  │ 700  │ 16280000 │   32300   │   700   │ 16280000  │ 539517400  │ 1672751640000 │ '2023-01-03T13:14:00.000Z' │ 100  │  0   │  0  │ Infinity │    0     │ 470.9 │ 543.6 │  0  │ 1.5 │  700  │  16280000  │   -2700   │   16936800    │      │           │      │
│   33    │ 23.35 │ 23.35 │ 23.35 │ 23.35 │      │          │   32500   │   200   │  4670000  │ 544187400  │ 1672752000000 │ '2023-01-03T13:20:00.000Z' │  0   │ 100  │  0  │    0     │ Infinity │ 470.9 │ 543.6 │  0  │     │ -200  │  -4670000  │   -2900   │   12266800    │ 200  │  4670000  │ 0.4  │
│   34    │ 23.4  │ 23.4  │ 23.35 │ 23.35 │ 400  │ 9360000  │   33100   │   600   │ 14030000  │ 558217400  │ 1672752240000 │ '2023-01-03T13:24:00.000Z' │ 66.7 │ 33.3 │  0  │    2     │   0.5    │ 470.9 │ 543.6 │  0  │ 0.8 │  200  │  4690000   │   -2700   │   16956800    │ 200  │  4670000  │ 0.4  │
│   35    │ 23.4  │ 23.4  │ 23.4  │ 23.4  │ 1000 │ 23400000 │   34100   │  1000   │ 23400000  │ 581617400  │ 1672752600000 │ '2023-01-03T13:30:00.000Z' │ 100  │  0   │  0  │ Infinity │    0     │ 470.9 │ 543.6 │  0  │ 2.1 │ 1000  │  23400000  │   -1700   │   40356800    │      │           │      │
│   36    │ 23.35 │ 23.35 │ 23.35 │ 23.35 │      │          │   34400   │   300   │  7005000  │ 588622400  │ 1672752960000 │ '2023-01-03T13:36:00.000Z' │  0   │ 100  │  0  │    0     │ Infinity │ 470.9 │ 543.6 │  0  │     │ -300  │  -7005000  │   -2000   │   33351800    │ 300  │  7005000  │ 0.6  │
│   37    │ 23.35 │ 23.35 │ 23.35 │ 23.35 │      │          │   34900   │   500   │ 11675000  │ 600297400  │ 1672753080000 │ '2023-01-03T13:38:00.000Z' │  0   │ 100  │  0  │    0     │ Infinity │ 470.9 │ 543.6 │  0  │     │ -500  │ -11675000  │   -2500   │   21676800    │ 500  │ 11675000  │ 0.9  │
│   38    │ 23.35 │ 23.35 │ 23.35 │ 23.35 │      │          │   35900   │  1000   │ 23350000  │ 623647400  │ 1672753200000 │ '2023-01-03T13:40:00.000Z' │  0   │ 100  │  0  │    0     │ Infinity │ 470.9 │ 543.6 │  0  │     │ -1000 │ -23350000  │   -3500   │   -1673200    │ 1000 │ 23350000  │ 1.8  │
│   39    │ 23.35 │ 23.35 │ 23.35 │ 23.35 │      │          │   37100   │  1200   │ 28020000  │ 651667400  │ 1672753320000 │ '2023-01-03T13:42:00.000Z' │  0   │ 100  │  0  │    0     │ Infinity │ 470.9 │ 543.6 │  0  │     │ -1200 │ -28020000  │   -4700   │   -29693200   │ 1200 │ 28020000  │ 2.2  │
│   40    │ 23.3  │ 23.3  │ 23.3  │ 23.3  │      │          │   40100   │  3000   │ 69900000  │ 721567400  │ 1672753560000 │ '2023-01-03T13:46:00.000Z' │  0   │ 100  │  0  │    0     │ Infinity │ 470.9 │ 543.6 │  0  │     │ -3000 │ -69900000  │   -7700   │   -99593200   │ 3000 │ 69900000  │ 5.5  │
├─────────┼───────┼───────┼───────┼───────┼──────┼──────────┼───────────┼─────────┼───────────┼────────────┼───────────────┼────────────────────────────┼──────┼──────┼─────┼──────────┼──────────┼───────┼───────┼─────┼─────┼───────┼────────────┼───────────┼───────────────┼──────┼───────────┼──────┤
│ (index) │   c   │   h   │   l   │   o   │  bu  │  val_bu  │ total_vol │ sum_vol │    val    │  acum_val  │   datetime    │            date            │ pbu  │ psd  │ puk │    bs    │    sb    │  abu  │  asd  │ auk │ rbu │ bu-sd │ bu-sd_val  │ acum_busd │ acum_busd_val │  sd  │  val_sd   │ rsd  │
├─────────┼───────┼───────┼───────┼───────┼──────┼──────────┼───────────┼─────────┼───────────┼────────────┼───────────────┼────────────────────────────┼──────┼──────┼─────┼──────────┼──────────┼───────┼───────┼─────┼─────┼───────┼────────────┼───────────┼───────────────┼──────┼───────────┼──────┤
│   41    │ 23.4  │ 23.4  │ 23.35 │ 23.35 │ 1400 │ 32755000 │   41500   │  1400   │ 32755000  │ 754322400  │ 1672753680000 │ '2023-01-03T13:48:00.000Z' │ 100  │  0   │  0  │ Infinity │    0     │ 470.9 │ 543.6 │  0  │  3  │ 1400  │  32755000  │   -6300   │   -66838200   │      │           │      │
│   42    │ 23.3  │ 23.3  │ 23.3  │ 23.3  │      │          │   41600   │   100   │  2330000  │ 756652400  │ 1672753920000 │ '2023-01-03T13:52:00.000Z' │  0   │ 100  │  0  │    0     │ Infinity │ 470.9 │ 543.6 │  0  │     │ -100  │  -2330000  │   -6400   │   -69168200   │ 100  │  2330000  │ 0.2  │
│   43    │ 23.4  │ 23.4  │ 23.3  │ 23.3  │ 500  │ 11700000 │   42600   │  1000   │ 23350000  │ 780002400  │ 1672754160000 │ '2023-01-03T13:56:00.000Z' │  50  │  50  │  0  │    1     │    1     │ 470.9 │ 543.6 │  0  │ 1.1 │   0   │   50000    │   -6400   │   -69118200   │ 500  │ 11650000  │ 0.9  │
│   44    │ 23.35 │ 23.35 │ 23.35 │ 23.35 │      │          │   42700   │   100   │  2335000  │ 782337400  │ 1672754280000 │ '2023-01-03T13:58:00.000Z' │  0   │ 100  │  0  │    0     │ Infinity │ 470.9 │ 543.6 │  0  │     │ -100  │  -2335000  │   -6500   │   -71453200   │ 100  │  2335000  │ 0.2  │
│   45    │ 23.35 │ 23.35 │ 23.35 │ 23.35 │      │          │   43200   │   500   │ 11675000  │ 794012400  │ 1672754640000 │ '2023-01-03T14:04:00.000Z' │  0   │ 100  │  0  │    0     │ Infinity │ 470.9 │ 543.6 │  0  │     │ -500  │ -11675000  │   -7000   │   -83128200   │ 500  │ 11675000  │ 0.9  │
│   46    │ 23.35 │ 23.35 │ 23.35 │ 23.35 │      │          │   46100   │  2900   │ 67715000  │ 861727400  │ 1672755000000 │ '2023-01-03T14:10:00.000Z' │  0   │ 100  │  0  │    0     │ Infinity │ 470.9 │ 543.6 │  0  │     │ -2900 │ -67715000  │   -9900   │  -150843200   │ 2900 │ 67715000  │ 5.3  │
│   47    │ 23.3  │ 23.3  │ 23.3  │ 23.3  │      │          │   46300   │   200   │  4660000  │ 866387400  │ 1672755120000 │ '2023-01-03T14:12:00.000Z' │  0   │ 100  │  0  │    0     │ Infinity │ 470.9 │ 543.6 │  0  │     │ -200  │  -4660000  │  -10100   │  -155503200   │ 200  │  4660000  │ 0.4  │
│   48    │ 23.3  │ 23.3  │ 23.3  │ 23.3  │      │          │   46900   │   600   │ 13980000  │ 880367400  │ 1672755360000 │ '2023-01-03T14:16:00.000Z' │  0   │ 100  │  0  │    0     │ Infinity │ 470.9 │ 543.6 │  0  │     │ -600  │ -13980000  │  -10700   │  -169483200   │ 600  │ 13980000  │ 1.1  │
│   49    │ 23.3  │ 23.3  │ 23.3  │ 23.3  │      │          │   47900   │  1000   │ 23300000  │ 903667400  │ 1672755480000 │ '2023-01-03T14:18:00.000Z' │  0   │ 100  │  0  │    0     │ Infinity │ 470.9 │ 543.6 │  0  │     │ -1000 │ -23300000  │  -11700   │  -192783200   │ 1000 │ 23300000  │ 1.8  │
│   50    │ 23.35 │ 23.35 │ 23.35 │ 23.35 │ 100  │ 2335000  │   48000   │   100   │  2335000  │ 906002400  │ 1672755600000 │ '2023-01-03T14:20:00.000Z' │ 100  │  0   │  0  │ Infinity │    0     │ 470.9 │ 543.6 │  0  │ 0.2 │  100  │  2335000   │  -11600   │  -190448200   │      │           │      │
│   51    │ 23.35 │ 23.35 │ 23.35 │ 23.35 │ 1000 │ 23350000 │   49000   │  1000   │ 23350000  │ 929352400  │ 1672755720000 │ '2023-01-03T14:22:00.000Z' │ 100  │  0   │  0  │ Infinity │    0     │ 470.9 │ 543.6 │  0  │ 2.1 │ 1000  │  23350000  │  -10600   │  -167098200   │      │           │      │
│   52    │ 23.5  │ 23.5  │ 23.4  │ 23.4  │ 2600 │ 60920000 │   51700   │  2700   │ 63270000  │ 992622400  │ 1672755960000 │ '2023-01-03T14:26:00.000Z' │ 96.3 │ 3.7  │  0  │    26    │    0     │ 470.9 │ 543.6 │  0  │ 5.5 │ 2500  │  58570000  │   -8100   │  -108528200   │ 100  │  2350000  │ 0.2  │
│   53    │ 23.7  │ 23.7  │ 23.4  │ 23.4  │ 1400 │ 32805000 │   53100   │  1400   │ 32805000  │ 1025427400 │ 1672756080000 │ '2023-01-03T14:28:00.000Z' │ 100  │  0   │  0  │ Infinity │    0     │ 470.9 │ 543.6 │  0  │  3  │ 1400  │  32805000  │   -6700   │   -75723200   │      │           │      │
│   54    │ 23.7  │ 23.7  │ 23.7  │ 23.7  │ 2700 │ 63990000 │   55800   │  2700   │ 63990000  │ 1089417400 │ 1672757040000 │ '2023-01-03T14:44:00.000Z' │ 100  │  0   │  0  │ Infinity │    0     │ 470.9 │ 543.6 │  0  │ 5.7 │ 2700  │  63990000  │   -4000   │   -11733200   │      │           │      │
└─────────┴───────┴───────┴───────┴───────┴──────┴──────────┴───────────┴─────────┴───────────┴────────────┴───────────────┴────────────────────────────┴──────┴──────┴─────┴──────────┴──────────┴───────┴───────┴─────┴─────┴───────┴────────────┴───────────┴───────────────┴──────┴───────────┴──────┘

