┌─────────┬───────────────┬──────────┬──────────┬──────────┬──────────────┬──────────────┬──────────────┬──────────┬──────────────┬────────────────────────────┬───────────────┬───────────┬───────────┬───────────────┬───────────┬───────────────┐
│ (index) │   datetime    │    sd    │    bu    │    uk    │    val_sd    │    val_bu    │    val_uk    │ sum_vol  │     val      │            date            │   acum_val    │ total_vol │   bu-sd   │   bu-sd_val   │ acum_busd │ acum_busd_val │
├─────────┼───────────────┼──────────┼──────────┼──────────┼──────────────┼──────────────┼──────────────┼──────────┼──────────────┼────────────────────────────┼───────────────┼───────────┼───────────┼───────────────┼───────────┼───────────────┤
│    0    │ 1673601300000 │ 4744800  │ 8803200  │ 1300800  │ 73076838000  │ 150209657000 │ 19111249000  │ 14848800 │ 242397744000 │ '2023-01-13T09:15:00.000Z' │ 242397744000  │ 14848800  │  4058400  │  77132819000  │  4058400  │  77132819000  │
│    1    │ 1673601600000 │ 6093500  │ 4591200  │  55000   │ 99580223000  │ 83602209000  │  1032719000  │ 10739700 │ 184215151000 │ '2023-01-13T09:20:00.000Z' │ 426612895000  │ 25588500  │ -1502300  │ -15978014000  │  2556100  │  61154805000  │
│    2    │ 1673601900000 │ 3230200  │ 3573200  │  31300   │ 53000138000  │ 68297305000  │  579494000   │ 6834700  │ 121876937000 │ '2023-01-13T09:25:00.000Z' │ 548489832000  │ 32423200  │  343000   │  15297167000  │  2899100  │  76451972000  │
│    3    │ 1673602200000 │ 2900500  │ 5451100  │  27900   │ 47818853000  │ 96895456000  │  557419000   │ 8379500  │ 145271728000 │ '2023-01-13T09:30:00.000Z' │ 693761560000  │ 40802700  │  2550600  │  49076603000  │  5449700  │ 125528575000  │
│    4    │ 1673602500000 │ 3821200  │ 11681100 │  46400   │ 61150240000  │ 190059662000 │  964286000   │ 15548700 │ 252174188000 │ '2023-01-13T09:35:00.000Z' │ 945935748000  │ 56351400  │  7859900  │ 128909422000  │ 13309600  │ 254437997000  │
│    5    │ 1673602800000 │ 4789900  │ 8447200  │  40300   │ 75582154000  │ 141450451000 │  519203000   │ 13277400 │ 217551808000 │ '2023-01-13T09:40:00.000Z' │ 1163487556000 │ 69628800  │  3657300  │  65868297000  │ 16966900  │ 320306294000  │
│    6    │ 1673603100000 │ 4366800  │ 5046700  │  40700   │ 75123454000  │ 86581590000  │  702708000   │ 9454200  │ 162407752000 │ '2023-01-13T09:45:00.000Z' │ 1325895308000 │ 79083000  │  679900   │  11458136000  │ 17646800  │ 331764430000  │
│    7    │ 1673603400000 │ 3559400  │ 3984800  │  29400   │ 51871167000  │ 69132092000  │  398236000   │ 7573600  │ 121401495000 │ '2023-01-13T09:50:00.000Z' │ 1447296803000 │ 86656600  │  425400   │  17260925000  │ 18072200  │ 349025355000  │
│    8    │ 1673603700000 │ 4204600  │ 2743900  │  66000   │ 67800011000  │ 46735049000  │  770909000   │ 7014500  │ 115305969000 │ '2023-01-13T09:55:00.000Z' │ 1562602772000 │ 93671100  │ -1460700  │ -21064962000  │ 16611500  │ 327960393000  │
│    9    │ 1673604000000 │ 3751900  │ 2982200  │  24000   │ 60282217000  │ 50912585000  │  299027000   │ 6758100  │ 111493829000 │ '2023-01-13T10:00:00.000Z' │ 1674096601000 │ 100429200 │  -769700  │  -9369632000  │ 15841800  │ 318590761000  │
│   10    │ 1673604300000 │ 4557900  │ 2314800  │  52400   │ 77789668000  │ 42235970000  │  352566000   │ 6925100  │ 120378204000 │ '2023-01-13T10:05:00.000Z' │ 1794474805000 │ 107354300 │ -2243100  │ -35553698000  │ 13598700  │ 283037063000  │
│   11    │ 1673604600000 │ 5419000  │ 2516000  │  48100   │ 90773728000  │ 45683962000  │  749320000   │ 7983100  │ 137207010000 │ '2023-01-13T10:10:00.000Z' │ 1931681815000 │ 115337400 │ -2903000  │ -45089766000  │ 10695700  │ 237947297000  │
│   12    │ 1673604900000 │ 2942500  │ 2186300  │  30500   │ 48442752000  │ 40546312000  │  472086000   │ 5159300  │ 89461150000  │ '2023-01-13T10:15:00.000Z' │ 2021142965000 │ 120496700 │  -756200  │  -7896440000  │  9939500  │ 230050857000  │
│   13    │ 1673605200000 │ 2236000  │ 9449400  │  23400   │ 37124664000  │ 151690887000 │  318722000   │ 11708800 │ 189134273000 │ '2023-01-13T10:20:00.000Z' │ 2210277238000 │ 132205500 │  7213400  │ 114566223000  │ 17152900  │ 344617080000  │
│   14    │ 1673605500000 │ 2250200  │ 7861700  │  53500   │ 35910275000  │ 127794381000 │  808836000   │ 10165400 │ 164513492000 │ '2023-01-13T10:25:00.000Z' │ 2374790730000 │ 142370900 │  5611500  │  91884106000  │ 22764400  │ 436501186000  │
│   15    │ 1673605800000 │ 2413400  │ 5018800  │  23100   │ 42254773000  │ 74564418000  │  336781000   │ 7455300  │ 117155972000 │ '2023-01-13T10:30:00.000Z' │ 2491946702000 │ 149826200 │  2605400  │  32309645000  │ 25369800  │ 468810831000  │
│   16    │ 1673606100000 │ 3315800  │ 3211400  │  36100   │ 55844704000  │ 61838759000  │  610213000   │ 6563300  │ 118293676000 │ '2023-01-13T10:35:00.000Z' │ 2610240378000 │ 156389500 │  -104400  │  5994055000   │ 25265400  │ 474804886000  │
│   17    │ 1673606400000 │ 3777500  │ 2075800  │  20800   │ 61827881000  │ 36810740000  │  271392000   │ 5874100  │ 98910013000  │ '2023-01-13T10:40:00.000Z' │ 2709150391000 │ 162263600 │ -1701700  │ -25017141000  │ 23563700  │ 449787745000  │
│   18    │ 1673606700000 │ 4062200  │ 1835300  │  16500   │ 71045242000  │ 33433594000  │  168422000   │ 5914000  │ 104647258000 │ '2023-01-13T10:45:00.000Z' │ 2813797649000 │ 168177600 │ -2226900  │ -37611648000  │ 21336800  │ 412176097000  │
│   19    │ 1673607000000 │ 3365500  │ 2447300  │  119400  │ 63372019000  │ 46485070000  │  1365555000  │ 5932200  │ 111222644000 │ '2023-01-13T10:50:00.000Z' │ 2925020293000 │ 174109800 │  -918200  │ -16886949000  │ 20418600  │ 395289148000  │
│   20    │ 1673607300000 │ 2313700  │ 1642900  │   3500   │ 40028845000  │ 32928220000  │   64416000   │ 3960100  │ 73021481000  │ '2023-01-13T10:55:00.000Z' │ 2998041774000 │ 178069900 │  -670800  │  -7100625000  │ 19747800  │ 388188523000  │
├─────────┼───────────────┼──────────┼──────────┼──────────┼──────────────┼──────────────┼──────────────┼──────────┼──────────────┼────────────────────────────┼───────────────┼───────────┼───────────┼───────────────┼───────────┼───────────────┤
│ (index) │   datetime    │    sd    │    bu    │    uk    │    val_sd    │    val_bu    │    val_uk    │ sum_vol  │     val      │            date            │   acum_val    │ total_vol │   bu-sd   │   bu-sd_val   │ acum_busd │ acum_busd_val │
├─────────┼───────────────┼──────────┼──────────┼──────────┼──────────────┼──────────────┼──────────────┼──────────┼──────────────┼────────────────────────────┼───────────────┼───────────┼───────────┼───────────────┼───────────┼───────────────┤
│   21    │ 1673607600000 │ 2919300  │ 1564400  │  68100   │ 54447722000  │ 30152868000  │  750854000   │ 4551800  │ 85351444000  │ '2023-01-13T11:00:00.000Z' │ 3083393218000 │ 182621700 │ -1354900  │ -24294854000  │ 18392900  │ 363893669000  │
│   22    │ 1673607900000 │ 2512800  │ 1629200  │   3600   │ 38969979000  │ 30976651000  │   32158000   │ 4145600  │ 69978788000  │ '2023-01-13T11:05:00.000Z' │ 3153372006000 │ 186767300 │  -883600  │  -7993328000  │ 17509300  │ 355900341000  │
│   23    │ 1673608200000 │ 2066200  │ 1906800  │  13000   │ 34940507000  │ 33649997000  │  432145000   │ 3986000  │ 69022649000  │ '2023-01-13T11:10:00.000Z' │ 3222394655000 │ 190753300 │  -159400  │  -1290510000  │ 17349900  │ 354609831000  │
│   24    │ 1673608500000 │ 2209400  │ 1745200  │  66900   │ 35717616000  │ 34932252000  │  808896000   │ 4021500  │ 71458764000  │ '2023-01-13T11:15:00.000Z' │ 3293853419000 │ 194774800 │  -464200  │  -785364000   │ 16885700  │ 353824467000  │
│   25    │ 1673608800000 │ 2038300  │ 2132000  │  83200   │ 30684754000  │ 42177379000  │  1355094000  │ 4253500  │ 74217227000  │ '2023-01-13T11:20:00.000Z' │ 3368070646000 │ 199028300 │   93700   │  11492625000  │ 16979400  │ 365317092000  │
│   26    │ 1673609100000 │ 2097800  │ 2299500  │   4600   │ 38595916000  │ 40342328000  │   52818000   │ 4401900  │ 78991062000  │ '2023-01-13T11:25:00.000Z' │ 3447061708000 │ 203430200 │  201700   │  1746412000   │ 17181100  │ 367063504000  │
│   27    │ 1673609400000 │   6800   │   1800   │    0     │   50829000   │   24310000   │      0       │   8600   │   75139000   │ '2023-01-13T11:30:00.000Z' │ 3447136847000 │ 203438800 │   -5000   │   -26519000   │ 17176100  │ 367036985000  │
│   28    │ 1673614800000 │ 6427000  │ 4244800  │  93000   │ 105019427000 │ 69372942000  │  1954809000  │ 10764800 │ 176347178000 │ '2023-01-13T13:00:00.000Z' │ 3623484025000 │ 214203600 │ -2182200  │ -35646485000  │ 14993900  │ 331390500000  │
│   29    │ 1673615100000 │ 6526600  │ 2431300  │  37900   │ 107284720000 │ 43767586000  │  818863000   │ 8995800  │ 151871169000 │ '2023-01-13T13:05:00.000Z' │ 3775355194000 │ 223199400 │ -4095300  │ -63517134000  │ 10898600  │ 267873366000  │
│   30    │ 1673615400000 │ 5124900  │ 2735500  │  10000   │ 81952286000  │ 47071513000  │  202758000   │ 7870400  │ 129226557000 │ '2023-01-13T13:10:00.000Z' │ 3904581751000 │ 231069800 │ -2389400  │ -34880773000  │  8509200  │ 232992593000  │
│   31    │ 1673615700000 │ 4777800  │ 4058700  │  27300   │ 78550480000  │ 68598154000  │  529774000   │ 8863800  │ 147678408000 │ '2023-01-13T13:15:00.000Z' │ 4052260159000 │ 239933600 │  -719100  │  -9952326000  │  7790100  │ 223040267000  │
│   32    │ 1673616000000 │ 3444500  │ 4257800  │  31100   │ 61973098000  │ 75536845000  │  786734000   │ 7733400  │ 138296677000 │ '2023-01-13T13:20:00.000Z' │ 4190556836000 │ 247667000 │  813300   │  13563747000  │  8603400  │ 236604014000  │
│   33    │ 1673616300000 │ 3993600  │ 2611100  │  27300   │ 64816242000  │ 50845771000  │  393216000   │ 6632000  │ 116055229000 │ '2023-01-13T13:25:00.000Z' │ 4306612065000 │ 254299000 │ -1382500  │ -13970471000  │  7220900  │ 222633543000  │
│   34    │ 1673616600000 │ 3539000  │ 3093500  │   9700   │ 57566059000  │ 58697089000  │  398473000   │ 6642200  │ 116661621000 │ '2023-01-13T13:30:00.000Z' │ 4423273686000 │ 260941200 │  -445500  │  1131030000   │  6775400  │ 223764573000  │
│   35    │ 1673616900000 │ 3599900  │ 7548500  │  50500   │ 63164528000  │ 151590691000 │  605153000   │ 11198900 │ 215360372000 │ '2023-01-13T13:35:00.000Z' │ 4638634058000 │ 272140100 │  3948600  │  88426163000  │ 10724000  │ 312190736000  │
│   36    │ 1673617200000 │ 4453400  │ 6927500  │  42300   │ 69912191000  │ 109240724000 │  390930000   │ 11423200 │ 179543845000 │ '2023-01-13T13:40:00.000Z' │ 4818177903000 │ 283563300 │  2474100  │  39328533000  │ 13198100  │ 351519269000  │
│   37    │ 1673617500000 │ 6093500  │ 3982400  │  98100   │ 100744093000 │ 68177983000  │  2591586000  │ 10174000 │ 171513662000 │ '2023-01-13T13:45:00.000Z' │ 4989691565000 │ 293737300 │ -2111100  │ -32566110000  │ 11087000  │ 318953159000  │
│   38    │ 1673617800000 │ 18661200 │ 3116200  │  130800  │ 312520785000 │ 57650387000  │  2491745000  │ 21908200 │ 372662917000 │ '2023-01-13T13:50:00.000Z' │ 5362354482000 │ 315645500 │ -15545000 │ -254870398000 │ -4458000  │  64082761000  │
│   39    │ 1673618100000 │ 7553100  │ 5706100  │  88300   │ 124702537000 │ 104883471000 │  762477000   │ 13347500 │ 230348485000 │ '2023-01-13T13:55:00.000Z' │ 5592702967000 │ 328993000 │ -1847000  │ -19819066000  │ -6305000  │  44263695000  │
│   40    │ 1673618400000 │ 3111100  │ 4395700  │  45100   │ 52853244000  │ 74955253000  │  851280000   │ 7551900  │ 128659777000 │ '2023-01-13T14:00:00.000Z' │ 5721362744000 │ 336544900 │  1284600  │  22102009000  │ -5020400  │  66365704000  │
├─────────┼───────────────┼──────────┼──────────┼──────────┼──────────────┼──────────────┼──────────────┼──────────┼──────────────┼────────────────────────────┼───────────────┼───────────┼───────────┼───────────────┼───────────┼───────────────┤
│ (index) │   datetime    │    sd    │    bu    │    uk    │    val_sd    │    val_bu    │    val_uk    │ sum_vol  │     val      │            date            │   acum_val    │ total_vol │   bu-sd   │   bu-sd_val   │ acum_busd │ acum_busd_val │
├─────────┼───────────────┼──────────┼──────────┼──────────┼──────────────┼──────────────┼──────────────┼──────────┼──────────────┼────────────────────────────┼───────────────┼───────────┼───────────┼───────────────┼───────────┼───────────────┤
│   41    │ 1673618700000 │ 7948300  │ 2660000  │  25800   │ 133861581000 │ 56598030000  │  734035000   │ 10634100 │ 191193646000 │ '2023-01-13T14:05:00.000Z' │ 5912556390000 │ 347179000 │ -5288300  │ -77263551000  │ -10308700 │ -10897847000  │
│   42    │ 1673619000000 │ 8490900  │ 3538800  │  89000   │ 135808169000 │ 65099984000  │  1186824000  │ 12118700 │ 202094977000 │ '2023-01-13T14:10:00.000Z' │ 6114651367000 │ 359297700 │ -4952100  │ -70708185000  │ -15260800 │ -81606032000  │
│   43    │ 1673619300000 │ 16155600 │ 3980700  │  107600  │ 272803109000 │ 66572753000  │  2377015000  │ 20243900 │ 341752877000 │ '2023-01-13T14:15:00.000Z' │ 6456404244000 │ 379541600 │ -12174900 │ -206230356000 │ -27435700 │ -287836388000 │
│   44    │ 1673619600000 │ 11257600 │ 10496200 │  234100  │ 187753883000 │ 181793635000 │  3722354000  │ 21987900 │ 373269872000 │ '2023-01-13T14:20:00.000Z' │ 6829674116000 │ 401529500 │  -761400  │  -5960248000  │ -28197100 │ -293796636000 │
│   45    │ 1673619900000 │ 8095500  │ 14302200 │  174500  │ 131754079000 │ 249279196000 │  2914457000  │ 22572200 │ 383947732000 │ '2023-01-13T14:25:00.000Z' │ 7213621848000 │ 424101700 │  6206700  │ 117525117000  │ -21990400 │ -176271519000 │
│   46    │ 1673620200000 │   9300   │   4600   │    0     │  185190000   │   62125000   │      0       │  13900   │  247315000   │ '2023-01-13T14:30:00.000Z' │ 7213869163000 │ 424115600 │   -4700   │  -123065000   │ -21995100 │ -176394584000 │
│   47    │ 1673621100000 │ 2848700  │ 1942300  │ 25151100 │ 45361631000  │ 39191238000  │ 479378932000 │ 29942100 │ 563931801000 │ '2023-01-13T14:45:00.000Z' │ 7777800964000 │ 454057700 │  -906400  │  -6170393000  │ -22901500 │ -182564977000 │
└─────────┴───────────────┴──────────┴──────────┴──────────┴──────────────┴──────────────┴──────────────┴──────────┴──────────────┴────────────────────────────┴───────────────┴───────────┴───────────┴───────────────┴───────────┴───────────────┘

