┌─────────┬───────────────┬──────────┬──────────┬──────────┬──────────────┬──────────────┬──────────────┬──────────┬──────────────┬────────────────────────────┬───────────────┬───────────┬──────────┬───────────────┬───────────┬───────────────┐
│ (index) │   datetime    │    sd    │    bu    │    uk    │    val_sd    │    val_bu    │    val_uk    │ sum_vol  │     val      │            date            │   acum_val    │ total_vol │  bu-sd   │   bu-sd_val   │ acum_busd │ acum_busd_val │
├─────────┼───────────────┼──────────┼──────────┼──────────┼──────────────┼──────────────┼──────────────┼──────────┼──────────────┼────────────────────────────┼───────────────┼───────────┼──────────┼───────────────┼───────────┼───────────────┤
│    0    │ 1672132500000 │ 8304500  │ 9313700  │ 4779400  │ 118854778000 │ 133306080000 │ 58713533000  │ 22397600 │ 310874391000 │ '2022-12-27T09:15:00.000Z' │ 310874391000  │ 22397600  │ 1009200  │  14451302000  │  1009200  │  14451302000  │
│    1    │ 1672132800000 │ 11202300 │ 4863300  │  148500  │ 150203089000 │ 68131197000  │  1986711000  │ 16214100 │ 220320997000 │ '2022-12-27T09:20:00.000Z' │ 531195388000  │ 38611700  │ -6339000 │ -82071892000  │ -5329800  │ -67620590000  │
│    2    │ 1672133100000 │ 10231400 │ 6105700  │  88500   │ 129378038000 │ 90521860000  │  862294000   │ 16425600 │ 220762192000 │ '2022-12-27T09:25:00.000Z' │ 751957580000  │ 55037300  │ -4125700 │ -38856178000  │ -9455500  │ -106476768000 │
│    3    │ 1672133400000 │ 3173000  │ 5016400  │  76400   │ 43862888000  │ 76443468000  │  1045236000  │ 8265800  │ 121351592000 │ '2022-12-27T09:30:00.000Z' │ 873309172000  │ 63303100  │ 1843400  │  32580580000  │ -7612100  │ -73896188000  │
│    4    │ 1672133700000 │ 4342000  │ 2786900  │  37100   │ 51714447000  │ 38468673000  │  775471000   │ 7166000  │ 90958591000  │ '2022-12-27T09:35:00.000Z' │ 964267763000  │ 70469100  │ -1555100 │ -13245774000  │ -9167200  │ -87141962000  │
│    5    │ 1672134000000 │ 5205300  │ 1820600  │  34800   │ 69783092000  │ 28920564000  │  594887000   │ 7060700  │ 99298543000  │ '2022-12-27T09:40:00.000Z' │ 1063566306000 │ 77529800  │ -3384700 │ -40862528000  │ -12551900 │ -128004490000 │
│    6    │ 1672134300000 │ 3024000  │ 3618000  │  61000   │ 47961567000  │ 55074584000  │  1262623000  │ 6703000  │ 104298774000 │ '2022-12-27T09:45:00.000Z' │ 1167865080000 │ 84232800  │  594000  │  7113017000   │ -11957900 │ -120891473000 │
│    7    │ 1672134600000 │ 2366600  │ 2533900  │  49000   │ 35161467000  │ 39017496000  │  402058000   │ 4949500  │ 74581021000  │ '2022-12-27T09:50:00.000Z' │ 1242446101000 │ 89182300  │  167300  │  3856029000   │ -11790600 │ -117035444000 │
│    8    │ 1672134900000 │ 2182600  │ 4113700  │  101900  │ 31065525000  │ 66587723000  │  1664485000  │ 6398200  │ 99317733000  │ '2022-12-27T09:55:00.000Z' │ 1341763834000 │ 95580500  │ 1931100  │  35522198000  │ -9859500  │ -81513246000  │
│    9    │ 1672135200000 │ 2232200  │ 7651600  │  121900  │ 32559050000  │ 113897011000 │  1331487000  │ 10005700 │ 147787548000 │ '2022-12-27T10:00:00.000Z' │ 1489551382000 │ 105586200 │ 5419400  │  81337961000  │ -4440100  │  -175285000   │
│   10    │ 1672135500000 │ 2444500  │ 8473600  │  32400   │ 34979667000  │ 122152443000 │  280353000   │ 10950500 │ 157412463000 │ '2022-12-27T10:05:00.000Z' │ 1646963845000 │ 116536700 │ 6029100  │  87172776000  │  1589000  │  86997491000  │
│   11    │ 1672135800000 │ 5352900  │ 2916500  │  20400   │ 74368172000  │ 44698488000  │  310887000   │ 8289800  │ 119377547000 │ '2022-12-27T10:10:00.000Z' │ 1766341392000 │ 124826500 │ -2436400 │ -29669684000  │  -847400  │  57327807000  │
│   12    │ 1672136100000 │ 2649900  │ 1807400  │  32900   │ 39442093000  │ 23937159000  │  922958000   │ 4490200  │ 64302210000  │ '2022-12-27T10:15:00.000Z' │ 1830643602000 │ 129316700 │ -842500  │ -15504934000  │ -1689900  │  41822873000  │
│   13    │ 1672136400000 │ 3062700  │ 1895000  │   7400   │ 47155652000  │ 26539807000  │  108477000   │ 4965100  │ 73803936000  │ '2022-12-27T10:20:00.000Z' │ 1904447538000 │ 134281800 │ -1167700 │ -20615845000  │ -2857600  │  21207028000  │
│   14    │ 1672136700000 │ 2992300  │ 1592100  │  38300   │ 46998892000  │ 25189124000  │  692953000   │ 4622700  │ 72880969000  │ '2022-12-27T10:25:00.000Z' │ 1977328507000 │ 138904500 │ -1400200 │ -21809768000  │ -4257800  │  -602740000   │
│   15    │ 1672137000000 │ 1860700  │ 3054800  │  18800   │ 33178810000  │ 51684515000  │  652522000   │ 4934300  │ 85515847000  │ '2022-12-27T10:30:00.000Z' │ 2062844354000 │ 143838800 │ 1194100  │  18505705000  │ -3063700  │  17902965000  │
│   16    │ 1672137300000 │ 1865900  │ 4875900  │  33000   │ 28205871000  │ 77015667000  │  574038000   │ 6774800  │ 105795576000 │ '2022-12-27T10:35:00.000Z' │ 2168639930000 │ 150613600 │ 3010000  │  48809796000  │  -53700   │  66712761000  │
│   17    │ 1672137600000 │ 2140800  │ 5606900  │  70200   │ 33216294000  │ 83973840000  │  910855000   │ 7817900  │ 118100989000 │ '2022-12-27T10:40:00.000Z' │ 2286740919000 │ 158431500 │ 3466100  │  50757546000  │  3412400  │ 117470307000  │
│   18    │ 1672137900000 │ 2504200  │ 9256000  │  58900   │ 35081449000  │ 134188538000 │  993079000   │ 11819100 │ 170263066000 │ '2022-12-27T10:45:00.000Z' │ 2457003985000 │ 170250600 │ 6751800  │  99107089000  │ 10164200  │ 216577396000  │
│   19    │ 1672138200000 │ 4659700  │ 13882400 │  124700  │ 69721871000  │ 219180971000 │  2449320000  │ 18666800 │ 291352162000 │ '2022-12-27T10:50:00.000Z' │ 2748356147000 │ 188917400 │ 9222700  │ 149459100000  │ 19386900  │ 366036496000  │
│   20    │ 1672138500000 │ 6867000  │ 4310900  │  50900   │ 102533110000 │ 64922135000  │  498151000   │ 11228800 │ 167953396000 │ '2022-12-27T10:55:00.000Z' │ 2916309543000 │ 200146200 │ -2556100 │ -37610975000  │ 16830800  │ 328425521000  │
├─────────┼───────────────┼──────────┼──────────┼──────────┼──────────────┼──────────────┼──────────────┼──────────┼──────────────┼────────────────────────────┼───────────────┼───────────┼──────────┼───────────────┼───────────┼───────────────┤
│ (index) │   datetime    │    sd    │    bu    │    uk    │    val_sd    │    val_bu    │    val_uk    │ sum_vol  │     val      │            date            │   acum_val    │ total_vol │  bu-sd   │   bu-sd_val   │ acum_busd │ acum_busd_val │
├─────────┼───────────────┼──────────┼──────────┼──────────┼──────────────┼──────────────┼──────────────┼──────────┼──────────────┼────────────────────────────┼───────────────┼───────────┼──────────┼───────────────┼───────────┼───────────────┤
│   21    │ 1672138800000 │ 4131300  │ 1452000  │  27600   │ 55845336000  │ 21592899000  │  380086000   │ 5610900  │ 77818321000  │ '2022-12-27T11:00:00.000Z' │ 2994127864000 │ 205757100 │ -2679300 │ -34252437000  │ 14151500  │ 294173084000  │
│   22    │ 1672139100000 │ 3143000  │ 1360800  │  10800   │ 48207052000  │ 22042151000  │  196392000   │ 4514600  │ 70445595000  │ '2022-12-27T11:05:00.000Z' │ 3064573459000 │ 210271700 │ -1782200 │ -26164901000  │ 12369300  │ 268008183000  │
│   23    │ 1672139400000 │ 2000400  │ 1959000  │  15700   │ 25413425000  │ 29050855000  │  271121000   │ 3975100  │ 54735401000  │ '2022-12-27T11:10:00.000Z' │ 3119308860000 │ 214246800 │  -41400  │  3637430000   │ 12327900  │ 271645613000  │
│   24    │ 1672139700000 │ 1682600  │ 2359100  │  20200   │ 29351893000  │ 37573384000  │  188986000   │ 4061900  │ 67114263000  │ '2022-12-27T11:15:00.000Z' │ 3186423123000 │ 218308700 │  676500  │  8221491000   │ 13004400  │ 279867104000  │
│   25    │ 1672140000000 │ 1646300  │ 3353100  │  12600   │ 25723504000  │ 58528980000  │  300433000   │ 5012000  │ 84552917000  │ '2022-12-27T11:20:00.000Z' │ 3270976040000 │ 223320700 │ 1706800  │  32805476000  │ 14711200  │ 312672580000  │
│   26    │ 1672140300000 │ 2955800  │ 2766400  │  28700   │ 49764940000  │ 36181092000  │  390420000   │ 5750900  │ 86336452000  │ '2022-12-27T11:25:00.000Z' │ 3357312492000 │ 229071600 │ -189400  │ -13583848000  │ 14521800  │ 299088732000  │
│   27    │ 1672145700000 │  12700   │    0     │    0     │  127000000   │      0       │      0       │  12700   │  127000000   │ '2022-12-27T12:55:00.000Z' │ 3357439492000 │ 229084300 │  -12700  │  -127000000   │ 14509100  │ 298961732000  │
│   28    │ 1672146000000 │ 5374200  │ 5608500  │  406800  │ 81903386000  │ 76316124000  │  5477538000  │ 11389500 │ 163697048000 │ '2022-12-27T13:00:00.000Z' │ 3521136540000 │ 240473800 │  234300  │  -5587262000  │ 14743400  │ 293374470000  │
│   29    │ 1672146300000 │ 4861300  │ 10767900 │  130800  │ 65021240000  │ 146481450000 │  1772982000  │ 15760000 │ 213275672000 │ '2022-12-27T13:05:00.000Z' │ 3734412212000 │ 256233800 │ 5906600  │  81460210000  │ 20650000  │ 374834680000  │
│   30    │ 1672146600000 │ 5209000  │ 6658600  │  62100   │ 71405369000  │ 104178166000 │  537757000   │ 11929700 │ 176121292000 │ '2022-12-27T13:10:00.000Z' │ 3910533504000 │ 268163500 │ 1449600  │  32772797000  │ 22099600  │ 407607477000  │
│   31    │ 1672146900000 │ 4743700  │ 4803500  │  25500   │ 66954503000  │ 71951918000  │  355378000   │ 9572700  │ 139261799000 │ '2022-12-27T13:15:00.000Z' │ 4049795303000 │ 277736200 │  59800   │  4997415000   │ 22159400  │ 412604892000  │
│   32    │ 1672147200000 │ 7606000  │ 4203000  │  54000   │ 111804614000 │ 68973304000  │  1449824000  │ 11863000 │ 182227742000 │ '2022-12-27T13:20:00.000Z' │ 4232023045000 │ 289599200 │ -3403000 │ -42831310000  │ 18756400  │ 369773582000  │
│   33    │ 1672147500000 │ 10815200 │ 3395800  │  88600   │ 167370308000 │ 47210317000  │  1259761000  │ 14299600 │ 215840386000 │ '2022-12-27T13:25:00.000Z' │ 4447863431000 │ 303898800 │ -7419400 │ -120159991000 │ 11337000  │ 249613591000  │
│   34    │ 1672147800000 │ 6784400  │ 2991600  │  43900   │ 108206898000 │ 47087677000  │  651059000   │ 9819900  │ 155945634000 │ '2022-12-27T13:30:00.000Z' │ 4603809065000 │ 313718700 │ -3792800 │ -61119221000  │  7544200  │ 188494370000  │
│   35    │ 1672148100000 │ 6829800  │ 3171300  │  56300   │ 100045350000 │ 48857700000  │  617885000   │ 10057400 │ 149520935000 │ '2022-12-27T13:35:00.000Z' │ 4753330000000 │ 323776100 │ -3658500 │ -51187650000  │  3885700  │ 137306720000  │
│   36    │ 1672148400000 │ 4115600  │ 5093200  │  29000   │ 71598777000  │ 80350488000  │  538640000   │ 9237800  │ 152487905000 │ '2022-12-27T13:40:00.000Z' │ 4905817905000 │ 333013900 │  977600  │  8751711000   │  4863300  │ 146058431000  │
│   37    │ 1672148700000 │ 8723100  │ 4039300  │  89000   │ 139388596000 │ 68190504000  │  1733769000  │ 12851400 │ 209312869000 │ '2022-12-27T13:45:00.000Z' │ 5115130774000 │ 345865300 │ -4683800 │ -71198092000  │  179500   │  74860339000  │
│   38    │ 1672149000000 │ 3462800  │ 2736200  │  23500   │ 64130883000  │ 48827396000  │  518095000   │ 6222500  │ 113476374000 │ '2022-12-27T13:50:00.000Z' │ 5228607148000 │ 352087800 │ -726600  │ -15303487000  │  -547100  │  59556852000  │
│   39    │ 1672149300000 │ 2160500  │ 4270500  │  68100   │ 37312044000  │ 69628062000  │  1118235000  │ 6499100  │ 108058341000 │ '2022-12-27T13:55:00.000Z' │ 5336665489000 │ 358586900 │ 2110000  │  32316018000  │  1562900  │  91872870000  │
│   40    │ 1672149600000 │ 2553000  │ 7450700  │  67900   │ 41547190000  │ 123113094000 │  1025234000  │ 10071600 │ 165685518000 │ '2022-12-27T14:00:00.000Z' │ 5502351007000 │ 368658500 │ 4897700  │  81565904000  │  6460600  │ 173438774000  │
├─────────┼───────────────┼──────────┼──────────┼──────────┼──────────────┼──────────────┼──────────────┼──────────┼──────────────┼────────────────────────────┼───────────────┼───────────┼──────────┼───────────────┼───────────┼───────────────┤
│ (index) │   datetime    │    sd    │    bu    │    uk    │    val_sd    │    val_bu    │    val_uk    │ sum_vol  │     val      │            date            │   acum_val    │ total_vol │  bu-sd   │   bu-sd_val   │ acum_busd │ acum_busd_val │
├─────────┼───────────────┼──────────┼──────────┼──────────┼──────────────┼──────────────┼──────────────┼──────────┼──────────────┼────────────────────────────┼───────────────┼───────────┼──────────┼───────────────┼───────────┼───────────────┤
│   41    │ 1672149900000 │ 3505200  │ 4227500  │  68300   │ 56751456000  │ 71037283000  │  1030349000  │ 7801000  │ 128819088000 │ '2022-12-27T14:05:00.000Z' │ 5631170095000 │ 376459500 │  722300  │  14285827000  │  7182900  │ 187724601000  │
│   42    │ 1672150200000 │ 4429000  │ 3923800  │  44500   │ 69113208000  │ 77116257000  │  1484168000  │ 8397300  │ 147713633000 │ '2022-12-27T14:10:00.000Z' │ 5778883728000 │ 384856800 │ -505200  │  8003049000   │  6677700  │ 195727650000  │
│   43    │ 1672150500000 │ 3034100  │ 14113000 │  112200  │ 48798311000  │ 254797173000 │  1581266000  │ 17259300 │ 305176750000 │ '2022-12-27T14:15:00.000Z' │ 6084060478000 │ 402116100 │ 11078900 │ 205998862000  │ 17756600  │ 401726512000  │
│   44    │ 1672150800000 │ 4543000  │ 16569500 │  56500   │ 83558971000  │ 285286762000 │  651997000   │ 21169000 │ 369497730000 │ '2022-12-27T14:20:00.000Z' │ 6453558208000 │ 423285100 │ 12026500 │ 201727791000  │ 29783100  │ 603454303000  │
│   45    │ 1672151100000 │ 7801800  │ 20622500 │  116000  │ 132499373000 │ 336473816000 │  2612585000  │ 28540300 │ 471585774000 │ '2022-12-27T14:25:00.000Z' │ 6925143982000 │ 451825400 │ 12820700 │ 203974443000  │ 42603800  │ 807428746000  │
│   46    │ 1672151400000 │   5900   │  406700  │  20600   │   86585000   │  9288080000  │  208060000   │  433200  │  9582725000  │ '2022-12-27T14:30:00.000Z' │ 6934726707000 │ 452258600 │  400800  │  9201495000   │ 43004600  │ 816630241000  │
│   47    │ 1672151700000 │    0     │  10000   │    0     │      0       │  102000000   │      0       │  10000   │  102000000   │ '2022-12-27T14:35:00.000Z' │ 6934828707000 │ 452268600 │  10000   │   102000000   │ 43014600  │ 816732241000  │
│   48    │ 1672152300000 │ 4239000  │ 6412300  │ 18000000 │ 125868958000 │ 96016080000  │ 351058959000 │ 28651300 │ 572943997000 │ '2022-12-27T14:45:00.000Z' │ 7507772704000 │ 480919900 │ 2173300  │ -29852878000  │ 45187900  │ 786879363000  │
│   49    │ 1672152900000 │    0     │    0     │   5000   │      0       │      0       │   50000000   │   5000   │   50000000   │ '2022-12-27T14:55:00.000Z' │ 7507822704000 │ 480924900 │    0     │       0       │ 45187900  │ 786879363000  │
└─────────┴───────────────┴──────────┴──────────┴──────────┴──────────────┴──────────────┴──────────────┴──────────┴──────────────┴────────────────────────────┴───────────────┴───────────┴──────────┴───────────────┴───────────┴───────────────┘

