┌─────────┬─────┬─────┬─────┬─────┬────────┬───────────┬───────────┬─────────┬───────────┬───────────┬────────┬───────────┬───────────────┬────────────────────────────┬──────┬──────┬─────┬──────────┬──────────┬────────┬───────┬─────┬─────┬──────┬─────────┬────────────┬───────────┬───────────────┐
│ (index) │  c  │  h  │  l  │  o  │   sd   │  val_sd   │ total_vol │ sum_vol │    val    │ acum_val  │   bu   │  val_bu   │   datetime    │            date            │ pbu  │ psd  │ puk │    bs    │    sb    │  abu   │  asd  │ auk │ rsd │ rbu  │  bu-sd  │ bu-sd_val  │ acum_busd │ acum_busd_val │
├─────────┼─────┼─────┼─────┼─────┼────────┼───────────┼───────────┼─────────┼───────────┼───────────┼────────┼───────────┼───────────────┼────────────────────────────┼──────┼──────┼─────┼──────────┼──────────┼────────┼───────┼─────┼─────┼──────┼─────────┼────────────┼───────────┼───────────────┤
│    0    │ 0.8 │ 0.8 │ 0.8 │ 0.8 │ 82500  │ 66000000  │   84500   │  84500  │ 67600000  │ 67600000  │  2000  │  1600000  │ 1670576400000 │ '2022-12-09T09:00:00.000Z' │ 2.4  │ 97.6 │  0  │    0     │   41.3   │ 9816.3 │ 10700 │  0  │ 7.7 │ 0.2  │ -80500  │ -64400000  │  -80500   │   -64400000   │
│    1    │ 0.8 │ 0.8 │ 0.8 │ 0.8 │        │           │  180700   │  96200  │ 76960000  │ 144560000 │ 96200  │ 76960000  │ 1670576700000 │ '2022-12-09T09:05:00.000Z' │ 100  │  0   │  0  │ Infinity │    0     │ 9816.3 │ 10700 │  0  │     │ 9.8  │  96200  │  76960000  │   15700   │   12560000    │
│    2    │ 0.8 │ 0.8 │ 0.8 │ 0.8 │ 11200  │  8960000  │  191900   │  11200  │  8960000  │ 153520000 │        │           │ 1670577000000 │ '2022-12-09T09:10:00.000Z' │  0   │ 100  │  0  │    0     │ Infinity │ 9816.3 │ 10700 │  0  │  1  │      │ -11200  │  -8960000  │   4500    │    3600000    │
│    3    │ 0.8 │ 0.9 │ 0.8 │ 0.9 │ 10000  │  8000000  │  202000   │  10100  │  8090000  │ 161610000 │  100   │   90000   │ 1670577300000 │ '2022-12-09T09:15:00.000Z' │  1   │  99  │  0  │    0     │   100    │ 9816.3 │ 10700 │  0  │ 0.9 │  0   │  -9900  │  -7910000  │   -5400   │   -4310000    │
│    4    │ 0.9 │ 0.9 │ 0.8 │ 0.8 │ 30400  │ 24320000  │  237500   │  35500  │ 28910000  │ 190520000 │  5100  │  4590000  │ 1670577600000 │ '2022-12-09T09:20:00.000Z' │ 14.4 │ 85.6 │  0  │   0.2    │    6     │ 9816.3 │ 10700 │  0  │ 2.8 │ 0.5  │ -25300  │ -19730000  │  -30700   │   -24040000   │
│    5    │ 0.8 │ 0.9 │ 0.8 │ 0.9 │  700   │  560000   │  239200   │  1700   │  1460000  │ 191980000 │  1000  │  900000   │ 1670577900000 │ '2022-12-09T09:25:00.000Z' │ 58.8 │ 41.2 │  0  │   1.4    │   0.7    │ 9816.3 │ 10700 │  0  │ 0.1 │ 0.1  │   300   │   340000   │  -30400   │   -23700000   │
│    6    │ 0.8 │ 0.8 │ 0.8 │ 0.8 │  1500  │  1200000  │  240700   │  1500   │  1200000  │ 193180000 │        │           │ 1670578200000 │ '2022-12-09T09:30:00.000Z' │  0   │ 100  │  0  │    0     │ Infinity │ 9816.3 │ 10700 │  0  │ 0.1 │      │  -1500  │  -1200000  │  -31900   │   -24900000   │
│    7    │ 0.8 │ 0.8 │ 0.8 │ 0.8 │  400   │  320000   │  241100   │   400   │  320000   │ 193500000 │        │           │ 1670578500000 │ '2022-12-09T09:35:00.000Z' │  0   │ 100  │  0  │    0     │ Infinity │ 9816.3 │ 10700 │  0  │  0  │      │  -400   │  -320000   │  -32300   │   -25220000   │
│    8    │ 0.8 │ 0.8 │ 0.8 │ 0.8 │ 10300  │  8240000  │  251400   │  10300  │  8240000  │ 201740000 │        │           │ 1670578800000 │ '2022-12-09T09:40:00.000Z' │  0   │ 100  │  0  │    0     │ Infinity │ 9816.3 │ 10700 │  0  │  1  │      │ -10300  │  -8240000  │  -42600   │   -33460000   │
│    9    │ 0.9 │ 0.9 │ 0.8 │ 0.8 │  1400  │  1120000  │  252900   │  1500   │  1210000  │ 202950000 │  100   │   90000   │ 1670579100000 │ '2022-12-09T09:45:00.000Z' │ 6.7  │ 93.3 │  0  │   0.1    │    14    │ 9816.3 │ 10700 │  0  │ 0.1 │  0   │  -1300  │  -1030000  │  -43900   │   -34490000   │
│   10    │ 0.9 │ 0.9 │ 0.8 │ 0.8 │  2000  │  1600000  │  255100   │  2200   │  1780000  │ 204730000 │  200   │  180000   │ 1670579400000 │ '2022-12-09T09:50:00.000Z' │ 9.1  │ 90.9 │  0  │   0.1    │    10    │ 9816.3 │ 10700 │  0  │ 0.2 │  0   │  -1800  │  -1420000  │  -45700   │   -35910000   │
│   11    │ 0.9 │ 0.9 │ 0.9 │ 0.9 │        │           │  257100   │  2000   │  1800000  │ 206530000 │  2000  │  1800000  │ 1670579700000 │ '2022-12-09T09:55:00.000Z' │ 100  │  0   │  0  │ Infinity │    0     │ 9816.3 │ 10700 │  0  │     │ 0.2  │  2000   │  1800000   │  -43700   │   -34110000   │
│   12    │ 0.9 │ 0.9 │ 0.9 │ 0.9 │        │           │  262300   │  5200   │  4680000  │ 211210000 │  5200  │  4680000  │ 1670580300000 │ '2022-12-09T10:05:00.000Z' │ 100  │  0   │  0  │ Infinity │    0     │ 9816.3 │ 10700 │  0  │     │ 0.5  │  5200   │  4680000   │  -38500   │   -29430000   │
│   13    │ 0.9 │ 0.9 │ 0.9 │ 0.9 │        │           │  262600   │   300   │  270000   │ 211480000 │  300   │  270000   │ 1670580600000 │ '2022-12-09T10:10:00.000Z' │ 100  │  0   │  0  │ Infinity │    0     │ 9816.3 │ 10700 │  0  │     │  0   │   300   │   270000   │  -38200   │   -29160000   │
│   14    │ 0.8 │ 0.9 │ 0.8 │ 0.9 │  2000  │  1600000  │  264800   │  2200   │  1780000  │ 213260000 │  200   │  180000   │ 1670581200000 │ '2022-12-09T10:20:00.000Z' │ 9.1  │ 90.9 │  0  │   0.1    │    10    │ 9816.3 │ 10700 │  0  │ 0.2 │  0   │  -1800  │  -1420000  │  -40000   │   -30580000   │
│   15    │ 0.8 │ 0.8 │ 0.8 │ 0.8 │ 33600  │ 26880000  │  304000   │  39200  │ 31360000  │ 244620000 │  5600  │  4480000  │ 1670581500000 │ '2022-12-09T10:25:00.000Z' │ 14.3 │ 85.7 │  0  │   0.2    │    6     │ 9816.3 │ 10700 │  0  │ 3.1 │ 0.6  │ -28000  │ -22400000  │  -68000   │   -52980000   │
│   16    │ 0.8 │ 0.8 │ 0.8 │ 0.8 │        │           │  309000   │  5000   │  4000000  │ 248620000 │  5000  │  4000000  │ 1670581800000 │ '2022-12-09T10:30:00.000Z' │ 100  │  0   │  0  │ Infinity │    0     │ 9816.3 │ 10700 │  0  │     │ 0.5  │  5000   │  4000000   │  -63000   │   -48980000   │
│   17    │ 0.7 │ 0.7 │ 0.7 │ 0.7 │  5500  │  3850000  │  314500   │  5500   │  3850000  │ 252470000 │        │           │ 1670582400000 │ '2022-12-09T10:40:00.000Z' │  0   │ 100  │  0  │    0     │ Infinity │ 9816.3 │ 10700 │  0  │ 0.5 │      │  -5500  │  -3850000  │  -68500   │   -52830000   │
│   18    │ 0.7 │ 0.7 │ 0.7 │ 0.7 │  1000  │  700000   │  315500   │  1000   │  700000   │ 253170000 │        │           │ 1670583000000 │ '2022-12-09T10:50:00.000Z' │  0   │ 100  │  0  │    0     │ Infinity │ 9816.3 │ 10700 │  0  │ 0.1 │      │  -1000  │  -700000   │  -69500   │   -53530000   │
│   19    │ 0.8 │ 0.8 │ 0.8 │ 0.8 │        │           │  315600   │   100   │   80000   │ 253250000 │  100   │   80000   │ 1670583600000 │ '2022-12-09T11:00:00.000Z' │ 100  │  0   │  0  │ Infinity │    0     │ 9816.3 │ 10700 │  0  │     │  0   │   100   │   80000    │  -69400   │   -53450000   │
│   20    │ 0.8 │ 0.8 │ 0.8 │ 0.8 │        │           │  316600   │  1000   │  800000   │ 254050000 │  1000  │  800000   │ 1670583900000 │ '2022-12-09T11:05:00.000Z' │ 100  │  0   │  0  │ Infinity │    0     │ 9816.3 │ 10700 │  0  │     │ 0.1  │  1000   │   800000   │  -68400   │   -52650000   │
├─────────┼─────┼─────┼─────┼─────┼────────┼───────────┼───────────┼─────────┼───────────┼───────────┼────────┼───────────┼───────────────┼────────────────────────────┼──────┼──────┼─────┼──────────┼──────────┼────────┼───────┼─────┼─────┼──────┼─────────┼────────────┼───────────┼───────────────┤
│ (index) │  c  │  h  │  l  │  o  │   sd   │  val_sd   │ total_vol │ sum_vol │    val    │ acum_val  │   bu   │  val_bu   │   datetime    │            date            │ pbu  │ psd  │ puk │    bs    │    sb    │  abu   │  asd  │ auk │ rsd │ rbu  │  bu-sd  │ bu-sd_val  │ acum_busd │ acum_busd_val │
├─────────┼─────┼─────┼─────┼─────┼────────┼───────────┼───────────┼─────────┼───────────┼───────────┼────────┼───────────┼───────────────┼────────────────────────────┼──────┼──────┼─────┼──────────┼──────────┼────────┼───────┼─────┼─────┼──────┼─────────┼────────────┼───────────┼───────────────┤
│   21    │ 0.8 │ 0.8 │ 0.8 │ 0.8 │        │           │  324100   │  7500   │  6000000  │ 260050000 │  7500  │  6000000  │ 1670584500000 │ '2022-12-09T11:15:00.000Z' │ 100  │  0   │  0  │ Infinity │    0     │ 9816.3 │ 10700 │  0  │     │ 0.8  │  7500   │  6000000   │  -60900   │   -46650000   │
│   22    │ 0.8 │ 0.8 │ 0.7 │ 0.7 │  100   │   70000   │  330200   │  6100   │  4870000  │ 264920000 │  6000  │  4800000  │ 1670585100000 │ '2022-12-09T11:25:00.000Z' │ 98.4 │ 1.6  │  0  │    60    │    0     │ 9816.3 │ 10700 │  0  │  0  │ 0.6  │  5900   │  4730000   │  -55000   │   -41920000   │
│   23    │ 0.8 │ 0.8 │ 0.8 │ 0.8 │        │           │  331600   │  1400   │  1120000  │ 266040000 │  1400  │  1120000  │ 1670590800000 │ '2022-12-09T13:00:00.000Z' │ 100  │  0   │  0  │ Infinity │    0     │ 9816.3 │ 10700 │  0  │     │ 0.1  │  1400   │  1120000   │  -53600   │   -40800000   │
│   24    │ 0.8 │ 0.8 │ 0.8 │ 0.8 │        │           │  522900   │ 191300  │ 153040000 │ 419080000 │ 191300 │ 153040000 │ 1670591100000 │ '2022-12-09T13:05:00.000Z' │ 100  │  0   │  0  │ Infinity │    0     │ 9816.3 │ 10700 │  0  │     │ 19.5 │ 191300  │ 153040000  │  137700   │   112240000   │
│   25    │ 0.8 │ 0.8 │ 0.8 │ 0.8 │        │           │  532000   │  9100   │  7280000  │ 426360000 │  9100  │  7280000  │ 1670591400000 │ '2022-12-09T13:10:00.000Z' │ 100  │  0   │  0  │ Infinity │    0     │ 9816.3 │ 10700 │  0  │     │ 0.9  │  9100   │  7280000   │  146800   │   119520000   │
│   26    │ 0.7 │ 0.8 │ 0.7 │ 0.8 │  1500  │  1050000  │  534500   │  2500   │  1850000  │ 428210000 │  1000  │  800000   │ 1670591700000 │ '2022-12-09T13:15:00.000Z' │  40  │  60  │  0  │   0.7    │   1.5    │ 9816.3 │ 10700 │  0  │ 0.1 │ 0.1  │  -500   │  -250000   │  146300   │   119270000   │
│   27    │ 0.7 │ 0.7 │ 0.7 │ 0.7 │  600   │  420000   │  535100   │   600   │  420000   │ 428630000 │        │           │ 1670592000000 │ '2022-12-09T13:20:00.000Z' │  0   │ 100  │  0  │    0     │ Infinity │ 9816.3 │ 10700 │  0  │ 0.1 │      │  -600   │  -420000   │  145700   │   118850000   │
│   28    │ 0.7 │ 0.7 │ 0.7 │ 0.7 │ 30700  │ 21490000  │  565800   │  30700  │ 21490000  │ 450120000 │        │           │ 1670592300000 │ '2022-12-09T13:25:00.000Z' │  0   │ 100  │  0  │    0     │ Infinity │ 9816.3 │ 10700 │  0  │ 2.9 │      │ -30700  │ -21490000  │  115000   │   97360000    │
│   29    │ 0.7 │ 0.7 │ 0.7 │ 0.7 │  8000  │  5600000  │  573800   │  8000   │  5600000  │ 455720000 │        │           │ 1670592600000 │ '2022-12-09T13:30:00.000Z' │  0   │ 100  │  0  │    0     │ Infinity │ 9816.3 │ 10700 │  0  │ 0.7 │      │  -8000  │  -5600000  │  107000   │   91760000    │
│   30    │ 0.7 │ 0.7 │ 0.7 │ 0.7 │  4000  │  2800000  │  577800   │  4000   │  2800000  │ 458520000 │        │           │ 1670592900000 │ '2022-12-09T13:35:00.000Z' │  0   │ 100  │  0  │    0     │ Infinity │ 9816.3 │ 10700 │  0  │ 0.4 │      │  -4000  │  -2800000  │  103000   │   88960000    │
│   31    │ 0.7 │ 0.7 │ 0.7 │ 0.7 │ 16400  │ 11480000  │  594200   │  16400  │ 11480000  │ 470000000 │        │           │ 1670593500000 │ '2022-12-09T13:45:00.000Z' │  0   │ 100  │  0  │    0     │ Infinity │ 9816.3 │ 10700 │  0  │ 1.5 │      │ -16400  │ -11480000  │   86600   │   77480000    │
│   32    │ 0.8 │ 0.8 │ 0.8 │ 0.8 │        │           │  596100   │  1900   │  1520000  │ 471520000 │  1900  │  1520000  │ 1670593800000 │ '2022-12-09T13:50:00.000Z' │ 100  │  0   │  0  │ Infinity │    0     │ 9816.3 │ 10700 │  0  │     │ 0.2  │  1900   │  1520000   │   88500   │   79000000    │
│   33    │ 0.8 │ 0.8 │ 0.8 │ 0.8 │        │           │  617700   │  21600  │ 17280000  │ 488800000 │ 21600  │ 17280000  │ 1670594100000 │ '2022-12-09T13:55:00.000Z' │ 100  │  0   │  0  │ Infinity │    0     │ 9816.3 │ 10700 │  0  │     │ 2.2  │  21600  │  17280000  │  110100   │   96280000    │
│   34    │ 0.7 │ 0.7 │ 0.7 │ 0.7 │  300   │  210000   │  618000   │   300   │  210000   │ 489010000 │        │           │ 1670594400000 │ '2022-12-09T14:00:00.000Z' │  0   │ 100  │  0  │    0     │ Infinity │ 9816.3 │ 10700 │  0  │  0  │      │  -300   │  -210000   │  109800   │   96070000    │
│   35    │ 0.8 │ 0.8 │ 0.8 │ 0.8 │        │           │  619400   │  1400   │  1120000  │ 490130000 │  1400  │  1120000  │ 1670595300000 │ '2022-12-09T14:15:00.000Z' │ 100  │  0   │  0  │ Infinity │    0     │ 9816.3 │ 10700 │  0  │     │ 0.1  │  1400   │  1120000   │  111200   │   97190000    │
│   36    │ 0.8 │ 0.8 │ 0.8 │ 0.8 │        │           │  623400   │  4000   │  3200000  │ 493330000 │  4000  │  3200000  │ 1670595600000 │ '2022-12-09T14:20:00.000Z' │ 100  │  0   │  0  │ Infinity │    0     │ 9816.3 │ 10700 │  0  │     │ 0.4  │  4000   │  3200000   │  115200   │   100390000   │
│   37    │ 0.7 │ 0.7 │ 0.7 │ 0.7 │  2200  │  1540000  │  625600   │  2200   │  1540000  │ 494870000 │        │           │ 1670595900000 │ '2022-12-09T14:25:00.000Z' │  0   │ 100  │  0  │    0     │ Infinity │ 9816.3 │ 10700 │  0  │ 0.2 │      │  -2200  │  -1540000  │  113000   │   98850000    │
│   38    │ 0.8 │ 0.8 │ 0.8 │ 0.8 │        │           │  628700   │  3100   │  2480000  │ 497350000 │  3100  │  2480000  │ 1670596200000 │ '2022-12-09T14:30:00.000Z' │ 100  │  0   │  0  │ Infinity │    0     │ 9816.3 │ 10700 │  0  │     │ 0.3  │  3100   │  2480000   │  116100   │   101330000   │
│   39    │ 0.8 │ 0.8 │ 0.8 │ 0.8 │        │           │  633200   │  4500   │  3600000  │ 500950000 │  4500  │  3600000  │ 1670596500000 │ '2022-12-09T14:35:00.000Z' │ 100  │  0   │  0  │ Infinity │    0     │ 9816.3 │ 10700 │  0  │     │ 0.5  │  4500   │  3600000   │  120600   │   104930000   │
│   40    │ 0.8 │ 0.8 │ 0.8 │ 0.8 │        │           │  634200   │  1000   │  800000   │ 501750000 │  1000  │  800000   │ 1670597100000 │ '2022-12-09T14:45:00.000Z' │ 100  │  0   │  0  │ Infinity │    0     │ 9816.3 │ 10700 │  0  │     │ 0.1  │  1000   │   800000   │  121600   │   105730000   │
├─────────┼─────┼─────┼─────┼─────┼────────┼───────────┼───────────┼─────────┼───────────┼───────────┼────────┼───────────┼───────────────┼────────────────────────────┼──────┼──────┼─────┼──────────┼──────────┼────────┼───────┼─────┼─────┼──────┼─────────┼────────────┼───────────┼───────────────┤
│ (index) │  c  │  h  │  l  │  o  │   sd   │  val_sd   │ total_vol │ sum_vol │    val    │ acum_val  │   bu   │  val_bu   │   datetime    │            date            │ pbu  │ psd  │ puk │    bs    │    sb    │  abu   │  asd  │ auk │ rsd │ rbu  │  bu-sd  │ bu-sd_val  │ acum_busd │ acum_busd_val │
├─────────┼─────┼─────┼─────┼─────┼────────┼───────────┼───────────┼─────────┼───────────┼───────────┼────────┼───────────┼───────────────┼────────────────────────────┼──────┼──────┼─────┼──────────┼──────────┼────────┼───────┼─────┼─────┼──────┼─────────┼────────────┼───────────┼───────────────┤
│   41    │ 0.8 │ 0.8 │ 0.7 │ 0.7 │ 203400 │ 142380000 │  837700   │ 203500  │ 142460000 │ 644210000 │  100   │   80000   │ 1670597400000 │ '2022-12-09T14:50:00.000Z' │  0   │ 100  │  0  │    0     │   2034   │ 9816.3 │ 10700 │  0  │ 19  │  0   │ -203300 │ -142300000 │  -81700   │   -36570000   │
│   42    │ 0.8 │ 0.8 │ 0.7 │ 0.7 │  400   │  280000   │  882200   │  44500  │ 35560000  │ 679770000 │ 44100  │ 35280000  │ 1670597700000 │ '2022-12-09T14:55:00.000Z' │ 99.1 │ 0.9  │  0  │  110.3   │    0     │ 9816.3 │ 10700 │  0  │  0  │ 4.5  │  43700  │  35000000  │  -38000   │   -1570000    │
└─────────┴─────┴─────┴─────┴─────┴────────┴───────────┴───────────┴─────────┴───────────┴───────────┴────────┴───────────┴───────────────┴────────────────────────────┴──────┴──────┴─────┴──────────┴──────────┴────────┴───────┴─────┴─────┴──────┴─────────┴────────────┴───────────┴───────────────┘

