┌─────────┬──────┬──────┬──────┬──────┬───────┬──────────┬───────────┬─────────┬──────────┬───────────┬───────────────┬────────────────────────────┬──────┬──────┬─────┬──────────┬──────────┬──────┬──────┬─────┬──────┬────────┬───────────┬───────────┬───────────────┬──────┬──────────┬─────┐
│ (index) │  c   │  h   │  l   │  o   │  sd   │  val_sd  │ total_vol │ sum_vol │   val    │ acum_val  │   datetime    │            date            │ pbu  │ psd  │ puk │    bs    │    sb    │ abu  │ asd  │ auk │ rsd  │ bu-sd  │ bu-sd_val │ acum_busd │ acum_busd_val │  bu  │  val_bu  │ rbu │
├─────────┼──────┼──────┼──────┼──────┼───────┼──────────┼───────────┼─────────┼──────────┼───────────┼───────────────┼────────────────────────────┼──────┼──────┼─────┼──────────┼──────────┼──────┼──────┼─────┼──────┼────────┼───────────┼───────────┼───────────────┼──────┼──────────┼─────┤
│    0    │ 6.61 │ 6.61 │ 6.61 │ 6.61 │ 12900 │ 85269000 │   12900   │  12900  │ 85269000 │ 85269000  │ 1670577300000 │ '2022-12-09T09:15:00.000Z' │  0   │ 100  │  0  │    0     │ Infinity │ 1140 │ 1140 │  0  │ 11.3 │ -12900 │ -85269000 │  -12900   │   -85269000   │      │          │     │
│    1    │ 6.61 │ 6.61 │ 6.61 │ 6.61 │ 1000  │ 6610000  │   13900   │  1000   │ 6610000  │ 91879000  │ 1670577600000 │ '2022-12-09T09:20:00.000Z' │  0   │ 100  │  0  │    0     │ Infinity │ 1140 │ 1140 │  0  │ 0.9  │ -1000  │ -6610000  │  -13900   │   -91879000   │      │          │     │
│    2    │ 6.62 │ 6.62 │ 6.62 │ 6.62 │  400  │ 2648000  │   14300   │   400   │ 2648000  │ 94527000  │ 1670577900000 │ '2022-12-09T09:25:00.000Z' │  0   │ 100  │  0  │    0     │ Infinity │ 1140 │ 1140 │  0  │ 0.4  │  -400  │ -2648000  │  -14300   │   -94527000   │      │          │     │
│    3    │ 6.68 │ 6.68 │ 6.68 │ 6.68 │  100  │  668000  │   14400   │   100   │  668000  │ 95195000  │ 1670580000000 │ '2022-12-09T10:00:00.000Z' │  0   │ 100  │  0  │    0     │ Infinity │ 1140 │ 1140 │  0  │ 0.1  │  -100  │  -668000  │  -14400   │   -95195000   │      │          │     │
│    4    │ 6.68 │ 6.68 │ 6.68 │ 6.68 │ 1400  │ 9352000  │   18800   │  4400   │ 29392000 │ 124587000 │ 1670580300000 │ '2022-12-09T10:05:00.000Z' │ 68.2 │ 31.8 │  0  │   2.1    │   0.5    │ 1140 │ 1140 │  0  │ 1.2  │  1600  │ 10688000  │  -12800   │   -84507000   │ 3000 │ 20040000 │ 2.6 │
│    5    │ 6.68 │ 6.68 │ 6.68 │ 6.68 │  100  │  668000  │   19600   │   800   │ 5344000  │ 129931000 │ 1670580600000 │ '2022-12-09T10:10:00.000Z' │ 87.5 │ 12.5 │  0  │    7     │   0.1    │ 1140 │ 1140 │  0  │ 0.1  │  600   │  4008000  │  -12200   │   -80499000   │ 700  │ 4676000  │ 0.6 │
│    6    │ 6.66 │ 6.68 │ 6.66 │ 6.68 │ 2500  │ 16684000 │   22200   │  2600   │ 17350000 │ 147281000 │ 1670581800000 │ '2022-12-09T10:30:00.000Z' │ 3.8  │ 96.2 │  0  │    0     │    25    │ 1140 │ 1140 │  0  │ 2.2  │ -2400  │ -16018000 │  -14600   │   -96517000   │ 100  │  666000  │ 0.1 │
│    7    │ 7.39 │ 7.39 │ 7.39 │ 7.39 │       │          │   22300   │   100   │  739000  │ 148020000 │ 1670583300000 │ '2022-12-09T10:55:00.000Z' │ 100  │  0   │  0  │ Infinity │    0     │ 1140 │ 1140 │  0  │      │  100   │  739000   │  -14500   │   -95778000   │ 100  │  739000  │ 0.1 │
│    8    │ 7.38 │ 7.39 │ 7.38 │ 7.39 │       │          │   30300   │  8000   │ 59100000 │ 207120000 │ 1670585100000 │ '2022-12-09T11:25:00.000Z' │ 100  │  0   │  0  │ Infinity │    0     │ 1140 │ 1140 │  0  │      │  8000  │ 59100000  │   -6500   │   -36678000   │ 8000 │ 59100000 │  7  │
│    9    │ 6.67 │ 6.67 │ 6.67 │ 6.67 │  200  │ 1334000  │   30500   │   200   │ 1334000  │ 208454000 │ 1670590800000 │ '2022-12-09T13:00:00.000Z' │  0   │ 100  │  0  │    0     │ Infinity │ 1140 │ 1140 │  0  │ 0.2  │  -200  │ -1334000  │   -6700   │   -38012000   │      │          │     │
│   10    │ 6.9  │ 6.9  │ 6.9  │ 6.9  │  700  │ 4830000  │   31200   │   700   │ 4830000  │ 213284000 │ 1670591100000 │ '2022-12-09T13:05:00.000Z' │  0   │ 100  │  0  │    0     │ Infinity │ 1140 │ 1140 │  0  │ 0.6  │  -700  │ -4830000  │   -7400   │   -42842000   │      │          │     │
│   11    │ 6.9  │ 6.9  │ 6.9  │ 6.9  │ 1300  │ 8970000  │   32500   │  1300   │ 8970000  │ 222254000 │ 1670591700000 │ '2022-12-09T13:15:00.000Z' │  0   │ 100  │  0  │    0     │ Infinity │ 1140 │ 1140 │  0  │ 1.1  │ -1300  │ -8970000  │   -8700   │   -51812000   │      │          │     │
│   12    │ 6.9  │ 6.9  │ 6.9  │ 6.9  │       │          │   35500   │  3000   │ 20700000 │ 242954000 │ 1670592000000 │ '2022-12-09T13:20:00.000Z' │ 100  │  0   │  0  │ Infinity │    0     │ 1140 │ 1140 │  0  │      │  3000  │ 20700000  │   -5700   │   -31112000   │ 3000 │ 20700000 │ 2.6 │
│   13    │ 6.9  │ 6.9  │ 6.9  │ 6.9  │       │          │   37500   │  2000   │ 13800000 │ 256754000 │ 1670592300000 │ '2022-12-09T13:25:00.000Z' │ 100  │  0   │  0  │ Infinity │    0     │ 1140 │ 1140 │  0  │      │  2000  │ 13800000  │   -3700   │   -17312000   │ 2000 │ 13800000 │ 1.8 │
│   14    │ 6.9  │ 6.9  │ 6.9  │ 6.9  │       │          │   42000   │  4500   │ 31050000 │ 287804000 │ 1670592600000 │ '2022-12-09T13:30:00.000Z' │ 100  │  0   │  0  │ Infinity │    0     │ 1140 │ 1140 │  0  │      │  4500  │ 31050000  │    800    │   13738000    │ 4500 │ 31050000 │ 3.9 │
│   15    │ 6.9  │ 6.9  │ 6.9  │ 6.9  │       │          │   43100   │  1100   │ 7590000  │ 295394000 │ 1670592900000 │ '2022-12-09T13:35:00.000Z' │ 100  │  0   │  0  │ Infinity │    0     │ 1140 │ 1140 │  0  │      │  1100  │  7590000  │   1900    │   21328000    │ 1100 │ 7590000  │  1  │
│   16    │ 6.8  │ 6.9  │ 6.8  │ 6.9  │  200  │ 1360000  │   43400   │   300   │ 2050000  │ 297444000 │ 1670593800000 │ '2022-12-09T13:50:00.000Z' │ 33.3 │ 66.7 │  0  │   0.5    │    2     │ 1140 │ 1140 │  0  │ 0.2  │  -100  │  -670000  │   1800    │   20658000    │ 100  │  690000  │ 0.1 │
│   17    │ 6.67 │ 6.8  │ 6.67 │ 6.8  │ 1000  │ 6774000  │   44400   │  1000   │ 6774000  │ 304218000 │ 1670594100000 │ '2022-12-09T13:55:00.000Z' │  0   │ 100  │  0  │    0     │ Infinity │ 1140 │ 1140 │  0  │ 0.9  │ -1000  │ -6774000  │    800    │   13884000    │      │          │     │
│   18    │ 6.67 │ 6.67 │ 6.67 │ 6.67 │ 1000  │ 6670000  │   45400   │  1000   │ 6670000  │ 310888000 │ 1670594700000 │ '2022-12-09T14:05:00.000Z' │  0   │ 100  │  0  │    0     │ Infinity │ 1140 │ 1140 │  0  │ 0.9  │ -1000  │ -6670000  │   -200    │    7214000    │      │          │     │
│   19    │ 7.1  │ 7.1  │ 7.1  │ 7.1  │       │          │   45600   │   200   │ 1420000  │ 312308000 │ 1670597100000 │ '2022-12-09T14:45:00.000Z' │ 100  │  0   │  0  │ Infinity │    0     │ 1140 │ 1140 │  0  │      │  200   │  1420000  │     0     │    8634000    │ 200  │ 1420000  │ 0.2 │
└─────────┴──────┴──────┴──────┴──────┴───────┴──────────┴───────────┴─────────┴──────────┴───────────┴───────────────┴────────────────────────────┴──────┴──────┴─────┴──────────┴──────────┴──────┴──────┴─────┴──────┴────────┴───────────┴───────────┴───────────────┴──────┴──────────┴─────┘
├─────────┼──────┼──────┼──────┼──────┼───────┼──────────┼───────────┼─────────┼──────────┼───────────┼───────────────┼────────────────────────────┼──────┼──────┼─────┼──────────┼──────────┼──────┼──────┼─────┼──────┼────────┼───────────┼───────────┼───────────────┼──────┼──────────┼─────┤
│ (index) │  c   │  h   │  l   │  o   │  sd   │  val_sd  │ total_vol │ sum_vol │   val    │ acum_val  │   datetime    │            date            │ pbu  │ psd  │ puk │    bs    │    sb    │ abu  │ asd  │ auk │ rsd  │ bu-sd  │ bu-sd_val │ acum_busd │ acum_busd_val │  bu  │  val_bu  │ rbu │
├─────────┼──────┼──────┼──────┼──────┼───────┼──────────┼───────────┼─────────┼──────────┼───────────┼───────────────┼────────────────────────────┼──────┼──────┼─────┼──────────┼──────────┼──────┼──────┼─────┼──────┼────────┼───────────┼───────────┼───────────────┼──────┼──────────┼─────┤

