┌─────────┬───────┬───────┬───────┬───────┬──────┬──────────┬───────────┬─────────┬──────────┬───────────┬───────────────┬────────────────────────────┬─────┬─────┬─────┬──────────┬──────────┬───────┬───────┬─────┬─────┬───────┬───────────┬───────────┬───────────────┬──────┬──────────┬─────┐
│ (index) │   c   │   h   │   l   │   o   │  sd  │  val_sd  │ total_vol │ sum_vol │   val    │ acum_val  │   datetime    │            date            │ pbu │ psd │ puk │    bs    │    sb    │  abu  │  asd  │ auk │ rsd │ bu-sd │ bu-sd_val │ acum_busd │ acum_busd_val │  bu  │  val_bu  │ rbu │
├─────────┼───────┼───────┼───────┼───────┼──────┼──────────┼───────────┼─────────┼──────────┼───────────┼───────────────┼────────────────────────────┼─────┼─────┼─────┼──────────┼──────────┼───────┼───────┼─────┼─────┼───────┼───────────┼───────────┼───────────────┼──────┼──────────┼─────┤
│    0    │ 15.1  │ 15.1  │ 15.1  │ 15.1  │ 200  │ 3020000  │    200    │   200   │ 3020000  │  3020000  │ 1670580600000 │ '2022-12-09T10:10:00.000Z' │  0  │ 100 │  0  │    0     │ Infinity │ 131.3 │ 831.3 │  0  │ 0.2 │ -200  │ -3020000  │   -200    │   -3020000    │      │          │     │
│    1    │ 15.05 │ 15.05 │ 15.05 │ 15.05 │ 100  │ 1505000  │    300    │   100   │ 1505000  │  4525000  │ 1670581200000 │ '2022-12-09T10:20:00.000Z' │  0  │ 100 │  0  │    0     │ Infinity │ 131.3 │ 831.3 │  0  │ 0.1 │ -100  │ -1505000  │   -300    │   -4525000    │      │          │     │
│    2    │ 15.05 │ 15.05 │ 15.05 │ 15.05 │ 300  │ 4515000  │    600    │   300   │ 4515000  │  9040000  │ 1670581440000 │ '2022-12-09T10:24:00.000Z' │  0  │ 100 │  0  │    0     │ Infinity │ 131.3 │ 831.3 │  0  │ 0.4 │ -300  │ -4515000  │   -600    │   -9040000    │      │          │     │
│    3    │ 15.05 │ 15.05 │ 15.05 │ 15.05 │ 700  │ 10535000 │   1300    │   700   │ 10535000 │ 19575000  │ 1670581560000 │ '2022-12-09T10:26:00.000Z' │  0  │ 100 │  0  │    0     │ Infinity │ 131.3 │ 831.3 │  0  │ 0.8 │ -700  │ -10535000 │   -1300   │   -19575000   │      │          │     │
│    4    │ 15.05 │ 15.05 │ 15.05 │ 15.05 │ 300  │ 4515000  │   1700    │   400   │ 6020000  │ 25595000  │ 1670582280000 │ '2022-12-09T10:38:00.000Z' │ 25  │ 75  │  0  │   0.3    │    3     │ 131.3 │ 831.3 │  0  │ 0.4 │ -200  │ -3010000  │   -1500   │   -22585000   │ 100  │ 1505000  │ 0.8 │
│    5    │  15   │ 15.05 │  15   │ 15.05 │ 1500 │ 22545000 │   3200    │  1500   │ 22545000 │ 48140000  │ 1670583240000 │ '2022-12-09T10:54:00.000Z' │  0  │ 100 │  0  │    0     │ Infinity │ 131.3 │ 831.3 │  0  │ 1.8 │ -1500 │ -22545000 │   -3000   │   -45130000   │      │          │     │
│    6    │  15   │  15   │  15   │  15   │ 2300 │ 34500000 │   5500    │  2300   │ 34500000 │ 82640000  │ 1670583480000 │ '2022-12-09T10:58:00.000Z' │  0  │ 100 │  0  │    0     │ Infinity │ 131.3 │ 831.3 │  0  │ 2.8 │ -2300 │ -34500000 │   -5300   │   -79630000   │      │          │     │
│    7    │  15   │  15   │  15   │  15   │ 1300 │ 19500000 │   6800    │  1300   │ 19500000 │ 102140000 │ 1670585160000 │ '2022-12-09T11:26:00.000Z' │  0  │ 100 │  0  │    0     │ Infinity │ 131.3 │ 831.3 │  0  │ 1.6 │ -1300 │ -19500000 │   -6600   │   -99130000   │      │          │     │
│    8    │  15   │  15   │  15   │  15   │ 1000 │ 15000000 │   7800    │  1000   │ 15000000 │ 117140000 │ 1670591400000 │ '2022-12-09T13:10:00.000Z' │  0  │ 100 │  0  │    0     │ Infinity │ 131.3 │ 831.3 │  0  │ 1.2 │ -1000 │ -15000000 │   -7600   │  -114130000   │      │          │     │
│    9    │ 14.9  │ 14.9  │ 14.9  │ 14.9  │ 2000 │ 29800000 │   9800    │  2000   │ 29800000 │ 146940000 │ 1670591880000 │ '2022-12-09T13:18:00.000Z' │  0  │ 100 │  0  │    0     │ Infinity │ 131.3 │ 831.3 │  0  │ 2.4 │ -2000 │ -29800000 │   -9600   │  -143930000   │      │          │     │
│   10    │ 14.95 │ 14.95 │ 14.95 │ 14.95 │ 1000 │ 14950000 │   10800   │  1000   │ 14950000 │ 161890000 │ 1670594160000 │ '2022-12-09T13:56:00.000Z' │  0  │ 100 │  0  │    0     │ Infinity │ 131.3 │ 831.3 │  0  │ 1.2 │ -1000 │ -14950000 │  -10600   │  -158880000   │      │          │     │
│   11    │ 14.95 │ 14.95 │ 14.95 │ 14.95 │ 100  │ 1495000  │   10900   │   100   │ 1495000  │ 163385000 │ 1670594400000 │ '2022-12-09T14:00:00.000Z' │  0  │ 100 │  0  │    0     │ Infinity │ 131.3 │ 831.3 │  0  │ 0.1 │ -100  │ -1495000  │  -10700   │  -160375000   │      │          │     │
│   12    │  15   │  15   │  15   │  15   │      │          │   11900   │  1000   │ 15000000 │ 178385000 │ 1670594640000 │ '2022-12-09T14:04:00.000Z' │ 100 │  0  │  0  │ Infinity │    0     │ 131.3 │ 831.3 │  0  │     │ 1000  │ 15000000  │   -9700   │  -145375000   │ 1000 │ 15000000 │ 7.6 │
│   13    │  15   │  15   │  15   │  15   │ 1000 │ 15000000 │   12900   │  1000   │ 15000000 │ 193385000 │ 1670595120000 │ '2022-12-09T14:12:00.000Z' │  0  │ 100 │  0  │    0     │ Infinity │ 131.3 │ 831.3 │  0  │ 1.2 │ -1000 │ -15000000 │  -10700   │  -160375000   │      │          │     │
│   14    │  15   │  15   │  15   │  15   │ 1000 │ 15000000 │   14900   │  2000   │ 30000000 │ 223385000 │ 1670595840000 │ '2022-12-09T14:24:00.000Z' │ 50  │ 50  │  0  │    1     │    1     │ 131.3 │ 831.3 │  0  │ 1.2 │   0   │     0     │  -10700   │  -160375000   │ 1000 │ 15000000 │ 7.6 │
│   15    │ 15.1  │ 15.1  │ 15.1  │ 15.1  │ 500  │ 7550000  │   15400   │   500   │ 7550000  │ 230935000 │ 1670597040000 │ '2022-12-09T14:44:00.000Z' │  0  │ 100 │  0  │    0     │ Infinity │ 131.3 │ 831.3 │  0  │ 0.6 │ -500  │ -7550000  │  -11200   │  -167925000   │      │          │     │
└─────────┴───────┴───────┴───────┴───────┴──────┴──────────┴───────────┴─────────┴──────────┴───────────┴───────────────┴────────────────────────────┴─────┴─────┴─────┴──────────┴──────────┴───────┴───────┴─────┴─────┴───────┴───────────┴───────────┴───────────────┴──────┴──────────┴─────┘

