┌─────────┬──────┬──────┬──────┬──────┬──────┬──────────┬───────────┬─────────┬──────────┬──────────┬───────────────┬────────────────────────────┬─────┬─────┬─────┬──────────┬──────────┬─────┬───────┬─────┬─────┬───────┬───────────┬───────────┬───────────────┬──────┬──────────┬─────┐
│ (index) │  c   │  h   │  l   │  o   │  bu  │  val_bu  │ total_vol │ sum_vol │   val    │ acum_val │   datetime    │            date            │ pbu │ psd │ puk │    bs    │    sb    │ abu │  asd  │ auk │ rbu │ bu-sd │ bu-sd_val │ acum_busd │ acum_busd_val │  sd  │  val_sd  │ rsd │
├─────────┼──────┼──────┼──────┼──────┼──────┼──────────┼───────────┼─────────┼──────────┼──────────┼───────────────┼────────────────────────────┼─────┼─────┼─────┼──────────┼──────────┼─────┼───────┼─────┼─────┼───────┼───────────┼───────────┼───────────────┼──────┼──────────┼─────┤
│    0    │ 7.99 │ 7.99 │ 7.99 │ 7.99 │ 1000 │ 7990000  │   1000    │  1000   │ 7990000  │ 7990000  │ 1670577240000 │ '2022-12-09T09:14:00.000Z' │ 100 │  0  │  0  │ Infinity │    0     │ 350 │ 255.6 │  0  │ 2.9 │ 1000  │  7990000  │   1000    │    7990000    │      │          │     │
│    1    │ 7.99 │ 7.99 │ 7.99 │ 7.99 │ 100  │  799000  │   1100    │   100   │  799000  │ 8789000  │ 1670577960000 │ '2022-12-09T09:26:00.000Z' │ 100 │  0  │  0  │ Infinity │    0     │ 350 │ 255.6 │  0  │ 0.3 │  100  │  799000   │   1100    │    8789000    │      │          │     │
│    2    │ 7.99 │ 7.99 │ 7.99 │ 7.99 │ 100  │  799000  │   1200    │   100   │  799000  │ 9588000  │ 1670579640000 │ '2022-12-09T09:54:00.000Z' │ 100 │  0  │  0  │ Infinity │    0     │ 350 │ 255.6 │  0  │ 0.3 │  100  │  799000   │   1200    │    9588000    │      │          │     │
│    3    │ 7.99 │ 7.99 │ 7.99 │ 7.99 │ 200  │ 1598000  │   1400    │   200   │ 1598000  │ 11186000 │ 1670581200000 │ '2022-12-09T10:20:00.000Z' │ 100 │  0  │  0  │ Infinity │    0     │ 350 │ 255.6 │  0  │ 0.6 │  200  │  1598000  │   1400    │   11186000    │      │          │     │
│    4    │ 7.98 │ 7.98 │ 7.98 │ 7.98 │      │          │   1700    │   300   │ 2394000  │ 13580000 │ 1670581320000 │ '2022-12-09T10:22:00.000Z' │  0  │ 100 │  0  │    0     │ Infinity │ 350 │ 255.6 │  0  │     │ -300  │ -2394000  │   1100    │    8792000    │ 300  │ 2394000  │ 1.2 │
│    5    │ 7.99 │ 7.99 │ 7.99 │ 7.99 │ 100  │  799000  │   1800    │   100   │  799000  │ 14379000 │ 1670581440000 │ '2022-12-09T10:24:00.000Z' │ 100 │  0  │  0  │ Infinity │    0     │ 350 │ 255.6 │  0  │ 0.3 │  100  │  799000   │   1200    │    9591000    │      │          │     │
│    6    │ 7.99 │ 7.99 │ 7.99 │ 7.99 │ 100  │  799000  │   1900    │   100   │  799000  │ 15178000 │ 1670582880000 │ '2022-12-09T10:48:00.000Z' │ 100 │  0  │  0  │ Infinity │    0     │ 350 │ 255.6 │  0  │ 0.3 │  100  │  799000   │   1300    │   10390000    │      │          │     │
│    7    │ 7.99 │ 7.99 │ 7.99 │ 7.99 │ 100  │  799000  │   2000    │   100   │  799000  │ 15977000 │ 1670583360000 │ '2022-12-09T10:56:00.000Z' │ 100 │  0  │  0  │ Infinity │    0     │ 350 │ 255.6 │  0  │ 0.3 │  100  │  799000   │   1400    │   11189000    │      │          │     │
│    8    │ 7.99 │ 7.99 │ 7.99 │ 7.99 │ 300  │ 2397000  │   2300    │   300   │ 2397000  │ 18374000 │ 1670583600000 │ '2022-12-09T11:00:00.000Z' │ 100 │  0  │  0  │ Infinity │    0     │ 350 │ 255.6 │  0  │ 0.9 │  300  │  2397000  │   1700    │   13586000    │      │          │     │
│    9    │ 7.99 │ 7.99 │ 7.99 │ 7.99 │ 200  │ 1598000  │   2500    │   200   │ 1598000  │ 19972000 │ 1670583720000 │ '2022-12-09T11:02:00.000Z' │ 100 │  0  │  0  │ Infinity │    0     │ 350 │ 255.6 │  0  │ 0.6 │  200  │  1598000  │   1900    │   15184000    │      │          │     │
│   10    │  8   │  8   │  8   │  8   │      │          │   4100    │  1600   │ 12800000 │ 32772000 │ 1670583960000 │ '2022-12-09T11:06:00.000Z' │  0  │ 100 │  0  │    0     │ Infinity │ 350 │ 255.6 │  0  │     │ -1600 │ -12800000 │    300    │    2384000    │ 1600 │ 12800000 │ 6.3 │
│   11    │  8   │ 8.02 │  8   │ 8.02 │ 3400 │ 27220000 │   8300    │  4200   │ 33620000 │ 66392000 │ 1670590800000 │ '2022-12-09T13:00:00.000Z' │ 81  │ 19  │  0  │   4.3    │   0.2    │ 350 │ 255.6 │  0  │ 9.7 │ 2600  │ 20820000  │   2900    │   23204000    │ 800  │ 6400000  │ 3.1 │
│   12    │ 8.17 │ 8.17 │ 8.17 │ 8.17 │ 100  │  817000  │   8400    │   100   │  817000  │ 67209000 │ 1670591160000 │ '2022-12-09T13:06:00.000Z' │ 100 │  0  │  0  │ Infinity │    0     │ 350 │ 255.6 │  0  │ 0.3 │  100  │  817000   │   3000    │   24021000    │      │          │     │
│   13    │ 8.15 │ 8.15 │ 8.15 │ 8.15 │ 500  │ 4075000  │   8900    │   500   │ 4075000  │ 71284000 │ 1670592360000 │ '2022-12-09T13:26:00.000Z' │ 100 │  0  │  0  │ Infinity │    0     │ 350 │ 255.6 │  0  │ 1.4 │  500  │  4075000  │   3500    │   28096000    │      │          │     │
│   14    │  8   │  8   │  8   │  8   │      │          │   9500    │   600   │ 4800000  │ 76084000 │ 1670592480000 │ '2022-12-09T13:28:00.000Z' │  0  │ 100 │  0  │    0     │ Infinity │ 350 │ 255.6 │  0  │     │ -600  │ -4800000  │   2900    │   23296000    │ 600  │ 4800000  │ 2.3 │
│   15    │  8   │  8   │  8   │  8   │      │          │   9800    │   300   │ 2400000  │ 78484000 │ 1670593320000 │ '2022-12-09T13:42:00.000Z' │  0  │ 100 │  0  │    0     │ Infinity │ 350 │ 255.6 │  0  │     │ -300  │ -2400000  │   2600    │   20896000    │ 300  │ 2400000  │ 1.2 │
│   16    │ 7.99 │ 8.02 │ 7.99 │ 8.02 │      │          │   10800   │  1000   │ 8014000  │ 86498000 │ 1670595720000 │ '2022-12-09T14:22:00.000Z' │  0  │ 100 │  0  │    0     │ Infinity │ 350 │ 255.6 │  0  │     │ -1000 │ -8014000  │   1600    │   12882000    │ 1000 │ 8014000  │ 3.9 │
│   17    │ 8.09 │ 8.09 │ 8.09 │ 8.09 │ 100  │  809000  │   10900   │   100   │  809000  │ 87307000 │ 1670597040000 │ '2022-12-09T14:44:00.000Z' │ 100 │  0  │  0  │ Infinity │    0     │ 350 │ 255.6 │  0  │ 0.3 │  100  │  809000   │   1700    │   13691000    │      │          │     │
└─────────┴──────┴──────┴──────┴──────┴──────┴──────────┴───────────┴─────────┴──────────┴──────────┴───────────────┴────────────────────────────┴─────┴─────┴─────┴──────────┴──────────┴─────┴───────┴─────┴─────┴───────┴───────────┴───────────┴───────────────┴──────┴──────────┴─────┘

