┌─────────┬─────┬─────┬─────┬─────┬─────┬─────────┬───────────┬─────────┬───────────┬───────────┬───────────────┬────────────────────────────┬─────┬─────┬─────┬──────────┬──────────┬──────┬────────┬─────┬─────┬────────┬────────────┬───────────┬───────────────┬───────┬───────────┬─────┐
│ (index) │  c  │  h  │  l  │  o  │ bu  │ val_bu  │ total_vol │ sum_vol │    val    │ acum_val  │   datetime    │            date            │ pbu │ psd │ puk │    bs    │    sb    │ abu  │  asd   │ auk │ rbu │ bu-sd  │ bu-sd_val  │ acum_busd │ acum_busd_val │  sd   │  val_sd   │ rsd │
├─────────┼─────┼─────┼─────┼─────┼─────┼─────────┼───────────┼─────────┼───────────┼───────────┼───────────────┼────────────────────────────┼─────┼─────┼─────┼──────────┼──────────┼──────┼────────┼─────┼─────┼────────┼────────────┼───────────┼───────────────┼───────┼───────────┼─────┤
│    0    │ 2.9 │ 2.9 │ 2.9 │ 2.9 │ 200 │ 580000  │    200    │   200   │  580000   │  580000   │ 1673342280000 │ '2023-01-10T09:18:00.000Z' │ 100 │  0  │  0  │ Infinity │    0     │ 77.3 │ 6081.8 │  0  │ 2.6 │  200   │   580000   │    200    │    580000     │       │           │     │
│    1    │ 2.9 │ 2.9 │ 2.9 │ 2.9 │ 300 │ 870000  │    500    │   300   │  870000   │  1450000  │ 1673342640000 │ '2023-01-10T09:24:00.000Z' │ 100 │  0  │  0  │ Infinity │    0     │ 77.3 │ 6081.8 │  0  │ 3.9 │  300   │   870000   │    500    │    1450000    │       │           │     │
│    2    │ 2.9 │ 2.9 │ 2.9 │ 2.9 │ 100 │ 290000  │    600    │   100   │  290000   │  1740000  │ 1673343120000 │ '2023-01-10T09:32:00.000Z' │ 100 │  0  │  0  │ Infinity │    0     │ 77.3 │ 6081.8 │  0  │ 1.3 │  100   │   290000   │    600    │    1740000    │       │           │     │
│    3    │ 2.9 │ 2.9 │ 2.9 │ 2.9 │ 300 │ 870000  │    900    │   300   │  870000   │  2610000  │ 1673344200000 │ '2023-01-10T09:50:00.000Z' │ 100 │  0  │  0  │ Infinity │    0     │ 77.3 │ 6081.8 │  0  │ 3.9 │  300   │   870000   │    900    │    2610000    │       │           │     │
│    4    │ 2.8 │ 2.8 │ 2.8 │ 2.8 │     │         │   1000    │   100   │  280000   │  2890000  │ 1673344320000 │ '2023-01-10T09:52:00.000Z' │  0  │ 100 │  0  │    0     │ Infinity │ 77.3 │ 6081.8 │  0  │     │  -100  │  -280000   │    800    │    2330000    │  100  │  280000   │  0  │
│    5    │ 2.8 │ 2.8 │ 2.8 │ 2.8 │     │         │   38900   │  37900  │ 106120000 │ 109010000 │ 1673344560000 │ '2023-01-10T09:56:00.000Z' │  0  │ 100 │  0  │    0     │ Infinity │ 77.3 │ 6081.8 │  0  │     │ -37900 │ -106120000 │  -37100   │  -103790000   │ 37900 │ 106120000 │ 6.2 │
│    6    │ 2.8 │ 2.8 │ 2.8 │ 2.8 │     │         │   43700   │  4800   │ 13440000  │ 122450000 │ 1673344680000 │ '2023-01-10T09:58:00.000Z' │  0  │ 100 │  0  │    0     │ Infinity │ 77.3 │ 6081.8 │  0  │     │ -4800  │ -13440000  │  -41900   │  -117230000   │ 4800  │ 13440000  │ 0.8 │
│    7    │ 2.8 │ 2.8 │ 2.8 │ 2.8 │     │         │   45700   │  2000   │  5600000  │ 128050000 │ 1673344800000 │ '2023-01-10T10:00:00.000Z' │  0  │ 100 │  0  │    0     │ Infinity │ 77.3 │ 6081.8 │  0  │     │ -2000  │  -5600000  │  -43900   │  -122830000   │ 2000  │  5600000  │ 0.3 │
│    8    │ 2.8 │ 2.8 │ 2.8 │ 2.8 │     │         │   47700   │  2000   │  5600000  │ 133650000 │ 1673345640000 │ '2023-01-10T10:14:00.000Z' │  0  │ 100 │  0  │    0     │ Infinity │ 77.3 │ 6081.8 │  0  │     │ -2000  │  -5600000  │  -45900   │  -128430000   │ 2000  │  5600000  │ 0.3 │
│    9    │ 2.8 │ 2.8 │ 2.8 │ 2.8 │     │         │   78400   │  30700  │ 85960000  │ 219610000 │ 1673345760000 │ '2023-01-10T10:16:00.000Z' │  0  │ 100 │  0  │    0     │ Infinity │ 77.3 │ 6081.8 │  0  │     │ -30700 │ -85960000  │  -76600   │  -214390000   │ 30700 │ 85960000  │  5  │
│   10    │ 2.9 │ 2.9 │ 2.9 │ 2.9 │ 500 │ 1450000 │   78900   │   500   │  1450000  │ 221060000 │ 1673347440000 │ '2023-01-10T10:44:00.000Z' │ 100 │  0  │  0  │ Infinity │    0     │ 77.3 │ 6081.8 │  0  │ 6.5 │  500   │  1450000   │  -76100   │  -212940000   │       │           │     │
│   11    │ 2.9 │ 2.9 │ 2.9 │ 2.9 │ 200 │ 580000  │   79100   │   200   │  580000   │ 221640000 │ 1673356200000 │ '2023-01-10T13:10:00.000Z' │ 100 │  0  │  0  │ Infinity │    0     │ 77.3 │ 6081.8 │  0  │ 2.6 │  200   │   580000   │  -75900   │  -212360000   │       │           │     │
│   12    │ 2.8 │ 2.8 │ 2.8 │ 2.8 │     │         │   83100   │  4000   │ 11200000  │ 232840000 │ 1673356560000 │ '2023-01-10T13:16:00.000Z' │  0  │ 100 │  0  │    0     │ Infinity │ 77.3 │ 6081.8 │  0  │     │ -4000  │ -11200000  │  -79900   │  -223560000   │ 4000  │ 11200000  │ 0.7 │
│   13    │ 2.8 │ 2.8 │ 2.8 │ 2.8 │     │         │   86900   │  3800   │ 10640000  │ 243480000 │ 1673356920000 │ '2023-01-10T13:22:00.000Z' │  0  │ 100 │  0  │    0     │ Infinity │ 77.3 │ 6081.8 │  0  │     │ -3800  │ -10640000  │  -83700   │  -234200000   │ 3800  │ 10640000  │ 0.6 │
│   14    │ 2.8 │ 2.8 │ 2.8 │ 2.8 │     │         │   96900   │  10000  │ 28000000  │ 271480000 │ 1673357040000 │ '2023-01-10T13:24:00.000Z' │  0  │ 100 │  0  │    0     │ Infinity │ 77.3 │ 6081.8 │  0  │     │ -10000 │ -28000000  │  -93700   │  -262200000   │ 10000 │ 28000000  │ 1.6 │
│   15    │ 2.8 │ 2.8 │ 2.8 │ 2.8 │     │         │  106900   │  10000  │ 28000000  │ 299480000 │ 1673357160000 │ '2023-01-10T13:26:00.000Z' │  0  │ 100 │  0  │    0     │ Infinity │ 77.3 │ 6081.8 │  0  │     │ -10000 │ -28000000  │  -103700  │  -290200000   │ 10000 │ 28000000  │ 1.6 │
│   16    │ 2.8 │ 2.8 │ 2.8 │ 2.8 │     │         │  116900   │  10000  │ 28000000  │ 327480000 │ 1673357400000 │ '2023-01-10T13:30:00.000Z' │  0  │ 100 │  0  │    0     │ Infinity │ 77.3 │ 6081.8 │  0  │     │ -10000 │ -28000000  │  -113700  │  -318200000   │ 10000 │ 28000000  │ 1.6 │
│   17    │ 2.8 │ 2.8 │ 2.8 │ 2.8 │     │         │  126900   │  10000  │ 28000000  │ 355480000 │ 1673357640000 │ '2023-01-10T13:34:00.000Z' │  0  │ 100 │  0  │    0     │ Infinity │ 77.3 │ 6081.8 │  0  │     │ -10000 │ -28000000  │  -123700  │  -346200000   │ 10000 │ 28000000  │ 1.6 │
│   18    │ 2.8 │ 2.8 │ 2.8 │ 2.8 │     │         │  127000   │   100   │  280000   │ 355760000 │ 1673357880000 │ '2023-01-10T13:38:00.000Z' │  0  │ 100 │  0  │    0     │ Infinity │ 77.3 │ 6081.8 │  0  │     │  -100  │  -280000   │  -123800  │  -346480000   │  100  │  280000   │  0  │
│   19    │ 2.8 │ 2.8 │ 2.8 │ 2.8 │     │         │  131700   │  4700   │ 13160000  │ 368920000 │ 1673358000000 │ '2023-01-10T13:40:00.000Z' │  0  │ 100 │  0  │    0     │ Infinity │ 77.3 │ 6081.8 │  0  │     │ -4700  │ -13160000  │  -128500  │  -359640000   │ 4700  │ 13160000  │ 0.8 │
│   20    │ 2.9 │ 2.9 │ 2.9 │ 2.9 │ 100 │ 290000  │  131800   │   100   │  290000   │ 369210000 │ 1673358360000 │ '2023-01-10T13:46:00.000Z' │ 100 │  0  │  0  │ Infinity │    0     │ 77.3 │ 6081.8 │  0  │ 1.3 │  100   │   290000   │  -128400  │  -359350000   │       │           │     │
├─────────┼─────┼─────┼─────┼─────┼─────┼─────────┼───────────┼─────────┼───────────┼───────────┼───────────────┼────────────────────────────┼─────┼─────┼─────┼──────────┼──────────┼──────┼────────┼─────┼─────┼────────┼────────────┼───────────┼───────────────┼───────┼───────────┼─────┤
│ (index) │  c  │  h  │  l  │  o  │ bu  │ val_bu  │ total_vol │ sum_vol │    val    │ acum_val  │   datetime    │            date            │ pbu │ psd │ puk │    bs    │    sb    │ abu  │  asd   │ auk │ rbu │ bu-sd  │ bu-sd_val  │ acum_busd │ acum_busd_val │  sd   │  val_sd   │ rsd │
├─────────┼─────┼─────┼─────┼─────┼─────┼─────────┼───────────┼─────────┼───────────┼───────────┼───────────────┼────────────────────────────┼─────┼─────┼─────┼──────────┼──────────┼──────┼────────┼─────┼─────┼────────┼────────────┼───────────┼───────────────┼───────┼───────────┼─────┤
│   21    │ 2.8 │ 2.8 │ 2.8 │ 2.8 │     │         │  135500   │  3700   │ 10360000  │ 379570000 │ 1673361840000 │ '2023-01-10T14:44:00.000Z' │  0  │ 100 │  0  │    0     │ Infinity │ 77.3 │ 6081.8 │  0  │     │ -3700  │ -10360000  │  -132100  │  -369710000   │ 3700  │ 10360000  │ 0.6 │
└─────────┴─────┴─────┴─────┴─────┴─────┴─────────┴───────────┴─────────┴───────────┴───────────┴───────────────┴────────────────────────────┴─────┴─────┴─────┴──────────┴──────────┴──────┴────────┴─────┴─────┴────────┴────────────┴───────────┴───────────────┴───────┴───────────┴─────┘

