┌─────────┬──────┬──────┬──────┬──────┬───────┬──────────┬───────────┬─────────┬───────────┬───────────┬───────┬───────────┬───────────────┬────────────────────────────┬──────┬──────┬─────┬──────────┬──────────┬────────┬────────┬─────┬─────┬──────┬────────┬───────────┬───────────┬───────────────┐
│ (index) │  c   │  h   │  l   │  o   │  sd   │  val_sd  │ total_vol │ sum_vol │    val    │ acum_val  │  bu   │  val_bu   │   datetime    │            date            │ pbu  │ psd  │ puk │    bs    │    sb    │  abu   │  asd   │ auk │ rsd │ rbu  │ bu-sd  │ bu-sd_val │ acum_busd │ acum_busd_val │
├─────────┼──────┼──────┼──────┼──────┼───────┼──────────┼───────────┼─────────┼───────────┼───────────┼───────┼───────────┼───────────────┼────────────────────────────┼──────┼──────┼─────┼──────────┼──────────┼────────┼────────┼─────┼─────┼──────┼────────┼───────────┼───────────┼───────────────┤
│    0    │ 3.74 │ 3.74 │ 3.74 │ 3.74 │ 3000  │ 11220000 │   3900    │  3900   │ 14586000  │ 14586000  │  900  │  3366000  │ 1673343900000 │ '2023-01-10T09:45:00.000Z' │ 23.1 │ 76.9 │  0  │   0.3    │   3.3    │ 3321.2 │ 2081.8 │  0  │ 1.4 │ 0.3  │ -2100  │ -7854000  │   -2100   │   -7854000    │
│    1    │ 3.74 │ 3.74 │ 3.74 │ 3.74 │ 1000  │ 3740000  │   4900    │  1000   │  3740000  │ 18326000  │       │           │ 1673344200000 │ '2023-01-10T09:50:00.000Z' │  0   │ 100  │  0  │    0     │ Infinity │ 3321.2 │ 2081.8 │  0  │ 0.5 │      │ -1000  │ -3740000  │   -3100   │   -11594000   │
│    2    │ 3.73 │ 3.74 │ 3.73 │ 3.74 │ 8100  │ 30284000 │   13000   │  8100   │ 30284000  │ 48610000  │       │           │ 1673344500000 │ '2023-01-10T09:55:00.000Z' │  0   │ 100  │  0  │    0     │ Infinity │ 3321.2 │ 2081.8 │  0  │ 3.9 │      │ -8100  │ -30284000 │  -11200   │   -41878000   │
│    3    │ 3.73 │ 3.73 │ 3.73 │ 3.73 │ 6800  │ 25364000 │   19800   │  6800   │ 25364000  │ 73974000  │       │           │ 1673344800000 │ '2023-01-10T10:00:00.000Z' │  0   │ 100  │  0  │    0     │ Infinity │ 3321.2 │ 2081.8 │  0  │ 3.3 │      │ -6800  │ -25364000 │  -18000   │   -67242000   │
│    4    │ 3.73 │ 3.74 │ 3.73 │ 3.74 │  100  │  373000  │   27100   │  7300   │ 27301000  │ 101275000 │ 7200  │ 26928000  │ 1673345400000 │ '2023-01-10T10:10:00.000Z' │ 98.6 │ 1.4  │  0  │    72    │    0     │ 3321.2 │ 2081.8 │  0  │  0  │ 2.2  │  7100  │ 26555000  │  -10900   │   -40687000   │
│    5    │ 3.73 │ 3.73 │ 3.73 │ 3.73 │  500  │ 1865000  │   27600   │   500   │  1865000  │ 103140000 │       │           │ 1673345700000 │ '2023-01-10T10:15:00.000Z' │  0   │ 100  │  0  │    0     │ Infinity │ 3321.2 │ 2081.8 │  0  │ 0.2 │      │  -500  │ -1865000  │  -11400   │   -42552000   │
│    6    │ 3.74 │ 3.74 │ 3.74 │ 3.74 │       │          │   29100   │  1500   │  5610000  │ 108750000 │ 1500  │  5610000  │ 1673346000000 │ '2023-01-10T10:20:00.000Z' │ 100  │  0   │  0  │ Infinity │    0     │ 3321.2 │ 2081.8 │  0  │     │ 0.5  │  1500  │  5610000  │   -9900   │   -36942000   │
│    7    │ 3.74 │ 3.74 │ 3.74 │ 3.74 │       │          │   29700   │   600   │  2244000  │ 110994000 │  600  │  2244000  │ 1673346300000 │ '2023-01-10T10:25:00.000Z' │ 100  │  0   │  0  │ Infinity │    0     │ 3321.2 │ 2081.8 │  0  │     │ 0.2  │  600   │  2244000  │   -9300   │   -34698000   │
│    8    │ 3.75 │ 3.75 │ 3.75 │ 3.75 │       │          │   30200   │   500   │  1875000  │ 112869000 │  500  │  1875000  │ 1673346600000 │ '2023-01-10T10:30:00.000Z' │ 100  │  0   │  0  │ Infinity │    0     │ 3321.2 │ 2081.8 │  0  │     │ 0.2  │  500   │  1875000  │   -8800   │   -32823000   │
│    9    │ 3.74 │ 3.74 │ 3.74 │ 3.74 │ 1300  │ 4862000  │   31500   │  1300   │  4862000  │ 117731000 │       │           │ 1673346900000 │ '2023-01-10T10:35:00.000Z' │  0   │ 100  │  0  │    0     │ Infinity │ 3321.2 │ 2081.8 │  0  │ 0.6 │      │ -1300  │ -4862000  │  -10100   │   -37685000   │
│   10    │ 3.74 │ 3.74 │ 3.74 │ 3.74 │ 1100  │ 4114000  │   32800   │  1300   │  4862000  │ 122593000 │  200  │  748000   │ 1673347200000 │ '2023-01-10T10:40:00.000Z' │ 15.4 │ 84.6 │  0  │   0.2    │   5.5    │ 3321.2 │ 2081.8 │  0  │ 0.5 │ 0.1  │  -900  │ -3366000  │  -11000   │   -41051000   │
│   11    │ 3.74 │ 3.74 │ 3.74 │ 3.74 │  200  │  748000  │   33000   │   200   │  748000   │ 123341000 │       │           │ 1673347500000 │ '2023-01-10T10:45:00.000Z' │  0   │ 100  │  0  │    0     │ Infinity │ 3321.2 │ 2081.8 │  0  │ 0.1 │      │  -200  │  -748000  │  -11200   │   -41799000   │
│   12    │ 3.74 │ 3.74 │ 3.74 │ 3.74 │  600  │ 2244000  │   33600   │   600   │  2244000  │ 125585000 │       │           │ 1673347800000 │ '2023-01-10T10:50:00.000Z' │  0   │ 100  │  0  │    0     │ Infinity │ 3321.2 │ 2081.8 │  0  │ 0.3 │      │  -600  │ -2244000  │  -11800   │   -44043000   │
│   13    │ 3.73 │ 3.74 │ 3.73 │ 3.73 │ 4200  │ 15666000 │   38000   │  4400   │ 16414000  │ 141999000 │  200  │  748000   │ 1673348100000 │ '2023-01-10T10:55:00.000Z' │ 4.5  │ 95.5 │  0  │    0     │    21    │ 3321.2 │ 2081.8 │  0  │  2  │ 0.1  │ -4000  │ -14918000 │  -15800   │   -58961000   │
│   14    │ 3.74 │ 3.74 │ 3.74 │ 3.74 │ 1000  │ 3740000  │   45200   │  7200   │ 26928000  │ 168927000 │ 6200  │ 23188000  │ 1673348400000 │ '2023-01-10T11:00:00.000Z' │ 86.1 │ 13.9 │  0  │   6.2    │   0.2    │ 3321.2 │ 2081.8 │  0  │ 0.5 │ 1.9  │  5200  │ 19448000  │  -10600   │   -39513000   │
│   15    │ 3.75 │ 3.75 │ 3.74 │ 3.74 │  100  │  374000  │   47500   │  2300   │  8624000  │ 177551000 │ 2200  │  8250000  │ 1673349300000 │ '2023-01-10T11:15:00.000Z' │ 95.7 │ 4.3  │  0  │    22    │    0     │ 3321.2 │ 2081.8 │  0  │  0  │ 0.7  │  2100  │  7876000  │   -8500   │   -31637000   │
│   16    │ 3.75 │ 3.76 │ 3.75 │ 3.76 │  100  │  375000  │   47700   │   200   │  751000   │ 178302000 │  100  │  376000   │ 1673349600000 │ '2023-01-10T11:20:00.000Z' │  50  │  50  │  0  │    1     │    1     │ 3321.2 │ 2081.8 │  0  │  0  │  0   │   0    │   1000    │   -8500   │   -31636000   │
│   17    │ 3.74 │ 3.75 │ 3.74 │ 3.75 │ 5100  │ 19124000 │   52800   │  5100   │ 19124000  │ 197426000 │       │           │ 1673349900000 │ '2023-01-10T11:25:00.000Z' │  0   │ 100  │  0  │    0     │ Infinity │ 3321.2 │ 2081.8 │  0  │ 2.4 │      │ -5100  │ -19124000 │  -13600   │   -50760000   │
│   18    │ 3.74 │ 3.74 │ 3.74 │ 3.74 │  900  │ 3366000  │   53700   │   900   │  3366000  │ 200792000 │       │           │ 1673355600000 │ '2023-01-10T13:00:00.000Z' │  0   │ 100  │  0  │    0     │ Infinity │ 3321.2 │ 2081.8 │  0  │ 0.4 │      │  -900  │ -3366000  │  -14500   │   -54126000   │
│   19    │ 3.75 │ 3.75 │ 3.75 │ 3.75 │       │          │   68700   │  15000  │ 56250000  │ 257042000 │ 15000 │ 56250000  │ 1673355900000 │ '2023-01-10T13:05:00.000Z' │ 100  │  0   │  0  │ Infinity │    0     │ 3321.2 │ 2081.8 │  0  │     │ 4.5  │ 15000  │ 56250000  │    500    │    2124000    │
│   20    │ 3.75 │ 3.75 │ 3.75 │ 3.75 │  100  │  375000  │   68800   │   100   │  375000   │ 257417000 │       │           │ 1673356200000 │ '2023-01-10T13:10:00.000Z' │  0   │ 100  │  0  │    0     │ Infinity │ 3321.2 │ 2081.8 │  0  │  0  │      │  -100  │  -375000  │    400    │    1749000    │
├─────────┼──────┼──────┼──────┼──────┼───────┼──────────┼───────────┼─────────┼───────────┼───────────┼───────┼───────────┼───────────────┼────────────────────────────┼──────┼──────┼─────┼──────────┼──────────┼────────┼────────┼─────┼─────┼──────┼────────┼───────────┼───────────┼───────────────┤
│ (index) │  c   │  h   │  l   │  o   │  sd   │  val_sd  │ total_vol │ sum_vol │    val    │ acum_val  │  bu   │  val_bu   │   datetime    │            date            │ pbu  │ psd  │ puk │    bs    │    sb    │  abu   │  asd   │ auk │ rsd │ rbu  │ bu-sd  │ bu-sd_val │ acum_busd │ acum_busd_val │
├─────────┼──────┼──────┼──────┼──────┼───────┼──────────┼───────────┼─────────┼───────────┼───────────┼───────┼───────────┼───────────────┼────────────────────────────┼──────┼──────┼─────┼──────────┼──────────┼────────┼────────┼─────┼─────┼──────┼────────┼───────────┼───────────┼───────────────┤
│   21    │ 3.76 │ 3.76 │ 3.76 │ 3.76 │       │          │   69400   │   600   │  2256000  │ 259673000 │  600  │  2256000  │ 1673356500000 │ '2023-01-10T13:15:00.000Z' │ 100  │  0   │  0  │ Infinity │    0     │ 3321.2 │ 2081.8 │  0  │     │ 0.2  │  600   │  2256000  │   1000    │    4005000    │
│   22    │ 3.77 │ 3.77 │ 3.76 │ 3.76 │       │          │   74500   │  5100   │ 19224000  │ 278897000 │ 5100  │ 19224000  │ 1673356800000 │ '2023-01-10T13:20:00.000Z' │ 100  │  0   │  0  │ Infinity │    0     │ 3321.2 │ 2081.8 │  0  │     │ 1.5  │  5100  │ 19224000  │   6100    │   23229000    │
│   23    │ 3.76 │ 3.76 │ 3.76 │ 3.76 │ 4000  │ 15040000 │   79600   │  5100   │ 19176000  │ 298073000 │ 1100  │  4136000  │ 1673357100000 │ '2023-01-10T13:25:00.000Z' │ 21.6 │ 78.4 │  0  │   0.3    │   3.6    │ 3321.2 │ 2081.8 │  0  │ 1.9 │ 0.3  │ -2900  │ -10904000 │   3200    │   12325000    │
│   24    │ 3.8  │ 3.8  │ 3.76 │ 3.76 │  100  │  376000  │   99800   │  20200  │ 76587000  │ 374660000 │ 20100 │ 76211000  │ 1673357700000 │ '2023-01-10T13:35:00.000Z' │ 99.5 │ 0.5  │  0  │   201    │    0     │ 3321.2 │ 2081.8 │  0  │  0  │ 6.1  │ 20000  │ 75835000  │   23200   │   88160000    │
│   25    │ 3.8  │ 3.8  │ 3.8  │ 3.8  │       │          │  100400   │   600   │  2280000  │ 376940000 │  600  │  2280000  │ 1673358000000 │ '2023-01-10T13:40:00.000Z' │ 100  │  0   │  0  │ Infinity │    0     │ 3321.2 │ 2081.8 │  0  │     │ 0.2  │  600   │  2280000  │   23800   │   90440000    │
│   26    │ 3.8  │ 3.8  │ 3.8  │ 3.8  │       │          │  102100   │  1700   │  6460000  │ 383400000 │ 1700  │  6460000  │ 1673358300000 │ '2023-01-10T13:45:00.000Z' │ 100  │  0   │  0  │ Infinity │    0     │ 3321.2 │ 2081.8 │  0  │     │ 0.5  │  1700  │  6460000  │   25500   │   96900000    │
│   27    │ 3.8  │ 3.8  │ 3.77 │ 3.77 │ 19200 │ 72401000 │  123500   │  21400  │ 80761000  │ 464161000 │ 2200  │  8360000  │ 1673358600000 │ '2023-01-10T13:50:00.000Z' │ 10.3 │ 89.7 │  0  │   0.1    │   8.7    │ 3321.2 │ 2081.8 │  0  │ 9.2 │ 0.7  │ -17000 │ -64041000 │   8500    │   32859000    │
│   28    │ 3.85 │ 3.85 │ 3.79 │ 3.79 │ 1200  │ 4548000  │  165800   │  42300  │ 160738000 │ 624899000 │ 41100 │ 156190000 │ 1673359200000 │ '2023-01-10T14:00:00.000Z' │ 97.2 │ 2.8  │  0  │   34.3   │    0     │ 3321.2 │ 2081.8 │  0  │ 0.6 │ 12.4 │ 39900  │ 151642000 │   48400   │   184501000   │
│   29    │ 3.84 │ 3.84 │ 3.78 │ 3.8  │ 5000  │ 18930000 │  170900   │  5100   │ 19314000  │ 644213000 │  100  │  384000   │ 1673359800000 │ '2023-01-10T14:10:00.000Z' │  2   │  98  │  0  │    0     │    50    │ 3321.2 │ 2081.8 │  0  │ 2.4 │  0   │ -4900  │ -18546000 │   43500   │   165955000   │
│   30    │ 3.89 │ 3.89 │ 3.85 │ 3.85 │       │          │  171900   │  1000   │  3854000  │ 648067000 │ 1000  │  3854000  │ 1673360100000 │ '2023-01-10T14:15:00.000Z' │ 100  │  0   │  0  │ Infinity │    0     │ 3321.2 │ 2081.8 │  0  │     │ 0.3  │  1000  │  3854000  │   44500   │   169809000   │
│   31    │ 3.78 │ 3.89 │ 3.78 │ 3.89 │ 5000  │ 18919000 │  177100   │  5200   │ 19697000  │ 667764000 │  200  │  778000   │ 1673360700000 │ '2023-01-10T14:25:00.000Z' │ 3.8  │ 96.2 │  0  │    0     │    25    │ 3321.2 │ 2081.8 │  0  │ 2.4 │ 0.1  │ -4800  │ -18141000 │   39700   │   151668000   │
│   32    │ 3.86 │ 3.86 │ 3.86 │ 3.86 │       │          │  178300   │  1200   │  4632000  │ 672396000 │ 1200  │  4632000  │ 1673361900000 │ '2023-01-10T14:45:00.000Z' │ 100  │  0   │  0  │ Infinity │    0     │ 3321.2 │ 2081.8 │  0  │     │ 0.4  │  1200  │  4632000  │   40900   │   156300000   │
└─────────┴──────┴──────┴──────┴──────┴───────┴──────────┴───────────┴─────────┴───────────┴───────────┴───────┴───────────┴───────────────┴────────────────────────────┴──────┴──────┴─────┴──────────┴──────────┴────────┴────────┴─────┴─────┴──────┴────────┴───────────┴───────────┴───────────────┘

