┌─────────┬──────┬──────┬──────┬──────┬────────┬────────────┬───────────┬─────────┬────────────┬─────────────┬───────────────┬────────────────────────────┬──────┬──────┬─────┬──────────┬─────┬───────┬────────┬─────┬─────┬───────┬───────────┬───────────┬───────────────┬───────┬───────────┬─────┐
│ (index) │  c   │  h   │  l   │  o   │   bu   │   val_bu   │ total_vol │ sum_vol │    val     │  acum_val   │   datetime    │            date            │ pbu  │ psd  │ puk │    bs    │ sb  │  abu  │  asd   │ auk │ rbu │ bu-sd │ bu-sd_val │ acum_busd │ acum_busd_val │  sd   │  val_sd   │ rsd │
├─────────┼──────┼──────┼──────┼──────┼────────┼────────────┼───────────┼─────────┼────────────┼─────────────┼───────────────┼────────────────────────────┼──────┼──────┼─────┼──────────┼─────┼───────┼────────┼─────┼─────┼───────┼───────────┼───────────┼───────────────┼───────┼───────────┼─────┤
│    0    │ 11.9 │ 11.9 │ 11.9 │ 11.9 │ 18500  │ 220150000  │   18500   │  18500  │ 220150000  │  220150000  │ 1673341200000 │ '2023-01-10T09:00:00.000Z' │ 100  │  0   │  0  │ Infinity │  0  │ 19720 │ 1537.5 │  0  │ 0.9 │ 18500 │ 220150000 │   18500   │   220150000   │       │           │     │
│    1    │ 11.9 │ 11.9 │ 11.9 │ 11.9 │ 45100  │ 536690000  │   63600   │  45100  │ 536690000  │  756840000  │ 1673341500000 │ '2023-01-10T09:05:00.000Z' │ 100  │  0   │  0  │ Infinity │  0  │ 19720 │ 1537.5 │  0  │ 2.3 │ 45100 │ 536690000 │   63600   │   756840000   │       │           │     │
│    2    │ 11.9 │ 11.9 │ 11.9 │ 11.9 │ 80000  │ 952000000  │  143600   │  80000  │ 952000000  │ 1708840000  │ 1673341800000 │ '2023-01-10T09:10:00.000Z' │ 100  │  0   │  0  │ Infinity │  0  │ 19720 │ 1537.5 │  0  │ 4.1 │ 80000 │ 952000000 │  143600   │  1708840000   │       │           │     │
│    3    │ 11.9 │ 11.9 │ 11.9 │ 11.9 │ 16200  │ 192780000  │  159800   │  16200  │ 192780000  │ 1901620000  │ 1673342100000 │ '2023-01-10T09:15:00.000Z' │ 100  │  0   │  0  │ Infinity │  0  │ 19720 │ 1537.5 │  0  │ 0.8 │ 16200 │ 192780000 │  159800   │  1901620000   │       │           │     │
│    4    │ 11.9 │ 11.9 │ 11.9 │ 11.9 │ 19500  │ 232050000  │  179300   │  19500  │ 232050000  │ 2133670000  │ 1673342400000 │ '2023-01-10T09:20:00.000Z' │ 100  │  0   │  0  │ Infinity │  0  │ 19720 │ 1537.5 │  0  │  1  │ 19500 │ 232050000 │  179300   │  2133670000   │       │           │     │
│    5    │ 11.9 │ 11.9 │ 11.9 │ 11.9 │  3200  │  38080000  │  182500   │  3200   │  38080000  │ 2171750000  │ 1673342700000 │ '2023-01-10T09:25:00.000Z' │ 100  │  0   │  0  │ Infinity │  0  │ 19720 │ 1537.5 │  0  │ 0.2 │ 3200  │ 38080000  │  182500   │  2171750000   │       │           │     │
│    6    │ 11.9 │ 11.9 │ 11.9 │ 11.9 │ 13100  │ 155890000  │  195600   │  13100  │ 155890000  │ 2327640000  │ 1673343000000 │ '2023-01-10T09:30:00.000Z' │ 100  │  0   │  0  │ Infinity │  0  │ 19720 │ 1537.5 │  0  │ 0.7 │ 13100 │ 155890000 │  195600   │  2327640000   │       │           │     │
│    7    │ 11.9 │ 11.9 │ 11.9 │ 11.9 │ 32600  │ 387940000  │  228200   │  32600  │ 387940000  │ 2715580000  │ 1673343300000 │ '2023-01-10T09:35:00.000Z' │ 100  │  0   │  0  │ Infinity │  0  │ 19720 │ 1537.5 │  0  │ 1.7 │ 32600 │ 387940000 │  228200   │  2715580000   │       │           │     │
│    8    │ 11.9 │ 11.9 │ 11.9 │ 11.9 │ 23900  │ 284410000  │  252100   │  23900  │ 284410000  │ 2999990000  │ 1673343600000 │ '2023-01-10T09:40:00.000Z' │ 100  │  0   │  0  │ Infinity │  0  │ 19720 │ 1537.5 │  0  │ 1.2 │ 23900 │ 284410000 │  252100   │  2999990000   │       │           │     │
│    9    │ 11.9 │ 11.9 │ 11.9 │ 11.9 │  100   │  1190000   │  252200   │   100   │  1190000   │ 3001180000  │ 1673343900000 │ '2023-01-10T09:45:00.000Z' │ 100  │  0   │  0  │ Infinity │  0  │ 19720 │ 1537.5 │  0  │  0  │  100  │  1190000  │  252200   │  3001180000   │       │           │     │
│   10    │ 11.9 │ 11.9 │ 11.9 │ 11.9 │ 25400  │ 302260000  │  277600   │  25400  │ 302260000  │ 3303440000  │ 1673344500000 │ '2023-01-10T09:55:00.000Z' │ 100  │  0   │  0  │ Infinity │  0  │ 19720 │ 1537.5 │  0  │ 1.3 │ 25400 │ 302260000 │  277600   │  3303440000   │       │           │     │
│   11    │ 11.9 │ 11.9 │ 11.9 │ 11.9 │ 12200  │ 145180000  │  289800   │  12200  │ 145180000  │ 3448620000  │ 1673344800000 │ '2023-01-10T10:00:00.000Z' │ 100  │  0   │  0  │ Infinity │  0  │ 19720 │ 1537.5 │  0  │ 0.6 │ 12200 │ 145180000 │  289800   │  3448620000   │       │           │     │
│   12    │ 11.9 │ 11.9 │ 11.9 │ 11.9 │ 37900  │ 451010000  │  327700   │  37900  │ 451010000  │ 3899630000  │ 1673345100000 │ '2023-01-10T10:05:00.000Z' │ 100  │  0   │  0  │ Infinity │  0  │ 19720 │ 1537.5 │  0  │ 1.9 │ 37900 │ 451010000 │  327700   │  3899630000   │       │           │     │
│   13    │ 11.9 │ 11.9 │ 11.9 │ 11.9 │ 16900  │ 201110000  │  344600   │  16900  │ 201110000  │ 4100740000  │ 1673345400000 │ '2023-01-10T10:10:00.000Z' │ 100  │  0   │  0  │ Infinity │  0  │ 19720 │ 1537.5 │  0  │ 0.9 │ 16900 │ 201110000 │  344600   │  4100740000   │       │           │     │
│   14    │ 11.9 │ 11.9 │ 11.9 │ 11.9 │ 31000  │ 368900000  │  375600   │  31000  │ 368900000  │ 4469640000  │ 1673345700000 │ '2023-01-10T10:15:00.000Z' │ 100  │  0   │  0  │ Infinity │  0  │ 19720 │ 1537.5 │  0  │ 1.6 │ 31000 │ 368900000 │  375600   │  4469640000   │       │           │     │
│   15    │ 11.9 │ 11.9 │ 11.9 │ 11.9 │  9500  │ 113050000  │  385100   │  9500   │ 113050000  │ 4582690000  │ 1673346000000 │ '2023-01-10T10:20:00.000Z' │ 100  │  0   │  0  │ Infinity │  0  │ 19720 │ 1537.5 │  0  │ 0.5 │ 9500  │ 113050000 │  385100   │  4582690000   │       │           │     │
│   16    │ 11.9 │ 11.9 │ 11.9 │ 11.9 │ 12700  │ 151130000  │  397800   │  12700  │ 151130000  │ 4733820000  │ 1673346300000 │ '2023-01-10T10:25:00.000Z' │ 100  │  0   │  0  │ Infinity │  0  │ 19720 │ 1537.5 │  0  │ 0.6 │ 12700 │ 151130000 │  397800   │  4733820000   │       │           │     │
│   17    │ 11.9 │ 11.9 │ 11.9 │ 11.9 │ 32800  │ 390320000  │  430600   │  32800  │ 390320000  │ 5124140000  │ 1673346600000 │ '2023-01-10T10:30:00.000Z' │ 100  │  0   │  0  │ Infinity │  0  │ 19720 │ 1537.5 │  0  │ 1.7 │ 32800 │ 390320000 │  430600   │  5124140000   │       │           │     │
│   18    │ 11.9 │ 11.9 │ 11.9 │ 11.9 │ 56200  │ 668780000  │  486800   │  56200  │ 668780000  │ 5792920000  │ 1673346900000 │ '2023-01-10T10:35:00.000Z' │ 100  │  0   │  0  │ Infinity │  0  │ 19720 │ 1537.5 │  0  │ 2.8 │ 56200 │ 668780000 │  486800   │  5792920000   │       │           │     │
│   19    │ 11.9 │ 11.9 │ 11.9 │ 11.9 │ 110800 │ 1318520000 │  659100   │ 172300  │ 2050370000 │ 7843290000  │ 1673347200000 │ '2023-01-10T10:40:00.000Z' │ 64.3 │ 35.7 │  0  │   1.8    │ 0.6 │ 19720 │ 1537.5 │  0  │ 5.6 │ 49300 │ 586670000 │  536100   │  6379590000   │ 61500 │ 731850000 │ 40  │
│   20    │ 11.9 │ 11.9 │ 11.9 │ 11.9 │ 10200  │ 121380000  │  669300   │  10200  │ 121380000  │ 7964670000  │ 1673347500000 │ '2023-01-10T10:45:00.000Z' │ 100  │  0   │  0  │ Infinity │  0  │ 19720 │ 1537.5 │  0  │ 0.5 │ 10200 │ 121380000 │  546300   │  6500970000   │       │           │     │
├─────────┼──────┼──────┼──────┼──────┼────────┼────────────┼───────────┼─────────┼────────────┼─────────────┼───────────────┼────────────────────────────┼──────┼──────┼─────┼──────────┼─────┼───────┼────────┼─────┼─────┼───────┼───────────┼───────────┼───────────────┼───────┼───────────┼─────┤
│ (index) │  c   │  h   │  l   │  o   │   bu   │   val_bu   │ total_vol │ sum_vol │    val     │  acum_val   │   datetime    │            date            │ pbu  │ psd  │ puk │    bs    │ sb  │  abu  │  asd   │ auk │ rbu │ bu-sd │ bu-sd_val │ acum_busd │ acum_busd_val │  sd   │  val_sd   │ rsd │
├─────────┼──────┼──────┼──────┼──────┼────────┼────────────┼───────────┼─────────┼────────────┼─────────────┼───────────────┼────────────────────────────┼──────┼──────┼─────┼──────────┼─────┼───────┼────────┼─────┼─────┼───────┼───────────┼───────────┼───────────────┼───────┼───────────┼─────┤
│   21    │ 11.9 │ 11.9 │ 11.9 │ 11.9 │  7400  │  88060000  │  676700   │  7400   │  88060000  │ 8052730000  │ 1673347800000 │ '2023-01-10T10:50:00.000Z' │ 100  │  0   │  0  │ Infinity │  0  │ 19720 │ 1537.5 │  0  │ 0.4 │ 7400  │ 88060000  │  553700   │  6589030000   │       │           │     │
│   22    │ 11.9 │ 11.9 │ 11.9 │ 11.9 │  9900  │ 117810000  │  686600   │  9900   │ 117810000  │ 8170540000  │ 1673348100000 │ '2023-01-10T10:55:00.000Z' │ 100  │  0   │  0  │ Infinity │  0  │ 19720 │ 1537.5 │  0  │ 0.5 │ 9900  │ 117810000 │  563600   │  6706840000   │       │           │     │
│   23    │ 11.9 │ 11.9 │ 11.9 │ 11.9 │  900   │  10710000  │  687500   │   900   │  10710000  │ 8181250000  │ 1673348400000 │ '2023-01-10T11:00:00.000Z' │ 100  │  0   │  0  │ Infinity │  0  │ 19720 │ 1537.5 │  0  │  0  │  900  │ 10710000  │  564500   │  6717550000   │       │           │     │
│   24    │ 11.9 │ 11.9 │ 11.9 │ 11.9 │  5700  │  67830000  │  693200   │  5700   │  67830000  │ 8249080000  │ 1673348700000 │ '2023-01-10T11:05:00.000Z' │ 100  │  0   │  0  │ Infinity │  0  │ 19720 │ 1537.5 │  0  │ 0.3 │ 5700  │ 67830000  │  570200   │  6785380000   │       │           │     │
│   25    │ 11.9 │ 11.9 │ 11.9 │ 11.9 │  2100  │  24990000  │  695300   │  2100   │  24990000  │ 8274070000  │ 1673349000000 │ '2023-01-10T11:10:00.000Z' │ 100  │  0   │  0  │ Infinity │  0  │ 19720 │ 1537.5 │  0  │ 0.1 │ 2100  │ 24990000  │  572300   │  6810370000   │       │           │     │
│   26    │ 11.9 │ 11.9 │ 11.9 │ 11.9 │ 20800  │ 247520000  │  716100   │  20800  │ 247520000  │ 8521590000  │ 1673349300000 │ '2023-01-10T11:15:00.000Z' │ 100  │  0   │  0  │ Infinity │  0  │ 19720 │ 1537.5 │  0  │ 1.1 │ 20800 │ 247520000 │  593100   │  7057890000   │       │           │     │
│   27    │ 11.9 │ 11.9 │ 11.9 │ 11.9 │ 34200  │ 406980000  │  750300   │  34200  │ 406980000  │ 8928570000  │ 1673349600000 │ '2023-01-10T11:20:00.000Z' │ 100  │  0   │  0  │ Infinity │  0  │ 19720 │ 1537.5 │  0  │ 1.7 │ 34200 │ 406980000 │  627300   │  7464870000   │       │           │     │
│   28    │ 11.9 │ 11.9 │ 11.9 │ 11.9 │  1400  │  16660000  │  751700   │  1400   │  16660000  │ 8945230000  │ 1673355600000 │ '2023-01-10T13:00:00.000Z' │ 100  │  0   │  0  │ Infinity │  0  │ 19720 │ 1537.5 │  0  │ 0.1 │ 1400  │ 16660000  │  628700   │  7481530000   │       │           │     │
│   29    │ 11.9 │ 11.9 │ 11.9 │ 11.9 │  2000  │  23800000  │  753700   │  2000   │  23800000  │ 8969030000  │ 1673356200000 │ '2023-01-10T13:10:00.000Z' │ 100  │  0   │  0  │ Infinity │  0  │ 19720 │ 1537.5 │  0  │ 0.1 │ 2000  │ 23800000  │  630700   │  7505330000   │       │           │     │
│   30    │ 11.9 │ 11.9 │ 11.9 │ 11.9 │  200   │  2380000   │  753900   │   200   │  2380000   │ 8971410000  │ 1673356500000 │ '2023-01-10T13:15:00.000Z' │ 100  │  0   │  0  │ Infinity │  0  │ 19720 │ 1537.5 │  0  │  0  │  200  │  2380000  │  630900   │  7507710000   │       │           │     │
│   31    │ 11.9 │ 11.9 │ 11.9 │ 11.9 │  100   │  1190000   │  754000   │   100   │  1190000   │ 8972600000  │ 1673356800000 │ '2023-01-10T13:20:00.000Z' │ 100  │  0   │  0  │ Infinity │  0  │ 19720 │ 1537.5 │  0  │  0  │  100  │  1190000  │  631000   │  7508900000   │       │           │     │
│   32    │ 11.9 │ 11.9 │ 11.9 │ 11.9 │  200   │  2380000   │  754200   │   200   │  2380000   │ 8974980000  │ 1673357700000 │ '2023-01-10T13:35:00.000Z' │ 100  │  0   │  0  │ Infinity │  0  │ 19720 │ 1537.5 │  0  │  0  │  200  │  2380000  │  631200   │  7511280000   │       │           │     │
│   33    │ 11.9 │ 11.9 │ 11.9 │ 11.9 │  7500  │  89250000  │  761700   │  7500   │  89250000  │ 9064230000  │ 1673358600000 │ '2023-01-10T13:50:00.000Z' │ 100  │  0   │  0  │ Infinity │  0  │ 19720 │ 1537.5 │  0  │ 0.4 │ 7500  │ 89250000  │  638700   │  7600530000   │       │           │     │
│   34    │ 11.9 │ 11.9 │ 11.9 │ 11.9 │ 11800  │ 140420000  │  773500   │  11800  │ 140420000  │ 9204650000  │ 1673358900000 │ '2023-01-10T13:55:00.000Z' │ 100  │  0   │  0  │ Infinity │  0  │ 19720 │ 1537.5 │  0  │ 0.6 │ 11800 │ 140420000 │  650500   │  7740950000   │       │           │     │
│   35    │ 11.9 │ 11.9 │ 11.9 │ 11.9 │ 49300  │ 586670000  │  822800   │  49300  │ 586670000  │ 9791320000  │ 1673359200000 │ '2023-01-10T14:00:00.000Z' │ 100  │  0   │  0  │ Infinity │  0  │ 19720 │ 1537.5 │  0  │ 2.5 │ 49300 │ 586670000 │  699800   │  8327620000   │       │           │     │
│   36    │ 11.9 │ 11.9 │ 11.9 │ 11.9 │ 25300  │ 301070000  │  848100   │  25300  │ 301070000  │ 10092390000 │ 1673359500000 │ '2023-01-10T14:05:00.000Z' │ 100  │  0   │  0  │ Infinity │  0  │ 19720 │ 1537.5 │  0  │ 1.3 │ 25300 │ 301070000 │  725100   │  8628690000   │       │           │     │
│   37    │ 11.9 │ 11.9 │ 11.9 │ 11.9 │  200   │  2380000   │  848300   │   200   │  2380000   │ 10094770000 │ 1673359800000 │ '2023-01-10T14:10:00.000Z' │ 100  │  0   │  0  │ Infinity │  0  │ 19720 │ 1537.5 │  0  │  0  │  200  │  2380000  │  725300   │  8631070000   │       │           │     │
│   38    │ 11.9 │ 11.9 │ 11.9 │ 11.9 │  1100  │  13090000  │  849400   │  1100   │  13090000  │ 10107860000 │ 1673360400000 │ '2023-01-10T14:20:00.000Z' │ 100  │  0   │  0  │ Infinity │  0  │ 19720 │ 1537.5 │  0  │ 0.1 │ 1100  │ 13090000  │  726400   │  8644160000   │       │           │     │
│   39    │ 11.9 │ 11.9 │ 11.9 │ 11.9 │  900   │  10710000  │  850300   │   900   │  10710000  │ 10118570000 │ 1673361600000 │ '2023-01-10T14:40:00.000Z' │ 100  │  0   │  0  │ Infinity │  0  │ 19720 │ 1537.5 │  0  │  0  │  900  │ 10710000  │  727300   │  8654870000   │       │           │     │
└─────────┴──────┴──────┴──────┴──────┴────────┴────────────┴───────────┴─────────┴────────────┴─────────────┴───────────────┴────────────────────────────┴──────┴──────┴─────┴──────────┴─────┴───────┴────────┴─────┴─────┴───────┴───────────┴───────────┴───────────────┴───────┴───────────┴─────┘
├─────────┼──────┼──────┼──────┼──────┼────────┼────────────┼───────────┼─────────┼────────────┼─────────────┼───────────────┼────────────────────────────┼──────┼──────┼─────┼──────────┼─────┼───────┼────────┼─────┼─────┼───────┼───────────┼───────────┼───────────────┼───────┼───────────┼─────┤
│ (index) │  c   │  h   │  l   │  o   │   bu   │   val_bu   │ total_vol │ sum_vol │    val     │  acum_val   │   datetime    │            date            │ pbu  │ psd  │ puk │    bs    │ sb  │  abu  │  asd   │ auk │ rbu │ bu-sd │ bu-sd_val │ acum_busd │ acum_busd_val │  sd   │  val_sd   │ rsd │
├─────────┼──────┼──────┼──────┼──────┼────────┼────────────┼───────────┼─────────┼────────────┼─────────────┼───────────────┼────────────────────────────┼──────┼──────┼─────┼──────────┼─────┼───────┼────────┼─────┼─────┼───────┼───────────┼───────────┼───────────────┼───────┼───────────┼─────┤

