┌─────────┬─────┬─────┬─────┬─────┬──────┬──────────┬───────────┬─────────┬──────────┬───────────┬───────────────┬────────────────────────────┬──────┬──────┬─────┬──────────┬──────────┬───────┬───────┬─────┬─────┬───────┬───────────┬───────────┬───────────────┬──────┬──────────┬─────┐
│ (index) │  c  │  h  │  l  │  o  │  bu  │  val_bu  │ total_vol │ sum_vol │   val    │ acum_val  │   datetime    │            date            │ pbu  │ psd  │ puk │    bs    │    sb    │  abu  │  asd  │ auk │ rbu │ bu-sd │ bu-sd_val │ acum_busd │ acum_busd_val │  sd  │  val_sd  │ rsd │
├─────────┼─────┼─────┼─────┼─────┼──────┼──────────┼───────────┼─────────┼──────────┼───────────┼───────────────┼────────────────────────────┼──────┼──────┼─────┼──────────┼──────────┼───────┼───────┼─────┼─────┼───────┼───────────┼───────────┼───────────────┼──────┼──────────┼─────┤
│    0    │  8  │  8  │  8  │  8  │ 100  │  800000  │    100    │   100   │  800000  │  800000   │ 1673342040000 │ '2023-01-10T09:14:00.000Z' │ 100  │  0   │  0  │ Infinity │    0     │ 282.4 │ 841.2 │  0  │ 0.4 │  100  │  800000   │    100    │    800000     │      │          │     │
│    1    │  8  │  8  │  8  │  8  │      │          │    600    │   500   │ 4000000  │  4800000  │ 1673343720000 │ '2023-01-10T09:42:00.000Z' │  0   │ 100  │  0  │    0     │ Infinity │ 282.4 │ 841.2 │  0  │     │ -500  │ -4000000  │   -400    │   -3200000    │ 500  │ 4000000  │ 0.6 │
│    2    │  8  │  8  │  8  │  8  │      │          │   3600    │  3000   │ 24000000 │ 28800000  │ 1673343840000 │ '2023-01-10T09:44:00.000Z' │  0   │ 100  │  0  │    0     │ Infinity │ 282.4 │ 841.2 │  0  │     │ -3000 │ -24000000 │   -3400   │   -27200000   │ 3000 │ 24000000 │ 3.6 │
│    3    │  8  │  8  │  8  │  8  │ 800  │ 6400000  │   4600    │  1000   │ 8000000  │ 36800000  │ 1673343960000 │ '2023-01-10T09:46:00.000Z' │  80  │  20  │  0  │    4     │   0.3    │ 282.4 │ 841.2 │  0  │ 2.8 │  600  │  4800000  │   -2800   │   -22400000   │ 200  │ 1600000  │ 0.2 │
│    4    │  8  │  8  │  8  │  8  │      │          │   5800    │  1200   │ 9600000  │ 46400000  │ 1673344080000 │ '2023-01-10T09:48:00.000Z' │  0   │ 100  │  0  │    0     │ Infinity │ 282.4 │ 841.2 │  0  │     │ -1200 │ -9600000  │   -4000   │   -32000000   │ 1200 │ 9600000  │ 1.4 │
│    5    │  8  │  8  │  8  │  8  │ 300  │ 2400000  │   7100    │  1300   │ 10400000 │ 56800000  │ 1673344200000 │ '2023-01-10T09:50:00.000Z' │ 23.1 │ 76.9 │  0  │   0.3    │   3.3    │ 282.4 │ 841.2 │  0  │ 1.1 │ -700  │ -5600000  │   -4700   │   -37600000   │ 1000 │ 8000000  │ 1.2 │
│    6    │  8  │  8  │  8  │  8  │ 200  │ 1600000  │   7300    │   200   │ 1600000  │ 58400000  │ 1673346120000 │ '2023-01-10T10:22:00.000Z' │ 100  │  0   │  0  │ Infinity │    0     │ 282.4 │ 841.2 │  0  │ 0.7 │  200  │  1600000  │   -4500   │   -36000000   │      │          │     │
│    7    │  8  │  8  │  8  │  8  │ 2000 │ 16000000 │   9300    │  2000   │ 16000000 │ 74400000  │ 1673356440000 │ '2023-01-10T13:14:00.000Z' │ 100  │  0   │  0  │ Infinity │    0     │ 282.4 │ 841.2 │  0  │ 7.1 │ 2000  │ 16000000  │   -2500   │   -20000000   │      │          │     │
│    8    │  8  │  8  │  8  │  8  │ 100  │  800000  │   9400    │   100   │  800000  │ 75200000  │ 1673356800000 │ '2023-01-10T13:20:00.000Z' │ 100  │  0   │  0  │ Infinity │    0     │ 282.4 │ 841.2 │  0  │ 0.4 │  100  │  800000   │   -2400   │   -19200000   │      │          │     │
│    9    │ 7.9 │ 7.9 │ 7.9 │ 7.9 │      │          │   9800    │   400   │ 3160000  │ 78360000  │ 1673358120000 │ '2023-01-10T13:42:00.000Z' │  0   │ 100  │  0  │    0     │ Infinity │ 282.4 │ 841.2 │  0  │     │ -400  │ -3160000  │   -2800   │   -22360000   │ 400  │ 3160000  │ 0.5 │
│   10    │ 7.9 │ 7.9 │ 7.9 │ 7.9 │      │          │   10300   │   500   │ 3950000  │ 82310000  │ 1673359080000 │ '2023-01-10T13:58:00.000Z' │  0   │ 100  │  0  │    0     │ Infinity │ 282.4 │ 841.2 │  0  │     │ -500  │ -3950000  │   -3300   │   -26310000   │ 500  │ 3950000  │ 0.6 │
│   11    │ 7.9 │ 7.9 │ 7.9 │ 7.9 │      │          │   12300   │  2000   │ 15800000 │ 98110000  │ 1673359200000 │ '2023-01-10T14:00:00.000Z' │  0   │ 100  │  0  │    0     │ Infinity │ 282.4 │ 841.2 │  0  │     │ -2000 │ -15800000 │   -5300   │   -42110000   │ 2000 │ 15800000 │ 2.4 │
│   12    │ 7.9 │ 7.9 │ 7.9 │ 7.9 │      │          │   13500   │  1200   │ 9480000  │ 107590000 │ 1673359320000 │ '2023-01-10T14:02:00.000Z' │  0   │ 100  │  0  │    0     │ Infinity │ 282.4 │ 841.2 │  0  │     │ -1200 │ -9480000  │   -6500   │   -51590000   │ 1200 │ 9480000  │ 1.4 │
│   13    │ 7.9 │ 7.9 │ 7.9 │ 7.9 │      │          │   17200   │  3700   │ 29230000 │ 136820000 │ 1673359440000 │ '2023-01-10T14:04:00.000Z' │  0   │ 100  │  0  │    0     │ Infinity │ 282.4 │ 841.2 │  0  │     │ -3700 │ -29230000 │  -10200   │   -80820000   │ 3700 │ 29230000 │ 4.4 │
│   14    │ 7.9 │ 7.9 │ 7.9 │ 7.9 │ 400  │ 3160000  │   17600   │   400   │ 3160000  │ 139980000 │ 1673359560000 │ '2023-01-10T14:06:00.000Z' │ 100  │  0   │  0  │ Infinity │    0     │ 282.4 │ 841.2 │  0  │ 1.4 │  400  │  3160000  │   -9800   │   -77660000   │      │          │     │
│   15    │ 7.9 │ 7.9 │ 7.9 │ 7.9 │ 900  │ 7110000  │   18500   │   900   │ 7110000  │ 147090000 │ 1673359800000 │ '2023-01-10T14:10:00.000Z' │ 100  │  0   │  0  │ Infinity │    0     │ 282.4 │ 841.2 │  0  │ 3.2 │  900  │  7110000  │   -8900   │   -70550000   │      │          │     │
│   16    │ 7.9 │ 7.9 │ 7.9 │ 7.9 │      │          │   19100   │   600   │ 4740000  │ 151830000 │ 1673359920000 │ '2023-01-10T14:12:00.000Z' │  0   │ 100  │  0  │    0     │ Infinity │ 282.4 │ 841.2 │  0  │     │ -600  │ -4740000  │   -9500   │   -75290000   │ 600  │ 4740000  │ 0.7 │
└─────────┴─────┴─────┴─────┴─────┴──────┴──────────┴───────────┴─────────┴──────────┴───────────┴───────────────┴────────────────────────────┴──────┴──────┴─────┴──────────┴──────────┴───────┴───────┴─────┴─────┴───────┴───────────┴───────────┴───────────────┴──────┴──────────┴─────┘

