┌─────────┬───────┬───────┬───────┬───────┬───────┬───────────┬───────────┬─────────┬───────────┬───────────┬───────────────┬────────────────────────────┬─────┬─────┬─────┬──────────┬──────────┬───────┬───────┬─────┬─────┬────────┬────────────┬───────────┬───────────────┬──────┬──────────┬─────┐
│ (index) │   c   │   h   │   l   │   o   │  sd   │  val_sd   │ total_vol │ sum_vol │    val    │ acum_val  │   datetime    │            date            │ pbu │ psd │ puk │    bs    │    sb    │  abu  │  asd  │ auk │ rsd │ bu-sd  │ bu-sd_val  │ acum_busd │ acum_busd_val │  bu  │  val_bu  │ rbu │
├─────────┼───────┼───────┼───────┼───────┼───────┼───────────┼───────────┼─────────┼───────────┼───────────┼───────────────┼────────────────────────────┼─────┼─────┼─────┼──────────┼──────────┼───────┼───────┼─────┼─────┼────────┼────────────┼───────────┼───────────────┼──────┼──────────┼─────┤
│    0    │  15   │  15   │  15   │  15   │  100  │   1500    │    100    │   100   │   1500    │   1500    │ 1673342400000 │ '2023-01-10T09:20:00.000Z' │  0  │ 100 │  0  │    0     │ Infinity │ 241.2 │ 835.3 │  0  │ 0.1 │  -100  │   -1500    │   -100    │     -1500     │      │          │     │
│    1    │  15   │  15   │  15   │  15   │  100  │   1500    │    200    │   100   │   1500    │   3000    │ 1673342520000 │ '2023-01-10T09:22:00.000Z' │  0  │ 100 │  0  │    0     │ Infinity │ 241.2 │ 835.3 │  0  │ 0.1 │  -100  │   -1500    │   -200    │     -3000     │      │          │     │
│    2    │  15   │  15   │  15   │  15   │       │           │    400    │   200   │   3000    │   6000    │ 1673342640000 │ '2023-01-10T09:24:00.000Z' │ 100 │  0  │  0  │ Infinity │    0     │ 241.2 │ 835.3 │  0  │     │  200   │    3000    │     0     │       0       │ 200  │   3000   │ 0.8 │
│    3    │ 14.9  │ 14.9  │ 14.9  │ 14.9  │  300  │  4470000  │    700    │   300   │  4470000  │  4476000  │ 1673344320000 │ '2023-01-10T09:52:00.000Z' │  0  │ 100 │  0  │    0     │ Infinity │ 241.2 │ 835.3 │  0  │ 0.4 │  -300  │  -4470000  │   -300    │   -4470000    │      │          │     │
│    4    │ 14.9  │ 14.9  │ 14.9  │ 14.9  │       │           │   1100    │   400   │  5960000  │ 10436000  │ 1673344440000 │ '2023-01-10T09:54:00.000Z' │ 100 │  0  │  0  │ Infinity │    0     │ 241.2 │ 835.3 │  0  │     │  400   │  5960000   │    100    │    1490000    │ 400  │ 5960000  │ 1.7 │
│    5    │ 14.9  │ 14.9  │ 14.9  │ 14.9  │       │           │   1200    │   100   │  1490000  │ 11926000  │ 1673346360000 │ '2023-01-10T10:26:00.000Z' │ 100 │  0  │  0  │ Infinity │    0     │ 241.2 │ 835.3 │  0  │     │  100   │  1490000   │    200    │    2980000    │ 100  │ 1490000  │ 0.4 │
│    6    │ 14.85 │ 14.85 │ 14.85 │ 14.85 │ 1800  │ 26730000  │   3000    │  1800   │ 26730000  │ 38656000  │ 1673346600000 │ '2023-01-10T10:30:00.000Z' │  0  │ 100 │  0  │    0     │ Infinity │ 241.2 │ 835.3 │  0  │ 2.2 │ -1800  │ -26730000  │   -1600   │   -23750000   │      │          │     │
│    7    │ 14.85 │ 14.85 │ 14.85 │ 14.85 │  100  │  1485000  │   3100    │   100   │  1485000  │ 40141000  │ 1673346960000 │ '2023-01-10T10:36:00.000Z' │  0  │ 100 │  0  │    0     │ Infinity │ 241.2 │ 835.3 │  0  │ 0.1 │  -100  │  -1485000  │   -1700   │   -25235000   │      │          │     │
│    8    │ 14.9  │ 14.9  │ 14.9  │ 14.9  │       │           │   4300    │  1200   │ 17880000  │ 58021000  │ 1673347080000 │ '2023-01-10T10:38:00.000Z' │ 100 │  0  │  0  │ Infinity │    0     │ 241.2 │ 835.3 │  0  │     │  1200  │  17880000  │   -500    │   -7355000    │ 1200 │ 17880000 │  5  │
│    9    │ 14.9  │ 14.9  │ 14.9  │ 14.9  │ 1000  │ 14900000  │   5300    │  1000   │ 14900000  │ 72921000  │ 1673347920000 │ '2023-01-10T10:52:00.000Z' │  0  │ 100 │  0  │    0     │ Infinity │ 241.2 │ 835.3 │  0  │ 1.2 │ -1000  │ -14900000  │   -1500   │   -22255000   │      │          │     │
│   10    │ 14.95 │ 14.95 │ 14.95 │ 14.95 │       │           │   6100    │   800   │ 11960000  │ 84881000  │ 1673355600000 │ '2023-01-10T13:00:00.000Z' │ 100 │  0  │  0  │ Infinity │    0     │ 241.2 │ 835.3 │  0  │     │  800   │  11960000  │   -700    │   -10295000   │ 800  │ 11960000 │ 3.3 │
│   11    │ 14.95 │ 14.95 │ 14.95 │ 14.95 │       │           │   6300    │   200   │  2990000  │ 87871000  │ 1673358120000 │ '2023-01-10T13:42:00.000Z' │ 100 │  0  │  0  │ Infinity │    0     │ 241.2 │ 835.3 │  0  │     │  200   │  2990000   │   -500    │   -7305000    │ 200  │ 2990000  │ 0.8 │
│   12    │ 14.95 │ 14.95 │ 14.95 │ 14.95 │  500  │  7475000  │   6800    │   500   │  7475000  │ 95346000  │ 1673358600000 │ '2023-01-10T13:50:00.000Z' │  0  │ 100 │  0  │    0     │ Infinity │ 241.2 │ 835.3 │  0  │ 0.6 │  -500  │  -7475000  │   -1000   │   -14780000   │      │          │     │
│   13    │ 14.95 │ 14.95 │ 14.95 │ 14.95 │  300  │  4485000  │   7100    │   300   │  4485000  │ 99831000  │ 1673358840000 │ '2023-01-10T13:54:00.000Z' │  0  │ 100 │  0  │    0     │ Infinity │ 241.2 │ 835.3 │  0  │ 0.4 │  -300  │  -4485000  │   -1300   │   -19265000   │      │          │     │
│   14    │ 14.9  │ 14.9  │ 14.9  │ 14.9  │ 10000 │ 149000000 │   17100   │  10000  │ 149000000 │ 248831000 │ 1673358960000 │ '2023-01-10T13:56:00.000Z' │  0  │ 100 │  0  │    0     │ Infinity │ 241.2 │ 835.3 │  0  │ 12  │ -10000 │ -149000000 │  -11300   │  -168265000   │      │          │     │
│   15    │ 14.95 │ 14.95 │ 14.95 │ 14.95 │       │           │   17300   │   200   │  2990000  │ 251821000 │ 1673360760000 │ '2023-01-10T14:26:00.000Z' │ 100 │  0  │  0  │ Infinity │    0     │ 241.2 │ 835.3 │  0  │     │  200   │  2990000   │  -11100   │  -165275000   │ 200  │ 2990000  │ 0.8 │
│   16    │  15   │  15   │  15   │  15   │       │           │   18300   │  1000   │   15000   │ 251836000 │ 1673361840000 │ '2023-01-10T14:44:00.000Z' │ 100 │  0  │  0  │ Infinity │    0     │ 241.2 │ 835.3 │  0  │     │  1000  │   15000    │  -10100   │  -165260000   │ 1000 │  15000   │ 4.1 │
└─────────┴───────┴───────┴───────┴───────┴───────┴───────────┴───────────┴─────────┴───────────┴───────────┴───────────────┴────────────────────────────┴─────┴─────┴─────┴──────────┴──────────┴───────┴───────┴─────┴─────┴────────┴────────────┴───────────┴───────────────┴──────┴──────────┴─────┘

