┌─────────┬───────┬───────┬───────┬───────┬──────┬───────────┬───────────┬─────────┬───────────┬───────────┬───────────────┬────────────────────────────┬──────┬──────┬─────┬──────────┬──────────┬───────┬───────┬─────┬─────┬───────┬────────────┬───────────┬───────────────┬──────┬──────────┬─────┐
│ (index) │   c   │   h   │   l   │   o   │  sd  │  val_sd   │ total_vol │ sum_vol │    val    │ acum_val  │   datetime    │            date            │ pbu  │ psd  │ puk │    bs    │    sb    │  abu  │  asd  │ auk │ rsd │ bu-sd │ bu-sd_val  │ acum_busd │ acum_busd_val │  bu  │  val_bu  │ rbu │
├─────────┼───────┼───────┼───────┼───────┼──────┼───────────┼───────────┼─────────┼───────────┼───────────┼───────────────┼────────────────────────────┼──────┼──────┼─────┼──────────┼──────────┼───────┼───────┼─────┼─────┼───────┼────────────┼───────────┼───────────────┼──────┼──────────┼─────┤
│    0    │ 22.1  │ 22.1  │ 22.1  │ 22.1  │ 400  │  8840000  │    400    │   400   │  8840000  │  8840000  │ 1673342100000 │ '2023-01-10T09:15:00.000Z' │  0   │ 100  │  0  │    0     │ Infinity │ 611.5 │ 726.9 │  0  │ 0.6 │ -400  │  -8840000  │   -400    │   -8840000    │      │          │     │
│    1    │ 22.6  │ 22.6  │ 22.6  │ 22.6  │      │           │    500    │   100   │  2260000  │ 11100000  │ 1673343300000 │ '2023-01-10T09:35:00.000Z' │ 100  │  0   │  0  │ Infinity │    0     │ 611.5 │ 726.9 │  0  │     │  100  │  2260000   │   -300    │   -6580000    │ 100  │ 2260000  │ 0.2 │
│    2    │ 22.6  │ 22.6  │ 22.6  │ 22.6  │      │           │    600    │   100   │  2260000  │ 13360000  │ 1673343900000 │ '2023-01-10T09:45:00.000Z' │ 100  │  0   │  0  │ Infinity │    0     │ 611.5 │ 726.9 │  0  │     │  100  │  2260000   │   -200    │   -4320000    │ 100  │ 2260000  │ 0.2 │
│    3    │ 22.2  │ 22.35 │ 22.2  │ 22.35 │ 6700 │ 149440000 │   7300    │  6700   │ 149440000 │ 162800000 │ 1673344200000 │ '2023-01-10T09:50:00.000Z' │  0   │ 100  │  0  │    0     │ Infinity │ 611.5 │ 726.9 │  0  │ 9.2 │ -6700 │ -149440000 │   -6900   │  -153760000   │      │          │     │
│    4    │ 22.6  │ 22.6  │ 22.2  │ 22.2  │ 100  │  2220000  │   7500    │   200   │  4480000  │ 167280000 │ 1673344500000 │ '2023-01-10T09:55:00.000Z' │  50  │  50  │  0  │    1     │    1     │ 611.5 │ 726.9 │  0  │ 0.1 │   0   │   40000    │   -6900   │  -153720000   │ 100  │ 2260000  │ 0.2 │
│    5    │ 22.35 │ 22.35 │ 22.35 │ 22.35 │ 100  │  2235000  │   7600    │   100   │  2235000  │ 169515000 │ 1673346300000 │ '2023-01-10T10:25:00.000Z' │  0   │ 100  │  0  │    0     │ Infinity │ 611.5 │ 726.9 │  0  │ 0.1 │ -100  │  -2235000  │   -7000   │  -155955000   │      │          │     │
│    6    │ 22.35 │ 22.35 │ 22.35 │ 22.35 │      │           │   8500    │   900   │ 20115000  │ 189630000 │ 1673346600000 │ '2023-01-10T10:30:00.000Z' │ 100  │  0   │  0  │ Infinity │    0     │ 611.5 │ 726.9 │  0  │     │  900  │  20115000  │   -6100   │  -135840000   │ 900  │ 20115000 │ 1.5 │
│    7    │ 22.3  │ 22.3  │ 22.3  │ 22.3  │ 300  │  6690000  │   8800    │   300   │  6690000  │ 196320000 │ 1673346900000 │ '2023-01-10T10:35:00.000Z' │  0   │ 100  │  0  │    0     │ Infinity │ 611.5 │ 726.9 │  0  │ 0.4 │ -300  │  -6690000  │   -6400   │  -142530000   │      │          │     │
│    8    │ 22.3  │ 22.3  │ 22.3  │ 22.3  │ 800  │ 17840000  │   9800    │  1000   │ 22300000  │ 218620000 │ 1673347500000 │ '2023-01-10T10:45:00.000Z' │  20  │  80  │  0  │   0.3    │    4     │ 611.5 │ 726.9 │  0  │ 1.1 │ -600  │ -13380000  │   -7000   │  -155910000   │ 200  │ 4460000  │ 0.3 │
│    9    │ 22.3  │ 22.3  │ 22.3  │ 22.3  │ 300  │  6690000  │   10100   │   300   │  6690000  │ 225310000 │ 1673347800000 │ '2023-01-10T10:50:00.000Z' │  0   │ 100  │  0  │    0     │ Infinity │ 611.5 │ 726.9 │  0  │ 0.4 │ -300  │  -6690000  │   -7300   │  -162600000   │      │          │     │
│   10    │ 22.45 │ 22.45 │ 22.45 │ 22.45 │      │           │   10600   │   500   │ 11225000  │ 236535000 │ 1673349000000 │ '2023-01-10T11:10:00.000Z' │ 100  │  0   │  0  │ Infinity │    0     │ 611.5 │ 726.9 │  0  │     │  500  │  11225000  │   -6800   │  -151375000   │ 500  │ 11225000 │ 0.8 │
│   11    │ 22.6  │ 22.6  │ 22.5  │ 22.5  │      │           │   12600   │  2000   │ 45120000  │ 281655000 │ 1673349300000 │ '2023-01-10T11:15:00.000Z' │ 100  │  0   │  0  │ Infinity │    0     │ 611.5 │ 726.9 │  0  │     │ 2000  │  45120000  │   -4800   │  -106255000   │ 2000 │ 45120000 │ 3.3 │
│   12    │ 22.6  │ 22.6  │ 22.6  │ 22.6  │      │           │   12900   │   300   │  6780000  │ 288435000 │ 1673349600000 │ '2023-01-10T11:20:00.000Z' │ 100  │  0   │  0  │ Infinity │    0     │ 611.5 │ 726.9 │  0  │     │  300  │  6780000   │   -4500   │   -99475000   │ 300  │ 6780000  │ 0.5 │
│   13    │ 22.6  │ 22.6  │ 22.6  │ 22.6  │      │           │   13400   │   500   │ 11300000  │ 299735000 │ 1673349900000 │ '2023-01-10T11:25:00.000Z' │ 100  │  0   │  0  │ Infinity │    0     │ 611.5 │ 726.9 │  0  │     │  500  │  11300000  │   -4000   │   -88175000   │ 500  │ 11300000 │ 0.8 │
│   14    │ 22.6  │ 22.6  │ 22.6  │ 22.6  │      │           │   13500   │   100   │  2260000  │ 301995000 │ 1673355600000 │ '2023-01-10T13:00:00.000Z' │ 100  │  0   │  0  │ Infinity │    0     │ 611.5 │ 726.9 │  0  │     │  100  │  2260000   │   -3900   │   -85915000   │ 100  │ 2260000  │ 0.2 │
│   15    │ 22.8  │ 22.8  │ 22.7  │ 22.7  │      │           │   14700   │  1200   │ 27330000  │ 329325000 │ 1673356800000 │ '2023-01-10T13:20:00.000Z' │ 100  │  0   │  0  │ Infinity │    0     │ 611.5 │ 726.9 │  0  │     │ 1200  │  27330000  │   -2700   │   -58585000   │ 1200 │ 27330000 │  2  │
│   16    │ 22.6  │ 22.6  │ 22.6  │ 22.6  │ 100  │  2260000  │   14800   │   100   │  2260000  │ 331585000 │ 1673357400000 │ '2023-01-10T13:30:00.000Z' │  0   │ 100  │  0  │    0     │ Infinity │ 611.5 │ 726.9 │  0  │ 0.1 │ -100  │  -2260000  │   -2800   │   -60845000   │      │          │     │
│   17    │ 22.85 │ 22.85 │ 22.75 │ 22.75 │      │           │   17000   │  2200   │ 50205000  │ 381790000 │ 1673358000000 │ '2023-01-10T13:40:00.000Z' │ 100  │  0   │  0  │ Infinity │    0     │ 611.5 │ 726.9 │  0  │     │ 2200  │  50205000  │   -600    │   -10640000   │ 2200 │ 50205000 │ 3.6 │
│   18    │ 22.85 │ 22.85 │ 22.85 │ 22.85 │      │           │   17500   │   500   │ 11425000  │ 393215000 │ 1673358300000 │ '2023-01-10T13:45:00.000Z' │ 100  │  0   │  0  │ Infinity │    0     │ 611.5 │ 726.9 │  0  │     │  500  │  11425000  │   -100    │    785000     │ 500  │ 11425000 │ 0.8 │
│   19    │ 22.85 │ 22.85 │ 22.85 │ 22.85 │ 1000 │ 22850000  │   22200   │  4700   │ 107395000 │ 500610000 │ 1673358600000 │ '2023-01-10T13:50:00.000Z' │ 78.7 │ 21.3 │  0  │   3.7    │   0.3    │ 611.5 │ 726.9 │  0  │ 1.4 │ 2700  │  61695000  │   2600    │   62480000    │ 3700 │ 84545000 │ 6.1 │
│   20    │ 22.85 │ 22.85 │ 22.85 │ 22.85 │      │           │   22400   │   200   │  4570000  │ 505180000 │ 1673358900000 │ '2023-01-10T13:55:00.000Z' │ 100  │  0   │  0  │ Infinity │    0     │ 611.5 │ 726.9 │  0  │     │  200  │  4570000   │   2800    │   67050000    │ 200  │ 4570000  │ 0.3 │
├─────────┼───────┼───────┼───────┼───────┼──────┼───────────┼───────────┼─────────┼───────────┼───────────┼───────────────┼────────────────────────────┼──────┼──────┼─────┼──────────┼──────────┼───────┼───────┼─────┼─────┼───────┼────────────┼───────────┼───────────────┼──────┼──────────┼─────┤
│ (index) │   c   │   h   │   l   │   o   │  sd  │  val_sd   │ total_vol │ sum_vol │    val    │ acum_val  │   datetime    │            date            │ pbu  │ psd  │ puk │    bs    │    sb    │  abu  │  asd  │ auk │ rsd │ bu-sd │ bu-sd_val  │ acum_busd │ acum_busd_val │  bu  │  val_bu  │ rbu │
├─────────┼───────┼───────┼───────┼───────┼──────┼───────────┼───────────┼─────────┼───────────┼───────────┼───────────────┼────────────────────────────┼──────┼──────┼─────┼──────────┼──────────┼───────┼───────┼─────┼─────┼───────┼────────────┼───────────┼───────────────┼──────┼──────────┼─────┤
│   21    │ 22.7  │ 22.7  │ 22.7  │ 22.7  │ 100  │  2270000  │   22500   │   100   │  2270000  │ 507450000 │ 1673359500000 │ '2023-01-10T14:05:00.000Z' │  0   │ 100  │  0  │    0     │ Infinity │ 611.5 │ 726.9 │  0  │ 0.1 │ -100  │  -2270000  │   2700    │   64780000    │      │          │     │
│   22    │ 22.6  │ 22.6  │ 22.6  │ 22.6  │ 2000 │ 45200000  │   24500   │  2000   │ 45200000  │ 552650000 │ 1673359800000 │ '2023-01-10T14:10:00.000Z' │  0   │ 100  │  0  │    0     │ Infinity │ 611.5 │ 726.9 │  0  │ 2.8 │ -2000 │ -45200000  │    700    │   19580000    │      │          │     │
│   23    │ 22.85 │ 22.85 │ 22.85 │ 22.85 │ 1000 │ 22850000  │   28800   │  4300   │ 98255000  │ 650905000 │ 1673360400000 │ '2023-01-10T14:20:00.000Z' │ 76.7 │ 23.3 │  0  │   3.3    │   0.3    │ 611.5 │ 726.9 │  0  │ 1.4 │ 2300  │  52555000  │   3000    │   72135000    │ 3300 │ 75405000 │ 5.4 │
│   24    │ 22.7  │ 22.7  │ 22.7  │ 22.7  │ 4400 │ 99880000  │   33200   │  4400   │ 99880000  │ 750785000 │ 1673360700000 │ '2023-01-10T14:25:00.000Z' │  0   │ 100  │  0  │    0     │ Infinity │ 611.5 │ 726.9 │  0  │ 6.1 │ -4400 │ -99880000  │   -1400   │   -27745000   │      │          │     │
│   25    │ 22.7  │ 22.7  │ 22.7  │ 22.7  │ 1600 │ 36320000  │   34800   │  1600   │ 36320000  │ 787105000 │ 1673361900000 │ '2023-01-10T14:45:00.000Z' │  0   │ 100  │  0  │    0     │ Infinity │ 611.5 │ 726.9 │  0  │ 2.2 │ -1600 │ -36320000  │   -3000   │   -64065000   │      │          │     │
└─────────┴───────┴───────┴───────┴───────┴──────┴───────────┴───────────┴─────────┴───────────┴───────────┴───────────────┴────────────────────────────┴──────┴──────┴─────┴──────────┴──────────┴───────┴───────┴─────┴─────┴───────┴────────────┴───────────┴───────────────┴──────┴──────────┴─────┘

