┌─────────┬──────┬──────┬──────┬──────┬──────┬──────────┬───────────┬─────────┬──────────┬───────────┬───────────────┬────────────────────────────┬──────┬──────┬─────┬──────────┬──────────┬────────┬───────┬─────┬─────┬───────┬───────────┬───────────┬───────────────┬──────┬──────────┬──────┐
│ (index) │  c   │  h   │  l   │  o   │  bu  │  val_bu  │ total_vol │ sum_vol │   val    │ acum_val  │   datetime    │            date            │ pbu  │ psd  │ puk │    bs    │    sb    │  abu   │  asd  │ auk │ rbu │ bu-sd │ bu-sd_val │ acum_busd │ acum_busd_val │  sd  │  val_sd  │ rsd  │
├─────────┼──────┼──────┼──────┼──────┼──────┼──────────┼───────────┼─────────┼──────────┼───────────┼───────────────┼────────────────────────────┼──────┼──────┼─────┼──────────┼──────────┼────────┼───────┼─────┼─────┼───────┼───────────┼───────────┼───────────────┼──────┼──────────┼──────┤
│    0    │ 3.8  │ 3.8  │ 3.8  │ 3.8  │ 100  │  380000  │    100    │   100   │  380000  │  380000   │ 1673947200000 │ '2023-01-17T09:20:00.000Z' │ 100  │  0   │  0  │ Infinity │    0     │ 1037.1 │ 574.3 │  0  │ 0.1 │  100  │  380000   │    100    │    380000     │      │          │      │
│    1    │ 3.8  │ 3.8  │ 3.8  │ 3.8  │ 700  │ 2660000  │    800    │   700   │ 2660000  │  3040000  │ 1673947500000 │ '2023-01-17T09:25:00.000Z' │ 100  │  0   │  0  │ Infinity │    0     │ 1037.1 │ 574.3 │  0  │ 0.7 │  700  │  2660000  │    800    │    3040000    │      │          │      │
│    2    │ 3.8  │ 3.8  │ 3.8  │ 3.8  │ 700  │ 2660000  │   1500    │   700   │ 2660000  │  5700000  │ 1673947800000 │ '2023-01-17T09:30:00.000Z' │ 100  │  0   │  0  │ Infinity │    0     │ 1037.1 │ 574.3 │  0  │ 0.7 │  700  │  2660000  │   1500    │    5700000    │      │          │      │
│    3    │ 3.8  │ 3.8  │ 3.8  │ 3.8  │ 500  │ 1900000  │   2000    │   500   │ 1900000  │  7600000  │ 1673948100000 │ '2023-01-17T09:35:00.000Z' │ 100  │  0   │  0  │ Infinity │    0     │ 1037.1 │ 574.3 │  0  │ 0.5 │  500  │  1900000  │   2000    │    7600000    │      │          │      │
│    4    │ 3.8  │ 3.8  │ 3.8  │ 3.8  │ 3400 │ 12920000 │   5400    │  3400   │ 12920000 │ 20520000  │ 1673948400000 │ '2023-01-17T09:40:00.000Z' │ 100  │  0   │  0  │ Infinity │    0     │ 1037.1 │ 574.3 │  0  │ 3.3 │ 3400  │ 12920000  │   5400    │   20520000    │      │          │      │
│    5    │ 3.8  │ 3.8  │ 3.8  │ 3.8  │ 100  │  380000  │   5500    │   100   │  380000  │ 20900000  │ 1673948700000 │ '2023-01-17T09:45:00.000Z' │ 100  │  0   │  0  │ Infinity │    0     │ 1037.1 │ 574.3 │  0  │ 0.1 │  100  │  380000   │   5500    │   20900000    │      │          │      │
│    6    │ 3.8  │ 3.8  │ 3.8  │ 3.8  │ 100  │  380000  │   5600    │   100   │  380000  │ 21280000  │ 1673949000000 │ '2023-01-17T09:50:00.000Z' │ 100  │  0   │  0  │ Infinity │    0     │ 1037.1 │ 574.3 │  0  │ 0.1 │  100  │  380000   │   5600    │   21280000    │      │          │      │
│    7    │ 3.8  │ 3.8  │ 3.78 │ 3.78 │ 1000 │ 3800000  │   6800    │  1200   │ 4556000  │ 25836000  │ 1673949300000 │ '2023-01-17T09:55:00.000Z' │ 83.3 │ 16.7 │  0  │    5     │   0.2    │ 1037.1 │ 574.3 │  0  │  1  │  800  │  3044000  │   6400    │   24324000    │ 200  │  756000  │ 0.3  │
│    8    │ 3.8  │ 3.8  │ 3.8  │ 3.8  │ 5400 │ 20520000 │   12200   │  5400   │ 20520000 │ 46356000  │ 1673949600000 │ '2023-01-17T10:00:00.000Z' │ 100  │  0   │  0  │ Infinity │    0     │ 1037.1 │ 574.3 │  0  │ 5.2 │ 5400  │ 20520000  │   11800   │   44844000    │      │          │      │
│    9    │ 3.79 │ 3.79 │ 3.79 │ 3.79 │      │          │   12400   │   200   │  758000  │ 47114000  │ 1673949900000 │ '2023-01-17T10:05:00.000Z' │  0   │ 100  │  0  │    0     │ Infinity │ 1037.1 │ 574.3 │  0  │     │ -200  │  -758000  │   11600   │   44086000    │ 200  │  758000  │ 0.3  │
│   10    │ 3.79 │ 3.79 │ 3.77 │ 3.77 │ 200  │  758000  │   13000   │   600   │ 2266000  │ 49380000  │ 1673950200000 │ '2023-01-17T10:10:00.000Z' │ 33.3 │ 66.7 │  0  │   0.5    │    2     │ 1037.1 │ 574.3 │  0  │ 0.2 │ -200  │  -750000  │   11400   │   43336000    │ 400  │ 1508000  │ 0.7  │
│   11    │ 3.79 │ 3.79 │ 3.79 │ 3.79 │ 6000 │ 22740000 │   19000   │  6000   │ 22740000 │ 72120000  │ 1673950500000 │ '2023-01-17T10:15:00.000Z' │ 100  │  0   │  0  │ Infinity │    0     │ 1037.1 │ 574.3 │  0  │ 5.8 │ 6000  │ 22740000  │   17400   │   66076000    │      │          │      │
│   12    │ 3.77 │ 3.77 │ 3.77 │ 3.77 │      │          │   19100   │   100   │  377000  │ 72497000  │ 1673950800000 │ '2023-01-17T10:20:00.000Z' │  0   │ 100  │  0  │    0     │ Infinity │ 1037.1 │ 574.3 │  0  │     │ -100  │  -377000  │   17300   │   65699000    │ 100  │  377000  │ 0.2  │
│   13    │ 3.77 │ 3.8  │ 3.77 │ 3.8  │ 600  │ 2280000  │   19800   │   700   │ 2657000  │ 75154000  │ 1673951100000 │ '2023-01-17T10:25:00.000Z' │ 85.7 │ 14.3 │  0  │    6     │   0.2    │ 1037.1 │ 574.3 │  0  │ 0.6 │  500  │  1903000  │   17800   │   67602000    │ 100  │  377000  │ 0.2  │
│   14    │ 3.79 │ 3.79 │ 3.79 │ 3.79 │      │          │   20300   │   500   │ 1895000  │ 77049000  │ 1673951400000 │ '2023-01-17T10:30:00.000Z' │  0   │ 100  │  0  │    0     │ Infinity │ 1037.1 │ 574.3 │  0  │     │ -500  │ -1895000  │   17300   │   65707000    │ 500  │ 1895000  │ 0.9  │
│   15    │ 3.8  │ 3.8  │ 3.79 │ 3.79 │ 200  │  759000  │   20800   │   500   │ 1896000  │ 78945000  │ 1673952000000 │ '2023-01-17T10:40:00.000Z' │  40  │  60  │  0  │   0.7    │   1.5    │ 1037.1 │ 574.3 │  0  │ 0.2 │ -100  │  -378000  │   17200   │   65329000    │ 300  │ 1137000  │ 0.5  │
│   16    │ 3.8  │ 3.8  │ 3.79 │ 3.79 │ 5000 │ 18986000 │   25800   │  5000   │ 18986000 │ 97931000  │ 1673952600000 │ '2023-01-17T10:50:00.000Z' │ 100  │  0   │  0  │ Infinity │    0     │ 1037.1 │ 574.3 │  0  │ 4.8 │ 5000  │ 18986000  │   22200   │   84315000    │      │          │      │
│   17    │ 3.77 │ 3.77 │ 3.77 │ 3.77 │      │          │   25900   │   100   │  377000  │ 98308000  │ 1673953200000 │ '2023-01-17T11:00:00.000Z' │  0   │ 100  │  0  │    0     │ Infinity │ 1037.1 │ 574.3 │  0  │     │ -100  │  -377000  │   22100   │   83938000    │ 100  │  377000  │ 0.2  │
│   18    │ 3.76 │ 3.76 │ 3.76 │ 3.76 │      │          │   26600   │   700   │ 2632000  │ 100940000 │ 1673953800000 │ '2023-01-17T11:10:00.000Z' │  0   │ 100  │  0  │    0     │ Infinity │ 1037.1 │ 574.3 │  0  │     │ -700  │ -2632000  │   21400   │   81306000    │ 700  │ 2632000  │ 1.2  │
│   19    │ 3.79 │ 3.79 │ 3.79 │ 3.79 │ 300  │ 1137000  │   26900   │   300   │ 1137000  │ 102077000 │ 1673954100000 │ '2023-01-17T11:15:00.000Z' │ 100  │  0   │  0  │ Infinity │    0     │ 1037.1 │ 574.3 │  0  │ 0.3 │  300  │  1137000  │   21700   │   82443000    │      │          │      │
│   20    │ 3.79 │ 3.79 │ 3.79 │ 3.79 │ 100  │  379000  │   27000   │   100   │  379000  │ 102456000 │ 1673954700000 │ '2023-01-17T11:25:00.000Z' │ 100  │  0   │  0  │ Infinity │    0     │ 1037.1 │ 574.3 │  0  │ 0.1 │  100  │  379000   │   21800   │   82822000    │      │          │      │
├─────────┼──────┼──────┼──────┼──────┼──────┼──────────┼───────────┼─────────┼──────────┼───────────┼───────────────┼────────────────────────────┼──────┼──────┼─────┼──────────┼──────────┼────────┼───────┼─────┼─────┼───────┼───────────┼───────────┼───────────────┼──────┼──────────┼──────┤
│ (index) │  c   │  h   │  l   │  o   │  bu  │  val_bu  │ total_vol │ sum_vol │   val    │ acum_val  │   datetime    │            date            │ pbu  │ psd  │ puk │    bs    │    sb    │  abu   │  asd  │ auk │ rbu │ bu-sd │ bu-sd_val │ acum_busd │ acum_busd_val │  sd  │  val_sd  │ rsd  │
├─────────┼──────┼──────┼──────┼──────┼──────┼──────────┼───────────┼─────────┼──────────┼───────────┼───────────────┼────────────────────────────┼──────┼──────┼─────┼──────────┼──────────┼────────┼───────┼─────┼─────┼───────┼───────────┼───────────┼───────────────┼──────┼──────────┼──────┤
│   21    │ 3.79 │ 3.79 │ 3.79 │ 3.79 │ 100  │  379000  │   27100   │   100   │  379000  │ 102835000 │ 1673960400000 │ '2023-01-17T13:00:00.000Z' │ 100  │  0   │  0  │ Infinity │    0     │ 1037.1 │ 574.3 │  0  │ 0.1 │  100  │  379000   │   21900   │   83201000    │      │          │      │
│   22    │ 3.78 │ 3.78 │ 3.78 │ 3.78 │      │          │   27600   │   500   │ 1890000  │ 104725000 │ 1673960700000 │ '2023-01-17T13:05:00.000Z' │  0   │ 100  │  0  │    0     │ Infinity │ 1037.1 │ 574.3 │  0  │     │ -500  │ -1890000  │   21400   │   81311000    │ 500  │ 1890000  │ 0.9  │
│   23    │ 3.76 │ 3.78 │ 3.76 │ 3.78 │      │          │   31300   │  3700   │ 13938000 │ 118663000 │ 1673961000000 │ '2023-01-17T13:10:00.000Z' │  0   │ 100  │  0  │    0     │ Infinity │ 1037.1 │ 574.3 │  0  │     │ -3700 │ -13938000 │   17700   │   67373000    │ 3700 │ 13938000 │ 6.4  │
│   24    │ 3.76 │ 3.76 │ 3.76 │ 3.76 │      │          │   32000   │   700   │ 2632000  │ 121295000 │ 1673961300000 │ '2023-01-17T13:15:00.000Z' │  0   │ 100  │  0  │    0     │ Infinity │ 1037.1 │ 574.3 │  0  │     │ -700  │ -2632000  │   17000   │   64741000    │ 700  │ 2632000  │ 1.2  │
│   25    │ 3.8  │ 3.8  │ 3.79 │ 3.79 │ 2000 │ 7584000  │   34000   │  2000   │ 7584000  │ 128879000 │ 1673961600000 │ '2023-01-17T13:20:00.000Z' │ 100  │  0   │  0  │ Infinity │    0     │ 1037.1 │ 574.3 │  0  │ 1.9 │ 2000  │  7584000  │   19000   │   72325000    │      │          │      │
│   26    │ 3.76 │ 3.8  │ 3.76 │ 3.8  │ 3000 │ 11400000 │   37100   │  3100   │ 11776000 │ 140655000 │ 1673961900000 │ '2023-01-17T13:25:00.000Z' │ 96.8 │ 3.2  │  0  │    30    │    0     │ 1037.1 │ 574.3 │  0  │ 2.9 │ 2900  │ 11024000  │   21900   │   83349000    │ 100  │  376000  │ 0.2  │
│   27    │ 3.76 │ 3.76 │ 3.76 │ 3.76 │      │          │   37500   │   400   │ 1504000  │ 142159000 │ 1673962200000 │ '2023-01-17T13:30:00.000Z' │  0   │ 100  │  0  │    0     │ Infinity │ 1037.1 │ 574.3 │  0  │     │ -400  │ -1504000  │   21500   │   81845000    │ 400  │ 1504000  │ 0.7  │
│   28    │ 3.8  │ 3.8  │ 3.8  │ 3.8  │ 200  │  760000  │   37700   │   200   │  760000  │ 142919000 │ 1673962500000 │ '2023-01-17T13:35:00.000Z' │ 100  │  0   │  0  │ Infinity │    0     │ 1037.1 │ 574.3 │  0  │ 0.2 │  200  │  760000   │   21700   │   82605000    │      │          │      │
│   29    │ 3.78 │ 3.78 │ 3.78 │ 3.78 │ 500  │ 1890000  │   47700   │  10000  │ 37800000 │ 180719000 │ 1673962800000 │ '2023-01-17T13:40:00.000Z' │  5   │  95  │  0  │   0.1    │    19    │ 1037.1 │ 574.3 │  0  │ 0.5 │ -9000 │ -34020000 │   12700   │   48585000    │ 9500 │ 35910000 │ 16.5 │
│   30    │ 3.78 │ 3.78 │ 3.78 │ 3.78 │      │          │   48100   │   400   │ 1512000  │ 182231000 │ 1673963700000 │ '2023-01-17T13:55:00.000Z' │  0   │ 100  │  0  │    0     │ Infinity │ 1037.1 │ 574.3 │  0  │     │ -400  │ -1512000  │   12300   │   47073000    │ 400  │ 1512000  │ 0.7  │
│   31    │ 3.76 │ 3.78 │ 3.76 │ 3.78 │      │          │   48300   │   200   │  754000  │ 182985000 │ 1673964000000 │ '2023-01-17T14:00:00.000Z' │  0   │ 100  │  0  │    0     │ Infinity │ 1037.1 │ 574.3 │  0  │     │ -200  │  -754000  │   12100   │   46319000    │ 200  │  754000  │ 0.3  │
│   32    │ 3.76 │ 3.76 │ 3.76 │ 3.76 │      │          │   48400   │   100   │  376000  │ 183361000 │ 1673964600000 │ '2023-01-17T14:10:00.000Z' │  0   │ 100  │  0  │    0     │ Infinity │ 1037.1 │ 574.3 │  0  │     │ -100  │  -376000  │   12000   │   45943000    │ 100  │  376000  │ 0.2  │
│   33    │ 3.76 │ 3.76 │ 3.76 │ 3.76 │      │          │   50300   │  1900   │ 7144000  │ 190505000 │ 1673965500000 │ '2023-01-17T14:25:00.000Z' │  0   │ 100  │  0  │    0     │ Infinity │ 1037.1 │ 574.3 │  0  │     │ -1900 │ -7144000  │   10100   │   38799000    │ 1900 │ 7144000  │ 3.3  │
│   34    │ 3.8  │ 3.8  │ 3.8  │ 3.8  │ 6100 │ 23180000 │   56400   │  6100   │ 23180000 │ 213685000 │ 1673966700000 │ '2023-01-17T14:45:00.000Z' │ 100  │  0   │  0  │ Infinity │    0     │ 1037.1 │ 574.3 │  0  │ 5.9 │ 6100  │ 23180000  │   16200   │   61979000    │      │          │      │
└─────────┴──────┴──────┴──────┴──────┴──────┴──────────┴───────────┴─────────┴──────────┴───────────┴───────────────┴────────────────────────────┴──────┴──────┴─────┴──────────┴──────────┴────────┴───────┴─────┴─────┴───────┴───────────┴───────────┴───────────────┴──────┴──────────┴──────┘

