┌─────────┬─────┬─────┬─────┬─────┬───────┬──────────┬───────────┬─────────┬──────────┬───────────┬───────────────┬────────────────────────────┬──────┬──────┬─────┬──────────┬──────────┬───────┬────────┬─────┬──────┬────────┬───────────┬───────────┬───────────────┬──────┬─────────┬─────┐
│ (index) │  c  │  h  │  l  │  o  │  sd   │  val_sd  │ total_vol │ sum_vol │   val    │ acum_val  │   datetime    │            date            │ pbu  │ psd  │ puk │    bs    │    sb    │  abu  │  asd   │ auk │ rsd  │ bu-sd  │ bu-sd_val │ acum_busd │ acum_busd_val │  bu  │ val_bu  │ rbu │
├─────────┼─────┼─────┼─────┼─────┼───────┼──────────┼───────────┼─────────┼──────────┼───────────┼───────────────┼────────────────────────────┼──────┼──────┼─────┼──────────┼──────────┼───────┼────────┼─────┼──────┼────────┼───────────┼───────────┼───────────────┼──────┼─────────┼─────┤
│    0    │ 1.5 │ 1.5 │ 1.5 │ 1.5 │  100  │  150000  │    100    │   100   │  150000  │  150000   │ 1673946900000 │ '2023-01-17T09:15:00.000Z' │  0   │ 100  │  0  │    0     │ Infinity │ 271.4 │ 3971.4 │  0  │  0   │  -100  │  -150000  │   -100    │    -150000    │      │         │     │
│    1    │ 1.6 │ 1.6 │ 1.6 │ 1.6 │       │          │    300    │   200   │  320000  │  470000   │ 1673947200000 │ '2023-01-17T09:20:00.000Z' │ 100  │  0   │  0  │ Infinity │    0     │ 271.4 │ 3971.4 │  0  │      │  200   │  320000   │    100    │    170000     │ 200  │ 320000  │ 0.7 │
│    2    │ 1.5 │ 1.5 │ 1.5 │ 1.5 │ 1000  │ 1500000  │   1300    │  1000   │ 1500000  │  1970000  │ 1673947800000 │ '2023-01-17T09:30:00.000Z' │  0   │ 100  │  0  │    0     │ Infinity │ 271.4 │ 3971.4 │  0  │ 0.3  │ -1000  │ -1500000  │   -900    │   -1330000    │      │         │     │
│    3    │ 1.5 │ 1.5 │ 1.5 │ 1.5 │ 3000  │ 4500000  │   4300    │  3000   │ 4500000  │  6470000  │ 1673948100000 │ '2023-01-17T09:35:00.000Z' │  0   │ 100  │  0  │    0     │ Infinity │ 271.4 │ 3971.4 │  0  │ 0.8  │ -3000  │ -4500000  │   -3900   │   -5830000    │      │         │     │
│    4    │ 1.5 │ 1.5 │ 1.5 │ 1.5 │  600  │  900000  │   4900    │   600   │  900000  │  7370000  │ 1673948700000 │ '2023-01-17T09:45:00.000Z' │  0   │ 100  │  0  │    0     │ Infinity │ 271.4 │ 3971.4 │  0  │ 0.2  │  -600  │  -900000  │   -4500   │   -6730000    │      │         │     │
│    5    │ 1.5 │ 1.5 │ 1.5 │ 1.5 │  600  │  900000  │   5500    │   600   │  900000  │  8270000  │ 1673949000000 │ '2023-01-17T09:50:00.000Z' │  0   │ 100  │  0  │    0     │ Infinity │ 271.4 │ 3971.4 │  0  │ 0.2  │  -600  │  -900000  │   -5100   │   -7630000    │      │         │     │
│    6    │ 1.6 │ 1.6 │ 1.6 │ 1.6 │       │          │   7700    │  2200   │ 3520000  │ 11790000  │ 1673949300000 │ '2023-01-17T09:55:00.000Z' │ 100  │  0   │  0  │ Infinity │    0     │ 271.4 │ 3971.4 │  0  │      │  2200  │  3520000  │   -2900   │   -4110000    │ 2200 │ 3520000 │ 8.1 │
│    7    │ 1.6 │ 1.6 │ 1.6 │ 1.6 │       │          │   7900    │   200   │  320000  │ 12110000  │ 1673949600000 │ '2023-01-17T10:00:00.000Z' │ 100  │  0   │  0  │ Infinity │    0     │ 271.4 │ 3971.4 │  0  │      │  200   │  320000   │   -2700   │   -3790000    │ 200  │ 320000  │ 0.7 │
│    8    │ 1.6 │ 1.6 │ 1.6 │ 1.6 │       │          │   8100    │   200   │  320000  │ 12430000  │ 1673949900000 │ '2023-01-17T10:05:00.000Z' │ 100  │  0   │  0  │ Infinity │    0     │ 271.4 │ 3971.4 │  0  │      │  200   │  320000   │   -2500   │   -3470000    │ 200  │ 320000  │ 0.7 │
│    9    │ 1.6 │ 1.6 │ 1.6 │ 1.6 │       │          │   9100    │  1000   │ 1600000  │ 14030000  │ 1673950500000 │ '2023-01-17T10:15:00.000Z' │ 100  │  0   │  0  │ Infinity │    0     │ 271.4 │ 3971.4 │  0  │      │  1000  │  1600000  │   -1500   │   -1870000    │ 1000 │ 1600000 │ 3.7 │
│   10    │ 1.5 │ 1.5 │ 1.5 │ 1.5 │ 1700  │ 2550000  │   10800   │  1700   │ 2550000  │ 16580000  │ 1673951400000 │ '2023-01-17T10:30:00.000Z' │  0   │ 100  │  0  │    0     │ Infinity │ 271.4 │ 3971.4 │  0  │ 0.4  │ -1700  │ -2550000  │   -3200   │   -4420000    │      │         │     │
│   11    │ 1.5 │ 1.5 │ 1.5 │ 1.5 │ 10000 │ 15000000 │   20800   │  10000  │ 15000000 │ 31580000  │ 1673951700000 │ '2023-01-17T10:35:00.000Z' │  0   │ 100  │  0  │    0     │ Infinity │ 271.4 │ 3971.4 │  0  │ 2.5  │ -10000 │ -15000000 │  -13200   │   -19420000   │      │         │     │
│   12    │ 1.6 │ 1.6 │ 1.6 │ 1.6 │       │          │   20900   │   100   │  160000  │ 31740000  │ 1673952300000 │ '2023-01-17T10:45:00.000Z' │ 100  │  0   │  0  │ Infinity │    0     │ 271.4 │ 3971.4 │  0  │      │  100   │  160000   │  -13100   │   -19260000   │ 100  │ 160000  │ 0.4 │
│   13    │ 1.5 │ 1.5 │ 1.5 │ 1.5 │ 21000 │ 31500000 │   41900   │  21000  │ 31500000 │ 63240000  │ 1673953500000 │ '2023-01-17T11:05:00.000Z' │  0   │ 100  │  0  │    0     │ Infinity │ 271.4 │ 3971.4 │  0  │ 5.3  │ -21000 │ -31500000 │  -34100   │   -50760000   │      │         │     │
│   14    │ 1.5 │ 1.5 │ 1.5 │ 1.5 │ 20000 │ 30000000 │   61900   │  20000  │ 30000000 │ 93240000  │ 1673953800000 │ '2023-01-17T11:10:00.000Z' │  0   │ 100  │  0  │    0     │ Infinity │ 271.4 │ 3971.4 │  0  │  5   │ -20000 │ -30000000 │  -54100   │   -80760000   │      │         │     │
│   15    │ 1.5 │ 1.5 │ 1.5 │ 1.5 │  100  │  150000  │   62000   │   100   │  150000  │ 93390000  │ 1673954100000 │ '2023-01-17T11:15:00.000Z' │  0   │ 100  │  0  │    0     │ Infinity │ 271.4 │ 3971.4 │  0  │  0   │  -100  │  -150000  │  -54200   │   -80910000   │      │         │     │
│   16    │ 1.5 │ 1.5 │ 1.5 │ 1.5 │ 41600 │ 62400000 │  103600   │  41600  │ 62400000 │ 155790000 │ 1673960400000 │ '2023-01-17T13:00:00.000Z' │  0   │ 100  │  0  │    0     │ Infinity │ 271.4 │ 3971.4 │  0  │ 10.5 │ -41600 │ -62400000 │  -95800   │  -143310000   │      │         │     │
│   17    │ 1.5 │ 1.5 │ 1.5 │ 1.5 │  400  │  600000  │  104000   │   400   │  600000  │ 156390000 │ 1673960700000 │ '2023-01-17T13:05:00.000Z' │  0   │ 100  │  0  │    0     │ Infinity │ 271.4 │ 3971.4 │  0  │ 0.1  │  -400  │  -600000  │  -96200   │  -143910000   │      │         │     │
│   18    │ 1.6 │ 1.6 │ 1.5 │ 1.6 │  500  │  750000  │  104700   │   700   │ 1070000  │ 157460000 │ 1673961000000 │ '2023-01-17T13:10:00.000Z' │ 28.6 │ 71.4 │  0  │   0.4    │   2.5    │ 271.4 │ 3971.4 │  0  │ 0.1  │  -300  │  -430000  │  -96500   │  -144340000   │ 200  │ 320000  │ 0.7 │
│   19    │ 1.5 │ 1.5 │ 1.5 │ 1.5 │  400  │  600000  │  105100   │   400   │  600000  │ 158060000 │ 1673961900000 │ '2023-01-17T13:25:00.000Z' │  0   │ 100  │  0  │    0     │ Infinity │ 271.4 │ 3971.4 │  0  │ 0.1  │  -400  │  -600000  │  -96900   │  -144940000   │      │         │     │
│   20    │ 1.5 │ 1.5 │ 1.5 │ 1.5 │  600  │  900000  │  105700   │   600   │  900000  │ 158960000 │ 1673962200000 │ '2023-01-17T13:30:00.000Z' │  0   │ 100  │  0  │    0     │ Infinity │ 271.4 │ 3971.4 │  0  │ 0.2  │  -600  │  -900000  │  -97500   │  -145840000   │      │         │     │
├─────────┼─────┼─────┼─────┼─────┼───────┼──────────┼───────────┼─────────┼──────────┼───────────┼───────────────┼────────────────────────────┼──────┼──────┼─────┼──────────┼──────────┼───────┼────────┼─────┼──────┼────────┼───────────┼───────────┼───────────────┼──────┼─────────┼─────┤
│ (index) │  c  │  h  │  l  │  o  │  sd   │  val_sd  │ total_vol │ sum_vol │   val    │ acum_val  │   datetime    │            date            │ pbu  │ psd  │ puk │    bs    │    sb    │  abu  │  asd   │ auk │ rsd  │ bu-sd  │ bu-sd_val │ acum_busd │ acum_busd_val │  bu  │ val_bu  │ rbu │
├─────────┼─────┼─────┼─────┼─────┼───────┼──────────┼───────────┼─────────┼──────────┼───────────┼───────────────┼────────────────────────────┼──────┼──────┼─────┼──────────┼──────────┼───────┼────────┼─────┼──────┼────────┼───────────┼───────────┼───────────────┼──────┼─────────┼─────┤
│   21    │ 1.6 │ 1.6 │ 1.6 │ 1.6 │       │          │  105900   │   200   │  320000  │ 159280000 │ 1673962500000 │ '2023-01-17T13:35:00.000Z' │ 100  │  0   │  0  │ Infinity │    0     │ 271.4 │ 3971.4 │  0  │      │  200   │  320000   │  -97300   │  -145520000   │ 200  │ 320000  │ 0.7 │
│   22    │ 1.6 │ 1.6 │ 1.6 │ 1.6 │       │          │  106500   │   600   │  960000  │ 160240000 │ 1673963700000 │ '2023-01-17T13:55:00.000Z' │ 100  │  0   │  0  │ Infinity │    0     │ 271.4 │ 3971.4 │  0  │      │  600   │  960000   │  -96700   │  -144560000   │ 600  │ 960000  │ 2.2 │
│   23    │ 1.5 │ 1.5 │ 1.5 │ 1.5 │ 8100  │ 12150000 │  114600   │  8100   │ 12150000 │ 172390000 │ 1673964000000 │ '2023-01-17T14:00:00.000Z' │  0   │ 100  │  0  │    0     │ Infinity │ 271.4 │ 3971.4 │  0  │  2   │ -8100  │ -12150000 │  -104800  │  -156710000   │      │         │     │
│   24    │ 1.5 │ 1.5 │ 1.5 │ 1.5 │ 1400  │ 2100000  │  116000   │  1400   │ 2100000  │ 174490000 │ 1673965200000 │ '2023-01-17T14:20:00.000Z' │  0   │ 100  │  0  │    0     │ Infinity │ 271.4 │ 3971.4 │  0  │ 0.4  │ -1400  │ -2100000  │  -106200  │  -158810000   │      │         │     │
│   25    │ 1.5 │ 1.5 │ 1.5 │ 1.5 │  100  │  150000  │  116100   │   100   │  150000  │ 174640000 │ 1673965800000 │ '2023-01-17T14:30:00.000Z' │  0   │ 100  │  0  │    0     │ Infinity │ 271.4 │ 3971.4 │  0  │  0   │  -100  │  -150000  │  -106300  │  -158960000   │      │         │     │
│   26    │ 1.6 │ 1.6 │ 1.6 │ 1.6 │       │          │  116300   │   200   │  320000  │ 174960000 │ 1673966100000 │ '2023-01-17T14:35:00.000Z' │ 100  │  0   │  0  │ Infinity │    0     │ 271.4 │ 3971.4 │  0  │      │  200   │  320000   │  -106100  │  -158640000   │ 200  │ 320000  │ 0.7 │
│   27    │ 1.6 │ 1.6 │ 1.6 │ 1.6 │       │          │  118800   │  2500   │ 4000000  │ 178960000 │ 1673966700000 │ '2023-01-17T14:45:00.000Z' │ 100  │  0   │  0  │ Infinity │    0     │ 271.4 │ 3971.4 │  0  │      │  2500  │  4000000  │  -103600  │  -154640000   │ 2500 │ 4000000 │ 9.2 │
└─────────┴─────┴─────┴─────┴─────┴───────┴──────────┴───────────┴─────────┴──────────┴───────────┴───────────────┴────────────────────────────┴──────┴──────┴─────┴──────────┴──────────┴───────┴────────┴─────┴──────┴────────┴───────────┴───────────┴───────────────┴──────┴─────────┴─────┘

