┌─────────┬──────┬──────┬──────┬──────┬───────┬───────────┬───────────┬─────────┬───────────┬───────────┬───────────────┬────────────────────────────┬──────┬─────┬─────┬──────────┬──────────┬──────┬───────┬─────┬──────┬────────┬───────────┬───────────┬───────────────┬───────┬──────────┬─────┐
│ (index) │  c   │  h   │  l   │  o   │  bu   │  val_bu   │ total_vol │ sum_vol │    val    │ acum_val  │   datetime    │            date            │ pbu  │ psd │ puk │    bs    │    sb    │ abu  │  asd  │ auk │ rbu  │ bu-sd  │ bu-sd_val │ acum_busd │ acum_busd_val │  sd   │  val_sd  │ rsd │
├─────────┼──────┼──────┼──────┼──────┼───────┼───────────┼───────────┼─────────┼───────────┼───────────┼───────────────┼────────────────────────────┼──────┼─────┼─────┼──────────┼──────────┼──────┼───────┼─────┼──────┼────────┼───────────┼───────────┼───────────────┼───────┼──────────┼─────┤
│    0    │ 3.85 │ 3.85 │ 3.85 │ 3.85 │  100  │  385000   │    100    │   100   │  385000   │  385000   │ 1673946900000 │ '2023-01-17T09:15:00.000Z' │ 100  │  0  │  0  │ Infinity │    0     │ 3950 │ 732.4 │  0  │  0   │  100   │  385000   │    100    │    385000     │       │          │     │
│    1    │ 3.8  │ 3.8  │ 3.8  │ 3.8  │ 2200  │  8360000  │   2300    │  2200   │  8360000  │  8745000  │ 1673947500000 │ '2023-01-17T09:25:00.000Z' │ 100  │  0  │  0  │ Infinity │    0     │ 3950 │ 732.4 │  0  │ 0.6  │  2200  │  8360000  │   2300    │    8745000    │       │          │     │
│    2    │ 3.85 │ 3.85 │ 3.85 │ 3.85 │  100  │  385000   │   2400    │   100   │  385000   │  9130000  │ 1673947800000 │ '2023-01-17T09:30:00.000Z' │ 100  │  0  │  0  │ Infinity │    0     │ 3950 │ 732.4 │  0  │  0   │  100   │  385000   │   2400    │    9130000    │       │          │     │
│    3    │ 3.85 │ 3.85 │ 3.85 │ 3.85 │ 2600  │ 10010000  │   5000    │  2600   │ 10010000  │ 19140000  │ 1673948100000 │ '2023-01-17T09:35:00.000Z' │ 100  │  0  │  0  │ Infinity │    0     │ 3950 │ 732.4 │  0  │ 0.7  │  2600  │ 10010000  │   5000    │   19140000    │       │          │     │
│    4    │ 3.85 │ 3.85 │ 3.85 │ 3.85 │ 3000  │ 11550000  │   8000    │  3000   │ 11550000  │ 30690000  │ 1673949000000 │ '2023-01-17T09:50:00.000Z' │ 100  │  0  │  0  │ Infinity │    0     │ 3950 │ 732.4 │  0  │ 0.8  │  3000  │ 11550000  │   8000    │   30690000    │       │          │     │
│    5    │ 3.85 │ 3.85 │ 3.85 │ 3.85 │ 1900  │  7315000  │   9900    │  1900   │  7315000  │ 38005000  │ 1673949600000 │ '2023-01-17T10:00:00.000Z' │ 100  │  0  │  0  │ Infinity │    0     │ 3950 │ 732.4 │  0  │ 0.5  │  1900  │  7315000  │   9900    │   38005000    │       │          │     │
│    6    │ 3.85 │ 3.85 │ 3.85 │ 3.85 │ 2300  │  8855000  │   12200   │  2300   │  8855000  │ 46860000  │ 1673950200000 │ '2023-01-17T10:10:00.000Z' │ 100  │  0  │  0  │ Infinity │    0     │ 3950 │ 732.4 │  0  │ 0.6  │  2300  │  8855000  │   12200   │   46860000    │       │          │     │
│    7    │ 3.84 │ 3.84 │ 3.84 │ 3.84 │       │           │   14300   │  2100   │  8064000  │ 54924000  │ 1673950500000 │ '2023-01-17T10:15:00.000Z' │  0   │ 100 │  0  │    0     │ Infinity │ 3950 │ 732.4 │  0  │      │ -2100  │ -8064000  │   10100   │   38796000    │ 2100  │ 8064000  │ 2.9 │
│    8    │ 3.84 │ 3.84 │ 3.84 │ 3.84 │       │           │   14700   │   400   │  1536000  │ 56460000  │ 1673950800000 │ '2023-01-17T10:20:00.000Z' │  0   │ 100 │  0  │    0     │ Infinity │ 3950 │ 732.4 │  0  │      │  -400  │ -1536000  │   9700    │   37260000    │  400  │ 1536000  │ 0.5 │
│    9    │ 3.84 │ 3.84 │ 3.84 │ 3.84 │       │           │   14900   │   200   │  768000   │ 57228000  │ 1673951100000 │ '2023-01-17T10:25:00.000Z' │  0   │ 100 │  0  │    0     │ Infinity │ 3950 │ 732.4 │  0  │      │  -200  │  -768000  │   9500    │   36492000    │  200  │  768000  │ 0.3 │
│   10    │ 3.84 │ 3.84 │ 3.84 │ 3.84 │       │           │   18200   │  3300   │ 12672000  │ 69900000  │ 1673951400000 │ '2023-01-17T10:30:00.000Z' │  0   │ 100 │  0  │    0     │ Infinity │ 3950 │ 732.4 │  0  │      │ -3300  │ -12672000 │   6200    │   23820000    │ 3300  │ 12672000 │ 4.5 │
│   11    │ 3.84 │ 3.84 │ 3.84 │ 3.84 │  600  │  2304000  │   19200   │  1000   │  3840000  │ 73740000  │ 1673952000000 │ '2023-01-17T10:40:00.000Z' │  60  │ 40  │  0  │   1.5    │   0.7    │ 3950 │ 732.4 │  0  │ 0.2  │  200   │  768000   │   6400    │   24588000    │  400  │ 1536000  │ 0.5 │
│   12    │ 3.84 │ 3.84 │ 3.84 │ 3.84 │       │           │   19400   │   200   │  768000   │ 74508000  │ 1673952600000 │ '2023-01-17T10:50:00.000Z' │  0   │ 100 │  0  │    0     │ Infinity │ 3950 │ 732.4 │  0  │      │  -200  │  -768000  │   6200    │   23820000    │  200  │  768000  │ 0.3 │
│   13    │ 3.85 │ 3.85 │ 3.85 │ 3.85 │ 1000  │  3850000  │   20400   │  1000   │  3850000  │ 78358000  │ 1673952900000 │ '2023-01-17T10:55:00.000Z' │ 100  │  0  │  0  │ Infinity │    0     │ 3950 │ 732.4 │  0  │ 0.3  │  1000  │  3850000  │   7200    │   27670000    │       │          │     │
│   14    │ 3.85 │ 3.85 │ 3.85 │ 3.85 │ 5200  │ 20020000  │   25600   │  5200   │ 20020000  │ 98378000  │ 1673953500000 │ '2023-01-17T11:05:00.000Z' │ 100  │  0  │  0  │ Infinity │    0     │ 3950 │ 732.4 │  0  │ 1.3  │  5200  │ 20020000  │   12400   │   47690000    │       │          │     │
│   15    │ 3.85 │ 3.85 │ 3.85 │ 3.85 │  200  │  770000   │   25800   │   200   │  770000   │ 99148000  │ 1673954100000 │ '2023-01-17T11:15:00.000Z' │ 100  │  0  │  0  │ Infinity │    0     │ 3950 │ 732.4 │  0  │ 0.1  │  200   │  770000   │   12600   │   48460000    │       │          │     │
│   16    │ 3.8  │ 3.84 │ 3.8  │ 3.84 │       │           │   36800   │  11000  │ 42107000  │ 141255000 │ 1673954400000 │ '2023-01-17T11:20:00.000Z' │  0   │ 100 │  0  │    0     │ Infinity │ 3950 │ 732.4 │  0  │      │ -11000 │ -42107000 │   1600    │    6353000    │ 11000 │ 42107000 │ 15  │
│   17    │ 3.72 │ 3.72 │ 3.72 │ 3.72 │       │           │   36900   │   100   │  372000   │ 141627000 │ 1673954700000 │ '2023-01-17T11:25:00.000Z' │  0   │ 100 │  0  │    0     │ Infinity │ 3950 │ 732.4 │  0  │      │  -100  │  -372000  │   1500    │    5981000    │  100  │  372000  │ 0.1 │
│   18    │ 3.73 │ 3.73 │ 3.73 │ 3.73 │  300  │  1119000  │   37200   │   300   │  1119000  │ 142746000 │ 1673960400000 │ '2023-01-17T13:00:00.000Z' │ 100  │  0  │  0  │ Infinity │    0     │ 3950 │ 732.4 │  0  │ 0.1  │  300   │  1119000  │   1800    │    7100000    │       │          │     │
│   19    │ 3.74 │ 3.76 │ 3.74 │ 3.76 │       │           │   40600   │  3400   │ 12731000  │ 155477000 │ 1673960700000 │ '2023-01-17T13:05:00.000Z' │  0   │ 100 │  0  │    0     │ Infinity │ 3950 │ 732.4 │  0  │      │ -3400  │ -12731000 │   -1600   │   -5631000    │ 3400  │ 12731000 │ 4.6 │
│   20    │ 3.76 │ 3.76 │ 3.76 │ 3.76 │       │           │   40900   │   300   │  1128000  │ 156605000 │ 1673961300000 │ '2023-01-17T13:15:00.000Z' │  0   │ 100 │  0  │    0     │ Infinity │ 3950 │ 732.4 │  0  │      │  -300  │ -1128000  │   -1900   │   -6759000    │  300  │ 1128000  │ 0.4 │
├─────────┼──────┼──────┼──────┼──────┼───────┼───────────┼───────────┼─────────┼───────────┼───────────┼───────────────┼────────────────────────────┼──────┼─────┼─────┼──────────┼──────────┼──────┼───────┼─────┼──────┼────────┼───────────┼───────────┼───────────────┼───────┼──────────┼─────┤
│ (index) │  c   │  h   │  l   │  o   │  bu   │  val_bu   │ total_vol │ sum_vol │    val    │ acum_val  │   datetime    │            date            │ pbu  │ psd │ puk │    bs    │    sb    │ abu  │  asd  │ auk │ rbu  │ bu-sd  │ bu-sd_val │ acum_busd │ acum_busd_val │  sd   │  val_sd  │ rsd │
├─────────┼──────┼──────┼──────┼──────┼───────┼───────────┼───────────┼─────────┼───────────┼───────────┼───────────────┼────────────────────────────┼──────┼─────┼─────┼──────────┼──────────┼──────┼───────┼─────┼──────┼────────┼───────────┼───────────┼───────────────┼───────┼──────────┼─────┤
│   21    │ 3.83 │ 3.83 │ 3.83 │ 3.83 │  100  │  383000   │   41000   │   100   │  383000   │ 156988000 │ 1673961900000 │ '2023-01-17T13:25:00.000Z' │ 100  │  0  │  0  │ Infinity │    0     │ 3950 │ 732.4 │  0  │  0   │  100   │  383000   │   -1800   │   -6376000    │       │          │     │
│   22    │ 3.82 │ 3.82 │ 3.82 │ 3.82 │       │           │   43000   │  2000   │  7640000  │ 164628000 │ 1673962200000 │ '2023-01-17T13:30:00.000Z' │  0   │ 100 │  0  │    0     │ Infinity │ 3950 │ 732.4 │  0  │      │ -2000  │ -7640000  │   -3800   │   -14016000   │ 2000  │ 7640000  │ 2.7 │
│   23    │ 3.83 │ 3.83 │ 3.83 │ 3.83 │ 20800 │ 79664000  │   63800   │  20800  │ 79664000  │ 244292000 │ 1673962500000 │ '2023-01-17T13:35:00.000Z' │ 100  │  0  │  0  │ Infinity │    0     │ 3950 │ 732.4 │  0  │ 5.3  │ 20800  │ 79664000  │   17000   │   65648000    │       │          │     │
│   24    │ 3.85 │ 3.85 │ 3.83 │ 3.83 │ 11200 │ 43118000  │   75000   │  11200  │ 43118000  │ 287410000 │ 1673962800000 │ '2023-01-17T13:40:00.000Z' │ 100  │  0  │  0  │ Infinity │    0     │ 3950 │ 732.4 │  0  │ 2.8  │ 11200  │ 43118000  │   28200   │   108766000   │       │          │     │
│   25    │ 3.87 │ 3.87 │ 3.85 │ 3.86 │ 6000  │ 23166000  │   81500   │  6500   │ 25092000  │ 312502000 │ 1673963100000 │ '2023-01-17T13:45:00.000Z' │ 92.3 │ 7.7 │  0  │    12    │   0.1    │ 3950 │ 732.4 │  0  │ 1.5  │  5500  │ 21240000  │   33700   │   130006000   │  500  │ 1926000  │ 0.7 │
│   26    │ 3.86 │ 3.86 │ 3.86 │ 3.86 │ 2000  │  7720000  │   83600   │  2100   │  8106000  │ 320608000 │ 1673963400000 │ '2023-01-17T13:50:00.000Z' │ 95.2 │ 4.8 │  0  │    20    │   0.1    │ 3950 │ 732.4 │  0  │ 0.5  │  1900  │  7334000  │   35600   │   137340000   │  100  │  386000  │ 0.1 │
│   27    │ 3.86 │ 3.86 │ 3.86 │ 3.86 │       │           │   84000   │   400   │  1544000  │ 322152000 │ 1673963700000 │ '2023-01-17T13:55:00.000Z' │  0   │ 100 │  0  │    0     │ Infinity │ 3950 │ 732.4 │  0  │      │  -400  │ -1544000  │   35200   │   135796000   │  400  │ 1544000  │ 0.5 │
│   28    │ 3.86 │ 3.86 │ 3.86 │ 3.86 │ 16500 │ 63690000  │  100500   │  16500  │ 63690000  │ 385842000 │ 1673964000000 │ '2023-01-17T14:00:00.000Z' │ 100  │  0  │  0  │ Infinity │    0     │ 3950 │ 732.4 │  0  │ 4.2  │ 16500  │ 63690000  │   51700   │   199486000   │       │          │     │
│   29    │ 3.86 │ 3.86 │ 3.86 │ 3.86 │  600  │  2316000  │  101100   │   600   │  2316000  │ 388158000 │ 1673964300000 │ '2023-01-17T14:05:00.000Z' │ 100  │  0  │  0  │ Infinity │    0     │ 3950 │ 732.4 │  0  │ 0.2  │  600   │  2316000  │   52300   │   201802000   │       │          │     │
│   30    │ 3.87 │ 3.87 │ 3.87 │ 3.87 │  100  │  387000   │  101200   │   100   │  387000   │ 388545000 │ 1673964600000 │ '2023-01-17T14:10:00.000Z' │ 100  │  0  │  0  │ Infinity │    0     │ 3950 │ 732.4 │  0  │  0   │  100   │  387000   │   52400   │   202189000   │       │          │     │
│   31    │ 3.88 │ 3.88 │ 3.87 │ 3.87 │ 2800  │ 10846000  │  104000   │  2800   │ 10846000  │ 399391000 │ 1673964900000 │ '2023-01-17T14:15:00.000Z' │ 100  │  0  │  0  │ Infinity │    0     │ 3950 │ 732.4 │  0  │ 0.7  │  2800  │ 10846000  │   55200   │   213035000   │       │          │     │
│   32    │ 3.87 │ 3.87 │ 3.87 │ 3.87 │       │           │  104500   │   500   │  1935000  │ 401326000 │ 1673965500000 │ '2023-01-17T14:25:00.000Z' │  0   │ 100 │  0  │    0     │ Infinity │ 3950 │ 732.4 │  0  │      │  -500  │ -1935000  │   54700   │   211100000   │  500  │ 1935000  │ 0.7 │
│   33    │ 3.87 │ 3.87 │ 3.87 │ 3.87 │ 54700 │ 211689000 │  159200   │  54700  │ 211689000 │ 613015000 │ 1673966700000 │ '2023-01-17T14:45:00.000Z' │ 100  │  0  │  0  │ Infinity │    0     │ 3950 │ 732.4 │  0  │ 13.8 │ 54700  │ 211689000 │  109400   │   422789000   │       │          │     │
└─────────┴──────┴──────┴──────┴──────┴───────┴───────────┴───────────┴─────────┴───────────┴───────────┴───────────────┴────────────────────────────┴──────┴─────┴─────┴──────────┴──────────┴──────┴───────┴─────┴──────┴────────┴───────────┴───────────┴───────────────┴───────┴──────────┴─────┘

