┌─────────┬─────┬─────┬─────┬─────┬───────┬───────────┬───────────┬─────────┬───────────┬───────────┬───────────────┬────────────────────────────┬──────┬──────┬─────┬──────────┬──────────┬────────┬────────┬─────┬──────┬────────┬───────────┬───────────┬───────────────┬───────┬──────────┬──────┐
│ (index) │  c  │  h  │  l  │  o  │  bu   │  val_bu   │ total_vol │ sum_vol │    val    │ acum_val  │   datetime    │            date            │ pbu  │ psd  │ puk │    bs    │    sb    │  abu   │  asd   │ auk │ rbu  │ bu-sd  │ bu-sd_val │ acum_busd │ acum_busd_val │  sd   │  val_sd  │ rsd  │
├─────────┼─────┼─────┼─────┼─────┼───────┼───────────┼───────────┼─────────┼───────────┼───────────┼───────────────┼────────────────────────────┼──────┼──────┼─────┼──────────┼──────────┼────────┼────────┼─────┼──────┼────────┼───────────┼───────────┼───────────────┼───────┼──────────┼──────┤
│    0    │ 2.5 │ 2.5 │ 2.5 │ 2.5 │  800  │  2000000  │    800    │   800   │  2000000  │  2000000  │ 1673946000000 │ '2023-01-17T09:00:00.000Z' │ 100  │  0   │  0  │ Infinity │    0     │ 4763.6 │ 3372.7 │  0  │ 0.2  │  800   │  2000000  │    800    │    2000000    │       │          │      │
│    1    │ 2.5 │ 2.5 │ 2.5 │ 2.5 │ 2000  │  5000000  │   2800    │  2000   │  5000000  │  7000000  │ 1673946300000 │ '2023-01-17T09:05:00.000Z' │ 100  │  0   │  0  │ Infinity │    0     │ 4763.6 │ 3372.7 │  0  │ 0.4  │  2000  │  5000000  │   2800    │    7000000    │       │          │      │
│    2    │ 2.5 │ 2.5 │ 2.5 │ 2.5 │  600  │  1500000  │   3400    │   600   │  1500000  │  8500000  │ 1673946900000 │ '2023-01-17T09:15:00.000Z' │ 100  │  0   │  0  │ Infinity │    0     │ 4763.6 │ 3372.7 │  0  │ 0.1  │  600   │  1500000  │   3400    │    8500000    │       │          │      │
│    3    │ 2.5 │ 2.5 │ 2.4 │ 2.4 │  100  │  250000   │   9500    │  6100   │ 14650000  │ 23150000  │ 1673947200000 │ '2023-01-17T09:20:00.000Z' │ 1.6  │ 98.4 │  0  │    0     │    60    │ 4763.6 │ 3372.7 │  0  │  0   │ -5900  │ -14150000 │   -2500   │   -5650000    │ 6000  │ 14400000 │ 1.8  │
│    4    │ 2.4 │ 2.4 │ 2.4 │ 2.4 │ 36300 │ 87120000  │   56500   │  47000  │ 112800000 │ 135950000 │ 1673947500000 │ '2023-01-17T09:25:00.000Z' │ 77.2 │ 22.8 │  0  │   3.4    │   0.3    │ 4763.6 │ 3372.7 │  0  │ 7.6  │ 25600  │ 61440000  │   23100   │   55790000    │ 10700 │ 25680000 │ 3.2  │
│    5    │ 2.5 │ 2.5 │ 2.4 │ 2.4 │  100  │  250000   │   63600   │  7100   │ 17050000  │ 153000000 │ 1673947800000 │ '2023-01-17T09:30:00.000Z' │ 1.4  │ 98.6 │  0  │    0     │    70    │ 4763.6 │ 3372.7 │  0  │  0   │ -6900  │ -16550000 │   16200   │   39240000    │ 7000  │ 16800000 │ 2.1  │
│    6    │ 2.5 │ 2.5 │ 2.5 │ 2.5 │ 1000  │  2500000  │   64600   │  1000   │  2500000  │ 155500000 │ 1673949000000 │ '2023-01-17T09:50:00.000Z' │ 100  │  0   │  0  │ Infinity │    0     │ 4763.6 │ 3372.7 │  0  │ 0.2  │  1000  │  2500000  │   17200   │   41740000    │       │          │      │
│    7    │ 2.5 │ 2.5 │ 2.4 │ 2.4 │  100  │  250000   │   64800   │   200   │  490000   │ 155990000 │ 1673949600000 │ '2023-01-17T10:00:00.000Z' │  50  │  50  │  0  │    1     │    1     │ 4763.6 │ 3372.7 │  0  │  0   │   0    │   10000   │   17200   │   41750000    │  100  │  240000  │  0   │
│    8    │ 2.5 │ 2.5 │ 2.5 │ 2.5 │ 3700  │  9250000  │   68500   │  3700   │  9250000  │ 165240000 │ 1673950500000 │ '2023-01-17T10:15:00.000Z' │ 100  │  0   │  0  │ Infinity │    0     │ 4763.6 │ 3372.7 │  0  │ 0.8  │  3700  │  9250000  │   20900   │   51000000    │       │          │      │
│    9    │ 2.5 │ 2.5 │ 2.5 │ 2.5 │  100  │  250000   │   68600   │   100   │  250000   │ 165490000 │ 1673951100000 │ '2023-01-17T10:25:00.000Z' │ 100  │  0   │  0  │ Infinity │    0     │ 4763.6 │ 3372.7 │  0  │  0   │  100   │  250000   │   21000   │   51250000    │       │          │      │
│   10    │ 2.5 │ 2.5 │ 2.5 │ 2.5 │ 1000  │  2500000  │   69600   │  1000   │  2500000  │ 167990000 │ 1673952600000 │ '2023-01-17T10:50:00.000Z' │ 100  │  0   │  0  │ Infinity │    0     │ 4763.6 │ 3372.7 │  0  │ 0.2  │  1000  │  2500000  │   22000   │   53750000    │       │          │      │
│   11    │ 2.6 │ 2.6 │ 2.5 │ 2.5 │ 58300 │ 145760000 │  127900   │  58300  │ 145760000 │ 313750000 │ 1673953800000 │ '2023-01-17T11:10:00.000Z' │ 100  │  0   │  0  │ Infinity │    0     │ 4763.6 │ 3372.7 │  0  │ 12.2 │ 58300  │ 145760000 │   80300   │   199510000   │       │          │      │
│   12    │ 2.5 │ 2.5 │ 2.5 │ 2.5 │       │           │  128900   │  1000   │  2500000  │ 316250000 │ 1673960400000 │ '2023-01-17T13:00:00.000Z' │  0   │ 100  │  0  │    0     │ Infinity │ 4763.6 │ 3372.7 │  0  │      │ -1000  │ -2500000  │   79300   │   197010000   │ 1000  │ 2500000  │ 0.3  │
│   13    │ 2.5 │ 2.5 │ 2.5 │ 2.5 │       │           │  163200   │  34300  │ 85750000  │ 402000000 │ 1673961600000 │ '2023-01-17T13:20:00.000Z' │  0   │ 100  │  0  │    0     │ Infinity │ 4763.6 │ 3372.7 │  0  │      │ -34300 │ -85750000 │   45000   │   111260000   │ 34300 │ 85750000 │ 10.2 │
│   14    │ 2.5 │ 2.5 │ 2.5 │ 2.5 │       │           │  163900   │   700   │  1750000  │ 403750000 │ 1673962200000 │ '2023-01-17T13:30:00.000Z' │  0   │ 100  │  0  │    0     │ Infinity │ 4763.6 │ 3372.7 │  0  │      │  -700  │ -1750000  │   44300   │   109510000   │  700  │ 1750000  │ 0.2  │
│   15    │ 2.5 │ 2.5 │ 2.5 │ 2.5 │       │           │  167600   │  3700   │  9250000  │ 413000000 │ 1673963100000 │ '2023-01-17T13:45:00.000Z' │  0   │ 100  │  0  │    0     │ Infinity │ 4763.6 │ 3372.7 │  0  │      │ -3700  │ -9250000  │   40600   │   100260000   │ 3700  │ 9250000  │ 1.1  │
│   16    │ 2.5 │ 2.5 │ 2.5 │ 2.5 │       │           │  170600   │  3000   │  7500000  │ 420500000 │ 1673963400000 │ '2023-01-17T13:50:00.000Z' │  0   │ 100  │  0  │    0     │ Infinity │ 4763.6 │ 3372.7 │  0  │      │ -3000  │ -7500000  │   37600   │   92760000    │ 3000  │ 7500000  │ 0.9  │
│   17    │ 2.6 │ 2.6 │ 2.6 │ 2.6 │  100  │  260000   │  170700   │   100   │  260000   │ 420760000 │ 1673963700000 │ '2023-01-17T13:55:00.000Z' │ 100  │  0   │  0  │ Infinity │    0     │ 4763.6 │ 3372.7 │  0  │  0   │  100   │  260000   │   37700   │   93020000    │       │          │      │
│   18    │ 2.5 │ 2.5 │ 2.5 │ 2.5 │       │           │  174200   │  3500   │  8750000  │ 429510000 │ 1673964300000 │ '2023-01-17T14:05:00.000Z' │  0   │ 100  │  0  │    0     │ Infinity │ 4763.6 │ 3372.7 │  0  │      │ -3500  │ -8750000  │   34200   │   84270000    │ 3500  │ 8750000  │  1   │
│   19    │ 2.5 │ 2.5 │ 2.5 │ 2.5 │       │           │  174400   │   200   │  500000   │ 430010000 │ 1673965200000 │ '2023-01-17T14:20:00.000Z' │  0   │ 100  │  0  │    0     │ Infinity │ 4763.6 │ 3372.7 │  0  │      │  -200  │  -500000  │   34000   │   83770000    │  200  │  500000  │ 0.1  │
│   20    │ 2.5 │ 2.5 │ 2.5 │ 2.5 │       │           │  178400   │  4000   │ 10000000  │ 440010000 │ 1673965500000 │ '2023-01-17T14:25:00.000Z' │  0   │ 100  │  0  │    0     │ Infinity │ 4763.6 │ 3372.7 │  0  │      │ -4000  │ -10000000 │   30000   │   73770000    │ 4000  │ 10000000 │ 1.2  │
├─────────┼─────┼─────┼─────┼─────┼───────┼───────────┼───────────┼─────────┼───────────┼───────────┼───────────────┼────────────────────────────┼──────┼──────┼─────┼──────────┼──────────┼────────┼────────┼─────┼──────┼────────┼───────────┼───────────┼───────────────┼───────┼──────────┼──────┤
│ (index) │  c  │  h  │  l  │  o  │  bu   │  val_bu   │ total_vol │ sum_vol │    val    │ acum_val  │   datetime    │            date            │ pbu  │ psd  │ puk │    bs    │    sb    │  abu   │  asd   │ auk │ rbu  │ bu-sd  │ bu-sd_val │ acum_busd │ acum_busd_val │  sd   │  val_sd  │ rsd  │
├─────────┼─────┼─────┼─────┼─────┼───────┼───────────┼───────────┼─────────┼───────────┼───────────┼───────────────┼────────────────────────────┼──────┼──────┼─────┼──────────┼──────────┼────────┼────────┼─────┼──────┼────────┼───────────┼───────────┼───────────────┼───────┼──────────┼──────┤
│   21    │ 2.6 │ 2.6 │ 2.6 │ 2.6 │  600  │  1560000  │  179000   │   600   │  1560000  │ 441570000 │ 1673966700000 │ '2023-01-17T14:45:00.000Z' │ 100  │  0   │  0  │ Infinity │    0     │ 4763.6 │ 3372.7 │  0  │ 0.1  │  600   │  1560000  │   30600   │   75330000    │       │          │      │
└─────────┴─────┴─────┴─────┴─────┴───────┴───────────┴───────────┴─────────┴───────────┴───────────┴───────────────┴────────────────────────────┴──────┴──────┴─────┴──────────┴──────────┴────────┴────────┴─────┴──────┴────────┴───────────┴───────────┴───────────────┴───────┴──────────┴──────┘

