┌─────────┬──────┬──────┬──────┬──────┬──────┬───────────┬───────────┬─────────┬───────────┬────────────┬───────────────┬────────────────────────────┬──────┬──────┬─────┬──────────┬──────────┬──────┬───────┬─────┬─────┬───────┬────────────┬───────────┬───────────────┬──────┬───────────┬─────┐
│ (index) │  c   │  h   │  l   │  o   │  bu  │  val_bu   │ total_vol │ sum_vol │    val    │  acum_val  │   datetime    │            date            │ pbu  │ psd  │ puk │    bs    │    sb    │ abu  │  asd  │ auk │ rbu │ bu-sd │ bu-sd_val  │ acum_busd │ acum_busd_val │  sd  │  val_sd   │ rsd │
├─────────┼──────┼──────┼──────┼──────┼──────┼───────────┼───────────┼─────────┼───────────┼────────────┼───────────────┼────────────────────────────┼──────┼──────┼─────┼──────────┼──────────┼──────┼───────┼─────┼─────┼───────┼────────────┼───────────┼───────────────┼──────┼───────────┼─────┤
│    0    │ 64.5 │ 64.5 │ 64.5 │ 64.5 │ 500  │ 32250000  │    500    │   500   │ 32250000  │  32250000  │ 1673946720000 │ '2023-01-17T09:12:00.000Z' │ 100  │  0   │  0  │ Infinity │    0     │ 1397 │ 327.3 │  0  │ 0.4 │  500  │  32250000  │    500    │   32250000    │      │           │     │
│    1    │  64  │  64  │  64  │  64  │      │           │   1200    │   700   │ 44800000  │  77050000  │ 1673946840000 │ '2023-01-17T09:14:00.000Z' │  0   │ 100  │  0  │    0     │ Infinity │ 1397 │ 327.3 │  0  │     │ -700  │ -44800000  │   -200    │   -12550000   │ 700  │ 44800000  │ 2.1 │
│    2    │ 63.7 │ 63.7 │ 63.7 │ 63.7 │ 2000 │ 127400000 │   3200    │  2000   │ 127400000 │ 204450000  │ 1673946960000 │ '2023-01-17T09:16:00.000Z' │ 100  │  0   │  0  │ Infinity │    0     │ 1397 │ 327.3 │  0  │ 1.4 │ 2000  │ 127400000  │   1800    │   114850000   │      │           │     │
│    3    │ 63.7 │ 63.7 │ 63.7 │ 63.7 │ 6000 │ 382200000 │   9200    │  6000   │ 382200000 │ 586650000  │ 1673948640000 │ '2023-01-17T09:44:00.000Z' │ 100  │  0   │  0  │ Infinity │    0     │ 1397 │ 327.3 │  0  │ 4.3 │ 6000  │ 382200000  │   7800    │   497050000   │      │           │     │
│    4    │ 63.7 │ 63.7 │ 63.7 │ 63.7 │ 1500 │ 95550000  │   10700   │  1500   │ 95550000  │ 682200000  │ 1673949720000 │ '2023-01-17T10:02:00.000Z' │ 100  │  0   │  0  │ Infinity │    0     │ 1397 │ 327.3 │  0  │ 1.1 │ 1500  │  95550000  │   9300    │   592600000   │      │           │     │
│    5    │ 63.6 │ 63.6 │ 63.6 │ 63.6 │      │           │   10900   │   200   │ 12720000  │ 694920000  │ 1673950560000 │ '2023-01-17T10:16:00.000Z' │  0   │ 100  │  0  │    0     │ Infinity │ 1397 │ 327.3 │  0  │     │ -200  │ -12720000  │   9100    │   579880000   │ 200  │ 12720000  │ 0.6 │
│    6    │ 63.7 │ 63.7 │ 63.7 │ 63.7 │ 3000 │ 191100000 │   13900   │  3000   │ 191100000 │ 886020000  │ 1673950680000 │ '2023-01-17T10:18:00.000Z' │ 100  │  0   │  0  │ Infinity │    0     │ 1397 │ 327.3 │  0  │ 2.1 │ 3000  │ 191100000  │   12100   │   770980000   │      │           │     │
│    7    │ 63.8 │ 63.8 │ 63.7 │ 63.7 │ 500  │ 31900000  │   16100   │  2200   │ 140190000 │ 1026210000 │ 1673950920000 │ '2023-01-17T10:22:00.000Z' │ 22.7 │ 77.3 │  0  │   0.3    │   3.4    │ 1397 │ 327.3 │  0  │ 0.4 │ -1200 │ -76390000  │   10900   │   694590000   │ 1700 │ 108290000 │ 5.2 │
│    8    │ 63.7 │ 63.7 │ 63.7 │ 63.7 │ 300  │ 19110000  │   16400   │   300   │ 19110000  │ 1045320000 │ 1673951400000 │ '2023-01-17T10:30:00.000Z' │ 100  │  0   │  0  │ Infinity │    0     │ 1397 │ 327.3 │  0  │ 0.2 │  300  │  19110000  │   11200   │   713700000   │      │           │     │
│    9    │ 63.7 │ 63.7 │ 63.7 │ 63.7 │ 2200 │ 140140000 │   18600   │  2200   │ 140140000 │ 1185460000 │ 1673951640000 │ '2023-01-17T10:34:00.000Z' │ 100  │  0   │  0  │ Infinity │    0     │ 1397 │ 327.3 │  0  │ 1.6 │ 2200  │ 140140000  │   13400   │   853840000   │      │           │     │
│   10    │ 63.7 │ 63.7 │ 63.7 │ 63.7 │ 3000 │ 191100000 │   21900   │  3300   │ 210210000 │ 1395670000 │ 1673951880000 │ '2023-01-17T10:38:00.000Z' │ 90.9 │ 9.1  │  0  │    10    │   0.1    │ 1397 │ 327.3 │  0  │ 2.1 │ 2700  │ 171990000  │   16100   │  1025830000   │ 300  │ 19110000  │ 0.9 │
│   11    │ 63.3 │ 63.3 │ 63.3 │ 63.3 │      │           │   24000   │  2100   │ 132930000 │ 1528600000 │ 1673952360000 │ '2023-01-17T10:46:00.000Z' │  0   │ 100  │  0  │    0     │ Infinity │ 1397 │ 327.3 │  0  │     │ -2100 │ -132930000 │   14000   │   892900000   │ 2100 │ 132930000 │ 6.4 │
│   12    │ 63.3 │ 63.3 │ 63.3 │ 63.3 │      │           │   24400   │   400   │ 25320000  │ 1553920000 │ 1673952480000 │ '2023-01-17T10:48:00.000Z' │  0   │ 100  │  0  │    0     │ Infinity │ 1397 │ 327.3 │  0  │     │ -400  │ -25320000  │   13600   │   867580000   │ 400  │ 25320000  │ 1.2 │
│   13    │ 63.6 │ 63.6 │ 63.6 │ 63.6 │ 2500 │ 159000000 │   26900   │  2500   │ 159000000 │ 1712920000 │ 1673952720000 │ '2023-01-17T10:52:00.000Z' │ 100  │  0   │  0  │ Infinity │    0     │ 1397 │ 327.3 │  0  │ 1.8 │ 2500  │ 159000000  │   16100   │  1026580000   │      │           │     │
│   14    │ 63.5 │ 63.5 │ 63.5 │ 63.5 │      │           │   27200   │   300   │ 19050000  │ 1731970000 │ 1673952960000 │ '2023-01-17T10:56:00.000Z' │  0   │ 100  │  0  │    0     │ Infinity │ 1397 │ 327.3 │  0  │     │ -300  │ -19050000  │   15800   │  1007530000   │ 300  │ 19050000  │ 0.9 │
│   15    │ 63.4 │ 63.4 │ 63.4 │ 63.4 │      │           │   27400   │   200   │ 12680000  │ 1744650000 │ 1673953200000 │ '2023-01-17T11:00:00.000Z' │  0   │ 100  │  0  │    0     │ Infinity │ 1397 │ 327.3 │  0  │     │ -200  │ -12680000  │   15600   │   994850000   │ 200  │ 12680000  │ 0.6 │
│   16    │ 63.4 │ 63.4 │ 63.4 │ 63.4 │ 1500 │ 95100000  │   28900   │  1500   │ 95100000  │ 1839750000 │ 1673953320000 │ '2023-01-17T11:02:00.000Z' │ 100  │  0   │  0  │ Infinity │    0     │ 1397 │ 327.3 │  0  │ 1.1 │ 1500  │  95100000  │   17100   │  1089950000   │      │           │     │
│   17    │ 63.4 │ 63.4 │ 63.4 │ 63.4 │ 1500 │ 95100000  │   30400   │  1500   │ 95100000  │ 1934850000 │ 1673954280000 │ '2023-01-17T11:18:00.000Z' │ 100  │  0   │  0  │ Infinity │    0     │ 1397 │ 327.3 │  0  │ 1.1 │ 1500  │  95100000  │   18600   │  1185050000   │      │           │     │
│   18    │ 63.4 │ 63.4 │ 63.4 │ 63.4 │ 1000 │ 63400000  │   31400   │  1000   │ 63400000  │ 1998250000 │ 1673954880000 │ '2023-01-17T11:28:00.000Z' │ 100  │  0   │  0  │ Infinity │    0     │ 1397 │ 327.3 │  0  │ 0.7 │ 1000  │  63400000  │   19600   │  1248450000   │      │           │     │
│   19    │ 63.4 │ 63.4 │ 63.4 │ 63.4 │ 2500 │ 158500000 │   33900   │  2500   │ 158500000 │ 2156750000 │ 1673960640000 │ '2023-01-17T13:04:00.000Z' │ 100  │  0   │  0  │ Infinity │    0     │ 1397 │ 327.3 │  0  │ 1.8 │ 2500  │ 158500000  │   22100   │  1406950000   │      │           │     │
│   20    │ 63.4 │ 63.4 │ 63.4 │ 63.4 │ 1000 │ 63400000  │   34900   │  1000   │ 63400000  │ 2220150000 │ 1673960880000 │ '2023-01-17T13:08:00.000Z' │ 100  │  0   │  0  │ Infinity │    0     │ 1397 │ 327.3 │  0  │ 0.7 │ 1000  │  63400000  │   23100   │  1470350000   │      │           │     │
├─────────┼──────┼──────┼──────┼──────┼──────┼───────────┼───────────┼─────────┼───────────┼────────────┼───────────────┼────────────────────────────┼──────┼──────┼─────┼──────────┼──────────┼──────┼───────┼─────┼─────┼───────┼────────────┼───────────┼───────────────┼──────┼───────────┼─────┤
│ (index) │  c   │  h   │  l   │  o   │  bu  │  val_bu   │ total_vol │ sum_vol │    val    │  acum_val  │   datetime    │            date            │ pbu  │ psd  │ puk │    bs    │    sb    │ abu  │  asd  │ auk │ rbu │ bu-sd │ bu-sd_val  │ acum_busd │ acum_busd_val │  sd  │  val_sd   │ rsd │
├─────────┼──────┼──────┼──────┼──────┼──────┼───────────┼───────────┼─────────┼───────────┼────────────┼───────────────┼────────────────────────────┼──────┼──────┼─────┼──────────┼──────────┼──────┼───────┼─────┼─────┼───────┼────────────┼───────────┼───────────────┼──────┼───────────┼─────┤
│   21    │ 63.4 │ 63.4 │ 63.4 │ 63.4 │ 2000 │ 126800000 │   36900   │  2000   │ 126800000 │ 2346950000 │ 1673961000000 │ '2023-01-17T13:10:00.000Z' │ 100  │  0   │  0  │ Infinity │    0     │ 1397 │ 327.3 │  0  │ 1.4 │ 2000  │ 126800000  │   25100   │  1597150000   │      │           │     │
│   22    │ 63.4 │ 63.4 │ 63.4 │ 63.4 │ 1500 │ 95100000  │   38400   │  1500   │ 95100000  │ 2442050000 │ 1673961240000 │ '2023-01-17T13:14:00.000Z' │ 100  │  0   │  0  │ Infinity │    0     │ 1397 │ 327.3 │  0  │ 1.1 │ 1500  │  95100000  │   26600   │  1692250000   │      │           │     │
│   23    │ 63.4 │ 63.4 │ 63.4 │ 63.4 │ 2500 │ 158500000 │   40900   │  2500   │ 158500000 │ 2600550000 │ 1673961840000 │ '2023-01-17T13:24:00.000Z' │ 100  │  0   │  0  │ Infinity │    0     │ 1397 │ 327.3 │  0  │ 1.8 │ 2500  │ 158500000  │   29100   │  1850750000   │      │           │     │
│   24    │ 63.4 │ 63.4 │ 63.4 │ 63.4 │ 500  │ 31700000  │   41400   │   500   │ 31700000  │ 2632250000 │ 1673962200000 │ '2023-01-17T13:30:00.000Z' │ 100  │  0   │  0  │ Infinity │    0     │ 1397 │ 327.3 │  0  │ 0.4 │  500  │  31700000  │   29600   │  1882450000   │      │           │     │
│   25    │ 63.4 │ 63.4 │ 63.4 │ 63.4 │ 2500 │ 158500000 │   43900   │  2500   │ 158500000 │ 2790750000 │ 1673962320000 │ '2023-01-17T13:32:00.000Z' │ 100  │  0   │  0  │ Infinity │    0     │ 1397 │ 327.3 │  0  │ 1.8 │ 2500  │ 158500000  │   32100   │  2040950000   │      │           │     │
│   26    │ 63.3 │ 63.3 │ 63.3 │ 63.3 │ 100  │  6330000  │   44000   │   100   │  6330000  │ 2797080000 │ 1673962920000 │ '2023-01-17T13:42:00.000Z' │ 100  │  0   │  0  │ Infinity │    0     │ 1397 │ 327.3 │  0  │ 0.1 │  100  │  6330000   │   32200   │  2047280000   │      │           │     │
│   27    │ 63.3 │ 63.3 │ 63.3 │ 63.3 │ 1000 │ 63300000  │   46400   │  2400   │ 151920000 │ 2949000000 │ 1673963280000 │ '2023-01-17T13:48:00.000Z' │ 41.7 │ 58.3 │  0  │   0.7    │   1.4    │ 1397 │ 327.3 │  0  │ 0.7 │ -400  │ -25320000  │   31800   │  2021960000   │ 1400 │ 88620000  │ 4.3 │
│   28    │ 63.4 │ 63.4 │ 63.4 │ 63.4 │ 1000 │ 63400000  │   48900   │  2500   │ 158500000 │ 3107500000 │ 1673963880000 │ '2023-01-17T13:58:00.000Z' │  40  │  60  │  0  │   0.7    │   1.5    │ 1397 │ 327.3 │  0  │ 0.7 │ -500  │ -31700000  │   31300   │  1990260000   │ 1500 │ 95100000  │ 4.6 │
│   29    │ 63.3 │ 63.3 │ 63.3 │ 63.3 │      │           │   49000   │   100   │  6330000  │ 3113830000 │ 1673964000000 │ '2023-01-17T14:00:00.000Z' │  0   │ 100  │  0  │    0     │ Infinity │ 1397 │ 327.3 │  0  │     │ -100  │  -6330000  │   31200   │  1983930000   │ 100  │  6330000  │ 0.3 │
│   30    │ 63.3 │ 63.3 │ 63.3 │ 63.3 │ 1000 │ 63300000  │   50000   │  1000   │ 63300000  │ 3177130000 │ 1673964360000 │ '2023-01-17T14:06:00.000Z' │ 100  │  0   │  0  │ Infinity │    0     │ 1397 │ 327.3 │  0  │ 0.7 │ 1000  │  63300000  │   32200   │  2047230000   │      │           │     │
│   31    │ 63.3 │ 63.3 │ 63.3 │ 63.3 │ 5000 │ 316500000 │   55000   │  5000   │ 316500000 │ 3493630000 │ 1673964480000 │ '2023-01-17T14:08:00.000Z' │ 100  │  0   │  0  │ Infinity │    0     │ 1397 │ 327.3 │  0  │ 3.6 │ 5000  │ 316500000  │   37200   │  2363730000   │      │           │     │
│   32    │  63  │  63  │  63  │  63  │      │           │   56900   │  1900   │ 119700000 │ 3613330000 │ 1673964960000 │ '2023-01-17T14:16:00.000Z' │  0   │ 100  │  0  │    0     │ Infinity │ 1397 │ 327.3 │  0  │     │ -1900 │ -119700000 │   35300   │  2244030000   │ 1900 │ 119700000 │ 5.8 │
└─────────┴──────┴──────┴──────┴──────┴──────┴───────────┴───────────┴─────────┴───────────┴────────────┴───────────────┴────────────────────────────┴──────┴──────┴─────┴──────────┴──────────┴──────┴───────┴─────┴─────┴───────┴────────────┴───────────┴───────────────┴──────┴───────────┴─────┘

