┌─────────┬─────┬─────┬─────┬─────┬───────┬──────────┬───────────┬─────────┬──────────┬───────────┬───────────────┬────────────────────────────┬──────┬──────┬─────┬──────────┬──────────┬────────┬───────┬─────┬──────┬────────┬───────────┬───────────┬───────────────┬───────┬──────────┬──────┐
│ (index) │  c  │  h  │  l  │  o  │  bu   │  val_bu  │ total_vol │ sum_vol │   val    │ acum_val  │   datetime    │            date            │ pbu  │ psd  │ puk │    bs    │    sb    │  abu   │  asd  │ auk │ rbu  │ bu-sd  │ bu-sd_val │ acum_busd │ acum_busd_val │  sd   │  val_sd  │ rsd  │
├─────────┼─────┼─────┼─────┼─────┼───────┼──────────┼───────────┼─────────┼──────────┼───────────┼───────────────┼────────────────────────────┼──────┼──────┼─────┼──────────┼──────────┼────────┼───────┼─────┼──────┼────────┼───────────┼───────────┼───────────────┼───────┼──────────┼──────┤
│    0    │ 1.9 │ 1.9 │ 1.9 │ 1.9 │  100  │  190000  │    100    │   100   │  190000  │  190000   │ 1673946600000 │ '2023-01-17T09:10:00.000Z' │ 100  │  0   │  0  │ Infinity │    0     │ 2111.1 │ 844.4 │  0  │  0   │  100   │  190000   │    100    │    190000     │       │          │      │
│    1    │ 1.9 │ 1.9 │ 1.9 │ 1.9 │ 2000  │ 3800000  │   2100    │  2000   │ 3800000  │  3990000  │ 1673947080000 │ '2023-01-17T09:18:00.000Z' │ 100  │  0   │  0  │ Infinity │    0     │ 2111.1 │ 844.4 │  0  │ 0.9  │  2000  │  3800000  │   2100    │    3990000    │       │          │      │
│    2    │ 1.9 │ 1.9 │ 1.8 │ 1.8 │ 6000  │ 11400000 │   8200    │  6100   │ 11580000 │ 15570000  │ 1673947200000 │ '2023-01-17T09:20:00.000Z' │ 98.4 │ 1.6  │  0  │    60    │    0     │ 2111.1 │ 844.4 │  0  │ 2.8  │  5900  │ 11220000  │   8000    │   15210000    │  100  │  180000  │ 0.1  │
│    3    │ 1.9 │ 1.9 │ 1.9 │ 1.9 │ 2200  │ 4180000  │   10400   │  2200   │ 4180000  │ 19750000  │ 1673947320000 │ '2023-01-17T09:22:00.000Z' │ 100  │  0   │  0  │ Infinity │    0     │ 2111.1 │ 844.4 │  0  │  1   │  2200  │  4180000  │   10200   │   19390000    │       │          │      │
│    4    │ 1.8 │ 1.8 │ 1.8 │ 1.8 │       │          │   10500   │   100   │  180000  │ 19930000  │ 1673947440000 │ '2023-01-17T09:24:00.000Z' │  0   │ 100  │  0  │    0     │ Infinity │ 2111.1 │ 844.4 │  0  │      │  -100  │  -180000  │   10100   │   19210000    │  100  │  180000  │ 0.1  │
│    5    │ 1.9 │ 1.9 │ 1.9 │ 1.9 │  100  │  190000  │   10600   │   100   │  190000  │ 20120000  │ 1673947560000 │ '2023-01-17T09:26:00.000Z' │ 100  │  0   │  0  │ Infinity │    0     │ 2111.1 │ 844.4 │  0  │  0   │  100   │  190000   │   10200   │   19400000    │       │          │      │
│    6    │ 1.8 │ 1.8 │ 1.8 │ 1.8 │       │          │   10700   │   100   │  180000  │ 20300000  │ 1673947800000 │ '2023-01-17T09:30:00.000Z' │  0   │ 100  │  0  │    0     │ Infinity │ 2111.1 │ 844.4 │  0  │      │  -100  │  -180000  │   10100   │   19220000    │  100  │  180000  │ 0.1  │
│    7    │ 1.9 │ 1.9 │ 1.8 │ 1.9 │ 1100  │ 2090000  │   11900   │  1200   │ 2270000  │ 22570000  │ 1673947920000 │ '2023-01-17T09:32:00.000Z' │ 91.7 │ 8.3  │  0  │    11    │   0.1    │ 2111.1 │ 844.4 │  0  │ 0.5  │  1000  │  1910000  │   11100   │   21130000    │  100  │  180000  │ 0.1  │
│    8    │ 1.8 │ 1.8 │ 1.8 │ 1.8 │       │          │   12000   │   100   │  180000  │ 22750000  │ 1673948520000 │ '2023-01-17T09:42:00.000Z' │  0   │ 100  │  0  │    0     │ Infinity │ 2111.1 │ 844.4 │  0  │      │  -100  │  -180000  │   11000   │   20950000    │  100  │  180000  │ 0.1  │
│    9    │ 1.9 │ 1.9 │ 1.9 │ 1.9 │  100  │  190000  │   12100   │   100   │  190000  │ 22940000  │ 1673948640000 │ '2023-01-17T09:44:00.000Z' │ 100  │  0   │  0  │ Infinity │    0     │ 2111.1 │ 844.4 │  0  │  0   │  100   │  190000   │   11100   │   21140000    │       │          │      │
│   10    │ 1.9 │ 1.9 │ 1.8 │ 1.8 │  100  │  190000  │   12300   │   200   │  370000  │ 23310000  │ 1673949120000 │ '2023-01-17T09:52:00.000Z' │  50  │  50  │  0  │    1     │    1     │ 2111.1 │ 844.4 │  0  │  0   │   0    │   10000   │   11100   │   21150000    │  100  │  180000  │ 0.1  │
│   11    │ 1.9 │ 1.9 │ 1.9 │ 1.9 │  200  │  380000  │   12500   │   200   │  380000  │ 23690000  │ 1673949360000 │ '2023-01-17T09:56:00.000Z' │ 100  │  0   │  0  │ Infinity │    0     │ 2111.1 │ 844.4 │  0  │ 0.1  │  200   │  380000   │   11300   │   21530000    │       │          │      │
│   12    │ 1.8 │ 1.8 │ 1.8 │ 1.8 │       │          │   13000   │   500   │  900000  │ 24590000  │ 1673949840000 │ '2023-01-17T10:04:00.000Z' │  0   │ 100  │  0  │    0     │ Infinity │ 2111.1 │ 844.4 │  0  │      │  -500  │  -900000  │   10800   │   20630000    │  500  │  900000  │ 0.6  │
│   13    │ 1.9 │ 1.9 │ 1.9 │ 1.9 │  100  │  190000  │   13100   │   100   │  190000  │ 24780000  │ 1673949960000 │ '2023-01-17T10:06:00.000Z' │ 100  │  0   │  0  │ Infinity │    0     │ 2111.1 │ 844.4 │  0  │  0   │  100   │  190000   │   10900   │   20820000    │       │          │      │
│   14    │ 1.8 │ 1.8 │ 1.8 │ 1.8 │       │          │   13200   │   100   │  180000  │ 24960000  │ 1673950320000 │ '2023-01-17T10:12:00.000Z' │  0   │ 100  │  0  │    0     │ Infinity │ 2111.1 │ 844.4 │  0  │      │  -100  │  -180000  │   10800   │   20640000    │  100  │  180000  │ 0.1  │
│   15    │ 1.9 │ 1.9 │ 1.9 │ 1.9 │  100  │  190000  │   13300   │   100   │  190000  │ 25150000  │ 1673950440000 │ '2023-01-17T10:14:00.000Z' │ 100  │  0   │  0  │ Infinity │    0     │ 2111.1 │ 844.4 │  0  │  0   │  100   │  190000   │   10900   │   20830000    │       │          │      │
│   16    │ 1.8 │ 1.8 │ 1.8 │ 1.8 │       │          │   14300   │  1000   │ 1800000  │ 26950000  │ 1673951760000 │ '2023-01-17T10:36:00.000Z' │  0   │ 100  │  0  │    0     │ Infinity │ 2111.1 │ 844.4 │  0  │      │ -1000  │ -1800000  │   9900    │   19030000    │ 1000  │ 1800000  │ 1.2  │
│   17    │ 1.8 │ 1.8 │ 1.8 │ 1.8 │ 13500 │ 24300000 │   27800   │  13500  │ 24300000 │ 51250000  │ 1673953920000 │ '2023-01-17T11:12:00.000Z' │ 100  │  0   │  0  │ Infinity │    0     │ 2111.1 │ 844.4 │  0  │ 6.4  │ 13500  │ 24300000  │   23400   │   43330000    │       │          │      │
│   18    │ 1.7 │ 1.7 │ 1.7 │ 1.7 │       │          │   27900   │   100   │  170000  │ 51420000  │ 1673954040000 │ '2023-01-17T11:14:00.000Z' │  0   │ 100  │  0  │    0     │ Infinity │ 2111.1 │ 844.4 │  0  │      │  -100  │  -170000  │   23300   │   43160000    │  100  │  170000  │ 0.1  │
│   19    │ 1.8 │ 1.8 │ 1.8 │ 1.8 │ 7100  │ 12780000 │   35000   │  7100   │ 12780000 │ 64200000  │ 1673954160000 │ '2023-01-17T11:16:00.000Z' │ 100  │  0   │  0  │ Infinity │    0     │ 2111.1 │ 844.4 │  0  │ 3.4  │  7100  │ 12780000  │   30400   │   55940000    │       │          │      │
│   20    │ 1.8 │ 1.8 │ 1.8 │ 1.8 │  200  │  360000  │   35200   │   200   │  360000  │ 64560000  │ 1673954280000 │ '2023-01-17T11:18:00.000Z' │ 100  │  0   │  0  │ Infinity │    0     │ 2111.1 │ 844.4 │  0  │ 0.1  │  200   │  360000   │   30600   │   56300000    │       │          │      │
├─────────┼─────┼─────┼─────┼─────┼───────┼──────────┼───────────┼─────────┼──────────┼───────────┼───────────────┼────────────────────────────┼──────┼──────┼─────┼──────────┼──────────┼────────┼───────┼─────┼──────┼────────┼───────────┼───────────┼───────────────┼───────┼──────────┼──────┤
│ (index) │  c  │  h  │  l  │  o  │  bu   │  val_bu  │ total_vol │ sum_vol │   val    │ acum_val  │   datetime    │            date            │ pbu  │ psd  │ puk │    bs    │    sb    │  abu   │  asd  │ auk │ rbu  │ bu-sd  │ bu-sd_val │ acum_busd │ acum_busd_val │  sd   │  val_sd  │ rsd  │
├─────────┼─────┼─────┼─────┼─────┼───────┼──────────┼───────────┼─────────┼──────────┼───────────┼───────────────┼────────────────────────────┼──────┼──────┼─────┼──────────┼──────────┼────────┼───────┼─────┼──────┼────────┼───────────┼───────────┼───────────────┼───────┼──────────┼──────┤
│   21    │ 1.8 │ 1.8 │ 1.8 │ 1.8 │ 2000  │ 3600000  │   37200   │  2000   │ 3600000  │ 68160000  │ 1673954400000 │ '2023-01-17T11:20:00.000Z' │ 100  │  0   │  0  │ Infinity │    0     │ 2111.1 │ 844.4 │  0  │ 0.9  │  2000  │  3600000  │   32600   │   59900000    │       │          │      │
│   22    │ 1.8 │ 1.8 │ 1.8 │ 1.8 │  200  │  360000  │   37400   │   200   │  360000  │ 68520000  │ 1673954640000 │ '2023-01-17T11:24:00.000Z' │ 100  │  0   │  0  │ Infinity │    0     │ 2111.1 │ 844.4 │  0  │ 0.1  │  200   │  360000   │   32800   │   60260000    │       │          │      │
│   23    │ 1.8 │ 1.8 │ 1.8 │ 1.8 │  700  │ 1260000  │   38100   │   700   │ 1260000  │ 69780000  │ 1673960400000 │ '2023-01-17T13:00:00.000Z' │ 100  │  0   │  0  │ Infinity │    0     │ 2111.1 │ 844.4 │  0  │ 0.3  │  700   │  1260000  │   33500   │   61520000    │       │          │      │
│   24    │ 1.8 │ 1.8 │ 1.8 │ 1.8 │  100  │  180000  │   38200   │   100   │  180000  │ 69960000  │ 1673960880000 │ '2023-01-17T13:08:00.000Z' │ 100  │  0   │  0  │ Infinity │    0     │ 2111.1 │ 844.4 │  0  │  0   │  100   │  180000   │   33600   │   61700000    │       │          │      │
│   25    │ 1.8 │ 1.8 │ 1.8 │ 1.8 │  100  │  180000  │   38300   │   100   │  180000  │ 70140000  │ 1673961000000 │ '2023-01-17T13:10:00.000Z' │ 100  │  0   │  0  │ Infinity │    0     │ 2111.1 │ 844.4 │  0  │  0   │  100   │  180000   │   33700   │   61880000    │       │          │      │
│   26    │ 1.8 │ 1.8 │ 1.8 │ 1.8 │ 1000  │ 1800000  │   39300   │  1000   │ 1800000  │ 71940000  │ 1673962320000 │ '2023-01-17T13:32:00.000Z' │ 100  │  0   │  0  │ Infinity │    0     │ 2111.1 │ 844.4 │  0  │ 0.5  │  1000  │  1800000  │   34700   │   63680000    │       │          │      │
│   27    │ 1.8 │ 1.8 │ 1.8 │ 1.8 │  100  │  180000  │   39400   │   100   │  180000  │ 72120000  │ 1673962440000 │ '2023-01-17T13:34:00.000Z' │ 100  │  0   │  0  │ Infinity │    0     │ 2111.1 │ 844.4 │  0  │  0   │  100   │  180000   │   34800   │   63860000    │       │          │      │
│   28    │ 1.7 │ 1.7 │ 1.7 │ 1.7 │       │          │   40400   │  1000   │ 1700000  │ 73820000  │ 1673963400000 │ '2023-01-17T13:50:00.000Z' │  0   │ 100  │  0  │    0     │ Infinity │ 2111.1 │ 844.4 │  0  │      │ -1000  │ -1700000  │   33800   │   62160000    │ 1000  │ 1700000  │ 1.2  │
│   29    │ 1.7 │ 1.7 │ 1.7 │ 1.7 │       │          │   55400   │  15000  │ 25500000 │ 99320000  │ 1673963520000 │ '2023-01-17T13:52:00.000Z' │  0   │ 100  │  0  │    0     │ Infinity │ 2111.1 │ 844.4 │  0  │      │ -15000 │ -25500000 │   18800   │   36660000    │ 15000 │ 25500000 │ 17.8 │
│   30    │ 1.8 │ 1.8 │ 1.8 │ 1.8 │  100  │  180000  │   55500   │   100   │  180000  │ 99500000  │ 1673963760000 │ '2023-01-17T13:56:00.000Z' │ 100  │  0   │  0  │ Infinity │    0     │ 2111.1 │ 844.4 │  0  │  0   │  100   │  180000   │   18900   │   36840000    │       │          │      │
│   31    │ 1.8 │ 1.8 │ 1.7 │ 1.7 │  100  │  180000  │   56600   │  1100   │ 1880000  │ 101380000 │ 1673965080000 │ '2023-01-17T14:18:00.000Z' │ 9.1  │ 90.9 │  0  │   0.1    │    10    │ 2111.1 │ 844.4 │  0  │  0   │  -900  │ -1520000  │   18000   │   35320000    │ 1000  │ 1700000  │ 1.2  │
│   32    │ 1.8 │ 1.8 │ 1.8 │ 1.8 │ 32400 │ 58320000 │   89000   │  32400  │ 58320000 │ 159700000 │ 1673965200000 │ '2023-01-17T14:20:00.000Z' │ 100  │  0   │  0  │ Infinity │    0     │ 2111.1 │ 844.4 │  0  │ 15.3 │ 32400  │ 58320000  │   50400   │   93640000    │       │          │      │
│   33    │ 1.8 │ 1.8 │ 1.8 │ 1.8 │ 5400  │ 9720000  │   98400   │  9400   │ 16920000 │ 176620000 │ 1673965440000 │ '2023-01-17T14:24:00.000Z' │ 57.4 │ 42.6 │  0  │   1.4    │   0.7    │ 2111.1 │ 844.4 │  0  │ 2.6  │  1400  │  2520000  │   51800   │   96160000    │ 4000  │ 7200000  │ 4.7  │
│   34    │ 1.9 │ 1.9 │ 1.9 │ 1.9 │  900  │ 1710000  │   99300   │   900   │ 1710000  │ 178330000 │ 1673965560000 │ '2023-01-17T14:26:00.000Z' │ 100  │  0   │  0  │ Infinity │    0     │ 2111.1 │ 844.4 │  0  │ 0.4  │  900   │  1710000  │   52700   │   97870000    │       │          │      │
│   35    │ 1.8 │ 1.8 │ 1.8 │ 1.8 │       │          │  106400   │  7100   │ 12780000 │ 191110000 │ 1673966640000 │ '2023-01-17T14:44:00.000Z' │  0   │ 100  │  0  │    0     │ Infinity │ 2111.1 │ 844.4 │  0  │      │ -7100  │ -12780000 │   45600   │   85090000    │ 7100  │ 12780000 │ 8.4  │
└─────────┴─────┴─────┴─────┴─────┴───────┴──────────┴───────────┴─────────┴──────────┴───────────┴───────────────┴────────────────────────────┴──────┴──────┴─────┴──────────┴──────────┴────────┴───────┴─────┴──────┴────────┴───────────┴───────────┴───────────────┴───────┴──────────┴──────┘

