┌─────────┬─────┬─────┬─────┬─────┬──────┬─────────┬───────────┬─────────┬──────────┬──────────┬───────────────┬────────────────────────────┬─────┬─────┬─────┬──────────┬──────────┬───────┬────────┬─────┬──────┬────────┬───────────┬───────────┬───────────────┬───────┬──────────┬─────┐
│ (index) │  c  │  h  │  l  │  o  │  bu  │ val_bu  │ total_vol │ sum_vol │   val    │ acum_val │   datetime    │            date            │ pbu │ psd │ puk │    bs    │    sb    │  abu  │  asd   │ auk │ rbu  │ bu-sd  │ bu-sd_val │ acum_busd │ acum_busd_val │  sd   │  val_sd  │ rsd │
├─────────┼─────┼─────┼─────┼─────┼──────┼─────────┼───────────┼─────────┼──────────┼──────────┼───────────────┼────────────────────────────┼─────┼─────┼─────┼──────────┼──────────┼───────┼────────┼─────┼──────┼────────┼───────────┼───────────┼───────────────┼───────┼──────────┼─────┤
│    0    │ 1.7 │ 1.7 │ 1.7 │ 1.7 │ 3000 │ 5100000 │   3000    │  3000   │ 5100000  │ 5100000  │ 1673946960000 │ '2023-01-17T09:16:00.000Z' │ 100 │  0  │  0  │ Infinity │    0     │ 227.3 │ 2336.4 │  0  │ 13.2 │  3000  │  5100000  │   3000    │    5100000    │       │          │     │
│    1    │ 1.7 │ 1.7 │ 1.7 │ 1.7 │ 200  │ 340000  │   3200    │   200   │  340000  │ 5440000  │ 1673947320000 │ '2023-01-17T09:22:00.000Z' │ 100 │  0  │  0  │ Infinity │    0     │ 227.3 │ 2336.4 │  0  │ 0.9  │  200   │  340000   │   3200    │    5440000    │       │          │     │
│    2    │ 1.6 │ 1.6 │ 1.6 │ 1.6 │      │         │   4200    │  1000   │ 1600000  │ 7040000  │ 1673948280000 │ '2023-01-17T09:38:00.000Z' │  0  │ 100 │  0  │    0     │ Infinity │ 227.3 │ 2336.4 │  0  │      │ -1000  │ -1600000  │   2200    │    3840000    │ 1000  │ 1600000  │ 0.4 │
│    3    │ 1.6 │ 1.6 │ 1.6 │ 1.6 │      │         │   6300    │  2100   │ 3360000  │ 10400000 │ 1673948520000 │ '2023-01-17T09:42:00.000Z' │  0  │ 100 │  0  │    0     │ Infinity │ 227.3 │ 2336.4 │  0  │      │ -2100  │ -3360000  │    100    │    480000     │ 2100  │ 3360000  │ 0.9 │
│    4    │ 1.6 │ 1.6 │ 1.6 │ 1.6 │      │         │   11300   │  5000   │ 8000000  │ 18400000 │ 1673949720000 │ '2023-01-17T10:02:00.000Z' │  0  │ 100 │  0  │    0     │ Infinity │ 227.3 │ 2336.4 │  0  │      │ -5000  │ -8000000  │   -4900   │   -7520000    │ 5000  │ 8000000  │ 2.1 │
│    5    │ 1.6 │ 1.6 │ 1.6 │ 1.6 │      │         │   17800   │  6500   │ 10400000 │ 28800000 │ 1673950320000 │ '2023-01-17T10:12:00.000Z' │  0  │ 100 │  0  │    0     │ Infinity │ 227.3 │ 2336.4 │  0  │      │ -6500  │ -10400000 │  -11400   │   -17920000   │ 6500  │ 10400000 │ 2.8 │
│    6    │ 1.6 │ 1.6 │ 1.6 │ 1.6 │      │         │   37400   │  19600  │ 31360000 │ 60160000 │ 1673951880000 │ '2023-01-17T10:38:00.000Z' │  0  │ 100 │  0  │    0     │ Infinity │ 227.3 │ 2336.4 │  0  │      │ -19600 │ -31360000 │  -31000   │   -49280000   │ 19600 │ 31360000 │ 8.4 │
│    7    │ 1.6 │ 1.6 │ 1.6 │ 1.6 │      │         │   38400   │  1000   │ 1600000  │ 61760000 │ 1673954160000 │ '2023-01-17T11:16:00.000Z' │  0  │ 100 │  0  │    0     │ Infinity │ 227.3 │ 2336.4 │  0  │      │ -1000  │ -1600000  │  -32000   │   -50880000   │ 1000  │ 1600000  │ 0.4 │
│    8    │ 1.6 │ 1.6 │ 1.6 │ 1.6 │      │         │   41500   │  3100   │ 4960000  │ 66720000 │ 1673960400000 │ '2023-01-17T13:00:00.000Z' │  0  │ 100 │  0  │    0     │ Infinity │ 227.3 │ 2336.4 │  0  │      │ -3100  │ -4960000  │  -35100   │   -55840000   │ 3100  │ 4960000  │ 1.3 │
│    9    │ 1.6 │ 1.6 │ 1.6 │ 1.6 │      │         │   41600   │   100   │  160000  │ 66880000 │ 1673960760000 │ '2023-01-17T13:06:00.000Z' │  0  │ 100 │  0  │    0     │ Infinity │ 227.3 │ 2336.4 │  0  │      │  -100  │  -160000  │  -35200   │   -56000000   │  100  │  160000  │  0  │
│   10    │ 1.6 │ 1.6 │ 1.6 │ 1.6 │      │         │   42000   │   400   │  640000  │ 67520000 │ 1673960880000 │ '2023-01-17T13:08:00.000Z' │  0  │ 100 │  0  │    0     │ Infinity │ 227.3 │ 2336.4 │  0  │      │  -400  │  -640000  │  -35600   │   -56640000   │  400  │  640000  │ 0.2 │
│   11    │ 1.7 │ 1.7 │ 1.7 │ 1.7 │ 100  │ 170000  │   42100   │   100   │  170000  │ 67690000 │ 1673961480000 │ '2023-01-17T13:18:00.000Z' │ 100 │  0  │  0  │ Infinity │    0     │ 227.3 │ 2336.4 │  0  │ 0.4  │  100   │  170000   │  -35500   │   -56470000   │       │          │     │
│   12    │ 1.6 │ 1.6 │ 1.6 │ 1.6 │      │         │   45100   │  3000   │ 4800000  │ 72490000 │ 1673961840000 │ '2023-01-17T13:24:00.000Z' │  0  │ 100 │  0  │    0     │ Infinity │ 227.3 │ 2336.4 │  0  │      │ -3000  │ -4800000  │  -38500   │   -61270000   │ 3000  │ 4800000  │ 1.3 │
│   13    │ 1.6 │ 1.6 │ 1.6 │ 1.6 │      │         │   45900   │   800   │ 1280000  │ 73770000 │ 1673961960000 │ '2023-01-17T13:26:00.000Z' │  0  │ 100 │  0  │    0     │ Infinity │ 227.3 │ 2336.4 │  0  │      │  -800  │ -1280000  │  -39300   │   -62550000   │  800  │ 1280000  │ 0.3 │
│   14    │ 1.7 │ 1.7 │ 1.7 │ 1.7 │ 100  │ 170000  │   46000   │   100   │  170000  │ 73940000 │ 1673962560000 │ '2023-01-17T13:36:00.000Z' │ 100 │  0  │  0  │ Infinity │    0     │ 227.3 │ 2336.4 │  0  │ 0.4  │  100   │  170000   │  -39200   │   -62380000   │       │          │     │
│   15    │ 1.6 │ 1.6 │ 1.6 │ 1.6 │      │         │   46500   │   500   │  800000  │ 74740000 │ 1673962800000 │ '2023-01-17T13:40:00.000Z' │  0  │ 100 │  0  │    0     │ Infinity │ 227.3 │ 2336.4 │  0  │      │  -500  │  -800000  │  -39700   │   -63180000   │  500  │  800000  │ 0.2 │
│   16    │ 1.6 │ 1.6 │ 1.6 │ 1.6 │      │         │   46800   │   300   │  480000  │ 75220000 │ 1673963400000 │ '2023-01-17T13:50:00.000Z' │  0  │ 100 │  0  │    0     │ Infinity │ 227.3 │ 2336.4 │  0  │      │  -300  │  -480000  │  -40000   │   -63660000   │  300  │  480000  │ 0.1 │
│   17    │ 1.6 │ 1.6 │ 1.6 │ 1.6 │      │         │   51800   │  5000   │ 8000000  │ 83220000 │ 1673965080000 │ '2023-01-17T14:18:00.000Z' │  0  │ 100 │  0  │    0     │ Infinity │ 227.3 │ 2336.4 │  0  │      │ -5000  │ -8000000  │  -45000   │   -71660000   │ 5000  │ 8000000  │ 2.1 │
│   18    │ 1.6 │ 1.6 │ 1.6 │ 1.6 │      │         │   54600   │  2800   │ 4480000  │ 87700000 │ 1673965320000 │ '2023-01-17T14:22:00.000Z' │  0  │ 100 │  0  │    0     │ Infinity │ 227.3 │ 2336.4 │  0  │      │ -2800  │ -4480000  │  -47800   │   -76140000   │ 2800  │ 4480000  │ 1.2 │
│   19    │ 1.6 │ 1.6 │ 1.6 │ 1.6 │      │         │   54800   │   200   │  320000  │ 88020000 │ 1673965680000 │ '2023-01-17T14:28:00.000Z' │  0  │ 100 │  0  │    0     │ Infinity │ 227.3 │ 2336.4 │  0  │      │  -200  │  -320000  │  -48000   │   -76460000   │  200  │  320000  │ 0.1 │
│   20    │ 1.6 │ 1.6 │ 1.6 │ 1.6 │ 1300 │ 2080000 │   56100   │  1300   │ 2080000  │ 90100000 │ 1673966640000 │ '2023-01-17T14:44:00.000Z' │ 100 │  0  │  0  │ Infinity │    0     │ 227.3 │ 2336.4 │  0  │ 5.7  │  1300  │  2080000  │  -46700   │   -74380000   │       │          │     │
├─────────┼─────┼─────┼─────┼─────┼──────┼─────────┼───────────┼─────────┼──────────┼──────────┼───────────────┼────────────────────────────┼─────┼─────┼─────┼──────────┼──────────┼───────┼────────┼─────┼──────┼────────┼───────────┼───────────┼───────────────┼───────┼──────────┼─────┤
│ (index) │  c  │  h  │  l  │  o  │  bu  │ val_bu  │ total_vol │ sum_vol │   val    │ acum_val │   datetime    │            date            │ pbu │ psd │ puk │    bs    │    sb    │  abu  │  asd   │ auk │ rbu  │ bu-sd  │ bu-sd_val │ acum_busd │ acum_busd_val │  sd   │  val_sd  │ rsd │
├─────────┼─────┼─────┼─────┼─────┼──────┼─────────┼───────────┼─────────┼──────────┼──────────┼───────────────┼────────────────────────────┼─────┼─────┼─────┼──────────┼──────────┼───────┼────────┼─────┼──────┼────────┼───────────┼───────────┼───────────────┼───────┼──────────┼─────┤
│   21    │ 1.6 │ 1.6 │ 1.6 │ 1.6 │ 300  │ 480000  │   56400   │   300   │  480000  │ 90580000 │ 1673966880000 │ '2023-01-17T14:48:00.000Z' │ 100 │  0  │  0  │ Infinity │    0     │ 227.3 │ 2336.4 │  0  │ 1.3  │  300   │  480000   │  -46400   │   -73900000   │       │          │     │
└─────────┴─────┴─────┴─────┴─────┴──────┴─────────┴───────────┴─────────┴──────────┴──────────┴───────────────┴────────────────────────────┴─────┴─────┴─────┴──────────┴──────────┴───────┴────────┴─────┴──────┴────────┴───────────┴───────────┴───────────────┴───────┴──────────┴─────┘

