┌─────────┬─────┬─────┬─────┬─────┬──────┬──────────┬───────────┬─────────┬──────────┬───────────┬───────────────┬────────────────────────────┬─────┬─────┬─────┬──────────┬──────────┬───────┬───────┬─────┬─────┬───────┬───────────┬───────────┬───────────────┬──────┬──────────┬─────┐
│ (index) │  c  │  h  │  l  │  o  │  sd  │  val_sd  │ total_vol │ sum_vol │   val    │ acum_val  │   datetime    │            date            │ pbu │ psd │ puk │    bs    │    sb    │  abu  │  asd  │ auk │ rsd │ bu-sd │ bu-sd_val │ acum_busd │ acum_busd_val │  bu  │  val_bu  │ rbu │
├─────────┼─────┼─────┼─────┼─────┼──────┼──────────┼───────────┼─────────┼──────────┼───────────┼───────────────┼────────────────────────────┼─────┼─────┼─────┼──────────┼──────────┼───────┼───────┼─────┼─────┼───────┼───────────┼───────────┼───────────────┼──────┼──────────┼─────┤
│    0    │ 7.4 │ 7.4 │ 7.4 │ 7.4 │ 6000 │ 44400000 │   6000    │  6000   │ 44400000 │ 44400000  │ 1673946840000 │ '2023-01-17T09:14:00.000Z' │  0  │ 100 │  0  │    0     │ Infinity │ 920.8 │ 766.7 │  0  │ 7.8 │ -6000 │ -44400000 │   -6000   │   -44400000   │      │          │     │
│    1    │ 7.4 │ 7.4 │ 7.4 │ 7.4 │      │          │   6300    │   300   │ 2220000  │ 46620000  │ 1673948160000 │ '2023-01-17T09:36:00.000Z' │ 100 │  0  │  0  │ Infinity │    0     │ 920.8 │ 766.7 │  0  │     │  300  │  2220000  │   -5700   │   -42180000   │ 300  │ 2220000  │ 0.3 │
│    2    │ 7.4 │ 7.4 │ 7.4 │ 7.4 │      │          │   6700    │   400   │ 2960000  │ 49580000  │ 1673948280000 │ '2023-01-17T09:38:00.000Z' │ 100 │  0  │  0  │ Infinity │    0     │ 920.8 │ 766.7 │  0  │     │  400  │  2960000  │   -5300   │   -39220000   │ 400  │ 2960000  │ 0.4 │
│    3    │ 7.4 │ 7.4 │ 7.4 │ 7.4 │      │          │   7000    │   300   │ 2220000  │ 51800000  │ 1673948400000 │ '2023-01-17T09:40:00.000Z' │ 100 │  0  │  0  │ Infinity │    0     │ 920.8 │ 766.7 │  0  │     │  300  │  2220000  │   -5000   │   -37000000   │ 300  │ 2220000  │ 0.3 │
│    4    │ 7.4 │ 7.4 │ 7.4 │ 7.4 │ 1100 │ 8140000  │   8100    │  1100   │ 8140000  │ 59940000  │ 1673949480000 │ '2023-01-17T09:58:00.000Z' │  0  │ 100 │  0  │    0     │ Infinity │ 920.8 │ 766.7 │  0  │ 1.4 │ -1100 │ -8140000  │   -6100   │   -45140000   │      │          │     │
│    5    │ 7.4 │ 7.4 │ 7.4 │ 7.4 │ 800  │ 5920000  │   8900    │   800   │ 5920000  │ 65860000  │ 1673949600000 │ '2023-01-17T10:00:00.000Z' │  0  │ 100 │  0  │    0     │ Infinity │ 920.8 │ 766.7 │  0  │  1  │ -800  │ -5920000  │   -6900   │   -51060000   │      │          │     │
│    6    │ 7.4 │ 7.4 │ 7.4 │ 7.4 │      │          │   9600    │   700   │ 5180000  │ 71040000  │ 1673949840000 │ '2023-01-17T10:04:00.000Z' │ 100 │  0  │  0  │ Infinity │    0     │ 920.8 │ 766.7 │  0  │     │  700  │  5180000  │   -6200   │   -45880000   │ 700  │ 5180000  │ 0.8 │
│    7    │ 7.4 │ 7.4 │ 7.4 │ 7.4 │ 300  │ 2220000  │   9900    │   300   │ 2220000  │ 73260000  │ 1673949960000 │ '2023-01-17T10:06:00.000Z' │  0  │ 100 │  0  │    0     │ Infinity │ 920.8 │ 766.7 │  0  │ 0.4 │ -300  │ -2220000  │   -6500   │   -48100000   │      │          │     │
│    8    │ 7.4 │ 7.4 │ 7.4 │ 7.4 │ 700  │ 5180000  │   10600   │   700   │ 5180000  │ 78440000  │ 1673950200000 │ '2023-01-17T10:10:00.000Z' │  0  │ 100 │  0  │    0     │ Infinity │ 920.8 │ 766.7 │  0  │ 0.9 │ -700  │ -5180000  │   -7200   │   -53280000   │      │          │     │
│    9    │ 7.4 │ 7.4 │ 7.4 │ 7.4 │ 1000 │ 7400000  │   11600   │  1000   │ 7400000  │ 85840000  │ 1673950320000 │ '2023-01-17T10:12:00.000Z' │  0  │ 100 │  0  │    0     │ Infinity │ 920.8 │ 766.7 │  0  │ 1.3 │ -1000 │ -7400000  │   -8200   │   -60680000   │      │          │     │
│   10    │ 7.4 │ 7.4 │ 7.4 │ 7.4 │ 300  │ 2220000  │   11900   │   300   │ 2220000  │ 88060000  │ 1673950440000 │ '2023-01-17T10:14:00.000Z' │  0  │ 100 │  0  │    0     │ Infinity │ 920.8 │ 766.7 │  0  │ 0.4 │ -300  │ -2220000  │   -8500   │   -62900000   │      │          │     │
│   11    │ 7.4 │ 7.4 │ 7.4 │ 7.4 │      │          │   12600   │   700   │ 5180000  │ 93240000  │ 1673950560000 │ '2023-01-17T10:16:00.000Z' │ 100 │  0  │  0  │ Infinity │    0     │ 920.8 │ 766.7 │  0  │     │  700  │  5180000  │   -7800   │   -57720000   │ 700  │ 5180000  │ 0.8 │
│   12    │ 7.5 │ 7.5 │ 7.5 │ 7.5 │      │          │   14600   │  2000   │ 15000000 │ 108240000 │ 1673952120000 │ '2023-01-17T10:42:00.000Z' │ 100 │  0  │  0  │ Infinity │    0     │ 920.8 │ 766.7 │  0  │     │ 2000  │ 15000000  │   -5800   │   -42720000   │ 2000 │ 15000000 │ 2.2 │
│   13    │ 7.5 │ 7.5 │ 7.5 │ 7.5 │      │          │   20600   │  6000   │ 45000000 │ 153240000 │ 1673952840000 │ '2023-01-17T10:54:00.000Z' │ 100 │  0  │  0  │ Infinity │    0     │ 920.8 │ 766.7 │  0  │     │ 6000  │ 45000000  │    200    │    2280000    │ 6000 │ 45000000 │ 6.5 │
│   14    │ 7.4 │ 7.4 │ 7.4 │ 7.4 │ 5000 │ 37000000 │   25600   │  5000   │ 37000000 │ 190240000 │ 1673960760000 │ '2023-01-17T13:06:00.000Z' │  0  │ 100 │  0  │    0     │ Infinity │ 920.8 │ 766.7 │  0  │ 6.5 │ -5000 │ -37000000 │   -4800   │   -34720000   │      │          │     │
│   15    │ 7.5 │ 7.5 │ 7.5 │ 7.5 │      │          │   26900   │  1300   │ 9750000  │ 199990000 │ 1673962320000 │ '2023-01-17T13:32:00.000Z' │ 100 │  0  │  0  │ Infinity │    0     │ 920.8 │ 766.7 │  0  │     │ 1300  │  9750000  │   -3500   │   -24970000   │ 1300 │ 9750000  │ 1.4 │
│   16    │ 7.4 │ 7.4 │ 7.4 │ 7.4 │ 3000 │ 22200000 │   29900   │  3000   │ 22200000 │ 222190000 │ 1673962440000 │ '2023-01-17T13:34:00.000Z' │  0  │ 100 │  0  │    0     │ Infinity │ 920.8 │ 766.7 │  0  │ 3.9 │ -3000 │ -22200000 │   -6500   │   -47170000   │      │          │     │
│   17    │ 7.4 │ 7.4 │ 7.4 │ 7.4 │ 200  │ 1480000  │   30100   │   200   │ 1480000  │ 223670000 │ 1673964960000 │ '2023-01-17T14:16:00.000Z' │  0  │ 100 │  0  │    0     │ Infinity │ 920.8 │ 766.7 │  0  │ 0.3 │ -200  │ -1480000  │   -6700   │   -48650000   │      │          │     │
│   18    │ 7.5 │ 7.5 │ 7.5 │ 7.5 │      │          │   32100   │  2000   │ 15000000 │ 238670000 │ 1673965440000 │ '2023-01-17T14:24:00.000Z' │ 100 │  0  │  0  │ Infinity │    0     │ 920.8 │ 766.7 │  0  │     │ 2000  │ 15000000  │   -4700   │   -33650000   │ 2000 │ 15000000 │ 2.2 │
│   19    │ 7.5 │ 7.5 │ 7.5 │ 7.5 │      │          │   32500   │   400   │ 3000000  │ 241670000 │ 1673966520000 │ '2023-01-17T14:42:00.000Z' │ 100 │  0  │  0  │ Infinity │    0     │ 920.8 │ 766.7 │  0  │     │  400  │  3000000  │   -4300   │   -30650000   │ 400  │ 3000000  │ 0.4 │
│   20    │ 7.5 │ 7.5 │ 7.5 │ 7.5 │      │          │   36200   │  3700   │ 27750000 │ 269420000 │ 1673966640000 │ '2023-01-17T14:44:00.000Z' │ 100 │  0  │  0  │ Infinity │    0     │ 920.8 │ 766.7 │  0  │     │ 3700  │ 27750000  │   -600    │   -2900000    │ 3700 │ 27750000 │  4  │
├─────────┼─────┼─────┼─────┼─────┼──────┼──────────┼───────────┼─────────┼──────────┼───────────┼───────────────┼────────────────────────────┼─────┼─────┼─────┼──────────┼──────────┼───────┼───────┼─────┼─────┼───────┼───────────┼───────────┼───────────────┼──────┼──────────┼─────┤
│ (index) │  c  │  h  │  l  │  o  │  sd  │  val_sd  │ total_vol │ sum_vol │   val    │ acum_val  │   datetime    │            date            │ pbu │ psd │ puk │    bs    │    sb    │  abu  │  asd  │ auk │ rsd │ bu-sd │ bu-sd_val │ acum_busd │ acum_busd_val │  bu  │  val_bu  │ rbu │
├─────────┼─────┼─────┼─────┼─────┼──────┼──────────┼───────────┼─────────┼──────────┼───────────┼───────────────┼────────────────────────────┼─────┼─────┼─────┼──────────┼──────────┼───────┼───────┼─────┼─────┼───────┼───────────┼───────────┼───────────────┼──────┼──────────┼─────┤
│   21    │ 7.6 │ 7.6 │ 7.6 │ 7.6 │      │          │   36700   │   500   │ 3800000  │ 273220000 │ 1673966880000 │ '2023-01-17T14:48:00.000Z' │ 100 │  0  │  0  │ Infinity │    0     │ 920.8 │ 766.7 │  0  │     │  500  │  3800000  │   -100    │    900000     │ 500  │ 3800000  │ 0.5 │
│   22    │ 7.6 │ 7.6 │ 7.6 │ 7.6 │      │          │   38700   │  2000   │ 15200000 │ 288420000 │ 1673967000000 │ '2023-01-17T14:50:00.000Z' │ 100 │  0  │  0  │ Infinity │    0     │ 920.8 │ 766.7 │  0  │     │ 2000  │ 15200000  │   1900    │   16100000    │ 2000 │ 15200000 │ 2.2 │
│   23    │ 7.6 │ 7.6 │ 7.6 │ 7.6 │      │          │   40500   │  1800   │ 13680000 │ 302100000 │ 1673967120000 │ '2023-01-17T14:52:00.000Z' │ 100 │  0  │  0  │ Infinity │    0     │ 920.8 │ 766.7 │  0  │     │ 1800  │ 13680000  │   3700    │   29780000    │ 1800 │ 13680000 │  2  │
└─────────┴─────┴─────┴─────┴─────┴──────┴──────────┴───────────┴─────────┴──────────┴───────────┴───────────────┴────────────────────────────┴─────┴─────┴─────┴──────────┴──────────┴───────┴───────┴─────┴─────┴───────┴───────────┴───────────┴───────────────┴──────┴──────────┴─────┘

