┌─────────┬─────┬─────┬─────┬─────┬────────┬───────────┬───────────┬─────────┬───────────┬────────────┬───────┬───────────┬───────────────┬────────────────────────────┬──────┬──────┬─────┬──────────┬──────────┬──────┬────────┬─────┬──────┬──────┬────────┬───────────┬───────────┬───────────────┐
│ (index) │  c  │  h  │  l  │  o  │   bu   │  val_bu   │ total_vol │ sum_vol │    val    │  acum_val  │  sd   │  val_sd   │   datetime    │            date            │ pbu  │ psd  │ puk │    bs    │    sb    │ abu  │  asd   │ auk │ rsd  │ rbu  │ bu-sd  │ bu-sd_val │ acum_busd │ acum_busd_val │
├─────────┼─────┼─────┼─────┼─────┼────────┼───────────┼───────────┼─────────┼───────────┼────────────┼───────┼───────────┼───────────────┼────────────────────────────┼──────┼──────┼─────┼──────────┼──────────┼──────┼────────┼─────┼──────┼──────┼────────┼───────────┼───────────┼───────────────┤
│    0    │ 1.8 │ 1.9 │ 1.8 │ 1.9 │ 162700 │ 305580000 │  238900   │ 238900  │ 450020000 │ 450020000  │ 76200 │ 144440000 │ 1676278800000 │ '2023-02-13T09:00:00.000Z' │ 68.1 │ 31.9 │  0  │   2.1    │   0.5    │ 7870 │ 4611.7 │  0  │ 16.5 │ 20.7 │ 86500  │ 161140000 │   86500   │   161140000   │
│    1    │ 1.8 │ 1.9 │ 1.8 │ 1.8 │  100   │  190000   │  248600   │  9700   │ 17470000  │ 467490000  │ 9600  │ 17280000  │ 1676278920000 │ '2023-02-13T09:02:00.000Z' │  1   │  99  │  0  │    0     │    96    │ 7870 │ 4611.7 │  0  │ 2.1  │  0   │ -9500  │ -17090000 │   77000   │   144050000   │
│    2    │ 1.8 │ 1.8 │ 1.8 │ 1.8 │        │           │  254000   │  5400   │  9720000  │ 477210000  │ 5400  │  9720000  │ 1676279040000 │ '2023-02-13T09:04:00.000Z' │  0   │ 100  │  0  │    0     │ Infinity │ 7870 │ 4611.7 │  0  │ 1.2  │      │ -5400  │ -9720000  │   71600   │   134330000   │
│    3    │ 1.8 │ 1.8 │ 1.8 │ 1.8 │        │           │  269000   │  15000  │ 27000000  │ 504210000  │ 15000 │ 27000000  │ 1676279160000 │ '2023-02-13T09:06:00.000Z' │  0   │ 100  │  0  │    0     │ Infinity │ 7870 │ 4611.7 │  0  │ 3.3  │      │ -15000 │ -27000000 │   56600   │   107330000   │
│    4    │ 1.8 │ 1.8 │ 1.8 │ 1.8 │ 73300  │ 131940000 │  382300   │ 113300  │ 203940000 │ 708150000  │ 40000 │ 72000000  │ 1676279280000 │ '2023-02-13T09:08:00.000Z' │ 64.7 │ 35.3 │  0  │   1.8    │   0.5    │ 7870 │ 4611.7 │  0  │ 8.7  │ 9.3  │ 33300  │ 59940000  │   89900   │   167270000   │
│    5    │ 1.8 │ 1.8 │ 1.8 │ 1.8 │  1200  │  2160000  │  383500   │  1200   │  2160000  │ 710310000  │       │           │ 1676279400000 │ '2023-02-13T09:10:00.000Z' │ 100  │  0   │  0  │ Infinity │    0     │ 7870 │ 4611.7 │  0  │      │ 0.2  │  1200  │  2160000  │   91100   │   169430000   │
│    6    │ 1.7 │ 1.8 │ 1.7 │ 1.8 │  200   │  360000   │  387900   │  4400   │  7500000  │ 717810000  │ 4200  │  7140000  │ 1676279520000 │ '2023-02-13T09:12:00.000Z' │ 4.5  │ 95.5 │  0  │    0     │    21    │ 7870 │ 4611.7 │  0  │ 0.9  │  0   │ -4000  │ -6780000  │   87100   │   162650000   │
│    7    │ 1.8 │ 1.8 │ 1.8 │ 1.8 │ 15100  │ 27180000  │  403000   │  15100  │ 27180000  │ 744990000  │       │           │ 1676279640000 │ '2023-02-13T09:14:00.000Z' │ 100  │  0   │  0  │ Infinity │    0     │ 7870 │ 4611.7 │  0  │      │ 1.9  │ 15100  │ 27180000  │  102200   │   189830000   │
│    8    │ 1.8 │ 1.8 │ 1.8 │ 1.8 │  400   │  720000   │  403400   │   400   │  720000   │ 745710000  │       │           │ 1676279760000 │ '2023-02-13T09:16:00.000Z' │ 100  │  0   │  0  │ Infinity │    0     │ 7870 │ 4611.7 │  0  │      │ 0.1  │  400   │  720000   │  102600   │   190550000   │
│    9    │ 1.8 │ 1.8 │ 1.8 │ 1.8 │  1900  │  3420000  │  405300   │  1900   │  3420000  │ 749130000  │       │           │ 1676280000000 │ '2023-02-13T09:20:00.000Z' │ 100  │  0   │  0  │ Infinity │    0     │ 7870 │ 4611.7 │  0  │      │ 0.2  │  1900  │  3420000  │  104500   │   193970000   │
│   10    │ 1.8 │ 1.8 │ 1.8 │ 1.8 │ 62100  │ 111780000 │  498800   │  93500  │ 168300000 │ 917430000  │ 31400 │ 56520000  │ 1676280120000 │ '2023-02-13T09:22:00.000Z' │ 66.4 │ 33.6 │  0  │    2     │   0.5    │ 7870 │ 4611.7 │  0  │ 6.8  │ 7.9  │ 30700  │ 55260000  │  135200   │   249230000   │
│   11    │ 1.8 │ 1.8 │ 1.8 │ 1.8 │ 37600  │ 67680000  │  536400   │  37600  │ 67680000  │ 985110000  │       │           │ 1676280360000 │ '2023-02-13T09:26:00.000Z' │ 100  │  0   │  0  │ Infinity │    0     │ 7870 │ 4611.7 │  0  │      │ 4.8  │ 37600  │ 67680000  │  172800   │   316910000   │
│   12    │ 1.8 │ 1.8 │ 1.8 │ 1.8 │ 12900  │ 23220000  │  549300   │  12900  │ 23220000  │ 1008330000 │       │           │ 1676280600000 │ '2023-02-13T09:30:00.000Z' │ 100  │  0   │  0  │ Infinity │    0     │ 7870 │ 4611.7 │  0  │      │ 1.6  │ 12900  │ 23220000  │  185700   │   340130000   │
│   13    │ 1.8 │ 1.8 │ 1.8 │ 1.8 │  1400  │  2520000  │  550700   │  1400   │  2520000  │ 1010850000 │       │           │ 1676281320000 │ '2023-02-13T09:42:00.000Z' │ 100  │  0   │  0  │ Infinity │    0     │ 7870 │ 4611.7 │  0  │      │ 0.2  │  1400  │  2520000  │  187100   │   342650000   │
│   14    │ 1.8 │ 1.8 │ 1.8 │ 1.8 │  200   │  360000   │  550900   │   200   │  360000   │ 1011210000 │       │           │ 1676281560000 │ '2023-02-13T09:46:00.000Z' │ 100  │  0   │  0  │ Infinity │    0     │ 7870 │ 4611.7 │  0  │      │  0   │  200   │  360000   │  187300   │   343010000   │
│   15    │ 1.7 │ 1.7 │ 1.7 │ 1.7 │        │           │  552800   │  1900   │  3230000  │ 1014440000 │ 1900  │  3230000  │ 1676281920000 │ '2023-02-13T09:52:00.000Z' │  0   │ 100  │  0  │    0     │ Infinity │ 7870 │ 4611.7 │  0  │ 0.4  │      │ -1900  │ -3230000  │  185400   │   339780000   │
│   16    │ 1.8 │ 1.8 │ 1.8 │ 1.8 │ 20600  │ 37080000  │  573400   │  20600  │ 37080000  │ 1051520000 │       │           │ 1676282280000 │ '2023-02-13T09:58:00.000Z' │ 100  │  0   │  0  │ Infinity │    0     │ 7870 │ 4611.7 │  0  │      │ 2.6  │ 20600  │ 37080000  │  206000   │   376860000   │
│   17    │ 1.8 │ 1.8 │ 1.8 │ 1.8 │ 20100  │ 36180000  │  593500   │  20100  │ 36180000  │ 1087700000 │       │           │ 1676282400000 │ '2023-02-13T10:00:00.000Z' │ 100  │  0   │  0  │ Infinity │    0     │ 7870 │ 4611.7 │  0  │      │ 2.6  │ 20100  │ 36180000  │  226100   │   413040000   │
│   18    │ 1.8 │ 1.8 │ 1.8 │ 1.8 │  5500  │  9900000  │  599000   │  5500   │  9900000  │ 1097600000 │       │           │ 1676282520000 │ '2023-02-13T10:02:00.000Z' │ 100  │  0   │  0  │ Infinity │    0     │ 7870 │ 4611.7 │  0  │      │ 0.7  │  5500  │  9900000  │  231600   │   422940000   │
│   19    │ 1.8 │ 1.8 │ 1.8 │ 1.8 │  3800  │  6840000  │  602800   │  3800   │  6840000  │ 1104440000 │       │           │ 1676282640000 │ '2023-02-13T10:04:00.000Z' │ 100  │  0   │  0  │ Infinity │    0     │ 7870 │ 4611.7 │  0  │      │ 0.5  │  3800  │  6840000  │  235400   │   429780000   │
│   20    │ 1.8 │ 1.8 │ 1.8 │ 1.8 │  4700  │  8460000  │  612100   │  9300   │ 16740000  │ 1121180000 │ 4600  │  8280000  │ 1676282760000 │ '2023-02-13T10:06:00.000Z' │ 50.5 │ 49.5 │  0  │    1     │    1     │ 7870 │ 4611.7 │  0  │  1   │ 0.6  │  100   │  180000   │  235500   │   429960000   │
├─────────┼─────┼─────┼─────┼─────┼────────┼───────────┼───────────┼─────────┼───────────┼────────────┼───────┼───────────┼───────────────┼────────────────────────────┼──────┼──────┼─────┼──────────┼──────────┼──────┼────────┼─────┼──────┼──────┼────────┼───────────┼───────────┼───────────────┤
│ (index) │  c  │  h  │  l  │  o  │   bu   │  val_bu   │ total_vol │ sum_vol │    val    │  acum_val  │  sd   │  val_sd   │   datetime    │            date            │ pbu  │ psd  │ puk │    bs    │    sb    │ abu  │  asd   │ auk │ rsd  │ rbu  │ bu-sd  │ bu-sd_val │ acum_busd │ acum_busd_val │
├─────────┼─────┼─────┼─────┼─────┼────────┼───────────┼───────────┼─────────┼───────────┼────────────┼───────┼───────────┼───────────────┼────────────────────────────┼──────┼──────┼─────┼──────────┼──────────┼──────┼────────┼─────┼──────┼──────┼────────┼───────────┼───────────┼───────────────┤
│   21    │ 1.8 │ 1.8 │ 1.8 │ 1.8 │        │           │  617500   │  5400   │  9720000  │ 1130900000 │ 5400  │  9720000  │ 1676282880000 │ '2023-02-13T10:08:00.000Z' │  0   │ 100  │  0  │    0     │ Infinity │ 7870 │ 4611.7 │  0  │ 1.2  │      │ -5400  │ -9720000  │  230100   │   420240000   │
│   22    │ 1.8 │ 1.8 │ 1.8 │ 1.8 │ 12200  │ 21960000  │  629700   │  12200  │ 21960000  │ 1152860000 │       │           │ 1676283000000 │ '2023-02-13T10:10:00.000Z' │ 100  │  0   │  0  │ Infinity │    0     │ 7870 │ 4611.7 │  0  │      │ 1.6  │ 12200  │ 21960000  │  242300   │   442200000   │
│   23    │ 1.8 │ 1.8 │ 1.8 │ 1.8 │  5600  │ 10080000  │  635300   │  5600   │ 10080000  │ 1162940000 │       │           │ 1676283120000 │ '2023-02-13T10:12:00.000Z' │ 100  │  0   │  0  │ Infinity │    0     │ 7870 │ 4611.7 │  0  │      │ 0.7  │  5600  │ 10080000  │  247900   │   452280000   │
│   24    │ 1.8 │ 1.8 │ 1.8 │ 1.8 │        │           │  636400   │  1100   │  1980000  │ 1164920000 │ 1100  │  1980000  │ 1676283240000 │ '2023-02-13T10:14:00.000Z' │  0   │ 100  │  0  │    0     │ Infinity │ 7870 │ 4611.7 │  0  │ 0.2  │      │ -1100  │ -1980000  │  246800   │   450300000   │
│   25    │ 1.8 │ 1.8 │ 1.8 │ 1.8 │        │           │  639400   │  3000   │  5400000  │ 1170320000 │ 3000  │  5400000  │ 1676283360000 │ '2023-02-13T10:16:00.000Z' │  0   │ 100  │  0  │    0     │ Infinity │ 7870 │ 4611.7 │  0  │ 0.7  │      │ -3000  │ -5400000  │  243800   │   444900000   │
│   26    │ 1.8 │ 1.8 │ 1.8 │ 1.8 │        │           │  640500   │  1100   │  1980000  │ 1172300000 │ 1100  │  1980000  │ 1676283480000 │ '2023-02-13T10:18:00.000Z' │  0   │ 100  │  0  │    0     │ Infinity │ 7870 │ 4611.7 │  0  │ 0.2  │      │ -1100  │ -1980000  │  242700   │   442920000   │
│   27    │ 1.8 │ 1.8 │ 1.8 │ 1.8 │        │           │  642500   │  2000   │  3600000  │ 1175900000 │ 2000  │  3600000  │ 1676283600000 │ '2023-02-13T10:20:00.000Z' │  0   │ 100  │  0  │    0     │ Infinity │ 7870 │ 4611.7 │  0  │ 0.4  │      │ -2000  │ -3600000  │  240700   │   439320000   │
│   28    │ 1.8 │ 1.8 │ 1.8 │ 1.8 │        │           │  644600   │  2100   │  3780000  │ 1179680000 │ 2100  │  3780000  │ 1676283840000 │ '2023-02-13T10:24:00.000Z' │  0   │ 100  │  0  │    0     │ Infinity │ 7870 │ 4611.7 │  0  │ 0.5  │      │ -2100  │ -3780000  │  238600   │   435540000   │
│   29    │ 1.8 │ 1.8 │ 1.8 │ 1.8 │        │           │  644700   │   100   │  180000   │ 1179860000 │  100  │  180000   │ 1676284440000 │ '2023-02-13T10:34:00.000Z' │  0   │ 100  │  0  │    0     │ Infinity │ 7870 │ 4611.7 │  0  │  0   │      │  -100  │  -180000  │  238500   │   435360000   │
│   30    │ 1.8 │ 1.8 │ 1.8 │ 1.8 │        │           │  654700   │  10000  │ 18000000  │ 1197860000 │ 10000 │ 18000000  │ 1676285280000 │ '2023-02-13T10:48:00.000Z' │  0   │ 100  │  0  │    0     │ Infinity │ 7870 │ 4611.7 │  0  │ 2.2  │      │ -10000 │ -18000000 │  228500   │   417360000   │
│   31    │ 1.8 │ 1.8 │ 1.8 │ 1.8 │        │           │  657100   │  2400   │  4320000  │ 1202180000 │ 2400  │  4320000  │ 1676285520000 │ '2023-02-13T10:52:00.000Z' │  0   │ 100  │  0  │    0     │ Infinity │ 7870 │ 4611.7 │  0  │ 0.5  │      │ -2400  │ -4320000  │  226100   │   413040000   │
│   32    │ 1.8 │ 1.8 │ 1.8 │ 1.8 │  100   │  180000   │  657200   │   100   │  180000   │ 1202360000 │       │           │ 1676286600000 │ '2023-02-13T11:10:00.000Z' │ 100  │  0   │  0  │ Infinity │    0     │ 7870 │ 4611.7 │  0  │      │  0   │  100   │  180000   │  226200   │   413220000   │
│   33    │ 1.8 │ 1.8 │ 1.8 │ 1.8 │  400   │  720000   │  657600   │   400   │  720000   │ 1203080000 │       │           │ 1676286840000 │ '2023-02-13T11:14:00.000Z' │ 100  │  0   │  0  │ Infinity │    0     │ 7870 │ 4611.7 │  0  │      │ 0.1  │  400   │  720000   │  226600   │   413940000   │
│   34    │ 1.8 │ 1.8 │ 1.8 │ 1.8 │  900   │  1620000  │  658500   │   900   │  1620000  │ 1204700000 │       │           │ 1676287560000 │ '2023-02-13T11:26:00.000Z' │ 100  │  0   │  0  │ Infinity │    0     │ 7870 │ 4611.7 │  0  │      │ 0.1  │  900   │  1620000  │  227500   │   415560000   │
│   35    │ 1.8 │ 1.8 │ 1.8 │ 1.8 │  9000  │ 16200000  │  667500   │  9000   │ 16200000  │ 1220900000 │       │           │ 1676287680000 │ '2023-02-13T11:28:00.000Z' │ 100  │  0   │  0  │ Infinity │    0     │ 7870 │ 4611.7 │  0  │      │ 1.1  │  9000  │ 16200000  │  236500   │   431760000   │
│   36    │ 1.8 │ 1.8 │ 1.8 │ 1.8 │  500   │  900000   │  668000   │   500   │  900000   │ 1221800000 │       │           │ 1676293200000 │ '2023-02-13T13:00:00.000Z' │ 100  │  0   │  0  │ Infinity │    0     │ 7870 │ 4611.7 │  0  │      │ 0.1  │  500   │  900000   │  237000   │   432660000   │
│   37    │ 1.8 │ 1.8 │ 1.8 │ 1.8 │  100   │  180000   │  668100   │   100   │  180000   │ 1221980000 │       │           │ 1676294040000 │ '2023-02-13T13:14:00.000Z' │ 100  │  0   │  0  │ Infinity │    0     │ 7870 │ 4611.7 │  0  │      │  0   │  100   │  180000   │  237100   │   432840000   │
│   38    │ 1.8 │ 1.8 │ 1.8 │ 1.8 │  1000  │  1800000  │  669100   │  1000   │  1800000  │ 1223780000 │       │           │ 1676294760000 │ '2023-02-13T13:26:00.000Z' │ 100  │  0   │  0  │ Infinity │    0     │ 7870 │ 4611.7 │  0  │      │ 0.1  │  1000  │  1800000  │  238100   │   434640000   │
│   39    │ 1.8 │ 1.8 │ 1.8 │ 1.8 │  300   │  540000   │  669400   │   300   │  540000   │ 1224320000 │       │           │ 1676294880000 │ '2023-02-13T13:28:00.000Z' │ 100  │  0   │  0  │ Infinity │    0     │ 7870 │ 4611.7 │  0  │      │  0   │  300   │  540000   │  238400   │   435180000   │
│   40    │ 1.8 │ 1.8 │ 1.8 │ 1.8 │  500   │  900000   │  669900   │   500   │  900000   │ 1225220000 │       │           │ 1676295120000 │ '2023-02-13T13:32:00.000Z' │ 100  │  0   │  0  │ Infinity │    0     │ 7870 │ 4611.7 │  0  │      │ 0.1  │  500   │  900000   │  238900   │   436080000   │
├─────────┼─────┼─────┼─────┼─────┼────────┼───────────┼───────────┼─────────┼───────────┼────────────┼───────┼───────────┼───────────────┼────────────────────────────┼──────┼──────┼─────┼──────────┼──────────┼──────┼────────┼─────┼──────┼──────┼────────┼───────────┼───────────┼───────────────┤
│ (index) │  c  │  h  │  l  │  o  │   bu   │  val_bu   │ total_vol │ sum_vol │    val    │  acum_val  │  sd   │  val_sd   │   datetime    │            date            │ pbu  │ psd  │ puk │    bs    │    sb    │ abu  │  asd   │ auk │ rsd  │ rbu  │ bu-sd  │ bu-sd_val │ acum_busd │ acum_busd_val │
├─────────┼─────┼─────┼─────┼─────┼────────┼───────────┼───────────┼─────────┼───────────┼────────────┼───────┼───────────┼───────────────┼────────────────────────────┼──────┼──────┼─────┼──────────┼──────────┼──────┼────────┼─────┼──────┼──────┼────────┼───────────┼───────────┼───────────────┤
│   41    │ 1.8 │ 1.8 │ 1.8 │ 1.8 │  300   │  540000   │  670200   │   300   │  540000   │ 1225760000 │       │           │ 1676295240000 │ '2023-02-13T13:34:00.000Z' │ 100  │  0   │  0  │ Infinity │    0     │ 7870 │ 4611.7 │  0  │      │  0   │  300   │  540000   │  239200   │   436620000   │
│   42    │ 1.8 │ 1.8 │ 1.8 │ 1.8 │  1200  │  2160000  │  671400   │  1200   │  2160000  │ 1227920000 │       │           │ 1676295600000 │ '2023-02-13T13:40:00.000Z' │ 100  │  0   │  0  │ Infinity │    0     │ 7870 │ 4611.7 │  0  │      │ 0.2  │  1200  │  2160000  │  240400   │   438780000   │
│   43    │ 1.8 │ 1.8 │ 1.8 │ 1.8 │  700   │  1260000  │  672100   │   700   │  1260000  │ 1229180000 │       │           │ 1676295720000 │ '2023-02-13T13:42:00.000Z' │ 100  │  0   │  0  │ Infinity │    0     │ 7870 │ 4611.7 │  0  │      │ 0.1  │  700   │  1260000  │  241100   │   440040000   │
│   44    │ 1.8 │ 1.8 │ 1.8 │ 1.8 │  300   │  540000   │  672400   │   300   │  540000   │ 1229720000 │       │           │ 1676295840000 │ '2023-02-13T13:44:00.000Z' │ 100  │  0   │  0  │ Infinity │    0     │ 7870 │ 4611.7 │  0  │      │  0   │  300   │  540000   │  241400   │   440580000   │
│   45    │ 1.8 │ 1.8 │ 1.8 │ 1.8 │  1000  │  1800000  │  673400   │  1000   │  1800000  │ 1231520000 │       │           │ 1676296320000 │ '2023-02-13T13:52:00.000Z' │ 100  │  0   │  0  │ Infinity │    0     │ 7870 │ 4611.7 │  0  │      │ 0.1  │  1000  │  1800000  │  242400   │   442380000   │
│   46    │ 1.8 │ 1.8 │ 1.8 │ 1.8 │  200   │  360000   │  673600   │   200   │  360000   │ 1231880000 │       │           │ 1676296440000 │ '2023-02-13T13:54:00.000Z' │ 100  │  0   │  0  │ Infinity │    0     │ 7870 │ 4611.7 │  0  │      │  0   │  200   │  360000   │  242600   │   442740000   │
│   47    │ 1.8 │ 1.8 │ 1.8 │ 1.8 │  1800  │  3240000  │  675400   │  1800   │  3240000  │ 1235120000 │       │           │ 1676297040000 │ '2023-02-13T14:04:00.000Z' │ 100  │  0   │  0  │ Infinity │    0     │ 7870 │ 4611.7 │  0  │      │ 0.2  │  1800  │  3240000  │  244400   │   445980000   │
│   48    │ 1.8 │ 1.8 │ 1.8 │ 1.8 │  300   │  540000   │  675700   │   300   │  540000   │ 1235660000 │       │           │ 1676297520000 │ '2023-02-13T14:12:00.000Z' │ 100  │  0   │  0  │ Infinity │    0     │ 7870 │ 4611.7 │  0  │      │  0   │  300   │  540000   │  244700   │   446520000   │
│   49    │ 1.8 │ 1.8 │ 1.8 │ 1.8 │  300   │  540000   │  676000   │   300   │  540000   │ 1236200000 │       │           │ 1676297640000 │ '2023-02-13T14:14:00.000Z' │ 100  │  0   │  0  │ Infinity │    0     │ 7870 │ 4611.7 │  0  │      │  0   │  300   │  540000   │  245000   │   447060000   │
│   50    │ 1.8 │ 1.8 │ 1.8 │ 1.8 │  1100  │  1980000  │  677100   │  1100   │  1980000  │ 1238180000 │       │           │ 1676298240000 │ '2023-02-13T14:24:00.000Z' │ 100  │  0   │  0  │ Infinity │    0     │ 7870 │ 4611.7 │  0  │      │ 0.1  │  1100  │  1980000  │  246100   │   449040000   │
│   51    │ 1.8 │ 1.8 │ 1.8 │ 1.8 │  200   │  360000   │  677300   │   200   │  360000   │ 1238540000 │       │           │ 1676298480000 │ '2023-02-13T14:28:00.000Z' │ 100  │  0   │  0  │ Infinity │    0     │ 7870 │ 4611.7 │  0  │      │  0   │  200   │  360000   │  246300   │   449400000   │
│   52    │ 1.8 │ 1.8 │ 1.8 │ 1.8 │  800   │  1440000  │  678100   │   800   │  1440000  │ 1239980000 │       │           │ 1676298960000 │ '2023-02-13T14:36:00.000Z' │ 100  │  0   │  0  │ Infinity │    0     │ 7870 │ 4611.7 │  0  │      │ 0.1  │  800   │  1440000  │  247100   │   450840000   │
│   53    │ 1.7 │ 1.8 │ 1.7 │ 1.8 │  4000  │  7200000  │  684100   │  6000   │ 10600000  │ 1250580000 │ 2000  │  3400000  │ 1676299440000 │ '2023-02-13T14:44:00.000Z' │ 66.7 │ 33.3 │  0  │    2     │   0.5    │ 7870 │ 4611.7 │  0  │ 0.4  │ 0.5  │  2000  │  3800000  │  249100   │   454640000   │
│   54    │ 1.8 │ 1.8 │ 1.7 │ 1.7 │  600   │  1080000  │  688700   │  4600   │  7880000  │ 1258460000 │ 4000  │  6800000  │ 1676299560000 │ '2023-02-13T14:46:00.000Z' │  13  │  87  │  0  │   0.2    │   6.7    │ 7870 │ 4611.7 │  0  │ 0.9  │ 0.1  │ -3400  │ -5720000  │  245700   │   448920000   │
│   55    │ 1.8 │ 1.8 │ 1.8 │ 1.8 │  400   │  720000   │  689100   │   400   │  720000   │ 1259180000 │       │           │ 1676299680000 │ '2023-02-13T14:48:00.000Z' │ 100  │  0   │  0  │ Infinity │    0     │ 7870 │ 4611.7 │  0  │      │ 0.1  │  400   │  720000   │  246100   │   449640000   │
│   56    │ 1.8 │ 1.8 │ 1.8 │ 1.8 │  2300  │  4140000  │  691400   │  2300   │  4140000  │ 1263320000 │       │           │ 1676299920000 │ '2023-02-13T14:52:00.000Z' │ 100  │  0   │  0  │ Infinity │    0     │ 7870 │ 4611.7 │  0  │      │ 0.3  │  2300  │  4140000  │  248400   │   453780000   │
│   57    │ 1.7 │ 1.8 │ 1.7 │ 1.8 │  2300  │  4140000  │  708700   │  17300  │ 29640000  │ 1292960000 │ 15000 │ 25500000  │ 1676300040000 │ '2023-02-13T14:54:00.000Z' │ 13.3 │ 86.7 │  0  │   0.2    │   6.5    │ 7870 │ 4611.7 │  0  │ 3.3  │ 0.3  │ -12700 │ -21360000 │  235700   │   432420000   │
│   58    │ 1.7 │ 1.7 │ 1.7 │ 1.7 │        │           │  718700   │  10000  │ 17000000  │ 1309960000 │ 10000 │ 17000000  │ 1676300160000 │ '2023-02-13T14:56:00.000Z' │  0   │ 100  │  0  │    0     │ Infinity │ 7870 │ 4611.7 │  0  │ 2.2  │      │ -10000 │ -17000000 │  225700   │   415420000   │
│   59    │ 1.7 │ 1.7 │ 1.7 │ 1.7 │        │           │  748900   │  30200  │ 51340000  │ 1361300000 │ 30200 │ 51340000  │ 1676300280000 │ '2023-02-13T14:58:00.000Z' │  0   │ 100  │  0  │    0     │ Infinity │ 7870 │ 4611.7 │  0  │ 6.5  │      │ -30200 │ -51340000 │  195500   │   364080000   │
└─────────┴─────┴─────┴─────┴─────┴────────┴───────────┴───────────┴─────────┴───────────┴────────────┴───────┴───────────┴───────────────┴────────────────────────────┴──────┴──────┴─────┴──────────┴──────────┴──────┴────────┴─────┴──────┴──────┴────────┴───────────┴───────────┴───────────────┘
├─────────┼─────┼─────┼─────┼─────┼────────┼───────────┼───────────┼─────────┼───────────┼────────────┼───────┼───────────┼───────────────┼────────────────────────────┼──────┼──────┼─────┼──────────┼──────────┼──────┼────────┼─────┼──────┼──────┼────────┼───────────┼───────────┼───────────────┤
│ (index) │  c  │  h  │  l  │  o  │   bu   │  val_bu   │ total_vol │ sum_vol │    val    │  acum_val  │  sd   │  val_sd   │   datetime    │            date            │ pbu  │ psd  │ puk │    bs    │    sb    │ abu  │  asd   │ auk │ rsd  │ rbu  │ bu-sd  │ bu-sd_val │ acum_busd │ acum_busd_val │
├─────────┼─────┼─────┼─────┼─────┼────────┼───────────┼───────────┼─────────┼───────────┼────────────┼───────┼───────────┼───────────────┼────────────────────────────┼──────┼──────┼─────┼──────────┼──────────┼──────┼────────┼─────┼──────┼──────┼────────┼───────────┼───────────┼───────────────┤

