┌─────────┬─────┬─────┬─────┬─────┬────────┬───────────┬───────────┬─────────┬───────────┬────────────┬───────────────┬────────────────────────────┬──────┬──────┬─────┬──────────┬──────────┬─────────┬────────┬─────┬─────┬────────┬────────────┬───────────┬───────────────┬───────┬───────────┬──────┐
│ (index) │  c  │  h  │  l  │  o  │   bu   │  val_bu   │ total_vol │ sum_vol │    val    │  acum_val  │   datetime    │            date            │ pbu  │ psd  │ puk │    bs    │    sb    │   abu   │  asd   │ auk │ rbu │ bu-sd  │ bu-sd_val  │ acum_busd │ acum_busd_val │  sd   │  val_sd   │ rsd  │
├─────────┼─────┼─────┼─────┼─────┼────────┼───────────┼───────────┼─────────┼───────────┼────────────┼───────────────┼────────────────────────────┼──────┼──────┼─────┼──────────┼──────────┼─────────┼────────┼─────┼─────┼────────┼────────────┼───────────┼───────────────┼───────┼───────────┼──────┤
│    0    │ 1.8 │ 1.8 │ 1.8 │ 1.8 │ 29000  │ 52200000  │   14500   │  29000  │ 52200000  │ 1309430000 │ 1670490000000 │ '2022-12-08T09:00:00.000Z' │ 100  │  0   │  0  │ Infinity │    0     │ 22439.1 │ 6108.7 │  0  │ 1.3 │ 29000  │  52200000  │   29000   │   52200000    │       │           │      │
│    1    │ 1.9 │ 1.9 │ 1.8 │ 1.8 │ 20200  │ 37420000  │   37900   │  46800  │ 85300000  │ 1352080000 │ 1670490300000 │ '2022-12-08T09:05:00.000Z' │ 43.2 │ 56.8 │  0  │   0.8    │   1.3    │ 22439.1 │ 6108.7 │  0  │ 0.9 │ -6400  │ -10460000  │   22600   │   41740000    │ 26600 │ 47880000  │ 4.4  │
│    2    │ 1.9 │ 1.9 │ 1.9 │ 1.9 │ 40800  │ 77520000  │   58300   │  40800  │ 77520000  │ 1390840000 │ 1670490600000 │ '2022-12-08T09:10:00.000Z' │ 100  │  0   │  0  │ Infinity │    0     │ 22439.1 │ 6108.7 │  0  │ 1.8 │ 40800  │  77520000  │   63400   │   119260000   │       │           │      │
│    3    │ 1.9 │ 1.9 │ 1.9 │ 1.9 │  1000  │  1900000  │   58800   │  1000   │  1900000  │ 1391790000 │ 1670490900000 │ '2022-12-08T09:15:00.000Z' │ 100  │  0   │  0  │ Infinity │    0     │ 22439.1 │ 6108.7 │  0  │  0  │  1000  │  1900000   │   64400   │   121160000   │       │           │      │
│    4    │ 1.9 │ 1.9 │ 1.9 │ 1.9 │ 160200 │ 304380000 │  139000   │ 160400  │ 304760000 │ 1544170000 │ 1670491200000 │ '2022-12-08T09:20:00.000Z' │ 99.9 │ 0.1  │  0  │   801    │    0     │ 22439.1 │ 6108.7 │  0  │ 7.1 │ 160000 │ 304000000  │  224400   │   425160000   │  200  │  380000   │  0   │
│    5    │ 1.9 │ 1.9 │ 1.9 │ 1.9 │        │           │  150700   │  23400  │ 44460000  │ 1566400000 │ 1670491500000 │ '2022-12-08T09:25:00.000Z' │  0   │ 100  │  0  │    0     │ Infinity │ 22439.1 │ 6108.7 │  0  │     │ -23400 │ -44460000  │  201000   │   380700000   │ 23400 │ 44460000  │ 3.8  │
│    6    │  2  │  2  │  2  │  2  │ 10000  │ 20000000  │  155700   │  10000  │ 20000000  │ 1576400000 │ 1670491800000 │ '2022-12-08T09:30:00.000Z' │ 100  │  0   │  0  │ Infinity │    0     │ 22439.1 │ 6108.7 │  0  │ 0.4 │ 10000  │  20000000  │  211000   │   400700000   │       │           │      │
│    7    │  2  │  2  │  2  │  2  │  6800  │ 13600000  │  159100   │  6800   │ 13600000  │ 1583200000 │ 1670492100000 │ '2022-12-08T09:35:00.000Z' │ 100  │  0   │  0  │ Infinity │    0     │ 22439.1 │ 6108.7 │  0  │ 0.3 │  6800  │  13600000  │  217800   │   414300000   │       │           │      │
│    8    │  2  │  2  │  2  │  2  │  800   │  1600000  │  159500   │   800   │  1600000  │ 1584000000 │ 1670492400000 │ '2022-12-08T09:40:00.000Z' │ 100  │  0   │  0  │ Infinity │    0     │ 22439.1 │ 6108.7 │  0  │  0  │  800   │  1600000   │  218600   │   415900000   │       │           │      │
│    9    │  2  │  2  │  2  │  2  │  200   │  400000   │  159600   │   200   │  400000   │ 1584200000 │ 1670492700000 │ '2022-12-08T09:45:00.000Z' │ 100  │  0   │  0  │ Infinity │    0     │ 22439.1 │ 6108.7 │  0  │  0  │  200   │   400000   │  218800   │   416300000   │       │           │      │
│   10    │ 1.9 │ 1.9 │ 1.9 │ 1.9 │        │           │  160400   │  1600   │  3040000  │ 1585720000 │ 1670493000000 │ '2022-12-08T09:50:00.000Z' │  0   │ 100  │  0  │    0     │ Infinity │ 22439.1 │ 6108.7 │  0  │     │ -1600  │  -3040000  │  217200   │   413260000   │ 1600  │  3040000  │ 0.3  │
│   11    │  2  │  2  │  2  │  2  │ 11600  │ 23200000  │  166200   │  11600  │ 23200000  │ 1597320000 │ 1670493300000 │ '2022-12-08T09:55:00.000Z' │ 100  │  0   │  0  │ Infinity │    0     │ 22439.1 │ 6108.7 │  0  │ 0.5 │ 11600  │  23200000  │  228800   │   436460000   │       │           │      │
│   12    │  2  │  2  │  2  │  2  │  3400  │  6800000  │  167900   │  3400   │  6800000  │ 1600720000 │ 1670493600000 │ '2022-12-08T10:00:00.000Z' │ 100  │  0   │  0  │ Infinity │    0     │ 22439.1 │ 6108.7 │  0  │ 0.2 │  3400  │  6800000   │  232200   │   443260000   │       │           │      │
│   13    │ 1.9 │ 1.9 │ 1.9 │ 1.9 │        │           │  169200   │  2600   │  4940000  │ 1603190000 │ 1670494200000 │ '2022-12-08T10:10:00.000Z' │  0   │ 100  │  0  │    0     │ Infinity │ 22439.1 │ 6108.7 │  0  │     │ -2600  │  -4940000  │  229600   │   438320000   │ 2600  │  4940000  │ 0.4  │
│   14    │ 1.9 │ 1.9 │ 1.9 │ 1.9 │        │           │  170600   │  2800   │  5320000  │ 1605850000 │ 1670494500000 │ '2022-12-08T10:15:00.000Z' │  0   │ 100  │  0  │    0     │ Infinity │ 22439.1 │ 6108.7 │  0  │     │ -2800  │  -5320000  │  226800   │   433000000   │ 2800  │  5320000  │ 0.5  │
│   15    │ 1.9 │ 1.9 │ 1.9 │ 1.9 │        │           │  171300   │  1400   │  2660000  │ 1607180000 │ 1670495700000 │ '2022-12-08T10:35:00.000Z' │  0   │ 100  │  0  │    0     │ Infinity │ 22439.1 │ 6108.7 │  0  │     │ -1400  │  -2660000  │  225400   │   430340000   │ 1400  │  2660000  │ 0.2  │
│   16    │  2  │  2  │  2  │  2  │  7000  │ 14000000  │  174800   │  7000   │ 14000000  │ 1614180000 │ 1670496600000 │ '2022-12-08T10:50:00.000Z' │ 100  │  0   │  0  │ Infinity │    0     │ 22439.1 │ 6108.7 │  0  │ 0.3 │  7000  │  14000000  │  232400   │   444340000   │       │           │      │
│   17    │  2  │  2  │  2  │  2  │  2000  │  4000000  │  175800   │  2000   │  4000000  │ 1616180000 │ 1670496900000 │ '2022-12-08T10:55:00.000Z' │ 100  │  0   │  0  │ Infinity │    0     │ 22439.1 │ 6108.7 │  0  │ 0.1 │  2000  │  4000000   │  234400   │   448340000   │       │           │      │
│   18    │  2  │  2  │  2  │  2  │  1000  │  2000000  │  176300   │  1000   │  2000000  │ 1617180000 │ 1670497200000 │ '2022-12-08T11:00:00.000Z' │ 100  │  0   │  0  │ Infinity │    0     │ 22439.1 │ 6108.7 │  0  │  0  │  1000  │  2000000   │  235400   │   450340000   │       │           │      │
│   19    │  2  │  2  │  2  │  2  │ 103400 │ 206800000 │  228000   │ 103400  │ 206800000 │ 1720580000 │ 1670497800000 │ '2022-12-08T11:10:00.000Z' │ 100  │  0   │  0  │ Infinity │    0     │ 22439.1 │ 6108.7 │  0  │ 4.6 │ 103400 │ 206800000  │  338800   │   657140000   │       │           │      │
│   20    │ 1.9 │  2  │ 1.9 │  2  │  200   │  400000   │  229100   │  2200   │  4200000  │ 1722680000 │ 1670498100000 │ '2022-12-08T11:15:00.000Z' │ 9.1  │ 90.9 │  0  │   0.1    │    10    │ 22439.1 │ 6108.7 │  0  │  0  │ -1800  │  -3400000  │  337000   │   653740000   │ 2000  │  3800000  │ 0.3  │
├─────────┼─────┼─────┼─────┼─────┼────────┼───────────┼───────────┼─────────┼───────────┼────────────┼───────────────┼────────────────────────────┼──────┼──────┼─────┼──────────┼──────────┼─────────┼────────┼─────┼─────┼────────┼────────────┼───────────┼───────────────┼───────┼───────────┼──────┤
│ (index) │  c  │  h  │  l  │  o  │   bu   │  val_bu   │ total_vol │ sum_vol │    val    │  acum_val  │   datetime    │            date            │ pbu  │ psd  │ puk │    bs    │    sb    │   abu   │  asd   │ auk │ rbu │ bu-sd  │ bu-sd_val  │ acum_busd │ acum_busd_val │  sd   │  val_sd   │ rsd  │
├─────────┼─────┼─────┼─────┼─────┼────────┼───────────┼───────────┼─────────┼───────────┼────────────┼───────────────┼────────────────────────────┼──────┼──────┼─────┼──────────┼──────────┼─────────┼────────┼─────┼─────┼────────┼────────────┼───────────┼───────────────┼───────┼───────────┼──────┤
│   21    │  2  │  2  │ 1.9 │ 1.9 │ 12000  │ 24000000  │  235500   │  12800  │ 25520000  │ 1735440000 │ 1670498400000 │ '2022-12-08T11:20:00.000Z' │ 93.8 │ 6.3  │  0  │    15    │   0.1    │ 22439.1 │ 6108.7 │  0  │ 0.5 │ 11200  │  22480000  │  348200   │   676220000   │  800  │  1520000  │ 0.1  │
│   22    │  2  │  2  │  2  │  2  │ 12000  │ 24000000  │  241500   │  12000  │ 24000000  │ 1747440000 │ 1670498700000 │ '2022-12-08T11:25:00.000Z' │ 100  │  0   │  0  │ Infinity │    0     │ 22439.1 │ 6108.7 │  0  │ 0.5 │ 12000  │  24000000  │  360200   │   700220000   │       │           │      │
│   23    │  2  │  2  │  2  │  2  │ 12800  │ 25600000  │  247900   │  12800  │ 25600000  │ 1760240000 │ 1670504400000 │ '2022-12-08T13:00:00.000Z' │ 100  │  0   │  0  │ Infinity │    0     │ 22439.1 │ 6108.7 │  0  │ 0.6 │ 12800  │  25600000  │  373000   │   725820000   │       │           │      │
│   24    │  2  │  2  │  2  │  2  │  1200  │  2400000  │  248500   │  1200   │  2400000  │ 1761440000 │ 1670504700000 │ '2022-12-08T13:05:00.000Z' │ 100  │  0   │  0  │ Infinity │    0     │ 22439.1 │ 6108.7 │  0  │ 0.1 │  1200  │  2400000   │  374200   │   728220000   │       │           │      │
│   25    │  2  │  2  │  2  │  2  │ 116600 │ 233200000 │  306800   │ 116600  │ 233200000 │ 1878040000 │ 1670505000000 │ '2022-12-08T13:10:00.000Z' │ 100  │  0   │  0  │ Infinity │    0     │ 22439.1 │ 6108.7 │  0  │ 5.2 │ 116600 │ 233200000  │  490800   │   961420000   │       │           │      │
│   26    │  2  │  2  │  2  │  2  │ 23200  │ 46400000  │  318400   │  23200  │ 46400000  │ 1901240000 │ 1670505300000 │ '2022-12-08T13:15:00.000Z' │ 100  │  0   │  0  │ Infinity │    0     │ 22439.1 │ 6108.7 │  0  │  1  │ 23200  │  46400000  │  514000   │  1007820000   │       │           │      │
│   27    │ 1.9 │ 1.9 │ 1.9 │ 1.9 │        │           │  320100   │  3400   │  6460000  │ 1904470000 │ 1670505600000 │ '2022-12-08T13:20:00.000Z' │  0   │ 100  │  0  │    0     │ Infinity │ 22439.1 │ 6108.7 │  0  │     │ -3400  │  -6460000  │  510600   │  1001360000   │ 3400  │  6460000  │ 0.6  │
│   28    │  2  │  2  │ 1.9 │ 1.9 │  1600  │  3200000  │  333400   │  26600  │ 50700000  │ 1929820000 │ 1670505900000 │ '2022-12-08T13:25:00.000Z' │  6   │  94  │  0  │   0.1    │   15.6   │ 22439.1 │ 6108.7 │  0  │ 0.1 │ -23400 │ -44300000  │  487200   │   957060000   │ 25000 │ 47500000  │ 4.1  │
│   29    │ 1.9 │  2  │ 1.9 │  2  │  2600  │  5200000  │  335700   │  4600   │  9000000  │ 1934320000 │ 1670506200000 │ '2022-12-08T13:30:00.000Z' │ 56.5 │ 43.5 │  0  │   1.3    │   0.8    │ 22439.1 │ 6108.7 │  0  │ 0.1 │  600   │  1400000   │  487800   │   958460000   │ 2000  │  3800000  │ 0.3  │
│   30    │ 1.9 │ 1.9 │ 1.9 │ 1.9 │        │           │  335800   │   200   │  380000   │ 1934510000 │ 1670506500000 │ '2022-12-08T13:35:00.000Z' │  0   │ 100  │  0  │    0     │ Infinity │ 22439.1 │ 6108.7 │  0  │     │  -200  │  -380000   │  487600   │   958080000   │  200  │  380000   │  0   │
│   31    │ 1.9 │ 1.9 │ 1.9 │ 1.9 │        │           │  335900   │   200   │  380000   │ 1934700000 │ 1670506800000 │ '2022-12-08T13:40:00.000Z' │  0   │ 100  │  0  │    0     │ Infinity │ 22439.1 │ 6108.7 │  0  │     │  -200  │  -380000   │  487400   │   957700000   │  200  │  380000   │  0   │
│   32    │ 1.9 │ 1.9 │ 1.9 │ 1.9 │        │           │  336600   │  1400   │  2660000  │ 1936030000 │ 1670507100000 │ '2022-12-08T13:45:00.000Z' │  0   │ 100  │  0  │    0     │ Infinity │ 22439.1 │ 6108.7 │  0  │     │ -1400  │  -2660000  │  486000   │   955040000   │ 1400  │  2660000  │ 0.2  │
│   33    │  2  │  2  │ 1.9 │ 1.9 │  200   │  400000   │  338200   │  3200   │  6100000  │ 1939080000 │ 1670507700000 │ '2022-12-08T13:55:00.000Z' │ 6.3  │ 93.8 │  0  │   0.1    │    15    │ 22439.1 │ 6108.7 │  0  │  0  │ -2800  │  -5300000  │  483200   │   949740000   │ 3000  │  5700000  │ 0.5  │
│   34    │  2  │  2  │  2  │  2  │  1800  │  3600000  │  339100   │  1800   │  3600000  │ 1940880000 │ 1670508000000 │ '2022-12-08T14:00:00.000Z' │ 100  │  0   │  0  │ Infinity │    0     │ 22439.1 │ 6108.7 │  0  │ 0.1 │  1800  │  3600000   │  485000   │   953340000   │       │           │      │
│   35    │ 1.9 │ 1.9 │ 1.9 │ 1.9 │        │           │  358100   │  38000  │ 72200000  │ 1976980000 │ 1670508300000 │ '2022-12-08T14:05:00.000Z' │  0   │ 100  │  0  │    0     │ Infinity │ 22439.1 │ 6108.7 │  0  │     │ -38000 │ -72200000  │  447000   │   881140000   │ 38000 │ 72200000  │ 6.2  │
│   36    │  2  │  2  │  2  │  2  │ 18000  │ 36000000  │  367100   │  18000  │ 36000000  │ 1994980000 │ 1670508600000 │ '2022-12-08T14:10:00.000Z' │ 100  │  0   │  0  │ Infinity │    0     │ 22439.1 │ 6108.7 │  0  │ 0.8 │ 18000  │  36000000  │  465000   │   917140000   │       │           │      │
│   37    │ 1.9 │  2  │ 1.9 │  2  │  400   │  800000   │  391800   │  49400  │ 93900000  │ 2041930000 │ 1670508900000 │ '2022-12-08T14:15:00.000Z' │ 0.8  │ 99.2 │  0  │    0     │  122.5   │ 22439.1 │ 6108.7 │  0  │  0  │ -48600 │ -92300000  │  416400   │   824840000   │ 49000 │ 93100000  │  8   │
│   38    │ 1.9 │  2  │ 1.9 │  2  │  5000  │ 10000000  │  395500   │  7400   │ 14560000  │ 2049210000 │ 1670509200000 │ '2022-12-08T14:20:00.000Z' │ 67.6 │ 32.4 │  0  │   2.1    │   0.5    │ 22439.1 │ 6108.7 │  0  │ 0.2 │  2600  │  5440000   │  419000   │   830280000   │ 2400  │  4560000  │ 0.4  │
│   39    │ 1.9 │  2  │ 1.9 │ 1.9 │  2000  │  4000000  │  444000   │  97000  │ 184500000 │ 2141460000 │ 1670509500000 │ '2022-12-08T14:25:00.000Z' │ 2.1  │ 97.9 │  0  │    0     │   47.5   │ 22439.1 │ 6108.7 │  0  │ 0.1 │ -93000 │ -176500000 │  326000   │   653780000   │ 95000 │ 180500000 │ 15.6 │
│   40    │  2  │  2  │  2  │  2  │ 72200  │ 144400000 │  480100   │  72200  │ 144400000 │ 2213660000 │ 1670509800000 │ '2022-12-08T14:30:00.000Z' │ 100  │  0   │  0  │ Infinity │    0     │ 22439.1 │ 6108.7 │  0  │ 3.2 │ 72200  │ 144400000  │  398200   │   798180000   │       │           │      │
├─────────┼─────┼─────┼─────┼─────┼────────┼───────────┼───────────┼─────────┼───────────┼────────────┼───────────────┼────────────────────────────┼──────┼──────┼─────┼──────────┼──────────┼─────────┼────────┼─────┼─────┼────────┼────────────┼───────────┼───────────────┼───────┼───────────┼──────┤
│ (index) │  c  │  h  │  l  │  o  │   bu   │  val_bu   │ total_vol │ sum_vol │    val    │  acum_val  │   datetime    │            date            │ pbu  │ psd  │ puk │    bs    │    sb    │   abu   │  asd   │ auk │ rbu │ bu-sd  │ bu-sd_val  │ acum_busd │ acum_busd_val │  sd   │  val_sd   │ rsd  │
├─────────┼─────┼─────┼─────┼─────┼────────┼───────────┼───────────┼─────────┼───────────┼────────────┼───────────────┼────────────────────────────┼──────┼──────┼─────┼──────────┼──────────┼─────────┼────────┼─────┼─────┼────────┼────────────┼───────────┼───────────────┼───────┼───────────┼──────┤
│   41    │  2  │  2  │  2  │  2  │ 44000  │ 88000000  │  502100   │  44000  │ 88000000  │ 2257660000 │ 1670510100000 │ '2022-12-08T14:35:00.000Z' │ 100  │  0   │  0  │ Infinity │    0     │ 22439.1 │ 6108.7 │  0  │  2  │ 44000  │  88000000  │  442200   │   886180000   │       │           │      │
│   42    │  2  │  2  │  2  │  2  │  2000  │  4000000  │  503100   │  2000   │  4000000  │ 2259660000 │ 1670510400000 │ '2022-12-08T14:40:00.000Z' │ 100  │  0   │  0  │ Infinity │    0     │ 22439.1 │ 6108.7 │  0  │ 0.1 │  2000  │  4000000   │  444200   │   890180000   │       │           │      │
│   43    │  2  │  2  │  2  │  2  │ 113800 │ 227600000 │  560000   │ 113800  │ 227600000 │ 2373460000 │ 1670510700000 │ '2022-12-08T14:45:00.000Z' │ 100  │  0   │  0  │ Infinity │    0     │ 22439.1 │ 6108.7 │  0  │ 5.1 │ 113800 │ 227600000  │  558000   │  1117780000   │       │           │      │
│   44    │  2  │  2  │  2  │  2  │ 69200  │ 138400000 │  594600   │  69200  │ 138400000 │ 2442660000 │ 1670511000000 │ '2022-12-08T14:50:00.000Z' │ 100  │  0   │  0  │ Infinity │    0     │ 22439.1 │ 6108.7 │  0  │ 3.1 │ 69200  │ 138400000  │  627200   │  1256180000   │       │           │      │
│   45    │  2  │  2  │  2  │  2  │ 124000 │ 248000000 │  656600   │ 124000  │ 248000000 │ 2566660000 │ 1670511300000 │ '2022-12-08T14:55:00.000Z' │ 100  │  0   │  0  │ Infinity │    0     │ 22439.1 │ 6108.7 │  0  │ 5.5 │ 124000 │ 248000000  │  751200   │  1504180000   │       │           │      │
└─────────┴─────┴─────┴─────┴─────┴────────┴───────────┴───────────┴─────────┴───────────┴────────────┴───────────────┴────────────────────────────┴──────┴──────┴─────┴──────────┴──────────┴─────────┴────────┴─────┴─────┴────────┴────────────┴───────────┴───────────────┴───────┴───────────┴──────┘

