┌─────────┬───────┬───────┬───────┬───────┬───────┬──────────┬───────────┬─────────┬──────────┬───────────┬───────────────┬────────────────────────────┬──────┬──────┬─────┬──────────┬──────────┬──────┬─────┬─────┬─────┬───────┬───────────┬───────────┬───────────────┬──────┬──────────┬─────┐
│ (index) │   c   │   h   │   l   │   o   │  bu   │  val_bu  │ total_vol │ sum_vol │   val    │ acum_val  │   datetime    │            date            │ pbu  │ psd  │ puk │    bs    │    sb    │ abu  │ asd │ auk │ rbu │ bu-sd │ bu-sd_val │ acum_busd │ acum_busd_val │  sd  │  val_sd  │ rsd │
├─────────┼───────┼───────┼───────┼───────┼───────┼──────────┼───────────┼─────────┼──────────┼───────────┼───────────────┼────────────────────────────┼──────┼──────┼─────┼──────────┼──────────┼──────┼─────┼─────┼─────┼───────┼───────────┼───────────┼───────────────┼──────┼──────────┼─────┤
│    0    │  14   │  14   │  14   │  14   │  200  │   2800   │    100    │   200   │   2800   │ 380284800 │ 1670490840000 │ '2022-12-08T09:14:00.000Z' │ 100  │  0   │  0  │ Infinity │    0     │ 1330 │ 965 │  0  │ 0.2 │  200  │   2800    │    200    │     2800      │      │          │     │
│    1    │  14   │  14   │  14   │  14   │  800  │  11200   │    500    │   800   │  11200   │ 380290400 │ 1670491080000 │ '2022-12-08T09:18:00.000Z' │ 100  │  0   │  0  │ Infinity │    0     │ 1330 │ 965 │  0  │ 0.6 │  800  │   11200   │   1000    │     14000     │      │          │     │
│    2    │  14   │  14   │  14   │  14   │ 2400  │  33600   │   1700    │  2400   │  33600   │ 380307200 │ 1670491200000 │ '2022-12-08T09:20:00.000Z' │ 100  │  0   │  0  │ Infinity │    0     │ 1330 │ 965 │  0  │ 1.8 │ 2400  │   33600   │   3400    │     47600     │      │          │     │
│    3    │ 13.35 │  14   │ 13.35 │  14   │ 2400  │  33600   │   4400    │  5400   │ 40283600 │ 400449000 │ 1670491320000 │ '2022-12-08T09:22:00.000Z' │ 44.4 │ 55.6 │  0  │   0.8    │   1.3    │ 1330 │ 965 │  0  │ 1.8 │ -600  │ -40216400 │   2800    │   -40168800   │ 3000 │ 40250000 │ 3.1 │
│    4    │ 13.5  │ 13.55 │ 13.5  │ 13.55 │       │          │   6400    │  4000   │ 54100000 │ 427499000 │ 1670492040000 │ '2022-12-08T09:34:00.000Z' │  0   │ 100  │  0  │    0     │ Infinity │ 1330 │ 965 │  0  │     │ -4000 │ -54100000 │   -1200   │   -94268800   │ 4000 │ 54100000 │ 4.1 │
│    5    │ 13.5  │ 13.5  │ 13.5  │ 13.5  │       │          │   6800    │   800   │ 10800000 │ 432899000 │ 1670492160000 │ '2022-12-08T09:36:00.000Z' │  0   │ 100  │  0  │    0     │ Infinity │ 1330 │ 965 │  0  │     │ -800  │ -10800000 │   -2000   │  -105068800   │ 800  │ 10800000 │ 0.8 │
│    6    │ 13.5  │ 13.5  │ 13.5  │ 13.5  │       │          │   10200   │  6800   │ 91800000 │ 478799000 │ 1670492280000 │ '2022-12-08T09:38:00.000Z' │  0   │ 100  │  0  │    0     │ Infinity │ 1330 │ 965 │  0  │     │ -6800 │ -91800000 │   -8800   │  -196868800   │ 6800 │ 91800000 │  7  │
│    7    │ 13.45 │ 13.5  │ 13.45 │ 13.5  │       │          │   11900   │  3400   │ 45860000 │ 501729000 │ 1670492400000 │ '2022-12-08T09:40:00.000Z' │  0   │ 100  │  0  │    0     │ Infinity │ 1330 │ 965 │  0  │     │ -3400 │ -45860000 │  -12200   │  -242728800   │ 3400 │ 45860000 │ 3.5 │
│    8    │ 13.4  │ 13.5  │ 13.4  │ 13.5  │       │          │   13300   │  2800   │ 37580000 │ 520519000 │ 1670492520000 │ '2022-12-08T09:42:00.000Z' │  0   │ 100  │  0  │    0     │ Infinity │ 1330 │ 965 │  0  │     │ -2800 │ -37580000 │  -15000   │  -280308800   │ 2800 │ 37580000 │ 2.9 │
│    9    │  14   │  14   │  14   │  14   │  800  │  11200   │   13700   │   800   │  11200   │ 520524600 │ 1670492880000 │ '2022-12-08T09:48:00.000Z' │ 100  │  0   │  0  │ Infinity │    0     │ 1330 │ 965 │  0  │ 0.6 │  800  │   11200   │  -14200   │  -280297600   │      │          │     │
│   10    │ 13.9  │ 13.9  │ 13.9  │ 13.9  │  200  │ 2780000  │   13800   │   200   │ 2780000  │ 521914600 │ 1670493000000 │ '2022-12-08T09:50:00.000Z' │ 100  │  0   │  0  │ Infinity │    0     │ 1330 │ 965 │  0  │ 0.2 │  200  │  2780000  │  -14000   │  -277517600   │      │          │     │
│   11    │ 13.95 │ 13.95 │ 13.95 │ 13.95 │  400  │ 5580000  │   14000   │   400   │ 5580000  │ 524704600 │ 1670493480000 │ '2022-12-08T09:58:00.000Z' │ 100  │  0   │  0  │ Infinity │    0     │ 1330 │ 965 │  0  │ 0.3 │  400  │  5580000  │  -13600   │  -271937600   │      │          │     │
│   12    │ 13.95 │ 13.95 │ 13.95 │ 13.95 │  400  │ 5580000  │   14200   │   400   │ 5580000  │ 527494600 │ 1670494200000 │ '2022-12-08T10:10:00.000Z' │ 100  │  0   │  0  │ Infinity │    0     │ 1330 │ 965 │  0  │ 0.3 │  400  │  5580000  │  -13200   │  -266357600   │      │          │     │
│   13    │ 13.95 │ 13.95 │ 13.95 │ 13.95 │  200  │ 2790000  │   14300   │   200   │ 2790000  │ 528889600 │ 1670494440000 │ '2022-12-08T10:14:00.000Z' │ 100  │  0   │  0  │ Infinity │    0     │ 1330 │ 965 │  0  │ 0.2 │  200  │  2790000  │  -13000   │  -263567600   │      │          │     │
│   14    │ 13.95 │ 13.95 │ 13.95 │ 13.95 │  200  │ 2790000  │   14400   │   200   │ 2790000  │ 530284600 │ 1670494800000 │ '2022-12-08T10:20:00.000Z' │ 100  │  0   │  0  │ Infinity │    0     │ 1330 │ 965 │  0  │ 0.2 │  200  │  2790000  │  -12800   │  -260777600   │      │          │     │
│   15    │ 13.95 │ 13.95 │ 13.95 │ 13.95 │  600  │ 8370000  │   14700   │   600   │ 8370000  │ 534469600 │ 1670495400000 │ '2022-12-08T10:30:00.000Z' │ 100  │  0   │  0  │ Infinity │    0     │ 1330 │ 965 │  0  │ 0.5 │  600  │  8370000  │  -12200   │  -252407600   │      │          │     │
│   16    │  14   │  14   │  14   │  14   │ 12000 │  168000  │   20700   │  12000  │  168000  │ 534553600 │ 1670495520000 │ '2022-12-08T10:32:00.000Z' │ 100  │  0   │  0  │ Infinity │    0     │ 1330 │ 965 │  0  │  9  │ 12000 │  168000   │   -200    │  -252239600   │      │          │     │
│   17    │  14   │  14   │  14   │  14   │ 1000  │  14000   │   21200   │  1000   │  14000   │ 534560600 │ 1670495640000 │ '2022-12-08T10:34:00.000Z' │ 100  │  0   │  0  │ Infinity │    0     │ 1330 │ 965 │  0  │ 0.8 │ 1000  │   14000   │    800    │  -252225600   │      │          │     │
│   18    │  14   │  14   │  14   │  14   │  200  │   2800   │   21300   │   200   │   2800   │ 534562000 │ 1670495760000 │ '2022-12-08T10:36:00.000Z' │ 100  │  0   │  0  │ Infinity │    0     │ 1330 │ 965 │  0  │ 0.2 │  200  │   2800    │   1000    │  -252222800   │      │          │     │
│   19    │  14   │  14   │  14   │  14   │  200  │   2800   │   21400   │   200   │   2800   │ 534563400 │ 1670496000000 │ '2022-12-08T10:40:00.000Z' │ 100  │  0   │  0  │ Infinity │    0     │ 1330 │ 965 │  0  │ 0.2 │  200  │   2800    │   1200    │  -252220000   │      │          │     │
│   20    │ 13.85 │ 13.85 │ 13.85 │ 13.85 │ 3000  │ 41550000 │   22900   │  3000   │ 41550000 │ 555338400 │ 1670496120000 │ '2022-12-08T10:42:00.000Z' │ 100  │  0   │  0  │ Infinity │    0     │ 1330 │ 965 │  0  │ 2.3 │ 3000  │ 41550000  │   4200    │  -210670000   │      │          │     │
├─────────┼───────┼───────┼───────┼───────┼───────┼──────────┼───────────┼─────────┼──────────┼───────────┼───────────────┼────────────────────────────┼──────┼──────┼─────┼──────────┼──────────┼──────┼─────┼─────┼─────┼───────┼───────────┼───────────┼───────────────┼──────┼──────────┼─────┤
│ (index) │   c   │   h   │   l   │   o   │  bu   │  val_bu  │ total_vol │ sum_vol │   val    │ acum_val  │   datetime    │            date            │ pbu  │ psd  │ puk │    bs    │    sb    │ abu  │ asd │ auk │ rbu │ bu-sd │ bu-sd_val │ acum_busd │ acum_busd_val │  sd  │  val_sd  │ rsd │
├─────────┼───────┼───────┼───────┼───────┼───────┼──────────┼───────────┼─────────┼──────────┼───────────┼───────────────┼────────────────────────────┼──────┼──────┼─────┼──────────┼──────────┼──────┼─────┼─────┼─────┼───────┼───────────┼───────────┼───────────────┼──────┼──────────┼─────┤
│   21    │ 13.7  │ 13.75 │ 13.7  │ 13.75 │       │          │   24900   │  4000   │ 54850000 │ 582763400 │ 1670496360000 │ '2022-12-08T10:46:00.000Z' │  0   │ 100  │  0  │    0     │ Infinity │ 1330 │ 965 │  0  │     │ -4000 │ -54850000 │    200    │  -265520000   │ 4000 │ 54850000 │ 4.1 │
│   22    │ 13.95 │ 13.95 │ 13.95 │ 13.95 │ 2000  │ 27900000 │   25900   │  2000   │ 27900000 │ 596713400 │ 1670496600000 │ '2022-12-08T10:50:00.000Z' │ 100  │  0   │  0  │ Infinity │    0     │ 1330 │ 965 │  0  │ 1.5 │ 2000  │ 27900000  │   2200    │  -237620000   │      │          │     │
│   23    │ 13.95 │ 13.95 │ 13.95 │ 13.95 │  600  │ 8370000  │   26200   │   600   │ 8370000  │ 600898400 │ 1670496720000 │ '2022-12-08T10:52:00.000Z' │ 100  │  0   │  0  │ Infinity │    0     │ 1330 │ 965 │  0  │ 0.5 │  600  │  8370000  │   2800    │  -229250000   │      │          │     │
│   24    │ 13.95 │ 13.95 │ 13.95 │ 13.95 │ 3400  │ 47430000 │   27900   │  3400   │ 47430000 │ 624613400 │ 1670496840000 │ '2022-12-08T10:54:00.000Z' │ 100  │  0   │  0  │ Infinity │    0     │ 1330 │ 965 │  0  │ 2.6 │ 3400  │ 47430000  │   6200    │  -181820000   │      │          │     │
│   25    │ 13.95 │  14   │ 13.95 │  14   │  200  │   2800   │   28300   │   800   │ 8372800  │ 628799800 │ 1670497080000 │ '2022-12-08T10:58:00.000Z' │  25  │  75  │  0  │   0.3    │    3     │ 1330 │ 965 │  0  │ 0.2 │ -400  │ -8367200  │   5800    │  -190187200   │ 600  │ 8370000  │ 0.6 │
│   26    │ 13.7  │ 13.75 │ 13.7  │ 13.75 │       │          │   29200   │  1800   │ 24720000 │ 641159800 │ 1670498160000 │ '2022-12-08T11:16:00.000Z' │  0   │ 100  │  0  │    0     │ Infinity │ 1330 │ 965 │  0  │     │ -1800 │ -24720000 │   4000    │  -214907200   │ 1800 │ 24720000 │ 1.9 │
│   27    │ 13.7  │ 13.7  │ 13.7  │ 13.7  │       │          │   32200   │  6000   │ 82200000 │ 682259800 │ 1670498520000 │ '2022-12-08T11:22:00.000Z' │  0   │ 100  │  0  │    0     │ Infinity │ 1330 │ 965 │  0  │     │ -6000 │ -82200000 │   -2000   │  -297107200   │ 6000 │ 82200000 │ 6.2 │
│   28    │ 13.7  │ 13.7  │ 13.7  │ 13.7  │  200  │ 2740000  │   32300   │   200   │ 2740000  │ 683629800 │ 1670498640000 │ '2022-12-08T11:24:00.000Z' │ 100  │  0   │  0  │ Infinity │    0     │ 1330 │ 965 │  0  │ 0.2 │  200  │  2740000  │   -1800   │  -294367200   │      │          │     │
│   29    │ 13.85 │ 13.85 │ 13.85 │ 13.85 │  600  │ 8310000  │   32600   │   600   │ 8310000  │ 687784800 │ 1670498880000 │ '2022-12-08T11:28:00.000Z' │ 100  │  0   │  0  │ Infinity │    0     │ 1330 │ 965 │  0  │ 0.5 │  600  │  8310000  │   -1200   │  -286057200   │      │          │     │
│   30    │ 13.9  │ 13.9  │ 13.9  │ 13.9  │  200  │ 2780000  │   32700   │   200   │ 2780000  │ 689174800 │ 1670506920000 │ '2022-12-08T13:42:00.000Z' │ 100  │  0   │  0  │ Infinity │    0     │ 1330 │ 965 │  0  │ 0.2 │  200  │  2780000  │   -1000   │  -283277200   │      │          │     │
│   31    │ 13.8  │ 13.8  │ 13.75 │ 13.75 │  400  │ 5520000  │   33000   │   600   │ 8270000  │ 693309800 │ 1670507160000 │ '2022-12-08T13:46:00.000Z' │ 66.7 │ 33.3 │  0  │    2     │   0.5    │ 1330 │ 965 │  0  │ 0.3 │  200  │  2770000  │   -800    │  -280507200   │ 200  │ 2750000  │ 0.2 │
│   32    │ 13.85 │ 13.85 │ 13.85 │ 13.85 │       │          │   33100   │   200   │ 2770000  │ 694694800 │ 1670508600000 │ '2022-12-08T14:10:00.000Z' │  0   │ 100  │  0  │    0     │ Infinity │ 1330 │ 965 │  0  │     │ -200  │ -2770000  │   -1000   │  -283277200   │ 200  │ 2770000  │ 0.2 │
│   33    │ 13.7  │ 13.7  │ 13.7  │ 13.7  │       │          │   35300   │  4400   │ 60280000 │ 724834800 │ 1670508720000 │ '2022-12-08T14:12:00.000Z' │  0   │ 100  │  0  │    0     │ Infinity │ 1330 │ 965 │  0  │     │ -4400 │ -60280000 │   -5400   │  -343557200   │ 4400 │ 60280000 │ 4.6 │
│   34    │ 13.7  │ 13.7  │ 13.7  │ 13.7  │       │          │   35400   │   200   │ 2740000  │ 726204800 │ 1670508960000 │ '2022-12-08T14:16:00.000Z' │  0   │ 100  │  0  │    0     │ Infinity │ 1330 │ 965 │  0  │     │ -200  │ -2740000  │   -5600   │  -346297200   │ 200  │ 2740000  │ 0.2 │
│   35    │ 13.7  │ 13.7  │ 13.7  │ 13.7  │  200  │ 2740000  │   35500   │   200   │ 2740000  │ 727574800 │ 1670509080000 │ '2022-12-08T14:18:00.000Z' │ 100  │  0   │  0  │ Infinity │    0     │ 1330 │ 965 │  0  │ 0.2 │  200  │  2740000  │   -5400   │  -343557200   │      │          │     │
│   36    │ 13.7  │ 13.7  │ 13.7  │ 13.7  │  200  │ 2740000  │   35600   │   200   │ 2740000  │ 728944800 │ 1670509200000 │ '2022-12-08T14:20:00.000Z' │ 100  │  0   │  0  │ Infinity │    0     │ 1330 │ 965 │  0  │ 0.2 │  200  │  2740000  │   -5200   │  -340817200   │      │          │     │
│   37    │ 13.7  │ 13.7  │ 13.7  │ 13.7  │ 4200  │ 57540000 │   37700   │  4200   │ 57540000 │ 757714800 │ 1670509320000 │ '2022-12-08T14:22:00.000Z' │ 100  │  0   │  0  │ Infinity │    0     │ 1330 │ 965 │  0  │ 3.2 │ 4200  │ 57540000  │   -1000   │  -283277200   │      │          │     │
│   38    │ 13.7  │ 13.7  │ 13.7  │ 13.7  │       │          │   37900   │   400   │ 5480000  │ 760454800 │ 1670509560000 │ '2022-12-08T14:26:00.000Z' │  0   │ 100  │  0  │    0     │ Infinity │ 1330 │ 965 │  0  │     │ -400  │ -5480000  │   -1400   │  -288757200   │ 400  │ 5480000  │ 0.4 │
│   39    │  14   │  14   │  14   │  14   │ 16000 │  224000  │   45900   │  16000  │  224000  │ 760566800 │ 1670510640000 │ '2022-12-08T14:44:00.000Z' │ 100  │  0   │  0  │ Infinity │    0     │ 1330 │ 965 │  0  │ 12  │ 16000 │  224000   │   14600   │  -288533200   │      │          │     │
└─────────┴───────┴───────┴───────┴───────┴───────┴──────────┴───────────┴─────────┴──────────┴───────────┴───────────────┴────────────────────────────┴──────┴──────┴─────┴──────────┴──────────┴──────┴─────┴─────┴─────┴───────┴───────────┴───────────┴───────────────┴──────┴──────────┴─────┘
├─────────┼───────┼───────┼───────┼───────┼───────┼──────────┼───────────┼─────────┼──────────┼───────────┼───────────────┼────────────────────────────┼──────┼──────┼─────┼──────────┼──────────┼──────┼─────┼─────┼─────┼───────┼───────────┼───────────┼───────────────┼──────┼──────────┼─────┤
│ (index) │   c   │   h   │   l   │   o   │  bu   │  val_bu  │ total_vol │ sum_vol │   val    │ acum_val  │   datetime    │            date            │ pbu  │ psd  │ puk │    bs    │    sb    │ abu  │ asd │ auk │ rbu │ bu-sd │ bu-sd_val │ acum_busd │ acum_busd_val │  sd  │  val_sd  │ rsd │
├─────────┼───────┼───────┼───────┼───────┼───────┼──────────┼───────────┼─────────┼──────────┼───────────┼───────────────┼────────────────────────────┼──────┼──────┼─────┼──────────┼──────────┼──────┼─────┼─────┼─────┼───────┼───────────┼───────────┼───────────────┼──────┼──────────┼─────┤

