┌─────────┬──────┬──────┬──────┬──────┬───────┬──────────┬───────────┬─────────┬──────────┬───────────┬───────────────┬────────────────────────────┬─────┬─────┬─────┬──────────┬────┬──────┬─────┬─────┬─────┬───────┬───────────┬───────────┬───────────────┐
│ (index) │  c   │  h   │  l   │  o   │  bu   │  val_bu  │ total_vol │ sum_vol │   val    │ acum_val  │   datetime    │            date            │ pbu │ psd │ puk │    bs    │ sb │ abu  │ asd │ auk │ rbu │ bu-sd │ bu-sd_val │ acum_busd │ acum_busd_val │
├─────────┼──────┼──────┼──────┼──────┼───────┼──────────┼───────────┼─────────┼──────────┼───────────┼───────────────┼────────────────────────────┼─────┼─────┼─────┼──────────┼────┼──────┼─────┼─────┼─────┼───────┼───────────┼───────────┼───────────────┤
│    0    │ 6.58 │ 6.58 │ 6.58 │ 6.58 │ 6400  │ 42112000 │   3200    │  6400   │ 42112000 │ 161210000 │ 1670490900000 │ '2022-12-08T09:15:00.000Z' │ 100 │  0  │  0  │ Infinity │ 0  │ 2130 │  0  │  0  │  3  │ 6400  │ 42112000  │   6400    │   42112000    │
│    1    │ 6.58 │ 6.58 │ 6.58 │ 6.58 │ 10400 │ 68432000 │   8400    │  10400  │ 68432000 │ 195426000 │ 1670491200000 │ '2022-12-08T09:20:00.000Z' │ 100 │  0  │  0  │ Infinity │ 0  │ 2130 │  0  │  0  │ 4.9 │ 10400 │ 68432000  │   16800   │   110544000   │
│    2    │ 6.58 │ 6.58 │ 6.58 │ 6.58 │ 2400  │ 15792000 │   9600    │  2400   │ 15792000 │ 203322000 │ 1670491500000 │ '2022-12-08T09:25:00.000Z' │ 100 │  0  │  0  │ Infinity │ 0  │ 2130 │  0  │  0  │ 1.1 │ 2400  │ 15792000  │   19200   │   126336000   │
│    3    │ 6.58 │ 6.58 │ 6.58 │ 6.58 │ 2800  │ 18424000 │   11000   │  2800   │ 18424000 │ 212534000 │ 1670491800000 │ '2022-12-08T09:30:00.000Z' │ 100 │  0  │  0  │ Infinity │ 0  │ 2130 │  0  │  0  │ 1.3 │ 2800  │ 18424000  │   22000   │   144760000   │
│    4    │ 6.58 │ 6.58 │ 6.58 │ 6.58 │  600  │ 3948000  │   11300   │   600   │ 3948000  │ 214508000 │ 1670492100000 │ '2022-12-08T09:35:00.000Z' │ 100 │  0  │  0  │ Infinity │ 0  │ 2130 │  0  │  0  │ 0.3 │  600  │  3948000  │   22600   │   148708000   │
│    5    │ 6.58 │ 6.58 │ 6.58 │ 6.58 │  400  │ 2632000  │   11500   │   400   │ 2632000  │ 215824000 │ 1670492400000 │ '2022-12-08T09:40:00.000Z' │ 100 │  0  │  0  │ Infinity │ 0  │ 2130 │  0  │  0  │ 0.2 │  400  │  2632000  │   23000   │   151340000   │
│    6    │ 6.58 │ 6.58 │ 6.58 │ 6.58 │  200  │ 1316000  │   11600   │   200   │ 1316000  │ 216482000 │ 1670493000000 │ '2022-12-08T09:50:00.000Z' │ 100 │  0  │  0  │ Infinity │ 0  │ 2130 │  0  │  0  │ 0.1 │  200  │  1316000  │   23200   │   152656000   │
│    7    │ 6.58 │ 6.58 │ 6.58 │ 6.58 │  200  │ 1316000  │   11700   │   200   │ 1316000  │ 217140000 │ 1670493600000 │ '2022-12-08T10:00:00.000Z' │ 100 │  0  │  0  │ Infinity │ 0  │ 2130 │  0  │  0  │ 0.1 │  200  │  1316000  │   23400   │   153972000   │
│    8    │ 6.58 │ 6.58 │ 6.58 │ 6.58 │  200  │ 1316000  │   11800   │   200   │ 1316000  │ 217798000 │ 1670494200000 │ '2022-12-08T10:10:00.000Z' │ 100 │  0  │  0  │ Infinity │ 0  │ 2130 │  0  │  0  │ 0.1 │  200  │  1316000  │   23600   │   155288000   │
│    9    │ 6.58 │ 6.58 │ 6.58 │ 6.58 │ 1200  │ 7896000  │   12400   │  1200   │ 7896000  │ 221746000 │ 1670494800000 │ '2022-12-08T10:20:00.000Z' │ 100 │  0  │  0  │ Infinity │ 0  │ 2130 │  0  │  0  │ 0.6 │ 1200  │  7896000  │   24800   │   163184000   │
│   10    │ 6.58 │ 6.58 │ 6.58 │ 6.58 │  600  │ 3948000  │   12700   │   600   │ 3948000  │ 223720000 │ 1670495100000 │ '2022-12-08T10:25:00.000Z' │ 100 │  0  │  0  │ Infinity │ 0  │ 2130 │  0  │  0  │ 0.3 │  600  │  3948000  │   25400   │   167132000   │
│   11    │ 6.58 │ 6.58 │ 6.58 │ 6.58 │  200  │ 1316000  │   12800   │   200   │ 1316000  │ 224378000 │ 1670496000000 │ '2022-12-08T10:40:00.000Z' │ 100 │  0  │  0  │ Infinity │ 0  │ 2130 │  0  │  0  │ 0.1 │  200  │  1316000  │   25600   │   168448000   │
│   12    │ 6.58 │ 6.58 │ 6.58 │ 6.58 │  400  │ 2632000  │   13000   │   400   │ 2632000  │ 225694000 │ 1670496300000 │ '2022-12-08T10:45:00.000Z' │ 100 │  0  │  0  │ Infinity │ 0  │ 2130 │  0  │  0  │ 0.2 │  400  │  2632000  │   26000   │   171080000   │
│   13    │ 6.58 │ 6.58 │ 6.58 │ 6.58 │ 4000  │ 26320000 │   15000   │  4000   │ 26320000 │ 238854000 │ 1670497200000 │ '2022-12-08T11:00:00.000Z' │ 100 │  0  │  0  │ Infinity │ 0  │ 2130 │  0  │  0  │ 1.9 │ 4000  │ 26320000  │   30000   │   197400000   │
│   14    │ 6.58 │ 6.58 │ 6.58 │ 6.58 │ 1000  │ 6580000  │   15500   │  1000   │ 6580000  │ 242144000 │ 1670497500000 │ '2022-12-08T11:05:00.000Z' │ 100 │  0  │  0  │ Infinity │ 0  │ 2130 │  0  │  0  │ 0.5 │ 1000  │  6580000  │   31000   │   203980000   │
│   15    │ 6.58 │ 6.58 │ 6.58 │ 6.58 │ 4800  │ 31584000 │   17900   │  4800   │ 31584000 │ 257936000 │ 1670497800000 │ '2022-12-08T11:10:00.000Z' │ 100 │  0  │  0  │ Infinity │ 0  │ 2130 │  0  │  0  │ 2.3 │ 4800  │ 31584000  │   35800   │   235564000   │
│   16    │ 6.58 │ 6.58 │ 6.58 │ 6.58 │ 5600  │ 36848000 │   20700   │  5600   │ 36848000 │ 276360000 │ 1670504400000 │ '2022-12-08T13:00:00.000Z' │ 100 │  0  │  0  │ Infinity │ 0  │ 2130 │  0  │  0  │ 2.6 │ 5600  │ 36848000  │   41400   │   272412000   │
│   17    │ 6.58 │ 6.58 │ 6.58 │ 6.58 │  200  │ 1316000  │   20800   │   200   │ 1316000  │ 277018000 │ 1670505900000 │ '2022-12-08T13:25:00.000Z' │ 100 │  0  │  0  │ Infinity │ 0  │ 2130 │  0  │  0  │ 0.1 │  200  │  1316000  │   41600   │   273728000   │
│   18    │ 6.58 │ 6.58 │ 6.58 │ 6.58 │  600  │ 3948000  │   21100   │   600   │ 3948000  │ 278992000 │ 1670506500000 │ '2022-12-08T13:35:00.000Z' │ 100 │  0  │  0  │ Infinity │ 0  │ 2130 │  0  │  0  │ 0.3 │  600  │  3948000  │   42200   │   277676000   │
│   19    │ 6.58 │ 6.58 │ 6.58 │ 6.58 │  400  │ 2632000  │   21300   │   400   │ 2632000  │ 280308000 │ 1670507700000 │ '2022-12-08T13:55:00.000Z' │ 100 │  0  │  0  │ Infinity │ 0  │ 2130 │  0  │  0  │ 0.2 │  400  │  2632000  │   42600   │   280308000   │
└─────────┴──────┴──────┴──────┴──────┴───────┴──────────┴───────────┴─────────┴──────────┴───────────┴───────────────┴────────────────────────────┴─────┴─────┴─────┴──────────┴────┴──────┴─────┴─────┴─────┴───────┴───────────┴───────────┴───────────────┘
├─────────┼──────┼──────┼──────┼──────┼───────┼──────────┼───────────┼─────────┼──────────┼───────────┼───────────────┼────────────────────────────┼─────┼─────┼─────┼──────────┼────┼──────┼─────┼─────┼─────┼───────┼───────────┼───────────┼───────────────┤
│ (index) │  c   │  h   │  l   │  o   │  bu   │  val_bu  │ total_vol │ sum_vol │   val    │ acum_val  │   datetime    │            date            │ pbu │ psd │ puk │    bs    │ sb │ abu  │ asd │ auk │ rbu │ bu-sd │ bu-sd_val │ acum_busd │ acum_busd_val │
├─────────┼──────┼──────┼──────┼──────┼───────┼──────────┼───────────┼─────────┼──────────┼───────────┼───────────────┼────────────────────────────┼─────┼─────┼─────┼──────────┼────┼──────┼─────┼─────┼─────┼───────┼───────────┼───────────┼───────────────┤

