┌─────────┬─────┬─────┬─────┬─────┬───────┬──────────┬───────────┬─────────┬──────────┬───────────┬───────────────┬────────────────────────────┬─────┬─────┬─────┬──────────┬──────────┬────────┬────────┬─────┬─────┬───────┬───────────┬───────────┬───────────────┬──────┬──────────┬─────┐
│ (index) │  c  │  h  │  l  │  o  │  bu   │  val_bu  │ total_vol │ sum_vol │   val    │ acum_val  │   datetime    │            date            │ pbu │ psd │ puk │    bs    │    sb    │  abu   │  asd   │ auk │ rbu │ bu-sd │ bu-sd_val │ acum_busd │ acum_busd_val │  sd  │  val_sd  │ rsd │
├─────────┼─────┼─────┼─────┼─────┼───────┼──────────┼───────────┼─────────┼──────────┼───────────┼───────────────┼────────────────────────────┼─────┼─────┼─────┼──────────┼──────────┼────────┼────────┼─────┼─────┼───────┼───────────┼───────────┼───────────────┼──────┼──────────┼─────┤
│    0    │ 3.3 │ 3.3 │ 3.3 │ 3.3 │  800  │ 2640000  │    800    │   800   │ 2640000  │  2640000  │ 1675069200000 │ '2023-01-30T09:00:00.000Z' │ 100 │  0  │  0  │ Infinity │    0     │ 1336.7 │ 1036.7 │  0  │ 0.6 │  800  │  2640000  │    800    │    2640000    │      │          │     │
│    1    │ 3.3 │ 3.3 │ 3.3 │ 3.3 │ 10000 │ 33000000 │   10800   │  10000  │ 33000000 │ 35640000  │ 1675070400000 │ '2023-01-30T09:20:00.000Z' │ 100 │  0  │  0  │ Infinity │    0     │ 1336.7 │ 1036.7 │  0  │ 7.5 │ 10000 │ 33000000  │   10800   │   35640000    │      │          │     │
│    2    │ 3.3 │ 3.3 │ 3.3 │ 3.3 │       │          │   16700   │  5900   │ 19470000 │ 55110000  │ 1675070520000 │ '2023-01-30T09:22:00.000Z' │  0  │ 100 │  0  │    0     │ Infinity │ 1336.7 │ 1036.7 │  0  │     │ -5900 │ -19470000 │   4900    │   16170000    │ 5900 │ 19470000 │ 5.7 │
│    3    │ 3.3 │ 3.3 │ 3.3 │ 3.3 │       │          │   20200   │  3500   │ 11550000 │ 66660000  │ 1675070640000 │ '2023-01-30T09:24:00.000Z' │  0  │ 100 │  0  │    0     │ Infinity │ 1336.7 │ 1036.7 │  0  │     │ -3500 │ -11550000 │   1400    │    4620000    │ 3500 │ 11550000 │ 3.4 │
│    4    │ 3.3 │ 3.3 │ 3.3 │ 3.3 │       │          │   21200   │  1000   │ 3300000  │ 69960000  │ 1675070760000 │ '2023-01-30T09:26:00.000Z' │  0  │ 100 │  0  │    0     │ Infinity │ 1336.7 │ 1036.7 │  0  │     │ -1000 │ -3300000  │    400    │    1320000    │ 1000 │ 3300000  │  1  │
│    5    │ 3.3 │ 3.3 │ 3.3 │ 3.3 │       │          │   21700   │   500   │ 1650000  │ 71610000  │ 1675070880000 │ '2023-01-30T09:28:00.000Z' │  0  │ 100 │  0  │    0     │ Infinity │ 1336.7 │ 1036.7 │  0  │     │ -500  │ -1650000  │   -100    │    -330000    │ 500  │ 1650000  │ 0.5 │
│    6    │ 3.2 │ 3.2 │ 3.2 │ 3.2 │       │          │   24000   │  2300   │ 7360000  │ 78970000  │ 1675071360000 │ '2023-01-30T09:36:00.000Z' │  0  │ 100 │  0  │    0     │ Infinity │ 1336.7 │ 1036.7 │  0  │     │ -2300 │ -7360000  │   -2400   │   -7690000    │ 2300 │ 7360000  │ 2.2 │
│    7    │ 3.3 │ 3.3 │ 3.3 │ 3.3 │  100  │  330000  │   24100   │   100   │  330000  │ 79300000  │ 1675071960000 │ '2023-01-30T09:46:00.000Z' │ 100 │  0  │  0  │ Infinity │    0     │ 1336.7 │ 1036.7 │  0  │ 0.1 │  100  │  330000   │   -2300   │   -7360000    │      │          │     │
│    8    │ 3.3 │ 3.3 │ 3.3 │ 3.3 │ 10000 │ 33000000 │   34100   │  10000  │ 33000000 │ 112300000 │ 1675072200000 │ '2023-01-30T09:50:00.000Z' │ 100 │  0  │  0  │ Infinity │    0     │ 1336.7 │ 1036.7 │  0  │ 7.5 │ 10000 │ 33000000  │   7700    │   25640000    │      │          │     │
│    9    │ 3.3 │ 3.3 │ 3.3 │ 3.3 │       │          │   40400   │  6300   │ 20790000 │ 133090000 │ 1675072320000 │ '2023-01-30T09:52:00.000Z' │  0  │ 100 │  0  │    0     │ Infinity │ 1336.7 │ 1036.7 │  0  │     │ -6300 │ -20790000 │   1400    │    4850000    │ 6300 │ 20790000 │ 6.1 │
│   10    │ 3.3 │ 3.3 │ 3.3 │ 3.3 │       │          │   42400   │  2000   │ 6600000  │ 139690000 │ 1675072560000 │ '2023-01-30T09:56:00.000Z' │  0  │ 100 │  0  │    0     │ Infinity │ 1336.7 │ 1036.7 │  0  │     │ -2000 │ -6600000  │   -600    │   -1750000    │ 2000 │ 6600000  │ 1.9 │
│   11    │ 3.3 │ 3.3 │ 3.3 │ 3.3 │       │          │   42600   │   200   │  660000  │ 140350000 │ 1675073280000 │ '2023-01-30T10:08:00.000Z' │  0  │ 100 │  0  │    0     │ Infinity │ 1336.7 │ 1036.7 │  0  │     │ -200  │  -660000  │   -800    │   -2410000    │ 200  │  660000  │ 0.2 │
│   12    │ 3.4 │ 3.4 │ 3.3 │ 3.3 │  100  │  340000  │   43000   │   400   │ 1330000  │ 141680000 │ 1675073760000 │ '2023-01-30T10:16:00.000Z' │ 25  │ 75  │  0  │   0.3    │    3     │ 1336.7 │ 1036.7 │  0  │ 0.1 │ -200  │  -650000  │   -1000   │   -3060000    │ 300  │  990000  │ 0.3 │
│   13    │ 3.4 │ 3.4 │ 3.4 │ 3.4 │  300  │ 1020000  │   43300   │   300   │ 1020000  │ 142700000 │ 1675074960000 │ '2023-01-30T10:36:00.000Z' │ 100 │  0  │  0  │ Infinity │    0     │ 1336.7 │ 1036.7 │  0  │ 0.2 │  300  │  1020000  │   -700    │   -2040000    │      │          │     │
│   14    │ 3.3 │ 3.3 │ 3.3 │ 3.3 │       │          │   45300   │  2000   │ 6600000  │ 149300000 │ 1675076040000 │ '2023-01-30T10:54:00.000Z' │  0  │ 100 │  0  │    0     │ Infinity │ 1336.7 │ 1036.7 │  0  │     │ -2000 │ -6600000  │   -2700   │   -8640000    │ 2000 │ 6600000  │ 1.9 │
│   15    │ 3.4 │ 3.4 │ 3.4 │ 3.4 │ 4100  │ 13940000 │   49400   │  4100   │ 13940000 │ 163240000 │ 1675083600000 │ '2023-01-30T13:00:00.000Z' │ 100 │  0  │  0  │ Infinity │    0     │ 1336.7 │ 1036.7 │  0  │ 3.1 │ 4100  │ 13940000  │   1400    │    5300000    │      │          │     │
│   16    │ 3.4 │ 3.4 │ 3.4 │ 3.4 │  100  │  340000  │   49500   │   100   │  340000  │ 163580000 │ 1675085520000 │ '2023-01-30T13:32:00.000Z' │ 100 │  0  │  0  │ Infinity │    0     │ 1336.7 │ 1036.7 │  0  │ 0.1 │  100  │  340000   │   1500    │    5640000    │      │          │     │
│   17    │ 3.4 │ 3.4 │ 3.4 │ 3.4 │ 2000  │ 6800000  │   51500   │  2000   │ 6800000  │ 170380000 │ 1675085640000 │ '2023-01-30T13:34:00.000Z' │ 100 │  0  │  0  │ Infinity │    0     │ 1336.7 │ 1036.7 │  0  │ 1.5 │ 2000  │  6800000  │   3500    │   12440000    │      │          │     │
│   18    │ 3.4 │ 3.4 │ 3.4 │ 3.4 │  200  │  680000  │   51700   │   200   │  680000  │ 171060000 │ 1675086000000 │ '2023-01-30T13:40:00.000Z' │ 100 │  0  │  0  │ Infinity │    0     │ 1336.7 │ 1036.7 │  0  │ 0.1 │  200  │  680000   │   3700    │   13120000    │      │          │     │
│   19    │ 3.4 │ 3.4 │ 3.4 │ 3.4 │ 10800 │ 36720000 │   62500   │  10800  │ 36720000 │ 207780000 │ 1675086120000 │ '2023-01-30T13:42:00.000Z' │ 100 │  0  │  0  │ Infinity │    0     │ 1336.7 │ 1036.7 │  0  │ 8.1 │ 10800 │ 36720000  │   14500   │   49840000    │      │          │     │
│   20    │ 3.3 │ 3.3 │ 3.3 │ 3.3 │       │          │   63500   │  1000   │ 3300000  │ 211080000 │ 1675086360000 │ '2023-01-30T13:46:00.000Z' │  0  │ 100 │  0  │    0     │ Infinity │ 1336.7 │ 1036.7 │  0  │     │ -1000 │ -3300000  │   13500   │   46540000    │ 1000 │ 3300000  │  1  │
├─────────┼─────┼─────┼─────┼─────┼───────┼──────────┼───────────┼─────────┼──────────┼───────────┼───────────────┼────────────────────────────┼─────┼─────┼─────┼──────────┼──────────┼────────┼────────┼─────┼─────┼───────┼───────────┼───────────┼───────────────┼──────┼──────────┼─────┤
│ (index) │  c  │  h  │  l  │  o  │  bu   │  val_bu  │ total_vol │ sum_vol │   val    │ acum_val  │   datetime    │            date            │ pbu │ psd │ puk │    bs    │    sb    │  abu   │  asd   │ auk │ rbu │ bu-sd │ bu-sd_val │ acum_busd │ acum_busd_val │  sd  │  val_sd  │ rsd │
├─────────┼─────┼─────┼─────┼─────┼───────┼──────────┼───────────┼─────────┼──────────┼───────────┼───────────────┼────────────────────────────┼─────┼─────┼─────┼──────────┼──────────┼────────┼────────┼─────┼─────┼───────┼───────────┼───────────┼───────────────┼──────┼──────────┼─────┤
│   21    │ 3.4 │ 3.4 │ 3.4 │ 3.4 │ 1000  │ 3400000  │   64500   │  1000   │ 3400000  │ 214480000 │ 1675087080000 │ '2023-01-30T13:58:00.000Z' │ 100 │  0  │  0  │ Infinity │    0     │ 1336.7 │ 1036.7 │  0  │ 0.7 │ 1000  │  3400000  │   14500   │   49940000    │      │          │     │
│   22    │ 3.4 │ 3.4 │ 3.4 │ 3.4 │  600  │ 2040000  │   65100   │   600   │ 2040000  │ 216520000 │ 1675087320000 │ '2023-01-30T14:02:00.000Z' │ 100 │  0  │  0  │ Infinity │    0     │ 1336.7 │ 1036.7 │  0  │ 0.4 │  600  │  2040000  │   15100   │   51980000    │      │          │     │
│   23    │ 3.3 │ 3.3 │ 3.3 │ 3.3 │       │          │   66100   │  1000   │ 3300000  │ 219820000 │ 1675087800000 │ '2023-01-30T14:10:00.000Z' │  0  │ 100 │  0  │    0     │ Infinity │ 1336.7 │ 1036.7 │  0  │     │ -1000 │ -3300000  │   14100   │   48680000    │ 1000 │ 3300000  │  1  │
│   24    │ 3.3 │ 3.3 │ 3.3 │ 3.3 │       │          │   66300   │   200   │  660000  │ 220480000 │ 1675087920000 │ '2023-01-30T14:12:00.000Z' │  0  │ 100 │  0  │    0     │ Infinity │ 1336.7 │ 1036.7 │  0  │     │ -200  │  -660000  │   13900   │   48020000    │ 200  │  660000  │ 0.2 │
│   25    │ 3.3 │ 3.3 │ 3.3 │ 3.3 │       │          │   67300   │  1000   │ 3300000  │ 223780000 │ 1675088160000 │ '2023-01-30T14:16:00.000Z' │  0  │ 100 │  0  │    0     │ Infinity │ 1336.7 │ 1036.7 │  0  │     │ -1000 │ -3300000  │   12900   │   44720000    │ 1000 │ 3300000  │  1  │
│   26    │ 3.3 │ 3.3 │ 3.3 │ 3.3 │       │          │   67500   │   200   │  660000  │ 224440000 │ 1675088520000 │ '2023-01-30T14:22:00.000Z' │  0  │ 100 │  0  │    0     │ Infinity │ 1336.7 │ 1036.7 │  0  │     │ -200  │  -660000  │   12700   │   44060000    │ 200  │  660000  │ 0.2 │
│   27    │ 3.3 │ 3.3 │ 3.3 │ 3.3 │       │          │   67600   │   100   │  330000  │ 224770000 │ 1675088640000 │ '2023-01-30T14:24:00.000Z' │  0  │ 100 │  0  │    0     │ Infinity │ 1336.7 │ 1036.7 │  0  │     │ -100  │  -330000  │   12600   │   43730000    │ 100  │  330000  │ 0.1 │
│   28    │ 3.3 │ 3.3 │ 3.3 │ 3.3 │       │          │   69200   │  1600   │ 5280000  │ 230050000 │ 1675088760000 │ '2023-01-30T14:26:00.000Z' │  0  │ 100 │  0  │    0     │ Infinity │ 1336.7 │ 1036.7 │  0  │     │ -1600 │ -5280000  │   11000   │   38450000    │ 1600 │ 5280000  │ 1.5 │
│   29    │ 3.3 │ 3.3 │ 3.3 │ 3.3 │       │          │   71200   │  2000   │ 6600000  │ 236650000 │ 1675089840000 │ '2023-01-30T14:44:00.000Z' │  0  │ 100 │  0  │    0     │ Infinity │ 1336.7 │ 1036.7 │  0  │     │ -2000 │ -6600000  │   9000    │   31850000    │ 2000 │ 6600000  │ 1.9 │
└─────────┴─────┴─────┴─────┴─────┴───────┴──────────┴───────────┴─────────┴──────────┴───────────┴───────────────┴────────────────────────────┴─────┴─────┴─────┴──────────┴──────────┴────────┴────────┴─────┴─────┴───────┴───────────┴───────────┴───────────────┴──────┴──────────┴─────┘

