┌─────────┬───────┬───────┬───────┬───────┬──────┬──────────┬───────────┬─────────┬──────────┬───────────┬───────────────┬────────────────────────────┬─────┬─────┬─────┬──────────┬──────────┬───────┬─────┬─────┬─────┬───────┬───────────┬───────────┬───────────────┬──────┬──────────┬─────┐
│ (index) │   c   │   h   │   l   │   o   │  bu  │  val_bu  │ total_vol │ sum_vol │   val    │ acum_val  │   datetime    │            date            │ pbu │ psd │ puk │    bs    │    sb    │  abu  │ asd │ auk │ rbu │ bu-sd │ bu-sd_val │ acum_busd │ acum_busd_val │  sd  │  val_sd  │ rsd │
├─────────┼───────┼───────┼───────┼───────┼──────┼──────────┼───────────┼─────────┼──────────┼───────────┼───────────────┼────────────────────────────┼─────┼─────┼─────┼──────────┼──────────┼───────┼─────┼─────┼─────┼───────┼───────────┼───────────┼───────────────┼──────┼──────────┼─────┤
│    0    │ 11.5  │ 11.5  │ 11.5  │ 11.5  │ 100  │ 1150000  │    100    │   100   │ 1150000  │  1150000  │ 1675070040000 │ '2023-01-30T09:14:00.000Z' │ 100 │  0  │  0  │ Infinity │    0     │ 535.3 │ 300 │  0  │ 0.2 │  100  │  1150000  │    100    │    1150000    │      │          │     │
│    1    │ 11.4  │ 11.4  │ 11.4  │ 11.4  │      │          │   2100    │  2000   │ 22800000 │ 23950000  │ 1675070280000 │ '2023-01-30T09:18:00.000Z' │  0  │ 100 │  0  │    0     │ Infinity │ 535.3 │ 300 │  0  │     │ -2000 │ -22800000 │   -1900   │   -21650000   │ 2000 │ 22800000 │ 6.7 │
│    2    │ 11.4  │ 11.4  │ 11.4  │ 11.4  │ 1300 │ 14820000 │   3400    │  1300   │ 14820000 │ 38770000  │ 1675071000000 │ '2023-01-30T09:30:00.000Z' │ 100 │  0  │  0  │ Infinity │    0     │ 535.3 │ 300 │  0  │ 2.4 │ 1300  │ 14820000  │   -600    │   -6830000    │      │          │     │
│    3    │ 11.4  │ 11.4  │ 11.4  │ 11.4  │ 3000 │ 34200000 │   6400    │  3000   │ 34200000 │ 72970000  │ 1675071120000 │ '2023-01-30T09:32:00.000Z' │ 100 │  0  │  0  │ Infinity │    0     │ 535.3 │ 300 │  0  │ 5.6 │ 3000  │ 34200000  │   2400    │   27370000    │      │          │     │
│    4    │ 11.45 │ 11.45 │ 11.45 │ 11.45 │ 1100 │ 12595000 │   7500    │  1100   │ 12595000 │ 85565000  │ 1675071600000 │ '2023-01-30T09:40:00.000Z' │ 100 │  0  │  0  │ Infinity │    0     │ 535.3 │ 300 │  0  │ 2.1 │ 1100  │ 12595000  │   3500    │   39965000    │      │          │     │
│    5    │ 11.4  │ 11.4  │ 11.4  │ 11.4  │      │          │   8500    │  1000   │ 11400000 │ 96965000  │ 1675071840000 │ '2023-01-30T09:44:00.000Z' │  0  │ 100 │  0  │    0     │ Infinity │ 535.3 │ 300 │  0  │     │ -1000 │ -11400000 │   2500    │   28565000    │ 1000 │ 11400000 │ 3.3 │
│    6    │ 11.45 │ 11.45 │ 11.45 │ 11.45 │ 2000 │ 22900000 │   10500   │  2000   │ 22900000 │ 119865000 │ 1675072800000 │ '2023-01-30T10:00:00.000Z' │ 100 │  0  │  0  │ Infinity │    0     │ 535.3 │ 300 │  0  │ 3.7 │ 2000  │ 22900000  │   4500    │   51465000    │      │          │     │
│    7    │ 11.4  │ 11.4  │ 11.4  │ 11.4  │ 100  │ 1140000  │   10600   │   100   │ 1140000  │ 121005000 │ 1675075320000 │ '2023-01-30T10:42:00.000Z' │ 100 │  0  │  0  │ Infinity │    0     │ 535.3 │ 300 │  0  │ 0.2 │  100  │  1140000  │   4600    │   52605000    │      │          │     │
│    8    │ 11.4  │ 11.4  │ 11.4  │ 11.4  │ 200  │ 2280000  │   10800   │   200   │ 2280000  │ 123285000 │ 1675076040000 │ '2023-01-30T10:54:00.000Z' │ 100 │  0  │  0  │ Infinity │    0     │ 535.3 │ 300 │  0  │ 0.4 │  200  │  2280000  │   4800    │   54885000    │      │          │     │
│    9    │ 11.4  │ 11.4  │ 11.4  │ 11.4  │ 200  │ 2280000  │   11000   │   200   │ 2280000  │ 125565000 │ 1675076280000 │ '2023-01-30T10:58:00.000Z' │ 100 │  0  │  0  │ Infinity │    0     │ 535.3 │ 300 │  0  │ 0.4 │  200  │  2280000  │   5000    │   57165000    │      │          │     │
│   10    │ 11.4  │ 11.4  │ 11.4  │ 11.4  │ 100  │ 1140000  │   11100   │   100   │ 1140000  │ 126705000 │ 1675076400000 │ '2023-01-30T11:00:00.000Z' │ 100 │  0  │  0  │ Infinity │    0     │ 535.3 │ 300 │  0  │ 0.2 │  100  │  1140000  │   5100    │   58305000    │      │          │     │
│   11    │ 11.4  │ 11.4  │ 11.4  │ 11.4  │      │          │   11200   │   100   │ 1140000  │ 127845000 │ 1675076520000 │ '2023-01-30T11:02:00.000Z' │  0  │ 100 │  0  │    0     │ Infinity │ 535.3 │ 300 │  0  │     │ -100  │ -1140000  │   5000    │   57165000    │ 100  │ 1140000  │ 0.3 │
│   12    │ 11.4  │ 11.4  │ 11.4  │ 11.4  │      │          │   12000   │   800   │ 9120000  │ 136965000 │ 1675077000000 │ '2023-01-30T11:10:00.000Z' │  0  │ 100 │  0  │    0     │ Infinity │ 535.3 │ 300 │  0  │     │ -800  │ -9120000  │   4200    │   48045000    │ 800  │ 9120000  │ 2.7 │
│   13    │ 11.45 │ 11.45 │ 11.45 │ 11.45 │ 800  │ 9160000  │   12800   │   800   │ 9160000  │ 146125000 │ 1675077360000 │ '2023-01-30T11:16:00.000Z' │ 100 │  0  │  0  │ Infinity │    0     │ 535.3 │ 300 │  0  │ 1.5 │  800  │  9160000  │   5000    │   57205000    │      │          │     │
│   14    │ 11.35 │ 11.35 │ 11.35 │ 11.35 │ 100  │ 1135000  │   12900   │   100   │ 1135000  │ 147260000 │ 1675085640000 │ '2023-01-30T13:34:00.000Z' │ 100 │  0  │  0  │ Infinity │    0     │ 535.3 │ 300 │  0  │ 0.2 │  100  │  1135000  │   5100    │   58340000    │      │          │     │
│   15    │ 11.35 │ 11.35 │ 11.35 │ 11.35 │ 100  │ 1135000  │   13000   │   100   │ 1135000  │ 148395000 │ 1675088760000 │ '2023-01-30T14:26:00.000Z' │ 100 │  0  │  0  │ Infinity │    0     │ 535.3 │ 300 │  0  │ 0.2 │  100  │  1135000  │   5200    │   59475000    │      │          │     │
│   16    │ 11.35 │ 11.35 │ 11.35 │ 11.35 │      │          │   14200   │  1200   │ 13620000 │ 162015000 │ 1675089840000 │ '2023-01-30T14:44:00.000Z' │  0  │ 100 │  0  │    0     │ Infinity │ 535.3 │ 300 │  0  │     │ -1200 │ -13620000 │   4000    │   45855000    │ 1200 │ 13620000 │  4  │
└─────────┴───────┴───────┴───────┴───────┴──────┴──────────┴───────────┴─────────┴──────────┴───────────┴───────────────┴────────────────────────────┴─────┴─────┴─────┴──────────┴──────────┴───────┴─────┴─────┴─────┴───────┴───────────┴───────────┴───────────────┴──────┴──────────┴─────┘

