┌─────────┬──────┬──────┬──────┬──────┬───────┬───────────┬───────────┬─────────┬───────────┬───────────┬───────┬───────────┬───────────────┬────────────────────────────┬──────┬──────┬─────┬──────┬──────────┬────────┬────────┬─────┬──────┬──────┬───────┬───────────┬───────────┬───────────────┐
│ (index) │  c   │  h   │  l   │  o   │  bu   │  val_bu   │ total_vol │ sum_vol │    val    │ acum_val  │  sd   │  val_sd   │   datetime    │            date            │ pbu  │ psd  │ puk │  bs  │    sb    │  abu   │  asd   │ auk │ rsd  │ rbu  │ bu-sd │ bu-sd_val │ acum_busd │ acum_busd_val │
├─────────┼──────┼──────┼──────┼──────┼───────┼───────────┼───────────┼─────────┼───────────┼───────────┼───────┼───────────┼───────────────┼────────────────────────────┼──────┼──────┼─────┼──────┼──────────┼────────┼────────┼─────┼──────┼──────┼───────┼───────────┼───────────┼───────────────┤
│    0    │ 4.2  │ 4.21 │ 4.19 │ 4.19 │ 17100 │ 71809000  │   17800   │  17800  │ 74749000  │ 74749000  │  700  │  2940000  │ 1675070100000 │ '2023-01-30T09:15:00.000Z' │ 96.1 │ 3.9  │  0  │ 24.4 │    0     │ 2821.4 │ 2835.7 │  0  │ 0.2  │ 6.1  │ 16400 │ 68869000  │   16400   │   68869000    │
│    1    │ 4.23 │ 4.23 │ 4.2  │ 4.2  │ 1900  │  8002000  │   19900   │  2100   │  8844000  │ 83593000  │  200  │  842000   │ 1675070400000 │ '2023-01-30T09:20:00.000Z' │ 90.5 │ 9.5  │  0  │ 9.5  │   0.1    │ 2821.4 │ 2835.7 │  0  │ 0.1  │ 0.7  │ 1700  │  7160000  │   18100   │   76029000    │
│    2    │ 4.25 │ 4.29 │ 4.21 │ 4.22 │ 20900 │ 89287000  │   57300   │  37400  │ 159744000 │ 243337000 │ 16500 │ 70457000  │ 1675070700000 │ '2023-01-30T09:25:00.000Z' │ 55.9 │ 44.1 │  0  │ 1.3  │   0.8    │ 2821.4 │ 2835.7 │  0  │ 5.8  │ 7.4  │ 4400  │ 18830000  │   22500   │   94859000    │
│    3    │ 4.29 │ 4.29 │ 4.28 │ 4.28 │ 36000 │ 154368000 │  124300   │  67000  │ 287351000 │ 530688000 │ 31000 │ 132983000 │ 1675071000000 │ '2023-01-30T09:30:00.000Z' │ 53.7 │ 46.3 │  0  │ 1.2  │   0.9    │ 2821.4 │ 2835.7 │  0  │ 10.9 │ 12.8 │ 5000  │ 21385000  │   27500   │   116244000   │
│    4    │ 4.29 │ 4.29 │ 4.25 │ 4.29 │ 3100  │ 13299000  │  137200   │  12900  │ 55281000  │ 585969000 │ 9800  │ 41982000  │ 1675071300000 │ '2023-01-30T09:35:00.000Z' │  24  │  76  │  0  │ 0.3  │   3.2    │ 2821.4 │ 2835.7 │  0  │ 3.5  │ 1.1  │ -6700 │ -28683000 │   20800   │   87561000    │
│    5    │ 4.29 │ 4.29 │ 4.29 │ 4.29 │       │           │  137300   │   100   │  429000   │ 586398000 │  100  │  429000   │ 1675071600000 │ '2023-01-30T09:40:00.000Z' │  0   │ 100  │  0  │  0   │ Infinity │ 2821.4 │ 2835.7 │  0  │  0   │      │ -100  │  -429000  │   20700   │   87132000    │
│    6    │ 4.29 │ 4.29 │ 4.29 │ 4.29 │       │           │  138300   │  1000   │  4290000  │ 590688000 │ 1000  │  4290000  │ 1675071900000 │ '2023-01-30T09:45:00.000Z' │  0   │ 100  │  0  │  0   │ Infinity │ 2821.4 │ 2835.7 │  0  │ 0.4  │      │ -1000 │ -4290000  │   19700   │   82842000    │
│    7    │ 4.29 │ 4.29 │ 4.29 │ 4.29 │       │           │  139800   │  1500   │  6435000  │ 597123000 │ 1500  │  6435000  │ 1675072200000 │ '2023-01-30T09:50:00.000Z' │  0   │ 100  │  0  │  0   │ Infinity │ 2821.4 │ 2835.7 │  0  │ 0.5  │      │ -1500 │ -6435000  │   18200   │   76407000    │
│    8    │ 4.29 │ 4.29 │ 4.29 │ 4.29 │       │           │  140800   │  1000   │  4290000  │ 601413000 │ 1000  │  4290000  │ 1675072500000 │ '2023-01-30T09:55:00.000Z' │  0   │ 100  │  0  │  0   │ Infinity │ 2821.4 │ 2835.7 │  0  │ 0.4  │      │ -1000 │ -4290000  │   17200   │   72117000    │
│    9    │ 4.29 │ 4.29 │ 4.29 │ 4.29 │       │           │  140900   │   100   │  429000   │ 601842000 │  100  │  429000   │ 1675072800000 │ '2023-01-30T10:00:00.000Z' │  0   │ 100  │  0  │  0   │ Infinity │ 2821.4 │ 2835.7 │  0  │  0   │      │ -100  │  -429000  │   17100   │   71688000    │
│   10    │ 4.29 │ 4.29 │ 4.29 │ 4.29 │       │           │  141000   │   100   │  429000   │ 602271000 │  100  │  429000   │ 1675073700000 │ '2023-01-30T10:15:00.000Z' │  0   │ 100  │  0  │  0   │ Infinity │ 2821.4 │ 2835.7 │  0  │  0   │      │ -100  │  -429000  │   17000   │   71259000    │
│   11    │ 4.29 │ 4.29 │ 4.29 │ 4.29 │       │           │  143000   │  2000   │  8580000  │ 610851000 │ 2000  │  8580000  │ 1675074300000 │ '2023-01-30T10:25:00.000Z' │  0   │ 100  │  0  │  0   │ Infinity │ 2821.4 │ 2835.7 │  0  │ 0.7  │      │ -2000 │ -8580000  │   15000   │   62679000    │
│   12    │ 4.29 │ 4.29 │ 4.29 │ 4.29 │       │           │  148000   │  5000   │ 21450000  │ 632301000 │ 5000  │ 21450000  │ 1675074600000 │ '2023-01-30T10:30:00.000Z' │  0   │ 100  │  0  │  0   │ Infinity │ 2821.4 │ 2835.7 │  0  │ 1.8  │      │ -5000 │ -21450000 │   10000   │   41229000    │
│   13    │ 4.29 │ 4.29 │ 4.29 │ 4.29 │       │           │  148100   │   100   │  429000   │ 632730000 │  100  │  429000   │ 1675074900000 │ '2023-01-30T10:35:00.000Z' │  0   │ 100  │  0  │  0   │ Infinity │ 2821.4 │ 2835.7 │  0  │  0   │      │ -100  │  -429000  │   9900    │   40800000    │
│   14    │ 4.29 │ 4.29 │ 4.29 │ 4.29 │       │           │  148200   │   100   │  429000   │ 633159000 │  100  │  429000   │ 1675075500000 │ '2023-01-30T10:45:00.000Z' │  0   │ 100  │  0  │  0   │ Infinity │ 2821.4 │ 2835.7 │  0  │  0   │      │ -100  │  -429000  │   9800    │   40371000    │
│   15    │ 4.29 │ 4.29 │ 4.29 │ 4.29 │       │           │  148600   │   400   │  1716000  │ 634875000 │  400  │  1716000  │ 1675075800000 │ '2023-01-30T10:50:00.000Z' │  0   │ 100  │  0  │  0   │ Infinity │ 2821.4 │ 2835.7 │  0  │ 0.1  │      │ -400  │ -1716000  │   9400    │   38655000    │
│   16    │ 4.29 │ 4.29 │ 4.29 │ 4.29 │       │           │  148700   │   100   │  429000   │ 635304000 │  100  │  429000   │ 1675076700000 │ '2023-01-30T11:05:00.000Z' │  0   │ 100  │  0  │  0   │ Infinity │ 2821.4 │ 2835.7 │  0  │  0   │      │ -100  │  -429000  │   9300    │   38226000    │
│   17    │ 4.29 │ 4.29 │ 4.29 │ 4.29 │       │           │  149100   │   400   │  1716000  │ 637020000 │  400  │  1716000  │ 1675077300000 │ '2023-01-30T11:15:00.000Z' │  0   │ 100  │  0  │  0   │ Infinity │ 2821.4 │ 2835.7 │  0  │ 0.1  │      │ -400  │ -1716000  │   8900    │   36510000    │
│   18    │ 4.29 │ 4.29 │ 4.29 │ 4.29 │       │           │  149200   │   100   │  429000   │ 637449000 │  100  │  429000   │ 1675077900000 │ '2023-01-30T11:25:00.000Z' │  0   │ 100  │  0  │  0   │ Infinity │ 2821.4 │ 2835.7 │  0  │  0   │      │ -100  │  -429000  │   8800    │   36081000    │
│   19    │ 4.29 │ 4.29 │ 4.29 │ 4.29 │       │           │  150600   │  1400   │  6006000  │ 643455000 │ 1400  │  6006000  │ 1675083600000 │ '2023-01-30T13:00:00.000Z' │  0   │ 100  │  0  │  0   │ Infinity │ 2821.4 │ 2835.7 │  0  │ 0.5  │      │ -1400 │ -6006000  │   7400    │   30075000    │
│   20    │ 4.29 │ 4.29 │ 4.29 │ 4.29 │       │           │  150900   │   300   │  1287000  │ 644742000 │  300  │  1287000  │ 1675084200000 │ '2023-01-30T13:10:00.000Z' │  0   │ 100  │  0  │  0   │ Infinity │ 2821.4 │ 2835.7 │  0  │ 0.1  │      │ -300  │ -1287000  │   7100    │   28788000    │
├─────────┼──────┼──────┼──────┼──────┼───────┼───────────┼───────────┼─────────┼───────────┼───────────┼───────┼───────────┼───────────────┼────────────────────────────┼──────┼──────┼─────┼──────┼──────────┼────────┼────────┼─────┼──────┼──────┼───────┼───────────┼───────────┼───────────────┤
│ (index) │  c   │  h   │  l   │  o   │  bu   │  val_bu   │ total_vol │ sum_vol │    val    │ acum_val  │  sd   │  val_sd   │   datetime    │            date            │ pbu  │ psd  │ puk │  bs  │    sb    │  abu   │  asd   │ auk │ rsd  │ rbu  │ bu-sd │ bu-sd_val │ acum_busd │ acum_busd_val │
├─────────┼──────┼──────┼──────┼──────┼───────┼───────────┼───────────┼─────────┼───────────┼───────────┼───────┼───────────┼───────────────┼────────────────────────────┼──────┼──────┼─────┼──────┼──────────┼────────┼────────┼─────┼──────┼──────┼───────┼───────────┼───────────┼───────────────┤
│   21    │ 4.29 │ 4.29 │ 4.29 │ 4.29 │       │           │  153400   │  2500   │ 10725000  │ 655467000 │ 2500  │ 10725000  │ 1675084500000 │ '2023-01-30T13:15:00.000Z' │  0   │ 100  │  0  │  0   │ Infinity │ 2821.4 │ 2835.7 │  0  │ 0.9  │      │ -2500 │ -10725000 │   4600    │   18063000    │
│   22    │ 4.29 │ 4.29 │ 4.29 │ 4.29 │       │           │  153600   │   200   │  858000   │ 656325000 │  200  │  858000   │ 1675085400000 │ '2023-01-30T13:30:00.000Z' │  0   │ 100  │  0  │  0   │ Infinity │ 2821.4 │ 2835.7 │  0  │ 0.1  │      │ -200  │  -858000  │   4400    │   17205000    │
│   23    │ 4.29 │ 4.29 │ 4.29 │ 4.29 │       │           │  153800   │   200   │  858000   │ 657183000 │  200  │  858000   │ 1675086600000 │ '2023-01-30T13:50:00.000Z' │  0   │ 100  │  0  │  0   │ Infinity │ 2821.4 │ 2835.7 │  0  │ 0.1  │      │ -200  │  -858000  │   4200    │   16347000    │
│   24    │ 4.29 │ 4.29 │ 4.29 │ 4.29 │       │           │  154900   │  1100   │  4719000  │ 661902000 │ 1100  │  4719000  │ 1675086900000 │ '2023-01-30T13:55:00.000Z' │  0   │ 100  │  0  │  0   │ Infinity │ 2821.4 │ 2835.7 │  0  │ 0.4  │      │ -1100 │ -4719000  │   3100    │   11628000    │
│   25    │ 4.29 │ 4.29 │ 4.29 │ 4.29 │       │           │  155400   │   500   │  2145000  │ 664047000 │  500  │  2145000  │ 1675087500000 │ '2023-01-30T14:05:00.000Z' │  0   │ 100  │  0  │  0   │ Infinity │ 2821.4 │ 2835.7 │  0  │ 0.2  │      │ -500  │ -2145000  │   2600    │    9483000    │
│   26    │ 4.29 │ 4.29 │ 4.29 │ 4.29 │       │           │  156400   │  1000   │  4290000  │ 668337000 │ 1000  │  4290000  │ 1675087800000 │ '2023-01-30T14:10:00.000Z' │  0   │ 100  │  0  │  0   │ Infinity │ 2821.4 │ 2835.7 │  0  │ 0.4  │      │ -1000 │ -4290000  │   1600    │    5193000    │
│   27    │ 4.29 │ 4.29 │ 4.29 │ 4.29 │       │           │  158400   │  2000   │  8580000  │ 676917000 │ 2000  │  8580000  │ 1675088700000 │ '2023-01-30T14:25:00.000Z' │  0   │ 100  │  0  │  0   │ Infinity │ 2821.4 │ 2835.7 │  0  │ 0.7  │      │ -2000 │ -8580000  │   -400    │   -3387000    │
└─────────┴──────┴──────┴──────┴──────┴───────┴───────────┴───────────┴─────────┴───────────┴───────────┴───────┴───────────┴───────────────┴────────────────────────────┴──────┴──────┴─────┴──────┴──────────┴────────┴────────┴─────┴──────┴──────┴───────┴───────────┴───────────┴───────────────┘

