┌─────────┬─────┬─────┬─────┬─────┬───────┬──────────┬───────────┬─────────┬──────────┬───────────┬───────────────┬────────────────────────────┬──────┬──────┬─────┬──────────┬──────────┬────────┬───────┬─────┬─────┬────────┬───────────┬───────────┬───────────────┬───────┬──────────┬──────┐
│ (index) │  c  │  h  │  l  │  o  │  bu   │  val_bu  │ total_vol │ sum_vol │   val    │ acum_val  │   datetime    │            date            │ pbu  │ psd  │ puk │    bs    │    sb    │  abu   │  asd  │ auk │ rbu │ bu-sd  │ bu-sd_val │ acum_busd │ acum_busd_val │  sd   │  val_sd  │ rsd  │
├─────────┼─────┼─────┼─────┼─────┼───────┼──────────┼───────────┼─────────┼──────────┼───────────┼───────────────┼────────────────────────────┼──────┼──────┼─────┼──────────┼──────────┼────────┼───────┼─────┼─────┼────────┼───────────┼───────────┼───────────────┼───────┼──────────┼──────┤
│    0    │  2  │  2  │  2  │  2  │  100  │   200    │    100    │   100   │   200    │    200    │ 1675044000000 │ '2023-01-30T02:00:00.000Z' │ 100  │  0   │  0  │ Infinity │    0     │ 2574.5 │ 761.7 │  0  │  0  │  100   │    200    │    100    │      200      │       │          │      │
│    1    │ 1.9 │ 1.9 │ 1.9 │ 1.9 │       │          │    300    │   200   │  380000  │  380200   │ 1675069200000 │ '2023-01-30T09:00:00.000Z' │  0   │ 100  │  0  │    0     │ Infinity │ 2574.5 │ 761.7 │  0  │     │  -200  │  -380000  │   -100    │    -379800    │  200  │  380000  │ 0.3  │
│    2    │ 1.9 │ 1.9 │ 1.9 │ 1.9 │       │          │   4500    │  4200   │ 7980000  │  8360200  │ 1675069320000 │ '2023-01-30T09:02:00.000Z' │  0   │ 100  │  0  │    0     │ Infinity │ 2574.5 │ 761.7 │  0  │     │ -4200  │ -7980000  │   -4300   │   -8359800    │ 4200  │ 7980000  │ 5.5  │
│    3    │ 1.9 │ 1.9 │ 1.9 │ 1.9 │ 1100  │ 2090000  │   5600    │  1100   │ 2090000  │ 10450200  │ 1675069680000 │ '2023-01-30T09:08:00.000Z' │ 100  │  0   │  0  │ Infinity │    0     │ 2574.5 │ 761.7 │  0  │ 0.4 │  1100  │  2090000  │   -3200   │   -6269800    │       │          │      │
│    4    │ 1.9 │ 1.9 │ 1.9 │ 1.9 │ 18400 │ 34960000 │   24000   │  18400  │ 34960000 │ 45410200  │ 1675069800000 │ '2023-01-30T09:10:00.000Z' │ 100  │  0   │  0  │ Infinity │    0     │ 2574.5 │ 761.7 │  0  │ 7.1 │ 18400  │ 34960000  │   15200   │   28690200    │       │          │      │
│    5    │  2  │  2  │ 1.9 │ 1.9 │  100  │   200    │   25100   │  1100   │ 1900200  │ 47310400  │ 1675070280000 │ '2023-01-30T09:18:00.000Z' │ 9.1  │ 90.9 │  0  │   0.1    │    10    │ 2574.5 │ 761.7 │  0  │  0  │  -900  │ -1899800  │   14300   │   26790400    │ 1000  │ 1900000  │ 1.3  │
│    6    │  2  │  2  │  2  │  2  │ 5000  │  10000   │   30100   │  5000   │  10000   │ 47320400  │ 1675070640000 │ '2023-01-30T09:24:00.000Z' │ 100  │  0   │  0  │ Infinity │    0     │ 2574.5 │ 761.7 │  0  │ 1.9 │  5000  │   10000   │   19300   │   26800400    │       │          │      │
│    7    │ 1.9 │ 1.9 │ 1.9 │ 1.9 │ 4100  │ 7790000  │   45900   │  15800  │ 30020000 │ 77340400  │ 1675070880000 │ '2023-01-30T09:28:00.000Z' │ 25.9 │ 74.1 │  0  │   0.4    │   2.9    │ 2574.5 │ 761.7 │  0  │ 1.6 │ -7600  │ -14440000 │   11700   │   12360400    │ 11700 │ 22230000 │ 15.4 │
│    8    │ 1.9 │ 1.9 │ 1.9 │ 1.9 │       │          │   50200   │  4300   │ 8170000  │ 85510400  │ 1675071000000 │ '2023-01-30T09:30:00.000Z' │  0   │ 100  │  0  │    0     │ Infinity │ 2574.5 │ 761.7 │  0  │     │ -4300  │ -8170000  │   7400    │    4190400    │ 4300  │ 8170000  │ 5.6  │
│    9    │  2  │  2  │  2  │  2  │  100  │   200    │   50300   │   100   │   200    │ 85510600  │ 1675071120000 │ '2023-01-30T09:32:00.000Z' │ 100  │  0   │  0  │ Infinity │    0     │ 2574.5 │ 761.7 │  0  │  0  │  100   │    200    │   7500    │    4190600    │       │          │      │
│   10    │ 1.9 │ 1.9 │ 1.9 │ 1.9 │       │          │   50500   │   200   │  380000  │ 85890600  │ 1675071360000 │ '2023-01-30T09:36:00.000Z' │  0   │ 100  │  0  │    0     │ Infinity │ 2574.5 │ 761.7 │  0  │     │  -200  │  -380000  │   7300    │    3810600    │  200  │  380000  │ 0.3  │
│   11    │  2  │  2  │  2  │  2  │  300  │   600    │   50800   │   300   │   600    │ 85891200  │ 1675071480000 │ '2023-01-30T09:38:00.000Z' │ 100  │  0   │  0  │ Infinity │    0     │ 2574.5 │ 761.7 │  0  │ 0.1 │  300   │    600    │   7600    │    3811200    │       │          │      │
│   12    │  2  │  2  │  2  │  2  │ 1000  │   2000   │   51800   │  1000   │   2000   │ 85893200  │ 1675072560000 │ '2023-01-30T09:56:00.000Z' │ 100  │  0   │  0  │ Infinity │    0     │ 2574.5 │ 761.7 │  0  │ 0.4 │  1000  │   2000    │   8600    │    3813200    │       │          │      │
│   13    │  2  │  2  │  2  │  2  │  200  │   400    │   52000   │   200   │   400    │ 85893600  │ 1675072680000 │ '2023-01-30T09:58:00.000Z' │ 100  │  0   │  0  │ Infinity │    0     │ 2574.5 │ 761.7 │  0  │ 0.1 │  200   │    400    │   8800    │    3813600    │       │          │      │
│   14    │  2  │  2  │  2  │  2  │ 5000  │  10000   │   57000   │  5000   │  10000   │ 85903600  │ 1675073160000 │ '2023-01-30T10:06:00.000Z' │ 100  │  0   │  0  │ Infinity │    0     │ 2574.5 │ 761.7 │  0  │ 1.9 │  5000  │   10000   │   13800   │    3823600    │       │          │      │
│   15    │  2  │  2  │  2  │  2  │  500  │   1000   │   57500   │   500   │   1000   │ 85904600  │ 1675073280000 │ '2023-01-30T10:08:00.000Z' │ 100  │  0   │  0  │ Infinity │    0     │ 2574.5 │ 761.7 │  0  │ 0.2 │  500   │   1000    │   14300   │    3824600    │       │          │      │
│   16    │  2  │  2  │  2  │  2  │  400  │   800    │   57900   │   400   │   800    │ 85905400  │ 1675073760000 │ '2023-01-30T10:16:00.000Z' │ 100  │  0   │  0  │ Infinity │    0     │ 2574.5 │ 761.7 │  0  │ 0.2 │  400   │    800    │   14700   │    3825400    │       │          │      │
│   17    │  2  │  2  │  2  │  2  │ 7900  │  15800   │   65800   │  7900   │  15800   │ 85921200  │ 1675074000000 │ '2023-01-30T10:20:00.000Z' │ 100  │  0   │  0  │ Infinity │    0     │ 2574.5 │ 761.7 │  0  │ 3.1 │  7900  │   15800   │   22600   │    3841200    │       │          │      │
│   18    │  2  │  2  │  2  │  2  │  400  │   800    │   66200   │   400   │   800    │ 85922000  │ 1675074120000 │ '2023-01-30T10:22:00.000Z' │ 100  │  0   │  0  │ Infinity │    0     │ 2574.5 │ 761.7 │  0  │ 0.2 │  400   │    800    │   23000   │    3842000    │       │          │      │
│   19    │  2  │  2  │  2  │  2  │  100  │   200    │   66300   │   100   │   200    │ 85922200  │ 1675074480000 │ '2023-01-30T10:28:00.000Z' │ 100  │  0   │  0  │ Infinity │    0     │ 2574.5 │ 761.7 │  0  │  0  │  100   │    200    │   23100   │    3842200    │       │          │      │
│   20    │  2  │  2  │  2  │  2  │  200  │   400    │   66500   │   200   │   400    │ 85922600  │ 1675075080000 │ '2023-01-30T10:38:00.000Z' │ 100  │  0   │  0  │ Infinity │    0     │ 2574.5 │ 761.7 │  0  │ 0.1 │  200   │    400    │   23300   │    3842600    │       │          │      │
├─────────┼─────┼─────┼─────┼─────┼───────┼──────────┼───────────┼─────────┼──────────┼───────────┼───────────────┼────────────────────────────┼──────┼──────┼─────┼──────────┼──────────┼────────┼───────┼─────┼─────┼────────┼───────────┼───────────┼───────────────┼───────┼──────────┼──────┤
│ (index) │  c  │  h  │  l  │  o  │  bu   │  val_bu  │ total_vol │ sum_vol │   val    │ acum_val  │   datetime    │            date            │ pbu  │ psd  │ puk │    bs    │    sb    │  abu   │  asd  │ auk │ rbu │ bu-sd  │ bu-sd_val │ acum_busd │ acum_busd_val │  sd   │  val_sd  │ rsd  │
├─────────┼─────┼─────┼─────┼─────┼───────┼──────────┼───────────┼─────────┼──────────┼───────────┼───────────────┼────────────────────────────┼──────┼──────┼─────┼──────────┼──────────┼────────┼───────┼─────┼─────┼────────┼───────────┼───────────┼───────────────┼───────┼──────────┼──────┤
│   21    │  2  │  2  │  2  │  2  │  200  │   400    │   66700   │   200   │   400    │ 85923000  │ 1675075560000 │ '2023-01-30T10:46:00.000Z' │ 100  │  0   │  0  │ Infinity │    0     │ 2574.5 │ 761.7 │  0  │ 0.1 │  200   │    400    │   23500   │    3843000    │       │          │      │
│   22    │  2  │  2  │  2  │  2  │ 10000 │  20000   │   76700   │  10000  │  20000   │ 85943000  │ 1675076160000 │ '2023-01-30T10:56:00.000Z' │ 100  │  0   │  0  │ Infinity │    0     │ 2574.5 │ 761.7 │  0  │ 3.9 │ 10000  │   20000   │   33500   │    3863000    │       │          │      │
│   23    │  2  │  2  │  2  │  2  │ 2400  │   4800   │   79100   │  2400   │   4800   │ 85947800  │ 1675076640000 │ '2023-01-30T11:04:00.000Z' │ 100  │  0   │  0  │ Infinity │    0     │ 2574.5 │ 761.7 │  0  │ 0.9 │  2400  │   4800    │   35900   │    3867800    │       │          │      │
│   24    │  2  │  2  │  2  │  2  │  100  │   200    │   79200   │   100   │   200    │ 85948000  │ 1675077120000 │ '2023-01-30T11:12:00.000Z' │ 100  │  0   │  0  │ Infinity │    0     │ 2574.5 │ 761.7 │  0  │  0  │  100   │    200    │   36000   │    3868000    │       │          │      │
│   25    │  2  │  2  │  2  │  2  │ 10000 │  20000   │   89200   │  10000  │  20000   │ 85968000  │ 1675077240000 │ '2023-01-30T11:14:00.000Z' │ 100  │  0   │  0  │ Infinity │    0     │ 2574.5 │ 761.7 │  0  │ 3.9 │ 10000  │   20000   │   46000   │    3888000    │       │          │      │
│   26    │  2  │  2  │  2  │  2  │  100  │   200    │   89300   │   100   │   200    │ 85968200  │ 1675077600000 │ '2023-01-30T11:20:00.000Z' │ 100  │  0   │  0  │ Infinity │    0     │ 2574.5 │ 761.7 │  0  │  0  │  100   │    200    │   46100   │    3888200    │       │          │      │
│   27    │  2  │  2  │  2  │  2  │ 3000  │   6000   │   92300   │  3000   │   6000   │ 85974200  │ 1675077840000 │ '2023-01-30T11:24:00.000Z' │ 100  │  0   │  0  │ Infinity │    0     │ 2574.5 │ 761.7 │  0  │ 1.2 │  3000  │   6000    │   49100   │    3894200    │       │          │      │
│   28    │  2  │  2  │  2  │  2  │ 6900  │  13800   │   99200   │  6900   │  13800   │ 85988000  │ 1675078080000 │ '2023-01-30T11:28:00.000Z' │ 100  │  0   │  0  │ Infinity │    0     │ 2574.5 │ 761.7 │  0  │ 2.7 │  6900  │   13800   │   56000   │    3908000    │       │          │      │
│   29    │  2  │  2  │  2  │  2  │ 10300 │  20600   │  109500   │  10300  │  20600   │ 86008600  │ 1675083600000 │ '2023-01-30T13:00:00.000Z' │ 100  │  0   │  0  │ Infinity │    0     │ 2574.5 │ 761.7 │  0  │  4  │ 10300  │   20600   │   66300   │    3928600    │       │          │      │
│   30    │  2  │  2  │  2  │  2  │  800  │   1600   │  110300   │   800   │   1600   │ 86010200  │ 1675083960000 │ '2023-01-30T13:06:00.000Z' │ 100  │  0   │  0  │ Infinity │    0     │ 2574.5 │ 761.7 │  0  │ 0.3 │  800   │   1600    │   67100   │    3930200    │       │          │      │
│   31    │  2  │  2  │  2  │  2  │  100  │   200    │  110400   │   100   │   200    │ 86010400  │ 1675084080000 │ '2023-01-30T13:08:00.000Z' │ 100  │  0   │  0  │ Infinity │    0     │ 2574.5 │ 761.7 │  0  │  0  │  100   │    200    │   67200   │    3930400    │       │          │      │
│   32    │  2  │  2  │  2  │  2  │  200  │   400    │  110600   │   200   │   400    │ 86010800  │ 1675084320000 │ '2023-01-30T13:12:00.000Z' │ 100  │  0   │  0  │ Infinity │    0     │ 2574.5 │ 761.7 │  0  │ 0.1 │  200   │    400    │   67400   │    3930800    │       │          │      │
│   33    │  2  │  2  │  2  │  2  │  300  │   600    │  110900   │   300   │   600    │ 86011400  │ 1675084680000 │ '2023-01-30T13:18:00.000Z' │ 100  │  0   │  0  │ Infinity │    0     │ 2574.5 │ 761.7 │  0  │ 0.1 │  300   │    600    │   67700   │    3931400    │       │          │      │
│   34    │  2  │  2  │  2  │  2  │ 3000  │   6000   │  113900   │  3000   │   6000   │ 86017400  │ 1675084800000 │ '2023-01-30T13:20:00.000Z' │ 100  │  0   │  0  │ Infinity │    0     │ 2574.5 │ 761.7 │  0  │ 1.2 │  3000  │   6000    │   70700   │    3937400    │       │          │      │
│   35    │  2  │  2  │  2  │  2  │  100  │   200    │  114000   │   100   │   200    │ 86017600  │ 1675085160000 │ '2023-01-30T13:26:00.000Z' │ 100  │  0   │  0  │ Infinity │    0     │ 2574.5 │ 761.7 │  0  │  0  │  100   │    200    │   70800   │    3937600    │       │          │      │
│   36    │  2  │  2  │  2  │  2  │  400  │   800    │  114400   │   400   │   800    │ 86018400  │ 1675085400000 │ '2023-01-30T13:30:00.000Z' │ 100  │  0   │  0  │ Infinity │    0     │ 2574.5 │ 761.7 │  0  │ 0.2 │  400   │    800    │   71200   │    3938400    │       │          │      │
│   37    │  2  │  2  │  2  │  2  │  900  │   1800   │  115300   │   900   │   1800   │ 86020200  │ 1675085880000 │ '2023-01-30T13:38:00.000Z' │ 100  │  0   │  0  │ Infinity │    0     │ 2574.5 │ 761.7 │  0  │ 0.3 │  900   │   1800    │   72100   │    3940200    │       │          │      │
│   38    │  2  │  2  │  2  │  2  │  200  │   400    │  115500   │   200   │   400    │ 86020600  │ 1675086120000 │ '2023-01-30T13:42:00.000Z' │ 100  │  0   │  0  │ Infinity │    0     │ 2574.5 │ 761.7 │  0  │ 0.1 │  200   │    400    │   72300   │    3940600    │       │          │      │
│   39    │  2  │  2  │  2  │  2  │ 2000  │   4000   │  117500   │  2000   │   4000   │ 86024600  │ 1675086720000 │ '2023-01-30T13:52:00.000Z' │ 100  │  0   │  0  │ Infinity │    0     │ 2574.5 │ 761.7 │  0  │ 0.8 │  2000  │   4000    │   74300   │    3944600    │       │          │      │
│   40    │ 1.9 │ 1.9 │ 1.9 │ 1.9 │       │          │  118300   │   800   │ 1520000  │ 87544600  │ 1675087200000 │ '2023-01-30T14:00:00.000Z' │  0   │ 100  │  0  │    0     │ Infinity │ 2574.5 │ 761.7 │  0  │     │  -800  │ -1520000  │   73500   │    2424600    │  800  │ 1520000  │ 1.1  │
├─────────┼─────┼─────┼─────┼─────┼───────┼──────────┼───────────┼─────────┼──────────┼───────────┼───────────────┼────────────────────────────┼──────┼──────┼─────┼──────────┼──────────┼────────┼───────┼─────┼─────┼────────┼───────────┼───────────┼───────────────┼───────┼──────────┼──────┤
│ (index) │  c  │  h  │  l  │  o  │  bu   │  val_bu  │ total_vol │ sum_vol │   val    │ acum_val  │   datetime    │            date            │ pbu  │ psd  │ puk │    bs    │    sb    │  abu   │  asd  │ auk │ rbu │ bu-sd  │ bu-sd_val │ acum_busd │ acum_busd_val │  sd   │  val_sd  │ rsd  │
├─────────┼─────┼─────┼─────┼─────┼───────┼──────────┼───────────┼─────────┼──────────┼───────────┼───────────────┼────────────────────────────┼──────┼──────┼─────┼──────────┼──────────┼────────┼───────┼─────┼─────┼────────┼───────────┼───────────┼───────────────┼───────┼──────────┼──────┤
│   41    │ 1.9 │ 1.9 │ 1.9 │ 1.9 │       │          │  118400   │   100   │  190000  │ 87734600  │ 1675087440000 │ '2023-01-30T14:04:00.000Z' │  0   │ 100  │  0  │    0     │ Infinity │ 2574.5 │ 761.7 │  0  │     │  -100  │  -190000  │   73400   │    2234600    │  100  │  190000  │ 0.1  │
│   42    │ 1.9 │ 1.9 │ 1.9 │ 1.9 │       │          │  121400   │  3000   │ 5700000  │ 93434600  │ 1675087800000 │ '2023-01-30T14:10:00.000Z' │  0   │ 100  │  0  │    0     │ Infinity │ 2574.5 │ 761.7 │  0  │     │ -3000  │ -5700000  │   70400   │   -3465400    │ 3000  │ 5700000  │ 3.9  │
│   43    │ 1.9 │ 1.9 │ 1.9 │ 1.9 │       │          │  121500   │   100   │  190000  │ 93624600  │ 1675087920000 │ '2023-01-30T14:12:00.000Z' │  0   │ 100  │  0  │    0     │ Infinity │ 2574.5 │ 761.7 │  0  │     │  -100  │  -190000  │   70300   │   -3655400    │  100  │  190000  │ 0.1  │
│   44    │ 1.9 │ 1.9 │ 1.9 │ 1.9 │       │          │  121600   │   100   │  190000  │ 93814600  │ 1675088280000 │ '2023-01-30T14:18:00.000Z' │  0   │ 100  │  0  │    0     │ Infinity │ 2574.5 │ 761.7 │  0  │     │  -100  │  -190000  │   70200   │   -3845400    │  100  │  190000  │ 0.1  │
│   45    │ 1.9 │ 1.9 │ 1.9 │ 1.9 │       │          │  131700   │  10100  │ 19190000 │ 113004600 │ 1675088520000 │ '2023-01-30T14:22:00.000Z' │  0   │ 100  │  0  │    0     │ Infinity │ 2574.5 │ 761.7 │  0  │     │ -10100 │ -19190000 │   60100   │   -23035400   │ 10100 │ 19190000 │ 13.3 │
│   46    │  2  │  2  │  2  │  2  │ 25100 │  50200   │  156800   │  25100  │  50200   │ 113054800 │ 1675089840000 │ '2023-01-30T14:44:00.000Z' │ 100  │  0   │  0  │ Infinity │    0     │ 2574.5 │ 761.7 │  0  │ 9.7 │ 25100  │   50200   │   85200   │   -22985200   │       │          │      │
└─────────┴─────┴─────┴─────┴─────┴───────┴──────────┴───────────┴─────────┴──────────┴───────────┴───────────────┴────────────────────────────┴──────┴──────┴─────┴──────────┴──────────┴────────┴───────┴─────┴─────┴────────┴───────────┴───────────┴───────────────┴───────┴──────────┴──────┘

