┌─────────┬──────┬──────┬──────┬──────┬──────┬──────────┬───────────┬─────────┬──────────┬───────────┬───────┬──────────┬───────────────┬────────────────────────────┬──────┬──────┬─────┬──────────┬──────────┬──────┬────────┬─────┬─────┬─────┬───────┬───────────┬───────────┬───────────────┐
│ (index) │  c   │  h   │  l   │  o   │  sd  │  val_sd  │ total_vol │ sum_vol │   val    │ acum_val  │  bu   │  val_bu  │   datetime    │            date            │ pbu  │ psd  │ puk │    bs    │    sb    │ abu  │  asd   │ auk │ rsd │ rbu │ bu-sd │ bu-sd_val │ acum_busd │ acum_busd_val │
├─────────┼──────┼──────┼──────┼──────┼──────┼──────────┼───────────┼─────────┼──────────┼───────────┼───────┼──────────┼───────────────┼────────────────────────────┼──────┼──────┼─────┼──────────┼──────────┼──────┼────────┼─────┼─────┼─────┼───────┼───────────┼───────────┼───────────────┤
│    0    │ 3.38 │ 3.38 │ 3.38 │ 3.38 │ 1600 │ 5408000  │   2500    │  2500   │ 8450000  │  8450000  │  900  │ 3042000  │ 1675070100000 │ '2023-01-30T09:15:00.000Z' │  36  │  64  │  0  │   0.6    │   1.8    │ 2475 │ 1620.8 │  0  │  1  │ 0.4 │ -700  │ -2366000  │   -700    │   -2366000    │
│    1    │ 3.4  │ 3.4  │ 3.39 │ 3.39 │ 600  │ 2034000  │   7300    │  4800   │ 16314000 │ 24764000  │ 4200  │ 14280000 │ 1675070700000 │ '2023-01-30T09:25:00.000Z' │ 87.5 │ 12.5 │  0  │    7     │   0.1    │ 2475 │ 1620.8 │  0  │ 0.4 │ 1.7 │ 3600  │ 12246000  │   2900    │    9880000    │
│    2    │ 3.4  │ 3.41 │ 3.4  │ 3.4  │      │          │   11600   │  4300   │ 14623000 │ 39387000  │ 4300  │ 14623000 │ 1675071000000 │ '2023-01-30T09:30:00.000Z' │ 100  │  0   │  0  │ Infinity │    0     │ 2475 │ 1620.8 │  0  │     │ 1.7 │ 4300  │ 14623000  │   7200    │   24503000    │
│    3    │ 3.41 │ 3.41 │ 3.4  │ 3.4  │      │          │   21300   │  9700   │ 32987000 │ 72374000  │ 9700  │ 32987000 │ 1675071300000 │ '2023-01-30T09:35:00.000Z' │ 100  │  0   │  0  │ Infinity │    0     │ 2475 │ 1620.8 │  0  │     │ 3.9 │ 9700  │ 32987000  │   16900   │   57490000    │
│    4    │ 3.42 │ 3.42 │ 3.41 │ 3.41 │ 5000 │ 17100000 │   31300   │  10000  │ 34150000 │ 106524000 │ 5000  │ 17050000 │ 1675071900000 │ '2023-01-30T09:45:00.000Z' │  50  │  50  │  0  │    1     │    1     │ 2475 │ 1620.8 │  0  │ 3.1 │  2  │   0   │  -50000   │   16900   │   57440000    │
│    5    │ 3.42 │ 3.42 │ 3.42 │ 3.42 │ 1000 │ 3420000  │   32300   │  1000   │ 3420000  │ 109944000 │       │          │ 1675072200000 │ '2023-01-30T09:50:00.000Z' │  0   │ 100  │  0  │    0     │ Infinity │ 2475 │ 1620.8 │  0  │ 0.6 │     │ -1000 │ -3420000  │   15900   │   54020000    │
│    6    │ 3.45 │ 3.45 │ 3.44 │ 3.44 │ 100  │  344000  │   40200   │  7900   │ 27254000 │ 137198000 │ 7800  │ 26910000 │ 1675073100000 │ '2023-01-30T10:05:00.000Z' │ 98.7 │ 1.3  │  0  │    78    │    0     │ 2475 │ 1620.8 │  0  │ 0.1 │ 3.2 │ 7700  │ 26566000  │   23600   │   80586000    │
│    7    │ 3.59 │ 3.59 │ 3.46 │ 3.46 │      │          │   50300   │  10100  │ 35897000 │ 173095000 │ 10100 │ 35897000 │ 1675073400000 │ '2023-01-30T10:10:00.000Z' │ 100  │  0   │  0  │ Infinity │    0     │ 2475 │ 1620.8 │  0  │     │ 4.1 │ 10100 │ 35897000  │   33700   │   116483000   │
│    8    │ 3.6  │ 3.6  │ 3.59 │ 3.59 │      │          │   59400   │  9100   │ 32721000 │ 205816000 │ 9100  │ 32721000 │ 1675073700000 │ '2023-01-30T10:15:00.000Z' │ 100  │  0   │  0  │ Infinity │    0     │ 2475 │ 1620.8 │  0  │     │ 3.7 │ 9100  │ 32721000  │   42800   │   149204000   │
│    9    │ 3.6  │ 3.6  │ 3.6  │ 3.6  │      │          │   60100   │   700   │ 2520000  │ 208336000 │  700  │ 2520000  │ 1675074000000 │ '2023-01-30T10:20:00.000Z' │ 100  │  0   │  0  │ Infinity │    0     │ 2475 │ 1620.8 │  0  │     │ 0.3 │  700  │  2520000  │   43500   │   151724000   │
│   10    │ 3.6  │ 3.6  │ 3.6  │ 3.6  │ 6400 │ 23040000 │   71900   │  11800  │ 42480000 │ 250816000 │ 5400  │ 19440000 │ 1675074300000 │ '2023-01-30T10:25:00.000Z' │ 45.8 │ 54.2 │  0  │   0.8    │   1.2    │ 2475 │ 1620.8 │  0  │ 3.9 │ 2.2 │ -1000 │ -3600000  │   42500   │   148124000   │
│   11    │ 3.6  │ 3.6  │ 3.6  │ 3.6  │      │          │   74100   │  2200   │ 7920000  │ 258736000 │ 2200  │ 7920000  │ 1675074600000 │ '2023-01-30T10:30:00.000Z' │ 100  │  0   │  0  │ Infinity │    0     │ 2475 │ 1620.8 │  0  │     │ 0.9 │ 2200  │  7920000  │   44700   │   156044000   │
│   12    │ 3.6  │ 3.6  │ 3.6  │ 3.6  │ 300  │ 1080000  │   74400   │   300   │ 1080000  │ 259816000 │       │          │ 1675074900000 │ '2023-01-30T10:35:00.000Z' │  0   │ 100  │  0  │    0     │ Infinity │ 2475 │ 1620.8 │  0  │ 0.2 │     │ -300  │ -1080000  │   44400   │   154964000   │
│   13    │ 3.6  │ 3.6  │ 3.6  │ 3.6  │ 700  │ 2520000  │   75100   │   700   │ 2520000  │ 262336000 │       │          │ 1675075200000 │ '2023-01-30T10:40:00.000Z' │  0   │ 100  │  0  │    0     │ Infinity │ 2475 │ 1620.8 │  0  │ 0.4 │     │ -700  │ -2520000  │   43700   │   152444000   │
│   14    │ 3.6  │ 3.6  │ 3.6  │ 3.6  │ 1000 │ 3600000  │   76100   │  1000   │ 3600000  │ 265936000 │       │          │ 1675077000000 │ '2023-01-30T11:10:00.000Z' │  0   │ 100  │  0  │    0     │ Infinity │ 2475 │ 1620.8 │  0  │ 0.6 │     │ -1000 │ -3600000  │   42700   │   148844000   │
│   15    │ 3.6  │ 3.6  │ 3.6  │ 3.6  │ 7700 │ 27720000 │   83800   │  7700   │ 27720000 │ 293656000 │       │          │ 1675083600000 │ '2023-01-30T13:00:00.000Z' │  0   │ 100  │  0  │    0     │ Infinity │ 2475 │ 1620.8 │  0  │ 4.8 │     │ -7700 │ -27720000 │   35000   │   121124000   │
│   16    │ 3.6  │ 3.6  │ 3.6  │ 3.6  │ 200  │  720000  │   84000   │   200   │  720000  │ 294376000 │       │          │ 1675083900000 │ '2023-01-30T13:05:00.000Z' │  0   │ 100  │  0  │    0     │ Infinity │ 2475 │ 1620.8 │  0  │ 0.1 │     │ -200  │  -720000  │   34800   │   120404000   │
│   17    │ 3.6  │ 3.6  │ 3.6  │ 3.6  │ 2000 │ 7200000  │   86000   │  2000   │ 7200000  │ 301576000 │       │          │ 1675084200000 │ '2023-01-30T13:10:00.000Z' │  0   │ 100  │  0  │    0     │ Infinity │ 2475 │ 1620.8 │  0  │ 1.2 │     │ -2000 │ -7200000  │   32800   │   113204000   │
│   18    │ 3.6  │ 3.6  │ 3.6  │ 3.6  │ 5000 │ 18000000 │   91000   │  5000   │ 18000000 │ 319576000 │       │          │ 1675084800000 │ '2023-01-30T13:20:00.000Z' │  0   │ 100  │  0  │    0     │ Infinity │ 2475 │ 1620.8 │  0  │ 3.1 │     │ -5000 │ -18000000 │   27800   │   95204000    │
│   19    │ 3.6  │ 3.6  │ 3.6  │ 3.6  │ 300  │ 1080000  │   91300   │   300   │ 1080000  │ 320656000 │       │          │ 1675086000000 │ '2023-01-30T13:40:00.000Z' │  0   │ 100  │  0  │    0     │ Infinity │ 2475 │ 1620.8 │  0  │ 0.2 │     │ -300  │ -1080000  │   27500   │   94124000    │
│   20    │ 3.6  │ 3.6  │ 3.6  │ 3.6  │ 500  │ 1800000  │   91800   │   500   │ 1800000  │ 322456000 │       │          │ 1675087500000 │ '2023-01-30T14:05:00.000Z' │  0   │ 100  │  0  │    0     │ Infinity │ 2475 │ 1620.8 │  0  │ 0.3 │     │ -500  │ -1800000  │   27000   │   92324000    │
├─────────┼──────┼──────┼──────┼──────┼──────┼──────────┼───────────┼─────────┼──────────┼───────────┼───────┼──────────┼───────────────┼────────────────────────────┼──────┼──────┼─────┼──────────┼──────────┼──────┼────────┼─────┼─────┼─────┼───────┼───────────┼───────────┼───────────────┤
│ (index) │  c   │  h   │  l   │  o   │  sd  │  val_sd  │ total_vol │ sum_vol │   val    │ acum_val  │  bu   │  val_bu  │   datetime    │            date            │ pbu  │ psd  │ puk │    bs    │    sb    │ abu  │  asd   │ auk │ rsd │ rbu │ bu-sd │ bu-sd_val │ acum_busd │ acum_busd_val │
├─────────┼──────┼──────┼──────┼──────┼──────┼──────────┼───────────┼─────────┼──────────┼───────────┼───────┼──────────┼───────────────┼────────────────────────────┼──────┼──────┼─────┼──────────┼──────────┼──────┼────────┼─────┼─────┼─────┼───────┼───────────┼───────────┼───────────────┤
│   21    │ 3.6  │ 3.6  │ 3.6  │ 3.6  │ 3200 │ 11520000 │   95000   │  3200   │ 11520000 │ 333976000 │       │          │ 1675087800000 │ '2023-01-30T14:10:00.000Z' │  0   │ 100  │  0  │    0     │ Infinity │ 2475 │ 1620.8 │  0  │  2  │     │ -3200 │ -11520000 │   23800   │   80804000    │
│   22    │ 3.6  │ 3.6  │ 3.6  │ 3.6  │ 900  │ 3240000  │   95900   │   900   │ 3240000  │ 337216000 │       │          │ 1675088100000 │ '2023-01-30T14:15:00.000Z' │  0   │ 100  │  0  │    0     │ Infinity │ 2475 │ 1620.8 │  0  │ 0.6 │     │ -900  │ -3240000  │   22900   │   77564000    │
│   23    │ 3.6  │ 3.6  │ 3.6  │ 3.6  │ 2400 │ 8640000  │   98300   │  2400   │ 8640000  │ 345856000 │       │          │ 1675089900000 │ '2023-01-30T14:45:00.000Z' │  0   │ 100  │  0  │    0     │ Infinity │ 2475 │ 1620.8 │  0  │ 1.5 │     │ -2400 │ -8640000  │   20500   │   68924000    │
└─────────┴──────┴──────┴──────┴──────┴──────┴──────────┴───────────┴─────────┴──────────┴───────────┴───────┴──────────┴───────────────┴────────────────────────────┴──────┴──────┴─────┴──────────┴──────────┴──────┴────────┴─────┴─────┴─────┴───────┴───────────┴───────────┴───────────────┘

