┌─────────┬─────┬─────┬─────┬─────┬────────┬───────────┬───────────┬─────────┬───────────┬────────────┬───────┬───────────┬───────────────┬────────────────────────────┬──────┬──────┬─────┬──────────┬──────────┬────────┬────────┬─────┬──────┬─────┬─────────┬────────────┬───────────┬───────────────┐
│ (index) │  c  │  h  │  l  │  o  │   sd   │  val_sd   │ total_vol │ sum_vol │    val    │  acum_val  │  bu   │  val_bu   │   datetime    │            date            │ pbu  │ psd  │ puk │    bs    │    sb    │  abu   │  asd   │ auk │ rsd  │ rbu │  bu-sd  │ bu-sd_val  │ acum_busd │ acum_busd_val │
├─────────┼─────┼─────┼─────┼─────┼────────┼───────────┼───────────┼─────────┼───────────┼────────────┼───────┼───────────┼───────────────┼────────────────────────────┼──────┼──────┼─────┼──────────┼──────────┼────────┼────────┼─────┼──────┼─────┼─────────┼────────────┼───────────┼───────────────┤
│    0    │ 3.2 │ 3.2 │ 3.1 │ 3.1 │  3200  │  9960000  │   15200   │  15200  │ 48360000  │  48360000  │ 12000 │ 38400000  │ 1675069200000 │ '2023-01-30T09:00:00.000Z' │ 78.9 │ 21.1 │  0  │   3.8    │   0.3    │ 5143.5 │ 7652.2 │  0  │ 0.4  │ 2.3 │  8800   │  28440000  │   8800    │   28440000    │
│    1    │ 3.2 │ 3.2 │ 3.2 │ 3.2 │  3400  │ 10880000  │   21200   │  6000   │ 19200000  │  67560000  │ 2600  │  8320000  │ 1675069500000 │ '2023-01-30T09:05:00.000Z' │ 43.3 │ 56.7 │  0  │   0.8    │   1.3    │ 5143.5 │ 7652.2 │  0  │ 0.4  │ 0.5 │  -800   │  -2560000  │   8000    │   25880000    │
│    2    │ 3.2 │ 3.2 │ 3.2 │ 3.2 │  6600  │ 21120000  │   27800   │  6600   │ 21120000  │  88680000  │       │           │ 1675069800000 │ '2023-01-30T09:10:00.000Z' │  0   │ 100  │  0  │    0     │ Infinity │ 5143.5 │ 7652.2 │  0  │ 0.9  │     │  -6600  │ -21120000  │   1400    │    4760000    │
│    3    │ 3.3 │ 3.3 │ 3.2 │ 3.2 │  6000  │ 19200000  │   36200   │  8400   │ 27120000  │ 115800000  │ 2400  │  7920000  │ 1675070100000 │ '2023-01-30T09:15:00.000Z' │ 28.6 │ 71.4 │  0  │   0.4    │   2.5    │ 5143.5 │ 7652.2 │  0  │ 0.8  │ 0.5 │  -3600  │ -11280000  │   -2200   │   -6520000    │
│    4    │ 3.2 │ 3.3 │ 3.2 │ 3.3 │ 40600  │ 129920000 │   77900   │  41700  │ 133550000 │ 249350000  │ 1100  │  3630000  │ 1675070400000 │ '2023-01-30T09:20:00.000Z' │ 2.6  │ 97.4 │  0  │    0     │   36.9   │ 5143.5 │ 7652.2 │  0  │ 5.3  │ 0.2 │ -39500  │ -126290000 │  -41700   │  -132810000   │
│    5    │ 3.2 │ 3.2 │ 3.2 │ 3.2 │  500   │  1600000  │   80400   │  2500   │  8000000  │ 257350000  │ 2000  │  6400000  │ 1675070700000 │ '2023-01-30T09:25:00.000Z' │  80  │  20  │  0  │    4     │   0.3    │ 5143.5 │ 7652.2 │  0  │ 0.1  │ 0.4 │  1500   │  4800000   │  -40200   │  -128010000   │
│    6    │ 3.2 │ 3.2 │ 3.2 │ 3.2 │        │           │   92700   │  12300  │ 39360000  │ 296710000  │ 12300 │ 39360000  │ 1675071000000 │ '2023-01-30T09:30:00.000Z' │ 100  │  0   │  0  │ Infinity │    0     │ 5143.5 │ 7652.2 │  0  │      │ 2.4 │  12300  │  39360000  │  -27900   │   -88650000   │
│    7    │ 3.2 │ 3.2 │ 3.2 │ 3.2 │  3200  │ 10240000  │  121300   │  28600  │ 91520000  │ 388230000  │ 25400 │ 81280000  │ 1675071300000 │ '2023-01-30T09:35:00.000Z' │ 88.8 │ 11.2 │  0  │   7.9    │   0.1    │ 5143.5 │ 7652.2 │  0  │ 0.4  │ 4.9 │  22200  │  71040000  │   -5700   │   -17610000   │
│    8    │ 3.2 │ 3.2 │ 3.2 │ 3.2 │  1800  │  5760000  │  123100   │  1800   │  5760000  │ 393990000  │       │           │ 1675071600000 │ '2023-01-30T09:40:00.000Z' │  0   │ 100  │  0  │    0     │ Infinity │ 5143.5 │ 7652.2 │  0  │ 0.2  │     │  -1800  │  -5760000  │   -7500   │   -23370000   │
│    9    │ 3.2 │ 3.3 │ 3.2 │ 3.3 │  5600  │ 17920000  │  129000   │  5900   │ 18910000  │ 412900000  │  300  │  990000   │ 1675071900000 │ '2023-01-30T09:45:00.000Z' │ 5.1  │ 94.9 │  0  │   0.1    │   18.7   │ 5143.5 │ 7652.2 │  0  │ 0.7  │ 0.1 │  -5300  │ -16930000  │  -12800   │   -40300000   │
│   10    │ 3.2 │ 3.3 │ 3.2 │ 3.2 │ 31500  │ 100800000 │  162500   │  33500  │ 107400000 │ 520300000  │ 2000  │  6600000  │ 1675072200000 │ '2023-01-30T09:50:00.000Z' │  6   │  94  │  0  │   0.1    │   15.8   │ 5143.5 │ 7652.2 │  0  │ 4.1  │ 0.4 │ -29500  │ -94200000  │  -42300   │  -134500000   │
│   11    │ 3.2 │ 3.3 │ 3.2 │ 3.2 │ 10000  │ 32000000  │  173600   │  11100  │ 35620000  │ 555920000  │ 1100  │  3620000  │ 1675072500000 │ '2023-01-30T09:55:00.000Z' │ 9.9  │ 90.1 │  0  │   0.1    │   9.1    │ 5143.5 │ 7652.2 │  0  │ 1.3  │ 0.2 │  -8900  │ -28380000  │  -51200   │  -162880000   │
│   12    │ 3.2 │ 3.2 │ 3.2 │ 3.2 │  100   │  320000   │  173700   │   100   │  320000   │ 556240000  │       │           │ 1675072800000 │ '2023-01-30T10:00:00.000Z' │  0   │ 100  │  0  │    0     │ Infinity │ 5143.5 │ 7652.2 │  0  │  0   │     │  -100   │  -320000   │  -51300   │  -163200000   │
│   13    │ 3.2 │ 3.2 │ 3.2 │ 3.2 │  2000  │  6400000  │  175700   │  2000   │  6400000  │ 562640000  │       │           │ 1675073400000 │ '2023-01-30T10:10:00.000Z' │  0   │ 100  │  0  │    0     │ Infinity │ 5143.5 │ 7652.2 │  0  │ 0.3  │     │  -2000  │  -6400000  │  -53300   │  -169600000   │
│   14    │ 3.2 │ 3.2 │ 3.2 │ 3.2 │  600   │  1920000  │  176300   │   600   │  1920000  │ 564560000  │       │           │ 1675073700000 │ '2023-01-30T10:15:00.000Z' │  0   │ 100  │  0  │    0     │ Infinity │ 5143.5 │ 7652.2 │  0  │ 0.1  │     │  -600   │  -1920000  │  -53900   │  -171520000   │
│   15    │ 3.3 │ 3.3 │ 3.2 │ 3.2 │  1700  │  5440000  │  178200   │  1900   │  6100000  │ 570660000  │  200  │  660000   │ 1675074000000 │ '2023-01-30T10:20:00.000Z' │ 10.5 │ 89.5 │  0  │   0.1    │   8.5    │ 5143.5 │ 7652.2 │  0  │ 0.2  │  0  │  -1500  │  -4780000  │  -55400   │  -176300000   │
│   16    │ 3.2 │ 3.2 │ 3.2 │ 3.2 │  400   │  1280000  │  178600   │   400   │  1280000  │ 571940000  │       │           │ 1675074300000 │ '2023-01-30T10:25:00.000Z' │  0   │ 100  │  0  │    0     │ Infinity │ 5143.5 │ 7652.2 │  0  │ 0.1  │     │  -400   │  -1280000  │  -55800   │  -177580000   │
│   17    │ 3.2 │ 3.2 │ 3.2 │ 3.2 │  7000  │ 22400000  │  185600   │  7000   │ 22400000  │ 594340000  │       │           │ 1675074600000 │ '2023-01-30T10:30:00.000Z' │  0   │ 100  │  0  │    0     │ Infinity │ 5143.5 │ 7652.2 │  0  │ 0.9  │     │  -7000  │ -22400000  │  -62800   │  -199980000   │
│   18    │ 3.2 │ 3.2 │ 3.2 │ 3.2 │ 12400  │ 39680000  │  198000   │  12400  │ 39680000  │ 634020000  │       │           │ 1675074900000 │ '2023-01-30T10:35:00.000Z' │  0   │ 100  │  0  │    0     │ Infinity │ 5143.5 │ 7652.2 │  0  │ 1.6  │     │ -12400  │ -39680000  │  -75200   │  -239660000   │
│   19    │ 3.1 │ 3.2 │ 3.1 │ 3.2 │ 20100  │ 64200000  │  223000   │  25000  │ 79880000  │ 713900000  │ 4900  │ 15680000  │ 1675075200000 │ '2023-01-30T10:40:00.000Z' │ 19.6 │ 80.4 │  0  │   0.2    │   4.1    │ 5143.5 │ 7652.2 │  0  │ 2.6  │  1  │ -15200  │ -48520000  │  -90400   │  -288180000   │
│   20    │ 3.2 │ 3.2 │ 3.2 │ 3.2 │  400   │  1280000  │  227100   │  4100   │ 13120000  │ 727020000  │ 3700  │ 11840000  │ 1675075500000 │ '2023-01-30T10:45:00.000Z' │ 90.2 │ 9.8  │  0  │   9.3    │   0.1    │ 5143.5 │ 7652.2 │  0  │ 0.1  │ 0.7 │  3300   │  10560000  │  -87100   │  -277620000   │
├─────────┼─────┼─────┼─────┼─────┼────────┼───────────┼───────────┼─────────┼───────────┼────────────┼───────┼───────────┼───────────────┼────────────────────────────┼──────┼──────┼─────┼──────────┼──────────┼────────┼────────┼─────┼──────┼─────┼─────────┼────────────┼───────────┼───────────────┤
│ (index) │  c  │  h  │  l  │  o  │   sd   │  val_sd   │ total_vol │ sum_vol │    val    │  acum_val  │  bu   │  val_bu   │   datetime    │            date            │ pbu  │ psd  │ puk │    bs    │    sb    │  abu   │  asd   │ auk │ rsd  │ rbu │  bu-sd  │ bu-sd_val  │ acum_busd │ acum_busd_val │
├─────────┼─────┼─────┼─────┼─────┼────────┼───────────┼───────────┼─────────┼───────────┼────────────┼───────┼───────────┼───────────────┼────────────────────────────┼──────┼──────┼─────┼──────────┼──────────┼────────┼────────┼─────┼──────┼─────┼─────────┼────────────┼───────────┼───────────────┤
│   21    │ 3.2 │ 3.2 │ 3.2 │ 3.2 │        │           │  231800   │  4700   │ 15040000  │ 742060000  │ 4700  │ 15040000  │ 1675075800000 │ '2023-01-30T10:50:00.000Z' │ 100  │  0   │  0  │ Infinity │    0     │ 5143.5 │ 7652.2 │  0  │      │ 0.9 │  4700   │  15040000  │  -82400   │  -262580000   │
│   22    │ 3.2 │ 3.2 │ 3.2 │ 3.2 │        │           │  233200   │  1400   │  4480000  │ 746540000  │ 1400  │  4480000  │ 1675076100000 │ '2023-01-30T10:55:00.000Z' │ 100  │  0   │  0  │ Infinity │    0     │ 5143.5 │ 7652.2 │  0  │      │ 0.3 │  1400   │  4480000   │  -81000   │  -258100000   │
│   23    │ 3.2 │ 3.2 │ 3.2 │ 3.2 │        │           │  246100   │  12900  │ 41280000  │ 787820000  │ 12900 │ 41280000  │ 1675076400000 │ '2023-01-30T11:00:00.000Z' │ 100  │  0   │  0  │ Infinity │    0     │ 5143.5 │ 7652.2 │  0  │      │ 2.5 │  12900  │  41280000  │  -68100   │  -216820000   │
│   24    │ 3.3 │ 3.3 │ 3.2 │ 3.2 │  900   │  2880000  │  278000   │  31900  │ 102110000 │ 889930000  │ 31000 │ 99230000  │ 1675076700000 │ '2023-01-30T11:05:00.000Z' │ 97.2 │ 2.8  │  0  │   34.4   │    0     │ 5143.5 │ 7652.2 │  0  │ 0.1  │  6  │  30100  │  96350000  │  -38000   │  -120470000   │
│   25    │ 3.3 │ 3.3 │ 3.3 │ 3.3 │        │           │  283400   │  5400   │ 17820000  │ 907750000  │ 5400  │ 17820000  │ 1675077000000 │ '2023-01-30T11:10:00.000Z' │ 100  │  0   │  0  │ Infinity │    0     │ 5143.5 │ 7652.2 │  0  │      │  1  │  5400   │  17820000  │  -32600   │  -102650000   │
│   26    │ 3.3 │ 3.3 │ 3.3 │ 3.3 │        │           │  283500   │   100   │  330000   │ 908080000  │  100  │  330000   │ 1675077300000 │ '2023-01-30T11:15:00.000Z' │ 100  │  0   │  0  │ Infinity │    0     │ 5143.5 │ 7652.2 │  0  │      │  0  │   100   │   330000   │  -32500   │  -102320000   │
│   27    │ 3.2 │ 3.2 │ 3.2 │ 3.2 │  4400  │ 14080000  │  287900   │  4400   │ 14080000  │ 922160000  │       │           │ 1675083600000 │ '2023-01-30T13:00:00.000Z' │  0   │ 100  │  0  │    0     │ Infinity │ 5143.5 │ 7652.2 │  0  │ 0.6  │     │  -4400  │ -14080000  │  -36900   │  -116400000   │
│   28    │ 3.2 │ 3.2 │ 3.2 │ 3.2 │  800   │  2560000  │  288700   │   800   │  2560000  │ 924720000  │       │           │ 1675083900000 │ '2023-01-30T13:05:00.000Z' │  0   │ 100  │  0  │    0     │ Infinity │ 5143.5 │ 7652.2 │  0  │ 0.1  │     │  -800   │  -2560000  │  -37700   │  -118960000   │
│   29    │ 3.3 │ 3.3 │ 3.2 │ 3.2 │  1600  │  5120000  │  291000   │  2300   │  7430000  │ 932150000  │  700  │  2310000  │ 1675084200000 │ '2023-01-30T13:10:00.000Z' │ 30.4 │ 69.6 │  0  │   0.4    │   2.3    │ 5143.5 │ 7652.2 │  0  │ 0.2  │ 0.1 │  -900   │  -2810000  │  -38600   │  -121770000   │
│   30    │ 3.3 │ 3.3 │ 3.3 │ 3.3 │        │           │  291600   │   600   │  1980000  │ 934130000  │  600  │  1980000  │ 1675084500000 │ '2023-01-30T13:15:00.000Z' │ 100  │  0   │  0  │ Infinity │    0     │ 5143.5 │ 7652.2 │  0  │      │ 0.1 │   600   │  1980000   │  -38000   │  -119790000   │
│   31    │ 3.3 │ 3.3 │ 3.3 │ 3.3 │        │           │  295500   │  3900   │ 12870000  │ 947000000  │ 3900  │ 12870000  │ 1675084800000 │ '2023-01-30T13:20:00.000Z' │ 100  │  0   │  0  │ Infinity │    0     │ 5143.5 │ 7652.2 │  0  │      │ 0.8 │  3900   │  12870000  │  -34100   │  -106920000   │
│   32    │ 3.3 │ 3.3 │ 3.3 │ 3.3 │        │           │  296300   │   800   │  2640000  │ 949640000  │  800  │  2640000  │ 1675085100000 │ '2023-01-30T13:25:00.000Z' │ 100  │  0   │  0  │ Infinity │    0     │ 5143.5 │ 7652.2 │  0  │      │ 0.2 │   800   │  2640000   │  -33300   │  -104280000   │
│   33    │ 3.3 │ 3.3 │ 3.3 │ 3.3 │        │           │  297400   │  1100   │  3630000  │ 953270000  │ 1100  │  3630000  │ 1675085400000 │ '2023-01-30T13:30:00.000Z' │ 100  │  0   │  0  │ Infinity │    0     │ 5143.5 │ 7652.2 │  0  │      │ 0.2 │  1100   │  3630000   │  -32200   │  -100650000   │
│   34    │ 3.2 │ 3.2 │ 3.2 │ 3.2 │  3500  │ 11200000  │  300900   │  3500   │ 11200000  │ 964470000  │       │           │ 1675085700000 │ '2023-01-30T13:35:00.000Z' │  0   │ 100  │  0  │    0     │ Infinity │ 5143.5 │ 7652.2 │  0  │ 0.5  │     │  -3500  │ -11200000  │  -35700   │  -111850000   │
│   35    │ 3.2 │ 3.3 │ 3.2 │ 3.3 │  9800  │ 31360000  │  315800   │  14900  │ 48190000  │ 1012660000 │ 5100  │ 16830000  │ 1675086000000 │ '2023-01-30T13:40:00.000Z' │ 34.2 │ 65.8 │  0  │   0.5    │   1.9    │ 5143.5 │ 7652.2 │  0  │ 1.3  │  1  │  -4700  │ -14530000  │  -40400   │  -126380000   │
│   36    │ 3.3 │ 3.3 │ 3.3 │ 3.3 │        │           │  320800   │  5000   │ 16500000  │ 1029160000 │ 5000  │ 16500000  │ 1675086300000 │ '2023-01-30T13:45:00.000Z' │ 100  │  0   │  0  │ Infinity │    0     │ 5143.5 │ 7652.2 │  0  │      │  1  │  5000   │  16500000  │  -35400   │  -109880000   │
│   37    │ 3.3 │ 3.3 │ 3.3 │ 3.3 │        │           │  320900   │   100   │  330000   │ 1029490000 │  100  │  330000   │ 1675086600000 │ '2023-01-30T13:50:00.000Z' │ 100  │  0   │  0  │ Infinity │    0     │ 5143.5 │ 7652.2 │  0  │      │  0  │   100   │   330000   │  -35300   │  -109550000   │
│   38    │ 3.3 │ 3.3 │ 3.3 │ 3.3 │        │           │  321200   │   300   │  990000   │ 1030480000 │  300  │  990000   │ 1675086900000 │ '2023-01-30T13:55:00.000Z' │ 100  │  0   │  0  │ Infinity │    0     │ 5143.5 │ 7652.2 │  0  │      │ 0.1 │   300   │   990000   │  -35000   │  -108560000   │
│   39    │ 3.1 │ 3.2 │ 3.1 │ 3.2 │ 143000 │ 449590000 │  485600   │ 164400  │ 518070000 │ 1548550000 │ 21400 │ 68480000  │ 1675087200000 │ '2023-01-30T14:00:00.000Z' │  13  │  87  │  0  │   0.1    │   6.7    │ 5143.5 │ 7652.2 │  0  │ 18.7 │ 4.2 │ -121600 │ -381110000 │  -156600  │  -489670000   │
│   40    │ 3.2 │ 3.2 │ 3.2 │ 3.2 │        │           │  488600   │  3000   │  9600000  │ 1558150000 │ 3000  │  9600000  │ 1675087500000 │ '2023-01-30T14:05:00.000Z' │ 100  │  0   │  0  │ Infinity │    0     │ 5143.5 │ 7652.2 │  0  │      │ 0.6 │  3000   │  9600000   │  -153600  │  -480070000   │
├─────────┼─────┼─────┼─────┼─────┼────────┼───────────┼───────────┼─────────┼───────────┼────────────┼───────┼───────────┼───────────────┼────────────────────────────┼──────┼──────┼─────┼──────────┼──────────┼────────┼────────┼─────┼──────┼─────┼─────────┼────────────┼───────────┼───────────────┤
│ (index) │  c  │  h  │  l  │  o  │   sd   │  val_sd   │ total_vol │ sum_vol │    val    │  acum_val  │  bu   │  val_bu   │   datetime    │            date            │ pbu  │ psd  │ puk │    bs    │    sb    │  abu   │  asd   │ auk │ rsd  │ rbu │  bu-sd  │ bu-sd_val  │ acum_busd │ acum_busd_val │
├─────────┼─────┼─────┼─────┼─────┼────────┼───────────┼───────────┼─────────┼───────────┼────────────┼───────┼───────────┼───────────────┼────────────────────────────┼──────┼──────┼─────┼──────────┼──────────┼────────┼────────┼─────┼──────┼─────┼─────────┼────────────┼───────────┼───────────────┤
│   41    │ 3.1 │ 3.1 │ 3.1 │ 3.1 │  8100  │ 25110000  │  496700   │  8100   │ 25110000  │ 1583260000 │       │           │ 1675087800000 │ '2023-01-30T14:10:00.000Z' │  0   │ 100  │  0  │    0     │ Infinity │ 5143.5 │ 7652.2 │  0  │ 1.1  │     │  -8100  │ -25110000  │  -161700  │  -505180000   │
│   42    │ 3.2 │ 3.2 │ 3.1 │ 3.1 │  1500  │  4650000  │  511800   │  15100  │ 48170000  │ 1631430000 │ 13600 │ 43520000  │ 1675088100000 │ '2023-01-30T14:15:00.000Z' │ 90.1 │ 9.9  │  0  │   9.1    │   0.1    │ 5143.5 │ 7652.2 │  0  │ 0.2  │ 2.6 │  12100  │  38870000  │  -149600  │  -466310000   │
│   43    │ 3.1 │ 3.2 │ 3.1 │ 3.2 │  2000  │  6200000  │  516700   │  4900   │ 15480000  │ 1646910000 │ 2900  │  9280000  │ 1675088400000 │ '2023-01-30T14:20:00.000Z' │ 59.2 │ 40.8 │  0  │   1.5    │   0.7    │ 5143.5 │ 7652.2 │  0  │ 0.3  │ 0.6 │   900   │  3080000   │  -148700  │  -463230000   │
│   44    │ 3.1 │ 3.2 │ 3.1 │ 3.2 │ 19300  │ 59830000  │  556600   │  39900  │ 124820000 │ 1771730000 │ 20600 │ 64990000  │ 1675088700000 │ '2023-01-30T14:25:00.000Z' │ 51.6 │ 48.4 │  0  │   1.1    │   0.9    │ 5143.5 │ 7652.2 │  0  │ 2.5  │  4  │  1300   │  5160000   │  -147400  │  -458070000   │
│   45    │ 3.2 │ 3.2 │ 3.2 │ 3.2 │        │           │  588600   │  32000  │ 102400000 │ 1874130000 │ 32000 │ 102400000 │ 1675089900000 │ '2023-01-30T14:45:00.000Z' │ 100  │  0   │  0  │ Infinity │    0     │ 5143.5 │ 7652.2 │  0  │      │ 6.2 │  32000  │ 102400000  │  -115400  │  -355670000   │
└─────────┴─────┴─────┴─────┴─────┴────────┴───────────┴───────────┴─────────┴───────────┴────────────┴───────┴───────────┴───────────────┴────────────────────────────┴──────┴──────┴─────┴──────────┴──────────┴────────┴────────┴─────┴──────┴─────┴─────────┴────────────┴───────────┴───────────────┘

