┌─────────┬───────┬───────┬───────┬───────┬─────┬──────────┬───────────┬─────────┬──────────┬───────────┬───────────────┬────────────────────────────┬──────┬─────┬─────┬──────────┬──────────┬───────┬───────┬─────┬─────┬───────┬───────────┬───────────┬───────────────┬──────┬──────────┬─────┐
│ (index) │   c   │   h   │   l   │   o   │ sd  │  val_sd  │ total_vol │ sum_vol │   val    │ acum_val  │   datetime    │            date            │ pbu  │ psd │ puk │    bs    │    sb    │  abu  │  asd  │ auk │ rsd │ bu-sd │ bu-sd_val │ acum_busd │ acum_busd_val │  bu  │  val_bu  │ rbu │
├─────────┼───────┼───────┼───────┼───────┼─────┼──────────┼───────────┼─────────┼──────────┼───────────┼───────────────┼────────────────────────────┼──────┼─────┼─────┼──────────┼──────────┼───────┼───────┼─────┼─────┼───────┼───────────┼───────────┼───────────────┼──────┼──────────┼─────┤
│    0    │ 13.7  │ 13.7  │ 13.7  │ 13.7  │ 200 │ 2740000  │    200    │   200   │ 2740000  │  2740000  │ 1675070040000 │ '2023-01-30T09:14:00.000Z' │  0   │ 100 │  0  │    0     │ Infinity │ 483.3 │ 122.2 │  0  │ 1.6 │ -200  │ -2740000  │   -200    │   -2740000    │      │          │     │
│    1    │ 13.7  │ 13.7  │ 13.7  │ 13.7  │ 100 │ 1370000  │    300    │   100   │ 1370000  │  4110000  │ 1675070160000 │ '2023-01-30T09:16:00.000Z' │  0   │ 100 │  0  │    0     │ Infinity │ 483.3 │ 122.2 │  0  │ 0.8 │ -100  │ -1370000  │   -300    │   -4110000    │      │          │     │
│    2    │ 14.1  │ 14.1  │ 14.1  │ 14.1  │     │          │    400    │   100   │ 1410000  │  5520000  │ 1675070280000 │ '2023-01-30T09:18:00.000Z' │ 100  │  0  │  0  │ Infinity │    0     │ 483.3 │ 122.2 │  0  │     │  100  │  1410000  │   -200    │   -2700000    │ 100  │ 1410000  │ 0.2 │
│    3    │ 13.8  │ 13.8  │ 13.8  │ 13.8  │     │          │    800    │   400   │ 5520000  │ 11040000  │ 1675070760000 │ '2023-01-30T09:26:00.000Z' │ 100  │  0  │  0  │ Infinity │    0     │ 483.3 │ 122.2 │  0  │     │  400  │  5520000  │    200    │    2820000    │ 400  │ 5520000  │ 0.8 │
│    4    │ 13.8  │ 13.8  │ 13.8  │ 13.8  │ 500 │ 6900000  │   1300    │   500   │ 6900000  │ 17940000  │ 1675072200000 │ '2023-01-30T09:50:00.000Z' │  0   │ 100 │  0  │    0     │ Infinity │ 483.3 │ 122.2 │  0  │ 4.1 │ -500  │ -6900000  │   -300    │   -4080000    │      │          │     │
│    5    │ 13.9  │ 13.9  │ 13.9  │ 13.9  │     │          │   2300    │  1000   │ 13900000 │ 31840000  │ 1675074240000 │ '2023-01-30T10:24:00.000Z' │ 100  │  0  │  0  │ Infinity │    0     │ 483.3 │ 122.2 │  0  │     │ 1000  │ 13900000  │    700    │    9820000    │ 1000 │ 13900000 │ 2.1 │
│    6    │ 13.95 │ 13.95 │ 13.95 │ 13.95 │     │          │   3800    │  1500   │ 20925000 │ 52765000  │ 1675074360000 │ '2023-01-30T10:26:00.000Z' │ 100  │  0  │  0  │ Infinity │    0     │ 483.3 │ 122.2 │  0  │     │ 1500  │ 20925000  │   2200    │   30745000    │ 1500 │ 20925000 │ 3.1 │
│    7    │ 13.95 │ 13.95 │ 13.95 │ 13.95 │     │          │   4400    │   600   │ 8370000  │ 61135000  │ 1675074600000 │ '2023-01-30T10:30:00.000Z' │ 100  │  0  │  0  │ Infinity │    0     │ 483.3 │ 122.2 │  0  │     │  600  │  8370000  │   2800    │   39115000    │ 600  │ 8370000  │ 1.2 │
│    8    │ 13.95 │ 13.95 │ 13.95 │ 13.95 │     │          │   5700    │  1300   │ 18135000 │ 79270000  │ 1675083960000 │ '2023-01-30T13:06:00.000Z' │ 100  │  0  │  0  │ Infinity │    0     │ 483.3 │ 122.2 │  0  │     │ 1300  │ 18135000  │   4100    │   57250000    │ 1300 │ 18135000 │ 2.7 │
│    9    │ 13.85 │ 13.85 │ 13.85 │ 13.85 │ 900 │ 12465000 │   6600    │   900   │ 12465000 │ 91735000  │ 1675084080000 │ '2023-01-30T13:08:00.000Z' │  0   │ 100 │  0  │    0     │ Infinity │ 483.3 │ 122.2 │  0  │ 7.4 │ -900  │ -12465000 │   3200    │   44785000    │      │          │     │
│   10    │ 13.8  │ 13.85 │ 13.8  │ 13.8  │ 100 │ 1380000  │   7800    │  1200   │ 16565000 │ 108300000 │ 1675085160000 │ '2023-01-30T13:26:00.000Z' │ 91.7 │ 8.3 │  0  │    11    │   0.1    │ 483.3 │ 122.2 │  0  │ 0.8 │ 1000  │ 13805000  │   4200    │   58590000    │ 1100 │ 15185000 │ 2.3 │
│   11    │ 13.8  │ 13.8  │ 13.8  │ 13.8  │     │          │   8400    │   600   │ 8280000  │ 116580000 │ 1675085400000 │ '2023-01-30T13:30:00.000Z' │ 100  │  0  │  0  │ Infinity │    0     │ 483.3 │ 122.2 │  0  │     │  600  │  8280000  │   4800    │   66870000    │ 600  │ 8280000  │ 1.2 │
│   12    │ 13.8  │ 13.8  │ 13.8  │ 13.8  │     │          │   9000    │   600   │ 8280000  │ 124860000 │ 1675085520000 │ '2023-01-30T13:32:00.000Z' │ 100  │  0  │  0  │ Infinity │    0     │ 483.3 │ 122.2 │  0  │     │  600  │  8280000  │   5400    │   75150000    │ 600  │ 8280000  │ 1.2 │
│   13    │ 13.8  │ 13.8  │ 13.8  │ 13.8  │     │          │   9100    │   100   │ 1380000  │ 126240000 │ 1675086240000 │ '2023-01-30T13:44:00.000Z' │ 100  │  0  │  0  │ Infinity │    0     │ 483.3 │ 122.2 │  0  │     │  100  │  1380000  │   5500    │   76530000    │ 100  │ 1380000  │ 0.2 │
│   14    │ 13.8  │ 13.8  │ 13.8  │ 13.8  │     │          │   9300    │   200   │ 2760000  │ 129000000 │ 1675086840000 │ '2023-01-30T13:54:00.000Z' │ 100  │  0  │  0  │ Infinity │    0     │ 483.3 │ 122.2 │  0  │     │  200  │  2760000  │   5700    │   79290000    │ 200  │ 2760000  │ 0.4 │
│   15    │ 13.5  │ 13.5  │ 13.5  │ 13.5  │     │          │   10400   │  1100   │ 14850000 │ 143850000 │ 1675088040000 │ '2023-01-30T14:14:00.000Z' │ 100  │  0  │  0  │ Infinity │    0     │ 483.3 │ 122.2 │  0  │     │ 1100  │ 14850000  │   6800    │   94140000    │ 1100 │ 14850000 │ 2.3 │
│   16    │ 13.8  │ 13.8  │ 13.8  │ 13.8  │     │          │   10500   │   100   │ 1380000  │ 145230000 │ 1675088760000 │ '2023-01-30T14:26:00.000Z' │ 100  │  0  │  0  │ Infinity │    0     │ 483.3 │ 122.2 │  0  │     │  100  │  1380000  │   6900    │   95520000    │ 100  │ 1380000  │ 0.2 │
│   17    │ 13.9  │ 13.9  │ 13.9  │ 13.9  │ 400 │ 5560000  │   10900   │   400   │ 5560000  │ 150790000 │ 1675089840000 │ '2023-01-30T14:44:00.000Z' │  0   │ 100 │  0  │    0     │ Infinity │ 483.3 │ 122.2 │  0  │ 3.3 │ -400  │ -5560000  │   6500    │   89960000    │      │          │     │
└─────────┴───────┴───────┴───────┴───────┴─────┴──────────┴───────────┴─────────┴──────────┴───────────┴───────────────┴────────────────────────────┴──────┴─────┴─────┴──────────┴──────────┴───────┴───────┴─────┴─────┴───────┴───────────┴───────────┴───────────────┴──────┴──────────┴─────┘

