┌─────────┬─────┬─────┬─────┬─────┬───────┬──────────┬───────────┬─────────┬──────────┬───────────┬───────────────┬────────────────────────────┬─────┬─────┬─────┬────┬──────────┬─────┬──────┬─────┬─────┬────────┬───────────┬───────────┬───────────────┐
│ (index) │  c  │  h  │  l  │  o  │  sd   │  val_sd  │ total_vol │ sum_vol │   val    │ acum_val  │   datetime    │            date            │ pbu │ psd │ puk │ bs │    sb    │ abu │ asd  │ auk │ rsd │ bu-sd  │ bu-sd_val │ acum_busd │ acum_busd_val │
├─────────┼─────┼─────┼─────┼─────┼───────┼──────────┼───────────┼─────────┼──────────┼───────────┼───────────────┼────────────────────────────┼─────┼─────┼─────┼────┼──────────┼─────┼──────┼─────┼─────┼────────┼───────────┼───────────┼───────────────┤
│    0    │ 6.3 │ 6.3 │ 6.3 │ 6.3 │ 8200  │ 51660000 │   19300   │  8200   │ 51660000 │ 51660000  │ 1675044000000 │ '2023-01-30T02:00:00.000Z' │  0  │ 100 │  0  │ 0  │ Infinity │  0  │ 2550 │  0  │ 3.2 │ -8200  │ -51660000 │   -8200   │   -51660000   │
│    1    │ 6.3 │ 6.3 │ 6.3 │ 6.3 │ 15600 │ 98280000 │   23800   │  15600  │ 98280000 │ 149940000 │ 1675069200000 │ '2023-01-30T09:00:00.000Z' │  0  │ 100 │  0  │ 0  │ Infinity │  0  │ 2550 │  0  │ 6.1 │ -15600 │ -98280000 │  -23800   │  -149940000   │
│    2    │ 6.3 │ 6.3 │ 6.3 │ 6.3 │ 1000  │ 6300000  │   24800   │  1000   │ 6300000  │ 156240000 │ 1675069320000 │ '2023-01-30T09:02:00.000Z' │  0  │ 100 │  0  │ 0  │ Infinity │  0  │ 2550 │  0  │ 0.4 │ -1000  │ -6300000  │  -24800   │  -156240000   │
│    3    │ 6.3 │ 6.3 │ 6.3 │ 6.3 │ 6000  │ 37800000 │   30800   │  6000   │ 37800000 │ 194040000 │ 1675069440000 │ '2023-01-30T09:04:00.000Z' │  0  │ 100 │  0  │ 0  │ Infinity │  0  │ 2550 │  0  │ 2.4 │ -6000  │ -37800000 │  -30800   │  -194040000   │
│    4    │ 6.3 │ 6.3 │ 6.3 │ 6.3 │ 15100 │ 95130000 │   45900   │  15100  │ 95130000 │ 289170000 │ 1675069560000 │ '2023-01-30T09:06:00.000Z' │  0  │ 100 │  0  │ 0  │ Infinity │  0  │ 2550 │  0  │ 5.9 │ -15100 │ -95130000 │  -45900   │  -289170000   │
│    5    │ 6.3 │ 6.3 │ 6.3 │ 6.3 │  300  │ 1890000  │   46200   │   300   │ 1890000  │ 291060000 │ 1675069800000 │ '2023-01-30T09:10:00.000Z' │  0  │ 100 │  0  │ 0  │ Infinity │  0  │ 2550 │  0  │ 0.1 │  -300  │ -1890000  │  -46200   │  -291060000   │
│    6    │ 6.3 │ 6.3 │ 6.3 │ 6.3 │ 2000  │ 12600000 │   48200   │  2000   │ 12600000 │ 303660000 │ 1675070040000 │ '2023-01-30T09:14:00.000Z' │  0  │ 100 │  0  │ 0  │ Infinity │  0  │ 2550 │  0  │ 0.8 │ -2000  │ -12600000 │  -48200   │  -303660000   │
│    7    │ 6.3 │ 6.3 │ 6.3 │ 6.3 │ 1000  │ 6300000  │   49200   │  1000   │ 6300000  │ 309960000 │ 1675070160000 │ '2023-01-30T09:16:00.000Z' │  0  │ 100 │  0  │ 0  │ Infinity │  0  │ 2550 │  0  │ 0.4 │ -1000  │ -6300000  │  -49200   │  -309960000   │
│    8    │ 6.3 │ 6.3 │ 6.3 │ 6.3 │  300  │ 1890000  │   49500   │   300   │ 1890000  │ 311850000 │ 1675070280000 │ '2023-01-30T09:18:00.000Z' │  0  │ 100 │  0  │ 0  │ Infinity │  0  │ 2550 │  0  │ 0.1 │  -300  │ -1890000  │  -49500   │  -311850000   │
│    9    │ 6.3 │ 6.3 │ 6.3 │ 6.3 │  100  │  630000  │   49600   │   100   │  630000  │ 312480000 │ 1675070400000 │ '2023-01-30T09:20:00.000Z' │  0  │ 100 │  0  │ 0  │ Infinity │  0  │ 2550 │  0  │  0  │  -100  │  -630000  │  -49600   │  -312480000   │
│   10    │ 6.3 │ 6.3 │ 6.3 │ 6.3 │  500  │ 3150000  │   50100   │   500   │ 3150000  │ 315630000 │ 1675070520000 │ '2023-01-30T09:22:00.000Z' │  0  │ 100 │  0  │ 0  │ Infinity │  0  │ 2550 │  0  │ 0.2 │  -500  │ -3150000  │  -50100   │  -315630000   │
│   11    │ 6.3 │ 6.3 │ 6.3 │ 6.3 │  100  │  630000  │   50200   │   100   │  630000  │ 316260000 │ 1675070640000 │ '2023-01-30T09:24:00.000Z' │  0  │ 100 │  0  │ 0  │ Infinity │  0  │ 2550 │  0  │  0  │  -100  │  -630000  │  -50200   │  -316260000   │
│   12    │ 6.3 │ 6.3 │ 6.3 │ 6.3 │ 1500  │ 9450000  │   51700   │  1500   │ 9450000  │ 325710000 │ 1675070880000 │ '2023-01-30T09:28:00.000Z' │  0  │ 100 │  0  │ 0  │ Infinity │  0  │ 2550 │  0  │ 0.6 │ -1500  │ -9450000  │  -51700   │  -325710000   │
│   13    │ 6.3 │ 6.3 │ 6.3 │ 6.3 │ 1100  │ 6930000  │   52800   │  1100   │ 6930000  │ 332640000 │ 1675071120000 │ '2023-01-30T09:32:00.000Z' │  0  │ 100 │  0  │ 0  │ Infinity │  0  │ 2550 │  0  │ 0.4 │ -1100  │ -6930000  │  -52800   │  -332640000   │
│   14    │ 6.3 │ 6.3 │ 6.3 │ 6.3 │ 3000  │ 18900000 │   55800   │  3000   │ 18900000 │ 351540000 │ 1675071960000 │ '2023-01-30T09:46:00.000Z' │  0  │ 100 │  0  │ 0  │ Infinity │  0  │ 2550 │  0  │ 1.2 │ -3000  │ -18900000 │  -55800   │  -351540000   │
│   15    │ 6.3 │ 6.3 │ 6.3 │ 6.3 │ 1200  │ 7560000  │   57000   │  1200   │ 7560000  │ 359100000 │ 1675073400000 │ '2023-01-30T10:10:00.000Z' │  0  │ 100 │  0  │ 0  │ Infinity │  0  │ 2550 │  0  │ 0.5 │ -1200  │ -7560000  │  -57000   │  -359100000   │
│   16    │ 6.3 │ 6.3 │ 6.3 │ 6.3 │  200  │ 1260000  │   57200   │   200   │ 1260000  │ 360360000 │ 1675074240000 │ '2023-01-30T10:24:00.000Z' │  0  │ 100 │  0  │ 0  │ Infinity │  0  │ 2550 │  0  │ 0.1 │  -200  │ -1260000  │  -57200   │  -360360000   │
│   17    │ 6.3 │ 6.3 │ 6.3 │ 6.3 │ 2500  │ 15750000 │   59700   │  2500   │ 15750000 │ 376110000 │ 1675075200000 │ '2023-01-30T10:40:00.000Z' │  0  │ 100 │  0  │ 0  │ Infinity │  0  │ 2550 │  0  │  1  │ -2500  │ -15750000 │  -59700   │  -376110000   │
│   18    │ 6.3 │ 6.3 │ 6.3 │ 6.3 │  500  │ 3150000  │   60200   │   500   │ 3150000  │ 379260000 │ 1675075320000 │ '2023-01-30T10:42:00.000Z' │  0  │ 100 │  0  │ 0  │ Infinity │  0  │ 2550 │  0  │ 0.2 │  -500  │ -3150000  │  -60200   │  -379260000   │
│   19    │ 6.3 │ 6.3 │ 6.3 │ 6.3 │  500  │ 3150000  │   60700   │   500   │ 3150000  │ 382410000 │ 1675084080000 │ '2023-01-30T13:08:00.000Z' │  0  │ 100 │  0  │ 0  │ Infinity │  0  │ 2550 │  0  │ 0.2 │  -500  │ -3150000  │  -60700   │  -382410000   │
│   20    │ 6.3 │ 6.3 │ 6.3 │ 6.3 │  100  │  630000  │   60800   │   100   │  630000  │ 383040000 │ 1675085760000 │ '2023-01-30T13:36:00.000Z' │  0  │ 100 │  0  │ 0  │ Infinity │  0  │ 2550 │  0  │  0  │  -100  │  -630000  │  -60800   │  -383040000   │
├─────────┼─────┼─────┼─────┼─────┼───────┼──────────┼───────────┼─────────┼──────────┼───────────┼───────────────┼────────────────────────────┼─────┼─────┼─────┼────┼──────────┼─────┼──────┼─────┼─────┼────────┼───────────┼───────────┼───────────────┤
│ (index) │  c  │  h  │  l  │  o  │  sd   │  val_sd  │ total_vol │ sum_vol │   val    │ acum_val  │   datetime    │            date            │ pbu │ psd │ puk │ bs │    sb    │ abu │ asd  │ auk │ rsd │ bu-sd  │ bu-sd_val │ acum_busd │ acum_busd_val │
├─────────┼─────┼─────┼─────┼─────┼───────┼──────────┼───────────┼─────────┼──────────┼───────────┼───────────────┼────────────────────────────┼─────┼─────┼─────┼────┼──────────┼─────┼──────┼─────┼─────┼────────┼───────────┼───────────┼───────────────┤
│   21    │ 6.3 │ 6.3 │ 6.3 │ 6.3 │  100  │  630000  │   60900   │   100   │  630000  │ 383670000 │ 1675088520000 │ '2023-01-30T14:22:00.000Z' │  0  │ 100 │  0  │ 0  │ Infinity │  0  │ 2550 │  0  │  0  │  -100  │  -630000  │  -60900   │  -383670000   │
│   22    │ 6.3 │ 6.3 │ 6.3 │ 6.3 │  200  │ 1260000  │   61100   │   200   │ 1260000  │ 384930000 │ 1675088880000 │ '2023-01-30T14:28:00.000Z' │  0  │ 100 │  0  │ 0  │ Infinity │  0  │ 2550 │  0  │ 0.1 │  -200  │ -1260000  │  -61100   │  -384930000   │
│   23    │ 6.3 │ 6.3 │ 6.3 │ 6.3 │  100  │  630000  │   61200   │   100   │  630000  │ 385560000 │ 1675089840000 │ '2023-01-30T14:44:00.000Z' │  0  │ 100 │  0  │ 0  │ Infinity │  0  │ 2550 │  0  │  0  │  -100  │  -630000  │  -61200   │  -385560000   │
└─────────┴─────┴─────┴─────┴─────┴───────┴──────────┴───────────┴─────────┴──────────┴───────────┴───────────────┴────────────────────────────┴─────┴─────┴─────┴────┴──────────┴─────┴──────┴─────┴─────┴────────┴───────────┴───────────┴───────────────┘

