┌─────────┬──────┬──────┬──────┬──────┬───────┬───────────┬───────────┬─────────┬───────────┬───────────┬──────┬──────────┬───────────────┬────────────────────────────┬──────┬─────┬─────┬──────────┬──────────┬────────┬────────┬─────┬─────┬─────┬───────┬───────────┬───────────┬───────────────┐
│ (index) │  c   │  h   │  l   │  o   │  bu   │  val_bu   │ total_vol │ sum_vol │    val    │ acum_val  │  sd  │  val_sd  │   datetime    │            date            │ pbu  │ psd │ puk │    bs    │    sb    │  abu   │  asd   │ auk │ rsd │ rbu │ bu-sd │ bu-sd_val │ acum_busd │ acum_busd_val │
├─────────┼──────┼──────┼──────┼──────┼───────┼───────────┼───────────┼─────────┼───────────┼───────────┼──────┼──────────┼───────────────┼────────────────────────────┼──────┼─────┼─────┼──────────┼──────────┼────────┼────────┼─────┼─────┼─────┼───────┼───────────┼───────────┼───────────────┤
│    0    │ 12.3 │ 12.3 │ 12.3 │ 12.3 │ 26000 │ 319800000 │   26500   │  26500  │ 325950000 │ 325950000 │ 500  │ 6150000  │ 1675070040000 │ '2023-01-30T09:14:00.000Z' │ 98.1 │ 1.9 │  0  │    52    │    0     │ 1994.1 │ 1641.2 │  0  │ 0.3 │ 13  │ 25500 │ 313650000 │   25500   │   313650000   │
│    1    │ 12.3 │ 12.3 │ 12.3 │ 12.3 │       │           │   27000   │   500   │  6150000  │ 332100000 │ 500  │ 6150000  │ 1675070400000 │ '2023-01-30T09:20:00.000Z' │  0   │ 100 │  0  │    0     │ Infinity │ 1994.1 │ 1641.2 │  0  │ 0.3 │     │ -500  │ -6150000  │   25000   │   307500000   │
│    2    │ 12.1 │ 12.3 │ 12.1 │ 12.3 │       │           │   27700   │   700   │  8570000  │ 340670000 │ 700  │ 8570000  │ 1675070520000 │ '2023-01-30T09:22:00.000Z' │  0   │ 100 │  0  │    0     │ Infinity │ 1994.1 │ 1641.2 │  0  │ 0.4 │     │ -700  │ -8570000  │   24300   │   298930000   │
│    3    │ 12.3 │ 12.3 │ 12.3 │ 12.3 │  500  │  6150000  │   28200   │   500   │  6150000  │ 346820000 │      │          │ 1675070640000 │ '2023-01-30T09:24:00.000Z' │ 100  │  0  │  0  │ Infinity │    0     │ 1994.1 │ 1641.2 │  0  │     │ 0.3 │  500  │  6150000  │   24800   │   305080000   │
│    4    │ 12.2 │ 12.2 │ 12.2 │ 12.2 │       │           │   29200   │  1000   │ 12200000  │ 359020000 │ 1000 │ 12200000 │ 1675070880000 │ '2023-01-30T09:28:00.000Z' │  0   │ 100 │  0  │    0     │ Infinity │ 1994.1 │ 1641.2 │  0  │ 0.6 │     │ -1000 │ -12200000 │   23800   │   292880000   │
│    5    │ 12.2 │ 12.2 │ 12.2 │ 12.2 │ 1500  │ 18300000  │   31200   │  2000   │ 24400000  │ 383420000 │ 500  │ 6100000  │ 1675071000000 │ '2023-01-30T09:30:00.000Z' │  75  │ 25  │  0  │    3     │   0.3    │ 1994.1 │ 1641.2 │  0  │ 0.3 │ 0.8 │ 1000  │ 12200000  │   24800   │   305080000   │
│    6    │ 12.3 │ 12.3 │ 12.3 │ 12.3 │ 5700  │ 70110000  │   36900   │  5700   │ 70110000  │ 453530000 │      │          │ 1675071120000 │ '2023-01-30T09:32:00.000Z' │ 100  │  0  │  0  │ Infinity │    0     │ 1994.1 │ 1641.2 │  0  │     │ 2.9 │ 5700  │ 70110000  │   30500   │   375190000   │
│    7    │ 12.3 │ 12.3 │ 12.3 │ 12.3 │  200  │  2460000  │   37900   │  1000   │ 12300000  │ 465830000 │ 800  │ 9840000  │ 1675071360000 │ '2023-01-30T09:36:00.000Z' │  20  │ 80  │  0  │   0.3    │    4     │ 1994.1 │ 1641.2 │  0  │ 0.5 │ 0.1 │ -600  │ -7380000  │   29900   │   367810000   │
│    8    │ 12.3 │ 12.3 │ 12.3 │ 12.3 │       │           │   44200   │  6300   │ 77490000  │ 543320000 │ 6300 │ 77490000 │ 1675072200000 │ '2023-01-30T09:50:00.000Z' │  0   │ 100 │  0  │    0     │ Infinity │ 1994.1 │ 1641.2 │  0  │ 3.8 │     │ -6300 │ -77490000 │   23600   │   290320000   │
│    9    │ 12.3 │ 12.3 │ 12.3 │ 12.3 │       │           │   50700   │  6500   │ 79950000  │ 623270000 │ 6500 │ 79950000 │ 1675072320000 │ '2023-01-30T09:52:00.000Z' │  0   │ 100 │  0  │    0     │ Infinity │ 1994.1 │ 1641.2 │  0  │  4  │     │ -6500 │ -79950000 │   17100   │   210370000   │
│   10    │ 12.3 │ 12.3 │ 12.3 │ 12.3 │       │           │   51800   │  1100   │ 13530000  │ 636800000 │ 1100 │ 13530000 │ 1675072440000 │ '2023-01-30T09:54:00.000Z' │  0   │ 100 │  0  │    0     │ Infinity │ 1994.1 │ 1641.2 │  0  │ 0.7 │     │ -1100 │ -13530000 │   16000   │   196840000   │
│   11    │ 12.3 │ 12.3 │ 12.3 │ 12.3 │       │           │   51900   │   100   │  1230000  │ 638030000 │ 100  │ 1230000  │ 1675077840000 │ '2023-01-30T11:24:00.000Z' │  0   │ 100 │  0  │    0     │ Infinity │ 1994.1 │ 1641.2 │  0  │ 0.1 │     │ -100  │ -1230000  │   15900   │   195610000   │
│   12    │ 12.3 │ 12.3 │ 12.3 │ 12.3 │       │           │   52000   │   100   │  1230000  │ 639260000 │ 100  │ 1230000  │ 1675083600000 │ '2023-01-30T13:00:00.000Z' │  0   │ 100 │  0  │    0     │ Infinity │ 1994.1 │ 1641.2 │  0  │ 0.1 │     │ -100  │ -1230000  │   15800   │   194380000   │
│   13    │ 12.3 │ 12.3 │ 12.3 │ 12.3 │       │           │   52300   │   300   │  3690000  │ 642950000 │ 300  │ 3690000  │ 1675085880000 │ '2023-01-30T13:38:00.000Z' │  0   │ 100 │  0  │    0     │ Infinity │ 1994.1 │ 1641.2 │  0  │ 0.2 │     │ -300  │ -3690000  │   15500   │   190690000   │
│   14    │ 12.3 │ 12.3 │ 12.3 │ 12.3 │       │           │   52600   │   300   │  3690000  │ 646640000 │ 300  │ 3690000  │ 1675086120000 │ '2023-01-30T13:42:00.000Z' │  0   │ 100 │  0  │    0     │ Infinity │ 1994.1 │ 1641.2 │  0  │ 0.2 │     │ -300  │ -3690000  │   15200   │   187000000   │
│   15    │ 12.3 │ 12.3 │ 12.3 │ 12.3 │       │           │   53800   │  1200   │ 14760000  │ 661400000 │ 1200 │ 14760000 │ 1675088280000 │ '2023-01-30T14:18:00.000Z' │  0   │ 100 │  0  │    0     │ Infinity │ 1994.1 │ 1641.2 │  0  │ 0.7 │     │ -1200 │ -14760000 │   14000   │   172240000   │
│   16    │ 12.3 │ 12.3 │ 12.3 │ 12.3 │       │           │   61800   │  8000   │ 98400000  │ 759800000 │ 8000 │ 98400000 │ 1675088520000 │ '2023-01-30T14:22:00.000Z' │  0   │ 100 │  0  │    0     │ Infinity │ 1994.1 │ 1641.2 │  0  │ 4.9 │     │ -8000 │ -98400000 │   6000    │   73840000    │
└─────────┴──────┴──────┴──────┴──────┴───────┴───────────┴───────────┴─────────┴───────────┴───────────┴──────┴──────────┴───────────────┴────────────────────────────┴──────┴─────┴─────┴──────────┴──────────┴────────┴────────┴─────┴─────┴─────┴───────┴───────────┴───────────┴───────────────┘

