┌─────────┬─────┬─────┬─────┬─────┬───────┬───────────┬───────────┬─────────┬───────────┬───────────┬───────────────┬────────────────────────────┬─────┬──────┬─────┬──────────┬──────────┬────────┬────────┬─────┬──────┬────────┬────────────┬───────────┬───────────────┬───────┬──────────┬─────┐
│ (index) │  c  │  h  │  l  │  o  │  sd   │  val_sd   │ total_vol │ sum_vol │    val    │ acum_val  │   datetime    │            date            │ pbu │ psd  │ puk │    bs    │    sb    │  abu   │  asd   │ auk │ rsd  │ bu-sd  │ bu-sd_val  │ acum_busd │ acum_busd_val │  bu   │  val_bu  │ rbu │
├─────────┼─────┼─────┼─────┼─────┼───────┼───────────┼───────────┼─────────┼───────────┼───────────┼───────────────┼────────────────────────────┼─────┼──────┼─────┼──────────┼──────────┼────────┼────────┼─────┼──────┼────────┼────────────┼───────────┼───────────────┼───────┼──────────┼─────┤
│    0    │ 1.6 │ 1.6 │ 1.6 │ 1.6 │ 1400  │  2240000  │   1400    │  1400   │  2240000  │  2240000  │ 1675070100000 │ '2023-01-30T09:15:00.000Z' │  0  │ 100  │  0  │    0     │ Infinity │ 1395.2 │ 3223.8 │  0  │ 0.4  │ -1400  │  -2240000  │   -1400   │   -2240000    │       │          │     │
│    1    │ 1.7 │ 1.7 │ 1.7 │ 1.7 │       │           │   1600    │   200   │  340000   │  2580000  │ 1675070400000 │ '2023-01-30T09:20:00.000Z' │ 100 │  0   │  0  │ Infinity │    0     │ 1395.2 │ 3223.8 │  0  │      │  200   │   340000   │   -1200   │   -1900000    │  200  │  340000  │ 0.1 │
│    2    │ 1.7 │ 1.7 │ 1.7 │ 1.7 │       │           │   1800    │   200   │  340000   │  2920000  │ 1675070700000 │ '2023-01-30T09:25:00.000Z' │ 100 │  0   │  0  │ Infinity │    0     │ 1395.2 │ 3223.8 │  0  │      │  200   │   340000   │   -1000   │   -1560000    │  200  │  340000  │ 0.1 │
│    3    │ 1.7 │ 1.7 │ 1.7 │ 1.7 │       │           │   2200    │   400   │  680000   │  3600000  │ 1675071000000 │ '2023-01-30T09:30:00.000Z' │ 100 │  0   │  0  │ Infinity │    0     │ 1395.2 │ 3223.8 │  0  │      │  400   │   680000   │   -600    │    -880000    │  400  │  680000  │ 0.3 │
│    4    │ 1.7 │ 1.7 │ 1.7 │ 1.7 │       │           │   2700    │   500   │  850000   │  4450000  │ 1675071900000 │ '2023-01-30T09:45:00.000Z' │ 100 │  0   │  0  │ Infinity │    0     │ 1395.2 │ 3223.8 │  0  │      │  500   │   850000   │   -100    │    -30000     │  500  │  850000  │ 0.4 │
│    5    │ 1.7 │ 1.7 │ 1.7 │ 1.7 │       │           │   3000    │   300   │  510000   │  4960000  │ 1675072200000 │ '2023-01-30T09:50:00.000Z' │ 100 │  0   │  0  │ Infinity │    0     │ 1395.2 │ 3223.8 │  0  │      │  300   │   510000   │    200    │    480000     │  300  │  510000  │ 0.2 │
│    6    │ 1.7 │ 1.7 │ 1.7 │ 1.7 │       │           │   3200    │   200   │  340000   │  5300000  │ 1675075200000 │ '2023-01-30T10:40:00.000Z' │ 100 │  0   │  0  │ Infinity │    0     │ 1395.2 │ 3223.8 │  0  │      │  200   │   340000   │    400    │    820000     │  200  │  340000  │ 0.1 │
│    7    │ 1.6 │ 1.6 │ 1.6 │ 1.6 │ 1200  │  1920000  │   4400    │  1200   │  1920000  │  7220000  │ 1675076100000 │ '2023-01-30T10:55:00.000Z' │  0  │ 100  │  0  │    0     │ Infinity │ 1395.2 │ 3223.8 │  0  │ 0.4  │ -1200  │  -1920000  │   -800    │   -1100000    │       │          │     │
│    8    │ 1.7 │ 1.7 │ 1.7 │ 1.7 │       │           │   4500    │   100   │  170000   │  7390000  │ 1675077600000 │ '2023-01-30T11:20:00.000Z' │ 100 │  0   │  0  │ Infinity │    0     │ 1395.2 │ 3223.8 │  0  │      │  100   │   170000   │   -700    │    -930000    │  100  │  170000  │ 0.1 │
│    9    │ 1.7 │ 1.7 │ 1.7 │ 1.7 │       │           │   4800    │   300   │  510000   │  7900000  │ 1675083600000 │ '2023-01-30T13:00:00.000Z' │ 100 │  0   │  0  │ Infinity │    0     │ 1395.2 │ 3223.8 │  0  │      │  300   │   510000   │   -400    │    -420000    │  300  │  510000  │ 0.2 │
│   10    │ 1.7 │ 1.7 │ 1.7 │ 1.7 │       │           │   5100    │   300   │  510000   │  8410000  │ 1675083900000 │ '2023-01-30T13:05:00.000Z' │ 100 │  0   │  0  │ Infinity │    0     │ 1395.2 │ 3223.8 │  0  │      │  300   │   510000   │   -100    │     90000     │  300  │  510000  │ 0.2 │
│   11    │ 1.7 │ 1.7 │ 1.6 │ 1.6 │ 64000 │ 102400000 │   69600   │  64500  │ 103250000 │ 111660000 │ 1675084200000 │ '2023-01-30T13:10:00.000Z' │ 0.8 │ 99.2 │  0  │    0     │   128    │ 1395.2 │ 3223.8 │  0  │ 19.9 │ -63500 │ -101550000 │  -63600   │  -101460000   │  500  │  850000  │ 0.4 │
│   12    │ 1.7 │ 1.7 │ 1.7 │ 1.7 │       │           │   71000   │  1400   │  2380000  │ 114040000 │ 1675084500000 │ '2023-01-30T13:15:00.000Z' │ 100 │  0   │  0  │ Infinity │    0     │ 1395.2 │ 3223.8 │  0  │      │  1400  │  2380000   │  -62200   │   -99080000   │ 1400  │ 2380000  │  1  │
│   13    │ 1.7 │ 1.7 │ 1.7 │ 1.7 │       │           │   72600   │  1600   │  2720000  │ 116760000 │ 1675084800000 │ '2023-01-30T13:20:00.000Z' │ 100 │  0   │  0  │ Infinity │    0     │ 1395.2 │ 3223.8 │  0  │      │  1600  │  2720000   │  -60600   │   -96360000   │ 1600  │ 2720000  │ 1.1 │
│   14    │ 1.7 │ 1.7 │ 1.7 │ 1.7 │       │           │   72800   │   200   │  340000   │ 117100000 │ 1675085100000 │ '2023-01-30T13:25:00.000Z' │ 100 │  0   │  0  │ Infinity │    0     │ 1395.2 │ 3223.8 │  0  │      │  200   │   340000   │  -60400   │   -96020000   │  200  │  340000  │ 0.1 │
│   15    │ 1.7 │ 1.7 │ 1.7 │ 1.7 │       │           │   80200   │  7400   │ 12580000  │ 129680000 │ 1675085400000 │ '2023-01-30T13:30:00.000Z' │ 100 │  0   │  0  │ Infinity │    0     │ 1395.2 │ 3223.8 │  0  │      │  7400  │  12580000  │  -53000   │   -83440000   │ 7400  │ 12580000 │ 5.3 │
│   16    │ 1.6 │ 1.6 │ 1.6 │ 1.6 │  100  │  160000   │   80300   │   100   │  160000   │ 129840000 │ 1675085700000 │ '2023-01-30T13:35:00.000Z' │  0  │ 100  │  0  │    0     │ Infinity │ 1395.2 │ 3223.8 │  0  │  0   │  -100  │  -160000   │  -53100   │   -83600000   │       │          │     │
│   17    │ 1.6 │ 1.6 │ 1.6 │ 1.6 │ 1000  │  1600000  │   81300   │  1000   │  1600000  │ 131440000 │ 1675086000000 │ '2023-01-30T13:40:00.000Z' │  0  │ 100  │  0  │    0     │ Infinity │ 1395.2 │ 3223.8 │  0  │ 0.3  │ -1000  │  -1600000  │  -54100   │   -85200000   │       │          │     │
│   18    │ 1.7 │ 1.7 │ 1.7 │ 1.7 │       │           │   81400   │   100   │  170000   │ 131610000 │ 1675088100000 │ '2023-01-30T14:15:00.000Z' │ 100 │  0   │  0  │ Infinity │    0     │ 1395.2 │ 3223.8 │  0  │      │  100   │   170000   │  -54000   │   -85030000   │  100  │  170000  │ 0.1 │
│   19    │ 1.7 │ 1.7 │ 1.7 │ 1.7 │       │           │   91400   │  10000  │ 17000000  │ 148610000 │ 1675088700000 │ '2023-01-30T14:25:00.000Z' │ 100 │  0   │  0  │ Infinity │    0     │ 1395.2 │ 3223.8 │  0  │      │ 10000  │  17000000  │  -44000   │   -68030000   │ 10000 │ 17000000 │ 7.2 │
│   20    │ 1.7 │ 1.7 │ 1.7 │ 1.7 │       │           │   97000   │  5600   │  9520000  │ 158130000 │ 1675089900000 │ '2023-01-30T14:45:00.000Z' │ 100 │  0   │  0  │ Infinity │    0     │ 1395.2 │ 3223.8 │  0  │      │  5600  │  9520000   │  -38400   │   -58510000   │ 5600  │ 9520000  │  4  │
├─────────┼─────┼─────┼─────┼─────┼───────┼───────────┼───────────┼─────────┼───────────┼───────────┼───────────────┼────────────────────────────┼─────┼──────┼─────┼──────────┼──────────┼────────┼────────┼─────┼──────┼────────┼────────────┼───────────┼───────────────┼───────┼──────────┼─────┤
│ (index) │  c  │  h  │  l  │  o  │  sd   │  val_sd   │ total_vol │ sum_vol │    val    │ acum_val  │   datetime    │            date            │ pbu │ psd  │ puk │    bs    │    sb    │  abu   │  asd   │ auk │ rsd  │ bu-sd  │ bu-sd_val  │ acum_busd │ acum_busd_val │  bu   │  val_bu  │ rbu │
├─────────┼─────┼─────┼─────┼─────┼───────┼───────────┼───────────┼─────────┼───────────┼───────────┼───────────────┼────────────────────────────┼─────┼──────┼─────┼──────────┼──────────┼────────┼────────┼─────┼──────┼────────┼────────────┼───────────┼───────────────┼───────┼──────────┼─────┤
└─────────┴─────┴─────┴─────┴─────┴───────┴───────────┴───────────┴─────────┴───────────┴───────────┴───────────────┴────────────────────────────┴─────┴──────┴─────┴──────────┴──────────┴────────┴────────┴─────┴──────┴────────┴────────────┴───────────┴───────────────┴───────┴──────────┴─────┘

