┌─────────┬──────┬──────┬──────┬──────┬─────┬──────────┬───────────┬─────────┬───────────┬────────────┬──────┬───────────┬───────────────┬────────────────────────────┬─────┬─────┬─────┬──────────┬──────────┬──────┬───────┬─────┬─────┬─────┬───────┬────────────┬───────────┬───────────────┐
│ (index) │  c   │  h   │  l   │  o   │ bu  │  val_bu  │ total_vol │ sum_vol │    val    │  acum_val  │  sd  │  val_sd   │   datetime    │            date            │ pbu │ psd │ puk │    bs    │    sb    │ abu  │  asd  │ auk │ rsd │ rbu │ bu-sd │ bu-sd_val  │ acum_busd │ acum_busd_val │
├─────────┼──────┼──────┼──────┼──────┼─────┼──────────┼───────────┼─────────┼───────────┼────────────┼──────┼───────────┼───────────────┼────────────────────────────┼─────┼─────┼─────┼──────────┼──────────┼──────┼───────┼─────┼─────┼─────┼───────┼────────────┼───────────┼───────────────┤
│    0    │ 84.7 │ 84.7 │ 84.6 │ 84.6 │ 400 │ 33840000 │   1000    │  1000   │ 84660000  │  84660000  │ 600  │ 50820000  │ 1673862600000 │ '2023-01-16T09:50:00.000Z' │ 40  │ 60  │  0  │   0.7    │   1.5    │ 61.1 │ 816.7 │  0  │ 0.7 │ 6.5 │ -200  │ -16980000  │   -200    │   -16980000   │
│    1    │ 84.7 │ 84.7 │ 84.7 │ 84.7 │     │          │   1200    │   200   │ 16940000  │ 101600000  │ 200  │ 16940000  │ 1673862900000 │ '2023-01-16T09:55:00.000Z' │  0  │ 100 │  0  │    0     │ Infinity │ 61.1 │ 816.7 │  0  │ 0.2 │     │ -200  │ -16940000  │   -400    │   -33920000   │
│    2    │ 84.7 │ 84.7 │ 84.7 │ 84.7 │     │          │   1300    │   100   │  8470000  │ 110070000  │ 100  │  8470000  │ 1673863200000 │ '2023-01-16T10:00:00.000Z' │  0  │ 100 │  0  │    0     │ Infinity │ 61.1 │ 816.7 │  0  │ 0.1 │     │ -100  │  -8470000  │   -500    │   -42390000   │
│    3    │ 84.7 │ 84.7 │ 84.7 │ 84.7 │     │          │   1400    │   100   │  8470000  │ 118540000  │ 100  │  8470000  │ 1673863800000 │ '2023-01-16T10:10:00.000Z' │  0  │ 100 │  0  │    0     │ Infinity │ 61.1 │ 816.7 │  0  │ 0.1 │     │ -100  │  -8470000  │   -600    │   -50860000   │
│    4    │ 84.7 │ 84.7 │ 84.7 │ 84.7 │     │          │   1800    │   400   │ 33880000  │ 152420000  │ 400  │ 33880000  │ 1673865300000 │ '2023-01-16T10:35:00.000Z' │  0  │ 100 │  0  │    0     │ Infinity │ 61.1 │ 816.7 │  0  │ 0.5 │     │ -400  │ -33880000  │   -1000   │   -84740000   │
│    5    │ 84.7 │ 84.7 │ 84.7 │ 84.7 │     │          │   2800    │  1000   │ 84700000  │ 237120000  │ 1000 │ 84700000  │ 1673866800000 │ '2023-01-16T11:00:00.000Z' │  0  │ 100 │  0  │    0     │ Infinity │ 61.1 │ 816.7 │  0  │ 1.2 │     │ -1000 │ -84700000  │   -2000   │  -169440000   │
│    6    │ 84.7 │ 84.7 │ 84.7 │ 84.7 │ 200 │ 16940000 │   3000    │   200   │ 16940000  │ 254060000  │      │           │ 1673867100000 │ '2023-01-16T11:05:00.000Z' │ 100 │  0  │  0  │ Infinity │    0     │ 61.1 │ 816.7 │  0  │     │ 3.3 │  200  │  16940000  │   -1800   │  -152500000   │
│    7    │ 84.7 │ 84.7 │ 84.7 │ 84.7 │     │          │   3100    │   100   │  8470000  │ 262530000  │ 100  │  8470000  │ 1673867400000 │ '2023-01-16T11:10:00.000Z' │  0  │ 100 │  0  │    0     │ Infinity │ 61.1 │ 816.7 │  0  │ 0.1 │     │ -100  │  -8470000  │   -1900   │  -160970000   │
│    8    │ 84.7 │ 84.7 │ 84.7 │ 84.7 │     │          │   3400    │   300   │ 25410000  │ 287940000  │ 300  │ 25410000  │ 1673874000000 │ '2023-01-16T13:00:00.000Z' │  0  │ 100 │  0  │    0     │ Infinity │ 61.1 │ 816.7 │  0  │ 0.4 │     │ -300  │ -25410000  │   -2200   │  -186380000   │
│    9    │ 84.8 │ 84.8 │ 84.8 │ 84.8 │ 500 │ 42400000 │   3900    │   500   │ 42400000  │ 330340000  │      │           │ 1673874300000 │ '2023-01-16T13:05:00.000Z' │ 100 │  0  │  0  │ Infinity │    0     │ 61.1 │ 816.7 │  0  │     │ 8.2 │  500  │  42400000  │   -1700   │  -143980000   │
│   10    │ 84.7 │ 84.7 │ 84.7 │ 84.7 │     │          │   4100    │   200   │ 16940000  │ 347280000  │ 200  │ 16940000  │ 1673874900000 │ '2023-01-16T13:15:00.000Z' │  0  │ 100 │  0  │    0     │ Infinity │ 61.1 │ 816.7 │  0  │ 0.2 │     │ -200  │ -16940000  │   -1900   │  -160920000   │
│   11    │ 84.7 │ 84.7 │ 84.7 │ 84.7 │     │          │   4400    │   300   │ 25410000  │ 372690000  │ 300  │ 25410000  │ 1673876100000 │ '2023-01-16T13:35:00.000Z' │  0  │ 100 │  0  │    0     │ Infinity │ 61.1 │ 816.7 │  0  │ 0.4 │     │ -300  │ -25410000  │   -2200   │  -186330000   │
│   12    │ 84.7 │ 84.7 │ 84.7 │ 84.7 │     │          │   4500    │   100   │  8470000  │ 381160000  │ 100  │  8470000  │ 1673878200000 │ '2023-01-16T14:10:00.000Z' │  0  │ 100 │  0  │    0     │ Infinity │ 61.1 │ 816.7 │  0  │ 0.1 │     │ -100  │  -8470000  │   -2300   │  -194800000   │
│   13    │ 84.7 │ 84.7 │ 84.7 │ 84.7 │     │          │   4600    │   100   │  8470000  │ 389630000  │ 100  │  8470000  │ 1673878500000 │ '2023-01-16T14:15:00.000Z' │  0  │ 100 │  0  │    0     │ Infinity │ 61.1 │ 816.7 │  0  │ 0.1 │     │ -100  │  -8470000  │   -2400   │  -203270000   │
│   14    │ 84.7 │ 84.7 │ 84.7 │ 84.7 │     │          │   5000    │   400   │ 33880000  │ 423510000  │ 400  │ 33880000  │ 1673879100000 │ '2023-01-16T14:25:00.000Z' │  0  │ 100 │  0  │    0     │ Infinity │ 61.1 │ 816.7 │  0  │ 0.5 │     │ -400  │ -33880000  │   -2800   │  -237150000   │
│   15    │ 84.7 │ 84.7 │ 84.7 │ 84.7 │     │          │   8900    │  3900   │ 330330000 │ 753840000  │ 3900 │ 330330000 │ 1673879700000 │ '2023-01-16T14:35:00.000Z' │  0  │ 100 │  0  │    0     │ Infinity │ 61.1 │ 816.7 │  0  │ 4.8 │     │ -3900 │ -330330000 │   -6700   │  -567480000   │
│   16    │ 84.7 │ 84.7 │ 84.7 │ 84.7 │     │          │   10900   │  2000   │ 169400000 │ 923240000  │ 2000 │ 169400000 │ 1673880000000 │ '2023-01-16T14:40:00.000Z' │  0  │ 100 │  0  │    0     │ Infinity │ 61.1 │ 816.7 │  0  │ 2.4 │     │ -2000 │ -169400000 │   -8700   │  -736880000   │
│   17    │ 84.7 │ 84.7 │ 84.7 │ 84.7 │     │          │   15800   │  4900   │ 415030000 │ 1338270000 │ 4900 │ 415030000 │ 1673880600000 │ '2023-01-16T14:50:00.000Z' │  0  │ 100 │  0  │    0     │ Infinity │ 61.1 │ 816.7 │  0  │  6  │     │ -4900 │ -415030000 │  -13600   │  -1151910000  │
└─────────┴──────┴──────┴──────┴──────┴─────┴──────────┴───────────┴─────────┴───────────┴────────────┴──────┴───────────┴───────────────┴────────────────────────────┴─────┴─────┴─────┴──────────┴──────────┴──────┴───────┴─────┴─────┴─────┴───────┴────────────┴───────────┴───────────────┘

