┌─────────┬─────┬─────┬─────┬─────┬────────┬───────────┬───────────┬─────────┬───────────┬───────────┬───────┬──────────┬───────────────┬────────────────────────────┬──────┬──────┬─────┬──────────┬──────────┬────────┬────────┬─────┬──────┬──────┬─────────┬────────────┬───────────┬───────────────┐
│ (index) │  c  │  h  │  l  │  o  │   sd   │  val_sd   │ total_vol │ sum_vol │    val    │ acum_val  │  bu   │  val_bu  │   datetime    │            date            │ pbu  │ psd  │ puk │    bs    │    sb    │  abu   │  asd   │ auk │ rsd  │ rbu  │  bu-sd  │ bu-sd_val  │ acum_busd │ acum_busd_val │
├─────────┼─────┼─────┼─────┼─────┼────────┼───────────┼───────────┼─────────┼───────────┼───────────┼───────┼──────────┼───────────────┼────────────────────────────┼──────┼──────┼─────┼──────────┼──────────┼────────┼────────┼─────┼──────┼──────┼─────────┼────────────┼───────────┼───────────────┤
│    0    │ 2.1 │ 2.1 │  2  │  2  │  500   │  1000000  │   1500    │  1500   │  3100000  │  3100000  │ 1000  │ 2100000  │ 1673859600000 │ '2023-01-16T09:00:00.000Z' │ 66.7 │ 33.3 │  0  │    2     │   0.5    │ 1125.7 │ 6351.4 │  0  │ 0.1  │ 0.9  │   500   │  1100000   │    500    │    1100000    │
│    1    │ 2.1 │ 2.1 │ 2.1 │ 2.1 │        │           │   1700    │   200   │  420000   │  3520000  │  200  │  420000  │ 1673859900000 │ '2023-01-16T09:05:00.000Z' │ 100  │  0   │  0  │ Infinity │    0     │ 1125.7 │ 6351.4 │  0  │      │ 0.2  │   200   │   420000   │    700    │    1520000    │
│    2    │ 2.1 │ 2.1 │ 2.1 │ 2.1 │        │           │   2000    │   300   │  630000   │  4150000  │  300  │  630000  │ 1673860800000 │ '2023-01-16T09:20:00.000Z' │ 100  │  0   │  0  │ Infinity │    0     │ 1125.7 │ 6351.4 │  0  │      │ 0.3  │   300   │   630000   │   1000    │    2150000    │
│    3    │ 2.1 │ 2.1 │ 2.1 │ 2.1 │        │           │   4000    │  2000   │  4200000  │  8350000  │ 2000  │ 4200000  │ 1673861100000 │ '2023-01-16T09:25:00.000Z' │ 100  │  0   │  0  │ Infinity │    0     │ 1125.7 │ 6351.4 │  0  │      │ 1.8  │  2000   │  4200000   │   3000    │    6350000    │
│    4    │  2  │  2  │  2  │  2  │  5000  │ 10000000  │   9000    │  5000   │ 10000000  │ 18350000  │       │          │ 1673861400000 │ '2023-01-16T09:30:00.000Z' │  0   │ 100  │  0  │    0     │ Infinity │ 1125.7 │ 6351.4 │  0  │ 0.8  │      │  -5000  │ -10000000  │   -2000   │   -3650000    │
│    5    │  2  │  2  │  2  │  2  │ 100000 │ 200000000 │  109000   │ 100000  │ 200000000 │ 218350000 │       │          │ 1673861700000 │ '2023-01-16T09:35:00.000Z' │  0   │ 100  │  0  │    0     │ Infinity │ 1125.7 │ 6351.4 │  0  │ 15.7 │      │ -100000 │ -200000000 │  -102000  │  -203650000   │
│    6    │  2  │  2  │  2  │  2  │  3900  │  7800000  │  112900   │  3900   │  7800000  │ 226150000 │       │          │ 1673862000000 │ '2023-01-16T09:40:00.000Z' │  0   │ 100  │  0  │    0     │ Infinity │ 1125.7 │ 6351.4 │  0  │ 0.6  │      │  -3900  │  -7800000  │  -105900  │  -211450000   │
│    7    │  2  │ 2.1 │  2  │ 2.1 │  500   │  1000000  │  116400   │  3500   │  7300000  │ 233450000 │ 3000  │ 6300000  │ 1673862300000 │ '2023-01-16T09:45:00.000Z' │ 85.7 │ 14.3 │  0  │    6     │   0.2    │ 1125.7 │ 6351.4 │  0  │ 0.1  │ 2.7  │  2500   │  5300000   │  -103400  │  -206150000   │
│    8    │  2  │  2  │  2  │  2  │  7000  │ 14000000  │  123400   │  7000   │ 14000000  │ 247450000 │       │          │ 1673862600000 │ '2023-01-16T09:50:00.000Z' │  0   │ 100  │  0  │    0     │ Infinity │ 1125.7 │ 6351.4 │  0  │ 1.1  │      │  -7000  │ -14000000  │  -110400  │  -220150000   │
│    9    │  2  │  2  │  2  │  2  │  500   │  1000000  │  123900   │   500   │  1000000  │ 248450000 │       │          │ 1673862900000 │ '2023-01-16T09:55:00.000Z' │  0   │ 100  │  0  │    0     │ Infinity │ 1125.7 │ 6351.4 │  0  │ 0.1  │      │  -500   │  -1000000  │  -110900  │  -221150000   │
│   10    │  2  │  2  │  2  │  2  │  1400  │  2800000  │  125300   │  1400   │  2800000  │ 251250000 │       │          │ 1673863200000 │ '2023-01-16T10:00:00.000Z' │  0   │ 100  │  0  │    0     │ Infinity │ 1125.7 │ 6351.4 │  0  │ 0.2  │      │  -1400  │  -2800000  │  -112300  │  -223950000   │
│   11    │ 2.1 │ 2.1 │ 2.1 │ 2.1 │        │           │  125400   │   100   │  210000   │ 251460000 │  100  │  210000  │ 1673863800000 │ '2023-01-16T10:10:00.000Z' │ 100  │  0   │  0  │ Infinity │    0     │ 1125.7 │ 6351.4 │  0  │      │ 0.1  │   100   │   210000   │  -112200  │  -223740000   │
│   12    │ 2.1 │ 2.1 │ 2.1 │ 2.1 │        │           │  125500   │   100   │  210000   │ 251670000 │  100  │  210000  │ 1673864400000 │ '2023-01-16T10:20:00.000Z' │ 100  │  0   │  0  │ Infinity │    0     │ 1125.7 │ 6351.4 │  0  │      │ 0.1  │   100   │   210000   │  -112100  │  -223530000   │
│   13    │ 2.1 │ 2.1 │ 2.1 │ 2.1 │        │           │  125600   │   100   │  210000   │ 251880000 │  100  │  210000  │ 1673865300000 │ '2023-01-16T10:35:00.000Z' │ 100  │  0   │  0  │ Infinity │    0     │ 1125.7 │ 6351.4 │  0  │      │ 0.1  │   100   │   210000   │  -112000  │  -223320000   │
│   14    │ 2.1 │ 2.1 │ 2.1 │ 2.1 │        │           │  125700   │   100   │  210000   │ 252090000 │  100  │  210000  │ 1673866200000 │ '2023-01-16T10:50:00.000Z' │ 100  │  0   │  0  │ Infinity │    0     │ 1125.7 │ 6351.4 │  0  │      │ 0.1  │   100   │   210000   │  -111900  │  -223110000   │
│   15    │ 2.1 │ 2.1 │ 2.1 │ 2.1 │        │           │  126700   │  1000   │  2100000  │ 254190000 │ 1000  │ 2100000  │ 1673866500000 │ '2023-01-16T10:55:00.000Z' │ 100  │  0   │  0  │ Infinity │    0     │ 1125.7 │ 6351.4 │  0  │      │ 0.9  │  1000   │  2100000   │  -110900  │  -221010000   │
│   16    │  2  │ 2.1 │  2  │ 2.1 │ 39900  │ 79800000  │  167600   │  40900  │ 81900000  │ 336090000 │ 1000  │ 2100000  │ 1673867100000 │ '2023-01-16T11:05:00.000Z' │ 2.4  │ 97.6 │  0  │    0     │   39.9   │ 1125.7 │ 6351.4 │  0  │ 6.3  │ 0.9  │ -38900  │ -77700000  │  -149800  │  -298710000   │
│   17    │  2  │  2  │  2  │  2  │  2000  │  4000000  │  169600   │  2000   │  4000000  │ 340090000 │       │          │ 1673868300000 │ '2023-01-16T11:25:00.000Z' │  0   │ 100  │  0  │    0     │ Infinity │ 1125.7 │ 6351.4 │  0  │ 0.3  │      │  -2000  │  -4000000  │  -151800  │  -302710000   │
│   18    │  2  │  2  │  2  │  2  │  3600  │  7200000  │  173200   │  3600   │  7200000  │ 347290000 │       │          │ 1673874000000 │ '2023-01-16T13:00:00.000Z' │  0   │ 100  │  0  │    0     │ Infinity │ 1125.7 │ 6351.4 │  0  │ 0.6  │      │  -3600  │  -7200000  │  -155400  │  -309910000   │
│   19    │  2  │  2  │  2  │  2  │  4500  │  9000000  │  177700   │  4500   │  9000000  │ 356290000 │       │          │ 1673874300000 │ '2023-01-16T13:05:00.000Z' │  0   │ 100  │  0  │    0     │ Infinity │ 1125.7 │ 6351.4 │  0  │ 0.7  │      │  -4500  │  -9000000  │  -159900  │  -318910000   │
│   20    │  2  │  2  │  2  │  2  │  4400  │  8800000  │  182100   │  4400   │  8800000  │ 365090000 │       │          │ 1673874600000 │ '2023-01-16T13:10:00.000Z' │  0   │ 100  │  0  │    0     │ Infinity │ 1125.7 │ 6351.4 │  0  │ 0.7  │      │  -4400  │  -8800000  │  -164300  │  -327710000   │
├─────────┼─────┼─────┼─────┼─────┼────────┼───────────┼───────────┼─────────┼───────────┼───────────┼───────┼──────────┼───────────────┼────────────────────────────┼──────┼──────┼─────┼──────────┼──────────┼────────┼────────┼─────┼──────┼──────┼─────────┼────────────┼───────────┼───────────────┤
│ (index) │  c  │  h  │  l  │  o  │   sd   │  val_sd   │ total_vol │ sum_vol │    val    │ acum_val  │  bu   │  val_bu  │   datetime    │            date            │ pbu  │ psd  │ puk │    bs    │    sb    │  abu   │  asd   │ auk │ rsd  │ rbu  │  bu-sd  │ bu-sd_val  │ acum_busd │ acum_busd_val │
├─────────┼─────┼─────┼─────┼─────┼────────┼───────────┼───────────┼─────────┼───────────┼───────────┼───────┼──────────┼───────────────┼────────────────────────────┼──────┼──────┼─────┼──────────┼──────────┼────────┼────────┼─────┼──────┼──────┼─────────┼────────────┼───────────┼───────────────┤
│   21    │  2  │  2  │  2  │  2  │  6000  │ 12000000  │  188100   │  6000   │ 12000000  │ 377090000 │       │          │ 1673874900000 │ '2023-01-16T13:15:00.000Z' │  0   │ 100  │  0  │    0     │ Infinity │ 1125.7 │ 6351.4 │  0  │ 0.9  │      │  -6000  │ -12000000  │  -170300  │  -339710000   │
│   22    │  2  │  2  │  2  │  2  │  1000  │  2000000  │  189100   │  1000   │  2000000  │ 379090000 │       │          │ 1673875200000 │ '2023-01-16T13:20:00.000Z' │  0   │ 100  │  0  │    0     │ Infinity │ 1125.7 │ 6351.4 │  0  │ 0.2  │      │  -1000  │  -2000000  │  -171300  │  -341710000   │
│   23    │  2  │  2  │  2  │  2  │  200   │  400000   │  189300   │   200   │  400000   │ 379490000 │       │          │ 1673875500000 │ '2023-01-16T13:25:00.000Z' │  0   │ 100  │  0  │    0     │ Infinity │ 1125.7 │ 6351.4 │  0  │  0   │      │  -200   │  -400000   │  -171500  │  -342110000   │
│   24    │ 2.1 │ 2.1 │  2  │  2  │  1900  │  3800000  │  191300   │  2000   │  4010000  │ 383500000 │  100  │  210000  │ 1673875800000 │ '2023-01-16T13:30:00.000Z' │  5   │  95  │  0  │   0.1    │    19    │ 1125.7 │ 6351.4 │  0  │ 0.3  │ 0.1  │  -1800  │  -3590000  │  -173300  │  -345700000   │
│   25    │ 2.1 │ 2.1 │ 2.1 │ 2.1 │        │           │  197500   │  6200   │ 13020000  │ 396520000 │ 6200  │ 13020000 │ 1673876100000 │ '2023-01-16T13:35:00.000Z' │ 100  │  0   │  0  │ Infinity │    0     │ 1125.7 │ 6351.4 │  0  │      │ 5.5  │  6200   │  13020000  │  -167100  │  -332680000   │
│   26    │  2  │ 2.1 │  2  │ 2.1 │  400   │  800000   │  198000   │   500   │  1010000  │ 397530000 │  100  │  210000  │ 1673876400000 │ '2023-01-16T13:40:00.000Z' │  20  │  80  │  0  │   0.3    │    4     │ 1125.7 │ 6351.4 │  0  │ 0.1  │ 0.1  │  -300   │  -590000   │  -167400  │  -333270000   │
│   27    │  2  │  2  │  2  │  2  │ 26700  │ 53400000  │  224700   │  26700  │ 53400000  │ 450930000 │       │          │ 1673876700000 │ '2023-01-16T13:45:00.000Z' │  0   │ 100  │  0  │    0     │ Infinity │ 1125.7 │ 6351.4 │  0  │ 4.2  │      │ -26700  │ -53400000  │  -194100  │  -386670000   │
│   28    │  2  │  2  │  2  │  2  │  400   │  800000   │  225100   │   400   │  800000   │ 451730000 │       │          │ 1673877000000 │ '2023-01-16T13:50:00.000Z' │  0   │ 100  │  0  │    0     │ Infinity │ 1125.7 │ 6351.4 │  0  │ 0.1  │      │  -400   │  -800000   │  -194500  │  -387470000   │
│   29    │  2  │  2  │  2  │  2  │  2100  │  4200000  │  227200   │  2100   │  4200000  │ 455930000 │       │          │ 1673877600000 │ '2023-01-16T14:00:00.000Z' │  0   │ 100  │  0  │    0     │ Infinity │ 1125.7 │ 6351.4 │  0  │ 0.3  │      │  -2100  │  -4200000  │  -196600  │  -391670000   │
│   30    │ 2.1 │ 2.1 │ 2.1 │ 2.1 │        │           │  241000   │  13800  │ 28980000  │ 484910000 │ 13800 │ 28980000 │ 1673878200000 │ '2023-01-16T14:10:00.000Z' │ 100  │  0   │  0  │ Infinity │    0     │ 1125.7 │ 6351.4 │  0  │      │ 12.3 │  13800  │  28980000  │  -182800  │  -362690000   │
│   31    │ 2.1 │ 2.1 │  2  │  2  │ 10100  │ 20200000  │  251200   │  10200  │ 20410000  │ 505320000 │  100  │  210000  │ 1673878800000 │ '2023-01-16T14:20:00.000Z' │  1   │  99  │  0  │    0     │   101    │ 1125.7 │ 6351.4 │  0  │ 1.6  │ 0.1  │ -10000  │ -19990000  │  -192800  │  -382680000   │
│   32    │ 2.1 │ 2.1 │  2  │  2  │  300   │  600000   │  251600   │   400   │  810000   │ 506130000 │  100  │  210000  │ 1673879100000 │ '2023-01-16T14:25:00.000Z' │  25  │  75  │  0  │   0.3    │    3     │ 1125.7 │ 6351.4 │  0  │  0   │ 0.1  │  -200   │  -390000   │  -193000  │  -383070000   │
│   33    │ 2.1 │ 2.1 │ 2.1 │ 2.1 │        │           │  259300   │  7700   │ 16170000  │ 522300000 │ 7700  │ 16170000 │ 1673880300000 │ '2023-01-16T14:45:00.000Z' │ 100  │  0   │  0  │ Infinity │    0     │ 1125.7 │ 6351.4 │  0  │      │ 6.8  │  7700   │  16170000  │  -185300  │  -366900000   │
│   34    │ 2.1 │ 2.1 │ 2.1 │ 2.1 │        │           │  261700   │  2400   │  5040000  │ 527340000 │ 2400  │ 5040000  │ 1673880600000 │ '2023-01-16T14:50:00.000Z' │ 100  │  0   │  0  │ Infinity │    0     │ 1125.7 │ 6351.4 │  0  │      │ 2.1  │  2400   │  5040000   │  -182900  │  -361860000   │
└─────────┴─────┴─────┴─────┴─────┴────────┴───────────┴───────────┴─────────┴───────────┴───────────┴───────┴──────────┴───────────────┴────────────────────────────┴──────┴──────┴─────┴──────────┴──────────┴────────┴────────┴─────┴──────┴──────┴─────────┴────────────┴───────────┴───────────────┘

