┌─────────┬──────┬──────┬──────┬──────┬───────┬──────────┬───────────┬─────────┬──────────┬───────────┬───────────────┬────────────────────────────┬─────┬──────┬─────┬──────────┬──────────┬─────┬────────┬─────┬─────┬────────┬───────────┬───────────┬───────────────┬──────┬──────────┬─────┐
│ (index) │  c   │  h   │  l   │  o   │  sd   │  val_sd  │ total_vol │ sum_vol │   val    │ acum_val  │   datetime    │            date            │ pbu │ psd  │ puk │    bs    │    sb    │ abu │  asd   │ auk │ rsd │ bu-sd  │ bu-sd_val │ acum_busd │ acum_busd_val │  bu  │  val_bu  │ rbu │
├─────────┼──────┼──────┼──────┼──────┼───────┼──────────┼───────────┼─────────┼──────────┼───────────┼───────────────┼────────────────────────────┼─────┼──────┼─────┼──────────┼──────────┼─────┼────────┼─────┼─────┼────────┼───────────┼───────────┼───────────────┼──────┼──────────┼─────┤
│    0    │ 4.5  │ 4.51 │ 4.5  │ 4.51 │ 10800 │ 48608000 │   10800   │  10800  │ 48608000 │ 48608000  │ 1673861280000 │ '2023-01-16T09:28:00.000Z' │  0  │ 100  │  0  │    0     │ Infinity │ 700 │ 1442.3 │  0  │ 7.5 │ -10800 │ -48608000 │  -10800   │   -48608000   │      │          │     │
│    1    │ 4.5  │ 4.5  │ 4.5  │ 4.5  │       │          │   12600   │  1800   │ 8100000  │ 56708000  │ 1673861400000 │ '2023-01-16T09:30:00.000Z' │ 100 │  0   │  0  │ Infinity │    0     │ 700 │ 1442.3 │  0  │     │  1800  │  8100000  │   -9000   │   -40508000   │ 1800 │ 8100000  │ 2.6 │
│    2    │ 4.51 │ 4.51 │ 4.51 │ 4.51 │  100  │  451000  │   12700   │   100   │  451000  │ 57159000  │ 1673861760000 │ '2023-01-16T09:36:00.000Z' │  0  │ 100  │  0  │    0     │ Infinity │ 700 │ 1442.3 │  0  │ 0.1 │  -100  │  -451000  │   -9100   │   -40959000   │      │          │     │
│    3    │ 4.54 │ 4.54 │ 4.51 │ 4.51 │       │          │   14300   │  1600   │ 7237000  │ 64396000  │ 1673862600000 │ '2023-01-16T09:50:00.000Z' │ 100 │  0   │  0  │ Infinity │    0     │ 700 │ 1442.3 │  0  │     │  1600  │  7237000  │   -7500   │   -33722000   │ 1600 │ 7237000  │ 2.3 │
│    4    │ 4.53 │ 4.53 │ 4.53 │ 4.53 │       │          │   14600   │   300   │ 1359000  │ 65755000  │ 1673864760000 │ '2023-01-16T10:26:00.000Z' │ 100 │  0   │  0  │ Infinity │    0     │ 700 │ 1442.3 │  0  │     │  300   │  1359000  │   -7200   │   -32363000   │ 300  │ 1359000  │ 0.4 │
│    5    │ 4.5  │ 4.5  │ 4.5  │ 4.5  │  900  │ 4050000  │   15500   │   900   │ 4050000  │ 69805000  │ 1673865120000 │ '2023-01-16T10:32:00.000Z' │  0  │ 100  │  0  │    0     │ Infinity │ 700 │ 1442.3 │  0  │ 0.6 │  -900  │ -4050000  │   -8100   │   -36413000   │      │          │     │
│    6    │ 4.42 │ 4.42 │ 4.42 │ 4.42 │  300  │ 1326000  │   15800   │   300   │ 1326000  │ 71131000  │ 1673866320000 │ '2023-01-16T10:52:00.000Z' │  0  │ 100  │  0  │    0     │ Infinity │ 700 │ 1442.3 │  0  │ 0.2 │  -300  │ -1326000  │   -8400   │   -37739000   │      │          │     │
│    7    │ 4.5  │ 4.5  │ 4.5  │ 4.5  │       │          │   16000   │   200   │  900000  │ 72031000  │ 1673867040000 │ '2023-01-16T11:04:00.000Z' │ 100 │  0   │  0  │ Infinity │    0     │ 700 │ 1442.3 │  0  │     │  200   │  900000   │   -8200   │   -36839000   │ 200  │  900000  │ 0.3 │
│    8    │ 4.5  │ 4.5  │ 4.5  │ 4.5  │       │          │   22600   │  6600   │ 29700000 │ 101731000 │ 1673867520000 │ '2023-01-16T11:12:00.000Z' │ 100 │  0   │  0  │ Infinity │    0     │ 700 │ 1442.3 │  0  │     │  6600  │ 29700000  │   -1600   │   -7139000    │ 6600 │ 29700000 │ 9.4 │
│    9    │ 4.53 │ 4.53 │ 4.52 │ 4.52 │       │          │   22900   │   300   │ 1358000  │ 103089000 │ 1673874000000 │ '2023-01-16T13:00:00.000Z' │ 100 │  0   │  0  │ Infinity │    0     │ 700 │ 1442.3 │  0  │     │  300   │  1358000  │   -1300   │   -5781000    │ 300  │ 1358000  │ 0.4 │
│   10    │ 4.5  │ 4.5  │ 4.5  │ 4.5  │ 2000  │ 9000000  │   24900   │  2000   │ 9000000  │ 112089000 │ 1673874120000 │ '2023-01-16T13:02:00.000Z' │  0  │ 100  │  0  │    0     │ Infinity │ 700 │ 1442.3 │  0  │ 1.4 │ -2000  │ -9000000  │   -3300   │   -14781000   │      │          │     │
│   11    │ 4.53 │ 4.53 │ 4.53 │ 4.53 │       │          │   25200   │   300   │ 1359000  │ 113448000 │ 1673875080000 │ '2023-01-16T13:18:00.000Z' │ 100 │  0   │  0  │ Infinity │    0     │ 700 │ 1442.3 │  0  │     │  300   │  1359000  │   -3000   │   -13422000   │ 300  │ 1359000  │ 0.4 │
│   12    │ 4.5  │ 4.5  │ 4.5  │ 4.5  │ 4600  │ 20700000 │   29800   │  4600   │ 20700000 │ 134148000 │ 1673876280000 │ '2023-01-16T13:38:00.000Z' │  0  │ 100  │  0  │    0     │ Infinity │ 700 │ 1442.3 │  0  │ 3.2 │ -4600  │ -20700000 │   -7600   │   -34122000   │      │          │     │
│   13    │ 4.5  │ 4.51 │ 4.5  │ 4.51 │ 2000  │ 9001000  │   31800   │  2000   │ 9001000  │ 143149000 │ 1673876520000 │ '2023-01-16T13:42:00.000Z' │  0  │ 100  │  0  │    0     │ Infinity │ 700 │ 1442.3 │  0  │ 1.4 │ -2000  │ -9001000  │   -9600   │   -43123000   │      │          │     │
│   14    │ 4.5  │ 4.5  │ 4.5  │ 4.5  │  400  │ 1800000  │   32200   │   400   │ 1800000  │ 144949000 │ 1673877000000 │ '2023-01-16T13:50:00.000Z' │  0  │ 100  │  0  │    0     │ Infinity │ 700 │ 1442.3 │  0  │ 0.3 │  -400  │ -1800000  │  -10000   │   -44923000   │      │          │     │
│   15    │ 4.53 │ 4.53 │ 4.53 │ 4.53 │       │          │   32300   │   100   │  453000  │ 145402000 │ 1673877240000 │ '2023-01-16T13:54:00.000Z' │ 100 │  0   │  0  │ Infinity │    0     │ 700 │ 1442.3 │  0  │     │  100   │  453000   │   -9900   │   -44470000   │ 100  │  453000  │ 0.1 │
│   16    │ 4.5  │ 4.5  │ 4.5  │ 4.5  │ 1000  │ 4500000  │   33300   │  1000   │ 4500000  │ 149902000 │ 1673877360000 │ '2023-01-16T13:56:00.000Z' │  0  │ 100  │  0  │    0     │ Infinity │ 700 │ 1442.3 │  0  │ 0.7 │ -1000  │ -4500000  │  -10900   │   -48970000   │      │          │     │
│   17    │ 4.5  │ 4.5  │ 4.5  │ 4.5  │ 4000  │ 18000000 │   37300   │  4000   │ 18000000 │ 167902000 │ 1673877960000 │ '2023-01-16T14:06:00.000Z' │  0  │ 100  │  0  │    0     │ Infinity │ 700 │ 1442.3 │  0  │ 2.8 │ -4000  │ -18000000 │  -14900   │   -66970000   │      │          │     │
│   18    │ 4.5  │ 4.53 │ 4.5  │ 4.5  │ 4200  │ 18900000 │   41600   │  4300   │ 19353000 │ 187255000 │ 1673878080000 │ '2023-01-16T14:08:00.000Z' │ 2.3 │ 97.7 │  0  │    0     │    42    │ 700 │ 1442.3 │  0  │ 2.9 │ -4100  │ -18447000 │  -19000   │   -85417000   │ 100  │  453000  │ 0.1 │
│   19    │ 4.5  │ 4.5  │ 4.5  │ 4.5  │       │          │   41700   │   100   │  450000  │ 187705000 │ 1673878200000 │ '2023-01-16T14:10:00.000Z' │ 100 │  0   │  0  │ Infinity │    0     │ 700 │ 1442.3 │  0  │     │  100   │  450000   │  -18900   │   -84967000   │ 100  │  450000  │ 0.1 │
│   20    │ 4.5  │ 4.5  │ 4.5  │ 4.5  │       │          │   48000   │  6300   │ 28350000 │ 216055000 │ 1673878320000 │ '2023-01-16T14:12:00.000Z' │ 100 │  0   │  0  │ Infinity │    0     │ 700 │ 1442.3 │  0  │     │  6300  │ 28350000  │  -12600   │   -56617000   │ 6300 │ 28350000 │  9  │
├─────────┼──────┼──────┼──────┼──────┼───────┼──────────┼───────────┼─────────┼──────────┼───────────┼───────────────┼────────────────────────────┼─────┼──────┼─────┼──────────┼──────────┼─────┼────────┼─────┼─────┼────────┼───────────┼───────────┼───────────────┼──────┼──────────┼─────┤
│ (index) │  c   │  h   │  l   │  o   │  sd   │  val_sd  │ total_vol │ sum_vol │   val    │ acum_val  │   datetime    │            date            │ pbu │ psd  │ puk │    bs    │    sb    │ abu │  asd   │ auk │ rsd │ bu-sd  │ bu-sd_val │ acum_busd │ acum_busd_val │  bu  │  val_bu  │ rbu │
├─────────┼──────┼──────┼──────┼──────┼───────┼──────────┼───────────┼─────────┼──────────┼───────────┼───────────────┼────────────────────────────┼─────┼──────┼─────┼──────────┼──────────┼─────┼────────┼─────┼─────┼────────┼───────────┼───────────┼───────────────┼──────┼──────────┼─────┤
│   21    │ 4.5  │ 4.5  │ 4.5  │ 4.5  │ 2200  │ 9900000  │   50200   │  2200   │ 9900000  │ 225955000 │ 1673878440000 │ '2023-01-16T14:14:00.000Z' │  0  │ 100  │  0  │    0     │ Infinity │ 700 │ 1442.3 │  0  │ 1.5 │ -2200  │ -9900000  │  -14800   │   -66517000   │      │          │     │
│   22    │ 4.53 │ 4.53 │ 4.53 │ 4.53 │       │          │   50700   │   500   │ 2265000  │ 228220000 │ 1673878920000 │ '2023-01-16T14:22:00.000Z' │ 100 │  0   │  0  │ Infinity │    0     │ 700 │ 1442.3 │  0  │     │  500   │  2265000  │  -14300   │   -64252000   │ 500  │ 2265000  │ 0.7 │
│   23    │ 4.5  │ 4.5  │ 4.5  │ 4.5  │ 1900  │ 8550000  │   52600   │  1900   │ 8550000  │ 236770000 │ 1673879040000 │ '2023-01-16T14:24:00.000Z' │  0  │ 100  │  0  │    0     │ Infinity │ 700 │ 1442.3 │  0  │ 1.3 │ -1900  │ -8550000  │  -16200   │   -72802000   │      │          │     │
│   24    │ 4.5  │ 4.5  │ 4.5  │ 4.5  │  100  │  450000  │   52700   │   100   │  450000  │ 237220000 │ 1673879160000 │ '2023-01-16T14:26:00.000Z' │  0  │ 100  │  0  │    0     │ Infinity │ 700 │ 1442.3 │  0  │ 0.1 │  -100  │  -450000  │  -16300   │   -73252000   │      │          │     │
│   25    │ 4.5  │ 4.5  │ 4.5  │ 4.5  │ 3000  │ 13500000 │   55700   │  3000   │ 13500000 │ 250720000 │ 1673880240000 │ '2023-01-16T14:44:00.000Z' │  0  │ 100  │  0  │    0     │ Infinity │ 700 │ 1442.3 │  0  │ 2.1 │ -3000  │ -13500000 │  -19300   │   -86752000   │      │          │     │
└─────────┴──────┴──────┴──────┴──────┴───────┴──────────┴───────────┴─────────┴──────────┴───────────┴───────────────┴────────────────────────────┴─────┴──────┴─────┴──────────┴──────────┴─────┴────────┴─────┴─────┴────────┴───────────┴───────────┴───────────────┴──────┴──────────┴─────┘

