┌─────────┬───────┬───────┬───────┬───────┬───────┬───────────┬───────────┬─────────┬───────────┬───────────┬───────────────┬────────────────────────────┬──────┬──────┬─────┬──────────┬──────────┬────────┬───────┬─────┬──────┬───────┬───────────┬───────────┬───────────────┬──────┬──────────┬─────┐
│ (index) │   c   │   h   │   l   │   o   │  bu   │  val_bu   │ total_vol │ sum_vol │    val    │ acum_val  │   datetime    │            date            │ pbu  │ psd  │ puk │    bs    │    sb    │  abu   │  asd  │ auk │ rbu  │ bu-sd │ bu-sd_val │ acum_busd │ acum_busd_val │  sd  │  val_sd  │ rsd │
├─────────┼───────┼───────┼───────┼───────┼───────┼───────────┼───────────┼─────────┼───────────┼───────────┼───────────────┼────────────────────────────┼──────┼──────┼─────┼──────────┼──────────┼────────┼───────┼─────┼──────┼───────┼───────────┼───────────┼───────────────┼──────┼──────────┼─────┤
│    0    │ 23.3  │ 23.35 │ 23.3  │ 23.35 │ 1100  │ 25680000  │   1100    │  1100   │ 25680000  │ 25680000  │ 1673874000000 │ '2023-01-16T13:00:00.000Z' │ 100  │  0   │  0  │ Infinity │    0     │ 1984.2 │ 273.7 │  0  │ 0.6  │ 1100  │ 25680000  │   1100    │   25680000    │      │          │     │
│    1    │ 22.6  │  23   │ 22.6  │  23   │       │           │   2100    │  1000   │ 22720000  │ 48400000  │ 1673874240000 │ '2023-01-16T13:04:00.000Z' │  0   │ 100  │  0  │    0     │ Infinity │ 1984.2 │ 273.7 │  0  │      │ -1000 │ -22720000 │    100    │    2960000    │ 1000 │ 22720000 │ 3.7 │
│    2    │ 22.65 │ 22.65 │ 22.65 │ 22.65 │       │           │   2200    │   100   │  2265000  │ 50665000  │ 1673874360000 │ '2023-01-16T13:06:00.000Z' │  0   │ 100  │  0  │    0     │ Infinity │ 1984.2 │ 273.7 │  0  │      │ -100  │ -2265000  │     0     │    695000     │ 100  │ 2265000  │ 0.4 │
│    3    │ 23.35 │ 23.35 │ 23.15 │ 23.15 │ 3000  │ 69605000  │   5200    │  3000   │ 69605000  │ 120270000 │ 1673874720000 │ '2023-01-16T13:12:00.000Z' │ 100  │  0   │  0  │ Infinity │    0     │ 1984.2 │ 273.7 │  0  │ 1.5  │ 3000  │ 69605000  │   3000    │   70300000    │      │          │     │
│    4    │ 22.75 │ 22.75 │ 22.75 │ 22.75 │       │           │   5300    │   100   │  2275000  │ 122545000 │ 1673875200000 │ '2023-01-16T13:20:00.000Z' │  0   │ 100  │  0  │    0     │ Infinity │ 1984.2 │ 273.7 │  0  │      │ -100  │ -2275000  │   2900    │   68025000    │ 100  │ 2275000  │ 0.4 │
│    5    │ 22.75 │ 22.75 │ 22.75 │ 22.75 │       │           │   5400    │   100   │  2275000  │ 124820000 │ 1673875320000 │ '2023-01-16T13:22:00.000Z' │  0   │ 100  │  0  │    0     │ Infinity │ 1984.2 │ 273.7 │  0  │      │ -100  │ -2275000  │   2800    │   65750000    │ 100  │ 2275000  │ 0.4 │
│    6    │ 22.85 │ 22.85 │ 22.85 │ 22.85 │       │           │   5500    │   100   │  2285000  │ 127105000 │ 1673876280000 │ '2023-01-16T13:38:00.000Z' │  0   │ 100  │  0  │    0     │ Infinity │ 1984.2 │ 273.7 │  0  │      │ -100  │ -2285000  │   2700    │   63465000    │ 100  │ 2285000  │ 0.4 │
│    7    │ 22.9  │ 22.9  │ 22.9  │ 22.9  │  100  │  2290000  │   5600    │   100   │  2290000  │ 129395000 │ 1673876400000 │ '2023-01-16T13:40:00.000Z' │ 100  │  0   │  0  │ Infinity │    0     │ 1984.2 │ 273.7 │  0  │ 0.1  │  100  │  2290000  │   2800    │   65755000    │      │          │     │
│    8    │ 23.2  │ 23.2  │  23   │  23   │ 1000  │ 23160000  │   6600    │  1000   │ 23160000  │ 152555000 │ 1673876520000 │ '2023-01-16T13:42:00.000Z' │ 100  │  0   │  0  │ Infinity │    0     │ 1984.2 │ 273.7 │  0  │ 0.5  │ 1000  │ 23160000  │   3800    │   88915000    │      │          │     │
│    9    │ 23.3  │ 23.3  │ 23.2  │ 23.2  │ 1000  │ 23260000  │   7600    │  1000   │ 23260000  │ 175815000 │ 1673876760000 │ '2023-01-16T13:46:00.000Z' │ 100  │  0   │  0  │ Infinity │    0     │ 1984.2 │ 273.7 │  0  │ 0.5  │ 1000  │ 23260000  │   4800    │   112175000   │      │          │     │
│   10    │ 23.3  │ 23.3  │  23   │  23   │ 8000  │ 186345000 │   15900   │  8300   │ 193245000 │ 369060000 │ 1673877600000 │ '2023-01-16T14:00:00.000Z' │ 96.4 │ 3.6  │  0  │   26.7   │    0     │ 1984.2 │ 273.7 │  0  │  4   │ 7700  │ 179445000 │   12500   │   291620000   │ 300  │ 6900000  │ 1.1 │
│   11    │ 23.3  │ 23.3  │ 23.3  │ 23.3  │  300  │  6990000  │   16200   │   300   │  6990000  │ 376050000 │ 1673877960000 │ '2023-01-16T14:06:00.000Z' │ 100  │  0   │  0  │ Infinity │    0     │ 1984.2 │ 273.7 │  0  │ 0.2  │  300  │  6990000  │   12800   │   298610000   │      │          │     │
│   12    │ 23.25 │ 23.3  │ 23.25 │ 23.3  │  600  │ 13950000  │   18500   │  2300   │ 53560000  │ 429610000 │ 1673878080000 │ '2023-01-16T14:08:00.000Z' │ 26.1 │ 73.9 │  0  │   0.4    │   2.8    │ 1984.2 │ 273.7 │  0  │ 0.3  │ -1100 │ -25660000 │   11700   │   272950000   │ 1700 │ 39610000 │ 6.2 │
│   13    │ 23.2  │ 23.2  │ 23.2  │ 23.2  │  200  │  4640000  │   18700   │   200   │  4640000  │ 434250000 │ 1673878320000 │ '2023-01-16T14:12:00.000Z' │ 100  │  0   │  0  │ Infinity │    0     │ 1984.2 │ 273.7 │  0  │ 0.1  │  200  │  4640000  │   11900   │   277590000   │      │          │     │
│   14    │ 23.1  │ 23.15 │ 23.1  │ 23.15 │       │           │   19700   │  1000   │ 23115000  │ 457365000 │ 1673878800000 │ '2023-01-16T14:20:00.000Z' │  0   │ 100  │  0  │    0     │ Infinity │ 1984.2 │ 273.7 │  0  │      │ -1000 │ -23115000 │   10900   │   254475000   │ 1000 │ 23115000 │ 3.7 │
│   15    │ 23.25 │ 23.25 │ 23.25 │ 23.25 │ 1000  │ 23250000  │   20700   │  1000   │ 23250000  │ 480615000 │ 1673879040000 │ '2023-01-16T14:24:00.000Z' │ 100  │  0   │  0  │ Infinity │    0     │ 1984.2 │ 273.7 │  0  │ 0.5  │ 1000  │ 23250000  │   11900   │   277725000   │      │          │     │
│   16    │ 23.25 │ 23.25 │ 23.1  │ 23.2  │ 21300 │ 494920000 │   42000   │  21300  │ 494920000 │ 975535000 │ 1673879160000 │ '2023-01-16T14:26:00.000Z' │ 100  │  0   │  0  │ Infinity │    0     │ 1984.2 │ 273.7 │  0  │ 10.7 │ 21300 │ 494920000 │   33200   │   772645000   │      │          │     │
│   17    │ 23.35 │ 23.35 │ 23.35 │ 23.35 │  100  │  2335000  │   42100   │   100   │  2335000  │ 977870000 │ 1673879280000 │ '2023-01-16T14:28:00.000Z' │ 100  │  0   │  0  │ Infinity │    0     │ 1984.2 │ 273.7 │  0  │ 0.1  │  100  │  2335000  │   33300   │   774980000   │      │          │     │
│   18    │ 23.25 │ 23.25 │ 23.25 │ 23.25 │       │           │   42900   │   800   │ 18600000  │ 996470000 │ 1673880240000 │ '2023-01-16T14:44:00.000Z' │  0   │ 100  │  0  │    0     │ Infinity │ 1984.2 │ 273.7 │  0  │      │ -800  │ -18600000 │   32500   │   756380000   │ 800  │ 18600000 │ 2.9 │
└─────────┴───────┴───────┴───────┴───────┴───────┴───────────┴───────────┴─────────┴───────────┴───────────┴───────────────┴────────────────────────────┴──────┴──────┴─────┴──────────┴──────────┴────────┴───────┴─────┴──────┴───────┴───────────┴───────────┴───────────────┴──────┴──────────┴─────┘

├─────────┼───────┼───────┼───────┼───────┼───────┼───────────┼───────────┼─────────┼───────────┼───────────┼───────────────┼────────────────────────────┼──────┼──────┼─────┼──────────┼──────────┼────────┼───────┼─────┼──────┼───────┼───────────┼───────────┼───────────────┼──────┼──────────┼─────┤
│ (index) │   c   │   h   │   l   │   o   │  bu   │  val_bu   │ total_vol │ sum_vol │    val    │ acum_val  │   datetime    │            date            │ pbu  │ psd  │ puk │    bs    │    sb    │  abu   │  asd  │ auk │ rbu  │ bu-sd │ bu-sd_val │ acum_busd │ acum_busd_val │  sd  │  val_sd  │ rsd │
├─────────┼───────┼───────┼───────┼───────┼───────┼───────────┼───────────┼─────────┼───────────┼───────────┼───────────────┼────────────────────────────┼──────┼──────┼─────┼──────────┼──────────┼────────┼───────┼─────┼──────┼───────┼───────────┼───────────┼───────────────┼──────┼──────────┼─────┤
