┌─────────┬───┬───┬───┬───┬──────┬──────────┬───────────┬─────────┬──────────┬──────────┬───────────────┬────────────────────────────┬──────┬──────┬─────┬──────────┬──────────┬──────┬─────┬─────┬─────┬───────┬───────────┬───────────┬───────────────┬──────┬─────────┬──────┐
│ (index) │ c │ h │ l │ o │  bu  │  val_bu  │ total_vol │ sum_vol │   val    │ acum_val │   datetime    │            date            │ pbu  │ psd  │ puk │    bs    │    sb    │ abu  │ asd │ auk │ rbu │ bu-sd │ bu-sd_val │ acum_busd │ acum_busd_val │  sd  │ val_sd  │ rsd  │
├─────────┼───┼───┼───┼───┼──────┼──────────┼───────────┼─────────┼──────────┼──────────┼───────────────┼────────────────────────────┼──────┼──────┼─────┼──────────┼──────────┼──────┼─────┼─────┼─────┼───────┼───────────┼───────────┼───────────────┼──────┼─────────┼──────┤
│    0    │ 2 │ 2 │ 2 │ 2 │ 100  │  200000  │    100    │   100   │  200000  │  200000  │ 1673859600000 │ '2023-01-16T09:00:00.000Z' │ 100  │  0   │  0  │ Infinity │    0     │ 1225 │ 75  │  0  │ 0.1 │  100  │  200000   │    100    │    200000     │      │         │      │
│    1    │ 2 │ 2 │ 2 │ 2 │ 7500 │ 15000000 │   7600    │  7500   │ 15000000 │ 15200000 │ 1673859720000 │ '2023-01-16T09:02:00.000Z' │ 100  │  0   │  0  │ Infinity │    0     │ 1225 │ 75  │  0  │ 6.1 │ 7500  │ 15000000  │   7600    │   15200000    │      │         │      │
│    2    │ 2 │ 2 │ 2 │ 2 │ 1500 │ 3000000  │   9100    │  1500   │ 3000000  │ 18200000 │ 1673860200000 │ '2023-01-16T09:10:00.000Z' │ 100  │  0   │  0  │ Infinity │    0     │ 1225 │ 75  │  0  │ 1.2 │ 1500  │  3000000  │   9100    │   18200000    │      │         │      │
│    3    │ 2 │ 2 │ 2 │ 2 │ 100  │  200000  │   9200    │   100   │  200000  │ 18400000 │ 1673860320000 │ '2023-01-16T09:12:00.000Z' │ 100  │  0   │  0  │ Infinity │    0     │ 1225 │ 75  │  0  │ 0.1 │  100  │  200000   │   9200    │   18400000    │      │         │      │
│    4    │ 2 │ 2 │ 2 │ 2 │      │          │   9300    │   100   │  200000  │ 18600000 │ 1673862840000 │ '2023-01-16T09:54:00.000Z' │  0   │ 100  │  0  │    0     │ Infinity │ 1225 │ 75  │  0  │     │ -100  │  -200000  │   9100    │   18200000    │ 100  │ 200000  │ 1.3  │
│    5    │ 2 │ 2 │ 2 │ 2 │ 100  │  200000  │   9400    │   100   │  200000  │ 18800000 │ 1673864880000 │ '2023-01-16T10:28:00.000Z' │ 100  │  0   │  0  │ Infinity │    0     │ 1225 │ 75  │  0  │ 0.1 │  100  │  200000   │   9200    │   18400000    │      │         │      │
│    6    │ 2 │ 2 │ 2 │ 2 │ 100  │  200000  │   9500    │   100   │  200000  │ 19000000 │ 1673865000000 │ '2023-01-16T10:30:00.000Z' │ 100  │  0   │  0  │ Infinity │    0     │ 1225 │ 75  │  0  │ 0.1 │  100  │  200000   │   9300    │   18600000    │      │         │      │
│    7    │ 2 │ 2 │ 2 │ 2 │ 200  │  400000  │   9700    │   200   │  400000  │ 19400000 │ 1673874000000 │ '2023-01-16T13:00:00.000Z' │ 100  │  0   │  0  │ Infinity │    0     │ 1225 │ 75  │  0  │ 0.2 │  200  │  400000   │   9500    │   19000000    │      │         │      │
│    8    │ 2 │ 2 │ 2 │ 2 │ 4400 │ 8800000  │   14100   │  4400   │ 8800000  │ 28200000 │ 1673874840000 │ '2023-01-16T13:14:00.000Z' │ 100  │  0   │  0  │ Infinity │    0     │ 1225 │ 75  │  0  │ 3.6 │ 4400  │  8800000  │   13900   │   27800000    │      │         │      │
│    9    │ 2 │ 2 │ 2 │ 2 │ 400  │  800000  │   14500   │   400   │  800000  │ 29000000 │ 1673875440000 │ '2023-01-16T13:24:00.000Z' │ 100  │  0   │  0  │ Infinity │    0     │ 1225 │ 75  │  0  │ 0.3 │  400  │  800000   │   14300   │   28600000    │      │         │      │
│   10    │ 2 │ 2 │ 2 │ 2 │ 4100 │ 8200000  │   19600   │  5100   │ 10200000 │ 39200000 │ 1673875560000 │ '2023-01-16T13:26:00.000Z' │ 80.4 │ 19.6 │  0  │   4.1    │   0.2    │ 1225 │ 75  │  0  │ 3.3 │ 3100  │  6200000  │   17400   │   34800000    │ 1000 │ 2000000 │ 13.3 │
│   11    │ 2 │ 2 │ 2 │ 2 │      │          │   19700   │   100   │  200000  │ 39400000 │ 1673877240000 │ '2023-01-16T13:54:00.000Z' │  0   │ 100  │  0  │    0     │ Infinity │ 1225 │ 75  │  0  │     │ -100  │  -200000  │   17300   │   34600000    │ 100  │ 200000  │ 1.3  │
│   12    │ 2 │ 2 │ 2 │ 2 │ 300  │  600000  │   20000   │   300   │  600000  │ 40000000 │ 1673877360000 │ '2023-01-16T13:56:00.000Z' │ 100  │  0   │  0  │ Infinity │    0     │ 1225 │ 75  │  0  │ 0.2 │  300  │  600000   │   17600   │   35200000    │      │         │      │
│   13    │ 2 │ 2 │ 2 │ 2 │ 600  │ 1200000  │   20600   │   600   │ 1200000  │ 41200000 │ 1673877720000 │ '2023-01-16T14:02:00.000Z' │ 100  │  0   │  0  │ Infinity │    0     │ 1225 │ 75  │  0  │ 0.5 │  600  │  1200000  │   18200   │   36400000    │      │         │      │
│   14    │ 2 │ 2 │ 2 │ 2 │ 100  │  200000  │   20700   │   100   │  200000  │ 41400000 │ 1673878320000 │ '2023-01-16T14:12:00.000Z' │ 100  │  0   │  0  │ Infinity │    0     │ 1225 │ 75  │  0  │ 0.1 │  100  │  200000   │   18300   │   36600000    │      │         │      │
│   15    │ 2 │ 2 │ 2 │ 2 │ 100  │  200000  │   20800   │   100   │  200000  │ 41600000 │ 1673880840000 │ '2023-01-16T14:54:00.000Z' │ 100  │  0   │  0  │ Infinity │    0     │ 1225 │ 75  │  0  │ 0.1 │  100  │  200000   │   18400   │   36800000    │      │         │      │
└─────────┴───┴───┴───┴───┴──────┴──────────┴───────────┴─────────┴──────────┴──────────┴───────────────┴────────────────────────────┴──────┴──────┴─────┴──────────┴──────────┴──────┴─────┴─────┴─────┴───────┴───────────┴───────────┴───────────────┴──────┴─────────┴──────┘

