┌─────────┬──────┬──────┬──────┬──────┬──────┬───────────┬───────────┬─────────┬───────────┬───────────┬───────────────┬────────────────────────────┬──────┬──────┬─────┬──────────┬──────────┬───────┬───────┬─────┬─────┬───────┬───────────┬───────────┬───────────────┬──────┬──────────┬─────┐
│ (index) │  c   │  h   │  l   │  o   │  bu  │  val_bu   │ total_vol │ sum_vol │    val    │ acum_val  │   datetime    │            date            │ pbu  │ psd  │ puk │    bs    │    sb    │  abu  │  asd  │ auk │ rbu │ bu-sd │ bu-sd_val │ acum_busd │ acum_busd_val │  sd  │  val_sd  │ rsd │
├─────────┼──────┼──────┼──────┼──────┼──────┼───────────┼───────────┼─────────┼───────────┼───────────┼───────────────┼────────────────────────────┼──────┼──────┼─────┼──────────┼──────────┼───────┼───────┼─────┼─────┼───────┼───────────┼───────────┼───────────────┼──────┼──────────┼─────┤
│    0    │ 20.5 │ 20.5 │ 20.5 │ 20.5 │ 600  │ 12300000  │    600    │   600   │ 12300000  │ 12300000  │ 1673860200000 │ '2023-01-16T09:10:00.000Z' │ 100  │  0   │  0  │ Infinity │    0     │ 788.9 │ 605.6 │  0  │ 0.8 │  600  │ 12300000  │    600    │   12300000    │      │          │     │
│    1    │ 20.6 │ 20.6 │ 20.6 │ 20.6 │ 900  │ 18540000  │   1700    │  1100   │ 22660000  │ 34960000  │ 1673860320000 │ '2023-01-16T09:12:00.000Z' │ 81.8 │ 18.2 │  0  │   4.5    │   0.2    │ 788.9 │ 605.6 │  0  │ 1.1 │  700  │ 14420000  │   1300    │   26720000    │ 200  │ 4120000  │ 0.3 │
│    2    │ 20.6 │ 20.6 │ 20.6 │ 20.6 │      │           │   2000    │   300   │  6180000  │ 41140000  │ 1673860440000 │ '2023-01-16T09:14:00.000Z' │  0   │ 100  │  0  │    0     │ Infinity │ 788.9 │ 605.6 │  0  │     │ -300  │ -6180000  │   1000    │   20540000    │ 300  │ 6180000  │ 0.5 │
│    3    │ 20.7 │ 20.7 │ 20.7 │ 20.7 │ 100  │  2070000  │   2100    │   100   │  2070000  │ 43210000  │ 1673860560000 │ '2023-01-16T09:16:00.000Z' │ 100  │  0   │  0  │ Infinity │    0     │ 788.9 │ 605.6 │  0  │ 0.1 │  100  │  2070000  │   1100    │   22610000    │      │          │     │
│    4    │ 20.5 │ 20.5 │ 20.5 │ 20.5 │      │           │   2600    │   500   │ 10250000  │ 53460000  │ 1673861760000 │ '2023-01-16T09:36:00.000Z' │  0   │ 100  │  0  │    0     │ Infinity │ 788.9 │ 605.6 │  0  │     │ -500  │ -10250000 │    600    │   12360000    │ 500  │ 10250000 │ 0.8 │
│    5    │ 20.5 │ 20.5 │ 20.5 │ 20.5 │ 600  │ 12300000  │   4200    │  1600   │ 32800000  │ 86260000  │ 1673862720000 │ '2023-01-16T09:52:00.000Z' │ 37.5 │ 62.5 │  0  │   0.6    │   1.7    │ 788.9 │ 605.6 │  0  │ 0.8 │ -400  │ -8200000  │    200    │    4160000    │ 1000 │ 20500000 │ 1.7 │
│    6    │ 20.5 │ 20.5 │ 20.5 │ 20.5 │      │           │   6200    │  2000   │ 41000000  │ 127260000 │ 1673862840000 │ '2023-01-16T09:54:00.000Z' │  0   │ 100  │  0  │    0     │ Infinity │ 788.9 │ 605.6 │  0  │     │ -2000 │ -41000000 │   -1800   │   -36840000   │ 2000 │ 41000000 │ 3.3 │
│    7    │ 20.5 │ 20.5 │ 20.5 │ 20.5 │      │           │   6300    │   100   │  2050000  │ 129310000 │ 1673863080000 │ '2023-01-16T09:58:00.000Z' │  0   │ 100  │  0  │    0     │ Infinity │ 788.9 │ 605.6 │  0  │     │ -100  │ -2050000  │   -1900   │   -38890000   │ 100  │ 2050000  │ 0.2 │
│    8    │ 20.6 │ 20.6 │ 20.6 │ 20.6 │ 2500 │ 51500000  │   8800    │  2500   │ 51500000  │ 180810000 │ 1673863200000 │ '2023-01-16T10:00:00.000Z' │ 100  │  0   │  0  │ Infinity │    0     │ 788.9 │ 605.6 │  0  │ 3.2 │ 2500  │ 51500000  │    600    │   12610000    │      │          │     │
│    9    │ 20.6 │ 20.6 │ 20.6 │ 20.6 │      │           │   10800   │  2000   │ 41200000  │ 222010000 │ 1673863320000 │ '2023-01-16T10:02:00.000Z' │  0   │ 100  │  0  │    0     │ Infinity │ 788.9 │ 605.6 │  0  │     │ -2000 │ -41200000 │   -1400   │   -28590000   │ 2000 │ 41200000 │ 3.3 │
│   10    │ 20.6 │ 20.6 │ 20.6 │ 20.6 │      │           │   11300   │   500   │ 10300000  │ 232310000 │ 1673863560000 │ '2023-01-16T10:06:00.000Z' │  0   │ 100  │  0  │    0     │ Infinity │ 788.9 │ 605.6 │  0  │     │ -500  │ -10300000 │   -1900   │   -38890000   │ 500  │ 10300000 │ 0.8 │
│   11    │ 20.6 │ 20.6 │ 20.6 │ 20.6 │      │           │   13300   │  2000   │ 41200000  │ 273510000 │ 1673864400000 │ '2023-01-16T10:20:00.000Z' │  0   │ 100  │  0  │    0     │ Infinity │ 788.9 │ 605.6 │  0  │     │ -2000 │ -41200000 │   -3900   │   -80090000   │ 2000 │ 41200000 │ 3.3 │
│   12    │ 20.6 │ 20.6 │ 20.6 │ 20.6 │ 1800 │ 37080000  │   15100   │  1800   │ 37080000  │ 310590000 │ 1673864520000 │ '2023-01-16T10:22:00.000Z' │ 100  │  0   │  0  │ Infinity │    0     │ 788.9 │ 605.6 │  0  │ 2.3 │ 1800  │ 37080000  │   -2100   │   -43010000   │      │          │     │
│   13    │ 20.5 │ 20.5 │ 20.5 │ 20.5 │      │           │   16200   │  1100   │ 22550000  │ 333140000 │ 1673867160000 │ '2023-01-16T11:06:00.000Z' │  0   │ 100  │  0  │    0     │ Infinity │ 788.9 │ 605.6 │  0  │     │ -1100 │ -22550000 │   -3200   │   -65560000   │ 1100 │ 22550000 │ 1.8 │
│   14    │ 20.5 │ 20.5 │ 20.5 │ 20.5 │      │           │   17000   │   800   │ 16400000  │ 349540000 │ 1673868120000 │ '2023-01-16T11:22:00.000Z' │  0   │ 100  │  0  │    0     │ Infinity │ 788.9 │ 605.6 │  0  │     │ -800  │ -16400000 │   -4000   │   -81960000   │ 800  │ 16400000 │ 1.3 │
│   15    │ 20.5 │ 20.5 │ 20.5 │ 20.5 │ 1200 │ 24600000  │   18200   │  1200   │ 24600000  │ 374140000 │ 1673878680000 │ '2023-01-16T14:18:00.000Z' │ 100  │  0   │  0  │ Infinity │    0     │ 788.9 │ 605.6 │  0  │ 1.5 │ 1200  │ 24600000  │   -2800   │   -57360000   │      │          │     │
│   16    │ 20.5 │ 20.5 │ 20.5 │ 20.5 │      │           │   18600   │   400   │  8200000  │ 382340000 │ 1673878800000 │ '2023-01-16T14:20:00.000Z' │  0   │ 100  │  0  │    0     │ Infinity │ 788.9 │ 605.6 │  0  │     │ -400  │ -8200000  │   -3200   │   -65560000   │ 400  │ 8200000  │ 0.7 │
│   17    │ 20.5 │ 20.5 │ 20.5 │ 20.5 │ 6500 │ 133250000 │   25100   │  6500   │ 133250000 │ 515590000 │ 1673880240000 │ '2023-01-16T14:44:00.000Z' │ 100  │  0   │  0  │ Infinity │    0     │ 788.9 │ 605.6 │  0  │ 8.2 │ 6500  │ 133250000 │   3300    │   67690000    │      │          │     │
└─────────┴──────┴──────┴──────┴──────┴──────┴───────────┴───────────┴─────────┴───────────┴───────────┴───────────────┴────────────────────────────┴──────┴──────┴─────┴──────────┴──────────┴───────┴───────┴─────┴─────┴───────┴───────────┴───────────┴───────────────┴──────┴──────────┴─────┘

