┌─────────┬──────┬──────┬──────┬──────┬──────┬──────────┬───────────┬─────────┬──────────┬───────────┬───────────────┬────────────────────────────┬──────┬──────┬─────┬──────────┬──────────┬───────┬────────┬─────┬─────┬───────┬───────────┬───────────┬───────────────┬──────┬──────────┬─────┐
│ (index) │  c   │  h   │  l   │  o   │  bu  │  val_bu  │ total_vol │ sum_vol │   val    │ acum_val  │   datetime    │            date            │ pbu  │ psd  │ puk │    bs    │    sb    │  abu  │  asd   │ auk │ rbu │ bu-sd │ bu-sd_val │ acum_busd │ acum_busd_val │  sd  │  val_sd  │ rsd │
├─────────┼──────┼──────┼──────┼──────┼──────┼──────────┼───────────┼─────────┼──────────┼───────────┼───────────────┼────────────────────────────┼──────┼──────┼─────┼──────────┼──────────┼───────┼────────┼─────┼─────┼───────┼───────────┼───────────┼───────────────┼──────┼──────────┼─────┤
│    0    │ 4.1  │ 4.1  │ 4.1  │ 4.1  │ 1000 │ 4100000  │   1000    │  1000   │ 4100000  │  4100000  │ 1673860440000 │ '2023-01-16T09:14:00.000Z' │ 100  │  0   │  0  │ Infinity │    0     │ 335.7 │ 2071.4 │  0  │  3  │ 1000  │  4100000  │   1000    │    4100000    │      │          │     │
│    1    │ 4.09 │ 4.09 │ 4.09 │ 4.09 │ 300  │ 1227000  │   1300    │   300   │ 1227000  │  5327000  │ 1673860800000 │ '2023-01-16T09:20:00.000Z' │ 100  │  0   │  0  │ Infinity │    0     │ 335.7 │ 2071.4 │  0  │ 0.9 │  300  │  1227000  │   1300    │    5327000    │      │          │     │
│    2    │ 4.07 │ 4.07 │ 4.07 │ 4.07 │ 300  │ 1221000  │   1600    │   300   │ 1221000  │  6548000  │ 1673862480000 │ '2023-01-16T09:48:00.000Z' │ 100  │  0   │  0  │ Infinity │    0     │ 335.7 │ 2071.4 │  0  │ 0.9 │  300  │  1221000  │   1600    │    6548000    │      │          │     │
│    3    │  4   │  4   │  4   │  4   │      │          │   1800    │   200   │  800000  │  7348000  │ 1673862960000 │ '2023-01-16T09:56:00.000Z' │  0   │ 100  │  0  │    0     │ Infinity │ 335.7 │ 2071.4 │  0  │     │ -200  │  -800000  │   1400    │    5748000    │ 200  │  800000  │ 0.1 │
│    4    │ 4.01 │ 4.01 │ 4.01 │ 4.01 │      │          │   2200    │   400   │ 1604000  │  8952000  │ 1673864760000 │ '2023-01-16T10:26:00.000Z' │  0   │ 100  │  0  │    0     │ Infinity │ 335.7 │ 2071.4 │  0  │     │ -400  │ -1604000  │   1000    │    4144000    │ 400  │ 1604000  │ 0.2 │
│    5    │  4   │  4   │  4   │  4   │      │          │   7400    │  5200   │ 20800000 │ 29752000  │ 1673865000000 │ '2023-01-16T10:30:00.000Z' │  0   │ 100  │  0  │    0     │ Infinity │ 335.7 │ 2071.4 │  0  │     │ -5200 │ -20800000 │   -4200   │   -16656000   │ 5200 │ 20800000 │ 2.5 │
│    6    │  4   │  4   │  4   │  4   │      │          │   12500   │  5100   │ 20400000 │ 50152000  │ 1673865240000 │ '2023-01-16T10:34:00.000Z' │  0   │ 100  │  0  │    0     │ Infinity │ 335.7 │ 2071.4 │  0  │     │ -5100 │ -20400000 │   -9300   │   -37056000   │ 5100 │ 20400000 │ 2.5 │
│    7    │  4   │  4   │  4   │  4   │      │          │   13500   │  1000   │ 4000000  │ 54152000  │ 1673865600000 │ '2023-01-16T10:40:00.000Z' │  0   │ 100  │  0  │    0     │ Infinity │ 335.7 │ 2071.4 │  0  │     │ -1000 │ -4000000  │  -10300   │   -41056000   │ 1000 │ 4000000  │ 0.5 │
│    8    │  4   │  4   │  4   │  4   │      │          │   14500   │  1000   │ 4000000  │ 58152000  │ 1673865720000 │ '2023-01-16T10:42:00.000Z' │  0   │ 100  │  0  │    0     │ Infinity │ 335.7 │ 2071.4 │  0  │     │ -1000 │ -4000000  │  -11300   │   -45056000   │ 1000 │ 4000000  │ 0.5 │
│    9    │  4   │  4   │  4   │  4   │      │          │   20400   │  5900   │ 23600000 │ 81752000  │ 1673866080000 │ '2023-01-16T10:48:00.000Z' │  0   │ 100  │  0  │    0     │ Infinity │ 335.7 │ 2071.4 │  0  │     │ -5900 │ -23600000 │  -17200   │   -68656000   │ 5900 │ 23600000 │ 2.8 │
│   10    │ 4.07 │ 4.07 │ 4.07 │ 4.07 │ 100  │  407000  │   20500   │   100   │  407000  │ 82159000  │ 1673866680000 │ '2023-01-16T10:58:00.000Z' │ 100  │  0   │  0  │ Infinity │    0     │ 335.7 │ 2071.4 │  0  │ 0.3 │  100  │  407000   │  -17100   │   -68249000   │      │          │     │
│   11    │ 4.05 │ 4.05 │ 4.05 │ 4.05 │ 100  │  405000  │   20600   │   100   │  405000  │ 82564000  │ 1673874720000 │ '2023-01-16T13:12:00.000Z' │ 100  │  0   │  0  │ Infinity │    0     │ 335.7 │ 2071.4 │  0  │ 0.3 │  100  │  405000   │  -17000   │   -67844000   │      │          │     │
│   12    │ 4.05 │ 4.05 │ 4.01 │ 4.05 │ 300  │ 1215000  │   21900   │  1300   │ 5233000  │ 87797000  │ 1673874840000 │ '2023-01-16T13:14:00.000Z' │ 23.1 │ 76.9 │  0  │   0.3    │   3.3    │ 335.7 │ 2071.4 │  0  │ 0.9 │ -700  │ -2803000  │  -17700   │   -70647000   │ 1000 │ 4018000  │ 0.5 │
│   13    │ 4.01 │ 4.01 │ 4.01 │ 4.01 │      │          │   27300   │  5400   │ 21654000 │ 109451000 │ 1673874960000 │ '2023-01-16T13:16:00.000Z' │  0   │ 100  │  0  │    0     │ Infinity │ 335.7 │ 2071.4 │  0  │     │ -5400 │ -21654000 │  -23100   │   -92301000   │ 5400 │ 21654000 │ 2.6 │
│   14    │ 4.01 │ 4.01 │ 4.01 │ 4.01 │ 2500 │ 10025000 │   33000   │  5700   │ 22857000 │ 132308000 │ 1673875680000 │ '2023-01-16T13:28:00.000Z' │ 43.9 │ 56.1 │  0  │   0.8    │   1.3    │ 335.7 │ 2071.4 │  0  │ 7.4 │ -700  │ -2807000  │  -23800   │   -95108000   │ 3200 │ 12832000 │ 1.5 │
│   15    │ 4.01 │ 4.01 │ 4.01 │ 4.01 │      │          │   34000   │  1000   │ 4010000  │ 136318000 │ 1673875800000 │ '2023-01-16T13:30:00.000Z' │  0   │ 100  │  0  │    0     │ Infinity │ 335.7 │ 2071.4 │  0  │     │ -1000 │ -4010000  │  -24800   │   -99118000   │ 1000 │ 4010000  │ 0.5 │
│   16    │ 4.01 │ 4.01 │ 4.01 │ 4.01 │      │          │   35000   │  1000   │ 4010000  │ 140328000 │ 1673876160000 │ '2023-01-16T13:36:00.000Z' │  0   │ 100  │  0  │    0     │ Infinity │ 335.7 │ 2071.4 │  0  │     │ -1000 │ -4010000  │  -25800   │  -103128000   │ 1000 │ 4010000  │ 0.5 │
│   17    │  4   │ 4.01 │  4   │ 4.01 │      │          │   40000   │  5000   │ 20006000 │ 160334000 │ 1673876640000 │ '2023-01-16T13:44:00.000Z' │  0   │ 100  │  0  │    0     │ Infinity │ 335.7 │ 2071.4 │  0  │     │ -5000 │ -20006000 │  -30800   │  -123134000   │ 5000 │ 20006000 │ 2.4 │
│   18    │ 4.07 │ 4.07 │ 4.03 │ 4.03 │ 300  │ 1213000  │   40300   │   300   │ 1213000  │ 161547000 │ 1673876880000 │ '2023-01-16T13:48:00.000Z' │ 100  │  0   │  0  │ Infinity │    0     │ 335.7 │ 2071.4 │  0  │ 0.9 │  300  │  1213000  │  -30500   │  -121921000   │      │          │     │
│   19    │  4   │  4   │  4   │  4   │      │          │   45600   │  5300   │ 21200000 │ 182747000 │ 1673877480000 │ '2023-01-16T13:58:00.000Z' │  0   │ 100  │  0  │    0     │ Infinity │ 335.7 │ 2071.4 │  0  │     │ -5300 │ -21200000 │  -35800   │  -143121000   │ 5300 │ 21200000 │ 2.6 │
│   20    │  4   │ 4.01 │  4   │ 4.01 │      │          │   46700   │  1100   │ 4410000  │ 187157000 │ 1673877600000 │ '2023-01-16T14:00:00.000Z' │  0   │ 100  │  0  │    0     │ Infinity │ 335.7 │ 2071.4 │  0  │     │ -1100 │ -4410000  │  -36900   │  -147531000   │ 1100 │ 4410000  │ 0.5 │
├─────────┼──────┼──────┼──────┼──────┼──────┼──────────┼───────────┼─────────┼──────────┼───────────┼───────────────┼────────────────────────────┼──────┼──────┼─────┼──────────┼──────────┼───────┼────────┼─────┼─────┼───────┼───────────┼───────────┼───────────────┼──────┼──────────┼─────┤
│ (index) │  c   │  h   │  l   │  o   │  bu  │  val_bu  │ total_vol │ sum_vol │   val    │ acum_val  │   datetime    │            date            │ pbu  │ psd  │ puk │    bs    │    sb    │  abu  │  asd   │ auk │ rbu │ bu-sd │ bu-sd_val │ acum_busd │ acum_busd_val │  sd  │  val_sd  │ rsd │
├─────────┼──────┼──────┼──────┼──────┼──────┼──────────┼───────────┼─────────┼──────────┼───────────┼───────────────┼────────────────────────────┼──────┼──────┼─────┼──────────┼──────────┼───────┼────────┼─────┼─────┼───────┼───────────┼───────────┼───────────────┼──────┼──────────┼─────┤
│   21    │ 3.99 │  4   │ 3.99 │  4   │      │          │   50300   │  3600   │ 14394000 │ 201551000 │ 1673877960000 │ '2023-01-16T14:06:00.000Z' │  0   │ 100  │  0  │    0     │ Infinity │ 335.7 │ 2071.4 │  0  │     │ -3600 │ -14394000 │  -40500   │  -161925000   │ 3600 │ 14394000 │ 1.7 │
│   22    │ 4.05 │ 4.05 │ 4.05 │ 4.05 │ 200  │  810000  │   50500   │   200   │  810000  │ 202361000 │ 1673878200000 │ '2023-01-16T14:10:00.000Z' │ 100  │  0   │  0  │ Infinity │    0     │ 335.7 │ 2071.4 │  0  │ 0.6 │  200  │  810000   │  -40300   │  -161115000   │      │          │     │
│   23    │  4   │ 4.05 │  4   │ 4.05 │ 900  │ 3613000  │   57400   │  6900   │ 27613000 │ 229974000 │ 1673878440000 │ '2023-01-16T14:14:00.000Z' │  13  │  87  │  0  │   0.2    │   6.7    │ 335.7 │ 2071.4 │  0  │ 2.7 │ -5100 │ -20387000 │  -45400   │  -181502000   │ 6000 │ 24000000 │ 2.9 │
│   24    │  4   │  4   │  4   │  4   │ 400  │ 1600000  │   58000   │   600   │ 2400000  │ 232374000 │ 1673878560000 │ '2023-01-16T14:16:00.000Z' │ 66.7 │ 33.3 │  0  │    2     │   0.5    │ 335.7 │ 2071.4 │  0  │ 1.2 │  200  │  800000   │  -45200   │  -180702000   │ 200  │  800000  │ 0.1 │
│   25    │  4   │  4   │  4   │  4   │      │          │   59400   │  1400   │ 5600000  │ 237974000 │ 1673879160000 │ '2023-01-16T14:26:00.000Z' │  0   │ 100  │  0  │    0     │ Infinity │ 335.7 │ 2071.4 │  0  │     │ -1400 │ -5600000  │  -46600   │  -186302000   │ 1400 │ 5600000  │ 0.7 │
│   26    │  4   │  4   │  4   │  4   │      │          │   64400   │  5000   │ 20000000 │ 257974000 │ 1673879280000 │ '2023-01-16T14:28:00.000Z' │  0   │ 100  │  0  │    0     │ Infinity │ 335.7 │ 2071.4 │  0  │     │ -5000 │ -20000000 │  -51600   │  -206302000   │ 5000 │ 20000000 │ 2.4 │
│   27    │ 4.07 │ 4.07 │ 4.07 │ 4.07 │ 3000 │ 12210000 │   67400   │  3000   │ 12210000 │ 270184000 │ 1673880240000 │ '2023-01-16T14:44:00.000Z' │ 100  │  0   │  0  │ Infinity │    0     │ 335.7 │ 2071.4 │  0  │ 8.9 │ 3000  │ 12210000  │  -48600   │  -194092000   │      │          │     │
└─────────┴──────┴──────┴──────┴──────┴──────┴──────────┴───────────┴─────────┴──────────┴───────────┴───────────────┴────────────────────────────┴──────┴──────┴─────┴──────────┴──────────┴───────┴────────┴─────┴─────┴───────┴───────────┴───────────┴───────────────┴──────┴──────────┴─────┘

