┌─────────┬─────┬─────┬─────┬─────┬───────┬───────────┬───────────┬─────────┬───────────┬───────────┬───────────────┬────────────────────────────┬──────┬─────┬─────┬──────────┬──────────┬────────┬───────┬─────┬──────┬───────┬───────────┬───────────┬───────────────┬──────┬──────────┬─────┐
│ (index) │  c  │  h  │  l  │  o  │  bu   │  val_bu   │ total_vol │ sum_vol │    val    │ acum_val  │   datetime    │            date            │ pbu  │ psd │ puk │    bs    │    sb    │  abu   │  asd  │ auk │ rbu  │ bu-sd │ bu-sd_val │ acum_busd │ acum_busd_val │  sd  │  val_sd  │ rsd │
├─────────┼─────┼─────┼─────┼─────┼───────┼───────────┼───────────┼─────────┼───────────┼───────────┼───────────────┼────────────────────────────┼──────┼─────┼─────┼──────────┼──────────┼────────┼───────┼─────┼──────┼───────┼───────────┼───────────┼───────────────┼──────┼──────────┼─────┤
│    0    │ 6.3 │ 6.3 │ 6.3 │ 6.3 │ 1000  │  6300000  │   1000    │  1000   │  6300000  │  6300000  │ 1674810360000 │ '2023-01-27T09:06:00.000Z' │ 100  │  0  │  0  │ Infinity │    0     │ 1038.1 │ 976.2 │  0  │  1   │ 1000  │  6300000  │   1000    │    6300000    │      │          │     │
│    1    │ 7.2 │ 7.2 │ 7.2 │ 7.2 │ 1400  │ 10080000  │   2400    │  1400   │ 10080000  │ 16380000  │ 1674811680000 │ '2023-01-27T09:28:00.000Z' │ 100  │  0  │  0  │ Infinity │    0     │ 1038.1 │ 976.2 │  0  │ 1.3  │ 1400  │ 10080000  │   2400    │   16380000    │      │          │     │
│    2    │ 7.2 │ 7.2 │ 7.2 │ 7.2 │ 15000 │ 108000000 │   18300   │  15900  │ 114480000 │ 130860000 │ 1674812040000 │ '2023-01-27T09:34:00.000Z' │ 94.3 │ 5.7 │  0  │   16.7   │   0.1    │ 1038.1 │ 976.2 │  0  │ 14.4 │ 14100 │ 101520000 │   16500   │   117900000   │ 900  │ 6480000  │ 0.9 │
│    3    │ 7.2 │ 7.2 │ 7.2 │ 7.2 │       │           │   18400   │   100   │  720000   │ 131580000 │ 1674812520000 │ '2023-01-27T09:42:00.000Z' │  0   │ 100 │  0  │    0     │ Infinity │ 1038.1 │ 976.2 │  0  │      │ -100  │  -720000  │   16400   │   117180000   │ 100  │  720000  │ 0.1 │
│    4    │ 7.2 │ 7.2 │ 7.2 │ 7.2 │       │           │   18600   │   200   │  1440000  │ 133020000 │ 1674813120000 │ '2023-01-27T09:52:00.000Z' │  0   │ 100 │  0  │    0     │ Infinity │ 1038.1 │ 976.2 │  0  │      │ -200  │ -1440000  │   16200   │   115740000   │ 200  │ 1440000  │ 0.2 │
│    5    │ 7.2 │ 7.2 │ 7.2 │ 7.2 │       │           │   19300   │   700   │  5040000  │ 138060000 │ 1674813360000 │ '2023-01-27T09:56:00.000Z' │  0   │ 100 │  0  │    0     │ Infinity │ 1038.1 │ 976.2 │  0  │      │ -700  │ -5040000  │   15500   │   110700000   │ 700  │ 5040000  │ 0.7 │
│    6    │ 7.2 │ 7.2 │ 7.2 │ 7.2 │       │           │   19900   │   600   │  4320000  │ 142380000 │ 1674814680000 │ '2023-01-27T10:18:00.000Z' │  0   │ 100 │  0  │    0     │ Infinity │ 1038.1 │ 976.2 │  0  │      │ -600  │ -4320000  │   14900   │   106380000   │ 600  │ 4320000  │ 0.6 │
│    7    │ 7.2 │ 7.2 │ 7.2 │ 7.2 │       │           │   23400   │  3500   │ 25200000  │ 167580000 │ 1674814800000 │ '2023-01-27T10:20:00.000Z' │  0   │ 100 │  0  │    0     │ Infinity │ 1038.1 │ 976.2 │  0  │      │ -3500 │ -25200000 │   11400   │   81180000    │ 3500 │ 25200000 │ 3.6 │
│    8    │ 7.2 │ 7.2 │ 7.2 │ 7.2 │       │           │   24700   │  1300   │  9360000  │ 176940000 │ 1674815280000 │ '2023-01-27T10:28:00.000Z' │  0   │ 100 │  0  │    0     │ Infinity │ 1038.1 │ 976.2 │  0  │      │ -1300 │ -9360000  │   10100   │   71820000    │ 1300 │ 9360000  │ 1.3 │
│    9    │ 7.2 │ 7.2 │ 7.2 │ 7.2 │       │           │   24900   │   200   │  1440000  │ 178380000 │ 1674816120000 │ '2023-01-27T10:42:00.000Z' │  0   │ 100 │  0  │    0     │ Infinity │ 1038.1 │ 976.2 │  0  │      │ -200  │ -1440000  │   9900    │   70380000    │ 200  │ 1440000  │ 0.2 │
│   10    │ 7.2 │ 7.2 │ 7.2 │ 7.2 │       │           │   25600   │   700   │  5040000  │ 183420000 │ 1674816360000 │ '2023-01-27T10:46:00.000Z' │  0   │ 100 │  0  │    0     │ Infinity │ 1038.1 │ 976.2 │  0  │      │ -700  │ -5040000  │   9200    │   65340000    │ 700  │ 5040000  │ 0.7 │
│   11    │ 7.2 │ 7.2 │ 7.2 │ 7.2 │       │           │   26100   │   500   │  3600000  │ 187020000 │ 1674817320000 │ '2023-01-27T11:02:00.000Z' │  0   │ 100 │  0  │    0     │ Infinity │ 1038.1 │ 976.2 │  0  │      │ -500  │ -3600000  │   8700    │   61740000    │ 500  │ 3600000  │ 0.5 │
│   12    │ 7.2 │ 7.2 │ 7.2 │ 7.2 │       │           │   26300   │   200   │  1440000  │ 188460000 │ 1674817560000 │ '2023-01-27T11:06:00.000Z' │  0   │ 100 │  0  │    0     │ Infinity │ 1038.1 │ 976.2 │  0  │      │ -200  │ -1440000  │   8500    │   60300000    │ 200  │ 1440000  │ 0.2 │
│   13    │ 7.2 │ 7.2 │ 7.2 │ 7.2 │       │           │   28300   │  2000   │ 14400000  │ 202860000 │ 1674818880000 │ '2023-01-27T11:28:00.000Z' │  0   │ 100 │  0  │    0     │ Infinity │ 1038.1 │ 976.2 │  0  │      │ -2000 │ -14400000 │   6500    │   45900000    │ 2000 │ 14400000 │  2  │
│   14    │ 7.2 │ 7.2 │ 7.2 │ 7.2 │       │           │   28700   │   400   │  2880000  │ 205740000 │ 1674824400000 │ '2023-01-27T13:00:00.000Z' │  0   │ 100 │  0  │    0     │ Infinity │ 1038.1 │ 976.2 │  0  │      │ -400  │ -2880000  │   6100    │   43020000    │ 400  │ 2880000  │ 0.4 │
│   15    │ 7.2 │ 7.2 │ 7.2 │ 7.2 │       │           │   28800   │   100   │  720000   │ 206460000 │ 1674824880000 │ '2023-01-27T13:08:00.000Z' │  0   │ 100 │  0  │    0     │ Infinity │ 1038.1 │ 976.2 │  0  │      │ -100  │  -720000  │   6000    │   42300000    │ 100  │  720000  │ 0.1 │
│   16    │ 7.2 │ 7.2 │ 7.2 │ 7.2 │       │           │   33400   │  4600   │ 33120000  │ 239580000 │ 1674825120000 │ '2023-01-27T13:12:00.000Z' │  0   │ 100 │  0  │    0     │ Infinity │ 1038.1 │ 976.2 │  0  │      │ -4600 │ -33120000 │   1400    │    9180000    │ 4600 │ 33120000 │ 4.7 │
│   17    │ 7.2 │ 7.2 │ 7.2 │ 7.2 │       │           │   35700   │  2300   │ 16560000  │ 256140000 │ 1674826680000 │ '2023-01-27T13:38:00.000Z' │  0   │ 100 │  0  │    0     │ Infinity │ 1038.1 │ 976.2 │  0  │      │ -2300 │ -16560000 │   -900    │   -7380000    │ 2300 │ 16560000 │ 2.4 │
│   18    │ 7.2 │ 7.2 │ 7.2 │ 7.2 │ 4400  │ 31680000  │   40100   │  4400   │ 31680000  │ 287820000 │ 1674827400000 │ '2023-01-27T13:50:00.000Z' │ 100  │  0  │  0  │ Infinity │    0     │ 1038.1 │ 976.2 │  0  │ 4.2  │ 4400  │ 31680000  │   3500    │   24300000    │      │          │     │
│   19    │ 7.2 │ 7.2 │ 7.2 │ 7.2 │       │           │   40500   │   400   │  2880000  │ 290700000 │ 1674827640000 │ '2023-01-27T13:54:00.000Z' │  0   │ 100 │  0  │    0     │ Infinity │ 1038.1 │ 976.2 │  0  │      │ -400  │ -2880000  │   3100    │   21420000    │ 400  │ 2880000  │ 0.4 │
│   20    │ 7.2 │ 7.2 │ 7.2 │ 7.2 │       │           │   42300   │  1800   │ 12960000  │ 303660000 │ 1674827880000 │ '2023-01-27T13:58:00.000Z' │  0   │ 100 │  0  │    0     │ Infinity │ 1038.1 │ 976.2 │  0  │      │ -1800 │ -12960000 │   1300    │    8460000    │ 1800 │ 12960000 │ 1.8 │
├─────────┼─────┼─────┼─────┼─────┼───────┼───────────┼───────────┼─────────┼───────────┼───────────┼───────────────┼────────────────────────────┼──────┼─────┼─────┼──────────┼──────────┼────────┼───────┼─────┼──────┼───────┼───────────┼───────────┼───────────────┼──────┼──────────┼─────┤
│ (index) │  c  │  h  │  l  │  o  │  bu   │  val_bu   │ total_vol │ sum_vol │    val    │ acum_val  │   datetime    │            date            │ pbu  │ psd │ puk │    bs    │    sb    │  abu   │  asd  │ auk │ rbu  │ bu-sd │ bu-sd_val │ acum_busd │ acum_busd_val │  sd  │  val_sd  │ rsd │
├─────────┼─────┼─────┼─────┼─────┼───────┼───────────┼───────────┼─────────┼───────────┼───────────┼───────────────┼────────────────────────────┼──────┼─────┼─────┼──────────┼──────────┼────────┼───────┼─────┼──────┼───────┼───────────┼───────────┼───────────────┼──────┼──────────┼─────┤
└─────────┴─────┴─────┴─────┴─────┴───────┴───────────┴───────────┴─────────┴───────────┴───────────┴───────────────┴────────────────────────────┴──────┴─────┴─────┴──────────┴──────────┴────────┴───────┴─────┴──────┴───────┴───────────┴───────────┴───────────────┴──────┴──────────┴─────┘

