┌─────────┬─────┬─────┬─────┬─────┬────────┬───────────┬───────────┬─────────┬───────────┬────────────┬───────────────┬────────────────────────────┬──────┬──────┬─────┬──────────┬──────────┬────────┬────────┬─────┬──────┬────────┬────────────┬───────────┬───────────────┬────────┬───────────┬─────┐
│ (index) │  c  │  h  │  l  │  o  │   sd   │  val_sd   │ total_vol │ sum_vol │    val    │  acum_val  │   datetime    │            date            │ pbu  │ psd  │ puk │    bs    │    sb    │  abu   │  asd   │ auk │ rsd  │ bu-sd  │ bu-sd_val  │ acum_busd │ acum_busd_val │   bu   │  val_bu   │ rbu │
├─────────┼─────┼─────┼─────┼─────┼────────┼───────────┼───────────┼─────────┼───────────┼────────────┼───────────────┼────────────────────────────┼──────┼──────┼─────┼──────────┼──────────┼────────┼────────┼─────┼──────┼────────┼────────────┼───────────┼───────────────┼────────┼───────────┼─────┤
│    0    │ 3.6 │ 3.6 │ 3.6 │ 3.6 │ 21600  │ 77760000  │   21600   │  21600  │ 77760000  │  77760000  │ 1674810000000 │ '2023-01-27T09:00:00.000Z' │  0   │ 100  │  0  │    0     │ Infinity │ 9293.5 │ 5576.1 │  0  │ 3.9  │ -21600 │ -77760000  │  -21600   │   -77760000   │        │           │     │
│    1    │ 3.6 │ 3.6 │ 3.6 │ 3.6 │  1100  │  3960000  │   22700   │  1100   │  3960000  │  81720000  │ 1674810600000 │ '2023-01-27T09:10:00.000Z' │  0   │ 100  │  0  │    0     │ Infinity │ 9293.5 │ 5576.1 │  0  │ 0.2  │ -1100  │  -3960000  │  -22700   │   -81720000   │        │           │     │
│    2    │ 3.7 │ 3.7 │ 3.7 │ 3.7 │        │           │   25100   │  2400   │  8880000  │  90600000  │ 1674810900000 │ '2023-01-27T09:15:00.000Z' │ 100  │  0   │  0  │ Infinity │    0     │ 9293.5 │ 5576.1 │  0  │      │  2400  │  8880000   │  -20300   │   -72840000   │  2400  │  8880000  │ 0.3 │
│    3    │ 3.7 │ 3.7 │ 3.7 │ 3.7 │        │           │   49400   │  24300  │ 89910000  │ 180510000  │ 1674811200000 │ '2023-01-27T09:20:00.000Z' │ 100  │  0   │  0  │ Infinity │    0     │ 9293.5 │ 5576.1 │  0  │      │ 24300  │  89910000  │   4000    │   17070000    │ 24300  │ 89910000  │ 2.6 │
│    4    │ 3.6 │ 3.6 │ 3.6 │ 3.6 │  3000  │ 10800000  │   52400   │  3000   │ 10800000  │ 191310000  │ 1674811500000 │ '2023-01-27T09:25:00.000Z' │  0   │ 100  │  0  │    0     │ Infinity │ 9293.5 │ 5576.1 │  0  │ 0.5  │ -3000  │ -10800000  │   1000    │    6270000    │        │           │     │
│    5    │ 3.7 │ 3.7 │ 3.6 │ 3.6 │  1000  │  3600000  │   63400   │  11000  │ 40600000  │ 231910000  │ 1674811800000 │ '2023-01-27T09:30:00.000Z' │ 90.9 │ 9.1  │  0  │    10    │   0.1    │ 9293.5 │ 5576.1 │  0  │ 0.2  │  9000  │  33400000  │   10000   │   39670000    │ 10000  │ 37000000  │ 1.1 │
│    6    │ 3.6 │ 3.6 │ 3.6 │ 3.6 │  2100  │  7560000  │   65500   │  2100   │  7560000  │ 239470000  │ 1674812100000 │ '2023-01-27T09:35:00.000Z' │  0   │ 100  │  0  │    0     │ Infinity │ 9293.5 │ 5576.1 │  0  │ 0.4  │ -2100  │  -7560000  │   7900    │   32110000    │        │           │     │
│    7    │ 3.7 │ 3.7 │ 3.6 │ 3.6 │  400   │  1440000  │   69400   │  3900   │ 14390000  │ 253860000  │ 1674812400000 │ '2023-01-27T09:40:00.000Z' │ 89.7 │ 10.3 │  0  │   8.8    │   0.1    │ 9293.5 │ 5576.1 │  0  │ 0.1  │  3100  │  11510000  │   11000   │   43620000    │  3500  │ 12950000  │ 0.4 │
│    8    │ 3.7 │ 3.7 │ 3.7 │ 3.7 │        │           │   79400   │  10000  │ 37000000  │ 290860000  │ 1674812700000 │ '2023-01-27T09:45:00.000Z' │ 100  │  0   │  0  │ Infinity │    0     │ 9293.5 │ 5576.1 │  0  │      │ 10000  │  37000000  │   21000   │   80620000    │ 10000  │ 37000000  │ 1.1 │
│    9    │ 3.7 │ 3.7 │ 3.6 │ 3.7 │  2000  │  7200000  │   87700   │  8300   │ 30510000  │ 321370000  │ 1674813000000 │ '2023-01-27T09:50:00.000Z' │ 75.9 │ 24.1 │  0  │   3.2    │   0.3    │ 9293.5 │ 5576.1 │  0  │ 0.4  │  4300  │  16110000  │   25300   │   96730000    │  6300  │ 23310000  │ 0.7 │
│   10    │ 3.7 │ 3.7 │ 3.6 │ 3.7 │  500   │  1800000  │   88900   │  1200   │  4390000  │ 325760000  │ 1674813300000 │ '2023-01-27T09:55:00.000Z' │ 58.3 │ 41.7 │  0  │   1.4    │   0.7    │ 9293.5 │ 5576.1 │  0  │ 0.1  │  200   │   790000   │   25500   │   97520000    │  700   │  2590000  │ 0.1 │
│   11    │ 3.7 │ 3.7 │ 3.7 │ 3.7 │        │           │   90100   │  1200   │  4440000  │ 330200000  │ 1674813600000 │ '2023-01-27T10:00:00.000Z' │ 100  │  0   │  0  │ Infinity │    0     │ 9293.5 │ 5576.1 │  0  │      │  1200  │  4440000   │   26700   │   101960000   │  1200  │  4440000  │ 0.1 │
│   12    │ 3.7 │ 3.7 │ 3.6 │ 3.7 │ 139000 │ 500400000 │  330900   │ 240800  │ 877060000 │ 1207260000 │ 1674814200000 │ '2023-01-27T10:10:00.000Z' │ 42.3 │ 57.7 │  0  │   0.7    │   1.4    │ 9293.5 │ 5576.1 │  0  │ 24.9 │ -37200 │ -123740000 │  -10500   │   -21780000   │ 101800 │ 376660000 │ 11  │
│   13    │ 3.7 │ 3.7 │ 3.6 │ 3.7 │  2000  │  7200000  │  333600   │  2700   │  9790000  │ 1217050000 │ 1674814500000 │ '2023-01-27T10:15:00.000Z' │ 25.9 │ 74.1 │  0  │   0.4    │   2.9    │ 9293.5 │ 5576.1 │  0  │ 0.4  │ -1300  │  -4610000  │  -11800   │   -26390000   │  700   │  2590000  │ 0.1 │
│   14    │ 3.7 │ 3.7 │ 3.7 │ 3.7 │        │           │  334100   │   500   │  1850000  │ 1218900000 │ 1674814800000 │ '2023-01-27T10:20:00.000Z' │ 100  │  0   │  0  │ Infinity │    0     │ 9293.5 │ 5576.1 │  0  │      │  500   │  1850000   │  -11300   │   -24540000   │  500   │  1850000  │ 0.1 │
│   15    │ 3.6 │ 3.7 │ 3.6 │ 3.7 │  5100  │ 18360000  │  355100   │  21000  │ 77190000  │ 1296090000 │ 1674815100000 │ '2023-01-27T10:25:00.000Z' │ 75.7 │ 24.3 │  0  │   3.1    │   0.3    │ 9293.5 │ 5576.1 │  0  │ 0.9  │ 10800  │  40470000  │   -500    │   15930000    │ 15900  │ 58830000  │ 1.7 │
│   16    │ 3.6 │ 3.6 │ 3.6 │ 3.6 │  1700  │  6120000  │  356800   │  1700   │  6120000  │ 1302210000 │ 1674815400000 │ '2023-01-27T10:30:00.000Z' │  0   │ 100  │  0  │    0     │ Infinity │ 9293.5 │ 5576.1 │  0  │ 0.3  │ -1700  │  -6120000  │   -2200   │    9810000    │        │           │     │
│   17    │ 3.7 │ 3.7 │ 3.7 │ 3.7 │        │           │  367200   │  10400  │ 38480000  │ 1340690000 │ 1674816000000 │ '2023-01-27T10:40:00.000Z' │ 100  │  0   │  0  │ Infinity │    0     │ 9293.5 │ 5576.1 │  0  │      │ 10400  │  38480000  │   8200    │   48290000    │ 10400  │ 38480000  │ 1.1 │
│   18    │ 3.7 │ 3.7 │ 3.7 │ 3.7 │        │           │  367300   │   100   │  370000   │ 1341060000 │ 1674816300000 │ '2023-01-27T10:45:00.000Z' │ 100  │  0   │  0  │ Infinity │    0     │ 9293.5 │ 5576.1 │  0  │      │  100   │   370000   │   8300    │   48660000    │  100   │  370000   │  0  │
│   19    │ 3.7 │ 3.7 │ 3.7 │ 3.7 │        │           │  370100   │  2800   │ 10360000  │ 1351420000 │ 1674816600000 │ '2023-01-27T10:50:00.000Z' │ 100  │  0   │  0  │ Infinity │    0     │ 9293.5 │ 5576.1 │  0  │      │  2800  │  10360000  │   11100   │   59020000    │  2800  │ 10360000  │ 0.3 │
│   20    │ 3.7 │ 3.7 │ 3.6 │ 3.7 │  1700  │  6120000  │  388800   │  18700  │ 69020000  │ 1420440000 │ 1674816900000 │ '2023-01-27T10:55:00.000Z' │ 90.9 │ 9.1  │  0  │    10    │   0.1    │ 9293.5 │ 5576.1 │  0  │ 0.3  │ 15300  │  56780000  │   26400   │   115800000   │ 17000  │ 62900000  │ 1.8 │
├─────────┼─────┼─────┼─────┼─────┼────────┼───────────┼───────────┼─────────┼───────────┼────────────┼───────────────┼────────────────────────────┼──────┼──────┼─────┼──────────┼──────────┼────────┼────────┼─────┼──────┼────────┼────────────┼───────────┼───────────────┼────────┼───────────┼─────┤
│ (index) │  c  │  h  │  l  │  o  │   sd   │  val_sd   │ total_vol │ sum_vol │    val    │  acum_val  │   datetime    │            date            │ pbu  │ psd  │ puk │    bs    │    sb    │  abu   │  asd   │ auk │ rsd  │ bu-sd  │ bu-sd_val  │ acum_busd │ acum_busd_val │   bu   │  val_bu   │ rbu │
├─────────┼─────┼─────┼─────┼─────┼────────┼───────────┼───────────┼─────────┼───────────┼────────────┼───────────────┼────────────────────────────┼──────┼──────┼─────┼──────────┼──────────┼────────┼────────┼─────┼──────┼────────┼────────────┼───────────┼───────────────┼────────┼───────────┼─────┤
│   21    │ 3.6 │ 3.7 │ 3.6 │ 3.7 │  100   │  360000   │  389000   │   200   │  730000   │ 1421170000 │ 1674817200000 │ '2023-01-27T11:00:00.000Z' │  50  │  50  │  0  │    1     │    1     │ 9293.5 │ 5576.1 │  0  │  0   │   0    │   10000    │   26400   │   115810000   │  100   │  370000   │  0  │
│   22    │ 3.7 │ 3.7 │ 3.7 │ 3.7 │        │           │  440000   │  51000  │ 188700000 │ 1609870000 │ 1674817500000 │ '2023-01-27T11:05:00.000Z' │ 100  │  0   │  0  │ Infinity │    0     │ 9293.5 │ 5576.1 │  0  │      │ 51000  │ 188700000  │   77400   │   304510000   │ 51000  │ 188700000 │ 5.5 │
│   23    │ 3.7 │ 3.7 │ 3.7 │ 3.7 │        │           │  458100   │  18100  │ 66970000  │ 1676840000 │ 1674817800000 │ '2023-01-27T11:10:00.000Z' │ 100  │  0   │  0  │ Infinity │    0     │ 9293.5 │ 5576.1 │  0  │      │ 18100  │  66970000  │   95500   │   371480000   │ 18100  │ 66970000  │ 1.9 │
│   24    │ 3.7 │ 3.7 │ 3.7 │ 3.7 │        │           │  476500   │  18400  │ 68080000  │ 1744920000 │ 1674818100000 │ '2023-01-27T11:15:00.000Z' │ 100  │  0   │  0  │ Infinity │    0     │ 9293.5 │ 5576.1 │  0  │      │ 18400  │  68080000  │  113900   │   439560000   │ 18400  │ 68080000  │  2  │
│   25    │ 3.7 │ 3.7 │ 3.7 │ 3.7 │        │           │  483200   │  6700   │ 24790000  │ 1769710000 │ 1674818400000 │ '2023-01-27T11:20:00.000Z' │ 100  │  0   │  0  │ Infinity │    0     │ 9293.5 │ 5576.1 │  0  │      │  6700  │  24790000  │  120600   │   464350000   │  6700  │ 24790000  │ 0.7 │
│   26    │ 3.7 │ 3.7 │ 3.6 │ 3.6 │ 21000  │ 75600000  │  508400   │  25200  │ 91140000  │ 1860850000 │ 1674818700000 │ '2023-01-27T11:25:00.000Z' │ 16.7 │ 83.3 │  0  │   0.2    │    5     │ 9293.5 │ 5576.1 │  0  │ 3.8  │ -16800 │ -60060000  │  103800   │   404290000   │  4200  │ 15540000  │ 0.5 │
│   27    │ 3.7 │ 3.7 │ 3.7 │ 3.7 │        │           │  520300   │  11900  │ 44030000  │ 1904880000 │ 1674824400000 │ '2023-01-27T13:00:00.000Z' │ 100  │  0   │  0  │ Infinity │    0     │ 9293.5 │ 5576.1 │  0  │      │ 11900  │  44030000  │  115700   │   448320000   │ 11900  │ 44030000  │ 1.3 │
│   28    │ 3.7 │ 3.7 │ 3.7 │ 3.7 │        │           │  521800   │  1500   │  5550000  │ 1910430000 │ 1674824700000 │ '2023-01-27T13:05:00.000Z' │ 100  │  0   │  0  │ Infinity │    0     │ 9293.5 │ 5576.1 │  0  │      │  1500  │  5550000   │  117200   │   453870000   │  1500  │  5550000  │ 0.2 │
│   29    │ 3.7 │ 3.7 │ 3.7 │ 3.7 │        │           │  524300   │  2500   │  9250000  │ 1919680000 │ 1674825000000 │ '2023-01-27T13:10:00.000Z' │ 100  │  0   │  0  │ Infinity │    0     │ 9293.5 │ 5576.1 │  0  │      │  2500  │  9250000   │  119700   │   463120000   │  2500  │  9250000  │ 0.3 │
│   30    │ 3.6 │ 3.7 │ 3.6 │ 3.7 │  400   │  1440000  │  530200   │  5900   │ 21790000  │ 1941470000 │ 1674825300000 │ '2023-01-27T13:15:00.000Z' │ 93.2 │ 6.8  │  0  │   13.8   │   0.1    │ 9293.5 │ 5576.1 │  0  │ 0.1  │  5100  │  18910000  │  124800   │   482030000   │  5500  │ 20350000  │ 0.6 │
│   31    │ 3.7 │ 3.7 │ 3.6 │ 3.6 │ 31800  │ 114480000 │  562100   │  31900  │ 114850000 │ 2056320000 │ 1674825600000 │ '2023-01-27T13:20:00.000Z' │ 0.3  │ 99.7 │  0  │    0     │   318    │ 9293.5 │ 5576.1 │  0  │ 5.7  │ -31700 │ -114110000 │   93100   │   367920000   │  100   │  370000   │  0  │
│   32    │ 3.7 │ 3.7 │ 3.7 │ 3.7 │        │           │  582600   │  20500  │ 75850000  │ 2132170000 │ 1674825900000 │ '2023-01-27T13:25:00.000Z' │ 100  │  0   │  0  │ Infinity │    0     │ 9293.5 │ 5576.1 │  0  │      │ 20500  │  75850000  │  113600   │   443770000   │ 20500  │ 75850000  │ 2.2 │
│   33    │ 3.7 │ 3.7 │ 3.6 │ 3.6 │  2000  │  7200000  │  584800   │  2200   │  7940000  │ 2140110000 │ 1674826200000 │ '2023-01-27T13:30:00.000Z' │ 9.1  │ 90.9 │  0  │   0.1    │    10    │ 9293.5 │ 5576.1 │  0  │ 0.4  │ -1800  │  -6460000  │  111800   │   437310000   │  200   │  740000   │  0  │
│   34    │ 3.7 │ 3.7 │ 3.7 │ 3.7 │        │           │  596800   │  12000  │ 44400000  │ 2184510000 │ 1674826500000 │ '2023-01-27T13:35:00.000Z' │ 100  │  0   │  0  │ Infinity │    0     │ 9293.5 │ 5576.1 │  0  │      │ 12000  │  44400000  │  123800   │   481710000   │ 12000  │ 44400000  │ 1.3 │
│   35    │ 3.7 │ 3.7 │ 3.6 │ 3.7 │  3000  │ 10800000  │  604900   │  8100   │ 29670000  │ 2214180000 │ 1674826800000 │ '2023-01-27T13:40:00.000Z' │  63  │  37  │  0  │   1.7    │   0.6    │ 9293.5 │ 5576.1 │  0  │ 0.5  │  2100  │  8070000   │  125900   │   489780000   │  5100  │ 18870000  │ 0.5 │
│   36    │ 3.7 │ 3.7 │ 3.6 │ 3.7 │  100   │  360000   │  625800   │  20900  │ 77320000  │ 2291500000 │ 1674827100000 │ '2023-01-27T13:45:00.000Z' │ 99.5 │ 0.5  │  0  │   208    │    0     │ 9293.5 │ 5576.1 │  0  │  0   │ 20700  │  76600000  │  146600   │   566380000   │ 20800  │ 76960000  │ 2.2 │
│   37    │ 3.7 │ 3.7 │ 3.6 │ 3.7 │  100   │  360000   │  637100   │  11300  │ 41800000  │ 2333300000 │ 1674827400000 │ '2023-01-27T13:50:00.000Z' │ 99.1 │ 0.9  │  0  │   112    │    0     │ 9293.5 │ 5576.1 │  0  │  0   │ 11100  │  41080000  │  157700   │   607460000   │ 11200  │ 41440000  │ 1.2 │
│   38    │ 3.7 │ 3.7 │ 3.7 │ 3.7 │        │           │  637700   │   600   │  2220000  │ 2335520000 │ 1674827700000 │ '2023-01-27T13:55:00.000Z' │ 100  │  0   │  0  │ Infinity │    0     │ 9293.5 │ 5576.1 │  0  │      │  600   │  2220000   │  158300   │   609680000   │  600   │  2220000  │ 0.1 │
│   39    │ 3.7 │ 3.7 │ 3.7 │ 3.7 │        │           │  638400   │   700   │  2590000  │ 2338110000 │ 1674828000000 │ '2023-01-27T14:00:00.000Z' │ 100  │  0   │  0  │ Infinity │    0     │ 9293.5 │ 5576.1 │  0  │      │  700   │  2590000   │  159000   │   612270000   │  700   │  2590000  │ 0.1 │
│   40    │ 3.6 │ 3.7 │ 3.6 │ 3.7 │  100   │  360000   │  639200   │   800   │  2950000  │ 2341060000 │ 1674828300000 │ '2023-01-27T14:05:00.000Z' │ 87.5 │ 12.5 │  0  │    7     │   0.1    │ 9293.5 │ 5576.1 │  0  │  0   │  600   │  2230000   │  159600   │   614500000   │  700   │  2590000  │ 0.1 │
├─────────┼─────┼─────┼─────┼─────┼────────┼───────────┼───────────┼─────────┼───────────┼────────────┼───────────────┼────────────────────────────┼──────┼──────┼─────┼──────────┼──────────┼────────┼────────┼─────┼──────┼────────┼────────────┼───────────┼───────────────┼────────┼───────────┼─────┤
│ (index) │  c  │  h  │  l  │  o  │   sd   │  val_sd   │ total_vol │ sum_vol │    val    │  acum_val  │   datetime    │            date            │ pbu  │ psd  │ puk │    bs    │    sb    │  abu   │  asd   │ auk │ rsd  │ bu-sd  │ bu-sd_val  │ acum_busd │ acum_busd_val │   bu   │  val_bu   │ rbu │
├─────────┼─────┼─────┼─────┼─────┼────────┼───────────┼───────────┼─────────┼───────────┼────────────┼───────────────┼────────────────────────────┼──────┼──────┼─────┼──────────┼──────────┼────────┼────────┼─────┼──────┼────────┼────────────┼───────────┼───────────────┼────────┼───────────┼─────┤
│   41    │ 3.7 │ 3.7 │ 3.7 │ 3.7 │        │           │  642300   │  3100   │ 11470000  │ 2352530000 │ 1674828600000 │ '2023-01-27T14:10:00.000Z' │ 100  │  0   │  0  │ Infinity │    0     │ 9293.5 │ 5576.1 │  0  │      │  3100  │  11470000  │  162700   │   625970000   │  3100  │ 11470000  │ 0.3 │
│   42    │ 3.7 │ 3.7 │ 3.7 │ 3.7 │        │           │  649000   │  6700   │ 24790000  │ 2377320000 │ 1674828900000 │ '2023-01-27T14:15:00.000Z' │ 100  │  0   │  0  │ Infinity │    0     │ 9293.5 │ 5576.1 │  0  │      │  6700  │  24790000  │  169400   │   650760000   │  6700  │ 24790000  │ 0.7 │
│   43    │ 3.6 │ 3.7 │ 3.6 │ 3.7 │  800   │  2880000  │  653000   │  4000   │ 14720000  │ 2392040000 │ 1674829200000 │ '2023-01-27T14:20:00.000Z' │  80  │  20  │  0  │    4     │   0.3    │ 9293.5 │ 5576.1 │  0  │ 0.1  │  2400  │  8960000   │  171800   │   659720000   │  3200  │ 11840000  │ 0.3 │
│   44    │ 3.7 │ 3.7 │ 3.6 │ 3.6 │  1600  │  5760000  │  669700   │  16700  │ 61630000  │ 2453670000 │ 1674829500000 │ '2023-01-27T14:25:00.000Z' │ 90.4 │ 9.6  │  0  │   9.4    │   0.1    │ 9293.5 │ 5576.1 │  0  │ 0.3  │ 13500  │  50110000  │  185300   │   709830000   │ 15100  │ 55870000  │ 1.6 │
│   45    │ 3.6 │ 3.6 │ 3.6 │ 3.6 │ 14300  │ 51480000  │  684000   │  14300  │ 51480000  │ 2505150000 │ 1674830700000 │ '2023-01-27T14:45:00.000Z' │  0   │ 100  │  0  │    0     │ Infinity │ 9293.5 │ 5576.1 │  0  │ 2.6  │ -14300 │ -51480000  │  171000   │   658350000   │        │           │     │
└─────────┴─────┴─────┴─────┴─────┴────────┴───────────┴───────────┴─────────┴───────────┴────────────┴───────────────┴────────────────────────────┴──────┴──────┴─────┴──────────┴──────────┴────────┴────────┴─────┴──────┴────────┴────────────┴───────────┴───────────────┴────────┴───────────┴─────┘

