┌─────────┬─────┬─────┬─────┬─────┬───────┬──────────┬───────────┬─────────┬──────────┬──────────┬──────┬─────────┬───────────────┬────────────────────────────┬─────┬──────┬─────┬──────────┬──────────┬───────┬──────┬─────┬─────┬─────┬────────┬───────────┬───────────┬───────────────┐
│ (index) │  c  │  h  │  l  │  o  │  sd   │  val_sd  │ total_vol │ sum_vol │   val    │ acum_val │  bu  │ val_bu  │   datetime    │            date            │ pbu │ psd  │ puk │    bs    │    sb    │  abu  │ asd  │ auk │ rsd │ rbu │ bu-sd  │ bu-sd_val │ acum_busd │ acum_busd_val │
├─────────┼─────┼─────┼─────┼─────┼───────┼──────────┼───────────┼─────────┼──────────┼──────────┼──────┼─────────┼───────────────┼────────────────────────────┼─────┼──────┼─────┼──────────┼──────────┼───────┼──────┼─────┼─────┼─────┼────────┼───────────┼───────────┼───────────────┤
│    0    │ 0.7 │ 0.7 │ 0.6 │ 0.6 │ 5800  │ 3480000  │   5900    │  5900   │ 3550000  │ 3550000  │ 100  │  70000  │ 1674810000000 │ '2023-01-27T09:00:00.000Z' │ 1.7 │ 98.3 │  0  │    0     │    58    │ 362.5 │ 6050 │  0  │  1  │ 0.3 │ -5700  │ -3410000  │   -5700   │   -3410000    │
│    1    │ 0.6 │ 0.6 │ 0.6 │ 0.6 │ 21200 │ 12720000 │   27100   │  21200  │ 12720000 │ 16270000 │      │         │ 1674811800000 │ '2023-01-27T09:30:00.000Z' │  0  │ 100  │  0  │    0     │ Infinity │ 362.5 │ 6050 │  0  │ 3.5 │     │ -21200 │ -12720000 │  -26900   │   -16130000   │
│    2    │ 0.6 │ 0.6 │ 0.6 │ 0.6 │ 8900  │ 5340000  │   36000   │  8900   │ 5340000  │ 21610000 │      │         │ 1674812400000 │ '2023-01-27T09:40:00.000Z' │  0  │ 100  │  0  │    0     │ Infinity │ 362.5 │ 6050 │  0  │ 1.5 │     │ -8900  │ -5340000  │  -35800   │   -21470000   │
│    3    │ 0.6 │ 0.6 │ 0.6 │ 0.6 │  600  │  360000  │   36600   │   600   │  360000  │ 21970000 │      │         │ 1674813600000 │ '2023-01-27T10:00:00.000Z' │  0  │ 100  │  0  │    0     │ Infinity │ 362.5 │ 6050 │  0  │ 0.1 │     │  -600  │  -360000  │  -36400   │   -21830000   │
│    4    │ 0.6 │ 0.6 │ 0.6 │ 0.6 │ 20900 │ 12540000 │   57500   │  20900  │ 12540000 │ 34510000 │      │         │ 1674813900000 │ '2023-01-27T10:05:00.000Z' │  0  │ 100  │  0  │    0     │ Infinity │ 362.5 │ 6050 │  0  │ 3.5 │     │ -20900 │ -12540000 │  -57300   │   -34370000   │
│    5    │ 0.6 │ 0.6 │ 0.6 │ 0.6 │ 25000 │ 15000000 │   82500   │  25000  │ 15000000 │ 49510000 │      │         │ 1674814500000 │ '2023-01-27T10:15:00.000Z' │  0  │ 100  │  0  │    0     │ Infinity │ 362.5 │ 6050 │  0  │ 4.1 │     │ -25000 │ -15000000 │  -82300   │   -49370000   │
│    6    │ 0.6 │ 0.6 │ 0.6 │ 0.6 │  600  │  360000  │   83100   │   600   │  360000  │ 49870000 │      │         │ 1674815700000 │ '2023-01-27T10:35:00.000Z' │  0  │ 100  │  0  │    0     │ Infinity │ 362.5 │ 6050 │  0  │ 0.1 │     │  -600  │  -360000  │  -82900   │   -49730000   │
│    7    │ 0.6 │ 0.6 │ 0.6 │ 0.6 │  400  │  240000  │   83500   │   400   │  240000  │ 50110000 │      │         │ 1674816000000 │ '2023-01-27T10:40:00.000Z' │  0  │ 100  │  0  │    0     │ Infinity │ 362.5 │ 6050 │  0  │ 0.1 │     │  -400  │  -240000  │  -83300   │   -49970000   │
│    8    │ 0.6 │ 0.6 │ 0.6 │ 0.6 │ 4900  │ 2940000  │   88400   │  4900   │ 2940000  │ 53050000 │      │         │ 1674816300000 │ '2023-01-27T10:45:00.000Z' │  0  │ 100  │  0  │    0     │ Infinity │ 362.5 │ 6050 │  0  │ 0.8 │     │ -4900  │ -2940000  │  -88200   │   -52910000   │
│    9    │ 0.6 │ 0.6 │ 0.6 │ 0.6 │ 4500  │ 2700000  │   92900   │  4500   │ 2700000  │ 55750000 │      │         │ 1674816900000 │ '2023-01-27T10:55:00.000Z' │  0  │ 100  │  0  │    0     │ Infinity │ 362.5 │ 6050 │  0  │ 0.7 │     │ -4500  │ -2700000  │  -92700   │   -55610000   │
│   10    │ 0.6 │ 0.6 │ 0.6 │ 0.6 │ 3100  │ 1860000  │   96000   │  3100   │ 1860000  │ 57610000 │      │         │ 1674817200000 │ '2023-01-27T11:00:00.000Z' │  0  │ 100  │  0  │    0     │ Infinity │ 362.5 │ 6050 │  0  │ 0.5 │     │ -3100  │ -1860000  │  -95800   │   -57470000   │
│   11    │ 0.7 │ 0.7 │ 0.7 │ 0.7 │       │          │   98200   │  2200   │ 1540000  │ 59150000 │ 2200 │ 1540000 │ 1674828000000 │ '2023-01-27T14:00:00.000Z' │ 100 │  0   │  0  │ Infinity │    0     │ 362.5 │ 6050 │  0  │     │ 6.1 │  2200  │  1540000  │  -93600   │   -55930000   │
│   12    │ 0.7 │ 0.7 │ 0.7 │ 0.7 │       │          │   98800   │   600   │  420000  │ 59570000 │ 600  │ 420000  │ 1674829200000 │ '2023-01-27T14:20:00.000Z' │ 100 │  0   │  0  │ Infinity │    0     │ 362.5 │ 6050 │  0  │     │ 1.7 │  600   │  420000   │  -93000   │   -55510000   │
│   13    │ 0.7 │ 0.7 │ 0.7 │ 0.7 │       │          │   99900   │  1100   │  770000  │ 60340000 │ 1100 │ 770000  │ 1674829800000 │ '2023-01-27T14:30:00.000Z' │ 100 │  0   │  0  │ Infinity │    0     │ 362.5 │ 6050 │  0  │     │  3  │  1100  │  770000   │  -91900   │   -54740000   │
│   14    │ 0.7 │ 0.7 │ 0.7 │ 0.7 │       │          │  101700   │  1800   │ 1260000  │ 61600000 │ 1800 │ 1260000 │ 1674830100000 │ '2023-01-27T14:35:00.000Z' │ 100 │  0   │  0  │ Infinity │    0     │ 362.5 │ 6050 │  0  │     │  5  │  1800  │  1260000  │  -90100   │   -53480000   │
│   15    │ 0.6 │ 0.6 │ 0.6 │ 0.6 │  900  │  540000  │  102600   │   900   │  540000  │ 62140000 │      │         │ 1674831300000 │ '2023-01-27T14:55:00.000Z' │  0  │ 100  │  0  │    0     │ Infinity │ 362.5 │ 6050 │  0  │ 0.1 │     │  -900  │  -540000  │  -91000   │   -54020000   │
└─────────┴─────┴─────┴─────┴─────┴───────┴──────────┴───────────┴─────────┴──────────┴──────────┴──────┴─────────┴───────────────┴────────────────────────────┴─────┴──────┴─────┴──────────┴──────────┴───────┴──────┴─────┴─────┴─────┴────────┴───────────┴───────────┴───────────────┘

