┌─────────┬─────┬─────┬─────┬─────┬───────┬──────────┬───────────┬─────────┬──────────┬───────────┬───────┬──────────┬───────────────┬────────────────────────────┬──────┬──────┬─────┬──────────┬──────────┬────────┬────────┬─────┬─────┬──────┬────────┬───────────┬───────────┬───────────────┐
│ (index) │  c  │  h  │  l  │  o  │  sd   │  val_sd  │ total_vol │ sum_vol │   val    │ acum_val  │  bu   │  val_bu  │   datetime    │            date            │ pbu  │ psd  │ puk │    bs    │    sb    │  abu   │  asd   │ auk │ rsd │ rbu  │ bu-sd  │ bu-sd_val │ acum_busd │ acum_busd_val │
├─────────┼─────┼─────┼─────┼─────┼───────┼──────────┼───────────┼─────────┼──────────┼───────────┼───────┼──────────┼───────────────┼────────────────────────────┼──────┼──────┼─────┼──────────┼──────────┼────────┼────────┼─────┼─────┼──────┼────────┼───────────┼───────────┼───────────────┤
│    0    │ 3.2 │ 3.2 │ 3.1 │ 3.1 │  100  │  310000  │   3100    │  3100   │ 9910000  │  9910000  │ 3000  │ 9600000  │ 1674810000000 │ '2023-01-27T09:00:00.000Z' │ 96.8 │ 3.2  │  0  │    30    │    0     │ 2096.9 │ 2228.1 │  0  │  0  │ 1.4  │  2900  │  9290000  │   2900    │    9290000    │
│    1    │ 3.2 │ 3.2 │ 3.2 │ 3.2 │ 16700 │ 53440000 │   20800   │  17700  │ 56640000 │ 66550000  │ 1000  │ 3200000  │ 1674810600000 │ '2023-01-27T09:10:00.000Z' │ 5.6  │ 94.4 │  0  │   0.1    │   16.7   │ 2096.9 │ 2228.1 │  0  │ 7.5 │ 0.5  │ -15700 │ -50240000 │  -12800   │   -40950000   │
│    2    │ 3.3 │ 3.3 │ 3.3 │ 3.3 │       │          │   30800   │  10000  │ 33000000 │ 99550000  │ 10000 │ 33000000 │ 1674810900000 │ '2023-01-27T09:15:00.000Z' │ 100  │  0   │  0  │ Infinity │    0     │ 2096.9 │ 2228.1 │  0  │     │ 4.8  │ 10000  │ 33000000  │   -2800   │   -7950000    │
│    3    │ 3.3 │ 3.3 │ 3.2 │ 3.2 │  100  │  320000  │   34000   │  3200   │ 10550000 │ 110100000 │ 3100  │ 10230000 │ 1674811200000 │ '2023-01-27T09:20:00.000Z' │ 96.9 │ 3.1  │  0  │    31    │    0     │ 2096.9 │ 2228.1 │  0  │  0  │ 1.5  │  3000  │  9910000  │    200    │    1960000    │
│    4    │ 3.3 │ 3.3 │ 3.3 │ 3.3 │ 3300  │ 10890000 │   61800   │  27800  │ 91740000 │ 201840000 │ 24500 │ 80850000 │ 1674811500000 │ '2023-01-27T09:25:00.000Z' │ 88.1 │ 11.9 │  0  │   7.4    │   0.1    │ 2096.9 │ 2228.1 │  0  │ 1.5 │ 11.7 │ 21200  │ 69960000  │   21400   │   71920000    │
│    5    │ 3.3 │ 3.4 │ 3.3 │ 3.4 │ 20200 │ 66660000 │   82100   │  20300  │ 67000000 │ 268840000 │  100  │  340000  │ 1674811800000 │ '2023-01-27T09:30:00.000Z' │ 0.5  │ 99.5 │  0  │    0     │   202    │ 2096.9 │ 2228.1 │  0  │ 9.1 │  0   │ -20100 │ -66320000 │   1300    │    5600000    │
│    6    │ 3.3 │ 3.3 │ 3.3 │ 3.3 │ 1600  │ 5280000  │   85600   │  3500   │ 11550000 │ 280390000 │ 1900  │ 6270000  │ 1674812100000 │ '2023-01-27T09:35:00.000Z' │ 54.3 │ 45.7 │  0  │   1.2    │   0.8    │ 2096.9 │ 2228.1 │  0  │ 0.7 │ 0.9  │  300   │  990000   │   1600    │    6590000    │
│    7    │ 3.3 │ 3.3 │ 3.3 │ 3.3 │       │          │   85800   │   200   │  660000  │ 281050000 │  200  │  660000  │ 1674812400000 │ '2023-01-27T09:40:00.000Z' │ 100  │  0   │  0  │ Infinity │    0     │ 2096.9 │ 2228.1 │  0  │     │ 0.1  │  200   │  660000   │   1800    │    7250000    │
│    8    │ 3.3 │ 3.3 │ 3.3 │ 3.3 │       │          │   87600   │  1800   │ 5940000  │ 286990000 │ 1800  │ 5940000  │ 1674812700000 │ '2023-01-27T09:45:00.000Z' │ 100  │  0   │  0  │ Infinity │    0     │ 2096.9 │ 2228.1 │  0  │     │ 0.9  │  1800  │  5940000  │   3600    │   13190000    │
│    9    │ 3.3 │ 3.3 │ 3.3 │ 3.3 │       │          │   88200   │   600   │ 1980000  │ 288970000 │  600  │ 1980000  │ 1674813000000 │ '2023-01-27T09:50:00.000Z' │ 100  │  0   │  0  │ Infinity │    0     │ 2096.9 │ 2228.1 │  0  │     │ 0.3  │  600   │  1980000  │   4200    │   15170000    │
│   10    │ 3.2 │ 3.2 │ 3.2 │ 3.2 │  100  │  320000  │   88300   │   100   │  320000  │ 289290000 │       │          │ 1674813900000 │ '2023-01-27T10:05:00.000Z' │  0   │ 100  │  0  │    0     │ Infinity │ 2096.9 │ 2228.1 │  0  │  0  │      │  -100  │  -320000  │   4100    │   14850000    │
│   11    │ 3.2 │ 3.2 │ 3.2 │ 3.2 │ 1700  │ 5440000  │   90000   │  1700   │ 5440000  │ 294730000 │       │          │ 1674814200000 │ '2023-01-27T10:10:00.000Z' │  0   │ 100  │  0  │    0     │ Infinity │ 2096.9 │ 2228.1 │  0  │ 0.8 │      │ -1700  │ -5440000  │   2400    │    9410000    │
│   12    │ 3.2 │ 3.2 │ 3.2 │ 3.2 │ 5000  │ 16000000 │   95000   │  5000   │ 16000000 │ 310730000 │       │          │ 1674814500000 │ '2023-01-27T10:15:00.000Z' │  0   │ 100  │  0  │    0     │ Infinity │ 2096.9 │ 2228.1 │  0  │ 2.2 │      │ -5000  │ -16000000 │   -2600   │   -6590000    │
│   13    │ 3.2 │ 3.2 │ 3.2 │ 3.2 │  700  │ 2240000  │   95700   │   700   │ 2240000  │ 312970000 │       │          │ 1674816000000 │ '2023-01-27T10:40:00.000Z' │  0   │ 100  │  0  │    0     │ Infinity │ 2096.9 │ 2228.1 │  0  │ 0.3 │      │  -700  │ -2240000  │   -3300   │   -8830000    │
│   14    │ 3.2 │ 3.2 │ 3.2 │ 3.2 │ 1000  │ 3200000  │   96700   │  1000   │ 3200000  │ 316170000 │       │          │ 1674816300000 │ '2023-01-27T10:45:00.000Z' │  0   │ 100  │  0  │    0     │ Infinity │ 2096.9 │ 2228.1 │  0  │ 0.4 │      │ -1000  │ -3200000  │   -4300   │   -12030000   │
│   15    │ 3.2 │ 3.2 │ 3.2 │ 3.2 │  100  │  320000  │   96800   │   100   │  320000  │ 316490000 │       │          │ 1674816900000 │ '2023-01-27T10:55:00.000Z' │  0   │ 100  │  0  │    0     │ Infinity │ 2096.9 │ 2228.1 │  0  │  0  │      │  -100  │  -320000  │   -4400   │   -12350000   │
│   16    │ 3.2 │ 3.2 │ 3.2 │ 3.2 │ 2100  │ 6720000  │   98900   │  2100   │ 6720000  │ 323210000 │       │          │ 1674817200000 │ '2023-01-27T11:00:00.000Z' │  0   │ 100  │  0  │    0     │ Infinity │ 2096.9 │ 2228.1 │  0  │ 0.9 │      │ -2100  │ -6720000  │   -6500   │   -19070000   │
│   17    │ 3.3 │ 3.3 │ 3.3 │ 3.3 │       │          │   99200   │   300   │  990000  │ 324200000 │  300  │  990000  │ 1674817800000 │ '2023-01-27T11:10:00.000Z' │ 100  │  0   │  0  │ Infinity │    0     │ 2096.9 │ 2228.1 │  0  │     │ 0.1  │  300   │  990000   │   -6200   │   -18080000   │
│   18    │ 3.3 │ 3.3 │ 3.3 │ 3.3 │       │          │  101300   │  2100   │ 6930000  │ 331130000 │ 2100  │ 6930000  │ 1674818400000 │ '2023-01-27T11:20:00.000Z' │ 100  │  0   │  0  │ Infinity │    0     │ 2096.9 │ 2228.1 │  0  │     │  1   │  2100  │  6930000  │   -4100   │   -11150000   │
│   19    │ 3.3 │ 3.3 │ 3.3 │ 3.3 │       │          │  102000   │   700   │ 2310000  │ 333440000 │  700  │ 2310000  │ 1674824400000 │ '2023-01-27T13:00:00.000Z' │ 100  │  0   │  0  │ Infinity │    0     │ 2096.9 │ 2228.1 │  0  │     │ 0.3  │  700   │  2310000  │   -3400   │   -8840000    │
│   20    │ 3.3 │ 3.3 │ 3.3 │ 3.3 │       │          │  102100   │   100   │  330000  │ 333770000 │  100  │  330000  │ 1674825000000 │ '2023-01-27T13:10:00.000Z' │ 100  │  0   │  0  │ Infinity │    0     │ 2096.9 │ 2228.1 │  0  │     │  0   │  100   │  330000   │   -3300   │   -8510000    │
├─────────┼─────┼─────┼─────┼─────┼───────┼──────────┼───────────┼─────────┼──────────┼───────────┼───────┼──────────┼───────────────┼────────────────────────────┼──────┼──────┼─────┼──────────┼──────────┼────────┼────────┼─────┼─────┼──────┼────────┼───────────┼───────────┼───────────────┤
│ (index) │  c  │  h  │  l  │  o  │  sd   │  val_sd  │ total_vol │ sum_vol │   val    │ acum_val  │  bu   │  val_bu  │   datetime    │            date            │ pbu  │ psd  │ puk │    bs    │    sb    │  abu   │  asd   │ auk │ rsd │ rbu  │ bu-sd  │ bu-sd_val │ acum_busd │ acum_busd_val │
├─────────┼─────┼─────┼─────┼─────┼───────┼──────────┼───────────┼─────────┼──────────┼───────────┼───────┼──────────┼───────────────┼────────────────────────────┼──────┼──────┼─────┼──────────┼──────────┼────────┼────────┼─────┼─────┼──────┼────────┼───────────┼───────────┼───────────────┤
│   21    │ 3.2 │ 3.2 │ 3.2 │ 3.2 │ 1000  │ 3200000  │  103100   │  1000   │ 3200000  │ 336970000 │       │          │ 1674825300000 │ '2023-01-27T13:15:00.000Z' │  0   │ 100  │  0  │    0     │ Infinity │ 2096.9 │ 2228.1 │  0  │ 0.4 │      │ -1000  │ -3200000  │   -4300   │   -11710000   │
│   22    │ 3.2 │ 3.2 │ 3.2 │ 3.2 │  100  │  320000  │  103200   │   100   │  320000  │ 337290000 │       │          │ 1674825900000 │ '2023-01-27T13:25:00.000Z' │  0   │ 100  │  0  │    0     │ Infinity │ 2096.9 │ 2228.1 │  0  │  0  │      │  -100  │  -320000  │   -4400   │   -12030000   │
│   23    │ 3.3 │ 3.3 │ 3.2 │ 3.2 │ 1000  │ 3200000  │  112700   │  9500   │ 31250000 │ 368540000 │ 8500  │ 28050000 │ 1674828000000 │ '2023-01-27T14:00:00.000Z' │ 89.5 │ 10.5 │  0  │   8.5    │   0.1    │ 2096.9 │ 2228.1 │  0  │ 0.4 │ 4.1  │  7500  │ 24850000  │   3100    │   12820000    │
│   24    │ 3.2 │ 3.3 │ 3.2 │ 3.3 │ 1300  │ 4160000  │  118700   │  6000   │ 19670000 │ 388210000 │ 4700  │ 15510000 │ 1674828300000 │ '2023-01-27T14:05:00.000Z' │ 78.3 │ 21.7 │  0  │   3.6    │   0.3    │ 2096.9 │ 2228.1 │  0  │ 0.6 │ 2.2  │  3400  │ 11350000  │   6500    │   24170000    │
│   25    │ 3.2 │ 3.2 │ 3.2 │ 3.2 │  100  │  320000  │  118800   │   100   │  320000  │ 388530000 │       │          │ 1674828600000 │ '2023-01-27T14:10:00.000Z' │  0   │ 100  │  0  │    0     │ Infinity │ 2096.9 │ 2228.1 │  0  │  0  │      │  -100  │  -320000  │   6400    │   23850000    │
│   26    │ 3.2 │ 3.2 │ 3.2 │ 3.2 │  200  │  640000  │  119000   │   200   │  640000  │ 389170000 │       │          │ 1674829200000 │ '2023-01-27T14:20:00.000Z' │  0   │ 100  │  0  │    0     │ Infinity │ 2096.9 │ 2228.1 │  0  │ 0.1 │      │  -200  │  -640000  │   6200    │   23210000    │
│   27    │ 3.2 │ 3.3 │ 3.2 │ 3.2 │ 14300 │ 45760000 │  133700   │  14700  │ 47080000 │ 436250000 │  400  │ 1320000  │ 1674829500000 │ '2023-01-27T14:25:00.000Z' │ 2.7  │ 97.3 │  0  │    0     │   35.8   │ 2096.9 │ 2228.1 │  0  │ 6.4 │ 0.2  │ -13900 │ -44440000 │   -7700   │   -21230000   │
│   28    │ 3.2 │ 3.2 │ 3.2 │ 3.2 │  200  │  640000  │  133900   │   200   │  640000  │ 436890000 │       │          │ 1674829800000 │ '2023-01-27T14:30:00.000Z' │  0   │ 100  │  0  │    0     │ Infinity │ 2096.9 │ 2228.1 │  0  │ 0.1 │      │  -200  │  -640000  │   -7900   │   -21870000   │
│   29    │ 3.2 │ 3.2 │ 3.2 │ 3.2 │  400  │ 1280000  │  134300   │   400   │ 1280000  │ 438170000 │       │          │ 1674830100000 │ '2023-01-27T14:35:00.000Z' │  0   │ 100  │  0  │    0     │ Infinity │ 2096.9 │ 2228.1 │  0  │ 0.2 │      │  -400  │ -1280000  │   -8300   │   -23150000   │
│   30    │ 3.3 │ 3.3 │ 3.3 │ 3.3 │       │          │  135300   │  1000   │ 3300000  │ 441470000 │ 1000  │ 3300000  │ 1674831000000 │ '2023-01-27T14:50:00.000Z' │ 100  │  0   │  0  │ Infinity │    0     │ 2096.9 │ 2228.1 │  0  │     │ 0.5  │  1000  │  3300000  │   -7300   │   -19850000   │
│   31    │ 3.3 │ 3.3 │ 3.3 │ 3.3 │       │          │  138400   │  3100   │ 10230000 │ 451700000 │ 3100  │ 10230000 │ 1674831300000 │ '2023-01-27T14:55:00.000Z' │ 100  │  0   │  0  │ Infinity │    0     │ 2096.9 │ 2228.1 │  0  │     │ 1.5  │  3100  │ 10230000  │   -4200   │   -9620000    │
└─────────┴─────┴─────┴─────┴─────┴───────┴──────────┴───────────┴─────────┴──────────┴───────────┴───────┴──────────┴───────────────┴────────────────────────────┴──────┴──────┴─────┴──────────┴──────────┴────────┴────────┴─────┴─────┴──────┴────────┴───────────┴───────────┴───────────────┘

