┌─────────┬─────┬─────┬─────┬─────┬───────┬──────────┬───────────┬─────────┬───────────┬───────────┬───────────────┬────────────────────────────┬─────┬─────┬─────┬──────────┬──────────┬────────┬─────────┬─────┬─────┬─────────┬────────────┬───────────┬───────────────┬────────┬───────────┬──────┐
│ (index) │  c  │  h  │  l  │  o  │  bu   │  val_bu  │ total_vol │ sum_vol │    val    │ acum_val  │   datetime    │            date            │ pbu │ psd │ puk │    bs    │    sb    │  abu   │   asd   │ auk │ rbu │  bu-sd  │ bu-sd_val  │ acum_busd │ acum_busd_val │   sd   │  val_sd   │ rsd  │
├─────────┼─────┼─────┼─────┼─────┼───────┼──────────┼───────────┼─────────┼───────────┼───────────┼───────────────┼────────────────────────────┼─────┼─────┼─────┼──────────┼──────────┼────────┼─────────┼─────┼─────┼─────────┼────────────┼───────────┼───────────────┼────────┼───────────┼──────┤
│    0    │ 0.8 │ 0.8 │ 0.8 │ 0.8 │ 10000 │ 8000000  │   10000   │  10000  │  8000000  │  8000000  │ 1674810360000 │ '2023-01-27T09:06:00.000Z' │ 100 │  0  │  0  │ Infinity │    0     │ 2833.3 │ 12166.7 │  0  │ 3.5 │  10000  │  8000000   │   10000   │    8000000    │        │           │      │
│    1    │ 0.8 │ 0.8 │ 0.8 │ 0.8 │ 5000  │ 4000000  │   15000   │  5000   │  4000000  │ 12000000  │ 1674811080000 │ '2023-01-27T09:18:00.000Z' │ 100 │  0  │  0  │ Infinity │    0     │ 2833.3 │ 12166.7 │  0  │ 1.8 │  5000   │  4000000   │   15000   │   12000000    │        │           │      │
│    2    │ 0.8 │ 0.8 │ 0.8 │ 0.8 │  600  │  480000  │   15600   │   600   │  480000   │ 12480000  │ 1674812160000 │ '2023-01-27T09:36:00.000Z' │ 100 │  0  │  0  │ Infinity │    0     │ 2833.3 │ 12166.7 │  0  │ 0.2 │   600   │   480000   │   15600   │   12480000    │        │           │      │
│    3    │ 0.8 │ 0.8 │ 0.8 │ 0.8 │ 18700 │ 14960000 │   34300   │  18700  │ 14960000  │ 27440000  │ 1674812640000 │ '2023-01-27T09:44:00.000Z' │ 100 │  0  │  0  │ Infinity │    0     │ 2833.3 │ 12166.7 │  0  │ 6.6 │  18700  │  14960000  │   34300   │   27440000    │        │           │      │
│    4    │ 0.8 │ 0.8 │ 0.8 │ 0.8 │ 2000  │ 1600000  │   36300   │  2000   │  1600000  │ 29040000  │ 1674813360000 │ '2023-01-27T09:56:00.000Z' │ 100 │  0  │  0  │ Infinity │    0     │ 2833.3 │ 12166.7 │  0  │ 0.7 │  2000   │  1600000   │   36300   │   29040000    │        │           │      │
│    5    │ 0.8 │ 0.8 │ 0.8 │ 0.8 │  500  │  400000  │   36800   │   500   │  400000   │ 29440000  │ 1674813840000 │ '2023-01-27T10:04:00.000Z' │ 100 │  0  │  0  │ Infinity │    0     │ 2833.3 │ 12166.7 │  0  │ 0.2 │   500   │   400000   │   36800   │   29440000    │        │           │      │
│    6    │ 0.8 │ 0.8 │ 0.8 │ 0.8 │  700  │  560000  │   37500   │   700   │  560000   │ 30000000  │ 1674814200000 │ '2023-01-27T10:10:00.000Z' │ 100 │  0  │  0  │ Infinity │    0     │ 2833.3 │ 12166.7 │  0  │ 0.2 │   700   │   560000   │   37500   │   30000000    │        │           │      │
│    7    │ 0.8 │ 0.8 │ 0.8 │ 0.8 │  100  │  80000   │   37600   │   100   │   80000   │ 30080000  │ 1674816120000 │ '2023-01-27T10:42:00.000Z' │ 100 │  0  │  0  │ Infinity │    0     │ 2833.3 │ 12166.7 │  0  │  0  │   100   │   80000    │   37600   │   30080000    │        │           │      │
│    8    │ 0.8 │ 0.8 │ 0.8 │ 0.8 │ 10000 │ 8000000  │   47600   │  10000  │  8000000  │ 38080000  │ 1674816360000 │ '2023-01-27T10:46:00.000Z' │ 100 │  0  │  0  │ Infinity │    0     │ 2833.3 │ 12166.7 │  0  │ 3.5 │  10000  │  8000000   │   47600   │   38080000    │        │           │      │
│    9    │ 0.8 │ 0.8 │ 0.8 │ 0.8 │  200  │  160000  │   47800   │   200   │  160000   │ 38240000  │ 1674817440000 │ '2023-01-27T11:04:00.000Z' │ 100 │  0  │  0  │ Infinity │    0     │ 2833.3 │ 12166.7 │  0  │ 0.1 │   200   │   160000   │   47800   │   38240000    │        │           │      │
│   10    │ 0.8 │ 0.8 │ 0.8 │ 0.8 │       │          │  319400   │ 271600  │ 217280000 │ 255520000 │ 1674818760000 │ '2023-01-27T11:26:00.000Z' │  0  │ 100 │  0  │    0     │ Infinity │ 2833.3 │ 12166.7 │  0  │     │ -271600 │ -217280000 │  -223800  │  -179040000   │ 271600 │ 217280000 │ 22.3 │
│   11    │ 0.8 │ 0.8 │ 0.8 │ 0.8 │       │          │  319700   │   300   │  240000   │ 255760000 │ 1674818880000 │ '2023-01-27T11:28:00.000Z' │  0  │ 100 │  0  │    0     │ Infinity │ 2833.3 │ 12166.7 │  0  │     │  -300   │  -240000   │  -224100  │  -179280000   │  300   │  240000   │  0   │
│   12    │ 0.8 │ 0.8 │ 0.8 │ 0.8 │       │          │  320100   │   400   │  320000   │ 256080000 │ 1674824400000 │ '2023-01-27T13:00:00.000Z' │  0  │ 100 │  0  │    0     │ Infinity │ 2833.3 │ 12166.7 │  0  │     │  -400   │  -320000   │  -224500  │  -179600000   │  400   │  320000   │  0   │
│   13    │ 0.8 │ 0.8 │ 0.8 │ 0.8 │       │          │  320300   │   200   │  160000   │ 256240000 │ 1674824760000 │ '2023-01-27T13:06:00.000Z' │  0  │ 100 │  0  │    0     │ Infinity │ 2833.3 │ 12166.7 │  0  │     │  -200   │  -160000   │  -224700  │  -179760000   │  200   │  160000   │  0   │
│   14    │ 0.8 │ 0.8 │ 0.8 │ 0.8 │       │          │  320800   │   500   │  400000   │ 256640000 │ 1674825000000 │ '2023-01-27T13:10:00.000Z' │  0  │ 100 │  0  │    0     │ Infinity │ 2833.3 │ 12166.7 │  0  │     │  -500   │  -400000   │  -225200  │  -180160000   │  500   │  400000   │  0   │
│   15    │ 0.8 │ 0.8 │ 0.8 │ 0.8 │       │          │  321000   │   200   │  160000   │ 256800000 │ 1674825720000 │ '2023-01-27T13:22:00.000Z' │  0  │ 100 │  0  │    0     │ Infinity │ 2833.3 │ 12166.7 │  0  │     │  -200   │  -160000   │  -225400  │  -180320000   │  200   │  160000   │  0   │
│   16    │ 0.8 │ 0.8 │ 0.8 │ 0.8 │       │          │  321200   │   200   │  160000   │ 256960000 │ 1674825960000 │ '2023-01-27T13:26:00.000Z' │  0  │ 100 │  0  │    0     │ Infinity │ 2833.3 │ 12166.7 │  0  │     │  -200   │  -160000   │  -225600  │  -180480000   │  200   │  160000   │  0   │
│   17    │ 0.8 │ 0.8 │ 0.8 │ 0.8 │       │          │  337600   │  16400  │ 13120000  │ 270080000 │ 1674826800000 │ '2023-01-27T13:40:00.000Z' │  0  │ 100 │  0  │    0     │ Infinity │ 2833.3 │ 12166.7 │  0  │     │ -16400  │ -13120000  │  -242000  │  -193600000   │ 16400  │ 13120000  │ 1.3  │
│   18    │ 0.8 │ 0.8 │ 0.8 │ 0.8 │  200  │  160000  │  337800   │   200   │  160000   │ 270240000 │ 1674826920000 │ '2023-01-27T13:42:00.000Z' │ 100 │  0  │  0  │ Infinity │    0     │ 2833.3 │ 12166.7 │  0  │ 0.1 │   200   │   160000   │  -241800  │  -193440000   │        │           │      │
│   19    │ 0.8 │ 0.8 │ 0.8 │ 0.8 │       │          │  337900   │   100   │   80000   │ 270320000 │ 1674827520000 │ '2023-01-27T13:52:00.000Z' │  0  │ 100 │  0  │    0     │ Infinity │ 2833.3 │ 12166.7 │  0  │     │  -100   │   -80000   │  -241900  │  -193520000   │  100   │   80000   │  0   │
│   20    │ 0.8 │ 0.8 │ 0.8 │ 0.8 │       │          │  340000   │  2100   │  1680000  │ 272000000 │ 1674827760000 │ '2023-01-27T13:56:00.000Z' │  0  │ 100 │  0  │    0     │ Infinity │ 2833.3 │ 12166.7 │  0  │     │  -2100  │  -1680000  │  -244000  │  -195200000   │  2100  │  1680000  │ 0.2  │
├─────────┼─────┼─────┼─────┼─────┼───────┼──────────┼───────────┼─────────┼───────────┼───────────┼───────────────┼────────────────────────────┼─────┼─────┼─────┼──────────┼──────────┼────────┼─────────┼─────┼─────┼─────────┼────────────┼───────────┼───────────────┼────────┼───────────┼──────┤
│ (index) │  c  │  h  │  l  │  o  │  bu   │  val_bu  │ total_vol │ sum_vol │    val    │ acum_val  │   datetime    │            date            │ pbu │ psd │ puk │    bs    │    sb    │  abu   │   asd   │ auk │ rbu │  bu-sd  │ bu-sd_val  │ acum_busd │ acum_busd_val │   sd   │  val_sd   │ rsd  │
├─────────┼─────┼─────┼─────┼─────┼───────┼──────────┼───────────┼─────────┼───────────┼───────────┼───────────────┼────────────────────────────┼─────┼─────┼─────┼──────────┼──────────┼────────┼─────────┼─────┼─────┼─────────┼────────────┼───────────┼───────────────┼────────┼───────────┼──────┤
│   21    │ 0.8 │ 0.8 │ 0.8 │ 0.8 │ 15800 │ 12640000 │  355800   │  15800  │ 12640000  │ 284640000 │ 1674829800000 │ '2023-01-27T14:30:00.000Z' │ 100 │  0  │  0  │ Infinity │    0     │ 2833.3 │ 12166.7 │  0  │ 5.6 │  15800  │  12640000  │  -228200  │  -182560000   │        │           │      │
│   22    │ 0.8 │ 0.8 │ 0.8 │ 0.8 │ 3700  │ 2960000  │  359500   │  3700   │  2960000  │ 287600000 │ 1674829920000 │ '2023-01-27T14:32:00.000Z' │ 100 │  0  │  0  │ Infinity │    0     │ 2833.3 │ 12166.7 │  0  │ 1.3 │  3700   │  2960000   │  -224500  │  -179600000   │        │           │      │
│   23    │ 0.8 │ 0.8 │ 0.8 │ 0.8 │  500  │  400000  │  360000   │   500   │  400000   │ 288000000 │ 1674830760000 │ '2023-01-27T14:46:00.000Z' │ 100 │  0  │  0  │ Infinity │    0     │ 2833.3 │ 12166.7 │  0  │ 0.2 │   500   │   400000   │  -224000  │  -179200000   │        │           │      │
└─────────┴─────┴─────┴─────┴─────┴───────┴──────────┴───────────┴─────────┴───────────┴───────────┴───────────────┴────────────────────────────┴─────┴─────┴─────┴──────────┴──────────┴────────┴─────────┴─────┴─────┴─────────┴────────────┴───────────┴───────────────┴────────┴───────────┴──────┘

