┌─────────┬─────┬─────┬─────┬─────┬───────┬───────────┬───────────┬─────────┬───────────┬───────────┬───────────────┬────────────────────────────┬──────┬──────┬─────┬──────────┬──────────┬────────┬────────┬─────┬──────┬────────┬───────────┬───────────┬───────────────┬───────┬──────────┬──────┐
│ (index) │  c  │  h  │  l  │  o  │  bu   │  val_bu   │ total_vol │ sum_vol │    val    │ acum_val  │   datetime    │            date            │ pbu  │ psd  │ puk │    bs    │    sb    │  abu   │  asd   │ auk │ rbu  │ bu-sd  │ bu-sd_val │ acum_busd │ acum_busd_val │  sd   │  val_sd  │ rsd  │
├─────────┼─────┼─────┼─────┼─────┼───────┼───────────┼───────────┼─────────┼───────────┼───────────┼───────────────┼────────────────────────────┼──────┼──────┼─────┼──────────┼──────────┼────────┼────────┼─────┼──────┼────────┼───────────┼───────────┼───────────────┼───────┼──────────┼──────┤
│    0    │ 2.4 │ 2.4 │ 2.4 │ 2.4 │ 1700  │  4080000  │   1700    │  1700   │  4080000  │  4080000  │ 1674810000000 │ '2023-01-27T09:00:00.000Z' │ 100  │  0   │  0  │ Infinity │    0     │ 3937.2 │ 3330.2 │  0  │ 0.4  │  1700  │  4080000  │   1700    │    4080000    │       │          │      │
│    1    │ 2.4 │ 2.4 │ 2.4 │ 2.4 │ 2000  │  4800000  │   3700    │  2000   │  4800000  │  8880000  │ 1674810600000 │ '2023-01-27T09:10:00.000Z' │ 100  │  0   │  0  │ Infinity │    0     │ 3937.2 │ 3330.2 │  0  │ 0.5  │  2000  │  4800000  │   3700    │    8880000    │       │          │      │
│    2    │ 2.4 │ 2.4 │ 2.4 │ 2.4 │ 15700 │ 37680000  │   19400   │  15700  │ 37680000  │ 46560000  │ 1674810900000 │ '2023-01-27T09:15:00.000Z' │ 100  │  0   │  0  │ Infinity │    0     │ 3937.2 │ 3330.2 │  0  │  4   │ 15700  │ 37680000  │   19400   │   46560000    │       │          │      │
│    3    │ 2.4 │ 2.4 │ 2.4 │ 2.4 │  200  │  480000   │   19600   │   200   │  480000   │ 47040000  │ 1674811200000 │ '2023-01-27T09:20:00.000Z' │ 100  │  0   │  0  │ Infinity │    0     │ 3937.2 │ 3330.2 │  0  │ 0.1  │  200   │  480000   │   19600   │   47040000    │       │          │      │
│    4    │ 2.4 │ 2.4 │ 2.4 │ 2.4 │ 1700  │  4080000  │   21300   │  1700   │  4080000  │ 51120000  │ 1674811500000 │ '2023-01-27T09:25:00.000Z' │ 100  │  0   │  0  │ Infinity │    0     │ 3937.2 │ 3330.2 │  0  │ 0.4  │  1700  │  4080000  │   21300   │   51120000    │       │          │      │
│    5    │ 2.4 │ 2.4 │ 2.4 │ 2.4 │ 2700  │  6480000  │   24000   │  2700   │  6480000  │ 57600000  │ 1674811800000 │ '2023-01-27T09:30:00.000Z' │ 100  │  0   │  0  │ Infinity │    0     │ 3937.2 │ 3330.2 │  0  │ 0.7  │  2700  │  6480000  │   24000   │   57600000    │       │          │      │
│    6    │ 2.4 │ 2.4 │ 2.4 │ 2.4 │  200  │  480000   │   24200   │   200   │  480000   │ 58080000  │ 1674812100000 │ '2023-01-27T09:35:00.000Z' │ 100  │  0   │  0  │ Infinity │    0     │ 3937.2 │ 3330.2 │  0  │ 0.1  │  200   │  480000   │   24200   │   58080000    │       │          │      │
│    7    │ 2.4 │ 2.4 │ 2.4 │ 2.4 │  200  │  480000   │   24400   │   200   │  480000   │ 58560000  │ 1674812400000 │ '2023-01-27T09:40:00.000Z' │ 100  │  0   │  0  │ Infinity │    0     │ 3937.2 │ 3330.2 │  0  │ 0.1  │  200   │  480000   │   24400   │   58560000    │       │          │      │
│    8    │ 2.4 │ 2.4 │ 2.4 │ 2.4 │  200  │  480000   │   24600   │   200   │  480000   │ 59040000  │ 1674813000000 │ '2023-01-27T09:50:00.000Z' │ 100  │  0   │  0  │ Infinity │    0     │ 3937.2 │ 3330.2 │  0  │ 0.1  │  200   │  480000   │   24600   │   59040000    │       │          │      │
│    9    │ 2.4 │ 2.4 │ 2.4 │ 2.4 │  100  │  240000   │   24700   │   100   │  240000   │ 59280000  │ 1674813300000 │ '2023-01-27T09:55:00.000Z' │ 100  │  0   │  0  │ Infinity │    0     │ 3937.2 │ 3330.2 │  0  │  0   │  100   │  240000   │   24700   │   59280000    │       │          │      │
│   10    │ 2.4 │ 2.4 │ 2.4 │ 2.4 │ 8800  │ 21120000  │   33500   │  8800   │ 21120000  │ 80400000  │ 1674813600000 │ '2023-01-27T10:00:00.000Z' │ 100  │  0   │  0  │ Infinity │    0     │ 3937.2 │ 3330.2 │  0  │ 2.2  │  8800  │ 21120000  │   33500   │   80400000    │       │          │      │
│   11    │ 2.4 │ 2.4 │ 2.4 │ 2.4 │ 1700  │  4080000  │   35200   │  1700   │  4080000  │ 84480000  │ 1674813900000 │ '2023-01-27T10:05:00.000Z' │ 100  │  0   │  0  │ Infinity │    0     │ 3937.2 │ 3330.2 │  0  │ 0.4  │  1700  │  4080000  │   35200   │   84480000    │       │          │      │
│   12    │ 2.4 │ 2.4 │ 2.4 │ 2.4 │ 18300 │ 43920000  │   53500   │  18300  │ 43920000  │ 128400000 │ 1674815400000 │ '2023-01-27T10:30:00.000Z' │ 100  │  0   │  0  │ Infinity │    0     │ 3937.2 │ 3330.2 │  0  │ 4.6  │ 18300  │ 43920000  │   53500   │   128400000   │       │          │      │
│   13    │ 2.4 │ 2.4 │ 2.4 │ 2.4 │ 7500  │ 18000000  │   61000   │  7500   │ 18000000  │ 146400000 │ 1674815700000 │ '2023-01-27T10:35:00.000Z' │ 100  │  0   │  0  │ Infinity │    0     │ 3937.2 │ 3330.2 │  0  │ 1.9  │  7500  │ 18000000  │   61000   │   146400000   │       │          │      │
│   14    │ 2.4 │ 2.4 │ 2.4 │ 2.4 │ 1000  │  2400000  │   62000   │  1000   │  2400000  │ 148800000 │ 1674816000000 │ '2023-01-27T10:40:00.000Z' │ 100  │  0   │  0  │ Infinity │    0     │ 3937.2 │ 3330.2 │  0  │ 0.3  │  1000  │  2400000  │   62000   │   148800000   │       │          │      │
│   15    │ 2.4 │ 2.4 │ 2.4 │ 2.4 │  300  │  720000   │   62300   │   300   │  720000   │ 149520000 │ 1674816300000 │ '2023-01-27T10:45:00.000Z' │ 100  │  0   │  0  │ Infinity │    0     │ 3937.2 │ 3330.2 │  0  │ 0.1  │  300   │  720000   │   62300   │   149520000   │       │          │      │
│   16    │ 2.4 │ 2.4 │ 2.4 │ 2.4 │ 1100  │  2640000  │   63400   │  1100   │  2640000  │ 152160000 │ 1674816900000 │ '2023-01-27T10:55:00.000Z' │ 100  │  0   │  0  │ Infinity │    0     │ 3937.2 │ 3330.2 │  0  │ 0.3  │  1100  │  2640000  │   63400   │   152160000   │       │          │      │
│   17    │ 2.4 │ 2.4 │ 2.4 │ 2.4 │ 6500  │ 15600000  │   69900   │  6500   │ 15600000  │ 167760000 │ 1674817800000 │ '2023-01-27T11:10:00.000Z' │ 100  │  0   │  0  │ Infinity │    0     │ 3937.2 │ 3330.2 │  0  │ 1.7  │  6500  │ 15600000  │   69900   │   167760000   │       │          │      │
│   18    │ 2.4 │ 2.4 │ 2.4 │ 2.4 │ 26700 │ 64080000  │   96600   │  26700  │ 64080000  │ 231840000 │ 1674818100000 │ '2023-01-27T11:15:00.000Z' │ 100  │  0   │  0  │ Infinity │    0     │ 3937.2 │ 3330.2 │  0  │ 6.8  │ 26700  │ 64080000  │   96600   │   231840000   │       │          │      │
│   19    │ 2.4 │ 2.4 │ 2.4 │ 2.4 │ 52300 │ 125520000 │  148900   │  52300  │ 125520000 │ 357360000 │ 1674818400000 │ '2023-01-27T11:20:00.000Z' │ 100  │  0   │  0  │ Infinity │    0     │ 3937.2 │ 3330.2 │  0  │ 13.3 │ 52300  │ 125520000 │  148900   │   357360000   │       │          │      │
│   20    │ 2.4 │ 2.4 │ 2.4 │ 2.4 │       │           │  161200   │  12300  │ 29520000  │ 386880000 │ 1674818700000 │ '2023-01-27T11:25:00.000Z' │  0   │ 100  │  0  │    0     │ Infinity │ 3937.2 │ 3330.2 │  0  │      │ -12300 │ -29520000 │  136600   │   327840000   │ 12300 │ 29520000 │ 3.7  │
├─────────┼─────┼─────┼─────┼─────┼───────┼───────────┼───────────┼─────────┼───────────┼───────────┼───────────────┼────────────────────────────┼──────┼──────┼─────┼──────────┼──────────┼────────┼────────┼─────┼──────┼────────┼───────────┼───────────┼───────────────┼───────┼──────────┼──────┤
│ (index) │  c  │  h  │  l  │  o  │  bu   │  val_bu   │ total_vol │ sum_vol │    val    │ acum_val  │   datetime    │            date            │ pbu  │ psd  │ puk │    bs    │    sb    │  abu   │  asd   │ auk │ rbu  │ bu-sd  │ bu-sd_val │ acum_busd │ acum_busd_val │  sd   │  val_sd  │ rsd  │
├─────────┼─────┼─────┼─────┼─────┼───────┼───────────┼───────────┼─────────┼───────────┼───────────┼───────────────┼────────────────────────────┼──────┼──────┼─────┼──────────┼──────────┼────────┼────────┼─────┼──────┼────────┼───────────┼───────────┼───────────────┼───────┼──────────┼──────┤
│   21    │ 2.4 │ 2.4 │ 2.4 │ 2.4 │       │           │  170600   │  9400   │ 22560000  │ 409440000 │ 1674824400000 │ '2023-01-27T13:00:00.000Z' │  0   │ 100  │  0  │    0     │ Infinity │ 3937.2 │ 3330.2 │  0  │      │ -9400  │ -22560000 │  127200   │   305280000   │ 9400  │ 22560000 │ 2.8  │
│   22    │ 2.5 │ 2.5 │ 2.5 │ 2.5 │ 1400  │  3500000  │  172000   │  1400   │  3500000  │ 412940000 │ 1674824700000 │ '2023-01-27T13:05:00.000Z' │ 100  │  0   │  0  │ Infinity │    0     │ 3937.2 │ 3330.2 │  0  │ 0.4  │  1400  │  3500000  │  128600   │   308780000   │       │          │      │
│   23    │ 2.5 │ 2.5 │ 2.5 │ 2.5 │ 1300  │  3250000  │  173300   │  1300   │  3250000  │ 416190000 │ 1674825000000 │ '2023-01-27T13:10:00.000Z' │ 100  │  0   │  0  │ Infinity │    0     │ 3937.2 │ 3330.2 │  0  │ 0.3  │  1300  │  3250000  │  129900   │   312030000   │       │          │      │
│   24    │ 2.5 │ 2.5 │ 2.5 │ 2.5 │ 1900  │  4750000  │  175200   │  1900   │  4750000  │ 420940000 │ 1674825300000 │ '2023-01-27T13:15:00.000Z' │ 100  │  0   │  0  │ Infinity │    0     │ 3937.2 │ 3330.2 │  0  │ 0.5  │  1900  │  4750000  │  131800   │   316780000   │       │          │      │
│   25    │ 2.5 │ 2.5 │ 2.5 │ 2.5 │  300  │  750000   │  175500   │   300   │  750000   │ 421690000 │ 1674825900000 │ '2023-01-27T13:25:00.000Z' │ 100  │  0   │  0  │ Infinity │    0     │ 3937.2 │ 3330.2 │  0  │ 0.1  │  300   │  750000   │  132100   │   317530000   │       │          │      │
│   26    │ 2.5 │ 2.5 │ 2.5 │ 2.5 │ 3500  │  8750000  │  179000   │  3500   │  8750000  │ 430440000 │ 1674826200000 │ '2023-01-27T13:30:00.000Z' │ 100  │  0   │  0  │ Infinity │    0     │ 3937.2 │ 3330.2 │  0  │ 0.9  │  3500  │  8750000  │  135600   │   326280000   │       │          │      │
│   27    │ 2.5 │ 2.5 │ 2.5 │ 2.5 │ 2100  │  5250000  │  181100   │  2100   │  5250000  │ 435690000 │ 1674826500000 │ '2023-01-27T13:35:00.000Z' │ 100  │  0   │  0  │ Infinity │    0     │ 3937.2 │ 3330.2 │  0  │ 0.5  │  2100  │  5250000  │  137700   │   331530000   │       │          │      │
│   28    │ 2.4 │ 2.5 │ 2.4 │ 2.5 │ 7700  │ 19250000  │  190700   │  9600   │ 23810000  │ 459500000 │ 1674827100000 │ '2023-01-27T13:45:00.000Z' │ 80.2 │ 19.8 │  0  │   4.1    │   0.2    │ 3937.2 │ 3330.2 │  0  │  2   │  5800  │ 14690000  │  143500   │   346220000   │ 1900  │ 4560000  │ 0.6  │
│   29    │ 2.4 │ 2.4 │ 2.4 │ 2.4 │       │           │  215800   │  25100  │ 60240000  │ 519740000 │ 1674827400000 │ '2023-01-27T13:50:00.000Z' │  0   │ 100  │  0  │    0     │ Infinity │ 3937.2 │ 3330.2 │  0  │      │ -25100 │ -60240000 │  118400   │   285980000   │ 25100 │ 60240000 │ 7.5  │
│   30    │ 2.4 │ 2.4 │ 2.4 │ 2.4 │       │           │  225800   │  10000  │ 24000000  │ 543740000 │ 1674827700000 │ '2023-01-27T13:55:00.000Z' │  0   │ 100  │  0  │    0     │ Infinity │ 3937.2 │ 3330.2 │  0  │      │ -10000 │ -24000000 │  108400   │   261980000   │ 10000 │ 24000000 │  3   │
│   31    │ 2.5 │ 2.5 │ 2.5 │ 2.5 │  100  │  250000   │  225900   │   100   │  250000   │ 543990000 │ 1674828000000 │ '2023-01-27T14:00:00.000Z' │ 100  │  0   │  0  │ Infinity │    0     │ 3937.2 │ 3330.2 │  0  │  0   │  100   │  250000   │  108500   │   262230000   │       │          │      │
│   32    │ 2.4 │ 2.4 │ 2.4 │ 2.4 │       │           │  228000   │  2100   │  5040000  │ 549030000 │ 1674828300000 │ '2023-01-27T14:05:00.000Z' │  0   │ 100  │  0  │    0     │ Infinity │ 3937.2 │ 3330.2 │  0  │      │ -2100  │ -5040000  │  106400   │   257190000   │ 2100  │ 5040000  │ 0.6  │
│   33    │ 2.5 │ 2.5 │ 2.4 │ 2.4 │  100  │  250000   │  238100   │  10100  │ 24250000  │ 573280000 │ 1674828600000 │ '2023-01-27T14:10:00.000Z' │  1   │  99  │  0  │    0     │   100    │ 3937.2 │ 3330.2 │  0  │  0   │ -9900  │ -23750000 │   96500   │   233440000   │ 10000 │ 24000000 │  3   │
│   34    │ 2.5 │ 2.5 │ 2.5 │ 2.5 │  200  │  500000   │  238300   │   200   │  500000   │ 573780000 │ 1674828900000 │ '2023-01-27T14:15:00.000Z' │ 100  │  0   │  0  │ Infinity │    0     │ 3937.2 │ 3330.2 │  0  │ 0.1  │  200   │  500000   │   96700   │   233940000   │       │          │      │
│   35    │ 2.4 │ 2.4 │ 2.4 │ 2.4 │       │           │  243900   │  5600   │ 13440000  │ 587220000 │ 1674829200000 │ '2023-01-27T14:20:00.000Z' │  0   │ 100  │  0  │    0     │ Infinity │ 3937.2 │ 3330.2 │  0  │      │ -5600  │ -13440000 │   91100   │   220500000   │ 5600  │ 13440000 │ 1.7  │
│   36    │ 2.4 │ 2.5 │ 2.4 │ 2.5 │  100  │  250000   │  245100   │  1200   │  2890000  │ 590110000 │ 1674829500000 │ '2023-01-27T14:25:00.000Z' │ 8.3  │ 91.7 │  0  │   0.1    │    11    │ 3937.2 │ 3330.2 │  0  │  0   │ -1000  │ -2390000  │   90100   │   218110000   │ 1100  │ 2640000  │ 0.3  │
│   37    │ 2.5 │ 2.5 │ 2.5 │ 2.5 │  100  │  250000   │  245200   │   100   │  250000   │ 590360000 │ 1674829800000 │ '2023-01-27T14:30:00.000Z' │ 100  │  0   │  0  │ Infinity │    0     │ 3937.2 │ 3330.2 │  0  │  0   │  100   │  250000   │   90200   │   218360000   │       │          │      │
│   38    │ 2.5 │ 2.5 │ 2.5 │ 2.5 │  100  │  250000   │  245300   │   100   │  250000   │ 590610000 │ 1674830100000 │ '2023-01-27T14:35:00.000Z' │ 100  │  0   │  0  │ Infinity │    0     │ 3937.2 │ 3330.2 │  0  │  0   │  100   │  250000   │   90300   │   218610000   │       │          │      │
│   39    │ 2.5 │ 2.5 │ 2.4 │ 2.4 │  100  │  250000   │  247900   │  2600   │  6250000  │ 596860000 │ 1674830400000 │ '2023-01-27T14:40:00.000Z' │ 3.8  │ 96.2 │  0  │    0     │    25    │ 3937.2 │ 3330.2 │  0  │  0   │ -2400  │ -5750000  │   87900   │   212860000   │ 2500  │ 6000000  │ 0.8  │
│   40    │ 2.5 │ 2.5 │ 2.5 │ 2.5 │  200  │  500000   │  248100   │   200   │  500000   │ 597360000 │ 1674830700000 │ '2023-01-27T14:45:00.000Z' │ 100  │  0   │  0  │ Infinity │    0     │ 3937.2 │ 3330.2 │  0  │ 0.1  │  200   │  500000   │   88100   │   213360000   │       │          │      │
├─────────┼─────┼─────┼─────┼─────┼───────┼───────────┼───────────┼─────────┼───────────┼───────────┼───────────────┼────────────────────────────┼──────┼──────┼─────┼──────────┼──────────┼────────┼────────┼─────┼──────┼────────┼───────────┼───────────┼───────────────┼───────┼──────────┼──────┤
│ (index) │  c  │  h  │  l  │  o  │  bu   │  val_bu   │ total_vol │ sum_vol │    val    │ acum_val  │   datetime    │            date            │ pbu  │ psd  │ puk │    bs    │    sb    │  abu   │  asd   │ auk │ rbu  │ bu-sd  │ bu-sd_val │ acum_busd │ acum_busd_val │  sd   │  val_sd  │ rsd  │
├─────────┼─────┼─────┼─────┼─────┼───────┼───────────┼───────────┼─────────┼───────────┼───────────┼───────────────┼────────────────────────────┼──────┼──────┼─────┼──────────┼──────────┼────────┼────────┼─────┼──────┼────────┼───────────┼───────────┼───────────────┼───────┼──────────┼──────┤
│   41    │ 2.4 │ 2.5 │ 2.4 │ 2.5 │  200  │  500000   │  277700   │  29600  │ 71060000  │ 668420000 │ 1674831000000 │ '2023-01-27T14:50:00.000Z' │ 0.7  │ 99.3 │  0  │    0     │   147    │ 3937.2 │ 3330.2 │  0  │ 0.1  │ -29200 │ -70060000 │   58900   │   143300000   │ 29400 │ 70560000 │ 8.8  │
│   42    │ 2.4 │ 2.4 │ 2.4 │ 2.4 │ 1000  │  2400000  │  312500   │  34800  │ 83520000  │ 751940000 │ 1674831300000 │ '2023-01-27T14:55:00.000Z' │ 2.9  │ 97.1 │  0  │    0     │   33.8   │ 3937.2 │ 3330.2 │  0  │ 0.3  │ -32800 │ -78720000 │   26100   │   64580000    │ 33800 │ 81120000 │ 10.1 │
└─────────┴─────┴─────┴─────┴─────┴───────┴───────────┴───────────┴─────────┴───────────┴───────────┴───────────────┴────────────────────────────┴──────┴──────┴─────┴──────────┴──────────┴────────┴────────┴─────┴──────┴────────┴───────────┴───────────┴───────────────┴───────┴──────────┴──────┘

