┌─────────┬──────┬──────┬──────┬──────┬───────┬──────────┬───────────┬─────────┬──────────┬───────────┬───────────────┬────────────────────────────┬──────┬──────┬─────┬──────────┬──────────┬────────┬────────┬─────┬─────┬────────┬───────────┬───────────┬───────────────┬───────┬──────────┬─────┐
│ (index) │  c   │  h   │  l   │  o   │  sd   │  val_sd  │ total_vol │ sum_vol │   val    │ acum_val  │   datetime    │            date            │ pbu  │ psd  │ puk │    bs    │    sb    │  abu   │  asd   │ auk │ rsd │ bu-sd  │ bu-sd_val │ acum_busd │ acum_busd_val │  bu   │  val_bu  │ rbu │
├─────────┼──────┼──────┼──────┼──────┼───────┼──────────┼───────────┼─────────┼──────────┼───────────┼───────────────┼────────────────────────────┼──────┼──────┼─────┼──────────┼──────────┼────────┼────────┼─────┼─────┼────────┼───────────┼───────────┼───────────────┼───────┼──────────┼─────┤
│    0    │ 4.4  │ 4.4  │ 4.4  │ 4.4  │ 3000  │ 13200000 │   3000    │  3000   │ 13200000 │ 13200000  │ 1674810900000 │ '2023-01-27T09:15:00.000Z' │  0   │ 100  │  0  │    0     │ Infinity │ 2309.1 │ 2112.1 │  0  │ 1.4 │ -3000  │ -13200000 │   -3000   │   -13200000   │       │          │     │
│    1    │ 4.4  │ 4.4  │ 4.4  │ 4.4  │ 2600  │ 11440000 │   5600    │  2600   │ 11440000 │ 24640000  │ 1674811200000 │ '2023-01-27T09:20:00.000Z' │  0   │ 100  │  0  │    0     │ Infinity │ 2309.1 │ 2112.1 │  0  │ 1.2 │ -2600  │ -11440000 │   -5600   │   -24640000   │       │          │     │
│    2    │ 4.49 │ 4.49 │ 4.46 │ 4.46 │ 13500 │ 60615000 │   20100   │  14500  │ 65087000 │ 89727000  │ 1674811500000 │ '2023-01-27T09:25:00.000Z' │ 6.9  │ 93.1 │  0  │   0.1    │   13.5   │ 2309.1 │ 2112.1 │  0  │ 6.4 │ -12500 │ -56143000 │  -18100   │   -80783000   │ 1000  │ 4472000  │ 0.4 │
│    3    │ 4.49 │ 4.49 │ 4.49 │ 4.49 │       │          │   21900   │  1800   │ 8082000  │ 97809000  │ 1674811800000 │ '2023-01-27T09:30:00.000Z' │ 100  │  0   │  0  │ Infinity │    0     │ 2309.1 │ 2112.1 │  0  │     │  1800  │  8082000  │  -16300   │   -72701000   │ 1800  │ 8082000  │ 0.8 │
│    4    │ 4.5  │ 4.55 │ 4.49 │ 4.49 │ 1300  │ 5847000  │   24800   │  2900   │ 13057000 │ 110866000 │ 1674812100000 │ '2023-01-27T09:35:00.000Z' │ 55.2 │ 44.8 │  0  │   1.2    │   0.8    │ 2309.1 │ 2112.1 │  0  │ 0.6 │  300   │  1363000  │  -16000   │   -71338000   │ 1600  │ 7210000  │ 0.7 │
│    5    │ 4.6  │ 4.6  │ 4.5  │ 4.5  │ 5000  │ 22500000 │   33000   │  8200   │ 37172000 │ 148038000 │ 1674812400000 │ '2023-01-27T09:40:00.000Z' │  39  │  61  │  0  │   0.6    │   1.6    │ 2309.1 │ 2112.1 │  0  │ 2.4 │ -1800  │ -7828000  │  -17800   │   -79166000   │ 3200  │ 14672000 │ 1.4 │
│    6    │ 4.5  │ 4.5  │ 4.5  │ 4.5  │  500  │ 2250000  │   37500   │  4500   │ 20250000 │ 168288000 │ 1674812700000 │ '2023-01-27T09:45:00.000Z' │ 88.9 │ 11.1 │  0  │    8     │   0.1    │ 2309.1 │ 2112.1 │  0  │ 0.2 │  3500  │ 15750000  │  -14300   │   -63416000   │ 4000  │ 18000000 │ 1.7 │
│    7    │ 4.55 │ 4.55 │ 4.5  │ 4.5  │  200  │  910000  │   38300   │   800   │ 3610000  │ 171898000 │ 1674813000000 │ '2023-01-27T09:50:00.000Z' │  75  │  25  │  0  │    3     │   0.3    │ 2309.1 │ 2112.1 │  0  │ 0.1 │  400   │  1790000  │  -13900   │   -61626000   │  600  │ 2700000  │ 0.3 │
│    8    │ 4.56 │ 4.59 │ 4.56 │ 4.56 │ 11700 │ 53387000 │   50400   │  12100  │ 55223000 │ 227121000 │ 1674813300000 │ '2023-01-27T09:55:00.000Z' │ 3.3  │ 96.7 │  0  │    0     │   29.3   │ 2309.1 │ 2112.1 │  0  │ 5.5 │ -11300 │ -51551000 │  -25200   │  -113177000   │  400  │ 1836000  │ 0.2 │
│    9    │ 4.49 │ 4.49 │ 4.49 │ 4.49 │ 1000  │ 4490000  │   51400   │  1000   │ 4490000  │ 231611000 │ 1674813600000 │ '2023-01-27T10:00:00.000Z' │  0   │ 100  │  0  │    0     │ Infinity │ 2309.1 │ 2112.1 │  0  │ 0.5 │ -1000  │ -4490000  │  -26200   │  -117667000   │       │          │     │
│   10    │ 4.49 │ 4.49 │ 4.49 │ 4.49 │  700  │ 3143000  │   52100   │   700   │ 3143000  │ 234754000 │ 1674815100000 │ '2023-01-27T10:25:00.000Z' │  0   │ 100  │  0  │    0     │ Infinity │ 2309.1 │ 2112.1 │  0  │ 0.3 │  -700  │ -3143000  │  -26900   │  -120810000   │       │          │     │
│   11    │ 4.49 │ 4.49 │ 4.49 │ 4.49 │       │          │   54000   │  1900   │ 8531000  │ 243285000 │ 1674815700000 │ '2023-01-27T10:35:00.000Z' │ 100  │  0   │  0  │ Infinity │    0     │ 2309.1 │ 2112.1 │  0  │     │  1900  │  8531000  │  -25000   │  -112279000   │ 1900  │ 8531000  │ 0.8 │
│   12    │ 4.49 │ 4.49 │ 4.49 │ 4.49 │ 5000  │ 22450000 │   59000   │  5000   │ 22450000 │ 265735000 │ 1674816300000 │ '2023-01-27T10:45:00.000Z' │  0   │ 100  │  0  │    0     │ Infinity │ 2309.1 │ 2112.1 │  0  │ 2.4 │ -5000  │ -22450000 │  -30000   │  -134729000   │       │          │     │
│   13    │ 4.41 │ 4.49 │ 4.4  │ 4.49 │ 8000  │ 35695000 │   77900   │  18900  │ 83760000 │ 349495000 │ 1674816600000 │ '2023-01-27T10:50:00.000Z' │ 57.7 │ 42.3 │  0  │   1.4    │   0.7    │ 2309.1 │ 2112.1 │  0  │ 3.8 │  2900  │ 12370000  │  -27100   │  -122359000   │ 10900 │ 48065000 │ 4.7 │
│   14    │ 4.41 │ 4.41 │ 4.41 │ 4.41 │       │          │   78400   │   500   │ 2205000  │ 351700000 │ 1674816900000 │ '2023-01-27T10:55:00.000Z' │ 100  │  0   │  0  │ Infinity │    0     │ 2309.1 │ 2112.1 │  0  │     │  500   │  2205000  │  -26600   │  -120154000   │  500  │ 2205000  │ 0.2 │
│   15    │ 4.2  │ 4.41 │ 4.1  │ 4.41 │ 6600  │ 28046000 │   90000   │  11600  │ 48646000 │ 400346000 │ 1674817200000 │ '2023-01-27T11:00:00.000Z' │ 43.1 │ 56.9 │  0  │   0.8    │   1.3    │ 2309.1 │ 2112.1 │  0  │ 3.1 │ -1600  │ -7446000  │  -28200   │  -127600000   │ 5000  │ 20600000 │ 2.2 │
│   16    │ 4.3  │ 4.3  │ 4.3  │ 4.3  │  300  │ 1290000  │   90300   │   300   │ 1290000  │ 401636000 │ 1674818400000 │ '2023-01-27T11:20:00.000Z' │  0   │ 100  │  0  │    0     │ Infinity │ 2309.1 │ 2112.1 │  0  │ 0.1 │  -300  │ -1290000  │  -28500   │  -128890000   │       │          │     │
│   17    │ 4.41 │ 4.41 │ 4.4  │ 4.4  │ 1300  │ 5720000  │   93200   │  2900   │ 12776000 │ 414412000 │ 1674818700000 │ '2023-01-27T11:25:00.000Z' │ 55.2 │ 44.8 │  0  │   1.2    │   0.8    │ 2309.1 │ 2112.1 │  0  │ 0.6 │  300   │  1336000  │  -28200   │  -127554000   │ 1600  │ 7056000  │ 0.7 │
│   18    │ 4.49 │ 4.49 │ 4.41 │ 4.41 │ 1100  │ 4851000  │   96500   │  3300   │ 14713000 │ 429125000 │ 1674824400000 │ '2023-01-27T13:00:00.000Z' │ 66.7 │ 33.3 │  0  │    2     │   0.5    │ 2309.1 │ 2112.1 │  0  │ 0.5 │  1100  │  5011000  │  -27100   │  -122543000   │ 2200  │ 9862000  │  1  │
│   19    │ 4.46 │ 4.46 │ 4.46 │ 4.46 │       │          │   96600   │   100   │  446000  │ 429571000 │ 1674824700000 │ '2023-01-27T13:05:00.000Z' │ 100  │  0   │  0  │ Infinity │    0     │ 2309.1 │ 2112.1 │  0  │     │  100   │  446000   │  -27000   │  -122097000   │  100  │  446000  │  0  │
│   20    │ 4.46 │ 4.46 │ 4.46 │ 4.46 │       │          │   96700   │   100   │  446000  │ 430017000 │ 1674825000000 │ '2023-01-27T13:10:00.000Z' │ 100  │  0   │  0  │ Infinity │    0     │ 2309.1 │ 2112.1 │  0  │     │  100   │  446000   │  -26900   │  -121651000   │  100  │  446000  │  0  │
├─────────┼──────┼──────┼──────┼──────┼───────┼──────────┼───────────┼─────────┼──────────┼───────────┼───────────────┼────────────────────────────┼──────┼──────┼─────┼──────────┼──────────┼────────┼────────┼─────┼─────┼────────┼───────────┼───────────┼───────────────┼───────┼──────────┼─────┤
│ (index) │  c   │  h   │  l   │  o   │  sd   │  val_sd  │ total_vol │ sum_vol │   val    │ acum_val  │   datetime    │            date            │ pbu  │ psd  │ puk │    bs    │    sb    │  abu   │  asd   │ auk │ rsd │ bu-sd  │ bu-sd_val │ acum_busd │ acum_busd_val │  bu   │  val_bu  │ rbu │
├─────────┼──────┼──────┼──────┼──────┼───────┼──────────┼───────────┼─────────┼──────────┼───────────┼───────────────┼────────────────────────────┼──────┼──────┼─────┼──────────┼──────────┼────────┼────────┼─────┼─────┼────────┼───────────┼───────────┼───────────────┼───────┼──────────┼─────┤
│   21    │ 4.46 │ 4.46 │ 4.46 │ 4.46 │       │          │   98300   │  1600   │ 7136000  │ 437153000 │ 1674825600000 │ '2023-01-27T13:20:00.000Z' │ 100  │  0   │  0  │ Infinity │    0     │ 2309.1 │ 2112.1 │  0  │     │  1600  │  7136000  │  -25300   │  -114515000   │ 1600  │ 7136000  │ 0.7 │
│   22    │ 4.41 │ 4.41 │ 4.41 │ 4.41 │  200  │  882000  │   98500   │   200   │  882000  │ 438035000 │ 1674826200000 │ '2023-01-27T13:30:00.000Z' │  0   │ 100  │  0  │    0     │ Infinity │ 2309.1 │ 2112.1 │  0  │ 0.1 │  -200  │  -882000  │  -25500   │  -115397000   │       │          │     │
│   23    │ 4.46 │ 4.46 │ 4.46 │ 4.46 │       │          │   98600   │   100   │  446000  │ 438481000 │ 1674826500000 │ '2023-01-27T13:35:00.000Z' │ 100  │  0   │  0  │ Infinity │    0     │ 2309.1 │ 2112.1 │  0  │     │  100   │  446000   │  -25400   │  -114951000   │  100  │  446000  │  0  │
│   24    │ 4.46 │ 4.46 │ 4.46 │ 4.46 │       │          │   98700   │   100   │  446000  │ 438927000 │ 1674826800000 │ '2023-01-27T13:40:00.000Z' │ 100  │  0   │  0  │ Infinity │    0     │ 2309.1 │ 2112.1 │  0  │     │  100   │  446000   │  -25300   │  -114505000   │  100  │  446000  │  0  │
│   25    │ 4.46 │ 4.46 │ 4.46 │ 4.46 │       │          │   98900   │   200   │  892000  │ 439819000 │ 1674827400000 │ '2023-01-27T13:50:00.000Z' │ 100  │  0   │  0  │ Infinity │    0     │ 2309.1 │ 2112.1 │  0  │     │  200   │  892000   │  -25100   │  -113613000   │  200  │  892000  │ 0.1 │
│   26    │ 4.41 │ 4.41 │ 4.41 │ 4.41 │ 1700  │ 7497000  │  100600   │  1700   │ 7497000  │ 447316000 │ 1674827700000 │ '2023-01-27T13:55:00.000Z' │  0   │ 100  │  0  │    0     │ Infinity │ 2309.1 │ 2112.1 │  0  │ 0.8 │ -1700  │ -7497000  │  -26800   │  -121110000   │       │          │     │
│   27    │ 4.41 │ 4.41 │ 4.41 │ 4.41 │       │          │  103700   │  3100   │ 13671000 │ 460987000 │ 1674828300000 │ '2023-01-27T14:05:00.000Z' │ 100  │  0   │  0  │ Infinity │    0     │ 2309.1 │ 2112.1 │  0  │     │  3100  │ 13671000  │  -23700   │  -107439000   │ 3100  │ 13671000 │ 1.3 │
│   28    │ 4.31 │ 4.39 │ 4.31 │ 4.39 │ 6000  │ 25940000 │  109700   │  6000   │ 25940000 │ 486927000 │ 1674828600000 │ '2023-01-27T14:10:00.000Z' │  0   │ 100  │  0  │    0     │ Infinity │ 2309.1 │ 2112.1 │  0  │ 2.8 │ -6000  │ -25940000 │  -29700   │  -133379000   │       │          │     │
│   29    │ 4.31 │ 4.31 │ 4.31 │ 4.31 │       │          │  125400   │  15700  │ 67667000 │ 554594000 │ 1674828900000 │ '2023-01-27T14:15:00.000Z' │ 100  │  0   │  0  │ Infinity │    0     │ 2309.1 │ 2112.1 │  0  │     │ 15700  │ 67667000  │  -14000   │   -65712000   │ 15700 │ 67667000 │ 6.8 │
│   30    │ 4.41 │ 4.41 │ 4.41 │ 4.41 │       │          │  125700   │   300   │ 1323000  │ 555917000 │ 1674829200000 │ '2023-01-27T14:20:00.000Z' │ 100  │  0   │  0  │ Infinity │    0     │ 2309.1 │ 2112.1 │  0  │     │  300   │  1323000  │  -13700   │   -64389000   │  300  │ 1323000  │ 0.1 │
│   31    │ 4.4  │ 4.4  │ 4.4  │ 4.4  │       │          │  130900   │  5200   │ 22880000 │ 578797000 │ 1674829500000 │ '2023-01-27T14:25:00.000Z' │ 100  │  0   │  0  │ Infinity │    0     │ 2309.1 │ 2112.1 │  0  │     │  5200  │ 22880000  │   -8500   │   -41509000   │ 5200  │ 22880000 │ 2.3 │
│   32    │ 4.39 │ 4.39 │ 4.39 │ 4.39 │       │          │  145900   │  15000  │ 65850000 │ 644647000 │ 1674830700000 │ '2023-01-27T14:45:00.000Z' │ 100  │  0   │  0  │ Infinity │    0     │ 2309.1 │ 2112.1 │  0  │     │ 15000  │ 65850000  │   6500    │   24341000    │ 15000 │ 65850000 │ 6.5 │
└─────────┴──────┴──────┴──────┴──────┴───────┴──────────┴───────────┴─────────┴──────────┴───────────┴───────────────┴────────────────────────────┴──────┴──────┴─────┴──────────┴──────────┴────────┴────────┴─────┴─────┴────────┴───────────┴───────────┴───────────────┴───────┴──────────┴─────┘

