┌─────────┬───────┬───────┬───────┬───────┬──────┬──────────┬───────────┬─────────┬──────────┬───────────┬──────┬──────────┬───────────────┬────────────────────────────┬──────┬──────┬─────┬──────────┬──────────┬───────┬───────┬─────┬─────┬─────┬───────┬───────────┬───────────┬───────────────┐
│ (index) │   c   │   h   │   l   │   o   │  sd  │  val_sd  │ total_vol │ sum_vol │   val    │ acum_val  │  bu  │  val_bu  │   datetime    │            date            │ pbu  │ psd  │ puk │    bs    │    sb    │  abu  │  asd  │ auk │ rsd │ rbu │ bu-sd │ bu-sd_val │ acum_busd │ acum_busd_val │
├─────────┼───────┼───────┼───────┼───────┼──────┼──────────┼───────────┼─────────┼──────────┼───────────┼──────┼──────────┼───────────────┼────────────────────────────┼──────┼──────┼─────┼──────────┼──────────┼───────┼───────┼─────┼─────┼─────┼───────┼───────────┼───────────┼───────────────┤
│    0    │  11   │  11   │ 10.85 │ 10.85 │ 100  │ 1085000  │    300    │   300   │ 2176100  │  2176100  │ 200  │ 1091100  │ 1674810840000 │ '2023-01-27T09:14:00.000Z' │ 66.7 │ 33.3 │  0  │    2     │   0.5    │ 462.5 │ 568.8 │  0  │ 0.2 │ 0.4 │  100  │   6100    │    100    │     6100      │
│    1    │  11   │  11   │  11   │  11   │      │          │    500    │   200   │   2200   │  2178300  │ 200  │   2200   │ 1674810960000 │ '2023-01-27T09:16:00.000Z' │ 100  │  0   │  0  │ Infinity │    0     │ 462.5 │ 568.8 │  0  │     │ 0.4 │  200  │   2200    │    300    │     8300      │
│    2    │ 11.2  │ 11.2  │  11   │  11   │      │          │   1400    │   900   │ 8951100  │ 11129400  │ 900  │ 8951100  │ 1674811080000 │ '2023-01-27T09:18:00.000Z' │ 100  │  0   │  0  │ Infinity │    0     │ 462.5 │ 568.8 │  0  │     │ 1.9 │  900  │  8951100  │   1200    │    8959400    │
│    3    │ 11.45 │ 11.45 │ 11.3  │ 11.3  │      │          │   2700    │  1300   │ 14805000 │ 25934400  │ 1300 │ 14805000 │ 1674811320000 │ '2023-01-27T09:22:00.000Z' │ 100  │  0   │  0  │ Infinity │    0     │ 462.5 │ 568.8 │  0  │     │ 2.8 │ 1300  │ 14805000  │   2500    │   23764400    │
│    4    │ 11.5  │ 11.5  │ 11.5  │ 11.5  │ 100  │ 1150000  │   7300    │  4600   │ 52900000 │ 78834400  │ 4500 │ 51750000 │ 1674811440000 │ '2023-01-27T09:24:00.000Z' │ 97.8 │ 2.2  │  0  │    45    │    0     │ 462.5 │ 568.8 │  0  │ 0.2 │ 9.7 │ 4400  │ 50600000  │   6900    │   74364400    │
│    5    │ 11.5  │ 11.5  │ 11.5  │ 11.5  │      │          │   7600    │   300   │ 3450000  │ 82284400  │ 300  │ 3450000  │ 1674811560000 │ '2023-01-27T09:26:00.000Z' │ 100  │  0   │  0  │ Infinity │    0     │ 462.5 │ 568.8 │  0  │     │ 0.6 │  300  │  3450000  │   7200    │   77814400    │
│    6    │ 11.5  │ 11.5  │ 11.5  │ 11.5  │ 100  │ 1150000  │   7700    │   100   │ 1150000  │ 83434400  │      │          │ 1674811680000 │ '2023-01-27T09:28:00.000Z' │  0   │ 100  │  0  │    0     │ Infinity │ 462.5 │ 568.8 │  0  │ 0.2 │     │ -100  │ -1150000  │   7100    │   76664400    │
│    7    │ 11.5  │ 11.5  │ 11.5  │ 11.5  │ 3000 │ 34500000 │   10700   │  3000   │ 34500000 │ 117934400 │      │          │ 1674811800000 │ '2023-01-27T09:30:00.000Z' │  0   │ 100  │  0  │    0     │ Infinity │ 462.5 │ 568.8 │  0  │ 5.3 │     │ -3000 │ -34500000 │   4100    │   42164400    │
│    8    │ 11.5  │ 11.5  │ 11.5  │ 11.5  │ 1000 │ 11500000 │   11700   │  1000   │ 11500000 │ 129434400 │      │          │ 1674812880000 │ '2023-01-27T09:48:00.000Z' │  0   │ 100  │  0  │    0     │ Infinity │ 462.5 │ 568.8 │  0  │ 1.8 │     │ -1000 │ -11500000 │   3100    │   30664400    │
│    9    │ 11.5  │ 11.5  │ 11.5  │ 11.5  │ 1000 │ 11500000 │   12700   │  1000   │ 11500000 │ 140934400 │      │          │ 1674813000000 │ '2023-01-27T09:50:00.000Z' │  0   │ 100  │  0  │    0     │ Infinity │ 462.5 │ 568.8 │  0  │ 1.8 │     │ -1000 │ -11500000 │   2100    │   19164400    │
│   10    │ 11.5  │ 11.5  │ 11.5  │ 11.5  │ 2000 │ 23000000 │   14700   │  2000   │ 23000000 │ 163934400 │      │          │ 1674813120000 │ '2023-01-27T09:52:00.000Z' │  0   │ 100  │  0  │    0     │ Infinity │ 462.5 │ 568.8 │  0  │ 3.5 │     │ -2000 │ -23000000 │    100    │   -3835600    │
│   11    │ 11.5  │ 11.5  │ 11.5  │ 11.5  │ 500  │ 5750000  │   15200   │   500   │ 5750000  │ 169684400 │      │          │ 1674813480000 │ '2023-01-27T09:58:00.000Z' │  0   │ 100  │  0  │    0     │ Infinity │ 462.5 │ 568.8 │  0  │ 0.9 │     │ -500  │ -5750000  │   -400    │   -9585600    │
│   12    │ 11.5  │ 11.5  │ 11.5  │ 11.5  │ 200  │ 2300000  │   15400   │   200   │ 2300000  │ 171984400 │      │          │ 1674817920000 │ '2023-01-27T11:12:00.000Z' │  0   │ 100  │  0  │    0     │ Infinity │ 462.5 │ 568.8 │  0  │ 0.4 │     │ -200  │ -2300000  │   -600    │   -11885600   │
│   13    │ 11.5  │ 11.5  │ 11.5  │ 11.5  │ 100  │ 1150000  │   15500   │   100   │ 1150000  │ 173134400 │      │          │ 1674824400000 │ '2023-01-27T13:00:00.000Z' │  0   │ 100  │  0  │    0     │ Infinity │ 462.5 │ 568.8 │  0  │ 0.2 │     │ -100  │ -1150000  │   -700    │   -13035600   │
│   14    │ 11.5  │ 11.5  │ 11.5  │ 11.5  │ 100  │ 1150000  │   15600   │   100   │ 1150000  │ 174284400 │      │          │ 1674827520000 │ '2023-01-27T13:52:00.000Z' │  0   │ 100  │  0  │    0     │ Infinity │ 462.5 │ 568.8 │  0  │ 0.2 │     │ -100  │ -1150000  │   -800    │   -14185600   │
│   15    │ 11.5  │ 11.5  │ 11.5  │ 11.5  │ 900  │ 10350000 │   16500   │   900   │ 10350000 │ 184634400 │      │          │ 1674829080000 │ '2023-01-27T14:18:00.000Z' │  0   │ 100  │  0  │    0     │ Infinity │ 462.5 │ 568.8 │  0  │ 1.6 │     │ -900  │ -10350000 │   -1700   │   -24535600   │
└─────────┴───────┴───────┴───────┴───────┴──────┴──────────┴───────────┴─────────┴──────────┴───────────┴──────┴──────────┴───────────────┴────────────────────────────┴──────┴──────┴─────┴──────────┴──────────┴───────┴───────┴─────┴─────┴─────┴───────┴───────────┴───────────┴───────────────┘

