┌─────────┬─────┬─────┬─────┬─────┬──────┬──────────┬───────────┬─────────┬──────────┬───────────┬───────────────┬────────────────────────────┬─────┬─────┬─────┬──────────┬──────────┬─────┬───────┬─────┬─────┬───────┬───────────┬───────────┬───────────────┬──────┬──────────┬─────┐
│ (index) │  c  │  h  │  l  │  o  │  bu  │  val_bu  │ total_vol │ sum_vol │   val    │ acum_val  │   datetime    │            date            │ pbu │ psd │ puk │    bs    │    sb    │ abu │  asd  │ auk │ rbu │ bu-sd │ bu-sd_val │ acum_busd │ acum_busd_val │  sd  │  val_sd  │ rsd │
├─────────┼─────┼─────┼─────┼─────┼──────┼──────────┼───────────┼─────────┼──────────┼───────────┼───────────────┼────────────────────────────┼─────┼─────┼─────┼──────────┼──────────┼─────┼───────┼─────┼─────┼───────┼───────────┼───────────┼───────────────┼──────┼──────────┼─────┤
│    0    │ 7.8 │ 7.8 │ 7.8 │ 7.8 │ 100  │  780000  │    100    │   100   │  780000  │  780000   │ 1674812520000 │ '2023-01-27T09:42:00.000Z' │ 100 │  0  │  0  │ Infinity │    0     │ 525 │ 687.5 │  0  │ 0.2 │  100  │  780000   │    100    │    780000     │      │          │     │
│    1    │ 7.8 │ 7.8 │ 7.8 │ 7.8 │ 100  │  780000  │    200    │   100   │  780000  │  1560000  │ 1674813840000 │ '2023-01-27T10:04:00.000Z' │ 100 │  0  │  0  │ Infinity │    0     │ 525 │ 687.5 │  0  │ 0.2 │  100  │  780000   │    200    │    1560000    │      │          │     │
│    2    │ 7.6 │ 7.6 │ 7.6 │ 7.6 │      │          │    900    │   700   │ 5320000  │  6880000  │ 1674814200000 │ '2023-01-27T10:10:00.000Z' │  0  │ 100 │  0  │    0     │ Infinity │ 525 │ 687.5 │  0  │     │ -700  │ -5320000  │   -500    │   -3760000    │ 700  │ 5320000  │  1  │
│    3    │ 7.6 │ 7.6 │ 7.6 │ 7.6 │      │          │   1600    │   700   │ 5320000  │ 12200000  │ 1674816120000 │ '2023-01-27T10:42:00.000Z' │  0  │ 100 │  0  │    0     │ Infinity │ 525 │ 687.5 │  0  │     │ -700  │ -5320000  │   -1200   │   -9080000    │ 700  │ 5320000  │  1  │
│    4    │ 7.6 │ 7.6 │ 7.6 │ 7.6 │      │          │   4100    │  2500   │ 19000000 │ 31200000  │ 1674816360000 │ '2023-01-27T10:46:00.000Z' │  0  │ 100 │  0  │    0     │ Infinity │ 525 │ 687.5 │  0  │     │ -2500 │ -19000000 │   -3700   │   -28080000   │ 2500 │ 19000000 │ 3.6 │
│    5    │ 7.6 │ 7.6 │ 7.6 │ 7.6 │ 500  │ 3800000  │   4600    │   500   │ 3800000  │ 35000000  │ 1674816480000 │ '2023-01-27T10:48:00.000Z' │ 100 │  0  │  0  │ Infinity │    0     │ 525 │ 687.5 │  0  │  1  │  500  │  3800000  │   -3200   │   -24280000   │      │          │     │
│    6    │ 7.7 │ 7.7 │ 7.7 │ 7.7 │ 2000 │ 15400000 │   6600    │  2000   │ 15400000 │ 50400000  │ 1674816840000 │ '2023-01-27T10:54:00.000Z' │ 100 │  0  │  0  │ Infinity │    0     │ 525 │ 687.5 │  0  │ 3.8 │ 2000  │ 15400000  │   -1200   │   -8880000    │      │          │     │
│    7    │ 7.7 │ 7.7 │ 7.7 │ 7.7 │ 1200 │ 9240000  │   7800    │  1200   │ 9240000  │ 59640000  │ 1674816960000 │ '2023-01-27T10:56:00.000Z' │ 100 │  0  │  0  │ Infinity │    0     │ 525 │ 687.5 │  0  │ 2.3 │ 1200  │  9240000  │     0     │    360000     │      │          │     │
│    8    │ 7.7 │ 7.7 │ 7.7 │ 7.7 │ 1000 │ 7700000  │   8800    │  1000   │ 7700000  │ 67340000  │ 1674817560000 │ '2023-01-27T11:06:00.000Z' │ 100 │  0  │  0  │ Infinity │    0     │ 525 │ 687.5 │  0  │ 1.9 │ 1000  │  7700000  │   1000    │    8060000    │      │          │     │
│    9    │ 7.7 │ 7.7 │ 7.7 │ 7.7 │ 1000 │ 7700000  │   9800    │  1000   │ 7700000  │ 75040000  │ 1674818280000 │ '2023-01-27T11:18:00.000Z' │ 100 │  0  │  0  │ Infinity │    0     │ 525 │ 687.5 │  0  │ 1.9 │ 1000  │  7700000  │   2000    │   15760000    │      │          │     │
│   10    │ 7.7 │ 7.7 │ 7.7 │ 7.7 │ 2000 │ 15400000 │   11800   │  2000   │ 15400000 │ 90440000  │ 1674818760000 │ '2023-01-27T11:26:00.000Z' │ 100 │  0  │  0  │ Infinity │    0     │ 525 │ 687.5 │  0  │ 3.8 │ 2000  │ 15400000  │   4000    │   31160000    │      │          │     │
│   11    │ 7.7 │ 7.7 │ 7.7 │ 7.7 │      │          │   12600   │   800   │ 6160000  │ 96600000  │ 1674825480000 │ '2023-01-27T13:18:00.000Z' │  0  │ 100 │  0  │    0     │ Infinity │ 525 │ 687.5 │  0  │     │ -800  │ -6160000  │   3200    │   25000000    │ 800  │ 6160000  │ 1.2 │
│   12    │ 7.7 │ 7.7 │ 7.7 │ 7.7 │      │          │   15900   │  3300   │ 25410000 │ 122010000 │ 1674827040000 │ '2023-01-27T13:44:00.000Z' │  0  │ 100 │  0  │    0     │ Infinity │ 525 │ 687.5 │  0  │     │ -3300 │ -25410000 │   -100    │    -410000    │ 3300 │ 25410000 │ 4.8 │
│   13    │ 7.8 │ 7.8 │ 7.8 │ 7.8 │ 500  │ 3900000  │   16400   │   500   │ 3900000  │ 125910000 │ 1674829320000 │ '2023-01-27T14:22:00.000Z' │ 100 │  0  │  0  │ Infinity │    0     │ 525 │ 687.5 │  0  │  1  │  500  │  3900000  │    400    │    3490000    │      │          │     │
│   14    │ 7.7 │ 7.7 │ 7.7 │ 7.7 │      │          │   17400   │  1000   │ 7700000  │ 133610000 │ 1674829800000 │ '2023-01-27T14:30:00.000Z' │  0  │ 100 │  0  │    0     │ Infinity │ 525 │ 687.5 │  0  │     │ -1000 │ -7700000  │   -600    │   -4210000    │ 1000 │ 7700000  │ 1.5 │
│   15    │ 7.7 │ 7.7 │ 7.7 │ 7.7 │      │          │   19400   │  2000   │ 15400000 │ 149010000 │ 1674830040000 │ '2023-01-27T14:34:00.000Z' │  0  │ 100 │  0  │    0     │ Infinity │ 525 │ 687.5 │  0  │     │ -2000 │ -15400000 │   -2600   │   -19610000   │ 2000 │ 15400000 │ 2.9 │
└─────────┴─────┴─────┴─────┴─────┴──────┴──────────┴───────────┴─────────┴──────────┴───────────┴───────────────┴────────────────────────────┴─────┴─────┴─────┴──────────┴──────────┴─────┴───────┴─────┴─────┴───────┴───────────┴───────────┴───────────────┴──────┴──────────┴─────┘

