┌─────────┬───────┬───────┬───────┬───────┬──────┬───────────┬───────────┬─────────┬───────────┬────────────┬───────────────┬────────────────────────────┬──────┬──────┬─────┬──────────┬──────────┬────────┬──────┬─────┬─────┬───────┬────────────┬───────────┬───────────────┬──────┬───────────┬─────┐
│ (index) │   c   │   h   │   l   │   o   │  bu  │  val_bu   │ total_vol │ sum_vol │    val    │  acum_val  │   datetime    │            date            │ pbu  │ psd  │ puk │    bs    │    sb    │  abu   │ asd  │ auk │ rbu │ bu-sd │ bu-sd_val  │ acum_busd │ acum_busd_val │  sd  │  val_sd   │ rsd │
├─────────┼───────┼───────┼───────┼───────┼──────┼───────────┼───────────┼─────────┼───────────┼────────────┼───────────────┼────────────────────────────┼──────┼──────┼─────┼──────────┼──────────┼────────┼──────┼─────┼─────┼───────┼────────────┼───────────┼───────────────┼──────┼───────────┼─────┤
│    0    │ 22.95 │ 22.95 │ 22.95 │ 22.95 │ 1100 │ 25245000  │   1100    │  1100   │ 25245000  │  25245000  │ 1674810900000 │ '2023-01-27T09:15:00.000Z' │ 100  │  0   │  0  │ Infinity │    0     │ 1134.3 │ 1100 │  0  │  1  │ 1100  │  25245000  │   1100    │   25245000    │      │           │     │
│    1    │ 22.9  │ 22.9  │ 22.9  │ 22.9  │ 100  │  2290000  │   1200    │   100   │  2290000  │  27535000  │ 1674811500000 │ '2023-01-27T09:25:00.000Z' │ 100  │  0   │  0  │ Infinity │    0     │ 1134.3 │ 1100 │  0  │ 0.1 │  100  │  2290000   │   1200    │   27535000    │      │           │     │
│    2    │ 22.9  │ 22.9  │ 22.9  │ 22.9  │ 1000 │ 22900000  │   2200    │  1000   │ 22900000  │  50435000  │ 1674812100000 │ '2023-01-27T09:35:00.000Z' │ 100  │  0   │  0  │ Infinity │    0     │ 1134.3 │ 1100 │  0  │ 0.9 │ 1000  │  22900000  │   2200    │   50435000    │      │           │     │
│    3    │ 22.85 │ 22.85 │ 22.85 │ 22.85 │ 100  │  2285000  │   2300    │   100   │  2285000  │  52720000  │ 1674812400000 │ '2023-01-27T09:40:00.000Z' │ 100  │  0   │  0  │ Infinity │    0     │ 1134.3 │ 1100 │  0  │ 0.1 │  100  │  2285000   │   2300    │   52720000    │      │           │     │
│    4    │ 22.85 │ 22.85 │ 22.85 │ 22.85 │ 100  │  2285000  │   2400    │   100   │  2285000  │  55005000  │ 1674812700000 │ '2023-01-27T09:45:00.000Z' │ 100  │  0   │  0  │ Infinity │    0     │ 1134.3 │ 1100 │  0  │ 0.1 │  100  │  2285000   │   2400    │   55005000    │      │           │     │
│    5    │ 22.8  │ 22.85 │ 22.8  │ 22.85 │ 400  │  9140000  │   4300    │  1900   │ 43340000  │  98345000  │ 1674813300000 │ '2023-01-27T09:55:00.000Z' │ 21.1 │ 78.9 │  0  │   0.3    │   3.8    │ 1134.3 │ 1100 │  0  │ 0.4 │ -1100 │ -25060000  │   1300    │   29945000    │ 1500 │ 34200000  │ 1.4 │
│    6    │ 22.7  │ 22.8  │ 22.7  │ 22.8  │ 100  │  2280000  │   4900    │   600   │ 13630000  │ 111975000  │ 1674813600000 │ '2023-01-27T10:00:00.000Z' │ 16.7 │ 83.3 │  0  │   0.2    │    5     │ 1134.3 │ 1100 │  0  │ 0.1 │ -400  │  -9070000  │    900    │   20875000    │ 500  │ 11350000  │ 0.5 │
│    7    │ 22.6  │ 22.7  │ 22.6  │ 22.7  │      │           │   9600    │  4700   │ 106390000 │ 218365000  │ 1674813900000 │ '2023-01-27T10:05:00.000Z' │  0   │ 100  │  0  │    0     │ Infinity │ 1134.3 │ 1100 │  0  │     │ -4700 │ -106390000 │   -3800   │   -85515000   │ 4700 │ 106390000 │ 4.3 │
│    8    │ 22.6  │ 22.6  │ 22.6  │ 22.6  │ 200  │  4520000  │   14200   │  4600   │ 103960000 │ 322325000  │ 1674814200000 │ '2023-01-27T10:10:00.000Z' │ 4.3  │ 95.7 │  0  │    0     │    22    │ 1134.3 │ 1100 │  0  │ 0.2 │ -4200 │ -94920000  │   -8000   │  -180435000   │ 4400 │ 99440000  │  4  │
│    9    │ 22.6  │ 22.6  │ 22.6  │ 22.6  │ 500  │ 11300000  │   14700   │   500   │ 11300000  │ 333625000  │ 1674814500000 │ '2023-01-27T10:15:00.000Z' │ 100  │  0   │  0  │ Infinity │    0     │ 1134.3 │ 1100 │  0  │ 0.4 │  500  │  11300000  │   -7500   │  -169135000   │      │           │     │
│   10    │ 22.6  │ 22.6  │ 22.6  │ 22.6  │ 900  │ 20340000  │   16700   │  2000   │ 45200000  │ 378825000  │ 1674815700000 │ '2023-01-27T10:35:00.000Z' │  45  │  55  │  0  │   0.8    │   1.2    │ 1134.3 │ 1100 │  0  │ 0.8 │ -200  │  -4520000  │   -7700   │  -173655000   │ 1100 │ 24860000  │  1  │
│   11    │ 22.6  │ 22.6  │ 22.55 │ 22.55 │ 3000 │ 67800000  │   20200   │  3500   │ 79075000  │ 457900000  │ 1674816000000 │ '2023-01-27T10:40:00.000Z' │ 85.7 │ 14.3 │  0  │    6     │   0.2    │ 1134.3 │ 1100 │  0  │ 2.6 │ 2500  │  56525000  │   -5200   │  -117130000   │ 500  │ 11275000  │ 0.5 │
│   12    │ 22.8  │ 22.8  │ 22.8  │ 22.8  │ 500  │ 11400000  │   20700   │   500   │ 11400000  │ 469300000  │ 1674816600000 │ '2023-01-27T10:50:00.000Z' │ 100  │  0   │  0  │ Infinity │    0     │ 1134.3 │ 1100 │  0  │ 0.4 │  500  │  11400000  │   -4700   │  -105730000   │      │           │     │
│   13    │ 22.8  │ 22.8  │ 22.8  │ 22.8  │ 100  │  2280000  │   21200   │   500   │ 11400000  │ 480700000  │ 1674816900000 │ '2023-01-27T10:55:00.000Z' │  20  │  80  │  0  │   0.3    │    4     │ 1134.3 │ 1100 │  0  │ 0.1 │ -300  │  -6840000  │   -5000   │  -112570000   │ 400  │  9120000  │ 0.4 │
│   14    │ 22.8  │ 22.8  │ 22.8  │ 22.8  │ 500  │ 11400000  │   21700   │   500   │ 11400000  │ 492100000  │ 1674817200000 │ '2023-01-27T11:00:00.000Z' │ 100  │  0   │  0  │ Infinity │    0     │ 1134.3 │ 1100 │  0  │ 0.4 │  500  │  11400000  │   -4500   │  -101170000   │      │           │     │
│   15    │ 22.8  │ 22.8  │ 22.65 │ 22.65 │ 2300 │ 52440000  │   24300   │  2600   │ 59235000  │ 551335000  │ 1674817800000 │ '2023-01-27T11:10:00.000Z' │ 88.5 │ 11.5 │  0  │   7.7    │   0.1    │ 1134.3 │ 1100 │  0  │  2  │ 2000  │  45645000  │   -2500   │   -55525000   │ 300  │  6795000  │ 0.3 │
│   16    │ 22.8  │ 22.8  │ 22.8  │ 22.8  │      │           │   26100   │  1800   │ 41040000  │ 592375000  │ 1674818400000 │ '2023-01-27T11:20:00.000Z' │  0   │ 100  │  0  │    0     │ Infinity │ 1134.3 │ 1100 │  0  │     │ -1800 │ -41040000  │   -4300   │   -96565000   │ 1800 │ 41040000  │ 1.6 │
│   17    │ 22.8  │ 22.8  │ 22.8  │ 22.8  │ 200  │  4560000  │   26300   │   200   │  4560000  │ 596935000  │ 1674818700000 │ '2023-01-27T11:25:00.000Z' │ 100  │  0   │  0  │ Infinity │    0     │ 1134.3 │ 1100 │  0  │ 0.2 │  200  │  4560000   │   -4100   │   -92005000   │      │           │     │
│   18    │ 22.85 │ 22.85 │ 22.8  │ 22.8  │ 9200 │ 210165000 │   35500   │  9200   │ 210165000 │ 807100000  │ 1674824400000 │ '2023-01-27T13:00:00.000Z' │ 100  │  0   │  0  │ Infinity │    0     │ 1134.3 │ 1100 │  0  │ 8.1 │ 9200  │ 210165000  │   5100    │   118160000   │      │           │     │
│   19    │ 22.85 │ 22.85 │ 22.85 │ 22.85 │      │           │   36900   │  1400   │ 31990000  │ 839090000  │ 1674824700000 │ '2023-01-27T13:05:00.000Z' │  0   │ 100  │  0  │    0     │ Infinity │ 1134.3 │ 1100 │  0  │     │ -1400 │ -31990000  │   3700    │   86170000    │ 1400 │ 31990000  │ 1.3 │
│   20    │ 22.85 │ 22.85 │ 22.85 │ 22.85 │ 700  │ 15995000  │   37600   │   700   │ 15995000  │ 855085000  │ 1674825000000 │ '2023-01-27T13:10:00.000Z' │ 100  │  0   │  0  │ Infinity │    0     │ 1134.3 │ 1100 │  0  │ 0.6 │  700  │  15995000  │   4400    │   102165000   │      │           │     │
├─────────┼───────┼───────┼───────┼───────┼──────┼───────────┼───────────┼─────────┼───────────┼────────────┼───────────────┼────────────────────────────┼──────┼──────┼─────┼──────────┼──────────┼────────┼──────┼─────┼─────┼───────┼────────────┼───────────┼───────────────┼──────┼───────────┼─────┤
│ (index) │   c   │   h   │   l   │   o   │  bu  │  val_bu   │ total_vol │ sum_vol │    val    │  acum_val  │   datetime    │            date            │ pbu  │ psd  │ puk │    bs    │    sb    │  abu   │ asd  │ auk │ rbu │ bu-sd │ bu-sd_val  │ acum_busd │ acum_busd_val │  sd  │  val_sd   │ rsd │
├─────────┼───────┼───────┼───────┼───────┼──────┼───────────┼───────────┼─────────┼───────────┼────────────┼───────────────┼────────────────────────────┼──────┼──────┼─────┼──────────┼──────────┼────────┼──────┼─────┼─────┼───────┼────────────┼───────────┼───────────────┼──────┼───────────┼─────┤
│   21    │ 22.9  │ 22.9  │ 22.9  │ 22.9  │ 1700 │ 38930000  │   39300   │  1700   │ 38930000  │ 894015000  │ 1674825300000 │ '2023-01-27T13:15:00.000Z' │ 100  │  0   │  0  │ Infinity │    0     │ 1134.3 │ 1100 │  0  │ 1.5 │ 1700  │  38930000  │   6100    │   141095000   │      │           │     │
│   22    │ 22.8  │ 22.9  │ 22.8  │ 22.9  │ 4400 │ 100760000 │   45100   │  5800   │ 132755000 │ 1026770000 │ 1674825600000 │ '2023-01-27T13:20:00.000Z' │ 75.9 │ 24.1 │  0  │   3.1    │   0.3    │ 1134.3 │ 1100 │  0  │ 3.9 │ 3000  │  68765000  │   9100    │   209860000   │ 1400 │ 31995000  │ 1.3 │
│   23    │ 22.85 │ 22.85 │ 22.85 │ 22.85 │ 200  │  4570000  │   45300   │   200   │  4570000  │ 1031340000 │ 1674825900000 │ '2023-01-27T13:25:00.000Z' │ 100  │  0   │  0  │ Infinity │    0     │ 1134.3 │ 1100 │  0  │ 0.2 │  200  │  4570000   │   9300    │   214430000   │      │           │     │
│   24    │ 22.85 │ 22.85 │ 22.8  │ 22.8  │ 1100 │ 25135000  │   47400   │  2100   │ 47935000  │ 1079275000 │ 1674826200000 │ '2023-01-27T13:30:00.000Z' │ 52.4 │ 47.6 │  0  │   1.1    │   0.9    │ 1134.3 │ 1100 │  0  │  1  │  100  │  2335000   │   9400    │   216765000   │ 1000 │ 22800000  │ 0.9 │
│   25    │ 22.85 │ 22.9  │ 22.85 │ 22.85 │ 6100 │ 139640000 │   58500   │  11100  │ 253890000 │ 1333165000 │ 1674826500000 │ '2023-01-27T13:35:00.000Z' │  55  │  45  │  0  │   1.2    │   0.8    │ 1134.3 │ 1100 │  0  │ 5.4 │ 1100  │  25390000  │   10500   │   242155000   │ 5000 │ 114250000 │ 4.5 │
│   26    │ 22.9  │ 22.9  │ 22.9  │ 22.9  │ 500  │ 11450000  │   59000   │   500   │ 11450000  │ 1344615000 │ 1674826800000 │ '2023-01-27T13:40:00.000Z' │ 100  │  0   │  0  │ Infinity │    0     │ 1134.3 │ 1100 │  0  │ 0.4 │  500  │  11450000  │   11000   │   253605000   │      │           │     │
│   27    │ 22.9  │ 22.9  │ 22.9  │ 22.9  │ 100  │  2290000  │   59100   │   100   │  2290000  │ 1346905000 │ 1674827400000 │ '2023-01-27T13:50:00.000Z' │ 100  │  0   │  0  │ Infinity │    0     │ 1134.3 │ 1100 │  0  │ 0.1 │  100  │  2290000   │   11100   │   255895000   │      │           │     │
│   28    │ 22.8  │ 22.8  │ 22.8  │ 22.8  │      │           │   59600   │   500   │ 11400000  │ 1358305000 │ 1674827700000 │ '2023-01-27T13:55:00.000Z' │  0   │ 100  │  0  │    0     │ Infinity │ 1134.3 │ 1100 │  0  │     │ -500  │ -11400000  │   10600   │   244495000   │ 500  │ 11400000  │ 0.5 │
│   29    │ 22.9  │ 22.9  │ 22.9  │ 22.9  │ 100  │  2290000  │   59700   │   100   │  2290000  │ 1360595000 │ 1674828300000 │ '2023-01-27T14:05:00.000Z' │ 100  │  0   │  0  │ Infinity │    0     │ 1134.3 │ 1100 │  0  │ 0.1 │  100  │  2290000   │   10700   │   246785000   │      │           │     │
│   30    │ 22.9  │ 22.9  │ 22.9  │ 22.9  │ 3000 │ 68700000  │   62700   │  3000   │ 68700000  │ 1429295000 │ 1674828600000 │ '2023-01-27T14:10:00.000Z' │ 100  │  0   │  0  │ Infinity │    0     │ 1134.3 │ 1100 │  0  │ 2.6 │ 3000  │  68700000  │   13700   │   315485000   │      │           │     │
│   31    │ 22.8  │ 22.8  │ 22.8  │ 22.8  │      │           │   68900   │  6200   │ 141360000 │ 1570655000 │ 1674828900000 │ '2023-01-27T14:15:00.000Z' │  0   │ 100  │  0  │    0     │ Infinity │ 1134.3 │ 1100 │  0  │     │ -6200 │ -141360000 │   7500    │   174125000   │ 6200 │ 141360000 │ 5.6 │
│   32    │ 22.8  │ 22.8  │ 22.8  │ 22.8  │      │           │   72300   │  3400   │ 77520000  │ 1648175000 │ 1674829200000 │ '2023-01-27T14:20:00.000Z' │  0   │ 100  │  0  │    0     │ Infinity │ 1134.3 │ 1100 │  0  │     │ -3400 │ -77520000  │   4100    │   96605000    │ 3400 │ 77520000  │ 3.1 │
│   33    │ 22.7  │ 22.75 │ 22.7  │ 22.75 │ 1500 │ 34125000  │   77300   │  5000   │ 113620000 │ 1761795000 │ 1674829500000 │ '2023-01-27T14:25:00.000Z' │  30  │  70  │  0  │   0.4    │   2.3    │ 1134.3 │ 1100 │  0  │ 1.3 │ -2000 │ -45370000  │   2100    │   51235000    │ 3500 │ 79495000  │ 3.2 │
│   34    │ 22.75 │ 22.75 │ 22.75 │ 22.75 │      │           │   78200   │   900   │ 20475000  │ 1782270000 │ 1674830700000 │ '2023-01-27T14:45:00.000Z' │  0   │ 100  │  0  │    0     │ Infinity │ 1134.3 │ 1100 │  0  │     │ -900  │ -20475000  │   1200    │   30760000    │ 900  │ 20475000  │ 0.8 │
└─────────┴───────┴───────┴───────┴───────┴──────┴───────────┴───────────┴─────────┴───────────┴────────────┴───────────────┴────────────────────────────┴──────┴──────┴─────┴──────────┴──────────┴────────┴──────┴─────┴─────┴───────┴────────────┴───────────┴───────────────┴──────┴───────────┴─────┘

