┌─────────┬───────┬───────┬───────┬───────┬──────┬──────────┬───────────┬─────────┬──────────┬───────────┬──────┬──────────┬───────────────┬────────────────────────────┬──────┬──────┬─────┬──────────┬──────────┬───────┬───────┬─────┬─────┬─────┬───────┬───────────┬───────────┬───────────────┐
│ (index) │   c   │   h   │   l   │   o   │  sd  │  val_sd  │ total_vol │ sum_vol │   val    │ acum_val  │  bu  │  val_bu  │   datetime    │            date            │ pbu  │ psd  │ puk │    bs    │    sb    │  abu  │  asd  │ auk │ rsd │ rbu │ bu-sd │ bu-sd_val │ acum_busd │ acum_busd_val │
├─────────┼───────┼───────┼───────┼───────┼──────┼──────────┼───────────┼─────────┼──────────┼───────────┼──────┼──────────┼───────────────┼────────────────────────────┼──────┼──────┼─────┼──────────┼──────────┼───────┼───────┼─────┼─────┼─────┼───────┼───────────┼───────────┼───────────────┤
│    0    │ 12.2  │ 12.2  │ 11.75 │ 11.75 │ 2000 │ 23500000 │   2800    │  2800   │ 33220000 │ 33220000  │ 800  │ 9720000  │ 1674119640000 │ '2023-01-19T09:14:00.000Z' │ 28.6 │ 71.4 │  0  │   0.4    │   2.5    │ 286.4 │ 597.7 │  0  │ 3.3 │ 2.8 │ -1200 │ -13780000 │   -1200   │   -13780000   │
│    1    │ 12.1  │ 12.1  │ 12.1  │ 12.1  │ 100  │ 1210000  │   3000    │   200   │ 2420000  │ 35640000  │ 100  │ 1210000  │ 1674120480000 │ '2023-01-19T09:28:00.000Z' │  50  │  50  │  0  │    1     │    1     │ 286.4 │ 597.7 │  0  │ 0.2 │ 0.3 │   0   │     0     │   -1200   │   -13780000   │
│    2    │ 12.1  │ 12.1  │ 12.1  │ 12.1  │      │          │   3100    │   100   │ 1210000  │ 36850000  │ 100  │ 1210000  │ 1674120840000 │ '2023-01-19T09:34:00.000Z' │ 100  │  0   │  0  │ Infinity │    0     │ 286.4 │ 597.7 │  0  │     │ 0.3 │  100  │  1210000  │   -1100   │   -12570000   │
│    3    │ 12.05 │ 12.05 │ 12.05 │ 12.05 │      │          │   4600    │  1500   │ 18075000 │ 54925000  │ 1500 │ 18075000 │ 1674121440000 │ '2023-01-19T09:44:00.000Z' │ 100  │  0   │  0  │ Infinity │    0     │ 286.4 │ 597.7 │  0  │     │ 5.2 │ 1500  │ 18075000  │    400    │    5505000    │
│    4    │  12   │  12   │  12   │  12   │ 300  │   3600   │   4900    │   300   │   3600   │ 54928600  │      │          │ 1674121800000 │ '2023-01-19T09:50:00.000Z' │  0   │ 100  │  0  │    0     │ Infinity │ 286.4 │ 597.7 │  0  │ 0.5 │     │ -300  │   -3600   │    100    │    5501400    │
│    5    │ 11.95 │ 11.95 │ 11.95 │ 11.95 │ 500  │ 5975000  │   5500    │   600   │ 7170000  │ 62098600  │ 100  │ 1195000  │ 1674121920000 │ '2023-01-19T09:52:00.000Z' │ 16.7 │ 83.3 │  0  │   0.2    │    5     │ 286.4 │ 597.7 │  0  │ 0.8 │ 0.3 │ -400  │ -4780000  │   -300    │    721400     │
│    6    │ 11.95 │ 11.95 │ 11.95 │ 11.95 │ 100  │ 1195000  │   6000    │   500   │ 5975000  │ 68073600  │ 400  │ 4780000  │ 1674122040000 │ '2023-01-19T09:54:00.000Z' │  80  │  20  │  0  │    4     │   0.3    │ 286.4 │ 597.7 │  0  │ 0.2 │ 1.4 │  300  │  3585000  │     0     │    4306400    │
│    7    │ 11.95 │ 11.95 │ 11.95 │ 11.95 │ 100  │ 1195000  │   6100    │   100   │ 1195000  │ 69268600  │      │          │ 1674122160000 │ '2023-01-19T09:56:00.000Z' │  0   │ 100  │  0  │    0     │ Infinity │ 286.4 │ 597.7 │  0  │ 0.2 │     │ -100  │ -1195000  │   -100    │    3111400    │
│    8    │ 11.95 │ 11.95 │ 11.95 │ 11.95 │ 300  │ 3585000  │   6400    │   300   │ 3585000  │ 72853600  │      │          │ 1674122280000 │ '2023-01-19T09:58:00.000Z' │  0   │ 100  │  0  │    0     │ Infinity │ 286.4 │ 597.7 │  0  │ 0.5 │     │ -300  │ -3585000  │   -400    │    -473600    │
│    9    │ 11.8  │ 11.95 │ 11.8  │ 11.95 │ 600  │ 7155000  │   7000    │   600   │ 7155000  │ 80008600  │      │          │ 1674122400000 │ '2023-01-19T10:00:00.000Z' │  0   │ 100  │  0  │    0     │ Infinity │ 286.4 │ 597.7 │  0  │  1  │     │ -600  │ -7155000  │   -1000   │   -7628600    │
│   10    │ 11.8  │ 11.8  │ 11.8  │ 11.8  │ 700  │ 8260000  │   7700    │   700   │ 8260000  │ 88268600  │      │          │ 1674122520000 │ '2023-01-19T10:02:00.000Z' │  0   │ 100  │  0  │    0     │ Infinity │ 286.4 │ 597.7 │  0  │ 1.2 │     │ -700  │ -8260000  │   -1700   │   -15888600   │
│   11    │  12   │  12   │  12   │  12   │      │          │   7800    │   100   │   1200   │ 88269800  │ 100  │   1200   │ 1674122760000 │ '2023-01-19T10:06:00.000Z' │ 100  │  0   │  0  │ Infinity │    0     │ 286.4 │ 597.7 │  0  │     │ 0.3 │  100  │   1200    │   -1600   │   -15887400   │
│   12    │  12   │  12   │  12   │  12   │      │          │   7900    │   100   │   1200   │ 88271000  │ 100  │   1200   │ 1674123000000 │ '2023-01-19T10:10:00.000Z' │ 100  │  0   │  0  │ Infinity │    0     │ 286.4 │ 597.7 │  0  │     │ 0.3 │  100  │   1200    │   -1500   │   -15886200   │
│   13    │ 11.9  │ 11.9  │ 11.9  │ 11.9  │ 100  │ 1190000  │   8000    │   100   │ 1190000  │ 89461000  │      │          │ 1674123240000 │ '2023-01-19T10:14:00.000Z' │  0   │ 100  │  0  │    0     │ Infinity │ 286.4 │ 597.7 │  0  │ 0.2 │     │ -100  │ -1190000  │   -1600   │   -17076200   │
│   14    │ 11.9  │ 11.9  │ 11.9  │ 11.9  │ 200  │ 2380000  │   8200    │   200   │ 2380000  │ 91841000  │      │          │ 1674123360000 │ '2023-01-19T10:16:00.000Z' │  0   │ 100  │  0  │    0     │ Infinity │ 286.4 │ 597.7 │  0  │ 0.3 │     │ -200  │ -2380000  │   -1800   │   -19456200   │
│   15    │ 11.9  │ 11.9  │ 11.9  │ 11.9  │ 600  │ 7140000  │   8800    │   600   │ 7140000  │ 98981000  │      │          │ 1674123840000 │ '2023-01-19T10:24:00.000Z' │  0   │ 100  │  0  │    0     │ Infinity │ 286.4 │ 597.7 │  0  │  1  │     │ -600  │ -7140000  │   -2400   │   -26596200   │
│   16    │ 11.9  │ 11.9  │ 11.9  │ 11.9  │ 5700 │ 67830000 │   14500   │  5700   │ 67830000 │ 166811000 │      │          │ 1674124320000 │ '2023-01-19T10:32:00.000Z' │  0   │ 100  │  0  │    0     │ Infinity │ 286.4 │ 597.7 │  0  │ 9.5 │     │ -5700 │ -67830000 │   -8100   │   -94426200   │
│   17    │ 11.9  │ 11.9  │ 11.9  │ 11.9  │ 500  │ 5950000  │   15200   │   700   │ 8330000  │ 175141000 │ 200  │ 2380000  │ 1674125400000 │ '2023-01-19T10:50:00.000Z' │ 28.6 │ 71.4 │  0  │   0.4    │   2.5    │ 286.4 │ 597.7 │  0  │ 0.8 │ 0.7 │ -300  │ -3570000  │   -8400   │   -97996200   │
│   18    │ 11.9  │ 11.9  │ 11.9  │ 11.9  │ 300  │ 3570000  │   15500   │   300   │ 3570000  │ 178711000 │      │          │ 1674125520000 │ '2023-01-19T10:52:00.000Z' │  0   │ 100  │  0  │    0     │ Infinity │ 286.4 │ 597.7 │  0  │ 0.5 │     │ -300  │ -3570000  │   -8700   │  -101566200   │
│   19    │ 11.9  │ 11.9  │ 11.9  │ 11.9  │ 300  │ 3570000  │   15800   │   300   │ 3570000  │ 182281000 │      │          │ 1674125640000 │ '2023-01-19T10:54:00.000Z' │  0   │ 100  │  0  │    0     │ Infinity │ 286.4 │ 597.7 │  0  │ 0.5 │     │ -300  │ -3570000  │   -9000   │  -105136200   │
│   20    │ 11.85 │ 11.85 │ 11.85 │ 11.85 │ 800  │ 9480000  │   16600   │   800   │ 9480000  │ 191761000 │      │          │ 1674126720000 │ '2023-01-19T11:12:00.000Z' │  0   │ 100  │  0  │    0     │ Infinity │ 286.4 │ 597.7 │  0  │ 1.3 │     │ -800  │ -9480000  │   -9800   │  -114616200   │
├─────────┼───────┼───────┼───────┼───────┼──────┼──────────┼───────────┼─────────┼──────────┼───────────┼──────┼──────────┼───────────────┼────────────────────────────┼──────┼──────┼─────┼──────────┼──────────┼───────┼───────┼─────┼─────┼─────┼───────┼───────────┼───────────┼───────────────┤
│ (index) │   c   │   h   │   l   │   o   │  sd  │  val_sd  │ total_vol │ sum_vol │   val    │ acum_val  │  bu  │  val_bu  │   datetime    │            date            │ pbu  │ psd  │ puk │    bs    │    sb    │  abu  │  asd  │ auk │ rsd │ rbu │ bu-sd │ bu-sd_val │ acum_busd │ acum_busd_val │
├─────────┼───────┼───────┼───────┼───────┼──────┼──────────┼───────────┼─────────┼──────────┼───────────┼──────┼──────────┼───────────────┼────────────────────────────┼──────┼──────┼─────┼──────────┼──────────┼───────┼───────┼─────┼─────┼─────┼───────┼───────────┼───────────┼───────────────┤
│   21    │ 11.85 │ 11.85 │ 11.85 │ 11.85 │      │          │   16800   │   200   │ 2370000  │ 194131000 │ 200  │ 2370000  │ 1674127080000 │ '2023-01-19T11:18:00.000Z' │ 100  │  0   │  0  │ Infinity │    0     │ 286.4 │ 597.7 │  0  │     │ 0.7 │  200  │  2370000  │   -9600   │  -112246200   │
│   22    │ 11.85 │ 11.85 │ 11.85 │ 11.85 │ 100  │ 1185000  │   16900   │   100   │ 1185000  │ 195316000 │      │          │ 1674127680000 │ '2023-01-19T11:28:00.000Z' │  0   │ 100  │  0  │    0     │ Infinity │ 286.4 │ 597.7 │  0  │ 0.2 │     │ -100  │ -1185000  │   -9700   │  -113431200   │
│   23    │ 11.8  │ 11.8  │ 11.8  │ 11.8  │ 600  │ 7080000  │   19300   │  2400   │ 28320000 │ 223636000 │ 1800 │ 21240000 │ 1674133200000 │ '2023-01-19T13:00:00.000Z' │  75  │  25  │  0  │    3     │   0.3    │ 286.4 │ 597.7 │  0  │  1  │ 6.3 │ 1200  │ 14160000  │   -8500   │   -99271200   │
│   24    │ 11.8  │ 11.8  │ 11.8  │ 11.8  │      │          │   19700   │   400   │ 4720000  │ 228356000 │ 400  │ 4720000  │ 1674133800000 │ '2023-01-19T13:10:00.000Z' │ 100  │  0   │  0  │ Infinity │    0     │ 286.4 │ 597.7 │  0  │     │ 1.4 │  400  │  4720000  │   -8100   │   -94551200   │
│   25    │ 11.8  │ 11.8  │ 11.8  │ 11.8  │ 100  │ 1180000  │   19800   │   100   │ 1180000  │ 229536000 │      │          │ 1674134880000 │ '2023-01-19T13:28:00.000Z' │  0   │ 100  │  0  │    0     │ Infinity │ 286.4 │ 597.7 │  0  │ 0.2 │     │ -100  │ -1180000  │   -8200   │   -95731200   │
│   26    │ 11.8  │ 11.8  │ 11.8  │ 11.8  │ 700  │ 8260000  │   20500   │   700   │ 8260000  │ 237796000 │      │          │ 1674135120000 │ '2023-01-19T13:32:00.000Z' │  0   │ 100  │  0  │    0     │ Infinity │ 286.4 │ 597.7 │  0  │ 1.2 │     │ -700  │ -8260000  │   -8900   │  -103991200   │
│   27    │ 11.85 │ 11.85 │ 11.85 │ 11.85 │      │          │   20600   │   100   │ 1185000  │ 238981000 │ 100  │ 1185000  │ 1674135240000 │ '2023-01-19T13:34:00.000Z' │ 100  │  0   │  0  │ Infinity │    0     │ 286.4 │ 597.7 │  0  │     │ 0.3 │  100  │  1185000  │   -8800   │  -102806200   │
│   28    │ 11.85 │ 11.85 │ 11.85 │ 11.85 │      │          │   21200   │   600   │ 7110000  │ 246091000 │ 600  │ 7110000  │ 1674135360000 │ '2023-01-19T13:36:00.000Z' │ 100  │  0   │  0  │ Infinity │    0     │ 286.4 │ 597.7 │  0  │     │ 2.1 │  600  │  7110000  │   -8200   │   -95696200   │
│   29    │ 11.85 │ 11.85 │ 11.85 │ 11.85 │ 100  │ 1185000  │   21300   │   100   │ 1185000  │ 247276000 │      │          │ 1674135600000 │ '2023-01-19T13:40:00.000Z' │  0   │ 100  │  0  │    0     │ Infinity │ 286.4 │ 597.7 │  0  │ 0.2 │     │ -100  │ -1185000  │   -8300   │   -96881200   │
│   30    │ 11.85 │ 11.85 │ 11.85 │ 11.85 │ 400  │ 4740000  │   21700   │   400   │ 4740000  │ 252016000 │      │          │ 1674136200000 │ '2023-01-19T13:50:00.000Z' │  0   │ 100  │  0  │    0     │ Infinity │ 286.4 │ 597.7 │  0  │ 0.7 │     │ -400  │ -4740000  │   -8700   │  -101621200   │
│   31    │ 11.8  │ 11.8  │ 11.8  │ 11.8  │ 1500 │ 17700000 │   23700   │  2000   │ 23600000 │ 275616000 │ 500  │ 5900000  │ 1674136440000 │ '2023-01-19T13:54:00.000Z' │  25  │  75  │  0  │   0.3    │    3     │ 286.4 │ 597.7 │  0  │ 2.5 │ 1.7 │ -1000 │ -11800000 │   -9700   │  -113421200   │
│   32    │ 11.8  │ 11.8  │ 11.8  │ 11.8  │      │          │   24100   │   400   │ 4720000  │ 280336000 │ 400  │ 4720000  │ 1674136560000 │ '2023-01-19T13:56:00.000Z' │ 100  │  0   │  0  │ Infinity │    0     │ 286.4 │ 597.7 │  0  │     │ 1.4 │  400  │  4720000  │   -9300   │  -108701200   │
│   33    │ 11.8  │ 11.8  │ 11.8  │ 11.8  │      │          │   24600   │   500   │ 5900000  │ 286236000 │ 500  │ 5900000  │ 1674136680000 │ '2023-01-19T13:58:00.000Z' │ 100  │  0   │  0  │ Infinity │    0     │ 286.4 │ 597.7 │  0  │     │ 1.7 │  500  │  5900000  │   -8800   │  -102801200   │
│   34    │ 11.8  │ 11.8  │ 11.8  │ 11.8  │      │          │   24700   │   100   │ 1180000  │ 287416000 │ 100  │ 1180000  │ 1674136800000 │ '2023-01-19T14:00:00.000Z' │ 100  │  0   │  0  │ Infinity │    0     │ 286.4 │ 597.7 │  0  │     │ 0.3 │  100  │  1180000  │   -8700   │  -101621200   │
│   35    │ 11.8  │ 11.8  │ 11.8  │ 11.8  │ 5000 │ 59000000 │   29900   │  5200   │ 61360000 │ 348776000 │ 200  │ 2360000  │ 1674137280000 │ '2023-01-19T14:08:00.000Z' │ 3.8  │ 96.2 │  0  │    0     │    25    │ 286.4 │ 597.7 │  0  │ 8.4 │ 0.7 │ -4800 │ -56640000 │  -13500   │  -158261200   │
│   36    │ 11.8  │ 11.8  │ 11.8  │ 11.8  │ 200  │ 2360000  │   30100   │   200   │ 2360000  │ 351136000 │      │          │ 1674137400000 │ '2023-01-19T14:10:00.000Z' │  0   │ 100  │  0  │    0     │ Infinity │ 286.4 │ 597.7 │  0  │ 0.3 │     │ -200  │ -2360000  │  -13700   │  -160621200   │
│   37    │ 11.8  │ 11.8  │ 11.8  │ 11.8  │      │          │   30200   │   100   │ 1180000  │ 352316000 │ 100  │ 1180000  │ 1674137520000 │ '2023-01-19T14:12:00.000Z' │ 100  │  0   │  0  │ Infinity │    0     │ 286.4 │ 597.7 │  0  │     │ 0.3 │  100  │  1180000  │  -13600   │  -159441200   │
│   38    │ 11.8  │ 11.8  │ 11.8  │ 11.8  │ 100  │ 1180000  │   30300   │   100   │ 1180000  │ 353496000 │      │          │ 1674137640000 │ '2023-01-19T14:14:00.000Z' │  0   │ 100  │  0  │    0     │ Infinity │ 286.4 │ 597.7 │  0  │ 0.2 │     │ -100  │ -1180000  │  -13700   │  -160621200   │
│   39    │ 11.8  │ 11.8  │ 11.8  │ 11.8  │ 900  │ 10620000 │   31200   │   900   │ 10620000 │ 364116000 │      │          │ 1674137760000 │ '2023-01-19T14:16:00.000Z' │  0   │ 100  │  0  │    0     │ Infinity │ 286.4 │ 597.7 │  0  │ 1.5 │     │ -900  │ -10620000 │  -14600   │  -171241200   │
│   40    │ 11.9  │ 11.9  │ 11.9  │ 11.9  │      │          │   31800   │   600   │ 7140000  │ 371256000 │ 600  │ 7140000  │ 1674138000000 │ '2023-01-19T14:20:00.000Z' │ 100  │  0   │  0  │ Infinity │    0     │ 286.4 │ 597.7 │  0  │     │ 2.1 │  600  │  7140000  │  -14000   │  -164101200   │
├─────────┼───────┼───────┼───────┼───────┼──────┼──────────┼───────────┼─────────┼──────────┼───────────┼──────┼──────────┼───────────────┼────────────────────────────┼──────┼──────┼─────┼──────────┼──────────┼───────┼───────┼─────┼─────┼─────┼───────┼───────────┼───────────┼───────────────┤
│ (index) │   c   │   h   │   l   │   o   │  sd  │  val_sd  │ total_vol │ sum_vol │   val    │ acum_val  │  bu  │  val_bu  │   datetime    │            date            │ pbu  │ psd  │ puk │    bs    │    sb    │  abu  │  asd  │ auk │ rsd │ rbu │ bu-sd │ bu-sd_val │ acum_busd │ acum_busd_val │
├─────────┼───────┼───────┼───────┼───────┼──────┼──────────┼───────────┼─────────┼──────────┼───────────┼──────┼──────────┼───────────────┼────────────────────────────┼──────┼──────┼─────┼──────────┼──────────┼───────┼───────┼─────┼─────┼─────┼───────┼───────────┼───────────┼───────────────┤
│   41    │ 11.9  │ 11.9  │ 11.9  │ 11.9  │ 100  │ 1190000  │   32300   │   500   │ 5950000  │ 377206000 │ 400  │ 4760000  │ 1674138360000 │ '2023-01-19T14:26:00.000Z' │  80  │  20  │  0  │    4     │   0.3    │ 286.4 │ 597.7 │  0  │ 0.2 │ 1.4 │  300  │  3570000  │  -13700   │  -160531200   │
│   42    │ 11.9  │ 11.9  │ 11.8  │ 11.9  │ 3300 │ 38970000 │   36100   │  3800   │ 44920000 │ 422126000 │ 500  │ 5950000  │ 1674138480000 │ '2023-01-19T14:28:00.000Z' │ 13.2 │ 86.8 │  0  │   0.2    │   6.6    │ 286.4 │ 597.7 │  0  │ 5.5 │ 1.7 │ -2800 │ -33020000 │  -16500   │  -193551200   │
│   43    │ 12.1  │ 12.1  │ 12.1  │ 12.1  │      │          │   38900   │  2800   │ 33880000 │ 456006000 │ 2800 │ 33880000 │ 1674139440000 │ '2023-01-19T14:44:00.000Z' │ 100  │  0   │  0  │ Infinity │    0     │ 286.4 │ 597.7 │  0  │     │ 9.8 │ 2800  │ 33880000  │  -13700   │  -159671200   │
└─────────┴───────┴───────┴───────┴───────┴──────┴──────────┴───────────┴─────────┴──────────┴───────────┴──────┴──────────┴───────────────┴────────────────────────────┴──────┴──────┴─────┴──────────┴──────────┴───────┴───────┴─────┴─────┴─────┴───────┴───────────┴───────────┴───────────────┘

