┌─────────┬─────┬─────┬─────┬─────┬───────┬──────────┬───────────┬─────────┬──────────┬───────────┬───────┬──────────┬───────────────┬────────────────────────────┬──────┬──────┬─────┬──────────┬──────────┬────────┬────────┬─────┬─────┬─────┬────────┬───────────┬───────────┬───────────────┐
│ (index) │  c  │  h  │  l  │  o  │  bu   │  val_bu  │ total_vol │ sum_vol │   val    │ acum_val  │  sd   │  val_sd  │   datetime    │            date            │ pbu  │ psd  │ puk │    bs    │    sb    │  abu   │  asd   │ auk │ rsd │ rbu │ bu-sd  │ bu-sd_val │ acum_busd │ acum_busd_val │
├─────────┼─────┼─────┼─────┼─────┼───────┼──────────┼───────────┼─────────┼──────────┼───────────┼───────┼──────────┼───────────────┼────────────────────────────┼──────┼──────┼─────┼──────────┼──────────┼────────┼────────┼─────┼─────┼─────┼────────┼───────────┼───────────┼───────────────┤
│    0    │  3  │  3  │  3  │  3  │ 3000  │ 9000000  │   5000    │  5000   │ 15000000 │ 15000000  │ 2000  │ 6000000  │ 1674118800000 │ '2023-01-19T09:00:00.000Z' │  60  │  40  │  0  │   1.5    │   0.7    │ 3871.9 │ 2731.3 │  0  │ 0.7 │ 0.8 │  1000  │  3000000  │   1000    │    3000000    │
│    1    │  3  │  3  │  3  │  3  │       │          │   6000    │  1000   │ 3000000  │ 18000000  │ 1000  │ 3000000  │ 1674119400000 │ '2023-01-19T09:10:00.000Z' │  0   │ 100  │  0  │    0     │ Infinity │ 3871.9 │ 2731.3 │  0  │ 0.4 │     │ -1000  │ -3000000  │     0     │       0       │
│    2    │  3  │  3  │  3  │  3  │       │          │   7000    │  1000   │ 3000000  │ 21000000  │ 1000  │ 3000000  │ 1674119700000 │ '2023-01-19T09:15:00.000Z' │  0   │ 100  │  0  │    0     │ Infinity │ 3871.9 │ 2731.3 │  0  │ 0.4 │     │ -1000  │ -3000000  │   -1000   │   -3000000    │
│    3    │  3  │  3  │  3  │  3  │       │          │   8500    │  1500   │ 4500000  │ 25500000  │ 1500  │ 4500000  │ 1674120000000 │ '2023-01-19T09:20:00.000Z' │  0   │ 100  │  0  │    0     │ Infinity │ 3871.9 │ 2731.3 │  0  │ 0.5 │     │ -1500  │ -4500000  │   -2500   │   -7500000    │
│    4    │  3  │  3  │  3  │  3  │       │          │   13500   │  5000   │ 15000000 │ 40500000  │ 5000  │ 15000000 │ 1674120300000 │ '2023-01-19T09:25:00.000Z' │  0   │ 100  │  0  │    0     │ Infinity │ 3871.9 │ 2731.3 │  0  │ 1.8 │     │ -5000  │ -15000000 │   -7500   │   -22500000   │
│    5    │  3  │  3  │  3  │  3  │       │          │   18500   │  5000   │ 15000000 │ 55500000  │ 5000  │ 15000000 │ 1674121800000 │ '2023-01-19T09:50:00.000Z' │  0   │ 100  │  0  │    0     │ Infinity │ 3871.9 │ 2731.3 │  0  │ 1.8 │     │ -5000  │ -15000000 │  -12500   │   -37500000   │
│    6    │  3  │  3  │  3  │  3  │       │          │   27800   │  9300   │ 27900000 │ 83400000  │ 9300  │ 27900000 │ 1674123900000 │ '2023-01-19T10:25:00.000Z' │  0   │ 100  │  0  │    0     │ Infinity │ 3871.9 │ 2731.3 │  0  │ 3.4 │     │ -9300  │ -27900000 │  -21800   │   -65400000   │
│    7    │  3  │  3  │  3  │  3  │       │          │   31400   │  3600   │ 10800000 │ 94200000  │ 3600  │ 10800000 │ 1674125700000 │ '2023-01-19T10:55:00.000Z' │  0   │ 100  │  0  │    0     │ Infinity │ 3871.9 │ 2731.3 │  0  │ 1.3 │     │ -3600  │ -10800000 │  -25400   │   -76200000   │
│    8    │ 3.1 │ 3.1 │  3  │ 3.1 │ 8200  │ 25420000 │   44600   │  13200  │ 40420000 │ 134620000 │ 5000  │ 15000000 │ 1674126000000 │ '2023-01-19T11:00:00.000Z' │ 62.1 │ 37.9 │  0  │   1.6    │   0.6    │ 3871.9 │ 2731.3 │  0  │ 1.8 │ 2.1 │  3200  │ 10420000  │  -22200   │   -65780000   │
│    9    │ 3.1 │ 3.1 │  3  │  3  │ 9500  │ 29450000 │   64100   │  19500  │ 59450000 │ 194070000 │ 10000 │ 30000000 │ 1674126300000 │ '2023-01-19T11:05:00.000Z' │ 48.7 │ 51.3 │  0  │    1     │   1.1    │ 3871.9 │ 2731.3 │  0  │ 3.7 │ 2.5 │  -500  │  -550000  │  -22700   │   -66330000   │
│   10    │  3  │ 3.1 │  3  │ 3.1 │ 10200 │ 31620000 │   96500   │  32400  │ 98220000 │ 292290000 │ 22200 │ 66600000 │ 1674126600000 │ '2023-01-19T11:10:00.000Z' │ 31.5 │ 68.5 │  0  │   0.5    │   2.2    │ 3871.9 │ 2731.3 │  0  │ 8.1 │ 2.6 │ -12000 │ -34980000 │  -34700   │  -101310000   │
│   11    │ 3.1 │ 3.1 │ 3.1 │ 3.1 │  400  │ 1240000  │   96900   │   400   │ 1240000  │ 293530000 │       │          │ 1674126900000 │ '2023-01-19T11:15:00.000Z' │ 100  │  0   │  0  │ Infinity │    0     │ 3871.9 │ 2731.3 │  0  │     │ 0.1 │  400   │  1240000  │  -34300   │  -100070000   │
│   12    │ 3.1 │ 3.1 │ 3.1 │ 3.1 │ 29000 │ 89900000 │  125900   │  29000  │ 89900000 │ 383430000 │       │          │ 1674127500000 │ '2023-01-19T11:25:00.000Z' │ 100  │  0   │  0  │ Infinity │    0     │ 3871.9 │ 2731.3 │  0  │     │ 7.5 │ 29000  │ 89900000  │   -5300   │   -10170000   │
│   13    │ 3.1 │ 3.1 │ 3.1 │ 3.1 │ 1000  │ 3100000  │  126900   │  1000   │ 3100000  │ 386530000 │       │          │ 1674133200000 │ '2023-01-19T13:00:00.000Z' │ 100  │  0   │  0  │ Infinity │    0     │ 3871.9 │ 2731.3 │  0  │     │ 0.3 │  1000  │  3100000  │   -4300   │   -7070000    │
│   14    │ 3.1 │ 3.1 │ 3.1 │ 3.1 │ 27400 │ 84940000 │  154300   │  27400  │ 84940000 │ 471470000 │       │          │ 1674133500000 │ '2023-01-19T13:05:00.000Z' │ 100  │  0   │  0  │ Infinity │    0     │ 3871.9 │ 2731.3 │  0  │     │ 7.1 │ 27400  │ 84940000  │   23100   │   77870000    │
│   15    │ 3.1 │ 3.1 │ 3.1 │ 3.1 │       │          │  165500   │  11200  │ 34720000 │ 506190000 │ 11200 │ 34720000 │ 1674133800000 │ '2023-01-19T13:10:00.000Z' │  0   │ 100  │  0  │    0     │ Infinity │ 3871.9 │ 2731.3 │  0  │ 4.1 │     │ -11200 │ -34720000 │   11900   │   43150000    │
│   16    │ 3.1 │ 3.1 │ 3.1 │ 3.1 │  300  │  930000  │  165800   │   300   │  930000  │ 507120000 │       │          │ 1674134100000 │ '2023-01-19T13:15:00.000Z' │ 100  │  0   │  0  │ Infinity │    0     │ 3871.9 │ 2731.3 │  0  │     │ 0.1 │  300   │  930000   │   12200   │   44080000    │
│   17    │ 3.1 │ 3.1 │ 3.1 │ 3.1 │ 6000  │ 18600000 │  171800   │  6000   │ 18600000 │ 525720000 │       │          │ 1674134700000 │ '2023-01-19T13:25:00.000Z' │ 100  │  0   │  0  │ Infinity │    0     │ 3871.9 │ 2731.3 │  0  │     │ 1.5 │  6000  │ 18600000  │   18200   │   62680000    │
│   18    │  3  │  3  │  3  │  3  │       │          │  172800   │  1000   │ 3000000  │ 528720000 │ 1000  │ 3000000  │ 1674135000000 │ '2023-01-19T13:30:00.000Z' │  0   │ 100  │  0  │    0     │ Infinity │ 3871.9 │ 2731.3 │  0  │ 0.4 │     │ -1000  │ -3000000  │   17200   │   59680000    │
│   19    │ 3.1 │ 3.1 │  3  │  3  │ 4500  │ 13950000 │  182100   │  9300   │ 28350000 │ 557070000 │ 4800  │ 14400000 │ 1674135300000 │ '2023-01-19T13:35:00.000Z' │ 48.4 │ 51.6 │  0  │   0.9    │   1.1    │ 3871.9 │ 2731.3 │  0  │ 1.8 │ 1.2 │  -300  │  -450000  │   16900   │   59230000    │
│   20    │ 3.1 │ 3.1 │  3  │ 3.1 │ 3600  │ 11160000 │  187400   │  5300   │ 16260000 │ 573330000 │ 1700  │ 5100000  │ 1674135600000 │ '2023-01-19T13:40:00.000Z' │ 67.9 │ 32.1 │  0  │   2.1    │   0.5    │ 3871.9 │ 2731.3 │  0  │ 0.6 │ 0.9 │  1900  │  6060000  │   18800   │   65290000    │
├─────────┼─────┼─────┼─────┼─────┼───────┼──────────┼───────────┼─────────┼──────────┼───────────┼───────┼──────────┼───────────────┼────────────────────────────┼──────┼──────┼─────┼──────────┼──────────┼────────┼────────┼─────┼─────┼─────┼────────┼───────────┼───────────┼───────────────┤
│ (index) │  c  │  h  │  l  │  o  │  bu   │  val_bu  │ total_vol │ sum_vol │   val    │ acum_val  │  sd   │  val_sd  │   datetime    │            date            │ pbu  │ psd  │ puk │    bs    │    sb    │  abu   │  asd   │ auk │ rsd │ rbu │ bu-sd  │ bu-sd_val │ acum_busd │ acum_busd_val │
├─────────┼─────┼─────┼─────┼─────┼───────┼──────────┼───────────┼─────────┼──────────┼───────────┼───────┼──────────┼───────────────┼────────────────────────────┼──────┼──────┼─────┼──────────┼──────────┼────────┼────────┼─────┼─────┼─────┼────────┼───────────┼───────────┼───────────────┤
│   21    │  3  │  3  │  3  │  3  │       │          │  187500   │   100   │  300000  │ 573630000 │  100  │  300000  │ 1674135900000 │ '2023-01-19T13:45:00.000Z' │  0   │ 100  │  0  │    0     │ Infinity │ 3871.9 │ 2731.3 │  0  │  0  │     │  -100  │  -300000  │   18700   │   64990000    │
│   22    │ 3.1 │ 3.1 │ 3.1 │ 3.1 │  600  │ 1860000  │  188100   │   600   │ 1860000  │ 575490000 │       │          │ 1674136200000 │ '2023-01-19T13:50:00.000Z' │ 100  │  0   │  0  │ Infinity │    0     │ 3871.9 │ 2731.3 │  0  │     │ 0.2 │  600   │  1860000  │   19300   │   66850000    │
│   23    │ 3.1 │ 3.1 │ 3.1 │ 3.1 │ 1000  │ 3100000  │  189100   │  1000   │ 3100000  │ 578590000 │       │          │ 1674136800000 │ '2023-01-19T14:00:00.000Z' │ 100  │  0   │  0  │ Infinity │    0     │ 3871.9 │ 2731.3 │  0  │     │ 0.3 │  1000  │  3100000  │   20300   │   69950000    │
│   24    │ 3.1 │ 3.1 │ 3.1 │ 3.1 │  500  │ 1550000  │  189600   │   500   │ 1550000  │ 580140000 │       │          │ 1674137100000 │ '2023-01-19T14:05:00.000Z' │ 100  │  0   │  0  │ Infinity │    0     │ 3871.9 │ 2731.3 │  0  │     │ 0.1 │  500   │  1550000  │   20800   │   71500000    │
│   25    │ 3.1 │ 3.1 │ 3.1 │ 3.1 │  100  │  310000  │  189700   │   100   │  310000  │ 580450000 │       │          │ 1674137400000 │ '2023-01-19T14:10:00.000Z' │ 100  │  0   │  0  │ Infinity │    0     │ 3871.9 │ 2731.3 │  0  │     │  0  │  100   │  310000   │   20900   │   71810000    │
│   26    │ 3.1 │ 3.1 │ 3.1 │ 3.1 │ 6200  │ 19220000 │  195900   │  6200   │ 19220000 │ 599670000 │       │          │ 1674138300000 │ '2023-01-19T14:25:00.000Z' │ 100  │  0   │  0  │ Infinity │    0     │ 3871.9 │ 2731.3 │  0  │     │ 1.6 │  6200  │ 19220000  │   27100   │   91030000    │
│   27    │ 3.1 │ 3.1 │ 3.1 │ 3.1 │  100  │  310000  │  196000   │   100   │  310000  │ 599980000 │       │          │ 1674138600000 │ '2023-01-19T14:30:00.000Z' │ 100  │  0   │  0  │ Infinity │    0     │ 3871.9 │ 2731.3 │  0  │     │  0  │  100   │  310000   │   27200   │   91340000    │
│   28    │ 3.1 │ 3.1 │ 3.1 │ 3.1 │ 2000  │ 6200000  │  198000   │  2000   │ 6200000  │ 606180000 │       │          │ 1674138900000 │ '2023-01-19T14:35:00.000Z' │ 100  │  0   │  0  │ Infinity │    0     │ 3871.9 │ 2731.3 │  0  │     │ 0.5 │  2000  │  6200000  │   29200   │   97540000    │
│   29    │ 3.1 │ 3.1 │ 3.1 │ 3.1 │ 1000  │ 3100000  │  199000   │  1000   │ 3100000  │ 609280000 │       │          │ 1674139200000 │ '2023-01-19T14:40:00.000Z' │ 100  │  0   │  0  │ Infinity │    0     │ 3871.9 │ 2731.3 │  0  │     │ 0.3 │  1000  │  3100000  │   30200   │   100640000   │
│   30    │ 3.1 │ 3.1 │ 3.1 │ 3.1 │ 5300  │ 16430000 │  206800   │  7800   │ 24180000 │ 633460000 │ 2500  │ 7750000  │ 1674139800000 │ '2023-01-19T14:50:00.000Z' │ 67.9 │ 32.1 │  0  │   2.1    │   0.5    │ 3871.9 │ 2731.3 │  0  │ 0.9 │ 1.4 │  2800  │  8680000  │   33000   │   109320000   │
│   31    │ 3.2 │ 3.2 │ 3.1 │ 3.1 │ 4000  │ 12800000 │  211300   │  4500   │ 14350000 │ 647810000 │  500  │ 1550000  │ 1674140100000 │ '2023-01-19T14:55:00.000Z' │ 88.9 │ 11.1 │  0  │    8     │   0.1    │ 3871.9 │ 2731.3 │  0  │ 0.2 │  1  │  3500  │ 11250000  │   36500   │   120570000   │
└─────────┴─────┴─────┴─────┴─────┴───────┴──────────┴───────────┴─────────┴──────────┴───────────┴───────┴──────────┴───────────────┴────────────────────────────┴──────┴──────┴─────┴──────────┴──────────┴────────┴────────┴─────┴─────┴─────┴────────┴───────────┴───────────┴───────────────┘

