┌─────────┬───────┬───────┬───────┬───────┬──────┬──────────┬───────────┬─────────┬───────────┬────────────┬───────────────┬────────────────────────────┬─────┬─────┬─────┬──────────┬──────────┬────────┬─────┬─────┬─────┬───────┬───────────┬───────────┬───────────────┬───────┬───────────┬─────┐
│ (index) │   c   │   h   │   l   │   o   │  sd  │  val_sd  │ total_vol │ sum_vol │    val    │  acum_val  │   datetime    │            date            │ pbu │ psd │ puk │    bs    │    sb    │  abu   │ asd │ auk │ rsd │ bu-sd │ bu-sd_val │ acum_busd │ acum_busd_val │  bu   │  val_bu   │ rbu │
├─────────┼───────┼───────┼───────┼───────┼──────┼──────────┼───────────┼─────────┼───────────┼────────────┼───────────────┼────────────────────────────┼─────┼─────┼─────┼──────────┼──────────┼────────┼─────┼─────┼─────┼───────┼───────────┼───────────┼───────────────┼───────┼───────────┼─────┤
│    0    │  24   │  24   │  24   │  24   │ 500  │  12000   │    500    │   500   │   12000   │   12000    │ 1674120000000 │ '2023-01-19T09:20:00.000Z' │  0  │ 100 │  0  │    0     │ Infinity │ 5093.8 │ 250 │  0  │  2  │ -500  │  -12000   │   -500    │    -12000     │       │           │     │
│    1    │ 24.3  │ 24.3  │ 24.2  │ 24.2  │      │          │   8000    │  7500   │ 181880000 │ 181892000  │ 1674120120000 │ '2023-01-19T09:22:00.000Z' │ 100 │  0  │  0  │ Infinity │    0     │ 5093.8 │ 250 │  0  │     │ 7500  │ 181880000 │   7000    │   181868000   │ 7500  │ 181880000 │ 1.5 │
│    2    │ 24.55 │ 24.55 │ 24.3  │ 24.3  │      │          │   45500   │  37500  │ 918535000 │ 1100427000 │ 1674120240000 │ '2023-01-19T09:24:00.000Z' │ 100 │  0  │  0  │ Infinity │    0     │ 5093.8 │ 250 │  0  │     │ 37500 │ 918535000 │   44500   │  1100403000   │ 37500 │ 918535000 │ 7.4 │
│    3    │ 24.6  │ 24.6  │ 24.55 │ 24.55 │      │          │   59000   │  13500  │ 331950000 │ 1432377000 │ 1674120360000 │ '2023-01-19T09:26:00.000Z' │ 100 │  0  │  0  │ Infinity │    0     │ 5093.8 │ 250 │  0  │     │ 13500 │ 331950000 │   58000   │  1432353000   │ 13500 │ 331950000 │ 2.7 │
│    4    │ 24.1  │ 24.1  │ 24.1  │ 24.1  │      │          │   60000   │  1000   │ 24100000  │ 1456477000 │ 1674121920000 │ '2023-01-19T09:52:00.000Z' │ 100 │  0  │  0  │ Infinity │    0     │ 5093.8 │ 250 │  0  │     │ 1000  │ 24100000  │   59000   │  1456453000   │ 1000  │ 24100000  │ 0.2 │
│    5    │ 24.2  │ 24.2  │ 24.2  │ 24.2  │      │          │   62000   │  2000   │ 48400000  │ 1504877000 │ 1674123720000 │ '2023-01-19T10:22:00.000Z' │ 100 │  0  │  0  │ Infinity │    0     │ 5093.8 │ 250 │  0  │     │ 2000  │ 48400000  │   61000   │  1504853000   │ 2000  │ 48400000  │ 0.4 │
│    6    │ 24.2  │ 24.2  │ 24.2  │ 24.2  │ 100  │ 2420000  │   62100   │   100   │  2420000  │ 1507297000 │ 1674124680000 │ '2023-01-19T10:38:00.000Z' │  0  │ 100 │  0  │    0     │ Infinity │ 5093.8 │ 250 │  0  │ 0.4 │ -100  │ -2420000  │   60900   │  1502433000   │       │           │     │
│    7    │ 24.2  │ 24.2  │ 24.2  │ 24.2  │      │          │   63900   │  1800   │ 43560000  │ 1550857000 │ 1674133320000 │ '2023-01-19T13:02:00.000Z' │ 100 │  0  │  0  │ Infinity │    0     │ 5093.8 │ 250 │  0  │     │ 1800  │ 43560000  │   62700   │  1545993000   │ 1800  │ 43560000  │ 0.4 │
│    8    │  24   │  24   │  24   │  24   │ 100  │   2400   │   64000   │   100   │   2400    │ 1550859400 │ 1674133680000 │ '2023-01-19T13:08:00.000Z' │  0  │ 100 │  0  │    0     │ Infinity │ 5093.8 │ 250 │  0  │ 0.4 │ -100  │   -2400   │   62600   │  1545990600   │       │           │     │
│    9    │ 24.2  │ 24.2  │ 24.2  │ 24.2  │      │          │   64600   │   600   │ 14520000  │ 1565379400 │ 1674134520000 │ '2023-01-19T13:22:00.000Z' │ 100 │  0  │  0  │ Infinity │    0     │ 5093.8 │ 250 │  0  │     │  600  │ 14520000  │   63200   │  1560510600   │  600  │ 14520000  │ 0.1 │
│   10    │  24   │ 24.05 │  24   │ 24.05 │ 3000 │ 21695400 │   67600   │  3000   │ 21695400  │ 1587074800 │ 1674135960000 │ '2023-01-19T13:46:00.000Z' │  0  │ 100 │  0  │    0     │ Infinity │ 5093.8 │ 250 │  0  │ 12  │ -3000 │ -21695400 │   60200   │  1538815200   │       │           │     │
│   11    │  24   │  24   │  24   │  24   │ 100  │   2400   │   67700   │   100   │   2400    │ 1587077200 │ 1674136320000 │ '2023-01-19T13:52:00.000Z' │  0  │ 100 │  0  │    0     │ Infinity │ 5093.8 │ 250 │  0  │ 0.4 │ -100  │   -2400   │   60100   │  1538812800   │       │           │     │
│   12    │  24   │  24   │  24   │  24   │      │          │   68000   │   300   │   7200    │ 1587084400 │ 1674136560000 │ '2023-01-19T13:56:00.000Z' │ 100 │  0  │  0  │ Infinity │    0     │ 5093.8 │ 250 │  0  │     │  300  │   7200    │   60400   │  1538820000   │  300  │   7200    │ 0.1 │
│   13    │  24   │  24   │  24   │  24   │ 200  │   4800   │   68200   │   200   │   4800    │ 1587089200 │ 1674138000000 │ '2023-01-19T14:20:00.000Z' │  0  │ 100 │  0  │    0     │ Infinity │ 5093.8 │ 250 │  0  │ 0.8 │ -200  │   -4800   │   60200   │  1538815200   │       │           │     │
│   14    │ 24.15 │ 24.15 │  24   │  24   │      │          │   70600   │  2400   │ 26546200  │ 1613635400 │ 1674138360000 │ '2023-01-19T14:26:00.000Z' │ 100 │  0  │  0  │ Infinity │    0     │ 5093.8 │ 250 │  0  │     │ 2400  │ 26546200  │   62600   │  1565361400   │ 2400  │ 26546200  │ 0.5 │
│   15    │ 24.4  │ 24.4  │ 24.4  │ 24.4  │      │          │   85500   │  14900  │ 363560000 │ 1977195400 │ 1674139440000 │ '2023-01-19T14:44:00.000Z' │ 100 │  0  │  0  │ Infinity │    0     │ 5093.8 │ 250 │  0  │     │ 14900 │ 363560000 │   77500   │  1928921400   │ 14900 │ 363560000 │ 2.9 │
└─────────┴───────┴───────┴───────┴───────┴──────┴──────────┴───────────┴─────────┴───────────┴────────────┴───────────────┴────────────────────────────┴─────┴─────┴─────┴──────────┴──────────┴────────┴─────┴─────┴─────┴───────┴───────────┴───────────┴───────────────┴───────┴───────────┴─────┘

