┌─────────┬─────┬─────┬─────┬─────┬───────┬───────────┬───────────┬─────────┬───────────┬────────────┬───────────────┬────────────────────────────┬──────┬──────┬─────┬──────────┬──────────┬────────┬────────┬─────┬─────┬────────┬────────────┬───────────┬───────────────┬───────┬───────────┬─────┐
│ (index) │  c  │  h  │  l  │  o  │  bu   │  val_bu   │ total_vol │ sum_vol │    val    │  acum_val  │   datetime    │            date            │ pbu  │ psd  │ puk │    bs    │    sb    │  abu   │  asd   │ auk │ rbu │ bu-sd  │ bu-sd_val  │ acum_busd │ acum_busd_val │  sd   │  val_sd   │ rsd │
├─────────┼─────┼─────┼─────┼─────┼───────┼───────────┼───────────┼─────────┼───────────┼────────────┼───────────────┼────────────────────────────┼──────┼──────┼─────┼──────────┼──────────┼────────┼────────┼─────┼─────┼────────┼────────────┼───────────┼───────────────┼───────┼───────────┼─────┤
│    0    │ 9.1 │ 9.1 │ 9.1 │ 9.1 │  500  │  4550000  │    500    │   500   │  4550000  │  4550000   │ 1674118800000 │ '2023-01-19T09:00:00.000Z' │ 100  │  0   │  0  │ Infinity │    0     │ 4286.4 │ 5579.5 │  0  │ 0.1 │  500   │  4550000   │    500    │    4550000    │       │           │     │
│    1    │  9  │  9  │  9  │  9  │ 6600  │ 59400000  │   8200    │  7700   │ 69300000  │  73850000  │ 1674119100000 │ '2023-01-19T09:05:00.000Z' │ 85.7 │ 14.3 │  0  │    6     │   0.2    │ 4286.4 │ 5579.5 │  0  │ 1.5 │  5500  │  49500000  │   6000    │   54050000    │ 1100  │  9900000  │ 0.2 │
│    2    │  9  │  9  │  9  │  9  │       │           │   12700   │  4500   │ 40500000  │ 114350000  │ 1674119400000 │ '2023-01-19T09:10:00.000Z' │  0   │ 100  │  0  │    0     │ Infinity │ 4286.4 │ 5579.5 │  0  │     │ -4500  │ -40500000  │   1500    │   13550000    │ 4500  │ 40500000  │ 0.8 │
│    3    │  9  │ 9.1 │  9  │  9  │ 5000  │ 45500000  │   19700   │  7000   │ 63500000  │ 177850000  │ 1674119700000 │ '2023-01-19T09:15:00.000Z' │ 71.4 │ 28.6 │  0  │   2.5    │   0.4    │ 4286.4 │ 5579.5 │  0  │ 1.2 │  3000  │  27500000  │   4500    │   41050000    │ 2000  │ 18000000  │ 0.4 │
│    4    │  9  │  9  │  9  │  9  │       │           │   26700   │  7000   │ 63000000  │ 240850000  │ 1674120000000 │ '2023-01-19T09:20:00.000Z' │  0   │ 100  │  0  │    0     │ Infinity │ 4286.4 │ 5579.5 │  0  │     │ -7000  │ -63000000  │   -2500   │   -21950000   │ 7000  │ 63000000  │ 1.3 │
│    5    │ 9.1 │ 9.1 │  9  │  9  │  100  │  910000   │   27300   │   600   │  5410000  │ 246260000  │ 1674120300000 │ '2023-01-19T09:25:00.000Z' │ 16.7 │ 83.3 │  0  │   0.2    │    5     │ 4286.4 │ 5579.5 │  0  │  0  │  -400  │  -3590000  │   -2900   │   -25540000   │  500  │  4500000  │ 0.1 │
│    6    │  9  │  9  │  9  │  9  │       │           │   27900   │   600   │  5400000  │ 251660000  │ 1674121200000 │ '2023-01-19T09:40:00.000Z' │  0   │ 100  │  0  │    0     │ Infinity │ 4286.4 │ 5579.5 │  0  │     │  -600  │  -5400000  │   -3500   │   -30940000   │  600  │  5400000  │ 0.1 │
│    7    │ 9.1 │ 9.1 │ 9.1 │ 9.1 │ 4000  │ 36400000  │   31900   │  4000   │ 36400000  │ 288060000  │ 1674122100000 │ '2023-01-19T09:55:00.000Z' │ 100  │  0   │  0  │ Infinity │    0     │ 4286.4 │ 5579.5 │  0  │ 0.9 │  4000  │  36400000  │    500    │    5460000    │       │           │     │
│    8    │ 9.1 │ 9.1 │ 9.1 │ 9.1 │ 7500  │ 68250000  │   39400   │  7500   │ 68250000  │ 356310000  │ 1674122400000 │ '2023-01-19T10:00:00.000Z' │ 100  │  0   │  0  │ Infinity │    0     │ 4286.4 │ 5579.5 │  0  │ 1.7 │  7500  │  68250000  │   8000    │   73710000    │       │           │     │
│    9    │ 9.1 │ 9.1 │ 9.1 │ 9.1 │ 12900 │ 117390000 │   52300   │  12900  │ 117390000 │ 473700000  │ 1674122700000 │ '2023-01-19T10:05:00.000Z' │ 100  │  0   │  0  │ Infinity │    0     │ 4286.4 │ 5579.5 │  0  │  3  │ 12900  │ 117390000  │   20900   │   191100000   │       │           │     │
│   10    │ 9.1 │ 9.1 │ 9.1 │ 9.1 │ 14300 │ 130130000 │   66600   │  14300  │ 130130000 │ 603830000  │ 1674123000000 │ '2023-01-19T10:10:00.000Z' │ 100  │  0   │  0  │ Infinity │    0     │ 4286.4 │ 5579.5 │  0  │ 3.3 │ 14300  │ 130130000  │   35200   │   321230000   │       │           │     │
│   11    │ 9.1 │ 9.2 │ 9.1 │ 9.1 │ 21500 │ 195680000 │   88800   │  22200  │ 202050000 │ 805880000  │ 1674123300000 │ '2023-01-19T10:15:00.000Z' │ 96.8 │ 3.2  │  0  │   30.7   │    0     │ 4286.4 │ 5579.5 │  0  │  5  │ 20800  │ 189310000  │   56000   │   510540000   │  700  │  6370000  │ 0.1 │
│   12    │ 9.1 │ 9.1 │ 9.1 │ 9.1 │       │           │   89800   │  1000   │  9100000  │ 814980000  │ 1674123600000 │ '2023-01-19T10:20:00.000Z' │  0   │ 100  │  0  │    0     │ Infinity │ 4286.4 │ 5579.5 │  0  │     │ -1000  │  -9100000  │   55000   │   501440000   │ 1000  │  9100000  │ 0.2 │
│   13    │ 9.1 │ 9.1 │ 9.1 │ 9.1 │       │           │   91900   │  2100   │ 19110000  │ 834090000  │ 1674124500000 │ '2023-01-19T10:35:00.000Z' │  0   │ 100  │  0  │    0     │ Infinity │ 4286.4 │ 5579.5 │  0  │     │ -2100  │ -19110000  │   52900   │   482330000   │ 2100  │ 19110000  │ 0.4 │
│   14    │ 9.1 │ 9.1 │ 9.1 │ 9.1 │       │           │   96400   │  4500   │ 40950000  │ 875040000  │ 1674124800000 │ '2023-01-19T10:40:00.000Z' │  0   │ 100  │  0  │    0     │ Infinity │ 4286.4 │ 5579.5 │  0  │     │ -4500  │ -40950000  │   48400   │   441380000   │ 4500  │ 40950000  │ 0.8 │
│   15    │ 9.1 │ 9.1 │ 9.1 │ 9.1 │       │           │  105400   │  9000   │ 81900000  │ 956940000  │ 1674125100000 │ '2023-01-19T10:45:00.000Z' │  0   │ 100  │  0  │    0     │ Infinity │ 4286.4 │ 5579.5 │  0  │     │ -9000  │ -81900000  │   39400   │   359480000   │ 9000  │ 81900000  │ 1.6 │
│   16    │ 9.1 │ 9.1 │ 9.1 │ 9.1 │       │           │  107400   │  2000   │ 18200000  │ 975140000  │ 1674125400000 │ '2023-01-19T10:50:00.000Z' │  0   │ 100  │  0  │    0     │ Infinity │ 4286.4 │ 5579.5 │  0  │     │ -2000  │ -18200000  │   37400   │   341280000   │ 2000  │ 18200000  │ 0.4 │
│   17    │ 9.1 │ 9.1 │ 9.1 │ 9.1 │       │           │  107700   │   300   │  2730000  │ 977870000  │ 1674125700000 │ '2023-01-19T10:55:00.000Z' │  0   │ 100  │  0  │    0     │ Infinity │ 4286.4 │ 5579.5 │  0  │     │  -300  │  -2730000  │   37100   │   338550000   │  300  │  2730000  │ 0.1 │
│   18    │ 9.1 │ 9.1 │ 9.1 │ 9.1 │       │           │  109500   │  1800   │ 16380000  │ 994250000  │ 1674126300000 │ '2023-01-19T11:05:00.000Z' │  0   │ 100  │  0  │    0     │ Infinity │ 4286.4 │ 5579.5 │  0  │     │ -1800  │ -16380000  │   35300   │   322170000   │ 1800  │ 16380000  │ 0.3 │
│   19    │ 9.1 │ 9.1 │ 9.1 │ 9.1 │       │           │  109700   │   200   │  1820000  │ 996070000  │ 1674126600000 │ '2023-01-19T11:10:00.000Z' │  0   │ 100  │  0  │    0     │ Infinity │ 4286.4 │ 5579.5 │  0  │     │  -200  │  -1820000  │   35100   │   320350000   │  200  │  1820000  │  0  │
│   20    │ 9.1 │ 9.1 │ 9.1 │ 9.1 │       │           │  112500   │  2800   │ 25480000  │ 1021550000 │ 1674126900000 │ '2023-01-19T11:15:00.000Z' │  0   │ 100  │  0  │    0     │ Infinity │ 4286.4 │ 5579.5 │  0  │     │ -2800  │ -25480000  │   32300   │   294870000   │ 2800  │ 25480000  │ 0.5 │
├─────────┼─────┼─────┼─────┼─────┼───────┼───────────┼───────────┼─────────┼───────────┼────────────┼───────────────┼────────────────────────────┼──────┼──────┼─────┼──────────┼──────────┼────────┼────────┼─────┼─────┼────────┼────────────┼───────────┼───────────────┼───────┼───────────┼─────┤
│ (index) │  c  │  h  │  l  │  o  │  bu   │  val_bu   │ total_vol │ sum_vol │    val    │  acum_val  │   datetime    │            date            │ pbu  │ psd  │ puk │    bs    │    sb    │  abu   │  asd   │ auk │ rbu │ bu-sd  │ bu-sd_val  │ acum_busd │ acum_busd_val │  sd   │  val_sd   │ rsd │
├─────────┼─────┼─────┼─────┼─────┼───────┼───────────┼───────────┼─────────┼───────────┼────────────┼───────────────┼────────────────────────────┼──────┼──────┼─────┼──────────┼──────────┼────────┼────────┼─────┼─────┼────────┼────────────┼───────────┼───────────────┼───────┼───────────┼─────┤
│   21    │ 9.1 │ 9.1 │ 9.1 │ 9.1 │  200  │  1820000  │  160200   │  47700  │ 434070000 │ 1455620000 │ 1674127200000 │ '2023-01-19T11:20:00.000Z' │ 0.4  │ 99.6 │  0  │    0     │  237.5   │ 4286.4 │ 5579.5 │  0  │  0  │ -47300 │ -430430000 │  -15000   │  -135560000   │ 47500 │ 432250000 │ 8.5 │
│   22    │ 9.1 │ 9.1 │ 9.1 │ 9.1 │ 13100 │ 119210000 │  175300   │  15100  │ 137410000 │ 1593030000 │ 1674127500000 │ '2023-01-19T11:25:00.000Z' │ 86.8 │ 13.2 │  0  │   6.6    │   0.2    │ 4286.4 │ 5579.5 │  0  │ 3.1 │ 11100  │ 101010000  │   -3900   │   -34550000   │ 2000  │ 18200000  │ 0.4 │
│   23    │  9  │  9  │  9  │  9  │       │           │  176400   │  1100   │  9900000  │ 1602930000 │ 1674133200000 │ '2023-01-19T13:00:00.000Z' │  0   │ 100  │  0  │    0     │ Infinity │ 4286.4 │ 5579.5 │  0  │     │ -1100  │  -9900000  │   -5000   │   -44450000   │ 1100  │  9900000  │ 0.2 │
│   24    │ 9.1 │ 9.1 │ 9.1 │ 9.1 │ 4000  │ 36400000  │  180400   │  4000   │ 36400000  │ 1639330000 │ 1674133500000 │ '2023-01-19T13:05:00.000Z' │ 100  │  0   │  0  │ Infinity │    0     │ 4286.4 │ 5579.5 │  0  │ 0.9 │  4000  │  36400000  │   -1000   │   -8050000    │       │           │     │
│   25    │  9  │ 9.1 │  9  │ 9.1 │ 3000  │ 27300000  │  261700   │  81300  │ 732000000 │ 2371330000 │ 1674133800000 │ '2023-01-19T13:10:00.000Z' │ 3.7  │ 96.3 │  0  │    0     │   26.1   │ 4286.4 │ 5579.5 │  0  │ 0.7 │ -75300 │ -677400000 │  -76300   │  -685450000   │ 78300 │ 704700000 │ 14  │
│   26    │  9  │  9  │  9  │  9  │       │           │  267800   │  6100   │ 54900000  │ 2426230000 │ 1674134100000 │ '2023-01-19T13:15:00.000Z' │  0   │ 100  │  0  │    0     │ Infinity │ 4286.4 │ 5579.5 │  0  │     │ -6100  │ -54900000  │  -82400   │  -740350000   │ 6100  │ 54900000  │ 1.1 │
│   27    │  9  │  9  │  9  │  9  │       │           │  268200   │   400   │  3600000  │ 2429830000 │ 1674134400000 │ '2023-01-19T13:20:00.000Z' │  0   │ 100  │  0  │    0     │ Infinity │ 4286.4 │ 5579.5 │  0  │     │  -400  │  -3600000  │  -82800   │  -743950000   │  400  │  3600000  │ 0.1 │
│   28    │ 9.1 │ 9.1 │ 9.1 │ 9.1 │  100  │  910000   │  268300   │   100   │  910000   │ 2430740000 │ 1674135300000 │ '2023-01-19T13:35:00.000Z' │ 100  │  0   │  0  │ Infinity │    0     │ 4286.4 │ 5579.5 │  0  │  0  │  100   │   910000   │  -82700   │  -743040000   │       │           │     │
│   29    │ 9.1 │ 9.1 │ 9.1 │ 9.1 │ 1000  │  9100000  │  269300   │  1000   │  9100000  │ 2439840000 │ 1674135600000 │ '2023-01-19T13:40:00.000Z' │ 100  │  0   │  0  │ Infinity │    0     │ 4286.4 │ 5579.5 │  0  │ 0.2 │  1000  │  9100000   │  -81700   │  -733940000   │       │           │     │
│   30    │  9  │  9  │  9  │  9  │       │           │  270800   │  1500   │ 13500000  │ 2453340000 │ 1674135900000 │ '2023-01-19T13:45:00.000Z' │  0   │ 100  │  0  │    0     │ Infinity │ 4286.4 │ 5579.5 │  0  │     │ -1500  │ -13500000  │  -83200   │  -747440000   │ 1500  │ 13500000  │ 0.3 │
│   31    │  9  │  9  │  9  │  9  │       │           │  272400   │  1600   │ 14400000  │ 2467740000 │ 1674136200000 │ '2023-01-19T13:50:00.000Z' │  0   │ 100  │  0  │    0     │ Infinity │ 4286.4 │ 5579.5 │  0  │     │ -1600  │ -14400000  │  -84800   │  -761840000   │ 1600  │ 14400000  │ 0.3 │
│   32    │  9  │  9  │  9  │  9  │       │           │  272600   │   200   │  1800000  │ 2469540000 │ 1674136500000 │ '2023-01-19T13:55:00.000Z' │  0   │ 100  │  0  │    0     │ Infinity │ 4286.4 │ 5579.5 │  0  │     │  -200  │  -1800000  │  -85000   │  -763640000   │  200  │  1800000  │  0  │
│   33    │ 9.1 │ 9.1 │ 9.1 │ 9.1 │ 1900  │ 17290000  │  274500   │  1900   │ 17290000  │ 2486830000 │ 1674136800000 │ '2023-01-19T14:00:00.000Z' │ 100  │  0   │  0  │ Infinity │    0     │ 4286.4 │ 5579.5 │  0  │ 0.4 │  1900  │  17290000  │  -83100   │  -746350000   │       │           │     │
│   34    │  9  │ 9.1 │  9  │ 9.1 │ 12000 │ 109200000 │  318300   │  43800  │ 395400000 │ 2882230000 │ 1674137100000 │ '2023-01-19T14:05:00.000Z' │ 27.4 │ 72.6 │  0  │   0.4    │   2.7    │ 4286.4 │ 5579.5 │  0  │ 2.8 │ -19800 │ -177000000 │  -102900  │  -923350000   │ 31800 │ 286200000 │ 5.7 │
│   35    │ 9.1 │ 9.1 │  9  │ 9.1 │ 1000  │  9100000  │  320400   │  2100   │ 19000000  │ 2901230000 │ 1674137400000 │ '2023-01-19T14:10:00.000Z' │ 47.6 │ 52.4 │  0  │   0.9    │   1.1    │ 4286.4 │ 5579.5 │  0  │ 0.2 │  -100  │  -800000   │  -103000  │  -924150000   │ 1100  │  9900000  │ 0.2 │
│   36    │ 9.1 │ 9.1 │ 9.1 │ 9.1 │ 15000 │ 136500000 │  335400   │  15000  │ 136500000 │ 3037730000 │ 1674137700000 │ '2023-01-19T14:15:00.000Z' │ 100  │  0   │  0  │ Infinity │    0     │ 4286.4 │ 5579.5 │  0  │ 3.5 │ 15000  │ 136500000  │  -88000   │  -787650000   │       │           │     │
│   37    │ 9.1 │ 9.1 │ 9.1 │ 9.1 │ 4000  │ 36400000  │  339400   │  4000   │ 36400000  │ 3074130000 │ 1674138000000 │ '2023-01-19T14:20:00.000Z' │ 100  │  0   │  0  │ Infinity │    0     │ 4286.4 │ 5579.5 │  0  │ 0.9 │  4000  │  36400000  │  -84000   │  -751250000   │       │           │     │
│   38    │  9  │  9  │  9  │  9  │       │           │  341900   │  2500   │ 22500000  │ 3096630000 │ 1674138300000 │ '2023-01-19T14:25:00.000Z' │  0   │ 100  │  0  │    0     │ Infinity │ 4286.4 │ 5579.5 │  0  │     │ -2500  │ -22500000  │  -86500   │  -773750000   │ 2500  │ 22500000  │ 0.4 │
│   39    │ 9.1 │ 9.1 │  9  │  9  │ 1000  │  9100000  │  344000   │  2100   │ 19000000  │ 3115630000 │ 1674138600000 │ '2023-01-19T14:30:00.000Z' │ 47.6 │ 52.4 │  0  │   0.9    │   1.1    │ 4286.4 │ 5579.5 │  0  │ 0.2 │  -100  │  -800000   │  -86600   │  -774550000   │ 1100  │  9900000  │ 0.2 │
│   40    │  9  │  9  │  9  │  9  │       │           │  346400   │  2400   │ 21600000  │ 3137230000 │ 1674138900000 │ '2023-01-19T14:35:00.000Z' │  0   │ 100  │  0  │    0     │ Infinity │ 4286.4 │ 5579.5 │  0  │     │ -2400  │ -21600000  │  -89000   │  -796150000   │ 2400  │ 21600000  │ 0.4 │
├─────────┼─────┼─────┼─────┼─────┼───────┼───────────┼───────────┼─────────┼───────────┼────────────┼───────────────┼────────────────────────────┼──────┼──────┼─────┼──────────┼──────────┼────────┼────────┼─────┼─────┼────────┼────────────┼───────────┼───────────────┼───────┼───────────┼─────┤
│ (index) │  c  │  h  │  l  │  o  │  bu   │  val_bu   │ total_vol │ sum_vol │    val    │  acum_val  │   datetime    │            date            │ pbu  │ psd  │ puk │    bs    │    sb    │  abu   │  asd   │ auk │ rbu │ bu-sd  │ bu-sd_val  │ acum_busd │ acum_busd_val │  sd   │  val_sd   │ rsd │
├─────────┼─────┼─────┼─────┼─────┼───────┼───────────┼───────────┼─────────┼───────────┼────────────┼───────────────┼────────────────────────────┼──────┼──────┼─────┼──────────┼──────────┼────────┼────────┼─────┼─────┼────────┼────────────┼───────────┼───────────────┼───────┼───────────┼─────┤
│   41    │ 9.1 │ 9.1 │ 9.1 │ 9.1 │  100  │  910000   │  346500   │   100   │  910000   │ 3138140000 │ 1674139200000 │ '2023-01-19T14:40:00.000Z' │ 100  │  0   │  0  │ Infinity │    0     │ 4286.4 │ 5579.5 │  0  │  0  │  100   │   910000   │  -88900   │  -795240000   │       │           │     │
│   42    │ 9.1 │ 9.1 │  9  │ 9.1 │ 27500 │ 250250000 │  394000   │  47500  │ 430250000 │ 3568390000 │ 1674139800000 │ '2023-01-19T14:50:00.000Z' │ 57.9 │ 42.1 │  0  │   1.4    │   0.7    │ 4286.4 │ 5579.5 │  0  │ 6.4 │  7500  │  70250000  │  -81400   │  -724990000   │ 20000 │ 180000000 │ 3.6 │
│   43    │ 9.1 │ 9.1 │  9  │ 9.1 │ 32300 │ 293930000 │  434100   │  40100  │ 364130000 │ 3932520000 │ 1674140100000 │ '2023-01-19T14:55:00.000Z' │ 80.5 │ 19.5 │  0  │   4.1    │   0.2    │ 4286.4 │ 5579.5 │  0  │ 7.5 │ 24500  │ 223730000  │  -56900   │  -501260000   │ 7800  │ 70200000  │ 1.4 │
└─────────┴─────┴─────┴─────┴─────┴───────┴───────────┴───────────┴─────────┴───────────┴────────────┴───────────────┴────────────────────────────┴──────┴──────┴─────┴──────────┴──────────┴────────┴────────┴─────┴─────┴────────┴────────────┴───────────┴───────────────┴───────┴───────────┴─────┘

