┌─────────┬─────┬─────┬─────┬─────┬───────┬──────────┬───────────┬─────────┬──────────┬───────────┬───────────────┬────────────────────────────┬─────┬─────┬─────┬──────────┬──────────┬────────┬──────┬─────┬─────┬───────┬───────────┬───────────┬───────────────┬─────┬─────────┬──────┐
│ (index) │  c  │  h  │  l  │  o  │  bu   │  val_bu  │ total_vol │ sum_vol │   val    │ acum_val  │   datetime    │            date            │ pbu │ psd │ puk │    bs    │    sb    │  abu   │ asd  │ auk │ rbu │ bu-sd │ bu-sd_val │ acum_busd │ acum_busd_val │ sd  │ val_sd  │ rsd  │
├─────────┼─────┼─────┼─────┼─────┼───────┼──────────┼───────────┼─────────┼──────────┼───────────┼───────────────┼────────────────────────────┼─────┼─────┼─────┼──────────┼──────────┼────────┼──────┼─────┼─────┼───────┼───────────┼───────────┼───────────────┼─────┼─────────┼──────┤
│    0    │ 1.8 │ 1.8 │ 1.8 │ 1.8 │  100  │  180000  │    100    │   100   │  180000  │  180000   │ 1674093600000 │ '2023-01-19T02:00:00.000Z' │ 100 │  0  │  0  │ Infinity │    0     │ 4140.9 │ 59.1 │  0  │  0  │  100  │  180000   │    100    │    180000     │     │         │      │
│    1    │ 1.7 │ 1.7 │ 1.7 │ 1.7 │       │          │    200    │   100   │  170000  │  350000   │ 1674119100000 │ '2023-01-19T09:05:00.000Z' │  0  │ 100 │  0  │    0     │ Infinity │ 4140.9 │ 59.1 │  0  │     │ -100  │  -170000  │     0     │     10000     │ 100 │ 170000  │ 1.7  │
│    2    │ 1.8 │ 1.8 │ 1.8 │ 1.8 │ 1000  │ 1800000  │   1200    │  1000   │ 1800000  │  2150000  │ 1674120900000 │ '2023-01-19T09:35:00.000Z' │ 100 │  0  │  0  │ Infinity │    0     │ 4140.9 │ 59.1 │  0  │ 0.2 │ 1000  │  1800000  │   1000    │    1810000    │     │         │      │
│    3    │ 1.7 │ 1.7 │ 1.7 │ 1.7 │       │          │   2000    │   800   │ 1360000  │  3510000  │ 1674121200000 │ '2023-01-19T09:40:00.000Z' │  0  │ 100 │  0  │    0     │ Infinity │ 4140.9 │ 59.1 │  0  │     │ -800  │ -1360000  │    200    │    450000     │ 800 │ 1360000 │ 13.5 │
│    4    │ 1.8 │ 1.8 │ 1.8 │ 1.8 │  100  │  180000  │   2100    │   100   │  180000  │  3690000  │ 1674121800000 │ '2023-01-19T09:50:00.000Z' │ 100 │  0  │  0  │ Infinity │    0     │ 4140.9 │ 59.1 │  0  │  0  │  100  │  180000   │    300    │    630000     │     │         │      │
│    5    │ 1.8 │ 1.8 │ 1.7 │ 1.7 │  100  │  180000  │   2500    │   400   │  690000  │  4380000  │ 1674122400000 │ '2023-01-19T10:00:00.000Z' │ 25  │ 75  │  0  │   0.3    │    3     │ 4140.9 │ 59.1 │  0  │  0  │ -200  │  -330000  │    100    │    300000     │ 300 │ 510000  │ 5.1  │
│    6    │ 1.8 │ 1.8 │ 1.8 │ 1.8 │ 11000 │ 19800000 │   13500   │  11000  │ 19800000 │ 24180000  │ 1674122700000 │ '2023-01-19T10:05:00.000Z' │ 100 │  0  │  0  │ Infinity │    0     │ 4140.9 │ 59.1 │  0  │ 2.7 │ 11000 │ 19800000  │   11100   │   20100000    │     │         │      │
│    7    │ 1.8 │ 1.8 │ 1.8 │ 1.8 │  100  │  180000  │   13600   │   100   │  180000  │ 24360000  │ 1674123900000 │ '2023-01-19T10:25:00.000Z' │ 100 │  0  │  0  │ Infinity │    0     │ 4140.9 │ 59.1 │  0  │  0  │  100  │  180000   │   11200   │   20280000    │     │         │      │
│    8    │ 1.8 │ 1.8 │ 1.8 │ 1.8 │ 21000 │ 37800000 │   34600   │  21000  │ 37800000 │ 62160000  │ 1674125400000 │ '2023-01-19T10:50:00.000Z' │ 100 │  0  │  0  │ Infinity │    0     │ 4140.9 │ 59.1 │  0  │ 5.1 │ 21000 │ 37800000  │   32200   │   58080000    │     │         │      │
│    9    │ 1.8 │ 1.8 │ 1.8 │ 1.8 │ 3000  │ 5400000  │   37600   │  3000   │ 5400000  │ 67560000  │ 1674126900000 │ '2023-01-19T11:15:00.000Z' │ 100 │  0  │  0  │ Infinity │    0     │ 4140.9 │ 59.1 │  0  │ 0.7 │ 3000  │  5400000  │   35200   │   63480000    │     │         │      │
│   10    │ 1.8 │ 1.8 │ 1.8 │ 1.8 │ 3000  │ 5400000  │   40600   │  3000   │ 5400000  │ 72960000  │ 1674127200000 │ '2023-01-19T11:20:00.000Z' │ 100 │  0  │  0  │ Infinity │    0     │ 4140.9 │ 59.1 │  0  │ 0.7 │ 3000  │  5400000  │   38200   │   68880000    │     │         │      │
│   11    │ 1.8 │ 1.8 │ 1.8 │ 1.8 │ 3000  │ 5400000  │   43600   │  3000   │ 5400000  │ 78360000  │ 1674127500000 │ '2023-01-19T11:25:00.000Z' │ 100 │  0  │  0  │ Infinity │    0     │ 4140.9 │ 59.1 │  0  │ 0.7 │ 3000  │  5400000  │   41200   │   74280000    │     │         │      │
│   12    │ 1.8 │ 1.8 │ 1.8 │ 1.8 │ 5300  │ 9540000  │   48900   │  5300   │ 9540000  │ 87900000  │ 1674133200000 │ '2023-01-19T13:00:00.000Z' │ 100 │  0  │  0  │ Infinity │    0     │ 4140.9 │ 59.1 │  0  │ 1.3 │ 5300  │  9540000  │   46500   │   83820000    │     │         │      │
│   13    │ 1.8 │ 1.8 │ 1.8 │ 1.8 │  200  │  360000  │   49100   │   200   │  360000  │ 88260000  │ 1674133500000 │ '2023-01-19T13:05:00.000Z' │ 100 │  0  │  0  │ Infinity │    0     │ 4140.9 │ 59.1 │  0  │  0  │  200  │  360000   │   46700   │   84180000    │     │         │      │
│   14    │ 1.7 │ 1.7 │ 1.7 │ 1.7 │       │          │   49200   │   100   │  170000  │ 88430000  │ 1674134400000 │ '2023-01-19T13:20:00.000Z' │  0  │ 100 │  0  │    0     │ Infinity │ 4140.9 │ 59.1 │  0  │     │ -100  │  -170000  │   46600   │   84010000    │ 100 │ 170000  │ 1.7  │
│   15    │ 1.8 │ 1.8 │ 1.8 │ 1.8 │ 14200 │ 25560000 │   63400   │  14200  │ 25560000 │ 113990000 │ 1674134700000 │ '2023-01-19T13:25:00.000Z' │ 100 │  0  │  0  │ Infinity │    0     │ 4140.9 │ 59.1 │  0  │ 3.4 │ 14200 │ 25560000  │   60800   │   109570000   │     │         │      │
│   16    │ 1.8 │ 1.8 │ 1.8 │ 1.8 │  200  │  360000  │   63600   │   200   │  360000  │ 114350000 │ 1674135300000 │ '2023-01-19T13:35:00.000Z' │ 100 │  0  │  0  │ Infinity │    0     │ 4140.9 │ 59.1 │  0  │  0  │  200  │  360000   │   61000   │   109930000   │     │         │      │
│   17    │ 1.8 │ 1.8 │ 1.8 │ 1.8 │ 1600  │ 2880000  │   65200   │  1600   │ 2880000  │ 117230000 │ 1674136200000 │ '2023-01-19T13:50:00.000Z' │ 100 │  0  │  0  │ Infinity │    0     │ 4140.9 │ 59.1 │  0  │ 0.4 │ 1600  │  2880000  │   62600   │   112810000   │     │         │      │
│   18    │ 1.8 │ 1.8 │ 1.8 │ 1.8 │ 12500 │ 22500000 │   77700   │  12500  │ 22500000 │ 139730000 │ 1674137100000 │ '2023-01-19T14:05:00.000Z' │ 100 │  0  │  0  │ Infinity │    0     │ 4140.9 │ 59.1 │  0  │  3  │ 12500 │ 22500000  │   75100   │   135310000   │     │         │      │
│   19    │ 1.8 │ 1.8 │ 1.8 │ 1.8 │ 10000 │ 18000000 │   87700   │  10000  │ 18000000 │ 157730000 │ 1674137700000 │ '2023-01-19T14:15:00.000Z' │ 100 │  0  │  0  │ Infinity │    0     │ 4140.9 │ 59.1 │  0  │ 2.4 │ 10000 │ 18000000  │   85100   │   153310000   │     │         │      │
│   20    │ 1.8 │ 1.8 │ 1.8 │ 1.8 │ 2000  │ 3600000  │   89700   │  2000   │ 3600000  │ 161330000 │ 1674138300000 │ '2023-01-19T14:25:00.000Z' │ 100 │  0  │  0  │ Infinity │    0     │ 4140.9 │ 59.1 │  0  │ 0.5 │ 2000  │  3600000  │   87100   │   156910000   │     │         │      │
├─────────┼─────┼─────┼─────┼─────┼───────┼──────────┼───────────┼─────────┼──────────┼───────────┼───────────────┼────────────────────────────┼─────┼─────┼─────┼──────────┼──────────┼────────┼──────┼─────┼─────┼───────┼───────────┼───────────┼───────────────┼─────┼─────────┼──────┤
│ (index) │  c  │  h  │  l  │  o  │  bu   │  val_bu  │ total_vol │ sum_vol │   val    │ acum_val  │   datetime    │            date            │ pbu │ psd │ puk │    bs    │    sb    │  abu   │ asd  │ auk │ rbu │ bu-sd │ bu-sd_val │ acum_busd │ acum_busd_val │ sd  │ val_sd  │ rsd  │
├─────────┼─────┼─────┼─────┼─────┼───────┼──────────┼───────────┼─────────┼──────────┼───────────┼───────────────┼────────────────────────────┼─────┼─────┼─────┼──────────┼──────────┼────────┼──────┼─────┼─────┼───────┼───────────┼───────────┼───────────────┼─────┼─────────┼──────┤
│   21    │ 1.8 │ 1.8 │ 1.8 │ 1.8 │ 2700  │ 4860000  │   92400   │  2700   │ 4860000  │ 166190000 │ 1674139500000 │ '2023-01-19T14:45:00.000Z' │ 100 │  0  │  0  │ Infinity │    0     │ 4140.9 │ 59.1 │  0  │ 0.7 │ 2700  │  4860000  │   89800   │   161770000   │     │         │      │
└─────────┴─────┴─────┴─────┴─────┴───────┴──────────┴───────────┴─────────┴──────────┴───────────┴───────────────┴────────────────────────────┴─────┴─────┴─────┴──────────┴──────────┴────────┴──────┴─────┴─────┴───────┴───────────┴───────────┴───────────────┴─────┴─────────┴──────┘

