┌─────────┬──────┬──────┬──────┬──────┬───────┬──────────┬───────────┬─────────┬──────────┬───────────┬───────────────┬────────────────────────────┬──────┬──────┬─────┬──────────┬──────────┬──────┬───────┬─────┬──────┬───────┬───────────┬───────────┬───────────────┬──────┬──────────┬──────┐
│ (index) │  c   │  h   │  l   │  o   │  bu   │  val_bu  │ total_vol │ sum_vol │   val    │ acum_val  │   datetime    │            date            │ pbu  │ psd  │ puk │    bs    │    sb    │ abu  │  asd  │ auk │ rbu  │ bu-sd │ bu-sd_val │ acum_busd │ acum_busd_val │  sd  │  val_sd  │ rsd  │
├─────────┼──────┼──────┼──────┼──────┼───────┼──────────┼───────────┼─────────┼──────────┼───────────┼───────────────┼────────────────────────────┼──────┼──────┼─────┼──────────┼──────────┼──────┼───────┼─────┼──────┼───────┼───────────┼───────────┼───────────────┼──────┼──────────┼──────┤
│    0    │ 3.18 │ 3.18 │ 3.18 │ 3.18 │ 21300 │ 67734000 │   21300   │  21300  │ 67734000 │ 67734000  │ 1674119640000 │ '2023-01-19T09:14:00.000Z' │ 100  │  0   │  0  │ Infinity │    0     │ 2600 │ 394.4 │  0  │ 8.2  │ 21300 │ 67734000  │   21300   │   67734000    │      │          │      │
│    1    │ 3.09 │ 3.1  │ 3.09 │ 3.1  │ 1300  │ 4029000  │   22600   │  1300   │ 4029000  │ 71763000  │ 1674119760000 │ '2023-01-19T09:16:00.000Z' │ 100  │  0   │  0  │ Infinity │    0     │ 2600 │ 394.4 │  0  │ 0.5  │ 1300  │  4029000  │   22600   │   71763000    │      │          │      │
│    2    │ 3.1  │ 3.1  │ 3.07 │ 3.07 │ 3700  │ 11459000 │   26300   │  3700   │ 11459000 │ 83222000  │ 1674120000000 │ '2023-01-19T09:20:00.000Z' │ 100  │  0   │  0  │ Infinity │    0     │ 2600 │ 394.4 │  0  │ 1.4  │ 3700  │ 11459000  │   26300   │   83222000    │      │          │      │
│    3    │ 3.1  │ 3.1  │ 3.1  │ 3.1  │ 3700  │ 11470000 │   30000   │  3700   │ 11470000 │ 94692000  │ 1674120120000 │ '2023-01-19T09:22:00.000Z' │ 100  │  0   │  0  │ Infinity │    0     │ 2600 │ 394.4 │  0  │ 1.4  │ 3700  │ 11470000  │   30000   │   94692000    │      │          │      │
│    4    │ 3.15 │ 3.15 │ 3.1  │ 3.1  │ 3800  │ 11867000 │   33800   │  3800   │ 11867000 │ 106559000 │ 1674120240000 │ '2023-01-19T09:24:00.000Z' │ 100  │  0   │  0  │ Infinity │    0     │ 2600 │ 394.4 │  0  │ 1.5  │ 3800  │ 11867000  │   33800   │   106559000   │      │          │      │
│    5    │ 3.15 │ 3.15 │ 3.15 │ 3.15 │ 1400  │ 4410000  │   35200   │  1400   │ 4410000  │ 110969000 │ 1674120480000 │ '2023-01-19T09:28:00.000Z' │ 100  │  0   │  0  │ Infinity │    0     │ 2600 │ 394.4 │  0  │ 0.5  │ 1400  │  4410000  │   35200   │   110969000   │      │          │      │
│    6    │ 3.15 │ 3.15 │ 3.15 │ 3.15 │  100  │  315000  │   35300   │   100   │  315000  │ 111284000 │ 1674120600000 │ '2023-01-19T09:30:00.000Z' │ 100  │  0   │  0  │ Infinity │    0     │ 2600 │ 394.4 │  0  │  0   │  100  │  315000   │   35300   │   111284000   │      │          │      │
│    7    │  3   │ 3.15 │  3   │ 3.15 │ 1000  │ 3150000  │   38100   │  2800   │ 8590000  │ 119874000 │ 1674120720000 │ '2023-01-19T09:32:00.000Z' │ 35.7 │ 64.3 │  0  │   0.6    │   1.8    │ 2600 │ 394.4 │  0  │ 0.4  │ -800  │ -2290000  │   34500   │   108994000   │ 1800 │ 5440000  │ 4.6  │
│    8    │ 3.11 │ 3.11 │ 3.11 │ 3.11 │  100  │  311000  │   38200   │   100   │  311000  │ 120185000 │ 1674121200000 │ '2023-01-19T09:40:00.000Z' │ 100  │  0   │  0  │ Infinity │    0     │ 2600 │ 394.4 │  0  │  0   │  100  │  311000   │   34600   │   109305000   │      │          │      │
│    9    │ 3.11 │ 3.11 │ 3.11 │ 3.11 │  300  │  933000  │   38500   │   300   │  933000  │ 121118000 │ 1674122040000 │ '2023-01-19T09:54:00.000Z' │ 100  │  0   │  0  │ Infinity │    0     │ 2600 │ 394.4 │  0  │ 0.1  │  300  │  933000   │   34900   │   110238000   │      │          │      │
│   10    │ 3.11 │ 3.11 │ 3.11 │ 3.11 │  100  │  311000  │   38600   │   100   │  311000  │ 121429000 │ 1674122160000 │ '2023-01-19T09:56:00.000Z' │ 100  │  0   │  0  │ Infinity │    0     │ 2600 │ 394.4 │  0  │  0   │  100  │  311000   │   35000   │   110549000   │      │          │      │
│   11    │ 3.11 │ 3.11 │ 3.11 │ 3.11 │  100  │  311000  │   38700   │   100   │  311000  │ 121740000 │ 1674122280000 │ '2023-01-19T09:58:00.000Z' │ 100  │  0   │  0  │ Infinity │    0     │ 2600 │ 394.4 │  0  │  0   │  100  │  311000   │   35100   │   110860000   │      │          │      │
│   12    │ 3.11 │ 3.11 │ 3.11 │ 3.11 │ 3000  │ 9330000  │   41700   │  3000   │ 9330000  │ 131070000 │ 1674122400000 │ '2023-01-19T10:00:00.000Z' │ 100  │  0   │  0  │ Infinity │    0     │ 2600 │ 394.4 │  0  │ 1.2  │ 3000  │  9330000  │   38100   │   120190000   │      │          │      │
│   13    │ 3.11 │ 3.11 │ 3.11 │ 3.11 │ 3000  │ 9330000  │   44700   │  3000   │ 9330000  │ 140400000 │ 1674122640000 │ '2023-01-19T10:04:00.000Z' │ 100  │  0   │  0  │ Infinity │    0     │ 2600 │ 394.4 │  0  │ 1.2  │ 3000  │  9330000  │   41100   │   129520000   │      │          │      │
│   14    │ 3.1  │ 3.1  │ 3.1  │ 3.1  │ 1500  │ 4650000  │   46200   │  1500   │ 4650000  │ 145050000 │ 1674123360000 │ '2023-01-19T10:16:00.000Z' │ 100  │  0   │  0  │ Infinity │    0     │ 2600 │ 394.4 │  0  │ 0.6  │ 1500  │  4650000  │   42600   │   134170000   │      │          │      │
│   15    │ 3.11 │ 3.11 │ 3.11 │ 3.11 │  500  │ 1555000  │   46700   │   500   │ 1555000  │ 146605000 │ 1674123480000 │ '2023-01-19T10:18:00.000Z' │ 100  │  0   │  0  │ Infinity │    0     │ 2600 │ 394.4 │  0  │ 0.2  │  500  │  1555000  │   43100   │   135725000   │      │          │      │
│   16    │ 3.11 │ 3.11 │ 3.11 │ 3.11 │ 8800  │ 27368000 │   55500   │  8800   │ 27368000 │ 173973000 │ 1674124080000 │ '2023-01-19T10:28:00.000Z' │ 100  │  0   │  0  │ Infinity │    0     │ 2600 │ 394.4 │  0  │ 3.4  │ 8800  │ 27368000  │   51900   │   163093000   │      │          │      │
│   17    │ 3.03 │ 3.03 │ 3.03 │ 3.03 │       │          │   55600   │   100   │  303000  │ 174276000 │ 1674124560000 │ '2023-01-19T10:36:00.000Z' │  0   │ 100  │  0  │    0     │ Infinity │ 2600 │ 394.4 │  0  │      │ -100  │  -303000  │   51800   │   162790000   │ 100  │  303000  │ 0.3  │
│   18    │ 3.11 │ 3.11 │ 3.11 │ 3.11 │  100  │  311000  │   55700   │   100   │  311000  │ 174587000 │ 1674125640000 │ '2023-01-19T10:54:00.000Z' │ 100  │  0   │  0  │ Infinity │    0     │ 2600 │ 394.4 │  0  │  0   │  100  │  311000   │   51900   │   163101000   │      │          │      │
│   19    │ 3.11 │ 3.11 │ 3.11 │ 3.11 │  300  │  933000  │   56000   │   300   │  933000  │ 175520000 │ 1674126240000 │ '2023-01-19T11:04:00.000Z' │ 100  │  0   │  0  │ Infinity │    0     │ 2600 │ 394.4 │  0  │ 0.1  │  300  │  933000   │   52200   │   164034000   │      │          │      │
│   20    │ 3.11 │ 3.11 │ 3.11 │ 3.11 │       │          │   56300   │   300   │  933000  │ 176453000 │ 1674126360000 │ '2023-01-19T11:06:00.000Z' │  0   │ 100  │  0  │    0     │ Infinity │ 2600 │ 394.4 │  0  │      │ -300  │  -933000  │   51900   │   163101000   │ 300  │  933000  │ 0.8  │
├─────────┼──────┼──────┼──────┼──────┼───────┼──────────┼───────────┼─────────┼──────────┼───────────┼───────────────┼────────────────────────────┼──────┼──────┼─────┼──────────┼──────────┼──────┼───────┼─────┼──────┼───────┼───────────┼───────────┼───────────────┼──────┼──────────┼──────┤
│ (index) │  c   │  h   │  l   │  o   │  bu   │  val_bu  │ total_vol │ sum_vol │   val    │ acum_val  │   datetime    │            date            │ pbu  │ psd  │ puk │    bs    │    sb    │ abu  │  asd  │ auk │ rbu  │ bu-sd │ bu-sd_val │ acum_busd │ acum_busd_val │  sd  │  val_sd  │ rsd  │
├─────────┼──────┼──────┼──────┼──────┼───────┼──────────┼───────────┼─────────┼──────────┼───────────┼───────────────┼────────────────────────────┼──────┼──────┼─────┼──────────┼──────────┼──────┼───────┼─────┼──────┼───────┼───────────┼───────────┼───────────────┼──────┼──────────┼──────┤
│   21    │ 3.11 │ 3.11 │ 3.11 │ 3.11 │       │          │   56700   │   400   │ 1244000  │ 177697000 │ 1674126720000 │ '2023-01-19T11:12:00.000Z' │  0   │ 100  │  0  │    0     │ Infinity │ 2600 │ 394.4 │  0  │      │ -400  │ -1244000  │   51500   │   161857000   │ 400  │ 1244000  │  1   │
│   22    │ 3.11 │ 3.11 │ 3.11 │ 3.11 │  200  │  622000  │   56900   │   200   │  622000  │ 178319000 │ 1674133200000 │ '2023-01-19T13:00:00.000Z' │ 100  │  0   │  0  │ Infinity │    0     │ 2600 │ 394.4 │  0  │ 0.1  │  200  │  622000   │   51700   │   162479000   │      │          │      │
│   23    │ 3.11 │ 3.11 │ 3.11 │ 3.11 │ 8000  │ 24880000 │   64900   │  8000   │ 24880000 │ 203199000 │ 1674133560000 │ '2023-01-19T13:06:00.000Z' │ 100  │  0   │  0  │ Infinity │    0     │ 2600 │ 394.4 │  0  │ 3.1  │ 8000  │ 24880000  │   59700   │   187359000   │      │          │      │
│   24    │ 3.04 │ 3.1  │ 3.04 │ 3.1  │       │          │   65600   │   700   │ 2134000  │ 205333000 │ 1674133800000 │ '2023-01-19T13:10:00.000Z' │  0   │ 100  │  0  │    0     │ Infinity │ 2600 │ 394.4 │  0  │      │ -700  │ -2134000  │   59000   │   185225000   │ 700  │ 2134000  │ 1.8  │
│   25    │ 3.1  │ 3.1  │ 3.1  │ 3.1  │  100  │  310000  │   65700   │   100   │  310000  │ 205643000 │ 1674134040000 │ '2023-01-19T13:14:00.000Z' │ 100  │  0   │  0  │ Infinity │    0     │ 2600 │ 394.4 │  0  │  0   │  100  │  310000   │   59100   │   185535000   │      │          │      │
│   26    │ 3.1  │ 3.1  │ 3.1  │ 3.1  │  300  │  930000  │   66000   │   300   │  930000  │ 206573000 │ 1674134640000 │ '2023-01-19T13:24:00.000Z' │ 100  │  0   │  0  │ Infinity │    0     │ 2600 │ 394.4 │  0  │ 0.1  │  300  │  930000   │   59400   │   186465000   │      │          │      │
│   27    │ 3.1  │ 3.1  │ 3.1  │ 3.1  │  100  │  310000  │   66100   │   100   │  310000  │ 206883000 │ 1674135480000 │ '2023-01-19T13:38:00.000Z' │ 100  │  0   │  0  │ Infinity │    0     │ 2600 │ 394.4 │  0  │  0   │  100  │  310000   │   59500   │   186775000   │      │          │      │
│   28    │ 3.1  │ 3.1  │ 3.1  │ 3.1  │  300  │  930000  │   66400   │   300   │  930000  │ 207813000 │ 1674136200000 │ '2023-01-19T13:50:00.000Z' │ 100  │  0   │  0  │ Infinity │    0     │ 2600 │ 394.4 │  0  │ 0.1  │  300  │  930000   │   59800   │   187705000   │      │          │      │
│   29    │ 3.05 │ 3.06 │ 3.05 │ 3.06 │       │          │   67400   │  1000   │ 3058000  │ 210871000 │ 1674136320000 │ '2023-01-19T13:52:00.000Z' │  0   │ 100  │  0  │    0     │ Infinity │ 2600 │ 394.4 │  0  │      │ -1000 │ -3058000  │   58800   │   184647000   │ 1000 │ 3058000  │ 2.5  │
│   30    │ 3.05 │ 3.05 │ 3.05 │ 3.05 │       │          │   72900   │  5500   │ 16775000 │ 227646000 │ 1674137640000 │ '2023-01-19T14:14:00.000Z' │  0   │ 100  │  0  │    0     │ Infinity │ 2600 │ 394.4 │  0  │      │ -5500 │ -16775000 │   53300   │   167872000   │ 5500 │ 16775000 │ 13.9 │
│   31    │ 3.05 │ 3.05 │ 3.05 │ 3.05 │       │          │   76900   │  4000   │ 12200000 │ 239846000 │ 1674137760000 │ '2023-01-19T14:16:00.000Z' │  0   │ 100  │  0  │    0     │ Infinity │ 2600 │ 394.4 │  0  │      │ -4000 │ -12200000 │   49300   │   155672000   │ 4000 │ 12200000 │ 10.1 │
│   32    │ 3.05 │ 3.05 │ 3.05 │ 3.05 │       │          │   77300   │   400   │ 1220000  │ 241066000 │ 1674137880000 │ '2023-01-19T14:18:00.000Z' │  0   │ 100  │  0  │    0     │ Infinity │ 2600 │ 394.4 │  0  │      │ -400  │ -1220000  │   48900   │   154452000   │ 400  │ 1220000  │  1   │
│   33    │ 3.05 │ 3.05 │ 3.05 │ 3.05 │  200  │  610000  │   77500   │   200   │  610000  │ 241676000 │ 1674138000000 │ '2023-01-19T14:20:00.000Z' │ 100  │  0   │  0  │ Infinity │    0     │ 2600 │ 394.4 │  0  │ 0.1  │  200  │  610000   │   49100   │   155062000   │      │          │      │
│   34    │ 3.1  │ 3.1  │ 3.1  │ 3.1  │  100  │  310000  │   77600   │   100   │  310000  │ 241986000 │ 1674138360000 │ '2023-01-19T14:26:00.000Z' │ 100  │  0   │  0  │ Infinity │    0     │ 2600 │ 394.4 │  0  │  0   │  100  │  310000   │   49200   │   155372000   │      │          │      │
│   35    │ 3.1  │ 3.1  │ 3.1  │ 3.1  │ 30200 │ 93620000 │  107800   │  30200  │ 93620000 │ 335606000 │ 1674139440000 │ '2023-01-19T14:44:00.000Z' │ 100  │  0   │  0  │ Infinity │    0     │ 2600 │ 394.4 │  0  │ 11.6 │ 30200 │ 93620000  │   79400   │   248992000   │      │          │      │
└─────────┴──────┴──────┴──────┴──────┴───────┴──────────┴───────────┴─────────┴──────────┴───────────┴───────────────┴────────────────────────────┴──────┴──────┴─────┴──────────┴──────────┴──────┴───────┴─────┴──────┴───────┴───────────┴───────────┴───────────────┴──────┴──────────┴──────┘

