┌─────────┬───────┬───────┬───────┬───────┬───────┬───────────┬───────────┬─────────┬───────────┬───────────┬───────────────┬────────────────────────────┬──────┬──────┬─────┬──────────┬──────────┬─────┬───────┬─────┬──────┬───────┬───────────┬───────────┬───────────────┬──────┬──────────┬─────┐
│ (index) │   c   │   h   │   l   │   o   │  bu   │  val_bu   │ total_vol │ sum_vol │    val    │ acum_val  │   datetime    │            date            │ pbu  │ psd  │ puk │    bs    │    sb    │ abu │  asd  │ auk │ rbu  │ bu-sd │ bu-sd_val │ acum_busd │ acum_busd_val │  sd  │  val_sd  │ rsd │
├─────────┼───────┼───────┼───────┼───────┼───────┼───────────┼───────────┼─────────┼───────────┼───────────┼───────────────┼────────────────────────────┼──────┼──────┼─────┼──────────┼──────────┼─────┼───────┼─────┼──────┼───────┼───────────┼───────────┼───────────────┼──────┼──────────┼─────┤
│    0    │ 10.75 │ 10.75 │ 10.75 │ 10.75 │ 1000  │ 10750000  │   1000    │  1000   │ 10750000  │ 10750000  │ 1674119640000 │ '2023-01-19T09:14:00.000Z' │ 100  │  0   │  0  │ Infinity │    0     │ 950 │ 865.6 │  0  │ 1.1  │ 1000  │ 10750000  │   1000    │   10750000    │      │          │     │
│    1    │ 10.75 │ 10.75 │ 10.75 │ 10.75 │  800  │  8600000  │   1800    │   800   │  8600000  │ 19350000  │ 1674119760000 │ '2023-01-19T09:16:00.000Z' │ 100  │  0   │  0  │ Infinity │    0     │ 950 │ 865.6 │  0  │ 0.8  │  800  │  8600000  │   1800    │   19350000    │      │          │     │
│    2    │ 10.9  │ 10.9  │ 10.9  │ 10.9  │       │           │   2300    │   500   │  5450000  │ 24800000  │ 1674119880000 │ '2023-01-19T09:18:00.000Z' │  0   │ 100  │  0  │    0     │ Infinity │ 950 │ 865.6 │  0  │      │ -500  │ -5450000  │   1300    │   13900000    │ 500  │ 5450000  │ 0.6 │
│    3    │ 10.75 │ 10.75 │ 10.75 │ 10.75 │       │           │   6300    │  4000   │ 43000000  │ 67800000  │ 1674121920000 │ '2023-01-19T09:52:00.000Z' │  0   │ 100  │  0  │    0     │ Infinity │ 950 │ 865.6 │  0  │      │ -4000 │ -43000000 │   -2700   │   -29100000   │ 4000 │ 43000000 │ 4.6 │
│    4    │ 10.75 │ 10.75 │ 10.75 │ 10.75 │       │           │   6600    │   300   │  3225000  │ 71025000  │ 1674122040000 │ '2023-01-19T09:54:00.000Z' │  0   │ 100  │  0  │    0     │ Infinity │ 950 │ 865.6 │  0  │      │ -300  │ -3225000  │   -3000   │   -32325000   │ 300  │ 3225000  │ 0.3 │
│    5    │ 10.75 │ 10.75 │ 10.75 │ 10.75 │       │           │   6800    │   200   │  2150000  │ 73175000  │ 1674123360000 │ '2023-01-19T10:16:00.000Z' │  0   │ 100  │  0  │    0     │ Infinity │ 950 │ 865.6 │  0  │      │ -200  │ -2150000  │   -3200   │   -34475000   │ 200  │ 2150000  │ 0.2 │
│    6    │ 10.75 │ 10.75 │ 10.75 │ 10.75 │       │           │   9500    │  2700   │ 29025000  │ 102200000 │ 1674123600000 │ '2023-01-19T10:20:00.000Z' │  0   │ 100  │  0  │    0     │ Infinity │ 950 │ 865.6 │  0  │      │ -2700 │ -29025000 │   -5900   │   -63500000   │ 2700 │ 29025000 │ 3.1 │
│    7    │ 10.75 │ 10.75 │ 10.75 │ 10.75 │       │           │   9700    │   200   │  2150000  │ 104350000 │ 1674124080000 │ '2023-01-19T10:28:00.000Z' │  0   │ 100  │  0  │    0     │ Infinity │ 950 │ 865.6 │  0  │      │ -200  │ -2150000  │   -6100   │   -65650000   │ 200  │ 2150000  │ 0.2 │
│    8    │ 10.75 │ 10.75 │ 10.75 │ 10.75 │       │           │   10600   │   900   │  9675000  │ 114025000 │ 1674124320000 │ '2023-01-19T10:32:00.000Z' │  0   │ 100  │  0  │    0     │ Infinity │ 950 │ 865.6 │  0  │      │ -900  │ -9675000  │   -7000   │   -75325000   │ 900  │ 9675000  │  1  │
│    9    │ 10.8  │ 10.8  │ 10.8  │ 10.8  │  300  │  3240000  │   10900   │   300   │  3240000  │ 117265000 │ 1674125640000 │ '2023-01-19T10:54:00.000Z' │ 100  │  0   │  0  │ Infinity │    0     │ 950 │ 865.6 │  0  │ 0.3  │  300  │  3240000  │   -6700   │   -72085000   │      │          │     │
│   10    │ 10.85 │ 10.85 │ 10.85 │ 10.85 │  100  │  1085000  │   11000   │   100   │  1085000  │ 118350000 │ 1674126120000 │ '2023-01-19T11:02:00.000Z' │ 100  │  0   │  0  │ Infinity │    0     │ 950 │ 865.6 │  0  │ 0.1  │  100  │  1085000  │   -6600   │   -71000000   │      │          │     │
│   11    │ 10.85 │ 10.85 │ 10.85 │ 10.85 │ 1800  │ 19530000  │   12800   │  1800   │ 19530000  │ 137880000 │ 1674127320000 │ '2023-01-19T11:22:00.000Z' │ 100  │  0   │  0  │ Infinity │    0     │ 950 │ 865.6 │  0  │ 1.9  │ 1800  │ 19530000  │   -4800   │   -51470000   │      │          │     │
│   12    │ 10.85 │ 10.85 │ 10.85 │ 10.85 │  400  │  4340000  │   13300   │   500   │  5425000  │ 143305000 │ 1674133200000 │ '2023-01-19T13:00:00.000Z' │  80  │  20  │  0  │    4     │   0.3    │ 950 │ 865.6 │  0  │ 0.4  │  300  │  3255000  │   -4500   │   -48215000   │ 100  │ 1085000  │ 0.1 │
│   13    │ 10.9  │ 10.9  │ 10.8  │ 10.8  │ 1200  │ 13060000  │   14500   │  1200   │ 13060000  │ 156365000 │ 1674134160000 │ '2023-01-19T13:16:00.000Z' │ 100  │  0   │  0  │ Infinity │    0     │ 950 │ 865.6 │  0  │ 1.3  │ 1200  │ 13060000  │   -3300   │   -35155000   │      │          │     │
│   14    │ 10.85 │ 10.85 │ 10.85 │ 10.85 │  500  │  5425000  │   15000   │   500   │  5425000  │ 161790000 │ 1674134640000 │ '2023-01-19T13:24:00.000Z' │ 100  │  0   │  0  │ Infinity │    0     │ 950 │ 865.6 │  0  │ 0.5  │  500  │  5425000  │   -2800   │   -29730000   │      │          │     │
│   15    │ 10.9  │ 10.9  │ 10.85 │ 10.85 │ 1500  │ 16325000  │   16500   │  1500   │ 16325000  │ 178115000 │ 1674135480000 │ '2023-01-19T13:38:00.000Z' │ 100  │  0   │  0  │ Infinity │    0     │ 950 │ 865.6 │  0  │ 1.6  │ 1500  │ 16325000  │   -1300   │   -13405000   │      │          │     │
│   16    │ 10.9  │ 10.9  │ 10.9  │ 10.9  │ 2000  │ 21800000  │   18500   │  2000   │ 21800000  │ 199915000 │ 1674135600000 │ '2023-01-19T13:40:00.000Z' │ 100  │  0   │  0  │ Infinity │    0     │ 950 │ 865.6 │  0  │ 2.1  │ 2000  │ 21800000  │    700    │    8395000    │      │          │     │
│   17    │ 10.9  │ 10.9  │ 10.9  │ 10.9  │ 1800  │ 19620000  │   20300   │  1800   │ 19620000  │ 219535000 │ 1674135840000 │ '2023-01-19T13:44:00.000Z' │ 100  │  0   │  0  │ Infinity │    0     │ 950 │ 865.6 │  0  │ 1.9  │ 1800  │ 19620000  │   2500    │   28015000    │      │          │     │
│   18    │ 10.9  │ 10.9  │ 10.9  │ 10.9  │ 1500  │ 16350000  │   21800   │  1500   │ 16350000  │ 235885000 │ 1674136680000 │ '2023-01-19T13:58:00.000Z' │ 100  │  0   │  0  │ Infinity │    0     │ 950 │ 865.6 │  0  │ 1.6  │ 1500  │ 16350000  │   4000    │   44365000    │      │          │     │
│   19    │ 10.9  │ 10.9  │ 10.9  │ 10.9  │  100  │  1090000  │   21900   │   100   │  1090000  │ 236975000 │ 1674136800000 │ '2023-01-19T14:00:00.000Z' │ 100  │  0   │  0  │ Infinity │    0     │ 950 │ 865.6 │  0  │ 0.1  │  100  │  1090000  │   4100    │   45455000    │      │          │     │
│   20    │ 10.8  │ 10.8  │ 10.8  │ 10.8  │       │           │   22000   │   100   │  1080000  │ 238055000 │ 1674136920000 │ '2023-01-19T14:02:00.000Z' │  0   │ 100  │  0  │    0     │ Infinity │ 950 │ 865.6 │  0  │      │ -100  │ -1080000  │   4000    │   44375000    │ 100  │ 1080000  │ 0.1 │
├─────────┼───────┼───────┼───────┼───────┼───────┼───────────┼───────────┼─────────┼───────────┼───────────┼───────────────┼────────────────────────────┼──────┼──────┼─────┼──────────┼──────────┼─────┼───────┼─────┼──────┼───────┼───────────┼───────────┼───────────────┼──────┼──────────┼─────┤
│ (index) │   c   │   h   │   l   │   o   │  bu   │  val_bu   │ total_vol │ sum_vol │    val    │ acum_val  │   datetime    │            date            │ pbu  │ psd  │ puk │    bs    │    sb    │ abu │  asd  │ auk │ rbu  │ bu-sd │ bu-sd_val │ acum_busd │ acum_busd_val │  sd  │  val_sd  │ rsd │
├─────────┼───────┼───────┼───────┼───────┼───────┼───────────┼───────────┼─────────┼───────────┼───────────┼───────────────┼────────────────────────────┼──────┼──────┼─────┼──────────┼──────────┼─────┼───────┼─────┼──────┼───────┼───────────┼───────────┼───────────────┼──────┼──────────┼─────┤
│   21    │ 10.75 │ 10.95 │ 10.75 │ 10.9  │ 1000  │ 10945000  │   28000   │  6000   │ 64890000  │ 302945000 │ 1674137160000 │ '2023-01-19T14:06:00.000Z' │ 16.7 │ 83.3 │  0  │   0.2    │    5     │ 950 │ 865.6 │  0  │ 1.1  │ -4000 │ -43000000 │     0     │    1375000    │ 5000 │ 53945000 │ 5.8 │
│   22    │ 10.95 │ 10.95 │ 10.75 │ 10.75 │  100  │  1095000  │   33200   │  5200   │ 55920000  │ 358865000 │ 1674137280000 │ '2023-01-19T14:08:00.000Z' │ 1.9  │ 98.1 │  0  │    0     │    51    │ 950 │ 865.6 │  0  │ 0.1  │ -5000 │ -53730000 │   -5000   │   -52355000   │ 5100 │ 54825000 │ 5.9 │
│   23    │ 10.75 │ 10.8  │ 10.75 │ 10.8  │       │           │   40000   │  6800   │ 73225000  │ 432090000 │ 1674137400000 │ '2023-01-19T14:10:00.000Z' │  0   │ 100  │  0  │    0     │ Infinity │ 950 │ 865.6 │  0  │      │ -6800 │ -73225000 │  -11800   │  -125580000   │ 6800 │ 73225000 │ 7.9 │
│   24    │ 10.75 │ 10.75 │ 10.75 │ 10.75 │ 1200  │ 12900000  │   41200   │  1200   │ 12900000  │ 444990000 │ 1674137520000 │ '2023-01-19T14:12:00.000Z' │ 100  │  0   │  0  │ Infinity │    0     │ 950 │ 865.6 │  0  │ 1.3  │ 1200  │ 12900000  │  -10600   │  -112680000   │      │          │     │
│   25    │ 10.95 │ 10.95 │ 10.95 │ 10.95 │  900  │  9855000  │   42100   │   900   │  9855000  │ 454845000 │ 1674137880000 │ '2023-01-19T14:18:00.000Z' │ 100  │  0   │  0  │ Infinity │    0     │ 950 │ 865.6 │  0  │ 0.9  │  900  │  9855000  │   -9700   │  -102825000   │      │          │     │
│   26    │ 10.95 │ 10.95 │ 10.95 │ 10.95 │ 1000  │ 10950000  │   43100   │  1000   │ 10950000  │ 465795000 │ 1674138000000 │ '2023-01-19T14:20:00.000Z' │ 100  │  0   │  0  │ Infinity │    0     │ 950 │ 865.6 │  0  │ 1.1  │ 1000  │ 10950000  │   -8700   │   -91875000   │      │          │     │
│   27    │ 10.95 │ 10.95 │ 10.95 │ 10.95 │ 1000  │ 10950000  │   44100   │  1000   │ 10950000  │ 476745000 │ 1674138120000 │ '2023-01-19T14:22:00.000Z' │ 100  │  0   │  0  │ Infinity │    0     │ 950 │ 865.6 │  0  │ 1.1  │ 1000  │ 10950000  │   -7700   │   -80925000   │      │          │     │
│   28    │ 10.95 │ 10.95 │ 10.95 │ 10.95 │ 1200  │ 13140000  │   45300   │  1200   │ 13140000  │ 489885000 │ 1674138240000 │ '2023-01-19T14:24:00.000Z' │ 100  │  0   │  0  │ Infinity │    0     │ 950 │ 865.6 │  0  │ 1.3  │ 1200  │ 13140000  │   -6500   │   -67785000   │      │          │     │
│   29    │  11   │  11   │ 10.95 │ 10.95 │ 1000  │ 10995000  │   46300   │  1000   │ 10995000  │ 500880000 │ 1674138360000 │ '2023-01-19T14:26:00.000Z' │ 100  │  0   │  0  │ Infinity │    0     │ 950 │ 865.6 │  0  │ 1.1  │ 1000  │ 10995000  │   -5500   │   -56790000   │      │          │     │
│   30    │  11   │  11   │  11   │  11   │ 10000 │ 110000000 │   56300   │  10000  │ 110000000 │ 610880000 │ 1674138480000 │ '2023-01-19T14:28:00.000Z' │ 100  │  0   │  0  │ Infinity │    0     │ 950 │ 865.6 │  0  │ 10.5 │ 10000 │ 110000000 │   4500    │   53210000    │      │          │     │
│   31    │ 10.8  │ 10.8  │ 10.8  │ 10.8  │       │           │   58100   │  1800   │ 19440000  │ 630320000 │ 1674139440000 │ '2023-01-19T14:44:00.000Z' │  0   │ 100  │  0  │    0     │ Infinity │ 950 │ 865.6 │  0  │      │ -1800 │ -19440000 │   2700    │   33770000    │ 1800 │ 19440000 │ 2.1 │
└─────────┴───────┴───────┴───────┴───────┴───────┴───────────┴───────────┴─────────┴───────────┴───────────┴───────────────┴────────────────────────────┴──────┴──────┴─────┴──────────┴──────────┴─────┴───────┴─────┴──────┴───────┴───────────┴───────────┴───────────────┴──────┴──────────┴─────┘

