┌─────────┬─────┬─────┬─────┬─────┬──────┬─────────┬───────────┬─────────┬─────────┬──────────┬───────────────┬────────────────────────────┬─────┬──────┬─────┬──────────┬──────────┬──────┬───────┬─────┬─────┬───────┬───────────┬───────────┬───────────────┬─────┬────────┬─────┐
│ (index) │  c  │  h  │  l  │  o  │  sd  │ val_sd  │ total_vol │ sum_vol │   val   │ acum_val │   datetime    │            date            │ pbu │ psd  │ puk │    bs    │    sb    │ abu  │  asd  │ auk │ rsd │ bu-sd │ bu-sd_val │ acum_busd │ acum_busd_val │ bu  │ val_bu │ rbu │
├─────────┼─────┼─────┼─────┼─────┼──────┼─────────┼───────────┼─────────┼─────────┼──────────┼───────────────┼────────────────────────────┼─────┼──────┼─────┼──────────┼──────────┼──────┼───────┼─────┼─────┼───────┼───────────┼───────────┼───────────────┼─────┼────────┼─────┤
│    0    │  2  │  2  │  2  │  2  │ 100  │ 200000  │    100    │   100   │ 200000  │  200000  │ 1674118800000 │ '2023-01-19T09:00:00.000Z' │  0  │ 100  │  0  │    0     │ Infinity │ 29.4 │ 941.2 │  0  │ 0.1 │ -100  │  -200000  │   -100    │    -200000    │     │        │     │
│    1    │  2  │  2  │  2  │  2  │ 1000 │ 2000000 │   1100    │  1000   │ 2000000 │ 2200000  │ 1674119880000 │ '2023-01-19T09:18:00.000Z' │  0  │ 100  │  0  │    0     │ Infinity │ 29.4 │ 941.2 │  0  │ 1.1 │ -1000 │ -2000000  │   -1100   │   -2200000    │     │        │     │
│    2    │  2  │  2  │  2  │  2  │ 100  │ 200000  │   1200    │   100   │ 200000  │ 2400000  │ 1674120600000 │ '2023-01-19T09:30:00.000Z' │  0  │ 100  │  0  │    0     │ Infinity │ 29.4 │ 941.2 │  0  │ 0.1 │ -100  │  -200000  │   -1200   │   -2400000    │     │        │     │
│    3    │  2  │  2  │  2  │  2  │ 4000 │ 8000000 │   5200    │  4000   │ 8000000 │ 10400000 │ 1674121920000 │ '2023-01-19T09:52:00.000Z' │  0  │ 100  │  0  │    0     │ Infinity │ 29.4 │ 941.2 │  0  │ 4.2 │ -4000 │ -8000000  │   -5200   │   -10400000   │     │        │     │
│    4    │ 2.1 │ 2.1 │ 2.1 │ 2.1 │      │         │   5300    │   100   │ 210000  │ 10610000 │ 1674123360000 │ '2023-01-19T10:16:00.000Z' │ 100 │  0   │  0  │ Infinity │    0     │ 29.4 │ 941.2 │  0  │     │  100  │  210000   │   -5100   │   -10190000   │ 100 │ 210000 │ 3.4 │
│    5    │ 2.1 │ 2.1 │ 2.1 │ 2.1 │      │         │   5400    │   100   │ 210000  │ 10820000 │ 1674123720000 │ '2023-01-19T10:22:00.000Z' │ 100 │  0   │  0  │ Infinity │    0     │ 29.4 │ 941.2 │  0  │     │  100  │  210000   │   -5000   │   -9980000    │ 100 │ 210000 │ 3.4 │
│    6    │  2  │  2  │  2  │  2  │ 100  │ 200000  │   5500    │   100   │ 200000  │ 11020000 │ 1674124560000 │ '2023-01-19T10:36:00.000Z' │  0  │ 100  │  0  │    0     │ Infinity │ 29.4 │ 941.2 │  0  │ 0.1 │ -100  │  -200000  │   -5100   │   -10180000   │     │        │     │
│    7    │  2  │  2  │  2  │  2  │ 3300 │ 6600000 │   8800    │  3300   │ 6600000 │ 17620000 │ 1674124800000 │ '2023-01-19T10:40:00.000Z' │  0  │ 100  │  0  │    0     │ Infinity │ 29.4 │ 941.2 │  0  │ 3.5 │ -3300 │ -6600000  │   -8400   │   -16780000   │     │        │     │
│    8    │  2  │  2  │  2  │  2  │ 800  │ 1600000 │   9600    │   800   │ 1600000 │ 19220000 │ 1674133200000 │ '2023-01-19T13:00:00.000Z' │  0  │ 100  │  0  │    0     │ Infinity │ 29.4 │ 941.2 │  0  │ 0.8 │ -800  │ -1600000  │   -9200   │   -18380000   │     │        │     │
│    9    │  2  │  2  │  2  │  2  │ 1400 │ 2800000 │   11000   │  1400   │ 2800000 │ 22020000 │ 1674134760000 │ '2023-01-19T13:26:00.000Z' │  0  │ 100  │  0  │    0     │ Infinity │ 29.4 │ 941.2 │  0  │ 1.5 │ -1400 │ -2800000  │  -10600   │   -21180000   │     │        │     │
│   10    │  2  │  2  │  2  │  2  │ 1000 │ 2000000 │   12000   │  1000   │ 2000000 │ 24020000 │ 1674135360000 │ '2023-01-19T13:36:00.000Z' │  0  │ 100  │  0  │    0     │ Infinity │ 29.4 │ 941.2 │  0  │ 1.1 │ -1000 │ -2000000  │  -11600   │   -23180000   │     │        │     │
│   11    │ 2.1 │ 2.1 │  2  │  2  │ 1100 │ 2200000 │   13200   │  1200   │ 2410000 │ 26430000 │ 1674136200000 │ '2023-01-19T13:50:00.000Z' │ 8.3 │ 91.7 │  0  │   0.1    │    11    │ 29.4 │ 941.2 │  0  │ 1.2 │ -1000 │ -1990000  │  -12600   │   -25170000   │ 100 │ 210000 │ 3.4 │
│   12    │  2  │  2  │  2  │  2  │ 500  │ 1000000 │   13700   │   500   │ 1000000 │ 27430000 │ 1674138480000 │ '2023-01-19T14:28:00.000Z' │  0  │ 100  │  0  │    0     │ Infinity │ 29.4 │ 941.2 │  0  │ 0.5 │ -500  │ -1000000  │  -13100   │   -26170000   │     │        │     │
│   13    │  2  │  2  │  2  │  2  │ 1200 │ 2400000 │   14900   │  1200   │ 2400000 │ 29830000 │ 1674139200000 │ '2023-01-19T14:40:00.000Z' │  0  │ 100  │  0  │    0     │ Infinity │ 29.4 │ 941.2 │  0  │ 1.3 │ -1200 │ -2400000  │  -14300   │   -28570000   │     │        │     │
│   14    │  2  │  2  │  2  │  2  │ 1400 │ 2800000 │   16300   │  1400   │ 2800000 │ 32630000 │ 1674139440000 │ '2023-01-19T14:44:00.000Z' │  0  │ 100  │  0  │    0     │ Infinity │ 29.4 │ 941.2 │  0  │ 1.5 │ -1400 │ -2800000  │  -15700   │   -31370000   │     │        │     │
│   15    │ 2.1 │ 2.1 │ 2.1 │ 2.1 │      │         │   16400   │   100   │ 210000  │ 32840000 │ 1674140160000 │ '2023-01-19T14:56:00.000Z' │ 100 │  0   │  0  │ Infinity │    0     │ 29.4 │ 941.2 │  0  │     │  100  │  210000   │  -15600   │   -31160000   │ 100 │ 210000 │ 3.4 │
│   16    │ 2.1 │ 2.1 │ 2.1 │ 2.1 │      │         │   16500   │   100   │ 210000  │ 33050000 │ 1674140280000 │ '2023-01-19T14:58:00.000Z' │ 100 │  0   │  0  │ Infinity │    0     │ 29.4 │ 941.2 │  0  │     │  100  │  210000   │  -15500   │   -30950000   │ 100 │ 210000 │ 3.4 │
└─────────┴─────┴─────┴─────┴─────┴──────┴─────────┴───────────┴─────────┴─────────┴──────────┴───────────────┴────────────────────────────┴─────┴──────┴─────┴──────────┴──────────┴──────┴───────┴─────┴─────┴───────┴───────────┴───────────┴───────────────┴─────┴────────┴─────┘

