┌─────────┬──────┬──────┬──────┬──────┬──────┬───────────┬───────────┬─────────┬───────────┬────────────┬───────────────┬────────────────────────────┬──────┬──────┬─────┬──────────┬──────────┬───────┬───────┬─────┬─────┬───────┬────────────┬───────────┬───────────────┬──────┬───────────┬─────┐
│ (index) │  c   │  h   │  l   │  o   │  bu  │  val_bu   │ total_vol │ sum_vol │    val    │  acum_val  │   datetime    │            date            │ pbu  │ psd  │ puk │    bs    │    sb    │  abu  │  asd  │ auk │ rbu │ bu-sd │ bu-sd_val  │ acum_busd │ acum_busd_val │  sd  │  val_sd   │ rsd │
├─────────┼──────┼──────┼──────┼──────┼──────┼───────────┼───────────┼─────────┼───────────┼────────────┼───────────────┼────────────────────────────┼──────┼──────┼─────┼──────────┼──────────┼───────┼───────┼─────┼─────┼───────┼────────────┼───────────┼───────────────┼──────┼───────────┼─────┤
│    0    │ 84.9 │  85  │ 84.9 │  85  │ 1200 │ 101990000 │   1200    │  1200   │ 101990000 │ 101990000  │ 1675329600000 │ '2023-02-02T09:20:00.000Z' │ 100  │  0   │  0  │ Infinity │    0     │ 441.2 │ 388.2 │  0  │ 2.7 │ 1200  │ 101990000  │   1200    │   101990000   │      │           │     │
│    1    │  85  │  85  │  85  │  85  │ 500  │ 42500000  │   1700    │   500   │ 42500000  │ 144490000  │ 1675329900000 │ '2023-02-02T09:25:00.000Z' │ 100  │  0   │  0  │ Infinity │    0     │ 441.2 │ 388.2 │  0  │ 1.1 │  500  │  42500000  │   1700    │   144490000   │      │           │     │
│    2    │  85  │  85  │  85  │  85  │ 700  │ 59500000  │   2400    │   700   │ 59500000  │ 203990000  │ 1675331700000 │ '2023-02-02T09:55:00.000Z' │ 100  │  0   │  0  │ Infinity │    0     │ 441.2 │ 388.2 │  0  │ 1.6 │  700  │  59500000  │   2400    │   203990000   │      │           │     │
│    3    │  85  │  85  │  85  │  85  │ 1100 │ 93500000  │   5600    │  3200   │ 272000000 │ 475990000  │ 1675332000000 │ '2023-02-02T10:00:00.000Z' │ 34.4 │ 65.6 │  0  │   0.5    │   1.9    │ 441.2 │ 388.2 │  0  │ 2.5 │ -1000 │ -85000000  │   1400    │   118990000   │ 2100 │ 178500000 │ 5.4 │
│    4    │  85  │  85  │  85  │  85  │ 2500 │ 212500000 │   8100    │  2500   │ 212500000 │ 688490000  │ 1675332300000 │ '2023-02-02T10:05:00.000Z' │ 100  │  0   │  0  │ Infinity │    0     │ 441.2 │ 388.2 │  0  │ 5.7 │ 2500  │ 212500000  │   3900    │   331490000   │      │           │     │
│    5    │ 84.9 │ 84.9 │ 84.9 │ 84.9 │      │           │   8400    │   300   │ 25470000  │ 713960000  │ 1675333500000 │ '2023-02-02T10:25:00.000Z' │  0   │ 100  │  0  │    0     │ Infinity │ 441.2 │ 388.2 │  0  │     │ -300  │ -25470000  │   3600    │   306020000   │ 300  │ 25470000  │ 0.8 │
│    6    │ 84.9 │ 84.9 │ 84.9 │ 84.9 │      │           │   10300   │  1900   │ 161310000 │ 875270000  │ 1675333800000 │ '2023-02-02T10:30:00.000Z' │  0   │ 100  │  0  │    0     │ Infinity │ 441.2 │ 388.2 │  0  │     │ -1900 │ -161310000 │   1700    │   144710000   │ 1900 │ 161310000 │ 4.9 │
│    7    │ 84.9 │ 84.9 │ 84.9 │ 84.9 │      │           │   11100   │   800   │ 67920000  │ 943190000  │ 1675336200000 │ '2023-02-02T11:10:00.000Z' │  0   │ 100  │  0  │    0     │ Infinity │ 441.2 │ 388.2 │  0  │     │ -800  │ -67920000  │    900    │   76790000    │ 800  │ 67920000  │ 2.1 │
│    8    │ 84.7 │ 84.7 │ 84.7 │ 84.7 │      │           │   11200   │   100   │  8470000  │ 951660000  │ 1675336500000 │ '2023-02-02T11:15:00.000Z' │  0   │ 100  │  0  │    0     │ Infinity │ 441.2 │ 388.2 │  0  │     │ -100  │  -8470000  │    800    │   68320000    │ 100  │  8470000  │ 0.3 │
│    9    │ 84.7 │ 84.7 │ 84.7 │ 84.7 │      │           │   11300   │   100   │  8470000  │ 960130000  │ 1675342800000 │ '2023-02-02T13:00:00.000Z' │  0   │ 100  │  0  │    0     │ Infinity │ 441.2 │ 388.2 │  0  │     │ -100  │  -8470000  │    700    │   59850000    │ 100  │  8470000  │ 0.3 │
│   10    │ 84.7 │ 84.7 │ 84.7 │ 84.7 │      │           │   11400   │   100   │  8470000  │ 968600000  │ 1675343100000 │ '2023-02-02T13:05:00.000Z' │  0   │ 100  │  0  │    0     │ Infinity │ 441.2 │ 388.2 │  0  │     │ -100  │  -8470000  │    600    │   51380000    │ 100  │  8470000  │ 0.3 │
│   11    │ 84.7 │ 84.7 │ 84.7 │ 84.7 │      │           │   11700   │   300   │ 25410000  │ 994010000  │ 1675344000000 │ '2023-02-02T13:20:00.000Z' │  0   │ 100  │  0  │    0     │ Infinity │ 441.2 │ 388.2 │  0  │     │ -300  │ -25410000  │    300    │   25970000    │ 300  │ 25410000  │ 0.8 │
│   12    │ 84.7 │ 84.7 │ 84.7 │ 84.7 │ 100  │  8470000  │   11800   │   100   │  8470000  │ 1002480000 │ 1675344900000 │ '2023-02-02T13:35:00.000Z' │ 100  │  0   │  0  │ Infinity │    0     │ 441.2 │ 388.2 │  0  │ 0.2 │  100  │  8470000   │    400    │   34440000    │      │           │     │
│   13    │ 84.5 │ 84.5 │ 84.5 │ 84.5 │      │           │   12700   │   900   │ 76050000  │ 1078530000 │ 1675345200000 │ '2023-02-02T13:40:00.000Z' │  0   │ 100  │  0  │    0     │ Infinity │ 441.2 │ 388.2 │  0  │     │ -900  │ -76050000  │   -500    │   -41610000   │ 900  │ 76050000  │ 2.3 │
│   14    │ 84.9 │ 84.9 │ 84.9 │ 84.9 │ 500  │ 42450000  │   13200   │   500   │ 42450000  │ 1120980000 │ 1675345500000 │ '2023-02-02T13:45:00.000Z' │ 100  │  0   │  0  │ Infinity │    0     │ 441.2 │ 388.2 │  0  │ 1.1 │  500  │  42450000  │     0     │    840000     │      │           │     │
│   15    │  85  │  85  │  85  │  85  │ 800  │ 68000000  │   14000   │   800   │ 68000000  │ 1188980000 │ 1675345800000 │ '2023-02-02T13:50:00.000Z' │ 100  │  0   │  0  │ Infinity │    0     │ 441.2 │ 388.2 │  0  │ 1.8 │  800  │  68000000  │    800    │   68840000    │      │           │     │
│   16    │ 84.9 │ 84.9 │ 84.9 │ 84.9 │ 100  │  8490000  │   14100   │   100   │  8490000  │ 1197470000 │ 1675346700000 │ '2023-02-02T14:05:00.000Z' │ 100  │  0   │  0  │ Infinity │    0     │ 441.2 │ 388.2 │  0  │ 0.2 │  100  │  8490000   │    900    │   77330000    │      │           │     │
└─────────┴──────┴──────┴──────┴──────┴──────┴───────────┴───────────┴─────────┴───────────┴────────────┴───────────────┴────────────────────────────┴──────┴──────┴─────┴──────────┴──────────┴───────┴───────┴─────┴─────┴───────┴────────────┴───────────┴───────────────┴──────┴───────────┴─────┘

