┌─────────┬──────┬──────┬──────┬──────┬──────┬──────────┬───────────┬─────────┬──────────┬───────────┬───────────────┬────────────────────────────┬──────┬──────┬─────┬──────────┬──────────┬───────┬────────┬─────┬─────┬────────┬───────────┬───────────┬───────────────┬───────┬──────────┬─────┐
│ (index) │  c   │  h   │  l   │  o   │  bu  │  val_bu  │ total_vol │ sum_vol │   val    │ acum_val  │   datetime    │            date            │ pbu  │ psd  │ puk │    bs    │    sb    │  abu  │  asd   │ auk │ rbu │ bu-sd  │ bu-sd_val │ acum_busd │ acum_busd_val │  sd   │  val_sd  │ rsd │
├─────────┼──────┼──────┼──────┼──────┼──────┼──────────┼───────────┼─────────┼──────────┼───────────┼───────────────┼────────────────────────────┼──────┼──────┼─────┼──────────┼──────────┼───────┼────────┼─────┼─────┼────────┼───────────┼───────────┼───────────────┼───────┼──────────┼─────┤
│    0    │ 3.97 │ 3.97 │ 3.9  │ 3.9  │ 5000 │ 19514000 │   5000    │  5000   │ 19514000 │ 19514000  │ 1675329300000 │ '2023-02-02T09:15:00.000Z' │ 100  │  0   │  0  │ Infinity │    0     │ 623.5 │ 2005.9 │  0  │  8  │  5000  │ 19514000  │   5000    │   19514000    │       │          │     │
│    1    │ 3.9  │ 3.95 │ 3.9  │ 3.95 │ 1500 │ 5925000  │   14700   │  9700   │ 38225000 │ 57739000  │ 1675329600000 │ '2023-02-02T09:20:00.000Z' │ 15.5 │ 84.5 │  0  │   0.2    │   5.5    │ 623.5 │ 2005.9 │  0  │ 2.4 │ -6700  │ -26375000 │   -1700   │   -6861000    │ 8200  │ 32300000 │ 4.1 │
│    2    │ 3.85 │ 3.88 │ 3.85 │ 3.85 │ 100  │  388000  │   15800   │  1100   │ 4238000  │ 61977000  │ 1675329900000 │ '2023-02-02T09:25:00.000Z' │ 9.1  │ 90.9 │  0  │   0.1    │    10    │ 623.5 │ 2005.9 │  0  │ 0.2 │  -900  │ -3462000  │   -2600   │   -10323000   │ 1000  │ 3850000  │ 0.5 │
│    3    │ 3.85 │ 3.85 │ 3.85 │ 3.85 │ 1200 │ 4620000  │   17000   │  1200   │ 4620000  │ 66597000  │ 1675330200000 │ '2023-02-02T09:30:00.000Z' │ 100  │  0   │  0  │ Infinity │    0     │ 623.5 │ 2005.9 │  0  │ 1.9 │  1200  │  4620000  │   -1400   │   -5703000    │       │          │     │
│    4    │ 3.85 │ 3.85 │ 3.85 │ 3.85 │ 200  │  770000  │   17200   │   200   │  770000  │ 67367000  │ 1675330500000 │ '2023-02-02T09:35:00.000Z' │ 100  │  0   │  0  │ Infinity │    0     │ 623.5 │ 2005.9 │  0  │ 0.3 │  200   │  770000   │   -1200   │   -4933000    │       │          │     │
│    5    │ 3.89 │ 3.89 │ 3.89 │ 3.89 │ 800  │ 3112000  │   18000   │   800   │ 3112000  │ 70479000  │ 1675330800000 │ '2023-02-02T09:40:00.000Z' │ 100  │  0   │  0  │ Infinity │    0     │ 623.5 │ 2005.9 │  0  │ 1.3 │  800   │  3112000  │   -400    │   -1821000    │       │          │     │
│    6    │ 3.84 │ 3.89 │ 3.84 │ 3.89 │ 900  │ 3501000  │   23000   │  5000   │ 19338000 │ 89817000  │ 1675331100000 │ '2023-02-02T09:45:00.000Z' │  18  │  82  │  0  │   0.2    │   4.6    │ 623.5 │ 2005.9 │  0  │ 1.4 │ -3200  │ -12336000 │   -3600   │   -14157000   │ 4100  │ 15837000 │  2  │
│    7    │ 3.89 │ 3.89 │ 3.89 │ 3.89 │ 100  │  389000  │   23100   │   100   │  389000  │ 90206000  │ 1675331400000 │ '2023-02-02T09:50:00.000Z' │ 100  │  0   │  0  │ Infinity │    0     │ 623.5 │ 2005.9 │  0  │ 0.2 │  100   │  389000   │   -3500   │   -13768000   │       │          │     │
│    8    │ 3.89 │ 3.89 │ 3.89 │ 3.89 │ 200  │  778000  │   23300   │   200   │  778000  │ 90984000  │ 1675331700000 │ '2023-02-02T09:55:00.000Z' │ 100  │  0   │  0  │ Infinity │    0     │ 623.5 │ 2005.9 │  0  │ 0.3 │  200   │  778000   │   -3300   │   -12990000   │       │          │     │
│    9    │ 3.89 │ 3.89 │ 3.89 │ 3.89 │ 200  │  778000  │   23500   │   200   │  778000  │ 91762000  │ 1675332000000 │ '2023-02-02T10:00:00.000Z' │ 100  │  0   │  0  │ Infinity │    0     │ 623.5 │ 2005.9 │  0  │ 0.3 │  200   │  778000   │   -3100   │   -12212000   │       │          │     │
│   10    │ 3.88 │ 3.88 │ 3.85 │ 3.85 │ 100  │  388000  │   24600   │  1100   │ 4238000  │ 96000000  │ 1675333800000 │ '2023-02-02T10:30:00.000Z' │ 9.1  │ 90.9 │  0  │   0.1    │    10    │ 623.5 │ 2005.9 │  0  │ 0.2 │  -900  │ -3462000  │   -4000   │   -15674000   │ 1000  │ 3850000  │ 0.5 │
│   11    │ 3.89 │ 3.89 │ 3.88 │ 3.88 │ 900  │ 3493000  │   25500   │   900   │ 3493000  │ 99493000  │ 1675334100000 │ '2023-02-02T10:35:00.000Z' │ 100  │  0   │  0  │ Infinity │    0     │ 623.5 │ 2005.9 │  0  │ 1.4 │  900   │  3493000  │   -3100   │   -12181000   │       │          │     │
│   12    │ 3.89 │ 3.89 │ 3.89 │ 3.89 │ 100  │  389000  │   25600   │   100   │  389000  │ 99882000  │ 1675334400000 │ '2023-02-02T10:40:00.000Z' │ 100  │  0   │  0  │ Infinity │    0     │ 623.5 │ 2005.9 │  0  │ 0.2 │  100   │  389000   │   -3000   │   -11792000   │       │          │     │
│   13    │ 3.9  │ 3.9  │ 3.89 │ 3.89 │ 2800 │ 10897000 │   28400   │  2800   │ 10897000 │ 110779000 │ 1675334700000 │ '2023-02-02T10:45:00.000Z' │ 100  │  0   │  0  │ Infinity │    0     │ 623.5 │ 2005.9 │  0  │ 4.5 │  2800  │ 10897000  │   -200    │    -895000    │       │          │     │
│   14    │ 3.9  │ 3.9  │ 3.89 │ 3.9  │ 100  │  390000  │   28800   │   400   │ 1559000  │ 112338000 │ 1675335000000 │ '2023-02-02T10:50:00.000Z' │  25  │  75  │  0  │   0.3    │    3     │ 623.5 │ 2005.9 │  0  │ 0.2 │  -200  │  -779000  │   -400    │   -1674000    │  300  │ 1169000  │ 0.1 │
│   15    │ 3.88 │ 3.88 │ 3.88 │ 3.88 │      │          │   29100   │   300   │ 1164000  │ 113502000 │ 1675335300000 │ '2023-02-02T10:55:00.000Z' │  0   │ 100  │  0  │    0     │ Infinity │ 623.5 │ 2005.9 │  0  │     │  -300  │ -1164000  │   -700    │   -2838000    │  300  │ 1164000  │ 0.1 │
│   16    │ 3.85 │ 3.87 │ 3.85 │ 3.87 │      │          │   31300   │  2200   │ 8473000  │ 121975000 │ 1675335600000 │ '2023-02-02T11:00:00.000Z' │  0   │ 100  │  0  │    0     │ Infinity │ 623.5 │ 2005.9 │  0  │     │ -2200  │ -8473000  │   -2900   │   -11311000   │ 2200  │ 8473000  │ 1.1 │
│   17    │ 3.84 │ 3.87 │ 3.84 │ 3.86 │      │          │   32000   │   700   │ 2694000  │ 124669000 │ 1675336500000 │ '2023-02-02T11:15:00.000Z' │  0   │ 100  │  0  │    0     │ Infinity │ 623.5 │ 2005.9 │  0  │     │  -700  │ -2694000  │   -3600   │   -14005000   │  700  │ 2694000  │ 0.3 │
│   18    │ 3.84 │ 3.85 │ 3.84 │ 3.85 │ 1700 │ 6528000  │   36600   │  4600   │ 17665000 │ 142334000 │ 1675336800000 │ '2023-02-02T11:20:00.000Z' │  37  │  63  │  0  │   0.6    │   1.7    │ 623.5 │ 2005.9 │  0  │ 2.7 │ -1200  │ -4609000  │   -4800   │   -18614000   │ 2900  │ 11137000 │ 1.4 │
│   19    │ 3.81 │ 3.84 │ 3.81 │ 3.84 │ 400  │ 1536000  │   40600   │  4000   │ 15305000 │ 157639000 │ 1675337100000 │ '2023-02-02T11:25:00.000Z' │  10  │  90  │  0  │   0.1    │    9     │ 623.5 │ 2005.9 │  0  │ 0.6 │ -3200  │ -12233000 │   -8000   │   -30847000   │ 3600  │ 13769000 │ 1.8 │
│   20    │ 3.81 │ 3.81 │ 3.81 │ 3.81 │      │          │   43400   │  2800   │ 10668000 │ 168307000 │ 1675342800000 │ '2023-02-02T13:00:00.000Z' │  0   │ 100  │  0  │    0     │ Infinity │ 623.5 │ 2005.9 │  0  │     │ -2800  │ -10668000 │  -10800   │   -41515000   │ 2800  │ 10668000 │ 1.4 │
├─────────┼──────┼──────┼──────┼──────┼──────┼──────────┼───────────┼─────────┼──────────┼───────────┼───────────────┼────────────────────────────┼──────┼──────┼─────┼──────────┼──────────┼───────┼────────┼─────┼─────┼────────┼───────────┼───────────┼───────────────┼───────┼──────────┼─────┤
│ (index) │  c   │  h   │  l   │  o   │  bu  │  val_bu  │ total_vol │ sum_vol │   val    │ acum_val  │   datetime    │            date            │ pbu  │ psd  │ puk │    bs    │    sb    │  abu  │  asd   │ auk │ rbu │ bu-sd  │ bu-sd_val │ acum_busd │ acum_busd_val │  sd   │  val_sd  │ rsd │
├─────────┼──────┼──────┼──────┼──────┼──────┼──────────┼───────────┼─────────┼──────────┼───────────┼───────────────┼────────────────────────────┼──────┼──────┼─────┼──────────┼──────────┼───────┼────────┼─────┼─────┼────────┼───────────┼───────────┼───────────────┼───────┼──────────┼─────┤
│   21    │ 3.8  │ 3.81 │ 3.8  │ 3.8  │ 100  │  380000  │   49500   │  6100   │ 23187000 │ 191494000 │ 1675343100000 │ '2023-02-02T13:05:00.000Z' │ 1.6  │ 98.4 │  0  │    0     │    60    │ 623.5 │ 2005.9 │  0  │ 0.2 │ -5900  │ -22427000 │  -16700   │   -63942000   │ 6000  │ 22807000 │  3  │
│   22    │ 3.8  │ 3.8  │ 3.8  │ 3.8  │ 300  │ 1140000  │   51800   │  2300   │ 8740000  │ 200234000 │ 1675343400000 │ '2023-02-02T13:10:00.000Z' │  13  │  87  │  0  │   0.2    │   6.7    │ 623.5 │ 2005.9 │  0  │ 0.5 │ -1700  │ -6460000  │  -18400   │   -70402000   │ 2000  │ 7600000  │  1  │
│   23    │ 3.76 │ 3.8  │ 3.76 │ 3.8  │      │          │   62800   │  11000  │ 41674000 │ 241908000 │ 1675343700000 │ '2023-02-02T13:15:00.000Z' │  0   │ 100  │  0  │    0     │ Infinity │ 623.5 │ 2005.9 │  0  │     │ -11000 │ -41674000 │  -29400   │  -112076000   │ 11000 │ 41674000 │ 5.5 │
│   24    │ 3.79 │ 3.79 │ 3.75 │ 3.76 │ 100  │  379000  │   64900   │  2100   │ 7889000  │ 249797000 │ 1675344000000 │ '2023-02-02T13:20:00.000Z' │ 4.8  │ 95.2 │  0  │   0.1    │    20    │ 623.5 │ 2005.9 │  0  │ 0.2 │ -1900  │ -7131000  │  -31300   │  -119207000   │ 2000  │ 7510000  │  1  │
│   25    │ 3.79 │ 3.79 │ 3.79 │ 3.79 │ 600  │ 2274000  │   65500   │   600   │ 2274000  │ 252071000 │ 1675344600000 │ '2023-02-02T13:30:00.000Z' │ 100  │  0   │  0  │ Infinity │    0     │ 623.5 │ 2005.9 │  0  │  1  │  600   │  2274000  │  -30700   │  -116933000   │       │          │     │
│   26    │ 3.79 │ 3.79 │ 3.79 │ 3.79 │ 200  │  758000  │   65700   │   200   │  758000  │ 252829000 │ 1675344900000 │ '2023-02-02T13:35:00.000Z' │ 100  │  0   │  0  │ Infinity │    0     │ 623.5 │ 2005.9 │  0  │ 0.3 │  200   │  758000   │  -30500   │  -116175000   │       │          │     │
│   27    │ 3.75 │ 3.77 │ 3.75 │ 3.77 │      │          │   75500   │  9800   │ 36792000 │ 289621000 │ 1675345200000 │ '2023-02-02T13:40:00.000Z' │  0   │ 100  │  0  │    0     │ Infinity │ 623.5 │ 2005.9 │  0  │     │ -9800  │ -36792000 │  -40300   │  -152967000   │ 9800  │ 36792000 │ 4.9 │
│   28    │ 3.79 │ 3.79 │ 3.75 │ 3.75 │ 1100 │ 4169000  │   77100   │  1600   │ 6044000  │ 295665000 │ 1675345500000 │ '2023-02-02T13:45:00.000Z' │ 68.8 │ 31.3 │  0  │   2.2    │   0.5    │ 623.5 │ 2005.9 │  0  │ 1.8 │  600   │  2294000  │  -39700   │  -150673000   │  500  │ 1875000  │ 0.2 │
│   29    │ 3.83 │ 3.83 │ 3.79 │ 3.79 │ 2100 │ 7963000  │   79200   │  2100   │ 7963000  │ 303628000 │ 1675346100000 │ '2023-02-02T13:55:00.000Z' │ 100  │  0   │  0  │ Infinity │    0     │ 623.5 │ 2005.9 │  0  │ 3.4 │  2100  │  7963000  │  -37600   │  -142710000   │       │          │     │
│   30    │ 3.73 │ 3.81 │ 3.73 │ 3.76 │ 100  │  381000  │   86300   │  7100   │ 26592000 │ 330220000 │ 1675347300000 │ '2023-02-02T14:15:00.000Z' │ 1.4  │ 98.6 │  0  │    0     │    70    │ 623.5 │ 2005.9 │  0  │ 0.2 │ -6900  │ -25830000 │  -44500   │  -168540000   │ 7000  │ 26211000 │ 3.5 │
│   31    │ 3.81 │ 3.81 │ 3.81 │ 3.81 │ 100  │  381000  │   86400   │   100   │  381000  │ 330601000 │ 1675347600000 │ '2023-02-02T14:20:00.000Z' │ 100  │  0   │  0  │ Infinity │    0     │ 623.5 │ 2005.9 │  0  │ 0.2 │  100   │  381000   │  -44400   │  -168159000   │       │          │     │
│   32    │ 3.81 │ 3.81 │ 3.81 │ 3.81 │ 200  │  762000  │   86600   │   200   │  762000  │ 331363000 │ 1675347900000 │ '2023-02-02T14:25:00.000Z' │ 100  │  0   │  0  │ Infinity │    0     │ 623.5 │ 2005.9 │  0  │ 0.3 │  200   │  762000   │  -44200   │  -167397000   │       │          │     │
│   33    │ 3.74 │ 3.74 │ 3.74 │ 3.74 │      │          │   89400   │  2800   │ 10472000 │ 341835000 │ 1675349100000 │ '2023-02-02T14:45:00.000Z' │  0   │ 100  │  0  │    0     │ Infinity │ 623.5 │ 2005.9 │  0  │     │ -2800  │ -10472000 │  -47000   │  -177869000   │ 2800  │ 10472000 │ 1.4 │
└─────────┴──────┴──────┴──────┴──────┴──────┴──────────┴───────────┴─────────┴──────────┴───────────┴───────────────┴────────────────────────────┴──────┴──────┴─────┴──────────┴──────────┴───────┴────────┴─────┴─────┴────────┴───────────┴───────────┴───────────────┴───────┴──────────┴─────┘

