┌─────────┬──────┬──────┬──────┬──────┬───────┬──────────┬───────────┬─────────┬──────────┬───────────┬───────────────┬────────────────────────────┬──────┬──────┬─────┬──────────┬──────────┬────────┬────────┬─────┬─────┬────────┬───────────┬───────────┬───────────────┬───────┬──────────┬─────┐
│ (index) │  c   │  h   │  l   │  o   │  bu   │  val_bu  │ total_vol │ sum_vol │   val    │ acum_val  │   datetime    │            date            │ pbu  │ psd  │ puk │    bs    │    sb    │  abu   │  asd   │ auk │ rbu │ bu-sd  │ bu-sd_val │ acum_busd │ acum_busd_val │  sd   │  val_sd  │ rsd │
├─────────┼──────┼──────┼──────┼──────┼───────┼──────────┼───────────┼─────────┼──────────┼───────────┼───────────────┼────────────────────────────┼──────┼──────┼─────┼──────────┼──────────┼────────┼────────┼─────┼─────┼────────┼───────────┼───────────┼───────────────┼───────┼──────────┼─────┤
│    0    │ 3.9  │ 3.9  │ 3.9  │ 3.9  │ 13800 │ 53820000 │   13800   │  13800  │ 53820000 │ 53820000  │ 1675329300000 │ '2023-02-02T09:15:00.000Z' │ 100  │  0   │  0  │ Infinity │    0     │ 1573.3 │ 2573.3 │  0  │ 8.8 │ 13800  │ 53820000  │   13800   │   53820000    │       │          │     │
│    1    │ 3.89 │ 3.92 │ 3.89 │ 3.92 │       │          │   25900   │  12100  │ 47197000 │ 101017000 │ 1675329600000 │ '2023-02-02T09:20:00.000Z' │  0   │ 100  │  0  │    0     │ Infinity │ 1573.3 │ 2573.3 │  0  │     │ -12100 │ -47197000 │   1700    │    6623000    │ 12100 │ 47197000 │ 4.7 │
│    2    │ 3.9  │ 3.9  │ 3.9  │ 3.9  │       │          │   26400   │   500   │ 1950000  │ 102967000 │ 1675330200000 │ '2023-02-02T09:30:00.000Z' │  0   │ 100  │  0  │    0     │ Infinity │ 1573.3 │ 2573.3 │  0  │     │  -500  │ -1950000  │   1200    │    4673000    │  500  │ 1950000  │ 0.2 │
│    3    │ 3.9  │ 3.9  │ 3.9  │ 3.9  │       │          │   28600   │  2200   │ 8580000  │ 111547000 │ 1675330500000 │ '2023-02-02T09:35:00.000Z' │  0   │ 100  │  0  │    0     │ Infinity │ 1573.3 │ 2573.3 │  0  │     │ -2200  │ -8580000  │   -1000   │   -3907000    │ 2200  │ 8580000  │ 0.9 │
│    4    │ 3.9  │ 3.9  │ 3.9  │ 3.9  │ 4900  │ 19110000 │   35600   │  7000   │ 27300000 │ 138847000 │ 1675331100000 │ '2023-02-02T09:45:00.000Z' │  70  │  30  │  0  │   2.3    │   0.4    │ 1573.3 │ 2573.3 │  0  │ 3.1 │  2800  │ 10920000  │   1800    │    7013000    │ 2100  │ 8190000  │ 0.8 │
│    5    │ 3.9  │ 3.9  │ 3.9  │ 3.9  │ 3000  │ 11700000 │   38600   │  3000   │ 11700000 │ 150547000 │ 1675331400000 │ '2023-02-02T09:50:00.000Z' │ 100  │  0   │  0  │ Infinity │    0     │ 1573.3 │ 2573.3 │  0  │ 1.9 │  3000  │ 11700000  │   4800    │   18713000    │       │          │     │
│    6    │ 3.9  │ 3.9  │ 3.9  │ 3.9  │       │          │   43200   │  4600   │ 17940000 │ 168487000 │ 1675331700000 │ '2023-02-02T09:55:00.000Z' │  0   │ 100  │  0  │    0     │ Infinity │ 1573.3 │ 2573.3 │  0  │     │ -4600  │ -17940000 │    200    │    773000     │ 4600  │ 17940000 │ 1.8 │
│    7    │ 3.89 │ 3.89 │ 3.89 │ 3.89 │       │          │   44100   │   900   │ 3501000  │ 171988000 │ 1675332000000 │ '2023-02-02T10:00:00.000Z' │  0   │ 100  │  0  │    0     │ Infinity │ 1573.3 │ 2573.3 │  0  │     │  -900  │ -3501000  │   -700    │   -2728000    │  900  │ 3501000  │ 0.3 │
│    8    │ 3.89 │ 3.89 │ 3.89 │ 3.89 │  500  │ 1945000  │   49100   │  5000   │ 19450000 │ 191438000 │ 1675332600000 │ '2023-02-02T10:10:00.000Z' │  10  │  90  │  0  │   0.1    │    9     │ 1573.3 │ 2573.3 │  0  │ 0.3 │ -4000  │ -15560000 │   -4700   │   -18288000   │ 4500  │ 17505000 │ 1.7 │
│    9    │ 3.88 │ 3.88 │ 3.88 │ 3.88 │       │          │   50100   │  1000   │ 3880000  │ 195318000 │ 1675332900000 │ '2023-02-02T10:15:00.000Z' │  0   │ 100  │  0  │    0     │ Infinity │ 1573.3 │ 2573.3 │  0  │     │ -1000  │ -3880000  │   -5700   │   -22168000   │ 1000  │ 3880000  │ 0.4 │
│   10    │ 3.88 │ 3.88 │ 3.88 │ 3.88 │       │          │   57500   │  7400   │ 28712000 │ 224030000 │ 1675333200000 │ '2023-02-02T10:20:00.000Z' │  0   │ 100  │  0  │    0     │ Infinity │ 1573.3 │ 2573.3 │  0  │     │ -7400  │ -28712000 │  -13100   │   -50880000   │ 7400  │ 28712000 │ 2.9 │
│   11    │ 3.71 │ 3.8  │ 3.71 │ 3.8  │       │          │   62500   │  5000   │ 18848000 │ 242878000 │ 1675333800000 │ '2023-02-02T10:30:00.000Z' │  0   │ 100  │  0  │    0     │ Infinity │ 1573.3 │ 2573.3 │  0  │     │ -5000  │ -18848000 │  -18100   │   -69728000   │ 5000  │ 18848000 │ 1.9 │
│   12    │ 3.88 │ 3.88 │ 3.88 │ 3.88 │  100  │  388000  │   62600   │   100   │  388000  │ 243266000 │ 1675335000000 │ '2023-02-02T10:50:00.000Z' │ 100  │  0   │  0  │ Infinity │    0     │ 1573.3 │ 2573.3 │  0  │ 0.1 │  100   │  388000   │  -18000   │   -69340000   │       │          │     │
│   13    │ 3.83 │ 3.83 │ 3.83 │ 3.83 │       │          │   63700   │  1100   │ 4213000  │ 247479000 │ 1675342800000 │ '2023-02-02T13:00:00.000Z' │  0   │ 100  │  0  │    0     │ Infinity │ 1573.3 │ 2573.3 │  0  │     │ -1100  │ -4213000  │  -19100   │   -73553000   │ 1100  │ 4213000  │ 0.4 │
│   14    │ 3.86 │ 3.86 │ 3.86 │ 3.86 │  500  │ 1930000  │   64200   │   500   │ 1930000  │ 249409000 │ 1675343100000 │ '2023-02-02T13:05:00.000Z' │ 100  │  0   │  0  │ Infinity │    0     │ 1573.3 │ 2573.3 │  0  │ 0.3 │  500   │  1930000  │  -18600   │   -71623000   │       │          │     │
│   15    │ 3.8  │ 3.85 │ 3.8  │ 3.85 │       │          │   70100   │  5900   │ 22464000 │ 271873000 │ 1675343400000 │ '2023-02-02T13:10:00.000Z' │  0   │ 100  │  0  │    0     │ Infinity │ 1573.3 │ 2573.3 │  0  │     │ -5900  │ -22464000 │  -24500   │   -94087000   │ 5900  │ 22464000 │ 2.3 │
│   16    │ 3.78 │ 3.78 │ 3.78 │ 3.78 │       │          │   70700   │   600   │ 2268000  │ 274141000 │ 1675343700000 │ '2023-02-02T13:15:00.000Z' │  0   │ 100  │  0  │    0     │ Infinity │ 1573.3 │ 2573.3 │  0  │     │  -600  │ -2268000  │  -25100   │   -96355000   │  600  │ 2268000  │ 0.2 │
│   17    │ 3.8  │ 3.8  │ 3.76 │ 3.78 │  500  │ 1900000  │   78100   │  7400   │ 27913000 │ 302054000 │ 1675344000000 │ '2023-02-02T13:20:00.000Z' │ 6.8  │ 93.2 │  0  │   0.1    │   13.8   │ 1573.3 │ 2573.3 │  0  │ 0.3 │ -6400  │ -24113000 │  -31500   │  -120468000   │ 6900  │ 26013000 │ 2.7 │
│   18    │ 3.8  │ 3.8  │ 3.8  │ 3.8  │  100  │  380000  │   78800   │   700   │ 2660000  │ 304714000 │ 1675344300000 │ '2023-02-02T13:25:00.000Z' │ 14.3 │ 85.7 │  0  │   0.2    │    6     │ 1573.3 │ 2573.3 │  0  │ 0.1 │  -500  │ -1900000  │  -32000   │  -122368000   │  600  │ 2280000  │ 0.2 │
│   19    │ 3.76 │ 3.8  │ 3.76 │ 3.8  │       │          │   84800   │  6000   │ 22670000 │ 327384000 │ 1675345200000 │ '2023-02-02T13:40:00.000Z' │  0   │ 100  │  0  │    0     │ Infinity │ 1573.3 │ 2573.3 │  0  │     │ -6000  │ -22670000 │  -38000   │  -145038000   │ 6000  │ 22670000 │ 2.3 │
│   20    │ 3.8  │ 3.83 │ 3.75 │ 3.75 │ 5500  │ 20904000 │   94100   │  9300   │ 35199000 │ 362583000 │ 1675345500000 │ '2023-02-02T13:45:00.000Z' │ 59.1 │ 40.9 │  0  │   1.4    │   0.7    │ 1573.3 │ 2573.3 │  0  │ 3.5 │  1700  │  6609000  │  -36300   │  -138429000   │ 3800  │ 14295000 │ 1.5 │
├─────────┼──────┼──────┼──────┼──────┼───────┼──────────┼───────────┼─────────┼──────────┼───────────┼───────────────┼────────────────────────────┼──────┼──────┼─────┼──────────┼──────────┼────────┼────────┼─────┼─────┼────────┼───────────┼───────────┼───────────────┼───────┼──────────┼─────┤
│ (index) │  c   │  h   │  l   │  o   │  bu   │  val_bu  │ total_vol │ sum_vol │   val    │ acum_val  │   datetime    │            date            │ pbu  │ psd  │ puk │    bs    │    sb    │  abu   │  asd   │ auk │ rbu │ bu-sd  │ bu-sd_val │ acum_busd │ acum_busd_val │  sd   │  val_sd  │ rsd │
├─────────┼──────┼──────┼──────┼──────┼───────┼──────────┼───────────┼─────────┼──────────┼───────────┼───────────────┼────────────────────────────┼──────┼──────┼─────┼──────────┼──────────┼────────┼────────┼─────┼─────┼────────┼───────────┼───────────┼───────────────┼───────┼──────────┼─────┤
│   21    │ 3.8  │ 3.8  │ 3.8  │ 3.8  │ 1500  │ 5700000  │   95600   │  1500   │ 5700000  │ 368283000 │ 1675345800000 │ '2023-02-02T13:50:00.000Z' │ 100  │  0   │  0  │ Infinity │    0     │ 1573.3 │ 2573.3 │  0  │  1  │  1500  │  5700000  │  -34800   │  -132729000   │       │          │     │
│   22    │ 3.8  │ 3.8  │ 3.8  │ 3.8  │       │          │  100200   │  4600   │ 17480000 │ 385763000 │ 1675346100000 │ '2023-02-02T13:55:00.000Z' │  0   │ 100  │  0  │    0     │ Infinity │ 1573.3 │ 2573.3 │  0  │     │ -4600  │ -17480000 │  -39400   │  -150209000   │ 4600  │ 17480000 │ 1.8 │
│   23    │ 3.77 │ 3.8  │ 3.77 │ 3.8  │       │          │  102300   │  2100   │ 7925000  │ 393688000 │ 1675346400000 │ '2023-02-02T14:00:00.000Z' │  0   │ 100  │  0  │    0     │ Infinity │ 1573.3 │ 2573.3 │  0  │     │ -2100  │ -7925000  │  -41500   │  -158134000   │ 2100  │ 7925000  │ 0.8 │
│   24    │ 3.77 │ 3.8  │ 3.77 │ 3.8  │ 1000  │ 3800000  │  104300   │  2000   │ 7572000  │ 401260000 │ 1675346700000 │ '2023-02-02T14:05:00.000Z' │  50  │  50  │  0  │    1     │    1     │ 1573.3 │ 2573.3 │  0  │ 0.6 │   0    │   28000   │  -41500   │  -158106000   │ 1000  │ 3772000  │ 0.4 │
│   25    │ 3.76 │ 3.77 │ 3.76 │ 3.76 │ 3300  │ 12408000 │  111200   │  6900   │ 25951000 │ 427211000 │ 1675347000000 │ '2023-02-02T14:10:00.000Z' │ 47.8 │ 52.2 │  0  │   0.9    │   1.1    │ 1573.3 │ 2573.3 │  0  │ 2.1 │  -300  │ -1135000  │  -41800   │  -159241000   │ 3600  │ 13543000 │ 1.4 │
│   26    │ 3.75 │ 3.76 │ 3.75 │ 3.76 │ 4400  │ 16508000 │  116300   │  5100   │ 19133000 │ 446344000 │ 1675347300000 │ '2023-02-02T14:15:00.000Z' │ 86.3 │ 13.7 │  0  │   6.3    │   0.2    │ 1573.3 │ 2573.3 │  0  │ 2.8 │  3700  │ 13883000  │  -38100   │  -145358000   │  700  │ 2625000  │ 0.3 │
│   27    │ 3.75 │ 3.75 │ 3.75 │ 3.75 │ 4000  │ 15000000 │  120300   │  4000   │ 15000000 │ 461344000 │ 1675347600000 │ '2023-02-02T14:20:00.000Z' │ 100  │  0   │  0  │ Infinity │    0     │ 1573.3 │ 2573.3 │  0  │ 2.5 │  4000  │ 15000000  │  -34100   │  -130358000   │       │          │     │
│   28    │ 3.8  │ 3.8  │ 3.75 │ 3.75 │ 2600  │ 9780000  │  122900   │  2600   │ 9780000  │ 471124000 │ 1675347900000 │ '2023-02-02T14:25:00.000Z' │ 100  │  0   │  0  │ Infinity │    0     │ 1573.3 │ 2573.3 │  0  │ 1.7 │  2600  │  9780000  │  -31500   │  -120578000   │       │          │     │
│   29    │ 3.8  │ 3.8  │ 3.8  │ 3.8  │ 1500  │ 5700000  │  124400   │  1500   │ 5700000  │ 476824000 │ 1675349100000 │ '2023-02-02T14:45:00.000Z' │ 100  │  0   │  0  │ Infinity │    0     │ 1573.3 │ 2573.3 │  0  │  1  │  1500  │  5700000  │  -30000   │  -114878000   │       │          │     │
└─────────┴──────┴──────┴──────┴──────┴───────┴──────────┴───────────┴─────────┴──────────┴───────────┴───────────────┴────────────────────────────┴──────┴──────┴─────┴──────────┴──────────┴────────┴────────┴─────┴─────┴────────┴───────────┴───────────┴───────────────┴───────┴──────────┴─────┘

