┌─────────┬───────────────┬──────────┬──────────┬──────────┬──────────────┬──────────────┬────────────────────┬──────────┬──────────────┬────────────────────────────┬───────────────┬───────────┬───────────┬───────────┐
│ (index) │   datetime    │    sd    │    bu    │    uk    │    val_sd    │    val_bu    │       val_uk       │ sum_vol  │     val      │            date            │   acum_val    │ total_vol │   bu-sd   │ acum_busd │
├─────────┼───────────────┼──────────┼──────────┼──────────┼──────────────┼──────────────┼────────────────────┼──────────┼──────────────┼────────────────────────────┼───────────────┼───────────┼───────────┼───────────┤
│    0    │ 1675329000000 │  10600   │  15300   │  570300  │  443225000   │  444240000   │     7509086000     │  596200  │  8396551000  │ '2023-02-02T09:10:00.000Z' │  8396551000   │  596200   │   4700    │   4700    │
│    1    │ 1675329300000 │ 15432300 │ 14873500 │  906500  │ 260632250000 │ 253707537000 │    14845920000     │ 31212300 │ 529185707000 │ '2023-02-02T09:15:00.000Z' │ 537582258000  │ 31808500  │  -558800  │  -554100  │
│    2    │ 1675329600000 │ 23800700 │ 6466000  │  237300  │ 391919157000 │ 110282498000 │     4231447000     │ 30504000 │ 506433102000 │ '2023-02-02T09:20:00.000Z' │ 1044015360000 │ 62312500  │ -17334700 │ -17888800 │
│    3    │ 1675329900000 │ 6670400  │ 9673000  │  66800   │ 107536334000 │ 165769909000 │     1252408000     │ 16410200 │ 274558651000 │ '2023-02-02T09:25:00.000Z' │ 1318574011000 │ 78722700  │  3002600  │ -14886200 │
│    4    │ 1675330200000 │ 3922100  │ 8902500  │  53600   │ 62975193000  │ 156036833000 │     1215768000     │ 12878200 │ 220227794000 │ '2023-02-02T09:30:00.000Z' │ 1538801805000 │ 91600900  │  4980400  │ -9905800  │
│    5    │ 1675330500000 │ 7719300  │ 3692300  │  16000   │ 120802823000 │ 60421173000  │     408739000      │ 11427600 │ 181632735000 │ '2023-02-02T09:35:00.000Z' │ 1720434540000 │ 103028500 │ -4027000  │ -13932800 │
│    6    │ 1675330800000 │ 6354200  │ 3466100  │  37800   │ 101657599000 │ 59629939000  │     471210000      │ 9858100  │ 161758748000 │ '2023-02-02T09:40:00.000Z' │ 1882193288000 │ 112886600 │ -2888100  │ -16820900 │
│    7    │ 1675331100000 │ 3144400  │ 4504700  │  31300   │ 46624810000  │ 83259998000  │     404465000      │ 7680400  │ 130289273000 │ '2023-02-02T09:45:00.000Z' │ 2012482561000 │ 120567000 │  1360300  │ -15460600 │
│    8    │ 1675331400000 │ 7188900  │ 2397000  │   6500   │ 117095191000 │ 39148239000  │ 208892000.00000003 │ 9592400  │ 156452322000 │ '2023-02-02T09:50:00.000Z' │ 2168934883000 │ 130159400 │ -4791900  │ -20252500 │
│    9    │ 1675331700000 │ 6378300  │ 3084800  │  61600   │ 88645644000  │ 53483929000  │     1220569000     │ 9524700  │ 143350142000 │ '2023-02-02T09:55:00.000Z' │ 2312285025000 │ 139684100 │ -3293500  │ -23546000 │
│   10    │ 1675332000000 │ 4445600  │ 3103700  │  80200   │ 69563793000  │ 49150666000  │     1092913000     │ 7629500  │ 119807372000 │ '2023-02-02T10:00:00.000Z' │ 2432092397000 │ 147313600 │ -1341900  │ -24887900 │
│   11    │ 1675332300000 │ 5192000  │ 2803500  │  54600   │ 84636459000  │ 46079226000  │     631198000      │ 8050100  │ 131346883000 │ '2023-02-02T10:05:00.000Z' │ 2563439280000 │ 155363700 │ -2388500  │ -27276400 │
│   12    │ 1675332600000 │ 6243600  │ 2783900  │  193000  │ 104926493000 │ 47872121000  │     2235107000     │ 9220500  │ 155033721000 │ '2023-02-02T10:10:00.000Z' │ 2718473001000 │ 164584200 │ -3459700  │ -30736100 │
│   13    │ 1675332900000 │ 5582200  │ 3384600  │  32800   │ 87101570000  │ 61751198000  │     566131000      │ 8999600  │ 149418899000 │ '2023-02-02T10:15:00.000Z' │ 2867891900000 │ 173583800 │ -2197600  │ -32933700 │
│   14    │ 1675333200000 │ 17446800 │ 2874400  │  148200  │ 270455236000 │ 49825620000  │     2575405000     │ 20469400 │ 322856261000 │ '2023-02-02T10:20:00.000Z' │ 3190748161000 │ 194053200 │ -14572400 │ -47506100 │
│   15    │ 1675333500000 │ 18413900 │ 4813400  │  145700  │ 278946442000 │ 78437920000  │     1519024000     │ 23373000 │ 358903386000 │ '2023-02-02T10:25:00.000Z' │ 3549651547000 │ 217426200 │ -13600500 │ -61106600 │
│   16    │ 1675333800000 │ 3748900  │ 7113800  │  74200   │ 62268740000  │ 122135904000 │     2060156000     │ 10936900 │ 186464800000 │ '2023-02-02T10:30:00.000Z' │ 3736116347000 │ 228363100 │  3364900  │ -57741700 │
│   17    │ 1675334100000 │ 1886700  │ 7093400  │  10400   │ 30675036000  │ 121193324000 │     250353000      │ 8990500  │ 152118713000 │ '2023-02-02T10:35:00.000Z' │ 3888235060000 │ 237353600 │  5206700  │ -52535000 │
│   18    │ 1675334400000 │ 1958200  │ 6388200  │  70100   │ 33340339000  │ 113218331000 │     1582313000     │ 8416500  │ 148140983000 │ '2023-02-02T10:40:00.000Z' │ 4036376043000 │ 245770100 │  4430000  │ -48105000 │
│   19    │ 1675334700000 │ 2043700  │ 6423400  │  102900  │ 34972007000  │ 115425104000 │     911641000      │ 8570000  │ 151308752000 │ '2023-02-02T10:45:00.000Z' │ 4187684795000 │ 254340100 │  4379700  │ -43725300 │
│   20    │ 1675335000000 │ 2034200  │ 4357700  │  35100   │ 35442719000  │ 83548010000  │     656033000      │ 6427000  │ 119646762000 │ '2023-02-02T10:50:00.000Z' │ 4307331557000 │ 260767100 │  2323500  │ -41401800 │
├─────────┼───────────────┼──────────┼──────────┼──────────┼──────────────┼──────────────┼────────────────────┼──────────┼──────────────┼────────────────────────────┼───────────────┼───────────┼───────────┼───────────┤
│ (index) │   datetime    │    sd    │    bu    │    uk    │    val_sd    │    val_bu    │       val_uk       │ sum_vol  │     val      │            date            │   acum_val    │ total_vol │   bu-sd   │ acum_busd │
├─────────┼───────────────┼──────────┼──────────┼──────────┼──────────────┼──────────────┼────────────────────┼──────────┼──────────────┼────────────────────────────┼───────────────┼───────────┼───────────┼───────────┤
│   21    │ 1675335300000 │ 3600100  │ 2830800  │  77700   │ 56573848000  │ 50216044000  │     999627000      │ 6508600  │ 107789519000 │ '2023-02-02T10:55:00.000Z' │ 4415121076000 │ 267275700 │  -769300  │ -42171100 │
│   22    │ 1675335600000 │ 3384900  │ 1596000  │  32300   │ 53684559000  │ 30759734000  │     592140000      │ 5013200  │ 85036433000  │ '2023-02-02T11:00:00.000Z' │ 4500157509000 │ 272288900 │ -1788900  │ -43960000 │
│   23    │ 1675335900000 │ 2746100  │ 1676800  │   2700   │ 44929161000  │ 32186479000  │      68332000      │ 4425600  │ 77183972000  │ '2023-02-02T11:05:00.000Z' │ 4577341481000 │ 276714500 │ -1069300  │ -45029300 │
│   24    │ 1675336200000 │ 1699000  │ 2529700  │   9600   │ 29598784000  │ 54088287000  │     201395000      │ 4238300  │ 83888466000  │ '2023-02-02T11:10:00.000Z' │ 4661229947000 │ 280952800 │  830700   │ -44198600 │
│   25    │ 1675336500000 │ 1330400  │ 4313500  │  56800   │ 23884045000  │ 94870662000  │     951558000      │ 5700700  │ 119706265000 │ '2023-02-02T11:15:00.000Z' │ 4780936212000 │ 286653500 │  2983100  │ -41215500 │
│   26    │ 1675336800000 │ 1122300  │ 2531200  │   9100   │ 20020748000  │ 47969649000  │     131030000      │ 3662600  │ 68121427000  │ '2023-02-02T11:20:00.000Z' │ 4849057639000 │ 290316100 │  1408900  │ -39806600 │
│   27    │ 1675337100000 │ 2755400  │ 2130200  │  22300   │ 44671432000  │ 38631344000  │     669152000      │ 4907900  │ 83971928000  │ '2023-02-02T11:25:00.000Z' │ 4933029567000 │ 295224000 │  -625200  │ -40431800 │
│   28    │ 1675342800000 │ 7727100  │ 4200200  │  368700  │ 133977362000 │ 83936409000  │     4880375000     │ 12296000 │ 222794146000 │ '2023-02-02T13:00:00.000Z' │ 5155823713000 │ 307520000 │ -3526900  │ -43958700 │
│   29    │ 1675343100000 │ 6660000  │ 3130000  │  44300   │ 104064314000 │ 64897222000  │     1008416000     │ 9834300  │ 169969952000 │ '2023-02-02T13:05:00.000Z' │ 5325793665000 │ 317354300 │ -3530000  │ -47488700 │
│   30    │ 1675343400000 │ 5410100  │ 3599700  │  71900   │ 96570005000  │ 69910564000  │     1629844000     │ 9081700  │ 168110413000 │ '2023-02-02T13:10:00.000Z' │ 5493904078000 │ 326436000 │ -1810400  │ -49299100 │
│   31    │ 1675343700000 │ 15283900 │ 2599200  │  49600   │ 253142188000 │ 45721218000  │     864476000      │ 17932700 │ 299727882000 │ '2023-02-02T13:15:00.000Z' │ 5793631960000 │ 344368700 │ -12684700 │ -61983800 │
│   32    │ 1675344000000 │ 4795400  │ 5124000  │  123700  │ 76624348000  │ 89516202000  │     2052506000     │ 10043100 │ 168193056000 │ '2023-02-02T13:20:00.000Z' │ 5961825016000 │ 354411800 │  328600   │ -61655200 │
│   33    │ 1675344300000 │ 3012500  │ 4020200  │  44800   │ 59630375000  │ 77153471000  │     812330000      │ 7077500  │ 137596176000 │ '2023-02-02T13:25:00.000Z' │ 6099421192000 │ 361489300 │  1007700  │ -60647500 │
│   34    │ 1675344600000 │ 2634300  │ 8422400  │  32900   │ 44351109000  │ 166784405000 │     787972000      │ 11089600 │ 211923486000 │ '2023-02-02T13:30:00.000Z' │ 6311344678000 │ 372578900 │  5788100  │ -54859400 │
│   35    │ 1675344900000 │ 4878300  │ 5235300  │  80900   │ 81007116000  │ 104090465000 │     719101000      │ 10194500 │ 185816682000 │ '2023-02-02T13:35:00.000Z' │ 6497161360000 │ 382773400 │  357000   │ -54502400 │
│   36    │ 1675345200000 │ 10052200 │ 2950000  │  50700   │ 181360722000 │ 56540501000  │     990163000      │ 13052900 │ 238891386000 │ '2023-02-02T13:40:00.000Z' │ 6736052746000 │ 395826300 │ -7102200  │ -61604600 │
│   37    │ 1675345500000 │ 6979900  │ 4215200  │  61400   │ 119387771000 │ 83708061000  │     638583000      │ 11256500 │ 203734415000 │ '2023-02-02T13:45:00.000Z' │ 6939787161000 │ 407082800 │ -2764700  │ -64369300 │
│   38    │ 1675345800000 │ 2585100  │ 10532300 │  31100   │ 48025152000  │ 219718374000 │     638316000      │ 13148500 │ 268381842000 │ '2023-02-02T13:50:00.000Z' │ 7208169003000 │ 420231300 │  7947200  │ -56422100 │
│   39    │ 1675346100000 │ 6318200  │ 13876500 │  76600   │ 121641543000 │ 243590990000 │     2381074000     │ 20271300 │ 367613607000 │ '2023-02-02T13:55:00.000Z' │ 7575782610000 │ 440502600 │  7558300  │ -48863800 │
│   40    │ 1675346400000 │ 5888700  │ 4299700  │  106300  │ 106117838000 │ 85086900000  │     1387273000     │ 10294700 │ 192592011000 │ '2023-02-02T14:00:00.000Z' │ 7768374621000 │ 450797300 │ -1589000  │ -50452800 │
├─────────┼───────────────┼──────────┼──────────┼──────────┼──────────────┼──────────────┼────────────────────┼──────────┼──────────────┼────────────────────────────┼───────────────┼───────────┼───────────┼───────────┤
│ (index) │   datetime    │    sd    │    bu    │    uk    │    val_sd    │    val_bu    │       val_uk       │ sum_vol  │     val      │            date            │   acum_val    │ total_vol │   bu-sd   │ acum_busd │
├─────────┼───────────────┼──────────┼──────────┼──────────┼──────────────┼──────────────┼────────────────────┼──────────┼──────────────┼────────────────────────────┼───────────────┼───────────┼───────────┼───────────┤
│   41    │ 1675346700000 │ 7249300  │ 4077200  │  152300  │ 152298686000 │ 82654795000  │     2716981000     │ 11478800 │ 237670462000 │ '2023-02-02T14:05:00.000Z' │ 8006045083000 │ 462276100 │ -3172100  │ -53624900 │
│   42    │ 1675347000000 │ 8697600  │ 2858000  │  81500   │ 151485693000 │ 50376599000  │     1089182000     │ 11637100 │ 202951474000 │ '2023-02-02T14:10:00.000Z' │ 8208996557000 │ 473913200 │ -5839600  │ -59464500 │
│   43    │ 1675347300000 │ 27128000 │ 5380900  │  349600  │ 438403543000 │ 100973387000 │     4986651000     │ 32858500 │ 544363581000 │ '2023-02-02T14:15:00.000Z' │ 8753360138000 │ 506771700 │ -21747100 │ -81211600 │
│   44    │ 1675347600000 │ 5113900  │ 10152600 │  59600   │ 78753735000  │ 183027592000 │     2069830000     │ 15326100 │ 263851157000 │ '2023-02-02T14:20:00.000Z' │ 9017211295000 │ 522097800 │  5038700  │ -76172900 │
│   45    │ 1675347900000 │ 9386500  │ 6088600  │  90500   │ 154021752000 │ 103124798000 │     1663823000     │ 15565600 │ 258810373000 │ '2023-02-02T14:25:00.000Z' │ 9276021668000 │ 537663400 │ -3297900  │ -79470800 │
│   46    │ 1675348200000 │   1600   │   4500   │    0     │   36760000   │   62750000   │         0          │   6100   │   99510000   │ '2023-02-02T14:30:00.000Z' │ 9276121178000 │ 537669500 │   2900    │ -79467900 │
│   47    │ 1675348800000 │  165500  │  97900   │ 1741700  │  2059720000  │  533097000   │    24037489000     │ 2005100  │ 26630306000  │ '2023-02-02T14:40:00.000Z' │ 9302751484000 │ 539674600 │  -67600   │ -79535500 │
│   48    │ 1675349100000 │  687400  │  823700  │ 23890300 │ 10965455000  │ 15386396000  │    529926308000    │ 25401400 │ 556278159000 │ '2023-02-02T14:45:00.000Z' │ 9859029643000 │ 565076000 │  136300   │ -79399200 │
└─────────┴───────────────┴──────────┴──────────┴──────────┴──────────────┴──────────────┴────────────────────┴──────────┴──────────────┴────────────────────────────┴───────────────┴───────────┴───────────┴───────────┘

