┌─────────┬──────┬──────┬──────┬──────┬──────┬──────────┬───────────┬─────────┬──────────┬──────────┬───────────────┬────────────────────────────┬──────┬──────┬─────┬──────────┬──────────┬───────┬───────┬─────┬─────┬───────┬───────────┬───────────┬───────────────┬──────┬────────────────────┬─────┐
│ (index) │  c   │  h   │  l   │  o   │  sd  │  val_sd  │ total_vol │ sum_vol │   val    │ acum_val │   datetime    │            date            │ pbu  │ psd  │ puk │    bs    │    sb    │  abu  │  asd  │ auk │ rsd │ bu-sd │ bu-sd_val │ acum_busd │ acum_busd_val │  bu  │       val_bu       │ rbu │
├─────────┼──────┼──────┼──────┼──────┼──────┼──────────┼───────────┼─────────┼──────────┼──────────┼───────────────┼────────────────────────────┼──────┼──────┼─────┼──────────┼──────────┼───────┼───────┼─────┼─────┼───────┼───────────┼───────────┼───────────────┼──────┼────────────────────┼─────┤
│    0    │ 5.18 │ 5.18 │ 5.18 │ 5.18 │ 200  │ 1036000  │    200    │   200   │ 1036000  │ 1036000  │ 1672996800000 │ '2023-01-06T09:20:00.000Z' │  0   │ 100  │  0  │    0     │ Infinity │ 255.6 │ 766.7 │  0  │ 0.3 │ -200  │ -1036000  │   -200    │   -1036000    │      │                    │     │
│    1    │ 5.18 │ 5.18 │ 5.18 │ 5.18 │ 200  │ 1036000  │    400    │   200   │ 1036000  │ 2072000  │ 1672997400000 │ '2023-01-06T09:30:00.000Z' │  0   │ 100  │  0  │    0     │ Infinity │ 255.6 │ 766.7 │  0  │ 0.3 │ -200  │ -1036000  │   -400    │   -2072000    │      │                    │     │
│    2    │ 5.19 │ 5.19 │ 5.19 │ 5.19 │      │          │    600    │   200   │ 1038000  │ 3110000  │ 1672998000000 │ '2023-01-06T09:40:00.000Z' │ 100  │  0   │  0  │ Infinity │    0     │ 255.6 │ 766.7 │  0  │     │  200  │  1038000  │   -200    │   -1034000    │ 200  │      1038000       │ 0.8 │
│    3    │ 5.18 │ 5.18 │ 5.18 │ 5.18 │ 100  │  518000  │    700    │   100   │  518000  │ 3628000  │ 1672998300000 │ '2023-01-06T09:45:00.000Z' │  0   │ 100  │  0  │    0     │ Infinity │ 255.6 │ 766.7 │  0  │ 0.1 │ -100  │  -518000  │   -300    │   -1552000    │      │                    │     │
│    4    │ 5.16 │ 5.16 │ 5.16 │ 5.16 │ 100  │  516000  │    800    │   100   │  516000  │ 4144000  │ 1672998600000 │ '2023-01-06T09:50:00.000Z' │  0   │ 100  │  0  │    0     │ Infinity │ 255.6 │ 766.7 │  0  │ 0.1 │ -100  │  -516000  │   -400    │   -2068000    │      │                    │     │
│    5    │ 5.18 │ 5.18 │ 5.17 │ 5.17 │      │          │   1700    │   900   │ 4658000  │ 8802000  │ 1673001900000 │ '2023-01-06T10:45:00.000Z' │ 100  │  0   │  0  │ Infinity │    0     │ 255.6 │ 766.7 │  0  │     │  900  │  4658000  │    500    │    2590000    │ 900  │      4658000       │ 3.5 │
│    6    │ 5.18 │ 5.18 │ 5.18 │ 5.18 │ 100  │  518000  │   1800    │   100   │  518000  │ 9320000  │ 1673002200000 │ '2023-01-06T10:50:00.000Z' │  0   │ 100  │  0  │    0     │ Infinity │ 255.6 │ 766.7 │  0  │ 0.1 │ -100  │  -518000  │    400    │    2072000    │      │                    │     │
│    7    │ 5.18 │ 5.18 │ 5.18 │ 5.18 │ 400  │ 2072000  │   2200    │   400   │ 2072000  │ 11392000 │ 1673002500000 │ '2023-01-06T10:55:00.000Z' │  0   │ 100  │  0  │    0     │ Infinity │ 255.6 │ 766.7 │  0  │ 0.5 │ -400  │ -2072000  │     0     │       0       │      │                    │     │
│    8    │ 5.18 │ 5.18 │ 5.18 │ 5.18 │      │          │   4700    │  2500   │ 12950000 │ 24342000 │ 1673004000000 │ '2023-01-06T11:20:00.000Z' │ 100  │  0   │  0  │ Infinity │    0     │ 255.6 │ 766.7 │  0  │     │ 2500  │ 12950000  │   2500    │   12950000    │ 2500 │      12950000      │ 9.8 │
│    9    │ 5.17 │ 5.17 │ 5.17 │ 5.17 │ 200  │ 1034000  │   4900    │   200   │ 1034000  │ 25376000 │ 1673004300000 │ '2023-01-06T11:25:00.000Z' │  0   │ 100  │  0  │    0     │ Infinity │ 255.6 │ 766.7 │  0  │ 0.3 │ -200  │ -1034000  │   2300    │   11916000    │      │                    │     │
│   10    │ 5.17 │ 5.2  │ 5.17 │ 5.17 │ 400  │ 2068000  │   5800    │   900   │ 4668000  │ 30044000 │ 1673010000000 │ '2023-01-06T13:00:00.000Z' │ 55.6 │ 44.4 │  0  │   1.3    │   0.8    │ 255.6 │ 766.7 │  0  │ 0.5 │  100  │  532000   │   2400    │   12448000    │ 500  │      2600000       │  2  │
│   11    │ 5.19 │ 5.19 │ 5.19 │ 5.19 │      │          │   6000    │   200   │ 1038000  │ 31082000 │ 1673010900000 │ '2023-01-06T13:15:00.000Z' │ 100  │  0   │  0  │ Infinity │    0     │ 255.6 │ 766.7 │  0  │     │  200  │  1038000  │   2600    │   13486000    │ 200  │      1038000       │ 0.8 │
│   12    │ 5.19 │ 5.19 │ 5.15 │ 5.17 │ 6000 │ 30940000 │   12300   │  6300   │ 32497000 │ 63579000 │ 1673011500000 │ '2023-01-06T13:25:00.000Z' │ 4.8  │ 95.2 │  0  │   0.1    │    20    │ 255.6 │ 766.7 │  0  │ 7.8 │ -5700 │ -29383000 │   -3100   │   -15897000   │ 300  │ 1557000.0000000002 │ 1.2 │
│   13    │ 5.15 │ 5.15 │ 5.15 │ 5.15 │ 300  │ 1545000  │   12600   │   300   │ 1545000  │ 65124000 │ 1673012400000 │ '2023-01-06T13:40:00.000Z' │  0   │ 100  │  0  │    0     │ Infinity │ 255.6 │ 766.7 │  0  │ 0.4 │ -300  │ -1545000  │   -3400   │   -17442000   │      │                    │     │
│   14    │ 5.12 │ 5.12 │ 5.12 │ 5.12 │ 1000 │ 5120000  │   13600   │  1000   │ 5120000  │ 70244000 │ 1673012700000 │ '2023-01-06T13:45:00.000Z' │  0   │ 100  │  0  │    0     │ Infinity │ 255.6 │ 766.7 │  0  │ 1.3 │ -1000 │ -5120000  │   -4400   │   -22562000   │      │                    │     │
│   15    │ 5.11 │ 5.12 │ 5.11 │ 5.12 │ 1300 │ 6653000  │   14900   │  1300   │ 6653000  │ 76897000 │ 1673014200000 │ '2023-01-06T14:10:00.000Z' │  0   │ 100  │  0  │    0     │ Infinity │ 255.6 │ 766.7 │  0  │ 1.7 │ -1300 │ -6653000  │   -5700   │   -29215000   │      │                    │     │
│   16    │ 5.17 │ 5.17 │ 5.17 │ 5.17 │ 100  │  517000  │   15000   │   100   │  517000  │ 77414000 │ 1673014800000 │ '2023-01-06T14:20:00.000Z' │  0   │ 100  │  0  │    0     │ Infinity │ 255.6 │ 766.7 │  0  │ 0.1 │ -100  │  -517000  │   -5800   │   -29732000   │      │                    │     │
│   17    │ 5.17 │ 5.17 │ 5.17 │ 5.17 │ 3400 │ 17578000 │   18400   │  3400   │ 17578000 │ 94992000 │ 1673016300000 │ '2023-01-06T14:45:00.000Z' │  0   │ 100  │  0  │    0     │ Infinity │ 255.6 │ 766.7 │  0  │ 4.4 │ -3400 │ -17578000 │   -9200   │   -47310000   │      │                    │     │
└─────────┴──────┴──────┴──────┴──────┴──────┴──────────┴───────────┴─────────┴──────────┴──────────┴───────────────┴────────────────────────────┴──────┴──────┴─────┴──────────┴──────────┴───────┴───────┴─────┴─────┴───────┴───────────┴───────────┴───────────────┴──────┴────────────────────┴─────┘

