┌─────────┬─────┬─────┬─────┬─────┬───────┬──────────┬───────────┬─────────┬──────────┬───────────┬───────────────┬────────────────────────────┬─────┬─────┬─────┬──────────┬──────────┬─────┬────────┬─────┬─────┬────────┬───────────┬───────────┬───────────────┬──────┬─────────┬──────┐
│ (index) │  c  │  h  │  l  │  o  │  sd   │  val_sd  │ total_vol │ sum_vol │   val    │ acum_val  │   datetime    │            date            │ pbu │ psd │ puk │    bs    │    sb    │ abu │  asd   │ auk │ rsd │ bu-sd  │ bu-sd_val │ acum_busd │ acum_busd_val │  bu  │ val_bu  │ rbu  │
├─────────┼─────┼─────┼─────┼─────┼───────┼──────────┼───────────┼─────────┼──────────┼───────────┼───────────────┼────────────────────────────┼─────┼─────┼─────┼──────────┼──────────┼─────┼────────┼─────┼─────┼────────┼───────────┼───────────┼───────────────┼──────┼─────────┼──────┤
│    0    │ 1.9 │ 1.9 │ 1.9 │ 1.9 │  100  │  190000  │    100    │   100   │  190000  │  190000   │ 1672995600000 │ '2023-01-06T09:00:00.000Z' │  0  │ 100 │  0  │    0     │ Infinity │ 381 │ 3895.2 │  0  │  0  │  -100  │  -190000  │   -100    │    -190000    │      │         │      │
│    1    │ 1.7 │ 1.7 │ 1.7 │ 1.7 │  200  │  340000  │    300    │   200   │  340000  │  530000   │ 1672996920000 │ '2023-01-06T09:22:00.000Z' │  0  │ 100 │  0  │    0     │ Infinity │ 381 │ 3895.2 │  0  │ 0.1 │  -200  │  -340000  │   -300    │    -530000    │      │         │      │
│    2    │ 1.7 │ 1.7 │ 1.7 │ 1.7 │ 2100  │ 3570000  │   2400    │  2100   │ 3570000  │  4100000  │ 1672997160000 │ '2023-01-06T09:26:00.000Z' │  0  │ 100 │  0  │    0     │ Infinity │ 381 │ 3895.2 │  0  │ 0.5 │ -2100  │ -3570000  │   -2400   │   -4100000    │      │         │      │
│    3    │ 1.7 │ 1.7 │ 1.7 │ 1.7 │  100  │  170000  │   2500    │   100   │  170000  │  4270000  │ 1672997520000 │ '2023-01-06T09:32:00.000Z' │  0  │ 100 │  0  │    0     │ Infinity │ 381 │ 3895.2 │  0  │  0  │  -100  │  -170000  │   -2500   │   -4270000    │      │         │      │
│    4    │ 1.8 │ 1.8 │ 1.8 │ 1.8 │       │          │   7500    │  5000   │ 9000000  │ 13270000  │ 1672998360000 │ '2023-01-06T09:46:00.000Z' │ 100 │  0  │  0  │ Infinity │    0     │ 381 │ 3895.2 │  0  │     │  5000  │  9000000  │   2500    │    4730000    │ 5000 │ 9000000 │ 13.1 │
│    5    │ 1.8 │ 1.8 │ 1.8 │ 1.8 │       │          │   10300   │  2800   │ 5040000  │ 18310000  │ 1673000160000 │ '2023-01-06T10:16:00.000Z' │ 100 │  0  │  0  │ Infinity │    0     │ 381 │ 3895.2 │  0  │     │  2800  │  5040000  │   5300    │    9770000    │ 2800 │ 5040000 │ 7.3  │
│    6    │ 1.7 │ 1.7 │ 1.7 │ 1.7 │ 15000 │ 25500000 │   25300   │  15000  │ 25500000 │ 43810000  │ 1673002800000 │ '2023-01-06T11:00:00.000Z' │  0  │ 100 │  0  │    0     │ Infinity │ 381 │ 3895.2 │  0  │ 3.9 │ -15000 │ -25500000 │   -9700   │   -15730000   │      │         │      │
│    7    │ 1.7 │ 1.7 │ 1.7 │ 1.7 │ 11400 │ 19380000 │   36700   │  11400  │ 19380000 │ 63190000  │ 1673003040000 │ '2023-01-06T11:04:00.000Z' │  0  │ 100 │  0  │    0     │ Infinity │ 381 │ 3895.2 │  0  │ 2.9 │ -11400 │ -19380000 │  -21100   │   -35110000   │      │         │      │
│    8    │ 1.7 │ 1.7 │ 1.7 │ 1.7 │  300  │  510000  │   37000   │   300   │  510000  │ 63700000  │ 1673003760000 │ '2023-01-06T11:16:00.000Z' │  0  │ 100 │  0  │    0     │ Infinity │ 381 │ 3895.2 │  0  │ 0.1 │  -300  │  -510000  │  -21400   │   -35620000   │      │         │      │
│    9    │ 1.7 │ 1.7 │ 1.7 │ 1.7 │  100  │  170000  │   37100   │   100   │  170000  │ 63870000  │ 1673004480000 │ '2023-01-06T11:28:00.000Z' │  0  │ 100 │  0  │    0     │ Infinity │ 381 │ 3895.2 │  0  │  0  │  -100  │  -170000  │  -21500   │   -35790000   │      │         │      │
│   10    │ 1.7 │ 1.7 │ 1.7 │ 1.7 │ 1000  │ 1700000  │   38100   │  1000   │ 1700000  │ 65570000  │ 1673012280000 │ '2023-01-06T13:38:00.000Z' │  0  │ 100 │  0  │    0     │ Infinity │ 381 │ 3895.2 │  0  │ 0.3 │ -1000  │ -1700000  │  -22500   │   -37490000   │      │         │      │
│   11    │ 1.7 │ 1.7 │ 1.7 │ 1.7 │ 10000 │ 17000000 │   48100   │  10000  │ 17000000 │ 82570000  │ 1673012640000 │ '2023-01-06T13:44:00.000Z' │  0  │ 100 │  0  │    0     │ Infinity │ 381 │ 3895.2 │  0  │ 2.6 │ -10000 │ -17000000 │  -32500   │   -54490000   │      │         │      │
│   12    │ 1.7 │ 1.7 │ 1.7 │ 1.7 │  200  │  340000  │   48300   │   200   │  340000  │ 82910000  │ 1673013120000 │ '2023-01-06T13:52:00.000Z' │  0  │ 100 │  0  │    0     │ Infinity │ 381 │ 3895.2 │  0  │ 0.1 │  -200  │  -340000  │  -32700   │   -54830000   │      │         │      │
│   13    │ 1.7 │ 1.7 │ 1.7 │ 1.7 │ 3500  │ 5950000  │   51800   │  3500   │ 5950000  │ 88860000  │ 1673014080000 │ '2023-01-06T14:08:00.000Z' │  0  │ 100 │  0  │    0     │ Infinity │ 381 │ 3895.2 │  0  │ 0.9 │ -3500  │ -5950000  │  -36200   │   -60780000   │      │         │      │
│   14    │ 1.7 │ 1.7 │ 1.7 │ 1.7 │  300  │  510000  │   52100   │   300   │  510000  │ 89370000  │ 1673014320000 │ '2023-01-06T14:12:00.000Z' │  0  │ 100 │  0  │    0     │ Infinity │ 381 │ 3895.2 │  0  │ 0.1 │  -300  │  -510000  │  -36500   │   -61290000   │      │         │      │
│   15    │ 1.7 │ 1.7 │ 1.7 │ 1.7 │ 22000 │ 37400000 │   74100   │  22000  │ 37400000 │ 126770000 │ 1673014560000 │ '2023-01-06T14:16:00.000Z' │  0  │ 100 │  0  │    0     │ Infinity │ 381 │ 3895.2 │  0  │ 5.6 │ -22000 │ -37400000 │  -58500   │   -98690000   │      │         │      │
│   16    │ 1.8 │ 1.8 │ 1.8 │ 1.8 │       │          │   74200   │   100   │  180000  │ 126950000 │ 1673014680000 │ '2023-01-06T14:18:00.000Z' │ 100 │  0  │  0  │ Infinity │    0     │ 381 │ 3895.2 │  0  │     │  100   │  180000   │  -58400   │   -98510000   │ 100  │ 180000  │ 0.3  │
│   17    │ 1.7 │ 1.7 │ 1.7 │ 1.7 │ 7200  │ 12240000 │   81400   │  7200   │ 12240000 │ 139190000 │ 1673014800000 │ '2023-01-06T14:20:00.000Z' │  0  │ 100 │  0  │    0     │ Infinity │ 381 │ 3895.2 │  0  │ 1.8 │ -7200  │ -12240000 │  -65600   │  -110750000   │      │         │      │
│   18    │ 1.8 │ 1.8 │ 1.8 │ 1.8 │       │          │   81500   │   100   │  180000  │ 139370000 │ 1673014920000 │ '2023-01-06T14:22:00.000Z' │ 100 │  0  │  0  │ Infinity │    0     │ 381 │ 3895.2 │  0  │     │  100   │  180000   │  -65500   │  -110570000   │ 100  │ 180000  │ 0.3  │
│   19    │ 1.7 │ 1.7 │ 1.7 │ 1.7 │ 1000  │ 1700000  │   82500   │  1000   │ 1700000  │ 141070000 │ 1673015040000 │ '2023-01-06T14:24:00.000Z' │  0  │ 100 │  0  │    0     │ Infinity │ 381 │ 3895.2 │  0  │ 0.3 │ -1000  │ -1700000  │  -66500   │  -112270000   │      │         │      │
│   20    │ 1.7 │ 1.7 │ 1.7 │ 1.7 │ 7300  │ 12410000 │   89800   │  7300   │ 12410000 │ 153480000 │ 1673016240000 │ '2023-01-06T14:44:00.000Z' │  0  │ 100 │  0  │    0     │ Infinity │ 381 │ 3895.2 │  0  │ 1.9 │ -7300  │ -12410000 │  -73800   │  -124680000   │      │         │      │
├─────────┼─────┼─────┼─────┼─────┼───────┼──────────┼───────────┼─────────┼──────────┼───────────┼───────────────┼────────────────────────────┼─────┼─────┼─────┼──────────┼──────────┼─────┼────────┼─────┼─────┼────────┼───────────┼───────────┼───────────────┼──────┼─────────┼──────┤
│ (index) │  c  │  h  │  l  │  o  │  sd   │  val_sd  │ total_vol │ sum_vol │   val    │ acum_val  │   datetime    │            date            │ pbu │ psd │ puk │    bs    │    sb    │ abu │  asd   │ auk │ rsd │ bu-sd  │ bu-sd_val │ acum_busd │ acum_busd_val │  bu  │ val_bu  │ rbu  │
├─────────┼─────┼─────┼─────┼─────┼───────┼──────────┼───────────┼─────────┼──────────┼───────────┼───────────────┼────────────────────────────┼─────┼─────┼─────┼──────────┼──────────┼─────┼────────┼─────┼─────┼────────┼───────────┼───────────┼───────────────┼──────┼─────────┼──────┤
└─────────┴─────┴─────┴─────┴─────┴───────┴──────────┴───────────┴─────────┴──────────┴───────────┴───────────────┴────────────────────────────┴─────┴─────┴─────┴──────────┴──────────┴─────┴────────┴─────┴─────┴────────┴───────────┴───────────┴───────────────┴──────┴─────────┴──────┘

