┌─────────┬─────┬─────┬─────┬─────┬───────┬──────────┬───────────┬─────────┬──────────┬───────────┬───────────────┬────────────────────────────┬──────┬──────┬─────┬──────────┬──────────┬────────┬────────┬─────┬──────┬────────┬───────────┬───────────┬───────────────┬───────┬──────────┬─────┐
│ (index) │  c  │  h  │  l  │  o  │  sd   │  val_sd  │ total_vol │ sum_vol │   val    │ acum_val  │   datetime    │            date            │ pbu  │ psd  │ puk │    bs    │    sb    │  abu   │  asd   │ auk │ rsd  │ bu-sd  │ bu-sd_val │ acum_busd │ acum_busd_val │  bu   │  val_bu  │ rbu │
├─────────┼─────┼─────┼─────┼─────┼───────┼──────────┼───────────┼─────────┼──────────┼───────────┼───────────────┼────────────────────────────┼──────┼──────┼─────┼──────────┼──────────┼────────┼────────┼─────┼──────┼────────┼───────────┼───────────┼───────────────┼───────┼──────────┼─────┤
│    0    │ 1.6 │ 1.6 │ 1.6 │ 1.6 │ 3000  │ 4800000  │   3000    │  3000   │ 4800000  │  4800000  │ 1672995600000 │ '2023-01-06T09:00:00.000Z' │  0   │ 100  │  0  │    0     │ Infinity │ 2522.5 │ 1667.5 │  0  │ 1.8  │ -3000  │ -4800000  │   -3000   │   -4800000    │       │          │     │
│    1    │ 1.6 │ 1.6 │ 1.5 │ 1.6 │ 1100  │ 1750000  │   4300    │  1300   │ 2070000  │  6870000  │ 1672995900000 │ '2023-01-06T09:05:00.000Z' │ 15.4 │ 84.6 │  0  │   0.2    │   5.5    │ 2522.5 │ 1667.5 │  0  │ 0.7  │  -900  │ -1430000  │   -3900   │   -6230000    │  200  │  320000  │ 0.1 │
│    2    │ 1.5 │ 1.6 │ 1.5 │ 1.6 │ 2000  │ 3000000  │   8100    │  3800   │ 5880000  │ 12750000  │ 1672996500000 │ '2023-01-06T09:15:00.000Z' │ 47.4 │ 52.6 │  0  │   0.9    │   1.1    │ 2522.5 │ 1667.5 │  0  │ 1.2  │  -200  │  -120000  │   -4100   │   -6350000    │ 1800  │ 2880000  │ 0.7 │
│    3    │ 1.6 │ 1.6 │ 1.5 │ 1.5 │ 42000 │ 63000000 │   53100   │  45000  │ 67800000 │ 80550000  │ 1672996800000 │ '2023-01-06T09:20:00.000Z' │ 6.7  │ 93.3 │  0  │   0.1    │    14    │ 2522.5 │ 1667.5 │  0  │ 25.2 │ -39000 │ -58200000 │  -43100   │   -64550000   │ 3000  │ 4800000  │ 1.2 │
│    4    │ 1.6 │ 1.6 │ 1.6 │ 1.6 │       │          │   53600   │   500   │  800000  │ 81350000  │ 1672997100000 │ '2023-01-06T09:25:00.000Z' │ 100  │  0   │  0  │ Infinity │    0     │ 2522.5 │ 1667.5 │  0  │      │  500   │  800000   │  -42600   │   -63750000   │  500  │  800000  │ 0.2 │
│    5    │ 1.6 │ 1.6 │ 1.6 │ 1.6 │       │          │   54700   │  1100   │ 1760000  │ 83110000  │ 1672997400000 │ '2023-01-06T09:30:00.000Z' │ 100  │  0   │  0  │ Infinity │    0     │ 2522.5 │ 1667.5 │  0  │      │  1100  │  1760000  │  -41500   │   -61990000   │ 1100  │ 1760000  │ 0.4 │
│    6    │ 1.6 │ 1.6 │ 1.6 │ 1.6 │       │          │   58200   │  3500   │ 5600000  │ 88710000  │ 1672997700000 │ '2023-01-06T09:35:00.000Z' │ 100  │  0   │  0  │ Infinity │    0     │ 2522.5 │ 1667.5 │  0  │      │  3500  │  5600000  │  -38000   │   -56390000   │ 3500  │ 5600000  │ 1.4 │
│    7    │ 1.6 │ 1.6 │ 1.6 │ 1.6 │       │          │   59200   │  1000   │ 1600000  │ 90310000  │ 1672998000000 │ '2023-01-06T09:40:00.000Z' │ 100  │  0   │  0  │ Infinity │    0     │ 2522.5 │ 1667.5 │  0  │      │  1000  │  1600000  │  -37000   │   -54790000   │ 1000  │ 1600000  │ 0.4 │
│    8    │ 1.6 │ 1.6 │ 1.6 │ 1.6 │       │          │   69300   │  10100  │ 16160000 │ 106470000 │ 1672998300000 │ '2023-01-06T09:45:00.000Z' │ 100  │  0   │  0  │ Infinity │    0     │ 2522.5 │ 1667.5 │  0  │      │ 10100  │ 16160000  │  -26900   │   -38630000   │ 10100 │ 16160000 │  4  │
│    9    │ 1.6 │ 1.6 │ 1.6 │ 1.6 │       │          │   70300   │  1000   │ 1600000  │ 108070000 │ 1672998600000 │ '2023-01-06T09:50:00.000Z' │ 100  │  0   │  0  │ Infinity │    0     │ 2522.5 │ 1667.5 │  0  │      │  1000  │  1600000  │  -25900   │   -37030000   │ 1000  │ 1600000  │ 0.4 │
│   10    │ 1.6 │ 1.6 │ 1.6 │ 1.6 │       │          │   70600   │   300   │  480000  │ 108550000 │ 1672998900000 │ '2023-01-06T09:55:00.000Z' │ 100  │  0   │  0  │ Infinity │    0     │ 2522.5 │ 1667.5 │  0  │      │  300   │  480000   │  -25600   │   -36550000   │  300  │  480000  │ 0.1 │
│   11    │ 1.6 │ 1.6 │ 1.6 │ 1.6 │       │          │   73000   │  2400   │ 3840000  │ 112390000 │ 1672999200000 │ '2023-01-06T10:00:00.000Z' │ 100  │  0   │  0  │ Infinity │    0     │ 2522.5 │ 1667.5 │  0  │      │  2400  │  3840000  │  -23200   │   -32710000   │ 2400  │ 3840000  │  1  │
│   12    │ 1.6 │ 1.6 │ 1.6 │ 1.6 │       │          │   85700   │  12700  │ 20320000 │ 132710000 │ 1672999500000 │ '2023-01-06T10:05:00.000Z' │ 100  │  0   │  0  │ Infinity │    0     │ 2522.5 │ 1667.5 │  0  │      │ 12700  │ 20320000  │  -10500   │   -12390000   │ 12700 │ 20320000 │  5  │
│   13    │ 1.6 │ 1.6 │ 1.6 │ 1.6 │       │          │   95000   │  9300   │ 14880000 │ 147590000 │ 1672999800000 │ '2023-01-06T10:10:00.000Z' │ 100  │  0   │  0  │ Infinity │    0     │ 2522.5 │ 1667.5 │  0  │      │  9300  │ 14880000  │   -1200   │    2490000    │ 9300  │ 14880000 │ 3.7 │
│   14    │ 1.6 │ 1.6 │ 1.6 │ 1.6 │       │          │   97200   │  2200   │ 3520000  │ 151110000 │ 1673000100000 │ '2023-01-06T10:15:00.000Z' │ 100  │  0   │  0  │ Infinity │    0     │ 2522.5 │ 1667.5 │  0  │      │  2200  │  3520000  │   1000    │    6010000    │ 2200  │ 3520000  │ 0.9 │
│   15    │ 1.6 │ 1.6 │ 1.6 │ 1.6 │       │          │   99200   │  2000   │ 3200000  │ 154310000 │ 1673000400000 │ '2023-01-06T10:20:00.000Z' │ 100  │  0   │  0  │ Infinity │    0     │ 2522.5 │ 1667.5 │  0  │      │  2000  │  3200000  │   3000    │    9210000    │ 2000  │ 3200000  │ 0.8 │
│   16    │ 1.6 │ 1.6 │ 1.6 │ 1.6 │       │          │   99400   │   200   │  320000  │ 154630000 │ 1673000700000 │ '2023-01-06T10:25:00.000Z' │ 100  │  0   │  0  │ Infinity │    0     │ 2522.5 │ 1667.5 │  0  │      │  200   │  320000   │   3200    │    9530000    │  200  │  320000  │ 0.1 │
│   17    │ 1.6 │ 1.6 │ 1.6 │ 1.6 │       │          │  115900   │  16500  │ 26400000 │ 181030000 │ 1673001000000 │ '2023-01-06T10:30:00.000Z' │ 100  │  0   │  0  │ Infinity │    0     │ 2522.5 │ 1667.5 │  0  │      │ 16500  │ 26400000  │   19700   │   35930000    │ 16500 │ 26400000 │ 6.5 │
│   18    │ 1.6 │ 1.6 │ 1.6 │ 1.6 │       │          │  116700   │   800   │ 1280000  │ 182310000 │ 1673001300000 │ '2023-01-06T10:35:00.000Z' │ 100  │  0   │  0  │ Infinity │    0     │ 2522.5 │ 1667.5 │  0  │      │  800   │  1280000  │   20500   │   37210000    │  800  │ 1280000  │ 0.3 │
│   19    │ 1.6 │ 1.6 │ 1.6 │ 1.6 │       │          │  126700   │  10000  │ 16000000 │ 198310000 │ 1673001600000 │ '2023-01-06T10:40:00.000Z' │ 100  │  0   │  0  │ Infinity │    0     │ 2522.5 │ 1667.5 │  0  │      │ 10000  │ 16000000  │   30500   │   53210000    │ 10000 │ 16000000 │  4  │
│   20    │ 1.5 │ 1.5 │ 1.5 │ 1.5 │ 11100 │ 16650000 │  137800   │  11100  │ 16650000 │ 214960000 │ 1673002500000 │ '2023-01-06T10:55:00.000Z' │  0   │ 100  │  0  │    0     │ Infinity │ 2522.5 │ 1667.5 │  0  │ 6.7  │ -11100 │ -16650000 │   19400   │   36560000    │       │          │     │
├─────────┼─────┼─────┼─────┼─────┼───────┼──────────┼───────────┼─────────┼──────────┼───────────┼───────────────┼────────────────────────────┼──────┼──────┼─────┼──────────┼──────────┼────────┼────────┼─────┼──────┼────────┼───────────┼───────────┼───────────────┼───────┼──────────┼─────┤
│ (index) │  c  │  h  │  l  │  o  │  sd   │  val_sd  │ total_vol │ sum_vol │   val    │ acum_val  │   datetime    │            date            │ pbu  │ psd  │ puk │    bs    │    sb    │  abu   │  asd   │ auk │ rsd  │ bu-sd  │ bu-sd_val │ acum_busd │ acum_busd_val │  bu   │  val_bu  │ rbu │
├─────────┼─────┼─────┼─────┼─────┼───────┼──────────┼───────────┼─────────┼──────────┼───────────┼───────────────┼────────────────────────────┼──────┼──────┼─────┼──────────┼──────────┼────────┼────────┼─────┼──────┼────────┼───────────┼───────────┼───────────────┼───────┼──────────┼─────┤
│   21    │ 1.6 │ 1.6 │ 1.5 │ 1.5 │  100  │  150000  │  138100   │   300   │  470000  │ 215430000 │ 1673003100000 │ '2023-01-06T11:05:00.000Z' │ 66.7 │ 33.3 │  0  │    2     │   0.5    │ 2522.5 │ 1667.5 │  0  │ 0.1  │  100   │  170000   │   19500   │   36730000    │  200  │  320000  │ 0.1 │
│   22    │ 1.6 │ 1.6 │ 1.6 │ 1.6 │       │          │  138200   │   100   │  160000  │ 215590000 │ 1673003400000 │ '2023-01-06T11:10:00.000Z' │ 100  │  0   │  0  │ Infinity │    0     │ 2522.5 │ 1667.5 │  0  │      │  100   │  160000   │   19600   │   36890000    │  100  │  160000  │  0  │
│   23    │ 1.6 │ 1.6 │ 1.6 │ 1.6 │       │          │  139200   │  1000   │ 1600000  │ 217190000 │ 1673003700000 │ '2023-01-06T11:15:00.000Z' │ 100  │  0   │  0  │ Infinity │    0     │ 2522.5 │ 1667.5 │  0  │      │  1000  │  1600000  │   20600   │   38490000    │ 1000  │ 1600000  │ 0.4 │
│   24    │ 1.6 │ 1.6 │ 1.6 │ 1.6 │       │          │  140200   │  1000   │ 1600000  │ 218790000 │ 1673004000000 │ '2023-01-06T11:20:00.000Z' │ 100  │  0   │  0  │ Infinity │    0     │ 2522.5 │ 1667.5 │  0  │      │  1000  │  1600000  │   21600   │   40090000    │ 1000  │ 1600000  │ 0.4 │
│   25    │ 1.5 │ 1.5 │ 1.5 │ 1.5 │  700  │ 1050000  │  140900   │   700   │ 1050000  │ 219840000 │ 1673010000000 │ '2023-01-06T13:00:00.000Z' │  0   │ 100  │  0  │    0     │ Infinity │ 2522.5 │ 1667.5 │  0  │ 0.4  │  -700  │ -1050000  │   20900   │   39040000    │       │          │     │
│   26    │ 1.6 │ 1.6 │ 1.6 │ 1.6 │       │          │  141000   │   100   │  160000  │ 220000000 │ 1673010300000 │ '2023-01-06T13:05:00.000Z' │ 100  │  0   │  0  │ Infinity │    0     │ 2522.5 │ 1667.5 │  0  │      │  100   │  160000   │   21000   │   39200000    │  100  │  160000  │  0  │
│   27    │ 1.6 │ 1.6 │ 1.6 │ 1.6 │       │          │  143800   │  2800   │ 4480000  │ 224480000 │ 1673011500000 │ '2023-01-06T13:25:00.000Z' │ 100  │  0   │  0  │ Infinity │    0     │ 2522.5 │ 1667.5 │  0  │      │  2800  │  4480000  │   23800   │   43680000    │ 2800  │ 4480000  │ 1.1 │
│   28    │ 1.6 │ 1.6 │ 1.6 │ 1.6 │       │          │  146800   │  3000   │ 4800000  │ 229280000 │ 1673011800000 │ '2023-01-06T13:30:00.000Z' │ 100  │  0   │  0  │ Infinity │    0     │ 2522.5 │ 1667.5 │  0  │      │  3000  │  4800000  │   26800   │   48480000    │ 3000  │ 4800000  │ 1.2 │
│   29    │ 1.6 │ 1.6 │ 1.6 │ 1.6 │       │          │  146900   │   100   │  160000  │ 229440000 │ 1673012700000 │ '2023-01-06T13:45:00.000Z' │ 100  │  0   │  0  │ Infinity │    0     │ 2522.5 │ 1667.5 │  0  │      │  100   │  160000   │   26900   │   48640000    │  100  │  160000  │  0  │
│   30    │ 1.6 │ 1.6 │ 1.6 │ 1.6 │       │          │  147300   │   400   │  640000  │ 230080000 │ 1673013600000 │ '2023-01-06T14:00:00.000Z' │ 100  │  0   │  0  │ Infinity │    0     │ 2522.5 │ 1667.5 │  0  │      │  400   │  640000   │   27300   │   49280000    │  400  │  640000  │ 0.2 │
│   31    │ 1.6 │ 1.6 │ 1.6 │ 1.6 │       │          │  147600   │   300   │  480000  │ 230560000 │ 1673013900000 │ '2023-01-06T14:05:00.000Z' │ 100  │  0   │  0  │ Infinity │    0     │ 2522.5 │ 1667.5 │  0  │      │  300   │  480000   │   27600   │   49760000    │  300  │  480000  │ 0.1 │
│   32    │ 1.5 │ 1.5 │ 1.5 │ 1.5 │  100  │  150000  │  147700   │   100   │  150000  │ 230710000 │ 1673014200000 │ '2023-01-06T14:10:00.000Z' │  0   │ 100  │  0  │    0     │ Infinity │ 2522.5 │ 1667.5 │  0  │ 0.1  │  -100  │  -150000  │   27500   │   49610000    │       │          │     │
│   33    │ 1.6 │ 1.6 │ 1.6 │ 1.6 │       │          │  147800   │   100   │  160000  │ 230870000 │ 1673014500000 │ '2023-01-06T14:15:00.000Z' │ 100  │  0   │  0  │ Infinity │    0     │ 2522.5 │ 1667.5 │  0  │      │  100   │  160000   │   27600   │   49770000    │  100  │  160000  │  0  │
│   34    │ 1.6 │ 1.6 │ 1.6 │ 1.6 │       │          │  152800   │  5000   │ 8000000  │ 238870000 │ 1673014800000 │ '2023-01-06T14:20:00.000Z' │ 100  │  0   │  0  │ Infinity │    0     │ 2522.5 │ 1667.5 │  0  │      │  5000  │  8000000  │   32600   │   57770000    │ 5000  │ 8000000  │  2  │
│   35    │ 1.6 │ 1.6 │ 1.6 │ 1.6 │       │          │  154800   │  2000   │ 3200000  │ 242070000 │ 1673015100000 │ '2023-01-06T14:25:00.000Z' │ 100  │  0   │  0  │ Infinity │    0     │ 2522.5 │ 1667.5 │  0  │      │  2000  │  3200000  │   34600   │   60970000    │ 2000  │ 3200000  │ 0.8 │
│   36    │ 1.6 │ 1.6 │ 1.6 │ 1.6 │       │          │  160800   │  6000   │ 9600000  │ 251670000 │ 1673015400000 │ '2023-01-06T14:30:00.000Z' │ 100  │  0   │  0  │ Infinity │    0     │ 2522.5 │ 1667.5 │  0  │      │  6000  │  9600000  │   40600   │   70570000    │ 6000  │ 9600000  │ 2.4 │
│   37    │ 1.6 │ 1.6 │ 1.6 │ 1.6 │       │          │  160900   │   100   │  160000  │ 251830000 │ 1673015700000 │ '2023-01-06T14:35:00.000Z' │ 100  │  0   │  0  │ Infinity │    0     │ 2522.5 │ 1667.5 │  0  │      │  100   │  160000   │   40700   │   70730000    │  100  │  160000  │  0  │
│   38    │ 1.6 │ 1.6 │ 1.6 │ 1.6 │       │          │  161000   │   100   │  160000  │ 251990000 │ 1673016300000 │ '2023-01-06T14:45:00.000Z' │ 100  │  0   │  0  │ Infinity │    0     │ 2522.5 │ 1667.5 │  0  │      │  100   │  160000   │   40800   │   70890000    │  100  │  160000  │  0  │
│   39    │ 1.5 │ 1.5 │ 1.5 │ 1.5 │ 6600  │ 9900000  │  167600   │  6600   │ 9900000  │ 261890000 │ 1673016900000 │ '2023-01-06T14:55:00.000Z' │  0   │ 100  │  0  │    0     │ Infinity │ 2522.5 │ 1667.5 │  0  │  4   │ -6600  │ -9900000  │   34200   │   60990000    │       │          │     │
└─────────┴─────┴─────┴─────┴─────┴───────┴──────────┴───────────┴─────────┴──────────┴───────────┴───────────────┴────────────────────────────┴──────┴──────┴─────┴──────────┴──────────┴────────┴────────┴─────┴──────┴────────┴───────────┴───────────┴───────────────┴───────┴──────────┴─────┘
├─────────┼─────┼─────┼─────┼─────┼───────┼──────────┼───────────┼─────────┼──────────┼───────────┼───────────────┼────────────────────────────┼──────┼──────┼─────┼──────────┼──────────┼────────┼────────┼─────┼──────┼────────┼───────────┼───────────┼───────────────┼───────┼──────────┼─────┤
│ (index) │  c  │  h  │  l  │  o  │  sd   │  val_sd  │ total_vol │ sum_vol │   val    │ acum_val  │   datetime    │            date            │ pbu  │ psd  │ puk │    bs    │    sb    │  abu   │  asd   │ auk │ rsd  │ bu-sd  │ bu-sd_val │ acum_busd │ acum_busd_val │  bu   │  val_bu  │ rbu │
├─────────┼─────┼─────┼─────┼─────┼───────┼──────────┼───────────┼─────────┼──────────┼───────────┼───────────────┼────────────────────────────┼──────┼──────┼─────┼──────────┼──────────┼────────┼────────┼─────┼──────┼────────┼───────────┼───────────┼───────────────┼───────┼──────────┼─────┤

