┌─────────┬─────┬─────┬─────┬─────┬──────┬─────────┬───────────┬─────────┬──────────┬──────────┬───────────────┬────────────────────────────┬──────┬──────┬─────┬──────────┬──────────┬────────┬───────┬─────┬──────┬───────┬───────────┬───────────┬───────────────┬───────┬──────────┬──────┐
│ (index) │  c  │  h  │  l  │  o  │  sd  │ val_sd  │ total_vol │ sum_vol │   val    │ acum_val │   datetime    │            date            │ pbu  │ psd  │ puk │    bs    │    sb    │  abu   │  asd  │ auk │ rsd  │ bu-sd │ bu-sd_val │ acum_busd │ acum_busd_val │  bu   │  val_bu  │ rbu  │
├─────────┼─────┼─────┼─────┼─────┼──────┼─────────┼───────────┼─────────┼──────────┼──────────┼───────────────┼────────────────────────────┼──────┼──────┼─────┼──────────┼──────────┼────────┼───────┼─────┼──────┼───────┼───────────┼───────────┼───────────────┼───────┼──────────┼──────┤
│    0    │ 0.6 │ 0.6 │ 0.6 │ 0.6 │ 300  │ 180000  │    300    │   300   │  180000  │  180000  │ 1672996500000 │ '2023-01-06T09:15:00.000Z' │  0   │ 100  │  0  │    0     │ Infinity │ 4333.3 │ 277.8 │  0  │ 1.1  │ -300  │  -180000  │   -300    │    -180000    │       │          │      │
│    1    │ 0.6 │ 0.6 │ 0.6 │ 0.6 │ 100  │  60000  │    400    │   100   │  60000   │  240000  │ 1672996800000 │ '2023-01-06T09:20:00.000Z' │  0   │ 100  │  0  │    0     │ Infinity │ 4333.3 │ 277.8 │  0  │ 0.4  │ -100  │  -60000   │   -400    │    -240000    │       │          │      │
│    2    │ 0.7 │ 0.7 │ 0.7 │ 0.7 │      │         │    900    │   500   │  350000  │  590000  │ 1672997100000 │ '2023-01-06T09:25:00.000Z' │ 100  │  0   │  0  │ Infinity │    0     │ 4333.3 │ 277.8 │  0  │      │  500  │  350000   │    100    │    110000     │  500  │  350000  │ 0.1  │
│    3    │ 0.7 │ 0.7 │ 0.6 │ 0.6 │ 400  │ 240000  │   1800    │   900   │  590000  │ 1180000  │ 1672997700000 │ '2023-01-06T09:35:00.000Z' │ 55.6 │ 44.4 │  0  │   1.3    │   0.8    │ 4333.3 │ 277.8 │  0  │ 1.4  │  100  │  110000   │    200    │    220000     │  500  │  350000  │ 0.1  │
│    4    │ 0.7 │ 0.7 │ 0.7 │ 0.7 │      │         │   2000    │   200   │  140000  │ 1320000  │ 1672998000000 │ '2023-01-06T09:40:00.000Z' │ 100  │  0   │  0  │ Infinity │    0     │ 4333.3 │ 277.8 │  0  │      │  200  │  140000   │    400    │    360000     │  200  │  140000  │  0   │
│    5    │ 0.7 │ 0.7 │ 0.7 │ 0.7 │      │         │   2200    │   200   │  140000  │ 1460000  │ 1672998900000 │ '2023-01-06T09:55:00.000Z' │ 100  │  0   │  0  │ Infinity │    0     │ 4333.3 │ 277.8 │  0  │      │  200  │  140000   │    600    │    500000     │  200  │  140000  │  0   │
│    6    │ 0.7 │ 0.7 │ 0.7 │ 0.7 │      │         │   2300    │   100   │  70000   │ 1530000  │ 1673000400000 │ '2023-01-06T10:20:00.000Z' │ 100  │  0   │  0  │ Infinity │    0     │ 4333.3 │ 277.8 │  0  │      │  100  │   70000   │    700    │    570000     │  100  │  70000   │  0   │
│    7    │ 0.6 │ 0.6 │ 0.6 │ 0.6 │ 3000 │ 1800000 │   5300    │  3000   │ 1800000  │ 3330000  │ 1673001900000 │ '2023-01-06T10:45:00.000Z' │  0   │ 100  │  0  │    0     │ Infinity │ 4333.3 │ 277.8 │  0  │ 10.8 │ -3000 │ -1800000  │   -2300   │   -1230000    │       │          │      │
│    8    │ 0.7 │ 0.7 │ 0.7 │ 0.7 │      │         │   5500    │   200   │  140000  │ 3470000  │ 1673003700000 │ '2023-01-06T11:15:00.000Z' │ 100  │  0   │  0  │ Infinity │    0     │ 4333.3 │ 277.8 │  0  │      │  200  │  140000   │   -2100   │   -1090000    │  200  │  140000  │  0   │
│    9    │ 0.7 │ 0.7 │ 0.7 │ 0.7 │      │         │   6700    │  1200   │  840000  │ 4310000  │ 1673004000000 │ '2023-01-06T11:20:00.000Z' │ 100  │  0   │  0  │ Infinity │    0     │ 4333.3 │ 277.8 │  0  │      │ 1200  │  840000   │   -900    │    -250000    │ 1200  │  840000  │ 0.3  │
│   10    │ 0.7 │ 0.7 │ 0.7 │ 0.7 │      │         │   8200    │  1500   │ 1050000  │ 5360000  │ 1673010000000 │ '2023-01-06T13:00:00.000Z' │ 100  │  0   │  0  │ Infinity │    0     │ 4333.3 │ 277.8 │  0  │      │ 1500  │  1050000  │    600    │    800000     │ 1500  │ 1050000  │ 0.3  │
│   11    │ 0.7 │ 0.7 │ 0.7 │ 0.7 │      │         │   8500    │   300   │  210000  │ 5570000  │ 1673010300000 │ '2023-01-06T13:05:00.000Z' │ 100  │  0   │  0  │ Infinity │    0     │ 4333.3 │ 277.8 │  0  │      │  300  │  210000   │    900    │    1010000    │  300  │  210000  │ 0.1  │
│   12    │ 0.7 │ 0.7 │ 0.7 │ 0.7 │      │         │   8600    │   100   │  70000   │ 5640000  │ 1673010600000 │ '2023-01-06T13:10:00.000Z' │ 100  │  0   │  0  │ Infinity │    0     │ 4333.3 │ 277.8 │  0  │      │  100  │   70000   │   1000    │    1080000    │  100  │  70000   │  0   │
│   13    │ 0.7 │ 0.7 │ 0.7 │ 0.7 │      │         │   24600   │  16000  │ 11200000 │ 16840000 │ 1673010900000 │ '2023-01-06T13:15:00.000Z' │ 100  │  0   │  0  │ Infinity │    0     │ 4333.3 │ 277.8 │  0  │      │ 16000 │ 11200000  │   17000   │   12280000    │ 16000 │ 11200000 │ 3.7  │
│   14    │ 0.7 │ 0.7 │ 0.7 │ 0.7 │      │         │   81600   │  57000  │ 39900000 │ 56740000 │ 1673012100000 │ '2023-01-06T13:35:00.000Z' │ 100  │  0   │  0  │ Infinity │    0     │ 4333.3 │ 277.8 │  0  │      │ 57000 │ 39900000  │   74000   │   52180000    │ 57000 │ 39900000 │ 13.2 │
│   15    │ 0.7 │ 0.7 │ 0.7 │ 0.7 │      │         │   81700   │   100   │  70000   │ 56810000 │ 1673013600000 │ '2023-01-06T14:00:00.000Z' │ 100  │  0   │  0  │ Infinity │    0     │ 4333.3 │ 277.8 │  0  │      │  100  │   70000   │   74100   │   52250000    │  100  │  70000   │  0   │
│   16    │ 0.6 │ 0.6 │ 0.6 │ 0.6 │ 1200 │ 720000  │   82900   │  1200   │  720000  │ 57530000 │ 1673014500000 │ '2023-01-06T14:15:00.000Z' │  0   │ 100  │  0  │    0     │ Infinity │ 4333.3 │ 277.8 │  0  │ 4.3  │ -1200 │  -720000  │   72900   │   51530000    │       │          │      │
│   17    │ 0.7 │ 0.7 │ 0.7 │ 0.7 │      │         │   83000   │   100   │  70000   │ 57600000 │ 1673016900000 │ '2023-01-06T14:55:00.000Z' │ 100  │  0   │  0  │ Infinity │    0     │ 4333.3 │ 277.8 │  0  │      │  100  │   70000   │   73000   │   51600000    │  100  │  70000   │  0   │
└─────────┴─────┴─────┴─────┴─────┴──────┴─────────┴───────────┴─────────┴──────────┴──────────┴───────────────┴────────────────────────────┴──────┴──────┴─────┴──────────┴──────────┴────────┴───────┴─────┴──────┴───────┴───────────┴───────────┴───────────────┴───────┴──────────┴──────┘

