┌─────────┬──────┬──────┬──────┬──────┬──────┬──────────┬───────────┬─────────┬──────────┬───────────┬───────────────┬────────────────────────────┬──────┬──────┬─────┬──────────┬──────────┬───────┬───────┬─────┬─────┬───────┬───────────┬───────────┬───────────────┬──────┬──────────┬─────┐
│ (index) │  c   │  h   │  l   │  o   │  bu  │  val_bu  │ total_vol │ sum_vol │   val    │ acum_val  │   datetime    │            date            │ pbu  │ psd  │ puk │    bs    │    sb    │  abu  │  asd  │ auk │ rbu │ bu-sd │ bu-sd_val │ acum_busd │ acum_busd_val │  sd  │  val_sd  │ rsd │
├─────────┼──────┼──────┼──────┼──────┼──────┼──────────┼───────────┼─────────┼──────────┼───────────┼───────────────┼────────────────────────────┼──────┼──────┼─────┼──────────┼──────────┼───────┼───────┼─────┼─────┼───────┼───────────┼───────────┼───────────────┼──────┼──────────┼─────┤
│    0    │ 13.3 │ 13.3 │ 13.3 │ 13.3 │ 5400 │ 71820000 │   5400    │  5400   │ 71820000 │ 71820000  │ 1672995960000 │ '2023-01-06T09:06:00.000Z' │ 100  │  0   │  0  │ Infinity │    0     │ 705.6 │ 288.9 │  0  │ 7.7 │ 5400  │ 71820000  │   5400    │   71820000    │      │          │     │
│    1    │ 13.5 │ 13.5 │ 13.5 │ 13.5 │ 400  │ 5400000  │   5800    │   400   │ 5400000  │ 77220000  │ 1672997400000 │ '2023-01-06T09:30:00.000Z' │ 100  │  0   │  0  │ Infinity │    0     │ 705.6 │ 288.9 │  0  │ 0.6 │  400  │  5400000  │   5800    │   77220000    │      │          │     │
│    2    │ 13.5 │ 13.5 │ 13.5 │ 13.5 │      │          │   6000    │   200   │ 2700000  │ 79920000  │ 1672997520000 │ '2023-01-06T09:32:00.000Z' │  0   │ 100  │  0  │    0     │ Infinity │ 705.6 │ 288.9 │  0  │     │ -200  │ -2700000  │   5600    │   74520000    │ 200  │ 2700000  │ 0.7 │
│    3    │ 13.5 │ 13.5 │ 13.5 │ 13.5 │ 100  │ 1350000  │   6100    │   100   │ 1350000  │ 81270000  │ 1672997640000 │ '2023-01-06T09:34:00.000Z' │ 100  │  0   │  0  │ Infinity │    0     │ 705.6 │ 288.9 │  0  │ 0.1 │  100  │  1350000  │   5700    │   75870000    │      │          │     │
│    4    │ 13.4 │ 13.4 │ 13.4 │ 13.4 │      │          │   7400    │  1300   │ 17420000 │ 98690000  │ 1673010000000 │ '2023-01-06T13:00:00.000Z' │  0   │ 100  │  0  │    0     │ Infinity │ 705.6 │ 288.9 │  0  │     │ -1300 │ -17420000 │   4400    │   58450000    │ 1300 │ 17420000 │ 4.5 │
│    5    │ 13.4 │ 13.4 │ 13.4 │ 13.4 │ 800  │ 10720000 │   8200    │   800   │ 10720000 │ 109410000 │ 1673010120000 │ '2023-01-06T13:02:00.000Z' │ 100  │  0   │  0  │ Infinity │    0     │ 705.6 │ 288.9 │  0  │ 1.1 │  800  │ 10720000  │   5200    │   69170000    │      │          │     │
│    6    │ 13.3 │ 13.3 │ 13.3 │ 13.3 │      │          │   8900    │   700   │ 9310000  │ 118720000 │ 1673010960000 │ '2023-01-06T13:16:00.000Z' │  0   │ 100  │  0  │    0     │ Infinity │ 705.6 │ 288.9 │  0  │     │ -700  │ -9310000  │   4500    │   59860000    │ 700  │ 9310000  │ 2.4 │
│    7    │ 13.4 │ 13.4 │ 13.3 │ 13.3 │ 200  │ 2680000  │   9300    │   400   │ 5340000  │ 124060000 │ 1673011560000 │ '2023-01-06T13:26:00.000Z' │  50  │  50  │  0  │    1     │    1     │ 705.6 │ 288.9 │  0  │ 0.3 │   0   │   20000   │   4500    │   59880000    │ 200  │ 2660000  │ 0.7 │
│    8    │ 13.4 │ 13.4 │ 13.4 │ 13.4 │ 100  │ 1340000  │   9400    │   100   │ 1340000  │ 125400000 │ 1673011680000 │ '2023-01-06T13:28:00.000Z' │ 100  │  0   │  0  │ Infinity │    0     │ 705.6 │ 288.9 │  0  │ 0.1 │  100  │  1340000  │   4600    │   61220000    │      │          │     │
│    9    │ 13.3 │ 13.3 │ 13.3 │ 13.3 │ 900  │ 11970000 │   10300   │   900   │ 11970000 │ 137370000 │ 1673012280000 │ '2023-01-06T13:38:00.000Z' │ 100  │  0   │  0  │ Infinity │    0     │ 705.6 │ 288.9 │  0  │ 1.3 │  900  │ 11970000  │   5500    │   73190000    │      │          │     │
│   10    │ 13.3 │ 13.3 │ 13.3 │ 13.3 │ 400  │ 5320000  │   11300   │  1000   │ 13300000 │ 150670000 │ 1673012520000 │ '2023-01-06T13:42:00.000Z' │  40  │  60  │  0  │   0.7    │   1.5    │ 705.6 │ 288.9 │  0  │ 0.6 │ -200  │ -2660000  │   5300    │   70530000    │ 600  │ 7980000  │ 2.1 │
│   11    │ 13.3 │ 13.3 │ 13.3 │ 13.3 │ 600  │ 7980000  │   11900   │   600   │ 7980000  │ 158650000 │ 1673012760000 │ '2023-01-06T13:46:00.000Z' │ 100  │  0   │  0  │ Infinity │    0     │ 705.6 │ 288.9 │  0  │ 0.9 │  600  │  7980000  │   5900    │   78510000    │      │          │     │
│   12    │ 13.3 │ 13.3 │ 13.3 │ 13.3 │      │          │   12100   │   200   │ 2660000  │ 161310000 │ 1673012880000 │ '2023-01-06T13:48:00.000Z' │  0   │ 100  │  0  │    0     │ Infinity │ 705.6 │ 288.9 │  0  │     │ -200  │ -2660000  │   5700    │   75850000    │ 200  │ 2660000  │ 0.7 │
│   13    │ 13.3 │ 13.3 │ 13.3 │ 13.3 │ 900  │ 11970000 │   14700   │  2600   │ 34580000 │ 195890000 │ 1673013000000 │ '2023-01-06T13:50:00.000Z' │ 34.6 │ 65.4 │  0  │   0.5    │   1.9    │ 705.6 │ 288.9 │  0  │ 1.3 │ -800  │ -10640000 │   4900    │   65210000    │ 1700 │ 22610000 │ 5.9 │
│   14    │ 13.3 │ 13.3 │ 13.3 │ 13.3 │      │          │   15000   │   300   │ 3990000  │ 199880000 │ 1673013240000 │ '2023-01-06T13:54:00.000Z' │  0   │ 100  │  0  │    0     │ Infinity │ 705.6 │ 288.9 │  0  │     │ -300  │ -3990000  │   4600    │   61220000    │ 300  │ 3990000  │  1  │
│   15    │ 13.3 │ 13.3 │ 13.3 │ 13.3 │ 1000 │ 13300000 │   16000   │  1000   │ 13300000 │ 213180000 │ 1673013480000 │ '2023-01-06T13:58:00.000Z' │ 100  │  0   │  0  │ Infinity │    0     │ 705.6 │ 288.9 │  0  │ 1.4 │ 1000  │ 13300000  │   5600    │   74520000    │      │          │     │
│   16    │ 13.3 │ 13.3 │ 13.3 │ 13.3 │ 1800 │ 23940000 │   17800   │  1800   │ 23940000 │ 237120000 │ 1673014680000 │ '2023-01-06T14:18:00.000Z' │ 100  │  0   │  0  │ Infinity │    0     │ 705.6 │ 288.9 │  0  │ 2.6 │ 1800  │ 23940000  │   7400    │   98460000    │      │          │     │
│   17    │ 13.3 │ 13.3 │ 13.3 │ 13.3 │ 100  │ 1330000  │   17900   │   100   │ 1330000  │ 238450000 │ 1673015520000 │ '2023-01-06T14:32:00.000Z' │ 100  │  0   │  0  │ Infinity │    0     │ 705.6 │ 288.9 │  0  │ 0.1 │  100  │  1330000  │   7500    │   99790000    │      │          │     │
└─────────┴──────┴──────┴──────┴──────┴──────┴──────────┴───────────┴─────────┴──────────┴───────────┴───────────────┴────────────────────────────┴──────┴──────┴─────┴──────────┴──────────┴───────┴───────┴─────┴─────┴───────┴───────────┴───────────┴───────────────┴──────┴──────────┴─────┘

