┌─────────┬─────┬─────┬─────┬─────┬────────┬────────────┬───────────┬─────────┬────────────┬────────────┬────────┬────────────┬───────────────┬────────────────────────────┬─────┬─────┬─────┬────┬──────────┬─────┬──────┬─────────┬─────┬──────┬─────────┬─────────────┬───────────┬───────────────┐
│ (index) │  c  │  h  │  l  │  o  │   uk   │   val_uk   │ total_vol │ sum_vol │    val     │  acum_val  │   sd   │   val_sd   │   datetime    │            date            │ pbu │ psd │ puk │ bs │    sb    │ abu │ asd  │   auk   │ ruk │ rsd  │  bu-sd  │  bu-sd_val  │ acum_busd │ acum_busd_val │
├─────────┼─────┼─────┼─────┼─────┼────────┼────────────┼───────────┼─────────┼────────────┼────────────┼────────┼────────────┼───────────────┼────────────────────────────┼─────┼─────┼─────┼────┼──────────┼─────┼──────┼─────────┼─────┼──────┼─────────┼─────────────┼───────────┼───────────────┤
│    0    │ 3.6 │ 3.6 │ 3.6 │ 3.6 │ 521800 │ 1878480000 │  827800   │ 827800  │ 2980080000 │ 2980080000 │ 306000 │ 1101600000 │ 1672996440000 │ '2023-01-06T09:14:00.000Z' │  0  │ 37  │ 63  │ 0  │ Infinity │  0  │ 9831 │ 12423.8 │ 42  │ 31.1 │ -306000 │ -1101600000 │  -306000  │  -1101600000  │
│    1    │ 3.6 │ 3.6 │ 3.6 │ 3.6 │        │            │  831200   │  3400   │  12240000  │ 2992320000 │  3400  │  12240000  │ 1672996560000 │ '2023-01-06T09:16:00.000Z' │  0  │ 100 │  0  │ 0  │ Infinity │  0  │ 9831 │ 12423.8 │     │ 0.3  │  -3400  │  -12240000  │  -309400  │  -1113840000  │
│    2    │ 3.6 │ 3.6 │ 3.6 │ 3.6 │        │            │  831600   │   400   │  1440000   │ 2993760000 │  400   │  1440000   │ 1672996680000 │ '2023-01-06T09:18:00.000Z' │  0  │ 100 │  0  │ 0  │ Infinity │  0  │ 9831 │ 12423.8 │     │  0   │  -400   │  -1440000   │  -309800  │  -1115280000  │
│    3    │ 3.6 │ 3.6 │ 3.6 │ 3.6 │        │            │  831700   │   100   │   360000   │ 2994120000 │  100   │   360000   │ 1672996800000 │ '2023-01-06T09:20:00.000Z' │  0  │ 100 │  0  │ 0  │ Infinity │  0  │ 9831 │ 12423.8 │     │  0   │  -100   │   -360000   │  -309900  │  -1115640000  │
│    4    │ 3.6 │ 3.6 │ 3.6 │ 3.6 │        │            │  831800   │   100   │   360000   │ 2994480000 │  100   │   360000   │ 1672997280000 │ '2023-01-06T09:28:00.000Z' │  0  │ 100 │  0  │ 0  │ Infinity │  0  │ 9831 │ 12423.8 │     │  0   │  -100   │   -360000   │  -310000  │  -1116000000  │
│    5    │ 3.6 │ 3.6 │ 3.6 │ 3.6 │        │            │  831900   │   100   │   360000   │ 2994840000 │  100   │   360000   │ 1672997520000 │ '2023-01-06T09:32:00.000Z' │  0  │ 100 │  0  │ 0  │ Infinity │  0  │ 9831 │ 12423.8 │     │  0   │  -100   │   -360000   │  -310100  │  -1116360000  │
│    6    │ 3.6 │ 3.6 │ 3.6 │ 3.6 │        │            │  841900   │  10000  │  36000000  │ 3030840000 │ 10000  │  36000000  │ 1672998120000 │ '2023-01-06T09:42:00.000Z' │  0  │ 100 │  0  │ 0  │ Infinity │  0  │ 9831 │ 12423.8 │     │  1   │ -10000  │  -36000000  │  -320100  │  -1152360000  │
│    7    │ 3.6 │ 3.6 │ 3.6 │ 3.6 │        │            │  843100   │  1200   │  4320000   │ 3035160000 │  1200  │  4320000   │ 1672998480000 │ '2023-01-06T09:48:00.000Z' │  0  │ 100 │  0  │ 0  │ Infinity │  0  │ 9831 │ 12423.8 │     │ 0.1  │  -1200  │  -4320000   │  -321300  │  -1156680000  │
│    8    │ 3.6 │ 3.6 │ 3.6 │ 3.6 │        │            │  853100   │  10000  │  36000000  │ 3071160000 │ 10000  │  36000000  │ 1672998600000 │ '2023-01-06T09:50:00.000Z' │  0  │ 100 │  0  │ 0  │ Infinity │  0  │ 9831 │ 12423.8 │     │  1   │ -10000  │  -36000000  │  -331300  │  -1192680000  │
│    9    │ 3.6 │ 3.6 │ 3.6 │ 3.6 │        │            │  853400   │   300   │  1080000   │ 3072240000 │  300   │  1080000   │ 1672999080000 │ '2023-01-06T09:58:00.000Z' │  0  │ 100 │  0  │ 0  │ Infinity │  0  │ 9831 │ 12423.8 │     │  0   │  -300   │  -1080000   │  -331600  │  -1193760000  │
│   10    │ 3.6 │ 3.6 │ 3.6 │ 3.6 │        │            │  853600   │   200   │   720000   │ 3072960000 │  200   │   720000   │ 1672999200000 │ '2023-01-06T10:00:00.000Z' │  0  │ 100 │  0  │ 0  │ Infinity │  0  │ 9831 │ 12423.8 │     │  0   │  -200   │   -720000   │  -331800  │  -1194480000  │
│   11    │ 3.6 │ 3.6 │ 3.6 │ 3.6 │        │            │  854000   │   400   │  1440000   │ 3074400000 │  400   │  1440000   │ 1673000880000 │ '2023-01-06T10:28:00.000Z' │  0  │ 100 │  0  │ 0  │ Infinity │  0  │ 9831 │ 12423.8 │     │  0   │  -400   │  -1440000   │  -332200  │  -1195920000  │
│   12    │ 3.6 │ 3.6 │ 3.6 │ 3.6 │        │            │  854200   │   200   │   720000   │ 3075120000 │  200   │   720000   │ 1673001480000 │ '2023-01-06T10:38:00.000Z' │  0  │ 100 │  0  │ 0  │ Infinity │  0  │ 9831 │ 12423.8 │     │  0   │  -200   │   -720000   │  -332400  │  -1196640000  │
│   13    │ 3.6 │ 3.6 │ 3.6 │ 3.6 │        │            │  854800   │   600   │  2160000   │ 3077280000 │  600   │  2160000   │ 1673002320000 │ '2023-01-06T10:52:00.000Z' │  0  │ 100 │  0  │ 0  │ Infinity │  0  │ 9831 │ 12423.8 │     │ 0.1  │  -600   │  -2160000   │  -333000  │  -1198800000  │
│   14    │ 3.6 │ 3.6 │ 3.6 │ 3.6 │        │            │  855000   │   200   │   720000   │ 3078000000 │  200   │   720000   │ 1673002440000 │ '2023-01-06T10:54:00.000Z' │  0  │ 100 │  0  │ 0  │ Infinity │  0  │ 9831 │ 12423.8 │     │  0   │  -200   │   -720000   │  -333200  │  -1199520000  │
│   15    │ 3.6 │ 3.6 │ 3.6 │ 3.6 │        │            │  855300   │   300   │  1080000   │ 3079080000 │  300   │  1080000   │ 1673002560000 │ '2023-01-06T10:56:00.000Z' │  0  │ 100 │  0  │ 0  │ Infinity │  0  │ 9831 │ 12423.8 │     │  0   │  -300   │  -1080000   │  -333500  │  -1200600000  │
│   16    │ 3.6 │ 3.6 │ 3.6 │ 3.6 │        │            │  857900   │  2600   │  9360000   │ 3088440000 │  2600  │  9360000   │ 1673003640000 │ '2023-01-06T11:14:00.000Z' │  0  │ 100 │  0  │ 0  │ Infinity │  0  │ 9831 │ 12423.8 │     │ 0.3  │  -2600  │  -9360000   │  -336100  │  -1209960000  │
│   17    │ 3.6 │ 3.6 │ 3.6 │ 3.6 │        │            │  860500   │  2600   │  9360000   │ 3097800000 │  2600  │  9360000   │ 1673010000000 │ '2023-01-06T13:00:00.000Z' │  0  │ 100 │  0  │ 0  │ Infinity │  0  │ 9831 │ 12423.8 │     │ 0.3  │  -2600  │  -9360000   │  -338700  │  -1219320000  │
│   18    │ 3.6 │ 3.6 │ 3.6 │ 3.6 │        │            │  861500   │  1000   │  3600000   │ 3101400000 │  1000  │  3600000   │ 1673010120000 │ '2023-01-06T13:02:00.000Z' │  0  │ 100 │  0  │ 0  │ Infinity │  0  │ 9831 │ 12423.8 │     │ 0.1  │  -1000  │  -3600000   │  -339700  │  -1222920000  │
│   19    │ 3.6 │ 3.6 │ 3.6 │ 3.6 │        │            │  866700   │  5200   │  18720000  │ 3120120000 │  5200  │  18720000  │ 1673010360000 │ '2023-01-06T13:06:00.000Z' │  0  │ 100 │  0  │ 0  │ Infinity │  0  │ 9831 │ 12423.8 │     │ 0.5  │  -5200  │  -18720000  │  -344900  │  -1241640000  │
│   20    │ 3.6 │ 3.6 │ 3.6 │ 3.6 │        │            │  868500   │  1800   │  6480000   │ 3126600000 │  1800  │  6480000   │ 1673010480000 │ '2023-01-06T13:08:00.000Z' │  0  │ 100 │  0  │ 0  │ Infinity │  0  │ 9831 │ 12423.8 │     │ 0.2  │  -1800  │  -6480000   │  -346700  │  -1248120000  │
├─────────┼─────┼─────┼─────┼─────┼────────┼────────────┼───────────┼─────────┼────────────┼────────────┼────────┼────────────┼───────────────┼────────────────────────────┼─────┼─────┼─────┼────┼──────────┼─────┼──────┼─────────┼─────┼──────┼─────────┼─────────────┼───────────┼───────────────┤
│ (index) │  c  │  h  │  l  │  o  │   uk   │   val_uk   │ total_vol │ sum_vol │    val     │  acum_val  │   sd   │   val_sd   │   datetime    │            date            │ pbu │ psd │ puk │ bs │    sb    │ abu │ asd  │   auk   │ ruk │ rsd  │  bu-sd  │  bu-sd_val  │ acum_busd │ acum_busd_val │
├─────────┼─────┼─────┼─────┼─────┼────────┼────────────┼───────────┼─────────┼────────────┼────────────┼────────┼────────────┼───────────────┼────────────────────────────┼─────┼─────┼─────┼────┼──────────┼─────┼──────┼─────────┼─────┼──────┼─────────┼─────────────┼───────────┼───────────────┤
│   21    │ 3.6 │ 3.6 │ 3.6 │ 3.6 │        │            │  869000   │   500   │  1800000   │ 3128400000 │  500   │  1800000   │ 1673010600000 │ '2023-01-06T13:10:00.000Z' │  0  │ 100 │  0  │ 0  │ Infinity │  0  │ 9831 │ 12423.8 │     │ 0.1  │  -500   │  -1800000   │  -347200  │  -1249920000  │
│   22    │ 3.6 │ 3.6 │ 3.6 │ 3.6 │        │            │  869300   │   300   │  1080000   │ 3129480000 │  300   │  1080000   │ 1673010840000 │ '2023-01-06T13:14:00.000Z' │  0  │ 100 │  0  │ 0  │ Infinity │  0  │ 9831 │ 12423.8 │     │  0   │  -300   │  -1080000   │  -347500  │  -1251000000  │
│   23    │ 3.6 │ 3.6 │ 3.6 │ 3.6 │        │            │  869400   │   100   │   360000   │ 3129840000 │  100   │   360000   │ 1673011200000 │ '2023-01-06T13:20:00.000Z' │  0  │ 100 │  0  │ 0  │ Infinity │  0  │ 9831 │ 12423.8 │     │  0   │  -100   │   -360000   │  -347600  │  -1251360000  │
│   24    │ 3.6 │ 3.6 │ 3.6 │ 3.6 │        │            │  876700   │  7300   │  26280000  │ 3156120000 │  7300  │  26280000  │ 1673011440000 │ '2023-01-06T13:24:00.000Z' │  0  │ 100 │  0  │ 0  │ Infinity │  0  │ 9831 │ 12423.8 │     │ 0.7  │  -7300  │  -26280000  │  -354900  │  -1277640000  │
│   25    │ 3.6 │ 3.6 │ 3.6 │ 3.6 │        │            │  884700   │  8000   │  28800000  │ 3184920000 │  8000  │  28800000  │ 1673011560000 │ '2023-01-06T13:26:00.000Z' │  0  │ 100 │  0  │ 0  │ Infinity │  0  │ 9831 │ 12423.8 │     │ 0.8  │  -8000  │  -28800000  │  -362900  │  -1306440000  │
│   26    │ 3.6 │ 3.6 │ 3.6 │ 3.6 │        │            │  885200   │   500   │  1800000   │ 3186720000 │  500   │  1800000   │ 1673011800000 │ '2023-01-06T13:30:00.000Z' │  0  │ 100 │  0  │ 0  │ Infinity │  0  │ 9831 │ 12423.8 │     │ 0.1  │  -500   │  -1800000   │  -363400  │  -1308240000  │
│   27    │ 3.6 │ 3.6 │ 3.6 │ 3.6 │        │            │  885800   │   600   │  2160000   │ 3188880000 │  600   │  2160000   │ 1673011920000 │ '2023-01-06T13:32:00.000Z' │  0  │ 100 │  0  │ 0  │ Infinity │  0  │ 9831 │ 12423.8 │     │ 0.1  │  -600   │  -2160000   │  -364000  │  -1310400000  │
│   28    │ 3.6 │ 3.6 │ 3.6 │ 3.6 │        │            │  886300   │   500   │  1800000   │ 3190680000 │  500   │  1800000   │ 1673012040000 │ '2023-01-06T13:34:00.000Z' │  0  │ 100 │  0  │ 0  │ Infinity │  0  │ 9831 │ 12423.8 │     │ 0.1  │  -500   │  -1800000   │  -364500  │  -1312200000  │
│   29    │ 3.6 │ 3.6 │ 3.6 │ 3.6 │        │            │  887000   │   700   │  2520000   │ 3193200000 │  700   │  2520000   │ 1673012280000 │ '2023-01-06T13:38:00.000Z' │  0  │ 100 │  0  │ 0  │ Infinity │  0  │ 9831 │ 12423.8 │     │ 0.1  │  -700   │  -2520000   │  -365200  │  -1314720000  │
│   30    │ 3.6 │ 3.6 │ 3.6 │ 3.6 │        │            │  888000   │  1000   │  3600000   │ 3196800000 │  1000  │  3600000   │ 1673013240000 │ '2023-01-06T13:54:00.000Z' │  0  │ 100 │  0  │ 0  │ Infinity │  0  │ 9831 │ 12423.8 │     │ 0.1  │  -1000  │  -3600000   │  -366200  │  -1318320000  │
│   31    │ 3.6 │ 3.6 │ 3.6 │ 3.6 │        │            │  894100   │  6100   │  21960000  │ 3218760000 │  6100  │  21960000  │ 1673013840000 │ '2023-01-06T14:04:00.000Z' │  0  │ 100 │  0  │ 0  │ Infinity │  0  │ 9831 │ 12423.8 │     │ 0.6  │  -6100  │  -21960000  │  -372300  │  -1340280000  │
│   32    │ 3.6 │ 3.6 │ 3.6 │ 3.6 │        │            │  894200   │   100   │   360000   │ 3219120000 │  100   │   360000   │ 1673014080000 │ '2023-01-06T14:08:00.000Z' │  0  │ 100 │  0  │ 0  │ Infinity │  0  │ 9831 │ 12423.8 │     │  0   │  -100   │   -360000   │  -372400  │  -1340640000  │
│   33    │ 3.6 │ 3.6 │ 3.6 │ 3.6 │        │            │  895200   │  1000   │  3600000   │ 3222720000 │  1000  │  3600000   │ 1673014200000 │ '2023-01-06T14:10:00.000Z' │  0  │ 100 │  0  │ 0  │ Infinity │  0  │ 9831 │ 12423.8 │     │ 0.1  │  -1000  │  -3600000   │  -373400  │  -1344240000  │
│   34    │ 3.6 │ 3.6 │ 3.6 │ 3.6 │        │            │  895700   │   500   │  1800000   │ 3224520000 │  500   │  1800000   │ 1673014320000 │ '2023-01-06T14:12:00.000Z' │  0  │ 100 │  0  │ 0  │ Infinity │  0  │ 9831 │ 12423.8 │     │ 0.1  │  -500   │  -1800000   │  -373900  │  -1346040000  │
│   35    │ 3.6 │ 3.6 │ 3.6 │ 3.6 │        │            │  896100   │   400   │  1440000   │ 3225960000 │  400   │  1440000   │ 1673014560000 │ '2023-01-06T14:16:00.000Z' │  0  │ 100 │  0  │ 0  │ Infinity │  0  │ 9831 │ 12423.8 │     │  0   │  -400   │  -1440000   │  -374300  │  -1347480000  │
│   36    │ 3.6 │ 3.6 │ 3.6 │ 3.6 │        │            │  897900   │  1800   │  6480000   │ 3232440000 │  1800  │  6480000   │ 1673014800000 │ '2023-01-06T14:20:00.000Z' │  0  │ 100 │  0  │ 0  │ Infinity │  0  │ 9831 │ 12423.8 │     │ 0.2  │  -1800  │  -6480000   │  -376100  │  -1353960000  │
│   37    │ 3.6 │ 3.6 │ 3.6 │ 3.6 │        │            │  923000   │  25100  │  90360000  │ 3322800000 │ 25100  │  90360000  │ 1673014920000 │ '2023-01-06T14:22:00.000Z' │  0  │ 100 │  0  │ 0  │ Infinity │  0  │ 9831 │ 12423.8 │     │ 2.6  │ -25100  │  -90360000  │  -401200  │  -1444320000  │
│   38    │ 3.6 │ 3.6 │ 3.6 │ 3.6 │        │            │  924000   │  1000   │  3600000   │ 3326400000 │  1000  │  3600000   │ 1673015040000 │ '2023-01-06T14:24:00.000Z' │  0  │ 100 │  0  │ 0  │ Infinity │  0  │ 9831 │ 12423.8 │     │ 0.1  │  -1000  │  -3600000   │  -402200  │  -1447920000  │
│   39    │ 3.6 │ 3.6 │ 3.6 │ 3.6 │        │            │  924100   │   100   │   360000   │ 3326760000 │  100   │   360000   │ 1673015160000 │ '2023-01-06T14:26:00.000Z' │  0  │ 100 │  0  │ 0  │ Infinity │  0  │ 9831 │ 12423.8 │     │  0   │  -100   │   -360000   │  -402300  │  -1448280000  │
│   40    │ 3.6 │ 3.6 │ 3.6 │ 3.6 │        │            │  924200   │   100   │   360000   │ 3327120000 │  100   │   360000   │ 1673015280000 │ '2023-01-06T14:28:00.000Z' │  0  │ 100 │  0  │ 0  │ Infinity │  0  │ 9831 │ 12423.8 │     │  0   │  -100   │   -360000   │  -402400  │  -1448640000  │
├─────────┼─────┼─────┼─────┼─────┼────────┼────────────┼───────────┼─────────┼────────────┼────────────┼────────┼────────────┼───────────────┼────────────────────────────┼─────┼─────┼─────┼────┼──────────┼─────┼──────┼─────────┼─────┼──────┼─────────┼─────────────┼───────────┼───────────────┤
│ (index) │  c  │  h  │  l  │  o  │   uk   │   val_uk   │ total_vol │ sum_vol │    val     │  acum_val  │   sd   │   val_sd   │   datetime    │            date            │ pbu │ psd │ puk │ bs │    sb    │ abu │ asd  │   auk   │ ruk │ rsd  │  bu-sd  │  bu-sd_val  │ acum_busd │ acum_busd_val │
├─────────┼─────┼─────┼─────┼─────┼────────┼────────────┼───────────┼─────────┼────────────┼────────────┼────────┼────────────┼───────────────┼────────────────────────────┼─────┼─────┼─────┼────┼──────────┼─────┼──────┼─────────┼─────┼──────┼─────────┼─────────────┼───────────┼───────────────┤
│   41    │ 3.6 │ 3.6 │ 3.6 │ 3.6 │        │            │  934700   │  10500  │  37800000  │ 3364920000 │ 10500  │  37800000  │ 1673016240000 │ '2023-01-06T14:44:00.000Z' │  0  │ 100 │  0  │ 0  │ Infinity │  0  │ 9831 │ 12423.8 │     │ 1.1  │ -10500  │  -37800000  │  -412900  │  -1486440000  │
└─────────┴─────┴─────┴─────┴─────┴────────┴────────────┴───────────┴─────────┴────────────┴────────────┴────────┴────────────┴───────────────┴────────────────────────────┴─────┴─────┴─────┴────┴──────────┴─────┴──────┴─────────┴─────┴──────┴─────────┴─────────────┴───────────┴───────────────┘

