┌─────────┬──────┬──────┬──────┬──────┬──────┬─────────┬───────────┬─────────┬──────────┬───────────┬───────────────┬────────────────────────────┬──────┬──────┬─────┬──────────┬──────────┬───────┬────────┬─────┬──────┬───────┬───────────┬───────────┬───────────────┬──────┬──────────┬─────┐
│ (index) │  c   │  h   │  l   │  o   │  bu  │ val_bu  │ total_vol │ sum_vol │   val    │ acum_val  │   datetime    │            date            │ pbu  │ psd  │ puk │    bs    │    sb    │  abu  │  asd   │ auk │ rbu  │ bu-sd │ bu-sd_val │ acum_busd │ acum_busd_val │  sd  │  val_sd  │ rsd │
├─────────┼──────┼──────┼──────┼──────┼──────┼─────────┼───────────┼─────────┼──────────┼───────────┼───────────────┼────────────────────────────┼──────┼──────┼─────┼──────────┼──────────┼───────┼────────┼─────┼──────┼───────┼───────────┼───────────┼───────────────┼──────┼──────────┼─────┤
│    0    │ 2.94 │ 2.94 │ 2.94 │ 2.94 │ 500  │ 1470000 │    500    │   500   │ 1470000  │  1470000  │ 1672996440000 │ '2023-01-06T09:14:00.000Z' │ 100  │  0   │  0  │ Infinity │    0     │ 135.3 │ 1091.2 │  0  │ 3.7  │  500  │  1470000  │    500    │    1470000    │      │          │     │
│    1    │ 2.9  │ 2.9  │ 2.9  │ 2.9  │      │         │    600    │   100   │  290000  │  1760000  │ 1672999080000 │ '2023-01-06T09:58:00.000Z' │  0   │ 100  │  0  │    0     │ Infinity │ 135.3 │ 1091.2 │  0  │      │ -100  │  -290000  │    400    │    1180000    │ 100  │  290000  │ 0.1 │
│    2    │ 2.93 │ 2.93 │ 2.93 │ 2.93 │ 100  │ 293000  │    700    │   100   │  293000  │  2053000  │ 1672999320000 │ '2023-01-06T10:02:00.000Z' │ 100  │  0   │  0  │ Infinity │    0     │ 135.3 │ 1091.2 │  0  │ 0.7  │  100  │  293000   │    500    │    1473000    │      │          │     │
│    3    │ 2.9  │ 2.91 │ 2.9  │ 2.91 │      │         │   2700    │  2000   │ 5801000  │  7854000  │ 1672999440000 │ '2023-01-06T10:04:00.000Z' │  0   │ 100  │  0  │    0     │ Infinity │ 135.3 │ 1091.2 │  0  │      │ -2000 │ -5801000  │   -1500   │   -4328000    │ 2000 │ 5801000  │ 1.8 │
│    4    │ 2.93 │ 2.93 │ 2.93 │ 2.93 │ 100  │ 293000  │   2800    │   100   │  293000  │  8147000  │ 1672999560000 │ '2023-01-06T10:06:00.000Z' │ 100  │  0   │  0  │ Infinity │    0     │ 135.3 │ 1091.2 │  0  │ 0.7  │  100  │  293000   │   -1400   │   -4035000    │      │          │     │
│    5    │ 2.93 │ 2.93 │ 2.93 │ 2.93 │      │         │   3000    │   200   │  586000  │  8733000  │ 1672999800000 │ '2023-01-06T10:10:00.000Z' │  0   │ 100  │  0  │    0     │ Infinity │ 135.3 │ 1091.2 │  0  │      │ -200  │  -586000  │   -1600   │   -4621000    │ 200  │  586000  │ 0.2 │
│    6    │ 2.92 │ 2.92 │ 2.92 │ 2.92 │      │         │   3100    │   100   │  292000  │  9025000  │ 1673000640000 │ '2023-01-06T10:24:00.000Z' │  0   │ 100  │  0  │    0     │ Infinity │ 135.3 │ 1091.2 │  0  │      │ -100  │  -292000  │   -1700   │   -4913000    │ 100  │  292000  │ 0.1 │
│    7    │ 2.91 │ 2.91 │ 2.91 │ 2.91 │      │         │   3400    │   300   │  873000  │  9898000  │ 1673001360000 │ '2023-01-06T10:36:00.000Z' │  0   │ 100  │  0  │    0     │ Infinity │ 135.3 │ 1091.2 │  0  │      │ -300  │  -873000  │   -2000   │   -5786000    │ 300  │  873000  │ 0.3 │
│    8    │ 2.89 │ 2.9  │ 2.89 │ 2.9  │      │         │   13300   │  9900   │ 28637000 │ 38535000  │ 1673001840000 │ '2023-01-06T10:44:00.000Z' │  0   │ 100  │  0  │    0     │ Infinity │ 135.3 │ 1091.2 │  0  │      │ -9900 │ -28637000 │  -11900   │   -34423000   │ 9900 │ 28637000 │ 9.1 │
│    9    │ 2.89 │ 2.89 │ 2.89 │ 2.89 │      │         │   16300   │  3000   │ 8670000  │ 47205000  │ 1673002080000 │ '2023-01-06T10:48:00.000Z' │  0   │ 100  │  0  │    0     │ Infinity │ 135.3 │ 1091.2 │  0  │      │ -3000 │ -8670000  │  -14900   │   -43093000   │ 3000 │ 8670000  │ 2.7 │
│   10    │ 2.89 │ 2.89 │ 2.89 │ 2.89 │      │         │   18100   │  1800   │ 5202000  │ 52407000  │ 1673002320000 │ '2023-01-06T10:52:00.000Z' │  0   │ 100  │  0  │    0     │ Infinity │ 135.3 │ 1091.2 │  0  │      │ -1800 │ -5202000  │  -16700   │   -48295000   │ 1800 │ 5202000  │ 1.6 │
│   11    │ 2.9  │ 2.9  │ 2.89 │ 2.9  │      │         │   24200   │  6100   │ 17632000 │ 70039000  │ 1673002560000 │ '2023-01-06T10:56:00.000Z' │  0   │ 100  │  0  │    0     │ Infinity │ 135.3 │ 1091.2 │  0  │      │ -6100 │ -17632000 │  -22800   │   -65927000   │ 6100 │ 17632000 │ 5.6 │
│   12    │ 2.91 │ 2.91 │ 2.91 │ 2.91 │ 100  │ 291000  │   24300   │   100   │  291000  │ 70330000  │ 1673002920000 │ '2023-01-06T11:02:00.000Z' │ 100  │  0   │  0  │ Infinity │    0     │ 135.3 │ 1091.2 │  0  │ 0.7  │  100  │  291000   │  -22700   │   -65636000   │      │          │     │
│   13    │ 2.91 │ 2.91 │ 2.91 │ 2.91 │      │         │   24500   │   200   │  582000  │ 70912000  │ 1673003280000 │ '2023-01-06T11:08:00.000Z' │  0   │ 100  │  0  │    0     │ Infinity │ 135.3 │ 1091.2 │  0  │      │ -200  │  -582000  │  -22900   │   -66218000   │ 200  │  582000  │ 0.2 │
│   14    │ 2.89 │ 2.9  │ 2.89 │ 2.9  │      │         │   26500   │  2000   │ 5785000  │ 76697000  │ 1673003400000 │ '2023-01-06T11:10:00.000Z' │  0   │ 100  │  0  │    0     │ Infinity │ 135.3 │ 1091.2 │  0  │      │ -2000 │ -5785000  │  -24900   │   -72003000   │ 2000 │ 5785000  │ 1.8 │
│   15    │ 2.9  │ 2.9  │ 2.9  │ 2.9  │      │         │   27500   │  1000   │ 2900000  │ 79597000  │ 1673003760000 │ '2023-01-06T11:16:00.000Z' │  0   │ 100  │  0  │    0     │ Infinity │ 135.3 │ 1091.2 │  0  │      │ -1000 │ -2900000  │  -25900   │   -74903000   │ 1000 │ 2900000  │ 0.9 │
│   16    │ 2.9  │ 2.9  │ 2.9  │ 2.9  │ 100  │ 290000  │   27600   │   100   │  290000  │ 79887000  │ 1673003880000 │ '2023-01-06T11:18:00.000Z' │ 100  │  0   │  0  │ Infinity │    0     │ 135.3 │ 1091.2 │  0  │ 0.7  │  100  │  290000   │  -25800   │   -74613000   │      │          │     │
│   17    │ 2.9  │ 2.9  │ 2.9  │ 2.9  │ 100  │ 290000  │   27700   │   100   │  290000  │ 80177000  │ 1673004120000 │ '2023-01-06T11:22:00.000Z' │ 100  │  0   │  0  │ Infinity │    0     │ 135.3 │ 1091.2 │  0  │ 0.7  │  100  │  290000   │  -25700   │   -74323000   │      │          │     │
│   18    │ 2.89 │ 2.89 │ 2.89 │ 2.89 │      │         │   29100   │  1400   │ 4046000  │ 84223000  │ 1673004240000 │ '2023-01-06T11:24:00.000Z' │  0   │ 100  │  0  │    0     │ Infinity │ 135.3 │ 1091.2 │  0  │      │ -1400 │ -4046000  │  -27100   │   -78369000   │ 1400 │ 4046000  │ 1.3 │
│   19    │ 2.89 │ 2.89 │ 2.89 │ 2.89 │      │         │   29300   │   200   │  578000  │ 84801000  │ 1673004480000 │ '2023-01-06T11:28:00.000Z' │  0   │ 100  │  0  │    0     │ Infinity │ 135.3 │ 1091.2 │  0  │      │ -200  │  -578000  │  -27300   │   -78947000   │ 200  │  578000  │ 0.2 │
│   20    │ 2.89 │ 2.89 │ 2.89 │ 2.89 │      │         │   30400   │  1100   │ 3179000  │ 87980000  │ 1673010600000 │ '2023-01-06T13:10:00.000Z' │  0   │ 100  │  0  │    0     │ Infinity │ 135.3 │ 1091.2 │  0  │      │ -1100 │ -3179000  │  -28400   │   -82126000   │ 1100 │ 3179000  │  1  │
├─────────┼──────┼──────┼──────┼──────┼──────┼─────────┼───────────┼─────────┼──────────┼───────────┼───────────────┼────────────────────────────┼──────┼──────┼─────┼──────────┼──────────┼───────┼────────┼─────┼──────┼───────┼───────────┼───────────┼───────────────┼──────┼──────────┼─────┤
│ (index) │  c   │  h   │  l   │  o   │  bu  │ val_bu  │ total_vol │ sum_vol │   val    │ acum_val  │   datetime    │            date            │ pbu  │ psd  │ puk │    bs    │    sb    │  abu  │  asd   │ auk │ rbu  │ bu-sd │ bu-sd_val │ acum_busd │ acum_busd_val │  sd  │  val_sd  │ rsd │
├─────────┼──────┼──────┼──────┼──────┼──────┼─────────┼───────────┼─────────┼──────────┼───────────┼───────────────┼────────────────────────────┼──────┼──────┼─────┼──────────┼──────────┼───────┼────────┼─────┼──────┼───────┼───────────┼───────────┼───────────────┼──────┼──────────┼─────┤
│   21    │ 2.89 │ 2.89 │ 2.89 │ 2.89 │      │         │   30500   │   100   │  289000  │ 88269000  │ 1673012160000 │ '2023-01-06T13:36:00.000Z' │  0   │ 100  │  0  │    0     │ Infinity │ 135.3 │ 1091.2 │  0  │      │ -100  │  -289000  │  -28500   │   -82415000   │ 100  │  289000  │ 0.1 │
│   22    │ 2.87 │ 2.88 │ 2.87 │ 2.88 │      │         │   31800   │  1300   │ 3732000  │ 92001000  │ 1673013240000 │ '2023-01-06T13:54:00.000Z' │  0   │ 100  │  0  │    0     │ Infinity │ 135.3 │ 1091.2 │  0  │      │ -1300 │ -3732000  │  -29800   │   -86147000   │ 1300 │ 3732000  │ 1.2 │
│   23    │ 2.87 │ 2.87 │ 2.87 │ 2.87 │ 1400 │ 4018000 │   33200   │  1400   │ 4018000  │ 96019000  │ 1673013360000 │ '2023-01-06T13:56:00.000Z' │ 100  │  0   │  0  │ Infinity │    0     │ 135.3 │ 1091.2 │  0  │ 10.3 │ 1400  │  4018000  │  -28400   │   -82129000   │      │          │     │
│   24    │ 2.87 │ 2.87 │ 2.87 │ 2.87 │ 300  │ 861000  │   33500   │   300   │  861000  │ 96880000  │ 1673013480000 │ '2023-01-06T13:58:00.000Z' │ 100  │  0   │  0  │ Infinity │    0     │ 135.3 │ 1091.2 │  0  │ 2.2  │  300  │  861000   │  -28100   │   -81268000   │      │          │     │
│   25    │ 2.86 │ 2.86 │ 2.86 │ 2.86 │      │         │   33800   │   300   │  858000  │ 97738000  │ 1673013840000 │ '2023-01-06T14:04:00.000Z' │  0   │ 100  │  0  │    0     │ Infinity │ 135.3 │ 1091.2 │  0  │      │ -300  │  -858000  │  -28400   │   -82126000   │ 300  │  858000  │ 0.3 │
│   26    │ 2.86 │ 2.86 │ 2.86 │ 2.86 │      │         │   33900   │   100   │  286000  │ 98024000  │ 1673013960000 │ '2023-01-06T14:06:00.000Z' │  0   │ 100  │  0  │    0     │ Infinity │ 135.3 │ 1091.2 │  0  │      │ -100  │  -286000  │  -28500   │   -82412000   │ 100  │  286000  │ 0.1 │
│   27    │ 2.86 │ 2.86 │ 2.86 │ 2.86 │      │         │   34100   │   200   │  572000  │ 98596000  │ 1673014080000 │ '2023-01-06T14:08:00.000Z' │  0   │ 100  │  0  │    0     │ Infinity │ 135.3 │ 1091.2 │  0  │      │ -200  │  -572000  │  -28700   │   -82984000   │ 200  │  572000  │ 0.2 │
│   28    │ 2.85 │ 2.86 │ 2.85 │ 2.86 │      │         │   34700   │   600   │ 1714000  │ 100310000 │ 1673014320000 │ '2023-01-06T14:12:00.000Z' │  0   │ 100  │  0  │    0     │ Infinity │ 135.3 │ 1091.2 │  0  │      │ -600  │ -1714000  │  -29300   │   -84698000   │ 600  │ 1714000  │ 0.5 │
│   29    │ 2.84 │ 2.84 │ 2.84 │ 2.84 │ 1100 │ 3124000 │   35800   │  1100   │ 3124000  │ 103434000 │ 1673014560000 │ '2023-01-06T14:16:00.000Z' │ 100  │  0   │  0  │ Infinity │    0     │ 135.3 │ 1091.2 │  0  │ 8.1  │ 1100  │  3124000  │  -28200   │   -81574000   │      │          │     │
│   30    │ 2.84 │ 2.84 │ 2.84 │ 2.84 │ 300  │ 852000  │   36100   │   300   │  852000  │ 104286000 │ 1673014680000 │ '2023-01-06T14:18:00.000Z' │ 100  │  0   │  0  │ Infinity │    0     │ 135.3 │ 1091.2 │  0  │ 2.2  │  300  │  852000   │  -27900   │   -80722000   │      │          │     │
│   31    │ 2.83 │ 2.83 │ 2.83 │ 2.83 │      │         │   36500   │   400   │ 1132000  │ 105418000 │ 1673014800000 │ '2023-01-06T14:20:00.000Z' │  0   │ 100  │  0  │    0     │ Infinity │ 135.3 │ 1091.2 │  0  │      │ -400  │ -1132000  │  -28300   │   -81854000   │ 400  │ 1132000  │ 0.4 │
│   32    │ 2.84 │ 2.84 │ 2.82 │ 2.82 │ 500  │ 1420000 │   38200   │  1700   │ 4804000  │ 110222000 │ 1673014920000 │ '2023-01-06T14:22:00.000Z' │ 29.4 │ 70.6 │  0  │   0.4    │   2.4    │ 135.3 │ 1091.2 │  0  │ 3.7  │ -700  │ -1964000  │  -29000   │   -83818000   │ 1200 │ 3384000  │ 1.1 │
│   33    │ 2.84 │ 2.84 │ 2.84 │ 2.84 │      │         │   41700   │  3500   │ 9940000  │ 120162000 │ 1673016240000 │ '2023-01-06T14:44:00.000Z' │  0   │ 100  │  0  │    0     │ Infinity │ 135.3 │ 1091.2 │  0  │      │ -3500 │ -9940000  │  -32500   │   -93758000   │ 3500 │ 9940000  │ 3.2 │
└─────────┴──────┴──────┴──────┴──────┴──────┴─────────┴───────────┴─────────┴──────────┴───────────┴───────────────┴────────────────────────────┴──────┴──────┴─────┴──────────┴──────────┴───────┴────────┴─────┴──────┴───────┴───────────┴───────────┴───────────────┴──────┴──────────┴─────┘

