┌─────────┬──────┬──────┬──────┬──────┬──────┬───────────┬───────────┬─────────┬───────────┬────────────┬───────────────┬────────────────────────────┬──────┬──────┬─────┬──────────┬──────────┬───────┬───────┬─────┬─────┬───────┬───────────┬───────────┬───────────────┬──────┬──────────┬─────┐
│ (index) │  c   │  h   │  l   │  o   │  bu  │  val_bu   │ total_vol │ sum_vol │    val    │  acum_val  │   datetime    │            date            │ pbu  │ psd  │ puk │    bs    │    sb    │  abu  │  asd  │ auk │ rbu │ bu-sd │ bu-sd_val │ acum_busd │ acum_busd_val │  sd  │  val_sd  │ rsd │
├─────────┼──────┼──────┼──────┼──────┼──────┼───────────┼───────────┼─────────┼───────────┼────────────┼───────────────┼────────────────────────────┼──────┼──────┼─────┼──────────┼──────────┼───────┼───────┼─────┼─────┼───────┼───────────┼───────────┼───────────────┼──────┼──────────┼─────┤
│    0    │ 42.1 │ 42.1 │ 42.1 │ 42.1 │ 1000 │ 42100000  │   1000    │  1000   │ 42100000  │  42100000  │ 1672995900000 │ '2023-01-06T09:05:00.000Z' │ 100  │  0   │  0  │ Infinity │    0     │ 781.1 │ 445.9 │  0  │ 1.3 │ 1000  │ 42100000  │   1000    │   42100000    │      │          │     │
│    1    │  42  │  42  │  42  │  42  │ 400  │ 16800000  │   1400    │   400   │ 16800000  │  58900000  │ 1672996500000 │ '2023-01-06T09:15:00.000Z' │ 100  │  0   │  0  │ Infinity │    0     │ 781.1 │ 445.9 │  0  │ 0.5 │  400  │ 16800000  │   1400    │   58900000    │      │          │     │
│    2    │  42  │  42  │ 41.8 │ 41.9 │ 900  │ 37650000  │   4100    │  2700   │ 113120000 │ 172020000  │ 1672996800000 │ '2023-01-06T09:20:00.000Z' │ 33.3 │ 66.7 │  0  │   0.5    │    2     │ 781.1 │ 445.9 │  0  │ 1.2 │ -900  │ -37820000 │    500    │   21080000    │ 1800 │ 75470000 │  4  │
│    3    │ 42.1 │ 42.1 │ 42.1 │ 42.1 │ 2300 │ 96830000  │   6400    │  2300   │ 96830000  │ 268850000  │ 1672997400000 │ '2023-01-06T09:30:00.000Z' │ 100  │  0   │  0  │ Infinity │    0     │ 781.1 │ 445.9 │  0  │ 2.9 │ 2300  │ 96830000  │   2800    │   117910000   │      │          │     │
│    4    │  42  │  42  │  42  │  42  │ 2300 │ 96600000  │   8900    │  2500   │ 105000000 │ 373850000  │ 1672998300000 │ '2023-01-06T09:45:00.000Z' │  92  │  8   │  0  │   11.5   │   0.1    │ 781.1 │ 445.9 │  0  │ 2.9 │ 2100  │ 88200000  │   4900    │   206110000   │ 200  │ 8400000  │ 0.4 │
│    5    │ 41.9 │ 41.9 │ 41.8 │ 41.9 │ 600  │ 25080000  │   10900   │  2000   │ 83700000  │ 457550000  │ 1672998900000 │ '2023-01-06T09:55:00.000Z' │  30  │  70  │  0  │   0.4    │   2.3    │ 781.1 │ 445.9 │  0  │ 0.8 │ -800  │ -33540000 │   4100    │   172570000   │ 1400 │ 58620000 │ 3.1 │
│    6    │ 42.2 │ 42.2 │  42  │  42  │ 300  │ 12650000  │   12200   │  1300   │ 54750000  │ 512300000  │ 1672999200000 │ '2023-01-06T10:00:00.000Z' │ 23.1 │ 76.9 │  0  │   0.3    │   3.3    │ 781.1 │ 445.9 │  0  │ 0.4 │ -700  │ -29450000 │   3400    │   143120000   │ 1000 │ 42100000 │ 2.2 │
│    7    │ 42.2 │ 42.2 │ 42.2 │ 42.2 │      │           │   12500   │   300   │ 12660000  │ 524960000  │ 1672999800000 │ '2023-01-06T10:10:00.000Z' │  0   │ 100  │  0  │    0     │ Infinity │ 781.1 │ 445.9 │  0  │     │ -300  │ -12660000 │   3100    │   130460000   │ 300  │ 12660000 │ 0.7 │
│    8    │ 42.1 │ 42.1 │ 42.1 │ 42.1 │      │           │   13400   │   900   │ 37890000  │ 562850000  │ 1673000100000 │ '2023-01-06T10:15:00.000Z' │  0   │ 100  │  0  │    0     │ Infinity │ 781.1 │ 445.9 │  0  │     │ -900  │ -37890000 │   2200    │   92570000    │ 900  │ 37890000 │  2  │
│    9    │ 42.3 │ 42.3 │ 42.1 │ 42.1 │      │           │   15500   │  2100   │ 88640000  │ 651490000  │ 1673001000000 │ '2023-01-06T10:30:00.000Z' │  0   │ 100  │  0  │    0     │ Infinity │ 781.1 │ 445.9 │  0  │     │ -2100 │ -88640000 │    100    │    3930000    │ 2100 │ 88640000 │ 4.7 │
│   10    │ 42.3 │ 42.3 │ 42.3 │ 42.3 │ 2500 │ 105750000 │   18000   │  2500   │ 105750000 │ 757240000  │ 1673001600000 │ '2023-01-06T10:40:00.000Z' │ 100  │  0   │  0  │ Infinity │    0     │ 781.1 │ 445.9 │  0  │ 3.2 │ 2500  │ 105750000 │   2600    │   109680000   │      │          │     │
│   11    │ 42.3 │ 42.3 │ 42.3 │ 42.3 │      │           │   18500   │   500   │ 21150000  │ 778390000  │ 1673002200000 │ '2023-01-06T10:50:00.000Z' │  0   │ 100  │  0  │    0     │ Infinity │ 781.1 │ 445.9 │  0  │     │ -500  │ -21150000 │   2100    │   88530000    │ 500  │ 21150000 │ 1.1 │
│   12    │ 42.4 │ 42.4 │ 42.4 │ 42.4 │ 600  │ 25440000  │   19100   │   600   │ 25440000  │ 803830000  │ 1673002500000 │ '2023-01-06T10:55:00.000Z' │ 100  │  0   │  0  │ Infinity │    0     │ 781.1 │ 445.9 │  0  │ 0.8 │  600  │ 25440000  │   2700    │   113970000   │      │          │     │
│   13    │ 42.4 │ 42.4 │ 42.4 │ 42.4 │      │           │   19500   │   400   │ 16960000  │ 820790000  │ 1673002800000 │ '2023-01-06T11:00:00.000Z' │  0   │ 100  │  0  │    0     │ Infinity │ 781.1 │ 445.9 │  0  │     │ -400  │ -16960000 │   2300    │   97010000    │ 400  │ 16960000 │ 0.9 │
│   14    │ 42.5 │ 42.5 │ 42.5 │ 42.5 │      │           │   20300   │   800   │ 34000000  │ 854790000  │ 1673003400000 │ '2023-01-06T11:10:00.000Z' │  0   │ 100  │  0  │    0     │ Infinity │ 781.1 │ 445.9 │  0  │     │ -800  │ -34000000 │   1500    │   63010000    │ 800  │ 34000000 │ 1.8 │
│   15    │ 42.6 │ 42.6 │ 42.6 │ 42.6 │ 1000 │ 42600000  │   21300   │  1000   │ 42600000  │ 897390000  │ 1673004000000 │ '2023-01-06T11:20:00.000Z' │ 100  │  0   │  0  │ Infinity │    0     │ 781.1 │ 445.9 │  0  │ 1.3 │ 1000  │ 42600000  │   2500    │   105610000   │      │          │     │
│   16    │ 42.5 │ 42.5 │ 42.5 │ 42.5 │      │           │   22300   │  1000   │ 42500000  │ 939890000  │ 1673004300000 │ '2023-01-06T11:25:00.000Z' │  0   │ 100  │  0  │    0     │ Infinity │ 781.1 │ 445.9 │  0  │     │ -1000 │ -42500000 │   1500    │   63110000    │ 1000 │ 42500000 │ 2.2 │
│   17    │ 42.5 │ 42.5 │ 42.5 │ 42.5 │ 200  │  8500000  │   22500   │   200   │  8500000  │ 948390000  │ 1673010000000 │ '2023-01-06T13:00:00.000Z' │ 100  │  0   │  0  │ Infinity │    0     │ 781.1 │ 445.9 │  0  │ 0.3 │  200  │  8500000  │   1700    │   71610000    │      │          │     │
│   18    │ 42.5 │ 42.5 │ 42.5 │ 42.5 │ 1800 │ 76500000  │   24300   │  1800   │ 76500000  │ 1024890000 │ 1673010300000 │ '2023-01-06T13:05:00.000Z' │ 100  │  0   │  0  │ Infinity │    0     │ 781.1 │ 445.9 │  0  │ 2.3 │ 1800  │ 76500000  │   3500    │   148110000   │      │          │     │
│   19    │ 42.5 │ 42.5 │ 42.5 │ 42.5 │ 200  │  8500000  │   24500   │   200   │  8500000  │ 1033390000 │ 1673010600000 │ '2023-01-06T13:10:00.000Z' │ 100  │  0   │  0  │ Infinity │    0     │ 781.1 │ 445.9 │  0  │ 0.3 │  200  │  8500000  │   3700    │   156610000   │      │          │     │
│   20    │ 42.4 │ 42.4 │ 42.4 │ 42.4 │      │           │   24600   │   100   │  4240000  │ 1037630000 │ 1673011200000 │ '2023-01-06T13:20:00.000Z' │  0   │ 100  │  0  │    0     │ Infinity │ 781.1 │ 445.9 │  0  │     │ -100  │ -4240000  │   3600    │   152370000   │ 100  │ 4240000  │ 0.2 │
├─────────┼──────┼──────┼──────┼──────┼──────┼───────────┼───────────┼─────────┼───────────┼────────────┼───────────────┼────────────────────────────┼──────┼──────┼─────┼──────────┼──────────┼───────┼───────┼─────┼─────┼───────┼───────────┼───────────┼───────────────┼──────┼──────────┼─────┤
│ (index) │  c   │  h   │  l   │  o   │  bu  │  val_bu   │ total_vol │ sum_vol │    val    │  acum_val  │   datetime    │            date            │ pbu  │ psd  │ puk │    bs    │    sb    │  abu  │  asd  │ auk │ rbu │ bu-sd │ bu-sd_val │ acum_busd │ acum_busd_val │  sd  │  val_sd  │ rsd │
├─────────┼──────┼──────┼──────┼──────┼──────┼───────────┼───────────┼─────────┼───────────┼────────────┼───────────────┼────────────────────────────┼──────┼──────┼─────┼──────────┼──────────┼───────┼───────┼─────┼─────┼───────┼───────────┼───────────┼───────────────┼──────┼──────────┼─────┤
│   21    │ 42.5 │ 42.5 │ 42.4 │ 42.4 │ 500  │ 21250000  │   25500   │   900   │ 38210000  │ 1075840000 │ 1673011500000 │ '2023-01-06T13:25:00.000Z' │ 55.6 │ 44.4 │  0  │   1.3    │   0.8    │ 781.1 │ 445.9 │  0  │ 0.6 │  100  │  4290000  │   3700    │   156660000   │ 400  │ 16960000 │ 0.9 │
│   22    │ 42.5 │ 42.5 │ 42.5 │ 42.5 │ 500  │ 21250000  │   26000   │   500   │ 21250000  │ 1097090000 │ 1673011800000 │ '2023-01-06T13:30:00.000Z' │ 100  │  0   │  0  │ Infinity │    0     │ 781.1 │ 445.9 │  0  │ 0.6 │  500  │ 21250000  │   4200    │   177910000   │      │          │     │
│   23    │ 42.5 │ 42.5 │ 42.5 │ 42.5 │ 2300 │ 97750000  │   28600   │  2600   │ 110500000 │ 1207590000 │ 1673012100000 │ '2023-01-06T13:35:00.000Z' │ 88.5 │ 11.5 │  0  │   7.7    │   0.1    │ 781.1 │ 445.9 │  0  │ 2.9 │ 2000  │ 85000000  │   6200    │   262910000   │ 300  │ 12750000 │ 0.7 │
│   24    │ 42.4 │ 42.4 │ 42.2 │ 42.4 │ 800  │ 33920000  │   31000   │  2400   │ 101520000 │ 1309110000 │ 1673012700000 │ '2023-01-06T13:45:00.000Z' │ 33.3 │ 66.7 │  0  │   0.5    │    2     │ 781.1 │ 445.9 │  0  │  1  │ -800  │ -33680000 │   5400    │   229230000   │ 1600 │ 67600000 │ 3.6 │
│   25    │ 42.5 │ 42.5 │ 42.5 │ 42.5 │ 1000 │ 42500000  │   32000   │  1000   │ 42500000  │ 1351610000 │ 1673013600000 │ '2023-01-06T14:00:00.000Z' │ 100  │  0   │  0  │ Infinity │    0     │ 781.1 │ 445.9 │  0  │ 1.3 │ 1000  │ 42500000  │   6400    │   271730000   │      │          │     │
│   26    │ 42.5 │ 42.5 │ 42.5 │ 42.5 │ 2000 │ 85000000  │   34000   │  2000   │ 85000000  │ 1436610000 │ 1673013900000 │ '2023-01-06T14:05:00.000Z' │ 100  │  0   │  0  │ Infinity │    0     │ 781.1 │ 445.9 │  0  │ 2.6 │ 2000  │ 85000000  │   8400    │   356730000   │      │          │     │
│   27    │ 42.5 │ 42.5 │ 42.5 │ 42.5 │ 500  │ 21250000  │   34500   │   500   │ 21250000  │ 1457860000 │ 1673014200000 │ '2023-01-06T14:10:00.000Z' │ 100  │  0   │  0  │ Infinity │    0     │ 781.1 │ 445.9 │  0  │ 0.6 │  500  │ 21250000  │   8900    │   377980000   │      │          │     │
│   28    │ 42.4 │ 42.4 │ 42.4 │ 42.4 │      │           │   35600   │  1100   │ 46640000  │ 1504500000 │ 1673014500000 │ '2023-01-06T14:15:00.000Z' │  0   │ 100  │  0  │    0     │ Infinity │ 781.1 │ 445.9 │  0  │     │ -1100 │ -46640000 │   7800    │   331340000   │ 1100 │ 46640000 │ 2.5 │
│   29    │ 42.4 │ 42.4 │ 42.2 │ 42.3 │ 1800 │ 76210000  │   38400   │  2800   │ 118410000 │ 1622910000 │ 1673014800000 │ '2023-01-06T14:20:00.000Z' │ 64.3 │ 35.7 │  0  │   1.8    │   0.6    │ 781.1 │ 445.9 │  0  │ 2.3 │  800  │ 34010000  │   8600    │   365350000   │ 1000 │ 42200000 │ 2.2 │
│   30    │ 42.4 │ 42.4 │ 42.4 │ 42.4 │ 1000 │ 42400000  │   39700   │  1300   │ 55120000  │ 1678030000 │ 1673015100000 │ '2023-01-06T14:25:00.000Z' │ 76.9 │ 23.1 │  0  │   3.3    │   0.3    │ 781.1 │ 445.9 │  0  │ 1.3 │  700  │ 29680000  │   9300    │   395030000   │ 300  │ 12720000 │ 0.7 │
│   31    │ 42.4 │ 42.4 │ 42.4 │ 42.4 │ 500  │ 21200000  │   40200   │   500   │ 21200000  │ 1699230000 │ 1673015400000 │ '2023-01-06T14:30:00.000Z' │ 100  │  0   │  0  │ Infinity │    0     │ 781.1 │ 445.9 │  0  │ 0.6 │  500  │ 21200000  │   9800    │   416230000   │      │          │     │
│   32    │ 42.4 │ 42.4 │ 42.4 │ 42.4 │ 1000 │ 42400000  │   41200   │  1000   │ 42400000  │ 1741630000 │ 1673015700000 │ '2023-01-06T14:35:00.000Z' │ 100  │  0   │  0  │ Infinity │    0     │ 781.1 │ 445.9 │  0  │ 1.3 │ 1000  │ 42400000  │   10800   │   458630000   │      │          │     │
│   33    │ 42.4 │ 42.4 │ 42.4 │ 42.4 │ 200  │  8480000  │   41400   │   200   │  8480000  │ 1750110000 │ 1673016300000 │ '2023-01-06T14:45:00.000Z' │ 100  │  0   │  0  │ Infinity │    0     │ 781.1 │ 445.9 │  0  │ 0.3 │  200  │  8480000  │   11000   │   467110000   │      │          │     │
│   34    │ 42.4 │ 42.4 │ 42.4 │ 42.4 │ 2000 │ 84800000  │   43700   │  2300   │ 97520000  │ 1847630000 │ 1673016600000 │ '2023-01-06T14:50:00.000Z' │  87  │  13  │  0  │   6.7    │   0.2    │ 781.1 │ 445.9 │  0  │ 2.6 │ 1700  │ 72080000  │   12700   │   539190000   │ 300  │ 12720000 │ 0.7 │
│   35    │ 42.4 │ 42.4 │ 42.4 │ 42.4 │ 700  │ 29680000  │   44400   │   700   │ 29680000  │ 1877310000 │ 1673016900000 │ '2023-01-06T14:55:00.000Z' │ 100  │  0   │  0  │ Infinity │    0     │ 781.1 │ 445.9 │  0  │ 0.9 │  700  │ 29680000  │   13400   │   568870000   │      │          │     │
│   36    │ 42.4 │ 42.4 │ 42.4 │ 42.4 │      │           │   45400   │  1000   │ 42400000  │ 1919710000 │ 1673017200000 │ '2023-01-06T15:00:00.000Z' │  0   │ 100  │  0  │    0     │ Infinity │ 781.1 │ 445.9 │  0  │     │ -1000 │ -42400000 │   12400   │   526470000   │ 1000 │ 42400000 │ 2.2 │
└─────────┴──────┴──────┴──────┴──────┴──────┴───────────┴───────────┴─────────┴───────────┴────────────┴───────────────┴────────────────────────────┴──────┴──────┴─────┴──────────┴──────────┴───────┴───────┴─────┴─────┴───────┴───────────┴───────────┴───────────────┴──────┴──────────┴─────┘

