┌─────────┬──────┬──────┬──────┬──────┬───────┬──────────┬───────────┬─────────┬──────────┬───────────┬───────────────┬────────────────────────────┬──────┬──────┬─────┬──────────┬──────────┬──────┬────────┬─────┬─────┬────────┬───────────┬───────────┬───────────────┬───────┬──────────┬─────┐
│ (index) │  c   │  h   │  l   │  o   │  bu   │  val_bu  │ total_vol │ sum_vol │   val    │ acum_val  │   datetime    │            date            │ pbu  │ psd  │ puk │    bs    │    sb    │ abu  │  asd   │ auk │ rbu │ bu-sd  │ bu-sd_val │ acum_busd │ acum_busd_val │  sd   │  val_sd  │ rsd │
├─────────┼──────┼──────┼──────┼──────┼───────┼──────────┼───────────┼─────────┼──────────┼───────────┼───────────────┼────────────────────────────┼──────┼──────┼─────┼──────────┼──────────┼──────┼────────┼─────┼─────┼────────┼───────────┼───────────┼───────────────┼───────┼──────────┼─────┤
│    0    │ 3.37 │ 3.37 │ 3.37 │ 3.37 │ 1100  │ 3707000  │   1100    │  1100   │ 3707000  │  3707000  │ 1672996500000 │ '2023-01-06T09:15:00.000Z' │ 100  │  0   │  0  │ Infinity │    0     │ 1350 │ 2363.6 │  0  │ 0.8 │  1100  │  3707000  │   1100    │    3707000    │       │          │     │
│    1    │ 3.36 │ 3.36 │ 3.36 │ 3.36 │       │          │   12100   │  11000  │ 36960000 │ 40667000  │ 1672996800000 │ '2023-01-06T09:20:00.000Z' │  0   │ 100  │  0  │    0     │ Infinity │ 1350 │ 2363.6 │  0  │     │ -11000 │ -36960000 │   -9900   │   -33253000   │ 11000 │ 36960000 │ 4.7 │
│    2    │ 3.36 │ 3.36 │ 3.36 │ 3.36 │       │          │   13100   │  1000   │ 3360000  │ 44027000  │ 1672997700000 │ '2023-01-06T09:35:00.000Z' │  0   │ 100  │  0  │    0     │ Infinity │ 1350 │ 2363.6 │  0  │     │ -1000  │ -3360000  │  -10900   │   -36613000   │ 1000  │ 3360000  │ 0.4 │
│    3    │ 3.36 │ 3.36 │ 3.36 │ 3.36 │  500  │ 1680000  │   13600   │   500   │ 1680000  │ 45707000  │ 1672998300000 │ '2023-01-06T09:45:00.000Z' │ 100  │  0   │  0  │ Infinity │    0     │ 1350 │ 2363.6 │  0  │ 0.4 │  500   │  1680000  │  -10400   │   -34933000   │       │          │     │
│    4    │ 3.36 │ 3.36 │ 3.36 │ 3.36 │  600  │ 2016000  │   14200   │   600   │ 2016000  │ 47723000  │ 1672998900000 │ '2023-01-06T09:55:00.000Z' │ 100  │  0   │  0  │ Infinity │    0     │ 1350 │ 2363.6 │  0  │ 0.4 │  600   │  2016000  │   -9800   │   -32917000   │       │          │     │
│    5    │ 3.36 │ 3.36 │ 3.36 │ 3.36 │ 4400  │ 14784000 │   19300   │  5100   │ 17136000 │ 64859000  │ 1672999200000 │ '2023-01-06T10:00:00.000Z' │ 86.3 │ 13.7 │  0  │   6.3    │   0.2    │ 1350 │ 2363.6 │  0  │ 3.3 │  3700  │ 12432000  │   -6100   │   -20485000   │  700  │ 2352000  │ 0.3 │
│    6    │ 3.37 │ 3.37 │ 3.35 │ 3.36 │ 5600  │ 18872000 │   31700   │  12400  │ 41653000 │ 106512000 │ 1673000100000 │ '2023-01-06T10:15:00.000Z' │ 45.2 │ 54.8 │  0  │   0.8    │   1.2    │ 1350 │ 2363.6 │  0  │ 4.1 │ -1200  │ -3909000  │   -7300   │   -24394000   │ 6800  │ 22781000 │ 2.9 │
│    7    │ 3.35 │ 3.36 │ 3.35 │ 3.36 │       │          │   49700   │  18000  │ 60310000 │ 166822000 │ 1673000700000 │ '2023-01-06T10:25:00.000Z' │  0   │ 100  │  0  │    0     │ Infinity │ 1350 │ 2363.6 │  0  │     │ -18000 │ -60310000 │  -25300   │   -84704000   │ 18000 │ 60310000 │ 7.6 │
│    8    │ 3.39 │ 3.39 │ 3.35 │ 3.35 │  100  │  339000  │   50400   │   700   │ 2349000  │ 169171000 │ 1673001000000 │ '2023-01-06T10:30:00.000Z' │ 14.3 │ 85.7 │  0  │   0.2    │    6     │ 1350 │ 2363.6 │  0  │ 0.1 │  -500  │ -1671000  │  -25800   │   -86375000   │  600  │ 2010000  │ 0.3 │
│    9    │ 3.39 │ 3.39 │ 3.39 │ 3.39 │ 2000  │ 6780000  │   52400   │  2000   │ 6780000  │ 175951000 │ 1673002200000 │ '2023-01-06T10:50:00.000Z' │ 100  │  0   │  0  │ Infinity │    0     │ 1350 │ 2363.6 │  0  │ 1.5 │  2000  │  6780000  │  -23800   │   -79595000   │       │          │     │
│   10    │ 3.39 │ 3.39 │ 3.39 │ 3.39 │  500  │ 1695000  │   52900   │   500   │ 1695000  │ 177646000 │ 1673002500000 │ '2023-01-06T10:55:00.000Z' │ 100  │  0   │  0  │ Infinity │    0     │ 1350 │ 2363.6 │  0  │ 0.4 │  500   │  1695000  │  -23300   │   -77900000   │       │          │     │
│   11    │ 3.39 │ 3.39 │ 3.37 │ 3.37 │ 1800  │ 6099000  │   54700   │  1800   │ 6099000  │ 183745000 │ 1673004000000 │ '2023-01-06T11:20:00.000Z' │ 100  │  0   │  0  │ Infinity │    0     │ 1350 │ 2363.6 │  0  │ 1.3 │  1800  │  6099000  │  -21500   │   -71801000   │       │          │     │
│   12    │ 3.38 │ 3.38 │ 3.37 │ 3.37 │ 1600  │ 5394000  │   56300   │  1600   │ 5394000  │ 189139000 │ 1673010300000 │ '2023-01-06T13:05:00.000Z' │ 100  │  0   │  0  │ Infinity │    0     │ 1350 │ 2363.6 │  0  │ 1.2 │  1600  │  5394000  │  -19900   │   -66407000   │       │          │     │
│   13    │ 3.38 │ 3.38 │ 3.38 │ 3.38 │  800  │ 2704000  │   57100   │   800   │ 2704000  │ 191843000 │ 1673010900000 │ '2023-01-06T13:15:00.000Z' │ 100  │  0   │  0  │ Infinity │    0     │ 1350 │ 2363.6 │  0  │ 0.6 │  800   │  2704000  │  -19100   │   -63703000   │       │          │     │
│   14    │ 3.37 │ 3.37 │ 3.37 │ 3.37 │       │          │   57200   │   100   │  337000  │ 192180000 │ 1673011500000 │ '2023-01-06T13:25:00.000Z' │  0   │ 100  │  0  │    0     │ Infinity │ 1350 │ 2363.6 │  0  │     │  -100  │  -337000  │  -19200   │   -64040000   │  100  │  337000  │  0  │
│   15    │ 3.36 │ 3.37 │ 3.36 │ 3.37 │       │          │   59900   │  2700   │ 9083000  │ 201263000 │ 1673011800000 │ '2023-01-06T13:30:00.000Z' │  0   │ 100  │  0  │    0     │ Infinity │ 1350 │ 2363.6 │  0  │     │ -2700  │ -9083000  │  -21900   │   -73123000   │ 2700  │ 9083000  │ 1.1 │
│   16    │ 3.36 │ 3.36 │ 3.36 │ 3.36 │       │          │   60600   │   700   │ 2352000  │ 203615000 │ 1673012100000 │ '2023-01-06T13:35:00.000Z' │  0   │ 100  │  0  │    0     │ Infinity │ 1350 │ 2363.6 │  0  │     │  -700  │ -2352000  │  -22600   │   -75475000   │  700  │ 2352000  │ 0.3 │
│   17    │ 3.36 │ 3.36 │ 3.36 │ 3.36 │       │          │   63600   │  3000   │ 10080000 │ 213695000 │ 1673012700000 │ '2023-01-06T13:45:00.000Z' │  0   │ 100  │  0  │    0     │ Infinity │ 1350 │ 2363.6 │  0  │     │ -3000  │ -10080000 │  -25600   │   -85555000   │ 3000  │ 10080000 │ 1.3 │
│   18    │ 3.36 │ 3.36 │ 3.36 │ 3.36 │       │          │   63800   │   200   │  672000  │ 214367000 │ 1673013900000 │ '2023-01-06T14:05:00.000Z' │  0   │ 100  │  0  │    0     │ Infinity │ 1350 │ 2363.6 │  0  │     │  -200  │  -672000  │  -25800   │   -86227000   │  200  │  672000  │ 0.1 │
│   19    │ 3.36 │ 3.36 │ 3.36 │ 3.36 │       │          │   65900   │  2100   │ 7056000  │ 221423000 │ 1673014800000 │ '2023-01-06T14:20:00.000Z' │  0   │ 100  │  0  │    0     │ Infinity │ 1350 │ 2363.6 │  0  │     │ -2100  │ -7056000  │  -27900   │   -93283000   │ 2100  │ 7056000  │ 0.9 │
│   20    │ 3.36 │ 3.36 │ 3.36 │ 3.36 │ 10700 │ 35952000 │   78500   │  12600  │ 42336000 │ 263759000 │ 1673015100000 │ '2023-01-06T14:25:00.000Z' │ 84.9 │ 15.1 │  0  │   5.6    │   0.2    │ 1350 │ 2363.6 │  0  │ 7.9 │  8800  │ 29568000  │  -19100   │   -63715000   │ 1900  │ 6384000  │ 0.8 │
├─────────┼──────┼──────┼──────┼──────┼───────┼──────────┼───────────┼─────────┼──────────┼───────────┼───────────────┼────────────────────────────┼──────┼──────┼─────┼──────────┼──────────┼──────┼────────┼─────┼─────┼────────┼───────────┼───────────┼───────────────┼───────┼──────────┼─────┤
│ (index) │  c   │  h   │  l   │  o   │  bu   │  val_bu  │ total_vol │ sum_vol │   val    │ acum_val  │   datetime    │            date            │ pbu  │ psd  │ puk │    bs    │    sb    │ abu  │  asd   │ auk │ rbu │ bu-sd  │ bu-sd_val │ acum_busd │ acum_busd_val │  sd   │  val_sd  │ rsd │
├─────────┼──────┼──────┼──────┼──────┼───────┼──────────┼───────────┼─────────┼──────────┼───────────┼───────────────┼────────────────────────────┼──────┼──────┼─────┼──────────┼──────────┼──────┼────────┼─────┼─────┼────────┼───────────┼───────────┼───────────────┼───────┼──────────┼─────┤
│   21    │ 3.35 │ 3.35 │ 3.35 │ 3.35 │       │          │   81700   │  3200   │ 10720000 │ 274479000 │ 1673016300000 │ '2023-01-06T14:45:00.000Z' │  0   │ 100  │  0  │    0     │ Infinity │ 1350 │ 2363.6 │  0  │     │ -3200  │ -10720000 │  -22300   │   -74435000   │ 3200  │ 10720000 │ 1.4 │
└─────────┴──────┴──────┴──────┴──────┴───────┴──────────┴───────────┴─────────┴──────────┴───────────┴───────────────┴────────────────────────────┴──────┴──────┴─────┴──────────┴──────────┴──────┴────────┴─────┴─────┴────────┴───────────┴───────────┴───────────────┴───────┴──────────┴─────┘

