┌─────────┬─────┬─────┬─────┬─────┬──────┬─────────┬───────────┬─────────┬──────────┬──────────┬───────────────┬────────────────────────────┬──────┬─────┬─────┬──────────┬──────────┬───────┬────────┬─────┬─────┬────────┬───────────┬───────────┬───────────────┬───────┬──────────┬──────┐
│ (index) │  c  │  h  │  l  │  o  │  bu  │ val_bu  │ total_vol │ sum_vol │   val    │ acum_val │   datetime    │            date            │ pbu  │ psd │ puk │    bs    │    sb    │  abu  │  asd   │ auk │ rbu │ bu-sd  │ bu-sd_val │ acum_busd │ acum_busd_val │  sd   │  val_sd  │ rsd  │
├─────────┼─────┼─────┼─────┼─────┼──────┼─────────┼───────────┼─────────┼──────────┼──────────┼───────────────┼────────────────────────────┼──────┼─────┼─────┼──────────┼──────────┼───────┼────────┼─────┼─────┼────────┼───────────┼───────────┼───────────────┼───────┼──────────┼──────┤
│    0    │ 0.7 │ 0.7 │ 0.7 │ 0.7 │ 1000 │ 700000  │   1000    │  1000   │  700000  │  700000  │ 1672996320000 │ '2023-01-06T09:12:00.000Z' │ 100  │  0  │  0  │ Infinity │    0     │ 423.5 │ 1288.2 │  0  │ 2.4 │  1000  │  700000   │   1000    │    700000     │       │          │      │
│    1    │ 0.7 │ 0.7 │ 0.7 │ 0.7 │ 1000 │ 700000  │   2100    │  1100   │  770000  │ 1470000  │ 1672996440000 │ '2023-01-06T09:14:00.000Z' │ 90.9 │ 9.1 │  0  │    10    │   0.1    │ 423.5 │ 1288.2 │  0  │ 2.4 │  900   │  630000   │   1900    │    1330000    │  100  │  70000   │ 0.1  │
│    2    │ 0.7 │ 0.7 │ 0.7 │ 0.7 │      │         │   2200    │   100   │  70000   │ 1540000  │ 1672996680000 │ '2023-01-06T09:18:00.000Z' │  0   │ 100 │  0  │    0     │ Infinity │ 423.5 │ 1288.2 │  0  │     │  -100  │  -70000   │   1800    │    1260000    │  100  │  70000   │ 0.1  │
│    3    │ 0.7 │ 0.7 │ 0.7 │ 0.7 │ 600  │ 420000  │   2800    │   600   │  420000  │ 1960000  │ 1672996800000 │ '2023-01-06T09:20:00.000Z' │ 100  │  0  │  0  │ Infinity │    0     │ 423.5 │ 1288.2 │  0  │ 1.4 │  600   │  420000   │   2400    │    1680000    │       │          │      │
│    4    │ 0.6 │ 0.6 │ 0.6 │ 0.6 │      │         │   22800   │  20000  │ 12000000 │ 13960000 │ 1672997760000 │ '2023-01-06T09:36:00.000Z' │  0   │ 100 │  0  │    0     │ Infinity │ 423.5 │ 1288.2 │  0  │     │ -20000 │ -12000000 │  -17600   │   -10320000   │ 20000 │ 12000000 │ 15.5 │
│    5    │ 0.6 │ 0.6 │ 0.6 │ 0.6 │      │         │   23300   │   500   │  300000  │ 14260000 │ 1672997880000 │ '2023-01-06T09:38:00.000Z' │  0   │ 100 │  0  │    0     │ Infinity │ 423.5 │ 1288.2 │  0  │     │  -500  │  -300000  │  -18100   │   -10620000   │  500  │  300000  │ 0.4  │
│    6    │ 0.6 │ 0.6 │ 0.6 │ 0.6 │      │         │   24300   │  1000   │  600000  │ 14860000 │ 1672999080000 │ '2023-01-06T09:58:00.000Z' │  0   │ 100 │  0  │    0     │ Infinity │ 423.5 │ 1288.2 │  0  │     │ -1000  │  -600000  │  -19100   │   -11220000   │ 1000  │  600000  │ 0.8  │
│    7    │ 0.6 │ 0.6 │ 0.6 │ 0.6 │      │         │   24400   │   100   │  60000   │ 14920000 │ 1672999200000 │ '2023-01-06T10:00:00.000Z' │  0   │ 100 │  0  │    0     │ Infinity │ 423.5 │ 1288.2 │  0  │     │  -100  │  -60000   │  -19200   │   -11280000   │  100  │  60000   │ 0.1  │
│    8    │ 0.7 │ 0.7 │ 0.7 │ 0.7 │ 1500 │ 1050000 │   25900   │  1500   │ 1050000  │ 15970000 │ 1673001600000 │ '2023-01-06T10:40:00.000Z' │ 100  │  0  │  0  │ Infinity │    0     │ 423.5 │ 1288.2 │  0  │ 3.5 │  1500  │  1050000  │  -17700   │   -10230000   │       │          │      │
│    9    │ 0.7 │ 0.7 │ 0.7 │ 0.7 │ 500  │ 350000  │   26400   │   500   │  350000  │ 16320000 │ 1673002560000 │ '2023-01-06T10:56:00.000Z' │ 100  │  0  │  0  │ Infinity │    0     │ 423.5 │ 1288.2 │  0  │ 1.2 │  500   │  350000   │  -17200   │   -9880000    │       │          │      │
│   10    │ 0.7 │ 0.7 │ 0.7 │ 0.7 │ 100  │  70000  │   26500   │   100   │  70000   │ 16390000 │ 1673004000000 │ '2023-01-06T11:20:00.000Z' │ 100  │  0  │  0  │ Infinity │    0     │ 423.5 │ 1288.2 │  0  │ 0.2 │  100   │   70000   │  -17100   │   -9810000    │       │          │      │
│   11    │ 0.7 │ 0.7 │ 0.7 │ 0.7 │ 200  │ 140000  │   26700   │   200   │  140000  │ 16530000 │ 1673004360000 │ '2023-01-06T11:26:00.000Z' │ 100  │  0  │  0  │ Infinity │    0     │ 423.5 │ 1288.2 │  0  │ 0.5 │  200   │  140000   │  -16900   │   -9670000    │       │          │      │
│   12    │ 0.7 │ 0.7 │ 0.7 │ 0.7 │ 400  │ 280000  │   27100   │   400   │  280000  │ 16810000 │ 1673014320000 │ '2023-01-06T14:12:00.000Z' │ 100  │  0  │  0  │ Infinity │    0     │ 423.5 │ 1288.2 │  0  │ 0.9 │  400   │  280000   │  -16500   │   -9390000    │       │          │      │
│   13    │ 0.7 │ 0.7 │ 0.7 │ 0.7 │ 100  │  70000  │   27200   │   100   │  70000   │ 16880000 │ 1673014800000 │ '2023-01-06T14:20:00.000Z' │ 100  │  0  │  0  │ Infinity │    0     │ 423.5 │ 1288.2 │  0  │ 0.2 │  100   │   70000   │  -16400   │   -9320000    │       │          │      │
│   14    │ 0.7 │ 0.7 │ 0.7 │ 0.7 │ 200  │ 140000  │   27400   │   200   │  140000  │ 17020000 │ 1673015160000 │ '2023-01-06T14:26:00.000Z' │ 100  │  0  │  0  │ Infinity │    0     │ 423.5 │ 1288.2 │  0  │ 0.5 │  200   │  140000   │  -16200   │   -9180000    │       │          │      │
│   15    │ 0.7 │ 0.7 │ 0.7 │ 0.7 │ 1600 │ 1120000 │   29000   │  1600   │ 1120000  │ 18140000 │ 1673015640000 │ '2023-01-06T14:34:00.000Z' │ 100  │  0  │  0  │ Infinity │    0     │ 423.5 │ 1288.2 │  0  │ 3.8 │  1600  │  1120000  │  -14600   │   -8060000    │       │          │      │
│   16    │ 0.6 │ 0.6 │ 0.6 │ 0.6 │      │         │   29100   │   100   │  60000   │ 18200000 │ 1673017080000 │ '2023-01-06T14:58:00.000Z' │  0   │ 100 │  0  │    0     │ Infinity │ 423.5 │ 1288.2 │  0  │     │  -100  │  -60000   │  -14700   │   -8120000    │  100  │  60000   │ 0.1  │
└─────────┴─────┴─────┴─────┴─────┴──────┴─────────┴───────────┴─────────┴──────────┴──────────┴───────────────┴────────────────────────────┴──────┴─────┴─────┴──────────┴──────────┴───────┴────────┴─────┴─────┴────────┴───────────┴───────────┴───────────────┴───────┴──────────┴──────┘

