┌─────────┬───────┬───────┬───────┬───────┬───────┬───────────┬───────────┬─────────┬───────────┬───────────┬───────────────┬────────────────────────────┬─────┬──────┬─────┬──────────┬──────────┬───────┬────────┬─────┬─────┬────────┬────────────┬───────────┬───────────────┬──────┬──────────┬─────┐
│ (index) │   c   │   h   │   l   │   o   │  sd   │  val_sd   │ total_vol │ sum_vol │    val    │ acum_val  │   datetime    │            date            │ pbu │ psd  │ puk │    bs    │    sb    │  abu  │  asd   │ auk │ rsd │ bu-sd  │ bu-sd_val  │ acum_busd │ acum_busd_val │  bu  │  val_bu  │ rbu │
├─────────┼───────┼───────┼───────┼───────┼───────┼───────────┼───────────┼─────────┼───────────┼───────────┼───────────────┼────────────────────────────┼─────┼──────┼─────┼──────────┼──────────┼───────┼────────┼─────┼─────┼────────┼────────────┼───────────┼───────────────┼──────┼──────────┼─────┤
│    0    │ 15.1  │ 15.1  │ 15.1  │ 15.1  │  100  │  1510000  │    100    │   100   │  1510000  │  1510000  │ 1672996800000 │ '2023-01-06T09:20:00.000Z' │  0  │ 100  │  0  │    0     │ Infinity │ 328.6 │ 2395.2 │  0  │  0  │  -100  │  -1510000  │   -100    │   -1510000    │      │          │     │
│    1    │  15   │ 15.05 │  15   │ 15.05 │ 1000  │ 15015000  │   1100    │  1000   │ 15015000  │ 16525000  │ 1672998120000 │ '2023-01-06T09:42:00.000Z' │  0  │ 100  │  0  │    0     │ Infinity │ 328.6 │ 2395.2 │  0  │ 0.4 │ -1000  │ -15015000  │   -1100   │   -16525000   │      │          │     │
│    2    │  15   │  15   │  15   │  15   │ 1600  │ 24000000  │   2700    │  1600   │ 24000000  │ 40525000  │ 1672999320000 │ '2023-01-06T10:02:00.000Z' │  0  │ 100  │  0  │    0     │ Infinity │ 328.6 │ 2395.2 │  0  │ 0.7 │ -1600  │ -24000000  │   -2700   │   -40525000   │      │          │     │
│    3    │ 14.95 │  15   │ 14.95 │  15   │ 1000  │ 14960000  │   3700    │  1000   │ 14960000  │ 55485000  │ 1672999680000 │ '2023-01-06T10:08:00.000Z' │  0  │ 100  │  0  │    0     │ Infinity │ 328.6 │ 2395.2 │  0  │ 0.4 │ -1000  │ -14960000  │   -3700   │   -55485000   │      │          │     │
│    4    │  15   │  15   │  15   │  15   │  700  │ 10500000  │   4400    │   700   │ 10500000  │ 65985000  │ 1673000520000 │ '2023-01-06T10:22:00.000Z' │  0  │ 100  │  0  │    0     │ Infinity │ 328.6 │ 2395.2 │  0  │ 0.3 │  -700  │ -10500000  │   -4400   │   -65985000   │      │          │     │
│    5    │  15   │ 15.05 │  15   │ 15.05 │  700  │ 10510000  │   5100    │   700   │ 10510000  │ 76495000  │ 1673004000000 │ '2023-01-06T11:20:00.000Z' │  0  │ 100  │  0  │    0     │ Infinity │ 328.6 │ 2395.2 │  0  │ 0.3 │  -700  │ -10510000  │   -5100   │   -76495000   │      │          │     │
│    6    │  15   │  15   │  15   │  15   │ 1600  │ 24000000  │   6700    │  1600   │ 24000000  │ 100495000 │ 1673010840000 │ '2023-01-06T13:14:00.000Z' │  0  │ 100  │  0  │    0     │ Infinity │ 328.6 │ 2395.2 │  0  │ 0.7 │ -1600  │ -24000000  │   -6700   │  -100495000   │      │          │     │
│    7    │  15   │  15   │  15   │  15   │  900  │ 13500000  │   7600    │   900   │ 13500000  │ 113995000 │ 1673011200000 │ '2023-01-06T13:20:00.000Z' │  0  │ 100  │  0  │    0     │ Infinity │ 328.6 │ 2395.2 │  0  │ 0.4 │  -900  │ -13500000  │   -7600   │  -113995000   │      │          │     │
│    8    │  15   │  15   │  15   │  15   │  200  │  3000000  │   7800    │   200   │  3000000  │ 116995000 │ 1673011440000 │ '2023-01-06T13:24:00.000Z' │  0  │ 100  │  0  │    0     │ Infinity │ 328.6 │ 2395.2 │  0  │ 0.1 │  -200  │  -3000000  │   -7800   │  -116995000   │      │          │     │
│    9    │  15   │  15   │  15   │  15   │ 8900  │ 133500000 │   16700   │  8900   │ 133500000 │ 250495000 │ 1673011560000 │ '2023-01-06T13:26:00.000Z' │  0  │ 100  │  0  │    0     │ Infinity │ 328.6 │ 2395.2 │  0  │ 3.7 │ -8900  │ -133500000 │  -16700   │  -250495000   │      │          │     │
│   10    │  15   │  15   │  15   │  15   │ 10000 │ 150000000 │   26700   │  10000  │ 150000000 │ 400495000 │ 1673011920000 │ '2023-01-06T13:32:00.000Z' │  0  │ 100  │  0  │    0     │ Infinity │ 328.6 │ 2395.2 │  0  │ 4.2 │ -10000 │ -150000000 │  -26700   │  -400495000   │      │          │     │
│   11    │  15   │  15   │  15   │  15   │  600  │  9000000  │   27300   │   600   │  9000000  │ 409495000 │ 1673013120000 │ '2023-01-06T13:52:00.000Z' │  0  │ 100  │  0  │    0     │ Infinity │ 328.6 │ 2395.2 │  0  │ 0.3 │  -600  │  -9000000  │  -27300   │  -409495000   │      │          │     │
│   12    │  15   │  15   │  15   │  15   │  200  │  3000000  │   27500   │   200   │  3000000  │ 412495000 │ 1673013480000 │ '2023-01-06T13:58:00.000Z' │  0  │ 100  │  0  │    0     │ Infinity │ 328.6 │ 2395.2 │  0  │ 0.1 │  -200  │  -3000000  │  -27500   │  -412495000   │      │          │     │
│   13    │ 14.95 │ 14.95 │ 14.95 │ 14.95 │ 1000  │ 14950000  │   28500   │  1000   │ 14950000  │ 427445000 │ 1673013960000 │ '2023-01-06T14:06:00.000Z' │  0  │ 100  │  0  │    0     │ Infinity │ 328.6 │ 2395.2 │  0  │ 0.4 │ -1000  │ -14950000  │  -28500   │  -427445000   │      │          │     │
│   14    │ 15.1  │ 15.1  │ 15.1  │ 15.1  │       │           │   31500   │  3000   │ 45300000  │ 472745000 │ 1673014080000 │ '2023-01-06T14:08:00.000Z' │ 100 │  0   │  0  │ Infinity │    0     │ 328.6 │ 2395.2 │  0  │     │  3000  │  45300000  │  -25500   │  -382145000   │ 3000 │ 45300000 │ 9.1 │
│   15    │ 15.1  │ 15.1  │ 15.1  │ 15.1  │       │           │   33500   │  2000   │ 30200000  │ 502945000 │ 1673014200000 │ '2023-01-06T14:10:00.000Z' │ 100 │  0   │  0  │ Infinity │    0     │ 328.6 │ 2395.2 │  0  │     │  2000  │  30200000  │  -23500   │  -351945000   │ 2000 │ 30200000 │ 6.1 │
│   16    │  15   │  15   │  15   │  15   │       │           │   33700   │   200   │  3000000  │ 505945000 │ 1673014800000 │ '2023-01-06T14:20:00.000Z' │ 100 │  0   │  0  │ Infinity │    0     │ 328.6 │ 2395.2 │  0  │     │  200   │  3000000   │  -23300   │  -348945000   │ 200  │ 3000000  │ 0.6 │
│   17    │ 14.9  │ 14.95 │ 14.9  │ 14.95 │ 9100  │ 135845000 │   43500   │  9800   │ 146275000 │ 652220000 │ 1673014920000 │ '2023-01-06T14:22:00.000Z' │ 7.1 │ 92.9 │  0  │   0.1    │    13    │ 328.6 │ 2395.2 │  0  │ 3.8 │ -8400  │ -125415000 │  -31700   │  -474360000   │ 700  │ 10430000 │ 2.1 │
│   18    │ 14.9  │ 14.9  │ 14.9  │ 14.9  │       │           │   44400   │   900   │ 13410000  │ 665630000 │ 1673015160000 │ '2023-01-06T14:26:00.000Z' │ 100 │  0   │  0  │ Infinity │    0     │ 328.6 │ 2395.2 │  0  │     │  900   │  13410000  │  -30800   │  -460950000   │ 900  │ 13410000 │ 2.7 │
│   19    │  15   │  15   │ 14.8  │ 14.85 │ 1200  │ 17780000  │   45700   │  1300   │ 19280000  │ 684910000 │ 1673015280000 │ '2023-01-06T14:28:00.000Z' │ 7.7 │ 92.3 │  0  │   0.1    │    12    │ 328.6 │ 2395.2 │  0  │ 0.5 │ -1100  │ -16280000  │  -31900   │  -477230000   │ 100  │ 1500000  │ 0.3 │
│   20    │ 14.8  │ 14.8  │ 14.8  │ 14.8  │ 11500 │ 170200000 │   57200   │  11500  │ 170200000 │ 855110000 │ 1673016240000 │ '2023-01-06T14:44:00.000Z' │  0  │ 100  │  0  │    0     │ Infinity │ 328.6 │ 2395.2 │  0  │ 4.8 │ -11500 │ -170200000 │  -43400   │  -647430000   │      │          │     │
├─────────┼───────┼───────┼───────┼───────┼───────┼───────────┼───────────┼─────────┼───────────┼───────────┼───────────────┼────────────────────────────┼─────┼──────┼─────┼──────────┼──────────┼───────┼────────┼─────┼─────┼────────┼────────────┼───────────┼───────────────┼──────┼──────────┼─────┤
│ (index) │   c   │   h   │   l   │   o   │  sd   │  val_sd   │ total_vol │ sum_vol │    val    │ acum_val  │   datetime    │            date            │ pbu │ psd  │ puk │    bs    │    sb    │  abu  │  asd   │ auk │ rsd │ bu-sd  │ bu-sd_val  │ acum_busd │ acum_busd_val │  bu  │  val_bu  │ rbu │
├─────────┼───────┼───────┼───────┼───────┼───────┼───────────┼───────────┼─────────┼───────────┼───────────┼───────────────┼────────────────────────────┼─────┼──────┼─────┼──────────┼──────────┼───────┼────────┼─────┼─────┼────────┼────────────┼───────────┼───────────────┼──────┼──────────┼─────┤
└─────────┴───────┴───────┴───────┴───────┴───────┴───────────┴───────────┴─────────┴───────────┴───────────┴───────────────┴────────────────────────────┴─────┴──────┴─────┴──────────┴──────────┴───────┴────────┴─────┴─────┴────────┴────────────┴───────────┴───────────────┴──────┴──────────┴─────┘

