┌─────────┬───────┬───────┬───────┬───────┬──────┬───────────┬───────────┬─────────┬───────────┬───────────┬───────────────┬────────────────────────────┬──────┬──────┬─────┬──────────┬──────────┬───────┬────────┬─────┬─────┬───────┬────────────┬───────────┬───────────────┬──────┬───────────┬─────┐
│ (index) │   c   │   h   │   l   │   o   │  sd  │  val_sd   │ total_vol │ sum_vol │    val    │ acum_val  │   datetime    │            date            │ pbu  │ psd  │ puk │    bs    │    sb    │  abu  │  asd   │ auk │ rsd │ bu-sd │ bu-sd_val  │ acum_busd │ acum_busd_val │  bu  │  val_bu   │ rbu │
├─────────┼───────┼───────┼───────┼───────┼──────┼───────────┼───────────┼─────────┼───────────┼───────────┼───────────────┼────────────────────────────┼──────┼──────┼─────┼──────────┼──────────┼───────┼────────┼─────┼─────┼───────┼────────────┼───────────┼───────────────┼──────┼───────────┼─────┤
│    0    │ 23.3  │ 23.3  │ 23.3  │ 23.3  │ 100  │  2330000  │    100    │   100   │  2330000  │  2330000  │ 1672997400000 │ '2023-01-06T09:30:00.000Z' │  0   │ 100  │  0  │    0     │ Infinity │ 530.4 │ 1047.8 │  0  │ 0.1 │ -100  │  -2330000  │   -100    │   -2330000    │      │           │     │
│    1    │ 23.65 │ 23.65 │ 23.65 │ 23.65 │ 100  │  2365000  │    200    │   100   │  2365000  │  4695000  │ 1672998000000 │ '2023-01-06T09:40:00.000Z' │  0   │ 100  │  0  │    0     │ Infinity │ 530.4 │ 1047.8 │  0  │ 0.1 │ -100  │  -2365000  │   -200    │   -4695000    │      │           │     │
│    2    │ 23.65 │ 23.65 │ 23.65 │ 23.65 │ 100  │  2365000  │    300    │   100   │  2365000  │  7060000  │ 1672998300000 │ '2023-01-06T09:45:00.000Z' │  0   │ 100  │  0  │    0     │ Infinity │ 530.4 │ 1047.8 │  0  │ 0.1 │ -100  │  -2365000  │   -300    │   -7060000    │      │           │     │
│    3    │ 23.9  │ 23.9  │ 23.9  │ 23.9  │ 100  │  2390000  │    400    │   100   │  2390000  │  9450000  │ 1672998900000 │ '2023-01-06T09:55:00.000Z' │  0   │ 100  │  0  │    0     │ Infinity │ 530.4 │ 1047.8 │  0  │ 0.1 │ -100  │  -2390000  │   -400    │   -9450000    │      │           │     │
│    4    │ 23.95 │ 23.95 │ 23.95 │ 23.95 │      │           │    800    │   400   │  9580000  │ 19030000  │ 1672999500000 │ '2023-01-06T10:05:00.000Z' │ 100  │  0   │  0  │ Infinity │    0     │ 530.4 │ 1047.8 │  0  │     │  400  │  9580000   │     0     │    130000     │ 400  │  9580000  │ 0.8 │
│    5    │ 23.9  │ 23.9  │ 23.9  │ 23.9  │ 400  │  9560000  │   1200    │   400   │  9560000  │ 28590000  │ 1672999800000 │ '2023-01-06T10:10:00.000Z' │  0   │ 100  │  0  │    0     │ Infinity │ 530.4 │ 1047.8 │  0  │ 0.4 │ -400  │  -9560000  │   -400    │   -9430000    │      │           │     │
│    6    │ 23.9  │ 23.9  │ 23.9  │ 23.9  │ 500  │ 11950000  │   1700    │   500   │ 11950000  │ 40540000  │ 1673000700000 │ '2023-01-06T10:25:00.000Z' │  0   │ 100  │  0  │    0     │ Infinity │ 530.4 │ 1047.8 │  0  │ 0.5 │ -500  │ -11950000  │   -900    │   -21380000   │      │           │     │
│    7    │ 23.85 │ 23.85 │ 23.85 │ 23.85 │ 500  │ 11925000  │   2200    │   500   │ 11925000  │ 52465000  │ 1673002200000 │ '2023-01-06T10:50:00.000Z' │  0   │ 100  │  0  │    0     │ Infinity │ 530.4 │ 1047.8 │  0  │ 0.5 │ -500  │ -11925000  │   -1400   │   -33305000   │      │           │     │
│    8    │ 23.9  │ 23.9  │ 23.9  │ 23.9  │ 200  │  4780000  │   2600    │   400   │  9560000  │ 62025000  │ 1673002500000 │ '2023-01-06T10:55:00.000Z' │  50  │  50  │  0  │    1     │    1     │ 530.4 │ 1047.8 │  0  │ 0.2 │   0   │     0      │   -1400   │   -33305000   │ 200  │  4780000  │ 0.4 │
│    9    │ 23.9  │ 23.9  │ 23.9  │ 23.9  │      │           │   3200    │   600   │ 14340000  │ 76365000  │ 1673003400000 │ '2023-01-06T11:10:00.000Z' │ 100  │  0   │  0  │ Infinity │    0     │ 530.4 │ 1047.8 │  0  │     │  600  │  14340000  │   -800    │   -18965000   │ 600  │ 14340000  │ 1.1 │
│   10    │ 23.85 │ 23.9  │ 23.85 │ 23.85 │ 2200 │ 52470000  │   5900    │  2700   │ 64420000  │ 140785000 │ 1673010000000 │ '2023-01-06T13:00:00.000Z' │ 18.5 │ 81.5 │  0  │   0.2    │   4.4    │ 530.4 │ 1047.8 │  0  │ 2.1 │ -1700 │ -40520000  │   -2500   │   -59485000   │ 500  │ 11950000  │ 0.9 │
│   11    │ 23.9  │ 23.9  │ 23.9  │ 23.9  │      │           │   6500    │   600   │ 14340000  │ 155125000 │ 1673010300000 │ '2023-01-06T13:05:00.000Z' │ 100  │  0   │  0  │ Infinity │    0     │ 530.4 │ 1047.8 │  0  │     │  600  │  14340000  │   -1900   │   -45145000   │ 600  │ 14340000  │ 1.1 │
│   12    │  24   │  24   │ 23.9  │ 23.9  │ 100  │  2400000  │   11500   │  5000   │ 119820000 │ 274945000 │ 1673010900000 │ '2023-01-06T13:15:00.000Z' │  98  │  2   │  0  │    49    │    0     │ 530.4 │ 1047.8 │  0  │ 0.1 │ 4800  │ 115020000  │   2900    │   69875000    │ 4900 │ 117420000 │ 9.2 │
│   13    │  24   │  24   │ 23.9  │ 23.9  │ 2300 │ 54970000  │   15900   │  4400   │ 105370000 │ 380315000 │ 1673011800000 │ '2023-01-06T13:30:00.000Z' │ 47.7 │ 52.3 │  0  │   0.9    │   1.1    │ 530.4 │ 1047.8 │  0  │ 2.2 │ -200  │  -4570000  │   2700    │   65305000    │ 2100 │ 50400000  │  4  │
│   14    │  24   │  24   │  24   │  24   │ 1900 │ 45600000  │   17800   │  1900   │ 45600000  │ 425915000 │ 1673012100000 │ '2023-01-06T13:35:00.000Z' │  0   │ 100  │  0  │    0     │ Infinity │ 530.4 │ 1047.8 │  0  │ 1.8 │ -1900 │ -45600000  │    800    │   19705000    │      │           │     │
│   15    │  24   │  24   │  24   │  24   │ 4200 │ 100800000 │   22000   │  4200   │ 100800000 │ 526715000 │ 1673012400000 │ '2023-01-06T13:40:00.000Z' │  0   │ 100  │  0  │    0     │ Infinity │ 530.4 │ 1047.8 │  0  │  4  │ -4200 │ -100800000 │   -3400   │   -81095000   │      │           │     │
│   16    │ 24.1  │ 24.1  │  24   │  24   │      │           │   23500   │  1500   │ 36030000  │ 562745000 │ 1673013300000 │ '2023-01-06T13:55:00.000Z' │ 100  │  0   │  0  │ Infinity │    0     │ 530.4 │ 1047.8 │  0  │     │ 1500  │  36030000  │   -1900   │   -45065000   │ 1500 │ 36030000  │ 2.8 │
│   17    │  24   │  24   │  24   │  24   │ 2800 │ 67200000  │   26300   │  2800   │ 67200000  │ 629945000 │ 1673013900000 │ '2023-01-06T14:05:00.000Z' │  0   │ 100  │  0  │    0     │ Infinity │ 530.4 │ 1047.8 │  0  │ 2.7 │ -2800 │ -67200000  │   -4700   │  -112265000   │      │           │     │
│   18    │ 24.1  │ 24.1  │ 24.1  │ 24.1  │      │           │   27600   │  1300   │ 31330000  │ 661275000 │ 1673014200000 │ '2023-01-06T14:10:00.000Z' │ 100  │  0   │  0  │ Infinity │    0     │ 530.4 │ 1047.8 │  0  │     │ 1300  │  31330000  │   -3400   │   -80935000   │ 1300 │ 31330000  │ 2.5 │
│   19    │ 24.1  │ 24.15 │ 24.1  │ 24.15 │ 200  │  4820000  │   27900   │   300   │  7235000  │ 668510000 │ 1673014500000 │ '2023-01-06T14:15:00.000Z' │ 33.3 │ 66.7 │  0  │   0.5    │    2     │ 530.4 │ 1047.8 │  0  │ 0.2 │ -100  │  -2405000  │   -3500   │   -83340000   │ 100  │  2415000  │ 0.2 │
│   20    │ 24.05 │ 24.1  │ 24.05 │ 24.1  │ 6400 │ 154160000 │   34300   │  6400   │ 154160000 │ 822670000 │ 1673014800000 │ '2023-01-06T14:20:00.000Z' │  0   │ 100  │  0  │    0     │ Infinity │ 530.4 │ 1047.8 │  0  │ 6.1 │ -6400 │ -154160000 │   -9900   │  -237500000   │      │           │     │
├─────────┼───────┼───────┼───────┼───────┼──────┼───────────┼───────────┼─────────┼───────────┼───────────┼───────────────┼────────────────────────────┼──────┼──────┼─────┼──────────┼──────────┼───────┼────────┼─────┼─────┼───────┼────────────┼───────────┼───────────────┼──────┼───────────┼─────┤
│ (index) │   c   │   h   │   l   │   o   │  sd  │  val_sd   │ total_vol │ sum_vol │    val    │ acum_val  │   datetime    │            date            │ pbu  │ psd  │ puk │    bs    │    sb    │  abu  │  asd   │ auk │ rsd │ bu-sd │ bu-sd_val  │ acum_busd │ acum_busd_val │  bu  │  val_bu   │ rbu │
├─────────┼───────┼───────┼───────┼───────┼──────┼───────────┼───────────┼─────────┼───────────┼───────────┼───────────────┼────────────────────────────┼──────┼──────┼─────┼──────────┼──────────┼───────┼────────┼─────┼─────┼───────┼────────────┼───────────┼───────────────┼──────┼───────────┼─────┤
│   21    │  24   │  24   │  24   │  24   │ 1000 │ 24000000  │   35300   │  1000   │ 24000000  │ 846670000 │ 1673015100000 │ '2023-01-06T14:25:00.000Z' │  0   │ 100  │  0  │    0     │ Infinity │ 530.4 │ 1047.8 │  0  │  1  │ -1000 │ -24000000  │  -10900   │  -261500000   │      │           │     │
│   22    │  24   │  24   │  24   │  24   │ 1000 │ 24000000  │   36300   │  1000   │ 24000000  │ 870670000 │ 1673016300000 │ '2023-01-06T14:45:00.000Z' │  0   │ 100  │  0  │    0     │ Infinity │ 530.4 │ 1047.8 │  0  │  1  │ -1000 │ -24000000  │  -11900   │  -285500000   │      │           │     │
└─────────┴───────┴───────┴───────┴───────┴──────┴───────────┴───────────┴─────────┴───────────┴───────────┴───────────────┴────────────────────────────┴──────┴──────┴─────┴──────────┴──────────┴───────┴────────┴─────┴─────┴───────┴────────────┴───────────┴───────────────┴──────┴───────────┴─────┘

