┌─────────┬───────┬───────┬───────┬───────┬──────┬──────────┬───────────┬─────────┬──────────┬───────────┬───────────────┬────────────────────────────┬──────┬──────┬─────┬──────────┬──────────┬───────┬───────┬─────┬─────┬───────┬───────────┬───────────┬───────────────┬──────┬──────────┬─────┐
│ (index) │   c   │   h   │   l   │   o   │  bu  │  val_bu  │ total_vol │ sum_vol │   val    │ acum_val  │   datetime    │            date            │ pbu  │ psd  │ puk │    bs    │    sb    │  abu  │  asd  │ auk │ rbu │ bu-sd │ bu-sd_val │ acum_busd │ acum_busd_val │  sd  │  val_sd  │ rsd │
├─────────┼───────┼───────┼───────┼───────┼──────┼──────────┼───────────┼─────────┼──────────┼───────────┼───────────────┼────────────────────────────┼──────┼──────┼─────┼──────────┼──────────┼───────┼───────┼─────┼─────┼───────┼───────────┼───────────┼───────────────┼──────┼──────────┼─────┤
│    0    │ 11.55 │ 11.55 │ 11.55 │ 11.55 │ 300  │ 3465000  │    300    │   300   │ 3465000  │ 46195000  │ 1670404440000 │ '2022-12-07T09:14:00.000Z' │ 100  │  0   │  0  │ Infinity │    0     │ 541.2 │ 929.4 │  0  │ 0.6 │  300  │  3465000  │    300    │    3465000    │      │          │     │
│    1    │ 10.8  │ 10.85 │ 10.8  │ 10.85 │ 900  │ 9720000  │   2500    │  2200   │ 23775000 │ 69970000  │ 1670406960000 │ '2022-12-07T09:56:00.000Z' │ 40.9 │ 59.1 │  0  │   0.7    │   1.4    │ 541.2 │ 929.4 │  0  │ 1.7 │ -400  │ -4335000  │   -100    │    -870000    │ 1300 │ 14055000 │ 1.4 │
│    2    │ 10.75 │ 10.9  │ 10.75 │ 10.9  │ 200  │ 2180000  │   3500    │  1200   │ 12930000 │ 80720000  │ 1670408280000 │ '2022-12-07T10:18:00.000Z' │ 16.7 │ 83.3 │  0  │   0.2    │    5     │ 541.2 │ 929.4 │  0  │ 0.4 │ -800  │ -8570000  │   -900    │   -9440000    │ 1000 │ 10750000 │ 1.1 │
│    3    │ 10.75 │ 10.75 │ 10.75 │ 10.75 │      │          │   3700    │   200   │ 2150000  │ 82870000  │ 1670408400000 │ '2022-12-07T10:20:00.000Z' │  0   │ 100  │  0  │    0     │ Infinity │ 541.2 │ 929.4 │  0  │     │ -200  │ -2150000  │   -1100   │   -11590000   │ 200  │ 2150000  │ 0.2 │
│    4    │ 10.75 │ 10.75 │ 10.55 │ 10.55 │      │          │   3900    │   600   │ 6370000  │ 85020000  │ 1670418000000 │ '2022-12-07T13:00:00.000Z' │  0   │ 100  │  0  │    0     │ Infinity │ 541.2 │ 929.4 │  0  │     │ -600  │ -6370000  │   -1700   │   -17960000   │ 600  │ 6370000  │ 0.6 │
│    5    │ 10.5  │ 10.5  │ 10.5  │ 10.5  │      │          │    500    │   400   │ 4200000  │ 26665000  │ 1670418120000 │ '2022-12-07T13:02:00.000Z' │  0   │ 100  │  0  │    0     │ Infinity │ 541.2 │ 929.4 │  0  │     │ -400  │ -4200000  │   -2100   │   -22160000   │ 400  │ 4200000  │ 0.4 │
│    6    │ 10.75 │ 10.75 │ 10.75 │ 10.75 │      │          │   4400    │   500   │ 5375000  │ 90395000  │ 1670418240000 │ '2022-12-07T13:04:00.000Z' │  0   │ 100  │  0  │    0     │ Infinity │ 541.2 │ 929.4 │  0  │     │ -500  │ -5375000  │   -2600   │   -27535000   │ 500  │ 5375000  │ 0.5 │
│    7    │ 10.75 │ 10.75 │ 10.75 │ 10.75 │      │          │   6800    │  2400   │ 25800000 │ 116195000 │ 1670419920000 │ '2022-12-07T13:32:00.000Z' │  0   │ 100  │  0  │    0     │ Infinity │ 541.2 │ 929.4 │  0  │     │ -2400 │ -25800000 │   -5000   │   -53335000   │ 2400 │ 25800000 │ 2.6 │
│    8    │ 10.75 │ 10.75 │ 10.75 │ 10.75 │      │          │   9900    │  3100   │ 33325000 │ 149520000 │ 1670420280000 │ '2022-12-07T13:38:00.000Z' │  0   │ 100  │  0  │    0     │ Infinity │ 541.2 │ 929.4 │  0  │     │ -3100 │ -33325000 │   -8100   │   -86660000   │ 3100 │ 33325000 │ 3.3 │
│    9    │ 10.7  │ 10.7  │ 10.7  │ 10.7  │      │          │   13200   │  3300   │ 35310000 │ 184830000 │ 1670421000000 │ '2022-12-07T13:50:00.000Z' │  0   │ 100  │  0  │    0     │ Infinity │ 541.2 │ 929.4 │  0  │     │ -3300 │ -35310000 │  -11400   │  -121970000   │ 3300 │ 35310000 │ 3.6 │
│   10    │  11   │  11   │ 10.9  │ 10.95 │ 3000 │ 32910000 │   16200   │  3000   │ 32910000 │ 217740000 │ 1670421120000 │ '2022-12-07T13:52:00.000Z' │ 100  │  0   │  0  │ Infinity │    0     │ 541.2 │ 929.4 │  0  │ 5.5 │ 3000  │ 32910000  │   -8400   │   -89060000   │      │          │     │
│   11    │ 11.15 │ 11.15 │  11   │  11   │ 3000 │ 33340000 │   19200   │  3000   │ 33340000 │ 251080000 │ 1670421240000 │ '2022-12-07T13:54:00.000Z' │ 100  │  0   │  0  │ Infinity │    0     │ 541.2 │ 929.4 │  0  │ 5.5 │ 3000  │ 33340000  │   -5400   │   -55720000   │      │          │     │
│   12    │  11   │  11   │  11   │  11   │ 400  │ 4400000  │   19600   │   400   │ 4400000  │ 255480000 │ 1670421360000 │ '2022-12-07T13:56:00.000Z' │ 100  │  0   │  0  │ Infinity │    0     │ 541.2 │ 929.4 │  0  │ 0.7 │  400  │  4400000  │   -5000   │   -51320000   │      │          │     │
│   13    │ 10.5  │ 10.5  │ 10.5  │ 10.5  │      │          │   1100    │  1200   │ 12600000 │ 32965000  │ 1670422200000 │ '2022-12-07T14:10:00.000Z' │  0   │ 100  │  0  │    0     │ Infinity │ 541.2 │ 929.4 │  0  │     │ -1200 │ -12600000 │   -6200   │   -63920000   │ 1200 │ 12600000 │ 1.3 │
│   14    │ 10.75 │ 10.75 │ 10.75 │ 10.75 │ 200  │ 2150000  │   19800   │   200   │ 2150000  │ 257630000 │ 1670423160000 │ '2022-12-07T14:26:00.000Z' │ 100  │  0   │  0  │ Infinity │    0     │ 541.2 │ 929.4 │  0  │ 0.4 │  200  │  2150000  │   -6000   │   -61770000   │      │          │     │
│   15    │ 10.75 │ 10.75 │ 10.75 │ 10.75 │ 1100 │ 11825000 │   20900   │  1100   │ 11825000 │ 269455000 │ 1670423280000 │ '2022-12-07T14:28:00.000Z' │ 100  │  0   │  0  │ Infinity │    0     │ 541.2 │ 929.4 │  0  │  2  │ 1100  │ 11825000  │   -4900   │   -49945000   │      │          │     │
│   16    │ 10.95 │ 10.95 │ 10.85 │ 10.85 │ 100  │ 1095000  │   21000   │  1900   │ 20625000 │ 270550000 │ 1670424240000 │ '2022-12-07T14:44:00.000Z' │ 5.3  │ 94.7 │  0  │   0.1    │    18    │ 541.2 │ 929.4 │  0  │ 0.2 │ -1700 │ -18435000 │   -6600   │   -68380000   │ 1800 │ 19530000 │ 1.9 │
└─────────┴───────┴───────┴───────┴───────┴──────┴──────────┴───────────┴─────────┴──────────┴───────────┴───────────────┴────────────────────────────┴──────┴──────┴─────┴──────────┴──────────┴───────┴───────┴─────┴─────┴───────┴───────────┴───────────┴───────────────┴──────┴──────────┴─────┘

