┌─────────┬──────┬──────┬──────┬──────┬──────┬───────────┬───────────┬─────────┬───────────┬────────────┬───────────────┬────────────────────────────┬──────┬──────┬─────┬──────────┬──────────┬───────┬───────┬─────┬──────┬───────┬────────────┬───────────┬───────────────┬──────┬───────────┬─────┐
│ (index) │  c   │  h   │  l   │  o   │  sd  │  val_sd   │ total_vol │ sum_vol │    val    │  acum_val  │   datetime    │            date            │ pbu  │ psd  │ puk │    bs    │    sb    │  abu  │  asd  │ auk │ rsd  │ bu-sd │ bu-sd_val  │ acum_busd │ acum_busd_val │  bu  │  val_bu   │ rbu │
├─────────┼──────┼──────┼──────┼──────┼──────┼───────────┼───────────┼─────────┼───────────┼────────────┼───────────────┼────────────────────────────┼──────┼──────┼─────┼──────────┼──────────┼───────┼───────┼─────┼──────┼───────┼────────────┼───────────┼───────────────┼──────┼───────────┼─────┤
│    0    │ 54.9 │ 54.9 │ 54.9 │ 54.9 │ 2600 │ 142740000 │   2600    │  2600   │ 142740000 │ 142740000  │ 1676020560000 │ '2023-02-10T09:16:00.000Z' │  0   │ 100  │  0  │    0     │ Infinity │ 293.9 │ 468.2 │  0  │ 5.6  │ -2600 │ -142740000 │   -2600   │  -142740000   │      │           │     │
│    1    │  55  │  55  │  55  │  55  │      │           │   3500    │   900   │ 49500000  │ 192240000  │ 1676020800000 │ '2023-02-10T09:20:00.000Z' │ 100  │  0   │  0  │ Infinity │    0     │ 293.9 │ 468.2 │  0  │      │  900  │  49500000  │   -1700   │   -93240000   │ 900  │ 49500000  │ 3.1 │
│    2    │ 55.4 │ 55.4 │ 55.3 │ 55.3 │      │           │   3900    │   400   │ 22140000  │ 214380000  │ 1676020920000 │ '2023-02-10T09:22:00.000Z' │ 100  │  0   │  0  │ Infinity │    0     │ 293.9 │ 468.2 │  0  │      │  400  │  22140000  │   -1300   │   -71100000   │ 400  │ 22140000  │ 1.4 │
│    3    │  55  │  55  │  55  │  55  │ 900  │ 49500000  │   4800    │   900   │ 49500000  │ 263880000  │ 1676022000000 │ '2023-02-10T09:40:00.000Z' │  0   │ 100  │  0  │    0     │ Infinity │ 293.9 │ 468.2 │  0  │ 1.9  │ -900  │ -49500000  │   -2200   │  -120600000   │      │           │     │
│    4    │  55  │  55  │  55  │  55  │ 1700 │ 93500000  │   6600    │  1800   │ 99000000  │ 362880000  │ 1676022120000 │ '2023-02-10T09:42:00.000Z' │ 5.6  │ 94.4 │  0  │   0.1    │    17    │ 293.9 │ 468.2 │  0  │ 3.6  │ -1600 │ -88000000  │   -3800   │  -208600000   │ 100  │  5500000  │ 0.3 │
│    5    │  55  │  55  │  55  │  55  │ 600  │ 33000000  │   7200    │   600   │ 33000000  │ 395880000  │ 1676022480000 │ '2023-02-10T09:48:00.000Z' │  0   │ 100  │  0  │    0     │ Infinity │ 293.9 │ 468.2 │  0  │ 1.3  │ -600  │ -33000000  │   -4400   │  -241600000   │      │           │     │
│    6    │  55  │  55  │  55  │  55  │ 600  │ 33000000  │   7800    │   600   │ 33000000  │ 428880000  │ 1676022960000 │ '2023-02-10T09:56:00.000Z' │  0   │ 100  │  0  │    0     │ Infinity │ 293.9 │ 468.2 │  0  │ 1.3  │ -600  │ -33000000  │   -5000   │  -274600000   │      │           │     │
│    7    │  55  │  55  │  55  │  55  │ 200  │ 11000000  │   8000    │   200   │ 11000000  │ 439880000  │ 1676023080000 │ '2023-02-10T09:58:00.000Z' │  0   │ 100  │  0  │    0     │ Infinity │ 293.9 │ 468.2 │  0  │ 0.4  │ -200  │ -11000000  │   -5200   │  -285600000   │      │           │     │
│    8    │  55  │  55  │  55  │  55  │ 700  │ 38500000  │   8700    │   700   │ 38500000  │ 478380000  │ 1676023200000 │ '2023-02-10T10:00:00.000Z' │  0   │ 100  │  0  │    0     │ Infinity │ 293.9 │ 468.2 │  0  │ 1.5  │ -700  │ -38500000  │   -5900   │  -324100000   │      │           │     │
│    9    │ 55.3 │ 55.3 │ 55.2 │ 55.2 │      │           │   10700   │  2000   │ 110510000 │ 588890000  │ 1676023560000 │ '2023-02-10T10:06:00.000Z' │ 100  │  0   │  0  │ Infinity │    0     │ 293.9 │ 468.2 │  0  │      │ 2000  │ 110510000  │   -3900   │  -213590000   │ 2000 │ 110510000 │ 6.8 │
│   10    │  55  │ 55.1 │  55  │ 55.1 │ 3500 │ 192520000 │   14200   │  3500   │ 192520000 │ 781410000  │ 1676025000000 │ '2023-02-10T10:30:00.000Z' │  0   │ 100  │  0  │    0     │ Infinity │ 293.9 │ 468.2 │  0  │ 7.5  │ -3500 │ -192520000 │   -7400   │  -406110000   │      │           │     │
│   11    │  55  │  55  │  55  │  55  │ 2200 │ 121000000 │   16400   │  2200   │ 121000000 │ 902410000  │ 1676026080000 │ '2023-02-10T10:48:00.000Z' │  0   │ 100  │  0  │    0     │ Infinity │ 293.9 │ 468.2 │  0  │ 4.7  │ -2200 │ -121000000 │   -9600   │  -527110000   │      │           │     │
│   12    │  55  │  55  │  55  │  55  │ 100  │  5500000  │   16500   │   100   │  5500000  │ 907910000  │ 1676026200000 │ '2023-02-10T10:50:00.000Z' │  0   │ 100  │  0  │    0     │ Infinity │ 293.9 │ 468.2 │  0  │ 0.2  │ -100  │  -5500000  │   -9700   │  -532610000   │      │           │     │
│   13    │  55  │  55  │  55  │  55  │ 200  │ 11000000  │   16700   │   200   │ 11000000  │ 918910000  │ 1676026320000 │ '2023-02-10T10:52:00.000Z' │  0   │ 100  │  0  │    0     │ Infinity │ 293.9 │ 468.2 │  0  │ 0.4  │ -200  │ -11000000  │   -9900   │  -543610000   │      │           │     │
│   14    │  55  │  55  │  55  │  55  │ 200  │ 11000000  │   16900   │   200   │ 11000000  │ 929910000  │ 1676026440000 │ '2023-02-10T10:54:00.000Z' │  0   │ 100  │  0  │    0     │ Infinity │ 293.9 │ 468.2 │  0  │ 0.4  │ -200  │ -11000000  │  -10100   │  -554610000   │      │           │     │
│   15    │  55  │  55  │  55  │  55  │ 600  │ 33000000  │   17500   │   600   │ 33000000  │ 962910000  │ 1676026680000 │ '2023-02-10T10:58:00.000Z' │  0   │ 100  │  0  │    0     │ Infinity │ 293.9 │ 468.2 │  0  │ 1.3  │ -600  │ -33000000  │  -10700   │  -587610000   │      │           │     │
│   16    │ 55.1 │ 55.1 │ 55.1 │ 55.1 │      │           │   17600   │   100   │  5510000  │ 968420000  │ 1676026800000 │ '2023-02-10T11:00:00.000Z' │ 100  │  0   │  0  │ Infinity │    0     │ 293.9 │ 468.2 │  0  │      │  100  │  5510000   │  -10600   │  -582100000   │ 100  │  5510000  │ 0.3 │
│   17    │  55  │  55  │  55  │  55  │ 1000 │ 55000000  │   18600   │  1000   │ 55000000  │ 1023420000 │ 1676027160000 │ '2023-02-10T11:06:00.000Z' │  0   │ 100  │  0  │    0     │ Infinity │ 293.9 │ 468.2 │  0  │ 2.1  │ -1000 │ -55000000  │  -11600   │  -637100000   │      │           │     │
│   18    │  55  │  55  │  55  │  55  │ 100  │  5500000  │   18700   │   100   │  5500000  │ 1028920000 │ 1676027280000 │ '2023-02-10T11:08:00.000Z' │  0   │ 100  │  0  │    0     │ Infinity │ 293.9 │ 468.2 │  0  │ 0.2  │ -100  │  -5500000  │  -11700   │  -642600000   │      │           │     │
│   19    │  55  │  55  │  55  │  55  │ 200  │ 11000000  │   18900   │   200   │ 11000000  │ 1039920000 │ 1676027400000 │ '2023-02-10T11:10:00.000Z' │  0   │ 100  │  0  │    0     │ Infinity │ 293.9 │ 468.2 │  0  │ 0.4  │ -200  │ -11000000  │  -11900   │  -653600000   │      │           │     │
│   20    │  55  │  55  │  55  │  55  │ 200  │ 11000000  │   19500   │   600   │ 33000000  │ 1072920000 │ 1676027640000 │ '2023-02-10T11:14:00.000Z' │ 66.7 │ 33.3 │  0  │    2     │   0.5    │ 293.9 │ 468.2 │  0  │ 0.4  │  200  │  11000000  │  -11700   │  -642600000   │ 400  │ 22000000  │ 1.4 │
├─────────┼──────┼──────┼──────┼──────┼──────┼───────────┼───────────┼─────────┼───────────┼────────────┼───────────────┼────────────────────────────┼──────┼──────┼─────┼──────────┼──────────┼───────┼───────┼─────┼──────┼───────┼────────────┼───────────┼───────────────┼──────┼───────────┼─────┤
│ (index) │  c   │  h   │  l   │  o   │  sd  │  val_sd   │ total_vol │ sum_vol │    val    │  acum_val  │   datetime    │            date            │ pbu  │ psd  │ puk │    bs    │    sb    │  abu  │  asd  │ auk │ rsd  │ bu-sd │ bu-sd_val  │ acum_busd │ acum_busd_val │  bu  │  val_bu   │ rbu │
├─────────┼──────┼──────┼──────┼──────┼──────┼───────────┼───────────┼─────────┼───────────┼────────────┼───────────────┼────────────────────────────┼──────┼──────┼─────┼──────────┼──────────┼───────┼───────┼─────┼──────┼───────┼────────────┼───────────┼───────────────┼──────┼───────────┼─────┤
│   21    │  55  │  55  │  55  │  55  │      │           │   19700   │   200   │ 11000000  │ 1083920000 │ 1676027760000 │ '2023-02-10T11:16:00.000Z' │ 100  │  0   │  0  │ Infinity │    0     │ 293.9 │ 468.2 │  0  │      │  200  │  11000000  │  -11500   │  -631600000   │ 200  │ 11000000  │ 0.7 │
│   22    │  55  │  55  │  55  │  55  │      │           │   19800   │   100   │  5500000  │ 1089420000 │ 1676027880000 │ '2023-02-10T11:18:00.000Z' │ 100  │  0   │  0  │ Infinity │    0     │ 293.9 │ 468.2 │  0  │      │  100  │  5500000   │  -11400   │  -626100000   │ 100  │  5500000  │ 0.3 │
│   23    │ 54.8 │ 54.9 │ 54.8 │ 54.9 │ 300  │ 16440000  │   20800   │  1000   │ 54870000  │ 1144290000 │ 1676028000000 │ '2023-02-10T11:20:00.000Z' │  70  │  30  │  0  │   2.3    │   0.4    │ 293.9 │ 468.2 │  0  │ 0.6  │  400  │  21990000  │  -11000   │  -604110000   │ 700  │ 38430000  │ 2.4 │
│   24    │ 54.9 │ 54.9 │ 54.9 │ 54.9 │      │           │   21000   │   200   │ 10980000  │ 1155270000 │ 1676028120000 │ '2023-02-10T11:22:00.000Z' │ 100  │  0   │  0  │ Infinity │    0     │ 293.9 │ 468.2 │  0  │      │  200  │  10980000  │  -10800   │  -593130000   │ 200  │ 10980000  │ 0.7 │
│   25    │ 54.9 │ 54.9 │ 54.9 │ 54.9 │      │           │   21100   │   100   │  5490000  │ 1160760000 │ 1676028240000 │ '2023-02-10T11:24:00.000Z' │ 100  │  0   │  0  │ Infinity │    0     │ 293.9 │ 468.2 │  0  │      │  100  │  5490000   │  -10700   │  -587640000   │ 100  │  5490000  │ 0.3 │
│   26    │  55  │  55  │ 54.9 │ 54.9 │      │           │   21300   │   200   │ 10990000  │ 1171750000 │ 1676028360000 │ '2023-02-10T11:26:00.000Z' │ 100  │  0   │  0  │ Infinity │    0     │ 293.9 │ 468.2 │  0  │      │  200  │  10990000  │  -10500   │  -576650000   │ 200  │ 10990000  │ 0.7 │
│   27    │ 54.7 │ 54.9 │ 54.7 │ 54.9 │ 100  │  5470000  │   21600   │   300   │ 16450000  │ 1188200000 │ 1676028480000 │ '2023-02-10T11:28:00.000Z' │ 66.7 │ 33.3 │  0  │    2     │   0.5    │ 293.9 │ 468.2 │  0  │ 0.2  │  100  │  5510000   │  -10400   │  -571140000   │ 200  │ 10980000  │ 0.7 │
│   28    │ 54.9 │ 54.9 │ 54.9 │ 54.9 │      │           │   21700   │   100   │  5490000  │ 1193690000 │ 1676034000000 │ '2023-02-10T13:00:00.000Z' │ 100  │  0   │  0  │ Infinity │    0     │ 293.9 │ 468.2 │  0  │      │  100  │  5490000   │  -10300   │  -565650000   │ 100  │  5490000  │ 0.3 │
│   29    │ 54.9 │ 54.9 │ 54.9 │ 54.9 │      │           │   21900   │   200   │ 10980000  │ 1204670000 │ 1676034120000 │ '2023-02-10T13:02:00.000Z' │ 100  │  0   │  0  │ Infinity │    0     │ 293.9 │ 468.2 │  0  │      │  200  │  10980000  │  -10100   │  -554670000   │ 200  │ 10980000  │ 0.7 │
│   30    │ 54.5 │ 54.5 │ 54.5 │ 54.5 │      │           │   22100   │   200   │ 10900000  │ 1215570000 │ 1676034240000 │ '2023-02-10T13:04:00.000Z' │ 100  │  0   │  0  │ Infinity │    0     │ 293.9 │ 468.2 │  0  │      │  200  │  10900000  │   -9900   │  -543770000   │ 200  │ 10900000  │ 0.7 │
│   31    │ 54.5 │ 54.5 │ 54.5 │ 54.5 │      │           │   22700   │   600   │ 32700000  │ 1248270000 │ 1676034360000 │ '2023-02-10T13:06:00.000Z' │ 100  │  0   │  0  │ Infinity │    0     │ 293.9 │ 468.2 │  0  │      │  600  │  32700000  │   -9300   │  -511070000   │ 600  │ 32700000  │  2  │
│   32    │ 54.5 │ 54.5 │ 54.5 │ 54.5 │      │           │   22900   │   200   │ 10900000  │ 1259170000 │ 1676034480000 │ '2023-02-10T13:08:00.000Z' │ 100  │  0   │  0  │ Infinity │    0     │ 293.9 │ 468.2 │  0  │      │  200  │  10900000  │   -9100   │  -500170000   │ 200  │ 10900000  │ 0.7 │
│   33    │ 54.5 │ 54.5 │ 54.5 │ 54.5 │      │           │   23100   │   200   │ 10900000  │ 1270070000 │ 1676034600000 │ '2023-02-10T13:10:00.000Z' │ 100  │  0   │  0  │ Infinity │    0     │ 293.9 │ 468.2 │  0  │      │  200  │  10900000  │   -8900   │  -489270000   │ 200  │ 10900000  │ 0.7 │
│   34    │ 54.5 │ 54.5 │ 54.5 │ 54.5 │      │           │   23200   │   100   │  5450000  │ 1275520000 │ 1676034720000 │ '2023-02-10T13:12:00.000Z' │ 100  │  0   │  0  │ Infinity │    0     │ 293.9 │ 468.2 │  0  │      │  100  │  5450000   │   -8800   │  -483820000   │ 100  │  5450000  │ 0.3 │
│   35    │ 54.5 │ 54.5 │ 54.5 │ 54.5 │      │           │   23400   │   200   │ 10900000  │ 1286420000 │ 1676034840000 │ '2023-02-10T13:14:00.000Z' │ 100  │  0   │  0  │ Infinity │    0     │ 293.9 │ 468.2 │  0  │      │  200  │  10900000  │   -8600   │  -472920000   │ 200  │ 10900000  │ 0.7 │
│   36    │ 54.7 │ 54.7 │ 54.7 │ 54.7 │      │           │   23600   │   200   │ 10940000  │ 1297360000 │ 1676034960000 │ '2023-02-10T13:16:00.000Z' │ 100  │  0   │  0  │ Infinity │    0     │ 293.9 │ 468.2 │  0  │      │  200  │  10940000  │   -8400   │  -461980000   │ 200  │ 10940000  │ 0.7 │
│   37    │ 54.7 │ 54.7 │ 54.7 │ 54.7 │      │           │   24200   │   600   │ 32820000  │ 1330180000 │ 1676035080000 │ '2023-02-10T13:18:00.000Z' │ 100  │  0   │  0  │ Infinity │    0     │ 293.9 │ 468.2 │  0  │      │  600  │  32820000  │   -7800   │  -429160000   │ 600  │ 32820000  │  2  │
│   38    │ 54.9 │ 54.9 │ 54.9 │ 54.9 │      │           │   24400   │   200   │ 10980000  │ 1341160000 │ 1676035200000 │ '2023-02-10T13:20:00.000Z' │ 100  │  0   │  0  │ Infinity │    0     │ 293.9 │ 468.2 │  0  │      │  200  │  10980000  │   -7600   │  -418180000   │ 200  │ 10980000  │ 0.7 │
│   39    │ 54.9 │ 54.9 │ 54.9 │ 54.9 │      │           │   24600   │   200   │ 10980000  │ 1352140000 │ 1676035320000 │ '2023-02-10T13:22:00.000Z' │ 100  │  0   │  0  │ Infinity │    0     │ 293.9 │ 468.2 │  0  │      │  200  │  10980000  │   -7400   │  -407200000   │ 200  │ 10980000  │ 0.7 │
│   40    │ 54.9 │ 54.9 │ 54.9 │ 54.9 │      │           │   24700   │   100   │  5490000  │ 1357630000 │ 1676035440000 │ '2023-02-10T13:24:00.000Z' │ 100  │  0   │  0  │ Infinity │    0     │ 293.9 │ 468.2 │  0  │      │  100  │  5490000   │   -7300   │  -401710000   │ 100  │  5490000  │ 0.3 │
├─────────┼──────┼──────┼──────┼──────┼──────┼───────────┼───────────┼─────────┼───────────┼────────────┼───────────────┼────────────────────────────┼──────┼──────┼─────┼──────────┼──────────┼───────┼───────┼─────┼──────┼───────┼────────────┼───────────┼───────────────┼──────┼───────────┼─────┤
│ (index) │  c   │  h   │  l   │  o   │  sd  │  val_sd   │ total_vol │ sum_vol │    val    │  acum_val  │   datetime    │            date            │ pbu  │ psd  │ puk │    bs    │    sb    │  abu  │  asd  │ auk │ rsd  │ bu-sd │ bu-sd_val  │ acum_busd │ acum_busd_val │  bu  │  val_bu   │ rbu │
├─────────┼──────┼──────┼──────┼──────┼──────┼───────────┼───────────┼─────────┼───────────┼────────────┼───────────────┼────────────────────────────┼──────┼──────┼─────┼──────────┼──────────┼───────┼───────┼─────┼──────┼───────┼────────────┼───────────┼───────────────┼──────┼───────────┼─────┤
│   41    │ 54.9 │ 54.9 │ 54.9 │ 54.9 │      │           │   24900   │   200   │ 10980000  │ 1368610000 │ 1676035560000 │ '2023-02-10T13:26:00.000Z' │ 100  │  0   │  0  │ Infinity │    0     │ 293.9 │ 468.2 │  0  │      │  200  │  10980000  │   -7100   │  -390730000   │ 200  │ 10980000  │ 0.7 │
│   42    │ 54.9 │ 54.9 │ 54.9 │ 54.9 │      │           │   25100   │   200   │ 10980000  │ 1379590000 │ 1676035680000 │ '2023-02-10T13:28:00.000Z' │ 100  │  0   │  0  │ Infinity │    0     │ 293.9 │ 468.2 │  0  │      │  200  │  10980000  │   -6900   │  -379750000   │ 200  │ 10980000  │ 0.7 │
│   43    │ 54.9 │ 54.9 │ 54.9 │ 54.9 │      │           │   25200   │   100   │  5490000  │ 1385080000 │ 1676035800000 │ '2023-02-10T13:30:00.000Z' │ 100  │  0   │  0  │ Infinity │    0     │ 293.9 │ 468.2 │  0  │      │  100  │  5490000   │   -6800   │  -374260000   │ 100  │  5490000  │ 0.3 │
│   44    │ 54.9 │ 54.9 │ 54.9 │ 54.9 │      │           │   25400   │   200   │ 10980000  │ 1396060000 │ 1676035920000 │ '2023-02-10T13:32:00.000Z' │ 100  │  0   │  0  │ Infinity │    0     │ 293.9 │ 468.2 │  0  │      │  200  │  10980000  │   -6600   │  -363280000   │ 200  │ 10980000  │ 0.7 │
│   45    │ 54.9 │ 54.9 │ 54.9 │ 54.9 │      │           │   25600   │   200   │ 10980000  │ 1407040000 │ 1676036040000 │ '2023-02-10T13:34:00.000Z' │ 100  │  0   │  0  │ Infinity │    0     │ 293.9 │ 468.2 │  0  │      │  200  │  10980000  │   -6400   │  -352300000   │ 200  │ 10980000  │ 0.7 │
│   46    │ 54.9 │ 54.9 │ 54.9 │ 54.9 │      │           │   26000   │   400   │ 21960000  │ 1429000000 │ 1676036160000 │ '2023-02-10T13:36:00.000Z' │ 100  │  0   │  0  │ Infinity │    0     │ 293.9 │ 468.2 │  0  │      │  400  │  21960000  │   -6000   │  -330340000   │ 400  │ 21960000  │ 1.4 │
│   47    │ 54.7 │ 54.9 │ 54.7 │ 54.7 │ 600  │ 32820000  │   26800   │   800   │ 43800000  │ 1472800000 │ 1676036280000 │ '2023-02-10T13:38:00.000Z' │  25  │  75  │  0  │   0.3    │    3     │ 293.9 │ 468.2 │  0  │ 1.3  │ -400  │ -21840000  │   -6400   │  -352180000   │ 200  │ 10980000  │ 0.7 │
│   48    │  55  │  55  │ 54.9 │ 54.9 │      │           │   29500   │  2700   │ 148450000 │ 1621250000 │ 1676036400000 │ '2023-02-10T13:40:00.000Z' │ 100  │  0   │  0  │ Infinity │    0     │ 293.9 │ 468.2 │  0  │      │ 2700  │ 148450000  │   -3700   │  -203730000   │ 2700 │ 148450000 │ 9.2 │
│   49    │  55  │  55  │  55  │  55  │ 600  │ 33000000  │   30100   │   600   │ 33000000  │ 1654250000 │ 1676036520000 │ '2023-02-10T13:42:00.000Z' │  0   │ 100  │  0  │    0     │ Infinity │ 293.9 │ 468.2 │  0  │ 1.3  │ -600  │ -33000000  │   -4300   │  -236730000   │      │           │     │
│   50    │  55  │  55  │  55  │  55  │      │           │   30300   │   200   │ 11000000  │ 1665250000 │ 1676036640000 │ '2023-02-10T13:44:00.000Z' │ 100  │  0   │  0  │ Infinity │    0     │ 293.9 │ 468.2 │  0  │      │  200  │  11000000  │   -4100   │  -225730000   │ 200  │ 11000000  │ 0.7 │
│   51    │  55  │  55  │  55  │  55  │      │           │   30500   │   200   │ 11000000  │ 1676250000 │ 1676036760000 │ '2023-02-10T13:46:00.000Z' │ 100  │  0   │  0  │ Infinity │    0     │ 293.9 │ 468.2 │  0  │      │  200  │  11000000  │   -3900   │  -214730000   │ 200  │ 11000000  │ 0.7 │
│   52    │  55  │  55  │  55  │  55  │      │           │   30600   │   100   │  5500000  │ 1681750000 │ 1676036880000 │ '2023-02-10T13:48:00.000Z' │ 100  │  0   │  0  │ Infinity │    0     │ 293.9 │ 468.2 │  0  │      │  100  │  5500000   │   -3800   │  -209230000   │ 100  │  5500000  │ 0.3 │
│   53    │ 54.9 │ 54.9 │ 54.9 │ 54.9 │      │           │   30800   │   200   │ 10980000  │ 1692730000 │ 1676037000000 │ '2023-02-10T13:50:00.000Z' │ 100  │  0   │  0  │ Infinity │    0     │ 293.9 │ 468.2 │  0  │      │  200  │  10980000  │   -3600   │  -198250000   │ 200  │ 10980000  │ 0.7 │
│   54    │  55  │  55  │  55  │  55  │      │           │   33600   │  2800   │ 154000000 │ 1846730000 │ 1676037120000 │ '2023-02-10T13:52:00.000Z' │ 100  │  0   │  0  │ Infinity │    0     │ 293.9 │ 468.2 │  0  │      │ 2800  │ 154000000  │   -800    │   -44250000   │ 2800 │ 154000000 │ 9.5 │
│   55    │ 55.1 │ 55.1 │  55  │  55  │ 500  │ 27500000  │   34900   │  1300   │ 71580000  │ 1918310000 │ 1676037480000 │ '2023-02-10T13:58:00.000Z' │ 61.5 │ 38.5 │  0  │   1.6    │   0.6    │ 293.9 │ 468.2 │  0  │ 1.1  │  300  │  16580000  │   -500    │   -27670000   │ 800  │ 44080000  │ 2.7 │
│   56    │ 55.1 │ 55.1 │ 55.1 │ 55.1 │      │           │   36000   │  1100   │ 60610000  │ 1978920000 │ 1676037840000 │ '2023-02-10T14:04:00.000Z' │ 100  │  0   │  0  │ Infinity │    0     │ 293.9 │ 468.2 │  0  │      │ 1100  │  60610000  │    600    │   32940000    │ 1100 │ 60610000  │ 3.7 │
│   57    │  55  │  55  │  55  │  55  │ 2000 │ 110000000 │   38000   │  2000   │ 110000000 │ 2088920000 │ 1676038440000 │ '2023-02-10T14:14:00.000Z' │  0   │ 100  │  0  │    0     │ Infinity │ 293.9 │ 468.2 │  0  │ 4.3  │ -2000 │ -110000000 │   -1400   │   -77060000   │      │           │     │
│   58    │ 54.8 │  55  │ 54.8 │  55  │ 2300 │ 126280000 │   40500   │  2500   │ 137280000 │ 2226200000 │ 1676038560000 │ '2023-02-10T14:16:00.000Z' │  8   │  92  │  0  │   0.1    │   11.5   │ 293.9 │ 468.2 │  0  │ 4.9  │ -2100 │ -115280000 │   -3500   │  -192340000   │ 200  │ 11000000  │ 0.7 │
│   59    │  55  │  55  │ 54.8 │ 54.8 │ 900  │ 49320000  │   41500   │  1000   │ 54820000  │ 2281020000 │ 1676038680000 │ '2023-02-10T14:18:00.000Z' │  10  │  90  │  0  │   0.1    │    9     │ 293.9 │ 468.2 │  0  │ 1.9  │ -800  │ -43820000  │   -4300   │  -236160000   │ 100  │  5500000  │ 0.3 │
│   60    │ 54.9 │ 54.9 │ 54.9 │ 54.9 │      │           │   41700   │   200   │ 10980000  │ 2292000000 │ 1676038800000 │ '2023-02-10T14:20:00.000Z' │ 100  │  0   │  0  │ Infinity │    0     │ 293.9 │ 468.2 │  0  │      │  200  │  10980000  │   -4100   │  -225180000   │ 200  │ 10980000  │ 0.7 │
├─────────┼──────┼──────┼──────┼──────┼──────┼───────────┼───────────┼─────────┼───────────┼────────────┼───────────────┼────────────────────────────┼──────┼──────┼─────┼──────────┼──────────┼───────┼───────┼─────┼──────┼───────┼────────────┼───────────┼───────────────┼──────┼───────────┼─────┤
│ (index) │  c   │  h   │  l   │  o   │  sd  │  val_sd   │ total_vol │ sum_vol │    val    │  acum_val  │   datetime    │            date            │ pbu  │ psd  │ puk │    bs    │    sb    │  abu  │  asd  │ auk │ rsd  │ bu-sd │ bu-sd_val  │ acum_busd │ acum_busd_val │  bu  │  val_bu   │ rbu │
├─────────┼──────┼──────┼──────┼──────┼──────┼───────────┼───────────┼─────────┼───────────┼────────────┼───────────────┼────────────────────────────┼──────┼──────┼─────┼──────────┼──────────┼───────┼───────┼─────┼──────┼───────┼────────────┼───────────┼───────────────┼──────┼───────────┼─────┤
│   61    │  55  │  55  │  55  │  55  │      │           │   41900   │   200   │ 11000000  │ 2303000000 │ 1676038920000 │ '2023-02-10T14:22:00.000Z' │ 100  │  0   │  0  │ Infinity │    0     │ 293.9 │ 468.2 │  0  │      │  200  │  11000000  │   -3900   │  -214180000   │ 200  │ 11000000  │ 0.7 │
│   62    │  55  │  55  │  55  │  55  │      │           │   42000   │   100   │  5500000  │ 2308500000 │ 1676039040000 │ '2023-02-10T14:24:00.000Z' │ 100  │  0   │  0  │ Infinity │    0     │ 293.9 │ 468.2 │  0  │      │  100  │  5500000   │   -3800   │  -208680000   │ 100  │  5500000  │ 0.3 │
│   63    │  55  │  55  │  55  │  55  │      │           │   42100   │   100   │  5500000  │ 2314000000 │ 1676039160000 │ '2023-02-10T14:26:00.000Z' │ 100  │  0   │  0  │ Infinity │    0     │ 293.9 │ 468.2 │  0  │      │  100  │  5500000   │   -3700   │  -203180000   │ 100  │  5500000  │ 0.3 │
│   64    │  55  │  55  │  55  │  55  │      │           │   42300   │   200   │ 11000000  │ 2325000000 │ 1676039280000 │ '2023-02-10T14:28:00.000Z' │ 100  │  0   │  0  │ Infinity │    0     │ 293.9 │ 468.2 │  0  │      │  200  │  11000000  │   -3500   │  -192180000   │ 200  │ 11000000  │ 0.7 │
│   65    │ 53.5 │ 53.5 │ 53.5 │ 53.5 │ 8000 │ 428000000 │   50300   │  8000   │ 428000000 │ 2753000000 │ 1676040240000 │ '2023-02-10T14:44:00.000Z' │  0   │ 100  │  0  │    0     │ Infinity │ 293.9 │ 468.2 │  0  │ 17.1 │ -8000 │ -428000000 │  -11500   │  -620180000   │      │           │     │
└─────────┴──────┴──────┴──────┴──────┴──────┴───────────┴───────────┴─────────┴───────────┴────────────┴───────────────┴────────────────────────────┴──────┴──────┴─────┴──────────┴──────────┴───────┴───────┴─────┴──────┴───────┴────────────┴───────────┴───────────────┴──────┴───────────┴─────┘

