┌─────────┬──────┬──────┬──────┬──────┬───────┬───────────┬───────────┬─────────┬───────────┬────────────┬───────────────┬────────────────────────────┬──────┬──────┬─────┬──────────┬──────────┬────────┬────────┬─────┬─────┬────────┬────────────┬───────────┬───────────────┬───────┬──────────┬─────┐
│ (index) │  c   │  h   │  l   │  o   │  sd   │  val_sd   │ total_vol │ sum_vol │    val    │  acum_val  │   datetime    │            date            │ pbu  │ psd  │ puk │    bs    │    sb    │  abu   │  asd   │ auk │ rsd │ bu-sd  │ bu-sd_val  │ acum_busd │ acum_busd_val │  bu   │  val_bu  │ rbu │
├─────────┼──────┼──────┼──────┼──────┼───────┼───────────┼───────────┼─────────┼───────────┼────────────┼───────────────┼────────────────────────────┼──────┼──────┼─────┼──────────┼──────────┼────────┼────────┼─────┼─────┼────────┼────────────┼───────────┼───────────────┼───────┼──────────┼─────┤
│    0    │ 3.63 │ 3.63 │ 3.63 │ 3.63 │  100  │  363000   │    100    │   100   │  363000   │   363000   │ 1676020920000 │ '2023-02-10T09:22:00.000Z' │  0   │ 100  │  0  │    0     │ Infinity │ 1713.6 │ 5580.2 │  0  │  0  │  -100  │  -363000   │   -100    │    -363000    │       │          │     │
│    1    │ 3.61 │ 3.63 │ 3.61 │ 3.63 │ 2400  │  8664000  │   5300    │  5200   │ 18778000  │  19141000  │ 1676021280000 │ '2023-02-10T09:28:00.000Z' │ 53.8 │ 46.2 │  0  │   1.2    │   0.9    │ 1713.6 │ 5580.2 │  0  │ 0.4 │  400   │  1450000   │    300    │    1087000    │ 2800  │ 10114000 │ 1.6 │
│    2    │ 3.61 │ 3.61 │ 3.61 │ 3.61 │ 2700  │  9747000  │   8300    │  3000   │ 10830000  │  29971000  │ 1676021400000 │ '2023-02-10T09:30:00.000Z' │  10  │  90  │  0  │   0.1    │    9     │ 1713.6 │ 5580.2 │  0  │ 0.5 │ -2400  │  -8664000  │   -2100   │   -7577000    │  300  │ 1083000  │ 0.2 │
│    3    │ 3.61 │ 3.61 │ 3.61 │ 3.61 │ 3300  │ 11913000  │   11700   │  3400   │ 12274000  │  42245000  │ 1676021520000 │ '2023-02-10T09:32:00.000Z' │ 2.9  │ 97.1 │  0  │    0     │    33    │ 1713.6 │ 5580.2 │  0  │ 0.6 │ -3200  │ -11552000  │   -5300   │   -19129000   │  100  │  361000  │ 0.1 │
│    4    │ 3.61 │ 3.61 │ 3.61 │ 3.61 │       │           │   12300   │   600   │  2166000  │  44411000  │ 1676021640000 │ '2023-02-10T09:34:00.000Z' │ 100  │  0   │  0  │ Infinity │    0     │ 1713.6 │ 5580.2 │  0  │     │  600   │  2166000   │   -4700   │   -16963000   │  600  │ 2166000  │ 0.4 │
│    5    │ 3.61 │ 3.61 │ 3.61 │ 3.61 │ 1200  │  4332000  │   13700   │  1400   │  5054000  │  49465000  │ 1676021760000 │ '2023-02-10T09:36:00.000Z' │ 14.3 │ 85.7 │  0  │   0.2    │    6     │ 1713.6 │ 5580.2 │  0  │ 0.2 │ -1000  │  -3610000  │   -5700   │   -20573000   │  200  │  722000  │ 0.1 │
│    6    │ 3.59 │ 3.61 │ 3.59 │ 3.61 │ 4300  │ 15452000  │   29000   │  15300  │ 54942000  │ 104407000  │ 1676021880000 │ '2023-02-10T09:38:00.000Z' │ 71.9 │ 28.1 │  0  │   2.6    │   0.4    │ 1713.6 │ 5580.2 │  0  │ 0.8 │  6700  │  24038000  │   1000    │    3465000    │ 11000 │ 39490000 │ 6.4 │
│    7    │ 3.55 │ 3.59 │ 3.55 │ 3.59 │ 8000  │ 28590000  │   37000   │  8000   │ 28590000  │ 132997000  │ 1676022000000 │ '2023-02-10T09:40:00.000Z' │  0   │ 100  │  0  │    0     │ Infinity │ 1713.6 │ 5580.2 │  0  │ 1.4 │ -8000  │ -28590000  │   -7000   │   -25125000   │       │          │     │
│    8    │ 3.58 │ 3.58 │ 3.58 │ 3.58 │ 1000  │  3580000  │   38000   │  1000   │  3580000  │ 136577000  │ 1676022120000 │ '2023-02-10T09:42:00.000Z' │  0   │ 100  │  0  │    0     │ Infinity │ 1713.6 │ 5580.2 │  0  │ 0.2 │ -1000  │  -3580000  │   -8000   │   -28705000   │       │          │     │
│    9    │ 3.58 │ 3.58 │ 3.58 │ 3.58 │ 1800  │  6444000  │   44000   │  6000   │ 21480000  │ 158057000  │ 1676022240000 │ '2023-02-10T09:44:00.000Z' │  70  │  30  │  0  │   2.3    │   0.4    │ 1713.6 │ 5580.2 │  0  │ 0.3 │  2400  │  8592000   │   -5600   │   -20113000   │ 4200  │ 15036000 │ 2.5 │
│   10    │ 3.58 │ 3.58 │ 3.58 │ 3.58 │       │           │   48300   │  4300   │ 15394000  │ 173451000  │ 1676022360000 │ '2023-02-10T09:46:00.000Z' │ 100  │  0   │  0  │ Infinity │    0     │ 1713.6 │ 5580.2 │  0  │     │  4300  │  15394000  │   -1300   │   -4719000    │ 4300  │ 15394000 │ 2.5 │
│   11    │ 3.58 │ 3.58 │ 3.58 │ 3.58 │       │           │   50300   │  2000   │  7160000  │ 180611000  │ 1676022480000 │ '2023-02-10T09:48:00.000Z' │ 100  │  0   │  0  │ Infinity │    0     │ 1713.6 │ 5580.2 │  0  │     │  2000  │  7160000   │    700    │    2441000    │ 2000  │ 7160000  │ 1.2 │
│   12    │ 3.59 │ 3.59 │ 3.59 │ 3.59 │       │           │   53800   │  3500   │ 12565000  │ 193176000  │ 1676022840000 │ '2023-02-10T09:54:00.000Z' │ 100  │  0   │  0  │ Infinity │    0     │ 1713.6 │ 5580.2 │  0  │     │  3500  │  12565000  │   4200    │   15006000    │ 3500  │ 12565000 │  2  │
│   13    │ 3.59 │ 3.59 │ 3.59 │ 3.59 │       │           │   54600   │   800   │  2872000  │ 196048000  │ 1676022960000 │ '2023-02-10T09:56:00.000Z' │ 100  │  0   │  0  │ Infinity │    0     │ 1713.6 │ 5580.2 │  0  │     │  800   │  2872000   │   5000    │   17878000    │  800  │ 2872000  │ 0.5 │
│   14    │ 3.59 │ 3.59 │ 3.59 │ 3.59 │       │           │   55300   │   700   │  2513000  │ 198561000  │ 1676023080000 │ '2023-02-10T09:58:00.000Z' │ 100  │  0   │  0  │ Infinity │    0     │ 1713.6 │ 5580.2 │  0  │     │  700   │  2513000   │   5700    │   20391000    │  700  │ 2513000  │ 0.4 │
│   15    │ 3.59 │ 3.59 │ 3.59 │ 3.59 │       │           │   55500   │   200   │  718000   │ 199279000  │ 1676023200000 │ '2023-02-10T10:00:00.000Z' │ 100  │  0   │  0  │ Infinity │    0     │ 1713.6 │ 5580.2 │  0  │     │  200   │   718000   │   5900    │   21109000    │  200  │  718000  │ 0.1 │
│   16    │ 3.6  │ 3.6  │ 3.6  │ 3.6  │       │           │   56500   │  1000   │  3600000  │ 202879000  │ 1676023440000 │ '2023-02-10T10:04:00.000Z' │ 100  │  0   │  0  │ Infinity │    0     │ 1713.6 │ 5580.2 │  0  │     │  1000  │  3600000   │   6900    │   24709000    │ 1000  │ 3600000  │ 0.6 │
│   17    │ 3.58 │ 3.59 │ 3.58 │ 3.59 │ 4100  │ 14693000  │   62600   │  6100   │ 21853000  │ 224732000  │ 1676023560000 │ '2023-02-10T10:06:00.000Z' │ 32.8 │ 67.2 │  0  │   0.5    │   2.1    │ 1713.6 │ 5580.2 │  0  │ 0.7 │ -2100  │  -7533000  │   4800    │   17176000    │ 2000  │ 7160000  │ 1.2 │
│   18    │ 3.58 │ 3.58 │ 3.57 │ 3.58 │ 3000  │ 10720000  │   74400   │  11800  │ 42220000  │ 266952000  │ 1676023680000 │ '2023-02-10T10:08:00.000Z' │ 74.6 │ 25.4 │  0  │   2.9    │   0.3    │ 1713.6 │ 5580.2 │  0  │ 0.5 │  5800  │  20780000  │   10600   │   37956000    │ 8800  │ 31500000 │ 5.1 │
│   19    │ 3.58 │ 3.58 │ 3.58 │ 3.58 │ 21100 │ 75538000  │   95500   │  21100  │ 75538000  │ 342490000  │ 1676023800000 │ '2023-02-10T10:10:00.000Z' │  0   │ 100  │  0  │    0     │ Infinity │ 1713.6 │ 5580.2 │  0  │ 3.8 │ -21100 │ -75538000  │  -10500   │   -37582000   │       │          │     │
│   20    │ 3.59 │ 3.59 │ 3.59 │ 3.59 │       │           │   95700   │   200   │  718000   │ 343208000  │ 1676024160000 │ '2023-02-10T10:16:00.000Z' │ 100  │  0   │  0  │ Infinity │    0     │ 1713.6 │ 5580.2 │  0  │     │  200   │   718000   │  -10300   │   -36864000   │  200  │  718000  │ 0.1 │
├─────────┼──────┼──────┼──────┼──────┼───────┼───────────┼───────────┼─────────┼───────────┼────────────┼───────────────┼────────────────────────────┼──────┼──────┼─────┼──────────┼──────────┼────────┼────────┼─────┼─────┼────────┼────────────┼───────────┼───────────────┼───────┼──────────┼─────┤
│ (index) │  c   │  h   │  l   │  o   │  sd   │  val_sd   │ total_vol │ sum_vol │    val    │  acum_val  │   datetime    │            date            │ pbu  │ psd  │ puk │    bs    │    sb    │  abu   │  asd   │ auk │ rsd │ bu-sd  │ bu-sd_val  │ acum_busd │ acum_busd_val │  bu   │  val_bu  │ rbu │
├─────────┼──────┼──────┼──────┼──────┼───────┼───────────┼───────────┼─────────┼───────────┼────────────┼───────────────┼────────────────────────────┼──────┼──────┼─────┼──────────┼──────────┼────────┼────────┼─────┼─────┼────────┼────────────┼───────────┼───────────────┼───────┼──────────┼─────┤
│   21    │ 3.59 │ 3.59 │ 3.59 │ 3.59 │       │           │   97400   │  1700   │  6103000  │ 349311000  │ 1676024280000 │ '2023-02-10T10:18:00.000Z' │ 100  │  0   │  0  │ Infinity │    0     │ 1713.6 │ 5580.2 │  0  │     │  1700  │  6103000   │   -8600   │   -30761000   │ 1700  │ 6103000  │  1  │
│   22    │ 3.58 │ 3.58 │ 3.58 │ 3.58 │ 6300  │ 22554000  │  103700   │  6300   │ 22554000  │ 371865000  │ 1676024400000 │ '2023-02-10T10:20:00.000Z' │  0   │ 100  │  0  │    0     │ Infinity │ 1713.6 │ 5580.2 │  0  │ 1.1 │ -6300  │ -22554000  │  -14900   │   -53315000   │       │          │     │
│   23    │ 3.57 │ 3.57 │ 3.57 │ 3.57 │  100  │  357000   │  103800   │   100   │  357000   │ 372222000  │ 1676024520000 │ '2023-02-10T10:22:00.000Z' │  0   │ 100  │  0  │    0     │ Infinity │ 1713.6 │ 5580.2 │  0  │  0  │  -100  │  -357000   │  -15000   │   -53672000   │       │          │     │
│   24    │ 3.58 │ 3.58 │ 3.58 │ 3.58 │  500  │  1790000  │  104300   │   500   │  1790000  │ 374012000  │ 1676024640000 │ '2023-02-10T10:24:00.000Z' │  0   │ 100  │  0  │    0     │ Infinity │ 1713.6 │ 5580.2 │  0  │ 0.1 │  -500  │  -1790000  │  -15500   │   -55462000   │       │          │     │
│   25    │ 3.59 │ 3.59 │ 3.59 │ 3.59 │       │           │  104700   │   400   │  1436000  │ 375448000  │ 1676025120000 │ '2023-02-10T10:32:00.000Z' │ 100  │  0   │  0  │ Infinity │    0     │ 1713.6 │ 5580.2 │  0  │     │  400   │  1436000   │  -15100   │   -54026000   │  400  │ 1436000  │ 0.2 │
│   26    │ 3.59 │ 3.59 │ 3.59 │ 3.59 │       │           │  104800   │   100   │  359000   │ 375807000  │ 1676025240000 │ '2023-02-10T10:34:00.000Z' │ 100  │  0   │  0  │ Infinity │    0     │ 1713.6 │ 5580.2 │  0  │     │  100   │   359000   │  -15000   │   -53667000   │  100  │  359000  │ 0.1 │
│   27    │ 3.59 │ 3.59 │ 3.59 │ 3.59 │       │           │  106100   │  1300   │  4667000  │ 380474000  │ 1676025480000 │ '2023-02-10T10:38:00.000Z' │ 100  │  0   │  0  │ Infinity │    0     │ 1713.6 │ 5580.2 │  0  │     │  1300  │  4667000   │  -13700   │   -49000000   │ 1300  │ 4667000  │ 0.8 │
│   28    │ 3.56 │ 3.58 │ 3.56 │ 3.58 │ 25000 │ 89275000  │  131100   │  25000  │ 89275000  │ 469749000  │ 1676025600000 │ '2023-02-10T10:40:00.000Z' │  0   │ 100  │  0  │    0     │ Infinity │ 1713.6 │ 5580.2 │  0  │ 4.5 │ -25000 │ -89275000  │  -38700   │  -138275000   │       │          │     │
│   29    │ 3.57 │ 3.58 │ 3.57 │ 3.58 │ 2000  │  7141000  │  133100   │  2000   │  7141000  │ 476890000  │ 1676025840000 │ '2023-02-10T10:44:00.000Z' │  0   │ 100  │  0  │    0     │ Infinity │ 1713.6 │ 5580.2 │  0  │ 0.4 │ -2000  │  -7141000  │  -40700   │  -145416000   │       │          │     │
│   30    │ 3.57 │ 3.57 │ 3.57 │ 3.57 │  400  │  1428000  │  133500   │   400   │  1428000  │ 478318000  │ 1676025960000 │ '2023-02-10T10:46:00.000Z' │  0   │ 100  │  0  │    0     │ Infinity │ 1713.6 │ 5580.2 │  0  │ 0.1 │  -400  │  -1428000  │  -41100   │  -146844000   │       │          │     │
│   31    │ 3.57 │ 3.57 │ 3.57 │ 3.57 │ 2000  │  7140000  │  135500   │  2000   │  7140000  │ 485458000  │ 1676026080000 │ '2023-02-10T10:48:00.000Z' │  0   │ 100  │  0  │    0     │ Infinity │ 1713.6 │ 5580.2 │  0  │ 0.4 │ -2000  │  -7140000  │  -43100   │  -153984000   │       │          │     │
│   32    │ 3.57 │ 3.57 │ 3.55 │ 3.56 │ 23900 │ 84926000  │  159400   │  23900  │ 84926000  │ 570384000  │ 1676026200000 │ '2023-02-10T10:50:00.000Z' │  0   │ 100  │  0  │    0     │ Infinity │ 1713.6 │ 5580.2 │  0  │ 4.3 │ -23900 │ -84926000  │  -67000   │  -238910000   │       │          │     │
│   33    │ 3.56 │ 3.56 │ 3.56 │ 3.56 │ 3200  │ 11392000  │  162600   │  3200   │ 11392000  │ 581776000  │ 1676026320000 │ '2023-02-10T10:52:00.000Z' │  0   │ 100  │  0  │    0     │ Infinity │ 1713.6 │ 5580.2 │  0  │ 0.6 │ -3200  │ -11392000  │  -70200   │  -250302000   │       │          │     │
│   34    │ 3.56 │ 3.56 │ 3.56 │ 3.56 │  500  │  1780000  │  163100   │   500   │  1780000  │ 583556000  │ 1676026440000 │ '2023-02-10T10:54:00.000Z' │  0   │ 100  │  0  │    0     │ Infinity │ 1713.6 │ 5580.2 │  0  │ 0.1 │  -500  │  -1780000  │  -70700   │  -252082000   │       │          │     │
│   35    │ 3.57 │ 3.57 │ 3.56 │ 3.56 │  200  │  712000   │  164400   │  1300   │  4639000  │ 588195000  │ 1676026560000 │ '2023-02-10T10:56:00.000Z' │ 84.6 │ 15.4 │  0  │   5.5    │   0.2    │ 1713.6 │ 5580.2 │  0  │  0  │  900   │  3215000   │  -69800   │  -248867000   │ 1100  │ 3927000  │ 0.6 │
│   36    │ 3.58 │ 3.58 │ 3.58 │ 3.58 │       │           │  164500   │   100   │  358000   │ 588553000  │ 1676026680000 │ '2023-02-10T10:58:00.000Z' │ 100  │  0   │  0  │ Infinity │    0     │ 1713.6 │ 5580.2 │  0  │     │  100   │   358000   │  -69700   │  -248509000   │  100  │  358000  │ 0.1 │
│   37    │ 3.56 │ 3.56 │ 3.56 │ 3.56 │ 4500  │ 16020000  │  169000   │  4500   │ 16020000  │ 604573000  │ 1676027280000 │ '2023-02-10T11:08:00.000Z' │  0   │ 100  │  0  │    0     │ Infinity │ 1713.6 │ 5580.2 │  0  │ 0.8 │ -4500  │ -16020000  │  -74200   │  -264529000   │       │          │     │
│   38    │ 3.54 │ 3.56 │ 3.54 │ 3.56 │ 10200 │ 36164000  │  179200   │  10200  │ 36164000  │ 640737000  │ 1676027520000 │ '2023-02-10T11:12:00.000Z' │  0   │ 100  │  0  │    0     │ Infinity │ 1713.6 │ 5580.2 │  0  │ 1.8 │ -10200 │ -36164000  │  -84400   │  -300693000   │       │          │     │
│   39    │ 3.54 │ 3.54 │ 3.52 │ 3.54 │ 30000 │ 106040000 │  209200   │  30000  │ 106040000 │ 746777000  │ 1676027640000 │ '2023-02-10T11:14:00.000Z' │  0   │ 100  │  0  │    0     │ Infinity │ 1713.6 │ 5580.2 │  0  │ 5.4 │ -30000 │ -106040000 │  -114400  │  -406733000   │       │          │     │
│   40    │ 3.54 │ 3.57 │ 3.54 │ 3.57 │ 20000 │ 70800000  │  232300   │  23100  │ 81867000  │ 828644000  │ 1676027760000 │ '2023-02-10T11:16:00.000Z' │ 13.4 │ 86.6 │  0  │   0.2    │   6.5    │ 1713.6 │ 5580.2 │  0  │ 3.6 │ -16900 │ -59733000  │  -131300  │  -466466000   │ 3100  │ 11067000 │ 1.8 │
├─────────┼──────┼──────┼──────┼──────┼───────┼───────────┼───────────┼─────────┼───────────┼────────────┼───────────────┼────────────────────────────┼──────┼──────┼─────┼──────────┼──────────┼────────┼────────┼─────┼─────┼────────┼────────────┼───────────┼───────────────┼───────┼──────────┼─────┤
│ (index) │  c   │  h   │  l   │  o   │  sd   │  val_sd   │ total_vol │ sum_vol │    val    │  acum_val  │   datetime    │            date            │ pbu  │ psd  │ puk │    bs    │    sb    │  abu   │  asd   │ auk │ rsd │ bu-sd  │ bu-sd_val  │ acum_busd │ acum_busd_val │  bu   │  val_bu  │ rbu │
├─────────┼──────┼──────┼──────┼──────┼───────┼───────────┼───────────┼─────────┼───────────┼────────────┼───────────────┼────────────────────────────┼──────┼──────┼─────┼──────────┼──────────┼────────┼────────┼─────┼─────┼────────┼────────────┼───────────┼───────────────┼───────┼──────────┼─────┤
│   41    │ 3.55 │ 3.55 │ 3.54 │ 3.54 │ 14800 │ 52395000  │  247100   │  14800  │ 52395000  │ 881039000  │ 1676027880000 │ '2023-02-10T11:18:00.000Z' │  0   │ 100  │  0  │    0     │ Infinity │ 1713.6 │ 5580.2 │  0  │ 2.7 │ -14800 │ -52395000  │  -146100  │  -518861000   │       │          │     │
│   42    │ 3.55 │ 3.55 │ 3.55 │ 3.55 │       │           │  253100   │  6000   │ 21300000  │ 902339000  │ 1676028000000 │ '2023-02-10T11:20:00.000Z' │ 100  │  0   │  0  │ Infinity │    0     │ 1713.6 │ 5580.2 │  0  │     │  6000  │  21300000  │  -140100  │  -497561000   │ 6000  │ 21300000 │ 3.5 │
│   43    │ 3.55 │ 3.55 │ 3.55 │ 3.55 │       │           │  256800   │  3700   │ 13135000  │ 915474000  │ 1676028120000 │ '2023-02-10T11:22:00.000Z' │ 100  │  0   │  0  │ Infinity │    0     │ 1713.6 │ 5580.2 │  0  │     │  3700  │  13135000  │  -136400  │  -484426000   │ 3700  │ 13135000 │ 2.2 │
│   44    │ 3.54 │ 3.54 │ 3.54 │ 3.54 │ 61300 │ 217002000 │  318100   │  61300  │ 217002000 │ 1132476000 │ 1676028240000 │ '2023-02-10T11:24:00.000Z' │  0   │ 100  │  0  │    0     │ Infinity │ 1713.6 │ 5580.2 │  0  │ 11  │ -61300 │ -217002000 │  -197700  │  -701428000   │       │          │     │
│   45    │ 3.56 │ 3.56 │ 3.54 │ 3.54 │ 2000  │  7080000  │  323400   │  5300   │ 18815000  │ 1151291000 │ 1676028360000 │ '2023-02-10T11:26:00.000Z' │ 62.3 │ 37.7 │  0  │   1.7    │   0.6    │ 1713.6 │ 5580.2 │  0  │ 0.4 │  1300  │  4655000   │  -196400  │  -696773000   │ 3300  │ 11735000 │ 1.9 │
│   46    │ 3.56 │ 3.56 │ 3.55 │ 3.55 │  100  │  355000   │  324000   │   600   │  2135000  │ 1153426000 │ 1676028480000 │ '2023-02-10T11:28:00.000Z' │ 83.3 │ 16.7 │  0  │    5     │   0.2    │ 1713.6 │ 5580.2 │  0  │  0  │  400   │  1425000   │  -196000  │  -695348000   │  500  │ 1780000  │ 0.3 │
│   47    │ 3.54 │ 3.56 │ 3.54 │ 3.56 │ 22600 │ 80030000  │  346700   │  22700  │ 80386000  │ 1233812000 │ 1676034000000 │ '2023-02-10T13:00:00.000Z' │ 0.4  │ 99.6 │  0  │    0     │   226    │ 1713.6 │ 5580.2 │  0  │ 4.1 │ -22500 │ -79674000  │  -218500  │  -775022000   │  100  │  356000  │ 0.1 │
│   48    │ 3.54 │ 3.54 │ 3.54 │ 3.54 │ 49200 │ 174168000 │  400800   │  54100  │ 191514000 │ 1425326000 │ 1676034120000 │ '2023-02-10T13:02:00.000Z' │ 9.1  │ 90.9 │  0  │   0.1    │    10    │ 1713.6 │ 5580.2 │  0  │ 8.8 │ -44300 │ -156822000 │  -262800  │  -931844000   │ 4900  │ 17346000 │ 2.9 │
│   49    │ 3.55 │ 3.55 │ 3.54 │ 3.54 │       │           │  405800   │  5000   │ 17749000  │ 1443075000 │ 1676034240000 │ '2023-02-10T13:04:00.000Z' │ 100  │  0   │  0  │ Infinity │    0     │ 1713.6 │ 5580.2 │  0  │     │  5000  │  17749000  │  -257800  │  -914095000   │ 5000  │ 17749000 │ 2.9 │
│   50    │ 3.55 │ 3.55 │ 3.54 │ 3.55 │ 5000  │ 17718000  │  411900   │  6100   │ 21623000  │ 1464698000 │ 1676034360000 │ '2023-02-10T13:06:00.000Z' │  18  │  82  │  0  │   0.2    │   4.5    │ 1713.6 │ 5580.2 │  0  │ 0.9 │ -3900  │ -13813000  │  -261700  │  -927908000   │ 1100  │ 3905000  │ 0.6 │
│   51    │ 3.55 │ 3.55 │ 3.55 │ 3.55 │       │           │  413100   │  1200   │  4260000  │ 1468958000 │ 1676034480000 │ '2023-02-10T13:08:00.000Z' │ 100  │  0   │  0  │ Infinity │    0     │ 1713.6 │ 5580.2 │  0  │     │  1200  │  4260000   │  -260500  │  -923648000   │ 1200  │ 4260000  │ 0.7 │
│   52    │ 3.55 │ 3.55 │ 3.55 │ 3.55 │  300  │  1065000  │  413400   │   300   │  1065000  │ 1470023000 │ 1676034600000 │ '2023-02-10T13:10:00.000Z' │  0   │ 100  │  0  │    0     │ Infinity │ 1713.6 │ 5580.2 │  0  │ 0.1 │  -300  │  -1065000  │  -260800  │  -924713000   │       │          │     │
│   53    │ 3.55 │ 3.55 │ 3.55 │ 3.55 │  700  │  2485000  │  414100   │   700   │  2485000  │ 1472508000 │ 1676034840000 │ '2023-02-10T13:14:00.000Z' │  0   │ 100  │  0  │    0     │ Infinity │ 1713.6 │ 5580.2 │  0  │ 0.1 │  -700  │  -2485000  │  -261500  │  -927198000   │       │          │     │
│   54    │ 3.55 │ 3.55 │ 3.55 │ 3.55 │       │           │  414300   │   200   │  710000   │ 1473218000 │ 1676034960000 │ '2023-02-10T13:16:00.000Z' │ 100  │  0   │  0  │ Infinity │    0     │ 1713.6 │ 5580.2 │  0  │     │  200   │   710000   │  -261300  │  -926488000   │  200  │  710000  │ 0.1 │
│   55    │ 3.54 │ 3.54 │ 3.53 │ 3.54 │ 6800  │ 24045000  │  422000   │  7700   │ 27231000  │ 1500449000 │ 1676035200000 │ '2023-02-10T13:20:00.000Z' │ 11.7 │ 88.3 │  0  │   0.1    │   7.6    │ 1713.6 │ 5580.2 │  0  │ 1.2 │ -5900  │ -20859000  │  -267200  │  -947347000   │  900  │ 3186000  │ 0.5 │
│   56    │ 3.53 │ 3.53 │ 3.52 │ 3.53 │ 11300 │ 39839000  │  436300   │  14300  │ 50429000  │ 1550878000 │ 1676035320000 │ '2023-02-10T13:22:00.000Z' │  21  │  79  │  0  │   0.3    │   3.8    │ 1713.6 │ 5580.2 │  0  │  2  │ -8300  │ -29249000  │  -275500  │  -976596000   │ 3000  │ 10590000 │ 1.8 │
│   57    │ 3.53 │ 3.53 │ 3.53 │ 3.53 │       │           │  436900   │   600   │  2118000  │ 1552996000 │ 1676035560000 │ '2023-02-10T13:26:00.000Z' │ 100  │  0   │  0  │ Infinity │    0     │ 1713.6 │ 5580.2 │  0  │     │  600   │  2118000   │  -274900  │  -974478000   │  600  │ 2118000  │ 0.4 │
│   58    │ 3.54 │ 3.54 │ 3.54 │ 3.54 │ 4500  │ 15930000  │  445900   │  9000   │ 31860000  │ 1584856000 │ 1676035800000 │ '2023-02-10T13:30:00.000Z' │  50  │  50  │  0  │    1     │    1     │ 1713.6 │ 5580.2 │  0  │ 0.8 │   0    │     0      │  -274900  │  -974478000   │ 4500  │ 15930000 │ 2.6 │
│   59    │ 3.56 │ 3.56 │ 3.55 │ 3.55 │       │           │  447300   │  1400   │  4982000  │ 1589838000 │ 1676036040000 │ '2023-02-10T13:34:00.000Z' │ 100  │  0   │  0  │ Infinity │    0     │ 1713.6 │ 5580.2 │  0  │     │  1400  │  4982000   │  -273500  │  -969496000   │ 1400  │ 4982000  │ 0.8 │
│   60    │ 3.58 │ 3.58 │ 3.58 │ 3.58 │       │           │  449300   │  2000   │  7160000  │ 1596998000 │ 1676036160000 │ '2023-02-10T13:36:00.000Z' │ 100  │  0   │  0  │ Infinity │    0     │ 1713.6 │ 5580.2 │  0  │     │  2000  │  7160000   │  -271500  │  -962336000   │ 2000  │ 7160000  │ 1.2 │
├─────────┼──────┼──────┼──────┼──────┼───────┼───────────┼───────────┼─────────┼───────────┼────────────┼───────────────┼────────────────────────────┼──────┼──────┼─────┼──────────┼──────────┼────────┼────────┼─────┼─────┼────────┼────────────┼───────────┼───────────────┼───────┼──────────┼─────┤
│ (index) │  c   │  h   │  l   │  o   │  sd   │  val_sd   │ total_vol │ sum_vol │    val    │  acum_val  │   datetime    │            date            │ pbu  │ psd  │ puk │    bs    │    sb    │  abu   │  asd   │ auk │ rsd │ bu-sd  │ bu-sd_val  │ acum_busd │ acum_busd_val │  bu   │  val_bu  │ rbu │
├─────────┼──────┼──────┼──────┼──────┼───────┼───────────┼───────────┼─────────┼───────────┼────────────┼───────────────┼────────────────────────────┼──────┼──────┼─────┼──────────┼──────────┼────────┼────────┼─────┼─────┼────────┼────────────┼───────────┼───────────────┼───────┼──────────┼─────┤
│   61    │ 3.56 │ 3.57 │ 3.56 │ 3.57 │ 5600  │ 19937000  │  458500   │  9200   │ 32753000  │ 1629751000 │ 1676036400000 │ '2023-02-10T13:40:00.000Z' │ 39.1 │ 60.9 │  0  │   0.6    │   1.6    │ 1713.6 │ 5580.2 │  0  │  1  │ -2000  │  -7121000  │  -273500  │  -969457000   │ 3600  │ 12816000 │ 2.1 │
│   62    │ 3.57 │ 3.57 │ 3.55 │ 3.55 │  100  │  355000   │  468300   │  9800   │ 34879000  │ 1664630000 │ 1676036520000 │ '2023-02-10T13:42:00.000Z' │  99  │  1   │  0  │    97    │    0     │ 1713.6 │ 5580.2 │  0  │  0  │  9600  │  34169000  │  -263900  │  -935288000   │ 9700  │ 34524000 │ 5.7 │
│   63    │ 3.55 │ 3.55 │ 3.55 │ 3.55 │  800  │  2840000  │  469100   │   800   │  2840000  │ 1667470000 │ 1676037120000 │ '2023-02-10T13:52:00.000Z' │  0   │ 100  │  0  │    0     │ Infinity │ 1713.6 │ 5580.2 │  0  │ 0.1 │  -800  │  -2840000  │  -264700  │  -938128000   │       │          │     │
│   64    │ 3.57 │ 3.57 │ 3.55 │ 3.56 │ 1200  │  4262000  │  480300   │  11200  │ 39962000  │ 1707432000 │ 1676037480000 │ '2023-02-10T13:58:00.000Z' │ 89.3 │ 10.7 │  0  │   8.3    │   0.1    │ 1713.6 │ 5580.2 │  0  │ 0.2 │  8800  │  31438000  │  -255900  │  -906690000   │ 10000 │ 35700000 │ 5.8 │
│   65    │ 3.57 │ 3.57 │ 3.57 │ 3.57 │ 1300  │  4641000  │  481600   │  1300   │  4641000  │ 1712073000 │ 1676037600000 │ '2023-02-10T14:00:00.000Z' │  0   │ 100  │  0  │    0     │ Infinity │ 1713.6 │ 5580.2 │  0  │ 0.2 │ -1300  │  -4641000  │  -257200  │  -911331000   │       │          │     │
│   66    │ 3.58 │ 3.58 │ 3.58 │ 3.58 │  100  │  358000   │  484600   │  3000   │ 10740000  │ 1722813000 │ 1676037720000 │ '2023-02-10T14:02:00.000Z' │ 96.7 │ 3.3  │  0  │    29    │    0     │ 1713.6 │ 5580.2 │  0  │  0  │  2800  │  10024000  │  -254400  │  -901307000   │ 2900  │ 10382000 │ 1.7 │
│   67    │ 3.58 │ 3.58 │ 3.57 │ 3.57 │ 5000  │ 17850000  │  492300   │  7700   │ 27516000  │ 1750329000 │ 1676037840000 │ '2023-02-10T14:04:00.000Z' │ 35.1 │ 64.9 │  0  │   0.5    │   1.9    │ 1713.6 │ 5580.2 │  0  │ 0.9 │ -2300  │  -8184000  │  -256700  │  -909491000   │ 2700  │ 9666000  │ 1.6 │
│   68    │ 3.58 │ 3.58 │ 3.58 │ 3.58 │       │           │  492500   │   200   │  716000   │ 1751045000 │ 1676037960000 │ '2023-02-10T14:06:00.000Z' │ 100  │  0   │  0  │ Infinity │    0     │ 1713.6 │ 5580.2 │  0  │     │  200   │   716000   │  -256500  │  -908775000   │  200  │  716000  │ 0.1 │
│   69    │ 3.56 │ 3.57 │ 3.56 │ 3.57 │ 19000 │ 67679000  │  511500   │  19000  │ 67679000  │ 1818724000 │ 1676038080000 │ '2023-02-10T14:08:00.000Z' │  0   │ 100  │  0  │    0     │ Infinity │ 1713.6 │ 5580.2 │  0  │ 3.4 │ -19000 │ -67679000  │  -275500  │  -976454000   │       │          │     │
│   70    │ 3.55 │ 3.56 │ 3.55 │ 3.55 │ 21000 │ 74592000  │  538300   │  26800  │ 95240000  │ 1913964000 │ 1676038200000 │ '2023-02-10T14:10:00.000Z' │ 21.6 │ 78.4 │  0  │   0.3    │   3.6    │ 1713.6 │ 5580.2 │  0  │ 3.8 │ -15200 │ -53944000  │  -290700  │  -1030398000  │ 5800  │ 20648000 │ 3.4 │
│   71    │ 3.55 │ 3.55 │ 3.55 │ 3.55 │ 11500 │ 40825000  │  549800   │  11500  │ 40825000  │ 1954789000 │ 1676038320000 │ '2023-02-10T14:12:00.000Z' │  0   │ 100  │  0  │    0     │ Infinity │ 1713.6 │ 5580.2 │  0  │ 2.1 │ -11500 │ -40825000  │  -302200  │  -1071223000  │       │          │     │
│   72    │ 3.56 │ 3.56 │ 3.56 │ 3.56 │       │           │  550400   │   600   │  2136000  │ 1956925000 │ 1676038440000 │ '2023-02-10T14:14:00.000Z' │ 100  │  0   │  0  │ Infinity │    0     │ 1713.6 │ 5580.2 │  0  │     │  600   │  2136000   │  -301600  │  -1069087000  │  600  │ 2136000  │ 0.4 │
│   73    │ 3.55 │ 3.56 │ 3.55 │ 3.56 │ 11200 │ 39760000  │  562100   │  11700  │ 41537000  │ 1998462000 │ 1676038560000 │ '2023-02-10T14:16:00.000Z' │ 4.3  │ 95.7 │  0  │    0     │   22.4   │ 1713.6 │ 5580.2 │  0  │  2  │ -10700 │ -37983000  │  -312300  │  -1107070000  │  500  │ 1777000  │ 0.3 │
│   74    │ 3.55 │ 3.55 │ 3.55 │ 3.55 │  200  │  710000   │  566200   │  4100   │ 14555000  │ 2013017000 │ 1676038680000 │ '2023-02-10T14:18:00.000Z' │ 95.1 │ 4.9  │  0  │   19.5   │   0.1    │ 1713.6 │ 5580.2 │  0  │  0  │  3700  │  13135000  │  -308600  │  -1093935000  │ 3900  │ 13845000 │ 2.3 │
│   75    │ 3.55 │ 3.56 │ 3.55 │ 3.55 │ 1600  │  5680000  │  573400   │  7200   │ 25569000  │ 2038586000 │ 1676038800000 │ '2023-02-10T14:20:00.000Z' │ 77.8 │ 22.2 │  0  │   3.5    │   0.3    │ 1713.6 │ 5580.2 │  0  │ 0.3 │  4000  │  14209000  │  -304600  │  -1079726000  │ 5600  │ 19889000 │ 3.3 │
│   76    │ 3.56 │ 3.56 │ 3.56 │ 3.56 │       │           │  573500   │   100   │  356000   │ 2038942000 │ 1676038920000 │ '2023-02-10T14:22:00.000Z' │ 100  │  0   │  0  │ Infinity │    0     │ 1713.6 │ 5580.2 │  0  │     │  100   │   356000   │  -304500  │  -1079370000  │  100  │  356000  │ 0.1 │
│   77    │ 3.55 │ 3.56 │ 3.55 │ 3.56 │ 4000  │ 14200000  │  579500   │  6000   │ 21302000  │ 2060244000 │ 1676039040000 │ '2023-02-10T14:24:00.000Z' │ 33.3 │ 66.7 │  0  │   0.5    │    2     │ 1713.6 │ 5580.2 │  0  │ 0.7 │ -2000  │  -7098000  │  -306500  │  -1086468000  │ 2000  │ 7102000  │ 1.2 │
│   78    │ 3.56 │ 3.56 │ 3.56 │ 3.56 │  100  │  356000   │  580100   │   600   │  2136000  │ 2062380000 │ 1676039160000 │ '2023-02-10T14:26:00.000Z' │ 83.3 │ 16.7 │  0  │    5     │   0.2    │ 1713.6 │ 5580.2 │  0  │  0  │  400   │  1424000   │  -306100  │  -1085044000  │  500  │ 1780000  │ 0.3 │
│   79    │ 3.57 │ 3.57 │ 3.56 │ 3.56 │       │           │  581900   │  1800   │  6409000  │ 2068789000 │ 1676039280000 │ '2023-02-10T14:28:00.000Z' │ 100  │  0   │  0  │ Infinity │    0     │ 1713.6 │ 5580.2 │  0  │     │  1800  │  6409000   │  -304300  │  -1078635000  │ 1800  │ 6409000  │ 1.1 │
│   80    │ 3.57 │ 3.57 │ 3.57 │ 3.57 │ 8900  │ 31773000  │  590800   │  8900   │ 31773000  │ 2100562000 │ 1676040240000 │ '2023-02-10T14:44:00.000Z' │  0   │ 100  │  0  │    0     │ Infinity │ 1713.6 │ 5580.2 │  0  │ 1.6 │ -8900  │ -31773000  │  -313200  │  -1110408000  │       │          │     │
├─────────┼──────┼──────┼──────┼──────┼───────┼───────────┼───────────┼─────────┼───────────┼────────────┼───────────────┼────────────────────────────┼──────┼──────┼─────┼──────────┼──────────┼────────┼────────┼─────┼─────┼────────┼────────────┼───────────┼───────────────┼───────┼──────────┼─────┤
│ (index) │  c   │  h   │  l   │  o   │  sd   │  val_sd   │ total_vol │ sum_vol │    val    │  acum_val  │   datetime    │            date            │ pbu  │ psd  │ puk │    bs    │    sb    │  abu   │  asd   │ auk │ rsd │ bu-sd  │ bu-sd_val  │ acum_busd │ acum_busd_val │  bu   │  val_bu  │ rbu │
├─────────┼──────┼──────┼──────┼──────┼───────┼───────────┼───────────┼─────────┼───────────┼────────────┼───────────────┼────────────────────────────┼──────┼──────┼─────┼──────────┼──────────┼────────┼────────┼─────┼─────┼────────┼────────────┼───────────┼───────────────┼───────┼──────────┼─────┤
└─────────┴──────┴──────┴──────┴──────┴───────┴───────────┴───────────┴─────────┴───────────┴────────────┴───────────────┴────────────────────────────┴──────┴──────┴─────┴──────────┴──────────┴────────┴────────┴─────┴─────┴────────┴────────────┴───────────┴───────────────┴───────┴──────────┴─────┘

