┌─────────┬──────┬──────┬──────┬──────┬───────┬──────────┬───────────┬─────────┬───────────┬────────────┬───────────────┬────────────────────────────┬──────┬──────┬─────┬──────────┬──────────┬────────┬───────┬─────┬──────┬───────┬───────────┬───────────┬───────────────┬──────┬──────────┬─────┐
│ (index) │  c   │  h   │  l   │  o   │  bu   │  val_bu  │ total_vol │ sum_vol │    val    │  acum_val  │   datetime    │            date            │ pbu  │ psd  │ puk │    bs    │    sb    │  abu   │  asd  │ auk │ rbu  │ bu-sd │ bu-sd_val │ acum_busd │ acum_busd_val │  sd  │  val_sd  │ rsd │
├─────────┼──────┼──────┼──────┼──────┼───────┼──────────┼───────────┼─────────┼───────────┼────────────┼───────────────┼────────────────────────────┼──────┼──────┼─────┼──────────┼──────────┼────────┼───────┼─────┼──────┼───────┼───────────┼───────────┼───────────────┼──────┼──────────┼─────┤
│    0    │ 7.45 │ 7.45 │ 7.45 │ 7.45 │  400  │ 2980000  │    400    │   400   │  2980000  │  2980000   │ 1676020440000 │ '2023-02-10T09:14:00.000Z' │ 100  │  0   │  0  │ Infinity │    0     │ 1224.4 │ 803.8 │  0  │ 0.3  │  400  │  2980000  │    400    │    2980000    │      │          │     │
│    1    │ 7.4  │ 7.4  │ 7.4  │ 7.4  │  500  │ 3700000  │   1900    │  1500   │ 11100000  │  14080000  │ 1676020560000 │ '2023-02-10T09:16:00.000Z' │ 33.3 │ 66.7 │  0  │   0.5    │    2     │ 1224.4 │ 803.8 │  0  │ 0.4  │ -500  │ -3700000  │   -100    │    -720000    │ 1000 │ 7400000  │ 1.2 │
│    2    │ 7.5  │ 7.5  │ 7.4  │ 7.4  │ 11700 │ 87080000 │   13600   │  11700  │ 87080000  │ 101160000  │ 1676020680000 │ '2023-02-10T09:18:00.000Z' │ 100  │  0   │  0  │ Infinity │    0     │ 1224.4 │ 803.8 │  0  │ 9.6  │ 11700 │ 87080000  │   11600   │   86360000    │      │          │     │
│    3    │ 7.47 │ 7.55 │ 7.47 │ 7.55 │  500  │ 3770000  │   17400   │  3800   │ 28496000  │ 129656000  │ 1676020800000 │ '2023-02-10T09:20:00.000Z' │ 13.2 │ 86.8 │  0  │   0.2    │   6.6    │ 1224.4 │ 803.8 │  0  │ 0.4  │ -2800 │ -20956000 │   8800    │   65404000    │ 3300 │ 24726000 │ 4.1 │
│    4    │ 7.47 │ 7.47 │ 7.45 │ 7.45 │ 10600 │ 78972000 │   33000   │  15600  │ 116222000 │ 245878000  │ 1676020920000 │ '2023-02-10T09:22:00.000Z' │ 67.9 │ 32.1 │  0  │   2.1    │   0.5    │ 1224.4 │ 803.8 │  0  │ 8.7  │ 5600  │ 41722000  │   14400   │   107126000   │ 5000 │ 37250000 │ 6.2 │
│    5    │ 7.45 │ 7.45 │ 7.45 │ 7.45 │ 1100  │ 8195000  │   35000   │  2000   │ 14900000  │ 260778000  │ 1676021040000 │ '2023-02-10T09:24:00.000Z' │  55  │  45  │  0  │   1.2    │   0.8    │ 1224.4 │ 803.8 │  0  │ 0.9  │  200  │  1490000  │   14600   │   108616000   │ 900  │ 6705000  │ 1.1 │
│    6    │ 7.41 │ 7.41 │ 7.41 │ 7.41 │       │          │   35500   │  1000   │  7410000  │ 268188000  │ 1676021160000 │ '2023-02-10T09:26:00.000Z' │  0   │ 100  │  0  │    0     │ Infinity │ 1224.4 │ 803.8 │  0  │      │ -1000 │ -7410000  │   13600   │   101206000   │ 1000 │ 7410000  │ 1.2 │
│    7    │ 7.4  │ 7.4  │ 7.4  │ 7.4  │       │          │   37800   │  1800   │ 13320000  │ 281508000  │ 1676021280000 │ '2023-02-10T09:28:00.000Z' │  0   │ 100  │  0  │    0     │ Infinity │ 1224.4 │ 803.8 │  0  │      │ -1800 │ -13320000 │   11800   │   87886000    │ 1800 │ 13320000 │ 2.2 │
│    8    │ 7.4  │ 7.4  │ 7.4  │ 7.4  │  100  │  740000  │   37900   │   100   │  740000   │ 282248000  │ 1676021400000 │ '2023-02-10T09:30:00.000Z' │ 100  │  0   │  0  │ Infinity │    0     │ 1224.4 │ 803.8 │  0  │ 0.1  │  100  │  740000   │   11900   │   88626000    │      │          │     │
│    9    │ 7.4  │ 7.4  │ 7.4  │ 7.4  │  100  │  740000  │   38000   │   100   │  740000   │ 282988000  │ 1676021520000 │ '2023-02-10T09:32:00.000Z' │ 100  │  0   │  0  │ Infinity │    0     │ 1224.4 │ 803.8 │  0  │ 0.1  │  100  │  740000   │   12000   │   89366000    │      │          │     │
│   10    │ 7.41 │ 7.41 │ 7.36 │ 7.37 │ 2100  │ 15541000 │   47100   │  9100   │ 67066000  │ 350054000  │ 1676021640000 │ '2023-02-10T09:34:00.000Z' │ 23.1 │ 76.9 │  0  │   0.3    │   3.3    │ 1224.4 │ 803.8 │  0  │ 1.7  │ -4900 │ -35984000 │   7100    │   53382000    │ 7000 │ 51525000 │ 8.7 │
│   11    │ 7.36 │ 7.4  │ 7.36 │ 7.4  │       │          │   49200   │  2100   │ 15496000  │ 365550000  │ 1676021760000 │ '2023-02-10T09:36:00.000Z' │  0   │ 100  │  0  │    0     │ Infinity │ 1224.4 │ 803.8 │  0  │      │ -2100 │ -15496000 │   5000    │   37886000    │ 2100 │ 15496000 │ 2.6 │
│   12    │ 7.35 │ 7.35 │ 7.3  │ 7.35 │  100  │  735000  │   52400   │  3200   │ 23406000  │ 388956000  │ 1676021880000 │ '2023-02-10T09:38:00.000Z' │ 3.1  │ 96.9 │  0  │    0     │    31    │ 1224.4 │ 803.8 │  0  │ 0.1  │ -3000 │ -21936000 │   2000    │   15950000    │ 3100 │ 22671000 │ 3.9 │
│   13    │ 7.3  │ 7.35 │ 7.3  │ 7.3  │  100  │  735000  │   57500   │  5100   │ 37241000  │ 426197000  │ 1676022120000 │ '2023-02-10T09:42:00.000Z' │  2   │  98  │  0  │    0     │    50    │ 1224.4 │ 803.8 │  0  │ 0.1  │ -4900 │ -35771000 │   -2900   │   -19821000   │ 5000 │ 36506000 │ 6.2 │
│   14    │ 7.34 │ 7.34 │ 7.34 │ 7.34 │ 1000  │ 7340000  │   58500   │  1000   │  7340000  │ 433537000  │ 1676022240000 │ '2023-02-10T09:44:00.000Z' │ 100  │  0   │  0  │ Infinity │    0     │ 1224.4 │ 803.8 │  0  │ 0.8  │ 1000  │  7340000  │   -1900   │   -12481000   │      │          │     │
│   15    │ 7.33 │ 7.35 │ 7.33 │ 7.35 │  400  │ 2934000  │   60600   │  2100   │ 15395000  │ 448932000  │ 1676022360000 │ '2023-02-10T09:46:00.000Z' │  19  │  81  │  0  │   0.2    │   4.3    │ 1224.4 │ 803.8 │  0  │ 0.3  │ -1300 │ -9527000  │   -3200   │   -22008000   │ 1700 │ 12461000 │ 2.1 │
│   16    │ 7.35 │ 7.35 │ 7.35 │ 7.35 │  100  │  735000  │   60700   │   100   │  735000   │ 449667000  │ 1676022600000 │ '2023-02-10T09:50:00.000Z' │ 100  │  0   │  0  │ Infinity │    0     │ 1224.4 │ 803.8 │  0  │ 0.1  │  100  │  735000   │   -3100   │   -21273000   │      │          │     │
│   17    │ 7.4  │ 7.4  │ 7.35 │ 7.35 │ 5700  │ 41905000 │   66400   │  5700   │ 41905000  │ 491572000  │ 1676022960000 │ '2023-02-10T09:56:00.000Z' │ 100  │  0   │  0  │ Infinity │    0     │ 1224.4 │ 803.8 │  0  │ 4.7  │ 5700  │ 41905000  │   2600    │   20632000    │      │          │     │
│   18    │ 7.45 │ 7.45 │ 7.4  │ 7.4  │ 5800  │ 42934000 │   72200   │  5800   │ 42934000  │ 534506000  │ 1676023080000 │ '2023-02-10T09:58:00.000Z' │ 100  │  0   │  0  │ Infinity │    0     │ 1224.4 │ 803.8 │  0  │ 4.7  │ 5800  │ 42934000  │   8400    │   63566000    │      │          │     │
│   19    │ 7.41 │ 7.41 │ 7.41 │ 7.41 │       │          │   72300   │   100   │  741000   │ 535247000  │ 1676023200000 │ '2023-02-10T10:00:00.000Z' │  0   │ 100  │  0  │    0     │ Infinity │ 1224.4 │ 803.8 │  0  │      │ -100  │  -741000  │   8300    │   62825000    │ 100  │  741000  │ 0.1 │
│   20    │ 7.4  │ 7.4  │ 7.4  │ 7.4  │  500  │ 3700000  │   74000   │  1700   │ 12580000  │ 547827000  │ 1676023320000 │ '2023-02-10T10:02:00.000Z' │ 29.4 │ 70.6 │  0  │   0.4    │   2.4    │ 1224.4 │ 803.8 │  0  │ 0.4  │ -700  │ -5180000  │   7600    │   57645000    │ 1200 │ 8880000  │ 1.5 │
├─────────┼──────┼──────┼──────┼──────┼───────┼──────────┼───────────┼─────────┼───────────┼────────────┼───────────────┼────────────────────────────┼──────┼──────┼─────┼──────────┼──────────┼────────┼───────┼─────┼──────┼───────┼───────────┼───────────┼───────────────┼──────┼──────────┼─────┤
│ (index) │  c   │  h   │  l   │  o   │  bu   │  val_bu  │ total_vol │ sum_vol │    val    │  acum_val  │   datetime    │            date            │ pbu  │ psd  │ puk │    bs    │    sb    │  abu   │  asd  │ auk │ rbu  │ bu-sd │ bu-sd_val │ acum_busd │ acum_busd_val │  sd  │  val_sd  │ rsd │
├─────────┼──────┼──────┼──────┼──────┼───────┼──────────┼───────────┼─────────┼───────────┼────────────┼───────────────┼────────────────────────────┼──────┼──────┼─────┼──────────┼──────────┼────────┼───────┼─────┼──────┼───────┼───────────┼───────────┼───────────────┼──────┼──────────┼─────┤
│   21    │ 7.35 │ 7.4  │ 7.35 │ 7.4  │ 2300  │ 17020000 │   77500   │  3500   │ 25875000  │ 573702000  │ 1676023560000 │ '2023-02-10T10:06:00.000Z' │ 65.7 │ 34.3 │  0  │   1.9    │   0.5    │ 1224.4 │ 803.8 │  0  │ 1.9  │ 1100  │  8165000  │   8700    │   65810000    │ 1200 │ 8855000  │ 1.5 │
│   22    │ 7.4  │ 7.4  │ 7.4  │ 7.4  │       │          │   77600   │   100   │  740000   │ 574442000  │ 1676023680000 │ '2023-02-10T10:08:00.000Z' │  0   │ 100  │  0  │    0     │ Infinity │ 1224.4 │ 803.8 │  0  │      │ -100  │  -740000  │   8600    │   65070000    │ 100  │  740000  │ 0.1 │
│   23    │ 7.4  │ 7.4  │ 7.4  │ 7.4  │  300  │ 2220000  │   77900   │   300   │  2220000  │ 576662000  │ 1676023800000 │ '2023-02-10T10:10:00.000Z' │ 100  │  0   │  0  │ Infinity │    0     │ 1224.4 │ 803.8 │  0  │ 0.2  │  300  │  2220000  │   8900    │   67290000    │      │          │     │
│   24    │ 7.35 │ 7.35 │ 7.35 │ 7.35 │       │          │   78100   │   200   │  1470000  │ 578132000  │ 1676023920000 │ '2023-02-10T10:12:00.000Z' │  0   │ 100  │  0  │    0     │ Infinity │ 1224.4 │ 803.8 │  0  │      │ -200  │ -1470000  │   8700    │   65820000    │ 200  │ 1470000  │ 0.2 │
│   25    │ 7.33 │ 7.4  │ 7.33 │ 7.4  │  300  │ 2220000  │   80600   │  2500   │ 18346000  │ 596478000  │ 1676024040000 │ '2023-02-10T10:14:00.000Z' │  12  │  88  │  0  │   0.1    │   7.3    │ 1224.4 │ 803.8 │  0  │ 0.2  │ -1900 │ -13906000 │   6800    │   51914000    │ 2200 │ 16126000 │ 2.7 │
│   26    │ 7.45 │ 7.45 │ 7.33 │ 7.33 │ 2100  │ 15569000 │   83100   │  2500   │ 18501000  │ 614979000  │ 1676024160000 │ '2023-02-10T10:16:00.000Z' │  84  │  16  │  0  │   5.3    │   0.2    │ 1224.4 │ 803.8 │  0  │ 1.7  │ 1700  │ 12637000  │   8500    │   64551000    │ 400  │ 2932000  │ 0.5 │
│   27    │ 7.4  │ 7.41 │ 7.4  │ 7.41 │       │          │   84400   │  1300   │  9622000  │ 624601000  │ 1676024280000 │ '2023-02-10T10:18:00.000Z' │  0   │ 100  │  0  │    0     │ Infinity │ 1224.4 │ 803.8 │  0  │      │ -1300 │ -9622000  │   7200    │   54929000    │ 1300 │ 9622000  │ 1.6 │
│   28    │ 7.4  │ 7.4  │ 7.4  │ 7.4  │  100  │  740000  │   84500   │   100   │  740000   │ 625341000  │ 1676024880000 │ '2023-02-10T10:28:00.000Z' │ 100  │  0   │  0  │ Infinity │    0     │ 1224.4 │ 803.8 │  0  │ 0.1  │  100  │  740000   │   7300    │   55669000    │      │          │     │
│   29    │ 7.4  │ 7.4  │ 7.4  │ 7.4  │  200  │ 1480000  │   84700   │   200   │  1480000  │ 626821000  │ 1676025120000 │ '2023-02-10T10:32:00.000Z' │ 100  │  0   │  0  │ Infinity │    0     │ 1224.4 │ 803.8 │  0  │ 0.2  │  200  │  1480000  │   7500    │   57149000    │      │          │     │
│   30    │ 7.4  │ 7.4  │ 7.4  │ 7.4  │  100  │  740000  │   84800   │   100   │  740000   │ 627561000  │ 1676025360000 │ '2023-02-10T10:36:00.000Z' │ 100  │  0   │  0  │ Infinity │    0     │ 1224.4 │ 803.8 │  0  │ 0.1  │  100  │  740000   │   7600    │   57889000    │      │          │     │
│   31    │ 7.3  │ 7.33 │ 7.3  │ 7.33 │  100  │  730000  │   91600   │  6800   │ 49682000  │ 677243000  │ 1676025480000 │ '2023-02-10T10:38:00.000Z' │ 1.5  │ 98.5 │  0  │    0     │    67    │ 1224.4 │ 803.8 │  0  │ 0.1  │ -6600 │ -48222000 │   1000    │    9667000    │ 6700 │ 48952000 │ 8.3 │
│   32    │ 7.3  │ 7.3  │ 7.3  │ 7.3  │ 1200  │ 8760000  │   92800   │  1200   │  8760000  │ 686003000  │ 1676025720000 │ '2023-02-10T10:42:00.000Z' │ 100  │  0   │  0  │ Infinity │    0     │ 1224.4 │ 803.8 │  0  │  1   │ 1200  │  8760000  │   2200    │   18427000    │      │          │     │
│   33    │ 7.4  │ 7.4  │ 7.3  │ 7.3  │  100  │  740000  │   93100   │   300   │  2200000  │ 688203000  │ 1676026080000 │ '2023-02-10T10:48:00.000Z' │ 33.3 │ 66.7 │  0  │   0.5    │    2     │ 1224.4 │ 803.8 │  0  │ 0.1  │ -100  │  -720000  │   2100    │   17707000    │ 200  │ 1460000  │ 0.2 │
│   34    │ 7.3  │ 7.3  │ 7.3  │ 7.3  │       │          │   94000   │   900   │  6570000  │ 694773000  │ 1676026200000 │ '2023-02-10T10:50:00.000Z' │  0   │ 100  │  0  │    0     │ Infinity │ 1224.4 │ 803.8 │  0  │      │ -900  │ -6570000  │   1200    │   11137000    │ 900  │ 6570000  │ 1.1 │
│   35    │ 7.3  │ 7.3  │ 7.3  │ 7.3  │  200  │ 1460000  │   94200   │   200   │  1460000  │ 696233000  │ 1676026680000 │ '2023-02-10T10:58:00.000Z' │ 100  │  0   │  0  │ Infinity │    0     │ 1224.4 │ 803.8 │  0  │ 0.2  │  200  │  1460000  │   1400    │   12597000    │      │          │     │
│   36    │ 7.3  │ 7.3  │ 7.3  │ 7.3  │  500  │ 3650000  │   94700   │   500   │  3650000  │ 699883000  │ 1676026800000 │ '2023-02-10T11:00:00.000Z' │ 100  │  0   │  0  │ Infinity │    0     │ 1224.4 │ 803.8 │  0  │ 0.4  │  500  │  3650000  │   1900    │   16247000    │      │          │     │
│   37    │ 7.3  │ 7.3  │ 7.3  │ 7.3  │ 2000  │ 14600000 │   96700   │  2000   │ 14600000  │ 714483000  │ 1676026920000 │ '2023-02-10T11:02:00.000Z' │ 100  │  0   │  0  │ Infinity │    0     │ 1224.4 │ 803.8 │  0  │ 1.6  │ 2000  │ 14600000  │   3900    │   30847000    │      │          │     │
│   38    │ 7.3  │ 7.3  │ 7.3  │ 7.3  │  400  │ 2920000  │   97100   │   400   │  2920000  │ 717403000  │ 1676027040000 │ '2023-02-10T11:04:00.000Z' │ 100  │  0   │  0  │ Infinity │    0     │ 1224.4 │ 803.8 │  0  │ 0.3  │  400  │  2920000  │   4300    │   33767000    │      │          │     │
│   39    │ 7.35 │ 7.35 │ 7.35 │ 7.35 │       │          │   97400   │   300   │  2205000  │ 719608000  │ 1676027640000 │ '2023-02-10T11:14:00.000Z' │  0   │ 100  │  0  │    0     │ Infinity │ 1224.4 │ 803.8 │  0  │      │ -300  │ -2205000  │   4000    │   31562000    │ 300  │ 2205000  │ 0.4 │
│   40    │ 7.3  │ 7.3  │ 7.3  │ 7.3  │       │          │   97900   │   500   │  3650000  │ 723258000  │ 1676027760000 │ '2023-02-10T11:16:00.000Z' │  0   │ 100  │  0  │    0     │ Infinity │ 1224.4 │ 803.8 │  0  │      │ -500  │ -3650000  │   3500    │   27912000    │ 500  │ 3650000  │ 0.6 │
├─────────┼──────┼──────┼──────┼──────┼───────┼──────────┼───────────┼─────────┼───────────┼────────────┼───────────────┼────────────────────────────┼──────┼──────┼─────┼──────────┼──────────┼────────┼───────┼─────┼──────┼───────┼───────────┼───────────┼───────────────┼──────┼──────────┼─────┤
│ (index) │  c   │  h   │  l   │  o   │  bu   │  val_bu  │ total_vol │ sum_vol │    val    │  acum_val  │   datetime    │            date            │ pbu  │ psd  │ puk │    bs    │    sb    │  abu   │  asd  │ auk │ rbu  │ bu-sd │ bu-sd_val │ acum_busd │ acum_busd_val │  sd  │  val_sd  │ rsd │
├─────────┼──────┼──────┼──────┼──────┼───────┼──────────┼───────────┼─────────┼───────────┼────────────┼───────────────┼────────────────────────────┼──────┼──────┼─────┼──────────┼──────────┼────────┼───────┼─────┼──────┼───────┼───────────┼───────────┼───────────────┼──────┼──────────┼─────┤
│   41    │ 7.3  │ 7.3  │ 7.3  │ 7.3  │       │          │   98700   │   800   │  5840000  │ 729098000  │ 1676028120000 │ '2023-02-10T11:22:00.000Z' │  0   │ 100  │  0  │    0     │ Infinity │ 1224.4 │ 803.8 │  0  │      │ -800  │ -5840000  │   2700    │   22072000    │ 800  │ 5840000  │  1  │
│   42    │ 7.29 │ 7.29 │ 7.29 │ 7.29 │       │          │   98800   │   100   │  729000   │ 729827000  │ 1676028240000 │ '2023-02-10T11:24:00.000Z' │  0   │ 100  │  0  │    0     │ Infinity │ 1224.4 │ 803.8 │  0  │      │ -100  │  -729000  │   2600    │   21343000    │ 100  │  729000  │ 0.1 │
│   43    │ 7.29 │ 7.29 │ 7.29 │ 7.29 │       │          │  100200   │  1400   │ 10206000  │ 740033000  │ 1676028360000 │ '2023-02-10T11:26:00.000Z' │  0   │ 100  │  0  │    0     │ Infinity │ 1224.4 │ 803.8 │  0  │      │ -1400 │ -10206000 │   1200    │   11137000    │ 1400 │ 10206000 │ 1.7 │
│   44    │ 7.38 │ 7.38 │ 7.29 │ 7.29 │ 2300  │ 16815000 │  102500   │  2300   │ 16815000  │ 756848000  │ 1676028480000 │ '2023-02-10T11:28:00.000Z' │ 100  │  0   │  0  │ Infinity │    0     │ 1224.4 │ 803.8 │  0  │ 1.9  │ 2300  │ 16815000  │   3500    │   27952000    │      │          │     │
│   45    │ 7.3  │ 7.3  │ 7.3  │ 7.3  │       │          │  102700   │   200   │  1460000  │ 758308000  │ 1676034000000 │ '2023-02-10T13:00:00.000Z' │  0   │ 100  │  0  │    0     │ Infinity │ 1224.4 │ 803.8 │  0  │      │ -200  │ -1460000  │   3300    │   26492000    │ 200  │ 1460000  │ 0.2 │
│   46    │ 7.3  │ 7.3  │ 7.3  │ 7.3  │  100  │  730000  │  102800   │   100   │  730000   │ 759038000  │ 1676034240000 │ '2023-02-10T13:04:00.000Z' │ 100  │  0   │  0  │ Infinity │    0     │ 1224.4 │ 803.8 │  0  │ 0.1  │  100  │  730000   │   3400    │   27222000    │      │          │     │
│   47    │ 7.3  │ 7.3  │ 7.29 │ 7.29 │ 1100  │ 8020000  │  103900   │  1100   │  8020000  │ 767058000  │ 1676034360000 │ '2023-02-10T13:06:00.000Z' │ 100  │  0   │  0  │ Infinity │    0     │ 1224.4 │ 803.8 │  0  │ 0.9  │ 1100  │  8020000  │   4500    │   35242000    │      │          │     │
│   48    │ 7.3  │ 7.3  │ 7.28 │ 7.29 │ 1500  │ 10922000 │  108000   │  4100   │ 29851000  │ 796909000  │ 1676034600000 │ '2023-02-10T13:10:00.000Z' │ 36.6 │ 63.4 │  0  │   0.6    │   1.7    │ 1224.4 │ 803.8 │  0  │ 1.2  │ -1100 │ -8007000  │   3400    │   27235000    │ 2600 │ 18929000 │ 3.2 │
│   49    │ 7.3  │ 7.3  │ 7.3  │ 7.3  │  400  │ 2920000  │  108400   │   400   │  2920000  │ 799829000  │ 1676034720000 │ '2023-02-10T13:12:00.000Z' │ 100  │  0   │  0  │ Infinity │    0     │ 1224.4 │ 803.8 │  0  │ 0.3  │  400  │  2920000  │   3800    │   30155000    │      │          │     │
│   50    │ 7.3  │ 7.3  │ 7.3  │ 7.3  │  400  │ 2920000  │  108800   │   400   │  2920000  │ 802749000  │ 1676034840000 │ '2023-02-10T13:14:00.000Z' │ 100  │  0   │  0  │ Infinity │    0     │ 1224.4 │ 803.8 │  0  │ 0.3  │  400  │  2920000  │   4200    │   33075000    │      │          │     │
│   51    │ 7.3  │ 7.3  │ 7.3  │ 7.3  │  100  │  730000  │  108900   │   100   │  730000   │ 803479000  │ 1676035200000 │ '2023-02-10T13:20:00.000Z' │ 100  │  0   │  0  │ Infinity │    0     │ 1224.4 │ 803.8 │  0  │ 0.1  │  100  │  730000   │   4300    │   33805000    │      │          │     │
│   52    │ 7.3  │ 7.3  │ 7.3  │ 7.3  │  600  │ 4380000  │  109500   │   600   │  4380000  │ 807859000  │ 1676035440000 │ '2023-02-10T13:24:00.000Z' │ 100  │  0   │  0  │ Infinity │    0     │ 1224.4 │ 803.8 │  0  │ 0.5  │  600  │  4380000  │   4900    │   38185000    │      │          │     │
│   53    │ 7.3  │ 7.3  │ 7.3  │ 7.3  │  200  │ 1460000  │  109700   │   200   │  1460000  │ 809319000  │ 1676035680000 │ '2023-02-10T13:28:00.000Z' │ 100  │  0   │  0  │ Infinity │    0     │ 1224.4 │ 803.8 │  0  │ 0.2  │  200  │  1460000  │   5100    │   39645000    │      │          │     │
│   54    │ 7.38 │ 7.38 │ 7.3  │ 7.3  │ 2300  │ 16826000 │  112000   │  2300   │ 16826000  │ 826145000  │ 1676035800000 │ '2023-02-10T13:30:00.000Z' │ 100  │  0   │  0  │ Infinity │    0     │ 1224.4 │ 803.8 │  0  │ 1.9  │ 2300  │ 16826000  │   7400    │   56471000    │      │          │     │
│   55    │ 7.38 │ 7.38 │ 7.38 │ 7.38 │  100  │  738000  │  112100   │   100   │  738000   │ 826883000  │ 1676035920000 │ '2023-02-10T13:32:00.000Z' │ 100  │  0   │  0  │ Infinity │    0     │ 1224.4 │ 803.8 │  0  │ 0.1  │  100  │  738000   │   7500    │   57209000    │      │          │     │
│   56    │ 7.38 │ 7.38 │ 7.38 │ 7.38 │  500  │ 3690000  │  112600   │   500   │  3690000  │ 830573000  │ 1676036040000 │ '2023-02-10T13:34:00.000Z' │ 100  │  0   │  0  │ Infinity │    0     │ 1224.4 │ 803.8 │  0  │ 0.4  │  500  │  3690000  │   8000    │   60899000    │      │          │     │
│   57    │ 7.38 │ 7.38 │ 7.38 │ 7.38 │ 1100  │ 8118000  │  113700   │  1100   │  8118000  │ 838691000  │ 1676036160000 │ '2023-02-10T13:36:00.000Z' │ 100  │  0   │  0  │ Infinity │    0     │ 1224.4 │ 803.8 │  0  │ 0.9  │ 1100  │  8118000  │   9100    │   69017000    │      │          │     │
│   58    │ 7.38 │ 7.38 │ 7.38 │ 7.38 │ 2000  │ 14760000 │  115700   │  2000   │ 14760000  │ 853451000  │ 1676036280000 │ '2023-02-10T13:38:00.000Z' │ 100  │  0   │  0  │ Infinity │    0     │ 1224.4 │ 803.8 │  0  │ 1.6  │ 2000  │ 14760000  │   11100   │   83777000    │      │          │     │
│   59    │ 7.38 │ 7.4  │ 7.38 │ 7.38 │  600  │ 4430000  │  116800   │  1100   │  8120000  │ 861571000  │ 1676036400000 │ '2023-02-10T13:40:00.000Z' │ 54.5 │ 45.5 │  0  │   1.2    │   0.8    │ 1224.4 │ 803.8 │  0  │ 0.5  │  100  │  740000   │   11200   │   84517000    │ 500  │ 3690000  │ 0.6 │
│   60    │ 7.38 │ 7.38 │ 7.38 │ 7.38 │  100  │  738000  │  116900   │   100   │  738000   │ 862309000  │ 1676036520000 │ '2023-02-10T13:42:00.000Z' │ 100  │  0   │  0  │ Infinity │    0     │ 1224.4 │ 803.8 │  0  │ 0.1  │  100  │  738000   │   11300   │   85255000    │      │          │     │
├─────────┼──────┼──────┼──────┼──────┼───────┼──────────┼───────────┼─────────┼───────────┼────────────┼───────────────┼────────────────────────────┼──────┼──────┼─────┼──────────┼──────────┼────────┼───────┼─────┼──────┼───────┼───────────┼───────────┼───────────────┼──────┼──────────┼─────┤
│ (index) │  c   │  h   │  l   │  o   │  bu   │  val_bu  │ total_vol │ sum_vol │    val    │  acum_val  │   datetime    │            date            │ pbu  │ psd  │ puk │    bs    │    sb    │  abu   │  asd  │ auk │ rbu  │ bu-sd │ bu-sd_val │ acum_busd │ acum_busd_val │  sd  │  val_sd  │ rsd │
├─────────┼──────┼──────┼──────┼──────┼───────┼──────────┼───────────┼─────────┼───────────┼────────────┼───────────────┼────────────────────────────┼──────┼──────┼─────┼──────────┼──────────┼────────┼───────┼─────┼──────┼───────┼───────────┼───────────┼───────────────┼──────┼──────────┼─────┤
│   61    │ 7.3  │ 7.37 │ 7.3  │ 7.37 │       │          │  119200   │  2300   │ 16797000  │ 879106000  │ 1676036640000 │ '2023-02-10T13:44:00.000Z' │  0   │ 100  │  0  │    0     │ Infinity │ 1224.4 │ 803.8 │  0  │      │ -2300 │ -16797000 │   9000    │   68458000    │ 2300 │ 16797000 │ 2.9 │
│   62    │ 7.3  │ 7.3  │ 7.3  │ 7.3  │  100  │  730000  │  119300   │   100   │  730000   │ 879836000  │ 1676036760000 │ '2023-02-10T13:46:00.000Z' │ 100  │  0   │  0  │ Infinity │    0     │ 1224.4 │ 803.8 │  0  │ 0.1  │  100  │  730000   │   9100    │   69188000    │      │          │     │
│   63    │ 7.3  │ 7.3  │ 7.3  │ 7.3  │ 3300  │ 24090000 │  122600   │  3300   │ 24090000  │ 903926000  │ 1676036880000 │ '2023-02-10T13:48:00.000Z' │ 100  │  0   │  0  │ Infinity │    0     │ 1224.4 │ 803.8 │  0  │ 2.7  │ 3300  │ 24090000  │   12400   │   93278000    │      │          │     │
│   64    │ 7.3  │ 7.3  │ 7.29 │ 7.29 │  100  │  730000  │  124700   │  2100   │ 15310000  │ 919236000  │ 1676037000000 │ '2023-02-10T13:50:00.000Z' │ 4.8  │ 95.2 │  0  │   0.1    │    20    │ 1224.4 │ 803.8 │  0  │ 0.1  │ -1900 │ -13850000 │   10500   │   79428000    │ 2000 │ 14580000 │ 2.5 │
│   65    │ 7.38 │ 7.38 │ 7.3  │ 7.3  │  800  │ 5848000  │  125500   │   800   │  5848000  │ 925084000  │ 1676037120000 │ '2023-02-10T13:52:00.000Z' │ 100  │  0   │  0  │ Infinity │    0     │ 1224.4 │ 803.8 │  0  │ 0.7  │  800  │  5848000  │   11300   │   85276000    │      │          │     │
│   66    │ 7.38 │ 7.38 │ 7.38 │ 7.38 │ 1000  │ 7380000  │  126500   │  1000   │  7380000  │ 932464000  │ 1676037600000 │ '2023-02-10T14:00:00.000Z' │ 100  │  0   │  0  │ Infinity │    0     │ 1224.4 │ 803.8 │  0  │ 0.8  │ 1000  │  7380000  │   12300   │   92656000    │      │          │     │
│   67    │ 7.4  │ 7.4  │ 7.38 │ 7.38 │ 2000  │ 14768000 │  128500   │  2000   │ 14768000  │ 947232000  │ 1676037720000 │ '2023-02-10T14:02:00.000Z' │ 100  │  0   │  0  │ Infinity │    0     │ 1224.4 │ 803.8 │  0  │ 1.6  │ 2000  │ 14768000  │   14300   │   107424000   │      │          │     │
│   68    │ 7.4  │ 7.4  │ 7.4  │ 7.4  │ 1000  │ 7400000  │  129500   │  1000   │  7400000  │ 954632000  │ 1676037960000 │ '2023-02-10T14:06:00.000Z' │ 100  │  0   │  0  │ Infinity │    0     │ 1224.4 │ 803.8 │  0  │ 0.8  │ 1000  │  7400000  │   15300   │   114824000   │      │          │     │
│   69    │ 7.4  │ 7.4  │ 7.4  │ 7.4  │  400  │ 2960000  │  129900   │   400   │  2960000  │ 957592000  │ 1676038080000 │ '2023-02-10T14:08:00.000Z' │ 100  │  0   │  0  │ Infinity │    0     │ 1224.4 │ 803.8 │  0  │ 0.3  │  400  │  2960000  │   15700   │   117784000   │      │          │     │
│   70    │ 7.35 │ 7.35 │ 7.35 │ 7.35 │       │          │  131100   │  1200   │  8820000  │ 966412000  │ 1676038200000 │ '2023-02-10T14:10:00.000Z' │  0   │ 100  │  0  │    0     │ Infinity │ 1224.4 │ 803.8 │  0  │      │ -1200 │ -8820000  │   14500   │   108964000   │ 1200 │ 8820000  │ 1.5 │
│   71    │ 7.36 │ 7.36 │ 7.3  │ 7.3  │  100  │  736000  │  134500   │  3400   │ 24826000  │ 991238000  │ 1676038320000 │ '2023-02-10T14:12:00.000Z' │ 2.9  │ 97.1 │  0  │    0     │    33    │ 1224.4 │ 803.8 │  0  │ 0.1  │ -3200 │ -23354000 │   11300   │   85610000    │ 3300 │ 24090000 │ 4.1 │
│   72    │ 7.3  │ 7.31 │ 7.3  │ 7.31 │       │          │  134900   │   400   │  2921000  │ 994159000  │ 1676038800000 │ '2023-02-10T14:20:00.000Z' │  0   │ 100  │  0  │    0     │ Infinity │ 1224.4 │ 803.8 │  0  │      │ -400  │ -2921000  │   10900   │   82689000    │ 400  │ 2921000  │ 0.5 │
│   73    │ 7.3  │ 7.3  │ 7.3  │ 7.3  │  700  │ 5110000  │  135600   │   700   │  5110000  │ 999269000  │ 1676038920000 │ '2023-02-10T14:22:00.000Z' │ 100  │  0   │  0  │ Infinity │    0     │ 1224.4 │ 803.8 │  0  │ 0.6  │  700  │  5110000  │   11600   │   87799000    │      │          │     │
│   74    │ 7.3  │ 7.3  │ 7.3  │ 7.3  │  300  │ 2190000  │  135900   │   300   │  2190000  │ 1001459000 │ 1676039040000 │ '2023-02-10T14:24:00.000Z' │ 100  │  0   │  0  │ Infinity │    0     │ 1224.4 │ 803.8 │  0  │ 0.2  │  300  │  2190000  │   11900   │   89989000    │      │          │     │
│   75    │ 7.3  │ 7.3  │ 7.3  │ 7.3  │ 1000  │ 7300000  │  137600   │  1700   │ 12410000  │ 1013869000 │ 1676039160000 │ '2023-02-10T14:26:00.000Z' │ 58.8 │ 41.2 │  0  │   1.4    │   0.7    │ 1224.4 │ 803.8 │  0  │ 0.8  │  300  │  2190000  │   12200   │   92179000    │ 700  │ 5110000  │ 0.9 │
│   76    │ 7.44 │ 7.44 │ 7.3  │ 7.3  │ 12800 │ 94228000 │  150400   │  12800  │ 94228000  │ 1108097000 │ 1676039280000 │ '2023-02-10T14:28:00.000Z' │ 100  │  0   │  0  │ Infinity │    0     │ 1224.4 │ 803.8 │  0  │ 10.5 │ 12800 │ 94228000  │   25000   │   186407000   │      │          │     │
│   77    │ 7.44 │ 7.44 │ 7.44 │ 7.44 │ 7800  │ 58032000 │  158200   │  7800   │ 58032000  │ 1166129000 │ 1676040240000 │ '2023-02-10T14:44:00.000Z' │ 100  │  0   │  0  │ Infinity │    0     │ 1224.4 │ 803.8 │  0  │ 6.4  │ 7800  │ 58032000  │   32800   │   244439000   │      │          │     │
└─────────┴──────┴──────┴──────┴──────┴───────┴──────────┴───────────┴─────────┴───────────┴────────────┴───────────────┴────────────────────────────┴──────┴──────┴─────┴──────────┴──────────┴────────┴───────┴─────┴──────┴───────┴───────────┴───────────┴───────────────┴──────┴──────────┴─────┘

