┌─────────┬──────┬──────┬──────┬──────┬───────┬───────────┬───────────┬─────────┬───────────┬───────────┬───────────────┬────────────────────────────┬──────┬──────┬─────┬──────────┬──────────┬─────┬─────┬─────┬──────┬────────┬────────────┬───────────┬───────────────┬───────┬───────────┬──────┐
│ (index) │  c   │  h   │  l   │  o   │  sd   │  val_sd   │ total_vol │ sum_vol │    val    │ acum_val  │   datetime    │            date            │ pbu  │ psd  │ puk │    bs    │    sb    │ abu │ asd │ auk │ rsd  │ bu-sd  │ bu-sd_val  │ acum_busd │ acum_busd_val │  bu   │  val_bu   │ rbu  │
├─────────┼──────┼──────┼──────┼──────┼───────┼───────────┼───────────┼─────────┼───────────┼───────────┼───────────────┼────────────────────────────┼──────┼──────┼─────┼──────────┼──────────┼─────┼─────┼─────┼──────┼────────┼────────────┼───────────┼───────────────┼───────┼───────────┼──────┤
│    0    │ 10.8 │ 10.8 │ 10.8 │ 10.8 │  100  │  1080000  │    100    │   100   │  1080000  │  1080000  │ 1676020440000 │ '2023-02-10T09:14:00.000Z' │  0   │ 100  │  0  │    0     │ Infinity │ 930 │ 955 │  0  │ 0.1  │  -100  │  -1080000  │   -100    │   -1080000    │       │           │      │
│    1    │  11  │  11  │  11  │  11  │       │           │    400    │   300   │   3300    │  1083300  │ 1676022360000 │ '2023-02-10T09:46:00.000Z' │ 100  │  0   │  0  │ Infinity │    0     │ 930 │ 955 │  0  │      │  300   │    3300    │    200    │   -1076700    │  300  │   3300    │ 0.3  │
│    2    │ 10.8 │ 10.8 │ 10.8 │ 10.8 │  300  │  3240000  │    700    │   300   │  3240000  │  4323300  │ 1676023920000 │ '2023-02-10T10:12:00.000Z' │  0   │ 100  │  0  │    0     │ Infinity │ 930 │ 955 │  0  │ 0.3  │  -300  │  -3240000  │   -100    │   -4316700    │       │           │      │
│    3    │ 10.8 │ 10.8 │ 10.8 │ 10.8 │       │           │    900    │   200   │  2160000  │  6483300  │ 1676024760000 │ '2023-02-10T10:26:00.000Z' │ 100  │  0   │  0  │ Infinity │    0     │ 930 │ 955 │  0  │      │  200   │  2160000   │    100    │   -2156700    │  200  │  2160000  │ 0.2  │
│    4    │  11  │  11  │ 10.8 │ 10.8 │       │           │   1300    │   400   │  3241100  │  9724400  │ 1676025600000 │ '2023-02-10T10:40:00.000Z' │ 100  │  0   │  0  │ Infinity │    0     │ 930 │ 955 │  0  │      │  400   │  3241100   │    500    │    1084400    │  400  │  3241100  │ 0.4  │
│    5    │ 10.8 │ 10.8 │ 10.8 │ 10.8 │       │           │   1400    │   100   │  1080000  │ 10804400  │ 1676026680000 │ '2023-02-10T10:58:00.000Z' │ 100  │  0   │  0  │ Infinity │    0     │ 930 │ 955 │  0  │      │  100   │  1080000   │    600    │    2164400    │  100  │  1080000  │ 0.1  │
│    6    │ 10.8 │ 10.8 │ 10.8 │ 10.8 │       │           │   3300    │  1900   │ 20520000  │ 31324400  │ 1676027040000 │ '2023-02-10T11:04:00.000Z' │ 100  │  0   │  0  │ Infinity │    0     │ 930 │ 955 │  0  │      │  1900  │  20520000  │   2500    │   22684400    │ 1900  │ 20520000  │  2   │
│    7    │ 10.7 │ 10.8 │ 10.7 │ 10.8 │ 1100  │ 11770000  │   4700    │  1400   │ 15000000  │ 46324400  │ 1676034000000 │ '2023-02-10T13:00:00.000Z' │ 21.4 │ 78.6 │  0  │   0.3    │   3.7    │ 930 │ 955 │  0  │ 1.2  │  -800  │  -8540000  │   1700    │   14144400    │  300  │  3230000  │ 0.3  │
│    8    │ 10.7 │ 10.7 │ 10.7 │ 10.7 │       │           │   4800    │   100   │  1070000  │ 47394400  │ 1676034600000 │ '2023-02-10T13:10:00.000Z' │ 100  │  0   │  0  │ Infinity │    0     │ 930 │ 955 │  0  │      │  100   │  1070000   │   1800    │   15214400    │  100  │  1070000  │ 0.1  │
│    9    │ 10.6 │ 10.6 │ 10.6 │ 10.6 │  700  │  7420000  │   5500    │   700   │  7420000  │ 54814400  │ 1676035800000 │ '2023-02-10T13:30:00.000Z' │  0   │ 100  │  0  │    0     │ Infinity │ 930 │ 955 │  0  │ 0.7  │  -700  │  -7420000  │   1100    │    7794400    │       │           │      │
│   10    │ 10.3 │ 10.6 │ 10.3 │ 10.6 │ 14600 │ 151870000 │   20100   │  14600  │ 151870000 │ 206684400 │ 1676036040000 │ '2023-02-10T13:34:00.000Z' │  0   │ 100  │  0  │    0     │ Infinity │ 930 │ 955 │  0  │ 15.3 │ -14600 │ -151870000 │  -13500   │  -144075600   │       │           │      │
│   11    │ 10.6 │ 10.6 │ 10.6 │ 10.6 │  200  │  2120000  │   20300   │   200   │  2120000  │ 208804400 │ 1676036160000 │ '2023-02-10T13:36:00.000Z' │  0   │ 100  │  0  │    0     │ Infinity │ 930 │ 955 │  0  │ 0.2  │  -200  │  -2120000  │  -13700   │  -146195600   │       │           │      │
│   12    │ 10.6 │ 10.6 │ 10.6 │ 10.6 │       │           │   20500   │   200   │  2120000  │ 210924400 │ 1676037000000 │ '2023-02-10T13:50:00.000Z' │ 100  │  0   │  0  │ Infinity │    0     │ 930 │ 955 │  0  │      │  200   │  2120000   │  -13500   │  -144075600   │  200  │  2120000  │ 0.2  │
│   13    │ 10.6 │ 10.6 │ 10.6 │ 10.6 │       │           │   20700   │   200   │  2120000  │ 213044400 │ 1676037360000 │ '2023-02-10T13:56:00.000Z' │ 100  │  0   │  0  │ Infinity │    0     │ 930 │ 955 │  0  │      │  200   │  2120000   │  -13300   │  -141955600   │  200  │  2120000  │ 0.2  │
│   14    │ 10.6 │ 10.6 │ 10.6 │ 10.6 │       │           │   21000   │   300   │  3180000  │ 216224400 │ 1676037600000 │ '2023-02-10T14:00:00.000Z' │ 100  │  0   │  0  │ Infinity │    0     │ 930 │ 955 │  0  │      │  300   │  3180000   │  -13000   │  -138775600   │  300  │  3180000  │ 0.3  │
│   15    │ 10.7 │ 10.7 │ 10.6 │ 10.6 │       │           │   22300   │  1300   │ 13850000  │ 230074400 │ 1676037720000 │ '2023-02-10T14:02:00.000Z' │ 100  │  0   │  0  │ Infinity │    0     │ 930 │ 955 │  0  │      │  1300  │  13850000  │  -11700   │  -124925600   │ 1300  │ 13850000  │ 1.4  │
│   16    │ 10.5 │ 10.5 │ 10.5 │ 10.5 │ 1700  │ 17850000  │   24000   │  1700   │ 17850000  │ 247924400 │ 1676038440000 │ '2023-02-10T14:14:00.000Z' │  0   │ 100  │  0  │    0     │ Infinity │ 930 │ 955 │  0  │ 1.8  │ -1700  │ -17850000  │  -13400   │  -142775600   │       │           │      │
│   17    │ 10.4 │ 10.4 │ 10.4 │ 10.4 │  200  │  2080000  │   24200   │   200   │  2080000  │ 250004400 │ 1676038680000 │ '2023-02-10T14:18:00.000Z' │  0   │ 100  │  0  │    0     │ Infinity │ 930 │ 955 │  0  │ 0.2  │  -200  │  -2080000  │  -13600   │  -144855600   │       │           │      │
│   18    │ 10.5 │ 10.5 │ 10.5 │ 10.5 │  200  │  2100000  │   24400   │   200   │  2100000  │ 252104400 │ 1676039040000 │ '2023-02-10T14:24:00.000Z' │  0   │ 100  │  0  │    0     │ Infinity │ 930 │ 955 │  0  │ 0.2  │  -200  │  -2100000  │  -13800   │  -146955600   │       │           │      │
│   19    │ 10.8 │ 10.8 │ 10.8 │ 10.8 │       │           │   37700   │  13300  │ 143640000 │ 395744400 │ 1676040240000 │ '2023-02-10T14:44:00.000Z' │ 100  │  0   │  0  │ Infinity │    0     │ 930 │ 955 │  0  │      │ 13300  │ 143640000  │   -500    │   -3315600    │ 13300 │ 143640000 │ 14.3 │
└─────────┴──────┴──────┴──────┴──────┴───────┴───────────┴───────────┴─────────┴───────────┴───────────┴───────────────┴────────────────────────────┴──────┴──────┴─────┴──────────┴──────────┴─────┴─────┴─────┴──────┴────────┴────────────┴───────────┴───────────────┴───────┴───────────┴──────┘
├─────────┼──────┼──────┼──────┼──────┼───────┼───────────┼───────────┼─────────┼───────────┼───────────┼───────────────┼────────────────────────────┼──────┼──────┼─────┼──────────┼──────────┼─────┼─────┼─────┼──────┼────────┼────────────┼───────────┼───────────────┼───────┼───────────┼──────┤
│ (index) │  c   │  h   │  l   │  o   │  sd   │  val_sd   │ total_vol │ sum_vol │    val    │ acum_val  │   datetime    │            date            │ pbu  │ psd  │ puk │    bs    │    sb    │ abu │ asd │ auk │ rsd  │ bu-sd  │ bu-sd_val  │ acum_busd │ acum_busd_val │  bu   │  val_bu   │ rbu  │
├─────────┼──────┼──────┼──────┼──────┼───────┼───────────┼───────────┼─────────┼───────────┼───────────┼───────────────┼────────────────────────────┼──────┼──────┼─────┼──────────┼──────────┼─────┼─────┼─────┼──────┼────────┼────────────┼───────────┼───────────────┼───────┼───────────┼──────┤

