┌─────────┬──────┬──────┬──────┬──────┬───────┬───────────┬───────────┬─────────┬───────────┬────────────┬───────────────┬────────────────────────────┬──────┬──────┬─────┬──────────┬──────────┬───────┬───────┬─────┬──────┬────────┬────────────┬───────────┬───────────────┬──────┬──────────┬─────┐
│ (index) │  c   │  h   │  l   │  o   │  sd   │  val_sd   │ total_vol │ sum_vol │    val    │  acum_val  │   datetime    │            date            │ pbu  │ psd  │ puk │    bs    │    sb    │  abu  │  asd  │ auk │ rsd  │ bu-sd  │ bu-sd_val  │ acum_busd │ acum_busd_val │  bu  │  val_bu  │ rbu │
├─────────┼──────┼──────┼──────┼──────┼───────┼───────────┼───────────┼─────────┼───────────┼────────────┼───────────────┼────────────────────────────┼──────┼──────┼─────┼──────────┼──────────┼───────┼───────┼─────┼──────┼────────┼────────────┼───────────┼───────────────┼──────┼──────────┼─────┤
│    0    │ 51.5 │ 51.5 │ 51.5 │ 51.5 │  100  │  5150000  │    100    │   100   │  5150000  │  5150000   │ 1676020560000 │ '2023-02-10T09:16:00.000Z' │  0   │ 100  │  0  │    0     │ Infinity │ 239.3 │ 598.2 │  0  │ 0.2  │  -100  │  -5150000  │   -100    │   -5150000    │      │          │     │
│    1    │ 51.2 │ 51.2 │ 51.2 │ 51.2 │  100  │  5120000  │    200    │   100   │  5120000  │  10270000  │ 1676020680000 │ '2023-02-10T09:18:00.000Z' │  0   │ 100  │  0  │    0     │ Infinity │ 239.3 │ 598.2 │  0  │ 0.2  │  -100  │  -5120000  │   -200    │   -10270000   │      │          │     │
│    2    │ 51.2 │ 51.2 │ 51.2 │ 51.2 │  500  │ 25600000  │    700    │   500   │ 25600000  │  35870000  │ 1676021280000 │ '2023-02-10T09:28:00.000Z' │  0   │ 100  │  0  │    0     │ Infinity │ 239.3 │ 598.2 │  0  │ 0.8  │  -500  │ -25600000  │   -700    │   -35870000   │      │          │     │
│    3    │ 51.2 │ 51.2 │ 51.2 │ 51.2 │  100  │  5120000  │    800    │   100   │  5120000  │  40990000  │ 1676022840000 │ '2023-02-10T09:54:00.000Z' │  0   │ 100  │  0  │    0     │ Infinity │ 239.3 │ 598.2 │  0  │ 0.2  │  -100  │  -5120000  │   -800    │   -40990000   │      │          │     │
│    4    │ 51.1 │ 51.1 │ 51.1 │ 51.1 │       │           │   1300    │   500   │ 25550000  │  66540000  │ 1676022960000 │ '2023-02-10T09:56:00.000Z' │ 100  │  0   │  0  │ Infinity │    0     │ 239.3 │ 598.2 │  0  │      │  500   │  25550000  │   -300    │   -15440000   │ 500  │ 25550000 │ 2.1 │
│    5    │ 51.1 │ 51.1 │ 51.1 │ 51.1 │       │           │   1400    │   100   │  5110000  │  71650000  │ 1676023080000 │ '2023-02-10T09:58:00.000Z' │ 100  │  0   │  0  │ Infinity │    0     │ 239.3 │ 598.2 │  0  │      │  100   │  5110000   │   -200    │   -10330000   │ 100  │ 5110000  │ 0.4 │
│    6    │ 51.1 │ 51.1 │ 51.1 │ 51.1 │       │           │   2200    │   800   │ 40880000  │ 112530000  │ 1676023320000 │ '2023-02-10T10:02:00.000Z' │ 100  │  0   │  0  │ Infinity │    0     │ 239.3 │ 598.2 │  0  │      │  800   │  40880000  │    600    │   30550000    │ 800  │ 40880000 │ 3.3 │
│    7    │ 51.2 │ 51.2 │ 51.2 │ 51.2 │       │           │   3400    │  1200   │ 61440000  │ 173970000  │ 1676023680000 │ '2023-02-10T10:08:00.000Z' │ 100  │  0   │  0  │ Infinity │    0     │ 239.3 │ 598.2 │  0  │      │  1200  │  61440000  │   1800    │   91990000    │ 1200 │ 61440000 │  5  │
│    8    │  51  │  51  │  51  │  51  │  200  │ 10200000  │   3500    │   200   │ 10200000  │ 184170000  │ 1676025000000 │ '2023-02-10T10:30:00.000Z' │  0   │ 100  │  0  │    0     │ Infinity │ 239.3 │ 598.2 │  0  │ 0.3  │  -200  │ -10200000  │   1600    │   81790000    │      │          │     │
│    9    │ 51.2 │ 51.2 │ 51.1 │ 51.1 │  600  │ 30660000  │   4800    │  1200   │ 61380000  │ 245550000  │ 1676025360000 │ '2023-02-10T10:36:00.000Z' │  50  │  50  │  0  │    1     │    1     │ 239.3 │ 598.2 │  0  │  1   │   0    │   60000    │   1600    │   81850000    │ 600  │ 30720000 │ 2.5 │
│   10    │ 51.1 │ 51.2 │ 51.1 │ 51.2 │  300  │ 15340000  │   5100    │   300   │ 15340000  │ 260890000  │ 1676025960000 │ '2023-02-10T10:46:00.000Z' │  0   │ 100  │  0  │    0     │ Infinity │ 239.3 │ 598.2 │  0  │ 0.5  │  -300  │ -15340000  │   1300    │   66510000    │      │          │     │
│   11    │ 51.1 │ 51.1 │ 51.1 │ 51.1 │  400  │ 20440000  │   5500    │   400   │ 20440000  │ 281330000  │ 1676026080000 │ '2023-02-10T10:48:00.000Z' │  0   │ 100  │  0  │    0     │ Infinity │ 239.3 │ 598.2 │  0  │ 0.7  │  -400  │ -20440000  │    900    │   46070000    │      │          │     │
│   12    │ 51.3 │ 51.3 │ 51.3 │ 51.3 │       │           │   6100    │   600   │ 30780000  │ 312110000  │ 1676026320000 │ '2023-02-10T10:52:00.000Z' │ 100  │  0   │  0  │ Infinity │    0     │ 239.3 │ 598.2 │  0  │      │  600   │  30780000  │   1500    │   76850000    │ 600  │ 30780000 │ 2.5 │
│   13    │  51  │  51  │  51  │  51  │  100  │  5100000  │   6200    │   100   │  5100000  │ 317210000  │ 1676027880000 │ '2023-02-10T11:18:00.000Z' │  0   │ 100  │  0  │    0     │ Infinity │ 239.3 │ 598.2 │  0  │ 0.2  │  -100  │  -5100000  │   1400    │   71750000    │      │          │     │
│   14    │ 51.2 │ 51.2 │  51  │  51  │  500  │ 25500000  │   7200    │  1000   │ 51100000  │ 368310000  │ 1676028000000 │ '2023-02-10T11:20:00.000Z' │  50  │  50  │  0  │    1     │    1     │ 239.3 │ 598.2 │  0  │ 0.8  │   0    │   100000   │   1400    │   71850000    │ 500  │ 25600000 │ 2.1 │
│   15    │ 51.2 │ 51.2 │ 51.2 │ 51.2 │       │           │   7500    │   300   │ 15360000  │ 383670000  │ 1676028240000 │ '2023-02-10T11:24:00.000Z' │ 100  │  0   │  0  │ Infinity │    0     │ 239.3 │ 598.2 │  0  │      │  300   │  15360000  │   1700    │   87210000    │ 300  │ 15360000 │ 1.3 │
│   16    │  51  │  51  │  51  │  51  │  700  │ 35700000  │   8200    │   700   │ 35700000  │ 419370000  │ 1676034000000 │ '2023-02-10T13:00:00.000Z' │  0   │ 100  │  0  │    0     │ Infinity │ 239.3 │ 598.2 │  0  │ 1.2  │  -700  │ -35700000  │   1000    │   51510000    │      │          │     │
│   17    │  51  │  51  │  51  │  51  │ 1500  │ 76500000  │   9700    │  1500   │ 76500000  │ 495870000  │ 1676034120000 │ '2023-02-10T13:02:00.000Z' │  0   │ 100  │  0  │    0     │ Infinity │ 239.3 │ 598.2 │  0  │ 2.5  │ -1500  │ -76500000  │   -500    │   -24990000   │      │          │     │
│   18    │  51  │  51  │  51  │  51  │ 1400  │ 71400000  │   11100   │  1400   │ 71400000  │ 567270000  │ 1676034600000 │ '2023-02-10T13:10:00.000Z' │  0   │ 100  │  0  │    0     │ Infinity │ 239.3 │ 598.2 │  0  │ 2.3  │ -1400  │ -71400000  │   -1900   │   -96390000   │      │          │     │
│   19    │  51  │  51  │  51  │  51  │  100  │  5100000  │   11200   │   100   │  5100000  │ 572370000  │ 1676034960000 │ '2023-02-10T13:16:00.000Z' │  0   │ 100  │  0  │    0     │ Infinity │ 239.3 │ 598.2 │  0  │ 0.2  │  -100  │  -5100000  │   -2000   │  -101490000   │      │          │     │
│   20    │  51  │  51  │  51  │  51  │ 11000 │ 561000000 │   22200   │  11000  │ 561000000 │ 1133370000 │ 1676035080000 │ '2023-02-10T13:18:00.000Z' │  0   │ 100  │  0  │    0     │ Infinity │ 239.3 │ 598.2 │  0  │ 18.4 │ -11000 │ -561000000 │  -13000   │  -662490000   │      │          │     │
├─────────┼──────┼──────┼──────┼──────┼───────┼───────────┼───────────┼─────────┼───────────┼────────────┼───────────────┼────────────────────────────┼──────┼──────┼─────┼──────────┼──────────┼───────┼───────┼─────┼──────┼────────┼────────────┼───────────┼───────────────┼──────┼──────────┼─────┤
│ (index) │  c   │  h   │  l   │  o   │  sd   │  val_sd   │ total_vol │ sum_vol │    val    │  acum_val  │   datetime    │            date            │ pbu  │ psd  │ puk │    bs    │    sb    │  abu  │  asd  │ auk │ rsd  │ bu-sd  │ bu-sd_val  │ acum_busd │ acum_busd_val │  bu  │  val_bu  │ rbu │
├─────────┼──────┼──────┼──────┼──────┼───────┼───────────┼───────────┼─────────┼───────────┼────────────┼───────────────┼────────────────────────────┼──────┼──────┼─────┼──────────┼──────────┼───────┼───────┼─────┼──────┼────────┼────────────┼───────────┼───────────────┼──────┼──────────┼─────┤
│   21    │  51  │  51  │  51  │  51  │  200  │ 10200000  │   22400   │   200   │ 10200000  │ 1143570000 │ 1676035200000 │ '2023-02-10T13:20:00.000Z' │  0   │ 100  │  0  │    0     │ Infinity │ 239.3 │ 598.2 │  0  │ 0.3  │  -200  │ -10200000  │  -13200   │  -672690000   │      │          │     │
│   22    │ 50.9 │ 50.9 │ 50.7 │ 50.7 │  200  │ 10140000  │   22800   │   400   │ 20320000  │ 1163890000 │ 1676035320000 │ '2023-02-10T13:22:00.000Z' │  50  │  50  │  0  │    1     │    1     │ 239.3 │ 598.2 │  0  │ 0.3  │   0    │   40000    │  -13200   │  -672650000   │ 200  │ 10180000 │ 0.8 │
│   23    │ 50.9 │ 50.9 │ 50.9 │ 50.9 │       │           │   23000   │   200   │ 10180000  │ 1174070000 │ 1676035440000 │ '2023-02-10T13:24:00.000Z' │ 100  │  0   │  0  │ Infinity │    0     │ 239.3 │ 598.2 │  0  │      │  200   │  10180000  │  -13000   │  -662470000   │ 200  │ 10180000 │ 0.8 │
│   24    │ 50.9 │ 50.9 │ 50.9 │ 50.9 │       │           │   23200   │   200   │ 10180000  │ 1184250000 │ 1676035560000 │ '2023-02-10T13:26:00.000Z' │ 100  │  0   │  0  │ Infinity │    0     │ 239.3 │ 598.2 │  0  │      │  200   │  10180000  │  -12800   │  -652290000   │ 200  │ 10180000 │ 0.8 │
│   25    │ 50.9 │ 50.9 │ 50.9 │ 50.9 │       │           │   23500   │   300   │ 15270000  │ 1199520000 │ 1676035680000 │ '2023-02-10T13:28:00.000Z' │ 100  │  0   │  0  │ Infinity │    0     │ 239.3 │ 598.2 │  0  │      │  300   │  15270000  │  -12500   │  -637020000   │ 300  │ 15270000 │ 1.3 │
│   26    │ 50.9 │ 50.9 │ 50.9 │ 50.9 │       │           │   23600   │   100   │  5090000  │ 1204610000 │ 1676035800000 │ '2023-02-10T13:30:00.000Z' │ 100  │  0   │  0  │ Infinity │    0     │ 239.3 │ 598.2 │  0  │      │  100   │  5090000   │  -12400   │  -631930000   │ 100  │ 5090000  │ 0.4 │
│   27    │  51  │  51  │  51  │  51  │  100  │  5100000  │   23900   │   300   │ 15300000  │ 1219910000 │ 1676035920000 │ '2023-02-10T13:32:00.000Z' │ 66.7 │ 33.3 │  0  │    2     │   0.5    │ 239.3 │ 598.2 │  0  │ 0.2  │  100   │  5100000   │  -12300   │  -626830000   │ 200  │ 10200000 │ 0.8 │
│   28    │  51  │  51  │  51  │  51  │       │           │   24500   │   600   │ 30600000  │ 1250510000 │ 1676036040000 │ '2023-02-10T13:34:00.000Z' │ 100  │  0   │  0  │ Infinity │    0     │ 239.3 │ 598.2 │  0  │      │  600   │  30600000  │  -11700   │  -596230000   │ 600  │ 30600000 │ 2.5 │
│   29    │  51  │  51  │  51  │  51  │  500  │ 25500000  │   25000   │   500   │ 25500000  │ 1276010000 │ 1676036280000 │ '2023-02-10T13:38:00.000Z' │  0   │ 100  │  0  │    0     │ Infinity │ 239.3 │ 598.2 │  0  │ 0.8  │  -500  │ -25500000  │  -12200   │  -621730000   │      │          │     │
│   30    │  51  │  51  │  51  │  51  │       │           │   25100   │   100   │  5100000  │ 1281110000 │ 1676036400000 │ '2023-02-10T13:40:00.000Z' │ 100  │  0   │  0  │ Infinity │    0     │ 239.3 │ 598.2 │  0  │      │  100   │  5100000   │  -12100   │  -616630000   │ 100  │ 5100000  │ 0.4 │
│   31    │  51  │  51  │  51  │  51  │       │           │   25300   │   200   │ 10200000  │ 1291310000 │ 1676036520000 │ '2023-02-10T13:42:00.000Z' │ 100  │  0   │  0  │ Infinity │    0     │ 239.3 │ 598.2 │  0  │      │  200   │  10200000  │  -11900   │  -606430000   │ 200  │ 10200000 │ 0.8 │
│   32    │  51  │  51  │  51  │  51  │       │           │   26500   │  1200   │ 61200000  │ 1352510000 │ 1676036640000 │ '2023-02-10T13:44:00.000Z' │ 100  │  0   │  0  │ Infinity │    0     │ 239.3 │ 598.2 │  0  │      │  1200  │  61200000  │  -10700   │  -545230000   │ 1200 │ 61200000 │  5  │
│   33    │  51  │  51  │  51  │  51  │       │           │   26700   │   200   │ 10200000  │ 1362710000 │ 1676036760000 │ '2023-02-10T13:46:00.000Z' │ 100  │  0   │  0  │ Infinity │    0     │ 239.3 │ 598.2 │  0  │      │  200   │  10200000  │  -10500   │  -535030000   │ 200  │ 10200000 │ 0.8 │
│   34    │  51  │  51  │  51  │  51  │       │           │   26900   │   200   │ 10200000  │ 1372910000 │ 1676036880000 │ '2023-02-10T13:48:00.000Z' │ 100  │  0   │  0  │ Infinity │    0     │ 239.3 │ 598.2 │  0  │      │  200   │  10200000  │  -10300   │  -524830000   │ 200  │ 10200000 │ 0.8 │
│   35    │  51  │  51  │  51  │  51  │       │           │   27100   │   200   │ 10200000  │ 1383110000 │ 1676037000000 │ '2023-02-10T13:50:00.000Z' │ 100  │  0   │  0  │ Infinity │    0     │ 239.3 │ 598.2 │  0  │      │  200   │  10200000  │  -10100   │  -514630000   │ 200  │ 10200000 │ 0.8 │
│   36    │  51  │  51  │  51  │  51  │       │           │   27300   │   200   │ 10200000  │ 1393310000 │ 1676037120000 │ '2023-02-10T13:52:00.000Z' │ 100  │  0   │  0  │ Infinity │    0     │ 239.3 │ 598.2 │  0  │      │  200   │  10200000  │   -9900   │  -504430000   │ 200  │ 10200000 │ 0.8 │
│   37    │  51  │  51  │  51  │  51  │       │           │   27400   │   100   │  5100000  │ 1398410000 │ 1676037240000 │ '2023-02-10T13:54:00.000Z' │ 100  │  0   │  0  │ Infinity │    0     │ 239.3 │ 598.2 │  0  │      │  100   │  5100000   │   -9800   │  -499330000   │ 100  │ 5100000  │ 0.4 │
│   38    │  51  │  51  │  51  │  51  │       │           │   27600   │   200   │ 10200000  │ 1408610000 │ 1676037360000 │ '2023-02-10T13:56:00.000Z' │ 100  │  0   │  0  │ Infinity │    0     │ 239.3 │ 598.2 │  0  │      │  200   │  10200000  │   -9600   │  -489130000   │ 200  │ 10200000 │ 0.8 │
│   39    │  51  │  51  │  51  │  51  │       │           │   27800   │   200   │ 10200000  │ 1418810000 │ 1676037480000 │ '2023-02-10T13:58:00.000Z' │ 100  │  0   │  0  │ Infinity │    0     │ 239.3 │ 598.2 │  0  │      │  200   │  10200000  │   -9400   │  -478930000   │ 200  │ 10200000 │ 0.8 │
│   40    │  51  │  51  │  51  │  51  │       │           │   28000   │   200   │ 10200000  │ 1429010000 │ 1676037600000 │ '2023-02-10T14:00:00.000Z' │ 100  │  0   │  0  │ Infinity │    0     │ 239.3 │ 598.2 │  0  │      │  200   │  10200000  │   -9200   │  -468730000   │ 200  │ 10200000 │ 0.8 │
├─────────┼──────┼──────┼──────┼──────┼───────┼───────────┼───────────┼─────────┼───────────┼────────────┼───────────────┼────────────────────────────┼──────┼──────┼─────┼──────────┼──────────┼───────┼───────┼─────┼──────┼────────┼────────────┼───────────┼───────────────┼──────┼──────────┼─────┤
│ (index) │  c   │  h   │  l   │  o   │  sd   │  val_sd   │ total_vol │ sum_vol │    val    │  acum_val  │   datetime    │            date            │ pbu  │ psd  │ puk │    bs    │    sb    │  abu  │  asd  │ auk │ rsd  │ bu-sd  │ bu-sd_val  │ acum_busd │ acum_busd_val │  bu  │  val_bu  │ rbu │
├─────────┼──────┼──────┼──────┼──────┼───────┼───────────┼───────────┼─────────┼───────────┼────────────┼───────────────┼────────────────────────────┼──────┼──────┼─────┼──────────┼──────────┼───────┼───────┼─────┼──────┼────────┼────────────┼───────────┼───────────────┼──────┼──────────┼─────┤
│   41    │  51  │  51  │  51  │  51  │       │           │   28700   │   700   │ 35700000  │ 1464710000 │ 1676037720000 │ '2023-02-10T14:02:00.000Z' │ 100  │  0   │  0  │ Infinity │    0     │ 239.3 │ 598.2 │  0  │      │  700   │  35700000  │   -8500   │  -433030000   │ 700  │ 35700000 │ 2.9 │
│   42    │  51  │  51  │  51  │  51  │       │           │   29200   │   500   │ 25500000  │ 1490210000 │ 1676037840000 │ '2023-02-10T14:04:00.000Z' │ 100  │  0   │  0  │ Infinity │    0     │ 239.3 │ 598.2 │  0  │      │  500   │  25500000  │   -8000   │  -407530000   │ 500  │ 25500000 │ 2.1 │
│   43    │  51  │  51  │  51  │  51  │       │           │   29300   │   100   │  5100000  │ 1495310000 │ 1676037960000 │ '2023-02-10T14:06:00.000Z' │ 100  │  0   │  0  │ Infinity │    0     │ 239.3 │ 598.2 │  0  │      │  100   │  5100000   │   -7900   │  -402430000   │ 100  │ 5100000  │ 0.4 │
│   44    │ 50.8 │  51  │ 50.8 │  51  │  200  │ 10160000  │   29700   │   400   │ 20360000  │ 1515670000 │ 1676038080000 │ '2023-02-10T14:08:00.000Z' │  50  │  50  │  0  │    1     │    1     │ 239.3 │ 598.2 │  0  │ 0.3  │   0    │   40000    │   -7900   │  -402390000   │ 200  │ 10200000 │ 0.8 │
│   45    │  51  │  51  │ 50.8 │ 50.8 │       │           │   29900   │   200   │ 10180000  │ 1525850000 │ 1676038200000 │ '2023-02-10T14:10:00.000Z' │ 100  │  0   │  0  │ Infinity │    0     │ 239.3 │ 598.2 │  0  │      │  200   │  10180000  │   -7700   │  -392210000   │ 200  │ 10180000 │ 0.8 │
│   46    │ 50.6 │ 50.9 │ 50.6 │ 50.9 │ 1200  │ 60730000  │   31600   │  1700   │ 86090000  │ 1611940000 │ 1676038320000 │ '2023-02-10T14:12:00.000Z' │ 29.4 │ 70.6 │  0  │   0.4    │   2.4    │ 239.3 │ 598.2 │  0  │  2   │  -700  │ -35370000  │   -8400   │  -427580000   │ 500  │ 25360000 │ 2.1 │
│   47    │ 50.9 │ 50.9 │ 50.9 │ 50.9 │       │           │   31900   │   300   │ 15270000  │ 1627210000 │ 1676038440000 │ '2023-02-10T14:14:00.000Z' │ 100  │  0   │  0  │ Infinity │    0     │ 239.3 │ 598.2 │  0  │      │  300   │  15270000  │   -8100   │  -412310000   │ 300  │ 15270000 │ 1.3 │
│   48    │ 50.9 │ 50.9 │ 50.9 │ 50.9 │       │           │   32100   │   200   │ 10180000  │ 1637390000 │ 1676038560000 │ '2023-02-10T14:16:00.000Z' │ 100  │  0   │  0  │ Infinity │    0     │ 239.3 │ 598.2 │  0  │      │  200   │  10180000  │   -7900   │  -402130000   │ 200  │ 10180000 │ 0.8 │
│   49    │ 50.9 │ 50.9 │ 50.9 │ 50.9 │       │           │   32300   │   200   │ 10180000  │ 1647570000 │ 1676038680000 │ '2023-02-10T14:18:00.000Z' │ 100  │  0   │  0  │ Infinity │    0     │ 239.3 │ 598.2 │  0  │      │  200   │  10180000  │   -7700   │  -391950000   │ 200  │ 10180000 │ 0.8 │
│   50    │ 50.9 │ 50.9 │ 50.9 │ 50.9 │       │           │   32600   │   300   │ 15270000  │ 1662840000 │ 1676038800000 │ '2023-02-10T14:20:00.000Z' │ 100  │  0   │  0  │ Infinity │    0     │ 239.3 │ 598.2 │  0  │      │  300   │  15270000  │   -7400   │  -376680000   │ 300  │ 15270000 │ 1.3 │
│   51    │ 50.9 │ 50.9 │ 50.5 │ 50.6 │ 2700  │ 136400000 │   35500   │  2900   │ 146570000 │ 1809410000 │ 1676038920000 │ '2023-02-10T14:22:00.000Z' │ 6.9  │ 93.1 │  0  │   0.1    │   13.5   │ 239.3 │ 598.2 │  0  │ 4.5  │ -2500  │ -126230000 │   -9900   │  -502910000   │ 200  │ 10170000 │ 0.8 │
│   52    │ 50.8 │ 50.8 │ 50.8 │ 50.8 │       │           │   35700   │   200   │ 10160000  │ 1819570000 │ 1676039040000 │ '2023-02-10T14:24:00.000Z' │ 100  │  0   │  0  │ Infinity │    0     │ 239.3 │ 598.2 │  0  │      │  200   │  10160000  │   -9700   │  -492750000   │ 200  │ 10160000 │ 0.8 │
│   53    │ 50.8 │ 50.8 │ 50.8 │ 50.8 │       │           │   35900   │   200   │ 10160000  │ 1829730000 │ 1676039160000 │ '2023-02-10T14:26:00.000Z' │ 100  │  0   │  0  │ Infinity │    0     │ 239.3 │ 598.2 │  0  │      │  200   │  10160000  │   -9500   │  -482590000   │ 200  │ 10160000 │ 0.8 │
│   54    │ 50.5 │ 50.8 │ 50.5 │ 50.8 │ 2100  │ 106060000 │   38200   │  2300   │ 116220000 │ 1945950000 │ 1676039280000 │ '2023-02-10T14:28:00.000Z' │ 8.7  │ 91.3 │  0  │   0.1    │   10.5   │ 239.3 │ 598.2 │  0  │ 3.5  │ -1900  │ -95900000  │  -11400   │  -578490000   │ 200  │ 10160000 │ 0.8 │
│   55    │ 50.5 │ 50.5 │ 50.5 │ 50.5 │ 8700  │ 439350000 │   46900   │  8700   │ 439350000 │ 2385300000 │ 1676040240000 │ '2023-02-10T14:44:00.000Z' │  0   │ 100  │  0  │    0     │ Infinity │ 239.3 │ 598.2 │  0  │ 14.5 │ -8700  │ -439350000 │  -20100   │  -1017840000  │      │          │     │
└─────────┴──────┴──────┴──────┴──────┴───────┴───────────┴───────────┴─────────┴───────────┴────────────┴───────────────┴────────────────────────────┴──────┴──────┴─────┴──────────┴──────────┴───────┴───────┴─────┴──────┴────────┴────────────┴───────────┴───────────────┴──────┴──────────┴─────┘

