┌─────────┬─────┬─────┬─────┬─────┬───────┬──────────┬───────────┬─────────┬──────────┬───────────┬───────────────┬────────────────────────────┬──────┬──────┬─────┬──────────┬──────────┬───────┬────────┬─────┬─────┬────────┬───────────┬───────────┬───────────────┬──────┬─────────┬─────┐
│ (index) │  c  │  h  │  l  │  o  │  sd   │  val_sd  │ total_vol │ sum_vol │   val    │ acum_val  │   datetime    │            date            │ pbu  │ psd  │ puk │    bs    │    sb    │  abu  │  asd   │ auk │ rsd │ bu-sd  │ bu-sd_val │ acum_busd │ acum_busd_val │  bu  │ val_bu  │ rbu │
├─────────┼─────┼─────┼─────┼─────┼───────┼──────────┼───────────┼─────────┼──────────┼───────────┼───────────────┼────────────────────────────┼──────┼──────┼─────┼──────────┼──────────┼───────┼────────┼─────┼─────┼────────┼───────────┼───────────┼───────────────┼──────┼─────────┼─────┤
│    0    │ 1.6 │ 1.6 │ 1.6 │ 1.6 │ 1000  │ 1600000  │   1000    │  1000   │ 1600000  │  1600000  │ 1676019960000 │ '2023-02-10T09:06:00.000Z' │  0   │ 100  │  0  │    0     │ Infinity │ 212.5 │ 3279.2 │  0  │ 0.3 │ -1000  │ -1600000  │   -1000   │   -1600000    │      │         │     │
│    1    │ 1.6 │ 1.6 │ 1.6 │ 1.6 │  100  │  160000  │   1100    │   100   │  160000  │  1760000  │ 1676020080000 │ '2023-02-10T09:08:00.000Z' │  0   │ 100  │  0  │    0     │ Infinity │ 212.5 │ 3279.2 │  0  │  0  │  -100  │  -160000  │   -1100   │   -1760000    │      │         │     │
│    2    │ 1.6 │ 1.6 │ 1.6 │ 1.6 │ 4400  │ 7040000  │   5500    │  4400   │ 7040000  │  8800000  │ 1676020320000 │ '2023-02-10T09:12:00.000Z' │  0   │ 100  │  0  │    0     │ Infinity │ 212.5 │ 3279.2 │  0  │ 1.3 │ -4400  │ -7040000  │   -5500   │   -8800000    │      │         │     │
│    3    │ 1.6 │ 1.6 │ 1.6 │ 1.6 │  600  │  960000  │   6100    │   600   │  960000  │  9760000  │ 1676020800000 │ '2023-02-10T09:20:00.000Z' │  0   │ 100  │  0  │    0     │ Infinity │ 212.5 │ 3279.2 │  0  │ 0.2 │  -600  │  -960000  │   -6100   │   -9760000    │      │         │     │
│    4    │ 1.6 │ 1.7 │ 1.6 │ 1.7 │  100  │  160000  │   7700    │  1600   │ 2710000  │ 12470000  │ 1676021160000 │ '2023-02-10T09:26:00.000Z' │ 93.8 │ 6.3  │  0  │    15    │   0.1    │ 212.5 │ 3279.2 │  0  │  0  │  1400  │  2390000  │   -4700   │   -7370000    │ 1500 │ 2550000 │ 7.1 │
│    5    │ 1.6 │ 1.6 │ 1.6 │ 1.6 │  500  │  800000  │   8200    │   500   │  800000  │ 13270000  │ 1676021280000 │ '2023-02-10T09:28:00.000Z' │  0   │ 100  │  0  │    0     │ Infinity │ 212.5 │ 3279.2 │  0  │ 0.2 │  -500  │  -800000  │   -5200   │   -8170000    │      │         │     │
│    6    │ 1.6 │ 1.6 │ 1.6 │ 1.6 │ 4000  │ 6400000  │   12200   │  4000   │ 6400000  │ 19670000  │ 1676021640000 │ '2023-02-10T09:34:00.000Z' │  0   │ 100  │  0  │    0     │ Infinity │ 212.5 │ 3279.2 │  0  │ 1.2 │ -4000  │ -6400000  │   -9200   │   -14570000   │      │         │     │
│    7    │ 1.6 │ 1.6 │ 1.6 │ 1.6 │  100  │  160000  │   12300   │   100   │  160000  │ 19830000  │ 1676022000000 │ '2023-02-10T09:40:00.000Z' │  0   │ 100  │  0  │    0     │ Infinity │ 212.5 │ 3279.2 │  0  │  0  │  -100  │  -160000  │   -9300   │   -14730000   │      │         │     │
│    8    │ 1.6 │ 1.6 │ 1.6 │ 1.6 │ 20000 │ 32000000 │   32300   │  20000  │ 32000000 │ 51830000  │ 1676023200000 │ '2023-02-10T10:00:00.000Z' │  0   │ 100  │  0  │    0     │ Infinity │ 212.5 │ 3279.2 │  0  │ 6.1 │ -20000 │ -32000000 │  -29300   │   -46730000   │      │         │     │
│    9    │ 1.6 │ 1.6 │ 1.6 │ 1.6 │ 1400  │ 2240000  │   33700   │  1400   │ 2240000  │ 54070000  │ 1676024040000 │ '2023-02-10T10:14:00.000Z' │  0   │ 100  │  0  │    0     │ Infinity │ 212.5 │ 3279.2 │  0  │ 0.4 │ -1400  │ -2240000  │  -30700   │   -48970000   │      │         │     │
│   10    │ 1.6 │ 1.7 │ 1.6 │ 1.7 │ 3600  │ 5760000  │   37400   │  3700   │ 5930000  │ 60000000  │ 1676024160000 │ '2023-02-10T10:16:00.000Z' │ 2.7  │ 97.3 │  0  │    0     │    36    │ 212.5 │ 3279.2 │  0  │ 1.1 │ -3500  │ -5590000  │  -34200   │   -54560000   │ 100  │ 170000  │ 0.5 │
│   11    │ 1.6 │ 1.6 │ 1.6 │ 1.6 │ 8900  │ 14240000 │   46400   │  9000   │ 14400000 │ 74400000  │ 1676024280000 │ '2023-02-10T10:18:00.000Z' │ 1.1  │ 98.9 │  0  │    0     │    89    │ 212.5 │ 3279.2 │  0  │ 2.7 │ -8800  │ -14080000 │  -43000   │   -68640000   │ 100  │ 160000  │ 0.5 │
│   12    │ 1.6 │ 1.6 │ 1.6 │ 1.6 │       │          │   49800   │  3400   │ 5440000  │ 79840000  │ 1676024400000 │ '2023-02-10T10:20:00.000Z' │ 100  │  0   │  0  │ Infinity │    0     │ 212.5 │ 3279.2 │  0  │     │  3400  │  5440000  │  -39600   │   -63200000   │ 3400 │ 5440000 │ 16  │
│   13    │ 1.6 │ 1.6 │ 1.6 │ 1.6 │  800  │ 1280000  │   50600   │   800   │ 1280000  │ 81120000  │ 1676024520000 │ '2023-02-10T10:22:00.000Z' │  0   │ 100  │  0  │    0     │ Infinity │ 212.5 │ 3279.2 │  0  │ 0.2 │  -800  │ -1280000  │  -40400   │   -64480000   │      │         │     │
│   14    │ 1.6 │ 1.6 │ 1.6 │ 1.6 │ 3100  │ 4960000  │   53700   │  3100   │ 4960000  │ 86080000  │ 1676034000000 │ '2023-02-10T13:00:00.000Z' │  0   │ 100  │  0  │    0     │ Infinity │ 212.5 │ 3279.2 │  0  │ 0.9 │ -3100  │ -4960000  │  -43500   │   -69440000   │      │         │     │
│   15    │ 1.6 │ 1.6 │ 1.6 │ 1.6 │  300  │  480000  │   54000   │   300   │  480000  │ 86560000  │ 1676034480000 │ '2023-02-10T13:08:00.000Z' │  0   │ 100  │  0  │    0     │ Infinity │ 212.5 │ 3279.2 │  0  │ 0.1 │  -300  │  -480000  │  -43800   │   -69920000   │      │         │     │
│   16    │ 1.6 │ 1.6 │ 1.6 │ 1.6 │ 21500 │ 34400000 │   75500   │  21500  │ 34400000 │ 120960000 │ 1676034840000 │ '2023-02-10T13:14:00.000Z' │  0   │ 100  │  0  │    0     │ Infinity │ 212.5 │ 3279.2 │  0  │ 6.6 │ -21500 │ -34400000 │  -65300   │  -104320000   │      │         │     │
│   17    │ 1.6 │ 1.6 │ 1.6 │ 1.6 │ 1100  │ 1760000  │   76600   │  1100   │ 1760000  │ 122720000 │ 1676034960000 │ '2023-02-10T13:16:00.000Z' │  0   │ 100  │  0  │    0     │ Infinity │ 212.5 │ 3279.2 │  0  │ 0.3 │ -1100  │ -1760000  │  -66400   │  -106080000   │      │         │     │
│   18    │ 1.6 │ 1.6 │ 1.6 │ 1.6 │  500  │  800000  │   77100   │   500   │  800000  │ 123520000 │ 1676035080000 │ '2023-02-10T13:18:00.000Z' │  0   │ 100  │  0  │    0     │ Infinity │ 212.5 │ 3279.2 │  0  │ 0.2 │  -500  │  -800000  │  -66900   │  -106880000   │      │         │     │
│   19    │ 1.6 │ 1.6 │ 1.6 │ 1.6 │ 1500  │ 2400000  │   78600   │  1500   │ 2400000  │ 125920000 │ 1676035680000 │ '2023-02-10T13:28:00.000Z' │  0   │ 100  │  0  │    0     │ Infinity │ 212.5 │ 3279.2 │  0  │ 0.5 │ -1500  │ -2400000  │  -68400   │  -109280000   │      │         │     │
│   20    │ 1.6 │ 1.6 │ 1.6 │ 1.6 │  400  │  640000  │   79000   │   400   │  640000  │ 126560000 │ 1676035800000 │ '2023-02-10T13:30:00.000Z' │  0   │ 100  │  0  │    0     │ Infinity │ 212.5 │ 3279.2 │  0  │ 0.1 │  -400  │  -640000  │  -68800   │  -109920000   │      │         │     │
├─────────┼─────┼─────┼─────┼─────┼───────┼──────────┼───────────┼─────────┼──────────┼───────────┼───────────────┼────────────────────────────┼──────┼──────┼─────┼──────────┼──────────┼───────┼────────┼─────┼─────┼────────┼───────────┼───────────┼───────────────┼──────┼─────────┼─────┤
│ (index) │  c  │  h  │  l  │  o  │  sd   │  val_sd  │ total_vol │ sum_vol │   val    │ acum_val  │   datetime    │            date            │ pbu  │ psd  │ puk │    bs    │    sb    │  abu  │  asd   │ auk │ rsd │ bu-sd  │ bu-sd_val │ acum_busd │ acum_busd_val │  bu  │ val_bu  │ rbu │
├─────────┼─────┼─────┼─────┼─────┼───────┼──────────┼───────────┼─────────┼──────────┼───────────┼───────────────┼────────────────────────────┼──────┼──────┼─────┼──────────┼──────────┼───────┼────────┼─────┼─────┼────────┼───────────┼───────────┼───────────────┼──────┼─────────┼─────┤
│   21    │ 1.6 │ 1.6 │ 1.6 │ 1.6 │ 2500  │ 4000000  │   81500   │  2500   │ 4000000  │ 130560000 │ 1676036280000 │ '2023-02-10T13:38:00.000Z' │  0   │ 100  │  0  │    0     │ Infinity │ 212.5 │ 3279.2 │  0  │ 0.8 │ -2500  │ -4000000  │  -71300   │  -113920000   │      │         │     │
│   22    │ 1.6 │ 1.6 │ 1.6 │ 1.6 │ 1100  │ 1760000  │   82600   │  1100   │ 1760000  │ 132320000 │ 1676037480000 │ '2023-02-10T13:58:00.000Z' │  0   │ 100  │  0  │    0     │ Infinity │ 212.5 │ 3279.2 │  0  │ 0.3 │ -1100  │ -1760000  │  -72400   │  -115680000   │      │         │     │
│   23    │ 1.6 │ 1.6 │ 1.6 │ 1.6 │ 1200  │ 1920000  │   83800   │  1200   │ 1920000  │ 134240000 │ 1676040240000 │ '2023-02-10T14:44:00.000Z' │  0   │ 100  │  0  │    0     │ Infinity │ 212.5 │ 3279.2 │  0  │ 0.4 │ -1200  │ -1920000  │  -73600   │  -117600000   │      │         │     │
└─────────┴─────┴─────┴─────┴─────┴───────┴──────────┴───────────┴─────────┴──────────┴───────────┴───────────────┴────────────────────────────┴──────┴──────┴─────┴──────────┴──────────┴───────┴────────┴─────┴─────┴────────┴───────────┴───────────┴───────────────┴──────┴─────────┴─────┘

