┌─────────┬─────┬─────┬─────┬─────┬───────┬──────────┬───────────┬─────────┬──────────┬───────────┬───────────────┬────────────────────────────┬──────┬──────┬─────┬──────────┬──────────┬────────┬────────┬─────┬─────┬────────┬───────────┬───────────┬───────────────┬───────┬──────────┬─────┐
│ (index) │  c  │  h  │  l  │  o  │  sd   │  val_sd  │ total_vol │ sum_vol │   val    │ acum_val  │   datetime    │            date            │ pbu  │ psd  │ puk │    bs    │    sb    │  abu   │  asd   │ auk │ rsd │ bu-sd  │ bu-sd_val │ acum_busd │ acum_busd_val │  bu   │  val_bu  │ rbu │
├─────────┼─────┼─────┼─────┼─────┼───────┼──────────┼───────────┼─────────┼──────────┼───────────┼───────────────┼────────────────────────────┼──────┼──────┼─────┼──────────┼──────────┼────────┼────────┼─────┼─────┼────────┼───────────┼───────────┼───────────────┼───────┼──────────┼─────┤
│    0    │ 1.9 │ 1.9 │ 1.9 │ 1.9 │ 3300  │ 6270000  │   3300    │  3300   │ 6270000  │  6270000  │ 1671699600000 │ '2022-12-22T09:00:00.000Z' │  0   │ 100  │  0  │    0     │ Infinity │ 2730.4 │ 2973.9 │  0  │ 1.1 │ -3300  │ -6270000  │   -3300   │   -6270000    │       │          │     │
│    1    │  2  │  2  │ 1.9 │ 1.9 │ 6300  │ 11970000 │   9700    │  6400   │ 12170000 │ 18440000  │ 1671701400000 │ '2022-12-22T09:30:00.000Z' │ 1.6  │ 98.4 │  0  │    0     │    63    │ 2730.4 │ 2973.9 │  0  │ 2.1 │ -6200  │ -11770000 │   -9500   │   -18040000   │  100  │  200000  │  0  │
│    2    │  2  │  2  │  2  │  2  │       │          │   10200   │   500   │ 1000000  │ 19440000  │ 1671702300000 │ '2022-12-22T09:45:00.000Z' │ 100  │  0   │  0  │ Infinity │    0     │ 2730.4 │ 2973.9 │  0  │     │  500   │  1000000  │   -9000   │   -17040000   │  500  │ 1000000  │ 0.2 │
│    3    │  2  │  2  │  2  │  2  │       │          │   10400   │   200   │  400000  │ 19840000  │ 1671703200000 │ '2022-12-22T10:00:00.000Z' │ 100  │  0   │  0  │ Infinity │    0     │ 2730.4 │ 2973.9 │  0  │     │  200   │  400000   │   -8800   │   -16640000   │  200  │  400000  │ 0.1 │
│    4    │  2  │  2  │  2  │  2  │       │          │   11900   │  1500   │ 3000000  │ 22840000  │ 1671703500000 │ '2022-12-22T10:05:00.000Z' │ 100  │  0   │  0  │ Infinity │    0     │ 2730.4 │ 2973.9 │  0  │     │  1500  │  3000000  │   -7300   │   -13640000   │ 1500  │ 3000000  │ 0.5 │
│    5    │  2  │  2  │  2  │  2  │       │          │   28500   │  16600  │ 33200000 │ 56040000  │ 1671704700000 │ '2022-12-22T10:25:00.000Z' │ 100  │  0   │  0  │ Infinity │    0     │ 2730.4 │ 2973.9 │  0  │     │ 16600  │ 33200000  │   9300    │   19560000    │ 16600 │ 33200000 │ 6.1 │
│    6    │ 1.9 │ 1.9 │ 1.9 │ 1.9 │  400  │  760000  │   28900   │   400   │  760000  │ 56800000  │ 1671705600000 │ '2022-12-22T10:40:00.000Z' │  0   │ 100  │  0  │    0     │ Infinity │ 2730.4 │ 2973.9 │  0  │ 0.1 │  -400  │  -760000  │   8900    │   18800000    │       │          │     │
│    7    │  2  │  2  │  2  │  2  │       │          │   29000   │   100   │  200000  │ 57000000  │ 1671706200000 │ '2022-12-22T10:50:00.000Z' │ 100  │  0   │  0  │ Infinity │    0     │ 2730.4 │ 2973.9 │  0  │     │  100   │  200000   │   9000    │   19000000    │  100  │  200000  │  0  │
│    8    │ 1.9 │  2  │ 1.9 │ 1.9 │ 20100 │ 38190000 │   49200   │  20200  │ 38390000 │ 95390000  │ 1671706500000 │ '2022-12-22T10:55:00.000Z' │ 0.5  │ 99.5 │  0  │    0     │   201    │ 2730.4 │ 2973.9 │  0  │ 6.8 │ -20000 │ -37990000 │  -11000   │   -18990000   │  100  │  200000  │  0  │
│    9    │ 1.9 │ 1.9 │ 1.9 │ 1.9 │ 11200 │ 21280000 │   60400   │  11200  │ 21280000 │ 116670000 │ 1671707100000 │ '2022-12-22T11:05:00.000Z' │  0   │ 100  │  0  │    0     │ Infinity │ 2730.4 │ 2973.9 │  0  │ 3.8 │ -11200 │ -21280000 │  -22200   │   -40270000   │       │          │     │
│   10    │ 1.9 │ 1.9 │ 1.9 │ 1.9 │       │          │   69300   │  8900   │ 16910000 │ 133580000 │ 1671707700000 │ '2022-12-22T11:15:00.000Z' │ 100  │  0   │  0  │ Infinity │    0     │ 2730.4 │ 2973.9 │  0  │     │  8900  │ 16910000  │  -13300   │   -23360000   │ 8900  │ 16910000 │ 3.3 │
│   11    │  2  │  2  │  2  │  2  │       │          │   69400   │   100   │  200000  │ 133780000 │ 1671708000000 │ '2022-12-22T11:20:00.000Z' │ 100  │  0   │  0  │ Infinity │    0     │ 2730.4 │ 2973.9 │  0  │     │  100   │  200000   │  -13200   │   -23160000   │  100  │  200000  │  0  │
│   12    │  2  │  2  │  2  │  2  │       │          │   69500   │   100   │  200000  │ 133980000 │ 1671714000000 │ '2022-12-22T13:00:00.000Z' │ 100  │  0   │  0  │ Infinity │    0     │ 2730.4 │ 2973.9 │  0  │     │  100   │  200000   │  -13100   │   -22960000   │  100  │  200000  │  0  │
│   13    │ 1.9 │ 1.9 │ 1.9 │ 1.9 │ 3000  │ 5700000  │   76000   │  6500   │ 12350000 │ 146330000 │ 1671714300000 │ '2022-12-22T13:05:00.000Z' │ 53.8 │ 46.2 │  0  │   1.2    │   0.9    │ 2730.4 │ 2973.9 │  0  │  1  │  500   │  950000   │  -12600   │   -22010000   │ 3500  │ 6650000  │ 1.3 │
│   14    │ 1.9 │ 1.9 │ 1.9 │ 1.9 │  200  │  380000  │   76200   │   200   │  380000  │ 146710000 │ 1671715500000 │ '2022-12-22T13:25:00.000Z' │  0   │ 100  │  0  │    0     │ Infinity │ 2730.4 │ 2973.9 │  0  │ 0.1 │  -200  │  -380000  │  -12800   │   -22390000   │       │          │     │
│   15    │ 1.9 │ 1.9 │ 1.9 │ 1.9 │ 23700 │ 45030000 │  104900   │  28700  │ 54530000 │ 201240000 │ 1671716100000 │ '2022-12-22T13:35:00.000Z' │ 17.4 │ 82.6 │  0  │   0.2    │   4.7    │ 2730.4 │ 2973.9 │  0  │  8  │ -18700 │ -35530000 │  -31500   │   -57920000   │ 5000  │ 9500000  │ 1.8 │
│   16    │ 1.9 │ 1.9 │ 1.9 │ 1.9 │       │          │  115500   │  10600  │ 20140000 │ 221380000 │ 1671716400000 │ '2022-12-22T13:40:00.000Z' │ 100  │  0   │  0  │ Infinity │    0     │ 2730.4 │ 2973.9 │  0  │     │ 10600  │ 20140000  │  -20900   │   -37780000   │ 10600 │ 20140000 │ 3.9 │
│   17    │ 1.9 │ 1.9 │ 1.9 │ 1.9 │       │          │  116500   │  1000   │ 1900000  │ 223280000 │ 1671716700000 │ '2022-12-22T13:45:00.000Z' │ 100  │  0   │  0  │ Infinity │    0     │ 2730.4 │ 2973.9 │  0  │     │  1000  │  1900000  │  -19900   │   -35880000   │ 1000  │ 1900000  │ 0.4 │
│   18    │ 1.9 │ 1.9 │ 1.9 │ 1.9 │  200  │  380000  │  119800   │  3300   │ 6270000  │ 229550000 │ 1671717000000 │ '2022-12-22T13:50:00.000Z' │ 93.9 │ 6.1  │  0  │   15.5   │   0.1    │ 2730.4 │ 2973.9 │  0  │ 0.1 │  2900  │  5510000  │  -17000   │   -30370000   │ 3100  │ 5890000  │ 1.1 │
│   19    │  2  │  2  │  2  │  2  │       │          │  119900   │   100   │  200000  │ 229750000 │ 1671717900000 │ '2022-12-22T14:05:00.000Z' │ 100  │  0   │  0  │ Infinity │    0     │ 2730.4 │ 2973.9 │  0  │     │  100   │  200000   │  -16900   │   -30170000   │  100  │  200000  │  0  │
│   20    │  2  │  2  │  2  │  2  │       │          │  120100   │   200   │  400000  │ 230150000 │ 1671718200000 │ '2022-12-22T14:10:00.000Z' │ 100  │  0   │  0  │ Infinity │    0     │ 2730.4 │ 2973.9 │  0  │     │  200   │  400000   │  -16700   │   -29770000   │  200  │  400000  │ 0.1 │
├─────────┼─────┼─────┼─────┼─────┼───────┼──────────┼───────────┼─────────┼──────────┼───────────┼───────────────┼────────────────────────────┼──────┼──────┼─────┼──────────┼──────────┼────────┼────────┼─────┼─────┼────────┼───────────┼───────────┼───────────────┼───────┼──────────┼─────┤
│ (index) │  c  │  h  │  l  │  o  │  sd   │  val_sd  │ total_vol │ sum_vol │   val    │ acum_val  │   datetime    │            date            │ pbu  │ psd  │ puk │    bs    │    sb    │  abu   │  asd   │ auk │ rsd │ bu-sd  │ bu-sd_val │ acum_busd │ acum_busd_val │  bu   │  val_bu  │ rbu │
├─────────┼─────┼─────┼─────┼─────┼───────┼──────────┼───────────┼─────────┼──────────┼───────────┼───────────────┼────────────────────────────┼──────┼──────┼─────┼──────────┼──────────┼────────┼────────┼─────┼─────┼────────┼───────────┼───────────┼───────────────┼───────┼──────────┼─────┤
│   21    │  2  │  2  │  2  │  2  │       │          │  120900   │   800   │ 1600000  │ 231750000 │ 1671718500000 │ '2022-12-22T14:15:00.000Z' │ 100  │  0   │  0  │ Infinity │    0     │ 2730.4 │ 2973.9 │  0  │     │  800   │  1600000  │  -15900   │   -28170000   │  800  │ 1600000  │ 0.3 │
│   22    │  2  │  2  │  2  │  2  │       │          │  131200   │  10300  │ 20600000 │ 252350000 │ 1671720300000 │ '2022-12-22T14:45:00.000Z' │ 100  │  0   │  0  │ Infinity │    0     │ 2730.4 │ 2973.9 │  0  │     │ 10300  │ 20600000  │   -5600   │   -7570000    │ 10300 │ 20600000 │ 3.8 │
└─────────┴─────┴─────┴─────┴─────┴───────┴──────────┴───────────┴─────────┴──────────┴───────────┴───────────────┴────────────────────────────┴──────┴──────┴─────┴──────────┴──────────┴────────┴────────┴─────┴─────┴────────┴───────────┴───────────┴───────────────┴───────┴──────────┴─────┘

