┌─────────┬──────┬──────┬──────┬──────┬──────┬──────────┬───────────┬─────────┬──────────┬───────────┬──────┬──────────┬───────────────┬────────────────────────────┬──────┬──────┬─────┬──────────┬──────────┬─────┬────────┬─────┬─────┬─────┬───────┬───────────┬───────────┬───────────────┐
│ (index) │  c   │  h   │  l   │  o   │  sd  │  val_sd  │ total_vol │ sum_vol │   val    │ acum_val  │  bu  │  val_bu  │   datetime    │            date            │ pbu  │ psd  │ puk │    bs    │    sb    │ abu │  asd   │ auk │ rsd │ rbu │ bu-sd │ bu-sd_val │ acum_busd │ acum_busd_val │
├─────────┼──────┼──────┼──────┼──────┼──────┼──────────┼───────────┼─────────┼──────────┼───────────┼──────┼──────────┼───────────────┼────────────────────────────┼──────┼──────┼─────┼──────────┼──────────┼─────┼────────┼─────┼─────┼─────┼───────┼───────────┼───────────┼───────────────┤
│    0    │ 2.7  │ 2.7  │ 2.65 │ 2.67 │ 2300 │ 6107000  │   6100    │  6100   │ 16367000 │ 16367000  │ 3800 │ 10260000 │ 1671700500000 │ '2022-12-22T09:15:00.000Z' │ 62.3 │ 37.7 │  0  │   1.7    │   0.6    │ 525 │ 1117.9 │  0  │ 2.1 │ 7.2 │ 1500  │  4153000  │   1500    │    4153000    │
│    1    │ 2.8  │ 2.8  │ 2.8  │ 2.8  │      │          │   6600    │   500   │ 1400000  │ 17767000  │ 500  │ 1400000  │ 1671700800000 │ '2022-12-22T09:20:00.000Z' │ 100  │  0   │  0  │ Infinity │    0     │ 525 │ 1117.9 │  0  │     │  1  │  500  │  1400000  │   2000    │    5553000    │
│    2    │ 2.8  │ 2.8  │ 2.8  │ 2.8  │      │          │   6700    │   100   │  280000  │ 18047000  │ 100  │  280000  │ 1671701100000 │ '2022-12-22T09:25:00.000Z' │ 100  │  0   │  0  │ Infinity │    0     │ 525 │ 1117.9 │  0  │     │ 0.2 │  100  │  280000   │   2100    │    5833000    │
│    3    │ 2.78 │ 2.78 │ 2.78 │ 2.78 │      │          │   6800    │   100   │  278000  │ 18325000  │ 100  │  278000  │ 1671702300000 │ '2022-12-22T09:45:00.000Z' │ 100  │  0   │  0  │ Infinity │    0     │ 525 │ 1117.9 │  0  │     │ 0.2 │  100  │  278000   │   2200    │    6111000    │
│    4    │ 2.75 │ 2.77 │ 2.75 │ 2.77 │ 200  │  550000  │   9000    │  2200   │ 6090000  │ 24415000  │ 2000 │ 5540000  │ 1671702900000 │ '2022-12-22T09:55:00.000Z' │ 90.9 │ 9.1  │  0  │    10    │   0.1    │ 525 │ 1117.9 │  0  │ 0.2 │ 3.8 │ 1800  │  4990000  │   4000    │   11101000    │
│    5    │ 2.76 │ 2.76 │ 2.75 │ 2.75 │ 2100 │ 5795000  │   11100   │  2100   │ 5795000  │ 30210000  │      │          │ 1671703500000 │ '2022-12-22T10:05:00.000Z' │  0   │ 100  │  0  │    0     │ Infinity │ 525 │ 1117.9 │  0  │ 1.9 │     │ -2100 │ -5795000  │   1900    │    5306000    │
│    6    │ 2.78 │ 2.78 │ 2.78 │ 2.78 │      │          │   11400   │   300   │  834000  │ 31044000  │ 300  │  834000  │ 1671704400000 │ '2022-12-22T10:20:00.000Z' │ 100  │  0   │  0  │ Infinity │    0     │ 525 │ 1117.9 │  0  │     │ 0.6 │  300  │  834000   │   2200    │    6140000    │
│    7    │ 2.78 │ 2.78 │ 2.78 │ 2.78 │      │          │   11500   │   100   │  278000  │ 31322000  │ 100  │  278000  │ 1671704700000 │ '2022-12-22T10:25:00.000Z' │ 100  │  0   │  0  │ Infinity │    0     │ 525 │ 1117.9 │  0  │     │ 0.2 │  100  │  278000   │   2300    │    6418000    │
│    8    │ 2.76 │ 2.76 │ 2.76 │ 2.76 │ 100  │  276000  │   11600   │   100   │  276000  │ 31598000  │      │          │ 1671705000000 │ '2022-12-22T10:30:00.000Z' │  0   │ 100  │  0  │    0     │ Infinity │ 525 │ 1117.9 │  0  │ 0.1 │     │ -100  │  -276000  │   2200    │    6142000    │
│    9    │ 2.76 │ 2.76 │ 2.76 │ 2.76 │      │          │   11900   │   300   │  828000  │ 32426000  │ 300  │  828000  │ 1671706200000 │ '2022-12-22T10:50:00.000Z' │ 100  │  0   │  0  │ Infinity │    0     │ 525 │ 1117.9 │  0  │     │ 0.6 │  300  │  828000   │   2500    │    6970000    │
│   10    │ 2.75 │ 2.75 │ 2.75 │ 2.75 │ 200  │  550000  │   12100   │   200   │  550000  │ 32976000  │      │          │ 1671706800000 │ '2022-12-22T11:00:00.000Z' │  0   │ 100  │  0  │    0     │ Infinity │ 525 │ 1117.9 │  0  │ 0.2 │     │ -200  │  -550000  │   2300    │    6420000    │
│   11    │ 2.76 │ 2.76 │ 2.76 │ 2.76 │      │          │   13100   │  1000   │ 2760000  │ 35736000  │ 1000 │ 2760000  │ 1671707100000 │ '2022-12-22T11:05:00.000Z' │ 100  │  0   │  0  │ Infinity │    0     │ 525 │ 1117.9 │  0  │     │ 1.9 │ 1000  │  2760000  │   3300    │    9180000    │
│   12    │ 2.7  │ 2.7  │ 2.7  │ 2.7  │ 3600 │ 9720000  │   16700   │  3600   │ 9720000  │ 45456000  │      │          │ 1671708300000 │ '2022-12-22T11:25:00.000Z' │  0   │ 100  │  0  │    0     │ Infinity │ 525 │ 1117.9 │  0  │ 3.2 │     │ -3600 │ -9720000  │   -300    │    -540000    │
│   13    │ 2.65 │ 2.66 │ 2.65 │ 2.66 │ 600  │ 1592000  │   17300   │   600   │ 1592000  │ 47048000  │      │          │ 1671714000000 │ '2022-12-22T13:00:00.000Z' │  0   │ 100  │  0  │    0     │ Infinity │ 525 │ 1117.9 │  0  │ 0.5 │     │ -600  │ -1592000  │   -900    │   -2132000    │
│   14    │ 2.7  │ 2.7  │ 2.7  │ 2.7  │      │          │   18300   │  1000   │ 2700000  │ 49748000  │ 1000 │ 2700000  │ 1671714300000 │ '2022-12-22T13:05:00.000Z' │ 100  │  0   │  0  │ Infinity │    0     │ 525 │ 1117.9 │  0  │     │ 1.9 │ 1000  │  2700000  │    100    │    568000     │
│   15    │ 2.7  │ 2.7  │ 2.7  │ 2.7  │      │          │   18400   │   100   │  270000  │ 50018000  │ 100  │  270000  │ 1671714600000 │ '2022-12-22T13:10:00.000Z' │ 100  │  0   │  0  │ Infinity │    0     │ 525 │ 1117.9 │  0  │     │ 0.2 │  100  │  270000   │    200    │    838000     │
│   16    │ 2.7  │ 2.7  │ 2.7  │ 2.7  │      │          │   19400   │  1000   │ 2700000  │ 52718000  │ 1000 │ 2700000  │ 1671715800000 │ '2022-12-22T13:30:00.000Z' │ 100  │  0   │  0  │ Infinity │    0     │ 525 │ 1117.9 │  0  │     │ 1.9 │ 1000  │  2700000  │   1200    │    3538000    │
│   17    │ 2.7  │ 2.7  │ 2.7  │ 2.7  │      │          │   19900   │   500   │ 1350000  │ 54068000  │ 500  │ 1350000  │ 1671716100000 │ '2022-12-22T13:35:00.000Z' │ 100  │  0   │  0  │ Infinity │    0     │ 525 │ 1117.9 │  0  │     │  1  │  500  │  1350000  │   1700    │    4888000    │
│   18    │ 2.69 │ 2.69 │ 2.65 │ 2.65 │ 200  │  530000  │   20500   │   600   │ 1606000  │ 55674000  │ 400  │ 1076000  │ 1671716400000 │ '2022-12-22T13:40:00.000Z' │ 66.7 │ 33.3 │  0  │    2     │   0.5    │ 525 │ 1117.9 │  0  │ 0.2 │ 0.8 │  200  │  546000   │   1900    │    5434000    │
│   19    │ 2.69 │ 2.69 │ 2.69 │ 2.69 │      │          │   21300   │   800   │ 2152000  │ 57826000  │ 800  │ 2152000  │ 1671716700000 │ '2022-12-22T13:45:00.000Z' │ 100  │  0   │  0  │ Infinity │    0     │ 525 │ 1117.9 │  0  │     │ 1.5 │  800  │  2152000  │   2700    │    7586000    │
│   20    │ 2.65 │ 2.65 │ 2.65 │ 2.65 │ 9100 │ 24115000 │   30400   │  9100   │ 24115000 │ 81941000  │      │          │ 1671717000000 │ '2022-12-22T13:50:00.000Z' │  0   │ 100  │  0  │    0     │ Infinity │ 525 │ 1117.9 │  0  │ 8.1 │     │ -9100 │ -24115000 │   -6400   │   -16529000   │
├─────────┼──────┼──────┼──────┼──────┼──────┼──────────┼───────────┼─────────┼──────────┼───────────┼──────┼──────────┼───────────────┼────────────────────────────┼──────┼──────┼─────┼──────────┼──────────┼─────┼────────┼─────┼─────┼─────┼───────┼───────────┼───────────┼───────────────┤
│ (index) │  c   │  h   │  l   │  o   │  sd  │  val_sd  │ total_vol │ sum_vol │   val    │ acum_val  │  bu  │  val_bu  │   datetime    │            date            │ pbu  │ psd  │ puk │    bs    │    sb    │ abu │  asd   │ auk │ rsd │ rbu │ bu-sd │ bu-sd_val │ acum_busd │ acum_busd_val │
├─────────┼──────┼──────┼──────┼──────┼──────┼──────────┼───────────┼─────────┼──────────┼───────────┼──────┼──────────┼───────────────┼────────────────────────────┼──────┼──────┼─────┼──────────┼──────────┼─────┼────────┼─────┼─────┼─────┼───────┼───────────┼───────────┼───────────────┤
│   21    │ 2.65 │ 2.65 │ 2.65 │ 2.65 │      │          │   30600   │   200   │  530000  │ 82471000  │ 200  │  530000  │ 1671717300000 │ '2022-12-22T13:55:00.000Z' │ 100  │  0   │  0  │ Infinity │    0     │ 525 │ 1117.9 │  0  │     │ 0.4 │  200  │  530000   │   -6200   │   -15999000   │
│   22    │ 2.6  │ 2.6  │ 2.6  │ 2.6  │ 8000 │ 20800000 │   38600   │  8000   │ 20800000 │ 103271000 │      │          │ 1671717600000 │ '2022-12-22T14:00:00.000Z' │  0   │ 100  │  0  │    0     │ Infinity │ 525 │ 1117.9 │  0  │ 7.2 │     │ -8000 │ -20800000 │  -14200   │   -36799000   │
│   23    │ 2.7  │ 2.7  │ 2.7  │ 2.7  │      │          │   40600   │  2000   │ 5400000  │ 108671000 │ 2000 │ 5400000  │ 1671718200000 │ '2022-12-22T14:10:00.000Z' │ 100  │  0   │  0  │ Infinity │    0     │ 525 │ 1117.9 │  0  │     │ 3.8 │ 2000  │  5400000  │  -12200   │   -31399000   │
│   24    │ 2.7  │ 2.71 │ 2.7  │ 2.71 │ 2000 │ 5409000  │   42600   │  2000   │ 5409000  │ 114080000 │      │          │ 1671718500000 │ '2022-12-22T14:15:00.000Z' │  0   │ 100  │  0  │    0     │ Infinity │ 525 │ 1117.9 │  0  │ 1.8 │     │ -2000 │ -5409000  │  -14200   │   -36808000   │
│   25    │ 2.77 │ 2.77 │ 2.7  │ 2.7  │ 600  │ 1620000  │   43300   │   700   │ 1897000  │ 115977000 │ 100  │  277000  │ 1671718800000 │ '2022-12-22T14:20:00.000Z' │ 14.3 │ 85.7 │  0  │   0.2    │    6     │ 525 │ 1117.9 │  0  │ 0.5 │ 0.2 │ -500  │ -1343000  │  -14700   │   -38151000   │
│   26    │ 2.75 │ 2.75 │ 2.75 │ 2.75 │      │          │   43700   │   400   │ 1100000  │ 117077000 │ 400  │ 1100000  │ 1671719100000 │ '2022-12-22T14:25:00.000Z' │ 100  │  0   │  0  │ Infinity │    0     │ 525 │ 1117.9 │  0  │     │ 0.8 │  400  │  1100000  │  -14300   │   -37051000   │
│   27    │ 2.77 │ 2.77 │ 2.77 │ 2.77 │ 2300 │ 6371000  │   46000   │  2300   │ 6371000  │ 123448000 │      │          │ 1671720300000 │ '2022-12-22T14:45:00.000Z' │  0   │ 100  │  0  │    0     │ Infinity │ 525 │ 1117.9 │  0  │ 2.1 │     │ -2300 │ -6371000  │  -16600   │   -43422000   │
└─────────┴──────┴──────┴──────┴──────┴──────┴──────────┴───────────┴─────────┴──────────┴───────────┴──────┴──────────┴───────────────┴────────────────────────────┴──────┴──────┴─────┴──────────┴──────────┴─────┴────────┴─────┴─────┴─────┴───────┴───────────┴───────────┴───────────────┘

