┌─────────┬─────┬─────┬─────┬─────┬──────┬──────────┬───────────┬─────────┬──────────┬───────────┬───────────────┬────────────────────────────┬─────┬─────┬─────┬──────────┬──────────┬───────┬───────┬─────┬──────┬───────┬───────────┬───────────┬───────────────┬──────┬──────────┬─────┐
│ (index) │  c  │  h  │  l  │  o  │  bu  │  val_bu  │ total_vol │ sum_vol │   val    │ acum_val  │   datetime    │            date            │ pbu │ psd │ puk │    bs    │    sb    │  abu  │  asd  │ auk │ rbu  │ bu-sd │ bu-sd_val │ acum_busd │ acum_busd_val │  sd  │  val_sd  │ rsd │
├─────────┼─────┼─────┼─────┼─────┼──────┼──────────┼───────────┼─────────┼──────────┼───────────┼───────────────┼────────────────────────────┼─────┼─────┼─────┼──────────┼──────────┼───────┼───────┼─────┼──────┼───────┼───────────┼───────────┼───────────────┼──────┼──────────┼─────┤
│    0    │ 7.2 │ 7.2 │ 7.2 │ 7.2 │ 1200 │ 8640000  │   1200    │  1200   │ 8640000  │  8640000  │ 1671702120000 │ '2022-12-22T09:42:00.000Z' │ 100 │  0  │  0  │ Infinity │    0     │ 607.7 │ 603.8 │  0  │  2   │ 1200  │  8640000  │   1200    │    8640000    │      │          │     │
│    1    │ 7.2 │ 7.2 │ 7.2 │ 7.2 │ 600  │ 4320000  │   1800    │   600   │ 4320000  │ 12960000  │ 1671702360000 │ '2022-12-22T09:46:00.000Z' │ 100 │  0  │  0  │ Infinity │    0     │ 607.7 │ 603.8 │  0  │  1   │  600  │  4320000  │   1800    │   12960000    │      │          │     │
│    2    │ 7.2 │ 7.2 │ 7.2 │ 7.2 │ 100  │  720000  │   1900    │   100   │  720000  │ 13680000  │ 1671702720000 │ '2022-12-22T09:52:00.000Z' │ 100 │  0  │  0  │ Infinity │    0     │ 607.7 │ 603.8 │  0  │ 0.2  │  100  │  720000   │   1900    │   13680000    │      │          │     │
│    3    │ 7.2 │ 7.2 │ 7.2 │ 7.2 │ 1100 │ 7920000  │   3000    │  1100   │ 7920000  │ 21600000  │ 1671703080000 │ '2022-12-22T09:58:00.000Z' │ 100 │  0  │  0  │ Infinity │    0     │ 607.7 │ 603.8 │  0  │ 1.8  │ 1100  │  7920000  │   3000    │   21600000    │      │          │     │
│    4    │ 7.2 │ 7.2 │ 7.2 │ 7.2 │ 200  │ 1440000  │   3200    │   200   │ 1440000  │ 23040000  │ 1671703800000 │ '2022-12-22T10:10:00.000Z' │ 100 │  0  │  0  │ Infinity │    0     │ 607.7 │ 603.8 │  0  │ 0.3  │  200  │  1440000  │   3200    │   23040000    │      │          │     │
│    5    │ 7.2 │ 7.2 │ 7.2 │ 7.2 │      │          │   4000    │   800   │ 5760000  │ 28800000  │ 1671703920000 │ '2022-12-22T10:12:00.000Z' │  0  │ 100 │  0  │    0     │ Infinity │ 607.7 │ 603.8 │  0  │      │ -800  │ -5760000  │   2400    │   17280000    │ 800  │ 5760000  │ 1.3 │
│    6    │ 7.2 │ 7.2 │ 7.2 │ 7.2 │ 1600 │ 11520000 │   6000    │  2000   │ 14400000 │ 43200000  │ 1671705840000 │ '2022-12-22T10:44:00.000Z' │ 80  │ 20  │  0  │    4     │   0.3    │ 607.7 │ 603.8 │  0  │ 2.6  │ 1200  │  8640000  │   3600    │   25920000    │ 400  │ 2880000  │ 0.7 │
│    7    │ 7.2 │ 7.2 │ 7.2 │ 7.2 │ 600  │ 4320000  │   6600    │   600   │ 4320000  │ 47520000  │ 1671705960000 │ '2022-12-22T10:46:00.000Z' │ 100 │  0  │  0  │ Infinity │    0     │ 607.7 │ 603.8 │  0  │  1   │  600  │  4320000  │   4200    │   30240000    │      │          │     │
│    8    │ 7.2 │ 7.2 │ 7.2 │ 7.2 │      │          │   7800    │  1200   │ 8640000  │ 56160000  │ 1671706440000 │ '2022-12-22T10:54:00.000Z' │  0  │ 100 │  0  │    0     │ Infinity │ 607.7 │ 603.8 │  0  │      │ -1200 │ -8640000  │   3000    │   21600000    │ 1200 │ 8640000  │  2  │
│    9    │ 7.2 │ 7.2 │ 7.2 │ 7.2 │      │          │   11000   │  3200   │ 23040000 │ 79200000  │ 1671707160000 │ '2022-12-22T11:06:00.000Z' │  0  │ 100 │  0  │    0     │ Infinity │ 607.7 │ 603.8 │  0  │      │ -3200 │ -23040000 │   -200    │   -1440000    │ 3200 │ 23040000 │ 5.3 │
│   10    │ 7.2 │ 7.2 │ 7.2 │ 7.2 │ 1500 │ 10800000 │   12500   │  1500   │ 10800000 │ 90000000  │ 1671707280000 │ '2022-12-22T11:08:00.000Z' │ 100 │  0  │  0  │ Infinity │    0     │ 607.7 │ 603.8 │  0  │ 2.5  │ 1500  │ 10800000  │   1300    │    9360000    │      │          │     │
│   11    │ 7.2 │ 7.2 │ 7.2 │ 7.2 │      │          │   13100   │   600   │ 4320000  │ 94320000  │ 1671707400000 │ '2022-12-22T11:10:00.000Z' │  0  │ 100 │  0  │    0     │ Infinity │ 607.7 │ 603.8 │  0  │      │ -600  │ -4320000  │    700    │    5040000    │ 600  │ 4320000  │  1  │
│   12    │ 7.2 │ 7.2 │ 7.2 │ 7.2 │      │          │   16000   │  2900   │ 20880000 │ 115200000 │ 1671707640000 │ '2022-12-22T11:14:00.000Z' │  0  │ 100 │  0  │    0     │ Infinity │ 607.7 │ 603.8 │  0  │      │ -2900 │ -20880000 │   -2200   │   -15840000   │ 2900 │ 20880000 │ 4.8 │
│   13    │ 7.2 │ 7.2 │ 7.2 │ 7.2 │ 100  │  720000  │   16100   │   100   │  720000  │ 115920000 │ 1671708360000 │ '2022-12-22T11:26:00.000Z' │ 100 │  0  │  0  │ Infinity │    0     │ 607.7 │ 603.8 │  0  │ 0.2  │  100  │  720000   │   -2100   │   -15120000   │      │          │     │
│   14    │ 7.2 │ 7.2 │ 7.2 │ 7.2 │      │          │   16700   │   600   │ 4320000  │ 120240000 │ 1671708480000 │ '2022-12-22T11:28:00.000Z' │  0  │ 100 │  0  │    0     │ Infinity │ 607.7 │ 603.8 │  0  │      │ -600  │ -4320000  │   -2700   │   -19440000   │ 600  │ 4320000  │  1  │
│   15    │ 7.2 │ 7.2 │ 7.2 │ 7.2 │      │          │   19000   │  2300   │ 16560000 │ 136800000 │ 1671714000000 │ '2022-12-22T13:00:00.000Z' │  0  │ 100 │  0  │    0     │ Infinity │ 607.7 │ 603.8 │  0  │      │ -2300 │ -16560000 │   -5000   │   -36000000   │ 2300 │ 16560000 │ 3.8 │
│   16    │ 7.2 │ 7.2 │ 7.2 │ 7.2 │ 1800 │ 12960000 │   20800   │  1800   │ 12960000 │ 149760000 │ 1671714360000 │ '2022-12-22T13:06:00.000Z' │ 100 │  0  │  0  │ Infinity │    0     │ 607.7 │ 603.8 │  0  │  3   │ 1800  │ 12960000  │   -3200   │   -23040000   │      │          │     │
│   17    │ 7.2 │ 7.2 │ 7.2 │ 7.2 │      │          │   21100   │   300   │ 2160000  │ 151920000 │ 1671714960000 │ '2022-12-22T13:16:00.000Z' │  0  │ 100 │  0  │    0     │ Infinity │ 607.7 │ 603.8 │  0  │      │ -300  │ -2160000  │   -3500   │   -25200000   │ 300  │ 2160000  │ 0.5 │
│   18    │ 7.2 │ 7.2 │ 7.2 │ 7.2 │      │          │   21400   │   300   │ 2160000  │ 154080000 │ 1671715560000 │ '2022-12-22T13:26:00.000Z' │  0  │ 100 │  0  │    0     │ Infinity │ 607.7 │ 603.8 │  0  │      │ -300  │ -2160000  │   -3800   │   -27360000   │ 300  │ 2160000  │ 0.5 │
│   19    │ 7.2 │ 7.2 │ 7.2 │ 7.2 │      │          │   21700   │   300   │ 2160000  │ 156240000 │ 1671715920000 │ '2022-12-22T13:32:00.000Z' │  0  │ 100 │  0  │    0     │ Infinity │ 607.7 │ 603.8 │  0  │      │ -300  │ -2160000  │   -4100   │   -29520000   │ 300  │ 2160000  │ 0.5 │
│   20    │ 7.2 │ 7.2 │ 7.2 │ 7.2 │      │          │   21800   │   100   │  720000  │ 156960000 │ 1671716280000 │ '2022-12-22T13:38:00.000Z' │  0  │ 100 │  0  │    0     │ Infinity │ 607.7 │ 603.8 │  0  │      │ -100  │  -720000  │   -4200   │   -30240000   │ 100  │  720000  │ 0.2 │
├─────────┼─────┼─────┼─────┼─────┼──────┼──────────┼───────────┼─────────┼──────────┼───────────┼───────────────┼────────────────────────────┼─────┼─────┼─────┼──────────┼──────────┼───────┼───────┼─────┼──────┼───────┼───────────┼───────────┼───────────────┼──────┼──────────┼─────┤
│ (index) │  c  │  h  │  l  │  o  │  bu  │  val_bu  │ total_vol │ sum_vol │   val    │ acum_val  │   datetime    │            date            │ pbu │ psd │ puk │    bs    │    sb    │  abu  │  asd  │ auk │ rbu  │ bu-sd │ bu-sd_val │ acum_busd │ acum_busd_val │  sd  │  val_sd  │ rsd │
├─────────┼─────┼─────┼─────┼─────┼──────┼──────────┼───────────┼─────────┼──────────┼───────────┼───────────────┼────────────────────────────┼─────┼─────┼─────┼──────────┼──────────┼───────┼───────┼─────┼──────┼───────┼───────────┼───────────┼───────────────┼──────┼──────────┼─────┤
│   21    │ 7.2 │ 7.2 │ 7.2 │ 7.2 │      │          │   21900   │   100   │  720000  │ 157680000 │ 1671717240000 │ '2022-12-22T13:54:00.000Z' │  0  │ 100 │  0  │    0     │ Infinity │ 607.7 │ 603.8 │  0  │      │ -100  │  -720000  │   -4300   │   -30960000   │ 100  │  720000  │ 0.2 │
│   22    │ 7.2 │ 7.2 │ 7.2 │ 7.2 │      │          │   22900   │  1000   │ 7200000  │ 164880000 │ 1671717360000 │ '2022-12-22T13:56:00.000Z' │  0  │ 100 │  0  │    0     │ Infinity │ 607.7 │ 603.8 │  0  │      │ -1000 │ -7200000  │   -5300   │   -38160000   │ 1000 │ 7200000  │ 1.7 │
│   23    │ 7.2 │ 7.2 │ 7.2 │ 7.2 │      │          │   23500   │   600   │ 4320000  │ 169200000 │ 1671717480000 │ '2022-12-22T13:58:00.000Z' │  0  │ 100 │  0  │    0     │ Infinity │ 607.7 │ 603.8 │  0  │      │ -600  │ -4320000  │   -5900   │   -42480000   │ 600  │ 4320000  │  1  │
│   24    │ 7.2 │ 7.2 │ 7.2 │ 7.2 │      │          │   24500   │  1000   │ 7200000  │ 176400000 │ 1671718680000 │ '2022-12-22T14:18:00.000Z' │  0  │ 100 │  0  │    0     │ Infinity │ 607.7 │ 603.8 │  0  │      │ -1000 │ -7200000  │   -6900   │   -49680000   │ 1000 │ 7200000  │ 1.7 │
│   25    │ 7.5 │ 7.5 │ 7.5 │ 7.5 │ 7000 │ 52500000 │   31500   │  7000   │ 52500000 │ 228900000 │ 1671720240000 │ '2022-12-22T14:44:00.000Z' │ 100 │  0  │  0  │ Infinity │    0     │ 607.7 │ 603.8 │  0  │ 11.5 │ 7000  │ 52500000  │    100    │    2820000    │      │          │     │
└─────────┴─────┴─────┴─────┴─────┴──────┴──────────┴───────────┴─────────┴──────────┴───────────┴───────────────┴────────────────────────────┴─────┴─────┴─────┴──────────┴──────────┴───────┴───────┴─────┴──────┴───────┴───────────┴───────────┴───────────────┴──────┴──────────┴─────┘

