┌─────────┬──────┬──────┬──────┬──────┬───────┬───────────┬───────────┬─────────┬───────────┬───────────┬───────────────┬────────────────────────────┬──────┬──────┬─────┬──────────┬──────────┬────────┬────────┬─────┬─────┬────────┬───────────┬───────────┬───────────────┬───────┬───────────┬─────┐
│ (index) │  c   │  h   │  l   │  o   │  bu   │  val_bu   │ total_vol │ sum_vol │    val    │ acum_val  │   datetime    │            date            │ pbu  │ psd  │ puk │    bs    │    sb    │  abu   │  asd   │ auk │ rbu │ bu-sd  │ bu-sd_val │ acum_busd │ acum_busd_val │  sd   │  val_sd   │ rsd │
├─────────┼──────┼──────┼──────┼──────┼───────┼───────────┼───────────┼─────────┼───────────┼───────────┼───────────────┼────────────────────────────┼──────┼──────┼─────┼──────────┼──────────┼────────┼────────┼─────┼─────┼────────┼───────────┼───────────┼───────────────┼───────┼───────────┼─────┤
│    0    │ 8.6  │ 8.6  │ 8.6  │ 8.6  │ 1100  │  9460000  │   1100    │  1100   │  9460000  │  9460000  │ 1671700500000 │ '2022-12-22T09:15:00.000Z' │ 100  │  0   │  0  │ Infinity │    0     │ 1918.2 │ 2409.1 │  0  │ 0.6 │  1100  │  9460000  │   1100    │    9460000    │       │           │     │
│    1    │ 8.6  │ 8.6  │ 8.6  │ 8.6  │       │           │   4800    │  3700   │ 31820000  │ 41280000  │ 1671700800000 │ '2022-12-22T09:20:00.000Z' │  0   │ 100  │  0  │    0     │ Infinity │ 1918.2 │ 2409.1 │  0  │     │ -3700  │ -31820000 │   -2600   │   -22360000   │ 3700  │ 31820000  │ 1.5 │
│    2    │ 8.6  │ 8.6  │ 8.6  │ 8.6  │ 7800  │ 67080000  │   12600   │  7800   │ 67080000  │ 108360000 │ 1671701100000 │ '2022-12-22T09:25:00.000Z' │ 100  │  0   │  0  │ Infinity │    0     │ 1918.2 │ 2409.1 │  0  │ 4.1 │  7800  │ 67080000  │   5200    │   44720000    │       │           │     │
│    3    │ 8.5  │ 8.5  │ 8.5  │ 8.5  │       │           │   13600   │  1000   │  8500000  │ 116860000 │ 1671701700000 │ '2022-12-22T09:35:00.000Z' │  0   │ 100  │  0  │    0     │ Infinity │ 1918.2 │ 2409.1 │  0  │     │ -1000  │ -8500000  │   4200    │   36220000    │ 1000  │  8500000  │ 0.4 │
│    4    │ 8.59 │ 8.59 │ 8.59 │ 8.59 │ 2100  │ 18039000  │   15700   │  2100   │ 18039000  │ 134899000 │ 1671703200000 │ '2022-12-22T10:00:00.000Z' │ 100  │  0   │  0  │ Infinity │    0     │ 1918.2 │ 2409.1 │  0  │ 1.1 │  2100  │ 18039000  │   6300    │   54259000    │       │           │     │
│    5    │ 8.59 │ 8.59 │ 8.59 │ 8.59 │ 4400  │ 37796000  │   20100   │  4400   │ 37796000  │ 172695000 │ 1671703500000 │ '2022-12-22T10:05:00.000Z' │ 100  │  0   │  0  │ Infinity │    0     │ 1918.2 │ 2409.1 │  0  │ 2.3 │  4400  │ 37796000  │   10700   │   92055000    │       │           │     │
│    6    │ 8.6  │ 8.6  │ 8.6  │ 8.6  │ 12500 │ 107500000 │   32600   │  12500  │ 107500000 │ 280195000 │ 1671703800000 │ '2022-12-22T10:10:00.000Z' │ 100  │  0   │  0  │ Infinity │    0     │ 1918.2 │ 2409.1 │  0  │ 6.5 │ 12500  │ 107500000 │   23200   │   199555000   │       │           │     │
│    7    │  9   │  9   │ 8.6  │ 8.6  │ 10000 │ 88057000  │   42600   │  10000  │ 88057000  │ 368252000 │ 1671704400000 │ '2022-12-22T10:20:00.000Z' │ 100  │  0   │  0  │ Infinity │    0     │ 1918.2 │ 2409.1 │  0  │ 5.2 │ 10000  │ 88057000  │   33200   │   287612000   │       │           │     │
│    8    │ 8.84 │ 8.84 │ 8.84 │ 8.84 │  100  │  884000   │   42700   │   100   │  884000   │ 369136000 │ 1671705000000 │ '2022-12-22T10:30:00.000Z' │ 100  │  0   │  0  │ Infinity │    0     │ 1918.2 │ 2409.1 │  0  │ 0.1 │  100   │  884000   │   33300   │   288496000   │       │           │     │
│    9    │ 8.84 │ 8.84 │ 8.84 │ 8.84 │  200  │  1768000  │   42900   │   200   │  1768000  │ 370904000 │ 1671705300000 │ '2022-12-22T10:35:00.000Z' │ 100  │  0   │  0  │ Infinity │    0     │ 1918.2 │ 2409.1 │  0  │ 0.1 │  200   │  1768000  │   33500   │   290264000   │       │           │     │
│   10    │ 8.55 │ 8.6  │ 8.55 │ 8.6  │       │           │   44000   │  1100   │  9410000  │ 380314000 │ 1671707700000 │ '2022-12-22T11:15:00.000Z' │  0   │ 100  │  0  │    0     │ Infinity │ 1918.2 │ 2409.1 │  0  │     │ -1100  │ -9410000  │   32400   │   280854000   │ 1100  │  9410000  │ 0.5 │
│   11    │ 8.7  │ 8.76 │ 8.7  │ 8.76 │  200  │  1752000  │   55700   │  11700  │ 101802000 │ 482116000 │ 1671714000000 │ '2022-12-22T13:00:00.000Z' │ 1.7  │ 98.3 │  0  │    0     │   57.5   │ 1918.2 │ 2409.1 │  0  │ 0.1 │ -11300 │ -98298000 │   21100   │   182556000   │ 11500 │ 100050000 │ 4.8 │
│   12    │ 8.69 │ 8.69 │ 8.69 │ 8.69 │  100  │  869000   │   55800   │   100   │  869000   │ 482985000 │ 1671715200000 │ '2022-12-22T13:20:00.000Z' │ 100  │  0   │  0  │ Infinity │    0     │ 1918.2 │ 2409.1 │  0  │ 0.1 │  100   │  869000   │   21200   │   183425000   │       │           │     │
│   13    │ 8.65 │ 8.65 │ 8.65 │ 8.65 │  100  │  865000   │   55900   │   100   │  865000   │ 483850000 │ 1671715800000 │ '2022-12-22T13:30:00.000Z' │ 100  │  0   │  0  │ Infinity │    0     │ 1918.2 │ 2409.1 │  0  │ 0.1 │  100   │  865000   │   21300   │   184290000   │       │           │     │
│   14    │ 8.62 │ 8.62 │ 8.62 │ 8.62 │       │           │   56400   │   500   │  4310000  │ 488160000 │ 1671716400000 │ '2022-12-22T13:40:00.000Z' │  0   │ 100  │  0  │    0     │ Infinity │ 1918.2 │ 2409.1 │  0  │     │  -500  │ -4310000  │   20800   │   179980000   │  500  │  4310000  │ 0.2 │
│   15    │ 8.6  │ 8.62 │ 8.6  │ 8.62 │ 1400  │ 12040000  │   58200   │  1800   │ 15482000  │ 503642000 │ 1671716700000 │ '2022-12-22T13:45:00.000Z' │ 77.8 │ 22.2 │  0  │   3.5    │   0.3    │ 1918.2 │ 2409.1 │  0  │ 0.7 │  1000  │  8598000  │   21800   │   188578000   │  400  │  3442000  │ 0.2 │
│   16    │ 8.56 │ 8.56 │ 8.56 │ 8.56 │       │           │   68200   │  10000  │ 85600000  │ 589242000 │ 1671717000000 │ '2022-12-22T13:50:00.000Z' │  0   │ 100  │  0  │    0     │ Infinity │ 1918.2 │ 2409.1 │  0  │     │ -10000 │ -85600000 │   11800   │   102978000   │ 10000 │ 85600000  │ 4.2 │
│   17    │ 8.56 │ 8.56 │ 8.55 │ 8.56 │  100  │  856000   │   73600   │  5400   │ 46221000  │ 635463000 │ 1671717300000 │ '2022-12-22T13:55:00.000Z' │ 1.9  │ 98.1 │  0  │    0     │    53    │ 1918.2 │ 2409.1 │  0  │ 0.1 │ -5200  │ -44509000 │   6600    │   58469000    │ 5300  │ 45365000  │ 2.2 │
│   18    │ 8.56 │ 8.56 │ 8.56 │ 8.56 │  300  │  2568000  │   73900   │   300   │  2568000  │ 638031000 │ 1671717900000 │ '2022-12-22T14:05:00.000Z' │ 100  │  0   │  0  │ Infinity │    0     │ 1918.2 │ 2409.1 │  0  │ 0.2 │  300   │  2568000  │   6900    │   61037000    │       │           │     │
│   19    │ 8.6  │ 8.6  │ 8.6  │ 8.6  │ 1800  │ 15480000  │   75700   │  1800   │ 15480000  │ 653511000 │ 1671718800000 │ '2022-12-22T14:20:00.000Z' │ 100  │  0   │  0  │ Infinity │    0     │ 1918.2 │ 2409.1 │  0  │ 0.9 │  1800  │ 15480000  │   8700    │   76517000    │       │           │     │
│   20    │ 8.6  │ 8.6  │ 8.6  │ 8.6  │       │           │   86500   │  10800  │ 92880000  │ 746391000 │ 1671719100000 │ '2022-12-22T14:25:00.000Z' │  0   │ 100  │  0  │    0     │ Infinity │ 1918.2 │ 2409.1 │  0  │     │ -10800 │ -92880000 │   -2100   │   -16363000   │ 10800 │ 92880000  │ 4.5 │
├─────────┼──────┼──────┼──────┼──────┼───────┼───────────┼───────────┼─────────┼───────────┼───────────┼───────────────┼────────────────────────────┼──────┼──────┼─────┼──────────┼──────────┼────────┼────────┼─────┼─────┼────────┼───────────┼───────────┼───────────────┼───────┼───────────┼─────┤
│ (index) │  c   │  h   │  l   │  o   │  bu   │  val_bu   │ total_vol │ sum_vol │    val    │ acum_val  │   datetime    │            date            │ pbu  │ psd  │ puk │    bs    │    sb    │  abu   │  asd   │ auk │ rbu │ bu-sd  │ bu-sd_val │ acum_busd │ acum_busd_val │  sd   │  val_sd   │ rsd │
├─────────┼──────┼──────┼──────┼──────┼───────┼───────────┼───────────┼─────────┼───────────┼───────────┼───────────────┼────────────────────────────┼──────┼──────┼─────┼──────────┼──────────┼────────┼────────┼─────┼─────┼────────┼───────────┼───────────┼───────────────┼───────┼───────────┼─────┤
│   21    │ 8.56 │ 8.56 │ 8.56 │ 8.56 │       │           │   95200   │  8700   │ 74472000  │ 820863000 │ 1671720300000 │ '2022-12-22T14:45:00.000Z' │  0   │ 100  │  0  │    0     │ Infinity │ 1918.2 │ 2409.1 │  0  │     │ -8700  │ -74472000 │  -10800   │   -90835000   │ 8700  │ 74472000  │ 3.6 │
└─────────┴──────┴──────┴──────┴──────┴───────┴───────────┴───────────┴─────────┴───────────┴───────────┴───────────────┴────────────────────────────┴──────┴──────┴─────┴──────────┴──────────┴────────┴────────┴─────┴─────┴────────┴───────────┴───────────┴───────────────┴───────┴───────────┴─────┘

