┌─────────┬─────┬─────┬─────┬─────┬────────┬────────────┬───────────┬─────────┬────────────┬────────────┬───────────────┬────────────────────────────┬──────┬──────┬─────┬──────────┬──────────┬────────┬──────┬─────┬──────┬────────┬────────────┬───────────┬───────────────┬───────┬───────────┬──────┐
│ (index) │  c  │  h  │  l  │  o  │   bu   │   val_bu   │ total_vol │ sum_vol │    val     │  acum_val  │   datetime    │            date            │ pbu  │ psd  │ puk │    bs    │    sb    │  abu   │ asd  │ auk │ rbu  │ bu-sd  │ bu-sd_val  │ acum_busd │ acum_busd_val │  sd   │  val_sd   │ rsd  │
├─────────┼─────┼─────┼─────┼─────┼────────┼────────────┼───────────┼─────────┼────────────┼────────────┼───────────────┼────────────────────────────┼──────┼──────┼─────┼──────────┼──────────┼────────┼──────┼─────┼──────┼────────┼────────────┼───────────┼───────────────┼───────┼───────────┼──────┤
│    0    │ 9.5 │ 9.5 │ 9.5 │ 9.5 │  3000  │  28500000  │   3000    │  3000   │  28500000  │  28500000  │ 1671441480000 │ '2022-12-19T09:18:00.000Z' │ 100  │  0   │  0  │ Infinity │    0     │ 4181.3 │ 4448 │  0  │ 0.7  │  3000  │  28500000  │   3000    │   28500000    │       │           │      │
│    1    │ 9.5 │ 9.5 │ 9.5 │ 9.5 │  9300  │  88350000  │   12300   │  9300   │  88350000  │ 116850000  │ 1671441960000 │ '2022-12-19T09:26:00.000Z' │ 100  │  0   │  0  │ Infinity │    0     │ 4181.3 │ 4448 │  0  │ 2.2  │  9300  │  88350000  │   12300   │   116850000   │       │           │      │
│    2    │ 9.5 │ 9.5 │ 9.5 │ 9.5 │  300   │  2850000   │   12600   │   300   │  2850000   │ 119700000  │ 1671442080000 │ '2022-12-19T09:28:00.000Z' │ 100  │  0   │  0  │ Infinity │    0     │ 4181.3 │ 4448 │  0  │ 0.1  │  300   │  2850000   │   12600   │   119700000   │       │           │      │
│    3    │ 9.5 │ 9.5 │ 9.5 │ 9.5 │  100   │   950000   │   12700   │   100   │   950000   │ 120650000  │ 1671442200000 │ '2022-12-19T09:30:00.000Z' │ 100  │  0   │  0  │ Infinity │    0     │ 4181.3 │ 4448 │  0  │  0   │  100   │   950000   │   12700   │   120650000   │       │           │      │
│    4    │ 9.4 │ 9.4 │ 9.4 │ 9.4 │  100   │   940000   │   12800   │   100   │   940000   │ 121590000  │ 1671442320000 │ '2022-12-19T09:32:00.000Z' │ 100  │  0   │  0  │ Infinity │    0     │ 4181.3 │ 4448 │  0  │  0   │  100   │   940000   │   12800   │   121590000   │       │           │      │
│    5    │ 9.4 │ 9.4 │ 9.4 │ 9.4 │  500   │  4700000   │   13400   │   600   │  5640000   │ 127230000  │ 1671442440000 │ '2022-12-19T09:34:00.000Z' │ 83.3 │ 16.7 │  0  │    5     │   0.2    │ 4181.3 │ 4448 │  0  │ 0.1  │  400   │  3760000   │   13200   │   125350000   │  100  │  940000   │  0   │
│    6    │ 9.4 │ 9.4 │ 9.4 │ 9.4 │        │            │   13500   │   100   │   940000   │ 128170000  │ 1671442560000 │ '2022-12-19T09:36:00.000Z' │  0   │ 100  │  0  │    0     │ Infinity │ 4181.3 │ 4448 │  0  │      │  -100  │  -940000   │   13100   │   124410000   │  100  │  940000   │  0   │
│    7    │ 9.4 │ 9.4 │ 9.4 │ 9.4 │  5000  │  47000000  │   18500   │  5000   │  47000000  │ 175170000  │ 1671442680000 │ '2022-12-19T09:38:00.000Z' │ 100  │  0   │  0  │ Infinity │    0     │ 4181.3 │ 4448 │  0  │ 1.2  │  5000  │  47000000  │   18100   │   171410000   │       │           │      │
│    8    │ 9.4 │ 9.4 │ 9.4 │ 9.4 │  1200  │  11280000  │   19700   │  1200   │  11280000  │ 186450000  │ 1671443040000 │ '2022-12-19T09:44:00.000Z' │ 100  │  0   │  0  │ Infinity │    0     │ 4181.3 │ 4448 │  0  │ 0.3  │  1200  │  11280000  │   19300   │   182690000   │       │           │      │
│    9    │ 9.4 │ 9.4 │ 9.4 │ 9.4 │  100   │   940000   │   19800   │   100   │   940000   │ 187390000  │ 1671443400000 │ '2022-12-19T09:50:00.000Z' │ 100  │  0   │  0  │ Infinity │    0     │ 4181.3 │ 4448 │  0  │  0   │  100   │   940000   │   19400   │   183630000   │       │           │      │
│   10    │ 9.4 │ 9.4 │ 9.4 │ 9.4 │  3000  │  28200000  │   22800   │  3000   │  28200000  │ 215590000  │ 1671443640000 │ '2022-12-19T09:54:00.000Z' │ 100  │  0   │  0  │ Infinity │    0     │ 4181.3 │ 4448 │  0  │ 0.7  │  3000  │  28200000  │   22400   │   211830000   │       │           │      │
│   11    │ 9.4 │ 9.4 │ 9.4 │ 9.4 │ 10000  │  94000000  │   33100   │  10300  │  96820000  │ 312410000  │ 1671443760000 │ '2022-12-19T09:56:00.000Z' │ 97.1 │ 2.9  │  0  │   33.3   │    0     │ 4181.3 │ 4448 │  0  │ 2.4  │  9700  │  91180000  │   32100   │   303010000   │  300  │  2820000  │ 0.1  │
│   12    │ 9.4 │ 9.4 │ 9.4 │ 9.4 │        │            │   34100   │  1000   │  9400000   │ 321810000  │ 1671444000000 │ '2022-12-19T10:00:00.000Z' │  0   │ 100  │  0  │    0     │ Infinity │ 4181.3 │ 4448 │  0  │      │ -1000  │  -9400000  │   31100   │   293610000   │ 1000  │  9400000  │ 0.2  │
│   13    │ 9.5 │ 9.5 │ 9.4 │ 9.4 │  100   │   950000   │   34300   │   200   │  1890000   │ 323700000  │ 1671444120000 │ '2022-12-19T10:02:00.000Z' │  50  │  50  │  0  │    1     │    1     │ 4181.3 │ 4448 │  0  │  0   │   0    │   10000    │   31100   │   293620000   │  100  │  940000   │  0   │
│   14    │ 9.4 │ 9.5 │ 9.4 │ 9.5 │  5000  │  47500000  │   43000   │  8700   │  82280000  │ 405980000  │ 1671444240000 │ '2022-12-19T10:04:00.000Z' │ 57.5 │ 42.5 │  0  │   1.4    │   0.7    │ 4181.3 │ 4448 │  0  │ 1.2  │  1300  │  12720000  │   32400   │   306340000   │ 3700  │ 34780000  │ 0.8  │
│   15    │ 9.4 │ 9.4 │ 9.4 │ 9.4 │  5000  │  47000000  │   48000   │  5000   │  47000000  │ 452980000  │ 1671444360000 │ '2022-12-19T10:06:00.000Z' │ 100  │  0   │  0  │ Infinity │    0     │ 4181.3 │ 4448 │  0  │ 1.2  │  5000  │  47000000  │   37400   │   353340000   │       │           │      │
│   16    │ 9.4 │ 9.4 │ 9.4 │ 9.4 │ 10000  │  94000000  │   58000   │  10000  │  94000000  │ 546980000  │ 1671444480000 │ '2022-12-19T10:08:00.000Z' │ 100  │  0   │  0  │ Infinity │    0     │ 4181.3 │ 4448 │  0  │ 2.4  │ 10000  │  94000000  │   47400   │   447340000   │       │           │      │
│   17    │ 9.4 │ 9.4 │ 9.4 │ 9.4 │  400   │  3760000   │   58400   │   400   │  3760000   │ 550740000  │ 1671445320000 │ '2022-12-19T10:22:00.000Z' │ 100  │  0   │  0  │ Infinity │    0     │ 4181.3 │ 4448 │  0  │ 0.1  │  400   │  3760000   │   47800   │   451100000   │       │           │      │
│   18    │ 9.4 │ 9.4 │ 9.4 │ 9.4 │  4200  │  39480000  │   62600   │  4200   │  39480000  │ 590220000  │ 1671445920000 │ '2022-12-19T10:32:00.000Z' │ 100  │  0   │  0  │ Infinity │    0     │ 4181.3 │ 4448 │  0  │  1   │  4200  │  39480000  │   52000   │   490580000   │       │           │      │
│   19    │ 9.4 │ 9.4 │ 9.4 │ 9.4 │ 12400  │ 116560000  │   75000   │  12400  │ 116560000  │ 706780000  │ 1671446640000 │ '2022-12-19T10:44:00.000Z' │ 100  │  0   │  0  │ Infinity │    0     │ 4181.3 │ 4448 │  0  │  3   │ 12400  │ 116560000  │   64400   │   607140000   │       │           │      │
│   20    │ 9.4 │ 9.4 │ 9.4 │ 9.4 │ 10300  │  96820000  │   85300   │  10300  │  96820000  │ 803600000  │ 1671446760000 │ '2022-12-19T10:46:00.000Z' │ 100  │  0   │  0  │ Infinity │    0     │ 4181.3 │ 4448 │  0  │ 2.5  │ 10300  │  96820000  │   74700   │   703960000   │       │           │      │
├─────────┼─────┼─────┼─────┼─────┼────────┼────────────┼───────────┼─────────┼────────────┼────────────┼───────────────┼────────────────────────────┼──────┼──────┼─────┼──────────┼──────────┼────────┼──────┼─────┼──────┼────────┼────────────┼───────────┼───────────────┼───────┼───────────┼──────┤
│ (index) │  c  │  h  │  l  │  o  │   bu   │   val_bu   │ total_vol │ sum_vol │    val     │  acum_val  │   datetime    │            date            │ pbu  │ psd  │ puk │    bs    │    sb    │  abu   │ asd  │ auk │ rbu  │ bu-sd  │ bu-sd_val  │ acum_busd │ acum_busd_val │  sd   │  val_sd   │ rsd  │
├─────────┼─────┼─────┼─────┼─────┼────────┼────────────┼───────────┼─────────┼────────────┼────────────┼───────────────┼────────────────────────────┼──────┼──────┼─────┼──────────┼──────────┼────────┼──────┼─────┼──────┼────────┼────────────┼───────────┼───────────────┼───────┼───────────┼──────┤
│   21    │ 9.4 │ 9.4 │ 9.4 │ 9.4 │        │            │   86300   │  1000   │  9400000   │ 813000000  │ 1671447000000 │ '2022-12-19T10:50:00.000Z' │  0   │ 100  │  0  │    0     │ Infinity │ 4181.3 │ 4448 │  0  │      │ -1000  │  -9400000  │   73700   │   694560000   │ 1000  │  9400000  │ 0.2  │
│   22    │ 9.5 │ 9.5 │ 9.5 │ 9.5 │  100   │   950000   │   86400   │   100   │   950000   │ 813950000  │ 1671447120000 │ '2022-12-19T10:52:00.000Z' │ 100  │  0   │  0  │ Infinity │    0     │ 4181.3 │ 4448 │  0  │  0   │  100   │   950000   │   73800   │   695510000   │       │           │      │
│   23    │ 9.5 │ 9.5 │ 9.5 │ 9.5 │  700   │  6650000   │   87100   │   700   │  6650000   │ 820600000  │ 1671447240000 │ '2022-12-19T10:54:00.000Z' │ 100  │  0   │  0  │ Infinity │    0     │ 4181.3 │ 4448 │  0  │ 0.2  │  700   │  6650000   │   74500   │   702160000   │       │           │      │
│   24    │ 9.5 │ 9.5 │ 9.5 │ 9.5 │  600   │  5700000   │   87700   │   600   │  5700000   │ 826300000  │ 1671447360000 │ '2022-12-19T10:56:00.000Z' │ 100  │  0   │  0  │ Infinity │    0     │ 4181.3 │ 4448 │  0  │ 0.1  │  600   │  5700000   │   75100   │   707860000   │       │           │      │
│   25    │ 9.5 │ 9.5 │ 9.5 │ 9.5 │ 112000 │ 1064000000 │  256100   │ 168400  │ 1599800000 │ 2426100000 │ 1671447720000 │ '2022-12-19T11:02:00.000Z' │ 66.5 │ 33.5 │  0  │    2     │   0.5    │ 4181.3 │ 4448 │  0  │ 26.8 │ 55600  │ 528200000  │  130700   │  1236060000   │ 56400 │ 535800000 │ 12.7 │
│   26    │ 9.5 │ 9.6 │ 9.5 │ 9.6 │ 22000  │ 211200000  │  278200   │  22100  │ 212150000  │ 2638250000 │ 1671447840000 │ '2022-12-19T11:04:00.000Z' │ 99.5 │ 0.5  │  0  │   220    │    0     │ 4181.3 │ 4448 │  0  │ 5.3  │ 21900  │ 210250000  │  152600   │  1446310000   │  100  │  950000   │  0   │
│   27    │ 9.5 │ 9.5 │ 9.5 │ 9.5 │        │            │  281000   │  2800   │  26600000  │ 2664850000 │ 1671448320000 │ '2022-12-19T11:12:00.000Z' │  0   │ 100  │  0  │    0     │ Infinity │ 4181.3 │ 4448 │  0  │      │ -2800  │ -26600000  │  149800   │  1419710000   │ 2800  │ 26600000  │ 0.6  │
│   28    │ 9.6 │ 9.6 │ 9.6 │ 9.6 │  100   │   960000   │  281100   │   100   │   960000   │ 2665810000 │ 1671448560000 │ '2022-12-19T11:16:00.000Z' │ 100  │  0   │  0  │ Infinity │    0     │ 4181.3 │ 4448 │  0  │  0   │  100   │   960000   │  149900   │  1420670000   │       │           │      │
│   29    │ 9.6 │ 9.6 │ 9.6 │ 9.6 │ 10000  │  96000000  │  291100   │  10000  │  96000000  │ 2761810000 │ 1671448800000 │ '2022-12-19T11:20:00.000Z' │ 100  │  0   │  0  │ Infinity │    0     │ 4181.3 │ 4448 │  0  │ 2.4  │ 10000  │  96000000  │  159900   │  1516670000   │       │           │      │
│   30    │ 9.6 │ 9.6 │ 9.6 │ 9.6 │  1300  │  12480000  │  292400   │  1300   │  12480000  │ 2774290000 │ 1671449280000 │ '2022-12-19T11:28:00.000Z' │ 100  │  0   │  0  │ Infinity │    0     │ 4181.3 │ 4448 │  0  │ 0.3  │  1300  │  12480000  │  161200   │  1529150000   │       │           │      │
│   31    │ 9.5 │ 9.6 │ 9.5 │ 9.6 │ 20500  │ 196800000  │  313300   │  20900  │ 200600000  │ 2974890000 │ 1671454800000 │ '2022-12-19T13:00:00.000Z' │ 98.1 │ 1.9  │  0  │   51.3   │    0     │ 4181.3 │ 4448 │  0  │ 4.9  │ 20100  │ 193000000  │  181300   │  1722150000   │  400  │  3800000  │ 0.1  │
│   32    │ 9.6 │ 9.6 │ 9.6 │ 9.6 │  500   │  4800000   │  313800   │   500   │  4800000   │ 2979690000 │ 1671454920000 │ '2022-12-19T13:02:00.000Z' │ 100  │  0   │  0  │ Infinity │    0     │ 4181.3 │ 4448 │  0  │ 0.1  │  500   │  4800000   │  181800   │  1726950000   │       │           │      │
│   33    │ 9.5 │ 9.5 │ 9.5 │ 9.5 │        │            │  320500   │  6700   │  63650000  │ 3043340000 │ 1671455040000 │ '2022-12-19T13:04:00.000Z' │  0   │ 100  │  0  │    0     │ Infinity │ 4181.3 │ 4448 │  0  │      │ -6700  │ -63650000  │  175100   │  1663300000   │ 6700  │ 63650000  │ 1.5  │
│   34    │ 9.5 │ 9.5 │ 9.5 │ 9.5 │        │            │  327800   │  7300   │  69350000  │ 3112690000 │ 1671455160000 │ '2022-12-19T13:06:00.000Z' │  0   │ 100  │  0  │    0     │ Infinity │ 4181.3 │ 4448 │  0  │      │ -7300  │ -69350000  │  167800   │  1593950000   │ 7300  │ 69350000  │ 1.6  │
│   35    │ 9.5 │ 9.5 │ 9.5 │ 9.5 │        │            │  328200   │   400   │  3800000   │ 3116490000 │ 1671455280000 │ '2022-12-19T13:08:00.000Z' │  0   │ 100  │  0  │    0     │ Infinity │ 4181.3 │ 4448 │  0  │      │  -400  │  -3800000  │  167400   │  1590150000   │  400  │  3800000  │ 0.1  │
│   36    │ 9.5 │ 9.5 │ 9.5 │ 9.5 │        │            │  331800   │  3600   │  34200000  │ 3150690000 │ 1671455400000 │ '2022-12-19T13:10:00.000Z' │  0   │ 100  │  0  │    0     │ Infinity │ 4181.3 │ 4448 │  0  │      │ -3600  │ -34200000  │  163800   │  1555950000   │ 3600  │ 34200000  │ 0.8  │
│   37    │ 9.4 │ 9.5 │ 9.4 │ 9.5 │  300   │  2850000   │  353100   │  21300  │ 202180000  │ 3352870000 │ 1671455520000 │ '2022-12-19T13:12:00.000Z' │ 1.4  │ 98.6 │  0  │    0     │    70    │ 4181.3 │ 4448 │  0  │ 0.1  │ -20700 │ -196480000 │  143100   │  1359470000   │ 21000 │ 199330000 │ 4.7  │
│   38    │ 9.5 │ 9.5 │ 9.4 │ 9.4 │  3000  │  28500000  │  357600   │  4500   │  42600000  │ 3395470000 │ 1671455640000 │ '2022-12-19T13:14:00.000Z' │ 66.7 │ 33.3 │  0  │    2     │   0.5    │ 4181.3 │ 4448 │  0  │ 0.7  │  1500  │  14400000  │  144600   │  1373870000   │ 1500  │ 14100000  │ 0.3  │
│   39    │ 9.5 │ 9.5 │ 9.5 │ 9.5 │  2000  │  19000000  │  359600   │  2000   │  19000000  │ 3414470000 │ 1671455760000 │ '2022-12-19T13:16:00.000Z' │ 100  │  0   │  0  │ Infinity │    0     │ 4181.3 │ 4448 │  0  │ 0.5  │  2000  │  19000000  │  146600   │  1392870000   │       │           │      │
│   40    │ 9.4 │ 9.4 │ 9.4 │ 9.4 │        │            │  362600   │  3000   │  28200000  │ 3442670000 │ 1671455880000 │ '2022-12-19T13:18:00.000Z' │  0   │ 100  │  0  │    0     │ Infinity │ 4181.3 │ 4448 │  0  │      │ -3000  │ -28200000  │  143600   │  1364670000   │ 3000  │ 28200000  │ 0.7  │
├─────────┼─────┼─────┼─────┼─────┼────────┼────────────┼───────────┼─────────┼────────────┼────────────┼───────────────┼────────────────────────────┼──────┼──────┼─────┼──────────┼──────────┼────────┼──────┼─────┼──────┼────────┼────────────┼───────────┼───────────────┼───────┼───────────┼──────┤
│ (index) │  c  │  h  │  l  │  o  │   bu   │   val_bu   │ total_vol │ sum_vol │    val     │  acum_val  │   datetime    │            date            │ pbu  │ psd  │ puk │    bs    │    sb    │  abu   │ asd  │ auk │ rbu  │ bu-sd  │ bu-sd_val  │ acum_busd │ acum_busd_val │  sd   │  val_sd   │ rsd  │
├─────────┼─────┼─────┼─────┼─────┼────────┼────────────┼───────────┼─────────┼────────────┼────────────┼───────────────┼────────────────────────────┼──────┼──────┼─────┼──────────┼──────────┼────────┼──────┼─────┼──────┼────────┼────────────┼───────────┼───────────────┼───────┼───────────┼──────┤
│   41    │ 9.5 │ 9.5 │ 9.5 │ 9.5 │        │            │  362700   │   100   │   950000   │ 3443620000 │ 1671456000000 │ '2022-12-19T13:20:00.000Z' │  0   │ 100  │  0  │    0     │ Infinity │ 4181.3 │ 4448 │  0  │      │  -100  │  -950000   │  143500   │  1363720000   │  100  │  950000   │  0   │
│   42    │ 9.6 │ 9.6 │ 9.6 │ 9.6 │ 20000  │ 192000000  │  382700   │  20000  │ 192000000  │ 3635620000 │ 1671456240000 │ '2022-12-19T13:24:00.000Z' │ 100  │  0   │  0  │ Infinity │    0     │ 4181.3 │ 4448 │  0  │ 4.8  │ 20000  │ 192000000  │  163500   │  1555720000   │       │           │      │
│   43    │ 9.6 │ 9.6 │ 9.6 │ 9.6 │  100   │   960000   │  382800   │   100   │   960000   │ 3636580000 │ 1671456360000 │ '2022-12-19T13:26:00.000Z' │ 100  │  0   │  0  │ Infinity │    0     │ 4181.3 │ 4448 │  0  │  0   │  100   │   960000   │  163600   │  1556680000   │       │           │      │
│   44    │ 9.6 │ 9.6 │ 9.6 │ 9.6 │  100   │   960000   │  382900   │   100   │   960000   │ 3637540000 │ 1671456480000 │ '2022-12-19T13:28:00.000Z' │ 100  │  0   │  0  │ Infinity │    0     │ 4181.3 │ 4448 │  0  │  0   │  100   │   960000   │  163700   │  1557640000   │       │           │      │
│   45    │ 9.6 │ 9.6 │ 9.6 │ 9.6 │  700   │  6720000   │  383600   │   700   │  6720000   │ 3644260000 │ 1671456600000 │ '2022-12-19T13:30:00.000Z' │ 100  │  0   │  0  │ Infinity │    0     │ 4181.3 │ 4448 │  0  │ 0.2  │  700   │  6720000   │  164400   │  1564360000   │       │           │      │
│   46    │ 9.5 │ 9.5 │ 9.5 │ 9.5 │        │            │  389000   │  5400   │  51300000  │ 3695560000 │ 1671456720000 │ '2022-12-19T13:32:00.000Z' │  0   │ 100  │  0  │    0     │ Infinity │ 4181.3 │ 4448 │  0  │      │ -5400  │ -51300000  │  159000   │  1513060000   │ 5400  │ 51300000  │ 1.2  │
│   47    │ 9.6 │ 9.6 │ 9.5 │ 9.5 │  6700  │  64320000  │  396100   │  7100   │  68120000  │ 3763680000 │ 1671456840000 │ '2022-12-19T13:34:00.000Z' │ 94.4 │ 5.6  │  0  │   16.8   │   0.1    │ 4181.3 │ 4448 │  0  │ 1.6  │  6300  │  60520000  │  165300   │  1573580000   │  400  │  3800000  │ 0.1  │
│   48    │ 9.5 │ 9.5 │ 9.5 │ 9.5 │        │            │  402100   │  6000   │  57000000  │ 3820680000 │ 1671456960000 │ '2022-12-19T13:36:00.000Z' │  0   │ 100  │  0  │    0     │ Infinity │ 4181.3 │ 4448 │  0  │      │ -6000  │ -57000000  │  159300   │  1516580000   │ 6000  │ 57000000  │ 1.3  │
│   49    │ 9.6 │ 9.6 │ 9.6 │ 9.6 │ 10000  │  96000000  │  412100   │  10000  │  96000000  │ 3916680000 │ 1671457080000 │ '2022-12-19T13:38:00.000Z' │ 100  │  0   │  0  │ Infinity │    0     │ 4181.3 │ 4448 │  0  │ 2.4  │ 10000  │  96000000  │  169300   │  1612580000   │       │           │      │
│   50    │ 9.6 │ 9.6 │ 9.6 │ 9.6 │  1000  │  9600000   │  413100   │  1000   │  9600000   │ 3926280000 │ 1671457200000 │ '2022-12-19T13:40:00.000Z' │ 100  │  0   │  0  │ Infinity │    0     │ 4181.3 │ 4448 │  0  │ 0.2  │  1000  │  9600000   │  170300   │  1622180000   │       │           │      │
│   51    │ 9.5 │ 9.6 │ 9.5 │ 9.6 │ 13000  │ 124800000  │  426900   │  13800  │ 132400000  │ 4058680000 │ 1671457440000 │ '2022-12-19T13:44:00.000Z' │ 94.2 │ 5.8  │  0  │   16.3   │   0.1    │ 4181.3 │ 4448 │  0  │ 3.1  │ 12200  │ 117200000  │  182500   │  1739380000   │  800  │  7600000  │ 0.2  │
│   52    │ 9.5 │ 9.5 │ 9.5 │ 9.5 │        │            │  429700   │  2800   │  26600000  │ 4085280000 │ 1671457800000 │ '2022-12-19T13:50:00.000Z' │  0   │ 100  │  0  │    0     │ Infinity │ 4181.3 │ 4448 │  0  │      │ -2800  │ -26600000  │  179700   │  1712780000   │ 2800  │ 26600000  │ 0.6  │
│   53    │ 9.5 │ 9.5 │ 9.5 │ 9.5 │        │            │  460900   │  31200  │ 296400000  │ 4381680000 │ 1671457920000 │ '2022-12-19T13:52:00.000Z' │  0   │ 100  │  0  │    0     │ Infinity │ 4181.3 │ 4448 │  0  │      │ -31200 │ -296400000 │  148500   │  1416380000   │ 31200 │ 296400000 │  7   │
│   54    │ 9.4 │ 9.4 │ 9.4 │ 9.4 │        │            │  462600   │  1700   │  15980000  │ 4397660000 │ 1671458760000 │ '2022-12-19T14:06:00.000Z' │  0   │ 100  │  0  │    0     │ Infinity │ 4181.3 │ 4448 │  0  │      │ -1700  │ -15980000  │  146800   │  1400400000   │ 1700  │ 15980000  │ 0.4  │
│   55    │ 9.4 │ 9.4 │ 9.4 │ 9.4 │        │            │  462700   │   100   │   940000   │ 4398600000 │ 1671458880000 │ '2022-12-19T14:08:00.000Z' │  0   │ 100  │  0  │    0     │ Infinity │ 4181.3 │ 4448 │  0  │      │  -100  │  -940000   │  146700   │  1399460000   │  100  │  940000   │  0   │
│   56    │ 9.4 │ 9.4 │ 9.4 │ 9.4 │        │            │  497300   │  34600  │ 325240000  │ 4723840000 │ 1671459000000 │ '2022-12-19T14:10:00.000Z' │  0   │ 100  │  0  │    0     │ Infinity │ 4181.3 │ 4448 │  0  │      │ -34600 │ -325240000 │  112100   │  1074220000   │ 34600 │ 325240000 │ 7.8  │
│   57    │ 9.4 │ 9.4 │ 9.4 │ 9.4 │        │            │  503300   │  6000   │  56400000  │ 4780240000 │ 1671459120000 │ '2022-12-19T14:12:00.000Z' │  0   │ 100  │  0  │    0     │ Infinity │ 4181.3 │ 4448 │  0  │      │ -6000  │ -56400000  │  106100   │  1017820000   │ 6000  │ 56400000  │ 1.3  │
│   58    │ 9.4 │ 9.4 │ 9.4 │ 9.4 │        │            │  504800   │  1500   │  14100000  │ 4794340000 │ 1671459720000 │ '2022-12-19T14:22:00.000Z' │  0   │ 100  │  0  │    0     │ Infinity │ 4181.3 │ 4448 │  0  │      │ -1500  │ -14100000  │  104600   │  1003720000   │ 1500  │ 14100000  │ 0.3  │
│   59    │ 9.4 │ 9.4 │ 9.4 │ 9.4 │        │            │  563500   │  58700  │ 551780000  │ 5346120000 │ 1671459840000 │ '2022-12-19T14:24:00.000Z' │  0   │ 100  │  0  │    0     │ Infinity │ 4181.3 │ 4448 │  0  │      │ -58700 │ -551780000 │   45900   │   451940000   │ 58700 │ 551780000 │ 13.2 │
│   60    │ 9.4 │ 9.4 │ 9.4 │ 9.4 │        │            │  570000   │  6500   │  61100000  │ 5407220000 │ 1671459960000 │ '2022-12-19T14:26:00.000Z' │  0   │ 100  │  0  │    0     │ Infinity │ 4181.3 │ 4448 │  0  │      │ -6500  │ -61100000  │   39400   │   390840000   │ 6500  │ 61100000  │ 1.5  │
├─────────┼─────┼─────┼─────┼─────┼────────┼────────────┼───────────┼─────────┼────────────┼────────────┼───────────────┼────────────────────────────┼──────┼──────┼─────┼──────────┼──────────┼────────┼──────┼─────┼──────┼────────┼────────────┼───────────┼───────────────┼───────┼───────────┼──────┤
│ (index) │  c  │  h  │  l  │  o  │   bu   │   val_bu   │ total_vol │ sum_vol │    val     │  acum_val  │   datetime    │            date            │ pbu  │ psd  │ puk │    bs    │    sb    │  abu   │ asd  │ auk │ rbu  │ bu-sd  │ bu-sd_val  │ acum_busd │ acum_busd_val │  sd   │  val_sd   │ rsd  │
├─────────┼─────┼─────┼─────┼─────┼────────┼────────────┼───────────┼─────────┼────────────┼────────────┼───────────────┼────────────────────────────┼──────┼──────┼─────┼──────────┼──────────┼────────┼──────┼─────┼──────┼────────┼────────────┼───────────┼───────────────┼───────┼───────────┼──────┤
│   61    │ 9.4 │ 9.4 │ 9.4 │ 9.4 │        │            │  574300   │  4300   │  40420000  │ 5447640000 │ 1671460080000 │ '2022-12-19T14:28:00.000Z' │  0   │ 100  │  0  │    0     │ Infinity │ 4181.3 │ 4448 │  0  │      │ -4300  │ -40420000  │   35100   │   350420000   │ 4300  │ 40420000  │  1   │
│   62    │ 9.4 │ 9.4 │ 9.4 │ 9.4 │        │            │  575300   │  1000   │  9400000   │ 5457040000 │ 1671460200000 │ '2022-12-19T14:30:00.000Z' │  0   │ 100  │  0  │    0     │ Infinity │ 4181.3 │ 4448 │  0  │      │ -1000  │  -9400000  │   34100   │   341020000   │ 1000  │  9400000  │ 0.2  │
│   63    │ 9.4 │ 9.4 │ 9.4 │ 9.4 │        │            │  578700   │  3400   │  31960000  │ 5489000000 │ 1671460440000 │ '2022-12-19T14:34:00.000Z' │  0   │ 100  │  0  │    0     │ Infinity │ 4181.3 │ 4448 │  0  │      │ -3400  │ -31960000  │   30700   │   309060000   │ 3400  │ 31960000  │ 0.8  │
│   64    │ 9.4 │ 9.4 │ 9.4 │ 9.4 │        │            │  594700   │  16000  │ 150400000  │ 5639400000 │ 1671460560000 │ '2022-12-19T14:36:00.000Z' │  0   │ 100  │  0  │    0     │ Infinity │ 4181.3 │ 4448 │  0  │      │ -16000 │ -150400000 │   14700   │   158660000   │ 16000 │ 150400000 │ 3.6  │
│   65    │ 9.4 │ 9.4 │ 9.4 │ 9.4 │  1600  │  15040000  │  604900   │  10200  │  95880000  │ 5735280000 │ 1671460680000 │ '2022-12-19T14:38:00.000Z' │ 15.7 │ 84.3 │  0  │   0.2    │   5.4    │ 4181.3 │ 4448 │  0  │ 0.4  │ -7000  │ -65800000  │   7700    │   92860000    │ 8600  │ 80840000  │ 1.9  │
│   66    │ 9.4 │ 9.4 │ 9.4 │ 9.4 │        │            │  609000   │  4100   │  38540000  │ 5773820000 │ 1671460920000 │ '2022-12-19T14:42:00.000Z' │  0   │ 100  │  0  │    0     │ Infinity │ 4181.3 │ 4448 │  0  │      │ -4100  │ -38540000  │   3600    │   54320000    │ 4100  │ 38540000  │ 0.9  │
│   67    │ 9.4 │ 9.4 │ 9.4 │ 9.4 │        │            │  609600   │   600   │  5640000   │ 5779460000 │ 1671461040000 │ '2022-12-19T14:44:00.000Z' │  0   │ 100  │  0  │    0     │ Infinity │ 4181.3 │ 4448 │  0  │      │  -600  │  -5640000  │   3000    │   48680000    │  600  │  5640000  │ 0.1  │
│   68    │ 9.4 │ 9.4 │ 9.4 │ 9.4 │        │            │  613700   │  4100   │  38540000  │ 5818000000 │ 1671461160000 │ '2022-12-19T14:46:00.000Z' │  0   │ 100  │  0  │    0     │ Infinity │ 4181.3 │ 4448 │  0  │      │ -4100  │ -38540000  │   -1100   │   10140000    │ 4100  │ 38540000  │ 0.9  │
│   69    │ 9.4 │ 9.4 │ 9.4 │ 9.4 │        │            │  622600   │  8900   │  83660000  │ 5901660000 │ 1671461280000 │ '2022-12-19T14:48:00.000Z' │  0   │ 100  │  0  │    0     │ Infinity │ 4181.3 │ 4448 │  0  │      │ -8900  │ -83660000  │  -10000   │   -73520000   │ 8900  │ 83660000  │  2   │
│   70    │ 9.4 │ 9.4 │ 9.4 │ 9.4 │        │            │  632400   │  9800   │  92120000  │ 5993780000 │ 1671461400000 │ '2022-12-19T14:50:00.000Z' │  0   │ 100  │  0  │    0     │ Infinity │ 4181.3 │ 4448 │  0  │      │ -9800  │ -92120000  │  -19800   │  -165640000   │ 9800  │ 92120000  │ 2.2  │
│   71    │ 9.4 │ 9.4 │ 9.4 │ 9.4 │        │            │  632500   │   100   │   940000   │ 5994720000 │ 1671461520000 │ '2022-12-19T14:52:00.000Z' │  0   │ 100  │  0  │    0     │ Infinity │ 4181.3 │ 4448 │  0  │      │  -100  │  -940000   │  -19900   │  -166580000   │  100  │  940000   │  0   │
│   72    │ 9.4 │ 9.4 │ 9.4 │ 9.4 │        │            │  639700   │  7200   │  67680000  │ 6062400000 │ 1671461640000 │ '2022-12-19T14:54:00.000Z' │  0   │ 100  │  0  │    0     │ Infinity │ 4181.3 │ 4448 │  0  │      │ -7200  │ -67680000  │  -27100   │  -234260000   │ 7200  │ 67680000  │ 1.6  │
│   73    │ 9.4 │ 9.4 │ 9.4 │ 9.4 │        │            │  639900   │   200   │  1880000   │ 6064280000 │ 1671461760000 │ '2022-12-19T14:56:00.000Z' │  0   │ 100  │  0  │    0     │ Infinity │ 4181.3 │ 4448 │  0  │      │  -200  │  -1880000  │  -27300   │  -236140000   │  200  │  1880000  │  0   │
│   74    │ 9.5 │ 9.5 │ 9.5 │ 9.5 │  7300  │  69350000  │  647200   │  7300   │  69350000  │ 6133630000 │ 1671461880000 │ '2022-12-19T14:58:00.000Z' │ 100  │  0   │  0  │ Infinity │    0     │ 4181.3 │ 4448 │  0  │ 1.7  │  7300  │  69350000  │  -20000   │  -166790000   │       │           │      │
└─────────┴─────┴─────┴─────┴─────┴────────┴────────────┴───────────┴─────────┴────────────┴────────────┴───────────────┴────────────────────────────┴──────┴──────┴─────┴──────────┴──────────┴────────┴──────┴─────┴──────┴────────┴────────────┴───────────┴───────────────┴───────┴───────────┴──────┘

