┌─────────┬─────┬─────┬─────┬─────┬───────┬──────────┬───────────┬─────────┬──────────┬───────────┬───────┬──────────┬───────────────┬────────────────────────────┬──────┬──────┬─────┬──────────┬──────────┬────────┬────────┬─────┬─────┬─────┬────────┬───────────┬───────────┬───────────────┐
│ (index) │  c  │  h  │  l  │  o  │  bu   │  val_bu  │ total_vol │ sum_vol │   val    │ acum_val  │  sd   │  val_sd  │   datetime    │            date            │ pbu  │ psd  │ puk │    bs    │    sb    │  abu   │  asd   │ auk │ rsd │ rbu │ bu-sd  │ bu-sd_val │ acum_busd │ acum_busd_val │
├─────────┼─────┼─────┼─────┼─────┼───────┼──────────┼───────────┼─────────┼──────────┼───────────┼───────┼──────────┼───────────────┼────────────────────────────┼──────┼──────┼─────┼──────────┼──────────┼────────┼────────┼─────┼─────┼─────┼────────┼───────────┼───────────┼───────────────┤
│    0    │ 3.1 │ 3.1 │ 3.1 │ 3.1 │  100  │  310000  │    200    │   200   │  620000  │  620000   │  100  │  310000  │ 1671440520000 │ '2022-12-19T09:02:00.000Z' │  50  │  50  │  0  │    1     │    1     │ 2121.6 │ 2032.4 │  0  │  0  │  0  │   0    │     0     │     0     │       0       │
│    1    │ 3.2 │ 3.2 │ 3.2 │ 3.2 │  100  │  320000  │    300    │   100   │  320000  │  940000   │       │          │ 1671441360000 │ '2022-12-19T09:16:00.000Z' │ 100  │  0   │  0  │ Infinity │    0     │ 2121.6 │ 2032.4 │  0  │     │  0  │  100   │  320000   │    100    │    320000     │
│    2    │ 3.1 │ 3.1 │ 3.1 │ 3.1 │       │          │   1300    │  1000   │ 3100000  │  4040000  │ 1000  │ 3100000  │ 1671443280000 │ '2022-12-19T09:48:00.000Z' │  0   │ 100  │  0  │    0     │ Infinity │ 2121.6 │ 2032.4 │  0  │ 0.5 │     │ -1000  │ -3100000  │   -900    │   -2780000    │
│    3    │ 3.2 │ 3.2 │ 3.1 │ 3.1 │ 10000 │ 32000000 │   14300   │  13000  │ 41300000 │ 45340000  │ 3000  │ 9300000  │ 1671443640000 │ '2022-12-19T09:54:00.000Z' │ 76.9 │ 23.1 │  0  │   3.3    │   0.3    │ 2121.6 │ 2032.4 │  0  │ 1.5 │ 4.7 │  7000  │ 22700000  │   6100    │   19920000    │
│    4    │ 3.2 │ 3.2 │ 3.2 │ 3.2 │ 1200  │ 3840000  │   15500   │  1200   │ 3840000  │ 49180000  │       │          │ 1671443760000 │ '2022-12-19T09:56:00.000Z' │ 100  │  0   │  0  │ Infinity │    0     │ 2121.6 │ 2032.4 │  0  │     │ 0.6 │  1200  │  3840000  │   7300    │   23760000    │
│    5    │ 3.2 │ 3.2 │ 3.2 │ 3.2 │       │          │   16400   │   900   │ 2880000  │ 52060000  │  900  │ 2880000  │ 1671443880000 │ '2022-12-19T09:58:00.000Z' │  0   │ 100  │  0  │    0     │ Infinity │ 2121.6 │ 2032.4 │  0  │ 0.4 │     │  -900  │ -2880000  │   6400    │   20880000    │
│    6    │ 3.2 │ 3.2 │ 3.2 │ 3.2 │       │          │   17000   │   600   │ 1920000  │ 53980000  │  600  │ 1920000  │ 1671444720000 │ '2022-12-19T10:12:00.000Z' │  0   │ 100  │  0  │    0     │ Infinity │ 2121.6 │ 2032.4 │  0  │ 0.3 │     │  -600  │ -1920000  │   5800    │   18960000    │
│    7    │ 3.3 │ 3.3 │ 3.3 │ 3.3 │  100  │  330000  │   17100   │   100   │  330000  │ 54310000  │       │          │ 1671445320000 │ '2022-12-19T10:22:00.000Z' │ 100  │  0   │  0  │ Infinity │    0     │ 2121.6 │ 2032.4 │  0  │     │  0  │  100   │  330000   │   5900    │   19290000    │
│    8    │ 3.3 │ 3.3 │ 3.3 │ 3.3 │ 9000  │ 29700000 │   26100   │  9000   │ 29700000 │ 84010000  │       │          │ 1671445440000 │ '2022-12-19T10:24:00.000Z' │ 100  │  0   │  0  │ Infinity │    0     │ 2121.6 │ 2032.4 │  0  │     │ 4.2 │  9000  │ 29700000  │   14900   │   48990000    │
│    9    │ 3.2 │ 3.2 │ 3.2 │ 3.2 │       │          │   27100   │  1000   │ 3200000  │ 87210000  │ 1000  │ 3200000  │ 1671445560000 │ '2022-12-19T10:26:00.000Z' │  0   │ 100  │  0  │    0     │ Infinity │ 2121.6 │ 2032.4 │  0  │ 0.5 │     │ -1000  │ -3200000  │   13900   │   45790000    │
│   10    │ 3.2 │ 3.2 │ 3.2 │ 3.2 │       │          │   27200   │   100   │  320000  │ 87530000  │  100  │  320000  │ 1671445920000 │ '2022-12-19T10:32:00.000Z' │  0   │ 100  │  0  │    0     │ Infinity │ 2121.6 │ 2032.4 │  0  │  0  │     │  -100  │  -320000  │   13800   │   45470000    │
│   11    │ 3.2 │ 3.2 │ 3.2 │ 3.2 │       │          │   29200   │  2000   │ 6400000  │ 93930000  │ 2000  │ 6400000  │ 1671446160000 │ '2022-12-19T10:36:00.000Z' │  0   │ 100  │  0  │    0     │ Infinity │ 2121.6 │ 2032.4 │  0  │  1  │     │ -2000  │ -6400000  │   11800   │   39070000    │
│   12    │ 3.2 │ 3.2 │ 3.2 │ 3.2 │       │          │   31200   │  2000   │ 6400000  │ 100330000 │ 2000  │ 6400000  │ 1671446400000 │ '2022-12-19T10:40:00.000Z' │  0   │ 100  │  0  │    0     │ Infinity │ 2121.6 │ 2032.4 │  0  │  1  │     │ -2000  │ -6400000  │   9800    │   32670000    │
│   13    │ 3.2 │ 3.2 │ 3.2 │ 3.2 │       │          │   33200   │  2000   │ 6400000  │ 106730000 │ 2000  │ 6400000  │ 1671446520000 │ '2022-12-19T10:42:00.000Z' │  0   │ 100  │  0  │    0     │ Infinity │ 2121.6 │ 2032.4 │  0  │  1  │     │ -2000  │ -6400000  │   7800    │   26270000    │
│   14    │ 3.3 │ 3.3 │ 3.3 │ 3.3 │ 1200  │ 3960000  │   34400   │  1200   │ 3960000  │ 110690000 │       │          │ 1671447240000 │ '2022-12-19T10:54:00.000Z' │ 100  │  0   │  0  │ Infinity │    0     │ 2121.6 │ 2032.4 │  0  │     │ 0.6 │  1200  │  3960000  │   9000    │   30230000    │
│   15    │ 3.3 │ 3.3 │ 3.3 │ 3.3 │ 2000  │ 6600000  │   36400   │  2000   │ 6600000  │ 117290000 │       │          │ 1671447600000 │ '2022-12-19T11:00:00.000Z' │ 100  │  0   │  0  │ Infinity │    0     │ 2121.6 │ 2032.4 │  0  │     │ 0.9 │  2000  │  6600000  │   11000   │   36830000    │
│   16    │ 3.2 │ 3.2 │ 3.2 │ 3.2 │       │          │   51400   │  15000  │ 48000000 │ 165290000 │ 15000 │ 48000000 │ 1671448320000 │ '2022-12-19T11:12:00.000Z' │  0   │ 100  │  0  │    0     │ Infinity │ 2121.6 │ 2032.4 │  0  │ 7.4 │     │ -15000 │ -48000000 │   -4000   │   -11170000   │
│   17    │ 3.2 │ 3.2 │ 3.2 │ 3.2 │ 9800  │ 31360000 │   61400   │  10000  │ 32000000 │ 197290000 │  200  │  640000  │ 1671448440000 │ '2022-12-19T11:14:00.000Z' │  98  │  2   │  0  │    49    │    0     │ 2121.6 │ 2032.4 │  0  │ 0.1 │ 4.6 │  9600  │ 30720000  │   5600    │   19550000    │
│   18    │ 3.2 │ 3.2 │ 3.2 │ 3.2 │ 3700  │ 11840000 │   73100   │  11700  │ 37440000 │ 234730000 │ 8000  │ 25600000 │ 1671448560000 │ '2022-12-19T11:16:00.000Z' │ 31.6 │ 68.4 │  0  │   0.5    │   2.2    │ 2121.6 │ 2032.4 │  0  │ 3.9 │ 1.7 │ -4300  │ -13760000 │   1300    │    5790000    │
│   19    │ 3.2 │ 3.2 │ 3.2 │ 3.2 │  800  │ 2560000  │   73900   │   800   │ 2560000  │ 237290000 │       │          │ 1671449040000 │ '2022-12-19T11:24:00.000Z' │ 100  │  0   │  0  │ Infinity │    0     │ 2121.6 │ 2032.4 │  0  │     │ 0.4 │  800   │  2560000  │   2100    │    8350000    │
│   20    │ 3.2 │ 3.2 │ 3.2 │ 3.2 │  600  │ 1920000  │   74500   │   600   │ 1920000  │ 239210000 │       │          │ 1671454800000 │ '2022-12-19T13:00:00.000Z' │ 100  │  0   │  0  │ Infinity │    0     │ 2121.6 │ 2032.4 │  0  │     │ 0.3 │  600   │  1920000  │   2700    │   10270000    │
├─────────┼─────┼─────┼─────┼─────┼───────┼──────────┼───────────┼─────────┼──────────┼───────────┼───────┼──────────┼───────────────┼────────────────────────────┼──────┼──────┼─────┼──────────┼──────────┼────────┼────────┼─────┼─────┼─────┼────────┼───────────┼───────────┼───────────────┤
│ (index) │  c  │  h  │  l  │  o  │  bu   │  val_bu  │ total_vol │ sum_vol │   val    │ acum_val  │  sd   │  val_sd  │   datetime    │            date            │ pbu  │ psd  │ puk │    bs    │    sb    │  abu   │  asd   │ auk │ rsd │ rbu │ bu-sd  │ bu-sd_val │ acum_busd │ acum_busd_val │
├─────────┼─────┼─────┼─────┼─────┼───────┼──────────┼───────────┼─────────┼──────────┼───────────┼───────┼──────────┼───────────────┼────────────────────────────┼──────┼──────┼─────┼──────────┼──────────┼────────┼────────┼─────┼─────┼─────┼────────┼───────────┼───────────┼───────────────┤
│   21    │ 3.2 │ 3.2 │ 3.2 │ 3.2 │  500  │ 1600000  │   75000   │   500   │ 1600000  │ 240810000 │       │          │ 1671454920000 │ '2022-12-19T13:02:00.000Z' │ 100  │  0   │  0  │ Infinity │    0     │ 2121.6 │ 2032.4 │  0  │     │ 0.2 │  500   │  1600000  │   3200    │   11870000    │
│   22    │ 3.2 │ 3.2 │ 3.2 │ 3.2 │ 1500  │ 4800000  │   76500   │  1500   │ 4800000  │ 245610000 │       │          │ 1671455160000 │ '2022-12-19T13:06:00.000Z' │ 100  │  0   │  0  │ Infinity │    0     │ 2121.6 │ 2032.4 │  0  │     │ 0.7 │  1500  │  4800000  │   4700    │   16670000    │
│   23    │ 3.2 │ 3.2 │ 3.2 │ 3.2 │ 5600  │ 17920000 │   82100   │  5600   │ 17920000 │ 263530000 │       │          │ 1671455400000 │ '2022-12-19T13:10:00.000Z' │ 100  │  0   │  0  │ Infinity │    0     │ 2121.6 │ 2032.4 │  0  │     │ 2.6 │  5600  │ 17920000  │   10300   │   34590000    │
│   24    │ 3.1 │ 3.2 │ 3.1 │ 3.2 │ 4200  │ 13440000 │   88500   │  6400   │ 20260000 │ 283790000 │ 2200  │ 6820000  │ 1671455520000 │ '2022-12-19T13:12:00.000Z' │ 65.6 │ 34.4 │  0  │   1.9    │   0.5    │ 2121.6 │ 2032.4 │  0  │ 1.1 │  2  │  2000  │  6620000  │   12300   │   41210000    │
│   25    │ 3.2 │ 3.2 │ 3.2 │ 3.2 │ 8000  │ 25600000 │   96500   │  8000   │ 25600000 │ 309390000 │       │          │ 1671455880000 │ '2022-12-19T13:18:00.000Z' │ 100  │  0   │  0  │ Infinity │    0     │ 2121.6 │ 2032.4 │  0  │     │ 3.8 │  8000  │ 25600000  │   20300   │   66810000    │
│   26    │ 3.2 │ 3.2 │ 3.2 │ 3.2 │ 4400  │ 14080000 │  100900   │  4400   │ 14080000 │ 323470000 │       │          │ 1671456000000 │ '2022-12-19T13:20:00.000Z' │ 100  │  0   │  0  │ Infinity │    0     │ 2121.6 │ 2032.4 │  0  │     │ 2.1 │  4400  │ 14080000  │   24700   │   80890000    │
│   27    │ 3.2 │ 3.2 │ 3.2 │ 3.2 │ 3600  │ 11520000 │  104500   │  3600   │ 11520000 │ 334990000 │       │          │ 1671456120000 │ '2022-12-19T13:22:00.000Z' │ 100  │  0   │  0  │ Infinity │    0     │ 2121.6 │ 2032.4 │  0  │     │ 1.7 │  3600  │ 11520000  │   28300   │   92410000    │
│   28    │ 3.2 │ 3.2 │ 3.2 │ 3.2 │  100  │  320000  │  104600   │   100   │  320000  │ 335310000 │       │          │ 1671458160000 │ '2022-12-19T13:56:00.000Z' │ 100  │  0   │  0  │ Infinity │    0     │ 2121.6 │ 2032.4 │  0  │     │  0  │  100   │  320000   │   28400   │   92730000    │
│   29    │ 3.2 │ 3.2 │ 3.2 │ 3.2 │  200  │  640000  │  104800   │   200   │  640000  │ 335950000 │       │          │ 1671459120000 │ '2022-12-19T14:12:00.000Z' │ 100  │  0   │  0  │ Infinity │    0     │ 2121.6 │ 2032.4 │  0  │     │ 0.1 │  200   │  640000   │   28600   │   93370000    │
│   30    │ 3.2 │ 3.2 │ 3.2 │ 3.2 │  700  │ 2240000  │  105500   │   700   │ 2240000  │ 338190000 │       │          │ 1671459240000 │ '2022-12-19T14:14:00.000Z' │ 100  │  0   │  0  │ Infinity │    0     │ 2121.6 │ 2032.4 │  0  │     │ 0.3 │  700   │  2240000  │   29300   │   95610000    │
│   31    │ 3.1 │ 3.1 │ 3.1 │ 3.1 │       │          │  116600   │  11100  │ 34410000 │ 372600000 │ 11100 │ 34410000 │ 1671459600000 │ '2022-12-19T14:20:00.000Z' │  0   │ 100  │  0  │    0     │ Infinity │ 2121.6 │ 2032.4 │  0  │ 5.5 │     │ -11100 │ -34410000 │   18200   │   61200000    │
│   32    │ 3.1 │ 3.1 │ 3.1 │ 3.1 │ 8700  │ 26970000 │  125300   │  8700   │ 26970000 │ 399570000 │       │          │ 1671459720000 │ '2022-12-19T14:22:00.000Z' │ 100  │  0   │  0  │ Infinity │    0     │ 2121.6 │ 2032.4 │  0  │     │ 4.1 │  8700  │ 26970000  │   26900   │   88170000    │
│   33    │ 3.1 │ 3.1 │ 3.1 │ 3.1 │ 1300  │ 4030000  │  136600   │  11300  │ 35030000 │ 434600000 │ 10000 │ 31000000 │ 1671459840000 │ '2022-12-19T14:24:00.000Z' │ 11.5 │ 88.5 │  0  │   0.1    │   7.7    │ 2121.6 │ 2032.4 │  0  │ 4.9 │ 0.6 │ -8700  │ -26970000 │   18200   │   61200000    │
│   34    │ 3.1 │ 3.1 │ 3.1 │ 3.1 │       │          │  147600   │  11000  │ 34100000 │ 468700000 │ 11000 │ 34100000 │ 1671459960000 │ '2022-12-19T14:26:00.000Z' │  0   │ 100  │  0  │    0     │ Infinity │ 2121.6 │ 2032.4 │  0  │ 5.4 │     │ -11000 │ -34100000 │   7200    │   27100000    │
│   35    │ 3.1 │ 3.1 │ 3.1 │ 3.1 │       │          │  152600   │  5000   │ 15500000 │ 484200000 │ 5000  │ 15500000 │ 1671460080000 │ '2022-12-19T14:28:00.000Z' │  0   │ 100  │  0  │    0     │ Infinity │ 2121.6 │ 2032.4 │  0  │ 2.5 │     │ -5000  │ -15500000 │   2200    │   11600000    │
│   36    │ 3.2 │ 3.2 │ 3.2 │ 3.2 │ 1100  │ 3520000  │  153700   │  1100   │ 3520000  │ 487720000 │       │          │ 1671461040000 │ '2022-12-19T14:44:00.000Z' │ 100  │  0   │  0  │ Infinity │    0     │ 2121.6 │ 2032.4 │  0  │     │ 0.5 │  1100  │  3520000  │   3300    │   15120000    │
└─────────┴─────┴─────┴─────┴─────┴───────┴──────────┴───────────┴─────────┴──────────┴───────────┴───────┴──────────┴───────────────┴────────────────────────────┴──────┴──────┴─────┴──────────┴──────────┴────────┴────────┴─────┴─────┴─────┴────────┴───────────┴───────────┴───────────────┘

