┌─────────┬─────┬─────┬─────┬─────┬───────┬──────────┬───────────┬─────────┬───────────┬────────────┬────────┬───────────┬───────────────┬────────────────────────────┬──────┬──────┬─────┬──────────┬──────────┬────────┬────────┬─────┬──────┬──────┬─────────┬────────────┬───────────┬───────────────┐
│ (index) │  c  │  h  │  l  │  o  │  bu   │  val_bu  │ total_vol │ sum_vol │    val    │  acum_val  │   sd   │  val_sd   │   datetime    │            date            │ pbu  │ psd  │ puk │    bs    │    sb    │  abu   │  asd   │ auk │ rsd  │ rbu  │  bu-sd  │ bu-sd_val  │ acum_busd │ acum_busd_val │
├─────────┼─────┼─────┼─────┼─────┼───────┼──────────┼───────────┼─────────┼───────────┼────────────┼────────┼───────────┼───────────────┼────────────────────────────┼──────┼──────┼─────┼──────────┼──────────┼────────┼────────┼─────┼──────┼──────┼─────────┼────────────┼───────────┼───────────────┤
│    0    │ 3.3 │ 3.4 │ 3.3 │ 3.4 │  100  │  340000  │    200    │   200   │  670000   │   670000   │  100   │  330000   │ 1671440400000 │ '2022-12-19T09:00:00.000Z' │  50  │  50  │  0  │    1     │    1     │ 1451.6 │ 3996.9 │  0  │  0   │ 0.1  │    0    │   10000    │     0     │     10000     │
│    1    │ 3.4 │ 3.4 │ 3.4 │ 3.4 │  100  │  340000  │    300    │   100   │  340000   │  1010000   │        │           │ 1671440640000 │ '2022-12-19T09:04:00.000Z' │ 100  │  0   │  0  │ Infinity │    0     │ 1451.6 │ 3996.9 │  0  │      │ 0.1  │   100   │   340000   │    100    │    350000     │
│    2    │ 3.4 │ 3.4 │ 3.4 │ 3.4 │  100  │  340000  │    400    │   100   │  340000   │  1350000   │        │           │ 1671440760000 │ '2022-12-19T09:06:00.000Z' │ 100  │  0   │  0  │ Infinity │    0     │ 1451.6 │ 3996.9 │  0  │      │ 0.1  │   100   │   340000   │    200    │    690000     │
│    3    │ 3.4 │ 3.4 │ 3.4 │ 3.4 │  500  │ 1700000  │    900    │   500   │  1700000  │  3050000   │        │           │ 1671441000000 │ '2022-12-19T09:10:00.000Z' │ 100  │  0   │  0  │ Infinity │    0     │ 1451.6 │ 3996.9 │  0  │      │ 0.3  │   500   │  1700000   │    700    │    2390000    │
│    4    │ 3.3 │ 3.3 │ 3.3 │ 3.3 │       │          │   1900    │  1000   │  3300000  │  6350000   │  1000  │  3300000  │ 1671441840000 │ '2022-12-19T09:24:00.000Z' │  0   │ 100  │  0  │    0     │ Infinity │ 1451.6 │ 3996.9 │  0  │ 0.3  │      │  -1000  │  -3300000  │   -300    │    -910000    │
│    5    │ 3.3 │ 3.3 │ 3.3 │ 3.3 │       │          │   4100    │  2200   │  7260000  │  13610000  │  2200  │  7260000  │ 1671442560000 │ '2022-12-19T09:36:00.000Z' │  0   │ 100  │  0  │    0     │ Infinity │ 1451.6 │ 3996.9 │  0  │ 0.6  │      │  -2200  │  -7260000  │   -2500   │   -8170000    │
│    6    │ 3.3 │ 3.3 │ 3.3 │ 3.3 │       │          │   4900    │   800   │  2640000  │  16250000  │  800   │  2640000  │ 1671442800000 │ '2022-12-19T09:40:00.000Z' │  0   │ 100  │  0  │    0     │ Infinity │ 1451.6 │ 3996.9 │  0  │ 0.2  │      │  -800   │  -2640000  │   -3300   │   -10810000   │
│    7    │ 3.4 │ 3.4 │ 3.4 │ 3.4 │  200  │  680000  │   5100    │   200   │  680000   │  16930000  │        │           │ 1671442920000 │ '2022-12-19T09:42:00.000Z' │ 100  │  0   │  0  │ Infinity │    0     │ 1451.6 │ 3996.9 │  0  │      │ 0.1  │   200   │   680000   │   -3100   │   -10130000   │
│    8    │ 3.3 │ 3.3 │ 3.3 │ 3.3 │       │          │   5300    │   200   │  660000   │  17590000  │  200   │  660000   │ 1671443040000 │ '2022-12-19T09:44:00.000Z' │  0   │ 100  │  0  │    0     │ Infinity │ 1451.6 │ 3996.9 │  0  │ 0.1  │      │  -200   │  -660000   │   -3300   │   -10790000   │
│    9    │ 3.4 │ 3.4 │ 3.4 │ 3.4 │  700  │ 2380000  │   6000    │   700   │  2380000  │  19970000  │        │           │ 1671443280000 │ '2022-12-19T09:48:00.000Z' │ 100  │  0   │  0  │ Infinity │    0     │ 1451.6 │ 3996.9 │  0  │      │ 0.5  │   700   │  2380000   │   -2600   │   -8410000    │
│   10    │ 3.4 │ 3.4 │ 3.4 │ 3.4 │  100  │  340000  │   6100    │   100   │  340000   │  20310000  │        │           │ 1671443520000 │ '2022-12-19T09:52:00.000Z' │ 100  │  0   │  0  │ Infinity │    0     │ 1451.6 │ 3996.9 │  0  │      │ 0.1  │   100   │   340000   │   -2500   │   -8070000    │
│   11    │ 3.4 │ 3.4 │ 3.4 │ 3.4 │  300  │ 1020000  │   6400    │   300   │  1020000  │  21330000  │        │           │ 1671443640000 │ '2022-12-19T09:54:00.000Z' │ 100  │  0   │  0  │ Infinity │    0     │ 1451.6 │ 3996.9 │  0  │      │ 0.2  │   300   │  1020000   │   -2200   │   -7050000    │
│   12    │ 3.3 │ 3.3 │ 3.3 │ 3.3 │       │          │   7500    │  1100   │  3630000  │  24960000  │  1100  │  3630000  │ 1671444240000 │ '2022-12-19T10:04:00.000Z' │  0   │ 100  │  0  │    0     │ Infinity │ 1451.6 │ 3996.9 │  0  │ 0.3  │      │  -1100  │  -3630000  │   -3300   │   -10680000   │
│   13    │ 3.3 │ 3.3 │ 3.3 │ 3.3 │       │          │   7900    │   400   │  1320000  │  26280000  │  400   │  1320000  │ 1671444360000 │ '2022-12-19T10:06:00.000Z' │  0   │ 100  │  0  │    0     │ Infinity │ 1451.6 │ 3996.9 │  0  │ 0.1  │      │  -400   │  -1320000  │   -3700   │   -12000000   │
│   14    │ 3.3 │ 3.3 │ 3.3 │ 3.3 │       │          │   35300   │  27400  │ 90420000  │ 116700000  │ 27400  │ 90420000  │ 1671444480000 │ '2022-12-19T10:08:00.000Z' │  0   │ 100  │  0  │    0     │ Infinity │ 1451.6 │ 3996.9 │  0  │ 6.9  │      │ -27400  │ -90420000  │  -31100   │  -102420000   │
│   15    │ 3.3 │ 3.3 │ 3.3 │ 3.3 │       │          │   35800   │   500   │  1650000  │ 118350000  │  500   │  1650000  │ 1671444600000 │ '2022-12-19T10:10:00.000Z' │  0   │ 100  │  0  │    0     │ Infinity │ 1451.6 │ 3996.9 │  0  │ 0.1  │      │  -500   │  -1650000  │  -31600   │  -104070000   │
│   16    │ 3.3 │ 3.3 │ 3.3 │ 3.3 │       │          │   38800   │  3000   │  9900000  │ 128250000  │  3000  │  9900000  │ 1671444720000 │ '2022-12-19T10:12:00.000Z' │  0   │ 100  │  0  │    0     │ Infinity │ 1451.6 │ 3996.9 │  0  │ 0.8  │      │  -3000  │  -9900000  │  -34600   │  -113970000   │
│   17    │ 3.3 │ 3.3 │ 3.3 │ 3.3 │       │          │   42800   │  4000   │ 13200000  │ 141450000  │  4000  │ 13200000  │ 1671444960000 │ '2022-12-19T10:16:00.000Z' │  0   │ 100  │  0  │    0     │ Infinity │ 1451.6 │ 3996.9 │  0  │  1   │      │  -4000  │ -13200000  │  -38600   │  -127170000   │
│   18    │ 3.3 │ 3.3 │ 3.3 │ 3.3 │       │          │   44700   │  1900   │  6270000  │ 147720000  │  1900  │  6270000  │ 1671445080000 │ '2022-12-19T10:18:00.000Z' │  0   │ 100  │  0  │    0     │ Infinity │ 1451.6 │ 3996.9 │  0  │ 0.5  │      │  -1900  │  -6270000  │  -40500   │  -133440000   │
│   19    │ 3.4 │ 3.4 │ 3.4 │ 3.4 │  100  │  340000  │   44800   │   100   │  340000   │ 148060000  │        │           │ 1671445320000 │ '2022-12-19T10:22:00.000Z' │ 100  │  0   │  0  │ Infinity │    0     │ 1451.6 │ 3996.9 │  0  │      │ 0.1  │   100   │   340000   │  -40400   │  -133100000   │
│   20    │ 3.3 │ 3.3 │ 3.3 │ 3.3 │       │          │   45800   │  1000   │  3300000  │ 151360000  │  1000  │  3300000  │ 1671445440000 │ '2022-12-19T10:24:00.000Z' │  0   │ 100  │  0  │    0     │ Infinity │ 1451.6 │ 3996.9 │  0  │ 0.3  │      │  -1000  │  -3300000  │  -41400   │  -136400000   │
├─────────┼─────┼─────┼─────┼─────┼───────┼──────────┼───────────┼─────────┼───────────┼────────────┼────────┼───────────┼───────────────┼────────────────────────────┼──────┼──────┼─────┼──────────┼──────────┼────────┼────────┼─────┼──────┼──────┼─────────┼────────────┼───────────┼───────────────┤
│ (index) │  c  │  h  │  l  │  o  │  bu   │  val_bu  │ total_vol │ sum_vol │    val    │  acum_val  │   sd   │  val_sd   │   datetime    │            date            │ pbu  │ psd  │ puk │    bs    │    sb    │  abu   │  asd   │ auk │ rsd  │ rbu  │  bu-sd  │ bu-sd_val  │ acum_busd │ acum_busd_val │
├─────────┼─────┼─────┼─────┼─────┼───────┼──────────┼───────────┼─────────┼───────────┼────────────┼────────┼───────────┼───────────────┼────────────────────────────┼──────┼──────┼─────┼──────────┼──────────┼────────┼────────┼─────┼──────┼──────┼─────────┼────────────┼───────────┼───────────────┤
│   21    │ 3.3 │ 3.3 │ 3.3 │ 3.3 │       │          │   46300   │   500   │  1650000  │ 153010000  │  500   │  1650000  │ 1671446280000 │ '2022-12-19T10:38:00.000Z' │  0   │ 100  │  0  │    0     │ Infinity │ 1451.6 │ 3996.9 │  0  │ 0.1  │      │  -500   │  -1650000  │  -41900   │  -138050000   │
│   22    │ 3.3 │ 3.3 │ 3.3 │ 3.3 │       │          │   47900   │  1600   │  5280000  │ 158290000  │  1600  │  5280000  │ 1671446760000 │ '2022-12-19T10:46:00.000Z' │  0   │ 100  │  0  │    0     │ Infinity │ 1451.6 │ 3996.9 │  0  │ 0.4  │      │  -1600  │  -5280000  │  -43500   │  -143330000   │
│   23    │ 3.3 │ 3.3 │ 3.3 │ 3.3 │       │          │   49100   │  1200   │  3960000  │ 162250000  │  1200  │  3960000  │ 1671446880000 │ '2022-12-19T10:48:00.000Z' │  0   │ 100  │  0  │    0     │ Infinity │ 1451.6 │ 3996.9 │  0  │ 0.3  │      │  -1200  │  -3960000  │  -44700   │  -147290000   │
│   24    │ 3.3 │ 3.3 │ 3.3 │ 3.3 │       │          │   51100   │  2000   │  6600000  │ 168850000  │  2000  │  6600000  │ 1671447600000 │ '2022-12-19T11:00:00.000Z' │  0   │ 100  │  0  │    0     │ Infinity │ 1451.6 │ 3996.9 │  0  │ 0.5  │      │  -2000  │  -6600000  │  -46700   │  -153890000   │
│   25    │ 3.3 │ 3.3 │ 3.3 │ 3.3 │       │          │   68700   │  17600  │ 58080000  │ 226930000  │ 17600  │ 58080000  │ 1671447840000 │ '2022-12-19T11:04:00.000Z' │  0   │ 100  │  0  │    0     │ Infinity │ 1451.6 │ 3996.9 │  0  │ 4.4  │      │ -17600  │ -58080000  │  -64300   │  -211970000   │
│   26    │ 3.3 │ 3.3 │ 3.3 │ 3.3 │       │          │   78700   │  10000  │ 33000000  │ 259930000  │ 10000  │ 33000000  │ 1671447960000 │ '2022-12-19T11:06:00.000Z' │  0   │ 100  │  0  │    0     │ Infinity │ 1451.6 │ 3996.9 │  0  │ 2.5  │      │ -10000  │ -33000000  │  -74300   │  -244970000   │
│   27    │ 3.3 │ 3.3 │ 3.3 │ 3.3 │       │          │   83700   │  5000   │ 16500000  │ 276430000  │  5000  │ 16500000  │ 1671448200000 │ '2022-12-19T11:10:00.000Z' │  0   │ 100  │  0  │    0     │ Infinity │ 1451.6 │ 3996.9 │  0  │ 1.3  │      │  -5000  │ -16500000  │  -79300   │  -261470000   │
│   28    │ 3.3 │ 3.3 │ 3.3 │ 3.3 │       │          │   85700   │  2000   │  6600000  │ 283030000  │  2000  │  6600000  │ 1671448800000 │ '2022-12-19T11:20:00.000Z' │  0   │ 100  │  0  │    0     │ Infinity │ 1451.6 │ 3996.9 │  0  │ 0.5  │      │  -2000  │  -6600000  │  -81300   │  -268070000   │
│   29    │ 3.3 │ 3.3 │ 3.3 │ 3.3 │       │          │   86700   │  1000   │  3300000  │ 286330000  │  1000  │  3300000  │ 1671449040000 │ '2022-12-19T11:24:00.000Z' │  0   │ 100  │  0  │    0     │ Infinity │ 1451.6 │ 3996.9 │  0  │ 0.3  │      │  -1000  │  -3300000  │  -82300   │  -271370000   │
│   30    │ 3.3 │ 3.3 │ 3.3 │ 3.3 │       │          │   87700   │  1000   │  3300000  │ 289630000  │  1000  │  3300000  │ 1671449160000 │ '2022-12-19T11:26:00.000Z' │  0   │ 100  │  0  │    0     │ Infinity │ 1451.6 │ 3996.9 │  0  │ 0.3  │      │  -1000  │  -3300000  │  -83300   │  -274670000   │
│   31    │ 3.3 │ 3.3 │ 3.3 │ 3.3 │       │          │   95400   │  7700   │ 25410000  │ 315040000  │  7700  │ 25410000  │ 1671454800000 │ '2022-12-19T13:00:00.000Z' │  0   │ 100  │  0  │    0     │ Infinity │ 1451.6 │ 3996.9 │  0  │ 1.9  │      │  -7700  │ -25410000  │  -91000   │  -300080000   │
│   32    │ 3.3 │ 3.3 │ 3.3 │ 3.3 │ 2400  │ 7920000  │   97800   │  2400   │  7920000  │ 322960000  │        │           │ 1671455040000 │ '2022-12-19T13:04:00.000Z' │ 100  │  0   │  0  │ Infinity │    0     │ 1451.6 │ 3996.9 │  0  │      │ 1.7  │  2400   │  7920000   │  -88600   │  -292160000   │
│   33    │ 3.3 │ 3.3 │ 3.3 │ 3.3 │ 25100 │ 82830000 │  124500   │  26700  │ 88110000  │ 411070000  │  1600  │  5280000  │ 1671455160000 │ '2022-12-19T13:06:00.000Z' │  94  │  6   │  0  │   15.7   │   0.1    │ 1451.6 │ 3996.9 │  0  │ 0.4  │ 17.3 │  23500  │  77550000  │  -65100   │  -214610000   │
│   34    │ 3.3 │ 3.3 │ 3.3 │ 3.3 │  100  │  330000  │  124600   │   100   │  330000   │ 411400000  │        │           │ 1671455280000 │ '2022-12-19T13:08:00.000Z' │ 100  │  0   │  0  │ Infinity │    0     │ 1451.6 │ 3996.9 │  0  │      │ 0.1  │   100   │   330000   │  -65000   │  -214280000   │
│   35    │ 3.3 │ 3.3 │ 3.3 │ 3.3 │ 1100  │ 3630000  │  125700   │  1100   │  3630000  │ 415030000  │        │           │ 1671455640000 │ '2022-12-19T13:14:00.000Z' │ 100  │  0   │  0  │ Infinity │    0     │ 1451.6 │ 3996.9 │  0  │      │ 0.8  │  1100   │  3630000   │  -63900   │  -210650000   │
│   36    │ 3.3 │ 3.3 │ 3.3 │ 3.3 │ 3500  │ 11550000 │  129200   │  3500   │ 11550000  │ 426580000  │        │           │ 1671455760000 │ '2022-12-19T13:16:00.000Z' │ 100  │  0   │  0  │ Infinity │    0     │ 1451.6 │ 3996.9 │  0  │      │ 2.4  │  3500   │  11550000  │  -60400   │  -199100000   │
│   37    │ 3.3 │ 3.3 │ 3.3 │ 3.3 │  900  │ 2970000  │  130100   │   900   │  2970000  │ 429550000  │        │           │ 1671455880000 │ '2022-12-19T13:18:00.000Z' │ 100  │  0   │  0  │ Infinity │    0     │ 1451.6 │ 3996.9 │  0  │      │ 0.6  │   900   │  2970000   │  -59500   │  -196130000   │
│   38    │ 3.3 │ 3.3 │ 3.3 │ 3.3 │ 3300  │ 10890000 │  133400   │  3300   │ 10890000  │ 440440000  │        │           │ 1671456240000 │ '2022-12-19T13:24:00.000Z' │ 100  │  0   │  0  │ Infinity │    0     │ 1451.6 │ 3996.9 │  0  │      │ 2.3  │  3300   │  10890000  │  -56200   │  -185240000   │
│   39    │ 3.3 │ 3.3 │ 3.3 │ 3.3 │ 25400 │ 83820000 │  158800   │  25400  │ 83820000  │ 524260000  │        │           │ 1671456360000 │ '2022-12-19T13:26:00.000Z' │ 100  │  0   │  0  │ Infinity │    0     │ 1451.6 │ 3996.9 │  0  │      │ 17.5 │  25400  │  83820000  │  -30800   │  -101420000   │
│   40    │ 3.3 │ 3.3 │ 3.3 │ 3.3 │  200  │  660000  │  159000   │   200   │  660000   │ 524920000  │        │           │ 1671456600000 │ '2022-12-19T13:30:00.000Z' │ 100  │  0   │  0  │ Infinity │    0     │ 1451.6 │ 3996.9 │  0  │      │ 0.1  │   200   │   660000   │  -30600   │  -100760000   │
├─────────┼─────┼─────┼─────┼─────┼───────┼──────────┼───────────┼─────────┼───────────┼────────────┼────────┼───────────┼───────────────┼────────────────────────────┼──────┼──────┼─────┼──────────┼──────────┼────────┼────────┼─────┼──────┼──────┼─────────┼────────────┼───────────┼───────────────┤
│ (index) │  c  │  h  │  l  │  o  │  bu   │  val_bu  │ total_vol │ sum_vol │    val    │  acum_val  │   sd   │  val_sd   │   datetime    │            date            │ pbu  │ psd  │ puk │    bs    │    sb    │  abu   │  asd   │ auk │ rsd  │ rbu  │  bu-sd  │ bu-sd_val  │ acum_busd │ acum_busd_val │
├─────────┼─────┼─────┼─────┼─────┼───────┼──────────┼───────────┼─────────┼───────────┼────────────┼────────┼───────────┼───────────────┼────────────────────────────┼──────┼──────┼─────┼──────────┼──────────┼────────┼────────┼─────┼──────┼──────┼─────────┼────────────┼───────────┼───────────────┤
│   41    │ 3.3 │ 3.3 │ 3.3 │ 3.3 │       │          │  159100   │   100   │  330000   │ 525250000  │  100   │  330000   │ 1671456840000 │ '2022-12-19T13:34:00.000Z' │  0   │ 100  │  0  │    0     │ Infinity │ 1451.6 │ 3996.9 │  0  │  0   │      │  -100   │  -330000   │  -30700   │  -101090000   │
│   42    │ 3.3 │ 3.3 │ 3.3 │ 3.3 │       │          │  162400   │  3300   │ 10890000  │ 536140000  │  3300  │ 10890000  │ 1671456960000 │ '2022-12-19T13:36:00.000Z' │  0   │ 100  │  0  │    0     │ Infinity │ 1451.6 │ 3996.9 │  0  │ 0.8  │      │  -3300  │ -10890000  │  -34000   │  -111980000   │
│   43    │ 3.3 │ 3.3 │ 3.3 │ 3.3 │       │          │  166600   │  4200   │ 13860000  │ 550000000  │  4200  │ 13860000  │ 1671457200000 │ '2022-12-19T13:40:00.000Z' │  0   │ 100  │  0  │    0     │ Infinity │ 1451.6 │ 3996.9 │  0  │ 1.1  │      │  -4200  │ -13860000  │  -38200   │  -125840000   │
│   44    │ 3.3 │ 3.3 │ 3.3 │ 3.3 │ 1000  │ 3300000  │  168600   │  2000   │  6600000  │ 556600000  │  1000  │  3300000  │ 1671457320000 │ '2022-12-19T13:42:00.000Z' │  50  │  50  │  0  │    1     │    1     │ 1451.6 │ 3996.9 │  0  │ 0.3  │ 0.7  │    0    │     0      │  -38200   │  -125840000   │
│   45    │ 3.3 │ 3.3 │ 3.3 │ 3.3 │       │          │  168900   │   300   │  990000   │ 557590000  │  300   │  990000   │ 1671457440000 │ '2022-12-19T13:44:00.000Z' │  0   │ 100  │  0  │    0     │ Infinity │ 1451.6 │ 3996.9 │  0  │ 0.1  │      │  -300   │  -990000   │  -38500   │  -126830000   │
│   46    │ 3.3 │ 3.3 │ 3.3 │ 3.3 │  100  │  330000  │  179900   │  11000  │ 36300000  │ 593890000  │ 10900  │ 35970000  │ 1671457680000 │ '2022-12-19T13:48:00.000Z' │ 0.9  │ 99.1 │  0  │    0     │   109    │ 1451.6 │ 3996.9 │  0  │ 2.7  │ 0.1  │ -10800  │ -35640000  │  -49300   │  -162470000   │
│   47    │ 3.3 │ 3.3 │ 3.3 │ 3.3 │  100  │  330000  │  180000   │   100   │  330000   │ 594220000  │        │           │ 1671457800000 │ '2022-12-19T13:50:00.000Z' │ 100  │  0   │  0  │ Infinity │    0     │ 1451.6 │ 3996.9 │  0  │      │ 0.1  │   100   │   330000   │  -49200   │  -162140000   │
│   48    │ 3.3 │ 3.3 │ 3.3 │ 3.3 │  400  │ 1320000  │  180400   │   400   │  1320000  │ 595540000  │        │           │ 1671457920000 │ '2022-12-19T13:52:00.000Z' │ 100  │  0   │  0  │ Infinity │    0     │ 1451.6 │ 3996.9 │  0  │      │ 0.3  │   400   │  1320000   │  -48800   │  -160820000   │
│   49    │ 3.3 │ 3.3 │ 3.3 │ 3.3 │  600  │ 1980000  │  181000   │   600   │  1980000  │ 597520000  │        │           │ 1671458160000 │ '2022-12-19T13:56:00.000Z' │ 100  │  0   │  0  │ Infinity │    0     │ 1451.6 │ 3996.9 │  0  │      │ 0.4  │   600   │  1980000   │  -48200   │  -158840000   │
│   50    │ 3.3 │ 3.3 │ 3.3 │ 3.3 │  200  │  660000  │  181200   │   200   │  660000   │ 598180000  │        │           │ 1671458400000 │ '2022-12-19T14:00:00.000Z' │ 100  │  0   │  0  │ Infinity │    0     │ 1451.6 │ 3996.9 │  0  │      │ 0.1  │   200   │   660000   │  -48000   │  -158180000   │
│   51    │ 3.3 │ 3.3 │ 3.3 │ 3.3 │  200  │  660000  │  181400   │   200   │  660000   │ 598840000  │        │           │ 1671458520000 │ '2022-12-19T14:02:00.000Z' │ 100  │  0   │  0  │ Infinity │    0     │ 1451.6 │ 3996.9 │  0  │      │ 0.1  │   200   │   660000   │  -47800   │  -157520000   │
│   52    │ 3.3 │ 3.3 │ 3.3 │ 3.3 │ 1100  │ 3630000  │  182500   │  1100   │  3630000  │ 602470000  │        │           │ 1671458640000 │ '2022-12-19T14:04:00.000Z' │ 100  │  0   │  0  │ Infinity │    0     │ 1451.6 │ 3996.9 │  0  │      │ 0.8  │  1100   │  3630000   │  -46700   │  -153890000   │
│   53    │ 3.3 │ 3.3 │ 3.3 │ 3.3 │ 3100  │ 10230000 │  185600   │  3100   │ 10230000  │ 612700000  │        │           │ 1671458760000 │ '2022-12-19T14:06:00.000Z' │ 100  │  0   │  0  │ Infinity │    0     │ 1451.6 │ 3996.9 │  0  │      │ 2.1  │  3100   │  10230000  │  -43600   │  -143660000   │
│   54    │ 3.2 │ 3.2 │ 3.2 │ 3.2 │ 5500  │ 17600000 │  302600   │ 117000  │ 374400000 │ 987100000  │ 111500 │ 356800000 │ 1671458880000 │ '2022-12-19T14:08:00.000Z' │ 4.7  │ 95.3 │  0  │    0     │   20.3   │ 1451.6 │ 3996.9 │  0  │ 27.9 │ 3.8  │ -106000 │ -339200000 │  -149600  │  -482860000   │
│   55    │ 3.3 │ 3.3 │ 3.3 │ 3.3 │  100  │  330000  │  302700   │   100   │  330000   │ 987430000  │        │           │ 1671459000000 │ '2022-12-19T14:10:00.000Z' │ 100  │  0   │  0  │ Infinity │    0     │ 1451.6 │ 3996.9 │  0  │      │ 0.1  │   100   │   330000   │  -149500  │  -482530000   │
│   56    │ 3.3 │ 3.3 │ 3.3 │ 3.3 │  200  │  660000  │  302900   │   200   │  660000   │ 988090000  │        │           │ 1671459120000 │ '2022-12-19T14:12:00.000Z' │ 100  │  0   │  0  │ Infinity │    0     │ 1451.6 │ 3996.9 │  0  │      │ 0.1  │   200   │   660000   │  -149300  │  -481870000   │
│   57    │ 3.3 │ 3.3 │ 3.3 │ 3.3 │  400  │ 1320000  │  303300   │   400   │  1320000  │ 989410000  │        │           │ 1671459240000 │ '2022-12-19T14:14:00.000Z' │ 100  │  0   │  0  │ Infinity │    0     │ 1451.6 │ 3996.9 │  0  │      │ 0.3  │   400   │  1320000   │  -148900  │  -480550000   │
│   58    │ 3.2 │ 3.2 │ 3.2 │ 3.2 │       │          │  303500   │   200   │  640000   │ 990050000  │  200   │  640000   │ 1671459360000 │ '2022-12-19T14:16:00.000Z' │  0   │ 100  │  0  │    0     │ Infinity │ 1451.6 │ 3996.9 │  0  │ 0.1  │      │  -200   │  -640000   │  -149100  │  -481190000   │
│   59    │ 3.2 │ 3.2 │ 3.2 │ 3.2 │       │          │  304800   │  1300   │  4160000  │ 994210000  │  1300  │  4160000  │ 1671459720000 │ '2022-12-19T14:22:00.000Z' │  0   │ 100  │  0  │    0     │ Infinity │ 1451.6 │ 3996.9 │  0  │ 0.3  │      │  -1300  │  -4160000  │  -150400  │  -485350000   │
│   60    │ 3.2 │ 3.2 │ 3.2 │ 3.2 │       │          │  307800   │  3000   │  9600000  │ 1003810000 │  3000  │  9600000  │ 1671459840000 │ '2022-12-19T14:24:00.000Z' │  0   │ 100  │  0  │    0     │ Infinity │ 1451.6 │ 3996.9 │  0  │ 0.8  │      │  -3000  │  -9600000  │  -153400  │  -494950000   │
├─────────┼─────┼─────┼─────┼─────┼───────┼──────────┼───────────┼─────────┼───────────┼────────────┼────────┼───────────┼───────────────┼────────────────────────────┼──────┼──────┼─────┼──────────┼──────────┼────────┼────────┼─────┼──────┼──────┼─────────┼────────────┼───────────┼───────────────┤
│ (index) │  c  │  h  │  l  │  o  │  bu   │  val_bu  │ total_vol │ sum_vol │    val    │  acum_val  │   sd   │  val_sd   │   datetime    │            date            │ pbu  │ psd  │ puk │    bs    │    sb    │  abu   │  asd   │ auk │ rsd  │ rbu  │  bu-sd  │ bu-sd_val  │ acum_busd │ acum_busd_val │
├─────────┼─────┼─────┼─────┼─────┼───────┼──────────┼───────────┼─────────┼───────────┼────────────┼────────┼───────────┼───────────────┼────────────────────────────┼──────┼──────┼─────┼──────────┼──────────┼────────┼────────┼─────┼──────┼──────┼─────────┼────────────┼───────────┼───────────────┤
│   61    │ 3.2 │ 3.3 │ 3.2 │ 3.3 │  600  │ 1980000  │  329600   │  21800  │ 69820000  │ 1073630000 │ 21200  │ 67840000  │ 1671459960000 │ '2022-12-19T14:26:00.000Z' │ 2.8  │ 97.2 │  0  │    0     │   35.3   │ 1451.6 │ 3996.9 │  0  │ 5.3  │ 0.4  │ -20600  │ -65860000  │  -174000  │  -560810000   │
│   62    │ 3.3 │ 3.3 │ 3.2 │ 3.2 │ 1400  │ 4620000  │  335000   │  5400   │ 17420000  │ 1091050000 │  4000  │ 12800000  │ 1671460080000 │ '2022-12-19T14:28:00.000Z' │ 25.9 │ 74.1 │  0  │   0.4    │   2.9    │ 1451.6 │ 3996.9 │  0  │  1   │  1   │  -2600  │  -8180000  │  -176600  │  -568990000   │
│   63    │ 3.3 │ 3.3 │ 3.3 │ 3.3 │ 13700 │ 45210000 │  348700   │  13700  │ 45210000  │ 1136260000 │        │           │ 1671461040000 │ '2022-12-19T14:44:00.000Z' │ 100  │  0   │  0  │ Infinity │    0     │ 1451.6 │ 3996.9 │  0  │      │ 9.4  │  13700  │  45210000  │  -162900  │  -523780000   │
└─────────┴─────┴─────┴─────┴─────┴───────┴──────────┴───────────┴─────────┴───────────┴────────────┴────────┴───────────┴───────────────┴────────────────────────────┴──────┴──────┴─────┴──────────┴──────────┴────────┴────────┴─────┴──────┴──────┴─────────┴────────────┴───────────┴───────────────┘

