┌─────────┬───────┬───────┬───────┬───────┬──────┬──────────┬───────────┬─────────┬──────────┬───────────┬───────────────┬────────────────────────────┬─────┬─────┬─────┬──────────┬──────────┬───────┬─────┬─────┬─────┬───────┬───────────┬───────────┬───────────────┬──────┬──────────┬──────┐
│ (index) │   c   │   h   │   l   │   o   │  bu  │  val_bu  │ total_vol │ sum_vol │   val    │ acum_val  │   datetime    │            date            │ pbu │ psd │ puk │    bs    │    sb    │  abu  │ asd │ auk │ rbu │ bu-sd │ bu-sd_val │ acum_busd │ acum_busd_val │  sd  │  val_sd  │ rsd  │
├─────────┼───────┼───────┼───────┼───────┼──────┼──────────┼───────────┼─────────┼──────────┼───────────┼───────────────┼────────────────────────────┼─────┼─────┼─────┼──────────┼──────────┼───────┼─────┼─────┼─────┼───────┼───────────┼───────────┼───────────────┼──────┼──────────┼──────┤
│    0    │ 11.45 │ 11.45 │ 11.45 │ 11.45 │ 500  │ 5725000  │    500    │   500   │ 5725000  │  5725000  │ 1671441240000 │ '2022-12-19T09:14:00.000Z' │ 100 │  0  │  0  │ Infinity │    0     │ 189.7 │ 431 │  0  │ 2.6 │  500  │  5725000  │    500    │    5725000    │      │          │      │
│    1    │ 11.45 │ 11.45 │ 11.45 │ 11.45 │ 100  │ 1145000  │    600    │   100   │ 1145000  │  6870000  │ 1671441360000 │ '2022-12-19T09:16:00.000Z' │ 100 │  0  │  0  │ Infinity │    0     │ 189.7 │ 431 │  0  │ 0.5 │  100  │  1145000  │    600    │    6870000    │      │          │      │
│    2    │ 11.45 │ 11.45 │ 11.45 │ 11.45 │ 100  │ 1145000  │    700    │   100   │ 1145000  │  8015000  │ 1671441480000 │ '2022-12-19T09:18:00.000Z' │ 100 │  0  │  0  │ Infinity │    0     │ 189.7 │ 431 │  0  │ 0.5 │  100  │  1145000  │    700    │    8015000    │      │          │      │
│    3    │ 11.45 │ 11.45 │ 11.45 │ 11.45 │ 100  │ 1145000  │    800    │   100   │ 1145000  │  9160000  │ 1671441600000 │ '2022-12-19T09:20:00.000Z' │ 100 │  0  │  0  │ Infinity │    0     │ 189.7 │ 431 │  0  │ 0.5 │  100  │  1145000  │    800    │    9160000    │      │          │      │
│    4    │ 11.6  │ 11.6  │ 11.6  │ 11.6  │ 100  │ 1160000  │    900    │   100   │ 1160000  │ 10320000  │ 1671442920000 │ '2022-12-19T09:42:00.000Z' │ 100 │  0  │  0  │ Infinity │    0     │ 189.7 │ 431 │  0  │ 0.5 │  100  │  1160000  │    900    │   10320000    │      │          │      │
│    5    │ 11.2  │ 11.25 │ 11.2  │ 11.25 │      │          │   2000    │  1100   │ 12330000 │ 22650000  │ 1671443160000 │ '2022-12-19T09:46:00.000Z' │  0  │ 100 │  0  │    0     │ Infinity │ 189.7 │ 431 │  0  │     │ -1100 │ -12330000 │   -200    │   -2010000    │ 1100 │ 12330000 │ 2.6  │
│    6    │ 11.4  │ 11.4  │ 11.4  │ 11.4  │      │          │   2100    │   100   │ 1140000  │ 23790000  │ 1671443400000 │ '2022-12-19T09:50:00.000Z' │  0  │ 100 │  0  │    0     │ Infinity │ 189.7 │ 431 │  0  │     │ -100  │ -1140000  │   -300    │   -3150000    │ 100  │ 1140000  │ 0.2  │
│    7    │ 11.3  │ 11.3  │ 11.3  │ 11.3  │      │          │   2200    │   100   │ 1130000  │ 24920000  │ 1671443760000 │ '2022-12-19T09:56:00.000Z' │  0  │ 100 │  0  │    0     │ Infinity │ 189.7 │ 431 │  0  │     │ -100  │ -1130000  │   -400    │   -4280000    │ 100  │ 1130000  │ 0.2  │
│    8    │ 11.3  │ 11.35 │ 11.3  │ 11.35 │      │          │   3400    │  1200   │ 13575000 │ 38495000  │ 1671444480000 │ '2022-12-19T10:08:00.000Z' │  0  │ 100 │  0  │    0     │ Infinity │ 189.7 │ 431 │  0  │     │ -1200 │ -13575000 │   -1600   │   -17855000   │ 1200 │ 13575000 │ 2.8  │
│    9    │ 11.3  │ 11.3  │ 11.3  │ 11.3  │      │          │   3700    │   300   │ 3390000  │ 41885000  │ 1671445560000 │ '2022-12-19T10:26:00.000Z' │  0  │ 100 │  0  │    0     │ Infinity │ 189.7 │ 431 │  0  │     │ -300  │ -3390000  │   -1900   │   -21245000   │ 300  │ 3390000  │ 0.7  │
│   10    │ 11.3  │ 11.3  │ 11.3  │ 11.3  │      │          │   4000    │   300   │ 3390000  │ 45275000  │ 1671445920000 │ '2022-12-19T10:32:00.000Z' │  0  │ 100 │  0  │    0     │ Infinity │ 189.7 │ 431 │  0  │     │ -300  │ -3390000  │   -2200   │   -24635000   │ 300  │ 3390000  │ 0.7  │
│   11    │ 11.3  │ 11.3  │ 11.3  │ 11.3  │      │          │   5000    │  1000   │ 11300000 │ 56575000  │ 1671447360000 │ '2022-12-19T10:56:00.000Z' │  0  │ 100 │  0  │    0     │ Infinity │ 189.7 │ 431 │  0  │     │ -1000 │ -11300000 │   -3200   │   -35935000   │ 1000 │ 11300000 │ 2.3  │
│   12    │ 11.55 │ 11.55 │ 11.5  │ 11.5  │ 500  │ 5760000  │   5500    │   500   │ 5760000  │ 62335000  │ 1671448200000 │ '2022-12-19T11:10:00.000Z' │ 100 │  0  │  0  │ Infinity │    0     │ 189.7 │ 431 │  0  │ 2.6 │  500  │  5760000  │   -2700   │   -30175000   │      │          │      │
│   13    │ 11.6  │ 11.6  │ 11.6  │ 11.6  │ 100  │ 1160000  │   5600    │   100   │ 1160000  │ 63495000  │ 1671448680000 │ '2022-12-19T11:18:00.000Z' │ 100 │  0  │  0  │ Infinity │    0     │ 189.7 │ 431 │  0  │ 0.5 │  100  │  1160000  │   -2600   │   -29015000   │      │          │      │
│   14    │ 11.3  │ 11.3  │ 11.3  │ 11.3  │      │          │   5700    │   100   │ 1130000  │ 64625000  │ 1671449040000 │ '2022-12-19T11:24:00.000Z' │  0  │ 100 │  0  │    0     │ Infinity │ 189.7 │ 431 │  0  │     │ -100  │ -1130000  │   -2700   │   -30145000   │ 100  │ 1130000  │ 0.2  │
│   15    │ 11.3  │ 11.3  │ 11.3  │ 11.3  │ 500  │ 5650000  │   6200    │   500   │ 5650000  │ 70275000  │ 1671454800000 │ '2022-12-19T13:00:00.000Z' │ 100 │  0  │  0  │ Infinity │    0     │ 189.7 │ 431 │  0  │ 2.6 │  500  │  5650000  │   -2200   │   -24495000   │      │          │      │
│   16    │ 11.3  │ 11.3  │ 11.3  │ 11.3  │ 300  │ 3390000  │   6500    │   300   │ 3390000  │ 73665000  │ 1671455160000 │ '2022-12-19T13:06:00.000Z' │ 100 │  0  │  0  │ Infinity │    0     │ 189.7 │ 431 │  0  │ 1.6 │  300  │  3390000  │   -1900   │   -21105000   │      │          │      │
│   17    │ 11.3  │ 11.3  │ 11.3  │ 11.3  │ 900  │ 10170000 │   7400    │   900   │ 10170000 │ 83835000  │ 1671455400000 │ '2022-12-19T13:10:00.000Z' │ 100 │  0  │  0  │ Infinity │    0     │ 189.7 │ 431 │  0  │ 4.7 │  900  │ 10170000  │   -1000   │   -10935000   │      │          │      │
│   18    │ 11.3  │ 11.3  │ 11.3  │ 11.3  │ 1000 │ 11300000 │   8400    │  1000   │ 11300000 │ 95135000  │ 1671455520000 │ '2022-12-19T13:12:00.000Z' │ 100 │  0  │  0  │ Infinity │    0     │ 189.7 │ 431 │  0  │ 5.3 │ 1000  │ 11300000  │     0     │    365000     │      │          │      │
│   19    │ 11.3  │ 11.3  │ 11.3  │ 11.3  │ 200  │ 2260000  │   8600    │   200   │ 2260000  │ 97395000  │ 1671455760000 │ '2022-12-19T13:16:00.000Z' │ 100 │  0  │  0  │ Infinity │    0     │ 189.7 │ 431 │  0  │ 1.1 │  200  │  2260000  │    200    │    2625000    │      │          │      │
│   20    │ 11.3  │ 11.3  │ 11.3  │ 11.3  │ 100  │ 1130000  │   8700    │   100   │ 1130000  │ 98525000  │ 1671455880000 │ '2022-12-19T13:18:00.000Z' │ 100 │  0  │  0  │ Infinity │    0     │ 189.7 │ 431 │  0  │ 0.5 │  100  │  1130000  │    300    │    3755000    │      │          │      │
├─────────┼───────┼───────┼───────┼───────┼──────┼──────────┼───────────┼─────────┼──────────┼───────────┼───────────────┼────────────────────────────┼─────┼─────┼─────┼──────────┼──────────┼───────┼─────┼─────┼─────┼───────┼───────────┼───────────┼───────────────┼──────┼──────────┼──────┤
│ (index) │   c   │   h   │   l   │   o   │  bu  │  val_bu  │ total_vol │ sum_vol │   val    │ acum_val  │   datetime    │            date            │ pbu │ psd │ puk │    bs    │    sb    │  abu  │ asd │ auk │ rbu │ bu-sd │ bu-sd_val │ acum_busd │ acum_busd_val │  sd  │  val_sd  │ rsd  │
├─────────┼───────┼───────┼───────┼───────┼──────┼──────────┼───────────┼─────────┼──────────┼───────────┼───────────────┼────────────────────────────┼─────┼─────┼─────┼──────────┼──────────┼───────┼─────┼─────┼─────┼───────┼───────────┼───────────┼───────────────┼──────┼──────────┼──────┤
│   21    │ 11.3  │ 11.3  │ 11.3  │ 11.3  │      │          │   9500    │   800   │ 9040000  │ 107565000 │ 1671456000000 │ '2022-12-19T13:20:00.000Z' │  0  │ 100 │  0  │    0     │ Infinity │ 189.7 │ 431 │  0  │     │ -800  │ -9040000  │   -500    │   -5285000    │ 800  │ 9040000  │ 1.9  │
│   22    │ 11.3  │ 11.3  │ 11.3  │ 11.3  │      │          │   9800    │   300   │ 3390000  │ 110955000 │ 1671456480000 │ '2022-12-19T13:28:00.000Z' │  0  │ 100 │  0  │    0     │ Infinity │ 189.7 │ 431 │  0  │     │ -300  │ -3390000  │   -800    │   -8675000    │ 300  │ 3390000  │ 0.7  │
│   23    │ 11.35 │ 11.5  │ 11.35 │ 11.5  │      │          │   10100   │   300   │ 3430000  │ 114385000 │ 1671456960000 │ '2022-12-19T13:36:00.000Z' │  0  │ 100 │  0  │    0     │ Infinity │ 189.7 │ 431 │  0  │     │ -300  │ -3430000  │   -1100   │   -12105000   │ 300  │ 3430000  │ 0.7  │
│   24    │ 11.25 │ 11.35 │ 11.25 │ 11.35 │      │          │   11100   │  1000   │ 11315000 │ 125700000 │ 1671457440000 │ '2022-12-19T13:44:00.000Z' │  0  │ 100 │  0  │    0     │ Infinity │ 189.7 │ 431 │  0  │     │ -1000 │ -11315000 │   -2100   │   -23420000   │ 1000 │ 11315000 │ 2.3  │
│   25    │ 11.25 │ 11.25 │ 11.25 │ 11.25 │      │          │   17000   │  5900   │ 66375000 │ 192075000 │ 1671459000000 │ '2022-12-19T14:10:00.000Z' │  0  │ 100 │  0  │    0     │ Infinity │ 189.7 │ 431 │  0  │     │ -5900 │ -66375000 │   -8000   │   -89795000   │ 5900 │ 66375000 │ 13.7 │
│   26    │ 11.55 │ 11.55 │ 11.55 │ 11.55 │ 200  │ 2310000  │   17200   │   200   │ 2310000  │ 194385000 │ 1671459960000 │ '2022-12-19T14:26:00.000Z' │ 100 │  0  │  0  │ Infinity │    0     │ 189.7 │ 431 │  0  │ 1.1 │  200  │  2310000  │   -7800   │   -87485000   │      │          │      │
│   27    │ 11.6  │ 11.6  │ 11.6  │ 11.6  │ 300  │ 3480000  │   17500   │   300   │ 3480000  │ 197865000 │ 1671460080000 │ '2022-12-19T14:28:00.000Z' │ 100 │  0  │  0  │ Infinity │    0     │ 189.7 │ 431 │  0  │ 1.6 │  300  │  3480000  │   -7500   │   -84005000   │      │          │      │
│   28    │ 11.7  │ 11.7  │ 11.7  │ 11.7  │ 500  │ 5850000  │   18000   │   500   │ 5850000  │ 203715000 │ 1671461040000 │ '2022-12-19T14:44:00.000Z' │ 100 │  0  │  0  │ Infinity │    0     │ 189.7 │ 431 │  0  │ 2.6 │  500  │  5850000  │   -7000   │   -78155000   │      │          │      │
└─────────┴───────┴───────┴───────┴───────┴──────┴──────────┴───────────┴─────────┴──────────┴───────────┴───────────────┴────────────────────────────┴─────┴─────┴─────┴──────────┴──────────┴───────┴─────┴─────┴─────┴───────┴───────────┴───────────┴───────────────┴──────┴──────────┴──────┘

