┌─────────┬──────┬──────┬──────┬──────┬──────┬──────────┬───────────┬─────────┬───────────┬────────────┬──────┬───────────┬───────────────┬────────────────────────────┬──────┬──────┬─────┬──────────┬──────────┬────────┬───────┬─────┬─────┬─────┬───────┬───────────┬───────────┬───────────────┐
│ (index) │  c   │  h   │  l   │  o   │  sd  │  val_sd  │ total_vol │ sum_vol │    val    │  acum_val  │  bu  │  val_bu   │   datetime    │            date            │ pbu  │ psd  │ puk │    bs    │    sb    │  abu   │  asd  │ auk │ rsd │ rbu │ bu-sd │ bu-sd_val │ acum_busd │ acum_busd_val │
├─────────┼──────┼──────┼──────┼──────┼──────┼──────────┼───────────┼─────────┼───────────┼────────────┼──────┼───────────┼───────────────┼────────────────────────────┼──────┼──────┼─────┼──────────┼──────────┼────────┼───────┼─────┼─────┼─────┼───────┼───────────┼───────────┼───────────────┤
│    0    │ 43.1 │ 43.2 │ 43.1 │ 43.2 │ 1500 │ 64720000 │   1800    │  1800   │ 77680000  │  77680000  │ 300  │ 12960000  │ 1671441300000 │ '2022-12-19T09:15:00.000Z' │ 16.7 │ 83.3 │  0  │   0.2    │    5     │ 1078.1 │ 543.8 │  0  │ 2.8 │ 0.3 │ -1200 │ -51760000 │   -1200   │   -51760000   │
│    1    │  43  │  43  │  43  │  43  │ 500  │ 21500000 │   3600    │  1800   │ 77400000  │ 155080000  │ 1300 │ 55900000  │ 1671441600000 │ '2022-12-19T09:20:00.000Z' │ 72.2 │ 27.8 │  0  │   2.6    │   0.4    │ 1078.1 │ 543.8 │  0  │ 0.9 │ 1.2 │  800  │ 34400000  │   -400    │   -17360000   │
│    2    │ 43.2 │ 43.2 │  43  │  43  │ 500  │ 21500000 │   8000    │  4400   │ 189410000 │ 344490000  │ 3900 │ 167910000 │ 1671443700000 │ '2022-12-19T09:55:00.000Z' │ 88.6 │ 11.4 │  0  │   7.8    │   0.1    │ 1078.1 │ 543.8 │  0  │ 0.9 │ 3.6 │ 3400  │ 146410000 │   3000    │   129050000   │
│    3    │  43  │ 43.2 │  43  │ 43.2 │ 1500 │ 64590000 │   11600   │  3600   │ 154890000 │ 499380000  │ 2100 │ 90300000  │ 1671444300000 │ '2022-12-19T10:05:00.000Z' │ 58.3 │ 41.7 │  0  │   1.4    │   0.7    │ 1078.1 │ 543.8 │  0  │ 2.8 │ 1.9 │  600  │ 25710000  │   3600    │   154760000   │
│    4    │ 43.3 │ 43.3 │ 43.1 │ 43.1 │ 500  │ 21650000 │   13000   │  1400   │ 60510000  │ 559890000  │ 900  │ 38860000  │ 1671444600000 │ '2022-12-19T10:10:00.000Z' │ 64.3 │ 35.7 │  0  │   1.8    │   0.6    │ 1078.1 │ 543.8 │  0  │ 0.9 │ 0.8 │  400  │ 17210000  │   4000    │   171970000   │
│    5    │ 43.4 │ 43.4 │ 43.4 │ 43.4 │      │          │   15300   │  2300   │ 99820000  │ 659710000  │ 2300 │ 99820000  │ 1671445200000 │ '2022-12-19T10:20:00.000Z' │ 100  │  0   │  0  │ Infinity │    0     │ 1078.1 │ 543.8 │  0  │     │ 2.1 │ 2300  │ 99820000  │   6300    │   271790000   │
│    6    │ 43.4 │ 43.4 │ 43.4 │ 43.4 │      │          │   16000   │   700   │ 30380000  │ 690090000  │ 700  │ 30380000  │ 1671446100000 │ '2022-12-19T10:35:00.000Z' │ 100  │  0   │  0  │ Infinity │    0     │ 1078.1 │ 543.8 │  0  │     │ 0.6 │  700  │ 30380000  │   7000    │   302170000   │
│    7    │ 43.6 │ 43.6 │ 43.5 │ 43.5 │      │          │   19800   │  3800   │ 165380000 │ 855470000  │ 3800 │ 165380000 │ 1671446400000 │ '2022-12-19T10:40:00.000Z' │ 100  │  0   │  0  │ Infinity │    0     │ 1078.1 │ 543.8 │  0  │     │ 3.5 │ 3800  │ 165380000 │   10800   │   467550000   │
│    8    │ 43.6 │ 43.6 │ 43.6 │ 43.6 │ 100  │ 4360000  │   19900   │   100   │  4360000  │ 859830000  │      │           │ 1671446700000 │ '2022-12-19T10:45:00.000Z' │  0   │ 100  │  0  │    0     │ Infinity │ 1078.1 │ 543.8 │  0  │ 0.2 │     │ -100  │ -4360000  │   10700   │   463190000   │
│    9    │ 43.5 │ 43.6 │ 43.5 │ 43.6 │      │          │   20300   │   400   │ 17410000  │ 877240000  │ 400  │ 17410000  │ 1671447000000 │ '2022-12-19T10:50:00.000Z' │ 100  │  0   │  0  │ Infinity │    0     │ 1078.1 │ 543.8 │  0  │     │ 0.4 │  400  │ 17410000  │   11100   │   480600000   │
│   10    │ 43.7 │ 43.7 │ 43.5 │ 43.5 │ 1400 │ 60980000 │   22700   │  2400   │ 104680000 │ 981920000  │ 1000 │ 43700000  │ 1671447300000 │ '2022-12-19T10:55:00.000Z' │ 41.7 │ 58.3 │  0  │   0.7    │   1.4    │ 1078.1 │ 543.8 │  0  │ 2.6 │ 0.9 │ -400  │ -17280000 │   10700   │   463320000   │
│   11    │ 43.7 │ 43.7 │ 43.7 │ 43.7 │      │          │   25000   │  2300   │ 100510000 │ 1082430000 │ 2300 │ 100510000 │ 1671447600000 │ '2022-12-19T11:00:00.000Z' │ 100  │  0   │  0  │ Infinity │    0     │ 1078.1 │ 543.8 │  0  │     │ 2.1 │ 2300  │ 100510000 │   13000   │   563830000   │
│   12    │ 43.6 │ 43.6 │ 43.5 │ 43.6 │ 700  │ 30520000 │   27000   │  2000   │ 87090000  │ 1169520000 │ 1300 │ 56570000  │ 1671447900000 │ '2022-12-19T11:05:00.000Z' │  65  │  35  │  0  │   1.9    │   0.5    │ 1078.1 │ 543.8 │  0  │ 1.3 │ 1.2 │  600  │ 26050000  │   13600   │   589880000   │
│   13    │ 43.7 │ 43.7 │ 43.7 │ 43.7 │ 600  │ 26220000 │   27600   │   600   │ 26220000  │ 1195740000 │      │           │ 1671448200000 │ '2022-12-19T11:10:00.000Z' │  0   │ 100  │  0  │    0     │ Infinity │ 1078.1 │ 543.8 │  0  │ 1.1 │     │ -600  │ -26220000 │   13000   │   563660000   │
│   14    │ 43.7 │ 43.7 │ 43.7 │ 43.7 │ 400  │ 17480000 │   28000   │   400   │ 17480000  │ 1213220000 │      │           │ 1671449100000 │ '2022-12-19T11:25:00.000Z' │  0   │ 100  │  0  │    0     │ Infinity │ 1078.1 │ 543.8 │  0  │ 0.7 │     │ -400  │ -17480000 │   12600   │   546180000   │
│   15    │ 43.5 │ 43.6 │ 43.5 │ 43.6 │ 300  │ 13050000 │   28600   │   600   │ 26130000  │ 1239350000 │ 300  │ 13080000  │ 1671454800000 │ '2022-12-19T13:00:00.000Z' │  50  │  50  │  0  │    1     │    1     │ 1078.1 │ 543.8 │  0  │ 0.6 │ 0.3 │   0   │   30000   │   12600   │   546210000   │
│   16    │ 43.7 │ 43.7 │ 43.5 │ 43.5 │      │          │   30700   │  2100   │ 91540000  │ 1330890000 │ 2100 │ 91540000  │ 1671455100000 │ '2022-12-19T13:05:00.000Z' │ 100  │  0   │  0  │ Infinity │    0     │ 1078.1 │ 543.8 │  0  │     │ 1.9 │ 2100  │ 91540000  │   14700   │   637750000   │
│   17    │ 43.5 │ 43.7 │ 43.5 │ 43.7 │ 700  │ 30560000 │   31600   │   900   │ 39260000  │ 1370150000 │ 200  │  8700000  │ 1671456600000 │ '2022-12-19T13:30:00.000Z' │ 22.2 │ 77.8 │  0  │   0.3    │   3.5    │ 1078.1 │ 543.8 │  0  │ 1.3 │ 0.2 │ -500  │ -21860000 │   14200   │   615890000   │
│   18    │ 43.7 │ 43.7 │ 43.5 │ 43.5 │ 700  │ 30450000 │   33300   │  1700   │ 74090000  │ 1444240000 │ 1000 │ 43640000  │ 1671456900000 │ '2022-12-19T13:35:00.000Z' │ 58.8 │ 41.2 │  0  │   1.4    │   0.7    │ 1078.1 │ 543.8 │  0  │ 1.3 │ 0.9 │  300  │ 13190000  │   14500   │   629080000   │
│   19    │ 43.7 │ 43.7 │ 43.7 │ 43.7 │ 400  │ 17480000 │   33700   │   400   │ 17480000  │ 1461720000 │      │           │ 1671457200000 │ '2022-12-19T13:40:00.000Z' │  0   │ 100  │  0  │    0     │ Infinity │ 1078.1 │ 543.8 │  0  │ 0.7 │     │ -400  │ -17480000 │   14100   │   611600000   │
│   20    │ 43.7 │ 43.7 │ 43.7 │ 43.7 │ 200  │ 8740000  │   33900   │   200   │  8740000  │ 1470460000 │      │           │ 1671457500000 │ '2022-12-19T13:45:00.000Z' │  0   │ 100  │  0  │    0     │ Infinity │ 1078.1 │ 543.8 │  0  │ 0.4 │     │ -200  │ -8740000  │   13900   │   602860000   │
├─────────┼──────┼──────┼──────┼──────┼──────┼──────────┼───────────┼─────────┼───────────┼────────────┼──────┼───────────┼───────────────┼────────────────────────────┼──────┼──────┼─────┼──────────┼──────────┼────────┼───────┼─────┼─────┼─────┼───────┼───────────┼───────────┼───────────────┤
│ (index) │  c   │  h   │  l   │  o   │  sd  │  val_sd  │ total_vol │ sum_vol │    val    │  acum_val  │  bu  │  val_bu   │   datetime    │            date            │ pbu  │ psd  │ puk │    bs    │    sb    │  abu   │  asd  │ auk │ rsd │ rbu │ bu-sd │ bu-sd_val │ acum_busd │ acum_busd_val │
├─────────┼──────┼──────┼──────┼──────┼──────┼──────────┼───────────┼─────────┼───────────┼────────────┼──────┼───────────┼───────────────┼────────────────────────────┼──────┼──────┼─────┼──────────┼──────────┼────────┼───────┼─────┼─────┼─────┼───────┼───────────┼───────────┼───────────────┤
│   21    │ 43.7 │ 43.7 │ 43.5 │ 43.6 │ 2100 │ 91570000 │   36700   │  2800   │ 122060000 │ 1592520000 │ 700  │ 30490000  │ 1671457800000 │ '2022-12-19T13:50:00.000Z' │  25  │  75  │  0  │   0.3    │    3     │ 1078.1 │ 543.8 │  0  │ 3.9 │ 0.6 │ -1400 │ -61080000 │   12500   │   541780000   │
│   22    │ 43.7 │ 43.7 │ 43.7 │ 43.7 │      │          │   39200   │  2500   │ 109250000 │ 1701770000 │ 2500 │ 109250000 │ 1671458400000 │ '2022-12-19T14:00:00.000Z' │ 100  │  0   │  0  │ Infinity │    0     │ 1078.1 │ 543.8 │  0  │     │ 2.3 │ 2500  │ 109250000 │   15000   │   651030000   │
│   23    │ 43.7 │ 43.7 │ 43.5 │ 43.6 │ 2100 │ 91570000 │   42000   │  2800   │ 122060000 │ 1823830000 │ 700  │ 30490000  │ 1671458700000 │ '2022-12-19T14:05:00.000Z' │  25  │  75  │  0  │   0.3    │    3     │ 1078.1 │ 543.8 │  0  │ 3.9 │ 0.6 │ -1400 │ -61080000 │   13600   │   589950000   │
│   24    │ 43.9 │ 43.9 │ 43.8 │ 43.8 │ 500  │ 21900000 │   43500   │  1500   │ 65800000  │ 1889630000 │ 1000 │ 43900000  │ 1671459000000 │ '2022-12-19T14:10:00.000Z' │ 66.7 │ 33.3 │  0  │    2     │   0.5    │ 1078.1 │ 543.8 │  0  │ 0.9 │ 0.9 │  500  │ 22000000  │   14100   │   611950000   │
│   25    │ 43.9 │  44  │ 43.9 │  44  │      │          │   45000   │  1500   │ 65950000  │ 1955580000 │ 1500 │ 65950000  │ 1671459300000 │ '2022-12-19T14:15:00.000Z' │ 100  │  0   │  0  │ Infinity │    0     │ 1078.1 │ 543.8 │  0  │     │ 1.4 │ 1500  │ 65950000  │   15600   │   677900000   │
│   26    │ 43.7 │ 43.8 │ 43.7 │ 43.8 │      │          │   45700   │   700   │ 30640000  │ 1986220000 │ 700  │ 30640000  │ 1671459600000 │ '2022-12-19T14:20:00.000Z' │ 100  │  0   │  0  │ Infinity │    0     │ 1078.1 │ 543.8 │  0  │     │ 0.6 │  700  │ 30640000  │   16300   │   708540000   │
│   27    │ 43.6 │ 43.6 │ 43.6 │ 43.6 │ 400  │ 17440000 │   46100   │   400   │ 17440000  │ 2003660000 │      │           │ 1671459900000 │ '2022-12-19T14:25:00.000Z' │  0   │ 100  │  0  │    0     │ Infinity │ 1078.1 │ 543.8 │  0  │ 0.7 │     │ -400  │ -17440000 │   15900   │   691100000   │
│   28    │ 43.5 │ 43.5 │ 43.5 │ 43.5 │ 300  │ 13050000 │   46400   │   300   │ 13050000  │ 2016710000 │      │           │ 1671460500000 │ '2022-12-19T14:35:00.000Z' │  0   │ 100  │  0  │    0     │ Infinity │ 1078.1 │ 543.8 │  0  │ 0.6 │     │ -300  │ -13050000 │   15600   │   678050000   │
│   29    │ 43.7 │ 43.7 │ 43.5 │ 43.5 │ 500  │ 21850000 │   48500   │  2100   │ 91570000  │ 2108280000 │ 1600 │ 69720000  │ 1671460800000 │ '2022-12-19T14:40:00.000Z' │ 76.2 │ 23.8 │  0  │   3.2    │   0.3    │ 1078.1 │ 543.8 │  0  │ 0.9 │ 1.5 │ 1100  │ 47870000  │   16700   │   725920000   │
│   30    │ 43.7 │ 43.7 │ 43.5 │ 43.7 │ 1100 │ 48010000 │   51500   │  3000   │ 130800000 │ 2239080000 │ 1900 │ 82790000  │ 1671461100000 │ '2022-12-19T14:45:00.000Z' │ 63.3 │ 36.7 │  0  │   1.7    │   0.6    │ 1078.1 │ 543.8 │  0  │  2  │ 1.8 │  800  │ 34780000  │   17500   │   760700000   │
│   31    │ 43.8 │ 43.8 │ 43.8 │ 43.8 │ 400  │ 17520000 │   51900   │   400   │ 17520000  │ 2256600000 │      │           │ 1671461700000 │ '2022-12-19T14:55:00.000Z' │  0   │ 100  │  0  │    0     │ Infinity │ 1078.1 │ 543.8 │  0  │ 0.7 │     │ -400  │ -17520000 │   17100   │   743180000   │
└─────────┴──────┴──────┴──────┴──────┴──────┴──────────┴───────────┴─────────┴───────────┴────────────┴──────┴───────────┴───────────────┴────────────────────────────┴──────┴──────┴─────┴──────────┴──────────┴────────┴───────┴─────┴─────┴─────┴───────┴───────────┴───────────┴───────────────┘

