┌─────────┬──────┬──────┬──────┬──────┬───────┬───────────┬───────────┬─────────┬───────────┬────────────┬───────────────┬────────────────────────────┬─────┬──────┬─────┬──────────┬──────────┬────────┬────────┬─────┬─────┬────────┬────────────┬───────────┬───────────────┬───────┬───────────┬─────┐
│ (index) │  c   │  h   │  l   │  o   │  bu   │  val_bu   │ total_vol │ sum_vol │    val    │  acum_val  │   datetime    │            date            │ pbu │ psd  │ puk │    bs    │    sb    │  abu   │  asd   │ auk │ rbu │ bu-sd  │ bu-sd_val  │ acum_busd │ acum_busd_val │  sd   │  val_sd   │ rsd │
├─────────┼──────┼──────┼──────┼──────┼───────┼───────────┼───────────┼─────────┼───────────┼────────────┼───────────────┼────────────────────────────┼─────┼──────┼─────┼──────────┼──────────┼────────┼────────┼─────┼─────┼────────┼────────────┼───────────┼───────────────┼───────┼───────────┼─────┤
│    0    │ 6.63 │ 6.63 │ 6.63 │ 6.63 │ 32700 │ 216801000 │   32700   │  32700  │ 216801000 │ 216801000  │ 1671441240000 │ '2022-12-19T09:14:00.000Z' │ 100 │  0   │  0  │ Infinity │    0     │ 1556.8 │ 5721.6 │  0  │ 21  │ 32700  │ 216801000  │   32700   │   216801000   │       │           │     │
│    1    │ 6.63 │ 6.63 │ 6.63 │ 6.63 │ 10200 │ 67626000  │   42900   │  10200  │ 67626000  │ 284427000  │ 1671441360000 │ '2022-12-19T09:16:00.000Z' │ 100 │  0   │  0  │ Infinity │    0     │ 1556.8 │ 5721.6 │  0  │ 6.6 │ 10200  │  67626000  │   42900   │   284427000   │       │           │     │
│    2    │ 6.63 │ 6.63 │ 6.63 │ 6.63 │       │           │   43900   │  1000   │  6630000  │ 291057000  │ 1671441600000 │ '2022-12-19T09:20:00.000Z' │  0  │ 100  │  0  │    0     │ Infinity │ 1556.8 │ 5721.6 │  0  │     │ -1000  │  -6630000  │   41900   │   277797000   │ 1000  │  6630000  │ 0.2 │
│    3    │ 6.63 │ 6.63 │ 6.63 │ 6.63 │       │           │   44900   │  1000   │  6630000  │ 297687000  │ 1671441720000 │ '2022-12-19T09:22:00.000Z' │  0  │ 100  │  0  │    0     │ Infinity │ 1556.8 │ 5721.6 │  0  │     │ -1000  │  -6630000  │   40900   │   271167000   │ 1000  │  6630000  │ 0.2 │
│    4    │ 6.63 │ 6.63 │ 6.63 │ 6.63 │       │           │   46100   │  1200   │  7956000  │ 305643000  │ 1671442200000 │ '2022-12-19T09:30:00.000Z' │  0  │ 100  │  0  │    0     │ Infinity │ 1556.8 │ 5721.6 │  0  │     │ -1200  │  -7956000  │   39700   │   263211000   │ 1200  │  7956000  │ 0.2 │
│    5    │ 6.63 │ 6.63 │ 6.63 │ 6.63 │       │           │   46500   │   400   │  2652000  │ 308295000  │ 1671442320000 │ '2022-12-19T09:32:00.000Z' │  0  │ 100  │  0  │    0     │ Infinity │ 1556.8 │ 5721.6 │  0  │     │  -400  │  -2652000  │   39300   │   260559000   │  400  │  2652000  │ 0.1 │
│    6    │ 6.63 │ 6.63 │ 6.63 │ 6.63 │       │           │   47100   │   600   │  3978000  │ 312273000  │ 1671442920000 │ '2022-12-19T09:42:00.000Z' │  0  │ 100  │  0  │    0     │ Infinity │ 1556.8 │ 5721.6 │  0  │     │  -600  │  -3978000  │   38700   │   256581000   │  600  │  3978000  │ 0.1 │
│    7    │ 6.63 │ 6.63 │ 6.63 │ 6.63 │       │           │   47300   │   200   │  1326000  │ 313599000  │ 1671443880000 │ '2022-12-19T09:58:00.000Z' │  0  │ 100  │  0  │    0     │ Infinity │ 1556.8 │ 5721.6 │  0  │     │  -200  │  -1326000  │   38500   │   255255000   │  200  │  1326000  │  0  │
│    8    │ 6.63 │ 6.63 │ 6.63 │ 6.63 │       │           │   47800   │   500   │  3315000  │ 316914000  │ 1671444360000 │ '2022-12-19T10:06:00.000Z' │  0  │ 100  │  0  │    0     │ Infinity │ 1556.8 │ 5721.6 │  0  │     │  -500  │  -3315000  │   38000   │   251940000   │  500  │  3315000  │ 0.1 │
│    9    │ 6.63 │ 6.63 │ 6.63 │ 6.63 │       │           │   49400   │  1600   │ 10608000  │ 327522000  │ 1671444720000 │ '2022-12-19T10:12:00.000Z' │  0  │ 100  │  0  │    0     │ Infinity │ 1556.8 │ 5721.6 │  0  │     │ -1600  │ -10608000  │   36400   │   241332000   │ 1600  │ 10608000  │ 0.3 │
│   10    │ 6.63 │ 6.63 │ 6.63 │ 6.63 │       │           │   49900   │   500   │  3315000  │ 330837000  │ 1671444840000 │ '2022-12-19T10:14:00.000Z' │  0  │ 100  │  0  │    0     │ Infinity │ 1556.8 │ 5721.6 │  0  │     │  -500  │  -3315000  │   35900   │   238017000   │  500  │  3315000  │ 0.1 │
│   11    │ 6.63 │ 6.63 │ 6.63 │ 6.63 │       │           │   50900   │  1000   │  6630000  │ 337467000  │ 1671445080000 │ '2022-12-19T10:18:00.000Z' │  0  │ 100  │  0  │    0     │ Infinity │ 1556.8 │ 5721.6 │  0  │     │ -1000  │  -6630000  │   34900   │   231387000   │ 1000  │  6630000  │ 0.2 │
│   12    │ 6.63 │ 6.63 │ 6.63 │ 6.63 │       │           │   52900   │  2000   │ 13260000  │ 350727000  │ 1671445320000 │ '2022-12-19T10:22:00.000Z' │  0  │ 100  │  0  │    0     │ Infinity │ 1556.8 │ 5721.6 │  0  │     │ -2000  │ -13260000  │   32900   │   218127000   │ 2000  │ 13260000  │ 0.3 │
│   13    │ 6.63 │ 6.63 │ 6.63 │ 6.63 │       │           │   62900   │  10000  │ 66300000  │ 417027000  │ 1671446280000 │ '2022-12-19T10:38:00.000Z' │  0  │ 100  │  0  │    0     │ Infinity │ 1556.8 │ 5721.6 │  0  │     │ -10000 │ -66300000  │   22900   │   151827000   │ 10000 │ 66300000  │ 1.7 │
│   14    │ 6.63 │ 6.63 │ 6.63 │ 6.63 │       │           │  108100   │  45200  │ 299676000 │ 716703000  │ 1671446760000 │ '2022-12-19T10:46:00.000Z' │  0  │ 100  │  0  │    0     │ Infinity │ 1556.8 │ 5721.6 │  0  │     │ -45200 │ -299676000 │  -22300   │  -147849000   │ 45200 │ 299676000 │ 7.9 │
│   15    │ 6.63 │ 6.63 │ 6.63 │ 6.63 │       │           │  147300   │  39200  │ 259896000 │ 976599000  │ 1671447240000 │ '2022-12-19T10:54:00.000Z' │  0  │ 100  │  0  │    0     │ Infinity │ 1556.8 │ 5721.6 │  0  │     │ -39200 │ -259896000 │  -61500   │  -407745000   │ 39200 │ 259896000 │ 6.9 │
│   16    │ 6.63 │ 6.63 │ 6.63 │ 6.63 │ 9200  │ 60996000  │  156500   │  9200   │ 60996000  │ 1037595000 │ 1671447360000 │ '2022-12-19T10:56:00.000Z' │ 100 │  0   │  0  │ Infinity │    0     │ 1556.8 │ 5721.6 │  0  │ 5.9 │  9200  │  60996000  │  -52300   │  -346749000   │       │           │     │
│   17    │ 6.63 │ 6.63 │ 6.63 │ 6.63 │       │           │  156700   │   200   │  1326000  │ 1038921000 │ 1671447480000 │ '2022-12-19T10:58:00.000Z' │  0  │ 100  │  0  │    0     │ Infinity │ 1556.8 │ 5721.6 │  0  │     │  -200  │  -1326000  │  -52500   │  -348075000   │  200  │  1326000  │  0  │
│   18    │ 6.63 │ 6.63 │ 6.63 │ 6.63 │       │           │  157100   │   400   │  2652000  │ 1041573000 │ 1671447600000 │ '2022-12-19T11:00:00.000Z' │  0  │ 100  │  0  │    0     │ Infinity │ 1556.8 │ 5721.6 │  0  │     │  -400  │  -2652000  │  -52900   │  -350727000   │  400  │  2652000  │ 0.1 │
│   19    │ 6.63 │ 6.63 │ 6.63 │ 6.63 │       │           │  157600   │   500   │  3315000  │ 1044888000 │ 1671447720000 │ '2022-12-19T11:02:00.000Z' │  0  │ 100  │  0  │    0     │ Infinity │ 1556.8 │ 5721.6 │  0  │     │  -500  │  -3315000  │  -53400   │  -354042000   │  500  │  3315000  │ 0.1 │
│   20    │ 6.63 │ 6.63 │ 6.63 │ 6.63 │       │           │  167600   │  10000  │ 66300000  │ 1111188000 │ 1671448200000 │ '2022-12-19T11:10:00.000Z' │  0  │ 100  │  0  │    0     │ Infinity │ 1556.8 │ 5721.6 │  0  │     │ -10000 │ -66300000  │  -63400   │  -420342000   │ 10000 │ 66300000  │ 1.7 │
├─────────┼──────┼──────┼──────┼──────┼───────┼───────────┼───────────┼─────────┼───────────┼────────────┼───────────────┼────────────────────────────┼─────┼──────┼─────┼──────────┼──────────┼────────┼────────┼─────┼─────┼────────┼────────────┼───────────┼───────────────┼───────┼───────────┼─────┤
│ (index) │  c   │  h   │  l   │  o   │  bu   │  val_bu   │ total_vol │ sum_vol │    val    │  acum_val  │   datetime    │            date            │ pbu │ psd  │ puk │    bs    │    sb    │  abu   │  asd   │ auk │ rbu │ bu-sd  │ bu-sd_val  │ acum_busd │ acum_busd_val │  sd   │  val_sd   │ rsd │
├─────────┼──────┼──────┼──────┼──────┼───────┼───────────┼───────────┼─────────┼───────────┼────────────┼───────────────┼────────────────────────────┼─────┼──────┼─────┼──────────┼──────────┼────────┼────────┼─────┼─────┼────────┼────────────┼───────────┼───────────────┼───────┼───────────┼─────┤
│   21    │ 6.63 │ 6.63 │ 6.63 │ 6.63 │       │           │  177600   │  10000  │ 66300000  │ 1177488000 │ 1671448800000 │ '2022-12-19T11:20:00.000Z' │  0  │ 100  │  0  │    0     │ Infinity │ 1556.8 │ 5721.6 │  0  │     │ -10000 │ -66300000  │  -73400   │  -486642000   │ 10000 │ 66300000  │ 1.7 │
│   22    │ 6.63 │ 6.63 │ 6.63 │ 6.63 │       │           │  188600   │  11000  │ 72930000  │ 1250418000 │ 1671448920000 │ '2022-12-19T11:22:00.000Z' │  0  │ 100  │  0  │    0     │ Infinity │ 1556.8 │ 5721.6 │  0  │     │ -11000 │ -72930000  │  -84400   │  -559572000   │ 11000 │ 72930000  │ 1.9 │
│   23    │ 6.63 │ 6.63 │ 6.63 │ 6.63 │       │           │  208600   │  20000  │ 132600000 │ 1383018000 │ 1671449040000 │ '2022-12-19T11:24:00.000Z' │  0  │ 100  │  0  │    0     │ Infinity │ 1556.8 │ 5721.6 │  0  │     │ -20000 │ -132600000 │  -104400  │  -692172000   │ 20000 │ 132600000 │ 3.5 │
│   24    │ 6.63 │ 6.63 │ 6.63 │ 6.63 │       │           │  209500   │   900   │  5967000  │ 1388985000 │ 1671454800000 │ '2022-12-19T13:00:00.000Z' │  0  │ 100  │  0  │    0     │ Infinity │ 1556.8 │ 5721.6 │  0  │     │  -900  │  -5967000  │  -105300  │  -698139000   │  900  │  5967000  │ 0.2 │
│   25    │ 6.63 │ 6.63 │ 6.63 │ 6.63 │       │           │  209600   │   100   │  663000   │ 1389648000 │ 1671456120000 │ '2022-12-19T13:22:00.000Z' │  0  │ 100  │  0  │    0     │ Infinity │ 1556.8 │ 5721.6 │  0  │     │  -100  │  -663000   │  -105400  │  -698802000   │  100  │  663000   │  0  │
│   26    │ 6.63 │ 6.63 │ 6.63 │ 6.63 │       │           │  209700   │   100   │  663000   │ 1390311000 │ 1671456360000 │ '2022-12-19T13:26:00.000Z' │  0  │ 100  │  0  │    0     │ Infinity │ 1556.8 │ 5721.6 │  0  │     │  -100  │  -663000   │  -105500  │  -699465000   │  100  │  663000   │  0  │
│   27    │ 6.63 │ 6.63 │ 6.63 │ 6.63 │       │           │  209800   │   100   │  663000   │ 1390974000 │ 1671456480000 │ '2022-12-19T13:28:00.000Z' │  0  │ 100  │  0  │    0     │ Infinity │ 1556.8 │ 5721.6 │  0  │     │  -100  │  -663000   │  -105600  │  -700128000   │  100  │  663000   │  0  │
│   28    │ 6.63 │ 6.63 │ 6.63 │ 6.63 │       │           │  211800   │  2000   │ 13260000  │ 1404234000 │ 1671456840000 │ '2022-12-19T13:34:00.000Z' │  0  │ 100  │  0  │    0     │ Infinity │ 1556.8 │ 5721.6 │  0  │     │ -2000  │ -13260000  │  -107600  │  -713388000   │ 2000  │ 13260000  │ 0.3 │
│   29    │ 6.63 │ 6.63 │ 6.63 │ 6.63 │       │           │  213800   │  2000   │ 13260000  │ 1417494000 │ 1671457320000 │ '2022-12-19T13:42:00.000Z' │  0  │ 100  │  0  │    0     │ Infinity │ 1556.8 │ 5721.6 │  0  │     │ -2000  │ -13260000  │  -109600  │  -726648000   │ 2000  │ 13260000  │ 0.3 │
│   30    │ 6.63 │ 6.63 │ 6.63 │ 6.63 │       │           │  215800   │  2000   │ 13260000  │ 1430754000 │ 1671458400000 │ '2022-12-19T14:00:00.000Z' │  0  │ 100  │  0  │    0     │ Infinity │ 1556.8 │ 5721.6 │  0  │     │ -2000  │ -13260000  │  -111600  │  -739908000   │ 2000  │ 13260000  │ 0.3 │
│   31    │ 6.63 │ 6.63 │ 6.63 │ 6.63 │       │           │  215900   │   100   │  663000   │ 1431417000 │ 1671458760000 │ '2022-12-19T14:06:00.000Z' │  0  │ 100  │  0  │    0     │ Infinity │ 1556.8 │ 5721.6 │  0  │     │  -100  │  -663000   │  -111700  │  -740571000   │  100  │  663000   │  0  │
│   32    │ 6.63 │ 6.63 │ 6.63 │ 6.63 │       │           │  218400   │  2500   │ 16575000  │ 1447992000 │ 1671458880000 │ '2022-12-19T14:08:00.000Z' │  0  │ 100  │  0  │    0     │ Infinity │ 1556.8 │ 5721.6 │  0  │     │ -2500  │ -16575000  │  -114200  │  -757146000   │ 2500  │ 16575000  │ 0.4 │
│   33    │ 6.63 │ 6.63 │ 6.63 │ 6.63 │       │           │  228400   │  10000  │ 66300000  │ 1514292000 │ 1671459840000 │ '2022-12-19T14:24:00.000Z' │  0  │ 100  │  0  │    0     │ Infinity │ 1556.8 │ 5721.6 │  0  │     │ -10000 │ -66300000  │  -124200  │  -823446000   │ 10000 │ 66300000  │ 1.7 │
│   34    │ 6.5  │ 6.63 │ 6.5  │ 6.63 │  500  │  3250000  │  258200   │  29800  │ 197470000 │ 1711762000 │ 1671459960000 │ '2022-12-19T14:26:00.000Z' │ 1.7 │ 98.3 │  0  │    0     │   58.6   │ 1556.8 │ 5721.6 │  0  │ 0.3 │ -28800 │ -190970000 │  -153000  │  -1014416000  │ 29300 │ 194220000 │ 5.1 │
│   35    │ 6.63 │ 6.63 │ 6.5  │ 6.5  │ 5000  │ 33124000  │  263200   │  5000   │ 33124000  │ 1744886000 │ 1671460080000 │ '2022-12-19T14:28:00.000Z' │ 100 │  0   │  0  │ Infinity │    0     │ 1556.8 │ 5721.6 │  0  │ 3.2 │  5000  │  33124000  │  -148000  │  -981292000   │       │           │     │
│   36    │ 6.63 │ 6.63 │ 6.63 │ 6.63 │       │           │  269300   │  6100   │ 40443000  │ 1785329000 │ 1671461040000 │ '2022-12-19T14:44:00.000Z' │  0  │ 100  │  0  │    0     │ Infinity │ 1556.8 │ 5721.6 │  0  │     │ -6100  │ -40443000  │  -154100  │  -1021735000  │ 6100  │ 40443000  │ 1.1 │
└─────────┴──────┴──────┴──────┴──────┴───────┴───────────┴───────────┴─────────┴───────────┴────────────┴───────────────┴────────────────────────────┴─────┴──────┴─────┴──────────┴──────────┴────────┴────────┴─────┴─────┴────────┴────────────┴───────────┴───────────────┴───────┴───────────┴─────┘

