┌─────────┬───────┬───────┬───────┬───────┬──────┬───────────┬───────────┬─────────┬───────────┬───────────┬───────────────┬────────────────────────────┬──────┬─────┬─────┬──────────┬──────────┬───────┬───────┬─────┬─────┬───────┬───────────┬───────────┬───────────────┬──────┬──────────┬─────┐
│ (index) │   c   │   h   │   l   │   o   │  bu  │  val_bu   │ total_vol │ sum_vol │    val    │ acum_val  │   datetime    │            date            │ pbu  │ psd │ puk │    bs    │    sb    │  abu  │  asd  │ auk │ rbu │ bu-sd │ bu-sd_val │ acum_busd │ acum_busd_val │  sd  │  val_sd  │ rsd │
├─────────┼───────┼───────┼───────┼───────┼──────┼───────────┼───────────┼─────────┼───────────┼───────────┼───────────────┼────────────────────────────┼──────┼─────┼─────┼──────────┼──────────┼───────┼───────┼─────┼─────┼───────┼───────────┼───────────┼───────────────┼──────┼──────────┼─────┤
│    0    │ 31.35 │ 31.35 │ 31.35 │ 31.35 │ 600  │ 18810000  │    600    │   600   │ 18810000  │ 18810000  │ 1671442800000 │ '2022-12-19T09:40:00.000Z' │ 100  │  0  │  0  │ Infinity │    0     │ 546.2 │ 292.3 │  0  │ 1.1 │  600  │ 18810000  │    600    │   18810000    │      │          │     │
│    1    │ 31.35 │ 31.35 │ 31.35 │ 31.35 │ 500  │ 15675000  │   1100    │   500   │ 15675000  │ 34485000  │ 1671442920000 │ '2022-12-19T09:42:00.000Z' │ 100  │  0  │  0  │ Infinity │    0     │ 546.2 │ 292.3 │  0  │ 0.9 │  500  │ 15675000  │   1100    │   34485000    │      │          │     │
│    2    │ 31.15 │ 31.15 │  31   │ 31.05 │      │           │   3100    │  2000   │ 62245000  │ 96730000  │ 1671444840000 │ '2022-12-19T10:14:00.000Z' │  0   │ 100 │  0  │    0     │ Infinity │ 546.2 │ 292.3 │  0  │     │ -2000 │ -62245000 │   -900    │   -27760000   │ 2000 │ 62245000 │ 6.8 │
│    3    │ 31.3  │ 31.3  │ 31.25 │ 31.25 │ 200  │  6255000  │   3300    │   200   │  6255000  │ 102985000 │ 1671444960000 │ '2022-12-19T10:16:00.000Z' │ 100  │  0  │  0  │ Infinity │    0     │ 546.2 │ 292.3 │  0  │ 0.4 │  200  │  6255000  │   -700    │   -21505000   │      │          │     │
│    4    │ 31.3  │ 31.3  │ 31.3  │ 31.3  │ 100  │  3130000  │   3400    │   100   │  3130000  │ 106115000 │ 1671445200000 │ '2022-12-19T10:20:00.000Z' │ 100  │  0  │  0  │ Infinity │    0     │ 546.2 │ 292.3 │  0  │ 0.2 │  100  │  3130000  │   -600    │   -18375000   │      │          │     │
│    5    │ 31.3  │ 31.3  │ 31.3  │ 31.3  │ 100  │  3130000  │   3500    │   100   │  3130000  │ 109245000 │ 1671445680000 │ '2022-12-19T10:28:00.000Z' │ 100  │  0  │  0  │ Infinity │    0     │ 546.2 │ 292.3 │  0  │ 0.2 │  100  │  3130000  │   -500    │   -15245000   │      │          │     │
│    6    │ 31.1  │ 31.1  │ 31.1  │ 31.1  │      │           │   3600    │   100   │  3110000  │ 112355000 │ 1671446040000 │ '2022-12-19T10:34:00.000Z' │  0   │ 100 │  0  │    0     │ Infinity │ 546.2 │ 292.3 │  0  │     │ -100  │ -3110000  │   -600    │   -18355000   │ 100  │ 3110000  │ 0.3 │
│    7    │ 31.3  │ 31.3  │ 31.1  │ 31.1  │ 200  │  6260000  │   4100    │   500   │ 15590000  │ 127945000 │ 1671446280000 │ '2022-12-19T10:38:00.000Z' │  40  │ 60  │  0  │   0.7    │   1.5    │ 546.2 │ 292.3 │  0  │ 0.4 │ -100  │ -3070000  │   -700    │   -21425000   │ 300  │ 9330000  │  1  │
│    8    │ 31.3  │ 31.3  │ 31.3  │ 31.3  │ 500  │ 15650000  │   4600    │   500   │ 15650000  │ 143595000 │ 1671447000000 │ '2022-12-19T10:50:00.000Z' │ 100  │  0  │  0  │ Infinity │    0     │ 546.2 │ 292.3 │  0  │ 0.9 │  500  │ 15650000  │   -200    │   -5775000    │      │          │     │
│    9    │ 31.3  │ 31.3  │ 31.3  │ 31.3  │ 500  │ 15650000  │   5100    │   500   │ 15650000  │ 159245000 │ 1671447240000 │ '2022-12-19T10:54:00.000Z' │ 100  │  0  │  0  │ Infinity │    0     │ 546.2 │ 292.3 │  0  │ 0.9 │  500  │ 15650000  │    300    │    9875000    │      │          │     │
│   10    │ 31.3  │ 31.3  │ 31.3  │ 31.3  │ 4000 │ 125200000 │   9100    │  4000   │ 125200000 │ 284445000 │ 1671447360000 │ '2022-12-19T10:56:00.000Z' │ 100  │  0  │  0  │ Infinity │    0     │ 546.2 │ 292.3 │  0  │ 7.3 │ 4000  │ 125200000 │   4300    │   135075000   │      │          │     │
│   11    │ 31.35 │ 31.35 │ 31.35 │ 31.35 │ 900  │ 28215000  │   10000   │   900   │ 28215000  │ 312660000 │ 1671447600000 │ '2022-12-19T11:00:00.000Z' │ 100  │  0  │  0  │ Infinity │    0     │ 546.2 │ 292.3 │  0  │ 1.6 │  900  │ 28215000  │   5200    │   163290000   │      │          │     │
│   12    │ 31.4  │ 31.4  │ 31.35 │ 31.35 │ 2500 │ 78380000  │   12600   │  2600   │ 81515000  │ 394175000 │ 1671447960000 │ '2022-12-19T11:06:00.000Z' │ 96.2 │ 3.8 │  0  │    25    │    0     │ 546.2 │ 292.3 │  0  │ 4.6 │ 2400  │ 75245000  │   7600    │   238535000   │ 100  │ 3135000  │ 0.3 │
│   13    │ 31.4  │ 31.4  │ 31.4  │ 31.4  │ 100  │  3140000  │   12700   │   100   │  3140000  │ 397315000 │ 1671448080000 │ '2022-12-19T11:08:00.000Z' │ 100  │  0  │  0  │ Infinity │    0     │ 546.2 │ 292.3 │  0  │ 0.2 │  100  │  3140000  │   7700    │   241675000   │      │          │     │
│   14    │ 31.35 │ 31.35 │ 31.35 │ 31.35 │      │           │   12800   │   100   │  3135000  │ 400450000 │ 1671455400000 │ '2022-12-19T13:10:00.000Z' │  0   │ 100 │  0  │    0     │ Infinity │ 546.2 │ 292.3 │  0  │     │ -100  │ -3135000  │   7600    │   238540000   │ 100  │ 3135000  │ 0.3 │
│   15    │ 31.35 │ 31.35 │ 31.35 │ 31.35 │      │           │   13000   │   200   │  6270000  │ 406720000 │ 1671455880000 │ '2022-12-19T13:18:00.000Z' │  0   │ 100 │  0  │    0     │ Infinity │ 546.2 │ 292.3 │  0  │     │ -200  │ -6270000  │   7400    │   232270000   │ 200  │ 6270000  │ 0.7 │
│   16    │ 31.35 │ 31.35 │ 31.35 │ 31.35 │      │           │   13200   │   200   │  6270000  │ 412990000 │ 1671456840000 │ '2022-12-19T13:34:00.000Z' │  0   │ 100 │  0  │    0     │ Infinity │ 546.2 │ 292.3 │  0  │     │ -200  │ -6270000  │   7200    │   226000000   │ 200  │ 6270000  │ 0.7 │
│   17    │ 31.4  │ 31.4  │ 31.4  │ 31.4  │ 200  │  6280000  │   13400   │   200   │  6280000  │ 419270000 │ 1671456960000 │ '2022-12-19T13:36:00.000Z' │ 100  │  0  │  0  │ Infinity │    0     │ 546.2 │ 292.3 │  0  │ 0.4 │  200  │  6280000  │   7400    │   232280000   │      │          │     │
│   18    │ 31.35 │ 31.35 │ 31.35 │ 31.35 │      │           │   13800   │   400   │ 12540000  │ 431810000 │ 1671457320000 │ '2022-12-19T13:42:00.000Z' │  0   │ 100 │  0  │    0     │ Infinity │ 546.2 │ 292.3 │  0  │     │ -400  │ -12540000 │   7000    │   219740000   │ 400  │ 12540000 │ 1.4 │
│   19    │ 31.35 │ 31.35 │ 31.35 │ 31.35 │      │           │   15300   │  1500   │ 47025000  │ 478835000 │ 1671457800000 │ '2022-12-19T13:50:00.000Z' │  0   │ 100 │  0  │    0     │ Infinity │ 546.2 │ 292.3 │  0  │     │ -1500 │ -47025000 │   5500    │   172715000   │ 1500 │ 47025000 │ 5.1 │
│   20    │ 31.35 │ 31.35 │ 31.35 │ 31.35 │      │           │   15400   │   100   │  3135000  │ 481970000 │ 1671457920000 │ '2022-12-19T13:52:00.000Z' │  0   │ 100 │  0  │    0     │ Infinity │ 546.2 │ 292.3 │  0  │     │ -100  │ -3135000  │   5400    │   169580000   │ 100  │ 3135000  │ 0.3 │
├─────────┼───────┼───────┼───────┼───────┼──────┼───────────┼───────────┼─────────┼───────────┼───────────┼───────────────┼────────────────────────────┼──────┼─────┼─────┼──────────┼──────────┼───────┼───────┼─────┼─────┼───────┼───────────┼───────────┼───────────────┼──────┼──────────┼─────┤
│ (index) │   c   │   h   │   l   │   o   │  bu  │  val_bu   │ total_vol │ sum_vol │    val    │ acum_val  │   datetime    │            date            │ pbu  │ psd │ puk │    bs    │    sb    │  abu  │  asd  │ auk │ rbu │ bu-sd │ bu-sd_val │ acum_busd │ acum_busd_val │  sd  │  val_sd  │ rsd │
├─────────┼───────┼───────┼───────┼───────┼──────┼───────────┼───────────┼─────────┼───────────┼───────────┼───────────────┼────────────────────────────┼──────┼─────┼─────┼──────────┼──────────┼───────┼───────┼─────┼─────┼───────┼───────────┼───────────┼───────────────┼──────┼──────────┼─────┤
│   21    │ 31.3  │ 31.3  │ 31.3  │ 31.3  │      │           │   17600   │  2200   │ 68860000  │ 550830000 │ 1671458400000 │ '2022-12-19T14:00:00.000Z' │  0   │ 100 │  0  │    0     │ Infinity │ 546.2 │ 292.3 │  0  │     │ -2200 │ -68860000 │   3200    │   100720000   │ 2200 │ 68860000 │ 7.5 │
│   22    │ 31.3  │ 31.3  │ 31.3  │ 31.3  │ 3800 │ 118940000 │   21400   │  3800   │ 118940000 │ 669770000 │ 1671459600000 │ '2022-12-19T14:20:00.000Z' │ 100  │  0  │  0  │ Infinity │    0     │ 546.2 │ 292.3 │  0  │  7  │ 3800  │ 118940000 │   7000    │   219660000   │      │          │     │
│   23    │ 31.2  │ 31.2  │ 31.2  │ 31.2  │      │           │   21500   │   100   │  3120000  │ 672890000 │ 1671459840000 │ '2022-12-19T14:24:00.000Z' │  0   │ 100 │  0  │    0     │ Infinity │ 546.2 │ 292.3 │  0  │     │ -100  │ -3120000  │   6900    │   216540000   │ 100  │ 3120000  │ 0.3 │
│   24    │ 31.2  │ 31.2  │ 31.2  │ 31.2  │      │           │   21700   │   200   │  6240000  │ 679130000 │ 1671459960000 │ '2022-12-19T14:26:00.000Z' │  0   │ 100 │  0  │    0     │ Infinity │ 546.2 │ 292.3 │  0  │     │ -200  │ -6240000  │   6700    │   210300000   │ 200  │ 6240000  │ 0.7 │
│   25    │ 31.15 │ 31.15 │ 31.15 │ 31.15 │      │           │   21800   │   100   │  3115000  │ 682245000 │ 1671461040000 │ '2022-12-19T14:44:00.000Z' │  0   │ 100 │  0  │    0     │ Infinity │ 546.2 │ 292.3 │  0  │     │ -100  │ -3115000  │   6600    │   207185000   │ 100  │ 3115000  │ 0.3 │
└─────────┴───────┴───────┴───────┴───────┴──────┴───────────┴───────────┴─────────┴───────────┴───────────┴───────────────┴────────────────────────────┴──────┴─────┴─────┴──────────┴──────────┴───────┴───────┴─────┴─────┴───────┴───────────┴───────────┴───────────────┴──────┴──────────┴─────┘

