┌─────────┬─────┬─────┬─────┬─────┬───────┬───────────┬───────────┬─────────┬───────────┬───────────┬───────────────┬────────────────────────────┬──────┬──────┬─────┬──────────┬──────────┬───────┬────────┬─────┬──────┬────────┬────────────┬───────────┬───────────────┬──────┬──────────┬──────┐
│ (index) │  c  │  h  │  l  │  o  │  sd   │  val_sd   │ total_vol │ sum_vol │    val    │ acum_val  │   datetime    │            date            │ pbu  │ psd  │ puk │    bs    │    sb    │  abu  │  asd   │ auk │ rsd  │ bu-sd  │ bu-sd_val  │ acum_busd │ acum_busd_val │  bu  │  val_bu  │ rbu  │
├─────────┼─────┼─────┼─────┼─────┼───────┼───────────┼───────────┼─────────┼───────────┼───────────┼───────────────┼────────────────────────────┼──────┼──────┼─────┼──────────┼──────────┼───────┼────────┼─────┼──────┼────────┼────────────┼───────────┼───────────────┼──────┼──────────┼──────┤
│    0    │ 7.3 │ 7.3 │ 7.3 │ 7.3 │  200  │  1460000  │    200    │   200   │  1460000  │  1460000  │ 1671440400000 │ '2022-12-19T09:00:00.000Z' │  0   │ 100  │  0  │    0     │ Infinity │ 470.8 │ 1960.4 │  0  │ 0.1  │  -200  │  -1460000  │   -200    │   -1460000    │      │          │      │
│    1    │ 7.5 │ 7.5 │ 7.5 │ 7.5 │       │           │   5200    │  5000   │ 37500000  │ 38960000  │ 1671440760000 │ '2022-12-19T09:06:00.000Z' │ 100  │  0   │  0  │ Infinity │    0     │ 470.8 │ 1960.4 │  0  │      │  5000  │  37500000  │   4800    │   36040000    │ 5000 │ 37500000 │ 10.6 │
│    2    │ 7.5 │ 7.5 │ 7.5 │ 7.5 │       │           │   5400    │   200   │  1500000  │ 40460000  │ 1671441600000 │ '2022-12-19T09:20:00.000Z' │ 100  │  0   │  0  │ Infinity │    0     │ 470.8 │ 1960.4 │  0  │      │  200   │  1500000   │   5000    │   37540000    │ 200  │ 1500000  │ 0.4  │
│    3    │ 7.4 │ 7.4 │ 7.4 │ 7.4 │       │           │   5800    │   400   │  2960000  │ 43420000  │ 1671442320000 │ '2022-12-19T09:32:00.000Z' │ 100  │  0   │  0  │ Infinity │    0     │ 470.8 │ 1960.4 │  0  │      │  400   │  2960000   │   5400    │   40500000    │ 400  │ 2960000  │ 0.8  │
│    4    │ 7.4 │ 7.4 │ 7.4 │ 7.4 │       │           │   10300   │  4500   │ 33300000  │ 76720000  │ 1671442920000 │ '2022-12-19T09:42:00.000Z' │ 100  │  0   │  0  │ Infinity │    0     │ 470.8 │ 1960.4 │  0  │      │  4500  │  33300000  │   9900    │   73800000    │ 4500 │ 33300000 │ 9.6  │
│    5    │ 7.4 │ 7.4 │ 7.4 │ 7.4 │       │           │   10500   │   200   │  1480000  │ 78200000  │ 1671443040000 │ '2022-12-19T09:44:00.000Z' │ 100  │  0   │  0  │ Infinity │    0     │ 470.8 │ 1960.4 │  0  │      │  200   │  1480000   │   10100   │   75280000    │ 200  │ 1480000  │ 0.4  │
│    6    │ 7.4 │ 7.4 │ 7.4 │ 7.4 │       │           │   10800   │   300   │  2220000  │ 80420000  │ 1671443280000 │ '2022-12-19T09:48:00.000Z' │ 100  │  0   │  0  │ Infinity │    0     │ 470.8 │ 1960.4 │  0  │      │  300   │  2220000   │   10400   │   77500000    │ 300  │ 2220000  │ 0.6  │
│    7    │ 7.4 │ 7.4 │ 7.4 │ 7.4 │  200  │  1480000  │   11000   │   200   │  1480000  │ 81900000  │ 1671443520000 │ '2022-12-19T09:52:00.000Z' │  0   │ 100  │  0  │    0     │ Infinity │ 470.8 │ 1960.4 │  0  │ 0.1  │  -200  │  -1480000  │   10200   │   76020000    │      │          │      │
│    8    │ 7.4 │ 7.4 │ 7.4 │ 7.4 │  200  │  1480000  │   11200   │   200   │  1480000  │ 83380000  │ 1671443640000 │ '2022-12-19T09:54:00.000Z' │  0   │ 100  │  0  │    0     │ Infinity │ 470.8 │ 1960.4 │  0  │ 0.1  │  -200  │  -1480000  │   10000   │   74540000    │      │          │      │
│    9    │ 7.5 │ 7.5 │ 7.4 │ 7.4 │ 1000  │  7400000  │   12300   │  1100   │  8150000  │ 91530000  │ 1671443760000 │ '2022-12-19T09:56:00.000Z' │ 9.1  │ 90.9 │  0  │   0.1    │    10    │ 470.8 │ 1960.4 │  0  │ 0.5  │  -900  │  -6650000  │   9100    │   67890000    │ 100  │  750000  │ 0.2  │
│   10    │ 7.4 │ 7.4 │ 7.4 │ 7.4 │ 1300  │  9620000  │   13600   │  1300   │  9620000  │ 101150000 │ 1671443880000 │ '2022-12-19T09:58:00.000Z' │  0   │ 100  │  0  │    0     │ Infinity │ 470.8 │ 1960.4 │  0  │ 0.7  │ -1300  │  -9620000  │   7800    │   58270000    │      │          │      │
│   11    │ 7.4 │ 7.4 │ 7.4 │ 7.4 │ 14100 │ 104340000 │   27700   │  14100  │ 104340000 │ 205490000 │ 1671444120000 │ '2022-12-19T10:02:00.000Z' │  0   │ 100  │  0  │    0     │ Infinity │ 470.8 │ 1960.4 │  0  │ 7.2  │ -14100 │ -104340000 │   -6300   │   -46070000   │      │          │      │
│   12    │ 7.4 │ 7.4 │ 7.4 │ 7.4 │ 2500  │ 18500000  │   30200   │  2500   │ 18500000  │ 223990000 │ 1671444720000 │ '2022-12-19T10:12:00.000Z' │  0   │ 100  │  0  │    0     │ Infinity │ 470.8 │ 1960.4 │  0  │ 1.3  │ -2500  │ -18500000  │   -8800   │   -64570000   │      │          │      │
│   13    │ 7.4 │ 7.4 │ 7.4 │ 7.4 │ 2000  │ 14800000  │   32200   │  2000   │ 14800000  │ 238790000 │ 1671444960000 │ '2022-12-19T10:16:00.000Z' │  0   │ 100  │  0  │    0     │ Infinity │ 470.8 │ 1960.4 │  0  │  1   │ -2000  │ -14800000  │  -10800   │   -79370000   │      │          │      │
│   14    │ 7.4 │ 7.4 │ 7.4 │ 7.4 │  100  │  740000   │   32300   │   100   │  740000   │ 239530000 │ 1671445080000 │ '2022-12-19T10:18:00.000Z' │  0   │ 100  │  0  │    0     │ Infinity │ 470.8 │ 1960.4 │  0  │ 0.1  │  -100  │  -740000   │  -10900   │   -80110000   │      │          │      │
│   15    │ 7.4 │ 7.4 │ 7.4 │ 7.4 │  200  │  1480000  │   32500   │   200   │  1480000  │ 241010000 │ 1671445200000 │ '2022-12-19T10:20:00.000Z' │  0   │ 100  │  0  │    0     │ Infinity │ 470.8 │ 1960.4 │  0  │ 0.1  │  -200  │  -1480000  │  -11100   │   -81590000   │      │          │      │
│   16    │ 7.4 │ 7.4 │ 7.4 │ 7.4 │ 7000  │ 51800000  │   39500   │  7000   │ 51800000  │ 292810000 │ 1671445320000 │ '2022-12-19T10:22:00.000Z' │  0   │ 100  │  0  │    0     │ Infinity │ 470.8 │ 1960.4 │  0  │ 3.6  │ -7000  │ -51800000  │  -18100   │  -133390000   │      │          │      │
│   17    │ 7.4 │ 7.4 │ 7.4 │ 7.4 │  300  │  2220000  │   39800   │   300   │  2220000  │ 295030000 │ 1671446160000 │ '2022-12-19T10:36:00.000Z' │  0   │ 100  │  0  │    0     │ Infinity │ 470.8 │ 1960.4 │  0  │ 0.2  │  -300  │  -2220000  │  -18400   │  -135610000   │      │          │      │
│   18    │ 7.4 │ 7.4 │ 7.4 │ 7.4 │ 1500  │ 11100000  │   41300   │  1500   │ 11100000  │ 306130000 │ 1671446640000 │ '2022-12-19T10:44:00.000Z' │  0   │ 100  │  0  │    0     │ Infinity │ 470.8 │ 1960.4 │  0  │ 0.8  │ -1500  │ -11100000  │  -19900   │  -146710000   │      │          │      │
│   19    │ 7.4 │ 7.4 │ 7.4 │ 7.4 │  200  │  1480000  │   41500   │   200   │  1480000  │ 307610000 │ 1671446880000 │ '2022-12-19T10:48:00.000Z' │  0   │ 100  │  0  │    0     │ Infinity │ 470.8 │ 1960.4 │  0  │ 0.1  │  -200  │  -1480000  │  -20100   │  -148190000   │      │          │      │
│   20    │ 7.4 │ 7.4 │ 7.4 │ 7.4 │  400  │  2960000  │   41900   │   400   │  2960000  │ 310570000 │ 1671447360000 │ '2022-12-19T10:56:00.000Z' │  0   │ 100  │  0  │    0     │ Infinity │ 470.8 │ 1960.4 │  0  │ 0.2  │  -400  │  -2960000  │  -20500   │  -151150000   │      │          │      │
├─────────┼─────┼─────┼─────┼─────┼───────┼───────────┼───────────┼─────────┼───────────┼───────────┼───────────────┼────────────────────────────┼──────┼──────┼─────┼──────────┼──────────┼───────┼────────┼─────┼──────┼────────┼────────────┼───────────┼───────────────┼──────┼──────────┼──────┤
│ (index) │  c  │  h  │  l  │  o  │  sd   │  val_sd   │ total_vol │ sum_vol │    val    │ acum_val  │   datetime    │            date            │ pbu  │ psd  │ puk │    bs    │    sb    │  abu  │  asd   │ auk │ rsd  │ bu-sd  │ bu-sd_val  │ acum_busd │ acum_busd_val │  bu  │  val_bu  │ rbu  │
├─────────┼─────┼─────┼─────┼─────┼───────┼───────────┼───────────┼─────────┼───────────┼───────────┼───────────────┼────────────────────────────┼──────┼──────┼─────┼──────────┼──────────┼───────┼────────┼─────┼──────┼────────┼────────────┼───────────┼───────────────┼──────┼──────────┼──────┤
│   21    │ 7.4 │ 7.4 │ 7.4 │ 7.4 │ 2000  │ 14800000  │   43900   │  2000   │ 14800000  │ 325370000 │ 1671448200000 │ '2022-12-19T11:10:00.000Z' │  0   │ 100  │  0  │    0     │ Infinity │ 470.8 │ 1960.4 │  0  │  1   │ -2000  │ -14800000  │  -22500   │  -165950000   │      │          │      │
│   22    │ 7.4 │ 7.4 │ 7.4 │ 7.4 │  100  │  740000   │   44000   │   100   │  740000   │ 326110000 │ 1671448920000 │ '2022-12-19T11:22:00.000Z' │  0   │ 100  │  0  │    0     │ Infinity │ 470.8 │ 1960.4 │  0  │ 0.1  │  -100  │  -740000   │  -22600   │  -166690000   │      │          │      │
│   23    │ 7.5 │ 7.5 │ 7.5 │ 7.5 │       │           │   45400   │  1400   │ 10500000  │ 336610000 │ 1671449040000 │ '2022-12-19T11:24:00.000Z' │ 100  │  0   │  0  │ Infinity │    0     │ 470.8 │ 1960.4 │  0  │      │  1400  │  10500000  │  -21200   │  -156190000   │ 1400 │ 10500000 │  3   │
│   24    │ 7.5 │ 7.5 │ 7.5 │ 7.5 │       │           │   48300   │  2900   │ 21750000  │ 358360000 │ 1671449160000 │ '2022-12-19T11:26:00.000Z' │ 100  │  0   │  0  │ Infinity │    0     │ 470.8 │ 1960.4 │  0  │      │  2900  │  21750000  │  -18300   │  -134440000   │ 2900 │ 21750000 │ 6.2  │
│   25    │ 7.4 │ 7.5 │ 7.4 │ 7.4 │  500  │  3700000  │   48900   │   600   │  4450000  │ 362810000 │ 1671454800000 │ '2022-12-19T13:00:00.000Z' │ 16.7 │ 83.3 │  0  │   0.2    │    5     │ 470.8 │ 1960.4 │  0  │ 0.3  │  -400  │  -2950000  │  -18700   │  -137390000   │ 100  │  750000  │ 0.2  │
│   26    │ 7.4 │ 7.4 │ 7.4 │ 7.4 │ 2000  │ 14800000  │   50900   │  2000   │ 14800000  │ 377610000 │ 1671454920000 │ '2022-12-19T13:02:00.000Z' │  0   │ 100  │  0  │    0     │ Infinity │ 470.8 │ 1960.4 │  0  │  1   │ -2000  │ -14800000  │  -20700   │  -152190000   │      │          │      │
│   27    │ 7.5 │ 7.5 │ 7.5 │ 7.5 │       │           │   51000   │   100   │  750000   │ 378360000 │ 1671455040000 │ '2022-12-19T13:04:00.000Z' │ 100  │  0   │  0  │ Infinity │    0     │ 470.8 │ 1960.4 │  0  │      │  100   │   750000   │  -20600   │  -151440000   │ 100  │  750000  │ 0.2  │
│   28    │ 7.5 │ 7.5 │ 7.5 │ 7.5 │       │           │   51200   │   200   │  1500000  │ 379860000 │ 1671455160000 │ '2022-12-19T13:06:00.000Z' │ 100  │  0   │  0  │ Infinity │    0     │ 470.8 │ 1960.4 │  0  │      │  200   │  1500000   │  -20400   │  -149940000   │ 200  │ 1500000  │ 0.4  │
│   29    │ 7.4 │ 7.4 │ 7.4 │ 7.4 │  500  │  3700000  │   51700   │   500   │  3700000  │ 383560000 │ 1671455640000 │ '2022-12-19T13:14:00.000Z' │  0   │ 100  │  0  │    0     │ Infinity │ 470.8 │ 1960.4 │  0  │ 0.3  │  -500  │  -3700000  │  -20900   │  -153640000   │      │          │      │
│   30    │ 7.4 │ 7.4 │ 7.4 │ 7.4 │  600  │  4440000  │   52300   │   600   │  4440000  │ 388000000 │ 1671455760000 │ '2022-12-19T13:16:00.000Z' │  0   │ 100  │  0  │    0     │ Infinity │ 470.8 │ 1960.4 │  0  │ 0.3  │  -600  │  -4440000  │  -21500   │  -158080000   │      │          │      │
│   31    │ 7.4 │ 7.4 │ 7.4 │ 7.4 │ 4000  │ 29600000  │   56300   │  4000   │ 29600000  │ 417600000 │ 1671455880000 │ '2022-12-19T13:18:00.000Z' │  0   │ 100  │  0  │    0     │ Infinity │ 470.8 │ 1960.4 │  0  │  2   │ -4000  │ -29600000  │  -25500   │  -187680000   │      │          │      │
│   32    │ 7.4 │ 7.4 │ 7.4 │ 7.4 │       │           │   56800   │   500   │  3700000  │ 421300000 │ 1671456120000 │ '2022-12-19T13:22:00.000Z' │ 100  │  0   │  0  │ Infinity │    0     │ 470.8 │ 1960.4 │  0  │      │  500   │  3700000   │  -25000   │  -183980000   │ 500  │ 3700000  │ 1.1  │
│   33    │ 7.4 │ 7.4 │ 7.4 │ 7.4 │       │           │   57800   │  1000   │  7400000  │ 428700000 │ 1671456240000 │ '2022-12-19T13:24:00.000Z' │ 100  │  0   │  0  │ Infinity │    0     │ 470.8 │ 1960.4 │  0  │      │  1000  │  7400000   │  -24000   │  -176580000   │ 1000 │ 7400000  │ 2.1  │
│   34    │ 7.4 │ 7.4 │ 7.4 │ 7.4 │       │           │   59600   │  1800   │ 13320000  │ 442020000 │ 1671456360000 │ '2022-12-19T13:26:00.000Z' │ 100  │  0   │  0  │ Infinity │    0     │ 470.8 │ 1960.4 │  0  │      │  1800  │  13320000  │  -22200   │  -163260000   │ 1800 │ 13320000 │ 3.8  │
│   35    │ 7.4 │ 7.4 │ 7.4 │ 7.4 │  700  │  5180000  │   60300   │   700   │  5180000  │ 447200000 │ 1671456600000 │ '2022-12-19T13:30:00.000Z' │  0   │ 100  │  0  │    0     │ Infinity │ 470.8 │ 1960.4 │  0  │ 0.4  │  -700  │  -5180000  │  -22900   │  -168440000   │      │          │      │
│   36    │ 7.4 │ 7.4 │ 7.4 │ 7.4 │       │           │   60400   │   100   │  740000   │ 447940000 │ 1671456720000 │ '2022-12-19T13:32:00.000Z' │ 100  │  0   │  0  │ Infinity │    0     │ 470.8 │ 1960.4 │  0  │      │  100   │   740000   │  -22800   │  -167700000   │ 100  │  740000  │ 0.2  │
│   37    │ 7.4 │ 7.4 │ 7.4 │ 7.4 │       │           │   60500   │   100   │  740000   │ 448680000 │ 1671456960000 │ '2022-12-19T13:36:00.000Z' │ 100  │  0   │  0  │ Infinity │    0     │ 470.8 │ 1960.4 │  0  │      │  100   │   740000   │  -22700   │  -166960000   │ 100  │  740000  │ 0.2  │
│   38    │ 7.4 │ 7.4 │ 7.4 │ 7.4 │       │           │   60700   │   200   │  1480000  │ 450160000 │ 1671457080000 │ '2022-12-19T13:38:00.000Z' │ 100  │  0   │  0  │ Infinity │    0     │ 470.8 │ 1960.4 │  0  │      │  200   │  1480000   │  -22500   │  -165480000   │ 200  │ 1480000  │ 0.4  │
│   39    │ 7.4 │ 7.4 │ 7.4 │ 7.4 │       │           │   61400   │   700   │  5180000  │ 455340000 │ 1671457320000 │ '2022-12-19T13:42:00.000Z' │ 100  │  0   │  0  │ Infinity │    0     │ 470.8 │ 1960.4 │  0  │      │  700   │  5180000   │  -21800   │  -160300000   │ 700  │ 5180000  │ 1.5  │
│   40    │ 7.3 │ 7.3 │ 7.3 │ 7.3 │ 1000  │  7300000  │   62400   │  1000   │  7300000  │ 462640000 │ 1671457680000 │ '2022-12-19T13:48:00.000Z' │  0   │ 100  │  0  │    0     │ Infinity │ 470.8 │ 1960.4 │  0  │ 0.5  │ -1000  │  -7300000  │  -22800   │  -167600000   │      │          │      │
├─────────┼─────┼─────┼─────┼─────┼───────┼───────────┼───────────┼─────────┼───────────┼───────────┼───────────────┼────────────────────────────┼──────┼──────┼─────┼──────────┼──────────┼───────┼────────┼─────┼──────┼────────┼────────────┼───────────┼───────────────┼──────┼──────────┼──────┤
│ (index) │  c  │  h  │  l  │  o  │  sd   │  val_sd   │ total_vol │ sum_vol │    val    │ acum_val  │   datetime    │            date            │ pbu  │ psd  │ puk │    bs    │    sb    │  abu  │  asd   │ auk │ rsd  │ bu-sd  │ bu-sd_val  │ acum_busd │ acum_busd_val │  bu  │  val_bu  │ rbu  │
├─────────┼─────┼─────┼─────┼─────┼───────┼───────────┼───────────┼─────────┼───────────┼───────────┼───────────────┼────────────────────────────┼──────┼──────┼─────┼──────────┼──────────┼───────┼────────┼─────┼──────┼────────┼────────────┼───────────┼───────────────┼──────┼──────────┼──────┤
│   41    │ 7.4 │ 7.4 │ 7.4 │ 7.4 │       │           │   62600   │   200   │  1480000  │ 464120000 │ 1671458760000 │ '2022-12-19T14:06:00.000Z' │ 100  │  0   │  0  │ Infinity │    0     │ 470.8 │ 1960.4 │  0  │      │  200   │  1480000   │  -22600   │  -166120000   │ 200  │ 1480000  │ 0.4  │
│   42    │ 7.3 │ 7.3 │ 7.3 │ 7.3 │ 20000 │ 146000000 │   82600   │  20000  │ 146000000 │ 610120000 │ 1671459840000 │ '2022-12-19T14:24:00.000Z' │  0   │ 100  │  0  │    0     │ Infinity │ 470.8 │ 1960.4 │  0  │ 10.2 │ -20000 │ -146000000 │  -42600   │  -312120000   │      │          │      │
│   43    │ 7.3 │ 7.3 │ 7.3 │ 7.3 │ 6400  │ 46720000  │   89000   │  6400   │ 46720000  │ 656840000 │ 1671459960000 │ '2022-12-19T14:26:00.000Z' │  0   │ 100  │  0  │    0     │ Infinity │ 470.8 │ 1960.4 │  0  │ 3.3  │ -6400  │ -46720000  │  -49000   │  -358840000   │      │          │      │
│   44    │ 7.3 │ 7.3 │ 7.3 │ 7.3 │  100  │  730000   │   89100   │   100   │  730000   │ 657570000 │ 1671460080000 │ '2022-12-19T14:28:00.000Z' │  0   │ 100  │  0  │    0     │ Infinity │ 470.8 │ 1960.4 │  0  │ 0.1  │  -100  │  -730000   │  -49100   │  -359570000   │      │          │      │
│   45    │ 7.3 │ 7.3 │ 7.3 │ 7.3 │ 20000 │ 146000000 │  111600   │  22500  │ 164250000 │ 821820000 │ 1671461520000 │ '2022-12-19T14:52:00.000Z' │ 11.1 │ 88.9 │  0  │   0.1    │    8     │ 470.8 │ 1960.4 │  0  │ 10.2 │ -17500 │ -127750000 │  -66600   │  -487320000   │ 2500 │ 18250000 │ 5.3  │
│   46    │ 7.3 │ 7.3 │ 7.3 │ 7.3 │ 5000  │ 36500000  │  116600   │  5000   │ 36500000  │ 858320000 │ 1671461640000 │ '2022-12-19T14:54:00.000Z' │  0   │ 100  │  0  │    0     │ Infinity │ 470.8 │ 1960.4 │  0  │ 2.6  │ -5000  │ -36500000  │  -71600   │  -523820000   │      │          │      │
│   47    │ 7.4 │ 7.4 │ 7.4 │ 7.4 │       │           │  116700   │   100   │  740000   │ 859060000 │ 1671461880000 │ '2022-12-19T14:58:00.000Z' │ 100  │  0   │  0  │ Infinity │    0     │ 470.8 │ 1960.4 │  0  │      │  100   │   740000   │  -71500   │  -523080000   │ 100  │  740000  │ 0.2  │
└─────────┴─────┴─────┴─────┴─────┴───────┴───────────┴───────────┴─────────┴───────────┴───────────┴───────────────┴────────────────────────────┴──────┴──────┴─────┴──────────┴──────────┴───────┴────────┴─────┴──────┴────────┴────────────┴───────────┴───────────────┴──────┴──────────┴──────┘

