┌─────────┬─────┬─────┬─────┬─────┬───────┬──────────┬───────────┬─────────┬──────────┬───────────┬───────────────┬────────────────────────────┬──────┬──────┬─────┬──────────┬──────────┬────────┬───────┬─────┬──────┬────────┬───────────┬───────────┬───────────────┬───────┬──────────┬──────┐
│ (index) │  c  │  h  │  l  │  o  │  bu   │  val_bu  │ total_vol │ sum_vol │   val    │ acum_val  │   datetime    │            date            │ pbu  │ psd  │ puk │    bs    │    sb    │  abu   │  asd  │ auk │ rbu  │ bu-sd  │ bu-sd_val │ acum_busd │ acum_busd_val │  sd   │  val_sd  │ rsd  │
├─────────┼─────┼─────┼─────┼─────┼───────┼──────────┼───────────┼─────────┼──────────┼───────────┼───────────────┼────────────────────────────┼──────┼──────┼─────┼──────────┼──────────┼────────┼───────┼─────┼──────┼────────┼───────────┼───────────┼───────────────┼───────┼──────────┼──────┤
│    0    │ 2.4 │ 2.4 │ 2.4 │ 2.4 │ 1200  │ 2880000  │   1200    │  1200   │ 2880000  │  2880000  │ 1671443160000 │ '2022-12-19T09:46:00.000Z' │ 100  │  0   │  0  │ Infinity │    0     │ 1967.7 │ 706.5 │  0  │ 0.6  │  1200  │  2880000  │   1200    │    2880000    │       │          │      │
│    1    │ 2.4 │ 2.4 │ 2.4 │ 2.4 │  200  │  480000  │   1400    │   200   │  480000  │  3360000  │ 1671443280000 │ '2022-12-19T09:48:00.000Z' │ 100  │  0   │  0  │ Infinity │    0     │ 1967.7 │ 706.5 │  0  │ 0.1  │  200   │  480000   │   1400    │    3360000    │       │          │      │
│    2    │ 2.4 │ 2.4 │ 2.4 │ 2.4 │  100  │  240000  │   1500    │   100   │  240000  │  3600000  │ 1671443400000 │ '2022-12-19T09:50:00.000Z' │ 100  │  0   │  0  │ Infinity │    0     │ 1967.7 │ 706.5 │  0  │ 0.1  │  100   │  240000   │   1500    │    3600000    │       │          │      │
│    3    │ 2.4 │ 2.4 │ 2.4 │ 2.4 │  100  │  240000  │   1600    │   100   │  240000  │  3840000  │ 1671444120000 │ '2022-12-19T10:02:00.000Z' │ 100  │  0   │  0  │ Infinity │    0     │ 1967.7 │ 706.5 │  0  │ 0.1  │  100   │  240000   │   1600    │    3840000    │       │          │      │
│    4    │ 2.4 │ 2.4 │ 2.4 │ 2.4 │ 3000  │ 7200000  │   4600    │  3000   │ 7200000  │ 11040000  │ 1671444840000 │ '2022-12-19T10:14:00.000Z' │ 100  │  0   │  0  │ Infinity │    0     │ 1967.7 │ 706.5 │  0  │ 1.5  │  3000  │  7200000  │   4600    │   11040000    │       │          │      │
│    5    │ 2.4 │ 2.4 │ 2.4 │ 2.4 │  500  │ 1200000  │   5100    │   500   │ 1200000  │ 12240000  │ 1671445320000 │ '2022-12-19T10:22:00.000Z' │ 100  │  0   │  0  │ Infinity │    0     │ 1967.7 │ 706.5 │  0  │ 0.3  │  500   │  1200000  │   5100    │   12240000    │       │          │      │
│    6    │ 2.4 │ 2.4 │ 2.4 │ 2.4 │ 1000  │ 2400000  │   6100    │  1000   │ 2400000  │ 14640000  │ 1671445440000 │ '2022-12-19T10:24:00.000Z' │ 100  │  0   │  0  │ Infinity │    0     │ 1967.7 │ 706.5 │  0  │ 0.5  │  1000  │  2400000  │   6100    │   14640000    │       │          │      │
│    7    │ 2.4 │ 2.4 │ 2.4 │ 2.4 │  400  │  960000  │   6500    │   400   │  960000  │ 15600000  │ 1671448080000 │ '2022-12-19T11:08:00.000Z' │ 100  │  0   │  0  │ Infinity │    0     │ 1967.7 │ 706.5 │  0  │ 0.2  │  400   │  960000   │   6500    │   15600000    │       │          │      │
│    8    │ 2.4 │ 2.4 │ 2.4 │ 2.4 │  100  │  240000  │   6600    │   100   │  240000  │ 15840000  │ 1671448200000 │ '2022-12-19T11:10:00.000Z' │ 100  │  0   │  0  │ Infinity │    0     │ 1967.7 │ 706.5 │  0  │ 0.1  │  100   │  240000   │   6600    │   15840000    │       │          │      │
│    9    │ 2.4 │ 2.4 │ 2.4 │ 2.4 │ 1000  │ 2400000  │   7600    │  1000   │ 2400000  │ 18240000  │ 1671454800000 │ '2022-12-19T13:00:00.000Z' │ 100  │  0   │  0  │ Infinity │    0     │ 1967.7 │ 706.5 │  0  │ 0.5  │  1000  │  2400000  │   7600    │   18240000    │       │          │      │
│   10    │ 2.4 │ 2.4 │ 2.4 │ 2.4 │       │          │   8000    │   400   │  960000  │ 19200000  │ 1671455760000 │ '2022-12-19T13:16:00.000Z' │  0   │ 100  │  0  │    0     │ Infinity │ 1967.7 │ 706.5 │  0  │      │  -400  │  -960000  │   7200    │   17280000    │  400  │  960000  │ 0.6  │
│   11    │ 2.5 │ 2.5 │ 2.5 │ 2.5 │  100  │  250000  │   8100    │   100   │  250000  │ 19450000  │ 1671455880000 │ '2022-12-19T13:18:00.000Z' │ 100  │  0   │  0  │ Infinity │    0     │ 1967.7 │ 706.5 │  0  │ 0.1  │  100   │  250000   │   7300    │   17530000    │       │          │      │
│   12    │ 2.5 │ 2.5 │ 2.5 │ 2.5 │ 13000 │ 32500000 │   21100   │  13000  │ 32500000 │ 51950000  │ 1671456480000 │ '2022-12-19T13:28:00.000Z' │ 100  │  0   │  0  │ Infinity │    0     │ 1967.7 │ 706.5 │  0  │ 6.6  │ 13000  │ 32500000  │   20300   │   50030000    │       │          │      │
│   13    │ 2.6 │ 2.6 │ 2.5 │ 2.5 │  100  │  260000  │   21700   │   600   │ 1510000  │ 53460000  │ 1671456600000 │ '2022-12-19T13:30:00.000Z' │ 16.7 │ 83.3 │  0  │   0.2    │    5     │ 1967.7 │ 706.5 │  0  │ 0.1  │  -400  │  -990000  │   19900   │   49040000    │  500  │ 1250000  │ 0.7  │
│   14    │ 2.5 │ 2.5 │ 2.5 │ 2.5 │       │          │   22000   │   300   │  750000  │ 54210000  │ 1671456720000 │ '2022-12-19T13:32:00.000Z' │  0   │ 100  │  0  │    0     │ Infinity │ 1967.7 │ 706.5 │  0  │      │  -300  │  -750000  │   19600   │   48290000    │  300  │  750000  │ 0.4  │
│   15    │ 2.6 │ 2.6 │ 2.6 │ 2.6 │ 35600 │ 92560000 │   57600   │  35600  │ 92560000 │ 146770000 │ 1671457560000 │ '2022-12-19T13:46:00.000Z' │ 100  │  0   │  0  │ Infinity │    0     │ 1967.7 │ 706.5 │  0  │ 18.1 │ 35600  │ 92560000  │   55200   │   140850000   │       │          │      │
│   16    │ 2.6 │ 2.6 │ 2.6 │ 2.6 │ 1600  │ 4160000  │   59600   │  2000   │ 5200000  │ 151970000 │ 1671457680000 │ '2022-12-19T13:48:00.000Z' │  80  │  20  │  0  │    4     │   0.3    │ 1967.7 │ 706.5 │  0  │ 0.8  │  1200  │  3120000  │   56400   │   143970000   │  400  │ 1040000  │ 0.6  │
│   17    │ 2.6 │ 2.6 │ 2.6 │ 2.6 │       │          │   60500   │   900   │ 2340000  │ 154310000 │ 1671457800000 │ '2022-12-19T13:50:00.000Z' │  0   │ 100  │  0  │    0     │ Infinity │ 1967.7 │ 706.5 │  0  │      │  -900  │ -2340000  │   55500   │   141630000   │  900  │ 2340000  │ 1.3  │
│   18    │ 2.6 │ 2.6 │ 2.6 │ 2.6 │       │          │   60800   │   300   │  780000  │ 155090000 │ 1671457920000 │ '2022-12-19T13:52:00.000Z' │  0   │ 100  │  0  │    0     │ Infinity │ 1967.7 │ 706.5 │  0  │      │  -300  │  -780000  │   55200   │   140850000   │  300  │  780000  │ 0.4  │
│   19    │ 2.6 │ 2.6 │ 2.6 │ 2.6 │       │          │   62100   │  1300   │ 3380000  │ 158470000 │ 1671458040000 │ '2022-12-19T13:54:00.000Z' │  0   │ 100  │  0  │    0     │ Infinity │ 1967.7 │ 706.5 │  0  │      │ -1300  │ -3380000  │   53900   │   137470000   │ 1300  │ 3380000  │ 1.8  │
│   20    │ 2.6 │ 2.6 │ 2.6 │ 2.6 │       │          │   65300   │  3200   │ 8320000  │ 166790000 │ 1671458160000 │ '2022-12-19T13:56:00.000Z' │  0   │ 100  │  0  │    0     │ Infinity │ 1967.7 │ 706.5 │  0  │      │ -3200  │ -8320000  │   50700   │   129150000   │ 3200  │ 8320000  │ 4.5  │
├─────────┼─────┼─────┼─────┼─────┼───────┼──────────┼───────────┼─────────┼──────────┼───────────┼───────────────┼────────────────────────────┼──────┼──────┼─────┼──────────┼──────────┼────────┼───────┼─────┼──────┼────────┼───────────┼───────────┼───────────────┼───────┼──────────┼──────┤
│ (index) │  c  │  h  │  l  │  o  │  bu   │  val_bu  │ total_vol │ sum_vol │   val    │ acum_val  │   datetime    │            date            │ pbu  │ psd  │ puk │    bs    │    sb    │  abu   │  asd  │ auk │ rbu  │ bu-sd  │ bu-sd_val │ acum_busd │ acum_busd_val │  sd   │  val_sd  │ rsd  │
├─────────┼─────┼─────┼─────┼─────┼───────┼──────────┼───────────┼─────────┼──────────┼───────────┼───────────────┼────────────────────────────┼──────┼──────┼─────┼──────────┼──────────┼────────┼───────┼─────┼──────┼────────┼───────────┼───────────┼───────────────┼───────┼──────────┼──────┤
│   21    │ 2.6 │ 2.6 │ 2.6 │ 2.6 │       │          │   65600   │   300   │  780000  │ 167570000 │ 1671458280000 │ '2022-12-19T13:58:00.000Z' │  0   │ 100  │  0  │    0     │ Infinity │ 1967.7 │ 706.5 │  0  │      │  -300  │  -780000  │   50400   │   128370000   │  300  │  780000  │ 0.4  │
│   22    │ 2.6 │ 2.6 │ 2.6 │ 2.6 │       │          │   65800   │   200   │  520000  │ 168090000 │ 1671458880000 │ '2022-12-19T14:08:00.000Z' │  0   │ 100  │  0  │    0     │ Infinity │ 1967.7 │ 706.5 │  0  │      │  -200  │  -520000  │   50200   │   127850000   │  200  │  520000  │ 0.3  │
│   23    │ 2.6 │ 2.6 │ 2.6 │ 2.6 │       │          │   66300   │   500   │ 1300000  │ 169390000 │ 1671459000000 │ '2022-12-19T14:10:00.000Z' │  0   │ 100  │  0  │    0     │ Infinity │ 1967.7 │ 706.5 │  0  │      │  -500  │ -1300000  │   49700   │   126550000   │  500  │ 1300000  │ 0.7  │
│   24    │ 2.6 │ 2.6 │ 2.6 │ 2.6 │       │          │   76800   │  10500  │ 27300000 │ 196690000 │ 1671459120000 │ '2022-12-19T14:12:00.000Z' │  0   │ 100  │  0  │    0     │ Infinity │ 1967.7 │ 706.5 │  0  │      │ -10500 │ -27300000 │   39200   │   99250000    │ 10500 │ 27300000 │ 14.9 │
│   25    │ 2.6 │ 2.6 │ 2.6 │ 2.6 │       │          │   77800   │  1000   │ 2600000  │ 199290000 │ 1671459240000 │ '2022-12-19T14:14:00.000Z' │  0   │ 100  │  0  │    0     │ Infinity │ 1967.7 │ 706.5 │  0  │      │ -1000  │ -2600000  │   38200   │   96650000    │ 1000  │ 2600000  │ 1.4  │
│   26    │ 2.6 │ 2.6 │ 2.6 │ 2.6 │       │          │   78100   │   300   │  780000  │ 200070000 │ 1671459600000 │ '2022-12-19T14:20:00.000Z' │  0   │ 100  │  0  │    0     │ Infinity │ 1967.7 │ 706.5 │  0  │      │  -300  │  -780000  │   37900   │   95870000    │  300  │  780000  │ 0.4  │
│   27    │ 2.6 │ 2.6 │ 2.6 │ 2.6 │ 2000  │ 5200000  │   80100   │  2000   │ 5200000  │ 205270000 │ 1671460200000 │ '2022-12-19T14:30:00.000Z' │ 100  │  0   │  0  │ Infinity │    0     │ 1967.7 │ 706.5 │  0  │  1   │  2000  │  5200000  │   39900   │   101070000   │       │          │      │
│   28    │ 2.6 │ 2.6 │ 2.6 │ 2.6 │       │          │   81600   │  1500   │ 3900000  │ 209170000 │ 1671460320000 │ '2022-12-19T14:32:00.000Z' │  0   │ 100  │  0  │    0     │ Infinity │ 1967.7 │ 706.5 │  0  │      │ -1500  │ -3900000  │   38400   │   97170000    │ 1500  │ 3900000  │ 2.1  │
│   29    │ 2.6 │ 2.6 │ 2.6 │ 2.6 │       │          │   81900   │   300   │  780000  │ 209950000 │ 1671460680000 │ '2022-12-19T14:38:00.000Z' │  0   │ 100  │  0  │    0     │ Infinity │ 1967.7 │ 706.5 │  0  │      │  -300  │  -780000  │   38100   │   96390000    │  300  │  780000  │ 0.4  │
│   30    │ 2.6 │ 2.6 │ 2.6 │ 2.6 │ 1000  │ 2600000  │   82900   │  1000   │ 2600000  │ 212550000 │ 1671461520000 │ '2022-12-19T14:52:00.000Z' │ 100  │  0   │  0  │ Infinity │    0     │ 1967.7 │ 706.5 │  0  │ 0.5  │  1000  │  2600000  │   39100   │   98990000    │       │          │      │
└─────────┴─────┴─────┴─────┴─────┴───────┴──────────┴───────────┴─────────┴──────────┴───────────┴───────────────┴────────────────────────────┴──────┴──────┴─────┴──────────┴──────────┴────────┴───────┴─────┴──────┴────────┴───────────┴───────────┴───────────────┴───────┴──────────┴──────┘

