┌─────────┬───────┬───────┬───────┬───────┬──────┬──────────┬───────────┬─────────┬──────────┬───────────┬───────────────┬────────────────────────────┬──────┬──────┬─────┬──────────┬──────────┬───────┬───────┬─────┬─────┬───────┬───────────┬───────────┬───────────────┬──────┬──────────┬─────┐
│ (index) │   c   │   h   │   l   │   o   │  sd  │  val_sd  │ total_vol │ sum_vol │   val    │ acum_val  │   datetime    │            date            │ pbu  │ psd  │ puk │    bs    │    sb    │  abu  │  asd  │ auk │ rsd │ bu-sd │ bu-sd_val │ acum_busd │ acum_busd_val │  bu  │  val_bu  │ rbu │
├─────────┼───────┼───────┼───────┼───────┼──────┼──────────┼───────────┼─────────┼──────────┼───────────┼───────────────┼────────────────────────────┼──────┼──────┼─────┼──────────┼──────────┼───────┼───────┼─────┼─────┼───────┼───────────┼───────────┼───────────────┼──────┼──────────┼─────┤
│    0    │  11   │  11   │  11   │  11   │ 100  │ 1100000  │    100    │   100   │ 1100000  │  1100000  │ 1671441600000 │ '2022-12-19T09:20:00.000Z' │  0   │ 100  │  0  │    0     │ Infinity │ 589.7 │ 793.1 │  0  │ 0.1 │ -100  │ -1100000  │   -100    │   -1100000    │      │          │     │
│    1    │  11   │  11   │  11   │  11   │      │          │   1000    │   900   │ 9900000  │ 11000000  │ 1671443400000 │ '2022-12-19T09:50:00.000Z' │ 100  │  0   │  0  │ Infinity │    0     │ 589.7 │ 793.1 │  0  │     │  900  │  9900000  │    800    │    8800000    │ 900  │ 9900000  │ 1.5 │
│    2    │ 10.8  │ 10.8  │ 10.8  │ 10.8  │ 100  │ 1080000  │   1500    │   500   │ 5400000  │ 16400000  │ 1671443700000 │ '2022-12-19T09:55:00.000Z' │  80  │  20  │  0  │    4     │   0.3    │ 589.7 │ 793.1 │  0  │ 0.1 │  300  │  3240000  │   1100    │   12040000    │ 400  │ 4320000  │ 0.7 │
│    3    │ 10.8  │ 10.8  │ 10.8  │ 10.8  │      │          │   2700    │  1200   │ 12960000 │ 29360000  │ 1671444000000 │ '2022-12-19T10:00:00.000Z' │ 100  │  0   │  0  │ Infinity │    0     │ 589.7 │ 793.1 │  0  │     │ 1200  │ 12960000  │   2300    │   25000000    │ 1200 │ 12960000 │  2  │
│    4    │ 10.8  │ 10.8  │ 10.8  │ 10.8  │ 1200 │ 12960000 │   3900    │  1200   │ 12960000 │ 42320000  │ 1671444300000 │ '2022-12-19T10:05:00.000Z' │  0   │ 100  │  0  │    0     │ Infinity │ 589.7 │ 793.1 │  0  │ 1.5 │ -1200 │ -12960000 │   1100    │   12040000    │      │          │     │
│    5    │ 10.7  │ 10.75 │ 10.7  │ 10.75 │ 1100 │ 11775000 │   5000    │  1100   │ 11775000 │ 54095000  │ 1671444600000 │ '2022-12-19T10:10:00.000Z' │  0   │ 100  │  0  │    0     │ Infinity │ 589.7 │ 793.1 │  0  │ 1.4 │ -1100 │ -11775000 │     0     │    265000     │      │          │     │
│    6    │ 10.7  │ 10.7  │ 10.7  │ 10.7  │ 1200 │ 12840000 │   8400    │  3400   │ 36380000 │ 90475000  │ 1671444900000 │ '2022-12-19T10:15:00.000Z' │ 64.7 │ 35.3 │  0  │   1.8    │   0.5    │ 589.7 │ 793.1 │  0  │ 1.5 │ 1000  │ 10700000  │   1000    │   10965000    │ 2200 │ 23540000 │ 3.7 │
│    7    │ 10.75 │ 10.75 │ 10.75 │ 10.75 │ 1000 │ 10750000 │   9400    │  1000   │ 10750000 │ 101225000 │ 1671445200000 │ '2022-12-19T10:20:00.000Z' │  0   │ 100  │  0  │    0     │ Infinity │ 589.7 │ 793.1 │  0  │ 1.3 │ -1000 │ -10750000 │     0     │    215000     │      │          │     │
│    8    │ 10.8  │ 10.8  │ 10.75 │ 10.75 │ 2000 │ 21500000 │   12400   │  3000   │ 32300000 │ 133525000 │ 1671445500000 │ '2022-12-19T10:25:00.000Z' │ 33.3 │ 66.7 │  0  │   0.5    │    2     │ 589.7 │ 793.1 │  0  │ 2.5 │ -1000 │ -10700000 │   -1000   │   -10485000   │ 1000 │ 10800000 │ 1.7 │
│    9    │ 10.9  │ 10.9  │ 10.75 │ 10.8  │ 1100 │ 11845000 │   15900   │  3500   │ 37965000 │ 171490000 │ 1671445800000 │ '2022-12-19T10:30:00.000Z' │ 68.6 │ 31.4 │  0  │   2.2    │   0.5    │ 589.7 │ 793.1 │  0  │ 1.4 │ 1300  │ 14275000  │    300    │    3790000    │ 2400 │ 26120000 │ 4.1 │
│   10    │ 10.9  │ 10.9  │ 10.9  │ 10.9  │      │          │   17200   │  1300   │ 14170000 │ 185660000 │ 1671446100000 │ '2022-12-19T10:35:00.000Z' │ 100  │  0   │  0  │ Infinity │    0     │ 589.7 │ 793.1 │  0  │     │ 1300  │ 14170000  │   1600    │   17960000    │ 1300 │ 14170000 │ 2.2 │
│   11    │ 10.9  │ 10.9  │ 10.9  │ 10.9  │ 700  │ 7630000  │   17900   │   700   │ 7630000  │ 193290000 │ 1671447300000 │ '2022-12-19T10:55:00.000Z' │  0   │ 100  │  0  │    0     │ Infinity │ 589.7 │ 793.1 │  0  │ 0.9 │ -700  │ -7630000  │    900    │   10330000    │      │          │     │
│   12    │  11   │  11   │  11   │  11   │      │          │   18000   │   100   │ 1100000  │ 194390000 │ 1671447900000 │ '2022-12-19T11:05:00.000Z' │ 100  │  0   │  0  │ Infinity │    0     │ 589.7 │ 793.1 │  0  │     │  100  │  1100000  │   1000    │   11430000    │ 100  │ 1100000  │ 0.2 │
│   13    │  11   │  11   │  11   │  11   │      │          │   18300   │   300   │ 3300000  │ 197690000 │ 1671448500000 │ '2022-12-19T11:15:00.000Z' │ 100  │  0   │  0  │ Infinity │    0     │ 589.7 │ 793.1 │  0  │     │  300  │  3300000  │   1300    │   14730000    │ 300  │ 3300000  │ 0.5 │
│   14    │  11   │  11   │  11   │  11   │      │          │   19100   │   800   │ 8800000  │ 206490000 │ 1671448800000 │ '2022-12-19T11:20:00.000Z' │ 100  │  0   │  0  │ Infinity │    0     │ 589.7 │ 793.1 │  0  │     │  800  │  8800000  │   2100    │   23530000    │ 800  │ 8800000  │ 1.4 │
│   15    │ 11.2  │ 11.2  │ 11.1  │ 11.1  │ 300  │ 3360000  │   22400   │  3300   │ 36790000 │ 243280000 │ 1671449100000 │ '2022-12-19T11:25:00.000Z' │ 90.9 │ 9.1  │  0  │    10    │   0.1    │ 589.7 │ 793.1 │  0  │ 0.4 │ 2700  │ 30070000  │   4800    │   53600000    │ 3000 │ 33430000 │ 5.1 │
│   16    │ 11.2  │ 11.25 │  11   │ 11.2  │ 1400 │ 15600000 │   25100   │  2700   │ 30195000 │ 273475000 │ 1671454800000 │ '2022-12-19T13:00:00.000Z' │ 48.1 │ 51.9 │  0  │   0.9    │   1.1    │ 589.7 │ 793.1 │  0  │ 1.8 │ -100  │ -1005000  │   4700    │   52595000    │ 1300 │ 14595000 │ 2.2 │
│   17    │ 11.15 │ 11.15 │ 11.15 │ 11.15 │      │          │   25300   │   200   │ 2230000  │ 275705000 │ 1671455100000 │ '2022-12-19T13:05:00.000Z' │ 100  │  0   │  0  │ Infinity │    0     │ 589.7 │ 793.1 │  0  │     │  200  │  2230000  │   4900    │   54825000    │ 200  │ 2230000  │ 0.3 │
│   18    │  11   │  11   │  11   │  11   │ 1300 │ 14300000 │   26600   │  1300   │ 14300000 │ 290005000 │ 1671456000000 │ '2022-12-19T13:20:00.000Z' │  0   │ 100  │  0  │    0     │ Infinity │ 589.7 │ 793.1 │  0  │ 1.6 │ -1300 │ -14300000 │   3600    │   40525000    │      │          │     │
│   19    │  11   │  11   │ 10.95 │  11   │ 100  │ 1095000  │   26900   │   300   │ 3295000  │ 293300000 │ 1671457500000 │ '2022-12-19T13:45:00.000Z' │ 66.7 │ 33.3 │  0  │    2     │   0.5    │ 589.7 │ 793.1 │  0  │ 0.1 │  100  │  1105000  │   3700    │   41630000    │ 200  │ 2200000  │ 0.3 │
│   20    │ 10.95 │ 10.95 │ 10.95 │ 10.95 │ 100  │ 1095000  │   27000   │   100   │ 1095000  │ 294395000 │ 1671457800000 │ '2022-12-19T13:50:00.000Z' │  0   │ 100  │  0  │    0     │ Infinity │ 589.7 │ 793.1 │  0  │ 0.1 │ -100  │ -1095000  │   3600    │   40535000    │      │          │     │
├─────────┼───────┼───────┼───────┼───────┼──────┼──────────┼───────────┼─────────┼──────────┼───────────┼───────────────┼────────────────────────────┼──────┼──────┼─────┼──────────┼──────────┼───────┼───────┼─────┼─────┼───────┼───────────┼───────────┼───────────────┼──────┼──────────┼─────┤
│ (index) │   c   │   h   │   l   │   o   │  sd  │  val_sd  │ total_vol │ sum_vol │   val    │ acum_val  │   datetime    │            date            │ pbu  │ psd  │ puk │    bs    │    sb    │  abu  │  asd  │ auk │ rsd │ bu-sd │ bu-sd_val │ acum_busd │ acum_busd_val │  bu  │  val_bu  │ rbu │
├─────────┼───────┼───────┼───────┼───────┼──────┼──────────┼───────────┼─────────┼──────────┼───────────┼───────────────┼────────────────────────────┼──────┼──────┼─────┼──────────┼──────────┼───────┼───────┼─────┼─────┼───────┼───────────┼───────────┼───────────────┼──────┼──────────┼─────┤
│   21    │ 10.9  │ 10.9  │ 10.9  │ 10.9  │ 200  │ 2180000  │   27200   │   200   │ 2180000  │ 296575000 │ 1671458100000 │ '2022-12-19T13:55:00.000Z' │  0   │ 100  │  0  │    0     │ Infinity │ 589.7 │ 793.1 │  0  │ 0.3 │ -200  │ -2180000  │   3400    │   38355000    │      │          │     │
│   22    │ 10.9  │ 10.9  │ 10.9  │ 10.9  │      │          │   27500   │   300   │ 3270000  │ 299845000 │ 1671458400000 │ '2022-12-19T14:00:00.000Z' │ 100  │  0   │  0  │ Infinity │    0     │ 589.7 │ 793.1 │  0  │     │  300  │  3270000  │   3700    │   41625000    │ 300  │ 3270000  │ 0.5 │
│   23    │ 10.9  │ 10.9  │ 10.9  │ 10.9  │      │          │   27700   │   200   │ 2180000  │ 302025000 │ 1671458700000 │ '2022-12-19T14:05:00.000Z' │ 100  │  0   │  0  │ Infinity │    0     │ 589.7 │ 793.1 │  0  │     │  200  │  2180000  │   3900    │   43805000    │ 200  │ 2180000  │ 0.3 │
│   24    │ 10.9  │ 10.9  │ 10.8  │ 10.8  │ 1500 │ 16200000 │   30200   │  2500   │ 27100000 │ 329125000 │ 1671459000000 │ '2022-12-19T14:10:00.000Z' │  40  │  60  │  0  │   0.7    │   1.5    │ 589.7 │ 793.1 │  0  │ 1.9 │ -500  │ -5300000  │   3400    │   38505000    │ 1000 │ 10900000 │ 1.7 │
│   25    │ 10.9  │ 10.9  │ 10.9  │ 10.9  │ 600  │ 6540000  │   31100   │   900   │ 9810000  │ 338935000 │ 1671459300000 │ '2022-12-19T14:15:00.000Z' │ 33.3 │ 66.7 │  0  │   0.5    │    2     │ 589.7 │ 793.1 │  0  │ 0.8 │ -300  │ -3270000  │   3100    │   35235000    │ 300  │ 3270000  │ 0.5 │
│   26    │ 10.9  │ 10.9  │ 10.9  │ 10.9  │ 200  │ 2180000  │   31300   │   200   │ 2180000  │ 341115000 │ 1671459600000 │ '2022-12-19T14:20:00.000Z' │  0   │ 100  │  0  │    0     │ Infinity │ 589.7 │ 793.1 │  0  │ 0.3 │ -200  │ -2180000  │   2900    │   33055000    │      │          │     │
│   27    │ 10.7  │ 10.75 │ 10.7  │ 10.75 │ 3500 │ 37505000 │   34800   │  3500   │ 37505000 │ 378620000 │ 1671459900000 │ '2022-12-19T14:25:00.000Z' │  0   │ 100  │  0  │    0     │ Infinity │ 589.7 │ 793.1 │  0  │ 4.4 │ -3500 │ -37505000 │   -600    │   -4450000    │      │          │     │
│   28    │ 10.6  │ 10.6  │ 10.6  │ 10.6  │ 5300 │ 56180000 │   40100   │  5300   │ 56180000 │ 434800000 │ 1671461100000 │ '2022-12-19T14:45:00.000Z' │  0   │ 100  │  0  │    0     │ Infinity │ 589.7 │ 793.1 │  0  │ 6.7 │ -5300 │ -56180000 │   -5900   │   -60630000   │      │          │     │
└─────────┴───────┴───────┴───────┴───────┴──────┴──────────┴───────────┴─────────┴──────────┴───────────┴───────────────┴────────────────────────────┴──────┴──────┴─────┴──────────┴──────────┴───────┴───────┴─────┴─────┴───────┴───────────┴───────────┴───────────────┴──────┴──────────┴─────┘

