┌─────────┬───┬───┬───┬───┬──────┬────────┬───────────┬─────────┬───────┬──────────┬───────────────┬────────────────────────────┬─────┬─────┬─────┬────┬──────────┬─────┬─────┬─────┬─────┬───────┬───────────┬────────────┬────────────┬───────────┬───────────────┬─────────────┬─────────────┬───────┐
│ (index) │ c │ h │ l │ o │  sd  │ val_sd │ total_vol │ sum_vol │  val  │ acum_val │   datetime    │            date            │ pbu │ psd │ puk │ bs │    sb    │ abu │ asd │ auk │ rsd │ bu-sd │ bu-sd_val │ avg_val_bu │ avg_val_sd │ acum_busd │ acum_busd_val │ acum_val_bu │ acum_val_sd │ rbusd │
├─────────┼───┼───┼───┼───┼──────┼────────┼───────────┼─────────┼───────┼──────────┼───────────────┼────────────────────────────┼─────┼─────┼─────┼────┼──────────┼─────┼─────┼─────┼─────┼───────┼───────────┼────────────┼────────────┼───────────┼───────────────┼─────────────┼─────────────┼───────┤
│    0    │ 7 │ 7 │ 7 │ 7 │ 100  │  700   │    100    │   100   │  700  │   700    │ 1671181920000 │ '2022-12-16T09:12:00.000Z' │  0  │ 100 │  0  │ 0  │ Infinity │  0  │ 525 │  0  │ 0.2 │ -100  │   -700    │     0      │    3675    │   -100    │     -700      │      0      │     700     │  0.2  │
│    1    │ 7 │ 7 │ 7 │ 7 │ 200  │  1400  │    300    │   200   │ 1400  │   2100   │ 1671182040000 │ '2022-12-16T09:14:00.000Z' │  0  │ 100 │  0  │ 0  │ Infinity │  0  │ 525 │  0  │ 0.4 │ -200  │   -1400   │     0      │    3675    │   -300    │     -2100     │      0      │    2100     │  0.4  │
│    2    │ 7 │ 7 │ 7 │ 7 │ 400  │  2800  │    700    │   400   │ 2800  │   4900   │ 1671182160000 │ '2022-12-16T09:16:00.000Z' │  0  │ 100 │  0  │ 0  │ Infinity │  0  │ 525 │  0  │ 0.8 │ -400  │   -2800   │     0      │    3675    │   -700    │     -4900     │      0      │    4900     │  0.8  │
│    3    │ 7 │ 7 │ 7 │ 7 │ 400  │  2800  │   1100    │   400   │ 2800  │   7700   │ 1671182280000 │ '2022-12-16T09:18:00.000Z' │  0  │ 100 │  0  │ 0  │ Infinity │  0  │ 525 │  0  │ 0.8 │ -400  │   -2800   │     0      │    3675    │   -1100   │     -7700     │      0      │    7700     │  0.8  │
│    4    │ 7 │ 7 │ 7 │ 7 │ 500  │  3500  │   1600    │   500   │ 3500  │  11200   │ 1671182760000 │ '2022-12-16T09:26:00.000Z' │  0  │ 100 │  0  │ 0  │ Infinity │  0  │ 525 │  0  │  1  │ -500  │   -3500   │     0      │    3675    │   -1600   │    -11200     │      0      │    11200    │   1   │
│    5    │ 7 │ 7 │ 7 │ 7 │ 200  │  1400  │   1800    │   200   │ 1400  │  12600   │ 1671183240000 │ '2022-12-16T09:34:00.000Z' │  0  │ 100 │  0  │ 0  │ Infinity │  0  │ 525 │  0  │ 0.4 │ -200  │   -1400   │     0      │    3675    │   -1800   │    -12600     │      0      │    12600    │  0.4  │
│    6    │ 7 │ 7 │ 7 │ 7 │ 200  │  1400  │   2000    │   200   │ 1400  │  14000   │ 1671183360000 │ '2022-12-16T09:36:00.000Z' │  0  │ 100 │  0  │ 0  │ Infinity │  0  │ 525 │  0  │ 0.4 │ -200  │   -1400   │     0      │    3675    │   -2000   │    -14000     │      0      │    14000    │  0.4  │
│    7    │ 7 │ 7 │ 7 │ 7 │ 200  │  1400  │   2200    │   200   │ 1400  │  15400   │ 1671183480000 │ '2022-12-16T09:38:00.000Z' │  0  │ 100 │  0  │ 0  │ Infinity │  0  │ 525 │  0  │ 0.4 │ -200  │   -1400   │     0      │    3675    │   -2200   │    -15400     │      0      │    15400    │  0.4  │
│    8    │ 7 │ 7 │ 7 │ 7 │ 100  │  700   │   2300    │   100   │  700  │  16100   │ 1671185640000 │ '2022-12-16T10:14:00.000Z' │  0  │ 100 │  0  │ 0  │ Infinity │  0  │ 525 │  0  │ 0.2 │ -100  │   -700    │     0      │    3675    │   -2300   │    -16100     │      0      │    16100    │  0.2  │
│    9    │ 7 │ 7 │ 7 │ 7 │ 1000 │  7000  │   3300    │  1000   │ 7000  │  23100   │ 1671186120000 │ '2022-12-16T10:22:00.000Z' │  0  │ 100 │  0  │ 0  │ Infinity │  0  │ 525 │  0  │ 1.9 │ -1000 │   -7000   │     0      │    3675    │   -3300   │    -23100     │      0      │    23100    │  1.9  │
│   10    │ 7 │ 7 │ 7 │ 7 │ 100  │  700   │   3400    │   100   │  700  │  23800   │ 1671187080000 │ '2022-12-16T10:38:00.000Z' │  0  │ 100 │  0  │ 0  │ Infinity │  0  │ 525 │  0  │ 0.2 │ -100  │   -700    │     0      │    3675    │   -3400   │    -23800     │      0      │    23800    │  0.2  │
│   11    │ 7 │ 7 │ 7 │ 7 │ 100  │  700   │   3500    │   100   │  700  │  24500   │ 1671187320000 │ '2022-12-16T10:42:00.000Z' │  0  │ 100 │  0  │ 0  │ Infinity │  0  │ 525 │  0  │ 0.2 │ -100  │   -700    │     0      │    3675    │   -3500   │    -24500     │      0      │    24500    │  0.2  │
│   12    │ 7 │ 7 │ 7 │ 7 │ 400  │  2800  │   3900    │   400   │ 2800  │  27300   │ 1671195600000 │ '2022-12-16T13:00:00.000Z' │  0  │ 100 │  0  │ 0  │ Infinity │  0  │ 525 │  0  │ 0.8 │ -400  │   -2800   │     0      │    3675    │   -3900   │    -27300     │      0      │    27300    │  0.8  │
│   13    │ 7 │ 7 │ 7 │ 7 │ 100  │  700   │   4000    │   100   │  700  │  28000   │ 1671195840000 │ '2022-12-16T13:04:00.000Z' │  0  │ 100 │  0  │ 0  │ Infinity │  0  │ 525 │  0  │ 0.2 │ -100  │   -700    │     0      │    3675    │   -4000   │    -28000     │      0      │    28000    │  0.2  │
│   14    │ 7 │ 7 │ 7 │ 7 │ 3000 │ 21000  │   7000    │  3000   │ 21000 │  49000   │ 1671199200000 │ '2022-12-16T14:00:00.000Z' │  0  │ 100 │  0  │ 0  │ Infinity │  0  │ 525 │  0  │ 5.7 │ -3000 │  -21000   │     0      │    3675    │   -7000   │    -49000     │      0      │    49000    │  5.7  │
│   15    │ 7 │ 7 │ 7 │ 7 │ 1400 │  9800  │   8400    │  1400   │ 9800  │  58800   │ 1671200040000 │ '2022-12-16T14:14:00.000Z' │  0  │ 100 │  0  │ 0  │ Infinity │  0  │ 525 │  0  │ 2.7 │ -1400 │   -9800   │     0      │    3675    │   -8400   │    -58800     │      0      │    58800    │  2.7  │
└─────────┴───┴───┴───┴───┴──────┴────────┴───────────┴─────────┴───────┴──────────┴───────────────┴────────────────────────────┴─────┴─────┴─────┴────┴──────────┴─────┴─────┴─────┴─────┴───────┴───────────┴────────────┴────────────┴───────────┴───────────────┴─────────────┴─────────────┴───────┘

