┌─────────┬─────┬─────┬─────┬─────┬───────┬──────────┬───────────┬─────────┬──────────┬───────────┬───────┬──────────┬───────────────┬────────────────────────────┬──────┬──────┬─────┬──────────┬──────────┬────────┬────────┬─────┬──────┬──────┬────────┬───────────┬───────────┬───────────────┐
│ (index) │  c  │  h  │  l  │  o  │  sd   │  val_sd  │ total_vol │ sum_vol │   val    │ acum_val  │  bu   │  val_bu  │   datetime    │            date            │ pbu  │ psd  │ puk │    bs    │    sb    │  abu   │  asd   │ auk │ rsd  │ rbu  │ bu-sd  │ bu-sd_val │ acum_busd │ acum_busd_val │
├─────────┼─────┼─────┼─────┼─────┼───────┼──────────┼───────────┼─────────┼──────────┼───────────┼───────┼──────────┼───────────────┼────────────────────────────┼──────┼──────┼─────┼──────────┼──────────┼────────┼────────┼─────┼──────┼──────┼────────┼───────────┼───────────┼───────────────┤
│    0    │ 1.7 │ 1.8 │ 1.7 │ 1.8 │ 1600  │ 2870000  │   2500    │  2500   │ 4490000  │  4490000  │  900  │ 1620000  │ 1673514000000 │ '2023-01-12T09:00:00.000Z' │  36  │  64  │  0  │   0.6    │   1.8    │ 1244.2 │ 1418.6 │  0  │ 1.1  │ 0.7  │  -700  │ -1250000  │   -700    │   -1250000    │
│    1    │ 1.8 │ 1.8 │ 1.8 │ 1.8 │       │          │   2700    │   200   │  360000  │  4850000  │  200  │  360000  │ 1673514120000 │ '2023-01-12T09:02:00.000Z' │ 100  │  0   │  0  │ Infinity │    0     │ 1244.2 │ 1418.6 │  0  │      │ 0.2  │  200   │  360000   │   -500    │    -890000    │
│    2    │ 1.7 │ 1.8 │ 1.7 │ 1.8 │  200  │  340000  │   3000    │   300   │  520000  │  5370000  │  100  │  180000  │ 1673514240000 │ '2023-01-12T09:04:00.000Z' │ 33.3 │ 66.7 │  0  │   0.5    │    2     │ 1244.2 │ 1418.6 │  0  │ 0.1  │ 0.1  │  -100  │  -160000  │   -600    │   -1050000    │
│    3    │ 1.8 │ 1.8 │ 1.8 │ 1.8 │       │          │   4000    │  1000   │ 1800000  │  7170000  │ 1000  │ 1800000  │ 1673514960000 │ '2023-01-12T09:16:00.000Z' │ 100  │  0   │  0  │ Infinity │    0     │ 1244.2 │ 1418.6 │  0  │      │ 0.8  │  1000  │  1800000  │    400    │    750000     │
│    4    │ 1.7 │ 1.7 │ 1.7 │ 1.7 │  200  │  340000  │   4200    │   200   │  340000  │  7510000  │       │          │ 1673515080000 │ '2023-01-12T09:18:00.000Z' │  0   │ 100  │  0  │    0     │ Infinity │ 1244.2 │ 1418.6 │  0  │ 0.1  │      │  -200  │  -340000  │    200    │    410000     │
│    5    │ 1.7 │ 1.7 │ 1.7 │ 1.7 │ 1500  │ 2550000  │   5700    │  1500   │ 2550000  │ 10060000  │       │          │ 1673515440000 │ '2023-01-12T09:24:00.000Z' │  0   │ 100  │  0  │    0     │ Infinity │ 1244.2 │ 1418.6 │  0  │ 1.1  │      │ -1500  │ -2550000  │   -1300   │   -2140000    │
│    6    │ 1.7 │ 1.7 │ 1.7 │ 1.7 │ 6600  │ 11220000 │   12300   │  6600   │ 11220000 │ 21280000  │       │          │ 1673515560000 │ '2023-01-12T09:26:00.000Z' │  0   │ 100  │  0  │    0     │ Infinity │ 1244.2 │ 1418.6 │  0  │ 4.7  │      │ -6600  │ -11220000 │   -7900   │   -13360000   │
│    7    │ 1.7 │ 1.7 │ 1.7 │ 1.7 │ 2400  │ 4080000  │   14700   │  2400   │ 4080000  │ 25360000  │       │          │ 1673515680000 │ '2023-01-12T09:28:00.000Z' │  0   │ 100  │  0  │    0     │ Infinity │ 1244.2 │ 1418.6 │  0  │ 1.7  │      │ -2400  │ -4080000  │  -10300   │   -17440000   │
│    8    │ 1.7 │ 1.7 │ 1.7 │ 1.7 │ 6000  │ 10200000 │   20700   │  6000   │ 10200000 │ 35560000  │       │          │ 1673516760000 │ '2023-01-12T09:46:00.000Z' │  0   │ 100  │  0  │    0     │ Infinity │ 1244.2 │ 1418.6 │  0  │ 4.2  │      │ -6000  │ -10200000 │  -16300   │   -27640000   │
│    9    │ 1.8 │ 1.8 │ 1.8 │ 1.8 │       │          │   21600   │   900   │ 1620000  │ 37180000  │  900  │ 1620000  │ 1673516880000 │ '2023-01-12T09:48:00.000Z' │ 100  │  0   │  0  │ Infinity │    0     │ 1244.2 │ 1418.6 │  0  │      │ 0.7  │  900   │  1620000  │  -15400   │   -26020000   │
│   10    │ 1.7 │ 1.8 │ 1.7 │ 1.8 │  100  │  170000  │   22500   │   900   │ 1610000  │ 38790000  │  800  │ 1440000  │ 1673517120000 │ '2023-01-12T09:52:00.000Z' │ 88.9 │ 11.1 │  0  │    8     │   0.1    │ 1244.2 │ 1418.6 │  0  │ 0.1  │ 0.6  │  700   │  1270000  │  -14700   │   -24750000   │
│   11    │ 1.8 │ 1.8 │ 1.8 │ 1.8 │       │          │   33600   │  11100  │ 19980000 │ 58770000  │ 11100 │ 19980000 │ 1673517480000 │ '2023-01-12T09:58:00.000Z' │ 100  │  0   │  0  │ Infinity │    0     │ 1244.2 │ 1418.6 │  0  │      │ 8.9  │ 11100  │ 19980000  │   -3600   │   -4770000    │
│   12    │ 1.8 │ 1.8 │ 1.8 │ 1.8 │       │          │   34500   │   900   │ 1620000  │ 60390000  │  900  │ 1620000  │ 1673517600000 │ '2023-01-12T10:00:00.000Z' │ 100  │  0   │  0  │ Infinity │    0     │ 1244.2 │ 1418.6 │  0  │      │ 0.7  │  900   │  1620000  │   -2700   │   -3150000    │
│   13    │ 1.7 │ 1.8 │ 1.7 │ 1.8 │  200  │  340000  │   64700   │  30200  │ 54340000 │ 114730000 │ 30000 │ 54000000 │ 1673517840000 │ '2023-01-12T10:04:00.000Z' │ 99.3 │ 0.7  │  0  │   150    │    0     │ 1244.2 │ 1418.6 │  0  │ 0.1  │ 24.1 │ 29800  │ 53660000  │   27100   │   50510000    │
│   14    │ 1.8 │ 1.8 │ 1.8 │ 1.8 │       │          │   64800   │   100   │  180000  │ 114910000 │  100  │  180000  │ 1673518080000 │ '2023-01-12T10:08:00.000Z' │ 100  │  0   │  0  │ Infinity │    0     │ 1244.2 │ 1418.6 │  0  │      │ 0.1  │  100   │  180000   │   27200   │   50690000    │
│   15    │ 1.8 │ 1.8 │ 1.8 │ 1.8 │       │          │   65000   │   200   │  360000  │ 115270000 │  200  │  360000  │ 1673518440000 │ '2023-01-12T10:14:00.000Z' │ 100  │  0   │  0  │ Infinity │    0     │ 1244.2 │ 1418.6 │  0  │      │ 0.2  │  200   │  360000   │   27400   │   51050000    │
│   16    │ 1.8 │ 1.8 │ 1.7 │ 1.7 │  300  │  510000  │   65400   │   400   │  690000  │ 115960000 │  100  │  180000  │ 1673519640000 │ '2023-01-12T10:34:00.000Z' │  25  │  75  │  0  │   0.3    │    3     │ 1244.2 │ 1418.6 │  0  │ 0.2  │ 0.1  │  -200  │  -330000  │   27200   │   50720000    │
│   17    │ 1.7 │ 1.7 │ 1.7 │ 1.7 │  100  │  170000  │   65500   │   100   │  170000  │ 116130000 │       │          │ 1673519760000 │ '2023-01-12T10:36:00.000Z' │  0   │ 100  │  0  │    0     │ Infinity │ 1244.2 │ 1418.6 │  0  │ 0.1  │      │  -100  │  -170000  │   27100   │   50550000    │
│   18    │ 1.7 │ 1.7 │ 1.7 │ 1.7 │ 2000  │ 3400000  │   67500   │  2000   │ 3400000  │ 119530000 │       │          │ 1673520360000 │ '2023-01-12T10:46:00.000Z' │  0   │ 100  │  0  │    0     │ Infinity │ 1244.2 │ 1418.6 │  0  │ 1.4  │      │ -2000  │ -3400000  │   25100   │   47150000    │
│   19    │ 1.8 │ 1.8 │ 1.8 │ 1.8 │       │          │   67600   │   100   │  180000  │ 119710000 │  100  │  180000  │ 1673521200000 │ '2023-01-12T11:00:00.000Z' │ 100  │  0   │  0  │ Infinity │    0     │ 1244.2 │ 1418.6 │  0  │      │ 0.1  │  100   │  180000   │   25200   │   47330000    │
│   20    │ 1.8 │ 1.8 │ 1.8 │ 1.8 │       │          │   68600   │  1000   │ 1800000  │ 121510000 │ 1000  │ 1800000  │ 1673521320000 │ '2023-01-12T11:02:00.000Z' │ 100  │  0   │  0  │ Infinity │    0     │ 1244.2 │ 1418.6 │  0  │      │ 0.8  │  1000  │  1800000  │   26200   │   49130000    │
├─────────┼─────┼─────┼─────┼─────┼───────┼──────────┼───────────┼─────────┼──────────┼───────────┼───────┼──────────┼───────────────┼────────────────────────────┼──────┼──────┼─────┼──────────┼──────────┼────────┼────────┼─────┼──────┼──────┼────────┼───────────┼───────────┼───────────────┤
│ (index) │  c  │  h  │  l  │  o  │  sd   │  val_sd  │ total_vol │ sum_vol │   val    │ acum_val  │  bu   │  val_bu  │   datetime    │            date            │ pbu  │ psd  │ puk │    bs    │    sb    │  abu   │  asd   │ auk │ rsd  │ rbu  │ bu-sd  │ bu-sd_val │ acum_busd │ acum_busd_val │
├─────────┼─────┼─────┼─────┼─────┼───────┼──────────┼───────────┼─────────┼──────────┼───────────┼───────┼──────────┼───────────────┼────────────────────────────┼──────┼──────┼─────┼──────────┼──────────┼────────┼────────┼─────┼──────┼──────┼────────┼───────────┼───────────┼───────────────┤
│   21    │ 1.8 │ 1.8 │ 1.8 │ 1.8 │       │          │   69100   │   500   │  900000  │ 122410000 │  500  │  900000  │ 1673521560000 │ '2023-01-12T11:06:00.000Z' │ 100  │  0   │  0  │ Infinity │    0     │ 1244.2 │ 1418.6 │  0  │      │ 0.4  │  500   │  900000   │   26700   │   50030000    │
│   22    │ 1.7 │ 1.7 │ 1.7 │ 1.7 │  300  │  510000  │   69400   │   300   │  510000  │ 122920000 │       │          │ 1673521800000 │ '2023-01-12T11:10:00.000Z' │  0   │ 100  │  0  │    0     │ Infinity │ 1244.2 │ 1418.6 │  0  │ 0.2  │      │  -300  │  -510000  │   26400   │   49520000    │
│   23    │ 1.7 │ 1.7 │ 1.7 │ 1.7 │  200  │  340000  │   69600   │   200   │  340000  │ 123260000 │       │          │ 1673522040000 │ '2023-01-12T11:14:00.000Z' │  0   │ 100  │  0  │    0     │ Infinity │ 1244.2 │ 1418.6 │  0  │ 0.1  │      │  -200  │  -340000  │   26200   │   49180000    │
│   24    │ 1.8 │ 1.8 │ 1.8 │ 1.8 │       │          │   70500   │   900   │ 1620000  │ 124880000 │  900  │ 1620000  │ 1673528400000 │ '2023-01-12T13:00:00.000Z' │ 100  │  0   │  0  │ Infinity │    0     │ 1244.2 │ 1418.6 │  0  │      │ 0.7  │  900   │  1620000  │   27100   │   50800000    │
│   25    │ 1.7 │ 1.7 │ 1.7 │ 1.7 │  100  │  170000  │   70600   │   100   │  170000  │ 125050000 │       │          │ 1673528520000 │ '2023-01-12T13:02:00.000Z' │  0   │ 100  │  0  │    0     │ Infinity │ 1244.2 │ 1418.6 │  0  │ 0.1  │      │  -100  │  -170000  │   27000   │   50630000    │
│   26    │ 1.7 │ 1.8 │ 1.7 │ 1.8 │  100  │  170000  │   71500   │   900   │ 1610000  │ 126660000 │  800  │ 1440000  │ 1673529240000 │ '2023-01-12T13:14:00.000Z' │ 88.9 │ 11.1 │  0  │    8     │   0.1    │ 1244.2 │ 1418.6 │  0  │ 0.1  │ 0.6  │  700   │  1270000  │   27700   │   51900000    │
│   27    │ 1.8 │ 1.8 │ 1.8 │ 1.8 │       │          │   71700   │   200   │  360000  │ 127020000 │  200  │  360000  │ 1673529360000 │ '2023-01-12T13:16:00.000Z' │ 100  │  0   │  0  │ Infinity │    0     │ 1244.2 │ 1418.6 │  0  │      │ 0.2  │  200   │  360000   │   27900   │   52260000    │
│   28    │ 1.8 │ 1.8 │ 1.8 │ 1.8 │       │          │   73600   │  1900   │ 3420000  │ 130440000 │ 1900  │ 3420000  │ 1673529840000 │ '2023-01-12T13:24:00.000Z' │ 100  │  0   │  0  │ Infinity │    0     │ 1244.2 │ 1418.6 │  0  │      │ 1.5  │  1900  │  3420000  │   29800   │   55680000    │
│   29    │ 1.7 │ 1.7 │ 1.7 │ 1.7 │  200  │  340000  │   73800   │   200   │  340000  │ 130780000 │       │          │ 1673530200000 │ '2023-01-12T13:30:00.000Z' │  0   │ 100  │  0  │    0     │ Infinity │ 1244.2 │ 1418.6 │  0  │ 0.1  │      │  -200  │  -340000  │   29600   │   55340000    │
│   30    │ 1.7 │ 1.7 │ 1.7 │ 1.7 │ 1300  │ 2210000  │   75100   │  1300   │ 2210000  │ 132990000 │       │          │ 1673530920000 │ '2023-01-12T13:42:00.000Z' │  0   │ 100  │  0  │    0     │ Infinity │ 1244.2 │ 1418.6 │  0  │ 0.9  │      │ -1300  │ -2210000  │   28300   │   53130000    │
│   31    │ 1.8 │ 1.8 │ 1.8 │ 1.8 │       │          │   76100   │  1000   │ 1800000  │ 134790000 │ 1000  │ 1800000  │ 1673531280000 │ '2023-01-12T13:48:00.000Z' │ 100  │  0   │  0  │ Infinity │    0     │ 1244.2 │ 1418.6 │  0  │      │ 0.8  │  1000  │  1800000  │   29300   │   54930000    │
│   32    │ 1.7 │ 1.7 │ 1.7 │ 1.7 │  300  │  510000  │   76400   │   300   │  510000  │ 135300000 │       │          │ 1673531400000 │ '2023-01-12T13:50:00.000Z' │  0   │ 100  │  0  │    0     │ Infinity │ 1244.2 │ 1418.6 │  0  │ 0.2  │      │  -300  │  -510000  │   29000   │   54420000    │
│   33    │ 1.7 │ 1.8 │ 1.7 │ 1.8 │  500  │  850000  │   77100   │   700   │ 1210000  │ 136510000 │  200  │  360000  │ 1673531760000 │ '2023-01-12T13:56:00.000Z' │ 28.6 │ 71.4 │  0  │   0.4    │   2.5    │ 1244.2 │ 1418.6 │  0  │ 0.4  │ 0.2  │  -300  │  -490000  │   28700   │   53930000    │
│   34    │ 1.7 │ 1.7 │ 1.7 │ 1.7 │  700  │ 1190000  │   77800   │   700   │ 1190000  │ 137700000 │       │          │ 1673532480000 │ '2023-01-12T14:08:00.000Z' │  0   │ 100  │  0  │    0     │ Infinity │ 1244.2 │ 1418.6 │  0  │ 0.5  │      │  -700  │ -1190000  │   28000   │   52740000    │
│   35    │ 1.8 │ 1.8 │ 1.8 │ 1.8 │       │          │   78000   │   200   │  360000  │ 138060000 │  200  │  360000  │ 1673532720000 │ '2023-01-12T14:12:00.000Z' │ 100  │  0   │  0  │ Infinity │    0     │ 1244.2 │ 1418.6 │  0  │      │ 0.2  │  200   │  360000   │   28200   │   53100000    │
│   36    │ 1.8 │ 1.8 │ 1.8 │ 1.8 │       │          │   78100   │   100   │  180000  │ 138240000 │  100  │  180000  │ 1673532960000 │ '2023-01-12T14:16:00.000Z' │ 100  │  0   │  0  │ Infinity │    0     │ 1244.2 │ 1418.6 │  0  │      │ 0.1  │  100   │  180000   │   28300   │   53280000    │
│   37    │ 1.7 │ 1.7 │ 1.7 │ 1.7 │  500  │  850000  │   78600   │   500   │  850000  │ 139090000 │       │          │ 1673533200000 │ '2023-01-12T14:20:00.000Z' │  0   │ 100  │  0  │    0     │ Infinity │ 1244.2 │ 1418.6 │  0  │ 0.4  │      │  -500  │  -850000  │   27800   │   52430000    │
│   38    │ 1.8 │ 1.8 │ 1.8 │ 1.8 │       │          │   78700   │   100   │  180000  │ 139270000 │  100  │  180000  │ 1673533320000 │ '2023-01-12T14:22:00.000Z' │ 100  │  0   │  0  │ Infinity │    0     │ 1244.2 │ 1418.6 │  0  │      │ 0.1  │  100   │  180000   │   27900   │   52610000    │
│   39    │ 1.8 │ 1.8 │ 1.8 │ 1.8 │       │          │   78800   │   100   │  180000  │ 139450000 │  100  │  180000  │ 1673533440000 │ '2023-01-12T14:24:00.000Z' │ 100  │  0   │  0  │ Infinity │    0     │ 1244.2 │ 1418.6 │  0  │      │ 0.1  │  100   │  180000   │   28000   │   52790000    │
│   40    │ 1.7 │ 1.7 │ 1.7 │ 1.7 │  300  │  510000  │   79100   │   300   │  510000  │ 139960000 │       │          │ 1673533560000 │ '2023-01-12T14:26:00.000Z' │  0   │ 100  │  0  │    0     │ Infinity │ 1244.2 │ 1418.6 │  0  │ 0.2  │      │  -300  │  -510000  │   27700   │   52280000    │
├─────────┼─────┼─────┼─────┼─────┼───────┼──────────┼───────────┼─────────┼──────────┼───────────┼───────┼──────────┼───────────────┼────────────────────────────┼──────┼──────┼─────┼──────────┼──────────┼────────┼────────┼─────┼──────┼──────┼────────┼───────────┼───────────┼───────────────┤
│ (index) │  c  │  h  │  l  │  o  │  sd   │  val_sd  │ total_vol │ sum_vol │   val    │ acum_val  │  bu   │  val_bu  │   datetime    │            date            │ pbu  │ psd  │ puk │    bs    │    sb    │  abu   │  asd   │ auk │ rsd  │ rbu  │ bu-sd  │ bu-sd_val │ acum_busd │ acum_busd_val │
├─────────┼─────┼─────┼─────┼─────┼───────┼──────────┼───────────┼─────────┼──────────┼───────────┼───────┼──────────┼───────────────┼────────────────────────────┼──────┼──────┼─────┼──────────┼──────────┼────────┼────────┼─────┼──────┼──────┼────────┼───────────┼───────────┼───────────────┤
│   41    │ 1.8 │ 1.8 │ 1.8 │ 1.8 │       │          │   79200   │   100   │  180000  │ 140140000 │  100  │  180000  │ 1673533680000 │ '2023-01-12T14:28:00.000Z' │ 100  │  0   │  0  │ Infinity │    0     │ 1244.2 │ 1418.6 │  0  │      │ 0.1  │  100   │  180000   │   27800   │   52460000    │
│   42    │ 1.7 │ 1.7 │ 1.7 │ 1.7 │ 35300 │ 60010000 │  114500   │  35300  │ 60010000 │ 200150000 │       │          │ 1673534640000 │ '2023-01-12T14:44:00.000Z' │  0   │ 100  │  0  │    0     │ Infinity │ 1244.2 │ 1418.6 │  0  │ 24.9 │      │ -35300 │ -60010000 │   -7500   │   -7550000    │
└─────────┴─────┴─────┴─────┴─────┴───────┴──────────┴───────────┴─────────┴──────────┴───────────┴───────┴──────────┴───────────────┴────────────────────────────┴──────┴──────┴─────┴──────────┴──────────┴────────┴────────┴─────┴──────┴──────┴────────┴───────────┴───────────┴───────────────┘

