┌─────────┬──────┬──────┬──────┬──────┬──────┬──────────┬───────────┬─────────┬──────────┬───────────┬───────────────┬────────────────────────────┬─────┬─────┬─────┬──────────┬──────────┬─────┬─────┬─────┬─────┬───────┬───────────┬───────────┬───────────────┬──────┬──────────┬─────┐
│ (index) │  c   │  h   │  l   │  o   │  sd  │  val_sd  │ total_vol │ sum_vol │   val    │ acum_val  │   datetime    │            date            │ pbu │ psd │ puk │    bs    │    sb    │ abu │ asd │ auk │ rsd │ bu-sd │ bu-sd_val │ acum_busd │ acum_busd_val │  bu  │  val_bu  │ rbu │
├─────────┼──────┼──────┼──────┼──────┼──────┼──────────┼───────────┼─────────┼──────────┼───────────┼───────────────┼────────────────────────────┼─────┼─────┼─────┼──────────┼──────────┼─────┼─────┼─────┼─────┼───────┼───────────┼───────────┼───────────────┼──────┼──────────┼─────┤
│    0    │ 12.5 │ 12.5 │ 12.5 │ 12.5 │ 100  │ 1250000  │    100    │   100   │ 1250000  │  1250000  │ 1673514240000 │ '2023-01-12T09:04:00.000Z' │  0  │ 100 │  0  │    0     │ Infinity │ 428 │ 460 │  0  │ 0.2 │ -100  │ -1250000  │   -100    │   -1250000    │      │          │     │
│    1    │ 12.6 │ 12.6 │ 12.6 │ 12.6 │ 1200 │ 15120000 │   1300    │  1200   │ 15120000 │ 16370000  │ 1673515200000 │ '2023-01-12T09:20:00.000Z' │  0  │ 100 │  0  │    0     │ Infinity │ 428 │ 460 │  0  │ 2.6 │ -1200 │ -15120000 │   -1300   │   -16370000   │      │          │     │
│    2    │ 12.6 │ 12.6 │ 12.6 │ 12.6 │ 300  │ 3780000  │   1600    │   300   │ 3780000  │ 20150000  │ 1673515560000 │ '2023-01-12T09:26:00.000Z' │  0  │ 100 │  0  │    0     │ Infinity │ 428 │ 460 │  0  │ 0.7 │ -300  │ -3780000  │   -1600   │   -20150000   │      │          │     │
│    3    │ 12.6 │ 12.6 │ 12.6 │ 12.6 │      │          │   4900    │  3300   │ 41580000 │ 61730000  │ 1673516400000 │ '2023-01-12T09:40:00.000Z' │ 100 │  0  │  0  │ Infinity │    0     │ 428 │ 460 │  0  │     │ 3300  │ 41580000  │   1700    │   21430000    │ 3300 │ 41580000 │ 7.7 │
│    4    │ 12.6 │ 12.6 │ 12.6 │ 12.6 │      │          │   5000    │   100   │ 1260000  │ 62990000  │ 1673516520000 │ '2023-01-12T09:42:00.000Z' │ 100 │  0  │  0  │ Infinity │    0     │ 428 │ 460 │  0  │     │  100  │  1260000  │   1800    │   22690000    │ 100  │ 1260000  │ 0.2 │
│    5    │ 12.6 │ 12.6 │ 12.6 │ 12.6 │      │          │   5100    │   100   │ 1260000  │ 64250000  │ 1673516640000 │ '2023-01-12T09:44:00.000Z' │ 100 │  0  │  0  │ Infinity │    0     │ 428 │ 460 │  0  │     │  100  │  1260000  │   1900    │   23950000    │ 100  │ 1260000  │ 0.2 │
│    6    │ 12.6 │ 12.6 │ 12.6 │ 12.6 │      │          │   5200    │   100   │ 1260000  │ 65510000  │ 1673517480000 │ '2023-01-12T09:58:00.000Z' │ 100 │  0  │  0  │ Infinity │    0     │ 428 │ 460 │  0  │     │  100  │  1260000  │   2000    │   25210000    │ 100  │ 1260000  │ 0.2 │
│    7    │ 12.6 │ 12.6 │ 12.6 │ 12.6 │      │          │   6200    │  1000   │ 12600000 │ 78110000  │ 1673517720000 │ '2023-01-12T10:02:00.000Z' │ 100 │  0  │  0  │ Infinity │    0     │ 428 │ 460 │  0  │     │ 1000  │ 12600000  │   3000    │   37810000    │ 1000 │ 12600000 │ 2.3 │
│    8    │ 12.6 │ 12.6 │ 12.6 │ 12.6 │      │          │   10200   │  4000   │ 50400000 │ 128510000 │ 1673517840000 │ '2023-01-12T10:04:00.000Z' │ 100 │  0  │  0  │ Infinity │    0     │ 428 │ 460 │  0  │     │ 4000  │ 50400000  │   7000    │   88210000    │ 4000 │ 50400000 │ 9.3 │
│    9    │ 12.6 │ 12.6 │ 12.6 │ 12.6 │      │          │   10300   │   100   │ 1260000  │ 129770000 │ 1673518440000 │ '2023-01-12T10:14:00.000Z' │ 100 │  0  │  0  │ Infinity │    0     │ 428 │ 460 │  0  │     │  100  │  1260000  │   7100    │   89470000    │ 100  │ 1260000  │ 0.2 │
│   10    │ 12.6 │ 12.6 │ 12.6 │ 12.6 │      │          │   10800   │   500   │ 6300000  │ 136070000 │ 1673518680000 │ '2023-01-12T10:18:00.000Z' │ 100 │  0  │  0  │ Infinity │    0     │ 428 │ 460 │  0  │     │  500  │  6300000  │   7600    │   95770000    │ 500  │ 6300000  │ 1.2 │
│   11    │ 12.6 │ 12.6 │ 12.6 │ 12.6 │      │          │   11000   │   200   │ 2520000  │ 138590000 │ 1673519640000 │ '2023-01-12T10:34:00.000Z' │ 100 │  0  │  0  │ Infinity │    0     │ 428 │ 460 │  0  │     │  200  │  2520000  │   7800    │   98290000    │ 200  │ 2520000  │ 0.5 │
│   12    │ 12.6 │ 12.6 │ 12.6 │ 12.6 │      │          │   11100   │   100   │ 1260000  │ 139850000 │ 1673520240000 │ '2023-01-12T10:44:00.000Z' │ 100 │  0  │  0  │ Infinity │    0     │ 428 │ 460 │  0  │     │  100  │  1260000  │   7900    │   99550000    │ 100  │ 1260000  │ 0.2 │
│   13    │ 12.5 │ 12.5 │ 12.5 │ 12.5 │ 4300 │ 53750000 │   15400   │  4300   │ 53750000 │ 193600000 │ 1673522160000 │ '2023-01-12T11:16:00.000Z' │  0  │ 100 │  0  │    0     │ Infinity │ 428 │ 460 │  0  │ 9.3 │ -4300 │ -53750000 │   3600    │   45800000    │      │          │     │
│   14    │ 12.5 │ 12.5 │ 12.5 │ 12.5 │ 200  │ 2500000  │   15600   │   200   │ 2500000  │ 196100000 │ 1673522280000 │ '2023-01-12T11:18:00.000Z' │  0  │ 100 │  0  │    0     │ Infinity │ 428 │ 460 │  0  │ 0.4 │ -200  │ -2500000  │   3400    │   43300000    │      │          │     │
│   15    │ 12.5 │ 12.5 │ 12.5 │ 12.5 │ 1000 │ 12500000 │   16600   │  1000   │ 12500000 │ 208600000 │ 1673528400000 │ '2023-01-12T13:00:00.000Z' │  0  │ 100 │  0  │    0     │ Infinity │ 428 │ 460 │  0  │ 2.2 │ -1000 │ -12500000 │   2400    │   30800000    │      │          │     │
│   16    │ 12.5 │ 12.5 │ 12.5 │ 12.5 │ 2000 │ 25000000 │   18600   │  2000   │ 25000000 │ 233600000 │ 1673529240000 │ '2023-01-12T13:14:00.000Z' │  0  │ 100 │  0  │    0     │ Infinity │ 428 │ 460 │  0  │ 4.3 │ -2000 │ -25000000 │    400    │    5800000    │      │          │     │
│   17    │ 12.5 │ 12.5 │ 12.5 │ 12.5 │ 200  │ 2500000  │   18800   │   200   │ 2500000  │ 236100000 │ 1673529360000 │ '2023-01-12T13:16:00.000Z' │  0  │ 100 │  0  │    0     │ Infinity │ 428 │ 460 │  0  │ 0.4 │ -200  │ -2500000  │    200    │    3300000    │      │          │     │
│   18    │ 12.5 │ 12.5 │ 12.5 │ 12.5 │ 500  │ 6250000  │   19300   │   500   │ 6250000  │ 242350000 │ 1673529600000 │ '2023-01-12T13:20:00.000Z' │  0  │ 100 │  0  │    0     │ Infinity │ 428 │ 460 │  0  │ 1.1 │ -500  │ -6250000  │   -300    │   -2950000    │      │          │     │
│   19    │ 12.5 │ 12.5 │ 12.5 │ 12.5 │ 1000 │ 12500000 │   20300   │  1000   │ 12500000 │ 254850000 │ 1673531640000 │ '2023-01-12T13:54:00.000Z' │  0  │ 100 │  0  │    0     │ Infinity │ 428 │ 460 │  0  │ 2.2 │ -1000 │ -12500000 │   -1300   │   -15450000   │      │          │     │
│   20    │ 12.5 │ 12.5 │ 12.5 │ 12.5 │ 300  │ 3750000  │   20600   │   300   │ 3750000  │ 258600000 │ 1673531760000 │ '2023-01-12T13:56:00.000Z' │  0  │ 100 │  0  │    0     │ Infinity │ 428 │ 460 │  0  │ 0.7 │ -300  │ -3750000  │   -1600   │   -19200000   │      │          │     │
├─────────┼──────┼──────┼──────┼──────┼──────┼──────────┼───────────┼─────────┼──────────┼───────────┼───────────────┼────────────────────────────┼─────┼─────┼─────┼──────────┼──────────┼─────┼─────┼─────┼─────┼───────┼───────────┼───────────┼───────────────┼──────┼──────────┼─────┤
│ (index) │  c   │  h   │  l   │  o   │  sd  │  val_sd  │ total_vol │ sum_vol │   val    │ acum_val  │   datetime    │            date            │ pbu │ psd │ puk │    bs    │    sb    │ abu │ asd │ auk │ rsd │ bu-sd │ bu-sd_val │ acum_busd │ acum_busd_val │  bu  │  val_bu  │ rbu │
├─────────┼──────┼──────┼──────┼──────┼──────┼──────────┼───────────┼─────────┼──────────┼───────────┼───────────────┼────────────────────────────┼─────┼─────┼─────┼──────────┼──────────┼─────┼─────┼─────┼─────┼───────┼───────────┼───────────┼───────────────┼──────┼──────────┼─────┤
│   21    │ 12.5 │ 12.5 │ 12.5 │ 12.5 │ 400  │ 5000000  │   21000   │   400   │ 5000000  │ 263600000 │ 1673533320000 │ '2023-01-12T14:22:00.000Z' │  0  │ 100 │  0  │    0     │ Infinity │ 428 │ 460 │  0  │ 0.9 │ -400  │ -5000000  │   -2000   │   -24200000   │      │          │     │
│   22    │ 12.5 │ 12.5 │ 12.5 │ 12.5 │      │          │   21100   │   100   │ 1250000  │ 264850000 │ 1673533560000 │ '2023-01-12T14:26:00.000Z' │ 100 │  0  │  0  │ Infinity │    0     │ 428 │ 460 │  0  │     │  100  │  1250000  │   -1900   │   -22950000   │ 100  │ 1250000  │ 0.2 │
│   23    │ 12.5 │ 12.5 │ 12.5 │ 12.5 │      │          │   22100   │  1000   │ 12500000 │ 277350000 │ 1673534640000 │ '2023-01-12T14:44:00.000Z' │ 100 │  0  │  0  │ Infinity │    0     │ 428 │ 460 │  0  │     │ 1000  │ 12500000  │   -900    │   -10450000   │ 1000 │ 12500000 │ 2.3 │
│   24    │ 12.6 │ 12.6 │ 12.6 │ 12.6 │      │          │   22200   │   100   │ 1260000  │ 278610000 │ 1673534880000 │ '2023-01-12T14:48:00.000Z' │ 100 │  0  │  0  │ Infinity │    0     │ 428 │ 460 │  0  │     │  100  │  1260000  │   -800    │   -9190000    │ 100  │ 1260000  │ 0.2 │
└─────────┴──────┴──────┴──────┴──────┴──────┴──────────┴───────────┴─────────┴──────────┴───────────┴───────────────┴────────────────────────────┴─────┴─────┴─────┴──────────┴──────────┴─────┴─────┴─────┴─────┴───────┴───────────┴───────────┴───────────────┴──────┴──────────┴─────┘

