┌─────────┬──────┬──────┬──────┬──────┬──────┬──────────┬───────────┬─────────┬──────────┬──────────┬───────────────┬────────────────────────────┬──────┬──────┬─────┬──────────┬──────────┬─────┬───────┬─────┬─────┬───────┬───────────┬───────────┬───────────────┬─────┬─────────┬─────┐
│ (index) │  c   │  h   │  l   │  o   │  bu  │  val_bu  │ total_vol │ sum_vol │   val    │ acum_val │   datetime    │            date            │ pbu  │ psd  │ puk │    bs    │    sb    │ abu │  asd  │ auk │ rbu │ bu-sd │ bu-sd_val │ acum_busd │ acum_busd_val │ sd  │ val_sd  │ rsd │
├─────────┼──────┼──────┼──────┼──────┼──────┼──────────┼───────────┼─────────┼──────────┼──────────┼───────────────┼────────────────────────────┼──────┼──────┼─────┼──────────┼──────────┼─────┼───────┼─────┼─────┼───────┼───────────┼───────────┼───────────────┼─────┼─────────┼─────┤
│    0    │ 3.98 │ 3.98 │ 3.98 │ 3.98 │ 100  │  398000  │    100    │   100   │  398000  │  398000  │ 1673515500000 │ '2023-01-12T09:25:00.000Z' │ 100  │  0   │  0  │ Infinity │    0     │ 400 │ 127.8 │  0  │ 0.3 │  100  │  398000   │    100    │    398000     │     │         │     │
│    1    │ 3.98 │ 3.98 │ 3.98 │ 3.98 │      │          │    200    │   100   │  398000  │  796000  │ 1673516700000 │ '2023-01-12T09:45:00.000Z' │  0   │ 100  │  0  │    0     │ Infinity │ 400 │ 127.8 │  0  │     │ -100  │  -398000  │     0     │       0       │ 100 │ 398000  │ 0.8 │
│    2    │ 3.99 │ 3.99 │ 3.99 │ 3.99 │ 100  │  399000  │    300    │   100   │  399000  │ 1195000  │ 1673517300000 │ '2023-01-12T09:55:00.000Z' │ 100  │  0   │  0  │ Infinity │    0     │ 400 │ 127.8 │  0  │ 0.3 │  100  │  399000   │    100    │    399000     │     │         │     │
│    3    │ 3.9  │ 3.9  │ 3.9  │ 3.9  │      │          │    500    │   200   │  780000  │ 1975000  │ 1673517900000 │ '2023-01-12T10:05:00.000Z' │  0   │ 100  │  0  │    0     │ Infinity │ 400 │ 127.8 │  0  │     │ -200  │  -780000  │   -100    │    -381000    │ 200 │ 780000  │ 1.6 │
│    4    │ 3.9  │ 3.9  │ 3.9  │ 3.9  │ 100  │  390000  │    600    │   100   │  390000  │ 2365000  │ 1673518200000 │ '2023-01-12T10:10:00.000Z' │ 100  │  0   │  0  │ Infinity │    0     │ 400 │ 127.8 │  0  │ 0.3 │  100  │  390000   │     0     │     9000      │     │         │     │
│    5    │ 3.9  │ 3.9  │ 3.9  │ 3.9  │ 100  │  390000  │    700    │   100   │  390000  │ 2755000  │ 1673518500000 │ '2023-01-12T10:15:00.000Z' │ 100  │  0   │  0  │ Infinity │    0     │ 400 │ 127.8 │  0  │ 0.3 │  100  │  390000   │    100    │    399000     │     │         │     │
│    6    │ 3.85 │ 3.88 │ 3.85 │ 3.88 │ 500  │ 1925000  │   1600    │   900   │ 3469000  │ 6224000  │ 1673518800000 │ '2023-01-12T10:20:00.000Z' │ 55.6 │ 44.4 │  0  │   1.3    │   0.8    │ 400 │ 127.8 │  0  │ 1.3 │  100  │  381000   │    200    │    780000     │ 400 │ 1544000 │ 3.1 │
│    7    │ 3.85 │ 3.85 │ 3.85 │ 3.85 │ 3000 │ 11550000 │   4600    │  3000   │ 11550000 │ 17774000 │ 1673519400000 │ '2023-01-12T10:30:00.000Z' │ 100  │  0   │  0  │ Infinity │    0     │ 400 │ 127.8 │  0  │ 7.5 │ 3000  │ 11550000  │   3200    │   12330000    │     │         │     │
│    8    │ 3.9  │ 3.9  │ 3.9  │ 3.9  │ 800  │ 3120000  │   5600    │  1000   │ 3900000  │ 21674000 │ 1673519700000 │ '2023-01-12T10:35:00.000Z' │  80  │  20  │  0  │    4     │   0.3    │ 400 │ 127.8 │  0  │  2  │  600  │  2340000  │   3800    │   14670000    │ 200 │ 780000  │ 1.6 │
│    9    │  4   │  4   │ 3.99 │ 3.99 │ 2000 │ 7993000  │   7600    │  2000   │ 7993000  │ 29667000 │ 1673520000000 │ '2023-01-12T10:40:00.000Z' │ 100  │  0   │  0  │ Infinity │    0     │ 400 │ 127.8 │  0  │  5  │ 2000  │  7993000  │   5800    │   22663000    │     │         │     │
│   10    │ 3.9  │ 3.9  │ 3.9  │ 3.9  │      │          │   8100    │   500   │ 1950000  │ 31617000 │ 1673528400000 │ '2023-01-12T13:00:00.000Z' │  0   │ 100  │  0  │    0     │ Infinity │ 400 │ 127.8 │  0  │     │ -500  │ -1950000  │   5300    │   20713000    │ 500 │ 1950000 │ 3.9 │
│   11    │ 3.85 │ 3.85 │ 3.85 │ 3.85 │      │          │   8300    │   200   │  770000  │ 32387000 │ 1673529300000 │ '2023-01-12T13:15:00.000Z' │  0   │ 100  │  0  │    0     │ Infinity │ 400 │ 127.8 │  0  │     │ -200  │  -770000  │   5100    │   19943000    │ 200 │ 770000  │ 1.6 │
│   12    │ 3.85 │ 3.85 │ 3.85 │ 3.85 │      │          │   8500    │   200   │  770000  │ 33157000 │ 1673529600000 │ '2023-01-12T13:20:00.000Z' │  0   │ 100  │  0  │    0     │ Infinity │ 400 │ 127.8 │  0  │     │ -200  │  -770000  │   4900    │   19173000    │ 200 │ 770000  │ 1.6 │
│   13    │ 3.85 │ 3.85 │ 3.85 │ 3.85 │      │          │   8600    │   100   │  385000  │ 33542000 │ 1673530200000 │ '2023-01-12T13:30:00.000Z' │  0   │ 100  │  0  │    0     │ Infinity │ 400 │ 127.8 │  0  │     │ -100  │  -385000  │   4800    │   18788000    │ 100 │ 385000  │ 0.8 │
│   14    │ 3.85 │ 3.85 │ 3.85 │ 3.85 │      │          │   9000    │   400   │ 1540000  │ 35082000 │ 1673530800000 │ '2023-01-12T13:40:00.000Z' │  0   │ 100  │  0  │    0     │ Infinity │ 400 │ 127.8 │  0  │     │ -400  │ -1540000  │   4400    │   17248000    │ 400 │ 1540000 │ 3.1 │
│   15    │ 3.9  │ 3.9  │ 3.9  │ 3.9  │ 300  │ 1170000  │   9300    │   300   │ 1170000  │ 36252000 │ 1673532000000 │ '2023-01-12T14:00:00.000Z' │ 100  │  0   │  0  │ Infinity │    0     │ 400 │ 127.8 │  0  │ 0.8 │  300  │  1170000  │   4700    │   18418000    │     │         │     │
│   16    │ 3.9  │ 3.9  │ 3.9  │ 3.9  │ 100  │  390000  │   9400    │   100   │  390000  │ 36642000 │ 1673532300000 │ '2023-01-12T14:05:00.000Z' │ 100  │  0   │  0  │ Infinity │    0     │ 400 │ 127.8 │  0  │ 0.3 │  100  │  390000   │   4800    │   18808000    │     │         │     │
│   17    │ 3.9  │ 3.9  │ 3.9  │ 3.9  │ 100  │  390000  │   9500    │   100   │  390000  │ 37032000 │ 1673532900000 │ '2023-01-12T14:15:00.000Z' │ 100  │  0   │  0  │ Infinity │    0     │ 400 │ 127.8 │  0  │ 0.3 │  100  │  390000   │   4900    │   19198000    │     │         │     │
└─────────┴──────┴──────┴──────┴──────┴──────┴──────────┴───────────┴─────────┴──────────┴──────────┴───────────────┴────────────────────────────┴──────┴──────┴─────┴──────────┴──────────┴─────┴───────┴─────┴─────┴───────┴───────────┴───────────┴───────────────┴─────┴─────────┴─────┘

