┌─────────┬──────┬──────┬──────┬──────┬──────┬──────────┬───────────┬─────────┬──────────┬───────────┬───────────────┬────────────────────────────┬──────┬──────┬─────┬──────────┬──────────┬───────┬───────┬─────┬──────┬───────┬───────────┬───────────┬───────────────┬──────┬──────────┬─────┐
│ (index) │  c   │  h   │  l   │  o   │  bu  │  val_bu  │ total_vol │ sum_vol │   val    │ acum_val  │   datetime    │            date            │ pbu  │ psd  │ puk │    bs    │    sb    │  abu  │  asd  │ auk │ rbu  │ bu-sd │ bu-sd_val │ acum_busd │ acum_busd_val │  sd  │  val_sd  │ rsd │
├─────────┼──────┼──────┼──────┼──────┼──────┼──────────┼───────────┼─────────┼──────────┼───────────┼───────────────┼────────────────────────────┼──────┼──────┼─────┼──────────┼──────────┼───────┼───────┼─────┼──────┼───────┼───────────┼───────────┼───────────────┼──────┼──────────┼─────┤
│    0    │ 3.15 │ 3.15 │ 3.15 │ 3.15 │ 6500 │ 20475000 │   6500    │  6500   │ 20475000 │ 20475000  │ 1673514840000 │ '2023-01-12T09:14:00.000Z' │ 100  │  0   │  0  │ Infinity │    0     │ 537.5 │ 622.5 │  0  │ 12.1 │ 6500  │ 20475000  │   6500    │   20475000    │      │          │     │
│    1    │ 3.15 │ 3.15 │ 3.13 │ 3.13 │ 1000 │ 3150000  │   8500    │  2000   │ 6280000  │ 26755000  │ 1673514960000 │ '2023-01-12T09:16:00.000Z' │  50  │  50  │  0  │    1     │    1     │ 537.5 │ 622.5 │  0  │ 1.9  │   0   │   20000   │   6500    │   20495000    │ 1000 │ 3130000  │ 1.6 │
│    2    │ 3.13 │ 3.13 │ 3.13 │ 3.13 │      │          │   10500   │  2000   │ 6260000  │ 33015000  │ 1673515080000 │ '2023-01-12T09:18:00.000Z' │  0   │ 100  │  0  │    0     │ Infinity │ 537.5 │ 622.5 │  0  │      │ -2000 │ -6260000  │   4500    │   14235000    │ 2000 │ 6260000  │ 3.2 │
│    3    │ 3.15 │ 3.15 │ 3.15 │ 3.15 │ 100  │  315000  │   10600   │   100   │  315000  │ 33330000  │ 1673515320000 │ '2023-01-12T09:22:00.000Z' │ 100  │  0   │  0  │ Infinity │    0     │ 537.5 │ 622.5 │  0  │ 0.2  │  100  │  315000   │   4600    │   14550000    │      │          │     │
│    4    │ 3.15 │ 3.15 │ 3.15 │ 3.15 │ 100  │  315000  │   10700   │   100   │  315000  │ 33645000  │ 1673515440000 │ '2023-01-12T09:24:00.000Z' │ 100  │  0   │  0  │ Infinity │    0     │ 537.5 │ 622.5 │  0  │ 0.2  │  100  │  315000   │   4700    │   14865000    │      │          │     │
│    5    │ 3.15 │ 3.15 │ 3.15 │ 3.15 │      │          │   11200   │   500   │ 1575000  │ 35220000  │ 1673515560000 │ '2023-01-12T09:26:00.000Z' │  0   │ 100  │  0  │    0     │ Infinity │ 537.5 │ 622.5 │  0  │      │ -500  │ -1575000  │   4200    │   13290000    │ 500  │ 1575000  │ 0.8 │
│    6    │ 3.15 │ 3.15 │ 3.15 │ 3.15 │      │          │   12100   │   900   │ 2835000  │ 38055000  │ 1673516040000 │ '2023-01-12T09:34:00.000Z' │  0   │ 100  │  0  │    0     │ Infinity │ 537.5 │ 622.5 │  0  │      │ -900  │ -2835000  │   3300    │   10455000    │ 900  │ 2835000  │ 1.4 │
│    7    │ 3.13 │ 3.14 │ 3.13 │ 3.14 │      │          │   13400   │  1300   │ 4070000  │ 42125000  │ 1673516160000 │ '2023-01-12T09:36:00.000Z' │  0   │ 100  │  0  │    0     │ Infinity │ 537.5 │ 622.5 │  0  │      │ -1300 │ -4070000  │   2000    │    6385000    │ 1300 │ 4070000  │ 2.1 │
│    8    │ 3.13 │ 3.13 │ 3.13 │ 3.13 │      │          │   13500   │   100   │  313000  │ 42438000  │ 1673516400000 │ '2023-01-12T09:40:00.000Z' │  0   │ 100  │  0  │    0     │ Infinity │ 537.5 │ 622.5 │  0  │      │ -100  │  -313000  │   1900    │    6072000    │ 100  │  313000  │ 0.2 │
│    9    │ 3.14 │ 3.14 │ 3.14 │ 3.14 │      │          │   13600   │   100   │  314000  │ 42752000  │ 1673516640000 │ '2023-01-12T09:44:00.000Z' │  0   │ 100  │  0  │    0     │ Infinity │ 537.5 │ 622.5 │  0  │      │ -100  │  -314000  │   1800    │    5758000    │ 100  │  314000  │ 0.2 │
│   10    │ 3.13 │ 3.13 │ 3.13 │ 3.13 │      │          │   13800   │   200   │  626000  │ 43378000  │ 1673516760000 │ '2023-01-12T09:46:00.000Z' │  0   │ 100  │  0  │    0     │ Infinity │ 537.5 │ 622.5 │  0  │      │ -200  │  -626000  │   1600    │    5132000    │ 200  │  626000  │ 0.3 │
│   11    │ 3.14 │ 3.14 │ 3.14 │ 3.14 │ 1900 │ 5966000  │   15700   │  1900   │ 5966000  │ 49344000  │ 1673517720000 │ '2023-01-12T10:02:00.000Z' │ 100  │  0   │  0  │ Infinity │    0     │ 537.5 │ 622.5 │  0  │ 3.5  │ 1900  │  5966000  │   3500    │   11098000    │      │          │     │
│   12    │ 3.15 │ 3.15 │ 3.14 │ 3.14 │ 200  │  630000  │   16000   │   300   │  944000  │ 50288000  │ 1673517840000 │ '2023-01-12T10:04:00.000Z' │ 66.7 │ 33.3 │  0  │    2     │   0.5    │ 537.5 │ 622.5 │  0  │ 0.4  │  100  │  316000   │   3600    │   11414000    │ 100  │  314000  │ 0.2 │
│   13    │ 3.13 │ 3.13 │ 3.13 │ 3.13 │      │          │   16100   │   100   │  313000  │ 50601000  │ 1673518080000 │ '2023-01-12T10:08:00.000Z' │  0   │ 100  │  0  │    0     │ Infinity │ 537.5 │ 622.5 │  0  │      │ -100  │  -313000  │   3500    │   11101000    │ 100  │  313000  │ 0.2 │
│   14    │ 3.15 │ 3.15 │ 3.15 │ 3.15 │ 5000 │ 15750000 │   21100   │  5000   │ 15750000 │ 66351000  │ 1673518200000 │ '2023-01-12T10:10:00.000Z' │ 100  │  0   │  0  │ Infinity │    0     │ 537.5 │ 622.5 │  0  │ 9.3  │ 5000  │ 15750000  │   8500    │   26851000    │      │          │     │
│   15    │ 3.13 │ 3.13 │ 3.13 │ 3.13 │      │          │   25100   │  4000   │ 12520000 │ 78871000  │ 1673518440000 │ '2023-01-12T10:14:00.000Z' │  0   │ 100  │  0  │    0     │ Infinity │ 537.5 │ 622.5 │  0  │      │ -4000 │ -12520000 │   4500    │   14331000    │ 4000 │ 12520000 │ 6.4 │
│   16    │ 3.15 │ 3.15 │ 3.15 │ 3.15 │ 100  │  315000  │   25200   │   100   │  315000  │ 79186000  │ 1673519400000 │ '2023-01-12T10:30:00.000Z' │ 100  │  0   │  0  │ Infinity │    0     │ 537.5 │ 622.5 │  0  │ 0.2  │  100  │  315000   │   4600    │   14646000    │      │          │     │
│   17    │ 3.15 │ 3.15 │ 3.15 │ 3.15 │ 200  │  630000  │   25400   │   200   │  630000  │ 79816000  │ 1673519520000 │ '2023-01-12T10:32:00.000Z' │ 100  │  0   │  0  │ Infinity │    0     │ 537.5 │ 622.5 │  0  │ 0.4  │  200  │  630000   │   4800    │   15276000    │      │          │     │
│   18    │ 3.14 │ 3.14 │ 3.14 │ 3.14 │      │          │   26400   │  1000   │ 3140000  │ 82956000  │ 1673520600000 │ '2023-01-12T10:50:00.000Z' │  0   │ 100  │  0  │    0     │ Infinity │ 537.5 │ 622.5 │  0  │      │ -1000 │ -3140000  │   3800    │   12136000    │ 1000 │ 3140000  │ 1.6 │
│   19    │ 3.14 │ 3.14 │ 3.14 │ 3.14 │      │          │   27700   │  1300   │ 4082000  │ 87038000  │ 1673520720000 │ '2023-01-12T10:52:00.000Z' │  0   │ 100  │  0  │    0     │ Infinity │ 537.5 │ 622.5 │  0  │      │ -1300 │ -4082000  │   2500    │    8054000    │ 1300 │ 4082000  │ 2.1 │
│   20    │ 3.13 │ 3.14 │ 3.13 │ 3.14 │      │          │   30600   │  2900   │ 9091000  │ 96129000  │ 1673520840000 │ '2023-01-12T10:54:00.000Z' │  0   │ 100  │  0  │    0     │ Infinity │ 537.5 │ 622.5 │  0  │      │ -2900 │ -9091000  │   -400    │   -1037000    │ 2900 │ 9091000  │ 4.7 │
├─────────┼──────┼──────┼──────┼──────┼──────┼──────────┼───────────┼─────────┼──────────┼───────────┼───────────────┼────────────────────────────┼──────┼──────┼─────┼──────────┼──────────┼───────┼───────┼─────┼──────┼───────┼───────────┼───────────┼───────────────┼──────┼──────────┼─────┤
│ (index) │  c   │  h   │  l   │  o   │  bu  │  val_bu  │ total_vol │ sum_vol │   val    │ acum_val  │   datetime    │            date            │ pbu  │ psd  │ puk │    bs    │    sb    │  abu  │  asd  │ auk │ rbu  │ bu-sd │ bu-sd_val │ acum_busd │ acum_busd_val │  sd  │  val_sd  │ rsd │
├─────────┼──────┼──────┼──────┼──────┼──────┼──────────┼───────────┼─────────┼──────────┼───────────┼───────────────┼────────────────────────────┼──────┼──────┼─────┼──────────┼──────────┼───────┼───────┼─────┼──────┼───────┼───────────┼───────────┼───────────────┼──────┼──────────┼─────┤
│   21    │ 3.13 │ 3.13 │ 3.13 │ 3.13 │      │          │   31300   │   700   │ 2191000  │ 98320000  │ 1673520960000 │ '2023-01-12T10:56:00.000Z' │  0   │ 100  │  0  │    0     │ Infinity │ 537.5 │ 622.5 │  0  │      │ -700  │ -2191000  │   -1100   │   -3228000    │ 700  │ 2191000  │ 1.1 │
│   22    │ 3.13 │ 3.13 │ 3.13 │ 3.13 │ 100  │  313000  │   31400   │   100   │  313000  │ 98633000  │ 1673521080000 │ '2023-01-12T10:58:00.000Z' │ 100  │  0   │  0  │ Infinity │    0     │ 537.5 │ 622.5 │  0  │ 0.2  │  100  │  313000   │   -1000   │   -2915000    │      │          │     │
│   23    │ 3.12 │ 3.12 │ 3.12 │ 3.12 │      │          │   32400   │  1000   │ 3120000  │ 101753000 │ 1673521800000 │ '2023-01-12T11:10:00.000Z' │  0   │ 100  │  0  │    0     │ Infinity │ 537.5 │ 622.5 │  0  │      │ -1000 │ -3120000  │   -2000   │   -6035000    │ 1000 │ 3120000  │ 1.6 │
│   24    │ 3.12 │ 3.12 │ 3.12 │ 3.12 │ 2800 │ 8736000  │   35400   │  3000   │ 9360000  │ 111113000 │ 1673521920000 │ '2023-01-12T11:12:00.000Z' │ 93.3 │ 6.7  │  0  │    14    │   0.1    │ 537.5 │ 622.5 │  0  │ 5.2  │ 2600  │  8112000  │    600    │    2077000    │ 200  │  624000  │ 0.3 │
│   25    │ 3.12 │ 3.12 │ 3.12 │ 3.12 │      │          │   37600   │  2200   │ 6864000  │ 117977000 │ 1673528400000 │ '2023-01-12T13:00:00.000Z' │  0   │ 100  │  0  │    0     │ Infinity │ 537.5 │ 622.5 │  0  │      │ -2200 │ -6864000  │   -1600   │   -4787000    │ 2200 │ 6864000  │ 3.5 │
│   26    │ 3.13 │ 3.13 │ 3.13 │ 3.13 │ 300  │  939000  │   37900   │   300   │  939000  │ 118916000 │ 1673528880000 │ '2023-01-12T13:08:00.000Z' │ 100  │  0   │  0  │ Infinity │    0     │ 537.5 │ 622.5 │  0  │ 0.6  │  300  │  939000   │   -1300   │   -3848000    │      │          │     │
│   27    │ 3.13 │ 3.13 │ 3.13 │ 3.13 │ 500  │ 1565000  │   38400   │   500   │ 1565000  │ 120481000 │ 1673529000000 │ '2023-01-12T13:10:00.000Z' │ 100  │  0   │  0  │ Infinity │    0     │ 537.5 │ 622.5 │  0  │ 0.9  │  500  │  1565000  │   -800    │   -2283000    │      │          │     │
│   28    │ 3.13 │ 3.13 │ 3.13 │ 3.13 │ 1000 │ 3130000  │   39400   │  1000   │ 3130000  │ 123611000 │ 1673529120000 │ '2023-01-12T13:12:00.000Z' │ 100  │  0   │  0  │ Infinity │    0     │ 537.5 │ 622.5 │  0  │ 1.9  │ 1000  │  3130000  │    200    │    847000     │      │          │     │
│   29    │ 3.13 │ 3.13 │ 3.13 │ 3.13 │ 300  │  939000  │   39700   │   300   │  939000  │ 124550000 │ 1673530920000 │ '2023-01-12T13:42:00.000Z' │ 100  │  0   │  0  │ Infinity │    0     │ 537.5 │ 622.5 │  0  │ 0.6  │  300  │  939000   │    500    │    1786000    │      │          │     │
│   30    │ 3.13 │ 3.13 │ 3.13 │ 3.13 │ 100  │  313000  │   39800   │   100   │  313000  │ 124863000 │ 1673531400000 │ '2023-01-12T13:50:00.000Z' │ 100  │  0   │  0  │ Infinity │    0     │ 537.5 │ 622.5 │  0  │ 0.2  │  100  │  313000   │    600    │    2099000    │      │          │     │
│   31    │ 3.12 │ 3.12 │ 3.12 │ 3.12 │      │          │   42400   │  2600   │ 8112000  │ 132975000 │ 1673531520000 │ '2023-01-12T13:52:00.000Z' │  0   │ 100  │  0  │    0     │ Infinity │ 537.5 │ 622.5 │  0  │      │ -2600 │ -8112000  │   -2000   │   -6013000    │ 2600 │ 8112000  │ 4.2 │
│   32    │ 3.12 │ 3.12 │ 3.12 │ 3.12 │ 100  │  312000  │   42500   │   100   │  312000  │ 133287000 │ 1673532240000 │ '2023-01-12T14:04:00.000Z' │ 100  │  0   │  0  │ Infinity │    0     │ 537.5 │ 622.5 │  0  │ 0.2  │  100  │  312000   │   -1900   │   -5701000    │      │          │     │
│   33    │ 3.12 │ 3.12 │ 3.12 │ 3.12 │ 1000 │ 3120000  │   43500   │  1000   │ 3120000  │ 136407000 │ 1673532480000 │ '2023-01-12T14:08:00.000Z' │ 100  │  0   │  0  │ Infinity │    0     │ 537.5 │ 622.5 │  0  │ 1.9  │ 1000  │  3120000  │   -900    │   -2581000    │      │          │     │
│   34    │ 3.12 │ 3.12 │ 3.12 │ 3.12 │      │          │   43600   │   100   │  312000  │ 136719000 │ 1673532600000 │ '2023-01-12T14:10:00.000Z' │  0   │ 100  │  0  │    0     │ Infinity │ 537.5 │ 622.5 │  0  │      │ -100  │  -312000  │   -1000   │   -2893000    │ 100  │  312000  │ 0.2 │
│   35    │ 3.11 │ 3.11 │ 3.11 │ 3.11 │      │          │   45700   │  2100   │ 6531000  │ 143250000 │ 1673532840000 │ '2023-01-12T14:14:00.000Z' │  0   │ 100  │  0  │    0     │ Infinity │ 537.5 │ 622.5 │  0  │      │ -2100 │ -6531000  │   -3100   │   -9424000    │ 2100 │ 6531000  │ 3.4 │
│   36    │ 3.1  │ 3.1  │ 3.1  │ 3.1  │      │          │   46100   │   400   │ 1240000  │ 144490000 │ 1673532960000 │ '2023-01-12T14:16:00.000Z' │  0   │ 100  │  0  │    0     │ Infinity │ 537.5 │ 622.5 │  0  │      │ -400  │ -1240000  │   -3500   │   -10664000   │ 400  │ 1240000  │ 0.6 │
│   37    │ 3.12 │ 3.12 │ 3.12 │ 3.12 │ 100  │  312000  │   46200   │   100   │  312000  │ 144802000 │ 1673533560000 │ '2023-01-12T14:26:00.000Z' │ 100  │  0   │  0  │ Infinity │    0     │ 537.5 │ 622.5 │  0  │ 0.2  │  100  │  312000   │   -3400   │   -10352000   │      │          │     │
│   38    │ 3.12 │ 3.12 │ 3.12 │ 3.12 │ 100  │  312000  │   46300   │   100   │  312000  │ 145114000 │ 1673533680000 │ '2023-01-12T14:28:00.000Z' │ 100  │  0   │  0  │ Infinity │    0     │ 537.5 │ 622.5 │  0  │ 0.2  │  100  │  312000   │   -3300   │   -10040000   │      │          │     │
│   39    │ 3.11 │ 3.11 │ 3.11 │ 3.11 │      │          │   46400   │   100   │  311000  │ 145425000 │ 1673534640000 │ '2023-01-12T14:44:00.000Z' │  0   │ 100  │  0  │    0     │ Infinity │ 537.5 │ 622.5 │  0  │      │ -100  │  -311000  │   -3400   │   -10351000   │ 100  │  311000  │ 0.2 │
└─────────┴──────┴──────┴──────┴──────┴──────┴──────────┴───────────┴─────────┴──────────┴───────────┴───────────────┴────────────────────────────┴──────┴──────┴─────┴──────────┴──────────┴───────┴───────┴─────┴──────┴───────┴───────────┴───────────┴───────────────┴──────┴──────────┴─────┘
├─────────┼──────┼──────┼──────┼──────┼──────┼──────────┼───────────┼─────────┼──────────┼───────────┼───────────────┼────────────────────────────┼──────┼──────┼─────┼──────────┼──────────┼───────┼───────┼─────┼──────┼───────┼───────────┼───────────┼───────────────┼──────┼──────────┼─────┤
│ (index) │  c   │  h   │  l   │  o   │  bu  │  val_bu  │ total_vol │ sum_vol │   val    │ acum_val  │   datetime    │            date            │ pbu  │ psd  │ puk │    bs    │    sb    │  abu  │  asd  │ auk │ rbu  │ bu-sd │ bu-sd_val │ acum_busd │ acum_busd_val │  sd  │  val_sd  │ rsd │
├─────────┼──────┼──────┼──────┼──────┼──────┼──────────┼───────────┼─────────┼──────────┼───────────┼───────────────┼────────────────────────────┼──────┼──────┼─────┼──────────┼──────────┼───────┼───────┼─────┼──────┼───────┼───────────┼───────────┼───────────────┼──────┼──────────┼─────┤

