┌─────────┬─────┬─────┬─────┬─────┬──────┬──────────┬───────────┬─────────┬──────────┬───────────┬───────────────┬────────────────────────────┬─────┬─────┬─────┬──────────┬──────────┬───────┬───────┬─────┬─────┬───────┬───────────┬───────────┬───────────────┬──────┬──────────┬─────┐
│ (index) │  c  │  h  │  l  │  o  │  sd  │  val_sd  │ total_vol │ sum_vol │   val    │ acum_val  │   datetime    │            date            │ pbu │ psd │ puk │    bs    │    sb    │  abu  │  asd  │ auk │ rsd │ bu-sd │ bu-sd_val │ acum_busd │ acum_busd_val │  bu  │  val_bu  │ rbu │
├─────────┼─────┼─────┼─────┼─────┼──────┼──────────┼───────────┼─────────┼──────────┼───────────┼───────────────┼────────────────────────────┼─────┼─────┼─────┼──────────┼──────────┼───────┼───────┼─────┼─────┼───────┼───────────┼───────────┼───────────────┼──────┼──────────┼─────┤
│    0    │ 7.1 │ 7.1 │ 7.1 │ 7.1 │ 2000 │ 14200000 │   2000    │  2000   │ 14200000 │ 14200000  │ 1675935720000 │ '2023-02-09T09:42:00.000Z' │  0  │ 100 │  0  │    0     │ Infinity │ 433.3 │ 366.7 │  0  │ 5.5 │ -2000 │ -14200000 │   -2000   │   -14200000   │      │          │     │
│    1    │ 7.1 │ 7.1 │ 7.1 │ 7.1 │ 200  │ 1420000  │   2200    │   200   │ 1420000  │ 15620000  │ 1675936440000 │ '2023-02-09T09:54:00.000Z' │  0  │ 100 │  0  │    0     │ Infinity │ 433.3 │ 366.7 │  0  │ 0.5 │ -200  │ -1420000  │   -2200   │   -15620000   │      │          │     │
│    2    │ 7.1 │ 7.1 │ 7.1 │ 7.1 │ 500  │ 3550000  │   2700    │   500   │ 3550000  │ 19170000  │ 1675936560000 │ '2023-02-09T09:56:00.000Z' │  0  │ 100 │  0  │    0     │ Infinity │ 433.3 │ 366.7 │  0  │ 1.4 │ -500  │ -3550000  │   -2700   │   -19170000   │      │          │     │
│    3    │ 7.1 │ 7.1 │ 7.1 │ 7.1 │ 100  │  710000  │   2800    │   100   │  710000  │ 19880000  │ 1675936800000 │ '2023-02-09T10:00:00.000Z' │  0  │ 100 │  0  │    0     │ Infinity │ 433.3 │ 366.7 │  0  │ 0.3 │ -100  │  -710000  │   -2800   │   -19880000   │      │          │     │
│    4    │ 7.1 │ 7.1 │ 7.1 │ 7.1 │      │          │   3600    │   800   │ 5680000  │ 25560000  │ 1675938000000 │ '2023-02-09T10:20:00.000Z' │ 100 │  0  │  0  │ Infinity │    0     │ 433.3 │ 366.7 │  0  │     │  800  │  5680000  │   -2000   │   -14200000   │ 800  │ 5680000  │ 1.8 │
│    5    │ 7.1 │ 7.1 │ 7.1 │ 7.1 │      │          │   7800    │  4200   │ 29820000 │ 55380000  │ 1675938720000 │ '2023-02-09T10:32:00.000Z' │ 100 │  0  │  0  │ Infinity │    0     │ 433.3 │ 366.7 │  0  │     │ 4200  │ 29820000  │   2200    │   15620000    │ 4200 │ 29820000 │ 9.7 │
│    6    │ 7.1 │ 7.1 │ 7.1 │ 7.1 │ 100  │  710000  │   7900    │   100   │  710000  │ 56090000  │ 1675939200000 │ '2023-02-09T10:40:00.000Z' │  0  │ 100 │  0  │    0     │ Infinity │ 433.3 │ 366.7 │  0  │ 0.3 │ -100  │  -710000  │   2100    │   14910000    │      │          │     │
│    7    │ 7.1 │ 7.1 │ 7.1 │ 7.1 │ 600  │ 4260000  │   8500    │   600   │ 4260000  │ 60350000  │ 1675939800000 │ '2023-02-09T10:50:00.000Z' │  0  │ 100 │  0  │    0     │ Infinity │ 433.3 │ 366.7 │  0  │ 1.6 │ -600  │ -4260000  │   1500    │   10650000    │      │          │     │
│    8    │ 7.2 │ 7.2 │ 7.2 │ 7.2 │      │          │   8600    │   100   │  720000  │ 61070000  │ 1675941120000 │ '2023-02-09T11:12:00.000Z' │ 100 │  0  │  0  │ Infinity │    0     │ 433.3 │ 366.7 │  0  │     │  100  │  720000   │   1600    │   11370000    │ 100  │  720000  │ 0.2 │
│    9    │ 7.2 │ 7.2 │ 7.2 │ 7.2 │      │          │   8900    │   300   │ 2160000  │ 63230000  │ 1675941240000 │ '2023-02-09T11:14:00.000Z' │ 100 │  0  │  0  │ Infinity │    0     │ 433.3 │ 366.7 │  0  │     │  300  │  2160000  │   1900    │   13530000    │ 300  │ 2160000  │ 0.7 │
│   10    │ 7.1 │ 7.1 │ 7.1 │ 7.1 │ 100  │  710000  │   9000    │   100   │  710000  │ 63940000  │ 1675942080000 │ '2023-02-09T11:28:00.000Z' │  0  │ 100 │  0  │    0     │ Infinity │ 433.3 │ 366.7 │  0  │ 0.3 │ -100  │  -710000  │   1800    │   12820000    │      │          │     │
│   11    │ 7.2 │ 7.2 │ 7.2 │ 7.2 │      │          │   10000   │  1000   │ 7200000  │ 71140000  │ 1675947840000 │ '2023-02-09T13:04:00.000Z' │ 100 │  0  │  0  │ Infinity │    0     │ 433.3 │ 366.7 │  0  │     │ 1000  │  7200000  │   2800    │   20020000    │ 1000 │ 7200000  │ 2.3 │
│   12    │ 7.1 │ 7.1 │ 7.1 │ 7.1 │ 100  │  710000  │   10100   │   100   │  710000  │ 71850000  │ 1675948560000 │ '2023-02-09T13:16:00.000Z' │  0  │ 100 │  0  │    0     │ Infinity │ 433.3 │ 366.7 │  0  │ 0.3 │ -100  │  -710000  │   2700    │   19310000    │      │          │     │
│   13    │ 7.1 │ 7.1 │ 7.1 │ 7.1 │ 200  │ 1420000  │   10300   │   200   │ 1420000  │ 73270000  │ 1675949040000 │ '2023-02-09T13:24:00.000Z' │  0  │ 100 │  0  │    0     │ Infinity │ 433.3 │ 366.7 │  0  │ 0.5 │ -200  │ -1420000  │   2500    │   17890000    │      │          │     │
│   14    │ 7.1 │ 7.1 │ 7.1 │ 7.1 │ 2000 │ 14200000 │   12300   │  2000   │ 14200000 │ 87470000  │ 1675949640000 │ '2023-02-09T13:34:00.000Z' │  0  │ 100 │  0  │    0     │ Infinity │ 433.3 │ 366.7 │  0  │ 5.5 │ -2000 │ -14200000 │    500    │    3690000    │      │          │     │
│   15    │ 7.1 │ 7.1 │ 7.1 │ 7.1 │ 100  │  710000  │   12400   │   100   │  710000  │ 88180000  │ 1675952640000 │ '2023-02-09T14:24:00.000Z' │  0  │ 100 │  0  │    0     │ Infinity │ 433.3 │ 366.7 │  0  │ 0.3 │ -100  │  -710000  │    400    │    2980000    │      │          │     │
│   16    │ 7.1 │ 7.1 │ 7.1 │ 7.1 │ 600  │ 4260000  │   13000   │   600   │ 4260000  │ 92440000  │ 1675953480000 │ '2023-02-09T14:38:00.000Z' │  0  │ 100 │  0  │    0     │ Infinity │ 433.3 │ 366.7 │  0  │ 1.6 │ -600  │ -4260000  │   -200    │   -1280000    │      │          │     │
│   17    │ 7.3 │ 7.3 │ 7.3 │ 7.3 │      │          │   14400   │  1400   │ 10220000 │ 102660000 │ 1675954680000 │ '2023-02-09T14:58:00.000Z' │ 100 │  0  │  0  │ Infinity │    0     │ 433.3 │ 366.7 │  0  │     │ 1400  │ 10220000  │   1200    │    8940000    │ 1400 │ 10220000 │ 3.2 │
└─────────┴─────┴─────┴─────┴─────┴──────┴──────────┴───────────┴─────────┴──────────┴───────────┴───────────────┴────────────────────────────┴─────┴─────┴─────┴──────────┴──────────┴───────┴───────┴─────┴─────┴───────┴───────────┴───────────┴───────────────┴──────┴──────────┴─────┘

