┌─────────┬───────┬───────┬───────┬───────┬──────┬──────────┬───────────┬─────────┬──────────┬───────────┬───────────────┬────────────────────────────┬─────┬──────┬─────┬──────────┬──────────┬─────┬───────┬─────┬─────┬───────┬───────────┬───────────┬───────────────┬──────┬──────────┬─────┐
│ (index) │   c   │   h   │   l   │   o   │  bu  │  val_bu  │ total_vol │ sum_vol │   val    │ acum_val  │   datetime    │            date            │ pbu │ psd  │ puk │    bs    │    sb    │ abu │  asd  │ auk │ rbu │ bu-sd │ bu-sd_val │ acum_busd │ acum_busd_val │  sd  │  val_sd  │ rsd │
├─────────┼───────┼───────┼───────┼───────┼──────┼──────────┼───────────┼─────────┼──────────┼───────────┼───────────────┼────────────────────────────┼─────┼──────┼─────┼──────────┼──────────┼─────┼───────┼─────┼─────┼───────┼───────────┼───────────┼───────────────┼──────┼──────────┼─────┤
│    0    │ 13.45 │ 13.45 │ 13.45 │ 13.45 │ 1100 │ 14795000 │   1100    │  1100   │ 14795000 │ 14795000  │ 1675934040000 │ '2023-02-09T09:14:00.000Z' │ 100 │  0   │  0  │ Infinity │    0     │ 600 │ 717.6 │  0  │ 1.8 │ 1100  │ 14795000  │   1100    │   14795000    │      │          │     │
│    1    │ 13.1  │ 13.1  │ 13.1  │ 13.1  │      │          │   6100    │  5000   │ 65500000 │ 80295000  │ 1675935840000 │ '2023-02-09T09:44:00.000Z' │  0  │ 100  │  0  │    0     │ Infinity │ 600 │ 717.6 │  0  │     │ -5000 │ -65500000 │   -3900   │   -50705000   │ 5000 │ 65500000 │  7  │
│    2    │ 13.1  │ 13.1  │ 13.1  │ 13.1  │      │          │   7300    │  1200   │ 15720000 │ 96015000  │ 1675935960000 │ '2023-02-09T09:46:00.000Z' │  0  │ 100  │  0  │    0     │ Infinity │ 600 │ 717.6 │  0  │     │ -1200 │ -15720000 │   -5100   │   -66425000   │ 1200 │ 15720000 │ 1.7 │
│    3    │ 13.15 │ 13.15 │ 13.15 │ 13.15 │      │          │   7600    │   300   │ 3945000  │ 99960000  │ 1675936800000 │ '2023-02-09T10:00:00.000Z' │  0  │ 100  │  0  │    0     │ Infinity │ 600 │ 717.6 │  0  │     │ -300  │ -3945000  │   -5400   │   -70370000   │ 300  │ 3945000  │ 0.4 │
│    4    │ 13.1  │ 13.1  │ 13.1  │ 13.1  │      │          │   10800   │  3200   │ 41920000 │ 141880000 │ 1675937640000 │ '2023-02-09T10:14:00.000Z' │  0  │ 100  │  0  │    0     │ Infinity │ 600 │ 717.6 │  0  │     │ -3200 │ -41920000 │   -8600   │  -112290000   │ 3200 │ 41920000 │ 4.5 │
│    5    │ 13.1  │ 13.1  │ 13.1  │ 13.1  │ 1100 │ 14410000 │   11900   │  1100   │ 14410000 │ 156290000 │ 1675937880000 │ '2023-02-09T10:18:00.000Z' │ 100 │  0   │  0  │ Infinity │    0     │ 600 │ 717.6 │  0  │ 1.8 │ 1100  │ 14410000  │   -7500   │   -97880000   │      │          │     │
│    6    │ 13.1  │ 13.1  │ 13.1  │ 13.1  │ 1200 │ 15720000 │   13100   │  1200   │ 15720000 │ 172010000 │ 1675938840000 │ '2023-02-09T10:34:00.000Z' │ 100 │  0   │  0  │ Infinity │    0     │ 600 │ 717.6 │  0  │  2  │ 1200  │ 15720000  │   -6300   │   -82160000   │      │          │     │
│    7    │ 13.1  │ 13.1  │ 13.1  │ 13.1  │ 2700 │ 35370000 │   15800   │  2700   │ 35370000 │ 207380000 │ 1675938960000 │ '2023-02-09T10:36:00.000Z' │ 100 │  0   │  0  │ Infinity │    0     │ 600 │ 717.6 │  0  │ 4.5 │ 2700  │ 35370000  │   -3600   │   -46790000   │      │          │     │
│    8    │ 13.1  │ 13.1  │ 13.1  │ 13.1  │      │          │   17300   │  1500   │ 19650000 │ 227030000 │ 1675939200000 │ '2023-02-09T10:40:00.000Z' │  0  │ 100  │  0  │    0     │ Infinity │ 600 │ 717.6 │  0  │     │ -1500 │ -19650000 │   -5100   │   -66440000   │ 1500 │ 19650000 │ 2.1 │
│    9    │ 13.1  │ 13.1  │ 13.1  │ 13.1  │ 200  │ 2620000  │   17500   │   200   │ 2620000  │ 229650000 │ 1675939800000 │ '2023-02-09T10:50:00.000Z' │ 100 │  0   │  0  │ Infinity │    0     │ 600 │ 717.6 │  0  │ 0.3 │  200  │  2620000  │   -4900   │   -63820000   │      │          │     │
│   10    │ 13.1  │ 13.1  │ 13.1  │ 13.1  │ 100  │ 1310000  │   17600   │   100   │ 1310000  │ 230960000 │ 1675940400000 │ '2023-02-09T11:00:00.000Z' │ 100 │  0   │  0  │ Infinity │    0     │ 600 │ 717.6 │  0  │ 0.2 │  100  │  1310000  │   -4800   │   -62510000   │      │          │     │
│   11    │ 13.1  │ 13.1  │ 13.1  │ 13.1  │ 100  │ 1310000  │   17700   │   100   │ 1310000  │ 232270000 │ 1675941240000 │ '2023-02-09T11:14:00.000Z' │ 100 │  0   │  0  │ Infinity │    0     │ 600 │ 717.6 │  0  │ 0.2 │  100  │  1310000  │   -4700   │   -61200000   │      │          │     │
│   12    │ 13.1  │ 13.1  │ 13.1  │ 13.1  │ 2200 │ 28820000 │   19900   │  2200   │ 28820000 │ 261090000 │ 1675941360000 │ '2023-02-09T11:16:00.000Z' │ 100 │  0   │  0  │ Infinity │    0     │ 600 │ 717.6 │  0  │ 3.7 │ 2200  │ 28820000  │   -2500   │   -32380000   │      │          │     │
│   13    │ 13.1  │ 13.1  │ 13.1  │ 13.1  │ 700  │ 9170000  │   20600   │   700   │ 9170000  │ 270260000 │ 1675942080000 │ '2023-02-09T11:28:00.000Z' │ 100 │  0   │  0  │ Infinity │    0     │ 600 │ 717.6 │  0  │ 1.2 │  700  │  9170000  │   -1800   │   -23210000   │      │          │     │
│   14    │ 13.25 │ 13.25 │ 13.1  │ 13.1  │ 100  │ 1325000  │   21700   │  1100   │ 14425000 │ 284685000 │ 1675949760000 │ '2023-02-09T13:36:00.000Z' │ 9.1 │ 90.9 │  0  │   0.1    │    10    │ 600 │ 717.6 │  0  │ 0.2 │ -900  │ -11775000 │   -2700   │   -34985000   │ 1000 │ 13100000 │ 1.4 │
│   15    │ 13.25 │ 13.25 │ 13.25 │ 13.25 │ 400  │ 5300000  │   22100   │   400   │ 5300000  │ 289985000 │ 1675952280000 │ '2023-02-09T14:18:00.000Z' │ 100 │  0   │  0  │ Infinity │    0     │ 600 │ 717.6 │  0  │ 0.7 │  400  │  5300000  │   -2300   │   -29685000   │      │          │     │
│   16    │ 13.3  │ 13.3  │ 13.3  │ 13.3  │ 300  │ 3990000  │   22400   │   300   │ 3990000  │ 293975000 │ 1675953840000 │ '2023-02-09T14:44:00.000Z' │ 100 │  0   │  0  │ Infinity │    0     │ 600 │ 717.6 │  0  │ 0.5 │  300  │  3990000  │   -2000   │   -25695000   │      │          │     │
└─────────┴───────┴───────┴───────┴───────┴──────┴──────────┴───────────┴─────────┴──────────┴───────────┴───────────────┴────────────────────────────┴─────┴──────┴─────┴──────────┴──────────┴─────┴───────┴─────┴─────┴───────┴───────────┴───────────┴───────────────┴──────┴──────────┴─────┘

