┌─────────┬─────┬─────┬─────┬─────┬──────┬─────────┬───────────┬─────────┬──────────┬───────────┬───────────────┬────────────────────────────┬──────┬──────┬─────┬──────────┬──────────┬───────┬────────┬─────┬─────┬────────┬───────────┬───────────┬───────────────┬───────┬──────────┬─────┐
│ (index) │  c  │  h  │  l  │  o  │  bu  │ val_bu  │ total_vol │ sum_vol │   val    │ acum_val  │   datetime    │            date            │ pbu  │ psd  │ puk │    bs    │    sb    │  abu  │  asd   │ auk │ rbu │ bu-sd  │ bu-sd_val │ acum_busd │ acum_busd_val │  sd   │  val_sd  │ rsd │
├─────────┼─────┼─────┼─────┼─────┼──────┼─────────┼───────────┼─────────┼──────────┼───────────┼───────────────┼────────────────────────────┼──────┼──────┼─────┼──────────┼──────────┼───────┼────────┼─────┼─────┼────────┼───────────┼───────────┼───────────────┼───────┼──────────┼─────┤
│    0    │ 1.7 │ 1.7 │ 1.7 │ 1.7 │ 100  │ 170000  │    100    │   100   │  170000  │  170000   │ 1675933920000 │ '2023-02-09T09:12:00.000Z' │ 100  │  0   │  0  │ Infinity │    0     │ 619.4 │ 2093.5 │  0  │ 0.2 │  100   │  170000   │    100    │    170000     │       │          │     │
│    1    │ 1.6 │ 1.6 │ 1.6 │ 1.6 │      │         │   1100    │  1000   │ 1600000  │  1770000  │ 1675934160000 │ '2023-02-09T09:16:00.000Z' │  0   │ 100  │  0  │    0     │ Infinity │ 619.4 │ 2093.5 │  0  │     │ -1000  │ -1600000  │   -900    │   -1430000    │ 1000  │ 1600000  │ 0.5 │
│    2    │ 1.7 │ 1.7 │ 1.7 │ 1.7 │ 100  │ 170000  │   1200    │   100   │  170000  │  1940000  │ 1675934280000 │ '2023-02-09T09:18:00.000Z' │ 100  │  0   │  0  │ Infinity │    0     │ 619.4 │ 2093.5 │  0  │ 0.2 │  100   │  170000   │   -800    │   -1260000    │       │          │     │
│    3    │ 1.6 │ 1.6 │ 1.6 │ 1.6 │      │         │   1700    │   500   │  800000  │  2740000  │ 1675936320000 │ '2023-02-09T09:52:00.000Z' │  0   │ 100  │  0  │    0     │ Infinity │ 619.4 │ 2093.5 │  0  │     │  -500  │  -800000  │   -1300   │   -2060000    │  500  │  800000  │ 0.2 │
│    4    │ 1.6 │ 1.6 │ 1.6 │ 1.6 │      │         │   11700   │  10000  │ 16000000 │ 18740000  │ 1675937160000 │ '2023-02-09T10:06:00.000Z' │  0   │ 100  │  0  │    0     │ Infinity │ 619.4 │ 2093.5 │  0  │     │ -10000 │ -16000000 │  -11300   │   -18060000   │ 10000 │ 16000000 │ 4.8 │
│    5    │ 1.6 │ 1.6 │ 1.6 │ 1.6 │      │         │   25800   │  14100  │ 22560000 │ 41300000  │ 1675937520000 │ '2023-02-09T10:12:00.000Z' │  0   │ 100  │  0  │    0     │ Infinity │ 619.4 │ 2093.5 │  0  │     │ -14100 │ -22560000 │  -25400   │   -40620000   │ 14100 │ 22560000 │ 6.7 │
│    6    │ 1.6 │ 1.6 │ 1.6 │ 1.6 │      │         │   27300   │  1500   │ 2400000  │ 43700000  │ 1675937880000 │ '2023-02-09T10:18:00.000Z' │  0   │ 100  │  0  │    0     │ Infinity │ 619.4 │ 2093.5 │  0  │     │ -1500  │ -2400000  │  -26900   │   -43020000   │ 1500  │ 2400000  │ 0.7 │
│    7    │ 1.6 │ 1.6 │ 1.6 │ 1.6 │      │         │   29100   │  1800   │ 2880000  │ 46580000  │ 1675938240000 │ '2023-02-09T10:24:00.000Z' │  0   │ 100  │  0  │    0     │ Infinity │ 619.4 │ 2093.5 │  0  │     │ -1800  │ -2880000  │  -28700   │   -45900000   │ 1800  │ 2880000  │ 0.9 │
│    8    │ 1.6 │ 1.6 │ 1.6 │ 1.6 │      │         │   39200   │  10100  │ 16160000 │ 62740000  │ 1675939440000 │ '2023-02-09T10:44:00.000Z' │  0   │ 100  │  0  │    0     │ Infinity │ 619.4 │ 2093.5 │  0  │     │ -10100 │ -16160000 │  -38800   │   -62060000   │ 10100 │ 16160000 │ 4.8 │
│    9    │ 1.6 │ 1.6 │ 1.6 │ 1.6 │      │         │   40200   │  1000   │ 1600000  │ 64340000  │ 1675939560000 │ '2023-02-09T10:46:00.000Z' │  0   │ 100  │  0  │    0     │ Infinity │ 619.4 │ 2093.5 │  0  │     │ -1000  │ -1600000  │  -39800   │   -63660000   │ 1000  │ 1600000  │ 0.5 │
│   10    │ 1.6 │ 1.6 │ 1.6 │ 1.6 │      │         │   41100   │   900   │ 1440000  │ 65780000  │ 1675940040000 │ '2023-02-09T10:54:00.000Z' │  0   │ 100  │  0  │    0     │ Infinity │ 619.4 │ 2093.5 │  0  │     │  -900  │ -1440000  │  -40700   │   -65100000   │  900  │ 1440000  │ 0.4 │
│   11    │ 1.6 │ 1.6 │ 1.6 │ 1.6 │      │         │   41200   │   100   │  160000  │ 65940000  │ 1675940520000 │ '2023-02-09T11:02:00.000Z' │  0   │ 100  │  0  │    0     │ Infinity │ 619.4 │ 2093.5 │  0  │     │  -100  │  -160000  │  -40800   │   -65260000   │  100  │  160000  │  0  │
│   12    │ 1.6 │ 1.6 │ 1.6 │ 1.6 │      │         │   41300   │   100   │  160000  │ 66100000  │ 1675941000000 │ '2023-02-09T11:10:00.000Z' │  0   │ 100  │  0  │    0     │ Infinity │ 619.4 │ 2093.5 │  0  │     │  -100  │  -160000  │  -40900   │   -65420000   │  100  │  160000  │  0  │
│   13    │ 1.6 │ 1.6 │ 1.6 │ 1.6 │      │         │   49900   │  8600   │ 13760000 │ 79860000  │ 1675942080000 │ '2023-02-09T11:28:00.000Z' │  0   │ 100  │  0  │    0     │ Infinity │ 619.4 │ 2093.5 │  0  │     │ -8600  │ -13760000 │  -49500   │   -79180000   │ 8600  │ 13760000 │ 4.1 │
│   14    │ 1.6 │ 1.6 │ 1.6 │ 1.6 │ 3600 │ 5760000 │   53500   │  3600   │ 5760000  │ 85620000  │ 1675947600000 │ '2023-02-09T13:00:00.000Z' │ 100  │  0   │  0  │ Infinity │    0     │ 619.4 │ 2093.5 │  0  │ 5.8 │  3600  │  5760000  │  -45900   │   -73420000   │       │          │     │
│   15    │ 1.6 │ 1.6 │ 1.6 │ 1.6 │ 100  │ 160000  │   53600   │   100   │  160000  │ 85780000  │ 1675948800000 │ '2023-02-09T13:20:00.000Z' │ 100  │  0   │  0  │ Infinity │    0     │ 619.4 │ 2093.5 │  0  │ 0.2 │  100   │  160000   │  -45800   │   -73260000   │       │          │     │
│   16    │ 1.6 │ 1.6 │ 1.6 │ 1.6 │ 2500 │ 4000000 │   56100   │  2500   │ 4000000  │ 89780000  │ 1675949400000 │ '2023-02-09T13:30:00.000Z' │ 100  │  0   │  0  │ Infinity │    0     │ 619.4 │ 2093.5 │  0  │  4  │  2500  │  4000000  │  -43300   │   -69260000   │       │          │     │
│   17    │ 1.6 │ 1.6 │ 1.6 │ 1.6 │ 1000 │ 1600000 │   57100   │  1000   │ 1600000  │ 91380000  │ 1675949520000 │ '2023-02-09T13:32:00.000Z' │ 100  │  0   │  0  │ Infinity │    0     │ 619.4 │ 2093.5 │  0  │ 1.6 │  1000  │  1600000  │  -42300   │   -67660000   │       │          │     │
│   18    │ 1.6 │ 1.6 │ 1.6 │ 1.6 │ 2300 │ 3680000 │   59400   │  2300   │ 3680000  │ 95060000  │ 1675949640000 │ '2023-02-09T13:34:00.000Z' │ 100  │  0   │  0  │ Infinity │    0     │ 619.4 │ 2093.5 │  0  │ 3.7 │  2300  │  3680000  │  -40000   │   -63980000   │       │          │     │
│   19    │ 1.6 │ 1.6 │ 1.6 │ 1.6 │ 300  │ 480000  │   59700   │   300   │  480000  │ 95540000  │ 1675950000000 │ '2023-02-09T13:40:00.000Z' │ 100  │  0   │  0  │ Infinity │    0     │ 619.4 │ 2093.5 │  0  │ 0.5 │  300   │  480000   │  -39700   │   -63500000   │       │          │     │
│   20    │ 1.5 │ 1.5 │ 1.5 │ 1.5 │      │         │   60200   │   500   │  750000  │ 96290000  │ 1675950360000 │ '2023-02-09T13:46:00.000Z' │  0   │ 100  │  0  │    0     │ Infinity │ 619.4 │ 2093.5 │  0  │     │  -500  │  -750000  │  -40200   │   -64250000   │  500  │  750000  │ 0.2 │
├─────────┼─────┼─────┼─────┼─────┼──────┼─────────┼───────────┼─────────┼──────────┼───────────┼───────────────┼────────────────────────────┼──────┼──────┼─────┼──────────┼──────────┼───────┼────────┼─────┼─────┼────────┼───────────┼───────────┼───────────────┼───────┼──────────┼─────┤
│ (index) │  c  │  h  │  l  │  o  │  bu  │ val_bu  │ total_vol │ sum_vol │   val    │ acum_val  │   datetime    │            date            │ pbu  │ psd  │ puk │    bs    │    sb    │  abu  │  asd   │ auk │ rbu │ bu-sd  │ bu-sd_val │ acum_busd │ acum_busd_val │  sd   │  val_sd  │ rsd │
├─────────┼─────┼─────┼─────┼─────┼──────┼─────────┼───────────┼─────────┼──────────┼───────────┼───────────────┼────────────────────────────┼──────┼──────┼─────┼──────────┼──────────┼───────┼────────┼─────┼─────┼────────┼───────────┼───────────┼───────────────┼───────┼──────────┼─────┤
│   21    │ 1.6 │ 1.6 │ 1.6 │ 1.6 │ 500  │ 800000  │   60700   │   500   │  800000  │ 97090000  │ 1675950600000 │ '2023-02-09T13:50:00.000Z' │ 100  │  0   │  0  │ Infinity │    0     │ 619.4 │ 2093.5 │  0  │ 0.8 │  500   │  800000   │  -39700   │   -63450000   │       │          │     │
│   22    │ 1.6 │ 1.6 │ 1.6 │ 1.6 │ 1400 │ 2240000 │   62100   │  1400   │ 2240000  │ 99330000  │ 1675950960000 │ '2023-02-09T13:56:00.000Z' │ 100  │  0   │  0  │ Infinity │    0     │ 619.4 │ 2093.5 │  0  │ 2.3 │  1400  │  2240000  │  -38300   │   -61210000   │       │          │     │
│   23    │ 1.6 │ 1.6 │ 1.6 │ 1.6 │ 600  │ 960000  │   62700   │   600   │  960000  │ 100290000 │ 1675951440000 │ '2023-02-09T14:04:00.000Z' │ 100  │  0   │  0  │ Infinity │    0     │ 619.4 │ 2093.5 │  0  │  1  │  600   │  960000   │  -37700   │   -60250000   │       │          │     │
│   24    │ 1.5 │ 1.5 │ 1.5 │ 1.5 │      │         │   62900   │   200   │  300000  │ 100590000 │ 1675951680000 │ '2023-02-09T14:08:00.000Z' │  0   │ 100  │  0  │    0     │ Infinity │ 619.4 │ 2093.5 │  0  │     │  -200  │  -300000  │  -37900   │   -60550000   │  200  │  300000  │ 0.1 │
│   25    │ 1.6 │ 1.6 │ 1.6 │ 1.6 │ 200  │ 320000  │   63100   │   200   │  320000  │ 100910000 │ 1675951920000 │ '2023-02-09T14:12:00.000Z' │ 100  │  0   │  0  │ Infinity │    0     │ 619.4 │ 2093.5 │  0  │ 0.3 │  200   │  320000   │  -37700   │   -60230000   │       │          │     │
│   26    │ 1.6 │ 1.6 │ 1.6 │ 1.6 │ 5400 │ 8640000 │   71000   │  7900   │ 12640000 │ 113550000 │ 1675952280000 │ '2023-02-09T14:18:00.000Z' │ 68.4 │ 31.6 │  0  │   2.2    │   0.5    │ 619.4 │ 2093.5 │  0  │ 8.7 │  2900  │  4640000  │  -34800   │   -55590000   │ 2500  │ 4000000  │ 1.2 │
│   27    │ 1.6 │ 1.6 │ 1.6 │ 1.6 │      │         │   76000   │  5000   │ 8000000  │ 121550000 │ 1675952760000 │ '2023-02-09T14:26:00.000Z' │  0   │ 100  │  0  │    0     │ Infinity │ 619.4 │ 2093.5 │  0  │     │ -5000  │ -8000000  │  -39800   │   -63590000   │ 5000  │ 8000000  │ 2.4 │
│   28    │ 1.6 │ 1.6 │ 1.6 │ 1.6 │      │         │   81000   │  5000   │ 8000000  │ 129550000 │ 1675953720000 │ '2023-02-09T14:42:00.000Z' │  0   │ 100  │  0  │    0     │ Infinity │ 619.4 │ 2093.5 │  0  │     │ -5000  │ -8000000  │  -44800   │   -71590000   │ 5000  │ 8000000  │ 2.4 │
│   29    │ 1.6 │ 1.6 │ 1.6 │ 1.6 │      │         │   83000   │  2000   │ 3200000  │ 132750000 │ 1675954320000 │ '2023-02-09T14:52:00.000Z' │  0   │ 100  │  0  │    0     │ Infinity │ 619.4 │ 2093.5 │  0  │     │ -2000  │ -3200000  │  -46800   │   -74790000   │ 2000  │ 3200000  │  1  │
│   30    │ 1.6 │ 1.6 │ 1.6 │ 1.6 │ 1100 │ 1760000 │   84100   │  1100   │ 1760000  │ 134510000 │ 1675954440000 │ '2023-02-09T14:54:00.000Z' │ 100  │  0   │  0  │ Infinity │    0     │ 619.4 │ 2093.5 │  0  │ 1.8 │  1100  │  1760000  │  -45700   │   -73030000   │       │          │     │
└─────────┴─────┴─────┴─────┴─────┴──────┴─────────┴───────────┴─────────┴──────────┴───────────┴───────────────┴────────────────────────────┴──────┴──────┴─────┴──────────┴──────────┴───────┴────────┴─────┴─────┴────────┴───────────┴───────────┴───────────────┴───────┴──────────┴─────┘

