┌─────────┬───────┬───────┬───────┬───────┬──────┬───────────┬───────────┬─────────┬───────────┬───────────┬───────────────┬────────────────────────────┬──────┬──────┬─────┬──────────┬──────────┬───────┬───────┬─────┬─────┬───────┬────────────┬───────────┬───────────────┬──────┬───────────┬─────┐
│ (index) │   c   │   h   │   l   │   o   │  bu  │  val_bu   │ total_vol │ sum_vol │    val    │ acum_val  │   datetime    │            date            │ pbu  │ psd  │ puk │    bs    │    sb    │  abu  │  asd  │ auk │ rbu │ bu-sd │ bu-sd_val  │ acum_busd │ acum_busd_val │  sd  │  val_sd   │ rsd │
├─────────┼───────┼───────┼───────┼───────┼──────┼───────────┼───────────┼─────────┼───────────┼───────────┼───────────────┼────────────────────────────┼──────┼──────┼─────┼──────────┼──────────┼───────┼───────┼─────┼─────┼───────┼────────────┼───────────┼───────────────┼──────┼───────────┼─────┤
│    0    │ 28.95 │ 28.95 │ 28.95 │ 28.95 │ 100  │  2895000  │    100    │   100   │  2895000  │  2895000  │ 1675934520000 │ '2023-02-09T09:22:00.000Z' │ 100  │  0   │  0  │ Infinity │    0     │ 883.3 │ 754.2 │  0  │ 0.1 │  100  │  2895000   │    100    │    2895000    │      │           │     │
│    1    │ 28.95 │ 28.95 │ 28.95 │ 28.95 │ 500  │ 14475000  │    600    │   500   │ 14475000  │ 17370000  │ 1675935120000 │ '2023-02-09T09:32:00.000Z' │ 100  │  0   │  0  │ Infinity │    0     │ 883.3 │ 754.2 │  0  │ 0.6 │  500  │  14475000  │    600    │   17370000    │      │           │     │
│    2    │ 28.5  │ 28.55 │ 28.5  │ 28.55 │      │           │   1000    │   600   │ 17115000  │ 34485000  │ 1675937160000 │ '2023-02-09T10:06:00.000Z' │  0   │ 100  │  0  │    0     │ Infinity │ 883.3 │ 754.2 │  0  │     │ -600  │ -17115000  │     0     │    255000     │ 600  │ 17115000  │ 0.8 │
│    3    │  28   │ 28.05 │  28   │ 28.05 │ 4200 │  117600   │   11200   │  10000  │  3082200  │ 37567200  │ 1675937520000 │ '2023-02-09T10:12:00.000Z' │  42  │  58  │  0  │   0.7    │   1.4    │ 883.3 │ 754.2 │  0  │ 4.8 │ -1600 │  -2847000  │   -1600   │   -2592000    │ 5800 │  2964600  │ 7.7 │
│    4    │  28   │  28   │  28   │  28   │      │           │   12500   │  1300   │   36400   │ 37603600  │ 1675937640000 │ '2023-02-09T10:14:00.000Z' │  0   │ 100  │  0  │    0     │ Infinity │ 883.3 │ 754.2 │  0  │     │ -1300 │   -36400   │   -2900   │   -2628400    │ 1300 │   36400   │ 1.7 │
│    5    │  28   │  28   │  28   │  28   │ 500  │   14000   │   13000   │   500   │   14000   │ 37617600  │ 1675938240000 │ '2023-02-09T10:24:00.000Z' │ 100  │  0   │  0  │ Infinity │    0     │ 883.3 │ 754.2 │  0  │ 0.6 │  500  │   14000    │   -2400   │   -2614400    │      │           │     │
│    6    │  28   │  28   │  28   │  28   │ 3200 │   89600   │   16200   │  3200   │   89600   │ 37707200  │ 1675938360000 │ '2023-02-09T10:26:00.000Z' │ 100  │  0   │  0  │ Infinity │    0     │ 883.3 │ 754.2 │  0  │ 3.6 │ 3200  │   89600    │    800    │   -2524800    │      │           │     │
│    7    │ 28.05 │ 28.05 │ 28.05 │ 28.05 │      │           │   21200   │  5000   │ 140250000 │ 177957200 │ 1675939080000 │ '2023-02-09T10:38:00.000Z' │  0   │ 100  │  0  │    0     │ Infinity │ 883.3 │ 754.2 │  0  │     │ -5000 │ -140250000 │   -4200   │  -142774800   │ 5000 │ 140250000 │ 6.6 │
│    8    │ 28.2  │ 28.2  │ 28.2  │ 28.2  │ 100  │  2820000  │   21300   │   100   │  2820000  │ 180777200 │ 1675939680000 │ '2023-02-09T10:48:00.000Z' │ 100  │  0   │  0  │ Infinity │    0     │ 883.3 │ 754.2 │  0  │ 0.1 │  100  │  2820000   │   -4100   │  -139954800   │      │           │     │
│    9    │ 28.2  │ 28.2  │ 28.2  │ 28.2  │ 200  │  5640000  │   21500   │   200   │  5640000  │ 186417200 │ 1675939800000 │ '2023-02-09T10:50:00.000Z' │ 100  │  0   │  0  │ Infinity │    0     │ 883.3 │ 754.2 │  0  │ 0.2 │  200  │  5640000   │   -3900   │  -134314800   │      │           │     │
│   10    │ 28.15 │ 28.15 │ 28.15 │ 28.15 │ 100  │  2815000  │   21600   │   100   │  2815000  │ 189232200 │ 1675940040000 │ '2023-02-09T10:54:00.000Z' │ 100  │  0   │  0  │ Infinity │    0     │ 883.3 │ 754.2 │  0  │ 0.1 │  100  │  2815000   │   -3800   │  -131499800   │      │           │     │
│   11    │ 28.15 │ 28.15 │ 28.15 │ 28.15 │ 200  │  5630000  │   21800   │   200   │  5630000  │ 194862200 │ 1675940280000 │ '2023-02-09T10:58:00.000Z' │ 100  │  0   │  0  │ Infinity │    0     │ 883.3 │ 754.2 │  0  │ 0.2 │  200  │  5630000   │   -3600   │  -125869800   │      │           │     │
│   12    │ 28.15 │ 28.15 │ 28.15 │ 28.15 │ 4900 │ 137935000 │   26700   │  4900   │ 137935000 │ 332797200 │ 1675940520000 │ '2023-02-09T11:02:00.000Z' │ 100  │  0   │  0  │ Infinity │    0     │ 883.3 │ 754.2 │  0  │ 5.5 │ 4900  │ 137935000  │   1300    │   12065200    │      │           │     │
│   13    │ 28.15 │ 28.15 │ 28.15 │ 28.15 │ 100  │  2815000  │   26800   │   100   │  2815000  │ 335612200 │ 1675941720000 │ '2023-02-09T11:22:00.000Z' │ 100  │  0   │  0  │ Infinity │    0     │ 883.3 │ 754.2 │  0  │ 0.1 │  100  │  2815000   │   1400    │   14880200    │      │           │     │
│   14    │ 28.05 │ 28.05 │ 28.05 │ 28.05 │      │           │   27200   │   400   │ 11220000  │ 346832200 │ 1675947600000 │ '2023-02-09T13:00:00.000Z' │  0   │ 100  │  0  │    0     │ Infinity │ 883.3 │ 754.2 │  0  │     │ -400  │ -11220000  │   1000    │    3660200    │ 400  │ 11220000  │ 0.5 │
│   15    │ 28.15 │ 28.15 │ 28.15 │ 28.15 │ 500  │ 14075000  │   27700   │   500   │ 14075000  │ 360907200 │ 1675947960000 │ '2023-02-09T13:06:00.000Z' │ 100  │  0   │  0  │ Infinity │    0     │ 883.3 │ 754.2 │  0  │ 0.6 │  500  │  14075000  │   1500    │   17735200    │      │           │     │
│   16    │ 28.05 │ 28.05 │ 28.05 │ 28.05 │ 1500 │ 42075000  │   32200   │  4500   │ 126225000 │ 487132200 │ 1675948800000 │ '2023-02-09T13:20:00.000Z' │ 33.3 │ 66.7 │  0  │   0.5    │    2     │ 883.3 │ 754.2 │  0  │ 1.7 │ -1500 │ -42075000  │     0     │   -24339800   │ 3000 │ 84150000  │  4  │
│   17    │ 28.05 │ 28.05 │ 28.05 │ 28.05 │ 500  │ 14025000  │   32700   │   500   │ 14025000  │ 501157200 │ 1675948920000 │ '2023-02-09T13:22:00.000Z' │ 100  │  0   │  0  │ Infinity │    0     │ 883.3 │ 754.2 │  0  │ 0.6 │  500  │  14025000  │    500    │   -10314800   │      │           │     │
│   18    │ 28.05 │ 28.05 │ 28.05 │ 28.05 │ 1800 │ 50490000  │   36500   │  3800   │ 106590000 │ 607747200 │ 1675949640000 │ '2023-02-09T13:34:00.000Z' │ 47.4 │ 52.6 │  0  │   0.9    │   1.1    │ 883.3 │ 754.2 │  0  │  2  │ -200  │  -5610000  │    300    │   -15924800   │ 2000 │ 56100000  │ 2.7 │
│   19    │ 28.05 │ 28.05 │ 28.05 │ 28.05 │ 200  │  5610000  │   36700   │   200   │  5610000  │ 613357200 │ 1675949760000 │ '2023-02-09T13:36:00.000Z' │ 100  │  0   │  0  │ Infinity │    0     │ 883.3 │ 754.2 │  0  │ 0.2 │  200  │  5610000   │    500    │   -10314800   │      │           │     │
│   20    │ 28.05 │ 28.05 │ 28.05 │ 28.05 │ 1000 │ 28050000  │   37700   │  1000   │ 28050000  │ 641407200 │ 1675950000000 │ '2023-02-09T13:40:00.000Z' │ 100  │  0   │  0  │ Infinity │    0     │ 883.3 │ 754.2 │  0  │ 1.1 │ 1000  │  28050000  │   1500    │   17735200    │      │           │     │
├─────────┼───────┼───────┼───────┼───────┼──────┼───────────┼───────────┼─────────┼───────────┼───────────┼───────────────┼────────────────────────────┼──────┼──────┼─────┼──────────┼──────────┼───────┼───────┼─────┼─────┼───────┼────────────┼───────────┼───────────────┼──────┼───────────┼─────┤
│ (index) │   c   │   h   │   l   │   o   │  bu  │  val_bu   │ total_vol │ sum_vol │    val    │ acum_val  │   datetime    │            date            │ pbu  │ psd  │ puk │    bs    │    sb    │  abu  │  asd  │ auk │ rbu │ bu-sd │ bu-sd_val  │ acum_busd │ acum_busd_val │  sd  │  val_sd   │ rsd │
├─────────┼───────┼───────┼───────┼───────┼──────┼───────────┼───────────┼─────────┼───────────┼───────────┼───────────────┼────────────────────────────┼──────┼──────┼─────┼──────────┼──────────┼───────┼───────┼─────┼─────┼───────┼────────────┼───────────┼───────────────┼──────┼───────────┼─────┤
│   21    │ 28.15 │ 28.15 │ 28.15 │ 28.15 │ 100  │  2815000  │   37800   │   100   │  2815000  │ 644222200 │ 1675951920000 │ '2023-02-09T14:12:00.000Z' │ 100  │  0   │  0  │ Infinity │    0     │ 883.3 │ 754.2 │  0  │ 0.1 │  100  │  2815000   │   1600    │   20550200    │      │           │     │
│   22    │  28   │  28   │  28   │  28   │ 1400 │   39200   │   39200   │  1400   │   39200   │ 644261400 │ 1675952520000 │ '2023-02-09T14:22:00.000Z' │ 100  │  0   │  0  │ Infinity │    0     │ 883.3 │ 754.2 │  0  │ 1.6 │ 1400  │   39200    │   3000    │   20589400    │      │           │     │
│   23    │ 28.15 │ 28.15 │ 28.15 │ 28.15 │ 100  │  2815000  │   39300   │   100   │  2815000  │ 647076400 │ 1675952880000 │ '2023-02-09T14:28:00.000Z' │ 100  │  0   │  0  │ Infinity │    0     │ 883.3 │ 754.2 │  0  │ 0.1 │  100  │  2815000   │   3100    │   23404400    │      │           │     │
└─────────┴───────┴───────┴───────┴───────┴──────┴───────────┴───────────┴─────────┴───────────┴───────────┴───────────────┴────────────────────────────┴──────┴──────┴─────┴──────────┴──────────┴───────┴───────┴─────┴─────┴───────┴────────────┴───────────┴───────────────┴──────┴───────────┴─────┘

