┌─────────┬─────┬─────┬─────┬─────┬───────┬──────────┬───────────┬─────────┬──────────┬───────────┬───────────────┬────────────────────────────┬──────┬──────┬─────┬──────────┬──────────┬────────┬────────┬─────┬─────┬────────┬───────────┬───────────┬───────────────┬───────┬──────────┬──────┐
│ (index) │  c  │  h  │  l  │  o  │  sd   │  val_sd  │ total_vol │ sum_vol │   val    │ acum_val  │   datetime    │            date            │ pbu  │ psd  │ puk │    bs    │    sb    │  abu   │  asd   │ auk │ rsd │ bu-sd  │ bu-sd_val │ acum_busd │ acum_busd_val │  bu   │  val_bu  │ rbu  │
├─────────┼─────┼─────┼─────┼─────┼───────┼──────────┼───────────┼─────────┼──────────┼───────────┼───────────────┼────────────────────────────┼──────┼──────┼─────┼──────────┼──────────┼────────┼────────┼─────┼─────┼────────┼───────────┼───────────┼───────────────┼───────┼──────────┼──────┤
│    0    │ 1.7 │ 1.7 │ 1.7 │ 1.7 │ 16000 │ 27200000 │   18000   │  16000  │ 27200000 │ 27200000  │ 1675908000000 │ '2023-02-09T02:00:00.000Z' │  0   │ 100  │  0  │    0     │ Infinity │ 1322.2 │ 3457.8 │  0  │ 4.6 │ -16000 │ -27200000 │  -16000   │   -27200000   │       │          │      │
│    1    │ 1.7 │ 1.7 │ 1.7 │ 1.7 │ 2000  │ 3400000  │   2000    │  2000   │ 3400000  │ 30600000  │ 1675933200000 │ '2023-02-09T09:00:00.000Z' │  0   │ 100  │  0  │    0     │ Infinity │ 1322.2 │ 3457.8 │  0  │ 0.6 │ -2000  │ -3400000  │  -18000   │   -30600000   │       │          │      │
│    2    │ 1.8 │ 1.8 │ 1.8 │ 1.8 │       │          │   18100   │   100   │  180000  │ 30780000  │ 1675933440000 │ '2023-02-09T09:04:00.000Z' │ 100  │  0   │  0  │ Infinity │    0     │ 1322.2 │ 3457.8 │  0  │     │  100   │  180000   │  -17900   │   -30420000   │  100  │  180000  │ 0.1  │
│    3    │ 1.7 │ 1.7 │ 1.7 │ 1.7 │ 10000 │ 17000000 │   28100   │  10000  │ 17000000 │ 47780000  │ 1675933560000 │ '2023-02-09T09:06:00.000Z' │  0   │ 100  │  0  │    0     │ Infinity │ 1322.2 │ 3457.8 │  0  │ 2.9 │ -10000 │ -17000000 │  -27900   │   -47420000   │       │          │      │
│    4    │ 1.7 │ 1.7 │ 1.7 │ 1.7 │ 5000  │ 8500000  │   33100   │  5000   │ 8500000  │ 56280000  │ 1675933680000 │ '2023-02-09T09:08:00.000Z' │  0   │ 100  │  0  │    0     │ Infinity │ 1322.2 │ 3457.8 │  0  │ 1.4 │ -5000  │ -8500000  │  -32900   │   -55920000   │       │          │      │
│    5    │ 1.7 │ 1.7 │ 1.7 │ 1.7 │  400  │  680000  │   33500   │   400   │  680000  │ 56960000  │ 1675933800000 │ '2023-02-09T09:10:00.000Z' │  0   │ 100  │  0  │    0     │ Infinity │ 1322.2 │ 3457.8 │  0  │ 0.1 │  -400  │  -680000  │  -33300   │   -56600000   │       │          │      │
│    6    │ 1.7 │ 1.7 │ 1.7 │ 1.7 │ 2000  │ 3400000  │   35500   │  2000   │ 3400000  │ 60360000  │ 1675934040000 │ '2023-02-09T09:14:00.000Z' │  0   │ 100  │  0  │    0     │ Infinity │ 1322.2 │ 3457.8 │  0  │ 0.6 │ -2000  │ -3400000  │  -35300   │   -60000000   │       │          │      │
│    7    │ 1.7 │ 1.8 │ 1.7 │ 1.8 │ 4400  │ 7480000  │   40000   │  4500   │ 7660000  │ 68020000  │ 1675934160000 │ '2023-02-09T09:16:00.000Z' │ 2.2  │ 97.8 │  0  │    0     │    44    │ 1322.2 │ 3457.8 │  0  │ 1.3 │ -4300  │ -7300000  │  -39600   │   -67300000   │  100  │  180000  │ 0.1  │
│    8    │ 1.8 │ 1.8 │ 1.8 │ 1.8 │       │          │   40100   │   100   │  180000  │ 68200000  │ 1675934280000 │ '2023-02-09T09:18:00.000Z' │ 100  │  0   │  0  │ Infinity │    0     │ 1322.2 │ 3457.8 │  0  │     │  100   │  180000   │  -39500   │   -67120000   │  100  │  180000  │ 0.1  │
│    9    │ 1.7 │ 1.7 │ 1.7 │ 1.7 │ 3200  │ 5440000  │   43300   │  3200   │ 5440000  │ 73640000  │ 1675934640000 │ '2023-02-09T09:24:00.000Z' │  0   │ 100  │  0  │    0     │ Infinity │ 1322.2 │ 3457.8 │  0  │ 0.9 │ -3200  │ -5440000  │  -42700   │   -72560000   │       │          │      │
│   10    │ 1.7 │ 1.7 │ 1.7 │ 1.7 │ 7900  │ 13430000 │   51200   │  7900   │ 13430000 │ 87070000  │ 1675935120000 │ '2023-02-09T09:32:00.000Z' │  0   │ 100  │  0  │    0     │ Infinity │ 1322.2 │ 3457.8 │  0  │ 2.3 │ -7900  │ -13430000 │  -50600   │   -85990000   │       │          │      │
│   11    │ 1.7 │ 1.7 │ 1.7 │ 1.7 │ 16500 │ 28050000 │   67700   │  16500  │ 28050000 │ 115120000 │ 1675935480000 │ '2023-02-09T09:38:00.000Z' │  0   │ 100  │  0  │    0     │ Infinity │ 1322.2 │ 3457.8 │  0  │ 4.8 │ -16500 │ -28050000 │  -67100   │  -114040000   │       │          │      │
│   12    │ 1.7 │ 1.7 │ 1.7 │ 1.7 │  900  │ 1530000  │   68600   │   900   │ 1530000  │ 116650000 │ 1675935960000 │ '2023-02-09T09:46:00.000Z' │  0   │ 100  │  0  │    0     │ Infinity │ 1322.2 │ 3457.8 │  0  │ 0.3 │  -900  │ -1530000  │  -68000   │  -115570000   │       │          │      │
│   13    │ 1.7 │ 1.7 │ 1.7 │ 1.7 │ 1600  │ 2720000  │   70200   │  1600   │ 2720000  │ 119370000 │ 1675936080000 │ '2023-02-09T09:48:00.000Z' │  0   │ 100  │  0  │    0     │ Infinity │ 1322.2 │ 3457.8 │  0  │ 0.5 │ -1600  │ -2720000  │  -69600   │  -118290000   │       │          │      │
│   14    │ 1.7 │ 1.7 │ 1.7 │ 1.7 │ 1000  │ 1700000  │   71200   │  1000   │ 1700000  │ 121070000 │ 1675936320000 │ '2023-02-09T09:52:00.000Z' │  0   │ 100  │  0  │    0     │ Infinity │ 1322.2 │ 3457.8 │  0  │ 0.3 │ -1000  │ -1700000  │  -70600   │  -119990000   │       │          │      │
│   15    │ 1.7 │ 1.7 │ 1.7 │ 1.7 │ 10000 │ 17000000 │   81200   │  10000  │ 17000000 │ 138070000 │ 1675936680000 │ '2023-02-09T09:58:00.000Z' │  0   │ 100  │  0  │    0     │ Infinity │ 1322.2 │ 3457.8 │  0  │ 2.9 │ -10000 │ -17000000 │  -80600   │  -136990000   │       │          │      │
│   16    │ 1.7 │ 1.7 │ 1.7 │ 1.7 │ 6000  │ 10200000 │   87200   │  6000   │ 10200000 │ 148270000 │ 1675936920000 │ '2023-02-09T10:02:00.000Z' │  0   │ 100  │  0  │    0     │ Infinity │ 1322.2 │ 3457.8 │  0  │ 1.7 │ -6000  │ -10200000 │  -86600   │  -147190000   │       │          │      │
│   17    │ 1.7 │ 1.7 │ 1.7 │ 1.7 │ 1000  │ 1700000  │   88200   │  1000   │ 1700000  │ 149970000 │ 1675937520000 │ '2023-02-09T10:12:00.000Z' │  0   │ 100  │  0  │    0     │ Infinity │ 1322.2 │ 3457.8 │  0  │ 0.3 │ -1000  │ -1700000  │  -87600   │  -148890000   │       │          │      │
│   18    │ 1.7 │ 1.7 │ 1.7 │ 1.7 │ 5100  │ 8670000  │   93300   │  5100   │ 8670000  │ 158640000 │ 1675937640000 │ '2023-02-09T10:14:00.000Z' │  0   │ 100  │  0  │    0     │ Infinity │ 1322.2 │ 3457.8 │  0  │ 1.5 │ -5100  │ -8670000  │  -92700   │  -157560000   │       │          │      │
│   19    │ 1.8 │ 1.8 │ 1.8 │ 1.8 │       │          │   93400   │   100   │  180000  │ 158820000 │ 1675938000000 │ '2023-02-09T10:20:00.000Z' │ 100  │  0   │  0  │ Infinity │    0     │ 1322.2 │ 3457.8 │  0  │     │  100   │  180000   │  -92600   │  -157380000   │  100  │  180000  │ 0.1  │
│   20    │ 1.8 │ 1.8 │ 1.8 │ 1.8 │       │          │   93700   │   300   │  540000  │ 159360000 │ 1675938480000 │ '2023-02-09T10:28:00.000Z' │ 100  │  0   │  0  │ Infinity │    0     │ 1322.2 │ 3457.8 │  0  │     │  300   │  540000   │  -92300   │  -156840000   │  300  │  540000  │ 0.2  │
├─────────┼─────┼─────┼─────┼─────┼───────┼──────────┼───────────┼─────────┼──────────┼───────────┼───────────────┼────────────────────────────┼──────┼──────┼─────┼──────────┼──────────┼────────┼────────┼─────┼─────┼────────┼───────────┼───────────┼───────────────┼───────┼──────────┼──────┤
│ (index) │  c  │  h  │  l  │  o  │  sd   │  val_sd  │ total_vol │ sum_vol │   val    │ acum_val  │   datetime    │            date            │ pbu  │ psd  │ puk │    bs    │    sb    │  abu   │  asd   │ auk │ rsd │ bu-sd  │ bu-sd_val │ acum_busd │ acum_busd_val │  bu   │  val_bu  │ rbu  │
├─────────┼─────┼─────┼─────┼─────┼───────┼──────────┼───────────┼─────────┼──────────┼───────────┼───────────────┼────────────────────────────┼──────┼──────┼─────┼──────────┼──────────┼────────┼────────┼─────┼─────┼────────┼───────────┼───────────┼───────────────┼───────┼──────────┼──────┤
│   21    │ 1.7 │ 1.7 │ 1.7 │ 1.7 │ 5000  │ 8500000  │   98700   │  5000   │ 8500000  │ 167860000 │ 1675940040000 │ '2023-02-09T10:54:00.000Z' │  0   │ 100  │  0  │    0     │ Infinity │ 1322.2 │ 3457.8 │  0  │ 1.4 │ -5000  │ -8500000  │  -97300   │  -165340000   │       │          │      │
│   22    │ 1.7 │ 1.7 │ 1.7 │ 1.7 │ 5000  │ 8500000  │  103700   │  5000   │ 8500000  │ 176360000 │ 1675940880000 │ '2023-02-09T11:08:00.000Z' │  0   │ 100  │  0  │    0     │ Infinity │ 1322.2 │ 3457.8 │  0  │ 1.4 │ -5000  │ -8500000  │  -102300  │  -173840000   │       │          │      │
│   23    │ 1.7 │ 1.7 │ 1.7 │ 1.7 │ 8000  │ 13600000 │  111700   │  8000   │ 13600000 │ 189960000 │ 1675941480000 │ '2023-02-09T11:18:00.000Z' │  0   │ 100  │  0  │    0     │ Infinity │ 1322.2 │ 3457.8 │  0  │ 2.3 │ -8000  │ -13600000 │  -110300  │  -187440000   │       │          │      │
│   24    │ 1.7 │ 1.7 │ 1.7 │ 1.7 │  100  │  170000  │  111800   │   100   │  170000  │ 190130000 │ 1675941840000 │ '2023-02-09T11:24:00.000Z' │  0   │ 100  │  0  │    0     │ Infinity │ 1322.2 │ 3457.8 │  0  │  0  │  -100  │  -170000  │  -110400  │  -187610000   │       │          │      │
│   25    │ 1.7 │ 1.7 │ 1.7 │ 1.7 │ 5000  │ 8500000  │  116800   │  5000   │ 8500000  │ 198630000 │ 1675942080000 │ '2023-02-09T11:28:00.000Z' │  0   │ 100  │  0  │    0     │ Infinity │ 1322.2 │ 3457.8 │  0  │ 1.4 │ -5000  │ -8500000  │  -115400  │  -196110000   │       │          │      │
│   26    │ 1.7 │ 1.7 │ 1.7 │ 1.7 │ 3000  │ 5100000  │  119800   │  3000   │ 5100000  │ 203730000 │ 1675947720000 │ '2023-02-09T13:02:00.000Z' │  0   │ 100  │  0  │    0     │ Infinity │ 1322.2 │ 3457.8 │  0  │ 0.9 │ -3000  │ -5100000  │  -118400  │  -201210000   │       │          │      │
│   27    │ 1.7 │ 1.7 │ 1.7 │ 1.7 │ 5000  │ 8500000  │  124800   │  5000   │ 8500000  │ 212230000 │ 1675948200000 │ '2023-02-09T13:10:00.000Z' │  0   │ 100  │  0  │    0     │ Infinity │ 1322.2 │ 3457.8 │  0  │ 1.4 │ -5000  │ -8500000  │  -123400  │  -209710000   │       │          │      │
│   28    │ 1.7 │ 1.7 │ 1.7 │ 1.7 │ 5600  │ 9520000  │  174000   │  49200  │ 83640000 │ 295870000 │ 1675948440000 │ '2023-02-09T13:14:00.000Z' │ 88.6 │ 11.4 │  0  │   7.8    │   0.1    │ 1322.2 │ 3457.8 │  0  │ 1.6 │ 38000  │ 64600000  │  -85400   │  -145110000   │ 43600 │ 74120000 │  33  │
│   29    │ 1.6 │ 1.7 │ 1.6 │ 1.7 │  100  │  160000  │  174200   │   200   │  330000  │ 296200000 │ 1675948560000 │ '2023-02-09T13:16:00.000Z' │  50  │  50  │  0  │    1     │    1     │ 1322.2 │ 3457.8 │  0  │  0  │   0    │   10000   │  -85400   │  -145100000   │  100  │  170000  │ 0.1  │
│   30    │ 1.7 │ 1.7 │ 1.7 │ 1.7 │       │          │  174400   │   200   │  340000  │ 296540000 │ 1675948800000 │ '2023-02-09T13:20:00.000Z' │ 100  │  0   │  0  │ Infinity │    0     │ 1322.2 │ 3457.8 │  0  │     │  200   │  340000   │  -85200   │  -144760000   │  200  │  340000  │ 0.2  │
│   31    │ 1.7 │ 1.7 │ 1.7 │ 1.7 │       │          │  187700   │  13300  │ 22610000 │ 319150000 │ 1675948920000 │ '2023-02-09T13:22:00.000Z' │ 100  │  0   │  0  │ Infinity │    0     │ 1322.2 │ 3457.8 │  0  │     │ 13300  │ 22610000  │  -71900   │  -122150000   │ 13300 │ 22610000 │ 10.1 │
│   32    │ 1.7 │ 1.7 │ 1.7 │ 1.7 │ 2500  │ 4250000  │  190200   │  2500   │ 4250000  │ 323400000 │ 1675949040000 │ '2023-02-09T13:24:00.000Z' │  0   │ 100  │  0  │    0     │ Infinity │ 1322.2 │ 3457.8 │  0  │ 0.7 │ -2500  │ -4250000  │  -74400   │  -126400000   │       │          │      │
│   33    │ 1.7 │ 1.7 │ 1.7 │ 1.7 │ 4100  │ 6970000  │  194300   │  4100   │ 6970000  │ 330370000 │ 1675949520000 │ '2023-02-09T13:32:00.000Z' │  0   │ 100  │  0  │    0     │ Infinity │ 1322.2 │ 3457.8 │  0  │ 1.2 │ -4100  │ -6970000  │  -78500   │  -133370000   │       │          │      │
│   34    │ 1.7 │ 1.7 │ 1.7 │ 1.7 │  800  │ 1360000  │  195100   │   800   │ 1360000  │ 331730000 │ 1675950000000 │ '2023-02-09T13:40:00.000Z' │  0   │ 100  │  0  │    0     │ Infinity │ 1322.2 │ 3457.8 │  0  │ 0.2 │  -800  │ -1360000  │  -79300   │  -134730000   │       │          │      │
│   35    │ 1.7 │ 1.7 │ 1.7 │ 1.7 │ 4000  │ 6800000  │  199100   │  4000   │ 6800000  │ 338530000 │ 1675950120000 │ '2023-02-09T13:42:00.000Z' │  0   │ 100  │  0  │    0     │ Infinity │ 1322.2 │ 3457.8 │  0  │ 1.2 │ -4000  │ -6800000  │  -83300   │  -141530000   │       │          │      │
│   36    │ 1.7 │ 1.7 │ 1.7 │ 1.7 │ 3000  │ 5100000  │  202100   │  3000   │ 5100000  │ 343630000 │ 1675950600000 │ '2023-02-09T13:50:00.000Z' │  0   │ 100  │  0  │    0     │ Infinity │ 1322.2 │ 3457.8 │  0  │ 0.9 │ -3000  │ -5100000  │  -86300   │  -146630000   │       │          │      │
│   37    │ 1.8 │ 1.8 │ 1.8 │ 1.8 │       │          │  202200   │   100   │  180000  │ 343810000 │ 1675951920000 │ '2023-02-09T14:12:00.000Z' │ 100  │  0   │  0  │ Infinity │    0     │ 1322.2 │ 3457.8 │  0  │     │  100   │  180000   │  -86200   │  -146450000   │  100  │  180000  │ 0.1  │
│   38    │ 1.8 │ 1.8 │ 1.8 │ 1.8 │       │          │  202300   │   100   │  180000  │ 343990000 │ 1675952040000 │ '2023-02-09T14:14:00.000Z' │ 100  │  0   │  0  │ Infinity │    0     │ 1322.2 │ 3457.8 │  0  │     │  100   │  180000   │  -86100   │  -146270000   │  100  │  180000  │ 0.1  │
│   39    │ 1.8 │ 1.8 │ 1.8 │ 1.8 │       │          │  202600   │   300   │  540000  │ 344530000 │ 1675952160000 │ '2023-02-09T14:16:00.000Z' │ 100  │  0   │  0  │ Infinity │    0     │ 1322.2 │ 3457.8 │  0  │     │  300   │  540000   │  -85800   │  -145730000   │  300  │  540000  │ 0.2  │
│   40    │ 1.8 │ 1.8 │ 1.7 │ 1.8 │  100  │  170000  │  202900   │   300   │  530000  │ 345060000 │ 1675952280000 │ '2023-02-09T14:18:00.000Z' │ 66.7 │ 33.3 │  0  │    2     │   0.5    │ 1322.2 │ 3457.8 │  0  │  0  │  100   │  190000   │  -85700   │  -145540000   │  200  │  360000  │ 0.2  │
├─────────┼─────┼─────┼─────┼─────┼───────┼──────────┼───────────┼─────────┼──────────┼───────────┼───────────────┼────────────────────────────┼──────┼──────┼─────┼──────────┼──────────┼────────┼────────┼─────┼─────┼────────┼───────────┼───────────┼───────────────┼───────┼──────────┼──────┤
│ (index) │  c  │  h  │  l  │  o  │  sd   │  val_sd  │ total_vol │ sum_vol │   val    │ acum_val  │   datetime    │            date            │ pbu  │ psd  │ puk │    bs    │    sb    │  abu   │  asd   │ auk │ rsd │ bu-sd  │ bu-sd_val │ acum_busd │ acum_busd_val │  bu   │  val_bu  │ rbu  │
├─────────┼─────┼─────┼─────┼─────┼───────┼──────────┼───────────┼─────────┼──────────┼───────────┼───────────────┼────────────────────────────┼──────┼──────┼─────┼──────────┼──────────┼────────┼────────┼─────┼─────┼────────┼───────────┼───────────┼───────────────┼───────┼──────────┼──────┤
│   41    │ 1.7 │ 1.7 │ 1.7 │ 1.7 │ 4000  │ 6800000  │  206900   │  4000   │ 6800000  │ 351860000 │ 1675952400000 │ '2023-02-09T14:20:00.000Z' │  0   │ 100  │  0  │    0     │ Infinity │ 1322.2 │ 3457.8 │  0  │ 1.2 │ -4000  │ -6800000  │  -89700   │  -152340000   │       │          │      │
│   42    │ 1.8 │ 1.8 │ 1.8 │ 1.8 │       │          │  207000   │   100   │  180000  │ 352040000 │ 1675952520000 │ '2023-02-09T14:22:00.000Z' │ 100  │  0   │  0  │ Infinity │    0     │ 1322.2 │ 3457.8 │  0  │     │  100   │  180000   │  -89600   │  -152160000   │  100  │  180000  │ 0.1  │
│   43    │ 1.8 │ 1.8 │ 1.8 │ 1.8 │       │          │  207800   │   800   │ 1440000  │ 353480000 │ 1675952880000 │ '2023-02-09T14:28:00.000Z' │ 100  │  0   │  0  │ Infinity │    0     │ 1322.2 │ 3457.8 │  0  │     │  800   │  1440000  │  -88800   │  -150720000   │  800  │ 1440000  │ 0.6  │
│   44    │ 1.7 │ 1.7 │ 1.7 │ 1.7 │ 7300  │ 12410000 │  215100   │  7300   │ 12410000 │ 365890000 │ 1675953840000 │ '2023-02-09T14:44:00.000Z' │  0   │ 100  │  0  │    0     │ Infinity │ 1322.2 │ 3457.8 │  0  │ 2.1 │ -7300  │ -12410000 │  -96100   │  -163130000   │       │          │      │
└─────────┴─────┴─────┴─────┴─────┴───────┴──────────┴───────────┴─────────┴──────────┴───────────┴───────────────┴────────────────────────────┴──────┴──────┴─────┴──────────┴──────────┴────────┴────────┴─────┴─────┴────────┴───────────┴───────────┴───────────────┴───────┴──────────┴──────┘

