┌─────────┬──────┬──────┬──────┬──────┬──────┬──────────┬───────────┬─────────┬──────────┬───────────┬───────────────┬────────────────────────────┬──────┬──────┬─────┬──────────┬──────────┬───────┬───────┬─────┬─────┬───────┬───────────┬───────────┬───────────────┬──────┬──────────┬─────┐
│ (index) │  c   │  h   │  l   │  o   │  sd  │  val_sd  │ total_vol │ sum_vol │   val    │ acum_val  │   datetime    │            date            │ pbu  │ psd  │ puk │    bs    │    sb    │  abu  │  asd  │ auk │ rsd │ bu-sd │ bu-sd_val │ acum_busd │ acum_busd_val │  bu  │  val_bu  │ rbu │
├─────────┼──────┼──────┼──────┼──────┼──────┼──────────┼───────────┼─────────┼──────────┼───────────┼───────────────┼────────────────────────────┼──────┼──────┼─────┼──────────┼──────────┼───────┼───────┼─────┼─────┼───────┼───────────┼───────────┼───────────────┼──────┼──────────┼─────┤
│    0    │ 7.78 │ 7.78 │ 7.78 │ 7.78 │ 300  │ 2334000  │    300    │   300   │ 2334000  │  2334000  │ 1675934160000 │ '2023-02-09T09:16:00.000Z' │  0   │ 100  │  0  │    0     │ Infinity │ 645.5 │ 518.2 │  0  │ 0.6 │ -300  │ -2334000  │   -300    │   -2334000    │      │          │     │
│    1    │ 7.78 │ 7.78 │ 7.78 │ 7.78 │      │          │   1000    │   700   │ 5446000  │  7780000  │ 1675934760000 │ '2023-02-09T09:26:00.000Z' │ 100  │  0   │  0  │ Infinity │    0     │ 645.5 │ 518.2 │  0  │     │  700  │  5446000  │    400    │    3112000    │ 700  │ 5446000  │ 1.1 │
│    2    │ 7.77 │ 7.77 │ 7.77 │ 7.77 │ 100  │  777000  │   1100    │   100   │  777000  │  8557000  │ 1675935000000 │ '2023-02-09T09:30:00.000Z' │  0   │ 100  │  0  │    0     │ Infinity │ 645.5 │ 518.2 │  0  │ 0.2 │ -100  │  -777000  │    300    │    2335000    │      │          │     │
│    3    │ 7.78 │ 7.78 │ 7.78 │ 7.78 │      │          │   1500    │   400   │ 3112000  │ 11669000  │ 1675935120000 │ '2023-02-09T09:32:00.000Z' │ 100  │  0   │  0  │ Infinity │    0     │ 645.5 │ 518.2 │  0  │     │  400  │  3112000  │    700    │    5447000    │ 400  │ 3112000  │ 0.6 │
│    4    │ 7.77 │ 7.77 │ 7.77 │ 7.77 │ 100  │  777000  │   1600    │   100   │  777000  │ 12446000  │ 1675935840000 │ '2023-02-09T09:44:00.000Z' │  0   │ 100  │  0  │    0     │ Infinity │ 645.5 │ 518.2 │  0  │ 0.2 │ -100  │  -777000  │    600    │    4670000    │      │          │     │
│    5    │ 7.77 │ 7.77 │ 7.77 │ 7.77 │ 900  │ 6993000  │   2500    │   900   │ 6993000  │ 19439000  │ 1675935960000 │ '2023-02-09T09:46:00.000Z' │  0   │ 100  │  0  │    0     │ Infinity │ 645.5 │ 518.2 │  0  │ 1.7 │ -900  │ -6993000  │   -300    │   -2323000    │      │          │     │
│    6    │ 7.79 │ 7.79 │ 7.79 │ 7.79 │ 100  │  779000  │   2600    │   100   │  779000  │ 20218000  │ 1675936440000 │ '2023-02-09T09:54:00.000Z' │  0   │ 100  │  0  │    0     │ Infinity │ 645.5 │ 518.2 │  0  │ 0.2 │ -100  │  -779000  │   -400    │   -3102000    │      │          │     │
│    7    │ 7.85 │ 7.85 │ 7.83 │ 7.83 │      │          │   3000    │   400   │ 3136000  │ 23354000  │ 1675936800000 │ '2023-02-09T10:00:00.000Z' │ 100  │  0   │  0  │ Infinity │    0     │ 645.5 │ 518.2 │  0  │     │  400  │  3136000  │     0     │     34000     │ 400  │ 3136000  │ 0.6 │
│    8    │ 7.78 │ 7.79 │ 7.78 │ 7.79 │ 1600 │ 12449000 │   4600    │  1600   │ 12449000 │ 35803000  │ 1675937640000 │ '2023-02-09T10:14:00.000Z' │  0   │ 100  │  0  │    0     │ Infinity │ 645.5 │ 518.2 │  0  │ 3.1 │ -1600 │ -12449000 │   -1600   │   -12415000   │      │          │     │
│    9    │ 7.77 │ 7.78 │ 7.77 │ 7.78 │ 500  │ 3885000  │   5600    │  1000   │ 7775000  │ 43578000  │ 1675937880000 │ '2023-02-09T10:18:00.000Z' │  50  │  50  │  0  │    1     │    1     │ 645.5 │ 518.2 │  0  │  1  │   0   │   5000    │   -1600   │   -12410000   │ 500  │ 3890000  │ 0.8 │
│   10    │ 7.77 │ 7.77 │ 7.77 │ 7.77 │ 3000 │ 23310000 │   8600    │  3000   │ 23310000 │ 66888000  │ 1675938000000 │ '2023-02-09T10:20:00.000Z' │  0   │ 100  │  0  │    0     │ Infinity │ 645.5 │ 518.2 │  0  │ 5.8 │ -3000 │ -23310000 │   -4600   │   -35720000   │      │          │     │
│   11    │ 7.77 │ 7.77 │ 7.77 │ 7.77 │ 3000 │ 23310000 │   11600   │  3000   │ 23310000 │ 90198000  │ 1675938480000 │ '2023-02-09T10:28:00.000Z' │  0   │ 100  │  0  │    0     │ Infinity │ 645.5 │ 518.2 │  0  │ 5.8 │ -3000 │ -23310000 │   -7600   │   -59030000   │      │          │     │
│   12    │ 7.8  │ 7.8  │ 7.77 │ 7.8  │ 1500 │ 11655000 │   13400   │  1800   │ 13995000 │ 104193000 │ 1675939200000 │ '2023-02-09T10:40:00.000Z' │ 16.7 │ 83.3 │  0  │   0.2    │    5     │ 645.5 │ 518.2 │  0  │ 2.9 │ -1200 │ -9315000  │   -8800   │   -68345000   │ 300  │ 2340000  │ 0.5 │
│   13    │ 7.78 │ 7.78 │ 7.78 │ 7.78 │ 1000 │ 7780000  │   14400   │  1000   │ 7780000  │ 111973000 │ 1675939920000 │ '2023-02-09T10:52:00.000Z' │  0   │ 100  │  0  │    0     │ Infinity │ 645.5 │ 518.2 │  0  │ 1.9 │ -1000 │ -7780000  │   -9800   │   -76125000   │      │          │     │
│   14    │ 7.8  │ 7.8  │ 7.8  │ 7.8  │      │          │   15600   │  1200   │ 9360000  │ 121333000 │ 1675940400000 │ '2023-02-09T11:00:00.000Z' │ 100  │  0   │  0  │ Infinity │    0     │ 645.5 │ 518.2 │  0  │     │ 1200  │  9360000  │   -8600   │   -66765000   │ 1200 │ 9360000  │ 1.9 │
│   15    │ 7.8  │ 7.8  │ 7.8  │ 7.8  │      │          │   17600   │  2000   │ 15600000 │ 136933000 │ 1675942080000 │ '2023-02-09T11:28:00.000Z' │ 100  │  0   │  0  │ Infinity │    0     │ 645.5 │ 518.2 │  0  │     │ 2000  │ 15600000  │   -6600   │   -51165000   │ 2000 │ 15600000 │ 3.1 │
│   16    │ 7.77 │ 7.8  │ 7.77 │ 7.8  │ 1300 │ 10103000 │   19000   │  1400   │ 10883000 │ 147816000 │ 1675947600000 │ '2023-02-09T13:00:00.000Z' │ 7.1  │ 92.9 │  0  │   0.1    │    13    │ 645.5 │ 518.2 │  0  │ 2.5 │ -1200 │ -9323000  │   -7800   │   -60488000   │ 100  │  780000  │ 0.2 │
│   17    │ 7.72 │ 7.75 │ 7.72 │ 7.75 │ 600  │ 4647000  │   19600   │   600   │ 4647000  │ 152463000 │ 1675947720000 │ '2023-02-09T13:02:00.000Z' │  0   │ 100  │  0  │    0     │ Infinity │ 645.5 │ 518.2 │  0  │ 1.2 │ -600  │ -4647000  │   -8400   │   -65135000   │      │          │     │
│   18    │ 7.73 │ 7.73 │ 7.73 │ 7.73 │ 100  │  773000  │   19700   │   100   │  773000  │ 153236000 │ 1675948680000 │ '2023-02-09T13:18:00.000Z' │  0   │ 100  │  0  │    0     │ Infinity │ 645.5 │ 518.2 │  0  │ 0.2 │ -100  │  -773000  │   -8500   │   -65908000   │      │          │     │
│   19    │ 7.8  │ 7.8  │ 7.8  │ 7.8  │      │          │   19800   │   100   │  780000  │ 154016000 │ 1675949280000 │ '2023-02-09T13:28:00.000Z' │ 100  │  0   │  0  │ Infinity │    0     │ 645.5 │ 518.2 │  0  │     │  100  │  780000   │   -8400   │   -65128000   │ 100  │  780000  │ 0.2 │
│   20    │ 7.72 │ 7.72 │ 7.72 │ 7.72 │ 1000 │ 7720000  │   20800   │  1000   │ 7720000  │ 161736000 │ 1675949760000 │ '2023-02-09T13:36:00.000Z' │  0   │ 100  │  0  │    0     │ Infinity │ 645.5 │ 518.2 │  0  │ 1.9 │ -1000 │ -7720000  │   -9400   │   -72848000   │      │          │     │
├─────────┼──────┼──────┼──────┼──────┼──────┼──────────┼───────────┼─────────┼──────────┼───────────┼───────────────┼────────────────────────────┼──────┼──────┼─────┼──────────┼──────────┼───────┼───────┼─────┼─────┼───────┼───────────┼───────────┼───────────────┼──────┼──────────┼─────┤
│ (index) │  c   │  h   │  l   │  o   │  sd  │  val_sd  │ total_vol │ sum_vol │   val    │ acum_val  │   datetime    │            date            │ pbu  │ psd  │ puk │    bs    │    sb    │  abu  │  asd  │ auk │ rsd │ bu-sd │ bu-sd_val │ acum_busd │ acum_busd_val │  bu  │  val_bu  │ rbu │
├─────────┼──────┼──────┼──────┼──────┼──────┼──────────┼───────────┼─────────┼──────────┼───────────┼───────────────┼────────────────────────────┼──────┼──────┼─────┼──────────┼──────────┼───────┼───────┼─────┼─────┼───────┼───────────┼───────────┼───────────────┼──────┼──────────┼─────┤
│   21    │ 7.8  │ 7.8  │ 7.8  │ 7.8  │      │          │   20900   │   100   │  780000  │ 162516000 │ 1675951080000 │ '2023-02-09T13:58:00.000Z' │ 100  │  0   │  0  │ Infinity │    0     │ 645.5 │ 518.2 │  0  │     │  100  │  780000   │   -9300   │   -72068000   │ 100  │  780000  │ 0.2 │
│   22    │ 7.8  │ 7.8  │ 7.79 │ 7.79 │ 100  │  779000  │   22000   │  1100   │ 8579000  │ 171095000 │ 1675951200000 │ '2023-02-09T14:00:00.000Z' │ 90.9 │ 9.1  │  0  │    10    │   0.1    │ 645.5 │ 518.2 │  0  │ 0.2 │  900  │  7021000  │   -8400   │   -65047000   │ 1000 │ 7800000  │ 1.5 │
│   23    │ 7.8  │ 7.8  │ 7.8  │ 7.8  │      │          │   23000   │  1000   │ 7800000  │ 178895000 │ 1675951320000 │ '2023-02-09T14:02:00.000Z' │ 100  │  0   │  0  │ Infinity │    0     │ 645.5 │ 518.2 │  0  │     │ 1000  │  7800000  │   -7400   │   -57247000   │ 1000 │ 7800000  │ 1.5 │
│   24    │ 7.8  │ 7.8  │ 7.8  │ 7.8  │      │          │   27700   │  4700   │ 36660000 │ 215555000 │ 1675951440000 │ '2023-02-09T14:04:00.000Z' │ 100  │  0   │  0  │ Infinity │    0     │ 645.5 │ 518.2 │  0  │     │ 4700  │ 36660000  │   -2700   │   -20587000   │ 4700 │ 36660000 │ 7.3 │
│   25    │ 7.81 │ 7.81 │ 7.81 │ 7.81 │      │          │   27800   │   100   │  781000  │ 216336000 │ 1675951560000 │ '2023-02-09T14:06:00.000Z' │ 100  │  0   │  0  │ Infinity │    0     │ 645.5 │ 518.2 │  0  │     │  100  │  781000   │   -2600   │   -19806000   │ 100  │  781000  │ 0.2 │
│   26    │ 7.81 │ 7.81 │ 7.81 │ 7.81 │      │          │   27900   │   100   │  781000  │ 217117000 │ 1675951680000 │ '2023-02-09T14:08:00.000Z' │ 100  │  0   │  0  │ Infinity │    0     │ 645.5 │ 518.2 │  0  │     │  100  │  781000   │   -2500   │   -19025000   │ 100  │  781000  │ 0.2 │
│   27    │ 7.81 │ 7.81 │ 7.81 │ 7.81 │      │          │   28900   │  1000   │ 7810000  │ 224927000 │ 1675952040000 │ '2023-02-09T14:14:00.000Z' │ 100  │  0   │  0  │ Infinity │    0     │ 645.5 │ 518.2 │  0  │     │ 1000  │  7810000  │   -1500   │   -11215000   │ 1000 │ 7810000  │ 1.5 │
│   28    │ 7.81 │ 7.81 │ 7.81 │ 7.81 │      │          │   29000   │   100   │  781000  │ 225708000 │ 1675952160000 │ '2023-02-09T14:16:00.000Z' │ 100  │  0   │  0  │ Infinity │    0     │ 645.5 │ 518.2 │  0  │     │  100  │  781000   │   -1400   │   -10434000   │ 100  │  781000  │ 0.2 │
│   29    │ 7.82 │ 7.82 │ 7.82 │ 7.82 │      │          │   34300   │  5300   │ 41446000 │ 267154000 │ 1675952400000 │ '2023-02-09T14:20:00.000Z' │ 100  │  0   │  0  │ Infinity │    0     │ 645.5 │ 518.2 │  0  │     │ 5300  │ 41446000  │   3900    │   31012000    │ 5300 │ 41446000 │ 8.2 │
│   30    │ 7.8  │ 7.83 │ 7.8  │ 7.83 │ 1700 │ 13274000 │   37200   │  2900   │ 22670000 │ 289824000 │ 1675952520000 │ '2023-02-09T14:22:00.000Z' │ 41.4 │ 58.6 │  0  │   0.7    │   1.4    │ 645.5 │ 518.2 │  0  │ 3.3 │ -500  │ -3878000  │   3400    │   27134000    │ 1200 │ 9396000  │ 1.9 │
│   31    │ 7.81 │ 7.81 │ 7.8  │ 7.8  │ 200  │ 1560000  │   37500   │   300   │ 2341000  │ 292165000 │ 1675952880000 │ '2023-02-09T14:28:00.000Z' │ 33.3 │ 66.7 │  0  │   0.5    │    2     │ 645.5 │ 518.2 │  0  │ 0.4 │ -100  │  -779000  │   3300    │   26355000    │ 100  │  781000  │ 0.2 │
│   32    │ 7.8  │ 7.8  │ 7.8  │ 7.8  │      │          │   38400   │   900   │ 7020000  │ 299185000 │ 1675953840000 │ '2023-02-09T14:44:00.000Z' │ 100  │  0   │  0  │ Infinity │    0     │ 645.5 │ 518.2 │  0  │     │  900  │  7020000  │   4200    │   33375000    │ 900  │ 7020000  │ 1.4 │
└─────────┴──────┴──────┴──────┴──────┴──────┴──────────┴───────────┴─────────┴──────────┴───────────┴───────────────┴────────────────────────────┴──────┴──────┴─────┴──────────┴──────────┴───────┴───────┴─────┴─────┴───────┴───────────┴───────────┴───────────────┴──────┴──────────┴─────┘

