┌─────────┬───────┬───────┬───────┬───────┬──────┬──────────┬───────────┬─────────┬──────────┬───────────┬───────────────┬────────────────────────────┬─────┬─────┬─────┬──────────┬──────────┬───────┬───────┬─────┬──────┬───────┬───────────┬───────────┬───────────────┬──────┬──────────┬──────┐
│ (index) │   c   │   h   │   l   │   o   │  sd  │  val_sd  │ total_vol │ sum_vol │   val    │ acum_val  │   datetime    │            date            │ pbu │ psd │ puk │    bs    │    sb    │  abu  │  asd  │ auk │ rsd  │ bu-sd │ bu-sd_val │ acum_busd │ acum_busd_val │  bu  │  val_bu  │ rbu  │
├─────────┼───────┼───────┼───────┼───────┼──────┼──────────┼───────────┼─────────┼──────────┼───────────┼───────────────┼────────────────────────────┼─────┼─────┼─────┼──────────┼──────────┼───────┼───────┼─────┼──────┼───────┼───────────┼───────────┼───────────────┼──────┼──────────┼──────┤
│    0    │ 11.4  │ 11.4  │ 11.4  │ 11.4  │ 200  │ 2280000  │    200    │   200   │ 2280000  │  2280000  │ 1672910160000 │ '2023-01-05T09:16:00.000Z' │  0  │ 100 │  0  │    0     │ Infinity │ 368.8 │ 762.5 │  0  │ 0.3  │ -200  │ -2280000  │   -200    │   -2280000    │      │          │      │
│    1    │ 11.75 │ 11.75 │ 11.75 │ 11.75 │      │          │    300    │   100   │ 1175000  │  3455000  │ 1672910760000 │ '2023-01-05T09:26:00.000Z' │ 100 │  0  │  0  │ Infinity │    0     │ 368.8 │ 762.5 │  0  │      │  100  │  1175000  │   -100    │   -1105000    │ 100  │ 1175000  │ 0.3  │
│    2    │ 11.3  │ 11.3  │ 11.3  │ 11.3  │ 200  │ 2260000  │   1300    │  1000   │ 11300000 │ 14755000  │ 1672913040000 │ '2023-01-05T10:04:00.000Z' │ 80  │ 20  │  0  │    4     │   0.3    │ 368.8 │ 762.5 │  0  │ 0.3  │  600  │  6780000  │    500    │    5675000    │ 800  │ 9040000  │ 2.2  │
│    3    │ 11.25 │ 11.3  │ 11.25 │ 11.3  │ 500  │ 5640000  │   1800    │   500   │ 5640000  │ 20395000  │ 1672913160000 │ '2023-01-05T10:06:00.000Z' │  0  │ 100 │  0  │    0     │ Infinity │ 368.8 │ 762.5 │  0  │ 0.7  │ -500  │ -5640000  │     0     │     35000     │      │          │      │
│    4    │ 11.25 │ 11.25 │ 11.25 │ 11.25 │ 500  │ 5625000  │   2300    │   500   │ 5625000  │ 26020000  │ 1672913280000 │ '2023-01-05T10:08:00.000Z' │  0  │ 100 │  0  │    0     │ Infinity │ 368.8 │ 762.5 │  0  │ 0.7  │ -500  │ -5625000  │   -500    │   -5590000    │      │          │      │
│    5    │ 11.6  │ 11.6  │ 11.6  │ 11.6  │      │          │   2400    │   100   │ 1160000  │ 27180000  │ 1672914720000 │ '2023-01-05T10:32:00.000Z' │ 100 │  0  │  0  │ Infinity │    0     │ 368.8 │ 762.5 │  0  │      │  100  │  1160000  │   -400    │   -4430000    │ 100  │ 1160000  │ 0.3  │
│    6    │ 11.4  │ 11.4  │ 11.4  │ 11.4  │ 500  │ 5700000  │   2900    │   500   │ 5700000  │ 32880000  │ 1672926000000 │ '2023-01-05T13:40:00.000Z' │  0  │ 100 │  0  │    0     │ Infinity │ 368.8 │ 762.5 │  0  │ 0.7  │ -500  │ -5700000  │   -900    │   -10130000   │      │          │      │
│    7    │ 11.3  │ 11.35 │ 11.3  │ 11.35 │ 1000 │ 11310000 │   3900    │  1000   │ 11310000 │ 44190000  │ 1672926360000 │ '2023-01-05T13:46:00.000Z' │  0  │ 100 │  0  │    0     │ Infinity │ 368.8 │ 762.5 │  0  │ 1.3  │ -1000 │ -11310000 │   -1900   │   -21440000   │      │          │      │
│    8    │ 11.3  │ 11.3  │ 11.3  │ 11.3  │ 500  │ 5650000  │   4400    │   500   │ 5650000  │ 49840000  │ 1672926480000 │ '2023-01-05T13:48:00.000Z' │  0  │ 100 │  0  │    0     │ Infinity │ 368.8 │ 762.5 │  0  │ 0.7  │ -500  │ -5650000  │   -2400   │   -27090000   │      │          │      │
│    9    │ 11.55 │ 11.55 │ 11.55 │ 11.55 │      │          │   4500    │   100   │ 1155000  │ 50995000  │ 1672926960000 │ '2023-01-05T13:56:00.000Z' │ 100 │  0  │  0  │ Infinity │    0     │ 368.8 │ 762.5 │  0  │      │  100  │  1155000  │   -2300   │   -25935000   │ 100  │ 1155000  │ 0.3  │
│   10    │ 11.55 │ 11.55 │ 11.55 │ 11.55 │      │          │   4600    │   100   │ 1155000  │ 52150000  │ 1672927080000 │ '2023-01-05T13:58:00.000Z' │ 100 │  0  │  0  │ Infinity │    0     │ 368.8 │ 762.5 │  0  │      │  100  │  1155000  │   -2200   │   -24780000   │ 100  │ 1155000  │ 0.3  │
│   11    │ 11.35 │ 11.35 │ 11.35 │ 11.35 │ 600  │ 6810000  │   5200    │   600   │ 6810000  │ 58960000  │ 1672928160000 │ '2023-01-05T14:16:00.000Z' │  0  │ 100 │  0  │    0     │ Infinity │ 368.8 │ 762.5 │  0  │ 0.8  │ -600  │ -6810000  │   -2800   │   -31590000   │      │          │      │
│   12    │ 11.55 │ 11.55 │ 11.55 │ 11.55 │      │          │   5400    │   200   │ 2310000  │ 61270000  │ 1672928280000 │ '2023-01-05T14:18:00.000Z' │ 100 │  0  │  0  │ Infinity │    0     │ 368.8 │ 762.5 │  0  │      │  200  │  2310000  │   -2600   │   -29280000   │ 200  │ 2310000  │ 0.5  │
│   13    │ 11.25 │ 11.35 │ 11.25 │ 11.35 │ 8200 │ 92345000 │   13600   │  8200   │ 92345000 │ 153615000 │ 1672928760000 │ '2023-01-05T14:26:00.000Z' │  0  │ 100 │  0  │    0     │ Infinity │ 368.8 │ 762.5 │  0  │ 10.8 │ -8200 │ -92345000 │  -10800   │  -121625000   │      │          │      │
│   14    │ 11.55 │ 11.55 │ 11.35 │ 11.35 │      │          │   14200   │   600   │ 6830000  │ 160445000 │ 1672928880000 │ '2023-01-05T14:28:00.000Z' │ 100 │  0  │  0  │ Infinity │    0     │ 368.8 │ 762.5 │  0  │      │  600  │  6830000  │  -10200   │  -114795000   │ 600  │ 6830000  │ 1.6  │
│   15    │ 11.6  │ 11.6  │ 11.6  │ 11.6  │      │          │   18100   │  3900   │ 45240000 │ 205685000 │ 1672929840000 │ '2023-01-05T14:44:00.000Z' │ 100 │  0  │  0  │ Infinity │    0     │ 368.8 │ 762.5 │  0  │      │ 3900  │ 45240000  │   -6300   │   -69555000   │ 3900 │ 45240000 │ 10.6 │
└─────────┴───────┴───────┴───────┴───────┴──────┴──────────┴───────────┴─────────┴──────────┴───────────┴───────────────┴────────────────────────────┴─────┴─────┴─────┴──────────┴──────────┴───────┴───────┴─────┴──────┴───────┴───────────┴───────────┴───────────────┴──────┴──────────┴──────┘

