┌─────────┬──────┬──────┬──────┬──────┬──────┬───────────┬───────────┬─────────┬───────────┬────────────┬───────────────┬────────────────────────────┬──────┬──────┬─────┬──────────┬──────────┬─────┬───────┬─────┬──────┬───────┬────────────┬───────────┬───────────────┬──────┬───────────┬─────┐
│ (index) │  c   │  h   │  l   │  o   │  bu  │  val_bu   │ total_vol │ sum_vol │    val    │  acum_val  │   datetime    │            date            │ pbu  │ psd  │ puk │    bs    │    sb    │ abu │  asd  │ auk │ rbu  │ bu-sd │ bu-sd_val  │ acum_busd │ acum_busd_val │  sd  │  val_sd   │ rsd │
├─────────┼──────┼──────┼──────┼──────┼──────┼───────────┼───────────┼─────────┼───────────┼────────────┼───────────────┼────────────────────────────┼──────┼──────┼─────┼──────────┼──────────┼─────┼───────┼─────┼──────┼───────┼────────────┼───────────┼───────────────┼──────┼───────────┼─────┤
│    0    │ 83.8 │ 83.8 │ 83.8 │ 83.8 │ 100  │  8380000  │    100    │   100   │  8380000  │  8380000   │ 1672911840000 │ '2023-01-05T09:44:00.000Z' │ 100  │  0   │  0  │ Infinity │    0     │ 725 │ 843.8 │  0  │ 0.1  │  100  │  8380000   │    100    │    8380000    │      │           │     │
│    1    │ 83.6 │ 83.8 │ 83.6 │ 83.8 │ 200  │ 16750000  │    400    │   300   │ 25110000  │  33490000  │ 1672911960000 │ '2023-01-05T09:46:00.000Z' │ 66.7 │ 33.3 │  0  │    2     │   0.5    │ 725 │ 843.8 │  0  │ 0.3  │  100  │  8390000   │    200    │   16770000    │ 100  │  8360000  │ 0.1 │
│    2    │ 83.7 │ 83.7 │ 83.7 │ 83.7 │      │           │    900    │   500   │ 41850000  │  75340000  │ 1672925040000 │ '2023-01-05T13:24:00.000Z' │  0   │ 100  │  0  │    0     │ Infinity │ 725 │ 843.8 │  0  │      │ -500  │ -41850000  │   -300    │   -25080000   │ 500  │ 41850000  │ 0.6 │
│    3    │ 83.8 │ 83.8 │ 83.8 │ 83.8 │ 200  │ 16760000  │   1100    │   200   │ 16760000  │  92100000  │ 1672925160000 │ '2023-01-05T13:26:00.000Z' │ 100  │  0   │  0  │ Infinity │    0     │ 725 │ 843.8 │  0  │ 0.3  │  200  │  16760000  │   -100    │   -8320000    │      │           │     │
│    4    │ 83.7 │ 83.7 │ 83.7 │ 83.7 │      │           │   1700    │   600   │ 50220000  │ 142320000  │ 1672925640000 │ '2023-01-05T13:34:00.000Z' │  0   │ 100  │  0  │    0     │ Infinity │ 725 │ 843.8 │  0  │      │ -600  │ -50220000  │   -700    │   -58540000   │ 600  │ 50220000  │ 0.7 │
│    5    │ 83.8 │ 83.8 │ 83.7 │ 83.7 │ 100  │  8380000  │   1900    │   200   │ 16750000  │ 159070000  │ 1672925760000 │ '2023-01-05T13:36:00.000Z' │  50  │  50  │  0  │    1     │    1     │ 725 │ 843.8 │  0  │ 0.1  │   0   │   10000    │   -700    │   -58530000   │ 100  │  8370000  │ 0.1 │
│    6    │ 83.7 │ 83.8 │ 83.7 │ 83.8 │ 100  │  8380000  │   2100    │   200   │ 16750000  │ 175820000  │ 1672925880000 │ '2023-01-05T13:38:00.000Z' │  50  │  50  │  0  │    1     │    1     │ 725 │ 843.8 │  0  │ 0.1  │   0   │   10000    │   -700    │   -58520000   │ 100  │  8370000  │ 0.1 │
│    7    │ 83.8 │ 83.8 │ 83.8 │ 83.8 │ 200  │ 16760000  │   2300    │   200   │ 16760000  │ 192580000  │ 1672926000000 │ '2023-01-05T13:40:00.000Z' │ 100  │  0   │  0  │ Infinity │    0     │ 725 │ 843.8 │  0  │ 0.3  │  200  │  16760000  │   -500    │   -41760000   │      │           │     │
│    8    │ 83.8 │ 83.8 │ 83.8 │ 83.8 │ 1400 │ 117320000 │   3700    │  1400   │ 117320000 │ 309900000  │ 1672926120000 │ '2023-01-05T13:42:00.000Z' │ 100  │  0   │  0  │ Infinity │    0     │ 725 │ 843.8 │  0  │ 1.9  │ 1400  │ 117320000  │    900    │   75560000    │      │           │     │
│    9    │  84  │  84  │  84  │  84  │ 100  │  8400000  │   3800    │   100   │  8400000  │ 318300000  │ 1672927440000 │ '2023-01-05T14:04:00.000Z' │ 100  │  0   │  0  │ Infinity │    0     │ 725 │ 843.8 │  0  │ 0.1  │  100  │  8400000   │   1000    │   83960000    │      │           │     │
│   10    │ 83.7 │  84  │ 83.7 │  84  │ 200  │ 16800000  │   6000    │  2200   │ 184200000 │ 502500000  │ 1672927680000 │ '2023-01-05T14:08:00.000Z' │ 9.1  │ 90.9 │  0  │   0.1    │    10    │ 725 │ 843.8 │  0  │ 0.3  │ -1800 │ -150600000 │   -800    │   -66640000   │ 2000 │ 167400000 │ 2.4 │
│   11    │ 83.8 │ 83.8 │ 83.8 │ 83.8 │      │           │   6200    │   200   │ 16760000  │ 519260000  │ 1672927920000 │ '2023-01-05T14:12:00.000Z' │  0   │ 100  │  0  │    0     │ Infinity │ 725 │ 843.8 │  0  │      │ -200  │ -16760000  │   -1000   │   -83400000   │ 200  │ 16760000  │ 0.2 │
│   12    │ 83.7 │ 83.7 │ 83.7 │ 83.7 │      │           │   7200    │  1000   │ 83700000  │ 602960000  │ 1672929120000 │ '2023-01-05T14:32:00.000Z' │  0   │ 100  │  0  │    0     │ Infinity │ 725 │ 843.8 │  0  │      │ -1000 │ -83700000  │   -2000   │  -167100000   │ 1000 │ 83700000  │ 1.2 │
│   13    │ 83.8 │ 83.8 │ 83.8 │ 83.8 │      │           │   8100    │   900   │ 75420000  │ 678380000  │ 1672929240000 │ '2023-01-05T14:34:00.000Z' │  0   │ 100  │  0  │    0     │ Infinity │ 725 │ 843.8 │  0  │      │ -900  │ -75420000  │   -2900   │  -242520000   │ 900  │ 75420000  │ 1.1 │
│   14    │ 83.7 │ 83.7 │ 83.7 │ 83.7 │      │           │   15400   │  7300   │ 611010000 │ 1289390000 │ 1672929360000 │ '2023-01-05T14:36:00.000Z' │  0   │ 100  │  0  │    0     │ Infinity │ 725 │ 843.8 │  0  │      │ -7300 │ -611010000 │  -10200   │  -853530000   │ 7300 │ 611010000 │ 8.7 │
│   15    │ 84.4 │ 84.4 │ 83.7 │ 83.7 │ 9000 │ 759600000 │   25100   │  9700   │ 818190000 │ 2107580000 │ 1672930680000 │ '2023-01-05T14:58:00.000Z' │ 92.8 │ 7.2  │  0  │   12.9   │   0.1    │ 725 │ 843.8 │  0  │ 12.4 │ 8300  │ 701010000  │   -1900   │  -152520000   │ 700  │ 58590000  │ 0.8 │
└─────────┴──────┴──────┴──────┴──────┴──────┴───────────┴───────────┴─────────┴───────────┴────────────┴───────────────┴────────────────────────────┴──────┴──────┴─────┴──────────┴──────────┴─────┴───────┴─────┴──────┴───────┴────────────┴───────────┴───────────────┴──────┴───────────┴─────┘

