┌─────────┬──────┬──────┬──────┬──────┬──────┬─────────┬───────────┬─────────┬──────────┬──────────┬───────────────┬────────────────────────────┬──────┬──────┬─────┬──────────┬──────────┬───────┬───────┬─────┬─────┬───────┬───────────┬───────────┬───────────────┬──────┬──────────┬──────┐
│ (index) │  c   │  h   │  l   │  o   │  sd  │ val_sd  │ total_vol │ sum_vol │   val    │ acum_val │   datetime    │            date            │ pbu  │ psd  │ puk │    bs    │    sb    │  abu  │  asd  │ auk │ rsd │ bu-sd │ bu-sd_val │ acum_busd │ acum_busd_val │  bu  │  val_bu  │ rbu  │
├─────────┼──────┼──────┼──────┼──────┼──────┼─────────┼───────────┼─────────┼──────────┼──────────┼───────────────┼────────────────────────────┼──────┼──────┼─────┼──────────┼──────────┼───────┼───────┼─────┼─────┼───────┼───────────┼───────────┼───────────────┼──────┼──────────┼──────┤
│    0    │ 5.19 │ 5.19 │ 5.19 │ 5.19 │ 100  │ 519000  │    100    │   100   │  519000  │  519000  │ 1672910160000 │ '2023-01-05T09:16:00.000Z' │  0   │ 100  │  0  │    0     │ Infinity │ 485.2 │ 211.1 │  0  │ 0.5 │ -100  │  -519000  │   -100    │    -519000    │      │          │      │
│    1    │ 5.19 │ 5.19 │ 5.19 │ 5.19 │ 100  │ 519000  │    200    │   100   │  519000  │ 1038000  │ 1672910400000 │ '2023-01-05T09:20:00.000Z' │  0   │ 100  │  0  │    0     │ Infinity │ 485.2 │ 211.1 │  0  │ 0.5 │ -100  │  -519000  │   -200    │   -1038000    │      │          │      │
│    2    │ 5.19 │ 5.19 │ 5.19 │ 5.19 │ 100  │ 519000  │    300    │   100   │  519000  │ 1557000  │ 1672910880000 │ '2023-01-05T09:28:00.000Z' │  0   │ 100  │  0  │    0     │ Infinity │ 485.2 │ 211.1 │  0  │ 0.5 │ -100  │  -519000  │   -300    │   -1557000    │      │          │      │
│    3    │ 5.12 │ 5.12 │ 5.12 │ 5.12 │ 100  │ 512000  │    400    │   100   │  512000  │ 2069000  │ 1672911840000 │ '2023-01-05T09:44:00.000Z' │  0   │ 100  │  0  │    0     │ Infinity │ 485.2 │ 211.1 │  0  │ 0.5 │ -100  │  -512000  │   -400    │   -2069000    │      │          │      │
│    4    │ 5.15 │ 5.15 │ 5.15 │ 5.15 │      │         │    500    │   100   │  515000  │ 2584000  │ 1672912440000 │ '2023-01-05T09:54:00.000Z' │ 100  │  0   │  0  │ Infinity │    0     │ 485.2 │ 211.1 │  0  │     │  100  │  515000   │   -300    │   -1554000    │ 100  │  515000  │ 0.2  │
│    5    │ 5.15 │ 5.15 │ 5.15 │ 5.15 │      │         │   1000    │   500   │ 2575000  │ 5159000  │ 1672913040000 │ '2023-01-05T10:04:00.000Z' │ 100  │  0   │  0  │ Infinity │    0     │ 485.2 │ 211.1 │  0  │     │  500  │  2575000  │    200    │    1021000    │ 500  │ 2575000  │  1   │
│    6    │ 5.15 │ 5.15 │ 5.15 │ 5.15 │      │         │   1400    │   400   │ 2060000  │ 7219000  │ 1672913160000 │ '2023-01-05T10:06:00.000Z' │ 100  │  0   │  0  │ Infinity │    0     │ 485.2 │ 211.1 │  0  │     │  400  │  2060000  │    600    │    3081000    │ 400  │ 2060000  │ 0.8  │
│    7    │ 5.15 │ 5.15 │ 5.15 │ 5.15 │      │         │   1700    │   300   │ 1545000  │ 8764000  │ 1672913280000 │ '2023-01-05T10:08:00.000Z' │ 100  │  0   │  0  │ Infinity │    0     │ 485.2 │ 211.1 │  0  │     │  300  │  1545000  │    900    │    4626000    │ 300  │ 1545000  │ 0.6  │
│    8    │ 5.15 │ 5.15 │ 5.15 │ 5.15 │      │         │   2300    │   600   │ 3090000  │ 11854000 │ 1672913400000 │ '2023-01-05T10:10:00.000Z' │ 100  │  0   │  0  │ Infinity │    0     │ 485.2 │ 211.1 │  0  │     │  600  │  3090000  │   1500    │    7716000    │ 600  │ 3090000  │ 1.2  │
│    9    │ 5.12 │ 5.13 │ 5.12 │ 5.13 │ 1200 │ 6146000 │   3500    │  1200   │ 6146000  │ 18000000 │ 1672913520000 │ '2023-01-05T10:12:00.000Z' │  0   │ 100  │  0  │    0     │ Infinity │ 485.2 │ 211.1 │  0  │ 5.7 │ -1200 │ -6146000  │    300    │    1570000    │      │          │      │
│   10    │ 5.12 │ 5.12 │ 5.12 │ 5.12 │ 1400 │ 7168000 │   4900    │  1400   │ 7168000  │ 25168000 │ 1672913640000 │ '2023-01-05T10:14:00.000Z' │  0   │ 100  │  0  │    0     │ Infinity │ 485.2 │ 211.1 │  0  │ 6.6 │ -1400 │ -7168000  │   -1100   │   -5598000    │      │          │      │
│   11    │ 5.15 │ 5.15 │ 5.15 │ 5.15 │      │         │   5000    │   100   │  515000  │ 25683000 │ 1672915320000 │ '2023-01-05T10:42:00.000Z' │ 100  │  0   │  0  │ Infinity │    0     │ 485.2 │ 211.1 │  0  │     │  100  │  515000   │   -1000   │   -5083000    │ 100  │  515000  │ 0.2  │
│   12    │ 5.15 │ 5.15 │ 5.15 │ 5.15 │      │         │   5100    │   100   │  515000  │ 26198000 │ 1672916280000 │ '2023-01-05T10:58:00.000Z' │ 100  │  0   │  0  │ Infinity │    0     │ 485.2 │ 211.1 │  0  │     │  100  │  515000   │   -900    │   -4568000    │ 100  │  515000  │ 0.2  │
│   13    │ 5.12 │ 5.12 │ 5.12 │ 5.12 │ 300  │ 1536000 │   5400    │   300   │ 1536000  │ 27734000 │ 1672916520000 │ '2023-01-05T11:02:00.000Z' │  0   │ 100  │  0  │    0     │ Infinity │ 485.2 │ 211.1 │  0  │ 1.4 │ -300  │ -1536000  │   -1200   │   -6104000    │      │          │      │
│   14    │ 5.15 │ 5.15 │ 5.15 │ 5.15 │      │         │   5500    │   100   │  515000  │ 28249000 │ 1672916880000 │ '2023-01-05T11:08:00.000Z' │ 100  │  0   │  0  │ Infinity │    0     │ 485.2 │ 211.1 │  0  │     │  100  │  515000   │   -1100   │   -5589000    │ 100  │  515000  │ 0.2  │
│   15    │ 5.15 │ 5.15 │ 5.15 │ 5.15 │      │         │   5600    │   100   │  515000  │ 28764000 │ 1672918080000 │ '2023-01-05T11:28:00.000Z' │ 100  │  0   │  0  │ Infinity │    0     │ 485.2 │ 211.1 │  0  │     │  100  │  515000   │   -1000   │   -5074000    │ 100  │  515000  │ 0.2  │
│   16    │ 5.15 │ 5.15 │ 5.12 │ 5.12 │ 1400 │ 7168000 │   7300    │  1700   │ 8713000  │ 37477000 │ 1672923600000 │ '2023-01-05T13:00:00.000Z' │ 17.6 │ 82.4 │  0  │   0.2    │   4.7    │ 485.2 │ 211.1 │  0  │ 6.6 │ -1100 │ -5623000  │   -2100   │   -10697000   │ 300  │ 1545000  │ 0.6  │
│   17    │ 5.15 │ 5.15 │ 5.15 │ 5.15 │      │         │   7500    │   200   │ 1030000  │ 38507000 │ 1672923720000 │ '2023-01-05T13:02:00.000Z' │ 100  │  0   │  0  │ Infinity │    0     │ 485.2 │ 211.1 │  0  │     │  200  │  1030000  │   -1900   │   -9667000    │ 200  │ 1030000  │ 0.4  │
│   18    │ 5.12 │ 5.12 │ 5.12 │ 5.12 │ 500  │ 2560000 │   8000    │   500   │ 2560000  │ 41067000 │ 1672924800000 │ '2023-01-05T13:20:00.000Z' │  0   │ 100  │  0  │    0     │ Infinity │ 485.2 │ 211.1 │  0  │ 2.4 │ -500  │ -2560000  │   -2400   │   -12227000   │      │          │      │
│   19    │ 5.12 │ 5.12 │ 5.12 │ 5.12 │ 500  │ 2560000 │   8500    │   500   │ 2560000  │ 43627000 │ 1672925640000 │ '2023-01-05T13:34:00.000Z' │  0   │ 100  │  0  │    0     │ Infinity │ 485.2 │ 211.1 │  0  │ 2.4 │ -500  │ -2560000  │   -2900   │   -14787000   │      │          │      │
│   20    │ 5.16 │ 5.16 │ 5.15 │ 5.15 │      │         │   17500   │  9000   │ 46366000 │ 89993000 │ 1672926120000 │ '2023-01-05T13:42:00.000Z' │ 100  │  0   │  0  │ Infinity │    0     │ 485.2 │ 211.1 │  0  │     │ 9000  │ 46366000  │   6100    │   31579000    │ 9000 │ 46366000 │ 18.5 │
├─────────┼──────┼──────┼──────┼──────┼──────┼─────────┼───────────┼─────────┼──────────┼──────────┼───────────────┼────────────────────────────┼──────┼──────┼─────┼──────────┼──────────┼───────┼───────┼─────┼─────┼───────┼───────────┼───────────┼───────────────┼──────┼──────────┼──────┤
│ (index) │  c   │  h   │  l   │  o   │  sd  │ val_sd  │ total_vol │ sum_vol │   val    │ acum_val │   datetime    │            date            │ pbu  │ psd  │ puk │    bs    │    sb    │  abu  │  asd  │ auk │ rsd │ bu-sd │ bu-sd_val │ acum_busd │ acum_busd_val │  bu  │  val_bu  │ rbu  │
├─────────┼──────┼──────┼──────┼──────┼──────┼─────────┼───────────┼─────────┼──────────┼──────────┼───────────────┼────────────────────────────┼──────┼──────┼─────┼──────────┼──────────┼───────┼───────┼─────┼─────┼───────┼───────────┼───────────┼───────────────┼──────┼──────────┼──────┤
│   21    │ 5.19 │ 5.19 │ 5.19 │ 5.19 │      │         │   17700   │   200   │ 1038000  │ 91031000 │ 1672926600000 │ '2023-01-05T13:50:00.000Z' │ 100  │  0   │  0  │ Infinity │    0     │ 485.2 │ 211.1 │  0  │     │  200  │  1038000  │   6300    │   32617000    │ 200  │ 1038000  │ 0.4  │
│   22    │ 5.18 │ 5.18 │ 5.18 │ 5.18 │      │         │   17800   │   100   │  518000  │ 91549000 │ 1672928400000 │ '2023-01-05T14:20:00.000Z' │ 100  │  0   │  0  │ Infinity │    0     │ 485.2 │ 211.1 │  0  │     │  100  │  518000   │   6400    │   33135000    │ 100  │  518000  │ 0.2  │
│   23    │ 5.18 │ 5.18 │ 5.18 │ 5.18 │      │         │   18000   │   200   │ 1036000  │ 92585000 │ 1672928520000 │ '2023-01-05T14:22:00.000Z' │ 100  │  0   │  0  │ Infinity │    0     │ 485.2 │ 211.1 │  0  │     │  200  │  1036000  │   6600    │   34171000    │ 200  │ 1036000  │ 0.4  │
│   24    │ 5.18 │ 5.18 │ 5.18 │ 5.18 │      │         │   18400   │   400   │ 2072000  │ 94657000 │ 1672928760000 │ '2023-01-05T14:26:00.000Z' │ 100  │  0   │  0  │ Infinity │    0     │ 485.2 │ 211.1 │  0  │     │  400  │  2072000  │   7000    │   36243000    │ 400  │ 2072000  │ 0.8  │
│   25    │ 5.18 │ 5.18 │ 5.18 │ 5.18 │      │         │   18700   │   300   │ 1554000  │ 96211000 │ 1672928880000 │ '2023-01-05T14:28:00.000Z' │ 100  │  0   │  0  │ Infinity │    0     │ 485.2 │ 211.1 │  0  │     │  300  │  1554000  │   7300    │   37797000    │ 300  │ 1554000  │ 0.6  │
│   26    │ 5.18 │ 5.18 │ 5.18 │ 5.18 │      │         │   18800   │   100   │  518000  │ 96729000 │ 1672929840000 │ '2023-01-05T14:44:00.000Z' │ 100  │  0   │  0  │ Infinity │    0     │ 485.2 │ 211.1 │  0  │     │  100  │  518000   │   7400    │   38315000    │ 100  │  518000  │ 0.2  │
└─────────┴──────┴──────┴──────┴──────┴──────┴─────────┴───────────┴─────────┴──────────┴──────────┴───────────────┴────────────────────────────┴──────┴──────┴─────┴──────────┴──────────┴───────┴───────┴─────┴─────┴───────┴───────────┴───────────┴───────────────┴──────┴──────────┴──────┘

