┌─────────┬──────┬──────┬──────┬──────┬───────┬───────────┬───────────┬─────────┬───────────┬────────────┬───────────────┬────────────────────────────┬──────┬──────┬─────┬──────────┬──────────┬────────┬────────┬─────┬──────┬────────┬───────────┬───────────┬───────────────┬───────┬──────────┬─────┐
│ (index) │  c   │  h   │  l   │  o   │  bu   │  val_bu   │ total_vol │ sum_vol │    val    │  acum_val  │   datetime    │            date            │ pbu  │ psd  │ puk │    bs    │    sb    │  abu   │  asd   │ auk │ rbu  │ bu-sd  │ bu-sd_val │ acum_busd │ acum_busd_val │  sd   │  val_sd  │ rsd │
├─────────┼──────┼──────┼──────┼──────┼───────┼───────────┼───────────┼─────────┼───────────┼────────────┼───────────────┼────────────────────────────┼──────┼──────┼─────┼──────────┼──────────┼────────┼────────┼─────┼──────┼────────┼───────────┼───────────┼───────────────┼───────┼──────────┼─────┤
│    0    │ 10.1 │ 10.1 │ 10.1 │ 10.1 │ 1000  │ 10100000  │   1000    │  1000   │ 10100000  │  10100000  │ 1672909440000 │ '2023-01-05T09:04:00.000Z' │ 100  │  0   │  0  │ Infinity │    0     │ 1618.4 │ 1210.2 │  0  │ 0.6  │  1000  │ 10100000  │   1000    │   10100000    │       │          │     │
│    1    │ 10.1 │ 10.1 │ 10.1 │ 10.1 │  300  │  3030000  │   1300    │   300   │  3030000  │  13130000  │ 1672909560000 │ '2023-01-05T09:06:00.000Z' │ 100  │  0   │  0  │ Infinity │    0     │ 1618.4 │ 1210.2 │  0  │ 0.2  │  300   │  3030000  │   1300    │   13130000    │       │          │     │
│    2    │ 10.1 │ 10.1 │ 10.1 │ 10.1 │ 1000  │ 10100000  │   2300    │  1000   │ 10100000  │  23230000  │ 1672909680000 │ '2023-01-05T09:08:00.000Z' │ 100  │  0   │  0  │ Infinity │    0     │ 1618.4 │ 1210.2 │  0  │ 0.6  │  1000  │ 10100000  │   2300    │   23230000    │       │          │     │
│    3    │  10  │  10  │  10  │  10  │       │           │   4300    │  2000   │ 20000000  │  43230000  │ 1672911120000 │ '2023-01-05T09:32:00.000Z' │  0   │ 100  │  0  │    0     │ Infinity │ 1618.4 │ 1210.2 │  0  │      │ -2000  │ -20000000 │    300    │    3230000    │ 2000  │ 20000000 │ 1.7 │
│    4    │  10  │  10  │  10  │  10  │       │           │   8700    │  4400   │ 44000000  │  87230000  │ 1672911240000 │ '2023-01-05T09:34:00.000Z' │  0   │ 100  │  0  │    0     │ Infinity │ 1618.4 │ 1210.2 │  0  │      │ -4400  │ -44000000 │   -4100   │   -40770000   │ 4400  │ 44000000 │ 3.6 │
│    5    │  10  │  10  │  10  │  10  │       │           │   8900    │   200   │  2000000  │  89230000  │ 1672911480000 │ '2023-01-05T09:38:00.000Z' │  0   │ 100  │  0  │    0     │ Infinity │ 1618.4 │ 1210.2 │  0  │      │  -200  │ -2000000  │   -4300   │   -42770000   │  200  │ 2000000  │ 0.2 │
│    6    │ 9.9  │ 9.9  │ 9.9  │ 9.9  │       │           │   10000   │  1100   │ 10890000  │ 100120000  │ 1672911720000 │ '2023-01-05T09:42:00.000Z' │  0   │ 100  │  0  │    0     │ Infinity │ 1618.4 │ 1210.2 │  0  │      │ -1100  │ -10890000 │   -5400   │   -53660000   │ 1100  │ 10890000 │ 0.9 │
│    7    │ 9.9  │ 9.9  │ 9.9  │ 9.9  │       │           │   10400   │   400   │  3960000  │ 104080000  │ 1672911840000 │ '2023-01-05T09:44:00.000Z' │  0   │ 100  │  0  │    0     │ Infinity │ 1618.4 │ 1210.2 │  0  │      │  -400  │ -3960000  │   -5800   │   -57620000   │  400  │ 3960000  │ 0.3 │
│    8    │ 9.9  │ 9.9  │ 9.9  │ 9.9  │       │           │   11400   │  1000   │  9900000  │ 113980000  │ 1672911960000 │ '2023-01-05T09:46:00.000Z' │  0   │ 100  │  0  │    0     │ Infinity │ 1618.4 │ 1210.2 │  0  │      │ -1000  │ -9900000  │   -6800   │   -67520000   │ 1000  │ 9900000  │ 0.8 │
│    9    │  10  │  10  │  10  │  10  │  500  │  5000000  │   16400   │  5000   │ 50000000  │ 163980000  │ 1672913400000 │ '2023-01-05T10:10:00.000Z' │  10  │  90  │  0  │   0.1    │    9     │ 1618.4 │ 1210.2 │  0  │ 0.3  │ -4000  │ -40000000 │  -10800   │  -107520000   │ 4500  │ 45000000 │ 3.7 │
│   10    │  10  │  10  │  10  │  10  │       │           │   17400   │  1000   │ 10000000  │ 173980000  │ 1672913520000 │ '2023-01-05T10:12:00.000Z' │  0   │ 100  │  0  │    0     │ Infinity │ 1618.4 │ 1210.2 │  0  │      │ -1000  │ -10000000 │  -11800   │  -117520000   │ 1000  │ 10000000 │ 0.8 │
│   11    │  10  │  10  │  10  │  10  │       │           │   17800   │   400   │  4000000  │ 177980000  │ 1672913880000 │ '2023-01-05T10:18:00.000Z' │  0   │ 100  │  0  │    0     │ Infinity │ 1618.4 │ 1210.2 │  0  │      │  -400  │ -4000000  │  -12200   │  -121520000   │  400  │ 4000000  │ 0.3 │
│   12    │  10  │  10  │  10  │  10  │       │           │   18800   │  1000   │ 10000000  │ 187980000  │ 1672914120000 │ '2023-01-05T10:22:00.000Z' │  0   │ 100  │  0  │    0     │ Infinity │ 1618.4 │ 1210.2 │  0  │      │ -1000  │ -10000000 │  -13200   │  -131520000   │ 1000  │ 10000000 │ 0.8 │
│   13    │  10  │  10  │  10  │  10  │       │           │   22000   │  3200   │ 32000000  │ 219980000  │ 1672914720000 │ '2023-01-05T10:32:00.000Z' │  0   │ 100  │  0  │    0     │ Infinity │ 1618.4 │ 1210.2 │  0  │      │ -3200  │ -32000000 │  -16400   │  -163520000   │ 3200  │ 32000000 │ 2.6 │
│   14    │ 9.9  │ 9.9  │ 9.9  │ 9.9  │       │           │   23000   │  1000   │  9900000  │ 229880000  │ 1672915320000 │ '2023-01-05T10:42:00.000Z' │  0   │ 100  │  0  │    0     │ Infinity │ 1618.4 │ 1210.2 │  0  │      │ -1000  │ -9900000  │  -17400   │  -173420000   │ 1000  │ 9900000  │ 0.8 │
│   15    │  10  │  10  │  10  │  10  │ 19800 │ 198000000 │   42900   │  19900  │ 199000000 │ 428880000  │ 1672915560000 │ '2023-01-05T10:46:00.000Z' │ 99.5 │ 0.5  │  0  │   198    │    0     │ 1618.4 │ 1210.2 │  0  │ 12.2 │ 19700  │ 197000000 │   2300    │   23580000    │  100  │ 1000000  │ 0.1 │
│   16    │  10  │  10  │  10  │  10  │       │           │   45100   │  2200   │ 22000000  │ 450880000  │ 1672915680000 │ '2023-01-05T10:48:00.000Z' │  0   │ 100  │  0  │    0     │ Infinity │ 1618.4 │ 1210.2 │  0  │      │ -2200  │ -22000000 │    100    │    1580000    │ 2200  │ 22000000 │ 1.8 │
│   17    │ 9.9  │ 9.9  │ 9.9  │ 9.9  │       │           │   55200   │  10100  │ 99990000  │ 550870000  │ 1672916640000 │ '2023-01-05T11:04:00.000Z' │  0   │ 100  │  0  │    0     │ Infinity │ 1618.4 │ 1210.2 │  0  │      │ -10100 │ -99990000 │  -10000   │   -98410000   │ 10100 │ 99990000 │ 8.3 │
│   18    │  10  │  10  │  10  │  10  │ 10000 │ 100000000 │   65200   │  10000  │ 100000000 │ 650870000  │ 1672916880000 │ '2023-01-05T11:08:00.000Z' │ 100  │  0   │  0  │ Infinity │    0     │ 1618.4 │ 1210.2 │  0  │ 6.2  │ 10000  │ 100000000 │     0     │    1590000    │       │          │     │
│   19    │  10  │  10  │  10  │  10  │ 5900  │ 59000000  │   72200   │  7000   │ 70000000  │ 720870000  │ 1672917120000 │ '2023-01-05T11:12:00.000Z' │ 84.3 │ 15.7 │  0  │   5.4    │   0.2    │ 1618.4 │ 1210.2 │  0  │ 3.6  │  4800  │ 48000000  │   4800    │   49590000    │ 1100  │ 11000000 │ 0.9 │
│   20    │  10  │  10  │  10  │  10  │  500  │  5000000  │   72700   │   500   │  5000000  │ 725870000  │ 1672917240000 │ '2023-01-05T11:14:00.000Z' │ 100  │  0   │  0  │ Infinity │    0     │ 1618.4 │ 1210.2 │  0  │ 0.3  │  500   │  5000000  │   5300    │   54590000    │       │          │     │
├─────────┼──────┼──────┼──────┼──────┼───────┼───────────┼───────────┼─────────┼───────────┼────────────┼───────────────┼────────────────────────────┼──────┼──────┼─────┼──────────┼──────────┼────────┼────────┼─────┼──────┼────────┼───────────┼───────────┼───────────────┼───────┼──────────┼─────┤
│ (index) │  c   │  h   │  l   │  o   │  bu   │  val_bu   │ total_vol │ sum_vol │    val    │  acum_val  │   datetime    │            date            │ pbu  │ psd  │ puk │    bs    │    sb    │  abu   │  asd   │ auk │ rbu  │ bu-sd  │ bu-sd_val │ acum_busd │ acum_busd_val │  sd   │  val_sd  │ rsd │
├─────────┼──────┼──────┼──────┼──────┼───────┼───────────┼───────────┼─────────┼───────────┼────────────┼───────────────┼────────────────────────────┼──────┼──────┼─────┼──────────┼──────────┼────────┼────────┼─────┼──────┼────────┼───────────┼───────────┼───────────────┼───────┼──────────┼─────┤
│   21    │  10  │  10  │  10  │  10  │  500  │  5000000  │   73200   │   500   │  5000000  │ 730870000  │ 1672917360000 │ '2023-01-05T11:16:00.000Z' │ 100  │  0   │  0  │ Infinity │    0     │ 1618.4 │ 1210.2 │  0  │ 0.3  │  500   │  5000000  │   5800    │   59590000    │       │          │     │
│   22    │ 9.9  │ 9.9  │ 9.9  │ 9.9  │       │           │   74300   │  1100   │ 10890000  │ 741760000  │ 1672917600000 │ '2023-01-05T11:20:00.000Z' │  0   │ 100  │  0  │    0     │ Infinity │ 1618.4 │ 1210.2 │  0  │      │ -1100  │ -10890000 │   4700    │   48700000    │ 1100  │ 10890000 │ 0.9 │
│   23    │ 9.9  │ 9.9  │ 9.9  │ 9.9  │       │           │   75000   │   700   │  6930000  │ 748690000  │ 1672923600000 │ '2023-01-05T13:00:00.000Z' │  0   │ 100  │  0  │    0     │ Infinity │ 1618.4 │ 1210.2 │  0  │      │  -700  │ -6930000  │   4000    │   41770000    │  700  │ 6930000  │ 0.6 │
│   24    │  10  │  10  │ 9.9  │ 9.9  │  300  │  3000000  │   76800   │  1800   │ 17850000  │ 766540000  │ 1672924080000 │ '2023-01-05T13:08:00.000Z' │ 16.7 │ 83.3 │  0  │   0.2    │    5     │ 1618.4 │ 1210.2 │  0  │ 0.2  │ -1200  │ -11850000 │   2800    │   29920000    │ 1500  │ 14850000 │ 1.2 │
│   25    │  10  │  10  │  10  │  10  │  100  │  1000000  │   76900   │   100   │  1000000  │ 767540000  │ 1672924200000 │ '2023-01-05T13:10:00.000Z' │ 100  │  0   │  0  │ Infinity │    0     │ 1618.4 │ 1210.2 │  0  │ 0.1  │  100   │  1000000  │   2900    │   30920000    │       │          │     │
│   26    │  10  │  10  │  10  │  10  │  400  │  4000000  │   77300   │   400   │  4000000  │ 771540000  │ 1672924560000 │ '2023-01-05T13:16:00.000Z' │ 100  │  0   │  0  │ Infinity │    0     │ 1618.4 │ 1210.2 │  0  │ 0.2  │  400   │  4000000  │   3300    │   34920000    │       │          │     │
│   27    │  10  │  10  │  10  │  10  │  200  │  2000000  │   77500   │   200   │  2000000  │ 773540000  │ 1672924680000 │ '2023-01-05T13:18:00.000Z' │ 100  │  0   │  0  │ Infinity │    0     │ 1618.4 │ 1210.2 │  0  │ 0.1  │  200   │  2000000  │   3500    │   36920000    │       │          │     │
│   28    │ 9.9  │ 9.9  │ 9.9  │ 9.9  │       │           │   78000   │   500   │  4950000  │ 778490000  │ 1672925160000 │ '2023-01-05T13:26:00.000Z' │  0   │ 100  │  0  │    0     │ Infinity │ 1618.4 │ 1210.2 │  0  │      │  -500  │ -4950000  │   3000    │   31970000    │  500  │ 4950000  │ 0.4 │
│   29    │  10  │  10  │  10  │  10  │  200  │  2000000  │   78200   │   200   │  2000000  │ 780490000  │ 1672925280000 │ '2023-01-05T13:28:00.000Z' │ 100  │  0   │  0  │ Infinity │    0     │ 1618.4 │ 1210.2 │  0  │ 0.1  │  200   │  2000000  │   3200    │   33970000    │       │          │     │
│   30    │  10  │  10  │  10  │  10  │ 1600  │ 16000000  │   85200   │  7000   │ 70000000  │ 850490000  │ 1672925640000 │ '2023-01-05T13:34:00.000Z' │ 22.9 │ 77.1 │  0  │   0.3    │   3.4    │ 1618.4 │ 1210.2 │  0  │  1   │ -3800  │ -38000000 │   -600    │   -4030000    │ 5400  │ 54000000 │ 4.5 │
│   31    │  10  │  10  │ 9.9  │ 9.9  │ 10000 │ 100000000 │   98200   │  13000  │ 129700000 │ 980190000  │ 1672926360000 │ '2023-01-05T13:46:00.000Z' │ 76.9 │ 23.1 │  0  │   3.3    │   0.3    │ 1618.4 │ 1210.2 │  0  │ 6.2  │  7000  │ 70300000  │   6400    │   66270000    │ 3000  │ 29700000 │ 2.5 │
│   32    │  10  │  10  │ 9.9  │ 9.9  │  100  │  1000000  │   98600   │   400   │  3970000  │ 984160000  │ 1672926480000 │ '2023-01-05T13:48:00.000Z' │  25  │  75  │  0  │   0.3    │    3     │ 1618.4 │ 1210.2 │  0  │ 0.1  │  -200  │ -1970000  │   6200    │   64300000    │  300  │ 2970000  │ 0.2 │
│   33    │ 10.1 │ 10.1 │  10  │  10  │  100  │  1010000  │  102500   │  3900   │ 39010000  │ 1023170000 │ 1672926600000 │ '2023-01-05T13:50:00.000Z' │ 2.6  │ 97.4 │  0  │    0     │    38    │ 1618.4 │ 1210.2 │  0  │ 0.1  │ -3700  │ -36990000 │   2500    │   27310000    │ 3800  │ 38000000 │ 3.1 │
│   34    │ 10.1 │ 10.1 │ 10.1 │ 10.1 │  100  │  1010000  │  102600   │   100   │  1010000  │ 1024180000 │ 1672926840000 │ '2023-01-05T13:54:00.000Z' │ 100  │  0   │  0  │ Infinity │    0     │ 1618.4 │ 1210.2 │  0  │ 0.1  │  100   │  1010000  │   2600    │   28320000    │       │          │     │
│   35    │ 10.1 │ 10.1 │ 10.1 │ 10.1 │ 1000  │ 10100000  │  103600   │  1000   │ 10100000  │ 1034280000 │ 1672926960000 │ '2023-01-05T13:56:00.000Z' │ 100  │  0   │  0  │ Infinity │    0     │ 1618.4 │ 1210.2 │  0  │ 0.6  │  1000  │ 10100000  │   3600    │   38420000    │       │          │     │
│   36    │ 10.1 │ 10.1 │ 10.1 │ 10.1 │  700  │  7070000  │  104300   │   700   │  7070000  │ 1041350000 │ 1672927080000 │ '2023-01-05T13:58:00.000Z' │ 100  │  0   │  0  │ Infinity │    0     │ 1618.4 │ 1210.2 │  0  │ 0.4  │  700   │  7070000  │   4300    │   45490000    │       │          │     │
│   37    │ 10.1 │ 10.1 │ 10.1 │ 10.1 │  500  │  5050000  │  104800   │   500   │  5050000  │ 1046400000 │ 1672927200000 │ '2023-01-05T14:00:00.000Z' │ 100  │  0   │  0  │ Infinity │    0     │ 1618.4 │ 1210.2 │  0  │ 0.3  │  500   │  5050000  │   4800    │   50540000    │       │          │     │
│   38    │  10  │  10  │  10  │  10  │       │           │  112400   │  7600   │ 76000000  │ 1122400000 │ 1672927320000 │ '2023-01-05T14:02:00.000Z' │  0   │ 100  │  0  │    0     │ Infinity │ 1618.4 │ 1210.2 │  0  │      │ -7600  │ -76000000 │   -2800   │   -25460000   │ 7600  │ 76000000 │ 6.3 │
│   39    │  10  │ 10.1 │  10  │ 10.1 │ 3100  │ 31140000  │  115500   │  3100   │ 31140000  │ 1153540000 │ 1672927440000 │ '2023-01-05T14:04:00.000Z' │ 100  │  0   │  0  │ Infinity │    0     │ 1618.4 │ 1210.2 │  0  │ 1.9  │  3100  │ 31140000  │    300    │    5680000    │       │          │     │
│   40    │  10  │  10  │  10  │  10  │ 4100  │ 41000000  │  119600   │  4100   │ 41000000  │ 1194540000 │ 1672927560000 │ '2023-01-05T14:06:00.000Z' │ 100  │  0   │  0  │ Infinity │    0     │ 1618.4 │ 1210.2 │  0  │ 2.5  │  4100  │ 41000000  │   4400    │   46680000    │       │          │     │
├─────────┼──────┼──────┼──────┼──────┼───────┼───────────┼───────────┼─────────┼───────────┼────────────┼───────────────┼────────────────────────────┼──────┼──────┼─────┼──────────┼──────────┼────────┼────────┼─────┼──────┼────────┼───────────┼───────────┼───────────────┼───────┼──────────┼─────┤
│ (index) │  c   │  h   │  l   │  o   │  bu   │  val_bu   │ total_vol │ sum_vol │    val    │  acum_val  │   datetime    │            date            │ pbu  │ psd  │ puk │    bs    │    sb    │  abu   │  asd   │ auk │ rbu  │ bu-sd  │ bu-sd_val │ acum_busd │ acum_busd_val │  sd   │  val_sd  │ rsd │
├─────────┼──────┼──────┼──────┼──────┼───────┼───────────┼───────────┼─────────┼───────────┼────────────┼───────────────┼────────────────────────────┼──────┼──────┼─────┼──────────┼──────────┼────────┼────────┼─────┼──────┼────────┼───────────┼───────────┼───────────────┼───────┼──────────┼─────┤
│   41    │  10  │  10  │  10  │  10  │ 1000  │ 10000000  │  120600   │  1000   │ 10000000  │ 1204540000 │ 1672927800000 │ '2023-01-05T14:10:00.000Z' │ 100  │  0   │  0  │ Infinity │    0     │ 1618.4 │ 1210.2 │  0  │ 0.6  │  1000  │ 10000000  │   5400    │   56680000    │       │          │     │
│   42    │  10  │  10  │  10  │  10  │ 1500  │ 15000000  │  122600   │  2000   │ 20000000  │ 1224540000 │ 1672927920000 │ '2023-01-05T14:12:00.000Z' │  75  │  25  │  0  │    3     │   0.3    │ 1618.4 │ 1210.2 │  0  │ 0.9  │  1000  │ 10000000  │   6400    │   66680000    │  500  │ 5000000  │ 0.4 │
│   43    │  10  │  10  │  10  │  10  │  500  │  5000000  │  123300   │   700   │  7000000  │ 1231540000 │ 1672928040000 │ '2023-01-05T14:14:00.000Z' │ 71.4 │ 28.6 │  0  │   2.5    │   0.4    │ 1618.4 │ 1210.2 │  0  │ 0.3  │  300   │  3000000  │   6700    │   69680000    │  200  │ 2000000  │ 0.2 │
│   44    │ 10.1 │ 10.1 │ 10.1 │ 10.1 │ 1000  │ 10100000  │  124300   │  1000   │ 10100000  │ 1241640000 │ 1672928280000 │ '2023-01-05T14:18:00.000Z' │ 100  │  0   │  0  │ Infinity │    0     │ 1618.4 │ 1210.2 │  0  │ 0.6  │  1000  │ 10100000  │   7700    │   79780000    │       │          │     │
│   45    │ 10.1 │ 10.1 │ 10.1 │ 10.1 │ 6800  │ 68680000  │  131100   │  6800   │ 68680000  │ 1310320000 │ 1672928760000 │ '2023-01-05T14:26:00.000Z' │ 100  │  0   │  0  │ Infinity │    0     │ 1618.4 │ 1210.2 │  0  │ 4.2  │  6800  │ 68680000  │   14500   │   148460000   │       │          │     │
│   46    │ 10.1 │ 10.1 │ 10.1 │ 10.1 │  500  │  5050000  │  131600   │   500   │  5050000  │ 1315370000 │ 1672929240000 │ '2023-01-05T14:34:00.000Z' │ 100  │  0   │  0  │ Infinity │    0     │ 1618.4 │ 1210.2 │  0  │ 0.3  │  500   │  5050000  │   15000   │   153510000   │       │          │     │
│   47    │  10  │  10  │  10  │  10  │       │           │  132600   │  1000   │ 10000000  │ 1325370000 │ 1672929960000 │ '2023-01-05T14:46:00.000Z' │  0   │ 100  │  0  │    0     │ Infinity │ 1618.4 │ 1210.2 │  0  │      │ -1000  │ -10000000 │   14000   │   143510000   │ 1000  │ 10000000 │ 0.8 │
│   48    │ 10.1 │ 10.1 │ 10.1 │ 10.1 │ 6000  │ 60600000  │  138600   │  6000   │ 60600000  │ 1385970000 │ 1672930560000 │ '2023-01-05T14:56:00.000Z' │ 100  │  0   │  0  │ Infinity │    0     │ 1618.4 │ 1210.2 │  0  │ 3.7  │  6000  │ 60600000  │   20000   │   204110000   │       │          │     │
└─────────┴──────┴──────┴──────┴──────┴───────┴───────────┴───────────┴─────────┴───────────┴────────────┴───────────────┴────────────────────────────┴──────┴──────┴─────┴──────────┴──────────┴────────┴────────┴─────┴──────┴────────┴───────────┴───────────┴───────────────┴───────┴──────────┴─────┘

