┌─────────┬──────┬──────┬──────┬──────┬──────┬──────────┬───────────┬─────────┬──────────┬───────────┬───────────────┬────────────────────────────┬──────┬──────┬─────┬──────────┬──────────┬──────┬────────┬─────┬─────┬───────┬───────────┬───────────┬───────────────┬──────┬────────┬──────┐
│ (index) │  c   │  h   │  l   │  o   │  sd  │  val_sd  │ total_vol │ sum_vol │   val    │ acum_val  │   datetime    │            date            │ pbu  │ psd  │ puk │    bs    │    sb    │ abu  │  asd   │ auk │ rsd │ bu-sd │ bu-sd_val │ acum_busd │ acum_busd_val │  bu  │ val_bu │ rbu  │
├─────────┼──────┼──────┼──────┼──────┼──────┼──────────┼───────────┼─────────┼──────────┼───────────┼───────────────┼────────────────────────────┼──────┼──────┼─────┼──────────┼──────────┼──────┼────────┼─────┼─────┼───────┼───────────┼───────────┼───────────────┼──────┼────────┼──────┤
│    0    │  7   │ 7.21 │  7   │ 7.21 │ 6500 │ 17254700 │   6500    │  6500   │ 17254700 │ 17254700  │ 1672910040000 │ '2023-01-05T09:14:00.000Z' │  0   │ 100  │  0  │    0     │ Infinity │ 77.3 │ 1963.6 │  0  │ 3.3 │ -6500 │ -17254700 │   -6500   │   -17254700   │      │        │      │
│    1    │ 7.11 │ 7.11 │ 7.11 │ 7.11 │ 500  │ 3555000  │   7000    │   500   │ 3555000  │ 20809700  │ 1672910880000 │ '2023-01-05T09:28:00.000Z' │  0   │ 100  │  0  │    0     │ Infinity │ 77.3 │ 1963.6 │  0  │ 0.3 │ -500  │ -3555000  │   -7000   │   -20809700   │      │        │      │
│    2    │ 7.13 │ 7.13 │ 7.12 │ 7.12 │ 100  │  712000  │   7200    │   200   │ 1425000  │ 22234700  │ 1672911480000 │ '2023-01-05T09:38:00.000Z' │  50  │  50  │  0  │    1     │    1     │ 77.3 │ 1963.6 │  0  │ 0.1 │   0   │   1000    │   -7000   │   -20808700   │ 100  │ 713000 │ 1.3  │
│    3    │ 7.13 │ 7.14 │ 7.13 │ 7.14 │ 200  │ 1427000  │   7400    │   200   │ 1427000  │ 23661700  │ 1672912200000 │ '2023-01-05T09:50:00.000Z' │  0   │ 100  │  0  │    0     │ Infinity │ 77.3 │ 1963.6 │  0  │ 0.1 │ -200  │ -1427000  │   -7200   │   -22235700   │      │        │      │
│    4    │ 7.1  │ 7.13 │ 7.1  │ 7.13 │ 1300 │ 9243000  │   8700    │  1300   │ 9243000  │ 32904700  │ 1672912320000 │ '2023-01-05T09:52:00.000Z' │  0   │ 100  │  0  │    0     │ Infinity │ 77.3 │ 1963.6 │  0  │ 0.7 │ -1300 │ -9243000  │   -8500   │   -31478700   │      │        │      │
│    5    │ 7.09 │ 7.11 │ 7.09 │ 7.11 │ 3800 │ 26980000 │   12500   │  3800   │ 26980000 │ 59884700  │ 1672913040000 │ '2023-01-05T10:04:00.000Z' │  0   │ 100  │  0  │    0     │ Infinity │ 77.3 │ 1963.6 │  0  │ 1.9 │ -3800 │ -26980000 │  -12300   │   -58458700   │      │        │      │
│    6    │ 7.03 │ 7.07 │ 7.03 │ 7.07 │ 4900 │ 34485000 │   17400   │  4900   │ 34485000 │ 94369700  │ 1672913160000 │ '2023-01-05T10:06:00.000Z' │  0   │ 100  │  0  │    0     │ Infinity │ 77.3 │ 1963.6 │  0  │ 2.5 │ -4900 │ -34485000 │  -17200   │   -92943700   │      │        │      │
│    7    │ 7.02 │ 7.03 │ 7.02 │ 7.03 │ 1900 │ 13347000 │   19300   │  1900   │ 13347000 │ 107716700 │ 1672913280000 │ '2023-01-05T10:08:00.000Z' │  0   │ 100  │  0  │    0     │ Infinity │ 77.3 │ 1963.6 │  0  │  1  │ -1900 │ -13347000 │  -19100   │  -106290700   │      │        │      │
│    8    │  7   │ 7.01 │  7   │ 7.01 │ 9700 │ 2869100  │   29000   │  9700   │ 2869100  │ 110585800 │ 1672913400000 │ '2023-01-05T10:10:00.000Z' │  0   │ 100  │  0  │    0     │ Infinity │ 77.3 │ 1963.6 │  0  │ 4.9 │ -9700 │ -2869100  │  -28800   │  -109159800   │      │        │      │
│    9    │ 7.01 │ 7.02 │ 7.01 │ 7.02 │ 3900 │ 27340000 │   32900   │  3900   │ 27340000 │ 137925800 │ 1672913760000 │ '2023-01-05T10:16:00.000Z' │  0   │ 100  │  0  │    0     │ Infinity │ 77.3 │ 1963.6 │  0  │  2  │ -3900 │ -27340000 │  -32700   │  -136499800   │      │        │      │
│   10    │  7   │  7   │  7   │  7   │ 8600 │  60200   │   42700   │  9800   │  68600   │ 137994400 │ 1672913880000 │ '2023-01-05T10:18:00.000Z' │ 12.2 │ 87.8 │  0  │   0.1    │   7.2    │ 77.3 │ 1963.6 │  0  │ 4.4 │ -7400 │  -51800   │  -40100   │  -136551600   │ 1200 │  8400  │ 15.5 │
│   11    │ 7.01 │ 7.01 │ 7.01 │ 7.01 │ 600  │ 4206000  │   43300   │   600   │ 4206000  │ 142200400 │ 1672914240000 │ '2023-01-05T10:24:00.000Z' │  0   │ 100  │  0  │    0     │ Infinity │ 77.3 │ 1963.6 │  0  │ 0.3 │ -600  │ -4206000  │  -40700   │  -140757600   │      │        │      │
│   12    │ 7.01 │ 7.01 │ 7.01 │ 7.01 │ 100  │  701000  │   43400   │   100   │  701000  │ 142901400 │ 1672914600000 │ '2023-01-05T10:30:00.000Z' │  0   │ 100  │  0  │    0     │ Infinity │ 77.3 │ 1963.6 │  0  │ 0.1 │ -100  │  -701000  │  -40800   │  -141458600   │      │        │      │
│   13    │ 7.01 │ 7.01 │ 7.01 │ 7.01 │ 100  │  701000  │   43500   │   100   │  701000  │ 143602400 │ 1672914720000 │ '2023-01-05T10:32:00.000Z' │  0   │ 100  │  0  │    0     │ Infinity │ 77.3 │ 1963.6 │  0  │ 0.1 │ -100  │  -701000  │  -40900   │  -142159600   │      │        │      │
│   14    │ 7.02 │ 7.02 │ 7.02 │ 7.02 │ 100  │  702000  │   43600   │   100   │  702000  │ 144304400 │ 1672915200000 │ '2023-01-05T10:40:00.000Z' │  0   │ 100  │  0  │    0     │ Infinity │ 77.3 │ 1963.6 │  0  │ 0.1 │ -100  │  -702000  │  -41000   │  -142861600   │      │        │      │
│   15    │ 7.04 │ 7.04 │ 7.04 │ 7.04 │ 100  │  704000  │   43700   │   100   │  704000  │ 145008400 │ 1672923600000 │ '2023-01-05T13:00:00.000Z' │  0   │ 100  │  0  │    0     │ Infinity │ 77.3 │ 1963.6 │  0  │ 0.1 │ -100  │  -704000  │  -41100   │  -143565600   │      │        │      │
│   16    │ 7.03 │ 7.03 │ 7.03 │ 7.03 │ 500  │ 3515000  │   44200   │   500   │ 3515000  │ 148523400 │ 1672923720000 │ '2023-01-05T13:02:00.000Z' │  0   │ 100  │  0  │    0     │ Infinity │ 77.3 │ 1963.6 │  0  │ 0.3 │ -500  │ -3515000  │  -41600   │  -147080600   │      │        │      │
│   17    │ 7.3  │ 7.3  │ 7.03 │ 7.03 │ 200  │ 1406000  │   44500   │   300   │ 2136000  │ 150659400 │ 1672924680000 │ '2023-01-05T13:18:00.000Z' │ 33.3 │ 66.7 │  0  │   0.5    │    2     │ 77.3 │ 1963.6 │  0  │ 0.1 │ -100  │  -676000  │  -41700   │  -147756600   │ 100  │ 730000 │ 1.3  │
│   18    │ 7.3  │ 7.3  │ 7.3  │ 7.3  │      │          │   44600   │   100   │  730000  │ 151389400 │ 1672926600000 │ '2023-01-05T13:50:00.000Z' │ 100  │  0   │  0  │ Infinity │    0     │ 77.3 │ 1963.6 │  0  │     │  100  │  730000   │  -41600   │  -147026600   │ 100  │ 730000 │ 1.3  │
│   19    │ 7.04 │ 7.04 │ 7.04 │ 7.04 │ 100  │  704000  │   44700   │   100   │  704000  │ 152093400 │ 1672927920000 │ '2023-01-05T14:12:00.000Z' │  0   │ 100  │  0  │    0     │ Infinity │ 77.3 │ 1963.6 │  0  │ 0.1 │ -100  │  -704000  │  -41700   │  -147730600   │      │        │      │
│   20    │ 7.3  │ 7.3  │ 7.3  │ 7.3  │      │          │   44800   │   100   │  730000  │ 152823400 │ 1672928400000 │ '2023-01-05T14:20:00.000Z' │ 100  │  0   │  0  │ Infinity │    0     │ 77.3 │ 1963.6 │  0  │     │  100  │  730000   │  -41600   │  -147000600   │ 100  │ 730000 │ 1.3  │
├─────────┼──────┼──────┼──────┼──────┼──────┼──────────┼───────────┼─────────┼──────────┼───────────┼───────────────┼────────────────────────────┼──────┼──────┼─────┼──────────┼──────────┼──────┼────────┼─────┼─────┼───────┼───────────┼───────────┼───────────────┼──────┼────────┼──────┤
│ (index) │  c   │  h   │  l   │  o   │  sd  │  val_sd  │ total_vol │ sum_vol │   val    │ acum_val  │   datetime    │            date            │ pbu  │ psd  │ puk │    bs    │    sb    │ abu  │  asd   │ auk │ rsd │ bu-sd │ bu-sd_val │ acum_busd │ acum_busd_val │  bu  │ val_bu │ rbu  │
├─────────┼──────┼──────┼──────┼──────┼──────┼──────────┼───────────┼─────────┼──────────┼───────────┼───────────────┼────────────────────────────┼──────┼──────┼─────┼──────────┼──────────┼──────┼────────┼─────┼─────┼───────┼───────────┼───────────┼───────────────┼──────┼────────┼──────┤
│   21    │ 7.3  │ 7.3  │ 7.3  │ 7.3  │      │          │   44900   │   100   │  730000  │ 153553400 │ 1672929840000 │ '2023-01-05T14:44:00.000Z' │ 100  │  0   │  0  │ Infinity │    0     │ 77.3 │ 1963.6 │  0  │     │  100  │  730000   │  -41500   │  -146270600   │ 100  │ 730000 │ 1.3  │
└─────────┴──────┴──────┴──────┴──────┴──────┴──────────┴───────────┴─────────┴──────────┴───────────┴───────────────┴────────────────────────────┴──────┴──────┴─────┴──────────┴──────────┴──────┴────────┴─────┴─────┴───────┴───────────┴───────────┴───────────────┴──────┴────────┴──────┘

