┌─────────┬──────┬──────┬──────┬──────┬──────┬───────────┬───────────┬─────────┬───────────┬────────────┬───────────────┬────────────────────────────┬──────┬──────┬─────┬──────────┬──────────┬────────┬───────┬─────┬─────┬───────┬────────────┬───────────┬───────────────┬──────┬───────────┬─────┐
│ (index) │  c   │  h   │  l   │  o   │  bu  │  val_bu   │ total_vol │ sum_vol │    val    │  acum_val  │   datetime    │            date            │ pbu  │ psd  │ puk │    bs    │    sb    │  abu   │  asd  │ auk │ rbu │ bu-sd │ bu-sd_val  │ acum_busd │ acum_busd_val │  sd  │  val_sd   │ rsd │
├─────────┼──────┼──────┼──────┼──────┼──────┼───────────┼───────────┼─────────┼───────────┼────────────┼───────────────┼────────────────────────────┼──────┼──────┼─────┼──────────┼──────────┼────────┼───────┼─────┼─────┼───────┼────────────┼───────────┼───────────────┼──────┼───────────┼─────┤
│    0    │ 54.9 │ 54.9 │ 54.8 │ 54.8 │ 3000 │ 164610000 │   3000    │  3000   │ 164610000 │ 164610000  │ 1672910700000 │ '2023-01-05T09:25:00.000Z' │ 100  │  0   │  0  │ Infinity │    0     │ 1135.5 │ 722.6 │  0  │ 2.6 │ 3000  │ 164610000  │   3000    │   164610000   │      │           │     │
│    1    │ 54.8 │ 54.8 │ 54.8 │ 54.8 │ 300  │ 16440000  │   3300    │   300   │ 16440000  │ 181050000  │ 1672911000000 │ '2023-01-05T09:30:00.000Z' │ 100  │  0   │  0  │ Infinity │    0     │ 1135.5 │ 722.6 │  0  │ 0.3 │  300  │  16440000  │   3300    │   181050000   │      │           │     │
│    2    │ 54.8 │ 54.8 │ 54.8 │ 54.8 │ 100  │  5480000  │   3500    │   200   │ 10960000  │ 192010000  │ 1672911300000 │ '2023-01-05T09:35:00.000Z' │  50  │  50  │  0  │    1     │    1     │ 1135.5 │ 722.6 │  0  │ 0.1 │   0   │     0      │   3300    │   181050000   │ 100  │  5480000  │ 0.1 │
│    3    │ 54.5 │ 54.5 │ 54.4 │ 54.5 │ 3100 │ 168950000 │   10700   │  7200   │ 392000000 │ 584010000  │ 1672911600000 │ '2023-01-05T09:40:00.000Z' │ 43.1 │ 56.9 │  0  │   0.8    │   1.3    │ 1135.5 │ 722.6 │  0  │ 2.7 │ -1000 │ -54100000  │   2300    │   126950000   │ 4100 │ 223050000 │ 5.7 │
│    4    │ 54.5 │ 54.5 │ 54.5 │ 54.5 │ 100  │  5450000  │   11700   │  1000   │ 54500000  │ 638510000  │ 1672911900000 │ '2023-01-05T09:45:00.000Z' │  10  │  90  │  0  │   0.1    │    9     │ 1135.5 │ 722.6 │  0  │ 0.1 │ -800  │ -43600000  │   1500    │   83350000    │ 900  │ 49050000  │ 1.2 │
│    5    │ 54.5 │ 54.5 │ 54.5 │ 54.5 │ 2000 │ 109000000 │   13700   │  2000   │ 109000000 │ 747510000  │ 1672912500000 │ '2023-01-05T09:55:00.000Z' │ 100  │  0   │  0  │ Infinity │    0     │ 1135.5 │ 722.6 │  0  │ 1.8 │ 2000  │ 109000000  │   3500    │   192350000   │      │           │     │
│    6    │ 54.5 │ 54.5 │ 54.5 │ 54.5 │ 100  │  5450000  │   13800   │   100   │  5450000  │ 752960000  │ 1672912800000 │ '2023-01-05T10:00:00.000Z' │ 100  │  0   │  0  │ Infinity │    0     │ 1135.5 │ 722.6 │  0  │ 0.1 │  100  │  5450000   │   3600    │   197800000   │      │           │     │
│    7    │ 54.4 │ 54.5 │ 54.4 │ 54.5 │ 4900 │ 267050000 │   18900   │  5100   │ 277930000 │ 1030890000 │ 1672913100000 │ '2023-01-05T10:05:00.000Z' │ 96.1 │ 3.9  │  0  │   24.5   │    0     │ 1135.5 │ 722.6 │  0  │ 4.3 │ 4700  │ 256170000  │   8300    │   453970000   │ 200  │ 10880000  │ 0.3 │
│    8    │ 54.3 │ 54.4 │ 54.3 │ 54.4 │      │           │   22300   │  3400   │ 184630000 │ 1215520000 │ 1672913400000 │ '2023-01-05T10:10:00.000Z' │  0   │ 100  │  0  │    0     │ Infinity │ 1135.5 │ 722.6 │  0  │     │ -3400 │ -184630000 │   4900    │   269340000   │ 3400 │ 184630000 │ 4.7 │
│    9    │ 54.3 │ 54.3 │ 54.3 │ 54.3 │ 100  │  5430000  │   22400   │   100   │  5430000  │ 1220950000 │ 1672913700000 │ '2023-01-05T10:15:00.000Z' │ 100  │  0   │  0  │ Infinity │    0     │ 1135.5 │ 722.6 │  0  │ 0.1 │  100  │  5430000   │   5000    │   274770000   │      │           │     │
│   10    │ 54.3 │ 54.3 │ 54.3 │ 54.3 │ 700  │ 38010000  │   24700   │  2300   │ 124890000 │ 1345840000 │ 1672914000000 │ '2023-01-05T10:20:00.000Z' │ 30.4 │ 69.6 │  0  │   0.4    │   2.3    │ 1135.5 │ 722.6 │  0  │ 0.6 │ -900  │ -48870000  │   4100    │   225900000   │ 1600 │ 86880000  │ 2.2 │
│   11    │ 54.2 │ 54.2 │ 54.2 │ 54.2 │      │           │   25800   │  1100   │ 59620000  │ 1405460000 │ 1672914300000 │ '2023-01-05T10:25:00.000Z' │  0   │ 100  │  0  │    0     │ Infinity │ 1135.5 │ 722.6 │  0  │     │ -1100 │ -59620000  │   3000    │   166280000   │ 1100 │ 59620000  │ 1.5 │
│   12    │ 54.3 │ 54.3 │ 54.3 │ 54.3 │ 900  │ 48870000  │   26700   │   900   │ 48870000  │ 1454330000 │ 1672916100000 │ '2023-01-05T10:55:00.000Z' │ 100  │  0   │  0  │ Infinity │    0     │ 1135.5 │ 722.6 │  0  │ 0.8 │  900  │  48870000  │   3900    │   215150000   │      │           │     │
│   13    │ 54.3 │ 54.3 │ 54.2 │ 54.2 │ 4100 │ 222630000 │   31800   │  5100   │ 276830000 │ 1731160000 │ 1672916400000 │ '2023-01-05T11:00:00.000Z' │ 80.4 │ 19.6 │  0  │   4.1    │   0.2    │ 1135.5 │ 722.6 │  0  │ 3.6 │ 3100  │ 168430000  │   7000    │   383580000   │ 1000 │ 54200000  │ 1.4 │
│   14    │ 54.3 │ 54.3 │ 54.3 │ 54.3 │      │           │   32200   │   400   │ 21720000  │ 1752880000 │ 1672916700000 │ '2023-01-05T11:05:00.000Z' │  0   │ 100  │  0  │    0     │ Infinity │ 1135.5 │ 722.6 │  0  │     │ -400  │ -21720000  │   6600    │   361860000   │ 400  │ 21720000  │ 0.6 │
│   15    │ 54.2 │ 54.3 │ 54.2 │ 54.3 │      │           │   34300   │  2100   │ 113990000 │ 1866870000 │ 1672917000000 │ '2023-01-05T11:10:00.000Z' │  0   │ 100  │  0  │    0     │ Infinity │ 1135.5 │ 722.6 │  0  │     │ -2100 │ -113990000 │   4500    │   247870000   │ 2100 │ 113990000 │ 2.9 │
│   16    │ 54.2 │ 54.2 │ 54.2 │ 54.2 │ 100  │  5420000  │   34400   │   100   │  5420000  │ 1872290000 │ 1672917900000 │ '2023-01-05T11:25:00.000Z' │ 100  │  0   │  0  │ Infinity │    0     │ 1135.5 │ 722.6 │  0  │ 0.1 │  100  │  5420000   │   4600    │   253290000   │      │           │     │
│   17    │  54  │ 54.1 │  54  │ 54.1 │ 1000 │ 54100000  │   35500   │  1100   │ 59500000  │ 1931790000 │ 1672923600000 │ '2023-01-05T13:00:00.000Z' │ 90.9 │ 9.1  │  0  │    10    │   0.1    │ 1135.5 │ 722.6 │  0  │ 0.9 │  900  │  48700000  │   5500    │   301990000   │ 100  │  5400000  │ 0.1 │
│   18    │ 53.8 │ 53.8 │ 53.8 │ 53.8 │ 100  │  5380000  │   35600   │   100   │  5380000  │ 1937170000 │ 1672924200000 │ '2023-01-05T13:10:00.000Z' │ 100  │  0   │  0  │ Infinity │    0     │ 1135.5 │ 722.6 │  0  │ 0.1 │  100  │  5380000   │   5600    │   307370000   │      │           │     │
│   19    │ 53.7 │ 53.7 │ 53.7 │ 53.7 │ 200  │ 10740000  │   35800   │   200   │ 10740000  │ 1947910000 │ 1672924500000 │ '2023-01-05T13:15:00.000Z' │ 100  │  0   │  0  │ Infinity │    0     │ 1135.5 │ 722.6 │  0  │ 0.2 │  200  │  10740000  │   5800    │   318110000   │      │           │     │
│   20    │ 53.6 │ 53.7 │ 53.6 │ 53.7 │ 2900 │ 155730000 │   41900   │  6100   │ 327550000 │ 2275460000 │ 1672924800000 │ '2023-01-05T13:20:00.000Z' │ 47.5 │ 52.5 │  0  │   0.9    │   1.1    │ 1135.5 │ 722.6 │  0  │ 2.6 │ -300  │ -16090000  │   5500    │   302020000   │ 3200 │ 171820000 │ 4.4 │
├─────────┼──────┼──────┼──────┼──────┼──────┼───────────┼───────────┼─────────┼───────────┼────────────┼───────────────┼────────────────────────────┼──────┼──────┼─────┼──────────┼──────────┼────────┼───────┼─────┼─────┼───────┼────────────┼───────────┼───────────────┼──────┼───────────┼─────┤
│ (index) │  c   │  h   │  l   │  o   │  bu  │  val_bu   │ total_vol │ sum_vol │    val    │  acum_val  │   datetime    │            date            │ pbu  │ psd  │ puk │    bs    │    sb    │  abu   │  asd  │ auk │ rbu │ bu-sd │ bu-sd_val  │ acum_busd │ acum_busd_val │  sd  │  val_sd   │ rsd │
├─────────┼──────┼──────┼──────┼──────┼──────┼───────────┼───────────┼─────────┼───────────┼────────────┼───────────────┼────────────────────────────┼──────┼──────┼─────┼──────────┼──────────┼────────┼───────┼─────┼─────┼───────┼────────────┼───────────┼───────────────┼──────┼───────────┼─────┤
│   21    │ 53.5 │ 53.6 │ 53.5 │ 53.6 │ 2100 │ 112480000 │   45200   │  3300   │ 176680000 │ 2452140000 │ 1672925100000 │ '2023-01-05T13:25:00.000Z' │ 63.6 │ 36.4 │  0  │   1.8    │   0.6    │ 1135.5 │ 722.6 │  0  │ 1.8 │  900  │  48280000  │   6400    │   350300000   │ 1200 │ 64200000  │ 1.7 │
│   22    │ 53.7 │ 53.7 │ 53.7 │ 53.7 │ 400  │ 21480000  │   45600   │   400   │ 21480000  │ 2473620000 │ 1672925400000 │ '2023-01-05T13:30:00.000Z' │ 100  │  0   │  0  │ Infinity │    0     │ 1135.5 │ 722.6 │  0  │ 0.4 │  400  │  21480000  │   6800    │   371780000   │      │           │     │
│   23    │ 53.8 │ 53.8 │ 53.8 │ 53.8 │ 500  │ 26900000  │   46100   │   500   │ 26900000  │ 2500520000 │ 1672926000000 │ '2023-01-05T13:40:00.000Z' │ 100  │  0   │  0  │ Infinity │    0     │ 1135.5 │ 722.6 │  0  │ 0.4 │  500  │  26900000  │   7300    │   398680000   │      │           │     │
│   24    │ 53.9 │ 53.9 │ 53.9 │ 53.9 │ 500  │ 26950000  │   46600   │   500   │ 26950000  │ 2527470000 │ 1672926300000 │ '2023-01-05T13:45:00.000Z' │ 100  │  0   │  0  │ Infinity │    0     │ 1135.5 │ 722.6 │  0  │ 0.4 │  500  │  26950000  │   7800    │   425630000   │      │           │     │
│   25    │  54  │  54  │  54  │  54  │ 6000 │ 324000000 │   52600   │  6000   │ 324000000 │ 2851470000 │ 1672926600000 │ '2023-01-05T13:50:00.000Z' │ 100  │  0   │  0  │ Infinity │    0     │ 1135.5 │ 722.6 │  0  │ 5.3 │ 6000  │ 324000000  │   13800   │   749630000   │      │           │     │
│   26    │ 53.8 │ 53.8 │ 53.8 │ 53.8 │      │           │   54600   │  2000   │ 107600000 │ 2959070000 │ 1672926900000 │ '2023-01-05T13:55:00.000Z' │  0   │ 100  │  0  │    0     │ Infinity │ 1135.5 │ 722.6 │  0  │     │ -2000 │ -107600000 │   11800   │   642030000   │ 2000 │ 107600000 │ 2.8 │
│   27    │ 53.8 │ 53.8 │ 53.8 │ 53.8 │      │           │   54800   │   200   │ 10760000  │ 2969830000 │ 1672927200000 │ '2023-01-05T14:00:00.000Z' │  0   │ 100  │  0  │    0     │ Infinity │ 1135.5 │ 722.6 │  0  │     │ -200  │ -10760000  │   11600   │   631270000   │ 200  │ 10760000  │ 0.3 │
│   28    │ 53.8 │ 53.8 │ 53.8 │ 53.8 │      │           │   55400   │   600   │ 32280000  │ 3002110000 │ 1672927800000 │ '2023-01-05T14:10:00.000Z' │  0   │ 100  │  0  │    0     │ Infinity │ 1135.5 │ 722.6 │  0  │     │ -600  │ -32280000  │   11000   │   598990000   │ 600  │ 32280000  │ 0.8 │
│   29    │ 53.8 │ 53.8 │ 53.8 │ 53.8 │      │           │   55600   │   200   │ 10760000  │ 3012870000 │ 1672928400000 │ '2023-01-05T14:20:00.000Z' │  0   │ 100  │  0  │    0     │ Infinity │ 1135.5 │ 722.6 │  0  │     │ -200  │ -10760000  │   10800   │   588230000   │ 200  │ 10760000  │ 0.3 │
│   30    │  54  │  54  │  54  │  54  │ 2000 │ 108000000 │   57600   │  2000   │ 108000000 │ 3120870000 │ 1672929900000 │ '2023-01-05T14:45:00.000Z' │ 100  │  0   │  0  │ Infinity │    0     │ 1135.5 │ 722.6 │  0  │ 1.8 │ 2000  │ 108000000  │   12800   │   696230000   │      │           │     │
└─────────┴──────┴──────┴──────┴──────┴──────┴───────────┴───────────┴─────────┴───────────┴────────────┴───────────────┴────────────────────────────┴──────┴──────┴─────┴──────────┴──────────┴────────┴───────┴─────┴─────┴───────┴────────────┴───────────┴───────────────┴──────┴───────────┴─────┘

