┌─────────┬─────┬─────┬─────┬─────┬──────┬──────────┬───────────┬─────────┬──────────┬───────────┬───────────────┬────────────────────────────┬─────┬─────┬─────┬──────────┬──────────┬────────┬───────┬─────┬─────┬───────┬───────────┬───────────┬───────────────┬──────┬──────────┬─────┐
│ (index) │  c  │  h  │  l  │  o  │  sd  │  val_sd  │ total_vol │ sum_vol │   val    │ acum_val  │   datetime    │            date            │ pbu │ psd │ puk │    bs    │    sb    │  abu   │  asd  │ auk │ rsd │ bu-sd │ bu-sd_val │ acum_busd │ acum_busd_val │  bu  │  val_bu  │ rbu │
├─────────┼─────┼─────┼─────┼─────┼──────┼──────────┼───────────┼─────────┼──────────┼───────────┼───────────────┼────────────────────────────┼─────┼─────┼─────┼──────────┼──────────┼────────┼───────┼─────┼─────┼───────┼───────────┼───────────┼───────────────┼──────┼──────────┼─────┤
│    0    │ 6.2 │ 6.2 │ 6.2 │ 6.2 │ 200  │ 1240000  │    200    │   200   │ 1240000  │  1240000  │ 1672910520000 │ '2023-01-05T09:22:00.000Z' │  0  │ 100 │  0  │    0     │ Infinity │ 1134.1 │ 912.2 │  0  │ 0.2 │ -200  │ -1240000  │   -200    │   -1240000    │      │          │     │
│    1    │ 6.2 │ 6.2 │ 6.2 │ 6.2 │      │          │   10000   │  9800   │ 60760000 │ 62000000  │ 1672911120000 │ '2023-01-05T09:32:00.000Z' │ 100 │  0  │  0  │ Infinity │    0     │ 1134.1 │ 912.2 │  0  │     │ 9800  │ 60760000  │   9600    │   59520000    │ 9800 │ 60760000 │ 8.6 │
│    2    │ 6.2 │ 6.2 │ 6.2 │ 6.2 │ 1200 │ 7440000  │   11200   │  1200   │ 7440000  │ 69440000  │ 1672911360000 │ '2023-01-05T09:36:00.000Z' │  0  │ 100 │  0  │    0     │ Infinity │ 1134.1 │ 912.2 │  0  │ 1.3 │ -1200 │ -7440000  │   8400    │   52080000    │      │          │     │
│    3    │ 6.2 │ 6.2 │ 6.2 │ 6.2 │ 1000 │ 6200000  │   12200   │  1000   │ 6200000  │ 75640000  │ 1672911720000 │ '2023-01-05T09:42:00.000Z' │  0  │ 100 │  0  │    0     │ Infinity │ 1134.1 │ 912.2 │  0  │ 1.1 │ -1000 │ -6200000  │   7400    │   45880000    │      │          │     │
│    4    │ 6.2 │ 6.2 │ 6.2 │ 6.2 │ 1000 │ 6200000  │   13200   │  1000   │ 6200000  │ 81840000  │ 1672911960000 │ '2023-01-05T09:46:00.000Z' │  0  │ 100 │  0  │    0     │ Infinity │ 1134.1 │ 912.2 │  0  │ 1.1 │ -1000 │ -6200000  │   6400    │   39680000    │      │          │     │
│    5    │ 6.2 │ 6.2 │ 6.2 │ 6.2 │ 1000 │ 6200000  │   14200   │  1000   │ 6200000  │ 88040000  │ 1672912440000 │ '2023-01-05T09:54:00.000Z' │  0  │ 100 │  0  │    0     │ Infinity │ 1134.1 │ 912.2 │  0  │ 1.1 │ -1000 │ -6200000  │   5400    │   33480000    │      │          │     │
│    6    │ 6.2 │ 6.2 │ 6.2 │ 6.2 │ 1000 │ 6200000  │   15200   │  1000   │ 6200000  │ 94240000  │ 1672912560000 │ '2023-01-05T09:56:00.000Z' │  0  │ 100 │  0  │    0     │ Infinity │ 1134.1 │ 912.2 │  0  │ 1.1 │ -1000 │ -6200000  │   4400    │   27280000    │      │          │     │
│    7    │ 6.2 │ 6.2 │ 6.2 │ 6.2 │ 1000 │ 6200000  │   16200   │  1000   │ 6200000  │ 100440000 │ 1672912680000 │ '2023-01-05T09:58:00.000Z' │  0  │ 100 │  0  │    0     │ Infinity │ 1134.1 │ 912.2 │  0  │ 1.1 │ -1000 │ -6200000  │   3400    │   21080000    │      │          │     │
│    8    │ 6.2 │ 6.2 │ 6.2 │ 6.2 │ 2000 │ 12400000 │   18200   │  2000   │ 12400000 │ 112840000 │ 1672912920000 │ '2023-01-05T10:02:00.000Z' │  0  │ 100 │  0  │    0     │ Infinity │ 1134.1 │ 912.2 │  0  │ 2.2 │ -2000 │ -12400000 │   1400    │    8680000    │      │          │     │
│    9    │ 6.2 │ 6.2 │ 6.2 │ 6.2 │ 2000 │ 12400000 │   20200   │  2000   │ 12400000 │ 125240000 │ 1672913400000 │ '2023-01-05T10:10:00.000Z' │  0  │ 100 │  0  │    0     │ Infinity │ 1134.1 │ 912.2 │  0  │ 2.2 │ -2000 │ -12400000 │   -600    │   -3720000    │      │          │     │
│   10    │ 6.2 │ 6.2 │ 6.2 │ 6.2 │ 500  │ 3100000  │   20700   │   500   │ 3100000  │ 128340000 │ 1672913520000 │ '2023-01-05T10:12:00.000Z' │  0  │ 100 │  0  │    0     │ Infinity │ 1134.1 │ 912.2 │  0  │ 0.5 │ -500  │ -3100000  │   -1100   │   -6820000    │      │          │     │
│   11    │ 6.2 │ 6.2 │ 6.2 │ 6.2 │ 1200 │ 7440000  │   24700   │  4000   │ 24800000 │ 153140000 │ 1672913640000 │ '2023-01-05T10:14:00.000Z' │ 70  │ 30  │  0  │   2.3    │   0.4    │ 1134.1 │ 912.2 │  0  │ 1.3 │ 1600  │  9920000  │    500    │    3100000    │ 2800 │ 17360000 │ 2.5 │
│   12    │ 6.2 │ 6.2 │ 6.2 │ 6.2 │ 500  │ 3100000  │   25200   │   500   │ 3100000  │ 156240000 │ 1672914120000 │ '2023-01-05T10:22:00.000Z' │  0  │ 100 │  0  │    0     │ Infinity │ 1134.1 │ 912.2 │  0  │ 0.5 │ -500  │ -3100000  │     0     │       0       │      │          │     │
│   13    │ 6.2 │ 6.2 │ 6.2 │ 6.2 │      │          │   27000   │  1800   │ 11160000 │ 167400000 │ 1672914480000 │ '2023-01-05T10:28:00.000Z' │ 100 │  0  │  0  │ Infinity │    0     │ 1134.1 │ 912.2 │  0  │     │ 1800  │ 11160000  │   1800    │   11160000    │ 1800 │ 11160000 │ 1.6 │
│   14    │ 6.2 │ 6.2 │ 6.2 │ 6.2 │      │          │   27100   │   100   │  620000  │ 168020000 │ 1672914960000 │ '2023-01-05T10:36:00.000Z' │ 100 │  0  │  0  │ Infinity │    0     │ 1134.1 │ 912.2 │  0  │     │  100  │  620000   │   1900    │   11780000    │ 100  │  620000  │ 0.1 │
│   15    │ 6.2 │ 6.2 │ 6.2 │ 6.2 │ 3500 │ 21700000 │   30600   │  3500   │ 21700000 │ 189720000 │ 1672915200000 │ '2023-01-05T10:40:00.000Z' │  0  │ 100 │  0  │    0     │ Infinity │ 1134.1 │ 912.2 │  0  │ 3.8 │ -3500 │ -21700000 │   -1600   │   -9920000    │      │          │     │
│   16    │ 6.2 │ 6.2 │ 6.2 │ 6.2 │ 5500 │ 34100000 │   36100   │  5500   │ 34100000 │ 223820000 │ 1672915560000 │ '2023-01-05T10:46:00.000Z' │  0  │ 100 │  0  │    0     │ Infinity │ 1134.1 │ 912.2 │  0  │  6  │ -5500 │ -34100000 │   -7100   │   -44020000   │      │          │     │
│   17    │ 6.2 │ 6.2 │ 6.2 │ 6.2 │      │          │   37100   │  1000   │ 6200000  │ 230020000 │ 1672915680000 │ '2023-01-05T10:48:00.000Z' │ 100 │  0  │  0  │ Infinity │    0     │ 1134.1 │ 912.2 │  0  │     │ 1000  │  6200000  │   -6100   │   -37820000   │ 1000 │ 6200000  │ 0.9 │
│   18    │ 6.1 │ 6.1 │ 6.1 │ 6.1 │ 500  │ 3050000  │   37600   │   500   │ 3050000  │ 233070000 │ 1672917000000 │ '2023-01-05T11:10:00.000Z' │  0  │ 100 │  0  │    0     │ Infinity │ 1134.1 │ 912.2 │  0  │ 0.5 │ -500  │ -3050000  │   -6600   │   -40870000   │      │          │     │
│   19    │ 6.1 │ 6.1 │ 6.1 │ 6.1 │ 1000 │ 6100000  │   38600   │  1000   │ 6100000  │ 239170000 │ 1672917120000 │ '2023-01-05T11:12:00.000Z' │  0  │ 100 │  0  │    0     │ Infinity │ 1134.1 │ 912.2 │  0  │ 1.1 │ -1000 │ -6100000  │   -7600   │   -46970000   │      │          │     │
│   20    │ 6.1 │ 6.1 │ 6.1 │ 6.1 │ 5000 │ 30500000 │   43600   │  5000   │ 30500000 │ 269670000 │ 1672923600000 │ '2023-01-05T13:00:00.000Z' │  0  │ 100 │  0  │    0     │ Infinity │ 1134.1 │ 912.2 │  0  │ 5.5 │ -5000 │ -30500000 │  -12600   │   -77470000   │      │          │     │
├─────────┼─────┼─────┼─────┼─────┼──────┼──────────┼───────────┼─────────┼──────────┼───────────┼───────────────┼────────────────────────────┼─────┼─────┼─────┼──────────┼──────────┼────────┼───────┼─────┼─────┼───────┼───────────┼───────────┼───────────────┼──────┼──────────┼─────┤
│ (index) │  c  │  h  │  l  │  o  │  sd  │  val_sd  │ total_vol │ sum_vol │   val    │ acum_val  │   datetime    │            date            │ pbu │ psd │ puk │    bs    │    sb    │  abu   │  asd  │ auk │ rsd │ bu-sd │ bu-sd_val │ acum_busd │ acum_busd_val │  bu  │  val_bu  │ rbu │
├─────────┼─────┼─────┼─────┼─────┼──────┼──────────┼───────────┼─────────┼──────────┼───────────┼───────────────┼────────────────────────────┼─────┼─────┼─────┼──────────┼──────────┼────────┼───────┼─────┼─────┼───────┼───────────┼───────────┼───────────────┼──────┼──────────┼─────┤
│   21    │ 6.1 │ 6.1 │ 6.1 │ 6.1 │ 1000 │ 6100000  │   44600   │  1000   │ 6100000  │ 275770000 │ 1672923720000 │ '2023-01-05T13:02:00.000Z' │  0  │ 100 │  0  │    0     │ Infinity │ 1134.1 │ 912.2 │  0  │ 1.1 │ -1000 │ -6100000  │  -13600   │   -83570000   │      │          │     │
│   22    │ 6.1 │ 6.1 │ 6.1 │ 6.1 │ 1500 │ 9150000  │   46100   │  1500   │ 9150000  │ 284920000 │ 1672923960000 │ '2023-01-05T13:06:00.000Z' │  0  │ 100 │  0  │    0     │ Infinity │ 1134.1 │ 912.2 │  0  │ 1.6 │ -1500 │ -9150000  │  -15100   │   -92720000   │      │          │     │
│   23    │ 6.1 │ 6.1 │ 6.1 │ 6.1 │ 400  │ 2440000  │   46500   │   400   │ 2440000  │ 287360000 │ 1672924560000 │ '2023-01-05T13:16:00.000Z' │  0  │ 100 │  0  │    0     │ Infinity │ 1134.1 │ 912.2 │  0  │ 0.4 │ -400  │ -2440000  │  -15500   │   -95160000   │      │          │     │
│   24    │ 6.1 │ 6.1 │ 6.1 │ 6.1 │ 1400 │ 8540000  │   47900   │  1400   │ 8540000  │ 295900000 │ 1672924680000 │ '2023-01-05T13:18:00.000Z' │  0  │ 100 │  0  │    0     │ Infinity │ 1134.1 │ 912.2 │  0  │ 1.5 │ -1400 │ -8540000  │  -16900   │  -103700000   │      │          │     │
│   25    │ 6.1 │ 6.1 │ 6.1 │ 6.1 │ 600  │ 3660000  │   48500   │   600   │ 3660000  │ 299560000 │ 1672924920000 │ '2023-01-05T13:22:00.000Z' │  0  │ 100 │  0  │    0     │ Infinity │ 1134.1 │ 912.2 │  0  │ 0.7 │ -600  │ -3660000  │  -17500   │  -107360000   │      │          │     │
│   26    │ 6.1 │ 6.1 │ 6.1 │ 6.1 │ 1000 │ 6100000  │   49500   │  1000   │ 6100000  │ 305660000 │ 1672925880000 │ '2023-01-05T13:38:00.000Z' │  0  │ 100 │  0  │    0     │ Infinity │ 1134.1 │ 912.2 │  0  │ 1.1 │ -1000 │ -6100000  │  -18500   │  -113460000   │      │          │     │
│   27    │ 6.1 │ 6.1 │ 6.1 │ 6.1 │ 1000 │ 6100000  │   50500   │  1000   │ 6100000  │ 311760000 │ 1672926120000 │ '2023-01-05T13:42:00.000Z' │  0  │ 100 │  0  │    0     │ Infinity │ 1134.1 │ 912.2 │  0  │ 1.1 │ -1000 │ -6100000  │  -19500   │  -119560000   │      │          │     │
│   28    │ 6.1 │ 6.1 │ 6.1 │ 6.1 │ 2000 │ 12200000 │   52500   │  2000   │ 12200000 │ 323960000 │ 1672926240000 │ '2023-01-05T13:44:00.000Z' │  0  │ 100 │  0  │    0     │ Infinity │ 1134.1 │ 912.2 │  0  │ 2.2 │ -2000 │ -12200000 │  -21500   │  -131760000   │      │          │     │
│   29    │ 6.2 │ 6.2 │ 6.2 │ 6.2 │      │          │   52600   │   100   │  620000  │ 324580000 │ 1672927440000 │ '2023-01-05T14:04:00.000Z' │ 100 │  0  │  0  │ Infinity │    0     │ 1134.1 │ 912.2 │  0  │     │  100  │  620000   │  -21400   │  -131140000   │ 100  │  620000  │ 0.1 │
│   30    │ 6.2 │ 6.2 │ 6.2 │ 6.2 │      │          │   54300   │  1700   │ 10540000 │ 335120000 │ 1672927560000 │ '2023-01-05T14:06:00.000Z' │ 100 │  0  │  0  │ Infinity │    0     │ 1134.1 │ 912.2 │  0  │     │ 1700  │ 10540000  │  -19700   │  -120600000   │ 1700 │ 10540000 │ 1.5 │
│   31    │ 6.2 │ 6.2 │ 6.2 │ 6.2 │      │          │   57300   │  3000   │ 18600000 │ 353720000 │ 1672927680000 │ '2023-01-05T14:08:00.000Z' │ 100 │  0  │  0  │ Infinity │    0     │ 1134.1 │ 912.2 │  0  │     │ 3000  │ 18600000  │  -16700   │  -102000000   │ 3000 │ 18600000 │ 2.6 │
│   32    │ 6.2 │ 6.2 │ 6.2 │ 6.2 │      │          │   58200   │   900   │ 5580000  │ 359300000 │ 1672927800000 │ '2023-01-05T14:10:00.000Z' │ 100 │  0  │  0  │ Infinity │    0     │ 1134.1 │ 912.2 │  0  │     │  900  │  5580000  │  -15800   │   -96420000   │ 900  │ 5580000  │ 0.8 │
│   33    │ 6.2 │ 6.2 │ 6.2 │ 6.2 │      │          │   61200   │  3000   │ 18600000 │ 377900000 │ 1672927920000 │ '2023-01-05T14:12:00.000Z' │ 100 │  0  │  0  │ Infinity │    0     │ 1134.1 │ 912.2 │  0  │     │ 3000  │ 18600000  │  -12800   │   -77820000   │ 3000 │ 18600000 │ 2.6 │
│   34    │ 6.2 │ 6.2 │ 6.2 │ 6.2 │      │          │   68200   │  7000   │ 43400000 │ 421300000 │ 1672928760000 │ '2023-01-05T14:26:00.000Z' │ 100 │  0  │  0  │ Infinity │    0     │ 1134.1 │ 912.2 │  0  │     │ 7000  │ 43400000  │   -5800   │   -34420000   │ 7000 │ 43400000 │ 6.2 │
│   35    │ 6.2 │ 6.2 │ 6.2 │ 6.2 │      │          │   71200   │  3000   │ 18600000 │ 439900000 │ 1672928880000 │ '2023-01-05T14:28:00.000Z' │ 100 │  0  │  0  │ Infinity │    0     │ 1134.1 │ 912.2 │  0  │     │ 3000  │ 18600000  │   -2800   │   -15820000   │ 3000 │ 18600000 │ 2.6 │
│   36    │ 6.2 │ 6.2 │ 6.2 │ 6.2 │ 400  │ 2480000  │   71600   │   400   │ 2480000  │ 442380000 │ 1672929000000 │ '2023-01-05T14:30:00.000Z' │  0  │ 100 │  0  │    0     │ Infinity │ 1134.1 │ 912.2 │  0  │ 0.4 │ -400  │ -2480000  │   -3200   │   -18300000   │      │          │     │
│   37    │ 6.3 │ 6.3 │ 6.3 │ 6.3 │      │          │   73600   │  2000   │ 12600000 │ 454980000 │ 1672929600000 │ '2023-01-05T14:40:00.000Z' │ 100 │  0  │  0  │ Infinity │    0     │ 1134.1 │ 912.2 │  0  │     │ 2000  │ 12600000  │   -1200   │   -5700000    │ 2000 │ 12600000 │ 1.8 │
│   38    │ 6.3 │ 6.3 │ 6.3 │ 6.3 │      │          │   77800   │  4200   │ 26460000 │ 481440000 │ 1672929720000 │ '2023-01-05T14:42:00.000Z' │ 100 │  0  │  0  │ Infinity │    0     │ 1134.1 │ 912.2 │  0  │     │ 4200  │ 26460000  │   3000    │   20760000    │ 4200 │ 26460000 │ 3.7 │
│   39    │ 6.3 │ 6.3 │ 6.3 │ 6.3 │      │          │   79500   │  1700   │ 10710000 │ 492150000 │ 1672930560000 │ '2023-01-05T14:56:00.000Z' │ 100 │  0  │  0  │ Infinity │    0     │ 1134.1 │ 912.2 │  0  │     │ 1700  │ 10710000  │   4700    │   31470000    │ 1700 │ 10710000 │ 1.5 │
│   40    │ 6.3 │ 6.3 │ 6.3 │ 6.3 │      │          │   83900   │  4400   │ 27720000 │ 519870000 │ 1672930680000 │ '2023-01-05T14:58:00.000Z' │ 100 │  0  │  0  │ Infinity │    0     │ 1134.1 │ 912.2 │  0  │     │ 4400  │ 27720000  │   9100    │   59190000    │ 4400 │ 27720000 │ 3.9 │
├─────────┼─────┼─────┼─────┼─────┼──────┼──────────┼───────────┼─────────┼──────────┼───────────┼───────────────┼────────────────────────────┼─────┼─────┼─────┼──────────┼──────────┼────────┼───────┼─────┼─────┼───────┼───────────┼───────────┼───────────────┼──────┼──────────┼─────┤
│ (index) │  c  │  h  │  l  │  o  │  sd  │  val_sd  │ total_vol │ sum_vol │   val    │ acum_val  │   datetime    │            date            │ pbu │ psd │ puk │    bs    │    sb    │  abu   │  asd  │ auk │ rsd │ bu-sd │ bu-sd_val │ acum_busd │ acum_busd_val │  bu  │  val_bu  │ rbu │
├─────────┼─────┼─────┼─────┼─────┼──────┼──────────┼───────────┼─────────┼──────────┼───────────┼───────────────┼────────────────────────────┼─────┼─────┼─────┼──────────┼──────────┼────────┼───────┼─────┼─────┼───────┼───────────┼───────────┼───────────────┼──────┼──────────┼─────┤
└─────────┴─────┴─────┴─────┴─────┴──────┴──────────┴───────────┴─────────┴──────────┴───────────┴───────────────┴────────────────────────────┴─────┴─────┴─────┴──────────┴──────────┴────────┴───────┴─────┴─────┴───────┴───────────┴───────────┴───────────────┴──────┴──────────┴─────┘

