┌─────────┬──────┬──────┬──────┬──────┬───────┬──────────┬───────────┬─────────┬──────────┬───────────┬───────┬──────────┬───────────────┬────────────────────────────┬──────┬──────┬─────┬──────────┬──────────┬────────┬────────┬─────┬─────┬─────┬────────┬───────────┬───────────┬───────────────┐
│ (index) │  c   │  h   │  l   │  o   │  bu   │  val_bu  │ total_vol │ sum_vol │   val    │ acum_val  │  sd   │  val_sd  │   datetime    │            date            │ pbu  │ psd  │ puk │    bs    │    sb    │  abu   │  asd   │ auk │ rsd │ rbu │ bu-sd  │ bu-sd_val │ acum_busd │ acum_busd_val │
├─────────┼──────┼──────┼──────┼──────┼───────┼──────────┼───────────┼─────────┼──────────┼───────────┼───────┼──────────┼───────────────┼────────────────────────────┼──────┼──────┼─────┼──────────┼──────────┼────────┼────────┼─────┼─────┼─────┼────────┼───────────┼───────────┼───────────────┤
│    0    │ 3.1  │ 3.2  │ 3.1  │ 3.2  │  500  │ 1600000  │   26500   │  26500  │ 82580000 │ 82580000  │ 26000 │ 80980000 │ 1672910100000 │ '2023-01-05T09:15:00.000Z' │ 1.9  │ 98.1 │  0  │    0     │    52    │ 2267.6 │ 3118.9 │  0  │ 8.3 │ 0.2 │ -25500 │ -79380000 │  -25500   │   -79380000   │
│    1    │ 3.16 │ 3.16 │ 3.16 │ 3.16 │  200  │  632000  │   26700   │   200   │  632000  │ 83212000  │       │          │ 1672910400000 │ '2023-01-05T09:20:00.000Z' │ 100  │  0   │  0  │ Infinity │    0     │ 2267.6 │ 3118.9 │  0  │     │ 0.1 │  200   │  632000   │  -25300   │   -78748000   │
│    2    │ 3.14 │ 3.14 │ 3.14 │ 3.14 │       │          │   26800   │   100   │  314000  │ 83526000  │  100  │  314000  │ 1672911000000 │ '2023-01-05T09:30:00.000Z' │  0   │ 100  │  0  │    0     │ Infinity │ 2267.6 │ 3118.9 │  0  │  0  │     │  -100  │  -314000  │  -25400   │   -79062000   │
│    3    │ 3.1  │ 3.13 │ 3.09 │ 3.13 │ 8000  │ 24803000 │   40500   │  13700  │ 42495000 │ 126021000 │ 5700  │ 17692000 │ 1672911300000 │ '2023-01-05T09:35:00.000Z' │ 58.4 │ 41.6 │  0  │   1.4    │   0.7    │ 2267.6 │ 3118.9 │  0  │ 1.8 │ 3.5 │  2300  │  7111000  │  -23100   │   -71951000   │
│    4    │ 3.14 │ 3.14 │ 3.14 │ 3.14 │  100  │  314000  │   40600   │   100   │  314000  │ 126335000 │       │          │ 1672911600000 │ '2023-01-05T09:40:00.000Z' │ 100  │  0   │  0  │ Infinity │    0     │ 2267.6 │ 3118.9 │  0  │     │  0  │  100   │  314000   │  -23000   │   -71637000   │
│    5    │ 3.14 │ 3.14 │ 3.1  │ 3.11 │ 5100  │ 15870000 │   61700   │  21100  │ 65580000 │ 191915000 │ 16000 │ 49710000 │ 1672911900000 │ '2023-01-05T09:45:00.000Z' │ 24.2 │ 75.8 │  0  │   0.3    │   3.1    │ 2267.6 │ 3118.9 │  0  │ 5.1 │ 2.2 │ -10900 │ -33840000 │  -33900   │  -105477000   │
│    6    │ 3.13 │ 3.13 │ 3.1  │ 3.11 │  400  │ 1246000  │   70100   │  8400   │ 26114000 │ 218029000 │ 8000  │ 24868000 │ 1672912800000 │ '2023-01-05T10:00:00.000Z' │ 4.8  │ 95.2 │  0  │   0.1    │    20    │ 2267.6 │ 3118.9 │  0  │ 2.6 │ 0.2 │ -7600  │ -23622000 │  -41500   │  -129099000   │
│    7    │ 3.11 │ 3.11 │ 3.11 │ 3.11 │       │          │   74200   │  4100   │ 12751000 │ 230780000 │ 4100  │ 12751000 │ 1672913400000 │ '2023-01-05T10:10:00.000Z' │  0   │ 100  │  0  │    0     │ Infinity │ 2267.6 │ 3118.9 │  0  │ 1.3 │     │ -4100  │ -12751000 │  -45600   │  -141850000   │
│    8    │ 3.14 │ 3.14 │ 3.11 │ 3.14 │  200  │  628000  │   75400   │  1200   │ 3738000  │ 234518000 │ 1000  │ 3110000  │ 1672913700000 │ '2023-01-05T10:15:00.000Z' │ 16.7 │ 83.3 │  0  │   0.2    │    5     │ 2267.6 │ 3118.9 │  0  │ 0.3 │ 0.1 │  -800  │ -2482000  │  -46400   │  -144332000   │
│    9    │ 3.12 │ 3.12 │ 3.1  │ 3.1  │  100  │  312000  │   81700   │  6300   │ 19546000 │ 254064000 │ 6200  │ 19234000 │ 1672914600000 │ '2023-01-05T10:30:00.000Z' │ 1.6  │ 98.4 │  0  │    0     │    62    │ 2267.6 │ 3118.9 │  0  │  2  │  0  │ -6100  │ -18922000 │  -52500   │  -163254000   │
│   10    │ 3.1  │ 3.11 │ 3.1  │ 3.11 │  300  │  930000  │   85700   │  4000   │ 12425000 │ 266489000 │ 3700  │ 11495000 │ 1672914900000 │ '2023-01-05T10:35:00.000Z' │ 7.5  │ 92.5 │  0  │   0.1    │   12.3   │ 2267.6 │ 3118.9 │  0  │ 1.2 │ 0.1 │ -3400  │ -10565000 │  -55900   │  -173819000   │
│   11    │ 3.1  │ 3.1  │ 3.08 │ 3.1  │  100  │  310000  │   91400   │  5700   │ 17583000 │ 284072000 │ 5600  │ 17273000 │ 1672915500000 │ '2023-01-05T10:45:00.000Z' │ 1.8  │ 98.2 │  0  │    0     │    56    │ 2267.6 │ 3118.9 │  0  │ 1.8 │  0  │ -5500  │ -16963000 │  -61400   │  -190782000   │
│   12    │ 3.08 │ 3.08 │ 3.08 │ 3.08 │ 6300  │ 19404000 │   97900   │  6500   │ 20020000 │ 304092000 │  200  │  616000  │ 1672915800000 │ '2023-01-05T10:50:00.000Z' │ 96.9 │ 3.1  │  0  │   31.5   │    0     │ 2267.6 │ 3118.9 │  0  │ 0.1 │ 2.8 │  6100  │ 18788000  │  -55300   │  -171994000   │
│   13    │ 3.08 │ 3.1  │ 3.07 │ 3.08 │ 3500  │ 10788000 │  107400   │  9500   │ 29258000 │ 333350000 │ 6000  │ 18470000 │ 1672916100000 │ '2023-01-05T10:55:00.000Z' │ 36.8 │ 63.2 │  0  │   0.6    │   1.7    │ 2267.6 │ 3118.9 │  0  │ 1.9 │ 1.5 │ -2500  │ -7682000  │  -57800   │  -179676000   │
│   14    │ 3.07 │ 3.08 │ 3.07 │ 3.08 │  400  │ 1232000  │  108400   │  1000   │ 3074000  │ 336424000 │  600  │ 1842000  │ 1672916400000 │ '2023-01-05T11:00:00.000Z' │  40  │  60  │  0  │   0.7    │   1.5    │ 2267.6 │ 3118.9 │  0  │ 0.2 │ 0.2 │  -200  │  -610000  │  -58000   │  -180286000   │
│   15    │ 3.08 │ 3.08 │ 3.08 │ 3.08 │  400  │ 1232000  │  108800   │   400   │ 1232000  │ 337656000 │       │          │ 1672916700000 │ '2023-01-05T11:05:00.000Z' │ 100  │  0   │  0  │ Infinity │    0     │ 2267.6 │ 3118.9 │  0  │     │ 0.2 │  400   │  1232000  │  -57600   │  -179054000   │
│   16    │ 3.08 │ 3.08 │ 3.08 │ 3.08 │ 1100  │ 3388000  │  109900   │  1100   │ 3388000  │ 341044000 │       │          │ 1672917000000 │ '2023-01-05T11:10:00.000Z' │ 100  │  0   │  0  │ Infinity │    0     │ 2267.6 │ 3118.9 │  0  │     │ 0.5 │  1100  │  3388000  │  -56500   │  -175666000   │
│   17    │ 3.08 │ 3.08 │ 3.08 │ 3.08 │  500  │ 1540000  │  110400   │   500   │ 1540000  │ 342584000 │       │          │ 1672917300000 │ '2023-01-05T11:15:00.000Z' │ 100  │  0   │  0  │ Infinity │    0     │ 2267.6 │ 3118.9 │  0  │     │ 0.2 │  500   │  1540000  │  -56000   │  -174126000   │
│   18    │ 3.12 │ 3.12 │ 3.07 │ 3.07 │ 3400  │ 10455000 │  117800   │  7400   │ 22735000 │ 365319000 │ 4000  │ 12280000 │ 1672917600000 │ '2023-01-05T11:20:00.000Z' │ 45.9 │ 54.1 │  0  │   0.9    │   1.2    │ 2267.6 │ 3118.9 │  0  │ 1.3 │ 1.5 │  -600  │ -1825000  │  -56600   │  -175951000   │
│   19    │ 3.12 │ 3.12 │ 3.1  │ 3.1  │  300  │  933000  │  118100   │   300   │  933000  │ 366252000 │       │          │ 1672917900000 │ '2023-01-05T11:25:00.000Z' │ 100  │  0   │  0  │ Infinity │    0     │ 2267.6 │ 3118.9 │  0  │     │ 0.1 │  300   │  933000   │  -56300   │  -175018000   │
│   20    │ 3.1  │ 3.1  │ 3.05 │ 3.09 │ 3700  │ 11398000 │  127200   │  9100   │ 27937000 │ 394189000 │ 5400  │ 16539000 │ 1672923600000 │ '2023-01-05T13:00:00.000Z' │ 40.7 │ 59.3 │  0  │   0.7    │   1.5    │ 2267.6 │ 3118.9 │  0  │ 1.7 │ 1.6 │ -1700  │ -5141000  │  -58000   │  -180159000   │
├─────────┼──────┼──────┼──────┼──────┼───────┼──────────┼───────────┼─────────┼──────────┼───────────┼───────┼──────────┼───────────────┼────────────────────────────┼──────┼──────┼─────┼──────────┼──────────┼────────┼────────┼─────┼─────┼─────┼────────┼───────────┼───────────┼───────────────┤
│ (index) │  c   │  h   │  l   │  o   │  bu   │  val_bu  │ total_vol │ sum_vol │   val    │ acum_val  │  sd   │  val_sd  │   datetime    │            date            │ pbu  │ psd  │ puk │    bs    │    sb    │  abu   │  asd   │ auk │ rsd │ rbu │ bu-sd  │ bu-sd_val │ acum_busd │ acum_busd_val │
├─────────┼──────┼──────┼──────┼──────┼───────┼──────────┼───────────┼─────────┼──────────┼───────────┼───────┼──────────┼───────────────┼────────────────────────────┼──────┼──────┼─────┼──────────┼──────────┼────────┼────────┼─────┼─────┼─────┼────────┼───────────┼───────────┼───────────────┤
│   21    │ 3.13 │ 3.13 │ 3.1  │ 3.1  │  900  │ 2801000  │  128100   │   900   │ 2801000  │ 396990000 │       │          │ 1672923900000 │ '2023-01-05T13:05:00.000Z' │ 100  │  0   │  0  │ Infinity │    0     │ 2267.6 │ 3118.9 │  0  │     │ 0.4 │  900   │  2801000  │  -57100   │  -177358000   │
│   22    │ 3.12 │ 3.12 │ 3.07 │ 3.07 │  100  │  312000  │  128400   │   300   │  926000  │ 397916000 │  200  │  614000  │ 1672924200000 │ '2023-01-05T13:10:00.000Z' │ 33.3 │ 66.7 │  0  │   0.5    │    2     │ 2267.6 │ 3118.9 │  0  │ 0.1 │  0  │  -100  │  -302000  │  -57200   │  -177660000   │
│   23    │ 3.1  │ 3.1  │ 3.07 │ 3.09 │  300  │  924000  │  129700   │  1300   │ 3998000  │ 401914000 │ 1000  │ 3074000  │ 1672924500000 │ '2023-01-05T13:15:00.000Z' │ 23.1 │ 76.9 │  0  │   0.3    │   3.3    │ 2267.6 │ 3118.9 │  0  │ 0.3 │ 0.1 │  -700  │ -2150000  │  -57900   │  -179810000   │
│   24    │ 3.1  │ 3.1  │ 3.1  │ 3.1  │  400  │ 1240000  │  130100   │   400   │ 1240000  │ 403154000 │       │          │ 1672924800000 │ '2023-01-05T13:20:00.000Z' │ 100  │  0   │  0  │ Infinity │    0     │ 2267.6 │ 3118.9 │  0  │     │ 0.2 │  400   │  1240000  │  -57500   │  -178570000   │
│   25    │ 3.1  │ 3.11 │ 3.1  │ 3.1  │ 5400  │ 16741000 │  136400   │  6300   │ 19531000 │ 422685000 │  900  │ 2790000  │ 1672925400000 │ '2023-01-05T13:30:00.000Z' │ 85.7 │ 14.3 │  0  │    6     │   0.2    │ 2267.6 │ 3118.9 │  0  │ 0.3 │ 2.4 │  4500  │ 13951000  │  -53000   │  -164619000   │
│   26    │ 3.1  │ 3.1  │ 3.08 │ 3.09 │  100  │  310000  │  138500   │  2100   │ 6471000  │ 429156000 │ 2000  │ 6161000  │ 1672925700000 │ '2023-01-05T13:35:00.000Z' │ 4.8  │ 95.2 │  0  │   0.1    │    20    │ 2267.6 │ 3118.9 │  0  │ 0.6 │  0  │ -1900  │ -5851000  │  -54900   │  -170470000   │
│   27    │ 3.1  │ 3.1  │ 3.1  │ 3.1  │ 2100  │ 6510000  │  140600   │  2100   │ 6510000  │ 435666000 │       │          │ 1672926000000 │ '2023-01-05T13:40:00.000Z' │ 100  │  0   │  0  │ Infinity │    0     │ 2267.6 │ 3118.9 │  0  │     │ 0.9 │  2100  │  6510000  │  -52800   │  -163960000   │
│   28    │ 3.13 │ 3.13 │ 3.1  │ 3.11 │ 6500  │ 20277000 │  149200   │  8600   │ 26819000 │ 462485000 │ 2100  │ 6542000  │ 1672926300000 │ '2023-01-05T13:45:00.000Z' │ 75.6 │ 24.4 │  0  │   3.1    │   0.3    │ 2267.6 │ 3118.9 │  0  │ 0.7 │ 2.9 │  4400  │ 13735000  │  -48400   │  -150225000   │
│   29    │ 3.12 │ 3.14 │ 3.12 │ 3.13 │ 3100  │ 9704000  │  157800   │  8600   │ 26884000 │ 489369000 │ 5500  │ 17180000 │ 1672926600000 │ '2023-01-05T13:50:00.000Z' │  36  │  64  │  0  │   0.6    │   1.8    │ 2267.6 │ 3118.9 │  0  │ 1.8 │ 1.4 │ -2400  │ -7476000  │  -50800   │  -157701000   │
│   30    │ 3.12 │ 3.13 │ 3.12 │ 3.13 │  100  │  313000  │  159100   │  1300   │ 4057000  │ 493426000 │ 1200  │ 3744000  │ 1672926900000 │ '2023-01-05T13:55:00.000Z' │ 7.7  │ 92.3 │  0  │   0.1    │    12    │ 2267.6 │ 3118.9 │  0  │ 0.4 │  0  │ -1100  │ -3431000  │  -51900   │  -161132000   │
│   31    │ 3.15 │ 3.15 │ 3.12 │ 3.12 │ 4900  │ 15360000 │  165000   │  5900   │ 18480000 │ 511906000 │ 1000  │ 3120000  │ 1672927200000 │ '2023-01-05T14:00:00.000Z' │ 83.1 │ 16.9 │  0  │   4.9    │   0.2    │ 2267.6 │ 3118.9 │  0  │ 0.3 │ 2.2 │  3900  │ 12240000  │  -48000   │  -148892000   │
│   32    │ 3.16 │ 3.17 │ 3.15 │ 3.15 │ 20000 │ 63030000 │  192100   │  27100  │ 85466000 │ 597372000 │ 7100  │ 22436000 │ 1672927500000 │ '2023-01-05T14:05:00.000Z' │ 73.8 │ 26.2 │  0  │   2.8    │   0.4    │ 2267.6 │ 3118.9 │  0  │ 2.3 │ 8.8 │ 12900  │ 40594000  │  -35100   │  -108298000   │
│   33    │ 3.16 │ 3.16 │ 3.14 │ 3.14 │  100  │  316000  │  192300   │   200   │  630000  │ 598002000 │  100  │  314000  │ 1672928100000 │ '2023-01-05T14:15:00.000Z' │  50  │  50  │  0  │    1     │    1     │ 2267.6 │ 3118.9 │  0  │  0  │  0  │   0    │   2000    │  -35100   │  -108296000   │
│   34    │ 3.14 │ 3.14 │ 3.14 │ 3.14 │       │          │  192800   │   500   │ 1570000  │ 599572000 │  500  │ 1570000  │ 1672928400000 │ '2023-01-05T14:20:00.000Z' │  0   │ 100  │  0  │    0     │ Infinity │ 2267.6 │ 3118.9 │  0  │ 0.2 │     │  -500  │ -1570000  │  -35600   │  -109866000   │
│   35    │ 3.15 │ 3.15 │ 3.13 │ 3.14 │  200  │  630000  │  194200   │  1400   │ 4397000  │ 603969000 │ 1200  │ 3767000  │ 1672928700000 │ '2023-01-05T14:25:00.000Z' │ 14.3 │ 85.7 │  0  │   0.2    │    6     │ 2267.6 │ 3118.9 │  0  │ 0.4 │ 0.1 │ -1000  │ -3137000  │  -36600   │  -113003000   │
│   36    │ 3.17 │ 3.17 │ 3.17 │ 3.17 │ 5100  │ 16167000 │  199300   │  5100   │ 16167000 │ 620136000 │       │          │ 1672929900000 │ '2023-01-05T14:45:00.000Z' │ 100  │  0   │  0  │ Infinity │    0     │ 2267.6 │ 3118.9 │  0  │     │ 2.2 │  5100  │ 16167000  │  -31500   │   -96836000   │
└─────────┴──────┴──────┴──────┴──────┴───────┴──────────┴───────────┴─────────┴──────────┴───────────┴───────┴──────────┴───────────────┴────────────────────────────┴──────┴──────┴─────┴──────────┴──────────┴────────┴────────┴─────┴─────┴─────┴────────┴───────────┴───────────┴───────────────┘

