┌─────────┬──────┬──────┬──────┬──────┬──────┬──────────┬───────────┬─────────┬───────────┬────────────┬───────┬───────────┬───────────────┬────────────────────────────┬──────┬──────┬─────┬─────┬──────────┬──────┬────────┬─────┬─────┬─────┬────────┬────────────┬───────────┬───────────────┐
│ (index) │  c   │  h   │  l   │  o   │  bu  │  val_bu  │ total_vol │ sum_vol │    val    │  acum_val  │  sd   │  val_sd   │   datetime    │            date            │ pbu  │ psd  │ puk │ bs  │    sb    │ abu  │  asd   │ auk │ rsd │ rbu │ bu-sd  │ bu-sd_val  │ acum_busd │ acum_busd_val │
├─────────┼──────┼──────┼──────┼──────┼──────┼──────────┼───────────┼─────────┼───────────┼────────────┼───────┼───────────┼───────────────┼────────────────────────────┼──────┼──────┼─────┼─────┼──────────┼──────┼────────┼─────┼─────┼─────┼────────┼────────────┼───────────┼───────────────┤
│    0    │ 22.5 │ 22.5 │  22  │ 22.5 │ 1300 │ 29210000 │   8300    │  8300   │ 183102200 │ 183102200  │ 7000  │ 153892200 │ 1672909200000 │ '2023-01-05T09:00:00.000Z' │ 15.7 │ 84.3 │  0  │ 0.2 │   5.4    │ 72.2 │ 3244.4 │  0  │ 2.2 │ 18  │ -5700  │ -124682200 │   -5700   │  -124682200   │
│    1    │ 22.5 │ 22.5 │ 22.5 │ 22.5 │      │          │   18300   │  10000  │ 225000000 │ 408102200  │ 10000 │ 225000000 │ 1672909320000 │ '2023-01-05T09:02:00.000Z' │  0   │ 100  │  0  │  0  │ Infinity │ 72.2 │ 3244.4 │  0  │ 3.1 │     │ -10000 │ -225000000 │  -15700   │  -349682200   │
│    2    │ 22.5 │ 22.5 │ 22.5 │ 22.5 │      │          │   18400   │   100   │  2250000  │ 410352200  │  100  │  2250000  │ 1672910160000 │ '2023-01-05T09:16:00.000Z' │  0   │ 100  │  0  │  0  │ Infinity │ 72.2 │ 3244.4 │  0  │  0  │     │  -100  │  -2250000  │  -15800   │  -351932200   │
│    3    │ 22.5 │ 22.5 │ 22.5 │ 22.5 │      │          │   18500   │   100   │  2250000  │ 412602200  │  100  │  2250000  │ 1672910760000 │ '2023-01-05T09:26:00.000Z' │  0   │ 100  │  0  │  0  │ Infinity │ 72.2 │ 3244.4 │  0  │  0  │     │  -100  │  -2250000  │  -15900   │  -354182200   │
│    4    │ 22.5 │ 22.5 │ 22.5 │ 22.5 │      │          │   19500   │  1000   │ 22500000  │ 435102200  │ 1000  │ 22500000  │ 1672910880000 │ '2023-01-05T09:28:00.000Z' │  0   │ 100  │  0  │  0  │ Infinity │ 72.2 │ 3244.4 │  0  │ 0.3 │     │ -1000  │ -22500000  │  -16900   │  -376682200   │
│    5    │ 22.5 │ 22.5 │ 22.5 │ 22.5 │      │          │   20000   │   500   │ 11250000  │ 446352200  │  500  │ 11250000  │ 1672911120000 │ '2023-01-05T09:32:00.000Z' │  0   │ 100  │  0  │  0  │ Infinity │ 72.2 │ 3244.4 │  0  │ 0.2 │     │  -500  │ -11250000  │  -17400   │  -387932200   │
│    6    │ 22.5 │ 22.5 │ 22.5 │ 22.5 │      │          │   27600   │  7600   │ 171000000 │ 617352200  │ 7600  │ 171000000 │ 1672911480000 │ '2023-01-05T09:38:00.000Z' │  0   │ 100  │  0  │  0  │ Infinity │ 72.2 │ 3244.4 │  0  │ 2.3 │     │ -7600  │ -171000000 │  -25000   │  -558932200   │
│    7    │ 22.5 │ 22.5 │ 22.5 │ 22.5 │      │          │   37600   │  10000  │ 225000000 │ 842352200  │ 10000 │ 225000000 │ 1672915200000 │ '2023-01-05T10:40:00.000Z' │  0   │ 100  │  0  │  0  │ Infinity │ 72.2 │ 3244.4 │  0  │ 3.1 │     │ -10000 │ -225000000 │  -35000   │  -783932200   │
│    8    │ 22.5 │ 22.5 │ 22.5 │ 22.5 │      │          │   39700   │  2100   │ 47250000  │ 889602200  │ 2100  │ 47250000  │ 1672917000000 │ '2023-01-05T11:10:00.000Z' │  0   │ 100  │  0  │  0  │ Infinity │ 72.2 │ 3244.4 │  0  │ 0.6 │     │ -2100  │ -47250000  │  -37100   │  -831182200   │
│    9    │ 22.5 │ 22.5 │ 22.5 │ 22.5 │      │          │   41700   │  2000   │ 45000000  │ 934602200  │ 2000  │ 45000000  │ 1672923600000 │ '2023-01-05T13:00:00.000Z' │  0   │ 100  │  0  │  0  │ Infinity │ 72.2 │ 3244.4 │  0  │ 0.6 │     │ -2000  │ -45000000  │  -39100   │  -876182200   │
│   10    │ 22.5 │ 22.5 │ 22.5 │ 22.5 │      │          │   41800   │   100   │  2250000  │ 936852200  │  100  │  2250000  │ 1672923960000 │ '2023-01-05T13:06:00.000Z' │  0   │ 100  │  0  │  0  │ Infinity │ 72.2 │ 3244.4 │  0  │  0  │     │  -100  │  -2250000  │  -39200   │  -878432200   │
│   11    │ 22.5 │ 22.5 │ 22.5 │ 22.5 │      │          │   43700   │  1900   │ 42750000  │ 979602200  │ 1900  │ 42750000  │ 1672925280000 │ '2023-01-05T13:28:00.000Z' │  0   │ 100  │  0  │  0  │ Infinity │ 72.2 │ 3244.4 │  0  │ 0.6 │     │ -1900  │ -42750000  │  -41100   │  -921182200   │
│   12    │ 22.5 │ 22.5 │ 22.5 │ 22.5 │      │          │   45100   │  1400   │ 31500000  │ 1011102200 │ 1400  │ 31500000  │ 1672926120000 │ '2023-01-05T13:42:00.000Z' │  0   │ 100  │  0  │  0  │ Infinity │ 72.2 │ 3244.4 │  0  │ 0.4 │     │ -1400  │ -31500000  │  -42500   │  -952682200   │
│   13    │ 22.5 │ 22.5 │ 22.5 │ 22.5 │      │          │   46400   │  1300   │ 29250000  │ 1040352200 │ 1300  │ 29250000  │ 1672926240000 │ '2023-01-05T13:44:00.000Z' │  0   │ 100  │  0  │  0  │ Infinity │ 72.2 │ 3244.4 │  0  │ 0.4 │     │ -1300  │ -29250000  │  -43800   │  -981932200   │
│   14    │ 22.5 │ 22.5 │ 22.5 │ 22.5 │      │          │   46500   │   100   │  2250000  │ 1042602200 │  100  │  2250000  │ 1672927320000 │ '2023-01-05T14:02:00.000Z' │  0   │ 100  │  0  │  0  │ Infinity │ 72.2 │ 3244.4 │  0  │  0  │     │  -100  │  -2250000  │  -43900   │  -984182200   │
│   15    │ 22.5 │ 22.5 │ 22.5 │ 22.5 │      │          │   47900   │  1400   │ 31500000  │ 1074102200 │ 1400  │ 31500000  │ 1672927560000 │ '2023-01-05T14:06:00.000Z' │  0   │ 100  │  0  │  0  │ Infinity │ 72.2 │ 3244.4 │  0  │ 0.4 │     │ -1400  │ -31500000  │  -45300   │  -1015682200  │
│   16    │ 22.5 │ 22.5 │ 22.5 │ 22.5 │      │          │   50900   │  3000   │ 67500000  │ 1141602200 │ 3000  │ 67500000  │ 1672928040000 │ '2023-01-05T14:14:00.000Z' │  0   │ 100  │  0  │  0  │ Infinity │ 72.2 │ 3244.4 │  0  │ 0.9 │     │ -3000  │ -67500000  │  -48300   │  -1083182200  │
│   17    │ 22.5 │ 22.5 │ 22.5 │ 22.5 │      │          │   59700   │  8800   │ 198000000 │ 1339602200 │ 8800  │ 198000000 │ 1672928880000 │ '2023-01-05T14:28:00.000Z' │  0   │ 100  │  0  │  0  │ Infinity │ 72.2 │ 3244.4 │  0  │ 2.7 │     │ -8800  │ -198000000 │  -57100   │  -1281182200  │
└─────────┴──────┴──────┴──────┴──────┴──────┴──────────┴───────────┴─────────┴───────────┴────────────┴───────┴───────────┴───────────────┴────────────────────────────┴──────┴──────┴─────┴─────┴──────────┴──────┴────────┴─────┴─────┴─────┴────────┴────────────┴───────────┴───────────────┘

