┌─────────┬──────┬──────┬──────┬──────┬──────┬──────────┬───────────┬─────────┬──────────┬───────────┬───────────────┬────────────────────────────┬──────┬──────┬─────┬──────────┬──────────┬───────┬────────┬─────┬─────┬────────┬───────────┬───────────┬───────────────┬───────┬──────────┬─────┐
│ (index) │  c   │  h   │  l   │  o   │  bu  │  val_bu  │ total_vol │ sum_vol │   val    │ acum_val  │   datetime    │            date            │ pbu  │ psd  │ puk │    bs    │    sb    │  abu  │  asd   │ auk │ rbu │ bu-sd  │ bu-sd_val │ acum_busd │ acum_busd_val │  sd   │  val_sd  │ rsd │
├─────────┼──────┼──────┼──────┼──────┼──────┼──────────┼───────────┼─────────┼──────────┼───────────┼───────────────┼────────────────────────────┼──────┼──────┼─────┼──────────┼──────────┼───────┼────────┼─────┼─────┼────────┼───────────┼───────────┼───────────────┼───────┼──────────┼─────┤
│    0    │ 5.71 │ 5.71 │ 5.71 │ 5.71 │ 400  │ 2284000  │    400    │   400   │ 2284000  │  2284000  │ 1671614100000 │ '2022-12-21T09:15:00.000Z' │ 100  │  0   │  0  │ Infinity │    0     │ 345.8 │ 1366.7 │  0  │ 1.2 │  400   │  2284000  │    400    │    2284000    │       │          │     │
│    1    │ 5.8  │ 5.8  │ 5.8  │ 5.8  │ 2000 │ 11600000 │   2400    │  2000   │ 11600000 │ 13884000  │ 1671615900000 │ '2022-12-21T09:45:00.000Z' │ 100  │  0   │  0  │ Infinity │    0     │ 345.8 │ 1366.7 │  0  │ 5.8 │  2000  │ 11600000  │   2400    │   13884000    │       │          │     │
│    2    │ 5.8  │ 5.8  │ 5.8  │ 5.8  │      │          │   3800    │  1400   │ 8120000  │ 22004000  │ 1671616200000 │ '2022-12-21T09:50:00.000Z' │  0   │ 100  │  0  │    0     │ Infinity │ 345.8 │ 1366.7 │  0  │     │ -1400  │ -8120000  │   1000    │    5764000    │ 1400  │ 8120000  │  1  │
│    3    │ 5.76 │ 5.76 │ 5.76 │ 5.76 │ 200  │ 1152000  │   4400    │   600   │ 3456000  │ 25460000  │ 1671616500000 │ '2022-12-21T09:55:00.000Z' │ 33.3 │ 66.7 │  0  │   0.5    │    2     │ 345.8 │ 1366.7 │  0  │ 0.6 │  -200  │ -1152000  │    800    │    4612000    │  400  │ 2304000  │ 0.3 │
│    4    │ 5.8  │ 5.8  │ 5.8  │ 5.8  │ 200  │ 1160000  │   4600    │   200   │ 1160000  │ 26620000  │ 1671618000000 │ '2022-12-21T10:20:00.000Z' │ 100  │  0   │  0  │ Infinity │    0     │ 345.8 │ 1366.7 │  0  │ 0.6 │  200   │  1160000  │   1000    │    5772000    │       │          │     │
│    5    │ 5.79 │ 5.79 │ 5.79 │ 5.79 │ 900  │ 5211000  │   5500    │   900   │ 5211000  │ 31831000  │ 1671618900000 │ '2022-12-21T10:35:00.000Z' │ 100  │  0   │  0  │ Infinity │    0     │ 345.8 │ 1366.7 │  0  │ 2.6 │  900   │  5211000  │   1900    │   10983000    │       │          │     │
│    6    │ 5.79 │ 5.79 │ 5.79 │ 5.79 │ 1100 │ 6369000  │   6600    │  1100   │ 6369000  │ 38200000  │ 1671620100000 │ '2022-12-21T10:55:00.000Z' │ 100  │  0   │  0  │ Infinity │    0     │ 345.8 │ 1366.7 │  0  │ 3.2 │  1100  │  6369000  │   3000    │   17352000    │       │          │     │
│    7    │ 5.8  │ 5.8  │ 5.75 │ 5.79 │ 900  │ 5220000  │   9000    │  2400   │ 13860000 │ 52060000  │ 1671627600000 │ '2022-12-21T13:00:00.000Z' │ 37.5 │ 62.5 │  0  │   0.6    │   1.7    │ 345.8 │ 1366.7 │  0  │ 2.6 │  -600  │ -3420000  │   2400    │   13932000    │ 1500  │ 8640000  │ 1.1 │
│    8    │ 5.8  │ 5.8  │ 5.8  │ 5.8  │      │          │   10100   │  1100   │ 6380000  │ 58440000  │ 1671627900000 │ '2022-12-21T13:05:00.000Z' │  0   │ 100  │  0  │    0     │ Infinity │ 345.8 │ 1366.7 │  0  │     │ -1100  │ -6380000  │   1300    │    7552000    │ 1100  │ 6380000  │ 0.8 │
│    9    │ 5.8  │ 5.8  │ 5.8  │ 5.8  │ 1000 │ 5800000  │   11100   │  1000   │ 5800000  │ 64240000  │ 1671628500000 │ '2022-12-21T13:15:00.000Z' │ 100  │  0   │  0  │ Infinity │    0     │ 345.8 │ 1366.7 │  0  │ 2.9 │  1000  │  5800000  │   2300    │   13352000    │       │          │     │
│   10    │ 5.8  │ 5.8  │ 5.8  │ 5.8  │      │          │   11600   │   500   │ 2900000  │ 67140000  │ 1671628800000 │ '2022-12-21T13:20:00.000Z' │  0   │ 100  │  0  │    0     │ Infinity │ 345.8 │ 1366.7 │  0  │     │  -500  │ -2900000  │   1800    │   10452000    │  500  │ 2900000  │ 0.4 │
│   11    │ 5.8  │ 5.8  │ 5.8  │ 5.8  │      │          │   15100   │  3500   │ 20300000 │ 87440000  │ 1671629100000 │ '2022-12-21T13:25:00.000Z' │  0   │ 100  │  0  │    0     │ Infinity │ 345.8 │ 1366.7 │  0  │     │ -3500  │ -20300000 │   -1700   │   -9848000    │ 3500  │ 20300000 │ 2.6 │
│   12    │ 5.8  │ 5.8  │ 5.8  │ 5.8  │      │          │   15200   │   100   │  580000  │ 88020000  │ 1671629400000 │ '2022-12-21T13:30:00.000Z' │  0   │ 100  │  0  │    0     │ Infinity │ 345.8 │ 1366.7 │  0  │     │  -100  │  -580000  │   -1800   │   -10428000   │  100  │  580000  │ 0.1 │
│   13    │ 5.8  │ 5.85 │ 5.8  │ 5.85 │ 500  │ 2925000  │   16400   │  1200   │ 6985000  │ 95005000  │ 1671629700000 │ '2022-12-21T13:35:00.000Z' │ 41.7 │ 58.3 │  0  │   0.7    │   1.4    │ 345.8 │ 1366.7 │  0  │ 1.4 │  -200  │ -1135000  │   -2000   │   -11563000   │  700  │ 4060000  │ 0.5 │
│   14    │ 5.8  │ 5.8  │ 5.8  │ 5.8  │      │          │   20500   │  4100   │ 23780000 │ 118785000 │ 1671630000000 │ '2022-12-21T13:40:00.000Z' │  0   │ 100  │  0  │    0     │ Infinity │ 345.8 │ 1366.7 │  0  │     │ -4100  │ -23780000 │   -6100   │   -35343000   │ 4100  │ 23780000 │  3  │
│   15    │ 5.8  │ 5.8  │ 5.8  │ 5.8  │      │          │   21200   │   700   │ 4060000  │ 122845000 │ 1671630300000 │ '2022-12-21T13:45:00.000Z' │  0   │ 100  │  0  │    0     │ Infinity │ 345.8 │ 1366.7 │  0  │     │  -700  │ -4060000  │   -6800   │   -39403000   │  700  │ 4060000  │ 0.5 │
│   16    │ 5.75 │ 5.8  │ 5.75 │ 5.8  │      │          │   33700   │  12500  │ 72426000 │ 195271000 │ 1671630600000 │ '2022-12-21T13:50:00.000Z' │  0   │ 100  │  0  │    0     │ Infinity │ 345.8 │ 1366.7 │  0  │     │ -12500 │ -72426000 │  -19300   │  -111829000   │ 12500 │ 72426000 │ 9.1 │
│   17    │ 5.75 │ 5.75 │ 5.75 │ 5.75 │      │          │   35000   │  1300   │ 7475000  │ 202746000 │ 1671630900000 │ '2022-12-21T13:55:00.000Z' │  0   │ 100  │  0  │    0     │ Infinity │ 345.8 │ 1366.7 │  0  │     │ -1300  │ -7475000  │  -20600   │  -119304000   │ 1300  │ 7475000  │  1  │
│   18    │ 5.74 │ 5.75 │ 5.74 │ 5.75 │      │          │   35300   │   300   │ 1723000  │ 204469000 │ 1671631200000 │ '2022-12-21T14:00:00.000Z' │  0   │ 100  │  0  │    0     │ Infinity │ 345.8 │ 1366.7 │  0  │     │  -300  │ -1723000  │  -20900   │  -121027000   │  300  │ 1723000  │ 0.2 │
│   19    │ 5.71 │ 5.71 │ 5.71 │ 5.71 │      │          │   37300   │  2000   │ 11420000 │ 215889000 │ 1671631500000 │ '2022-12-21T14:05:00.000Z' │  0   │ 100  │  0  │    0     │ Infinity │ 345.8 │ 1366.7 │  0  │     │ -2000  │ -11420000 │  -22900   │  -132447000   │ 2000  │ 11420000 │ 1.5 │
│   20    │ 5.71 │ 5.71 │ 5.71 │ 5.71 │      │          │   37900   │   600   │ 3426000  │ 219315000 │ 1671631800000 │ '2022-12-21T14:10:00.000Z' │  0   │ 100  │  0  │    0     │ Infinity │ 345.8 │ 1366.7 │  0  │     │  -600  │ -3426000  │  -23500   │  -135873000   │  600  │ 3426000  │ 0.4 │
├─────────┼──────┼──────┼──────┼──────┼──────┼──────────┼───────────┼─────────┼──────────┼───────────┼───────────────┼────────────────────────────┼──────┼──────┼─────┼──────────┼──────────┼───────┼────────┼─────┼─────┼────────┼───────────┼───────────┼───────────────┼───────┼──────────┼─────┤
│ (index) │  c   │  h   │  l   │  o   │  bu  │  val_bu  │ total_vol │ sum_vol │   val    │ acum_val  │   datetime    │            date            │ pbu  │ psd  │ puk │    bs    │    sb    │  abu  │  asd   │ auk │ rbu │ bu-sd  │ bu-sd_val │ acum_busd │ acum_busd_val │  sd   │  val_sd  │ rsd │
├─────────┼──────┼──────┼──────┼──────┼──────┼──────────┼───────────┼─────────┼──────────┼───────────┼───────────────┼────────────────────────────┼──────┼──────┼─────┼──────────┼──────────┼───────┼────────┼─────┼─────┼────────┼───────────┼───────────┼───────────────┼───────┼──────────┼─────┤
│   21    │ 5.7  │ 5.7  │ 5.7  │ 5.7  │ 300  │ 1710000  │   40300   │  2400   │ 13680000 │ 232995000 │ 1671632100000 │ '2022-12-21T14:15:00.000Z' │ 12.5 │ 87.5 │  0  │   0.1    │    7     │ 345.8 │ 1366.7 │  0  │ 0.9 │ -1800  │ -10260000 │  -25300   │  -146133000   │ 2100  │ 11970000 │ 1.5 │
│   22    │ 5.7  │ 5.7  │ 5.7  │ 5.7  │ 700  │ 3990000  │   41000   │   700   │ 3990000  │ 236985000 │ 1671632400000 │ '2022-12-21T14:20:00.000Z' │ 100  │  0   │  0  │ Infinity │    0     │ 345.8 │ 1366.7 │  0  │  2  │  700   │  3990000  │  -24600   │  -142143000   │       │          │     │
│   23    │ 5.8  │ 5.8  │ 5.8  │ 5.8  │ 100  │  580000  │   41100   │   100   │  580000  │ 237565000 │ 1671633900000 │ '2022-12-21T14:45:00.000Z' │ 100  │  0   │  0  │ Infinity │    0     │ 345.8 │ 1366.7 │  0  │ 0.3 │  100   │  580000   │  -24500   │  -141563000   │       │          │     │
└─────────┴──────┴──────┴──────┴──────┴──────┴──────────┴───────────┴─────────┴──────────┴───────────┴───────────────┴────────────────────────────┴──────┴──────┴─────┴──────────┴──────────┴───────┴────────┴─────┴─────┴────────┴───────────┴───────────┴───────────────┴───────┴──────────┴─────┘

