┌─────────┬──────┬──────┬──────┬──────┬──────┬──────────┬───────────┬─────────┬──────────┬──────────┬───────────────┬────────────────────────────┬─────┬─────┬─────┬──────────┬──────────┬───────┬──────┬─────┬─────┬───────┬───────────┬───────────┬───────────────┬─────┬─────────┬─────┐
│ (index) │  c   │  h   │  l   │  o   │  bu  │  val_bu  │ total_vol │ sum_vol │   val    │ acum_val │   datetime    │            date            │ pbu │ psd │ puk │    bs    │    sb    │  abu  │ asd  │ auk │ rbu │ bu-sd │ bu-sd_val │ acum_busd │ acum_busd_val │ sd  │ val_sd  │ rsd │
├─────────┼──────┼──────┼──────┼──────┼──────┼──────────┼───────────┼─────────┼──────────┼──────────┼───────────────┼────────────────────────────┼─────┼─────┼─────┼──────────┼──────────┼───────┼──────┼─────┼─────┼───────┼───────────┼───────────┼───────────────┼─────┼─────────┼─────┤
│    0    │ 12.4 │ 12.4 │ 12.4 │ 12.4 │ 600  │ 7440000  │    600    │   600   │ 7440000  │ 7440000  │ 1671618840000 │ '2022-12-21T10:34:00.000Z' │ 100 │  0  │  0  │ Infinity │    0     │ 382.4 │ 70.6 │  0  │ 1.6 │  600  │  7440000  │    600    │    7440000    │     │         │     │
│    1    │ 12.4 │ 12.4 │ 12.4 │ 12.4 │ 500  │ 6200000  │   1100    │   500   │ 6200000  │ 13640000 │ 1671621240000 │ '2022-12-21T11:14:00.000Z' │ 100 │  0  │  0  │ Infinity │    0     │ 382.4 │ 70.6 │  0  │ 1.3 │  500  │  6200000  │   1100    │   13640000    │     │         │     │
│    2    │ 12.4 │ 12.4 │ 12.4 │ 12.4 │ 100  │ 1240000  │   1200    │   100   │ 1240000  │ 14880000 │ 1671622080000 │ '2022-12-21T11:28:00.000Z' │ 100 │  0  │  0  │ Infinity │    0     │ 382.4 │ 70.6 │  0  │ 0.3 │  100  │  1240000  │   1200    │   14880000    │     │         │     │
│    3    │ 12.4 │ 12.4 │ 12.4 │ 12.4 │ 100  │ 1240000  │   1300    │   100   │ 1240000  │ 16120000 │ 1671627960000 │ '2022-12-21T13:06:00.000Z' │ 100 │  0  │  0  │ Infinity │    0     │ 382.4 │ 70.6 │  0  │ 0.3 │  100  │  1240000  │   1300    │   16120000    │     │         │     │
│    4    │ 12.4 │ 12.4 │ 12.4 │ 12.4 │ 2900 │ 35960000 │   4200    │  2900   │ 35960000 │ 52080000 │ 1671628200000 │ '2022-12-21T13:10:00.000Z' │ 100 │  0  │  0  │ Infinity │    0     │ 382.4 │ 70.6 │  0  │ 7.6 │ 2900  │ 35960000  │   4200    │   52080000    │     │         │     │
│    5    │ 12.4 │ 12.4 │ 12.4 │ 12.4 │ 1000 │ 12400000 │   5200    │  1000   │ 12400000 │ 64480000 │ 1671628440000 │ '2022-12-21T13:14:00.000Z' │ 100 │  0  │  0  │ Infinity │    0     │ 382.4 │ 70.6 │  0  │ 2.6 │ 1000  │ 12400000  │   5200    │   64480000    │     │         │     │
│    6    │ 12.2 │ 12.2 │ 12.2 │ 12.2 │ 300  │ 3660000  │   5500    │   300   │ 3660000  │ 68140000 │ 1671629760000 │ '2022-12-21T13:36:00.000Z' │ 100 │  0  │  0  │ Infinity │    0     │ 382.4 │ 70.6 │  0  │ 0.8 │  300  │  3660000  │   5500    │   68140000    │     │         │     │
│    7    │ 12.2 │ 12.2 │ 12.2 │ 12.2 │ 100  │ 1220000  │   5600    │   100   │ 1220000  │ 69360000 │ 1671629880000 │ '2022-12-21T13:38:00.000Z' │ 100 │  0  │  0  │ Infinity │    0     │ 382.4 │ 70.6 │  0  │ 0.3 │  100  │  1220000  │   5600    │   69360000    │     │         │     │
│    8    │ 12.2 │ 12.2 │ 12.2 │ 12.2 │      │          │   6100    │   500   │ 6100000  │ 75460000 │ 1671630000000 │ '2022-12-21T13:40:00.000Z' │  0  │ 100 │  0  │    0     │ Infinity │ 382.4 │ 70.6 │  0  │     │ -500  │ -6100000  │   5100    │   63260000    │ 500 │ 6100000 │ 7.1 │
│    9    │ 12.2 │ 12.2 │ 12.2 │ 12.2 │ 100  │ 1220000  │   6600    │   500   │ 6100000  │ 81560000 │ 1671630360000 │ '2022-12-21T13:46:00.000Z' │ 20  │ 80  │  0  │   0.3    │    4     │ 382.4 │ 70.6 │  0  │ 0.3 │ -300  │ -3660000  │   4800    │   59600000    │ 400 │ 4880000 │ 5.7 │
│   10    │ 12.3 │ 12.3 │ 12.3 │ 12.3 │ 100  │ 1230000  │   6700    │   100   │ 1230000  │ 82790000 │ 1671630720000 │ '2022-12-21T13:52:00.000Z' │ 100 │  0  │  0  │ Infinity │    0     │ 382.4 │ 70.6 │  0  │ 0.3 │  100  │  1230000  │   4900    │   60830000    │     │         │     │
│   11    │ 12.3 │ 12.3 │ 12.3 │ 12.3 │ 100  │ 1230000  │   6800    │   100   │ 1230000  │ 84020000 │ 1671630840000 │ '2022-12-21T13:54:00.000Z' │ 100 │  0  │  0  │ Infinity │    0     │ 382.4 │ 70.6 │  0  │ 0.3 │  100  │  1230000  │   5000    │   62060000    │     │         │     │
│   12    │ 12.3 │ 12.3 │ 12.3 │ 12.3 │ 300  │ 3690000  │   7100    │   300   │ 3690000  │ 87710000 │ 1671631560000 │ '2022-12-21T14:06:00.000Z' │ 100 │  0  │  0  │ Infinity │    0     │ 382.4 │ 70.6 │  0  │ 0.8 │  300  │  3690000  │   5300    │   65750000    │     │         │     │
│   13    │ 12.3 │ 12.3 │ 12.3 │ 12.3 │ 200  │ 2460000  │   7300    │   200   │ 2460000  │ 90170000 │ 1671631680000 │ '2022-12-21T14:08:00.000Z' │ 100 │  0  │  0  │ Infinity │    0     │ 382.4 │ 70.6 │  0  │ 0.5 │  200  │  2460000  │   5500    │   68210000    │     │         │     │
│   14    │ 12.2 │ 12.2 │ 12.2 │ 12.2 │      │          │   7500    │   200   │ 2440000  │ 92610000 │ 1671631920000 │ '2022-12-21T14:12:00.000Z' │  0  │ 100 │  0  │    0     │ Infinity │ 382.4 │ 70.6 │  0  │     │ -200  │ -2440000  │   5300    │   65770000    │ 200 │ 2440000 │ 2.8 │
│   15    │ 12.2 │ 12.2 │ 12.2 │ 12.2 │      │          │   7600    │   100   │ 1220000  │ 93830000 │ 1671632520000 │ '2022-12-21T14:22:00.000Z' │  0  │ 100 │  0  │    0     │ Infinity │ 382.4 │ 70.6 │  0  │     │ -100  │ -1220000  │   5200    │   64550000    │ 100 │ 1220000 │ 1.4 │
│   16    │ 12.2 │ 12.2 │ 12.2 │ 12.2 │ 100  │ 1220000  │   7700    │   100   │ 1220000  │ 95050000 │ 1671632760000 │ '2022-12-21T14:26:00.000Z' │ 100 │  0  │  0  │ Infinity │    0     │ 382.4 │ 70.6 │  0  │ 0.3 │  100  │  1220000  │   5300    │   65770000    │     │         │     │
└─────────┴──────┴──────┴──────┴──────┴──────┴──────────┴───────────┴─────────┴──────────┴──────────┴───────────────┴────────────────────────────┴─────┴─────┴─────┴──────────┴──────────┴───────┴──────┴─────┴─────┴───────┴───────────┴───────────┴───────────────┴─────┴─────────┴─────┘

