┌─────────┬──────┬──────┬──────┬──────┬───────┬──────────┬───────────┬─────────┬──────────┬───────────┬───────────────┬────────────────────────────┬─────┬─────┬─────┬──────────┬────┬────────┬─────┬─────┬──────┬───────┬───────────┬───────────┬───────────────┐
│ (index) │  c   │  h   │  l   │  o   │  bu   │  val_bu  │ total_vol │ sum_vol │   val    │ acum_val  │   datetime    │            date            │ pbu │ psd │ puk │    bs    │ sb │  abu   │ asd │ auk │ rbu  │ bu-sd │ bu-sd_val │ acum_busd │ acum_busd_val │
├─────────┼──────┼──────┼──────┼──────┼───────┼──────────┼───────────┼─────────┼──────────┼───────────┼───────────────┼────────────────────────────┼─────┼─────┼─────┼──────────┼────┼────────┼─────┼─────┼──────┼───────┼───────────┼───────────┼───────────────┤
│    0    │ 3.46 │ 3.46 │ 3.46 │ 3.46 │ 20500 │ 70930000 │   20500   │  20500  │ 70930000 │ 70930000  │ 1671614100000 │ '2022-12-21T09:15:00.000Z' │ 100 │  0  │  0  │ Infinity │ 0  │ 1933.3 │  0  │  0  │ 10.6 │ 20500 │ 70930000  │   20500   │   70930000    │
│    1    │ 3.46 │ 3.46 │ 3.46 │ 3.46 │ 1000  │ 3460000  │   21500   │  1000   │ 3460000  │ 74390000  │ 1671614400000 │ '2022-12-21T09:20:00.000Z' │ 100 │  0  │  0  │ Infinity │ 0  │ 1933.3 │  0  │  0  │ 0.5  │ 1000  │  3460000  │   21500   │   74390000    │
│    2    │ 3.46 │ 3.46 │ 3.46 │ 3.46 │  400  │ 1384000  │   21900   │   400   │ 1384000  │ 75774000  │ 1671614700000 │ '2022-12-21T09:25:00.000Z' │ 100 │  0  │  0  │ Infinity │ 0  │ 1933.3 │  0  │  0  │ 0.2  │  400  │  1384000  │   21900   │   75774000    │
│    3    │ 3.46 │ 3.46 │ 3.46 │ 3.46 │ 11300 │ 39098000 │   33200   │  11300  │ 39098000 │ 114872000 │ 1671615000000 │ '2022-12-21T09:30:00.000Z' │ 100 │  0  │  0  │ Infinity │ 0  │ 1933.3 │  0  │  0  │ 5.8  │ 11300 │ 39098000  │   33200   │   114872000   │
│    4    │ 3.46 │ 3.46 │ 3.46 │ 3.46 │  100  │  346000  │   33300   │   100   │  346000  │ 115218000 │ 1671615300000 │ '2022-12-21T09:35:00.000Z' │ 100 │  0  │  0  │ Infinity │ 0  │ 1933.3 │  0  │  0  │ 0.1  │  100  │  346000   │   33300   │   115218000   │
│    5    │ 3.46 │ 3.46 │ 3.46 │ 3.46 │ 4600  │ 15916000 │   37900   │  4600   │ 15916000 │ 131134000 │ 1671615600000 │ '2022-12-21T09:40:00.000Z' │ 100 │  0  │  0  │ Infinity │ 0  │ 1933.3 │  0  │  0  │ 2.4  │ 4600  │ 15916000  │   37900   │   131134000   │
│    6    │ 3.46 │ 3.46 │ 3.46 │ 3.46 │  100  │  346000  │   38000   │   100   │  346000  │ 131480000 │ 1671615900000 │ '2022-12-21T09:45:00.000Z' │ 100 │  0  │  0  │ Infinity │ 0  │ 1933.3 │  0  │  0  │ 0.1  │  100  │  346000   │   38000   │   131480000   │
│    7    │ 3.46 │ 3.46 │ 3.46 │ 3.46 │  100  │  346000  │   38100   │   100   │  346000  │ 131826000 │ 1671616200000 │ '2022-12-21T09:50:00.000Z' │ 100 │  0  │  0  │ Infinity │ 0  │ 1933.3 │  0  │  0  │ 0.1  │  100  │  346000   │   38100   │   131826000   │
│    8    │ 3.46 │ 3.46 │ 3.46 │ 3.46 │  400  │ 1384000  │   38500   │   400   │ 1384000  │ 133210000 │ 1671616800000 │ '2022-12-21T10:00:00.000Z' │ 100 │  0  │  0  │ Infinity │ 0  │ 1933.3 │  0  │  0  │ 0.2  │  400  │  1384000  │   38500   │   133210000   │
│    9    │ 3.46 │ 3.46 │ 3.46 │ 3.46 │  200  │  692000  │   38700   │   200   │  692000  │ 133902000 │ 1671617700000 │ '2022-12-21T10:15:00.000Z' │ 100 │  0  │  0  │ Infinity │ 0  │ 1933.3 │  0  │  0  │ 0.1  │  200  │  692000   │   38700   │   133902000   │
│   10    │ 3.46 │ 3.46 │ 3.46 │ 3.46 │  100  │  346000  │   38800   │   100   │  346000  │ 134248000 │ 1671618000000 │ '2022-12-21T10:20:00.000Z' │ 100 │  0  │  0  │ Infinity │ 0  │ 1933.3 │  0  │  0  │ 0.1  │  100  │  346000   │   38800   │   134248000   │
│   11    │ 3.46 │ 3.46 │ 3.46 │ 3.46 │ 1000  │ 3460000  │   39800   │  1000   │ 3460000  │ 137708000 │ 1671618300000 │ '2022-12-21T10:25:00.000Z' │ 100 │  0  │  0  │ Infinity │ 0  │ 1933.3 │  0  │  0  │ 0.5  │ 1000  │  3460000  │   39800   │   137708000   │
│   12    │ 3.46 │ 3.46 │ 3.46 │ 3.46 │ 6000  │ 20760000 │   45800   │  6000   │ 20760000 │ 158468000 │ 1671618600000 │ '2022-12-21T10:30:00.000Z' │ 100 │  0  │  0  │ Infinity │ 0  │ 1933.3 │  0  │  0  │ 3.1  │ 6000  │ 20760000  │   45800   │   158468000   │
│   13    │ 3.46 │ 3.46 │ 3.46 │ 3.46 │ 1000  │ 3460000  │   46800   │  1000   │ 3460000  │ 161928000 │ 1671618900000 │ '2022-12-21T10:35:00.000Z' │ 100 │  0  │  0  │ Infinity │ 0  │ 1933.3 │  0  │  0  │ 0.5  │ 1000  │  3460000  │   46800   │   161928000   │
│   14    │ 3.46 │ 3.46 │ 3.46 │ 3.46 │  100  │  346000  │   46900   │   100   │  346000  │ 162274000 │ 1671619200000 │ '2022-12-21T10:40:00.000Z' │ 100 │  0  │  0  │ Infinity │ 0  │ 1933.3 │  0  │  0  │ 0.1  │  100  │  346000   │   46900   │   162274000   │
│   15    │ 3.46 │ 3.46 │ 3.46 │ 3.46 │  200  │  692000  │   47100   │   200   │  692000  │ 162966000 │ 1671619500000 │ '2022-12-21T10:45:00.000Z' │ 100 │  0  │  0  │ Infinity │ 0  │ 1933.3 │  0  │  0  │ 0.1  │  200  │  692000   │   47100   │   162966000   │
│   16    │ 3.46 │ 3.46 │ 3.46 │ 3.46 │  400  │ 1384000  │   47500   │   400   │ 1384000  │ 164350000 │ 1671619800000 │ '2022-12-21T10:50:00.000Z' │ 100 │  0  │  0  │ Infinity │ 0  │ 1933.3 │  0  │  0  │ 0.2  │  400  │  1384000  │   47500   │   164350000   │
│   17    │ 3.46 │ 3.46 │ 3.46 │ 3.46 │  100  │  346000  │   47600   │   100   │  346000  │ 164696000 │ 1671620100000 │ '2022-12-21T10:55:00.000Z' │ 100 │  0  │  0  │ Infinity │ 0  │ 1933.3 │  0  │  0  │ 0.1  │  100  │  346000   │   47600   │   164696000   │
│   18    │ 3.46 │ 3.46 │ 3.46 │ 3.46 │ 1000  │ 3460000  │   48600   │  1000   │ 3460000  │ 168156000 │ 1671620700000 │ '2022-12-21T11:05:00.000Z' │ 100 │  0  │  0  │ Infinity │ 0  │ 1933.3 │  0  │  0  │ 0.5  │ 1000  │  3460000  │   48600   │   168156000   │
│   19    │ 3.46 │ 3.46 │ 3.46 │ 3.46 │  200  │  692000  │   48800   │   200   │  692000  │ 168848000 │ 1671621900000 │ '2022-12-21T11:25:00.000Z' │ 100 │  0  │  0  │ Infinity │ 0  │ 1933.3 │  0  │  0  │ 0.1  │  200  │  692000   │   48800   │   168848000   │
│   20    │ 3.46 │ 3.46 │ 3.46 │ 3.46 │ 1500  │ 5190000  │   50300   │  1500   │ 5190000  │ 174038000 │ 1671627600000 │ '2022-12-21T13:00:00.000Z' │ 100 │  0  │  0  │ Infinity │ 0  │ 1933.3 │  0  │  0  │ 0.8  │ 1500  │  5190000  │   50300   │   174038000   │
├─────────┼──────┼──────┼──────┼──────┼───────┼──────────┼───────────┼─────────┼──────────┼───────────┼───────────────┼────────────────────────────┼─────┼─────┼─────┼──────────┼────┼────────┼─────┼─────┼──────┼───────┼───────────┼───────────┼───────────────┤
│ (index) │  c   │  h   │  l   │  o   │  bu   │  val_bu  │ total_vol │ sum_vol │   val    │ acum_val  │   datetime    │            date            │ pbu │ psd │ puk │    bs    │ sb │  abu   │ asd │ auk │ rbu  │ bu-sd │ bu-sd_val │ acum_busd │ acum_busd_val │
├─────────┼──────┼──────┼──────┼──────┼───────┼──────────┼───────────┼─────────┼──────────┼───────────┼───────────────┼────────────────────────────┼─────┼─────┼─────┼──────────┼────┼────────┼─────┼─────┼──────┼───────┼───────────┼───────────┼───────────────┤
│   21    │ 3.46 │ 3.46 │ 3.46 │ 3.46 │ 1000  │ 3460000  │   51300   │  1000   │ 3460000  │ 177498000 │ 1671627900000 │ '2022-12-21T13:05:00.000Z' │ 100 │  0  │  0  │ Infinity │ 0  │ 1933.3 │  0  │  0  │ 0.5  │ 1000  │  3460000  │   51300   │   177498000   │
│   22    │ 3.46 │ 3.46 │ 3.46 │ 3.46 │  100  │  346000  │   51400   │   100   │  346000  │ 177844000 │ 1671628500000 │ '2022-12-21T13:15:00.000Z' │ 100 │  0  │  0  │ Infinity │ 0  │ 1933.3 │  0  │  0  │ 0.1  │  100  │  346000   │   51400   │   177844000   │
│   23    │ 3.46 │ 3.46 │ 3.46 │ 3.46 │  100  │  346000  │   51500   │   100   │  346000  │ 178190000 │ 1671629100000 │ '2022-12-21T13:25:00.000Z' │ 100 │  0  │  0  │ Infinity │ 0  │ 1933.3 │  0  │  0  │ 0.1  │  100  │  346000   │   51500   │   178190000   │
│   24    │ 3.46 │ 3.46 │ 3.46 │ 3.46 │  500  │ 1730000  │   52000   │   500   │ 1730000  │ 179920000 │ 1671629700000 │ '2022-12-21T13:35:00.000Z' │ 100 │  0  │  0  │ Infinity │ 0  │ 1933.3 │  0  │  0  │ 0.3  │  500  │  1730000  │   52000   │   179920000   │
│   25    │ 3.46 │ 3.46 │ 3.46 │ 3.46 │  100  │  346000  │   52100   │   100   │  346000  │ 180266000 │ 1671630000000 │ '2022-12-21T13:40:00.000Z' │ 100 │  0  │  0  │ Infinity │ 0  │ 1933.3 │  0  │  0  │ 0.1  │  100  │  346000   │   52100   │   180266000   │
│   26    │ 3.46 │ 3.46 │ 3.46 │ 3.46 │  100  │  346000  │   52200   │   100   │  346000  │ 180612000 │ 1671631500000 │ '2022-12-21T14:05:00.000Z' │ 100 │  0  │  0  │ Infinity │ 0  │ 1933.3 │  0  │  0  │ 0.1  │  100  │  346000   │   52200   │   180612000   │
└─────────┴──────┴──────┴──────┴──────┴───────┴──────────┴───────────┴─────────┴──────────┴───────────┴───────────────┴────────────────────────────┴─────┴─────┴─────┴──────────┴────┴────────┴─────┴─────┴──────┴───────┴───────────┴───────────┴───────────────┘

