┌─────────┬──────┬──────┬──────┬──────┬──────┬───────────┬───────────┬─────────┬───────────┬────────────┬───────────────┬────────────────────────────┬─────┬─────┬─────┬──────────┬─────┬────────┬─────┬───────┬─────┬───────┬───────────┬───────────┬───────────────┬──────┬───────────┬─────┐
│ (index) │  c   │  h   │  l   │  o   │  bu  │  val_bu   │ total_vol │ sum_vol │    val    │  acum_val  │   datetime    │            date            │ pbu │ psd │ puk │    bs    │ sb  │  abu   │ asd │  auk  │ rbu │ bu-sd │ bu-sd_val │ acum_busd │ acum_busd_val │  uk  │  val_uk   │ ruk │
├─────────┼──────┼──────┼──────┼──────┼──────┼───────────┼───────────┼─────────┼───────────┼────────────┼───────────────┼────────────────────────────┼─────┼─────┼─────┼──────────┼─────┼────────┼─────┼───────┼─────┼───────┼───────────┼───────────┼───────────────┼──────┼───────────┼─────┤
│    0    │ 30.1 │ 30.1 │ 30.1 │ 30.1 │ 3600 │ 108360000 │   3600    │  3600   │ 108360000 │ 108360000  │ 1671614640000 │ '2022-12-21T09:24:00.000Z' │ 100 │  0  │  0  │ Infinity │  0  │ 1405.3 │  0  │ 736.8 │ 2.6 │ 3600  │ 108360000 │   3600    │   108360000   │      │           │     │
│    1    │ 35.4 │ 35.4 │ 30.1 │ 30.1 │ 2800 │ 84810000  │   6400    │  2800   │ 84810000  │ 193170000  │ 1671614760000 │ '2022-12-21T09:26:00.000Z' │ 100 │  0  │  0  │ Infinity │  0  │ 1405.3 │  0  │ 736.8 │  2  │ 2800  │ 84810000  │   6400    │   193170000   │      │           │     │
│    2    │ 35.4 │ 35.4 │ 35.4 │ 35.4 │ 2100 │ 74340000  │   8500    │  2100   │ 74340000  │ 267510000  │ 1671614880000 │ '2022-12-21T09:28:00.000Z' │ 100 │  0  │  0  │ Infinity │  0  │ 1405.3 │  0  │ 736.8 │ 1.5 │ 2100  │ 74340000  │   8500    │   267510000   │      │           │     │
│    3    │ 30.1 │ 30.1 │ 30.1 │ 30.1 │ 1000 │ 30100000  │   9500    │  1000   │ 30100000  │ 297610000  │ 1671615360000 │ '2022-12-21T09:36:00.000Z' │ 100 │  0  │  0  │ Infinity │  0  │ 1405.3 │  0  │ 736.8 │ 0.7 │ 1000  │ 30100000  │   9500    │   297610000   │      │           │     │
│    4    │ 30.1 │ 30.1 │ 30.1 │ 30.1 │ 2000 │ 60200000  │   11500   │  2000   │ 60200000  │ 357810000  │ 1671616440000 │ '2022-12-21T09:54:00.000Z' │ 100 │  0  │  0  │ Infinity │  0  │ 1405.3 │  0  │ 736.8 │ 1.4 │ 2000  │ 60200000  │   11500   │   357810000   │      │           │     │
│    5    │ 30.1 │ 30.1 │ 30.1 │ 30.1 │ 1000 │ 30100000  │   12500   │  1000   │ 30100000  │ 387910000  │ 1671616560000 │ '2022-12-21T09:56:00.000Z' │ 100 │  0  │  0  │ Infinity │  0  │ 1405.3 │  0  │ 736.8 │ 0.7 │ 1000  │ 30100000  │   12500   │   387910000   │      │           │     │
│    6    │ 30.1 │ 30.1 │ 30.1 │ 30.1 │ 1000 │ 30100000  │   13500   │  1000   │ 30100000  │ 418010000  │ 1671616680000 │ '2022-12-21T09:58:00.000Z' │ 100 │  0  │  0  │ Infinity │  0  │ 1405.3 │  0  │ 736.8 │ 0.7 │ 1000  │ 30100000  │   13500   │   418010000   │      │           │     │
│    7    │ 30.1 │ 30.1 │ 30.1 │ 30.1 │ 2000 │ 60200000  │   15500   │  2000   │ 60200000  │ 478210000  │ 1671616920000 │ '2022-12-21T10:02:00.000Z' │ 100 │  0  │  0  │ Infinity │  0  │ 1405.3 │  0  │ 736.8 │ 1.4 │ 2000  │ 60200000  │   15500   │   478210000   │      │           │     │
│    8    │ 30.1 │ 30.1 │ 30.1 │ 30.1 │ 2000 │ 60200000  │   17500   │  2000   │ 60200000  │ 538410000  │ 1671617040000 │ '2022-12-21T10:04:00.000Z' │ 100 │  0  │  0  │ Infinity │  0  │ 1405.3 │  0  │ 736.8 │ 1.4 │ 2000  │ 60200000  │   17500   │   538410000   │      │           │     │
│    9    │ 30.1 │ 30.1 │ 30.1 │ 30.1 │ 3000 │ 90300000  │   22500   │  5000   │ 150500000 │ 688910000  │ 1671617160000 │ '2022-12-21T10:06:00.000Z' │ 60  │  0  │ 40  │ Infinity │  0  │ 1405.3 │  0  │ 736.8 │ 2.1 │ 3000  │ 90300000  │   20500   │   628710000   │ 2000 │ 60200000  │ 2.7 │
│   10    │ 30.1 │ 30.1 │ 30.1 │ 30.1 │      │           │   26500   │  4000   │ 120400000 │ 809310000  │ 1671617400000 │ '2022-12-21T10:10:00.000Z' │  0  │  0  │ 100 │   NaN    │ NaN │ 1405.3 │  0  │ 736.8 │     │   0   │     0     │   20500   │   628710000   │ 4000 │ 120400000 │ 5.4 │
│   11    │ 30.1 │ 30.1 │ 30.1 │ 30.1 │      │           │   29500   │  3000   │ 90300000  │ 899610000  │ 1671617760000 │ '2022-12-21T10:16:00.000Z' │  0  │  0  │ 100 │   NaN    │ NaN │ 1405.3 │  0  │ 736.8 │     │   0   │     0     │   20500   │   628710000   │ 3000 │ 90300000  │ 4.1 │
│   12    │ 30.1 │ 30.1 │ 30.1 │ 30.1 │      │           │   31500   │  2000   │ 60200000  │ 959810000  │ 1671617880000 │ '2022-12-21T10:18:00.000Z' │  0  │  0  │ 100 │   NaN    │ NaN │ 1405.3 │  0  │ 736.8 │     │   0   │     0     │   20500   │   628710000   │ 2000 │ 60200000  │ 2.7 │
│   13    │ 30.1 │ 30.1 │ 30.1 │ 30.1 │ 3000 │ 90300000  │   34500   │  3000   │ 90300000  │ 1050110000 │ 1671618240000 │ '2022-12-21T10:24:00.000Z' │ 100 │  0  │  0  │ Infinity │  0  │ 1405.3 │  0  │ 736.8 │ 2.1 │ 3000  │ 90300000  │   23500   │   719010000   │      │           │     │
│   14    │ 30.1 │ 30.1 │ 30.1 │ 30.1 │ 2000 │ 60200000  │   36500   │  2000   │ 60200000  │ 1110310000 │ 1671618480000 │ '2022-12-21T10:28:00.000Z' │ 100 │  0  │  0  │ Infinity │  0  │ 1405.3 │  0  │ 736.8 │ 1.4 │ 2000  │ 60200000  │   25500   │   779210000   │      │           │     │
│   15    │ 30.1 │ 30.1 │ 30.1 │ 30.1 │      │           │   38500   │  2000   │ 60200000  │ 1170510000 │ 1671619080000 │ '2022-12-21T10:38:00.000Z' │  0  │  0  │ 100 │   NaN    │ NaN │ 1405.3 │  0  │ 736.8 │     │   0   │     0     │   25500   │   779210000   │ 2000 │ 60200000  │ 2.7 │
│   16    │ 30.1 │ 30.1 │ 30.1 │ 30.1 │      │           │   39500   │  1000   │ 30100000  │ 1200610000 │ 1671619680000 │ '2022-12-21T10:48:00.000Z' │  0  │  0  │ 100 │   NaN    │ NaN │ 1405.3 │  0  │ 736.8 │     │   0   │     0     │   25500   │   779210000   │ 1000 │ 30100000  │ 1.4 │
│   17    │ 30.1 │ 30.1 │ 30.1 │ 30.1 │ 200  │  6020000  │   39700   │   200   │  6020000  │ 1206630000 │ 1671627840000 │ '2022-12-21T13:04:00.000Z' │ 100 │  0  │  0  │ Infinity │  0  │ 1405.3 │  0  │ 736.8 │ 0.1 │  200  │  6020000  │   25700   │   785230000   │      │           │     │
│   18    │ 30.1 │ 30.1 │ 30.1 │ 30.1 │ 1000 │ 30100000  │   40700   │  1000   │ 30100000  │ 1236730000 │ 1671631320000 │ '2022-12-21T14:02:00.000Z' │ 100 │  0  │  0  │ Infinity │  0  │ 1405.3 │  0  │ 736.8 │ 0.7 │ 1000  │ 30100000  │   26700   │   815330000   │      │           │     │
└─────────┴──────┴──────┴──────┴──────┴──────┴───────────┴───────────┴─────────┴───────────┴────────────┴───────────────┴────────────────────────────┴─────┴─────┴─────┴──────────┴─────┴────────┴─────┴───────┴─────┴───────┴───────────┴───────────┴───────────────┴──────┴───────────┴─────┘

├─────────┼──────┼──────┼──────┼──────┼──────┼───────────┼───────────┼─────────┼───────────┼────────────┼───────────────┼────────────────────────────┼─────┼─────┼─────┼──────────┼─────┼────────┼─────┼───────┼─────┼───────┼───────────┼───────────┼───────────────┼──────┼───────────┼─────┤
│ (index) │  c   │  h   │  l   │  o   │  bu  │  val_bu   │ total_vol │ sum_vol │    val    │  acum_val  │   datetime    │            date            │ pbu │ psd │ puk │    bs    │ sb  │  abu   │ asd │  auk  │ rbu │ bu-sd │ bu-sd_val │ acum_busd │ acum_busd_val │  uk  │  val_uk   │ ruk │
├─────────┼──────┼──────┼──────┼──────┼──────┼───────────┼───────────┼─────────┼───────────┼────────────┼───────────────┼────────────────────────────┼─────┼─────┼─────┼──────────┼─────┼────────┼─────┼───────┼─────┼───────┼───────────┼───────────┼───────────────┼──────┼───────────┼─────┤
