┌─────────┬─────┬─────┬─────┬─────┬───────┬──────────┬───────────┬─────────┬───────────┬───────────┬───────┬───────────┬───────────────┬────────────────────────────┬──────┬──────┬─────┬──────────┬──────────┬────────┬──────┬─────┬──────┬─────┬────────┬───────────┬───────────┬───────────────┐
│ (index) │  c  │  h  │  l  │  o  │  bu   │  val_bu  │ total_vol │ sum_vol │    val    │ acum_val  │  sd   │  val_sd   │   datetime    │            date            │ pbu  │ psd  │ puk │    bs    │    sb    │  abu   │ asd  │ auk │ rsd  │ rbu │ bu-sd  │ bu-sd_val │ acum_busd │ acum_busd_val │
├─────────┼─────┼─────┼─────┼─────┼───────┼──────────┼───────────┼─────────┼───────────┼───────────┼───────┼───────────┼───────────────┼────────────────────────────┼──────┼──────┼─────┼──────────┼──────────┼────────┼──────┼─────┼──────┼─────┼────────┼───────────┼───────────┼───────────────┤
│    0    │  2  │ 2.1 │  2  │ 2.1 │  100  │  210000  │   1600    │  1600   │  3210000  │  3210000  │ 1500  │  3000000  │ 1671615300000 │ '2022-12-21T09:35:00.000Z' │ 6.3  │ 93.8 │  0  │   0.1    │    15    │ 3678.3 │ 3887 │  0  │ 0.4  │  0  │ -1400  │ -2790000  │   -1400   │   -2790000    │
│    1    │ 2.1 │ 2.1 │ 2.1 │ 2.1 │  100  │  210000  │   1700    │   100   │  210000   │  3420000  │       │           │ 1671615600000 │ '2022-12-21T09:40:00.000Z' │ 100  │  0   │  0  │ Infinity │    0     │ 3678.3 │ 3887 │  0  │      │  0  │  100   │  210000   │   -1300   │   -2580000    │
│    2    │ 2.1 │ 2.1 │ 2.1 │ 2.1 │  100  │  210000  │   1800    │   100   │  210000   │  3630000  │       │           │ 1671616200000 │ '2022-12-21T09:50:00.000Z' │ 100  │  0   │  0  │ Infinity │    0     │ 3678.3 │ 3887 │  0  │      │  0  │  100   │  210000   │   -1200   │   -2370000    │
│    3    │  2  │  2  │  2  │  2  │       │          │   1900    │   100   │  200000   │  3830000  │  100  │  200000   │ 1671617700000 │ '2022-12-21T10:15:00.000Z' │  0   │ 100  │  0  │    0     │ Infinity │ 3678.3 │ 3887 │  0  │  0   │     │  -100  │  -200000  │   -1300   │   -2570000    │
│    4    │  2  │  2  │  2  │  2  │       │          │   2400    │   500   │  1000000  │  4830000  │  500  │  1000000  │ 1671618000000 │ '2022-12-21T10:20:00.000Z' │  0   │ 100  │  0  │    0     │ Infinity │ 3678.3 │ 3887 │  0  │ 0.1  │     │  -500  │ -1000000  │   -1800   │   -3570000    │
│    5    │  2  │  2  │  2  │  2  │       │          │   2500    │   100   │  200000   │  5030000  │  100  │  200000   │ 1671618900000 │ '2022-12-21T10:35:00.000Z' │  0   │ 100  │  0  │    0     │ Infinity │ 3678.3 │ 3887 │  0  │  0   │     │  -100  │  -200000  │   -1900   │   -3770000    │
│    6    │  2  │  2  │  2  │  2  │       │          │   3000    │   500   │  1000000  │  6030000  │  500  │  1000000  │ 1671621300000 │ '2022-12-21T11:15:00.000Z' │  0   │ 100  │  0  │    0     │ Infinity │ 3678.3 │ 3887 │  0  │ 0.1  │     │  -500  │ -1000000  │   -2400   │   -4770000    │
│    7    │  2  │  2  │  2  │  2  │       │          │   3500    │   500   │  1000000  │  7030000  │  500  │  1000000  │ 1671627900000 │ '2022-12-21T13:05:00.000Z' │  0   │ 100  │  0  │    0     │ Infinity │ 3678.3 │ 3887 │  0  │ 0.1  │     │  -500  │ -1000000  │   -2900   │   -5770000    │
│    8    │  2  │  2  │  2  │  2  │       │          │   4500    │  1000   │  2000000  │  9030000  │ 1000  │  2000000  │ 1671628200000 │ '2022-12-21T13:10:00.000Z' │  0   │ 100  │  0  │    0     │ Infinity │ 3678.3 │ 3887 │  0  │ 0.3  │     │ -1000  │ -2000000  │   -3900   │   -7770000    │
│    9    │  2  │  2  │  2  │  2  │       │          │   4600    │   100   │  200000   │  9230000  │  100  │  200000   │ 1671629400000 │ '2022-12-21T13:30:00.000Z' │  0   │ 100  │  0  │    0     │ Infinity │ 3678.3 │ 3887 │  0  │  0   │     │  -100  │  -200000  │   -4000   │   -7970000    │
│   10    │  2  │  2  │  2  │  2  │ 2500  │ 5000000  │   8300    │  3700   │  7400000  │ 16630000  │ 1200  │  2400000  │ 1671629700000 │ '2022-12-21T13:35:00.000Z' │ 67.6 │ 32.4 │  0  │   2.1    │   0.5    │ 3678.3 │ 3887 │  0  │ 0.3  │ 0.7 │  1300  │  2600000  │   -2700   │   -5370000    │
│   11    │ 1.9 │ 1.9 │ 1.9 │ 1.9 │       │          │   8600    │   300   │  570000   │ 17200000  │  300  │  570000   │ 1671630600000 │ '2022-12-21T13:50:00.000Z' │  0   │ 100  │  0  │    0     │ Infinity │ 3678.3 │ 3887 │  0  │ 0.1  │     │  -300  │  -570000  │   -3000   │   -5940000    │
│   12    │ 1.9 │ 1.9 │ 1.9 │ 1.9 │ 24500 │ 46550000 │   42400   │  33800  │ 64220000  │ 81420000  │ 9300  │ 17670000  │ 1671630900000 │ '2022-12-21T13:55:00.000Z' │ 72.5 │ 27.5 │  0  │   2.6    │   0.4    │ 3678.3 │ 3887 │  0  │ 2.4  │ 6.7 │ 15200  │ 28880000  │   12200   │   22940000    │
│   13    │ 1.7 │ 1.8 │ 1.7 │ 1.8 │ 7400  │ 13320000 │  112900   │  70500  │ 122290000 │ 203710000 │ 63100 │ 108970000 │ 1671631200000 │ '2022-12-21T14:00:00.000Z' │ 10.5 │ 89.5 │  0  │   0.1    │   8.5    │ 3678.3 │ 3887 │  0  │ 16.2 │  2  │ -55700 │ -95650000 │  -43500   │   -72710000   │
│   14    │ 1.8 │ 1.8 │ 1.8 │ 1.8 │ 9600  │ 17280000 │  122900   │  10000  │ 18000000  │ 221710000 │  400  │  720000   │ 1671631800000 │ '2022-12-21T14:10:00.000Z' │  96  │  4   │  0  │    24    │    0     │ 3678.3 │ 3887 │  0  │ 0.1  │ 2.6 │  9200  │ 16560000  │  -34300   │   -56150000   │
│   15    │ 1.8 │ 1.8 │ 1.8 │ 1.8 │ 12500 │ 22500000 │  136400   │  13500  │ 24300000  │ 246010000 │ 1000  │  1800000  │ 1671632100000 │ '2022-12-21T14:15:00.000Z' │ 92.6 │ 7.4  │  0  │   12.5   │   0.1    │ 3678.3 │ 3887 │  0  │ 0.3  │ 3.4 │ 11500  │ 20700000  │  -22800   │   -35450000   │
│   16    │ 1.8 │ 1.8 │ 1.8 │ 1.8 │ 9500  │ 17100000 │  145900   │  9500   │ 17100000  │ 263110000 │       │           │ 1671632400000 │ '2022-12-21T14:20:00.000Z' │ 100  │  0   │  0  │ Infinity │    0     │ 3678.3 │ 3887 │  0  │      │ 2.6 │  9500  │ 17100000  │  -13300   │   -18350000   │
│   17    │ 1.9 │ 1.9 │ 1.9 │ 1.9 │ 14200 │ 26980000 │  160100   │  14200  │ 26980000  │ 290090000 │       │           │ 1671632700000 │ '2022-12-21T14:25:00.000Z' │ 100  │  0   │  0  │ Infinity │    0     │ 3678.3 │ 3887 │  0  │      │ 3.9 │ 14200  │ 26980000  │    900    │    8630000    │
│   18    │ 1.9 │  2  │ 1.9 │  2  │  100  │  200000  │  161400   │  1300   │  2480000  │ 292570000 │ 1200  │  2280000  │ 1671633000000 │ '2022-12-21T14:30:00.000Z' │ 7.7  │ 92.3 │  0  │   0.1    │    12    │ 3678.3 │ 3887 │  0  │ 0.3  │  0  │ -1100  │ -2080000  │   -200    │    6550000    │
│   19    │ 1.9 │ 1.9 │ 1.9 │ 1.9 │  700  │ 1330000  │  162100   │   700   │  1330000  │ 293900000 │       │           │ 1671633300000 │ '2022-12-21T14:35:00.000Z' │ 100  │  0   │  0  │ Infinity │    0     │ 3678.3 │ 3887 │  0  │      │ 0.2 │  700   │  1330000  │    500    │    7880000    │
│   20    │ 1.9 │ 1.9 │ 1.9 │ 1.9 │       │          │  168900   │  6800   │ 12920000  │ 306820000 │ 6800  │ 12920000  │ 1671633600000 │ '2022-12-21T14:40:00.000Z' │  0   │ 100  │  0  │    0     │ Infinity │ 3678.3 │ 3887 │  0  │ 1.7  │     │ -6800  │ -12920000 │   -6300   │   -5040000    │
├─────────┼─────┼─────┼─────┼─────┼───────┼──────────┼───────────┼─────────┼───────────┼───────────┼───────┼───────────┼───────────────┼────────────────────────────┼──────┼──────┼─────┼──────────┼──────────┼────────┼──────┼─────┼──────┼─────┼────────┼───────────┼───────────┼───────────────┤
│ (index) │  c  │  h  │  l  │  o  │  bu   │  val_bu  │ total_vol │ sum_vol │    val    │ acum_val  │  sd   │  val_sd   │   datetime    │            date            │ pbu  │ psd  │ puk │    bs    │    sb    │  abu   │ asd  │ auk │ rsd  │ rbu │ bu-sd  │ bu-sd_val │ acum_busd │ acum_busd_val │
├─────────┼─────┼─────┼─────┼─────┼───────┼──────────┼───────────┼─────────┼───────────┼───────────┼───────┼───────────┼───────────────┼────────────────────────────┼──────┼──────┼─────┼──────────┼──────────┼────────┼──────┼─────┼──────┼─────┼────────┼───────────┼───────────┼───────────────┤
│   21    │ 1.9 │ 1.9 │ 1.9 │ 1.9 │ 3200  │ 6080000  │  173900   │  5000   │  9500000  │ 316320000 │ 1800  │  3420000  │ 1671633900000 │ '2022-12-21T14:45:00.000Z' │  64  │  36  │  0  │   1.8    │   0.6    │ 3678.3 │ 3887 │  0  │ 0.5  │ 0.9 │  1400  │  2660000  │   -4900   │   -2380000    │
│   22    │  2  │  2  │  2  │  2  │  100  │  200000  │  174000   │   100   │  200000   │ 316520000 │       │           │ 1671634500000 │ '2022-12-21T14:55:00.000Z' │ 100  │  0   │  0  │ Infinity │    0     │ 3678.3 │ 3887 │  0  │      │  0  │  100   │  200000   │   -4800   │   -2180000    │
└─────────┴─────┴─────┴─────┴─────┴───────┴──────────┴───────────┴─────────┴───────────┴───────────┴───────┴───────────┴───────────────┴────────────────────────────┴──────┴──────┴─────┴──────────┴──────────┴────────┴──────┴─────┴──────┴─────┴────────┴───────────┴───────────┴───────────────┘

