┌─────────┬─────┬─────┬─────┬─────┬───────┬───────────┬───────────┬─────────┬───────────┬───────────┬───────────────┬────────────────────────────┬──────┬──────┬─────┬──────────┬──────────┬────────┬────────┬─────┬──────┬────────┬────────────┬───────────┬───────────────┬───────┬───────────┬──────┐
│ (index) │  c  │  h  │  l  │  o  │  sd   │  val_sd   │ total_vol │ sum_vol │    val    │ acum_val  │   datetime    │            date            │ pbu  │ psd  │ puk │    bs    │    sb    │  abu   │  asd   │ auk │ rsd  │ bu-sd  │ bu-sd_val  │ acum_busd │ acum_busd_val │  bu   │  val_bu   │ rbu  │
├─────────┼─────┼─────┼─────┼─────┼───────┼───────────┼───────────┼─────────┼───────────┼───────────┼───────────────┼────────────────────────────┼──────┼──────┼─────┼──────────┼──────────┼────────┼────────┼─────┼──────┼────────┼────────────┼───────────┼───────────────┼───────┼───────────┼──────┤
│    0    │ 2.6 │ 2.6 │ 2.6 │ 2.6 │  100  │  260000   │    100    │   100   │  260000   │  260000   │ 1671613560000 │ '2022-12-21T09:06:00.000Z' │  0   │ 100  │  0  │    0     │ Infinity │ 5444.1 │ 4264.7 │  0  │  0   │  -100  │  -260000   │   -100    │    -260000    │       │           │      │
│    1    │ 2.6 │ 2.6 │ 2.6 │ 2.6 │ 33500 │ 87100000  │   33600   │  33500  │ 87100000  │ 87360000  │ 1671614040000 │ '2022-12-21T09:14:00.000Z' │  0   │ 100  │  0  │    0     │ Infinity │ 5444.1 │ 4264.7 │  0  │ 7.9  │ -33500 │ -87100000  │  -33600   │   -87360000   │       │           │      │
│    2    │ 2.5 │ 2.6 │ 2.5 │ 2.6 │  100  │  250000   │   33900   │   300   │  770000   │ 88130000  │ 1671614160000 │ '2022-12-21T09:16:00.000Z' │ 66.7 │ 33.3 │  0  │    2     │   0.5    │ 5444.1 │ 4264.7 │  0  │  0   │  100   │   270000   │  -33500   │   -87090000   │  200  │  520000   │  0   │
│    3    │ 2.6 │ 2.6 │ 2.6 │ 2.6 │       │           │   37000   │  3100   │  8060000  │ 96190000  │ 1671614280000 │ '2022-12-21T09:18:00.000Z' │ 100  │  0   │  0  │ Infinity │    0     │ 5444.1 │ 4264.7 │  0  │      │  3100  │  8060000   │  -30400   │   -79030000   │ 3100  │  8060000  │ 0.6  │
│    4    │ 2.6 │ 2.6 │ 2.6 │ 2.6 │       │           │   38000   │  1000   │  2600000  │ 98790000  │ 1671615000000 │ '2022-12-21T09:30:00.000Z' │ 100  │  0   │  0  │ Infinity │    0     │ 5444.1 │ 4264.7 │  0  │      │  1000  │  2600000   │  -29400   │   -76430000   │ 1000  │  2600000  │ 0.2  │
│    5    │ 2.5 │ 2.5 │ 2.5 │ 2.5 │ 10100 │ 25250000  │   48100   │  10100  │ 25250000  │ 124040000 │ 1671615240000 │ '2022-12-21T09:34:00.000Z' │  0   │ 100  │  0  │    0     │ Infinity │ 5444.1 │ 4264.7 │  0  │ 2.4  │ -10100 │ -25250000  │  -39500   │  -101680000   │       │           │      │
│    6    │ 2.5 │ 2.5 │ 2.5 │ 2.5 │ 3400  │  8500000  │  148100   │ 100000  │ 250000000 │ 374040000 │ 1671615840000 │ '2022-12-21T09:44:00.000Z' │ 96.6 │ 3.4  │  0  │   28.4   │    0     │ 5444.1 │ 4264.7 │  0  │ 0.8  │ 93200  │ 233000000  │   53700   │   131320000   │ 96600 │ 241500000 │ 17.7 │
│    7    │ 2.6 │ 2.6 │ 2.6 │ 2.6 │       │           │  148200   │   100   │  260000   │ 374300000 │ 1671615960000 │ '2022-12-21T09:46:00.000Z' │ 100  │  0   │  0  │ Infinity │    0     │ 5444.1 │ 4264.7 │  0  │      │  100   │   260000   │   53800   │   131580000   │  100  │  260000   │  0   │
│    8    │ 2.6 │ 2.6 │ 2.6 │ 2.6 │       │           │  148300   │   100   │  260000   │ 374560000 │ 1671616200000 │ '2022-12-21T09:50:00.000Z' │ 100  │  0   │  0  │ Infinity │    0     │ 5444.1 │ 4264.7 │  0  │      │  100   │   260000   │   53900   │   131840000   │  100  │  260000   │  0   │
│    9    │ 2.6 │ 2.6 │ 2.6 │ 2.6 │       │           │  148500   │   200   │  520000   │ 375080000 │ 1671616560000 │ '2022-12-21T09:56:00.000Z' │ 100  │  0   │  0  │ Infinity │    0     │ 5444.1 │ 4264.7 │  0  │      │  200   │   520000   │   54100   │   132360000   │  200  │  520000   │  0   │
│   10    │ 2.6 │ 2.6 │ 2.6 │ 2.6 │       │           │  148800   │   300   │  780000   │ 375860000 │ 1671616680000 │ '2022-12-21T09:58:00.000Z' │ 100  │  0   │  0  │ Infinity │    0     │ 5444.1 │ 4264.7 │  0  │      │  300   │   780000   │   54400   │   133140000   │  300  │  780000   │ 0.1  │
│   11    │ 2.6 │ 2.6 │ 2.6 │ 2.6 │       │           │  149300   │   500   │  1300000  │ 377160000 │ 1671616800000 │ '2022-12-21T10:00:00.000Z' │ 100  │  0   │  0  │ Infinity │    0     │ 5444.1 │ 4264.7 │  0  │      │  500   │  1300000   │   54900   │   134440000   │  500  │  1300000  │ 0.1  │
│   12    │ 2.6 │ 2.6 │ 2.6 │ 2.6 │       │           │  150100   │   800   │  2080000  │ 379240000 │ 1671616920000 │ '2022-12-21T10:02:00.000Z' │ 100  │  0   │  0  │ Infinity │    0     │ 5444.1 │ 4264.7 │  0  │      │  800   │  2080000   │   55700   │   136520000   │  800  │  2080000  │ 0.1  │
│   13    │ 2.6 │ 2.6 │ 2.6 │ 2.6 │       │           │  155100   │  5000   │ 13000000  │ 392240000 │ 1671617040000 │ '2022-12-21T10:04:00.000Z' │ 100  │  0   │  0  │ Infinity │    0     │ 5444.1 │ 4264.7 │  0  │      │  5000  │  13000000  │   60700   │   149520000   │ 5000  │ 13000000  │ 0.9  │
│   14    │ 2.5 │ 2.5 │ 2.5 │ 2.5 │  200  │  500000   │  155300   │   200   │  500000   │ 392740000 │ 1671617280000 │ '2022-12-21T10:08:00.000Z' │  0   │ 100  │  0  │    0     │ Infinity │ 5444.1 │ 4264.7 │  0  │  0   │  -200  │  -500000   │   60500   │   149020000   │       │           │      │
│   15    │ 2.5 │ 2.5 │ 2.5 │ 2.5 │  100  │  250000   │  155400   │   100   │  250000   │ 392990000 │ 1671617400000 │ '2022-12-21T10:10:00.000Z' │  0   │ 100  │  0  │    0     │ Infinity │ 5444.1 │ 4264.7 │  0  │  0   │  -100  │  -250000   │   60400   │   148770000   │       │           │      │
│   16    │ 2.5 │ 2.5 │ 2.5 │ 2.5 │ 50000 │ 125000000 │  205400   │  50000  │ 125000000 │ 517990000 │ 1671618240000 │ '2022-12-21T10:24:00.000Z' │  0   │ 100  │  0  │    0     │ Infinity │ 5444.1 │ 4264.7 │  0  │ 11.7 │ -50000 │ -125000000 │   10400   │   23770000    │       │           │      │
│   17    │ 2.5 │ 2.5 │ 2.5 │ 2.5 │ 20000 │ 50000000  │  225400   │  20000  │ 50000000  │ 567990000 │ 1671618360000 │ '2022-12-21T10:26:00.000Z' │  0   │ 100  │  0  │    0     │ Infinity │ 5444.1 │ 4264.7 │  0  │ 4.7  │ -20000 │ -50000000  │   -9600   │   -26230000   │       │           │      │
│   18    │ 2.6 │ 2.6 │ 2.5 │ 2.5 │ 11000 │ 27500000  │  236900   │  11500  │ 28800000  │ 596790000 │ 1671619080000 │ '2022-12-21T10:38:00.000Z' │ 4.3  │ 95.7 │  0  │    0     │    22    │ 5444.1 │ 4264.7 │  0  │ 2.6  │ -10500 │ -26200000  │  -20100   │   -52430000   │  500  │  1300000  │ 0.1  │
│   19    │ 2.6 │ 2.6 │ 2.6 │ 2.6 │       │           │  237200   │   300   │  780000   │ 597570000 │ 1671620640000 │ '2022-12-21T11:04:00.000Z' │ 100  │  0   │  0  │ Infinity │    0     │ 5444.1 │ 4264.7 │  0  │      │  300   │   780000   │  -19800   │   -51650000   │  300  │  780000   │ 0.1  │
│   20    │ 2.6 │ 2.6 │ 2.6 │ 2.6 │       │           │  237300   │   100   │  260000   │ 597830000 │ 1671620760000 │ '2022-12-21T11:06:00.000Z' │ 100  │  0   │  0  │ Infinity │    0     │ 5444.1 │ 4264.7 │  0  │      │  100   │   260000   │  -19700   │   -51390000   │  100  │  260000   │  0   │
├─────────┼─────┼─────┼─────┼─────┼───────┼───────────┼───────────┼─────────┼───────────┼───────────┼───────────────┼────────────────────────────┼──────┼──────┼─────┼──────────┼──────────┼────────┼────────┼─────┼──────┼────────┼────────────┼───────────┼───────────────┼───────┼───────────┼──────┤
│ (index) │  c  │  h  │  l  │  o  │  sd   │  val_sd   │ total_vol │ sum_vol │    val    │ acum_val  │   datetime    │            date            │ pbu  │ psd  │ puk │    bs    │    sb    │  abu   │  asd   │ auk │ rsd  │ bu-sd  │ bu-sd_val  │ acum_busd │ acum_busd_val │  bu   │  val_bu   │ rbu  │
├─────────┼─────┼─────┼─────┼─────┼───────┼───────────┼───────────┼─────────┼───────────┼───────────┼───────────────┼────────────────────────────┼──────┼──────┼─────┼──────────┼──────────┼────────┼────────┼─────┼──────┼────────┼────────────┼───────────┼───────────────┼───────┼───────────┼──────┤
│   21    │ 2.5 │ 2.5 │ 2.5 │ 2.5 │ 5900  │ 14750000  │  243200   │  5900   │ 14750000  │ 612580000 │ 1671620880000 │ '2022-12-21T11:08:00.000Z' │  0   │ 100  │  0  │    0     │ Infinity │ 5444.1 │ 4264.7 │  0  │ 1.4  │ -5900  │ -14750000  │  -25600   │   -66140000   │       │           │      │
│   22    │ 2.5 │ 2.5 │ 2.5 │ 2.5 │ 1300  │  3250000  │  244500   │  1300   │  3250000  │ 615830000 │ 1671627600000 │ '2022-12-21T13:00:00.000Z' │  0   │ 100  │  0  │    0     │ Infinity │ 5444.1 │ 4264.7 │  0  │ 0.3  │ -1300  │  -3250000  │  -26900   │   -69390000   │       │           │      │
│   23    │ 2.5 │ 2.5 │ 2.5 │ 2.5 │  100  │  250000   │  244600   │   100   │  250000   │ 616080000 │ 1671627960000 │ '2022-12-21T13:06:00.000Z' │  0   │ 100  │  0  │    0     │ Infinity │ 5444.1 │ 4264.7 │  0  │  0   │  -100  │  -250000   │  -27000   │   -69640000   │       │           │      │
│   24    │ 2.5 │ 2.5 │ 2.5 │ 2.5 │ 8900  │ 22250000  │  253500   │  8900   │ 22250000  │ 638330000 │ 1671628080000 │ '2022-12-21T13:08:00.000Z' │  0   │ 100  │  0  │    0     │ Infinity │ 5444.1 │ 4264.7 │  0  │ 2.1  │ -8900  │ -22250000  │  -35900   │   -91890000   │       │           │      │
│   25    │ 2.5 │ 2.6 │ 2.5 │ 2.6 │  300  │  750000   │  253900   │   400   │  1010000  │ 639340000 │ 1671628680000 │ '2022-12-21T13:18:00.000Z' │  25  │  75  │  0  │   0.3    │    3     │ 5444.1 │ 4264.7 │  0  │ 0.1  │  -200  │  -490000   │  -36100   │   -92380000   │  100  │  260000   │  0   │
│   26    │ 2.5 │ 2.5 │ 2.5 │ 2.5 │       │           │  288300   │  34400  │ 86000000  │ 725340000 │ 1671629280000 │ '2022-12-21T13:28:00.000Z' │ 100  │  0   │  0  │ Infinity │    0     │ 5444.1 │ 4264.7 │  0  │      │ 34400  │  86000000  │   -1700   │   -6380000    │ 34400 │ 86000000  │ 6.3  │
│   27    │ 2.5 │ 2.5 │ 2.5 │ 2.5 │       │           │  288800   │   500   │  1250000  │ 726590000 │ 1671630240000 │ '2022-12-21T13:44:00.000Z' │ 100  │  0   │  0  │ Infinity │    0     │ 5444.1 │ 4264.7 │  0  │      │  500   │  1250000   │   -1200   │   -5130000    │  500  │  1250000  │ 0.1  │
│   28    │ 2.5 │ 2.5 │ 2.5 │ 2.5 │       │           │  308800   │  20000  │ 50000000  │ 776590000 │ 1671630360000 │ '2022-12-21T13:46:00.000Z' │ 100  │  0   │  0  │ Infinity │    0     │ 5444.1 │ 4264.7 │  0  │      │ 20000  │  50000000  │   18800   │   44870000    │ 20000 │ 50000000  │ 3.7  │
│   29    │ 2.5 │ 2.5 │ 2.5 │ 2.5 │       │           │  308900   │   100   │  250000   │ 776840000 │ 1671630480000 │ '2022-12-21T13:48:00.000Z' │ 100  │  0   │  0  │ Infinity │    0     │ 5444.1 │ 4264.7 │  0  │      │  100   │   250000   │   18900   │   45120000    │  100  │  250000   │  0   │
│   30    │ 2.5 │ 2.5 │ 2.5 │ 2.5 │       │           │  309300   │   400   │  1000000  │ 777840000 │ 1671632400000 │ '2022-12-21T14:20:00.000Z' │ 100  │  0   │  0  │ Infinity │    0     │ 5444.1 │ 4264.7 │  0  │      │  400   │  1000000   │   19300   │   46120000    │  400  │  1000000  │ 0.1  │
│   31    │ 2.5 │ 2.5 │ 2.5 │ 2.5 │       │           │  309500   │   200   │  500000   │ 778340000 │ 1671632520000 │ '2022-12-21T14:22:00.000Z' │ 100  │  0   │  0  │ Infinity │    0     │ 5444.1 │ 4264.7 │  0  │      │  200   │   500000   │   19500   │   46620000    │  200  │  500000   │  0   │
│   32    │ 2.5 │ 2.5 │ 2.5 │ 2.5 │       │           │  309700   │   200   │  500000   │ 778840000 │ 1671632880000 │ '2022-12-21T14:28:00.000Z' │ 100  │  0   │  0  │ Infinity │    0     │ 5444.1 │ 4264.7 │  0  │      │  200   │   500000   │   19700   │   47120000    │  200  │  500000   │  0   │
│   33    │ 2.5 │ 2.5 │ 2.5 │ 2.5 │       │           │  330100   │  20400  │ 51000000  │ 829840000 │ 1671633840000 │ '2022-12-21T14:44:00.000Z' │ 100  │  0   │  0  │ Infinity │    0     │ 5444.1 │ 4264.7 │  0  │      │ 20400  │  51000000  │   40100   │   98120000    │ 20400 │ 51000000  │ 3.7  │
└─────────┴─────┴─────┴─────┴─────┴───────┴───────────┴───────────┴─────────┴───────────┴───────────┴───────────────┴────────────────────────────┴──────┴──────┴─────┴──────────┴──────────┴────────┴────────┴─────┴──────┴────────┴────────────┴───────────┴───────────────┴───────┴───────────┴──────┘

