┌─────────┬─────┬─────┬─────┬─────┬──────┬─────────┬───────────┬─────────┬──────────┬───────────┬───────────────┬────────────────────────────┬─────┬──────┬─────┬──────────┬──────────┬───────┬────────┬─────┬──────┬─────────┬───────────┬───────────┬───────────────┬────────┬──────────┬──────┐
│ (index) │  c  │  h  │  l  │  o  │  bu  │ val_bu  │ total_vol │ sum_vol │   val    │ acum_val  │   datetime    │            date            │ pbu │ psd  │ puk │    bs    │    sb    │  abu  │  asd   │ auk │ rbu  │  bu-sd  │ bu-sd_val │ acum_busd │ acum_busd_val │   sd   │  val_sd  │ rsd  │
├─────────┼─────┼─────┼─────┼─────┼──────┼─────────┼───────────┼─────────┼──────────┼───────────┼───────────────┼────────────────────────────┼─────┼──────┼─────┼──────────┼──────────┼───────┼────────┼─────┼──────┼─────────┼───────────┼───────────┼───────────────┼────────┼──────────┼──────┤
│    0    │ 0.7 │ 0.7 │ 0.7 │ 0.7 │ 1100 │ 770000  │   1100    │  1100   │  770000  │  770000   │ 1671786000000 │ '2022-12-23T09:00:00.000Z' │ 100 │  0   │  0  │ Infinity │    0     │ 344.8 │ 8748.3 │  0  │ 3.2  │  1100   │  770000   │   1100    │    770000     │        │          │      │
│    1    │ 0.7 │ 0.7 │ 0.7 │ 0.7 │ 100  │  70000  │   1200    │   100   │  70000   │  840000   │ 1671786900000 │ '2022-12-23T09:15:00.000Z' │ 100 │  0   │  0  │ Infinity │    0     │ 344.8 │ 8748.3 │  0  │ 0.3  │   100   │   70000   │   1200    │    840000     │        │          │      │
│    2    │ 0.6 │ 0.6 │ 0.6 │ 0.6 │      │         │   13700   │  12500  │ 7500000  │  8340000  │ 1671787200000 │ '2022-12-23T09:20:00.000Z' │  0  │ 100  │  0  │    0     │ Infinity │ 344.8 │ 8748.3 │  0  │      │ -12500  │ -7500000  │  -11300   │   -6660000    │ 12500  │ 7500000  │ 1.4  │
│    3    │ 0.6 │ 0.6 │ 0.6 │ 0.6 │      │         │   13800   │   100   │  60000   │  8400000  │ 1671787500000 │ '2022-12-23T09:25:00.000Z' │  0  │ 100  │  0  │    0     │ Infinity │ 344.8 │ 8748.3 │  0  │      │  -100   │  -60000   │  -11400   │   -6720000    │  100   │  60000   │  0   │
│    4    │ 0.6 │ 0.6 │ 0.6 │ 0.6 │      │         │   13900   │   100   │  60000   │  8460000  │ 1671788700000 │ '2022-12-23T09:45:00.000Z' │  0  │ 100  │  0  │    0     │ Infinity │ 344.8 │ 8748.3 │  0  │      │  -100   │  -60000   │  -11500   │   -6780000    │  100   │  60000   │  0   │
│    5    │ 0.6 │ 0.6 │ 0.6 │ 0.6 │      │         │   14900   │  1000   │  600000  │  9060000  │ 1671789300000 │ '2022-12-23T09:55:00.000Z' │  0  │ 100  │  0  │    0     │ Infinity │ 344.8 │ 8748.3 │  0  │      │  -1000  │  -600000  │  -12500   │   -7380000    │  1000  │  600000  │ 0.1  │
│    6    │ 0.7 │ 0.7 │ 0.7 │ 0.7 │ 200  │ 140000  │   15100   │   200   │  140000  │  9200000  │ 1671789600000 │ '2022-12-23T10:00:00.000Z' │ 100 │  0   │  0  │ Infinity │    0     │ 344.8 │ 8748.3 │  0  │ 0.6  │   200   │  140000   │  -12300   │   -7240000    │        │          │      │
│    7    │ 0.6 │ 0.6 │ 0.6 │ 0.6 │      │         │   18800   │  3700   │ 2220000  │ 11420000  │ 1671789900000 │ '2022-12-23T10:05:00.000Z' │  0  │ 100  │  0  │    0     │ Infinity │ 344.8 │ 8748.3 │  0  │      │  -3700  │ -2220000  │  -16000   │   -9460000    │  3700  │ 2220000  │ 0.4  │
│    8    │ 0.6 │ 0.6 │ 0.6 │ 0.6 │      │         │   20300   │  1500   │  900000  │ 12320000  │ 1671790200000 │ '2022-12-23T10:10:00.000Z' │  0  │ 100  │  0  │    0     │ Infinity │ 344.8 │ 8748.3 │  0  │      │  -1500  │  -900000  │  -17500   │   -10360000   │  1500  │  900000  │ 0.2  │
│    9    │ 0.7 │ 0.7 │ 0.7 │ 0.7 │ 400  │ 280000  │   20700   │   400   │  280000  │ 12600000  │ 1671790500000 │ '2022-12-23T10:15:00.000Z' │ 100 │  0   │  0  │ Infinity │    0     │ 344.8 │ 8748.3 │  0  │ 1.2  │   400   │  280000   │  -17100   │   -10080000   │        │          │      │
│   10    │ 0.7 │ 0.7 │ 0.7 │ 0.7 │ 1000 │ 700000  │   21700   │  1000   │  700000  │ 13300000  │ 1671791700000 │ '2022-12-23T10:35:00.000Z' │ 100 │  0   │  0  │ Infinity │    0     │ 344.8 │ 8748.3 │  0  │ 2.9  │  1000   │  700000   │  -16100   │   -9380000    │        │          │      │
│   11    │ 0.6 │ 0.6 │ 0.6 │ 0.6 │      │         │   23200   │  1500   │  900000  │ 14200000  │ 1671793200000 │ '2022-12-23T11:00:00.000Z' │  0  │ 100  │  0  │    0     │ Infinity │ 344.8 │ 8748.3 │  0  │      │  -1500  │  -900000  │  -17600   │   -10280000   │  1500  │  900000  │ 0.2  │
│   12    │ 0.7 │ 0.7 │ 0.7 │ 0.7 │ 100  │  70000  │   23300   │   100   │  70000   │ 14270000  │ 1671793500000 │ '2022-12-23T11:05:00.000Z' │ 100 │  0   │  0  │ Infinity │    0     │ 344.8 │ 8748.3 │  0  │ 0.3  │   100   │   70000   │  -17500   │   -10210000   │        │          │      │
│   13    │ 0.7 │ 0.7 │ 0.6 │ 0.6 │ 100  │  70000  │   25900   │  2600   │ 1570000  │ 15840000  │ 1671794400000 │ '2022-12-23T11:20:00.000Z' │ 3.8 │ 96.2 │  0  │    0     │    25    │ 344.8 │ 8748.3 │  0  │ 0.3  │  -2400  │ -1430000  │  -19900   │   -11640000   │  2500  │ 1500000  │ 0.3  │
│   14    │ 0.6 │ 0.6 │ 0.6 │ 0.6 │      │         │   45900   │  20000  │ 12000000 │ 27840000  │ 1671800400000 │ '2022-12-23T13:00:00.000Z' │  0  │ 100  │  0  │    0     │ Infinity │ 344.8 │ 8748.3 │  0  │      │ -20000  │ -12000000 │  -39900   │   -23640000   │ 20000  │ 12000000 │ 2.3  │
│   15    │ 0.6 │ 0.6 │ 0.6 │ 0.6 │      │         │   46000   │   100   │  60000   │ 27900000  │ 1671800700000 │ '2022-12-23T13:05:00.000Z' │  0  │ 100  │  0  │    0     │ Infinity │ 344.8 │ 8748.3 │  0  │      │  -100   │  -60000   │  -40000   │   -23700000   │  100   │  60000   │  0   │
│   16    │ 0.7 │ 0.7 │ 0.6 │ 0.6 │ 5100 │ 3570000 │   55100   │  9100   │ 5970000  │ 33870000  │ 1671801000000 │ '2022-12-23T13:10:00.000Z' │ 56  │  44  │  0  │   1.3    │   0.8    │ 344.8 │ 8748.3 │  0  │ 14.8 │  1100   │  1170000  │  -38900   │   -22530000   │  4000  │ 2400000  │ 0.5  │
│   17    │ 0.6 │ 0.6 │ 0.6 │ 0.6 │      │         │   55200   │   100   │  60000   │ 33930000  │ 1671801300000 │ '2022-12-23T13:15:00.000Z' │  0  │ 100  │  0  │    0     │ Infinity │ 344.8 │ 8748.3 │  0  │      │  -100   │  -60000   │  -39000   │   -22590000   │  100   │  60000   │  0   │
│   18    │ 0.6 │ 0.7 │ 0.6 │ 0.7 │ 200  │ 140000  │   55600   │   400   │  260000  │ 34190000  │ 1671803700000 │ '2022-12-23T13:55:00.000Z' │ 50  │  50  │  0  │    1     │    1     │ 344.8 │ 8748.3 │  0  │ 0.6  │    0    │   20000   │  -39000   │   -22570000   │  200   │  120000  │  0   │
│   19    │ 0.7 │ 0.7 │ 0.6 │ 0.7 │ 400  │ 280000  │   56100   │   500   │  340000  │ 34530000  │ 1671804600000 │ '2022-12-23T14:10:00.000Z' │ 80  │  20  │  0  │    4     │   0.3    │ 344.8 │ 8748.3 │  0  │ 1.2  │   300   │  220000   │  -38700   │   -22350000   │  100   │  60000   │  0   │
│   20    │ 0.6 │ 0.6 │ 0.6 │ 0.6 │      │         │   56200   │   100   │  60000   │ 34590000  │ 1671804900000 │ '2022-12-23T14:15:00.000Z' │  0  │ 100  │  0  │    0     │ Infinity │ 344.8 │ 8748.3 │  0  │      │  -100   │  -60000   │  -38800   │   -22410000   │  100   │  60000   │  0   │
├─────────┼─────┼─────┼─────┼─────┼──────┼─────────┼───────────┼─────────┼──────────┼───────────┼───────────────┼────────────────────────────┼─────┼──────┼─────┼──────────┼──────────┼───────┼────────┼─────┼──────┼─────────┼───────────┼───────────┼───────────────┼────────┼──────────┼──────┤
│ (index) │  c  │  h  │  l  │  o  │  bu  │ val_bu  │ total_vol │ sum_vol │   val    │ acum_val  │   datetime    │            date            │ pbu │ psd  │ puk │    bs    │    sb    │  abu  │  asd   │ auk │ rbu  │  bu-sd  │ bu-sd_val │ acum_busd │ acum_busd_val │   sd   │  val_sd  │ rsd  │
├─────────┼─────┼─────┼─────┼─────┼──────┼─────────┼───────────┼─────────┼──────────┼───────────┼───────────────┼────────────────────────────┼─────┼──────┼─────┼──────────┼──────────┼───────┼────────┼─────┼──────┼─────────┼───────────┼───────────┼───────────────┼────────┼──────────┼──────┤
│   21    │ 0.7 │ 0.7 │ 0.7 │ 0.7 │ 1300 │ 910000  │   57500   │  1300   │  910000  │ 35500000  │ 1671805200000 │ '2022-12-23T14:20:00.000Z' │ 100 │  0   │  0  │ Infinity │    0     │ 344.8 │ 8748.3 │  0  │ 3.8  │  1300   │  910000   │  -37500   │   -21500000   │        │          │      │
│   22    │ 0.6 │ 0.6 │ 0.6 │ 0.6 │      │         │   57600   │   100   │  60000   │ 35560000  │ 1671805500000 │ '2022-12-23T14:25:00.000Z' │  0  │ 100  │  0  │    0     │ Infinity │ 344.8 │ 8748.3 │  0  │      │  -100   │  -60000   │  -37600   │   -21560000   │  100   │  60000   │  0   │
│   23    │ 0.6 │ 0.6 │ 0.6 │ 0.6 │      │         │   62600   │  5000   │ 3000000  │ 38560000  │ 1671805800000 │ '2022-12-23T14:30:00.000Z' │  0  │ 100  │  0  │    0     │ Infinity │ 344.8 │ 8748.3 │  0  │      │  -5000  │ -3000000  │  -42600   │   -24560000   │  5000  │ 3000000  │ 0.6  │
│   24    │ 0.6 │ 0.6 │ 0.6 │ 0.6 │      │         │   65600   │  3000   │ 1800000  │ 40360000  │ 1671806100000 │ '2022-12-23T14:35:00.000Z' │  0  │ 100  │  0  │    0     │ Infinity │ 344.8 │ 8748.3 │  0  │      │  -3000  │ -1800000  │  -45600   │   -26360000   │  3000  │ 1800000  │ 0.3  │
│   25    │ 0.6 │ 0.6 │ 0.6 │ 0.6 │      │         │   65700   │   100   │  60000   │ 40420000  │ 1671806400000 │ '2022-12-23T14:40:00.000Z' │  0  │ 100  │  0  │    0     │ Infinity │ 344.8 │ 8748.3 │  0  │      │  -100   │  -60000   │  -45700   │   -26420000   │  100   │  60000   │  0   │
│   26    │ 0.6 │ 0.6 │ 0.6 │ 0.6 │      │         │   72500   │  6800   │ 4080000  │ 44500000  │ 1671806700000 │ '2022-12-23T14:45:00.000Z' │  0  │ 100  │  0  │    0     │ Infinity │ 344.8 │ 8748.3 │  0  │      │  -6800  │ -4080000  │  -52500   │   -30500000   │  6800  │ 4080000  │ 0.8  │
│   27    │ 0.6 │ 0.6 │ 0.6 │ 0.6 │      │         │  155600   │  83100  │ 49860000 │ 94360000  │ 1671807000000 │ '2022-12-23T14:50:00.000Z' │  0  │ 100  │  0  │    0     │ Infinity │ 344.8 │ 8748.3 │  0  │      │ -83100  │ -49860000 │  -135600  │   -80360000   │ 83100  │ 49860000 │ 9.5  │
│   28    │ 0.6 │ 0.6 │ 0.6 │ 0.6 │      │         │  263700   │ 108100  │ 64860000 │ 159220000 │ 1671807300000 │ '2022-12-23T14:55:00.000Z' │  0  │ 100  │  0  │    0     │ Infinity │ 344.8 │ 8748.3 │  0  │      │ -108100 │ -64860000 │  -243700  │  -145220000   │ 108100 │ 64860000 │ 12.4 │
└─────────┴─────┴─────┴─────┴─────┴──────┴─────────┴───────────┴─────────┴──────────┴───────────┴───────────────┴────────────────────────────┴─────┴──────┴─────┴──────────┴──────────┴───────┴────────┴─────┴──────┴─────────┴───────────┴───────────┴───────────────┴────────┴──────────┴──────┘

