┌─────────┬──────┬──────┬──────┬──────┬──────┬───────────┬───────────┬─────────┬───────────┬────────────┬───────────────┬────────────────────────────┬──────┬──────┬─────┬──────────┬──────────┬───────┬──────┬─────┬─────┬───────┬───────────┬───────────┬───────────────┬──────┬──────────┬──────┐
│ (index) │  c   │  h   │  l   │  o   │  bu  │  val_bu   │ total_vol │ sum_vol │    val    │  acum_val  │   datetime    │            date            │ pbu  │ psd  │ puk │    bs    │    sb    │  abu  │ asd  │ auk │ rbu │ bu-sd │ bu-sd_val │ acum_busd │ acum_busd_val │  sd  │  val_sd  │ rsd  │
├─────────┼──────┼──────┼──────┼──────┼──────┼───────────┼───────────┼─────────┼───────────┼────────────┼───────────────┼────────────────────────────┼──────┼──────┼─────┼──────────┼──────────┼───────┼──────┼─────┼─────┼───────┼───────────┼───────────┼───────────────┼──────┼──────────┼──────┤
│    0    │ 60.8 │ 60.8 │ 60.8 │ 60.8 │ 100  │  6080000  │    100    │   100   │  6080000  │  6080000   │ 1671788520000 │ '2022-12-23T09:42:00.000Z' │ 100  │  0   │  0  │ Infinity │    0     │ 287.1 │ 53.2 │  0  │ 0.3 │  100  │  6080000  │    100    │    6080000    │      │          │      │
│    1    │ 60.8 │ 60.8 │ 60.8 │ 60.8 │ 100  │  6080000  │    200    │   100   │  6080000  │  12160000  │ 1671790200000 │ '2022-12-23T10:10:00.000Z' │ 100  │  0   │  0  │ Infinity │    0     │ 287.1 │ 53.2 │  0  │ 0.3 │  100  │  6080000  │    200    │   12160000    │      │          │      │
│    2    │ 60.8 │ 60.8 │ 60.8 │ 60.8 │ 100  │  6080000  │    300    │   100   │  6080000  │  18240000  │ 1671790320000 │ '2022-12-23T10:12:00.000Z' │ 100  │  0   │  0  │ Infinity │    0     │ 287.1 │ 53.2 │  0  │ 0.3 │  100  │  6080000  │    300    │   18240000    │      │          │      │
│    3    │ 60.8 │ 60.8 │ 60.8 │ 60.8 │ 100  │  6080000  │    400    │   100   │  6080000  │  24320000  │ 1671790440000 │ '2022-12-23T10:14:00.000Z' │ 100  │  0   │  0  │ Infinity │    0     │ 287.1 │ 53.2 │  0  │ 0.3 │  100  │  6080000  │    400    │   24320000    │      │          │      │
│    4    │ 60.8 │ 60.8 │ 60.8 │ 60.8 │ 400  │ 24320000  │    800    │   400   │ 24320000  │  48640000  │ 1671790560000 │ '2022-12-23T10:16:00.000Z' │ 100  │  0   │  0  │ Infinity │    0     │ 287.1 │ 53.2 │  0  │ 1.4 │  400  │ 24320000  │    800    │   48640000    │      │          │      │
│    5    │ 60.8 │ 60.8 │ 60.8 │ 60.8 │ 100  │  6080000  │    900    │   100   │  6080000  │  54720000  │ 1671790680000 │ '2022-12-23T10:18:00.000Z' │ 100  │  0   │  0  │ Infinity │    0     │ 287.1 │ 53.2 │  0  │ 0.3 │  100  │  6080000  │    900    │   54720000    │      │          │      │
│    6    │ 60.8 │ 60.8 │ 60.8 │ 60.8 │ 100  │  6080000  │   1000    │   100   │  6080000  │  60800000  │ 1671790800000 │ '2022-12-23T10:20:00.000Z' │ 100  │  0   │  0  │ Infinity │    0     │ 287.1 │ 53.2 │  0  │ 0.3 │  100  │  6080000  │   1000    │   60800000    │      │          │      │
│    7    │ 60.7 │ 60.7 │ 60.7 │ 60.7 │ 100  │  6070000  │   1100    │   100   │  6070000  │  66870000  │ 1671790920000 │ '2022-12-23T10:22:00.000Z' │ 100  │  0   │  0  │ Infinity │    0     │ 287.1 │ 53.2 │  0  │ 0.3 │  100  │  6070000  │   1100    │   66870000    │      │          │      │
│    8    │ 60.7 │ 60.7 │ 60.7 │ 60.7 │ 100  │  6070000  │   1200    │   100   │  6070000  │  72940000  │ 1671791040000 │ '2022-12-23T10:24:00.000Z' │ 100  │  0   │  0  │ Infinity │    0     │ 287.1 │ 53.2 │  0  │ 0.3 │  100  │  6070000  │   1200    │   72940000    │      │          │      │
│    9    │ 60.7 │ 60.7 │ 60.7 │ 60.7 │ 100  │  6070000  │   1300    │   100   │  6070000  │  79010000  │ 1671791160000 │ '2022-12-23T10:26:00.000Z' │ 100  │  0   │  0  │ Infinity │    0     │ 287.1 │ 53.2 │  0  │ 0.3 │  100  │  6070000  │   1300    │   79010000    │      │          │      │
│   10    │ 60.7 │ 60.7 │ 60.7 │ 60.7 │ 100  │  6070000  │   1400    │   100   │  6070000  │  85080000  │ 1671791280000 │ '2022-12-23T10:28:00.000Z' │ 100  │  0   │  0  │ Infinity │    0     │ 287.1 │ 53.2 │  0  │ 0.3 │  100  │  6070000  │   1400    │   85080000    │      │          │      │
│   11    │ 60.7 │ 60.7 │ 60.7 │ 60.7 │ 200  │ 12140000  │   1600    │   200   │ 12140000  │  97220000  │ 1671791400000 │ '2022-12-23T10:30:00.000Z' │ 100  │  0   │  0  │ Infinity │    0     │ 287.1 │ 53.2 │  0  │ 0.7 │  200  │ 12140000  │   1600    │   97220000    │      │          │      │
│   12    │ 60.6 │ 60.6 │ 60.6 │ 60.6 │ 100  │  6060000  │   1700    │   100   │  6060000  │ 103280000  │ 1671791520000 │ '2022-12-23T10:32:00.000Z' │ 100  │  0   │  0  │ Infinity │    0     │ 287.1 │ 53.2 │  0  │ 0.3 │  100  │  6060000  │   1700    │   103280000   │      │          │      │
│   13    │ 60.6 │ 60.6 │ 60.6 │ 60.6 │ 100  │  6060000  │   1800    │   100   │  6060000  │ 109340000  │ 1671791640000 │ '2022-12-23T10:34:00.000Z' │ 100  │  0   │  0  │ Infinity │    0     │ 287.1 │ 53.2 │  0  │ 0.3 │  100  │  6060000  │   1800    │   109340000   │      │          │      │
│   14    │ 60.6 │ 60.6 │ 60.6 │ 60.6 │ 100  │  6060000  │   1900    │   100   │  6060000  │ 115400000  │ 1671791760000 │ '2022-12-23T10:36:00.000Z' │ 100  │  0   │  0  │ Infinity │    0     │ 287.1 │ 53.2 │  0  │ 0.3 │  100  │  6060000  │   1900    │   115400000   │      │          │      │
│   15    │ 60.6 │ 60.6 │ 60.6 │ 60.6 │ 100  │  6060000  │   2000    │   100   │  6060000  │ 121460000  │ 1671791880000 │ '2022-12-23T10:38:00.000Z' │ 100  │  0   │  0  │ Infinity │    0     │ 287.1 │ 53.2 │  0  │ 0.3 │  100  │  6060000  │   2000    │   121460000   │      │          │      │
│   16    │ 60.6 │ 60.6 │ 60.6 │ 60.6 │ 100  │  6060000  │   2100    │   100   │  6060000  │ 127520000  │ 1671792000000 │ '2022-12-23T10:40:00.000Z' │ 100  │  0   │  0  │ Infinity │    0     │ 287.1 │ 53.2 │  0  │ 0.3 │  100  │  6060000  │   2100    │   127520000   │      │          │      │
│   17    │ 60.6 │ 60.6 │ 60.6 │ 60.6 │ 200  │ 12120000  │   2300    │   200   │ 12120000  │ 139640000  │ 1671792120000 │ '2022-12-23T10:42:00.000Z' │ 100  │  0   │  0  │ Infinity │    0     │ 287.1 │ 53.2 │  0  │ 0.7 │  200  │ 12120000  │   2300    │   139640000   │      │          │      │
│   18    │ 60.5 │ 60.5 │ 60.5 │ 60.5 │ 100  │  6050000  │   2400    │   100   │  6050000  │ 145690000  │ 1671792240000 │ '2022-12-23T10:44:00.000Z' │ 100  │  0   │  0  │ Infinity │    0     │ 287.1 │ 53.2 │  0  │ 0.3 │  100  │  6050000  │   2400    │   145690000   │      │          │      │
│   19    │ 60.5 │ 60.5 │ 60.5 │ 60.5 │ 100  │  6050000  │   2500    │   100   │  6050000  │ 151740000  │ 1671792360000 │ '2022-12-23T10:46:00.000Z' │ 100  │  0   │  0  │ Infinity │    0     │ 287.1 │ 53.2 │  0  │ 0.3 │  100  │  6050000  │   2500    │   151740000   │      │          │      │
│   20    │ 60.5 │ 60.5 │ 60.5 │ 60.5 │ 100  │  6050000  │   2600    │   100   │  6050000  │ 157790000  │ 1671792480000 │ '2022-12-23T10:48:00.000Z' │ 100  │  0   │  0  │ Infinity │    0     │ 287.1 │ 53.2 │  0  │ 0.3 │  100  │  6050000  │   2600    │   157790000   │      │          │      │
├─────────┼──────┼──────┼──────┼──────┼──────┼───────────┼───────────┼─────────┼───────────┼────────────┼───────────────┼────────────────────────────┼──────┼──────┼─────┼──────────┼──────────┼───────┼──────┼─────┼─────┼───────┼───────────┼───────────┼───────────────┼──────┼──────────┼──────┤
│ (index) │  c   │  h   │  l   │  o   │  bu  │  val_bu   │ total_vol │ sum_vol │    val    │  acum_val  │   datetime    │            date            │ pbu  │ psd  │ puk │    bs    │    sb    │  abu  │ asd  │ auk │ rbu │ bu-sd │ bu-sd_val │ acum_busd │ acum_busd_val │  sd  │  val_sd  │ rsd  │
├─────────┼──────┼──────┼──────┼──────┼──────┼───────────┼───────────┼─────────┼───────────┼────────────┼───────────────┼────────────────────────────┼──────┼──────┼─────┼──────────┼──────────┼───────┼──────┼─────┼─────┼───────┼───────────┼───────────┼───────────────┼──────┼──────────┼──────┤
│   21    │ 60.4 │ 60.4 │ 60.4 │ 60.4 │ 100  │  6040000  │   2700    │   100   │  6040000  │ 163830000  │ 1671792600000 │ '2022-12-23T10:50:00.000Z' │ 100  │  0   │  0  │ Infinity │    0     │ 287.1 │ 53.2 │  0  │ 0.3 │  100  │  6040000  │   2700    │   163830000   │      │          │      │
│   22    │ 60.4 │ 60.4 │ 60.4 │ 60.4 │      │           │   2800    │   100   │  6040000  │ 169870000  │ 1671792720000 │ '2022-12-23T10:52:00.000Z' │  0   │ 100  │  0  │    0     │ Infinity │ 287.1 │ 53.2 │  0  │     │ -100  │ -6040000  │   2600    │   157790000   │ 100  │ 6040000  │ 1.9  │
│   23    │ 60.4 │ 60.4 │ 60.4 │ 60.4 │      │           │   2900    │   100   │  6040000  │ 175910000  │ 1671792840000 │ '2022-12-23T10:54:00.000Z' │  0   │ 100  │  0  │    0     │ Infinity │ 287.1 │ 53.2 │  0  │     │ -100  │ -6040000  │   2500    │   151750000   │ 100  │ 6040000  │ 1.9  │
│   24    │ 60.4 │ 60.4 │ 60.4 │ 60.4 │ 200  │ 12080000  │   3100    │   200   │ 12080000  │ 187990000  │ 1671792960000 │ '2022-12-23T10:56:00.000Z' │ 100  │  0   │  0  │ Infinity │    0     │ 287.1 │ 53.2 │  0  │ 0.7 │  200  │ 12080000  │   2700    │   163830000   │      │          │      │
│   25    │ 60.3 │ 60.4 │ 60.3 │ 60.4 │ 200  │ 12070000  │   3400    │   300   │ 18110000  │ 206100000  │ 1671793320000 │ '2022-12-23T11:02:00.000Z' │ 66.7 │ 33.3 │  0  │    2     │   0.5    │ 287.1 │ 53.2 │  0  │ 0.7 │  100  │  6030000  │   2800    │   169860000   │ 100  │ 6040000  │ 1.9  │
│   26    │ 60.3 │ 60.3 │ 60.3 │ 60.3 │ 100  │  6030000  │   3500    │   100   │  6030000  │ 212130000  │ 1671793440000 │ '2022-12-23T11:04:00.000Z' │ 100  │  0   │  0  │ Infinity │    0     │ 287.1 │ 53.2 │  0  │ 0.3 │  100  │  6030000  │   2900    │   175890000   │      │          │      │
│   27    │ 60.3 │ 60.3 │ 60.3 │ 60.3 │ 100  │  6030000  │   3600    │   100   │  6030000  │ 218160000  │ 1671793560000 │ '2022-12-23T11:06:00.000Z' │ 100  │  0   │  0  │ Infinity │    0     │ 287.1 │ 53.2 │  0  │ 0.3 │  100  │  6030000  │   3000    │   181920000   │      │          │      │
│   28    │ 60.3 │ 60.3 │ 60.3 │ 60.3 │ 100  │  6030000  │   3700    │   100   │  6030000  │ 224190000  │ 1671793680000 │ '2022-12-23T11:08:00.000Z' │ 100  │  0   │  0  │ Infinity │    0     │ 287.1 │ 53.2 │  0  │ 0.3 │  100  │  6030000  │   3100    │   187950000   │      │          │      │
│   29    │ 60.3 │ 60.3 │ 60.3 │ 60.3 │ 200  │ 12060000  │   3900    │   200   │ 12060000  │ 236250000  │ 1671793800000 │ '2022-12-23T11:10:00.000Z' │ 100  │  0   │  0  │ Infinity │    0     │ 287.1 │ 53.2 │  0  │ 0.7 │  200  │ 12060000  │   3300    │   200010000   │      │          │      │
│   30    │ 60.3 │ 60.3 │ 60.3 │ 60.3 │ 100  │  6030000  │   4000    │   100   │  6030000  │ 242280000  │ 1671793920000 │ '2022-12-23T11:12:00.000Z' │ 100  │  0   │  0  │ Infinity │    0     │ 287.1 │ 53.2 │  0  │ 0.3 │  100  │  6030000  │   3400    │   206040000   │      │          │      │
│   31    │ 60.3 │ 60.3 │ 60.3 │ 60.3 │ 100  │  6030000  │   4100    │   100   │  6030000  │ 248310000  │ 1671794040000 │ '2022-12-23T11:14:00.000Z' │ 100  │  0   │  0  │ Infinity │    0     │ 287.1 │ 53.2 │  0  │ 0.3 │  100  │  6030000  │   3500    │   212070000   │      │          │      │
│   32    │ 60.3 │ 60.3 │ 60.3 │ 60.3 │      │           │   4300    │   200   │ 12060000  │ 260370000  │ 1671794880000 │ '2022-12-23T11:28:00.000Z' │  0   │ 100  │  0  │    0     │ Infinity │ 287.1 │ 53.2 │  0  │     │ -200  │ -12060000 │   3300    │   200010000   │ 200  │ 12060000 │ 3.8  │
│   33    │ 60.3 │ 60.3 │ 60.3 │ 60.3 │ 700  │ 42210000  │   5000    │   700   │ 42210000  │ 302580000  │ 1671800400000 │ '2022-12-23T13:00:00.000Z' │ 100  │  0   │  0  │ Infinity │    0     │ 287.1 │ 53.2 │  0  │ 2.4 │  700  │ 42210000  │   4000    │   242220000   │      │          │      │
│   34    │ 60.3 │ 60.3 │ 60.3 │ 60.3 │ 100  │  6030000  │   5100    │   100   │  6030000  │ 308610000  │ 1671800520000 │ '2022-12-23T13:02:00.000Z' │ 100  │  0   │  0  │ Infinity │    0     │ 287.1 │ 53.2 │  0  │ 0.3 │  100  │  6030000  │   4100    │   248250000   │      │          │      │
│   35    │ 60.3 │ 60.3 │ 60.3 │ 60.3 │ 100  │  6030000  │   5200    │   100   │  6030000  │ 314640000  │ 1671800640000 │ '2022-12-23T13:04:00.000Z' │ 100  │  0   │  0  │ Infinity │    0     │ 287.1 │ 53.2 │  0  │ 0.3 │  100  │  6030000  │   4200    │   254280000   │      │          │      │
│   36    │ 60.3 │ 60.3 │ 60.3 │ 60.3 │ 200  │ 12060000  │   5400    │   200   │ 12060000  │ 326700000  │ 1671800760000 │ '2022-12-23T13:06:00.000Z' │ 100  │  0   │  0  │ Infinity │    0     │ 287.1 │ 53.2 │  0  │ 0.7 │  200  │ 12060000  │   4400    │   266340000   │      │          │      │
│   37    │ 60.3 │ 60.3 │ 60.3 │ 60.3 │ 100  │  6030000  │   5500    │   100   │  6030000  │ 332730000  │ 1671800880000 │ '2022-12-23T13:08:00.000Z' │ 100  │  0   │  0  │ Infinity │    0     │ 287.1 │ 53.2 │  0  │ 0.3 │  100  │  6030000  │   4500    │   272370000   │      │          │      │
│   38    │ 60.3 │ 60.3 │ 60.3 │ 60.3 │ 100  │  6030000  │   5600    │   100   │  6030000  │ 338760000  │ 1671801000000 │ '2022-12-23T13:10:00.000Z' │ 100  │  0   │  0  │ Infinity │    0     │ 287.1 │ 53.2 │  0  │ 0.3 │  100  │  6030000  │   4600    │   278400000   │      │          │      │
│   39    │ 60.3 │ 60.3 │ 60.3 │ 60.3 │ 100  │  6030000  │   5700    │   100   │  6030000  │ 344790000  │ 1671801120000 │ '2022-12-23T13:12:00.000Z' │ 100  │  0   │  0  │ Infinity │    0     │ 287.1 │ 53.2 │  0  │ 0.3 │  100  │  6030000  │   4700    │   284430000   │      │          │      │
│   40    │ 60.3 │ 60.3 │ 60.3 │ 60.3 │ 100  │  6030000  │   5800    │   100   │  6030000  │ 350820000  │ 1671801240000 │ '2022-12-23T13:14:00.000Z' │ 100  │  0   │  0  │ Infinity │    0     │ 287.1 │ 53.2 │  0  │ 0.3 │  100  │  6030000  │   4800    │   290460000   │      │          │      │
├─────────┼──────┼──────┼──────┼──────┼──────┼───────────┼───────────┼─────────┼───────────┼────────────┼───────────────┼────────────────────────────┼──────┼──────┼─────┼──────────┼──────────┼───────┼──────┼─────┼─────┼───────┼───────────┼───────────┼───────────────┼──────┼──────────┼──────┤
│ (index) │  c   │  h   │  l   │  o   │  bu  │  val_bu   │ total_vol │ sum_vol │    val    │  acum_val  │   datetime    │            date            │ pbu  │ psd  │ puk │    bs    │    sb    │  abu  │ asd  │ auk │ rbu │ bu-sd │ bu-sd_val │ acum_busd │ acum_busd_val │  sd  │  val_sd  │ rsd  │
├─────────┼──────┼──────┼──────┼──────┼──────┼───────────┼───────────┼─────────┼───────────┼────────────┼───────────────┼────────────────────────────┼──────┼──────┼─────┼──────────┼──────────┼───────┼──────┼─────┼─────┼───────┼───────────┼───────────┼───────────────┼──────┼──────────┼──────┤
│   41    │ 60.3 │ 60.3 │ 60.3 │ 60.3 │ 100  │  6030000  │   5900    │   100   │  6030000  │ 356850000  │ 1671801360000 │ '2022-12-23T13:16:00.000Z' │ 100  │  0   │  0  │ Infinity │    0     │ 287.1 │ 53.2 │  0  │ 0.3 │  100  │  6030000  │   4900    │   296490000   │      │          │      │
│   42    │ 60.3 │ 60.3 │ 60.3 │ 60.3 │ 200  │ 12060000  │   6100    │   200   │ 12060000  │ 368910000  │ 1671801480000 │ '2022-12-23T13:18:00.000Z' │ 100  │  0   │  0  │ Infinity │    0     │ 287.1 │ 53.2 │  0  │ 0.7 │  200  │ 12060000  │   5100    │   308550000   │      │          │      │
│   43    │ 60.2 │ 60.2 │ 60.2 │ 60.2 │ 100  │  6020000  │   6200    │   100   │  6020000  │ 374930000  │ 1671801600000 │ '2022-12-23T13:20:00.000Z' │ 100  │  0   │  0  │ Infinity │    0     │ 287.1 │ 53.2 │  0  │ 0.3 │  100  │  6020000  │   5200    │   314570000   │      │          │      │
│   44    │ 60.2 │ 60.2 │  60  │  60  │ 1700 │ 84298000  │   7900    │  1700   │ 84298000  │ 459228000  │ 1671801720000 │ '2022-12-23T13:22:00.000Z' │ 100  │  0   │  0  │ Infinity │    0     │ 287.1 │ 53.2 │  0  │ 5.9 │ 1700  │ 84298000  │   6900    │   398868000   │      │          │      │
│   45    │ 60.2 │ 60.2 │ 60.2 │ 60.2 │      │           │   8500    │   600   │ 36120000  │ 495348000  │ 1671801960000 │ '2022-12-23T13:26:00.000Z' │  0   │ 100  │  0  │    0     │ Infinity │ 287.1 │ 53.2 │  0  │     │ -600  │ -36120000 │   6300    │   362748000   │ 600  │ 36120000 │ 11.3 │
│   46    │ 60.2 │ 60.2 │ 60.2 │ 60.2 │ 100  │  6020000  │   8600    │   100   │  6020000  │ 501368000  │ 1671802080000 │ '2022-12-23T13:28:00.000Z' │ 100  │  0   │  0  │ Infinity │    0     │ 287.1 │ 53.2 │  0  │ 0.3 │  100  │  6020000  │   6400    │   368768000   │      │          │      │
│   47    │ 60.2 │ 60.2 │ 60.2 │ 60.2 │ 200  │ 12040000  │   8800    │   200   │ 12040000  │ 513408000  │ 1671802200000 │ '2022-12-23T13:30:00.000Z' │ 100  │  0   │  0  │ Infinity │    0     │ 287.1 │ 53.2 │  0  │ 0.7 │  200  │ 12040000  │   6600    │   380808000   │      │          │      │
│   48    │ 60.2 │ 60.2 │ 60.2 │ 60.2 │ 200  │ 12040000  │   9000    │   200   │ 12040000  │ 525448000  │ 1671802320000 │ '2022-12-23T13:32:00.000Z' │ 100  │  0   │  0  │ Infinity │    0     │ 287.1 │ 53.2 │  0  │ 0.7 │  200  │ 12040000  │   6800    │   392848000   │      │          │      │
│   49    │ 60.2 │ 60.2 │ 60.2 │ 60.2 │ 100  │  6020000  │   9100    │   100   │  6020000  │ 531468000  │ 1671802440000 │ '2022-12-23T13:34:00.000Z' │ 100  │  0   │  0  │ Infinity │    0     │ 287.1 │ 53.2 │  0  │ 0.3 │  100  │  6020000  │   6900    │   398868000   │      │          │      │
│   50    │ 60.2 │ 60.2 │ 60.2 │ 60.2 │ 100  │  6020000  │   9200    │   100   │  6020000  │ 537488000  │ 1671802560000 │ '2022-12-23T13:36:00.000Z' │ 100  │  0   │  0  │ Infinity │    0     │ 287.1 │ 53.2 │  0  │ 0.3 │  100  │  6020000  │   7000    │   404888000   │      │          │      │
│   51    │ 60.2 │ 60.2 │ 60.2 │ 60.2 │ 2100 │ 126420000 │   11300   │  2100   │ 126420000 │ 663908000  │ 1671802680000 │ '2022-12-23T13:38:00.000Z' │ 100  │  0   │  0  │ Infinity │    0     │ 287.1 │ 53.2 │  0  │ 7.3 │ 2100  │ 126420000 │   9100    │   531308000   │      │          │      │
│   52    │ 60.3 │ 60.3 │ 60.3 │ 60.3 │ 1000 │ 60300000  │   12300   │  1000   │ 60300000  │ 724208000  │ 1671802800000 │ '2022-12-23T13:40:00.000Z' │ 100  │  0   │  0  │ Infinity │    0     │ 287.1 │ 53.2 │  0  │ 3.5 │ 1000  │ 60300000  │   10100   │   591608000   │      │          │      │
│   53    │ 60.4 │ 60.4 │ 60.4 │ 60.4 │ 1000 │ 60400000  │   13300   │  1000   │ 60400000  │ 784608000  │ 1671803640000 │ '2022-12-23T13:54:00.000Z' │ 100  │  0   │  0  │ Infinity │    0     │ 287.1 │ 53.2 │  0  │ 3.5 │ 1000  │ 60400000  │   11100   │   652008000   │      │          │      │
│   54    │ 60.4 │ 60.4 │ 60.4 │ 60.4 │ 1200 │ 72480000  │   15300   │  2000   │ 120800000 │ 905408000  │ 1671804240000 │ '2022-12-23T14:04:00.000Z' │  60  │  40  │  0  │   1.5    │   0.7    │ 287.1 │ 53.2 │  0  │ 4.2 │  400  │ 24160000  │   11500   │   676168000   │ 800  │ 48320000 │  15  │
│   55    │ 60.4 │ 60.4 │ 60.4 │ 60.4 │      │           │   15400   │   100   │  6040000  │ 911448000  │ 1671804360000 │ '2022-12-23T14:06:00.000Z' │  0   │ 100  │  0  │    0     │ Infinity │ 287.1 │ 53.2 │  0  │     │ -100  │ -6040000  │   11400   │   670128000   │ 100  │ 6040000  │ 1.9  │
│   56    │ 60.5 │ 60.5 │ 60.4 │ 60.4 │ 1900 │ 114940000 │   17300   │  1900   │ 114940000 │ 1026388000 │ 1671804480000 │ '2022-12-23T14:08:00.000Z' │ 100  │  0   │  0  │ Infinity │    0     │ 287.1 │ 53.2 │  0  │ 6.6 │ 1900  │ 114940000 │   13300   │   785068000   │      │          │      │
│   57    │ 60.5 │ 60.5 │ 60.5 │ 60.5 │ 200  │ 12100000  │   17500   │   200   │ 12100000  │ 1038488000 │ 1671804600000 │ '2022-12-23T14:10:00.000Z' │ 100  │  0   │  0  │ Infinity │    0     │ 287.1 │ 53.2 │  0  │ 0.7 │  200  │ 12100000  │   13500   │   797168000   │      │          │      │
│   58    │ 60.5 │ 60.5 │ 60.5 │ 60.5 │ 100  │  6050000  │   17600   │   100   │  6050000  │ 1044538000 │ 1671804720000 │ '2022-12-23T14:12:00.000Z' │ 100  │  0   │  0  │ Infinity │    0     │ 287.1 │ 53.2 │  0  │ 0.3 │  100  │  6050000  │   13600   │   803218000   │      │          │      │
│   59    │ 60.3 │ 60.5 │ 60.3 │ 60.5 │ 100  │  6050000  │   18900   │  1300   │ 78410000  │ 1122948000 │ 1671804840000 │ '2022-12-23T14:14:00.000Z' │ 7.7  │ 92.3 │  0  │   0.1    │    12    │ 287.1 │ 53.2 │  0  │ 0.3 │ -1100 │ -66310000 │   12500   │   736908000   │ 1200 │ 72360000 │ 22.6 │
│   60    │ 60.7 │ 60.7 │ 60.3 │ 60.3 │ 1500 │ 90870000  │   20500   │  1600   │ 96900000  │ 1219848000 │ 1671805560000 │ '2022-12-23T14:26:00.000Z' │ 93.8 │ 6.3  │  0  │    15    │   0.1    │ 287.1 │ 53.2 │  0  │ 5.2 │ 1400  │ 84840000  │   13900   │   821748000   │ 100  │ 6030000  │ 1.9  │
├─────────┼──────┼──────┼──────┼──────┼──────┼───────────┼───────────┼─────────┼───────────┼────────────┼───────────────┼────────────────────────────┼──────┼──────┼─────┼──────────┼──────────┼───────┼──────┼─────┼─────┼───────┼───────────┼───────────┼───────────────┼──────┼──────────┼──────┤
│ (index) │  c   │  h   │  l   │  o   │  bu  │  val_bu   │ total_vol │ sum_vol │    val    │  acum_val  │   datetime    │            date            │ pbu  │ psd  │ puk │    bs    │    sb    │  abu  │ asd  │ auk │ rbu │ bu-sd │ bu-sd_val │ acum_busd │ acum_busd_val │  sd  │  val_sd  │ rsd  │
├─────────┼──────┼──────┼──────┼──────┼──────┼───────────┼───────────┼─────────┼───────────┼────────────┼───────────────┼────────────────────────────┼──────┼──────┼─────┼──────────┼──────────┼───────┼──────┼─────┼─────┼───────┼───────────┼───────────┼───────────────┼──────┼──────────┼──────┤
│   61    │ 60.6 │ 60.6 │ 60.6 │ 60.6 │ 600  │ 36360000  │   21100   │   600   │ 36360000  │ 1256208000 │ 1671806640000 │ '2022-12-23T14:44:00.000Z' │ 100  │  0   │  0  │ Infinity │    0     │ 287.1 │ 53.2 │  0  │ 2.1 │  600  │ 36360000  │   14500   │   858108000   │      │          │      │
└─────────┴──────┴──────┴──────┴──────┴──────┴───────────┴───────────┴─────────┴───────────┴────────────┴───────────────┴────────────────────────────┴──────┴──────┴─────┴──────────┴──────────┴───────┴──────┴─────┴─────┴───────┴───────────┴───────────┴───────────────┴──────┴──────────┴──────┘

