┌─────────┬───────┬───────┬───────┬───────┬──────┬──────────┬───────────┬─────────┬──────────┬───────────┬───────────────┬────────────────────────────┬──────┬──────┬─────┬──────────┬──────────┬───────┬───────┬─────┬─────┬───────┬───────────┬───────────┬───────────────┬──────┬──────────┬─────┐
│ (index) │   c   │   h   │   l   │   o   │  sd  │  val_sd  │ total_vol │ sum_vol │   val    │ acum_val  │   datetime    │            date            │ pbu  │ psd  │ puk │    bs    │    sb    │  abu  │  asd  │ auk │ rsd │ bu-sd │ bu-sd_val │ acum_busd │ acum_busd_val │  bu  │  val_bu  │ rbu │
├─────────┼───────┼───────┼───────┼───────┼──────┼──────────┼───────────┼─────────┼──────────┼───────────┼───────────────┼────────────────────────────┼──────┼──────┼─────┼──────────┼──────────┼───────┼───────┼─────┼─────┼───────┼───────────┼───────────┼───────────────┼──────┼──────────┼─────┤
│    0    │ 26.55 │ 26.55 │ 26.55 │ 26.55 │ 100  │ 2655000  │    100    │   100   │ 2655000  │  2655000  │ 1671791400000 │ '2022-12-23T10:30:00.000Z' │  0   │ 100  │  0  │    0     │ Infinity │ 494.1 │ 194.1 │  0  │ 0.5 │ -100  │ -2655000  │   -100    │   -2655000    │      │          │     │
│    1    │ 26.55 │ 26.55 │ 26.55 │ 26.55 │ 600  │ 15930000 │    700    │   600   │ 15930000 │ 18585000  │ 1671800760000 │ '2022-12-23T13:06:00.000Z' │  0   │ 100  │  0  │    0     │ Infinity │ 494.1 │ 194.1 │  0  │ 3.1 │ -600  │ -15930000 │   -700    │   -18585000   │      │          │     │
│    2    │ 26.55 │ 26.55 │ 26.55 │ 26.55 │ 500  │ 13275000 │   1200    │   500   │ 13275000 │ 31860000  │ 1671801240000 │ '2022-12-23T13:14:00.000Z' │  0   │ 100  │  0  │    0     │ Infinity │ 494.1 │ 194.1 │  0  │ 2.6 │ -500  │ -13275000 │   -1200   │   -31860000   │      │          │     │
│    3    │ 26.55 │ 26.55 │ 26.55 │ 26.55 │      │          │   2700    │  1500   │ 39825000 │ 71685000  │ 1671801360000 │ '2022-12-23T13:16:00.000Z' │ 100  │  0   │  0  │ Infinity │    0     │ 494.1 │ 194.1 │  0  │     │ 1500  │ 39825000  │    300    │    7965000    │ 1500 │ 39825000 │  3  │
│    4    │ 26.55 │ 26.55 │ 26.55 │ 26.55 │ 500  │ 13275000 │   3200    │   500   │ 13275000 │ 84960000  │ 1671801480000 │ '2022-12-23T13:18:00.000Z' │  0   │ 100  │  0  │    0     │ Infinity │ 494.1 │ 194.1 │  0  │ 2.6 │ -500  │ -13275000 │   -200    │   -5310000    │      │          │     │
│    5    │ 26.55 │ 26.55 │ 26.55 │ 26.55 │ 100  │ 2655000  │   3300    │   100   │ 2655000  │ 87615000  │ 1671803520000 │ '2022-12-23T13:52:00.000Z' │  0   │ 100  │  0  │    0     │ Infinity │ 494.1 │ 194.1 │  0  │ 0.5 │ -100  │ -2655000  │   -300    │   -7965000    │      │          │     │
│    6    │ 26.55 │ 26.55 │ 26.55 │ 26.55 │      │          │   3400    │   100   │ 2655000  │ 90270000  │ 1671803760000 │ '2022-12-23T13:56:00.000Z' │ 100  │  0   │  0  │ Infinity │    0     │ 494.1 │ 194.1 │  0  │     │  100  │  2655000  │   -200    │   -5310000    │ 100  │ 2655000  │ 0.2 │
│    7    │ 26.55 │ 26.55 │ 26.55 │ 26.55 │ 100  │ 2655000  │   4300    │   900   │ 23895000 │ 114165000 │ 1671803880000 │ '2022-12-23T13:58:00.000Z' │ 88.9 │ 11.1 │  0  │    8     │   0.1    │ 494.1 │ 194.1 │  0  │ 0.5 │  700  │ 18585000  │    500    │   13275000    │ 800  │ 21240000 │ 1.6 │
│    8    │ 26.55 │ 26.55 │ 26.55 │ 26.55 │      │          │   5200    │   900   │ 23895000 │ 138060000 │ 1671804000000 │ '2022-12-23T14:00:00.000Z' │ 100  │  0   │  0  │ Infinity │    0     │ 494.1 │ 194.1 │  0  │     │  900  │ 23895000  │   1400    │   37170000    │ 900  │ 23895000 │ 1.8 │
│    9    │ 26.55 │ 26.55 │ 26.55 │ 26.55 │ 100  │ 2655000  │   5300    │   100   │ 2655000  │ 140715000 │ 1671804240000 │ '2022-12-23T14:04:00.000Z' │  0   │ 100  │  0  │    0     │ Infinity │ 494.1 │ 194.1 │  0  │ 0.5 │ -100  │ -2655000  │   1300    │   34515000    │      │          │     │
│   10    │ 26.55 │ 26.55 │ 26.55 │ 26.55 │      │          │   7700    │  2400   │ 63720000 │ 204435000 │ 1671804480000 │ '2022-12-23T14:08:00.000Z' │ 100  │  0   │  0  │ Infinity │    0     │ 494.1 │ 194.1 │  0  │     │ 2400  │ 63720000  │   3700    │   98235000    │ 2400 │ 63720000 │ 4.9 │
│   11    │ 26.55 │ 26.55 │ 26.55 │ 26.55 │ 100  │ 2655000  │   7800    │   100   │ 2655000  │ 207090000 │ 1671804600000 │ '2022-12-23T14:10:00.000Z' │  0   │ 100  │  0  │    0     │ Infinity │ 494.1 │ 194.1 │  0  │ 0.5 │ -100  │ -2655000  │   3600    │   95580000    │      │          │     │
│   12    │ 26.55 │ 26.55 │ 26.55 │ 26.55 │      │          │   9200    │  1400   │ 37170000 │ 244260000 │ 1671804840000 │ '2022-12-23T14:14:00.000Z' │ 100  │  0   │  0  │ Infinity │    0     │ 494.1 │ 194.1 │  0  │     │ 1400  │ 37170000  │   5000    │   132750000   │ 1400 │ 37170000 │ 2.8 │
│   13    │ 26.55 │ 26.55 │ 26.55 │ 26.55 │ 100  │ 2655000  │   9300    │   100   │ 2655000  │ 246915000 │ 1671805080000 │ '2022-12-23T14:18:00.000Z' │  0   │ 100  │  0  │    0     │ Infinity │ 494.1 │ 194.1 │  0  │ 0.5 │ -100  │ -2655000  │   4900    │   130095000   │      │          │     │
│   14    │ 26.55 │ 26.55 │ 26.55 │ 26.55 │      │          │   9700    │   400   │ 10620000 │ 257535000 │ 1671805200000 │ '2022-12-23T14:20:00.000Z' │ 100  │  0   │  0  │ Infinity │    0     │ 494.1 │ 194.1 │  0  │     │  400  │ 10620000  │   5300    │   140715000   │ 400  │ 10620000 │ 0.8 │
│   15    │ 26.55 │ 26.55 │ 26.55 │ 26.55 │ 100  │ 2655000  │   10700   │  1000   │ 26550000 │ 284085000 │ 1671805320000 │ '2022-12-23T14:22:00.000Z' │  90  │  10  │  0  │    9     │   0.1    │ 494.1 │ 194.1 │  0  │ 0.5 │  800  │ 21240000  │   6100    │   161955000   │ 900  │ 23895000 │ 1.8 │
│   16    │ 28.2  │ 28.2  │ 28.2  │ 28.2  │ 1000 │ 28200000 │   11700   │  1000   │ 28200000 │ 312285000 │ 1671806640000 │ '2022-12-23T14:44:00.000Z' │  0   │ 100  │  0  │    0     │ Infinity │ 494.1 │ 194.1 │  0  │ 5.2 │ -1000 │ -28200000 │   5100    │   133755000   │      │          │     │
└─────────┴───────┴───────┴───────┴───────┴──────┴──────────┴───────────┴─────────┴──────────┴───────────┴───────────────┴────────────────────────────┴──────┴──────┴─────┴──────────┴──────────┴───────┴───────┴─────┴─────┴───────┴───────────┴───────────┴───────────────┴──────┴──────────┴─────┘

