┌─────────┬─────┬─────┬─────┬─────┬──────┬──────────┬───────────┬─────────┬──────────┬──────────┬───────────────┬────────────────────────────┬──────┬──────┬─────┬──────────┬──────────┬───────┬───────┬─────┬─────┬───────┬───────────┬───────────┬───────────────┬──────┬──────────┬──────┐
│ (index) │  c  │  h  │  l  │  o  │  bu  │  val_bu  │ total_vol │ sum_vol │   val    │ acum_val │   datetime    │            date            │ pbu  │ psd  │ puk │    bs    │    sb    │  abu  │  asd  │ auk │ rbu │ bu-sd │ bu-sd_val │ acum_busd │ acum_busd_val │  sd  │  val_sd  │ rsd  │
├─────────┼─────┼─────┼─────┼─────┼──────┼──────────┼───────────┼─────────┼──────────┼──────────┼───────────────┼────────────────────────────┼──────┼──────┼─────┼──────────┼──────────┼───────┼───────┼─────┼─────┼───────┼───────────┼───────────┼───────────────┼──────┼──────────┼──────┤
│    0    │  2  │  2  │  2  │  2  │ 100  │  200000  │    100    │   100   │  200000  │  200000  │ 1671786360000 │ '2022-12-23T09:06:00.000Z' │ 100  │  0   │  0  │ Infinity │    0     │ 814.7 │ 605.9 │  0  │ 0.1 │  100  │  200000   │    100    │    200000     │      │          │      │
│    1    │  2  │  2  │  2  │  2  │ 700  │ 1400000  │    800    │   700   │ 1400000  │ 1600000  │ 1671786480000 │ '2022-12-23T09:08:00.000Z' │ 100  │  0   │  0  │ Infinity │    0     │ 814.7 │ 605.9 │  0  │ 0.9 │  700  │  1400000  │    800    │    1600000    │      │          │      │
│    2    │  2  │  2  │  2  │  2  │ 100  │  200000  │   4600    │  3800   │ 7600000  │ 9200000  │ 1671786600000 │ '2022-12-23T09:10:00.000Z' │ 2.6  │ 97.4 │  0  │    0     │    37    │ 814.7 │ 605.9 │  0  │ 0.1 │ -3600 │ -7200000  │   -2800   │   -5600000    │ 3700 │ 7400000  │ 6.1  │
│    3    │  2  │  2  │  2  │  2  │ 500  │ 1000000  │   5100    │   500   │ 1000000  │ 10200000 │ 1671787320000 │ '2022-12-23T09:22:00.000Z' │ 100  │  0   │  0  │ Infinity │    0     │ 814.7 │ 605.9 │  0  │ 0.6 │  500  │  1000000  │   -2300   │   -4600000    │      │          │      │
│    4    │  2  │  2  │  2  │  2  │ 200  │  400000  │   5300    │   200   │  400000  │ 10600000 │ 1671787680000 │ '2022-12-23T09:28:00.000Z' │ 100  │  0   │  0  │ Infinity │    0     │ 814.7 │ 605.9 │  0  │ 0.2 │  200  │  400000   │   -2100   │   -4200000    │      │          │      │
│    5    │ 1.9 │ 1.9 │ 1.9 │ 1.9 │      │          │   5900    │   600   │ 1140000  │ 11740000 │ 1671787800000 │ '2022-12-23T09:30:00.000Z' │  0   │ 100  │  0  │    0     │ Infinity │ 814.7 │ 605.9 │  0  │     │ -600  │ -1140000  │   -2700   │   -5340000    │ 600  │ 1140000  │  1   │
│    6    │ 1.9 │ 1.9 │ 1.9 │ 1.9 │      │          │   6900    │  1000   │ 1900000  │ 13640000 │ 1671788160000 │ '2022-12-23T09:36:00.000Z' │  0   │ 100  │  0  │    0     │ Infinity │ 814.7 │ 605.9 │  0  │     │ -1000 │ -1900000  │   -3700   │   -7240000    │ 1000 │ 1900000  │ 1.7  │
│    7    │  2  │  2  │  2  │  2  │ 5800 │ 11600000 │   12700   │  5800   │ 11600000 │ 25240000 │ 1671788280000 │ '2022-12-23T09:38:00.000Z' │ 100  │  0   │  0  │ Infinity │    0     │ 814.7 │ 605.9 │  0  │ 7.1 │ 5800  │ 11600000  │   2100    │    4360000    │      │          │      │
│    8    │  2  │  2  │  2  │  2  │      │          │   13100   │   400   │  800000  │ 26040000 │ 1671788400000 │ '2022-12-23T09:40:00.000Z' │  0   │ 100  │  0  │    0     │ Infinity │ 814.7 │ 605.9 │  0  │     │ -400  │  -800000  │   1700    │    3560000    │ 400  │  800000  │ 0.7  │
│    9    │ 1.9 │ 1.9 │ 1.9 │ 1.9 │      │          │   14900   │  1800   │ 3420000  │ 29460000 │ 1671788880000 │ '2022-12-23T09:48:00.000Z' │  0   │ 100  │  0  │    0     │ Infinity │ 814.7 │ 605.9 │  0  │     │ -1800 │ -3420000  │   -100    │    140000     │ 1800 │ 3420000  │  3   │
│   10    │  2  │  2  │  2  │  2  │ 300  │  600000  │   15200   │   300   │  600000  │ 30060000 │ 1671789480000 │ '2022-12-23T09:58:00.000Z' │ 100  │  0   │  0  │ Infinity │    0     │ 814.7 │ 605.9 │  0  │ 0.4 │  300  │  600000   │    200    │    740000     │      │          │      │
│   11    │  2  │  2  │  2  │  2  │ 1000 │ 2000000  │   16200   │  1000   │ 2000000  │ 32060000 │ 1671789840000 │ '2022-12-23T10:04:00.000Z' │ 100  │  0   │  0  │ Infinity │    0     │ 814.7 │ 605.9 │  0  │ 1.2 │ 1000  │  2000000  │   1200    │    2740000    │      │          │      │
│   12    │  2  │  2  │  2  │  2  │ 100  │  200000  │   16300   │   100   │  200000  │ 32260000 │ 1671790080000 │ '2022-12-23T10:08:00.000Z' │ 100  │  0   │  0  │ Infinity │    0     │ 814.7 │ 605.9 │  0  │ 0.1 │  100  │  200000   │   1300    │    2940000    │      │          │      │
│   13    │  2  │  2  │  2  │  2  │ 500  │ 1000000  │   16800   │   500   │ 1000000  │ 33260000 │ 1671790200000 │ '2022-12-23T10:10:00.000Z' │ 100  │  0   │  0  │ Infinity │    0     │ 814.7 │ 605.9 │  0  │ 0.6 │  500  │  1000000  │   1800    │    3940000    │      │          │      │
│   14    │  2  │  2  │  2  │  2  │ 1000 │ 2000000  │   17800   │  1000   │ 2000000  │ 35260000 │ 1671790320000 │ '2022-12-23T10:12:00.000Z' │ 100  │  0   │  0  │ Infinity │    0     │ 814.7 │ 605.9 │  0  │ 1.2 │ 1000  │  2000000  │   2800    │    5940000    │      │          │      │
│   15    │  2  │  2  │  2  │  2  │ 1000 │ 2000000  │   26300   │  8500   │ 17000000 │ 52260000 │ 1671790920000 │ '2022-12-23T10:22:00.000Z' │ 11.8 │ 88.2 │  0  │   0.1    │   7.5    │ 814.7 │ 605.9 │  0  │ 1.2 │ -6500 │ -13000000 │   -3700   │   -7060000    │ 7500 │ 15000000 │ 12.4 │
│   16    │  2  │  2  │  2  │  2  │ 300  │  600000  │   26600   │   300   │  600000  │ 52860000 │ 1671791400000 │ '2022-12-23T10:30:00.000Z' │ 100  │  0   │  0  │ Infinity │    0     │ 814.7 │ 605.9 │  0  │ 0.4 │  300  │  600000   │   -3400   │   -6460000    │      │          │      │
│   17    │ 2.1 │ 2.1 │  2  │  2  │ 3800 │ 7610000  │   30400   │  3800   │ 7610000  │ 60470000 │ 1671791520000 │ '2022-12-23T10:32:00.000Z' │ 100  │  0   │  0  │ Infinity │    0     │ 814.7 │ 605.9 │  0  │ 4.7 │ 3800  │  7610000  │    400    │    1150000    │      │          │      │
│   18    │  2  │  2  │  2  │  2  │ 300  │  600000  │   30700   │   300   │  600000  │ 61070000 │ 1671800400000 │ '2022-12-23T13:00:00.000Z' │ 100  │  0   │  0  │ Infinity │    0     │ 814.7 │ 605.9 │  0  │ 0.4 │  300  │  600000   │    700    │    1750000    │      │          │      │
│   19    │  2  │  2  │  2  │  2  │ 200  │  400000  │   30900   │   200   │  400000  │ 61470000 │ 1671800520000 │ '2022-12-23T13:02:00.000Z' │ 100  │  0   │  0  │ Infinity │    0     │ 814.7 │ 605.9 │  0  │ 0.2 │  200  │  400000   │    900    │    2150000    │      │          │      │
│   20    │  2  │  2  │  2  │  2  │ 500  │ 1000000  │   31400   │   500   │ 1000000  │ 62470000 │ 1671801120000 │ '2022-12-23T13:12:00.000Z' │ 100  │  0   │  0  │ Infinity │    0     │ 814.7 │ 605.9 │  0  │ 0.6 │  500  │  1000000  │   1400    │    3150000    │      │          │      │
├─────────┼─────┼─────┼─────┼─────┼──────┼──────────┼───────────┼─────────┼──────────┼──────────┼───────────────┼────────────────────────────┼──────┼──────┼─────┼──────────┼──────────┼───────┼───────┼─────┼─────┼───────┼───────────┼───────────┼───────────────┼──────┼──────────┼──────┤
│ (index) │  c  │  h  │  l  │  o  │  bu  │  val_bu  │ total_vol │ sum_vol │   val    │ acum_val │   datetime    │            date            │ pbu  │ psd  │ puk │    bs    │    sb    │  abu  │  asd  │ auk │ rbu │ bu-sd │ bu-sd_val │ acum_busd │ acum_busd_val │  sd  │  val_sd  │ rsd  │
├─────────┼─────┼─────┼─────┼─────┼──────┼──────────┼───────────┼─────────┼──────────┼──────────┼───────────────┼────────────────────────────┼──────┼──────┼─────┼──────────┼──────────┼───────┼───────┼─────┼─────┼───────┼───────────┼───────────┼───────────────┼──────┼──────────┼──────┤
│   21    │  2  │  2  │  2  │  2  │      │          │   31700   │   300   │  600000  │ 63070000 │ 1671801240000 │ '2022-12-23T13:14:00.000Z' │  0   │ 100  │  0  │    0     │ Infinity │ 814.7 │ 605.9 │  0  │     │ -300  │  -600000  │   1100    │    2550000    │ 300  │  600000  │ 0.5  │
│   22    │  2  │  2  │  2  │  2  │ 1000 │ 2000000  │   32700   │  1000   │ 2000000  │ 65070000 │ 1671801480000 │ '2022-12-23T13:18:00.000Z' │ 100  │  0   │  0  │ Infinity │    0     │ 814.7 │ 605.9 │  0  │ 1.2 │ 1000  │  2000000  │   2100    │    4550000    │      │          │      │
│   23    │  2  │  2  │  2  │  2  │      │          │   33700   │  1000   │ 2000000  │ 67070000 │ 1671801600000 │ '2022-12-23T13:20:00.000Z' │  0   │ 100  │  0  │    0     │ Infinity │ 814.7 │ 605.9 │  0  │     │ -1000 │ -2000000  │   1100    │    2550000    │ 1000 │ 2000000  │ 1.7  │
│   24    │  2  │  2  │  2  │  2  │      │          │   34200   │   500   │ 1000000  │ 68070000 │ 1671801840000 │ '2022-12-23T13:24:00.000Z' │  0   │ 100  │  0  │    0     │ Infinity │ 814.7 │ 605.9 │  0  │     │ -500  │ -1000000  │    600    │    1550000    │ 500  │ 1000000  │ 0.8  │
│   25    │  2  │  2  │  2  │  2  │      │          │   34700   │   500   │ 1000000  │ 69070000 │ 1671802200000 │ '2022-12-23T13:30:00.000Z' │  0   │ 100  │  0  │    0     │ Infinity │ 814.7 │ 605.9 │  0  │     │ -500  │ -1000000  │    100    │    550000     │ 500  │ 1000000  │ 0.8  │
│   26    │  2  │  2  │  2  │  2  │      │          │   37900   │  3200   │ 6400000  │ 75470000 │ 1671802800000 │ '2022-12-23T13:40:00.000Z' │  0   │ 100  │  0  │    0     │ Infinity │ 814.7 │ 605.9 │  0  │     │ -3200 │ -6400000  │   -3100   │   -5850000    │ 3200 │ 6400000  │ 5.3  │
│   27    │  2  │  2  │  2  │  2  │ 100  │  200000  │   38000   │   100   │  200000  │ 75670000 │ 1671804120000 │ '2022-12-23T14:02:00.000Z' │ 100  │  0   │  0  │ Infinity │    0     │ 814.7 │ 605.9 │  0  │ 0.1 │  100  │  200000   │   -3000   │   -5650000    │      │          │      │
│   28    │  2  │  2  │  2  │  2  │ 100  │  200000  │   38100   │   100   │  200000  │ 75870000 │ 1671804360000 │ '2022-12-23T14:06:00.000Z' │ 100  │  0   │  0  │ Infinity │    0     │ 814.7 │ 605.9 │  0  │ 0.1 │  100  │  200000   │   -2900   │   -5450000    │      │          │      │
│   29    │  2  │  2  │  2  │  2  │ 800  │ 1600000  │   38900   │   800   │ 1600000  │ 77470000 │ 1671804480000 │ '2022-12-23T14:08:00.000Z' │ 100  │  0   │  0  │ Infinity │    0     │ 814.7 │ 605.9 │  0  │  1  │  800  │  1600000  │   -2100   │   -3850000    │      │          │      │
│   30    │  2  │  2  │  2  │  2  │ 200  │  400000  │   39100   │   200   │  400000  │ 77870000 │ 1671804720000 │ '2022-12-23T14:12:00.000Z' │ 100  │  0   │  0  │ Infinity │    0     │ 814.7 │ 605.9 │  0  │ 0.2 │  200  │  400000   │   -1900   │   -3450000    │      │          │      │
│   31    │  2  │  2  │  2  │  2  │ 4000 │ 8000000  │   43100   │  4000   │ 8000000  │ 85870000 │ 1671805320000 │ '2022-12-23T14:22:00.000Z' │ 100  │  0   │  0  │ Infinity │    0     │ 814.7 │ 605.9 │  0  │ 4.9 │ 4000  │  8000000  │   2100    │    4550000    │      │          │      │
│   32    │  2  │  2  │ 1.9 │ 1.9 │ 500  │ 1000000  │   43700   │   600   │ 1190000  │ 87060000 │ 1671805440000 │ '2022-12-23T14:24:00.000Z' │ 83.3 │ 16.7 │  0  │    5     │   0.2    │ 814.7 │ 605.9 │  0  │ 0.6 │  400  │  810000   │   2500    │    5360000    │ 100  │  190000  │ 0.2  │
│   33    │  2  │  2  │  2  │  2  │ 4600 │ 9200000  │   48300   │  4600   │ 9200000  │ 96260000 │ 1671805560000 │ '2022-12-23T14:26:00.000Z' │ 100  │  0   │  0  │ Infinity │    0     │ 814.7 │ 605.9 │  0  │ 5.6 │ 4600  │  9200000  │   7100    │   14560000    │      │          │      │
└─────────┴─────┴─────┴─────┴─────┴──────┴──────────┴───────────┴─────────┴──────────┴──────────┴───────────────┴────────────────────────────┴──────┴──────┴─────┴──────────┴──────────┴───────┴───────┴─────┴─────┴───────┴───────────┴───────────┴───────────────┴──────┴──────────┴──────┘

