┌─────────┬──────┬──────┬──────┬──────┬──────┬─────────┬───────────┬─────────┬──────────┬───────────┬───────────────┬────────────────────────────┬──────┬──────┬─────┬──────────┬──────────┬───────┬──────┬─────┬─────┬────────┬───────────┬───────────┬───────────────┬───────┬──────────┬──────┐
│ (index) │  c   │  h   │  l   │  o   │  bu  │ val_bu  │ total_vol │ sum_vol │   val    │ acum_val  │   datetime    │            date            │ pbu  │ psd  │ puk │    bs    │    sb    │  abu  │ asd  │ auk │ rbu │ bu-sd  │ bu-sd_val │ acum_busd │ acum_busd_val │  sd   │  val_sd  │ rsd  │
├─────────┼──────┼──────┼──────┼──────┼──────┼─────────┼───────────┼─────────┼──────────┼───────────┼───────────────┼────────────────────────────┼──────┼──────┼─────┼──────────┼──────────┼───────┼──────┼─────┼─────┼────────┼───────────┼───────────┼───────────────┼───────┼──────────┼──────┤
│    0    │ 3.65 │ 3.65 │ 3.65 │ 3.65 │ 100  │ 365000  │    100    │   100   │  365000  │  365000   │ 1671786960000 │ '2022-12-23T09:16:00.000Z' │ 100  │  0   │  0  │ Infinity │    0     │ 312.5 │ 1850 │  0  │ 0.3 │  100   │  365000   │    100    │    365000     │       │          │      │
│    1    │ 3.65 │ 3.65 │ 3.65 │ 3.65 │ 300  │ 1095000 │    400    │   300   │ 1095000  │  1460000  │ 1671787200000 │ '2022-12-23T09:20:00.000Z' │ 100  │  0   │  0  │ Infinity │    0     │ 312.5 │ 1850 │  0  │  1  │  300   │  1095000  │    400    │    1460000    │       │          │      │
│    2    │ 3.65 │ 3.65 │ 3.65 │ 3.65 │      │         │    900    │   500   │ 1825000  │  3285000  │ 1671787800000 │ '2022-12-23T09:30:00.000Z' │  0   │ 100  │  0  │    0     │ Infinity │ 312.5 │ 1850 │  0  │     │  -500  │ -1825000  │   -100    │    -365000    │  500  │ 1825000  │ 0.3  │
│    3    │ 3.65 │ 3.65 │ 3.65 │ 3.65 │ 100  │ 365000  │   1000    │   100   │  365000  │  3650000  │ 1671788040000 │ '2022-12-23T09:34:00.000Z' │ 100  │  0   │  0  │ Infinity │    0     │ 312.5 │ 1850 │  0  │ 0.3 │  100   │  365000   │     0     │       0       │       │          │      │
│    4    │ 3.68 │ 3.68 │ 3.68 │ 3.68 │ 100  │ 368000  │   1100    │   100   │  368000  │  4018000  │ 1671788160000 │ '2022-12-23T09:36:00.000Z' │ 100  │  0   │  0  │ Infinity │    0     │ 312.5 │ 1850 │  0  │ 0.3 │  100   │  368000   │    100    │    368000     │       │          │      │
│    5    │ 3.65 │ 3.65 │ 3.65 │ 3.65 │ 2200 │ 8030000 │   3300    │  2200   │ 8030000  │ 12048000  │ 1671788760000 │ '2022-12-23T09:46:00.000Z' │ 100  │  0   │  0  │ Infinity │    0     │ 312.5 │ 1850 │  0  │  7  │  2200  │  8030000  │   2300    │    8398000    │       │          │      │
│    6    │ 3.6  │ 3.6  │ 3.6  │ 3.6  │      │         │   4800    │  1500   │ 5400000  │ 17448000  │ 1671789600000 │ '2022-12-23T10:00:00.000Z' │  0   │ 100  │  0  │    0     │ Infinity │ 312.5 │ 1850 │  0  │     │ -1500  │ -5400000  │    800    │    2998000    │ 1500  │ 5400000  │ 0.8  │
│    7    │ 3.6  │ 3.6  │ 3.6  │ 3.6  │ 2200 │ 7920000 │   7000    │  2200   │ 7920000  │ 25368000  │ 1671789720000 │ '2022-12-23T10:02:00.000Z' │ 100  │  0   │  0  │ Infinity │    0     │ 312.5 │ 1850 │  0  │  7  │  2200  │  7920000  │   3000    │   10918000    │       │          │      │
│    8    │ 3.6  │ 3.6  │ 3.6  │ 3.6  │ 100  │ 360000  │   7100    │   100   │  360000  │ 25728000  │ 1671789840000 │ '2022-12-23T10:04:00.000Z' │ 100  │  0   │  0  │ Infinity │    0     │ 312.5 │ 1850 │  0  │ 0.3 │  100   │  360000   │   3100    │   11278000    │       │          │      │
│    9    │ 3.56 │ 3.56 │ 3.56 │ 3.56 │ 700  │ 2492000 │   7800    │   700   │ 2492000  │ 28220000  │ 1671791520000 │ '2022-12-23T10:32:00.000Z' │ 100  │  0   │  0  │ Infinity │    0     │ 312.5 │ 1850 │  0  │ 2.2 │  700   │  2492000  │   3800    │   13770000    │       │          │      │
│   10    │ 3.55 │ 3.55 │ 3.55 │ 3.55 │      │         │   8000    │   200   │  710000  │ 28930000  │ 1671791880000 │ '2022-12-23T10:38:00.000Z' │  0   │ 100  │  0  │    0     │ Infinity │ 312.5 │ 1850 │  0  │     │  -200  │  -710000  │   3600    │   13060000    │  200  │  710000  │ 0.1  │
│   11    │ 3.55 │ 3.55 │ 3.55 │ 3.55 │ 100  │ 355000  │   8100    │   100   │  355000  │ 29285000  │ 1671792120000 │ '2022-12-23T10:42:00.000Z' │ 100  │  0   │  0  │ Infinity │    0     │ 312.5 │ 1850 │  0  │ 0.3 │  100   │  355000   │   3700    │   13415000    │       │          │      │
│   12    │ 3.55 │ 3.55 │ 3.55 │ 3.55 │ 1300 │ 4615000 │   9400    │  1300   │ 4615000  │ 33900000  │ 1671792240000 │ '2022-12-23T10:44:00.000Z' │ 100  │  0   │  0  │ Infinity │    0     │ 312.5 │ 1850 │  0  │ 4.2 │  1300  │  4615000  │   5000    │   18030000    │       │          │      │
│   13    │ 3.55 │ 3.55 │ 3.53 │ 3.53 │ 200  │ 710000  │   10100   │   700   │ 2475000  │ 36375000  │ 1671792600000 │ '2022-12-23T10:50:00.000Z' │ 28.6 │ 71.4 │  0  │   0.4    │   2.5    │ 312.5 │ 1850 │  0  │ 0.6 │  -300  │ -1055000  │   4700    │   16975000    │  500  │ 1765000  │ 0.3  │
│   14    │ 3.55 │ 3.55 │ 3.55 │ 3.55 │ 200  │ 710000  │   10300   │   200   │  710000  │ 37085000  │ 1671793680000 │ '2022-12-23T11:08:00.000Z' │ 100  │  0   │  0  │ Infinity │    0     │ 312.5 │ 1850 │  0  │ 0.6 │  200   │  710000   │   4900    │   17685000    │       │          │      │
│   15    │ 3.55 │ 3.55 │ 3.55 │ 3.55 │ 600  │ 2130000 │   10900   │   600   │ 2130000  │ 39215000  │ 1671793800000 │ '2022-12-23T11:10:00.000Z' │ 100  │  0   │  0  │ Infinity │    0     │ 312.5 │ 1850 │  0  │ 1.9 │  600   │  2130000  │   5500    │   19815000    │       │          │      │
│   16    │ 3.51 │ 3.53 │ 3.51 │ 3.53 │      │         │   35500   │  24600  │ 86371000 │ 125586000 │ 1671793920000 │ '2022-12-23T11:12:00.000Z' │  0   │ 100  │  0  │    0     │ Infinity │ 312.5 │ 1850 │  0  │     │ -24600 │ -86371000 │  -19100   │   -66556000   │ 24600 │ 86371000 │ 13.3 │
│   17    │ 3.51 │ 3.51 │ 3.51 │ 3.51 │ 400  │ 1404000 │   35900   │   400   │ 1404000  │ 126990000 │ 1671794040000 │ '2022-12-23T11:14:00.000Z' │ 100  │  0   │  0  │ Infinity │    0     │ 312.5 │ 1850 │  0  │ 1.3 │  400   │  1404000  │  -18700   │   -65152000   │       │          │      │
│   18    │ 3.55 │ 3.55 │ 3.55 │ 3.55 │ 100  │ 355000  │   36000   │   100   │  355000  │ 127345000 │ 1671794160000 │ '2022-12-23T11:16:00.000Z' │ 100  │  0   │  0  │ Infinity │    0     │ 312.5 │ 1850 │  0  │ 0.3 │  100   │  355000   │  -18600   │   -64797000   │       │          │      │
│   19    │ 3.55 │ 3.55 │ 3.55 │ 3.55 │ 100  │ 355000  │   36100   │   100   │  355000  │ 127700000 │ 1671794280000 │ '2022-12-23T11:18:00.000Z' │ 100  │  0   │  0  │ Infinity │    0     │ 312.5 │ 1850 │  0  │ 0.3 │  100   │  355000   │  -18500   │   -64442000   │       │          │      │
│   20    │ 3.55 │ 3.55 │ 3.55 │ 3.55 │ 200  │ 710000  │   36300   │   200   │  710000  │ 128410000 │ 1671794880000 │ '2022-12-23T11:28:00.000Z' │ 100  │  0   │  0  │ Infinity │    0     │ 312.5 │ 1850 │  0  │ 0.6 │  200   │  710000   │  -18300   │   -63732000   │       │          │      │
├─────────┼──────┼──────┼──────┼──────┼──────┼─────────┼───────────┼─────────┼──────────┼───────────┼───────────────┼────────────────────────────┼──────┼──────┼─────┼──────────┼──────────┼───────┼──────┼─────┼─────┼────────┼───────────┼───────────┼───────────────┼───────┼──────────┼──────┤
│ (index) │  c   │  h   │  l   │  o   │  bu  │ val_bu  │ total_vol │ sum_vol │   val    │ acum_val  │   datetime    │            date            │ pbu  │ psd  │ puk │    bs    │    sb    │  abu  │ asd  │ auk │ rbu │ bu-sd  │ bu-sd_val │ acum_busd │ acum_busd_val │  sd   │  val_sd  │ rsd  │
├─────────┼──────┼──────┼──────┼──────┼──────┼─────────┼───────────┼─────────┼──────────┼───────────┼───────────────┼────────────────────────────┼──────┼──────┼─────┼──────────┼──────────┼───────┼──────┼─────┼─────┼────────┼───────────┼───────────┼───────────────┼───────┼──────────┼──────┤
│   21    │ 3.52 │ 3.52 │ 3.52 │ 3.52 │      │         │   40700   │  4400   │ 15488000 │ 143898000 │ 1671802200000 │ '2022-12-23T13:30:00.000Z' │  0   │ 100  │  0  │    0     │ Infinity │ 312.5 │ 1850 │  0  │     │ -4400  │ -15488000 │  -22700   │   -79220000   │ 4400  │ 15488000 │ 2.4  │
│   22    │ 3.5  │ 3.51 │ 3.5  │ 3.51 │      │         │   46700   │  6000   │ 21047000 │ 164945000 │ 1671802320000 │ '2022-12-23T13:32:00.000Z' │  0   │ 100  │  0  │    0     │ Infinity │ 312.5 │ 1850 │  0  │     │ -6000  │ -21047000 │  -28700   │  -100267000   │ 6000  │ 21047000 │ 3.2  │
│   23    │ 3.52 │ 3.52 │ 3.52 │ 3.52 │ 600  │ 2112000 │   47300   │   600   │ 2112000  │ 167057000 │ 1671802440000 │ '2022-12-23T13:34:00.000Z' │ 100  │  0   │  0  │ Infinity │    0     │ 312.5 │ 1850 │  0  │ 1.9 │  600   │  2112000  │  -28100   │   -98155000   │       │          │      │
│   24    │ 3.5  │ 3.51 │ 3.5  │ 3.51 │      │         │   57300   │  10000  │ 35024000 │ 202081000 │ 1671802560000 │ '2022-12-23T13:36:00.000Z' │  0   │ 100  │  0  │    0     │ Infinity │ 312.5 │ 1850 │  0  │     │ -10000 │ -35024000 │  -38100   │  -133179000   │ 10000 │ 35024000 │ 5.4  │
│   25    │ 3.51 │ 3.51 │ 3.5  │ 3.51 │ 200  │ 702000  │   60900   │  3600   │ 12610000 │ 214691000 │ 1671804000000 │ '2022-12-23T14:00:00.000Z' │ 5.6  │ 94.4 │  0  │   0.1    │    17    │ 312.5 │ 1850 │  0  │ 0.6 │ -3200  │ -11206000 │  -41300   │  -144385000   │ 3400  │ 11908000 │ 1.8  │
│   26    │ 3.55 │ 3.55 │ 3.55 │ 3.55 │ 100  │ 355000  │   61000   │   100   │  355000  │ 215046000 │ 1671804600000 │ '2022-12-23T14:10:00.000Z' │ 100  │  0   │  0  │ Infinity │    0     │ 312.5 │ 1850 │  0  │ 0.3 │  100   │  355000   │  -41200   │  -144030000   │       │          │      │
│   27    │ 3.51 │ 3.55 │ 3.51 │ 3.51 │ 100  │ 355000  │   62800   │  1800   │ 6322000  │ 221368000 │ 1671804720000 │ '2022-12-23T14:12:00.000Z' │ 5.6  │ 94.4 │  0  │   0.1    │    17    │ 312.5 │ 1850 │  0  │ 0.3 │ -1600  │ -5612000  │  -42800   │  -149642000   │ 1700  │ 5967000  │ 0.9  │
│   28    │ 3.5  │ 3.5  │ 3.5  │ 3.5  │      │         │   68500   │  5700   │ 19950000 │ 241318000 │ 1671804840000 │ '2022-12-23T14:14:00.000Z' │  0   │ 100  │  0  │    0     │ Infinity │ 312.5 │ 1850 │  0  │     │ -5700  │ -19950000 │  -48500   │  -169592000   │ 5700  │ 19950000 │ 3.1  │
│   29    │ 3.51 │ 3.51 │ 3.51 │ 3.51 │      │         │   68800   │   300   │ 1053000  │ 242371000 │ 1671805560000 │ '2022-12-23T14:26:00.000Z' │  0   │ 100  │  0  │    0     │ Infinity │ 312.5 │ 1850 │  0  │     │  -300  │ -1053000  │  -48800   │  -170645000   │  300  │ 1053000  │ 0.2  │
│   30    │ 3.5  │ 3.5  │ 3.5  │ 3.5  │      │         │   69000   │   200   │  700000  │ 243071000 │ 1671805680000 │ '2022-12-23T14:28:00.000Z' │  0   │ 100  │  0  │    0     │ Infinity │ 312.5 │ 1850 │  0  │     │  -200  │  -700000  │  -49000   │  -171345000   │  200  │  700000  │ 0.1  │
│   31    │ 3.55 │ 3.55 │ 3.55 │ 3.55 │      │         │   69200   │   200   │  710000  │ 243781000 │ 1671806640000 │ '2022-12-23T14:44:00.000Z' │  0   │ 100  │  0  │    0     │ Infinity │ 312.5 │ 1850 │  0  │     │  -200  │  -710000  │  -49200   │  -172055000   │  200  │  710000  │ 0.1  │
└─────────┴──────┴──────┴──────┴──────┴──────┴─────────┴───────────┴─────────┴──────────┴───────────┴───────────────┴────────────────────────────┴──────┴──────┴─────┴──────────┴──────────┴───────┴──────┴─────┴─────┴────────┴───────────┴───────────┴───────────────┴───────┴──────────┴──────┘

