┌─────────┬───┬───┬───┬───┬───────┬───────────┬───────────┬─────────┬───────────┬───────────┬───────────────┬────────────────────────────┬─────┬─────┬─────┬──────────┬─────┬────────┬─────┬───────┬──────┬───────┬───────────┬───────────┬───────────────┬──────┬──────────┬─────┐
│ (index) │ c │ h │ l │ o │  bu   │  val_bu   │ total_vol │ sum_vol │    val    │ acum_val  │   datetime    │            date            │ pbu │ psd │ puk │    bs    │ sb  │  abu   │ asd │  auk  │ rbu  │ bu-sd │ bu-sd_val │ acum_busd │ acum_busd_val │  uk  │  val_uk  │ ruk │
├─────────┼───┼───┼───┼───┼───────┼───────────┼───────────┼─────────┼───────────┼───────────┼───────────────┼────────────────────────────┼─────┼─────┼─────┼──────────┼─────┼────────┼─────┼───────┼──────┼───────┼───────────┼───────────┼───────────────┼──────┼──────────┼─────┤
│    0    │ 3 │ 3 │ 3 │ 3 │ 87700 │ 263100000 │   87700   │  87700  │ 263100000 │ 263100000 │ 1671786900000 │ '2022-12-23T09:15:00.000Z' │ 100 │  0  │  0  │ Infinity │  0  │ 5241.5 │  0  │ 107.3 │ 16.7 │ 87700 │ 263100000 │   87700   │   263100000   │      │          │     │
│    1    │ 3 │ 3 │ 3 │ 3 │  700  │  2100000  │   88400   │   700   │  2100000  │ 265200000 │ 1671787200000 │ '2022-12-23T09:20:00.000Z' │ 100 │  0  │  0  │ Infinity │  0  │ 5241.5 │  0  │ 107.3 │ 0.1  │  700  │  2100000  │   88400   │   265200000   │      │          │     │
│    2    │ 3 │ 3 │ 3 │ 3 │ 3300  │  9900000  │   91700   │  3300   │  9900000  │ 275100000 │ 1671787500000 │ '2022-12-23T09:25:00.000Z' │ 100 │  0  │  0  │ Infinity │  0  │ 5241.5 │  0  │ 107.3 │ 0.6  │ 3300  │  9900000  │   91700   │   275100000   │      │          │     │
│    3    │ 3 │ 3 │ 3 │ 3 │ 29200 │ 87600000  │  120900   │  29200  │ 87600000  │ 362700000 │ 1671787800000 │ '2022-12-23T09:30:00.000Z' │ 100 │  0  │  0  │ Infinity │  0  │ 5241.5 │  0  │ 107.3 │ 5.6  │ 29200 │ 87600000  │  120900   │   362700000   │      │          │     │
│    4    │ 3 │ 3 │ 3 │ 3 │ 18300 │ 54900000  │  139200   │  18300  │ 54900000  │ 417600000 │ 1671788100000 │ '2022-12-23T09:35:00.000Z' │ 100 │  0  │  0  │ Infinity │  0  │ 5241.5 │  0  │ 107.3 │ 3.5  │ 18300 │ 54900000  │  139200   │   417600000   │      │          │     │
│    5    │ 3 │ 3 │ 3 │ 3 │ 2500  │  7500000  │  141700   │  2500   │  7500000  │ 425100000 │ 1671788400000 │ '2022-12-23T09:40:00.000Z' │ 100 │  0  │  0  │ Infinity │  0  │ 5241.5 │  0  │ 107.3 │ 0.5  │ 2500  │  7500000  │  141700   │   425100000   │      │          │     │
│    6    │ 3 │ 3 │ 3 │ 3 │ 6800  │ 20400000  │  148500   │  6800   │ 20400000  │ 445500000 │ 1671788700000 │ '2022-12-23T09:45:00.000Z' │ 100 │  0  │  0  │ Infinity │  0  │ 5241.5 │  0  │ 107.3 │ 1.3  │ 6800  │ 20400000  │  148500   │   445500000   │      │          │     │
│    7    │ 3 │ 3 │ 3 │ 3 │ 12000 │ 36000000  │  160500   │  12000  │ 36000000  │ 481500000 │ 1671789000000 │ '2022-12-23T09:50:00.000Z' │ 100 │  0  │  0  │ Infinity │  0  │ 5241.5 │  0  │ 107.3 │ 2.3  │ 12000 │ 36000000  │  160500   │   481500000   │      │          │     │
│    8    │ 3 │ 3 │ 3 │ 3 │ 2000  │  6000000  │  162500   │  2000   │  6000000  │ 487500000 │ 1671789300000 │ '2022-12-23T09:55:00.000Z' │ 100 │  0  │  0  │ Infinity │  0  │ 5241.5 │  0  │ 107.3 │ 0.4  │ 2000  │  6000000  │  162500   │   487500000   │      │          │     │
│    9    │ 3 │ 3 │ 3 │ 3 │ 2300  │  6900000  │  164800   │  2300   │  6900000  │ 494400000 │ 1671789600000 │ '2022-12-23T10:00:00.000Z' │ 100 │  0  │  0  │ Infinity │  0  │ 5241.5 │  0  │ 107.3 │ 0.4  │ 2300  │  6900000  │  164800   │   494400000   │      │          │     │
│   10    │ 3 │ 3 │ 3 │ 3 │ 1700  │  5100000  │  166500   │  1700   │  5100000  │ 499500000 │ 1671790200000 │ '2022-12-23T10:10:00.000Z' │ 100 │  0  │  0  │ Infinity │  0  │ 5241.5 │  0  │ 107.3 │ 0.3  │ 1700  │  5100000  │  166500   │   499500000   │      │          │     │
│   11    │ 3 │ 3 │ 3 │ 3 │ 1300  │  3900000  │  167800   │  1300   │  3900000  │ 503400000 │ 1671790500000 │ '2022-12-23T10:15:00.000Z' │ 100 │  0  │  0  │ Infinity │  0  │ 5241.5 │  0  │ 107.3 │ 0.2  │ 1300  │  3900000  │  167800   │   503400000   │      │          │     │
│   12    │ 3 │ 3 │ 3 │ 3 │ 1900  │  5700000  │  169700   │  1900   │  5700000  │ 509100000 │ 1671790800000 │ '2022-12-23T10:20:00.000Z' │ 100 │  0  │  0  │ Infinity │  0  │ 5241.5 │  0  │ 107.3 │ 0.4  │ 1900  │  5700000  │  169700   │   509100000   │      │          │     │
│   13    │ 3 │ 3 │ 3 │ 3 │  100  │  300000   │  169800   │   100   │  300000   │ 509400000 │ 1671791100000 │ '2022-12-23T10:25:00.000Z' │ 100 │  0  │  0  │ Infinity │  0  │ 5241.5 │  0  │ 107.3 │  0   │  100  │  300000   │  169800   │   509400000   │      │          │     │
│   14    │ 3 │ 3 │ 3 │ 3 │ 10400 │ 31200000  │  180200   │  10400  │ 31200000  │ 540600000 │ 1671791400000 │ '2022-12-23T10:30:00.000Z' │ 100 │  0  │  0  │ Infinity │  0  │ 5241.5 │  0  │ 107.3 │  2   │ 10400 │ 31200000  │  180200   │   540600000   │      │          │     │
│   15    │ 3 │ 3 │ 3 │ 3 │  100  │  300000   │  180300   │   100   │  300000   │ 540900000 │ 1671791700000 │ '2022-12-23T10:35:00.000Z' │ 100 │  0  │  0  │ Infinity │  0  │ 5241.5 │  0  │ 107.3 │  0   │  100  │  300000   │  180300   │   540900000   │      │          │     │
│   16    │ 3 │ 3 │ 3 │ 3 │ 1400  │  4200000  │  181700   │  1400   │  4200000  │ 545100000 │ 1671792000000 │ '2022-12-23T10:40:00.000Z' │ 100 │  0  │  0  │ Infinity │  0  │ 5241.5 │  0  │ 107.3 │ 0.3  │ 1400  │  4200000  │  181700   │   545100000   │      │          │     │
│   17    │ 3 │ 3 │ 3 │ 3 │ 1900  │  5700000  │  183600   │  1900   │  5700000  │ 550800000 │ 1671792300000 │ '2022-12-23T10:45:00.000Z' │ 100 │  0  │  0  │ Infinity │  0  │ 5241.5 │  0  │ 107.3 │ 0.4  │ 1900  │  5700000  │  183600   │   550800000   │      │          │     │
│   18    │ 3 │ 3 │ 3 │ 3 │  400  │  1200000  │  184000   │   400   │  1200000  │ 552000000 │ 1671792600000 │ '2022-12-23T10:50:00.000Z' │ 100 │  0  │  0  │ Infinity │  0  │ 5241.5 │  0  │ 107.3 │ 0.1  │  400  │  1200000  │  184000   │   552000000   │      │          │     │
│   19    │ 3 │ 3 │ 3 │ 3 │  100  │  300000   │  184100   │   100   │  300000   │ 552300000 │ 1671792900000 │ '2022-12-23T10:55:00.000Z' │ 100 │  0  │  0  │ Infinity │  0  │ 5241.5 │  0  │ 107.3 │  0   │  100  │  300000   │  184100   │   552300000   │      │          │     │
│   20    │ 3 │ 3 │ 3 │ 3 │  100  │  300000   │  184200   │   100   │  300000   │ 552600000 │ 1671793200000 │ '2022-12-23T11:00:00.000Z' │ 100 │  0  │  0  │ Infinity │  0  │ 5241.5 │  0  │ 107.3 │  0   │  100  │  300000   │  184200   │   552600000   │      │          │     │
├─────────┼───┼───┼───┼───┼───────┼───────────┼───────────┼─────────┼───────────┼───────────┼───────────────┼────────────────────────────┼─────┼─────┼─────┼──────────┼─────┼────────┼─────┼───────┼──────┼───────┼───────────┼───────────┼───────────────┼──────┼──────────┼─────┤
│ (index) │ c │ h │ l │ o │  bu   │  val_bu   │ total_vol │ sum_vol │    val    │ acum_val  │   datetime    │            date            │ pbu │ psd │ puk │    bs    │ sb  │  abu   │ asd │  auk  │ rbu  │ bu-sd │ bu-sd_val │ acum_busd │ acum_busd_val │  uk  │  val_uk  │ ruk │
├─────────┼───┼───┼───┼───┼───────┼───────────┼───────────┼─────────┼───────────┼───────────┼───────────────┼────────────────────────────┼─────┼─────┼─────┼──────────┼─────┼────────┼─────┼───────┼──────┼───────┼───────────┼───────────┼───────────────┼──────┼──────────┼─────┤
│   21    │ 3 │ 3 │ 3 │ 3 │  200  │  600000   │  184400   │   200   │  600000   │ 553200000 │ 1671793500000 │ '2022-12-23T11:05:00.000Z' │ 100 │  0  │  0  │ Infinity │  0  │ 5241.5 │  0  │ 107.3 │  0   │  200  │  600000   │  184400   │   553200000   │      │          │     │
│   22    │ 3 │ 3 │ 3 │ 3 │ 1400  │  4200000  │  185800   │  1400   │  4200000  │ 557400000 │ 1671793800000 │ '2022-12-23T11:10:00.000Z' │ 100 │  0  │  0  │ Infinity │  0  │ 5241.5 │  0  │ 107.3 │ 0.3  │ 1400  │  4200000  │  185800   │   557400000   │      │          │     │
│   23    │ 3 │ 3 │ 3 │ 3 │  300  │  900000   │  186100   │   300   │  900000   │ 558300000 │ 1671794100000 │ '2022-12-23T11:15:00.000Z' │ 100 │  0  │  0  │ Infinity │  0  │ 5241.5 │  0  │ 107.3 │ 0.1  │  300  │  900000   │  186100   │   558300000   │      │          │     │
│   24    │ 3 │ 3 │ 3 │ 3 │ 11700 │ 35100000  │  197800   │  11700  │ 35100000  │ 593400000 │ 1671800400000 │ '2022-12-23T13:00:00.000Z' │ 100 │  0  │  0  │ Infinity │  0  │ 5241.5 │  0  │ 107.3 │ 2.2  │ 11700 │ 35100000  │  197800   │   593400000   │      │          │     │
│   25    │ 3 │ 3 │ 3 │ 3 │  400  │  1200000  │  198200   │   400   │  1200000  │ 594600000 │ 1671800700000 │ '2022-12-23T13:05:00.000Z' │ 100 │  0  │  0  │ Infinity │  0  │ 5241.5 │  0  │ 107.3 │ 0.1  │  400  │  1200000  │  198200   │   594600000   │      │          │     │
│   26    │ 3 │ 3 │ 3 │ 3 │  400  │  1200000  │  198600   │   400   │  1200000  │ 595800000 │ 1671801000000 │ '2022-12-23T13:10:00.000Z' │ 100 │  0  │  0  │ Infinity │  0  │ 5241.5 │  0  │ 107.3 │ 0.1  │  400  │  1200000  │  198600   │   595800000   │      │          │     │
│   27    │ 3 │ 3 │ 3 │ 3 │  300  │  900000   │  198900   │   300   │  900000   │ 596700000 │ 1671801300000 │ '2022-12-23T13:15:00.000Z' │ 100 │  0  │  0  │ Infinity │  0  │ 5241.5 │  0  │ 107.3 │ 0.1  │  300  │  900000   │  198900   │   596700000   │      │          │     │
│   28    │ 3 │ 3 │ 3 │ 3 │  500  │  1500000  │  199400   │   500   │  1500000  │ 598200000 │ 1671801600000 │ '2022-12-23T13:20:00.000Z' │ 100 │  0  │  0  │ Infinity │  0  │ 5241.5 │  0  │ 107.3 │ 0.1  │  500  │  1500000  │  199400   │   598200000   │      │          │     │
│   29    │ 3 │ 3 │ 3 │ 3 │ 1000  │  3000000  │  200400   │  1000   │  3000000  │ 601200000 │ 1671801900000 │ '2022-12-23T13:25:00.000Z' │ 100 │  0  │  0  │ Infinity │  0  │ 5241.5 │  0  │ 107.3 │ 0.2  │ 1000  │  3000000  │  200400   │   601200000   │      │          │     │
│   30    │ 3 │ 3 │ 3 │ 3 │  900  │  2700000  │  201300   │   900   │  2700000  │ 603900000 │ 1671802200000 │ '2022-12-23T13:30:00.000Z' │ 100 │  0  │  0  │ Infinity │  0  │ 5241.5 │  0  │ 107.3 │ 0.2  │  900  │  2700000  │  201300   │   603900000   │      │          │     │
│   31    │ 3 │ 3 │ 3 │ 3 │ 1800  │  5400000  │  203100   │  1800   │  5400000  │ 609300000 │ 1671802500000 │ '2022-12-23T13:35:00.000Z' │ 100 │  0  │  0  │ Infinity │  0  │ 5241.5 │  0  │ 107.3 │ 0.3  │ 1800  │  5400000  │  203100   │   609300000   │      │          │     │
│   32    │ 3 │ 3 │ 3 │ 3 │ 2700  │  8100000  │  205800   │  2700   │  8100000  │ 617400000 │ 1671802800000 │ '2022-12-23T13:40:00.000Z' │ 100 │  0  │  0  │ Infinity │  0  │ 5241.5 │  0  │ 107.3 │ 0.5  │ 2700  │  8100000  │  205800   │   617400000   │      │          │     │
│   33    │ 3 │ 3 │ 3 │ 3 │ 3600  │ 10800000  │  209400   │  3600   │ 10800000  │ 628200000 │ 1671803100000 │ '2022-12-23T13:45:00.000Z' │ 100 │  0  │  0  │ Infinity │  0  │ 5241.5 │  0  │ 107.3 │ 0.7  │ 3600  │ 10800000  │  209400   │   628200000   │      │          │     │
│   34    │ 3 │ 3 │ 3 │ 3 │ 2500  │  7500000  │  211900   │  2500   │  7500000  │ 635700000 │ 1671803700000 │ '2022-12-23T13:55:00.000Z' │ 100 │  0  │  0  │ Infinity │  0  │ 5241.5 │  0  │ 107.3 │ 0.5  │ 2500  │  7500000  │  211900   │   635700000   │      │          │     │
│   35    │ 3 │ 3 │ 3 │ 3 │ 1500  │  4500000  │  213400   │  1500   │  4500000  │ 640200000 │ 1671804000000 │ '2022-12-23T14:00:00.000Z' │ 100 │  0  │  0  │ Infinity │  0  │ 5241.5 │  0  │ 107.3 │ 0.3  │ 1500  │  4500000  │  213400   │   640200000   │      │          │     │
│   36    │ 3 │ 3 │ 3 │ 3 │  200  │  600000   │  213600   │   200   │  600000   │ 640800000 │ 1671804300000 │ '2022-12-23T14:05:00.000Z' │ 100 │  0  │  0  │ Infinity │  0  │ 5241.5 │  0  │ 107.3 │  0   │  200  │  600000   │  213600   │   640800000   │      │          │     │
│   37    │ 3 │ 3 │ 3 │ 3 │  700  │  2100000  │  214300   │   700   │  2100000  │ 642900000 │ 1671804600000 │ '2022-12-23T14:10:00.000Z' │ 100 │  0  │  0  │ Infinity │  0  │ 5241.5 │  0  │ 107.3 │ 0.1  │  700  │  2100000  │  214300   │   642900000   │      │          │     │
│   38    │ 3 │ 3 │ 3 │ 3 │  500  │  1500000  │  214800   │   500   │  1500000  │ 644400000 │ 1671804900000 │ '2022-12-23T14:15:00.000Z' │ 100 │  0  │  0  │ Infinity │  0  │ 5241.5 │  0  │ 107.3 │ 0.1  │  500  │  1500000  │  214800   │   644400000   │      │          │     │
│   39    │ 3 │ 3 │ 3 │ 3 │  100  │  300000   │  214900   │   100   │  300000   │ 644700000 │ 1671805500000 │ '2022-12-23T14:25:00.000Z' │ 100 │  0  │  0  │ Infinity │  0  │ 5241.5 │  0  │ 107.3 │  0   │  100  │  300000   │  214900   │   644700000   │      │          │     │
│   40    │ 3 │ 3 │ 3 │ 3 │       │           │  219300   │  4400   │ 13200000  │ 657900000 │ 1671806700000 │ '2022-12-23T14:45:00.000Z' │  0  │  0  │ 100 │   NaN    │ NaN │ 5241.5 │  0  │ 107.3 │      │   0   │     0     │  214900   │   644700000   │ 4400 │ 13200000 │ 41  │
├─────────┼───┼───┼───┼───┼───────┼───────────┼───────────┼─────────┼───────────┼───────────┼───────────────┼────────────────────────────┼─────┼─────┼─────┼──────────┼─────┼────────┼─────┼───────┼──────┼───────┼───────────┼───────────┼───────────────┼──────┼──────────┼─────┤
│ (index) │ c │ h │ l │ o │  bu   │  val_bu   │ total_vol │ sum_vol │    val    │ acum_val  │   datetime    │            date            │ pbu │ psd │ puk │    bs    │ sb  │  abu   │ asd │  auk  │ rbu  │ bu-sd │ bu-sd_val │ acum_busd │ acum_busd_val │  uk  │  val_uk  │ ruk │
├─────────┼───┼───┼───┼───┼───────┼───────────┼───────────┼─────────┼───────────┼───────────┼───────────────┼────────────────────────────┼─────┼─────┼─────┼──────────┼─────┼────────┼─────┼───────┼──────┼───────┼───────────┼───────────┼───────────────┼──────┼──────────┼─────┤
└─────────┴───┴───┴───┴───┴───────┴───────────┴───────────┴─────────┴───────────┴───────────┴───────────────┴────────────────────────────┴─────┴─────┴─────┴──────────┴─────┴────────┴─────┴───────┴──────┴───────┴───────────┴───────────┴───────────────┴──────┴──────────┴─────┘

