┌─────────┬───────┬───────┬───────┬───────┬───────┬───────────┬───────────┬─────────┬───────────┬────────────┬───────────────┬────────────────────────────┬──────┬──────┬─────┬──────────┬──────────┬──────┬──────┬─────┬─────┬───────┬────────────┬───────────┬───────────────┬──────┬───────────┬─────┐
│ (index) │   c   │   h   │   l   │   o   │  bu   │  val_bu   │ total_vol │ sum_vol │    val    │  acum_val  │   datetime    │            date            │ pbu  │ psd  │ puk │    bs    │    sb    │ abu  │ asd  │ auk │ rbu │ bu-sd │ bu-sd_val  │ acum_busd │ acum_busd_val │  sd  │  val_sd   │ rsd │
├─────────┼───────┼───────┼───────┼───────┼───────┼───────────┼───────────┼─────────┼───────────┼────────────┼───────────────┼────────────────────────────┼──────┼──────┼─────┼──────────┼──────────┼──────┼──────┼─────┼─────┼───────┼────────────┼───────────┼───────────────┼──────┼───────────┼─────┤
│    0    │ 21.05 │ 21.05 │ 21.05 │ 21.05 │ 3000  │ 63150000  │   3000    │  3000   │ 63150000  │  63150000  │ 1671800400000 │ '2022-12-23T13:00:00.000Z' │ 100  │  0   │  0  │ Infinity │    0     │ 2525 │ 1775 │  0  │ 1.2 │ 3000  │  63150000  │   3000    │   63150000    │      │           │     │
│    1    │ 21.1  │ 21.1  │ 21.05 │ 21.05 │       │           │   3200    │   200   │  4215000  │  67365000  │ 1671801000000 │ '2022-12-23T13:10:00.000Z' │  0   │ 100  │  0  │    0     │ Infinity │ 2525 │ 1775 │  0  │     │ -200  │  -4215000  │   2800    │   58935000    │ 200  │  4215000  │ 0.1 │
│    2    │ 21.2  │ 21.2  │ 21.1  │ 21.1  │ 3200  │ 67730000  │   6500    │  3300   │ 69840000  │ 137205000  │ 1671801300000 │ '2022-12-23T13:15:00.000Z' │  97  │  3   │  0  │    32    │    0     │ 2525 │ 1775 │  0  │ 1.3 │ 3100  │  65620000  │   5900    │   124555000   │ 100  │  2110000  │ 0.1 │
│    3    │ 21.05 │ 21.05 │ 21.05 │ 21.05 │       │           │   7400    │   900   │ 18945000  │ 156150000  │ 1671801600000 │ '2022-12-23T13:20:00.000Z' │  0   │ 100  │  0  │    0     │ Infinity │ 2525 │ 1775 │  0  │     │ -900  │ -18945000  │   5000    │   105610000   │ 900  │ 18945000  │ 0.5 │
│    4    │ 21.15 │ 21.2  │  21   │ 21.05 │ 10600 │ 224595000 │   19500   │  12100  │ 256145000 │ 412295000  │ 1671801900000 │ '2022-12-23T13:25:00.000Z' │ 87.6 │ 12.4 │  0  │   7.1    │   0.1    │ 2525 │ 1775 │  0  │ 4.2 │ 9100  │ 193045000  │   14100   │   298655000   │ 1500 │ 31550000  │ 0.8 │
│    5    │ 21.2  │ 21.2  │ 21.15 │ 21.15 │  100  │  2115000  │   20600   │  1100   │ 23315000  │ 435610000  │ 1671802200000 │ '2022-12-23T13:30:00.000Z' │ 9.1  │ 90.9 │  0  │   0.1    │    10    │ 2525 │ 1775 │  0  │  0  │ -900  │ -19085000  │   13200   │   279570000   │ 1000 │ 21200000  │ 0.6 │
│    6    │ 21.3  │ 21.3  │ 21.25 │ 21.25 │ 10600 │ 225680000 │   31200   │  10600  │ 225680000 │ 661290000  │ 1671802800000 │ '2022-12-23T13:40:00.000Z' │ 100  │  0   │  0  │ Infinity │    0     │ 2525 │ 1775 │  0  │ 4.2 │ 10600 │ 225680000  │   23800   │   505250000   │      │           │     │
│    7    │ 21.3  │ 21.3  │ 21.3  │ 21.3  │  400  │  8520000  │   31600   │   400   │  8520000  │ 669810000  │ 1671803100000 │ '2022-12-23T13:45:00.000Z' │ 100  │  0   │  0  │ Infinity │    0     │ 2525 │ 1775 │  0  │ 0.2 │  400  │  8520000   │   24200   │   513770000   │      │           │     │
│    8    │ 21.3  │ 21.3  │ 21.3  │ 21.3  │  300  │  6390000  │   32100   │   500   │ 10650000  │ 680460000  │ 1671803400000 │ '2022-12-23T13:50:00.000Z' │  60  │  40  │  0  │   1.5    │   0.7    │ 2525 │ 1775 │  0  │ 0.1 │  100  │  2130000   │   24300   │   515900000   │ 200  │  4260000  │ 0.1 │
│    9    │ 21.35 │ 21.35 │ 21.2  │ 21.25 │  100  │  2135000  │   38100   │  6000   │ 127280000 │ 807740000  │ 1671803700000 │ '2022-12-23T13:55:00.000Z' │ 1.7  │ 98.3 │  0  │    0     │    59    │ 2525 │ 1775 │  0  │  0  │ -5800 │ -123010000 │   18500   │   392890000   │ 5900 │ 125145000 │ 3.3 │
│   10    │ 21.2  │ 21.2  │ 21.2  │ 21.2  │       │           │   44100   │  6000   │ 127200000 │ 934940000  │ 1671804000000 │ '2022-12-23T14:00:00.000Z' │  0   │ 100  │  0  │    0     │ Infinity │ 2525 │ 1775 │  0  │     │ -6000 │ -127200000 │   12500   │   265690000   │ 6000 │ 127200000 │ 3.4 │
│   11    │ 21.3  │ 21.3  │ 21.2  │ 21.2  │ 1800  │ 38180000  │   46300   │  2200   │ 46660000  │ 981600000  │ 1671804300000 │ '2022-12-23T14:05:00.000Z' │ 81.8 │ 18.2 │  0  │   4.5    │   0.2    │ 2525 │ 1775 │  0  │ 0.7 │ 1400  │  29700000  │   13900   │   295390000   │ 400  │  8480000  │ 0.2 │
│   12    │ 21.3  │ 21.3  │ 21.3  │ 21.3  │ 1100  │ 23430000  │   47500   │  1200   │ 25560000  │ 1007160000 │ 1671804600000 │ '2022-12-23T14:10:00.000Z' │ 91.7 │ 8.3  │  0  │    11    │   0.1    │ 2525 │ 1775 │  0  │ 0.4 │ 1000  │  21300000  │   14900   │   316690000   │ 100  │  2130000  │ 0.1 │
│   13    │ 21.2  │ 21.25 │ 21.2  │ 21.25 │       │           │   57400   │  9900   │ 210125000 │ 1217285000 │ 1671804900000 │ '2022-12-23T14:15:00.000Z' │  0   │ 100  │  0  │    0     │ Infinity │ 2525 │ 1775 │  0  │     │ -9900 │ -210125000 │   5000    │   106565000   │ 9900 │ 210125000 │ 5.6 │
│   14    │ 21.3  │ 21.3  │ 21.3  │ 21.3  │  700  │ 14910000  │   58400   │  1000   │ 21300000  │ 1238585000 │ 1671805200000 │ '2022-12-23T14:20:00.000Z' │  70  │  30  │  0  │   2.3    │   0.4    │ 2525 │ 1775 │  0  │ 0.3 │  400  │  8520000   │   5400    │   115085000   │ 300  │  6390000  │ 0.2 │
│   15    │ 21.35 │ 21.4  │ 21.3  │ 21.3  │ 8500  │ 181430000 │   68800   │  10400  │ 221900000 │ 1460485000 │ 1671805500000 │ '2022-12-23T14:25:00.000Z' │ 81.7 │ 18.3 │  0  │   4.5    │   0.2    │ 2525 │ 1775 │  0  │ 3.4 │ 6600  │ 140960000  │   12000   │   256045000   │ 1900 │ 40470000  │ 1.1 │
└─────────┴───────┴───────┴───────┴───────┴───────┴───────────┴───────────┴─────────┴───────────┴────────────┴───────────────┴────────────────────────────┴──────┴──────┴─────┴──────────┴──────────┴──────┴──────┴─────┴─────┴───────┴────────────┴───────────┴───────────────┴──────┴───────────┴─────┘

