┌─────────┬──────┬──────┬──────┬──────┬───────┬──────────┬───────────┬─────────┬──────────┬───────────┬───────────────┬────────────────────────────┬──────┬──────┬─────┬──────────┬──────────┬───────┬────────┬─────┬─────┬────────┬───────────┬───────────┬───────────────┬──────┬──────────┬──────┐
│ (index) │  c   │  h   │  l   │  o   │  sd   │  val_sd  │ total_vol │ sum_vol │   val    │ acum_val  │   datetime    │            date            │ pbu  │ psd  │ puk │    bs    │    sb    │  abu  │  asd   │ auk │ rsd │ bu-sd  │ bu-sd_val │ acum_busd │ acum_busd_val │  bu  │  val_bu  │ rbu  │
├─────────┼──────┼──────┼──────┼──────┼───────┼──────────┼───────────┼─────────┼──────────┼───────────┼───────────────┼────────────────────────────┼──────┼──────┼─────┼──────────┼──────────┼───────┼────────┼─────┼─────┼────────┼───────────┼───────────┼───────────────┼──────┼──────────┼──────┤
│    0    │ 5.55 │ 5.55 │ 5.55 │ 5.55 │ 3700  │ 20535000 │   3700    │  3700   │ 20535000 │ 20535000  │ 1671786840000 │ '2022-12-23T09:14:00.000Z' │  0   │ 100  │  0  │    0     │ Infinity │ 498.1 │ 1473.6 │  0  │ 2.5 │ -3700  │ -20535000 │   -3700   │   -20535000   │      │          │      │
│    1    │ 5.55 │ 5.55 │ 5.55 │ 5.55 │ 3400  │ 18870000 │   7100    │  3400   │ 18870000 │ 39405000  │ 1671787320000 │ '2022-12-23T09:22:00.000Z' │  0   │ 100  │  0  │    0     │ Infinity │ 498.1 │ 1473.6 │  0  │ 2.3 │ -3400  │ -18870000 │   -7100   │   -39405000   │      │          │      │
│    2    │ 5.5  │ 5.55 │ 5.5  │ 5.55 │ 9100  │ 50355000 │   16200   │  9100   │ 50355000 │ 89760000  │ 1671787800000 │ '2022-12-23T09:30:00.000Z' │  0   │ 100  │  0  │    0     │ Infinity │ 498.1 │ 1473.6 │  0  │ 6.2 │ -9100  │ -50355000 │  -16200   │   -89760000   │      │          │      │
│    3    │ 5.45 │ 5.45 │ 5.45 │ 5.45 │ 8100  │ 44145000 │   24300   │  8100   │ 44145000 │ 133905000 │ 1671787920000 │ '2022-12-23T09:32:00.000Z' │  0   │ 100  │  0  │    0     │ Infinity │ 498.1 │ 1473.6 │  0  │ 5.5 │ -8100  │ -44145000 │  -24300   │  -133905000   │      │          │      │
│    4    │ 5.45 │ 5.45 │ 5.45 │ 5.45 │       │          │   32100   │  7800   │ 42510000 │ 176415000 │ 1671788040000 │ '2022-12-23T09:34:00.000Z' │ 100  │  0   │  0  │ Infinity │    0     │ 498.1 │ 1473.6 │  0  │     │  7800  │ 42510000  │  -16500   │   -91395000   │ 7800 │ 42510000 │ 15.7 │
│    5    │ 5.41 │ 5.45 │ 5.41 │ 5.45 │ 2300  │ 12531000 │   34400   │  2300   │ 12531000 │ 188946000 │ 1671788160000 │ '2022-12-23T09:36:00.000Z' │  0   │ 100  │  0  │    0     │ Infinity │ 498.1 │ 1473.6 │  0  │ 1.6 │ -2300  │ -12531000 │  -18800   │  -103926000   │      │          │      │
│    6    │ 5.42 │ 5.42 │ 5.42 │ 5.42 │  500  │ 2710000  │   34900   │   500   │ 2710000  │ 191656000 │ 1671788280000 │ '2022-12-23T09:38:00.000Z' │  0   │ 100  │  0  │    0     │ Infinity │ 498.1 │ 1473.6 │  0  │ 0.3 │  -500  │ -2710000  │  -19300   │  -106636000   │      │          │      │
│    7    │ 5.45 │ 5.45 │ 5.45 │ 5.45 │ 1500  │ 8175000  │   36400   │  1500   │ 8175000  │ 199831000 │ 1671788520000 │ '2022-12-23T09:42:00.000Z' │  0   │ 100  │  0  │    0     │ Infinity │ 498.1 │ 1473.6 │  0  │  1  │ -1500  │ -8175000  │  -20800   │  -114811000   │      │          │      │
│    8    │ 5.46 │ 5.47 │ 5.46 │ 5.46 │  400  │ 2186000  │   36800   │   400   │ 2186000  │ 202017000 │ 1671789000000 │ '2022-12-23T09:50:00.000Z' │  0   │ 100  │  0  │    0     │ Infinity │ 498.1 │ 1473.6 │  0  │ 0.3 │  -400  │ -2186000  │  -21200   │  -116997000   │      │          │      │
│    9    │ 5.5  │ 5.5  │ 5.5  │ 5.5  │       │          │   36900   │   100   │  550000  │ 202567000 │ 1671789240000 │ '2022-12-23T09:54:00.000Z' │ 100  │  0   │  0  │ Infinity │    0     │ 498.1 │ 1473.6 │  0  │     │  100   │  550000   │  -21100   │  -116447000   │ 100  │  550000  │ 0.2  │
│   10    │ 5.55 │ 5.55 │ 5.55 │ 5.55 │       │          │   37000   │   100   │  555000  │ 203122000 │ 1671789480000 │ '2022-12-23T09:58:00.000Z' │ 100  │  0   │  0  │ Infinity │    0     │ 498.1 │ 1473.6 │  0  │     │  100   │  555000   │  -21000   │  -115892000   │ 100  │  555000  │ 0.2  │
│   11    │ 5.55 │ 5.6  │ 5.55 │ 5.6  │ 1500  │ 8358000  │   38500   │  1500   │ 8358000  │ 211480000 │ 1671789720000 │ '2022-12-23T10:02:00.000Z' │  0   │ 100  │  0  │    0     │ Infinity │ 498.1 │ 1473.6 │  0  │  1  │ -1500  │ -8358000  │  -22500   │  -124250000   │      │          │      │
│   12    │ 5.61 │ 5.62 │ 5.61 │ 5.62 │  200  │ 1123000  │   38700   │   200   │ 1123000  │ 212603000 │ 1671790080000 │ '2022-12-23T10:08:00.000Z' │  0   │ 100  │  0  │    0     │ Infinity │ 498.1 │ 1473.6 │  0  │ 0.1 │  -200  │ -1123000  │  -22700   │  -125373000   │      │          │      │
│   13    │ 5.59 │ 5.6  │ 5.59 │ 5.6  │  200  │ 1119000  │   38900   │   200   │ 1119000  │ 213722000 │ 1671790200000 │ '2022-12-23T10:10:00.000Z' │  0   │ 100  │  0  │    0     │ Infinity │ 498.1 │ 1473.6 │  0  │ 0.1 │  -200  │ -1119000  │  -22900   │  -126492000   │      │          │      │
│   14    │ 5.59 │ 5.6  │ 5.59 │ 5.6  │  100  │  560000  │   39100   │   200   │ 1119000  │ 214841000 │ 1671790680000 │ '2022-12-23T10:18:00.000Z' │  50  │  50  │  0  │    1     │    1     │ 498.1 │ 1473.6 │  0  │ 0.1 │   0    │   -1000   │  -22900   │  -126493000   │ 100  │  559000  │ 0.2  │
│   15    │ 5.59 │ 5.59 │ 5.55 │ 5.58 │  500  │ 2781000  │   40100   │  1000   │ 5576000  │ 220417000 │ 1671790920000 │ '2022-12-23T10:22:00.000Z' │  50  │  50  │  0  │    1     │    1     │ 498.1 │ 1473.6 │  0  │ 0.3 │   0    │   14000   │  -22900   │  -126479000   │ 500  │ 2795000  │  1   │
│   16    │ 5.59 │ 5.59 │ 5.59 │ 5.59 │       │          │   40800   │   700   │ 3913000  │ 224330000 │ 1671791040000 │ '2022-12-23T10:24:00.000Z' │ 100  │  0   │  0  │ Infinity │    0     │ 498.1 │ 1473.6 │  0  │     │  700   │  3913000  │  -22200   │  -122566000   │ 700  │ 3913000  │ 1.4  │
│   17    │ 5.59 │ 5.59 │ 5.59 │ 5.59 │  300  │ 1677000  │   41100   │   300   │ 1677000  │ 226007000 │ 1671791400000 │ '2022-12-23T10:30:00.000Z' │  0   │ 100  │  0  │    0     │ Infinity │ 498.1 │ 1473.6 │  0  │ 0.2 │  -300  │ -1677000  │  -22500   │  -124243000   │      │          │      │
│   18    │ 5.55 │ 5.59 │ 5.55 │ 5.59 │ 1000  │ 5550000  │   44200   │  3100   │ 17289000 │ 243296000 │ 1671791520000 │ '2022-12-23T10:32:00.000Z' │ 67.7 │ 32.3 │  0  │   2.1    │   0.5    │ 498.1 │ 1473.6 │  0  │ 0.7 │  1100  │  6189000  │  -21400   │  -118054000   │ 2100 │ 11739000 │ 4.2  │
│   19    │ 5.59 │ 5.59 │ 5.59 │ 5.59 │       │          │   44300   │   100   │  559000  │ 243855000 │ 1671791640000 │ '2022-12-23T10:34:00.000Z' │ 100  │  0   │  0  │ Infinity │    0     │ 498.1 │ 1473.6 │  0  │     │  100   │  559000   │  -21300   │  -117495000   │ 100  │  559000  │ 0.2  │
│   20    │ 5.59 │ 5.59 │ 5.59 │ 5.59 │  100  │  559000  │   44400   │   100   │  559000  │ 244414000 │ 1671792480000 │ '2022-12-23T10:48:00.000Z' │  0   │ 100  │  0  │    0     │ Infinity │ 498.1 │ 1473.6 │  0  │ 0.1 │  -100  │  -559000  │  -21400   │  -118054000   │      │          │      │
├─────────┼──────┼──────┼──────┼──────┼───────┼──────────┼───────────┼─────────┼──────────┼───────────┼───────────────┼────────────────────────────┼──────┼──────┼─────┼──────────┼──────────┼───────┼────────┼─────┼─────┼────────┼───────────┼───────────┼───────────────┼──────┼──────────┼──────┤
│ (index) │  c   │  h   │  l   │  o   │  sd   │  val_sd  │ total_vol │ sum_vol │   val    │ acum_val  │   datetime    │            date            │ pbu  │ psd  │ puk │    bs    │    sb    │  abu  │  asd   │ auk │ rsd │ bu-sd  │ bu-sd_val │ acum_busd │ acum_busd_val │  bu  │  val_bu  │ rbu  │
├─────────┼──────┼──────┼──────┼──────┼───────┼──────────┼───────────┼─────────┼──────────┼───────────┼───────────────┼────────────────────────────┼──────┼──────┼─────┼──────────┼──────────┼───────┼────────┼─────┼─────┼────────┼───────────┼───────────┼───────────────┼──────┼──────────┼──────┤
│   21    │ 5.55 │ 5.55 │ 5.55 │ 5.55 │  800  │ 4440000  │   45200   │   800   │ 4440000  │ 248854000 │ 1671792840000 │ '2022-12-23T10:54:00.000Z' │  0   │ 100  │  0  │    0     │ Infinity │ 498.1 │ 1473.6 │  0  │ 0.5 │  -800  │ -4440000  │  -22200   │  -122494000   │      │          │      │
│   22    │ 5.45 │ 5.5  │ 5.45 │ 5.5  │ 10400 │ 56790000 │   55600   │  10400  │ 56790000 │ 305644000 │ 1671792960000 │ '2022-12-23T10:56:00.000Z' │  0   │ 100  │  0  │    0     │ Infinity │ 498.1 │ 1473.6 │  0  │ 7.1 │ -10400 │ -56790000 │  -32600   │  -179284000   │      │          │      │
│   23    │ 5.46 │ 5.46 │ 5.45 │ 5.45 │ 1500  │ 8175000  │   57300   │  1700   │ 9267000  │ 314911000 │ 1671793080000 │ '2022-12-23T10:58:00.000Z' │ 11.8 │ 88.2 │  0  │   0.1    │   7.5    │ 498.1 │ 1473.6 │  0  │  1  │ -1300  │ -7083000  │  -33900   │  -186367000   │ 200  │ 1092000  │ 0.4  │
│   24    │ 5.46 │ 5.46 │ 5.46 │ 5.46 │       │          │   57700   │   400   │ 2184000  │ 317095000 │ 1671793200000 │ '2022-12-23T11:00:00.000Z' │ 100  │  0   │  0  │ Infinity │    0     │ 498.1 │ 1473.6 │  0  │     │  400   │  2184000  │  -33500   │  -184183000   │ 400  │ 2184000  │ 0.8  │
│   25    │ 5.45 │ 5.45 │ 5.45 │ 5.45 │ 1700  │ 9265000  │   59400   │  1700   │ 9265000  │ 326360000 │ 1671793440000 │ '2022-12-23T11:04:00.000Z' │  0   │ 100  │  0  │    0     │ Infinity │ 498.1 │ 1473.6 │  0  │ 1.2 │ -1700  │ -9265000  │  -35200   │  -193448000   │      │          │      │
│   26    │ 5.43 │ 5.44 │ 5.43 │ 5.44 │  500  │ 2720000  │   61400   │  2000   │ 10865000 │ 337225000 │ 1671793560000 │ '2022-12-23T11:06:00.000Z' │  75  │  25  │  0  │    3     │   0.3    │ 498.1 │ 1473.6 │  0  │ 0.3 │  1000  │  5425000  │  -34200   │  -188023000   │ 1500 │ 8145000  │  3   │
│   27    │ 5.43 │ 5.43 │ 5.43 │ 5.43 │       │          │   61500   │   100   │  543000  │ 337768000 │ 1671793680000 │ '2022-12-23T11:08:00.000Z' │ 100  │  0   │  0  │ Infinity │    0     │ 498.1 │ 1473.6 │  0  │     │  100   │  543000   │  -34100   │  -187480000   │ 100  │  543000  │ 0.2  │
│   28    │ 5.43 │ 5.43 │ 5.43 │ 5.43 │       │          │   62200   │   700   │ 3801000  │ 341569000 │ 1671793800000 │ '2022-12-23T11:10:00.000Z' │ 100  │  0   │  0  │ Infinity │    0     │ 498.1 │ 1473.6 │  0  │     │  700   │  3801000  │  -33400   │  -183679000   │ 700  │ 3801000  │ 1.4  │
│   29    │ 5.43 │ 5.43 │ 5.43 │ 5.43 │       │          │   62900   │   700   │ 3801000  │ 345370000 │ 1671793920000 │ '2022-12-23T11:12:00.000Z' │ 100  │  0   │  0  │ Infinity │    0     │ 498.1 │ 1473.6 │  0  │     │  700   │  3801000  │  -32700   │  -179878000   │ 700  │ 3801000  │ 1.4  │
│   30    │ 5.43 │ 5.43 │ 5.43 │ 5.43 │       │          │   63100   │   200   │ 1086000  │ 346456000 │ 1671794400000 │ '2022-12-23T11:20:00.000Z' │ 100  │  0   │  0  │ Infinity │    0     │ 498.1 │ 1473.6 │  0  │     │  200   │  1086000  │  -32500   │  -178792000   │ 200  │ 1086000  │ 0.4  │
│   31    │ 5.43 │ 5.43 │ 5.43 │ 5.43 │       │          │   63200   │   100   │  543000  │ 346999000 │ 1671794520000 │ '2022-12-23T11:22:00.000Z' │ 100  │  0   │  0  │ Infinity │    0     │ 498.1 │ 1473.6 │  0  │     │  100   │  543000   │  -32400   │  -178249000   │ 100  │  543000  │ 0.2  │
│   32    │ 5.42 │ 5.43 │ 5.42 │ 5.43 │  100  │  542000  │   63500   │   300   │ 1628000  │ 348627000 │ 1671794640000 │ '2022-12-23T11:24:00.000Z' │ 66.7 │ 33.3 │  0  │    2     │   0.5    │ 498.1 │ 1473.6 │  0  │ 0.1 │  100   │  544000   │  -32300   │  -177705000   │ 200  │ 1086000  │ 0.4  │
│   33    │ 5.42 │ 5.42 │ 5.42 │ 5.42 │ 1000  │ 5420000  │   64500   │  1000   │ 5420000  │ 354047000 │ 1671794760000 │ '2022-12-23T11:26:00.000Z' │  0   │ 100  │  0  │    0     │ Infinity │ 498.1 │ 1473.6 │  0  │ 0.7 │ -1000  │ -5420000  │  -33300   │  -183125000   │      │          │      │
│   34    │ 5.42 │ 5.42 │ 5.42 │ 5.42 │  100  │  542000  │   64600   │   100   │  542000  │ 354589000 │ 1671800400000 │ '2022-12-23T13:00:00.000Z' │  0   │ 100  │  0  │    0     │ Infinity │ 498.1 │ 1473.6 │  0  │ 0.1 │  -100  │  -542000  │  -33400   │  -183667000   │      │          │      │
│   35    │ 5.42 │ 5.42 │ 5.42 │ 5.42 │ 9000  │ 48780000 │   73600   │  9000   │ 48780000 │ 403369000 │ 1671800520000 │ '2022-12-23T13:02:00.000Z' │  0   │ 100  │  0  │    0     │ Infinity │ 498.1 │ 1473.6 │  0  │ 6.1 │ -9000  │ -48780000 │  -42400   │  -232447000   │      │          │      │
│   36    │ 5.42 │ 5.42 │ 5.42 │ 5.42 │ 1400  │ 7588000  │   75000   │  1400   │ 7588000  │ 410957000 │ 1671800640000 │ '2022-12-23T13:04:00.000Z' │  0   │ 100  │  0  │    0     │ Infinity │ 498.1 │ 1473.6 │  0  │  1  │ -1400  │ -7588000  │  -43800   │  -240035000   │      │          │      │
│   37    │ 5.42 │ 5.42 │ 5.42 │ 5.42 │       │          │   75600   │   600   │ 3252000  │ 414209000 │ 1671800760000 │ '2022-12-23T13:06:00.000Z' │ 100  │  0   │  0  │ Infinity │    0     │ 498.1 │ 1473.6 │  0  │     │  600   │  3252000  │  -43200   │  -236783000   │ 600  │ 3252000  │ 1.2  │
│   38    │ 5.42 │ 5.42 │ 5.42 │ 5.42 │  200  │ 1084000  │   75800   │   200   │ 1084000  │ 415293000 │ 1671800880000 │ '2022-12-23T13:08:00.000Z' │  0   │ 100  │  0  │    0     │ Infinity │ 498.1 │ 1473.6 │  0  │ 0.1 │  -200  │ -1084000  │  -43400   │  -237867000   │      │          │      │
│   39    │ 5.43 │ 5.43 │ 5.42 │ 5.42 │       │          │   76800   │  1000   │ 5421000  │ 420714000 │ 1671801000000 │ '2022-12-23T13:10:00.000Z' │ 100  │  0   │  0  │ Infinity │    0     │ 498.1 │ 1473.6 │  0  │     │  1000  │  5421000  │  -42400   │  -232446000   │ 1000 │ 5421000  │  2   │
│   40    │ 5.43 │ 5.43 │ 5.43 │ 5.43 │       │          │   76900   │   100   │  543000  │ 421257000 │ 1671801120000 │ '2022-12-23T13:12:00.000Z' │ 100  │  0   │  0  │ Infinity │    0     │ 498.1 │ 1473.6 │  0  │     │  100   │  543000   │  -42300   │  -231903000   │ 100  │  543000  │ 0.2  │
├─────────┼──────┼──────┼──────┼──────┼───────┼──────────┼───────────┼─────────┼──────────┼───────────┼───────────────┼────────────────────────────┼──────┼──────┼─────┼──────────┼──────────┼───────┼────────┼─────┼─────┼────────┼───────────┼───────────┼───────────────┼──────┼──────────┼──────┤
│ (index) │  c   │  h   │  l   │  o   │  sd   │  val_sd  │ total_vol │ sum_vol │   val    │ acum_val  │   datetime    │            date            │ pbu  │ psd  │ puk │    bs    │    sb    │  abu  │  asd   │ auk │ rsd │ bu-sd  │ bu-sd_val │ acum_busd │ acum_busd_val │  bu  │  val_bu  │ rbu  │
├─────────┼──────┼──────┼──────┼──────┼───────┼──────────┼───────────┼─────────┼──────────┼───────────┼───────────────┼────────────────────────────┼──────┼──────┼─────┼──────────┼──────────┼───────┼────────┼─────┼─────┼────────┼───────────┼───────────┼───────────────┼──────┼──────────┼──────┤
│   41    │ 5.43 │ 5.43 │ 5.43 │ 5.43 │       │          │   77000   │   100   │  543000  │ 421800000 │ 1671801960000 │ '2022-12-23T13:26:00.000Z' │ 100  │  0   │  0  │ Infinity │    0     │ 498.1 │ 1473.6 │  0  │     │  100   │  543000   │  -42200   │  -231360000   │ 100  │  543000  │ 0.2  │
│   42    │ 5.43 │ 5.43 │ 5.43 │ 5.43 │       │          │   77100   │   100   │  543000  │ 422343000 │ 1671802080000 │ '2022-12-23T13:28:00.000Z' │ 100  │  0   │  0  │ Infinity │    0     │ 498.1 │ 1473.6 │  0  │     │  100   │  543000   │  -42100   │  -230817000   │ 100  │  543000  │ 0.2  │
│   43    │ 5.43 │ 5.43 │ 5.42 │ 5.42 │ 3000  │ 16266000 │   87700   │  10600  │ 57458000 │ 479801000 │ 1671802320000 │ '2022-12-23T13:32:00.000Z' │ 71.7 │ 28.3 │  0  │   2.5    │   0.4    │ 498.1 │ 1473.6 │  0  │  2  │  4600  │ 24926000  │  -37500   │  -205891000   │ 7600 │ 41192000 │ 15.3 │
│   44    │ 5.43 │ 5.43 │ 5.43 │ 5.43 │ 1000  │ 5430000  │   88700   │  1000   │ 5430000  │ 485231000 │ 1671802920000 │ '2022-12-23T13:42:00.000Z' │  0   │ 100  │  0  │    0     │ Infinity │ 498.1 │ 1473.6 │  0  │ 0.7 │ -1000  │ -5430000  │  -38500   │  -211321000   │      │          │      │
│   45    │ 5.55 │ 5.55 │ 5.55 │ 5.55 │ 3000  │ 16650000 │   91700   │  3000   │ 16650000 │ 501881000 │ 1671803280000 │ '2022-12-23T13:48:00.000Z' │  0   │ 100  │  0  │    0     │ Infinity │ 498.1 │ 1473.6 │  0  │  2  │ -3000  │ -16650000 │  -41500   │  -227971000   │      │          │      │
│   46    │ 5.55 │ 5.55 │ 5.55 │ 5.55 │       │          │   91800   │   100   │  555000  │ 502436000 │ 1671804360000 │ '2022-12-23T14:06:00.000Z' │ 100  │  0   │  0  │ Infinity │    0     │ 498.1 │ 1473.6 │  0  │     │  100   │  555000   │  -41400   │  -227416000   │ 100  │  555000  │ 0.2  │
│   47    │ 5.51 │ 5.55 │ 5.51 │ 5.55 │ 1000  │ 5510000  │   93000   │  1200   │ 6620000  │ 509056000 │ 1671804600000 │ '2022-12-23T14:10:00.000Z' │ 16.7 │ 83.3 │  0  │   0.2    │    5     │ 498.1 │ 1473.6 │  0  │ 0.7 │  -800  │ -4400000  │  -42200   │  -231816000   │ 200  │ 1110000  │ 0.4  │
│   48    │ 5.54 │ 5.54 │ 5.54 │ 5.54 │       │          │   93100   │   100   │  554000  │ 509610000 │ 1671805200000 │ '2022-12-23T14:20:00.000Z' │ 100  │  0   │  0  │ Infinity │    0     │ 498.1 │ 1473.6 │  0  │     │  100   │  554000   │  -42100   │  -231262000   │ 100  │  554000  │ 0.2  │
│   49    │ 5.54 │ 5.54 │ 5.54 │ 5.54 │       │          │   93700   │   600   │ 3324000  │ 512934000 │ 1671805320000 │ '2022-12-23T14:22:00.000Z' │ 100  │  0   │  0  │ Infinity │    0     │ 498.1 │ 1473.6 │  0  │     │  600   │  3324000  │  -41500   │  -227938000   │ 600  │ 3324000  │ 1.2  │
│   50    │ 5.54 │ 5.54 │ 5.54 │ 5.54 │       │          │   93800   │   100   │  554000  │ 513488000 │ 1671805560000 │ '2022-12-23T14:26:00.000Z' │ 100  │  0   │  0  │ Infinity │    0     │ 498.1 │ 1473.6 │  0  │     │  100   │  554000   │  -41400   │  -227384000   │ 100  │  554000  │ 0.2  │
│   51    │ 5.54 │ 5.54 │ 5.54 │ 5.54 │       │          │   94000   │   200   │ 1108000  │ 514596000 │ 1671805680000 │ '2022-12-23T14:28:00.000Z' │ 100  │  0   │  0  │ Infinity │    0     │ 498.1 │ 1473.6 │  0  │     │  200   │  1108000  │  -41200   │  -226276000   │ 200  │ 1108000  │ 0.4  │
│   52    │ 5.5  │ 5.5  │ 5.5  │ 5.5  │ 10500 │ 57750000 │  104500   │  10500  │ 57750000 │ 572346000 │ 1671806640000 │ '2022-12-23T14:44:00.000Z' │  0   │ 100  │  0  │    0     │ Infinity │ 498.1 │ 1473.6 │  0  │ 7.1 │ -10500 │ -57750000 │  -51700   │  -284026000   │      │          │      │
└─────────┴──────┴──────┴──────┴──────┴───────┴──────────┴───────────┴─────────┴──────────┴───────────┴───────────────┴────────────────────────────┴──────┴──────┴─────┴──────────┴──────────┴───────┴────────┴─────┴─────┴────────┴───────────┴───────────┴───────────────┴──────┴──────────┴──────┘

