┌─────────┬───────┬───────┬───────┬───────┬──────┬──────────┬───────────┬─────────┬───────────┬───────────┬───────────────┬────────────────────────────┬──────┬──────┬─────┬──────────┬──────────┬───────┬───────┬─────┬─────┬───────┬───────────┬───────────┬───────────────┬───────┬───────────┬──────┐
│ (index) │   c   │   h   │   l   │   o   │  sd  │  val_sd  │ total_vol │ sum_vol │    val    │ acum_val  │   datetime    │            date            │ pbu  │ psd  │ puk │    bs    │    sb    │  abu  │  asd  │ auk │ rsd │ bu-sd │ bu-sd_val │ acum_busd │ acum_busd_val │  bu   │  val_bu   │ rbu  │
├─────────┼───────┼───────┼───────┼───────┼──────┼──────────┼───────────┼─────────┼───────────┼───────────┼───────────────┼────────────────────────────┼──────┼──────┼─────┼──────────┼──────────┼───────┼───────┼─────┼─────┼───────┼───────────┼───────────┼───────────────┼───────┼───────────┼──────┤
│    0    │ 12.65 │ 12.65 │ 12.65 │ 12.65 │ 100  │ 1265000  │    100    │   100   │  1265000  │  1265000  │ 1671787080000 │ '2022-12-23T09:18:00.000Z' │  0   │ 100  │  0  │    0     │ Infinity │ 576.6 │ 578.7 │  0  │ 0.2 │ -100  │ -1265000  │   -100    │   -1265000    │       │           │      │
│    1    │ 12.7  │ 12.7  │ 12.7  │ 12.7  │      │          │    600    │   500   │  6350000  │  7615000  │ 1671787440000 │ '2022-12-23T09:24:00.000Z' │ 100  │  0   │  0  │ Infinity │    0     │ 576.6 │ 578.7 │  0  │     │  500  │  6350000  │    400    │    5085000    │  500  │  6350000  │ 0.9  │
│    2    │ 12.7  │ 12.7  │ 12.7  │ 12.7  │      │          │   1600    │  1000   │ 12700000  │ 20315000  │ 1671787680000 │ '2022-12-23T09:28:00.000Z' │ 100  │  0   │  0  │ Infinity │    0     │ 576.6 │ 578.7 │  0  │     │ 1000  │ 12700000  │   1400    │   17785000    │ 1000  │ 12700000  │ 1.7  │
│    3    │ 12.7  │ 12.7  │ 12.7  │ 12.7  │      │          │   6700    │  5100   │ 64770000  │ 85085000  │ 1671787920000 │ '2022-12-23T09:32:00.000Z' │ 100  │  0   │  0  │ Infinity │    0     │ 576.6 │ 578.7 │  0  │     │ 5100  │ 64770000  │   6500    │   82555000    │ 5100  │ 64770000  │ 8.8  │
│    4    │ 12.7  │ 12.7  │ 12.7  │ 12.7  │      │          │   18300   │  11600  │ 147320000 │ 232405000 │ 1671788040000 │ '2022-12-23T09:34:00.000Z' │ 100  │  0   │  0  │ Infinity │    0     │ 576.6 │ 578.7 │  0  │     │ 11600 │ 147320000 │   18100   │   229875000   │ 11600 │ 147320000 │ 20.1 │
│    5    │ 12.9  │ 12.9  │ 12.9  │ 12.9  │      │          │   18500   │   200   │  2580000  │ 234985000 │ 1671788520000 │ '2022-12-23T09:42:00.000Z' │ 100  │  0   │  0  │ Infinity │    0     │ 576.6 │ 578.7 │  0  │     │  200  │  2580000  │   18300   │   232455000   │  200  │  2580000  │ 0.3  │
│    6    │ 12.85 │ 12.85 │ 12.85 │ 12.85 │      │          │   18600   │   100   │  1285000  │ 236270000 │ 1671788760000 │ '2022-12-23T09:46:00.000Z' │ 100  │  0   │  0  │ Infinity │    0     │ 576.6 │ 578.7 │  0  │     │  100  │  1285000  │   18400   │   233740000   │  100  │  1285000  │ 0.2  │
│    7    │ 12.9  │ 12.9  │ 12.9  │ 12.9  │      │          │   19600   │  1000   │ 12900000  │ 249170000 │ 1671789000000 │ '2022-12-23T09:50:00.000Z' │ 100  │  0   │  0  │ Infinity │    0     │ 576.6 │ 578.7 │  0  │     │ 1000  │ 12900000  │   19400   │   246640000   │ 1000  │ 12900000  │ 1.7  │
│    8    │ 12.8  │ 12.8  │ 12.8  │ 12.8  │ 100  │ 1280000  │   19700   │   100   │  1280000  │ 250450000 │ 1671789120000 │ '2022-12-23T09:52:00.000Z' │  0   │ 100  │  0  │    0     │ Infinity │ 576.6 │ 578.7 │  0  │ 0.2 │ -100  │ -1280000  │   19300   │   245360000   │       │           │      │
│    9    │ 12.9  │ 12.9  │ 12.9  │ 12.9  │      │          │   20200   │   500   │  6450000  │ 256900000 │ 1671789240000 │ '2022-12-23T09:54:00.000Z' │ 100  │  0   │  0  │ Infinity │    0     │ 576.6 │ 578.7 │  0  │     │  500  │  6450000  │   19800   │   251810000   │  500  │  6450000  │ 0.9  │
│   10    │ 12.9  │ 12.9  │ 12.9  │ 12.9  │      │          │   21200   │  1000   │ 12900000  │ 269800000 │ 1671789360000 │ '2022-12-23T09:56:00.000Z' │ 100  │  0   │  0  │ Infinity │    0     │ 576.6 │ 578.7 │  0  │     │ 1000  │ 12900000  │   20800   │   264710000   │ 1000  │ 12900000  │ 1.7  │
│   11    │ 12.9  │ 12.9  │ 12.9  │ 12.9  │      │          │   21400   │   200   │  2580000  │ 272380000 │ 1671789480000 │ '2022-12-23T09:58:00.000Z' │ 100  │  0   │  0  │ Infinity │    0     │ 576.6 │ 578.7 │  0  │     │  200  │  2580000  │   21000   │   267290000   │  200  │  2580000  │ 0.3  │
│   12    │ 12.9  │ 12.9  │ 12.9  │ 12.9  │      │          │   21700   │   300   │  3870000  │ 276250000 │ 1671789600000 │ '2022-12-23T10:00:00.000Z' │ 100  │  0   │  0  │ Infinity │    0     │ 576.6 │ 578.7 │  0  │     │  300  │  3870000  │   21300   │   271160000   │  300  │  3870000  │ 0.5  │
│   13    │ 12.9  │ 12.9  │ 12.9  │ 12.9  │ 200  │ 2580000  │   22000   │   300   │  3870000  │ 280120000 │ 1671789720000 │ '2022-12-23T10:02:00.000Z' │ 33.3 │ 66.7 │  0  │   0.5    │    2     │ 576.6 │ 578.7 │  0  │ 0.3 │ -100  │ -1290000  │   21200   │   269870000   │  100  │  1290000  │ 0.2  │
│   14    │ 12.9  │ 12.9  │ 12.9  │ 12.9  │      │          │   22800   │   800   │ 10320000  │ 290440000 │ 1671789960000 │ '2022-12-23T10:06:00.000Z' │ 100  │  0   │  0  │ Infinity │    0     │ 576.6 │ 578.7 │  0  │     │  800  │ 10320000  │   22000   │   280190000   │  800  │ 10320000  │ 1.4  │
│   15    │ 12.9  │ 12.9  │ 12.9  │ 12.9  │ 500  │ 6450000  │   23300   │   500   │  6450000  │ 296890000 │ 1671790200000 │ '2022-12-23T10:10:00.000Z' │  0   │ 100  │  0  │    0     │ Infinity │ 576.6 │ 578.7 │  0  │ 0.9 │ -500  │ -6450000  │   21500   │   273740000   │       │           │      │
│   16    │ 12.9  │ 12.9  │ 12.9  │ 12.9  │ 500  │ 6450000  │   23800   │   500   │  6450000  │ 303340000 │ 1671790320000 │ '2022-12-23T10:12:00.000Z' │  0   │ 100  │  0  │    0     │ Infinity │ 576.6 │ 578.7 │  0  │ 0.9 │ -500  │ -6450000  │   21000   │   267290000   │       │           │      │
│   17    │ 12.75 │ 12.8  │ 12.75 │ 12.8  │ 2000 │ 25515000 │   25800   │  2000   │ 25515000  │ 328855000 │ 1671790680000 │ '2022-12-23T10:18:00.000Z' │  0   │ 100  │  0  │    0     │ Infinity │ 576.6 │ 578.7 │  0  │ 3.5 │ -2000 │ -25515000 │   19000   │   241775000   │       │           │      │
│   18    │ 12.75 │ 12.75 │ 12.7  │ 12.75 │ 2000 │ 25490000 │   27800   │  2000   │ 25490000  │ 354345000 │ 1671790800000 │ '2022-12-23T10:20:00.000Z' │  0   │ 100  │  0  │    0     │ Infinity │ 576.6 │ 578.7 │  0  │ 3.5 │ -2000 │ -25490000 │   17000   │   216285000   │       │           │      │
│   19    │ 12.7  │ 12.7  │ 12.7  │ 12.7  │ 2000 │ 25400000 │   29800   │  2000   │ 25400000  │ 379745000 │ 1671790920000 │ '2022-12-23T10:22:00.000Z' │  0   │ 100  │  0  │    0     │ Infinity │ 576.6 │ 578.7 │  0  │ 3.5 │ -2000 │ -25400000 │   15000   │   190885000   │       │           │      │
│   20    │ 12.75 │ 12.75 │ 12.75 │ 12.75 │ 500  │ 6375000  │   30300   │   500   │  6375000  │ 386120000 │ 1671791160000 │ '2022-12-23T10:26:00.000Z' │  0   │ 100  │  0  │    0     │ Infinity │ 576.6 │ 578.7 │  0  │ 0.9 │ -500  │ -6375000  │   14500   │   184510000   │       │           │      │
├─────────┼───────┼───────┼───────┼───────┼──────┼──────────┼───────────┼─────────┼───────────┼───────────┼───────────────┼────────────────────────────┼──────┼──────┼─────┼──────────┼──────────┼───────┼───────┼─────┼─────┼───────┼───────────┼───────────┼───────────────┼───────┼───────────┼──────┤
│ (index) │   c   │   h   │   l   │   o   │  sd  │  val_sd  │ total_vol │ sum_vol │    val    │ acum_val  │   datetime    │            date            │ pbu  │ psd  │ puk │    bs    │    sb    │  abu  │  asd  │ auk │ rsd │ bu-sd │ bu-sd_val │ acum_busd │ acum_busd_val │  bu   │  val_bu   │ rbu  │
├─────────┼───────┼───────┼───────┼───────┼──────┼──────────┼───────────┼─────────┼───────────┼───────────┼───────────────┼────────────────────────────┼──────┼──────┼─────┼──────────┼──────────┼───────┼───────┼─────┼─────┼───────┼───────────┼───────────┼───────────────┼───────┼───────────┼──────┤
│   21    │ 12.75 │ 12.8  │ 12.75 │ 12.8  │ 800  │ 10200000 │   31300   │  1000   │ 12760000  │ 398880000 │ 1671791640000 │ '2022-12-23T10:34:00.000Z' │  20  │  80  │  0  │   0.3    │    4     │ 576.6 │ 578.7 │  0  │ 1.4 │ -600  │ -7640000  │   13900   │   176870000   │  200  │  2560000  │ 0.3  │
│   22    │ 12.75 │ 12.75 │ 12.75 │ 12.75 │ 2000 │ 25500000 │   33300   │  2000   │ 25500000  │ 424380000 │ 1671792720000 │ '2022-12-23T10:52:00.000Z' │  0   │ 100  │  0  │    0     │ Infinity │ 576.6 │ 578.7 │  0  │ 3.5 │ -2000 │ -25500000 │   11900   │   151370000   │       │           │      │
│   23    │ 12.7  │ 12.7  │ 12.7  │ 12.7  │ 1300 │ 16510000 │   34600   │  1300   │ 16510000  │ 440890000 │ 1671793440000 │ '2022-12-23T11:04:00.000Z' │  0   │ 100  │  0  │    0     │ Infinity │ 576.6 │ 578.7 │  0  │ 2.2 │ -1300 │ -16510000 │   10600   │   134860000   │       │           │      │
│   24    │ 12.7  │ 12.7  │ 12.7  │ 12.7  │ 100  │ 1270000  │   34700   │   100   │  1270000  │ 442160000 │ 1671793560000 │ '2022-12-23T11:06:00.000Z' │  0   │ 100  │  0  │    0     │ Infinity │ 576.6 │ 578.7 │  0  │ 0.2 │ -100  │ -1270000  │   10500   │   133590000   │       │           │      │
│   25    │ 12.7  │ 12.7  │ 12.7  │ 12.7  │ 800  │ 10160000 │   35500   │   800   │ 10160000  │ 452320000 │ 1671793680000 │ '2022-12-23T11:08:00.000Z' │  0   │ 100  │  0  │    0     │ Infinity │ 576.6 │ 578.7 │  0  │ 1.4 │ -800  │ -10160000 │   9700    │   123430000   │       │           │      │
│   26    │ 12.7  │ 12.7  │ 12.7  │ 12.7  │ 1000 │ 12700000 │   36500   │  1000   │ 12700000  │ 465020000 │ 1671793920000 │ '2022-12-23T11:12:00.000Z' │  0   │ 100  │  0  │    0     │ Infinity │ 576.6 │ 578.7 │  0  │ 1.7 │ -1000 │ -12700000 │   8700    │   110730000   │       │           │      │
│   27    │ 12.8  │ 12.8  │ 12.8  │ 12.8  │      │          │   37000   │   500   │  6400000  │ 471420000 │ 1671800400000 │ '2022-12-23T13:00:00.000Z' │ 100  │  0   │  0  │ Infinity │    0     │ 576.6 │ 578.7 │  0  │     │  500  │  6400000  │   9200    │   117130000   │  500  │  6400000  │ 0.9  │
│   28    │ 12.75 │ 12.75 │ 12.75 │ 12.75 │ 1600 │ 20400000 │   38600   │  1600   │ 20400000  │ 491820000 │ 1671801240000 │ '2022-12-23T13:14:00.000Z' │  0   │ 100  │  0  │    0     │ Infinity │ 576.6 │ 578.7 │  0  │ 2.8 │ -1600 │ -20400000 │   7600    │   96730000    │       │           │      │
│   29    │ 12.75 │ 12.75 │ 12.75 │ 12.75 │ 100  │ 1275000  │   38700   │   100   │  1275000  │ 493095000 │ 1671801360000 │ '2022-12-23T13:16:00.000Z' │  0   │ 100  │  0  │    0     │ Infinity │ 576.6 │ 578.7 │  0  │ 0.2 │ -100  │ -1275000  │   7500    │   95455000    │       │           │      │
│   30    │ 12.7  │ 12.75 │ 12.7  │ 12.75 │ 5000 │ 63500000 │   44000   │  5300   │ 67325000  │ 560420000 │ 1671801600000 │ '2022-12-23T13:20:00.000Z' │ 5.7  │ 94.3 │  0  │   0.1    │   16.7   │ 576.6 │ 578.7 │  0  │ 8.6 │ -4700 │ -59675000 │   2800    │   35780000    │  300  │  3825000  │ 0.5  │
│   31    │ 12.75 │ 12.75 │ 12.75 │ 12.75 │      │          │   44600   │   600   │  7650000  │ 568070000 │ 1671802200000 │ '2022-12-23T13:30:00.000Z' │ 100  │  0   │  0  │ Infinity │    0     │ 576.6 │ 578.7 │  0  │     │  600  │  7650000  │   3400    │   43430000    │  600  │  7650000  │  1   │
│   32    │ 12.75 │ 12.75 │ 12.75 │ 12.75 │      │          │   44700   │   100   │  1275000  │ 569345000 │ 1671802440000 │ '2022-12-23T13:34:00.000Z' │ 100  │  0   │  0  │ Infinity │    0     │ 576.6 │ 578.7 │  0  │     │  100  │  1275000  │   3500    │   44705000    │  100  │  1275000  │ 0.2  │
│   33    │ 12.75 │ 12.75 │ 12.75 │ 12.75 │      │          │   44900   │   200   │  2550000  │ 571895000 │ 1671802560000 │ '2022-12-23T13:36:00.000Z' │ 100  │  0   │  0  │ Infinity │    0     │ 576.6 │ 578.7 │  0  │     │  200  │  2550000  │   3700    │   47255000    │  200  │  2550000  │ 0.3  │
│   34    │ 12.65 │ 12.7  │ 12.65 │ 12.7  │ 3000 │ 38040000 │   47900   │  3000   │ 38040000  │ 609935000 │ 1671802680000 │ '2022-12-23T13:38:00.000Z' │  0   │ 100  │  0  │    0     │ Infinity │ 576.6 │ 578.7 │  0  │ 5.2 │ -3000 │ -38040000 │    700    │    9215000    │       │           │      │
│   35    │ 12.65 │ 12.65 │ 12.65 │ 12.65 │ 100  │ 1265000  │   48000   │   100   │  1265000  │ 611200000 │ 1671802920000 │ '2022-12-23T13:42:00.000Z' │  0   │ 100  │  0  │    0     │ Infinity │ 576.6 │ 578.7 │  0  │ 0.2 │ -100  │ -1265000  │    600    │    7950000    │       │           │      │
│   36    │ 12.75 │ 12.75 │ 12.75 │ 12.75 │      │          │   48100   │   100   │  1275000  │ 612475000 │ 1671803880000 │ '2022-12-23T13:58:00.000Z' │ 100  │  0   │  0  │ Infinity │    0     │ 576.6 │ 578.7 │  0  │     │  100  │  1275000  │    700    │    9225000    │  100  │  1275000  │ 0.2  │
│   37    │ 12.7  │ 12.7  │ 12.7  │ 12.7  │      │          │   48400   │   300   │  3810000  │ 616285000 │ 1671804120000 │ '2022-12-23T14:02:00.000Z' │ 100  │  0   │  0  │ Infinity │    0     │ 576.6 │ 578.7 │  0  │     │  300  │  3810000  │   1000    │   13035000    │  300  │  3810000  │ 0.5  │
│   38    │ 12.65 │ 12.65 │ 12.65 │ 12.65 │ 100  │ 1265000  │   48500   │   100   │  1265000  │ 617550000 │ 1671804240000 │ '2022-12-23T14:04:00.000Z' │  0   │ 100  │  0  │    0     │ Infinity │ 576.6 │ 578.7 │  0  │ 0.2 │ -100  │ -1265000  │    900    │   11770000    │       │           │      │
│   39    │ 12.7  │ 12.7  │ 12.7  │ 12.7  │      │          │   48600   │   100   │  1270000  │ 618820000 │ 1671804600000 │ '2022-12-23T14:10:00.000Z' │ 100  │  0   │  0  │ Infinity │    0     │ 576.6 │ 578.7 │  0  │     │  100  │  1270000  │   1000    │   13040000    │  100  │  1270000  │ 0.2  │
│   40    │ 12.75 │ 12.75 │ 12.75 │ 12.75 │      │          │   50100   │  1500   │ 19125000  │ 637945000 │ 1671804720000 │ '2022-12-23T14:12:00.000Z' │ 100  │  0   │  0  │ Infinity │    0     │ 576.6 │ 578.7 │  0  │     │ 1500  │ 19125000  │   2500    │   32165000    │ 1500  │ 19125000  │ 2.6  │
├─────────┼───────┼───────┼───────┼───────┼──────┼──────────┼───────────┼─────────┼───────────┼───────────┼───────────────┼────────────────────────────┼──────┼──────┼─────┼──────────┼──────────┼───────┼───────┼─────┼─────┼───────┼───────────┼───────────┼───────────────┼───────┼───────────┼──────┤
│ (index) │   c   │   h   │   l   │   o   │  sd  │  val_sd  │ total_vol │ sum_vol │    val    │ acum_val  │   datetime    │            date            │ pbu  │ psd  │ puk │    bs    │    sb    │  abu  │  asd  │ auk │ rsd │ bu-sd │ bu-sd_val │ acum_busd │ acum_busd_val │  bu   │  val_bu   │ rbu  │
├─────────┼───────┼───────┼───────┼───────┼──────┼──────────┼───────────┼─────────┼───────────┼───────────┼───────────────┼────────────────────────────┼──────┼──────┼─────┼──────────┼──────────┼───────┼───────┼─────┼─────┼───────┼───────────┼───────────┼───────────────┼───────┼───────────┼──────┤
│   41    │ 12.75 │ 12.75 │ 12.75 │ 12.75 │      │          │   50200   │   100   │  1275000  │ 639220000 │ 1671804960000 │ '2022-12-23T14:16:00.000Z' │ 100  │  0   │  0  │ Infinity │    0     │ 576.6 │ 578.7 │  0  │     │  100  │  1275000  │   2600    │   33440000    │  100  │  1275000  │ 0.2  │
│   42    │ 12.75 │ 12.75 │ 12.75 │ 12.75 │ 900  │ 11475000 │   51100   │   900   │ 11475000  │ 650695000 │ 1671805080000 │ '2022-12-23T14:18:00.000Z' │  0   │ 100  │  0  │    0     │ Infinity │ 576.6 │ 578.7 │  0  │ 1.6 │ -900  │ -11475000 │   1700    │   21965000    │       │           │      │
│   43    │ 12.65 │ 12.75 │ 12.65 │ 12.75 │ 2100 │ 26690000 │   53200   │  2100   │ 26690000  │ 677385000 │ 1671805320000 │ '2022-12-23T14:22:00.000Z' │  0   │ 100  │  0  │    0     │ Infinity │ 576.6 │ 578.7 │  0  │ 3.6 │ -2100 │ -26690000 │   -400    │   -4725000    │       │           │      │
│   44    │ 12.7  │ 12.7  │ 12.7  │ 12.7  │ 400  │ 5080000  │   53600   │   400   │  5080000  │ 682465000 │ 1671805560000 │ '2022-12-23T14:26:00.000Z' │  0   │ 100  │  0  │    0     │ Infinity │ 576.6 │ 578.7 │  0  │ 0.7 │ -400  │ -5080000  │   -800    │   -9805000    │       │           │      │
│   45    │ 12.75 │ 12.75 │ 12.75 │ 12.75 │      │          │   54100   │   500   │  6375000  │ 688840000 │ 1671805680000 │ '2022-12-23T14:28:00.000Z' │ 100  │  0   │  0  │ Infinity │    0     │ 576.6 │ 578.7 │  0  │     │  500  │  6375000  │   -300    │   -3430000    │  500  │  6375000  │ 0.9  │
│   46    │ 12.75 │ 12.75 │ 12.75 │ 12.75 │      │          │   54300   │   200   │  2550000  │ 691390000 │ 1671806640000 │ '2022-12-23T14:44:00.000Z' │ 100  │  0   │  0  │ Infinity │    0     │ 576.6 │ 578.7 │  0  │     │  200  │  2550000  │   -100    │    -880000    │  200  │  2550000  │ 0.3  │
└─────────┴───────┴───────┴───────┴───────┴──────┴──────────┴───────────┴─────────┴───────────┴───────────┴───────────────┴────────────────────────────┴──────┴──────┴─────┴──────────┴──────────┴───────┴───────┴─────┴─────┴───────┴───────────┴───────────┴───────────────┴───────┴───────────┴──────┘

