┌─────────┬─────┬─────┬─────┬─────┬───────┬───────────┬───────────┬─────────┬───────────┬───────────┬───────────────┬────────────────────────────┬─────┬──────┬─────┬──────────┬──────────┬────────┬────────┬─────┬─────┬────────┬───────────┬───────────┬───────────────┬───────┬──────────┬─────┐
│ (index) │  c  │  h  │  l  │  o  │  bu   │  val_bu   │ total_vol │ sum_vol │    val    │ acum_val  │   datetime    │            date            │ pbu │ psd  │ puk │    bs    │    sb    │  abu   │  asd   │ auk │ rbu │ bu-sd  │ bu-sd_val │ acum_busd │ acum_busd_val │  sd   │  val_sd  │ rsd │
├─────────┼─────┼─────┼─────┼─────┼───────┼───────────┼───────────┼─────────┼───────────┼───────────┼───────────────┼────────────────────────────┼─────┼──────┼─────┼──────────┼──────────┼────────┼────────┼─────┼─────┼────────┼───────────┼───────────┼───────────────┼───────┼──────────┼─────┤
│    0    │ 3.7 │ 3.7 │ 3.7 │ 3.7 │  100  │  370000   │    100    │   100   │  370000   │  370000   │ 1671786300000 │ '2022-12-23T09:05:00.000Z' │ 100 │  0   │  0  │ Infinity │    0     │ 3228.6 │ 1485.7 │  0  │  0  │  100   │  370000   │    100    │    370000     │       │          │     │
│    1    │ 3.7 │ 3.7 │ 3.7 │ 3.7 │  800  │  2960000  │    900    │   800   │  2960000  │  3330000  │ 1671787200000 │ '2022-12-23T09:20:00.000Z' │ 100 │  0   │  0  │ Infinity │    0     │ 3228.6 │ 1485.7 │  0  │ 0.2 │  800   │  2960000  │    900    │    3330000    │       │          │     │
│    2    │ 3.7 │ 3.7 │ 3.7 │ 3.7 │ 3800  │ 14060000  │   4700    │  3800   │ 14060000  │ 17390000  │ 1671788100000 │ '2022-12-23T09:35:00.000Z' │ 100 │  0   │  0  │ Infinity │    0     │ 3228.6 │ 1485.7 │  0  │ 1.2 │  3800  │ 14060000  │   4700    │   17390000    │       │          │     │
│    3    │ 3.7 │ 3.7 │ 3.7 │ 3.7 │  200  │  740000   │   4900    │   200   │  740000   │ 18130000  │ 1671788400000 │ '2022-12-23T09:40:00.000Z' │ 100 │  0   │  0  │ Infinity │    0     │ 3228.6 │ 1485.7 │  0  │ 0.1 │  200   │  740000   │   4900    │   18130000    │       │          │     │
│    4    │ 3.7 │ 3.7 │ 3.7 │ 3.7 │ 2000  │  7400000  │   6900    │  2000   │  7400000  │ 25530000  │ 1671788700000 │ '2022-12-23T09:45:00.000Z' │ 100 │  0   │  0  │ Infinity │    0     │ 3228.6 │ 1485.7 │  0  │ 0.6 │  2000  │  7400000  │   6900    │   25530000    │       │          │     │
│    5    │ 3.6 │ 3.6 │ 3.6 │ 3.6 │       │           │   12900   │  6000   │ 21600000  │ 47130000  │ 1671789000000 │ '2022-12-23T09:50:00.000Z' │  0  │ 100  │  0  │    0     │ Infinity │ 3228.6 │ 1485.7 │  0  │     │ -6000  │ -21600000 │    900    │    3930000    │ 6000  │ 21600000 │  4  │
│    6    │ 3.7 │ 3.7 │ 3.7 │ 3.7 │  100  │  370000   │   13000   │   100   │  370000   │ 47500000  │ 1671790200000 │ '2022-12-23T10:10:00.000Z' │ 100 │  0   │  0  │ Infinity │    0     │ 3228.6 │ 1485.7 │  0  │  0  │  100   │  370000   │   1000    │    4300000    │       │          │     │
│    7    │ 3.6 │ 3.7 │ 3.6 │ 3.7 │  200  │  740000   │   31100   │  18100  │ 65180000  │ 112680000 │ 1671790500000 │ '2022-12-23T10:15:00.000Z' │ 1.1 │ 98.9 │  0  │    0     │   89.5   │ 3228.6 │ 1485.7 │  0  │ 0.1 │ -17700 │ -63700000 │  -16700   │   -59400000   │ 17900 │ 64440000 │ 12  │
│    8    │ 3.6 │ 3.6 │ 3.6 │ 3.6 │       │           │   32100   │  1000   │  3600000  │ 116280000 │ 1671791100000 │ '2022-12-23T10:25:00.000Z' │  0  │ 100  │  0  │    0     │ Infinity │ 3228.6 │ 1485.7 │  0  │     │ -1000  │ -3600000  │  -17700   │   -63000000   │ 1000  │ 3600000  │ 0.7 │
│    9    │ 3.6 │ 3.6 │ 3.6 │ 3.6 │       │           │   33100   │  1000   │  3600000  │ 119880000 │ 1671791700000 │ '2022-12-23T10:35:00.000Z' │  0  │ 100  │  0  │    0     │ Infinity │ 3228.6 │ 1485.7 │  0  │     │ -1000  │ -3600000  │  -18700   │   -66600000   │ 1000  │ 3600000  │ 0.7 │
│   10    │ 3.7 │ 3.7 │ 3.7 │ 3.7 │ 1000  │  3700000  │   34100   │  1000   │  3700000  │ 123580000 │ 1671792300000 │ '2022-12-23T10:45:00.000Z' │ 100 │  0   │  0  │ Infinity │    0     │ 3228.6 │ 1485.7 │  0  │ 0.3 │  1000  │  3700000  │  -17700   │   -62900000   │       │          │     │
│   11    │ 3.6 │ 3.6 │ 3.6 │ 3.6 │       │           │   35400   │  1300   │  4680000  │ 128260000 │ 1671793200000 │ '2022-12-23T11:00:00.000Z' │  0  │ 100  │  0  │    0     │ Infinity │ 3228.6 │ 1485.7 │  0  │     │ -1300  │ -4680000  │  -19000   │   -67580000   │ 1300  │ 4680000  │ 0.9 │
│   12    │ 3.6 │ 3.6 │ 3.6 │ 3.6 │       │           │   35500   │   100   │  360000   │ 128620000 │ 1671793800000 │ '2022-12-23T11:10:00.000Z' │  0  │ 100  │  0  │    0     │ Infinity │ 3228.6 │ 1485.7 │  0  │     │  -100  │  -360000  │  -19100   │   -67940000   │  100  │  360000  │ 0.1 │
│   13    │ 3.6 │ 3.6 │ 3.6 │ 3.6 │       │           │   38500   │  3000   │ 10800000  │ 139420000 │ 1671794700000 │ '2022-12-23T11:25:00.000Z' │  0  │ 100  │  0  │    0     │ Infinity │ 3228.6 │ 1485.7 │  0  │     │ -3000  │ -10800000 │  -22100   │   -78740000   │ 3000  │ 10800000 │  2  │
│   14    │ 3.6 │ 3.6 │ 3.6 │ 3.6 │       │           │   41500   │  3000   │ 10800000  │ 150220000 │ 1671800400000 │ '2022-12-23T13:00:00.000Z' │  0  │ 100  │  0  │    0     │ Infinity │ 3228.6 │ 1485.7 │  0  │     │ -3000  │ -10800000 │  -25100   │   -89540000   │ 3000  │ 10800000 │  2  │
│   15    │ 3.6 │ 3.6 │ 3.6 │ 3.6 │       │           │   41800   │   300   │  1080000  │ 151300000 │ 1671800700000 │ '2022-12-23T13:05:00.000Z' │  0  │ 100  │  0  │    0     │ Infinity │ 3228.6 │ 1485.7 │  0  │     │  -300  │ -1080000  │  -25400   │   -90620000   │  300  │ 1080000  │ 0.2 │
│   16    │ 3.6 │ 3.6 │ 3.6 │ 3.6 │       │           │   42300   │   500   │  1800000  │ 153100000 │ 1671802200000 │ '2022-12-23T13:30:00.000Z' │  0  │ 100  │  0  │    0     │ Infinity │ 3228.6 │ 1485.7 │  0  │     │  -500  │ -1800000  │  -25900   │   -92420000   │  500  │ 1800000  │ 0.3 │
│   17    │ 3.7 │ 3.7 │ 3.7 │ 3.7 │ 28200 │ 104340000 │   70500   │  28200  │ 104340000 │ 257440000 │ 1671802800000 │ '2022-12-23T13:40:00.000Z' │ 100 │  0   │  0  │ Infinity │    0     │ 3228.6 │ 1485.7 │  0  │ 8.7 │ 28200  │ 104340000 │   2300    │   11920000    │       │          │     │
│   18    │ 3.7 │ 3.7 │ 3.7 │ 3.7 │ 20900 │ 77330000  │   91400   │  20900  │ 77330000  │ 334770000 │ 1671803100000 │ '2022-12-23T13:45:00.000Z' │ 100 │  0   │  0  │ Infinity │    0     │ 3228.6 │ 1485.7 │  0  │ 6.5 │ 20900  │ 77330000  │   23200   │   89250000    │       │          │     │
│   19    │ 3.7 │ 3.7 │ 3.7 │ 3.7 │  900  │  3330000  │   92300   │   900   │  3330000  │ 338100000 │ 1671803400000 │ '2022-12-23T13:50:00.000Z' │ 100 │  0   │  0  │ Infinity │    0     │ 3228.6 │ 1485.7 │  0  │ 0.3 │  900   │  3330000  │   24100   │   92580000    │       │          │     │
│   20    │ 3.7 │ 3.7 │ 3.7 │ 3.7 │ 1700  │  6290000  │   94000   │  1700   │  6290000  │ 344390000 │ 1671804900000 │ '2022-12-23T14:15:00.000Z' │ 100 │  0   │  0  │ Infinity │    0     │ 3228.6 │ 1485.7 │  0  │ 0.5 │  1700  │  6290000  │   25800   │   98870000    │       │          │     │
├─────────┼─────┼─────┼─────┼─────┼───────┼───────────┼───────────┼─────────┼───────────┼───────────┼───────────────┼────────────────────────────┼─────┼──────┼─────┼──────────┼──────────┼────────┼────────┼─────┼─────┼────────┼───────────┼───────────┼───────────────┼───────┼──────────┼─────┤
│ (index) │  c  │  h  │  l  │  o  │  bu   │  val_bu   │ total_vol │ sum_vol │    val    │ acum_val  │   datetime    │            date            │ pbu │ psd  │ puk │    bs    │    sb    │  abu   │  asd   │ auk │ rbu │ bu-sd  │ bu-sd_val │ acum_busd │ acum_busd_val │  sd   │  val_sd  │ rsd │
├─────────┼─────┼─────┼─────┼─────┼───────┼───────────┼───────────┼─────────┼───────────┼───────────┼───────────────┼────────────────────────────┼─────┼──────┼─────┼──────────┼──────────┼────────┼────────┼─────┼─────┼────────┼───────────┼───────────┼───────────────┼───────┼──────────┼─────┤
│   21    │ 3.7 │ 3.7 │ 3.7 │ 3.7 │ 7200  │ 26640000  │  101200   │  7200   │ 26640000  │ 371030000 │ 1671805200000 │ '2022-12-23T14:20:00.000Z' │ 100 │  0   │  0  │ Infinity │    0     │ 3228.6 │ 1485.7 │  0  │ 2.2 │  7200  │ 26640000  │   33000   │   125510000   │       │          │     │
│   22    │ 3.7 │ 3.7 │ 3.7 │ 3.7 │ 3000  │ 11100000  │  104200   │  3000   │ 11100000  │ 382130000 │ 1671805500000 │ '2022-12-23T14:25:00.000Z' │ 100 │  0   │  0  │ Infinity │    0     │ 3228.6 │ 1485.7 │  0  │ 0.9 │  3000  │ 11100000  │   36000   │   136610000   │       │          │     │
│   23    │ 3.6 │ 3.6 │ 3.6 │ 3.6 │       │           │  104700   │   500   │  1800000  │ 383930000 │ 1671805800000 │ '2022-12-23T14:30:00.000Z' │  0  │ 100  │  0  │    0     │ Infinity │ 3228.6 │ 1485.7 │  0  │     │  -500  │ -1800000  │   35500   │   134810000   │  500  │ 1800000  │ 0.3 │
│   24    │ 3.7 │ 3.7 │ 3.6 │ 3.6 │  100  │  370000   │  110800   │  6100   │ 21970000  │ 405900000 │ 1671806100000 │ '2022-12-23T14:35:00.000Z' │ 1.6 │ 98.4 │  0  │    0     │    60    │ 3228.6 │ 1485.7 │  0  │  0  │ -5900  │ -21230000 │   29600   │   113580000   │ 6000  │ 21600000 │  4  │
│   25    │ 3.6 │ 3.6 │ 3.6 │ 3.6 │       │           │  111800   │  1000   │  3600000  │ 409500000 │ 1671806700000 │ '2022-12-23T14:45:00.000Z' │  0  │ 100  │  0  │    0     │ Infinity │ 3228.6 │ 1485.7 │  0  │     │ -1000  │ -3600000  │   28600   │   109980000   │ 1000  │ 3600000  │ 0.7 │
│   26    │ 3.7 │ 3.7 │ 3.7 │ 3.7 │  200  │  740000   │  112000   │   200   │  740000   │ 410240000 │ 1671807000000 │ '2022-12-23T14:50:00.000Z' │ 100 │  0   │  0  │ Infinity │    0     │ 3228.6 │ 1485.7 │  0  │ 0.1 │  200   │  740000   │   28800   │   110720000   │       │          │     │
│   27    │ 3.7 │ 3.7 │ 3.7 │ 3.7 │ 20000 │ 74000000  │  132000   │  20000  │ 74000000  │ 484240000 │ 1671807300000 │ '2022-12-23T14:55:00.000Z' │ 100 │  0   │  0  │ Infinity │    0     │ 3228.6 │ 1485.7 │  0  │ 6.2 │ 20000  │ 74000000  │   48800   │   184720000   │       │          │     │
└─────────┴─────┴─────┴─────┴─────┴───────┴───────────┴───────────┴─────────┴───────────┴───────────┴───────────────┴────────────────────────────┴─────┴──────┴─────┴──────────┴──────────┴────────┴────────┴─────┴─────┴────────┴───────────┴───────────┴───────────────┴───────┴──────────┴─────┘

