┌─────────┬───────┬───────┬───────┬───────┬──────┬───────────┬───────────┬─────────┬───────────┬───────────┬───────────────┬────────────────────────────┬──────┬─────┬─────┬──────────┬──────────┬───────┬───────┬─────┬──────┬───────┬───────────┬───────────┬───────────────┬──────┬──────────┬─────┐
│ (index) │   c   │   h   │   l   │   o   │  bu  │  val_bu   │ total_vol │ sum_vol │    val    │ acum_val  │   datetime    │            date            │ pbu  │ psd │ puk │    bs    │    sb    │  abu  │  asd  │ auk │ rbu  │ bu-sd │ bu-sd_val │ acum_busd │ acum_busd_val │  sd  │  val_sd  │ rsd │
├─────────┼───────┼───────┼───────┼───────┼──────┼───────────┼───────────┼─────────┼───────────┼───────────┼───────────────┼────────────────────────────┼──────┼─────┼─────┼──────────┼──────────┼───────┼───────┼─────┼──────┼───────┼───────────┼───────────┼───────────────┼──────┼──────────┼─────┤
│    0    │ 15.2  │ 15.2  │ 15.2  │ 15.2  │ 800  │ 12160000  │    800    │   800   │ 12160000  │ 12160000  │ 1671787920000 │ '2022-12-23T09:32:00.000Z' │ 100  │  0  │  0  │ Infinity │    0     │ 623.1 │ 542.3 │  0  │ 1.3  │  800  │ 12160000  │    800    │   12160000    │      │          │     │
│    1    │ 15.25 │ 15.25 │ 15.25 │ 15.25 │ 200  │  3050000  │   1000    │   200   │  3050000  │ 15210000  │ 1671788040000 │ '2022-12-23T09:34:00.000Z' │ 100  │  0  │  0  │ Infinity │    0     │ 623.1 │ 542.3 │  0  │ 0.3  │  200  │  3050000  │   1000    │   15210000    │      │          │     │
│    2    │  15   │  15   │  15   │  15   │      │           │   1100    │   100   │   1500    │ 15211500  │ 1671788400000 │ '2022-12-23T09:40:00.000Z' │  0   │ 100 │  0  │    0     │ Infinity │ 623.1 │ 542.3 │  0  │      │ -100  │   -1500   │    900    │   15208500    │ 100  │   1500   │ 0.2 │
│    3    │  15   │  15   │  15   │  15   │ 900  │   13500   │   2000    │   900   │   13500   │ 15225000  │ 1671788520000 │ '2022-12-23T09:42:00.000Z' │ 100  │  0  │  0  │ Infinity │    0     │ 623.1 │ 542.3 │  0  │ 1.4  │  900  │   13500   │   1800    │   15222000    │      │          │     │
│    4    │  15   │  15   │  15   │  15   │      │           │   4100    │  2100   │   31500   │ 15256500  │ 1671788880000 │ '2022-12-23T09:48:00.000Z' │  0   │ 100 │  0  │    0     │ Infinity │ 623.1 │ 542.3 │  0  │      │ -2100 │  -31500   │   -300    │   15190500    │ 2100 │  31500   │ 3.9 │
│    5    │  15   │  15   │  15   │  15   │ 1000 │   15000   │   5100    │  1000   │   15000   │ 15271500  │ 1671789120000 │ '2022-12-23T09:52:00.000Z' │ 100  │  0  │  0  │ Infinity │    0     │ 623.1 │ 542.3 │  0  │ 1.6  │ 1000  │   15000   │    700    │   15205500    │      │          │     │
│    6    │  15   │  15   │  15   │  15   │ 2900 │   43500   │   8300    │  3200   │   48000   │ 15319500  │ 1671789480000 │ '2022-12-23T09:58:00.000Z' │ 90.6 │ 9.4 │  0  │   9.7    │   0.1    │ 623.1 │ 542.3 │  0  │ 4.7  │ 2600  │   39000   │   3300    │   15244500    │ 300  │   4500   │ 0.6 │
│    7    │  15   │  15   │  15   │  15   │      │           │   10100   │  1800   │   27000   │ 15346500  │ 1671789600000 │ '2022-12-23T10:00:00.000Z' │  0   │ 100 │  0  │    0     │ Infinity │ 623.1 │ 542.3 │  0  │      │ -1800 │  -27000   │   1500    │   15217500    │ 1800 │  27000   │ 3.3 │
│    8    │  15   │  15   │  15   │  15   │ 600  │   9000    │   10700   │   600   │   9000    │ 15355500  │ 1671789840000 │ '2022-12-23T10:04:00.000Z' │ 100  │  0  │  0  │ Infinity │    0     │ 623.1 │ 542.3 │  0  │  1   │  600  │   9000    │   2100    │   15226500    │      │          │     │
│    9    │ 15.2  │ 15.2  │ 15.2  │ 15.2  │ 2000 │ 30400000  │   12700   │  2000   │ 30400000  │ 45755500  │ 1671790200000 │ '2022-12-23T10:10:00.000Z' │ 100  │  0  │  0  │ Infinity │    0     │ 623.1 │ 542.3 │  0  │ 3.2  │ 2000  │ 30400000  │   4100    │   45626500    │      │          │     │
│   10    │ 15.2  │ 15.2  │ 15.15 │ 15.15 │ 7300 │ 110935000 │   20100   │  7400   │ 112455000 │ 158210500 │ 1671790560000 │ '2022-12-23T10:16:00.000Z' │ 98.6 │ 1.4 │  0  │    73    │    0     │ 623.1 │ 542.3 │  0  │ 11.7 │ 7200  │ 109415000 │   11300   │   155041500   │ 100  │ 1520000  │ 0.2 │
│   11    │ 15.2  │ 15.2  │ 15.2  │ 15.2  │      │           │   22200   │  2100   │ 31920000  │ 190130500 │ 1671790680000 │ '2022-12-23T10:18:00.000Z' │  0   │ 100 │  0  │    0     │ Infinity │ 623.1 │ 542.3 │  0  │      │ -2100 │ -31920000 │   9200    │   123121500   │ 2100 │ 31920000 │ 3.9 │
│   12    │ 15.2  │ 15.2  │ 15.2  │ 15.2  │      │           │   22700   │   500   │  7600000  │ 197730500 │ 1671790920000 │ '2022-12-23T10:22:00.000Z' │  0   │ 100 │  0  │    0     │ Infinity │ 623.1 │ 542.3 │  0  │      │ -500  │ -7600000  │   8700    │   115521500   │ 500  │ 7600000  │ 0.9 │
│   13    │ 15.2  │ 15.2  │ 15.2  │ 15.2  │ 100  │  1520000  │   22800   │   100   │  1520000  │ 199250500 │ 1671792000000 │ '2022-12-23T10:40:00.000Z' │ 100  │  0  │  0  │ Infinity │    0     │ 623.1 │ 542.3 │  0  │ 0.2  │  100  │  1520000  │   8800    │   117041500   │      │          │     │
│   14    │  15   │  15   │  15   │  15   │      │           │   25800   │  3000   │   45000   │ 199295500 │ 1671792600000 │ '2022-12-23T10:50:00.000Z' │  0   │ 100 │  0  │    0     │ Infinity │ 623.1 │ 542.3 │  0  │      │ -3000 │  -45000   │   5800    │   116996500   │ 3000 │  45000   │ 5.5 │
│   15    │  15   │  15   │  15   │  15   │      │           │   25900   │   100   │   1500    │ 199297000 │ 1671793680000 │ '2022-12-23T11:08:00.000Z' │  0   │ 100 │  0  │    0     │ Infinity │ 623.1 │ 542.3 │  0  │      │ -100  │   -1500   │   5700    │   116995000   │ 100  │   1500   │ 0.2 │
│   16    │  15   │  15   │  15   │  15   │      │           │   26300   │   400   │   6000    │ 199303000 │ 1671793800000 │ '2022-12-23T11:10:00.000Z' │  0   │ 100 │  0  │    0     │ Infinity │ 623.1 │ 542.3 │  0  │      │ -400  │   -6000   │   5300    │   116989000   │ 400  │   6000   │ 0.7 │
│   17    │  15   │  15   │  15   │  15   │      │           │   26600   │   300   │   4500    │ 199307500 │ 1671794280000 │ '2022-12-23T11:18:00.000Z' │  0   │ 100 │  0  │    0     │ Infinity │ 623.1 │ 542.3 │  0  │      │ -300  │   -4500   │   5000    │   116984500   │ 300  │   4500   │ 0.6 │
│   18    │  15   │  15   │  15   │  15   │ 100  │   1500    │   26700   │   100   │   1500    │ 199309000 │ 1671794400000 │ '2022-12-23T11:20:00.000Z' │ 100  │  0  │  0  │ Infinity │    0     │ 623.1 │ 542.3 │  0  │ 0.2  │  100  │   1500    │   5100    │   116986000   │      │          │     │
│   19    │ 14.95 │ 14.95 │ 14.95 │ 14.95 │      │           │   27200   │   500   │  7475000  │ 206784000 │ 1671801360000 │ '2022-12-23T13:16:00.000Z' │  0   │ 100 │  0  │    0     │ Infinity │ 623.1 │ 542.3 │  0  │      │ -500  │ -7475000  │   4600    │   109511000   │ 500  │ 7475000  │ 0.9 │
│   20    │ 14.9  │ 14.95 │ 14.9  │ 14.95 │ 100  │  1495000  │   27400   │   200   │  2985000  │ 209769000 │ 1671801480000 │ '2022-12-23T13:18:00.000Z' │  50  │ 50  │  0  │    1     │    1     │ 623.1 │ 542.3 │  0  │ 0.2  │   0   │   5000    │   4600    │   109516000   │ 100  │ 1490000  │ 0.2 │
├─────────┼───────┼───────┼───────┼───────┼──────┼───────────┼───────────┼─────────┼───────────┼───────────┼───────────────┼────────────────────────────┼──────┼─────┼─────┼──────────┼──────────┼───────┼───────┼─────┼──────┼───────┼───────────┼───────────┼───────────────┼──────┼──────────┼─────┤
│ (index) │   c   │   h   │   l   │   o   │  bu  │  val_bu   │ total_vol │ sum_vol │    val    │ acum_val  │   datetime    │            date            │ pbu  │ psd │ puk │    bs    │    sb    │  abu  │  asd  │ auk │ rbu  │ bu-sd │ bu-sd_val │ acum_busd │ acum_busd_val │  sd  │  val_sd  │ rsd │
├─────────┼───────┼───────┼───────┼───────┼──────┼───────────┼───────────┼─────────┼───────────┼───────────┼───────────────┼────────────────────────────┼──────┼─────┼─────┼──────────┼──────────┼───────┼───────┼─────┼──────┼───────┼───────────┼───────────┼───────────────┼──────┼──────────┼─────┤
│   21    │ 14.85 │ 14.9  │ 14.85 │ 14.9  │      │           │   28400   │  1000   │ 14885000  │ 224654000 │ 1671801720000 │ '2022-12-23T13:22:00.000Z' │  0   │ 100 │  0  │    0     │ Infinity │ 623.1 │ 542.3 │  0  │      │ -1000 │ -14885000 │   3600    │   94631000    │ 1000 │ 14885000 │ 1.8 │
│   22    │  15   │  15   │  15   │  15   │      │           │   28500   │   100   │   1500    │ 224655500 │ 1671803040000 │ '2022-12-23T13:44:00.000Z' │  0   │ 100 │  0  │    0     │ Infinity │ 623.1 │ 542.3 │  0  │      │ -100  │   -1500   │   3500    │   94629500    │ 100  │   1500   │ 0.2 │
│   23    │  15   │  15   │  15   │  15   │      │           │   29200   │   700   │   10500   │ 224666000 │ 1671803160000 │ '2022-12-23T13:46:00.000Z' │  0   │ 100 │  0  │    0     │ Infinity │ 623.1 │ 542.3 │  0  │      │ -700  │  -10500   │   2800    │   94619000    │ 700  │  10500   │ 1.3 │
│   24    │  15   │  15   │  15   │  15   │      │           │   30100   │   900   │   13500   │ 224679500 │ 1671803520000 │ '2022-12-23T13:52:00.000Z' │  0   │ 100 │  0  │    0     │ Infinity │ 623.1 │ 542.3 │  0  │      │ -900  │  -13500   │   1900    │   94605500    │ 900  │  13500   │ 1.7 │
│   25    │  15   │  15   │  15   │  15   │ 200  │   3000    │   30300   │   200   │   3000    │ 224682500 │ 1671806640000 │ '2022-12-23T14:44:00.000Z' │ 100  │  0  │  0  │ Infinity │    0     │ 623.1 │ 542.3 │  0  │ 0.3  │  200  │   3000    │   2100    │   94608500    │      │          │     │
└─────────┴───────┴───────┴───────┴───────┴──────┴───────────┴───────────┴─────────┴───────────┴───────────┴───────────────┴────────────────────────────┴──────┴─────┴─────┴──────────┴──────────┴───────┴───────┴─────┴──────┴───────┴───────────┴───────────┴───────────────┴──────┴──────────┴─────┘

