┌─────────┬──────┬──────┬──────┬──────┬───────┬───────────┬───────────┬─────────┬───────────┬───────────┬───────────────┬────────────────────────────┬─────┬──────┬─────┬──────────┬──────────┬───────┬────────┬─────┬─────┬────────┬────────────┬───────────┬───────────────┬──────┬──────────┬─────┐
│ (index) │  c   │  h   │  l   │  o   │  sd   │  val_sd   │ total_vol │ sum_vol │    val    │ acum_val  │   datetime    │            date            │ pbu │ psd  │ puk │    bs    │    sb    │  abu  │  asd   │ auk │ rsd │ bu-sd  │ bu-sd_val  │ acum_busd │ acum_busd_val │  bu  │  val_bu  │ rbu │
├─────────┼──────┼──────┼──────┼──────┼───────┼───────────┼───────────┼─────────┼───────────┼───────────┼───────────────┼────────────────────────────┼─────┼──────┼─────┼──────────┼──────────┼───────┼────────┼─────┼─────┼────────┼────────────┼───────────┼───────────────┼──────┼──────────┼─────┤
│    0    │ 3.5  │ 3.5  │ 3.5  │ 3.5  │  500  │  1750000  │    500    │   500   │  1750000  │  1750000  │ 1671786840000 │ '2022-12-23T09:14:00.000Z' │  0  │ 100  │  0  │    0     │ Infinity │ 482.4 │ 3670.6 │  0  │ 0.1 │  -500  │  -1750000  │   -500    │   -1750000    │      │          │     │
│    1    │ 3.71 │ 3.71 │ 3.71 │ 3.71 │       │           │    600    │   100   │  371000   │  2121000  │ 1671790200000 │ '2022-12-23T10:10:00.000Z' │ 100 │  0   │  0  │ Infinity │    0     │ 482.4 │ 3670.6 │  0  │     │  100   │   371000   │   -400    │   -1379000    │ 100  │  371000  │ 0.2 │
│    2    │ 3.71 │ 3.71 │ 3.71 │ 3.71 │       │           │   1100    │   500   │  1855000  │  3976000  │ 1671790320000 │ '2022-12-23T10:12:00.000Z' │ 100 │  0   │  0  │ Infinity │    0     │ 482.4 │ 3670.6 │  0  │     │  500   │  1855000   │    100    │    476000     │ 500  │ 1855000  │  1  │
│    3    │ 3.55 │ 3.55 │ 3.55 │ 3.55 │  100  │  355000   │   1200    │   100   │  355000   │  4331000  │ 1671791040000 │ '2022-12-23T10:24:00.000Z' │  0  │ 100  │  0  │    0     │ Infinity │ 482.4 │ 3670.6 │  0  │  0  │  -100  │  -355000   │     0     │    121000     │      │          │     │
│    4    │ 3.55 │ 3.55 │ 3.55 │ 3.55 │  500  │  1775000  │   1700    │   500   │  1775000  │  6106000  │ 1671791520000 │ '2022-12-23T10:32:00.000Z' │  0  │ 100  │  0  │    0     │ Infinity │ 482.4 │ 3670.6 │  0  │ 0.1 │  -500  │  -1775000  │   -500    │   -1654000    │      │          │     │
│    5    │ 3.7  │ 3.7  │ 3.7  │ 3.7  │       │           │   1800    │   100   │  370000   │  6476000  │ 1671792000000 │ '2022-12-23T10:40:00.000Z' │ 100 │  0   │  0  │ Infinity │    0     │ 482.4 │ 3670.6 │  0  │     │  100   │   370000   │   -400    │   -1284000    │ 100  │  370000  │ 0.2 │
│    6    │ 3.52 │ 3.54 │ 3.52 │ 3.54 │ 3500  │ 12339000  │   5300    │  3500   │ 12339000  │ 18815000  │ 1671802080000 │ '2022-12-23T13:28:00.000Z' │  0  │ 100  │  0  │    0     │ Infinity │ 482.4 │ 3670.6 │  0  │  1  │ -3500  │ -12339000  │   -3900   │   -13623000   │      │          │     │
│    7    │ 3.52 │ 3.52 │ 3.52 │ 3.52 │       │           │   6600    │  1300   │  4576000  │ 23391000  │ 1671802200000 │ '2022-12-23T13:30:00.000Z' │ 100 │  0   │  0  │ Infinity │    0     │ 482.4 │ 3670.6 │  0  │     │  1300  │  4576000   │   -2600   │   -9047000    │ 1300 │ 4576000  │ 2.7 │
│    8    │ 3.52 │ 3.52 │ 3.52 │ 3.52 │       │           │   9600    │  3000   │ 10560000  │ 33951000  │ 1671802320000 │ '2022-12-23T13:32:00.000Z' │ 100 │  0   │  0  │ Infinity │    0     │ 482.4 │ 3670.6 │  0  │     │  3000  │  10560000  │    400    │    1513000    │ 3000 │ 10560000 │ 6.2 │
│    9    │ 3.52 │ 3.52 │ 3.52 │ 3.52 │       │           │   9700    │   100   │  352000   │ 34303000  │ 1671802560000 │ '2022-12-23T13:36:00.000Z' │ 100 │  0   │  0  │ Infinity │    0     │ 482.4 │ 3670.6 │  0  │     │  100   │   352000   │    500    │    1865000    │ 100  │  352000  │ 0.2 │
│   10    │ 3.52 │ 3.52 │ 3.52 │ 3.52 │       │           │   11800   │  2100   │  7392000  │ 41695000  │ 1671802680000 │ '2022-12-23T13:38:00.000Z' │ 100 │  0   │  0  │ Infinity │    0     │ 482.4 │ 3670.6 │  0  │     │  2100  │  7392000   │   2600    │    9257000    │ 2100 │ 7392000  │ 4.4 │
│   11    │ 3.65 │ 3.65 │ 3.65 │ 3.65 │       │           │   11900   │   100   │  365000   │ 42060000  │ 1671803640000 │ '2022-12-23T13:54:00.000Z' │ 100 │  0   │  0  │ Infinity │    0     │ 482.4 │ 3670.6 │  0  │     │  100   │   365000   │   2700    │    9622000    │ 100  │  365000  │ 0.2 │
│   12    │ 3.65 │ 3.65 │ 3.65 │ 3.65 │       │           │   12100   │   200   │  730000   │ 42790000  │ 1671804960000 │ '2022-12-23T14:16:00.000Z' │ 100 │  0   │  0  │ Infinity │    0     │ 482.4 │ 3670.6 │  0  │     │  200   │   730000   │   2900    │   10352000    │ 200  │  730000  │ 0.4 │
│   13    │ 3.49 │ 3.53 │ 3.49 │ 3.53 │ 30000 │ 105155000 │   42100   │  30000  │ 105155000 │ 147945000 │ 1671805080000 │ '2022-12-23T14:18:00.000Z' │  0  │ 100  │  0  │    0     │ Infinity │ 482.4 │ 3670.6 │  0  │ 8.2 │ -30000 │ -105155000 │  -27100   │   -94803000   │      │          │     │
│   14    │ 3.47 │ 3.63 │ 3.47 │ 3.63 │ 25600 │ 88888000  │   68300   │  26200  │ 91002000  │ 238947000 │ 1671805200000 │ '2022-12-23T14:20:00.000Z' │ 2.3 │ 97.7 │  0  │    0     │   42.7   │ 482.4 │ 3670.6 │  0  │  7  │ -25000 │ -86774000  │  -52100   │  -181577000   │ 600  │ 2114000  │ 1.2 │
│   15    │ 3.63 │ 3.63 │ 3.63 │ 3.63 │       │           │   68400   │   100   │  363000   │ 239310000 │ 1671805680000 │ '2022-12-23T14:28:00.000Z' │ 100 │  0   │  0  │ Infinity │    0     │ 482.4 │ 3670.6 │  0  │     │  100   │   363000   │  -52000   │  -181214000   │ 100  │  363000  │ 0.2 │
│   16    │ 3.6  │ 3.6  │ 3.6  │ 3.6  │ 2200  │  7920000  │   70600   │  2200   │  7920000  │ 247230000 │ 1671806640000 │ '2022-12-23T14:44:00.000Z' │  0  │ 100  │  0  │    0     │ Infinity │ 482.4 │ 3670.6 │  0  │ 0.6 │ -2200  │  -7920000  │  -54200   │  -189134000   │      │          │     │
└─────────┴──────┴──────┴──────┴──────┴───────┴───────────┴───────────┴─────────┴───────────┴───────────┴───────────────┴────────────────────────────┴─────┴──────┴─────┴──────────┴──────────┴───────┴────────┴─────┴─────┴────────┴────────────┴───────────┴───────────────┴──────┴──────────┴─────┘

