┌─────────┬───────────────┬─────────┬─────────┬──────────┬─────────────┬──────────────┬────────────────────┬──────────┬──────────────┬────────────────────────────┬───────────────┬───────────┬──────────┬──────────────┬───────────┬───────────────┐
│ (index) │   datetime    │   sd    │   bu    │    uk    │   val_sd    │    val_bu    │       val_uk       │ sum_vol  │     val      │            date            │   acum_val    │ total_vol │  bu-sd   │  bu-sd_val   │ acum_busd │ acum_busd_val │
├─────────┼───────────────┼─────────┼─────────┼──────────┼─────────────┼──────────────┼────────────────────┼──────────┼──────────────┼────────────────────────────┼───────────────┼───────────┼──────────┼──────────────┼───────────┼───────────────┤
│    0    │ 1671786000000 │    0    │    0    │   100    │      0      │      0       │      1010000       │   100    │   1010000    │ '2022-12-23T09:00:00.000Z' │    1010000    │    100    │    0     │      0       │     0     │       0       │
│    1    │ 1671786840000 │ 1839400 │ 1762500 │ 2131500  │ 32797231000 │ 28199235000  │    27817903000     │ 5733400  │ 88814369000  │ '2022-12-23T09:14:00.000Z' │  88815379000  │  5733500  │  -76900  │ -4597996000  │  -76900   │  -4597996000  │
│    2    │ 1671786960000 │ 1366800 │ 973100  │   9100   │ 22474064000 │ 15919285000  │      83784000      │ 2349000  │ 38477133000  │ '2022-12-23T09:16:00.000Z' │ 127292512000  │  8082500  │ -393700  │ -6554779000  │  -470600  │ -11152775000  │
│    3    │ 1671787080000 │ 2571800 │ 852200  │   1600   │ 34035904000 │ 15318841000  │      38470000      │ 3425600  │ 49393215000  │ '2022-12-23T09:18:00.000Z' │ 176685727000  │ 11508100  │ -1719600 │ -18717063000 │ -2190200  │ -29869838000  │
│    4    │ 1671787200000 │ 2340100 │ 1429900 │  28300   │ 35552596000 │ 23467872000  │     420339000      │ 3798300  │ 59440807000  │ '2022-12-23T09:20:00.000Z' │ 236126534000  │ 15306400  │ -910200  │ -12084724000 │ -3100400  │ -41954562000  │
│    5    │ 1671787320000 │ 1905300 │ 1130700 │   9400   │ 27865442000 │ 17730091000  │     224454000      │ 3045400  │ 45819987000  │ '2022-12-23T09:22:00.000Z' │ 281946521000  │ 18351800  │ -774600  │ -10135351000 │ -3875000  │ -52089913000  │
│    6    │ 1671787440000 │ 1061900 │ 974100  │   600    │ 18218742000 │ 16706630000  │      10369000      │ 2036600  │ 34935741000  │ '2022-12-23T09:24:00.000Z' │ 316882262000  │ 20388400  │  -87800  │ -1512112000  │ -3962800  │ -53602025000  │
│    7    │ 1671787560000 │ 1469200 │ 936800  │  12000   │ 24910108000 │ 15698244000  │     188377000      │ 2418000  │ 40796729000  │ '2022-12-23T09:26:00.000Z' │ 357678991000  │ 22806400  │ -532400  │ -9211864000  │ -4495200  │ -62813889000  │
│    8    │ 1671787680000 │ 2476300 │ 1032000 │   2800   │ 35672902000 │ 15444205000  │      56842000      │ 3511100  │ 51173949000  │ '2022-12-23T09:28:00.000Z' │ 408852940000  │ 26317500  │ -1444300 │ -20228697000 │ -5939500  │ -83042586000  │
│    9    │ 1671787800000 │ 1398700 │ 1878600 │  20000   │ 22010761000 │ 27056631000  │     256015000      │ 3297300  │ 49323407000  │ '2022-12-23T09:30:00.000Z' │ 458176347000  │ 29614800  │  479900  │  5045870000  │ -5459600  │ -77996716000  │
│   10    │ 1671787920000 │ 1168700 │ 2025300 │  61100   │ 19355001000 │ 34268619000  │     1693537000     │ 3255100  │ 55317157000  │ '2022-12-23T09:32:00.000Z' │ 513493504000  │ 32869900  │  856600  │ 14913618000  │ -4603000  │ -63083098000  │
│   11    │ 1671788040000 │ 919600  │ 3322900 │  19000   │ 14206125000 │ 51025763000  │     321951000      │ 4261500  │ 65553839000  │ '2022-12-23T09:34:00.000Z' │ 579047343000  │ 37131400  │ 2403300  │ 36819638000  │ -2199700  │ -26263460000  │
│   12    │ 1671788160000 │ 1142600 │ 3560900 │  18000   │ 20594226000 │ 53266032000  │     565454000      │ 4721500  │ 74425712000  │ '2022-12-23T09:36:00.000Z' │ 653473055000  │ 41852900  │ 2418300  │ 32671806000  │  218600   │  6408346000   │
│   13    │ 1671788280000 │ 1572500 │ 2568600 │  24300   │ 24290685000 │ 37044462000  │     285830000      │ 4165400  │ 61620977000  │ '2022-12-23T09:38:00.000Z' │ 715094032000  │ 46018300  │  996100  │ 12753777000  │  1214700  │  19162123000  │
│   14    │ 1671788400000 │ 1779400 │ 2331300 │  11200   │ 25783069000 │ 34747032000  │     254365000      │ 4121900  │ 60784466000  │ '2022-12-23T09:40:00.000Z' │ 775878498000  │ 50140200  │  551900  │  8963963000  │  1766600  │  28126086000  │
│   15    │ 1671788520000 │ 2081800 │ 1531100 │  21100   │ 35104313000 │ 22161313000  │     517279000      │ 3634000  │ 57782905000  │ '2022-12-23T09:42:00.000Z' │ 833661403000  │ 53774200  │ -550700  │ -12943000000 │  1215900  │  15183086000  │
│   16    │ 1671788640000 │ 3096300 │ 1059600 │   8300   │ 46302967000 │ 16933341000  │     235172000      │ 4164200  │ 63471480000  │ '2022-12-23T09:44:00.000Z' │ 897132883000  │ 57938400  │ -2036700 │ -29369626000 │  -820800  │ -14186540000  │
│   17    │ 1671788760000 │ 2112200 │ 962000  │  26500   │ 30401683000 │ 15204760000  │     224476000      │ 3100700  │ 45830919000  │ '2022-12-23T09:46:00.000Z' │ 942963802000  │ 61039100  │ -1150200 │ -15196923000 │ -1971000  │ -29383463000  │
│   18    │ 1671788880000 │ 1266600 │ 1592100 │  16000   │ 21408722000 │ 25770083000  │     130290000      │ 2874700  │ 47309095000  │ '2022-12-23T09:48:00.000Z' │ 990272897000  │ 63913800  │  325500  │  4361361000  │ -1645500  │ -25022102000  │
│   19    │ 1671789000000 │ 1073900 │ 1511600 │  12600   │ 18647630000 │ 21722441000  │     186045000      │ 2598100  │ 40556116000  │ '2022-12-23T09:50:00.000Z' │ 1030829013000 │ 66511900  │  437700  │  3074811000  │ -1207800  │ -21947291000  │
│   20    │ 1671789120000 │ 859400  │ 1244100 │   4000   │ 14002522000 │ 19754725000  │      78287000      │ 2107500  │ 33835534000  │ '2022-12-23T09:52:00.000Z' │ 1064664547000 │ 68619400  │  384700  │  5752203000  │  -823100  │ -16195088000  │
├─────────┼───────────────┼─────────┼─────────┼──────────┼─────────────┼──────────────┼────────────────────┼──────────┼──────────────┼────────────────────────────┼───────────────┼───────────┼──────────┼──────────────┼───────────┼───────────────┤
│ (index) │   datetime    │   sd    │   bu    │    uk    │   val_sd    │    val_bu    │       val_uk       │ sum_vol  │     val      │            date            │   acum_val    │ total_vol │  bu-sd   │  bu-sd_val   │ acum_busd │ acum_busd_val │
├─────────┼───────────────┼─────────┼─────────┼──────────┼─────────────┼──────────────┼────────────────────┼──────────┼──────────────┼────────────────────────────┼───────────────┼───────────┼──────────┼──────────────┼───────────┼───────────────┤
│   21    │ 1671789240000 │ 1103300 │ 1072100 │   1800   │ 15534570000 │ 18480662000  │      63511000      │ 2177200  │ 34078743000  │ '2022-12-23T09:54:00.000Z' │ 1098743290000 │ 70796600  │  -31200  │  2946092000  │  -854300  │ -13248996000  │
│   22    │ 1671789360000 │ 1219900 │ 1629000 │   4300   │ 18427894000 │ 27440143000  │      63625000      │ 2853200  │ 45931662000  │ '2022-12-23T09:56:00.000Z' │ 1144674952000 │ 73649800  │  409100  │  9012249000  │  -445200  │  -4236747000  │
│   23    │ 1671789480000 │ 1329800 │ 1144600 │   7400   │ 22644001000 │ 18212827000  │     347033000      │ 2481800  │ 41203861000  │ '2022-12-23T09:58:00.000Z' │ 1185878813000 │ 76131600  │ -185200  │ -4431174000  │  -630400  │  -8667921000  │
│   24    │ 1671789600000 │ 1454100 │ 1425100 │  11400   │ 27528987000 │ 24964897000  │     210631000      │ 2890600  │ 52704515000  │ '2022-12-23T10:00:00.000Z' │ 1238583328000 │ 79022200  │  -29000  │ -2564090000  │  -659400  │ -11232011000  │
│   25    │ 1671789720000 │ 823300  │ 996500  │  34400   │ 14074102000 │ 16651352000  │     292163000      │ 1854200  │ 31017617000  │ '2022-12-23T10:02:00.000Z' │ 1269600945000 │ 80876400  │  173200  │  2577250000  │  -486200  │  -8654761000  │
│   26    │ 1671789840000 │ 994400  │ 1080200 │   2000   │ 10140769000 │ 17372285000  │      11828000      │ 2076600  │ 27524882000  │ '2022-12-23T10:04:00.000Z' │ 1297125827000 │ 82953000  │  85800   │  7231516000  │  -400400  │  -1423245000  │
│   27    │ 1671789960000 │ 1046000 │ 749300  │   5700   │ 18578427000 │ 12256049000  │     188435000      │ 1801000  │ 31022911000  │ '2022-12-23T10:06:00.000Z' │ 1328148738000 │ 84754000  │ -296700  │ -6322378000  │  -697100  │  -7745623000  │
│   28    │ 1671790080000 │ 814900  │ 1101600 │   1400   │ 12132542000 │ 17229384000  │      12448000      │ 1917900  │ 29374374000  │ '2022-12-23T10:08:00.000Z' │ 1357523112000 │ 86671900  │  286700  │  5096842000  │  -410400  │  -2648781000  │
│   29    │ 1671790200000 │ 601900  │ 1114700 │   3000   │ 9762974000  │ 19374137000  │      26259000      │ 1719600  │ 29163370000  │ '2022-12-23T10:10:00.000Z' │ 1386686482000 │ 88391500  │  512800  │  9611163000  │  102400   │  6962382000   │
│   30    │ 1671790320000 │ 1066000 │ 1246700 │  26200   │ 19964757000 │ 24054303000  │     162968000      │ 2338900  │ 44182028000  │ '2022-12-23T10:12:00.000Z' │ 1430868510000 │ 90730400  │  180700  │  4089546000  │  283100   │  11051928000  │
│   31    │ 1671790440000 │ 1459400 │ 2090900 │  16300   │ 25757576000 │ 32320738000  │     205758000      │ 3566600  │ 58284072000  │ '2022-12-23T10:14:00.000Z' │ 1489152582000 │ 94297000  │  631500  │  6563162000  │  914600   │  17615090000  │
│   32    │ 1671790560000 │ 1339900 │ 901500  │   5500   │ 22644252000 │ 15634382000  │     219735000      │ 2246900  │ 38498369000  │ '2022-12-23T10:16:00.000Z' │ 1527650951000 │ 96543900  │ -438400  │ -7009870000  │  476200   │  10605220000  │
│   33    │ 1671790680000 │ 1003600 │ 729200  │  12700   │ 13965047000 │ 12749892000  │     102749000      │ 1745500  │ 26817688000  │ '2022-12-23T10:18:00.000Z' │ 1554468639000 │ 98289400  │ -274400  │ -1215155000  │  201800   │  9390065000   │
│   34    │ 1671790800000 │ 2127000 │ 963200  │  16200   │ 39178906000 │ 16701210000  │     443045000      │ 3106400  │ 56323161000  │ '2022-12-23T10:20:00.000Z' │ 1610791800000 │ 101395800 │ -1163800 │ -22477696000 │  -962000  │ -13087631000  │
│   35    │ 1671790920000 │ 4239200 │ 752400  │  15700   │ 65986862000 │ 13704814000  │     283983000      │ 5007300  │ 79975659000  │ '2022-12-23T10:22:00.000Z' │ 1690767459000 │ 106403100 │ -3486800 │ -52282048000 │ -4448800  │ -65369679000  │
│   36    │ 1671791040000 │ 4365900 │ 651900  │  23100   │ 69790699000 │ 10939830000  │     578224000      │ 5040900  │ 81308753000  │ '2022-12-23T10:24:00.000Z' │ 1772076212000 │ 111444000 │ -3714000 │ -58850869000 │ -8162800  │ -124220548000 │
│   37    │ 1671791160000 │ 4299200 │ 787300  │  13100   │ 73460342000 │ 12023630000  │     183338000      │ 5099600  │ 85667310000  │ '2022-12-23T10:26:00.000Z' │ 1857743522000 │ 116543600 │ -3511900 │ -61436712000 │ -11674700 │ -185657260000 │
│   38    │ 1671791280000 │ 1688200 │ 1118100 │   8900   │ 26539146000 │ 16985967000  │     196747000      │ 2815200  │ 43721860000  │ '2022-12-23T10:28:00.000Z' │ 1901465382000 │ 119358800 │ -570100  │ -9553179000  │ -12244800 │ -195210439000 │
│   39    │ 1671791400000 │ 779900  │ 972600  │   2900   │ 13247028000 │ 15775080000  │     141635000      │ 1755400  │ 29163743000  │ '2022-12-23T10:30:00.000Z' │ 1930629125000 │ 121114200 │  192700  │  2528052000  │ -12052100 │ -192682387000 │
│   40    │ 1671791520000 │ 719000  │ 723700  │  15200   │ 11083573000 │ 11178563000  │     281384000      │ 1457900  │ 22543520000  │ '2022-12-23T10:32:00.000Z' │ 1953172645000 │ 122572100 │   4700   │   94990000   │ -12047400 │ -192587397000 │
├─────────┼───────────────┼─────────┼─────────┼──────────┼─────────────┼──────────────┼────────────────────┼──────────┼──────────────┼────────────────────────────┼───────────────┼───────────┼──────────┼──────────────┼───────────┼───────────────┤
│ (index) │   datetime    │   sd    │   bu    │    uk    │   val_sd    │    val_bu    │       val_uk       │ sum_vol  │     val      │            date            │   acum_val    │ total_vol │  bu-sd   │  bu-sd_val   │ acum_busd │ acum_busd_val │
├─────────┼───────────────┼─────────┼─────────┼──────────┼─────────────┼──────────────┼────────────────────┼──────────┼──────────────┼────────────────────────────┼───────────────┼───────────┼──────────┼──────────────┼───────────┼───────────────┤
│   41    │ 1671791640000 │ 731000  │ 1111100 │   1700   │ 10075527000 │ 18256594000  │      39910000      │ 1843800  │ 28372031000  │ '2022-12-23T10:34:00.000Z' │ 1981544676000 │ 124415900 │  380100  │  8181067000  │ -11667300 │ -184406330000 │
│   42    │ 1671791760000 │ 1203800 │ 996600  │  83400   │ 20534011000 │ 13820971000  │     1262388000     │ 2283800  │ 35617370000  │ '2022-12-23T10:36:00.000Z' │ 2017162046000 │ 126699700 │ -207200  │ -6713040000  │ -11874500 │ -191119370000 │
│   43    │ 1671791880000 │ 997200  │ 722200  │   2600   │ 15502818000 │ 12335222000  │     104000000      │ 1722000  │ 27942040000  │ '2022-12-23T10:38:00.000Z' │ 2045104086000 │ 128421700 │ -275000  │ -3167596000  │ -12149500 │ -194286966000 │
│   44    │ 1671792000000 │ 1514200 │ 705800  │   400    │ 29708726000 │ 11773943000  │      11428000      │ 2220400  │ 41494097000  │ '2022-12-23T10:40:00.000Z' │ 2086598183000 │ 130642100 │ -808400  │ -17934783000 │ -12957900 │ -212221749000 │
│   45    │ 1671792120000 │ 836200  │ 866000  │  22900   │ 12056747000 │ 15294898000  │     350231000      │ 1725100  │ 27701876000  │ '2022-12-23T10:42:00.000Z' │ 2114300059000 │ 132367200 │  29800   │  3238151000  │ -12928100 │ -208983598000 │
│   46    │ 1671792240000 │ 1006700 │ 416500  │   3400   │ 15598949000 │  7871722000  │      94690000      │ 1426600  │ 23565361000  │ '2022-12-23T10:44:00.000Z' │ 2137865420000 │ 133793800 │ -590200  │ -7727227000  │ -13518300 │ -216710825000 │
│   47    │ 1671792360000 │ 1007000 │ 517300  │   5900   │ 14230412000 │  8805653000  │      30784000      │ 1530200  │ 23066849000  │ '2022-12-23T10:46:00.000Z' │ 2160932269000 │ 135324000 │ -489700  │ -5424759000  │ -14008000 │ -222135584000 │
│   48    │ 1671792480000 │ 1390700 │ 784400  │    0     │ 18649756000 │ 12437562000  │         0          │ 2175100  │ 31087318000  │ '2022-12-23T10:48:00.000Z' │ 2192019587000 │ 137499100 │ -606300  │ -6212194000  │ -14614300 │ -228347778000 │
│   49    │ 1671792600000 │ 1548100 │ 782800  │   2800   │ 30774930000 │ 11378260000  │      45826000      │ 2333700  │ 42199016000  │ '2022-12-23T10:50:00.000Z' │ 2234218603000 │ 139832800 │ -765300  │ -19396670000 │ -15379600 │ -247744448000 │
│   50    │ 1671792720000 │ 5325500 │ 337700  │  27500   │ 88969371000 │  5488290000  │     397923000      │ 5690700  │ 94855584000  │ '2022-12-23T10:52:00.000Z' │ 2329074187000 │ 145523500 │ -4987800 │ -83481081000 │ -20367400 │ -331225529000 │
│   51    │ 1671792840000 │ 3094700 │ 568500  │   2200   │ 53817219000 │  9082380000  │      31195000      │ 3665400  │ 62930794000  │ '2022-12-23T10:54:00.000Z' │ 2392004981000 │ 149188900 │ -2526200 │ -44734839000 │ -22893600 │ -375960368000 │
│   52    │ 1671792960000 │ 2185200 │ 776300  │   1200   │ 35597497000 │ 13196648000  │      55828000      │ 2962700  │ 48849973000  │ '2022-12-23T10:56:00.000Z' │ 2440854954000 │ 152151600 │ -1408900 │ -22400849000 │ -24302500 │ -398361217000 │
│   53    │ 1671793080000 │ 3560700 │ 568600  │  20400   │ 55972720000 │  9317068000  │     170766000      │ 4149700  │ 65460554000  │ '2022-12-23T10:58:00.000Z' │ 2506315508000 │ 156301300 │ -2992100 │ -46655652000 │ -27294600 │ -445016869000 │
│   54    │ 1671793200000 │ 2079500 │ 988500  │   7300   │ 32519415000 │ 17026349000  │     342470000      │ 3075300  │ 49888234000  │ '2022-12-23T11:00:00.000Z' │ 2556203742000 │ 159376600 │ -1091000 │ -15493066000 │ -28385600 │ -460509935000 │
│   55    │ 1671793320000 │ 1907000 │ 996400  │  13700   │ 28901182000 │ 15559396000  │     202124000      │ 2917100  │ 44662702000  │ '2022-12-23T11:02:00.000Z' │ 2600866444000 │ 162293700 │ -910600  │ -13341786000 │ -29296200 │ -473851721000 │
│   56    │ 1671793440000 │ 1020500 │ 1071600 │  11600   │ 16746879000 │ 18309826000  │     278387000      │ 2103700  │ 35335092000  │ '2022-12-23T11:04:00.000Z' │ 2636201536000 │ 164397400 │  51100   │  1562947000  │ -29245100 │ -472288774000 │
│   57    │ 1671793560000 │ 1340300 │ 958700  │   2200   │ 20580983000 │ 16522053000  │      55069000      │ 2301200  │ 37158105000  │ '2022-12-23T11:06:00.000Z' │ 2673359641000 │ 166698600 │ -381600  │ -4058930000  │ -29626700 │ -476347704000 │
│   58    │ 1671793680000 │ 848600  │ 1712100 │   7000   │ 13630812000 │ 25008874000  │      79760000      │ 2567700  │ 38719446000  │ '2022-12-23T11:08:00.000Z' │ 2712079087000 │ 169266300 │  863500  │ 11378062000  │ -28763200 │ -464969642000 │
│   59    │ 1671793800000 │ 488700  │ 1550600 │   1600   │ 10760147000 │ 27429245000  │      39100000      │ 2040900  │ 38228492000  │ '2022-12-23T11:10:00.000Z' │ 2750307579000 │ 171307200 │ 1061900  │ 16669098000  │ -27701300 │ -448300544000 │
│   60    │ 1671793920000 │ 621600  │ 933000  │  12100   │ 9885237000  │ 17089637000  │      63786000      │ 1566700  │ 27038660000  │ '2022-12-23T11:12:00.000Z' │ 2777346239000 │ 172873900 │  311400  │  7204400000  │ -27389900 │ -441096144000 │
├─────────┼───────────────┼─────────┼─────────┼──────────┼─────────────┼──────────────┼────────────────────┼──────────┼──────────────┼────────────────────────────┼───────────────┼───────────┼──────────┼──────────────┼───────────┼───────────────┤
│ (index) │   datetime    │   sd    │   bu    │    uk    │   val_sd    │    val_bu    │       val_uk       │ sum_vol  │     val      │            date            │   acum_val    │ total_vol │  bu-sd   │  bu-sd_val   │ acum_busd │ acum_busd_val │
├─────────┼───────────────┼─────────┼─────────┼──────────┼─────────────┼──────────────┼────────────────────┼──────────┼──────────────┼────────────────────────────┼───────────────┼───────────┼──────────┼──────────────┼───────────┼───────────────┤
│   61    │ 1671794040000 │ 562100  │ 627700  │   200    │ 9418197000  │ 12308649000  │      1604000       │ 1190000  │ 21728450000  │ '2022-12-23T11:14:00.000Z' │ 2799074689000 │ 174063900 │  65600   │  2890452000  │ -27324300 │ -438205692000 │
│   62    │ 1671794160000 │ 903000  │ 712000  │  47500   │ 15765339000 │ 11556877000  │     828605000      │ 1662500  │ 28150821000  │ '2022-12-23T11:16:00.000Z' │ 2827225510000 │ 175726400 │ -191000  │ -4208462000  │ -27515300 │ -442414154000 │
│   63    │ 1671794280000 │ 817200  │ 373200  │  10000   │ 14643790000 │  6308917000  │     182000000      │ 1200400  │ 21134707000  │ '2022-12-23T11:18:00.000Z' │ 2848360217000 │ 176926800 │ -444000  │ -8334873000  │ -27959300 │ -450749027000 │
│   64    │ 1671794400000 │ 897100  │ 411000  │   6300   │ 12774884000 │ 10394276000  │     110625000      │ 1314400  │ 23279785000  │ '2022-12-23T11:20:00.000Z' │ 2871640002000 │ 178241200 │ -486100  │ -2380608000  │ -28445400 │ -453129635000 │
│   65    │ 1671794520000 │ 807000  │ 522900  │   5200   │ 14544706000 │ 10040884000  │     133640000      │ 1335100  │ 24719230000  │ '2022-12-23T11:22:00.000Z' │ 2896359232000 │ 179576300 │ -284100  │ -4503822000  │ -28729500 │ -457633457000 │
│   66    │ 1671794640000 │ 950900  │ 606800  │  10800   │ 17679639000 │  9945075000  │     326830000      │ 1568500  │ 27951544000  │ '2022-12-23T11:24:00.000Z' │ 2924310776000 │ 181144800 │ -344100  │ -7734564000  │ -29073600 │ -465368021000 │
│   67    │ 1671794760000 │ 1077900 │ 771600  │   6200   │ 23007952000 │ 12615767000  │     180450000      │ 1855700  │ 35804169000  │ '2022-12-23T11:26:00.000Z' │ 2960114945000 │ 183000500 │ -306300  │ -10392185000 │ -29379900 │ -475760206000 │
│   68    │ 1671794880000 │ 1434300 │ 622700  │  93700   │ 27157460000 │ 10935510000  │     1105535000     │ 2150700  │ 39198505000  │ '2022-12-23T11:28:00.000Z' │ 2999313450000 │ 185151200 │ -811600  │ -16221950000 │ -30191500 │ -491982156000 │
│   69    │ 1671795000000 │   100   │   200   │    0     │   1400000   │   2840000    │         0          │   300    │   4240000    │ '2022-12-23T11:30:00.000Z' │ 2999317690000 │ 185151500 │   100    │   1440000    │ -30191400 │ -491980716000 │
│   70    │ 1671800400000 │ 5619200 │ 2304000 │  338000  │ 89857038000 │ 37980832000  │     6080653000     │ 8261200  │ 133918523000 │ '2022-12-23T13:00:00.000Z' │ 3133236213000 │ 193412700 │ -3315200 │ -51876206000 │ -33506600 │ -543856922000 │
│   71    │ 1671800520000 │ 2239200 │ 800600  │   8800   │ 32684122000 │ 15015406000  │      87341000      │ 3048600  │ 47786869000  │ '2022-12-23T13:02:00.000Z' │ 3181023082000 │ 196461300 │ -1438600 │ -17668716000 │ -34945200 │ -561525638000 │
│   72    │ 1671800640000 │ 1149100 │ 1849700 │   4100   │ 17944990000 │ 30769019000  │      45126000      │ 3002900  │ 48759135000  │ '2022-12-23T13:04:00.000Z' │ 3229782217000 │ 199464200 │  700600  │ 12824029000  │ -34244600 │ -548701609000 │
│   73    │ 1671800760000 │ 772500  │ 2781200 │   2800   │ 12502639000 │ 47573440000  │      46701000      │ 3556500  │ 60122780000  │ '2022-12-23T13:06:00.000Z' │ 3289904997000 │ 203020700 │ 2008700  │ 35070801000  │ -32235900 │ -513630808000 │
│   74    │ 1671800880000 │ 869000  │ 2158600 │  17100   │ 13828174000 │ 34385851000  │     393145000      │ 3044700  │ 48607170000  │ '2022-12-23T13:08:00.000Z' │ 3338512167000 │ 206065400 │ 1289600  │ 20557677000  │ -30946300 │ -493073131000 │
│   75    │ 1671801000000 │ 1306000 │ 1659000 │  27500   │ 22173407000 │ 26154296000  │     745975000      │ 2992500  │ 49073678000  │ '2022-12-23T13:10:00.000Z' │ 3387585845000 │ 209057900 │  353000  │  3980889000  │ -30593300 │ -489092242000 │
│   76    │ 1671801120000 │ 2313100 │ 966700  │  46300   │ 34669772000 │ 19125186000  │     535031000      │ 3326100  │ 54329989000  │ '2022-12-23T13:12:00.000Z' │ 3441915834000 │ 212384000 │ -1346400 │ -15544586000 │ -31939700 │ -504636828000 │
│   77    │ 1671801240000 │ 1551400 │ 849600  │   5800   │ 23311744000 │ 14591905000  │     140072000      │ 2406800  │ 38043721000  │ '2022-12-23T13:14:00.000Z' │ 3479959555000 │ 214790800 │ -701800  │ -8719839000  │ -32641500 │ -513356667000 │
│   78    │ 1671801360000 │ 1412100 │ 841900  │  24700   │ 20904370000 │ 16122742000  │ 221606000.00000003 │ 2278700  │ 37248718000  │ '2022-12-23T13:16:00.000Z' │ 3517208273000 │ 217069500 │ -570200  │ -4781628000  │ -33211700 │ -518138295000 │
│   79    │ 1671801480000 │ 1426200 │ 1065500 │   700    │ 21643641000 │ 17109498000  │      16585000      │ 2492400  │ 38769724000  │ '2022-12-23T13:18:00.000Z' │ 3555977997000 │ 219561900 │ -360700  │ -4534143000  │ -33572400 │ -522672438000 │
│   80    │ 1671801600000 │ 2155600 │ 597000  │   9700   │ 33316445000 │  9839093000  │     324461000      │ 2762300  │ 43479999000  │ '2022-12-23T13:20:00.000Z' │ 3599457996000 │ 222324200 │ -1558600 │ -23477352000 │ -35131000 │ -546149790000 │
├─────────┼───────────────┼─────────┼─────────┼──────────┼─────────────┼──────────────┼────────────────────┼──────────┼──────────────┼────────────────────────────┼───────────────┼───────────┼──────────┼──────────────┼───────────┼───────────────┤
│ (index) │   datetime    │   sd    │   bu    │    uk    │   val_sd    │    val_bu    │       val_uk       │ sum_vol  │     val      │            date            │   acum_val    │ total_vol │  bu-sd   │  bu-sd_val   │ acum_busd │ acum_busd_val │
├─────────┼───────────────┼─────────┼─────────┼──────────┼─────────────┼──────────────┼────────────────────┼──────────┼──────────────┼────────────────────────────┼───────────────┼───────────┼──────────┼──────────────┼───────────┼───────────────┤
│   81    │ 1671801720000 │ 2424100 │ 822900  │  62500   │ 37779840000 │ 14869763000  │     836306000      │ 3309500  │ 53485909000  │ '2022-12-23T13:22:00.000Z' │ 3652943905000 │ 225633700 │ -1601200 │ -22910077000 │ -36732200 │ -569059867000 │
│   82    │ 1671801840000 │ 1698800 │ 916100  │  41800   │ 27107137000 │ 18544136000  │     454450000      │ 2656700  │ 46105723000  │ '2022-12-23T13:24:00.000Z' │ 3699049628000 │ 228290400 │ -782700  │ -8563001000  │ -37514900 │ -577622868000 │
│   83    │ 1671801960000 │ 2327800 │ 929000  │  31200   │ 42341576000 │ 18378025000  │     292037000      │ 3288000  │ 61011638000  │ '2022-12-23T13:26:00.000Z' │ 3760061266000 │ 231578400 │ -1398800 │ -23963551000 │ -38913700 │ -601586419000 │
│   84    │ 1671802080000 │ 1545900 │ 1226500 │   100    │ 23737750000 │ 23899749000  │ 405999.99999999994 │ 2772500  │ 47637905000  │ '2022-12-23T13:28:00.000Z' │ 3807699171000 │ 234350900 │ -319400  │  161999000   │ -39233100 │ -601424420000 │
│   85    │ 1671802200000 │ 1299900 │ 1190300 │   6900   │ 20987645000 │ 23354310000  │     146211000      │ 2497100  │ 44488166000  │ '2022-12-23T13:30:00.000Z' │ 3852187337000 │ 236848000 │ -109600  │  2366665000  │ -39342700 │ -599057755000 │
│   86    │ 1671802320000 │ 1093100 │ 1507600 │   7200   │ 22398486000 │ 31114726000  │     232329000      │ 2607900  │ 53745541000  │ '2022-12-23T13:32:00.000Z' │ 3905932878000 │ 239455900 │  414500  │  8716240000  │ -38928200 │ -590341515000 │
│   87    │ 1671802440000 │ 1095500 │ 1804400 │   2400   │ 23361933000 │ 32135366000  │      18642000      │ 2902300  │ 55515941000  │ '2022-12-23T13:34:00.000Z' │ 3961448819000 │ 242358200 │  708900  │  8773433000  │ -38219300 │ -581568082000 │
│   88    │ 1671802560000 │ 1104300 │ 2750700 │   6600   │ 21396204000 │ 50836048000  │     134657000      │ 3861600  │ 72366909000  │ '2022-12-23T13:36:00.000Z' │ 4033815728000 │ 246219800 │ 1646400  │ 29439844000  │ -36572900 │ -552128238000 │
│   89    │ 1671802680000 │ 597000  │ 1819800 │  13200   │ 10224120000 │ 33812905000  │     127758000      │ 2430000  │ 44164783000  │ '2022-12-23T13:38:00.000Z' │ 4077980511000 │ 248649800 │ 1222800  │ 23588785000  │ -35350100 │ -528539453000 │
│   90    │ 1671802800000 │ 1004800 │ 2095200 │  54600   │ 15098669000 │ 41782559000  │     740837000      │ 3154600  │ 57622065000  │ '2022-12-23T13:40:00.000Z' │ 4135602576000 │ 251804400 │ 1090400  │ 26683890000  │ -34259700 │ -501855563000 │
│   91    │ 1671802920000 │ 1018900 │ 4038000 │  26200   │ 15977137000 │ 69448918000  │     574168000      │ 5083100  │ 86000223000  │ '2022-12-23T13:42:00.000Z' │ 4221602799000 │ 256887500 │ 3019100  │ 53471781000  │ -31240600 │ -448383782000 │
│   92    │ 1671803040000 │ 1608000 │ 3567700 │  81900   │ 29138041000 │ 63192708000  │     1837890000     │ 5257600  │ 94168639000  │ '2022-12-23T13:44:00.000Z' │ 4315771438000 │ 262145100 │ 1959700  │ 34054667000  │ -29280900 │ -414329115000 │
│   93    │ 1671803160000 │ 2709600 │ 1536000 │  10800   │ 42883332000 │ 28524157000  │     166709000      │ 4256400  │ 71574198000  │ '2022-12-23T13:46:00.000Z' │ 4387345636000 │ 266401500 │ -1173600 │ -14359175000 │ -30454500 │ -428688290000 │
│   94    │ 1671803280000 │ 2311300 │ 521200  │  22000   │ 36360939000 │  8312102000  │     847414000      │ 2854500  │ 45520455000  │ '2022-12-23T13:48:00.000Z' │ 4432866091000 │ 269256000 │ -1790100 │ -28048837000 │ -32244600 │ -456737127000 │
│   95    │ 1671803400000 │ 1463600 │ 1235800 │  12200   │ 24612498000 │ 29213517000  │     112351000      │ 2711600  │ 53938366000  │ '2022-12-23T13:50:00.000Z' │ 4486804457000 │ 271967600 │ -227800  │  4601019000  │ -32472400 │ -452136108000 │
│   96    │ 1671803520000 │ 1064600 │ 1428500 │   7000   │ 17226818000 │ 30241078000  │      51046000      │ 2500100  │ 47518942000  │ '2022-12-23T13:52:00.000Z' │ 4534323399000 │ 274467700 │  363900  │ 13014260000  │ -32108500 │ -439121848000 │
│   97    │ 1671803640000 │ 800900  │ 1771100 │  31400   │ 15661691000 │ 31821401000  │     297303000      │ 2603400  │ 47780395000  │ '2022-12-23T13:54:00.000Z' │ 4582103794000 │ 277071100 │  970200  │ 16159710000  │ -31138300 │ -422962138000 │
│   98    │ 1671803760000 │ 1183700 │ 1093700 │   1200   │ 22987870000 │ 19963396000  │      44645000      │ 2278600  │ 42995911000  │ '2022-12-23T13:56:00.000Z' │ 4625099705000 │ 279349700 │  -90000  │ -3024474000  │ -31228300 │ -425986612000 │
│   99    │ 1671803880000 │ 1585000 │ 904600  │   8200   │ 28588567000 │ 16104259000  │     197654000      │ 2497800  │ 44890480000  │ '2022-12-23T13:58:00.000Z' │ 4669990185000 │ 281847500 │ -680400  │ -12484308000 │ -31908700 │ -438470920000 │
│   100   │ 1671804000000 │ 997600  │ 1069700 │  10500   │ 18069380000 │ 21529950000  │     383037000      │ 2077800  │ 39982367000  │ '2022-12-23T14:00:00.000Z' │ 4709972552000 │ 283925300 │  72100   │  3460570000  │ -31836600 │ -435010350000 │
├─────────┼───────────────┼─────────┼─────────┼──────────┼─────────────┼──────────────┼────────────────────┼──────────┼──────────────┼────────────────────────────┼───────────────┼───────────┼──────────┼──────────────┼───────────┼───────────────┤
│ (index) │   datetime    │   sd    │   bu    │    uk    │   val_sd    │    val_bu    │       val_uk       │ sum_vol  │     val      │            date            │   acum_val    │ total_vol │  bu-sd   │  bu-sd_val   │ acum_busd │ acum_busd_val │
├─────────┼───────────────┼─────────┼─────────┼──────────┼─────────────┼──────────────┼────────────────────┼──────────┼──────────────┼────────────────────────────┼───────────────┼───────────┼──────────┼──────────────┼───────────┼───────────────┤
│   101   │ 1671804120000 │ 763900  │ 1109600 │  22300   │ 11662192000 │ 19982095000  │     315618000      │ 1895800  │ 31959905000  │ '2022-12-23T14:02:00.000Z' │ 4741932457000 │ 285821100 │  345700  │  8319903000  │ -31490900 │ -426690447000 │
│   102   │ 1671804240000 │ 867600  │ 2244200 │   8100   │ 14195666000 │ 45087679000  │     185745000      │ 3119900  │ 59469090000  │ '2022-12-23T14:04:00.000Z' │ 4801401547000 │ 288941000 │ 1376600  │ 30892013000  │ -30114300 │ -395798434000 │
│   103   │ 1671804360000 │ 751100  │ 3674700 │  11000   │ 22345631000 │ 63405809000  │     130923000      │ 4436800  │ 85882363000  │ '2022-12-23T14:06:00.000Z' │ 4887283910000 │ 293377800 │ 2923600  │ 41060178000  │ -27190700 │ -354738256000 │
│   104   │ 1671804480000 │ 790500  │ 3621000 │  78100   │ 14137547000 │ 67572998000  │     773249000      │ 4489600  │ 82483794000  │ '2022-12-23T14:08:00.000Z' │ 4969767704000 │ 297867400 │ 2830500  │ 53435451000  │ -24360200 │ -301302805000 │
│   105   │ 1671804600000 │ 1652500 │ 2779700 │   4700   │ 29130640000 │ 56409861000  │     115015000      │ 4436900  │ 85655516000  │ '2022-12-23T14:10:00.000Z' │ 5055423220000 │ 302304300 │ 1127200  │ 27279221000  │ -23233000 │ -274023584000 │
│   106   │ 1671804720000 │ 2409100 │ 1685700 │  26200   │ 43909420000 │ 33776841000  │     424394000      │ 4121000  │ 78110655000  │ '2022-12-23T14:12:00.000Z' │ 5133533875000 │ 306425300 │ -723400  │ -10132579000 │ -23956400 │ -284156163000 │
│   107   │ 1671804840000 │ 4377900 │ 1869200 │  45600   │ 63396292000 │ 45151867000  │     509344000      │ 6292700  │ 109057503000 │ '2022-12-23T14:14:00.000Z' │ 5242591378000 │ 312718000 │ -2508700 │ -18244425000 │ -26465100 │ -302400588000 │
│   108   │ 1671804960000 │ 1749500 │ 2718400 │  203000  │ 28996905000 │ 67163410000  │     3289795000     │ 4670900  │ 99450110000  │ '2022-12-23T14:16:00.000Z' │ 5342041488000 │ 317388900 │  968900  │ 38166505000  │ -25496200 │ -264234083000 │
│   109   │ 1671805080000 │ 1411600 │ 2015700 │   8300   │ 23111827000 │ 41116150000  │     172975000      │ 3435600  │ 64400952000  │ '2022-12-23T14:18:00.000Z' │ 5406442440000 │ 320824500 │  604100  │ 18004323000  │ -24892100 │ -246229760000 │
│   110   │ 1671805200000 │ 1412200 │ 4846600 │  84800   │ 28122069000 │ 107436706000 │     1825882000     │ 6343600  │ 137384657000 │ '2022-12-23T14:20:00.000Z' │ 5543827097000 │ 327168100 │ 3434400  │ 79314637000  │ -21457700 │ -166915123000 │
│   111   │ 1671805320000 │ 2041500 │ 3051900 │  19600   │ 37089660000 │ 55568663000  │     309838000      │ 5113000  │ 92968161000  │ '2022-12-23T14:22:00.000Z' │ 5636795258000 │ 332281100 │ 1010400  │ 18479003000  │ -20447300 │ -148436120000 │
│   112   │ 1671805440000 │ 2178900 │ 2883600 │   9500   │ 37804867000 │ 59070504000  │     204709000      │ 5072000  │ 97080080000  │ '2022-12-23T14:24:00.000Z' │ 5733875338000 │ 337353100 │  704700  │ 21265637000  │ -19742600 │ -127170483000 │
│   113   │ 1671805560000 │ 3396000 │ 3472500 │  26900   │ 53929463000 │ 70079015000  │     574337000      │ 6895400  │ 124582815000 │ '2022-12-23T14:26:00.000Z' │ 5858458153000 │ 344248500 │  76500   │ 16149552000  │ -19666100 │ -111020931000 │
│   114   │ 1671805680000 │ 2628600 │ 5402100 │  104800  │ 38354504000 │ 105675756000 │     1464166000     │ 8135500  │ 145494426000 │ '2022-12-23T14:28:00.000Z' │ 6003952579000 │ 352384000 │ 2773500  │ 67321252000  │ -16892600 │ -43699679000  │
│   115   │ 1671805800000 │    0    │   100   │    0     │      0      │   1000000    │         0          │   100    │   1000000    │ '2022-12-23T14:30:00.000Z' │ 6003953579000 │ 352384100 │   100    │   1000000    │ -16892500 │ -43698679000  │
│   116   │ 1671805920000 │    0    │   200   │    0     │      0      │   2000000    │         0          │   200    │   2000000    │ '2022-12-23T14:32:00.000Z' │ 6003955579000 │ 352384300 │   200    │   2000000    │ -16892300 │ -43696679000  │
│   117   │ 1671806640000 │ 277300  │ 425100  │ 37495300 │ 4684393000  │  8293498000  │    705862135000    │ 38197700 │ 718840026000 │ '2022-12-23T14:44:00.000Z' │ 6722795605000 │ 390582000 │  147800  │  3609105000  │ -16744500 │ -40087574000  │
│   118   │ 1671807120000 │  1000   │    0    │    0     │   9900000   │      0       │         0          │   1000   │   9900000    │ '2022-12-23T14:52:00.000Z' │ 6722805505000 │ 390583000 │  -1000   │   -9900000   │ -16745500 │ -40097474000  │
│   119   │ 1671807360000 │    0    │  6100   │    0     │      0      │   61000000   │         0          │   6100   │   61000000   │ '2022-12-23T14:56:00.000Z' │ 6722866505000 │ 390589100 │   6100   │   61000000   │ -16739400 │ -40036474000  │
│   120   │ 1671807480000 │    0    │   100   │    0     │      0      │   1000000    │         0          │   100    │   1000000    │ '2022-12-23T14:58:00.000Z' │ 6722867505000 │ 390589200 │   100    │   1000000    │ -16739300 │ -40035474000  │
├─────────┼───────────────┼─────────┼─────────┼──────────┼─────────────┼──────────────┼────────────────────┼──────────┼──────────────┼────────────────────────────┼───────────────┼───────────┼──────────┼──────────────┼───────────┼───────────────┤
│ (index) │   datetime    │   sd    │   bu    │    uk    │   val_sd    │    val_bu    │       val_uk       │ sum_vol  │     val      │            date            │   acum_val    │ total_vol │  bu-sd   │  bu-sd_val   │ acum_busd │ acum_busd_val │
├─────────┼───────────────┼─────────┼─────────┼──────────┼─────────────┼──────────────┼────────────────────┼──────────┼──────────────┼────────────────────────────┼───────────────┼───────────┼──────────┼──────────────┼───────────┼───────────────┤
└─────────┴───────────────┴─────────┴─────────┴──────────┴─────────────┴──────────────┴────────────────────┴──────────┴──────────────┴────────────────────────────┴───────────────┴───────────┴──────────┴──────────────┴───────────┴───────────────┘

