┌─────────┬─────┬─────┬─────┬─────┬────────┬───────────┬───────────┬─────────┬───────────┬────────────┬───────────────┬────────────────────────────┬──────┬──────┬─────┬──────────┬──────────┬───────┬────────┬─────┬─────┬────────┬────────────┬───────────┬───────────────┬────────┬───────────┬──────┐
│ (index) │  c  │  h  │  l  │  o  │   bu   │  val_bu   │ total_vol │ sum_vol │    val    │  acum_val  │   datetime    │            date            │ pbu  │ psd  │ puk │    bs    │    sb    │  abu  │  asd   │ auk │ rbu │ bu-sd  │ bu-sd_val  │ acum_busd │ acum_busd_val │   sd   │  val_sd   │ rsd  │
├─────────┼─────┼─────┼─────┼─────┼────────┼───────────┼───────────┼─────────┼───────────┼────────────┼───────────────┼────────────────────────────┼──────┼──────┼─────┼──────────┼──────────┼───────┼────────┼─────┼─────┼────────┼────────────┼───────────┼───────────────┼────────┼───────────┼──────┤
│    0    │ 3.6 │ 3.6 │ 3.6 │ 3.6 │  1700  │  6120000  │   1700    │  1700   │  6120000  │  6120000   │ 1672822800000 │ '2023-01-04T09:00:00.000Z' │ 100  │  0   │  0  │ Infinity │    0     │ 11180 │ 7737.5 │  0  │ 0.2 │  1700  │  6120000   │   1700    │    6120000    │        │           │      │
│    1    │ 3.6 │ 3.6 │ 3.6 │ 3.6 │  4100  │ 14760000  │   5800    │  4100   │ 14760000  │  20880000  │ 1672823100000 │ '2023-01-04T09:05:00.000Z' │ 100  │  0   │  0  │ Infinity │    0     │ 11180 │ 7737.5 │  0  │ 0.4 │  4100  │  14760000  │   5800    │   20880000    │        │           │      │
│    2    │ 3.6 │ 3.6 │ 3.6 │ 3.6 │  2800  │ 10080000  │   8600    │  2800   │ 10080000  │  30960000  │ 1672823400000 │ '2023-01-04T09:10:00.000Z' │ 100  │  0   │  0  │ Infinity │    0     │ 11180 │ 7737.5 │  0  │ 0.3 │  2800  │  10080000  │   8600    │   30960000    │        │           │      │
│    3    │ 3.6 │ 3.6 │ 3.6 │ 3.6 │  200   │  720000   │   8800    │   200   │  720000   │  31680000  │ 1672823700000 │ '2023-01-04T09:15:00.000Z' │ 100  │  0   │  0  │ Infinity │    0     │ 11180 │ 7737.5 │  0  │  0  │  200   │   720000   │   8800    │   31680000    │        │           │      │
│    4    │ 3.6 │ 3.6 │ 3.6 │ 3.6 │  2100  │  7560000  │   10900   │  2100   │  7560000  │  39240000  │ 1672824000000 │ '2023-01-04T09:20:00.000Z' │ 100  │  0   │  0  │ Infinity │    0     │ 11180 │ 7737.5 │  0  │ 0.2 │  2100  │  7560000   │   10900   │   39240000    │        │           │      │
│    5    │ 3.6 │ 3.6 │ 3.6 │ 3.6 │ 100100 │ 360360000 │  111000   │ 100100  │ 360360000 │ 399600000  │ 1672824300000 │ '2023-01-04T09:25:00.000Z' │ 100  │  0   │  0  │ Infinity │    0     │ 11180 │ 7737.5 │  0  │  9  │ 100100 │ 360360000  │  111000   │   399600000   │        │           │      │
│    6    │ 3.6 │ 3.6 │ 3.5 │ 3.6 │ 54000  │ 194400000 │  217500   │ 106500  │ 383160000 │ 782760000  │ 1672824600000 │ '2023-01-04T09:30:00.000Z' │ 50.7 │ 49.3 │  0  │    1     │    1     │ 11180 │ 7737.5 │  0  │ 4.8 │  1500  │  5640000   │  112500   │   405240000   │ 52500  │ 188760000 │ 6.8  │
│    7    │ 3.6 │ 3.6 │ 3.6 │ 3.6 │  7400  │ 26640000  │  224900   │  7400   │ 26640000  │ 809400000  │ 1672824900000 │ '2023-01-04T09:35:00.000Z' │ 100  │  0   │  0  │ Infinity │    0     │ 11180 │ 7737.5 │  0  │ 0.7 │  7400  │  26640000  │  119900   │   431880000   │        │           │      │
│    8    │ 3.6 │ 3.6 │ 3.6 │ 3.6 │  2400  │  8640000  │  227300   │  2400   │  8640000  │ 818040000  │ 1672825200000 │ '2023-01-04T09:40:00.000Z' │ 100  │  0   │  0  │ Infinity │    0     │ 11180 │ 7737.5 │  0  │ 0.2 │  2400  │  8640000   │  122300   │   440520000   │        │           │      │
│    9    │ 3.5 │ 3.6 │ 3.5 │ 3.6 │  100   │  360000   │  227500   │   200   │  710000   │ 818750000  │ 1672825500000 │ '2023-01-04T09:45:00.000Z' │  50  │  50  │  0  │    1     │    1     │ 11180 │ 7737.5 │  0  │  0  │   0    │   10000    │  122300   │   440530000   │  100   │  350000   │  0   │
│   10    │ 3.5 │ 3.5 │ 3.5 │ 3.5 │        │           │  233000   │  5500   │ 19250000  │ 838000000  │ 1672825800000 │ '2023-01-04T09:50:00.000Z' │  0   │ 100  │  0  │    0     │ Infinity │ 11180 │ 7737.5 │  0  │     │ -5500  │ -19250000  │  116800   │   421280000   │  5500  │ 19250000  │ 0.7  │
│   11    │ 3.5 │ 3.5 │ 3.5 │ 3.5 │        │           │  236800   │  3800   │ 13300000  │ 851300000  │ 1672826100000 │ '2023-01-04T09:55:00.000Z' │  0   │ 100  │  0  │    0     │ Infinity │ 11180 │ 7737.5 │  0  │     │ -3800  │ -13300000  │  113000   │   407980000   │  3800  │ 13300000  │ 0.5  │
│   12    │ 3.6 │ 3.6 │ 3.6 │ 3.6 │ 11300  │ 40680000  │  248100   │  11300  │ 40680000  │ 891980000  │ 1672827000000 │ '2023-01-04T10:10:00.000Z' │ 100  │  0   │  0  │ Infinity │    0     │ 11180 │ 7737.5 │  0  │  1  │ 11300  │  40680000  │  124300   │   448660000   │        │           │      │
│   13    │ 3.6 │ 3.6 │ 3.6 │ 3.6 │  300   │  1080000  │  248400   │   300   │  1080000  │ 893060000  │ 1672827600000 │ '2023-01-04T10:20:00.000Z' │ 100  │  0   │  0  │ Infinity │    0     │ 11180 │ 7737.5 │  0  │  0  │  300   │  1080000   │  124600   │   449740000   │        │           │      │
│   14    │ 3.6 │ 3.6 │ 3.6 │ 3.6 │  200   │  720000   │  248600   │   200   │  720000   │ 893780000  │ 1672828200000 │ '2023-01-04T10:30:00.000Z' │ 100  │  0   │  0  │ Infinity │    0     │ 11180 │ 7737.5 │  0  │  0  │  200   │   720000   │  124800   │   450460000   │        │           │      │
│   15    │ 3.5 │ 3.5 │ 3.5 │ 3.5 │        │           │  259600   │  11000  │ 38500000  │ 932280000  │ 1672828500000 │ '2023-01-04T10:35:00.000Z' │  0   │ 100  │  0  │    0     │ Infinity │ 11180 │ 7737.5 │  0  │     │ -11000 │ -38500000  │  113800   │   411960000   │ 11000  │ 38500000  │ 1.4  │
│   16    │ 3.5 │ 3.5 │ 3.5 │ 3.5 │        │           │  263300   │  3700   │ 12950000  │ 945230000  │ 1672828800000 │ '2023-01-04T10:40:00.000Z' │  0   │ 100  │  0  │    0     │ Infinity │ 11180 │ 7737.5 │  0  │     │ -3700  │ -12950000  │  110100   │   399010000   │  3700  │ 12950000  │ 0.5  │
│   17    │ 3.6 │ 3.6 │ 3.6 │ 3.6 │  5300  │ 19080000  │  268600   │  5300   │ 19080000  │ 964310000  │ 1672829100000 │ '2023-01-04T10:45:00.000Z' │ 100  │  0   │  0  │ Infinity │    0     │ 11180 │ 7737.5 │  0  │ 0.5 │  5300  │  19080000  │  115400   │   418090000   │        │           │      │
│   18    │ 3.6 │ 3.6 │ 3.6 │ 3.6 │  600   │  2160000  │  269200   │   600   │  2160000  │ 966470000  │ 1672829400000 │ '2023-01-04T10:50:00.000Z' │ 100  │  0   │  0  │ Infinity │    0     │ 11180 │ 7737.5 │  0  │ 0.1 │  600   │  2160000   │  116000   │   420250000   │        │           │      │
│   19    │ 3.6 │ 3.6 │ 3.6 │ 3.6 │ 16100  │ 57960000  │  285300   │  16100  │ 57960000  │ 1024430000 │ 1672830000000 │ '2023-01-04T11:00:00.000Z' │ 100  │  0   │  0  │ Infinity │    0     │ 11180 │ 7737.5 │  0  │ 1.4 │ 16100  │  57960000  │  132100   │   478210000   │        │           │      │
│   20    │ 3.6 │ 3.6 │ 3.6 │ 3.6 │  500   │  1800000  │  285800   │   500   │  1800000  │ 1026230000 │ 1672830300000 │ '2023-01-04T11:05:00.000Z' │ 100  │  0   │  0  │ Infinity │    0     │ 11180 │ 7737.5 │  0  │  0  │  500   │  1800000   │  132600   │   480010000   │        │           │      │
├─────────┼─────┼─────┼─────┼─────┼────────┼───────────┼───────────┼─────────┼───────────┼────────────┼───────────────┼────────────────────────────┼──────┼──────┼─────┼──────────┼──────────┼───────┼────────┼─────┼─────┼────────┼────────────┼───────────┼───────────────┼────────┼───────────┼──────┤
│ (index) │  c  │  h  │  l  │  o  │   bu   │  val_bu   │ total_vol │ sum_vol │    val    │  acum_val  │   datetime    │            date            │ pbu  │ psd  │ puk │    bs    │    sb    │  abu  │  asd   │ auk │ rbu │ bu-sd  │ bu-sd_val  │ acum_busd │ acum_busd_val │   sd   │  val_sd   │ rsd  │
├─────────┼─────┼─────┼─────┼─────┼────────┼───────────┼───────────┼─────────┼───────────┼────────────┼───────────────┼────────────────────────────┼──────┼──────┼─────┼──────────┼──────────┼───────┼────────┼─────┼─────┼────────┼────────────┼───────────┼───────────────┼────────┼───────────┼──────┤
│   21    │ 3.6 │ 3.6 │ 3.6 │ 3.6 │  3300  │ 11880000  │  289100   │  3300   │ 11880000  │ 1038110000 │ 1672830600000 │ '2023-01-04T11:10:00.000Z' │ 100  │  0   │  0  │ Infinity │    0     │ 11180 │ 7737.5 │  0  │ 0.3 │  3300  │  11880000  │  135900   │   491890000   │        │           │      │
│   22    │ 3.6 │ 3.6 │ 3.6 │ 3.6 │  1000  │  3600000  │  290100   │  1000   │  3600000  │ 1041710000 │ 1672830900000 │ '2023-01-04T11:15:00.000Z' │ 100  │  0   │  0  │ Infinity │    0     │ 11180 │ 7737.5 │  0  │ 0.1 │  1000  │  3600000   │  136900   │   495490000   │        │           │      │
│   23    │ 3.5 │ 3.6 │ 3.5 │ 3.6 │ 40000  │ 144000000 │  384300   │  94200  │ 333700000 │ 1375410000 │ 1672837200000 │ '2023-01-04T13:00:00.000Z' │ 42.5 │ 57.5 │  0  │   0.7    │   1.4    │ 11180 │ 7737.5 │  0  │ 3.6 │ -14200 │ -45700000  │  122700   │   449790000   │ 54200  │ 189700000 │  7   │
│   24    │ 3.6 │ 3.6 │ 3.6 │ 3.6 │ 40100  │ 144360000 │  424400   │  40100  │ 144360000 │ 1519770000 │ 1672837500000 │ '2023-01-04T13:05:00.000Z' │ 100  │  0   │  0  │ Infinity │    0     │ 11180 │ 7737.5 │  0  │ 3.6 │ 40100  │ 144360000  │  162800   │   594150000   │        │           │      │
│   25    │ 3.6 │ 3.6 │ 3.6 │ 3.6 │  100   │  360000   │  424500   │   100   │  360000   │ 1520130000 │ 1672838100000 │ '2023-01-04T13:15:00.000Z' │ 100  │  0   │  0  │ Infinity │    0     │ 11180 │ 7737.5 │  0  │  0  │  100   │   360000   │  162900   │   594510000   │        │           │      │
│   26    │ 3.5 │ 3.5 │ 3.5 │ 3.5 │        │           │  449700   │  25200  │ 88200000  │ 1608330000 │ 1672838400000 │ '2023-01-04T13:20:00.000Z' │  0   │ 100  │  0  │    0     │ Infinity │ 11180 │ 7737.5 │  0  │     │ -25200 │ -88200000  │  137700   │   506310000   │ 25200  │ 88200000  │ 3.3  │
│   27    │ 3.5 │ 3.5 │ 3.4 │ 3.5 │ 56000  │ 196000000 │  609000   │ 159300  │ 556100000 │ 2164430000 │ 1672838700000 │ '2023-01-04T13:25:00.000Z' │ 35.2 │ 64.8 │  0  │   0.5    │   1.8    │ 11180 │ 7737.5 │  0  │  5  │ -47300 │ -164100000 │   90400   │   342210000   │ 103300 │ 360100000 │ 13.4 │
│   28    │ 3.5 │ 3.5 │ 3.5 │ 3.5 │ 88600  │ 310100000 │  731900   │ 122900  │ 430150000 │ 2594580000 │ 1672839000000 │ '2023-01-04T13:30:00.000Z' │ 72.1 │ 27.9 │  0  │   2.6    │   0.4    │ 11180 │ 7737.5 │  0  │ 7.9 │ 54300  │ 190050000  │  144700   │   532260000   │ 34300  │ 120050000 │ 4.4  │
│   29    │ 3.5 │ 3.5 │ 3.5 │ 3.5 │        │           │  732100   │   200   │  700000   │ 2595280000 │ 1672839300000 │ '2023-01-04T13:35:00.000Z' │  0   │ 100  │  0  │    0     │ Infinity │ 11180 │ 7737.5 │  0  │     │  -200  │  -700000   │  144500   │   531560000   │  200   │  700000   │  0   │
│   30    │ 3.6 │ 3.6 │ 3.5 │ 3.5 │  100   │  360000   │  732500   │   400   │  1410000  │ 2596690000 │ 1672839600000 │ '2023-01-04T13:40:00.000Z' │  25  │  75  │  0  │   0.3    │    3     │ 11180 │ 7737.5 │  0  │  0  │  -200  │  -690000   │  144300   │   530870000   │  300   │  1050000  │  0   │
│   31    │ 3.6 │ 3.6 │ 3.5 │ 3.5 │  100   │  360000   │  732700   │   200   │  710000   │ 2597400000 │ 1672840200000 │ '2023-01-04T13:50:00.000Z' │  50  │  50  │  0  │    1     │    1     │ 11180 │ 7737.5 │  0  │  0  │   0    │   10000    │  144300   │   530880000   │  100   │  350000   │  0   │
│   32    │ 3.5 │ 3.5 │ 3.5 │ 3.5 │        │           │  739100   │  6400   │ 22400000  │ 2619800000 │ 1672840500000 │ '2023-01-04T13:55:00.000Z' │  0   │ 100  │  0  │    0     │ Infinity │ 11180 │ 7737.5 │  0  │     │ -6400  │ -22400000  │  137900   │   508480000   │  6400  │ 22400000  │ 0.8  │
│   33    │ 3.5 │ 3.5 │ 3.5 │ 3.5 │        │           │  740000   │   900   │  3150000  │ 2622950000 │ 1672840800000 │ '2023-01-04T14:00:00.000Z' │  0   │ 100  │  0  │    0     │ Infinity │ 11180 │ 7737.5 │  0  │     │  -900  │  -3150000  │  137000   │   505330000   │  900   │  3150000  │ 0.1  │
│   34    │ 3.6 │ 3.6 │ 3.5 │ 3.6 │  300   │  1080000  │  740600   │   600   │  2130000  │ 2625080000 │ 1672841100000 │ '2023-01-04T14:05:00.000Z' │  50  │  50  │  0  │    1     │    1     │ 11180 │ 7737.5 │  0  │  0  │   0    │   30000    │  137000   │   505360000   │  300   │  1050000  │  0   │
│   35    │ 3.6 │ 3.6 │ 3.6 │ 3.6 │  200   │  720000   │  740800   │   200   │  720000   │ 2625800000 │ 1672841400000 │ '2023-01-04T14:10:00.000Z' │ 100  │  0   │  0  │ Infinity │    0     │ 11180 │ 7737.5 │  0  │  0  │  200   │   720000   │  137200   │   506080000   │        │           │      │
│   36    │ 3.6 │ 3.6 │ 3.6 │ 3.6 │  1000  │  3600000  │  741800   │  1000   │  3600000  │ 2629400000 │ 1672841700000 │ '2023-01-04T14:15:00.000Z' │ 100  │  0   │  0  │ Infinity │    0     │ 11180 │ 7737.5 │  0  │ 0.1 │  1000  │  3600000   │  138200   │   509680000   │        │           │      │
│   37    │ 3.6 │ 3.6 │ 3.6 │ 3.6 │  5000  │ 18000000  │  746800   │  5000   │ 18000000  │ 2647400000 │ 1672842000000 │ '2023-01-04T14:20:00.000Z' │ 100  │  0   │  0  │ Infinity │    0     │ 11180 │ 7737.5 │  0  │ 0.4 │  5000  │  18000000  │  143200   │   527680000   │        │           │      │
│   38    │ 3.6 │ 3.6 │ 3.5 │ 3.6 │  2200  │  7920000  │  749800   │  3000   │ 10720000  │ 2658120000 │ 1672842300000 │ '2023-01-04T14:25:00.000Z' │ 73.3 │ 26.7 │  0  │   2.8    │   0.4    │ 11180 │ 7737.5 │  0  │ 0.2 │  1400  │  5120000   │  144600   │   532800000   │  800   │  2800000  │ 0.1  │
│   39    │ 3.5 │ 3.5 │ 3.5 │ 3.5 │        │           │  756700   │  6900   │ 24150000  │ 2682270000 │ 1672843500000 │ '2023-01-04T14:45:00.000Z' │  0   │ 100  │  0  │    0     │ Infinity │ 11180 │ 7737.5 │  0  │     │ -6900  │ -24150000  │  137700   │   508650000   │  6900  │ 24150000  │ 0.9  │
└─────────┴─────┴─────┴─────┴─────┴────────┴───────────┴───────────┴─────────┴───────────┴────────────┴───────────────┴────────────────────────────┴──────┴──────┴─────┴──────────┴──────────┴───────┴────────┴─────┴─────┴────────┴────────────┴───────────┴───────────────┴────────┴───────────┴──────┘
├─────────┼─────┼─────┼─────┼─────┼────────┼───────────┼───────────┼─────────┼───────────┼────────────┼───────────────┼────────────────────────────┼──────┼──────┼─────┼──────────┼──────────┼───────┼────────┼─────┼─────┼────────┼────────────┼───────────┼───────────────┼────────┼───────────┼──────┤
│ (index) │  c  │  h  │  l  │  o  │   bu   │  val_bu   │ total_vol │ sum_vol │    val    │  acum_val  │   datetime    │            date            │ pbu  │ psd  │ puk │    bs    │    sb    │  abu  │  asd   │ auk │ rbu │ bu-sd  │ bu-sd_val  │ acum_busd │ acum_busd_val │   sd   │  val_sd   │ rsd  │
├─────────┼─────┼─────┼─────┼─────┼────────┼───────────┼───────────┼─────────┼───────────┼────────────┼───────────────┼────────────────────────────┼──────┼──────┼─────┼──────────┼──────────┼───────┼────────┼─────┼─────┼────────┼────────────┼───────────┼───────────────┼────────┼───────────┼──────┤

