┌─────────┬──────┬──────┬──────┬──────┬──────┬──────────┬───────────┬─────────┬──────────┬───────────┬───────────────┬────────────────────────────┬──────┬──────┬─────┬──────────┬──────────┬────────┬────────┬─────┬─────┬────────┬───────────┬───────────┬───────────────┬───────┬──────────┬─────┐
│ (index) │  c   │  h   │  l   │  o   │  bu  │  val_bu  │ total_vol │ sum_vol │   val    │ acum_val  │   datetime    │            date            │ pbu  │ psd  │ puk │    bs    │    sb    │  abu   │  asd   │ auk │ rbu │ bu-sd  │ bu-sd_val │ acum_busd │ acum_busd_val │  sd   │  val_sd  │ rsd │
├─────────┼──────┼──────┼──────┼──────┼──────┼──────────┼───────────┼─────────┼──────────┼───────────┼───────────────┼────────────────────────────┼──────┼──────┼─────┼──────────┼──────────┼────────┼────────┼─────┼─────┼────────┼───────────┼───────────┼───────────────┼───────┼──────────┼─────┤
│    0    │ 3.8  │ 3.8  │ 3.8  │ 3.8  │ 100  │  380000  │    100    │   100   │  380000  │  380000   │ 1672824300000 │ '2023-01-04T09:25:00.000Z' │ 100  │  0   │  0  │ Infinity │    0     │ 1109.1 │ 1281.8 │  0  │ 0.1 │  100   │  380000   │    100    │    380000     │       │          │     │
│    1    │ 3.88 │ 3.89 │ 3.88 │ 3.88 │ 600  │ 2333000  │    900    │   800   │ 3110000  │  3490000  │ 1672824600000 │ '2023-01-04T09:30:00.000Z' │  75  │  25  │  0  │    3     │   0.3    │ 1109.1 │ 1281.8 │  0  │ 0.5 │  400   │  1556000  │    500    │    1936000    │  200  │  777000  │ 0.2 │
│    2    │ 3.9  │ 3.9  │ 3.9  │ 3.9  │ 100  │  390000  │   1000    │   100   │  390000  │  3880000  │ 1672824900000 │ '2023-01-04T09:35:00.000Z' │ 100  │  0   │  0  │ Infinity │    0     │ 1109.1 │ 1281.8 │  0  │ 0.1 │  100   │  390000   │    600    │    2326000    │       │          │     │
│    3    │ 3.89 │ 3.89 │ 3.85 │ 3.85 │ 1600 │ 6176000  │   2600    │  1600   │ 6176000  │ 10056000  │ 1672825200000 │ '2023-01-04T09:40:00.000Z' │ 100  │  0   │  0  │ Infinity │    0     │ 1109.1 │ 1281.8 │  0  │ 1.4 │  1600  │  6176000  │   2200    │    8502000    │       │          │     │
│    4    │ 3.87 │ 3.89 │ 3.87 │ 3.89 │ 1500 │ 5822000  │   4400    │  1800   │ 6985000  │ 17041000  │ 1672825500000 │ '2023-01-04T09:45:00.000Z' │ 83.3 │ 16.7 │  0  │    5     │   0.2    │ 1109.1 │ 1281.8 │  0  │ 1.4 │  1200  │  4659000  │   3400    │   13161000    │  300  │ 1163000  │ 0.2 │
│    5    │ 3.88 │ 3.88 │ 3.87 │ 3.88 │ 1300 │ 5044000  │   6900    │  2500   │ 9688000  │ 26729000  │ 1672825800000 │ '2023-01-04T09:50:00.000Z' │  52  │  48  │  0  │   1.1    │   0.9    │ 1109.1 │ 1281.8 │  0  │ 1.2 │  100   │  400000   │   3500    │   13561000    │ 1200  │ 4644000  │ 0.9 │
│    6    │ 3.87 │ 3.88 │ 3.87 │ 3.88 │ 100  │  388000  │   8000    │  1100   │ 4258000  │ 30987000  │ 1672826100000 │ '2023-01-04T09:55:00.000Z' │ 9.1  │ 90.9 │  0  │   0.1    │    10    │ 1109.1 │ 1281.8 │  0  │ 0.1 │  -900  │ -3482000  │   2600    │   10079000    │ 1000  │ 3870000  │ 0.8 │
│    7    │ 3.87 │ 3.87 │ 3.83 │ 3.87 │ 2300 │ 8851000  │   12900   │  4900   │ 18855000 │ 49842000  │ 1672826400000 │ '2023-01-04T10:00:00.000Z' │ 46.9 │ 53.1 │  0  │   0.9    │   1.1    │ 1109.1 │ 1281.8 │  0  │ 2.1 │  -300  │ -1153000  │   2300    │    8926000    │ 2600  │ 10004000 │  2  │
│    8    │ 3.87 │ 3.87 │ 3.87 │ 3.87 │ 300  │ 1161000  │   13200   │   300   │ 1161000  │ 51003000  │ 1672827300000 │ '2023-01-04T10:15:00.000Z' │ 100  │  0   │  0  │ Infinity │    0     │ 1109.1 │ 1281.8 │  0  │ 0.3 │  300   │  1161000  │   2600    │   10087000    │       │          │     │
│    9    │ 3.88 │ 3.88 │ 3.88 │ 3.88 │ 1100 │ 4268000  │   14300   │  1100   │ 4268000  │ 55271000  │ 1672827600000 │ '2023-01-04T10:20:00.000Z' │ 100  │  0   │  0  │ Infinity │    0     │ 1109.1 │ 1281.8 │  0  │  1  │  1100  │  4268000  │   3700    │   14355000    │       │          │     │
│   10    │ 3.88 │ 3.88 │ 3.88 │ 3.88 │ 600  │ 2328000  │   14900   │   600   │ 2328000  │ 57599000  │ 1672827900000 │ '2023-01-04T10:25:00.000Z' │ 100  │  0   │  0  │ Infinity │    0     │ 1109.1 │ 1281.8 │  0  │ 0.5 │  600   │  2328000  │   4300    │   16683000    │       │          │     │
│   11    │ 3.88 │ 3.88 │ 3.88 │ 3.88 │      │          │   15300   │   400   │ 1552000  │ 59151000  │ 1672828200000 │ '2023-01-04T10:30:00.000Z' │  0   │ 100  │  0  │    0     │ Infinity │ 1109.1 │ 1281.8 │  0  │     │  -400  │ -1552000  │   3900    │   15131000    │  400  │ 1552000  │ 0.3 │
│   12    │ 3.88 │ 3.88 │ 3.88 │ 3.88 │ 900  │ 3492000  │   16200   │   900   │ 3492000  │ 62643000  │ 1672828800000 │ '2023-01-04T10:40:00.000Z' │ 100  │  0   │  0  │ Infinity │    0     │ 1109.1 │ 1281.8 │  0  │ 0.8 │  900   │  3492000  │   4800    │   18623000    │       │          │     │
│   13    │ 3.9  │ 3.9  │ 3.88 │ 3.88 │ 7800 │ 30289000 │   24000   │  7800   │ 30289000 │ 92932000  │ 1672829100000 │ '2023-01-04T10:45:00.000Z' │ 100  │  0   │  0  │ Infinity │    0     │ 1109.1 │ 1281.8 │  0  │  7  │  7800  │ 30289000  │   12600   │   48912000    │       │          │     │
│   14    │ 3.89 │ 3.89 │ 3.89 │ 3.89 │      │          │   24400   │   400   │ 1556000  │ 94488000  │ 1672829700000 │ '2023-01-04T10:55:00.000Z' │  0   │ 100  │  0  │    0     │ Infinity │ 1109.1 │ 1281.8 │  0  │     │  -400  │ -1556000  │   12200   │   47356000    │  400  │ 1556000  │ 0.3 │
│   15    │ 3.85 │ 3.88 │ 3.85 │ 3.88 │ 2800 │ 10780000 │   28900   │  4500   │ 17339000 │ 111827000 │ 1672830000000 │ '2023-01-04T11:00:00.000Z' │ 62.2 │ 37.8 │  0  │   1.6    │   0.6    │ 1109.1 │ 1281.8 │  0  │ 2.5 │  1100  │  4221000  │   13300   │   51577000    │ 1700  │ 6559000  │ 1.3 │
│   16    │ 3.83 │ 3.83 │ 3.83 │ 3.83 │      │          │   29100   │   200   │  766000  │ 112593000 │ 1672830600000 │ '2023-01-04T11:10:00.000Z' │  0   │ 100  │  0  │    0     │ Infinity │ 1109.1 │ 1281.8 │  0  │     │  -200  │  -766000  │   13100   │   50811000    │  200  │  766000  │ 0.2 │
│   17    │ 3.8  │ 3.82 │ 3.8  │ 3.82 │      │          │   30200   │  1100   │ 4187000  │ 116780000 │ 1672830900000 │ '2023-01-04T11:15:00.000Z' │  0   │ 100  │  0  │    0     │ Infinity │ 1109.1 │ 1281.8 │  0  │     │ -1100  │ -4187000  │   12000   │   46624000    │ 1100  │ 4187000  │ 0.9 │
│   18    │ 3.8  │ 3.8  │ 3.8  │ 3.8  │ 3400 │ 12920000 │   33600   │  3400   │ 12920000 │ 129700000 │ 1672831500000 │ '2023-01-04T11:25:00.000Z' │ 100  │  0   │  0  │ Infinity │    0     │ 1109.1 │ 1281.8 │  0  │ 3.1 │  3400  │ 12920000  │   15400   │   59544000    │       │          │     │
│   19    │ 3.9  │ 3.9  │ 3.83 │ 3.83 │ 6800 │ 26394000 │   52800   │  19200  │ 74754000 │ 204454000 │ 1672837200000 │ '2023-01-04T13:00:00.000Z' │ 35.4 │ 64.6 │  0  │   0.5    │   1.8    │ 1109.1 │ 1281.8 │  0  │ 6.1 │ -5600  │ -21966000 │   9800    │   37578000    │ 12400 │ 48360000 │ 9.7 │
│   20    │ 3.9  │ 3.95 │ 3.9  │ 3.91 │ 500  │ 1963000  │   64600   │  11800  │ 46038000 │ 250492000 │ 1672837500000 │ '2023-01-04T13:05:00.000Z' │ 4.2  │ 95.8 │  0  │    0     │   22.6   │ 1109.1 │ 1281.8 │  0  │ 0.5 │ -10800 │ -42112000 │   -1000   │   -4534000    │ 11300 │ 44075000 │ 8.8 │
├─────────┼──────┼──────┼──────┼──────┼──────┼──────────┼───────────┼─────────┼──────────┼───────────┼───────────────┼────────────────────────────┼──────┼──────┼─────┼──────────┼──────────┼────────┼────────┼─────┼─────┼────────┼───────────┼───────────┼───────────────┼───────┼──────────┼─────┤
│ (index) │  c   │  h   │  l   │  o   │  bu  │  val_bu  │ total_vol │ sum_vol │   val    │ acum_val  │   datetime    │            date            │ pbu  │ psd  │ puk │    bs    │    sb    │  abu   │  asd   │ auk │ rbu │ bu-sd  │ bu-sd_val │ acum_busd │ acum_busd_val │  sd   │  val_sd  │ rsd │
├─────────┼──────┼──────┼──────┼──────┼──────┼──────────┼───────────┼─────────┼──────────┼───────────┼───────────────┼────────────────────────────┼──────┼──────┼─────┼──────────┼──────────┼────────┼────────┼─────┼─────┼────────┼───────────┼───────────┼───────────────┼───────┼──────────┼─────┤
│   21    │ 3.9  │ 3.9  │ 3.9  │ 3.9  │ 3100 │ 12090000 │   67900   │  3300   │ 12870000 │ 263362000 │ 1672837800000 │ '2023-01-04T13:10:00.000Z' │ 93.9 │ 6.1  │  0  │   15.5   │   0.1    │ 1109.1 │ 1281.8 │  0  │ 2.8 │  2900  │ 11310000  │   1900    │    6776000    │  200  │  780000  │ 0.2 │
│   22    │ 3.9  │ 3.9  │ 3.9  │ 3.9  │ 200  │  780000  │   68100   │   200   │  780000  │ 264142000 │ 1672838100000 │ '2023-01-04T13:15:00.000Z' │ 100  │  0   │  0  │ Infinity │    0     │ 1109.1 │ 1281.8 │  0  │ 0.2 │  200   │  780000   │   2100    │    7556000    │       │          │     │
│   23    │ 3.8  │ 3.9  │ 3.8  │ 3.9  │      │          │   71900   │  3800   │ 14559000 │ 278701000 │ 1672838400000 │ '2023-01-04T13:20:00.000Z' │  0   │ 100  │  0  │    0     │ Infinity │ 1109.1 │ 1281.8 │  0  │     │ -3800  │ -14559000 │   -1700   │   -7003000    │ 3800  │ 14559000 │  3  │
│   24    │ 3.8  │ 3.89 │ 3.8  │ 3.8  │ 100  │  389000  │   73300   │  1400   │ 5340000  │ 284041000 │ 1672838700000 │ '2023-01-04T13:25:00.000Z' │ 7.1  │ 92.9 │  0  │   0.1    │    13    │ 1109.1 │ 1281.8 │  0  │ 0.1 │ -1200  │ -4562000  │   -2900   │   -11565000   │ 1300  │ 4951000  │  1  │
│   25    │ 3.9  │ 3.9  │ 3.89 │ 3.89 │ 1000 │ 3900000  │   74600   │  1300   │ 5067000  │ 289108000 │ 1672839300000 │ '2023-01-04T13:35:00.000Z' │ 76.9 │ 23.1 │  0  │   3.3    │   0.3    │ 1109.1 │ 1281.8 │  0  │ 0.9 │  700   │  2733000  │   -2200   │   -8832000    │  300  │ 1167000  │ 0.2 │
│   26    │ 3.88 │ 3.88 │ 3.88 │ 3.88 │      │          │   74800   │   200   │  776000  │ 289884000 │ 1672839600000 │ '2023-01-04T13:40:00.000Z' │  0   │ 100  │  0  │    0     │ Infinity │ 1109.1 │ 1281.8 │  0  │     │  -200  │  -776000  │   -2400   │   -9608000    │  200  │  776000  │ 0.2 │
│   27    │ 3.88 │ 3.88 │ 3.88 │ 3.88 │ 200  │  776000  │   75000   │   200   │  776000  │ 290660000 │ 1672839900000 │ '2023-01-04T13:45:00.000Z' │ 100  │  0   │  0  │ Infinity │    0     │ 1109.1 │ 1281.8 │  0  │ 0.2 │  200   │  776000   │   -2200   │   -8832000    │       │          │     │
│   28    │ 3.8  │ 3.84 │ 3.8  │ 3.84 │      │          │   76000   │  1000   │ 3832000  │ 294492000 │ 1672840500000 │ '2023-01-04T13:55:00.000Z' │  0   │ 100  │  0  │    0     │ Infinity │ 1109.1 │ 1281.8 │  0  │     │ -1000  │ -3832000  │   -3200   │   -12664000   │ 1000  │ 3832000  │ 0.8 │
│   29    │ 3.81 │ 3.81 │ 3.81 │ 3.81 │      │          │   76100   │   100   │  381000  │ 294873000 │ 1672840800000 │ '2023-01-04T14:00:00.000Z' │  0   │ 100  │  0  │    0     │ Infinity │ 1109.1 │ 1281.8 │  0  │     │  -100  │  -381000  │   -3300   │   -13045000   │  100  │  381000  │ 0.1 │
│   30    │ 3.85 │ 3.85 │ 3.85 │ 3.85 │ 100  │  385000  │   76300   │   200   │  770000  │ 295643000 │ 1672842000000 │ '2023-01-04T14:20:00.000Z' │  50  │  50  │  0  │    1     │    1     │ 1109.1 │ 1281.8 │  0  │ 0.1 │   0    │     0     │   -3300   │   -13045000   │  100  │  385000  │ 0.1 │
│   31    │ 3.85 │ 3.85 │ 3.82 │ 3.85 │ 100  │  385000  │   78000   │  1700   │ 6506000  │ 302149000 │ 1672842300000 │ '2023-01-04T14:25:00.000Z' │ 5.9  │ 94.1 │  0  │   0.1    │    16    │ 1109.1 │ 1281.8 │  0  │ 0.1 │ -1500  │ -5736000  │   -4800   │   -18781000   │ 1600  │ 6121000  │ 1.2 │
│   32    │ 3.81 │ 3.81 │ 3.81 │ 3.81 │      │          │   78900   │   900   │ 3429000  │ 305578000 │ 1672843500000 │ '2023-01-04T14:45:00.000Z' │  0   │ 100  │  0  │    0     │ Infinity │ 1109.1 │ 1281.8 │  0  │     │  -900  │ -3429000  │   -5700   │   -22210000   │  900  │ 3429000  │ 0.7 │
└─────────┴──────┴──────┴──────┴──────┴──────┴──────────┴───────────┴─────────┴──────────┴───────────┴───────────────┴────────────────────────────┴──────┴──────┴─────┴──────────┴──────────┴────────┴────────┴─────┴─────┴────────┴───────────┴───────────┴───────────────┴───────┴──────────┴─────┘

