┌─────────┬───────┬───────┬───────┬───────┬──────┬──────────┬───────────┬─────────┬───────────┬───────────┬───────────────┬────────────────────────────┬──────┬──────┬─────┬──────────┬──────────┬───────┬────────┬─────┬─────┬───────┬───────────┬───────────┬───────────────┬──────┬──────────┬─────┐
│ (index) │   c   │   h   │   l   │   o   │  bu  │  val_bu  │ total_vol │ sum_vol │    val    │ acum_val  │   datetime    │            date            │ pbu  │ psd  │ puk │    bs    │    sb    │  abu  │  asd   │ auk │ rbu │ bu-sd │ bu-sd_val │ acum_busd │ acum_busd_val │  sd  │  val_sd  │ rsd │
├─────────┼───────┼───────┼───────┼───────┼──────┼──────────┼───────────┼─────────┼───────────┼───────────┼───────────────┼────────────────────────────┼──────┼──────┼─────┼──────────┼──────────┼───────┼────────┼─────┼─────┼───────┼───────────┼───────────┼───────────────┼──────┼──────────┼─────┤
│    0    │ 13.9  │ 13.9  │ 13.9  │ 13.9  │ 2200 │ 30580000 │   2200    │  2200   │ 30580000  │ 30580000  │ 1672823640000 │ '2023-01-04T09:14:00.000Z' │ 100  │  0   │  0  │ Infinity │    0     │ 959.4 │ 1121.9 │  0  │ 2.3 │ 2200  │ 30580000  │   2200    │   30580000    │      │          │     │
│    1    │ 14.1  │ 14.1  │ 14.1  │ 14.1  │ 100  │ 1410000  │   2300    │   100   │  1410000  │ 31990000  │ 1672824240000 │ '2023-01-04T09:24:00.000Z' │ 100  │  0   │  0  │ Infinity │    0     │ 959.4 │ 1121.9 │  0  │ 0.1 │  100  │  1410000  │   2300    │   31990000    │      │          │     │
│    2    │ 14.1  │ 14.1  │ 14.1  │ 14.1  │ 600  │ 8460000  │   2900    │   600   │  8460000  │ 40450000  │ 1672824360000 │ '2023-01-04T09:26:00.000Z' │ 100  │  0   │  0  │ Infinity │    0     │ 959.4 │ 1121.9 │  0  │ 0.6 │  600  │  8460000  │   2900    │   40450000    │      │          │     │
│    3    │ 14.1  │ 14.3  │ 14.1  │ 14.1  │ 2400 │ 34080000 │   11900   │  9000   │ 127140000 │ 167590000 │ 1672824720000 │ '2023-01-04T09:32:00.000Z' │ 26.7 │ 73.3 │  0  │   0.4    │   2.8    │ 959.4 │ 1121.9 │  0  │ 2.5 │ -4200 │ -58980000 │   -1300   │   -18530000   │ 6600 │ 93060000 │ 5.9 │
│    4    │ 13.95 │ 13.95 │ 13.95 │ 13.95 │      │          │   13900   │  2000   │ 27900000  │ 195490000 │ 1672825680000 │ '2023-01-04T09:48:00.000Z' │  0   │ 100  │  0  │    0     │ Infinity │ 959.4 │ 1121.9 │  0  │     │ -2000 │ -27900000 │   -3300   │   -46430000   │ 2000 │ 27900000 │ 1.8 │
│    5    │ 13.95 │ 13.95 │ 13.95 │ 13.95 │      │          │   14700   │   800   │ 11160000  │ 206650000 │ 1672826880000 │ '2023-01-04T10:08:00.000Z' │  0   │ 100  │  0  │    0     │ Infinity │ 959.4 │ 1121.9 │  0  │     │ -800  │ -11160000 │   -4100   │   -57590000   │ 800  │ 11160000 │ 0.7 │
│    6    │ 13.95 │ 13.95 │ 13.95 │ 13.95 │      │          │   14800   │   100   │  1395000  │ 208045000 │ 1672827480000 │ '2023-01-04T10:18:00.000Z' │  0   │ 100  │  0  │    0     │ Infinity │ 959.4 │ 1121.9 │  0  │     │ -100  │ -1395000  │   -4200   │   -58985000   │ 100  │ 1395000  │ 0.1 │
│    7    │ 13.95 │ 13.95 │ 13.95 │ 13.95 │ 600  │ 8370000  │   15400   │   600   │  8370000  │ 216415000 │ 1672827600000 │ '2023-01-04T10:20:00.000Z' │ 100  │  0   │  0  │ Infinity │    0     │ 959.4 │ 1121.9 │  0  │ 0.6 │  600  │  8370000  │   -3600   │   -50615000   │      │          │     │
│    8    │ 13.95 │ 13.95 │ 13.95 │ 13.95 │ 1400 │ 19530000 │   16800   │  1400   │ 19530000  │ 235945000 │ 1672828320000 │ '2023-01-04T10:32:00.000Z' │ 100  │  0   │  0  │ Infinity │    0     │ 959.4 │ 1121.9 │  0  │ 1.5 │ 1400  │ 19530000  │   -2200   │   -31085000   │      │          │     │
│    9    │  14   │  14   │  14   │  14   │ 3900 │ 54600000 │   20700   │  3900   │ 54600000  │ 290545000 │ 1672828560000 │ '2023-01-04T10:36:00.000Z' │ 100  │  0   │  0  │ Infinity │    0     │ 959.4 │ 1121.9 │  0  │ 4.1 │ 3900  │ 54600000  │   1700    │   23515000    │      │          │     │
│   10    │  14   │  14   │  14   │  14   │      │          │   26700   │  6000   │ 84000000  │ 374545000 │ 1672828800000 │ '2023-01-04T10:40:00.000Z' │  0   │ 100  │  0  │    0     │ Infinity │ 959.4 │ 1121.9 │  0  │     │ -6000 │ -84000000 │   -4300   │   -60485000   │ 6000 │ 84000000 │ 5.3 │
│   11    │ 14.1  │ 14.1  │ 14.1  │ 14.1  │ 100  │ 1410000  │   26800   │   100   │  1410000  │ 375955000 │ 1672829160000 │ '2023-01-04T10:46:00.000Z' │ 100  │  0   │  0  │ Infinity │    0     │ 959.4 │ 1121.9 │  0  │ 0.1 │  100  │  1410000  │   -4200   │   -59075000   │      │          │     │
│   12    │  14   │  14   │  14   │  14   │      │          │   26900   │   100   │  1400000  │ 377355000 │ 1672829280000 │ '2023-01-04T10:48:00.000Z' │  0   │ 100  │  0  │    0     │ Infinity │ 959.4 │ 1121.9 │  0  │     │ -100  │ -1400000  │   -4300   │   -60475000   │ 100  │ 1400000  │ 0.1 │
│   13    │ 13.95 │ 13.95 │ 13.95 │ 13.95 │      │          │   29900   │  3000   │ 41850000  │ 419205000 │ 1672829880000 │ '2023-01-04T10:58:00.000Z' │  0   │ 100  │  0  │    0     │ Infinity │ 959.4 │ 1121.9 │  0  │     │ -3000 │ -41850000 │   -7300   │  -102325000   │ 3000 │ 41850000 │ 2.7 │
│   14    │  14   │  14   │  14   │  14   │ 3000 │ 42000000 │   32900   │  3000   │ 42000000  │ 461205000 │ 1672831440000 │ '2023-01-04T11:24:00.000Z' │ 100  │  0   │  0  │ Infinity │    0     │ 959.4 │ 1121.9 │  0  │ 3.1 │ 3000  │ 42000000  │   -4300   │   -60325000   │      │          │     │
│   15    │ 14.1  │ 14.1  │ 14.1  │ 14.1  │ 100  │ 1410000  │   33000   │   100   │  1410000  │ 462615000 │ 1672831680000 │ '2023-01-04T11:28:00.000Z' │ 100  │  0   │  0  │ Infinity │    0     │ 959.4 │ 1121.9 │  0  │ 0.1 │  100  │  1410000  │   -4200   │   -58915000   │      │          │     │
│   16    │  14   │ 14.1  │  14   │ 14.1  │ 5600 │ 78900000 │   40000   │  7000   │ 98500000  │ 561115000 │ 1672837200000 │ '2023-01-04T13:00:00.000Z' │  80  │  20  │  0  │    4     │   0.3    │ 959.4 │ 1121.9 │  0  │ 5.8 │ 4200  │ 59300000  │     0     │    385000     │ 1400 │ 19600000 │ 1.2 │
│   17    │ 13.95 │ 13.95 │ 13.95 │ 13.95 │      │          │   40400   │   400   │  5580000  │ 566695000 │ 1672837440000 │ '2023-01-04T13:04:00.000Z' │  0   │ 100  │  0  │    0     │ Infinity │ 959.4 │ 1121.9 │  0  │     │ -400  │ -5580000  │   -400    │   -5195000    │ 400  │ 5580000  │ 0.4 │
│   18    │  14   │  14   │  14   │  14   │ 200  │ 2800000  │   40600   │   200   │  2800000  │ 569495000 │ 1672838040000 │ '2023-01-04T13:14:00.000Z' │ 100  │  0   │  0  │ Infinity │    0     │ 959.4 │ 1121.9 │  0  │ 0.2 │  200  │  2800000  │   -200    │   -2395000    │      │          │     │
│   19    │  14   │  14   │  14   │  14   │ 4800 │ 67200000 │   45400   │  4800   │ 67200000  │ 636695000 │ 1672838280000 │ '2023-01-04T13:18:00.000Z' │ 100  │  0   │  0  │ Infinity │    0     │ 959.4 │ 1121.9 │  0  │  5  │ 4800  │ 67200000  │   4600    │   64805000    │      │          │     │
│   20    │ 13.95 │  14   │ 13.95 │  14   │      │          │   45900   │   500   │  6985000  │ 643680000 │ 1672839360000 │ '2023-01-04T13:36:00.000Z' │  0   │ 100  │  0  │    0     │ Infinity │ 959.4 │ 1121.9 │  0  │     │ -500  │ -6985000  │   4100    │   57820000    │ 500  │ 6985000  │ 0.4 │
├─────────┼───────┼───────┼───────┼───────┼──────┼──────────┼───────────┼─────────┼───────────┼───────────┼───────────────┼────────────────────────────┼──────┼──────┼─────┼──────────┼──────────┼───────┼────────┼─────┼─────┼───────┼───────────┼───────────┼───────────────┼──────┼──────────┼─────┤
│ (index) │   c   │   h   │   l   │   o   │  bu  │  val_bu  │ total_vol │ sum_vol │    val    │ acum_val  │   datetime    │            date            │ pbu  │ psd  │ puk │    bs    │    sb    │  abu  │  asd   │ auk │ rbu │ bu-sd │ bu-sd_val │ acum_busd │ acum_busd_val │  sd  │  val_sd  │ rsd │
├─────────┼───────┼───────┼───────┼───────┼──────┼──────────┼───────────┼─────────┼───────────┼───────────┼───────────────┼────────────────────────────┼──────┼──────┼─────┼──────────┼──────────┼───────┼────────┼─────┼─────┼───────┼───────────┼───────────┼───────────────┼──────┼──────────┼─────┤
│   21    │ 13.95 │ 13.95 │ 13.95 │ 13.95 │      │          │   47000   │  1100   │ 15345000  │ 659025000 │ 1672840200000 │ '2023-01-04T13:50:00.000Z' │  0   │ 100  │  0  │    0     │ Infinity │ 959.4 │ 1121.9 │  0  │     │ -1100 │ -15345000 │   3000    │   42475000    │ 1100 │ 15345000 │  1  │
│   22    │ 13.95 │ 13.95 │ 13.95 │ 13.95 │ 200  │ 2790000  │   47200   │   200   │  2790000  │ 661815000 │ 1672840320000 │ '2023-01-04T13:52:00.000Z' │ 100  │  0   │  0  │ Infinity │    0     │ 959.4 │ 1121.9 │  0  │ 0.2 │  200  │  2790000  │   3200    │   45265000    │      │          │     │
│   23    │ 13.9  │ 13.9  │ 13.9  │ 13.9  │      │          │   51700   │  4500   │ 62550000  │ 724365000 │ 1672840680000 │ '2023-01-04T13:58:00.000Z' │  0   │ 100  │  0  │    0     │ Infinity │ 959.4 │ 1121.9 │  0  │     │ -4500 │ -62550000 │   -1300   │   -17285000   │ 4500 │ 62550000 │  4  │
│   24    │ 13.9  │ 13.9  │ 13.9  │ 13.9  │      │          │   52700   │  1000   │ 13900000  │ 738265000 │ 1672840800000 │ '2023-01-04T14:00:00.000Z' │  0   │ 100  │  0  │    0     │ Infinity │ 959.4 │ 1121.9 │  0  │     │ -1000 │ -13900000 │   -2300   │   -31185000   │ 1000 │ 13900000 │ 0.9 │
│   25    │ 13.9  │ 13.9  │ 13.9  │ 13.9  │      │          │   54700   │  2000   │ 27800000  │ 766065000 │ 1672841160000 │ '2023-01-04T14:06:00.000Z' │  0   │ 100  │  0  │    0     │ Infinity │ 959.4 │ 1121.9 │  0  │     │ -2000 │ -27800000 │   -4300   │   -58985000   │ 2000 │ 27800000 │ 1.8 │
│   26    │  14   │  14   │  14   │  14   │ 200  │ 2800000  │   54900   │   200   │  2800000  │ 768865000 │ 1672841280000 │ '2023-01-04T14:08:00.000Z' │ 100  │  0   │  0  │ Infinity │    0     │ 959.4 │ 1121.9 │  0  │ 0.2 │  200  │  2800000  │   -4100   │   -56185000   │      │          │     │
│   27    │ 13.9  │ 13.9  │ 13.9  │ 13.9  │      │          │   58800   │  3900   │ 54210000  │ 823075000 │ 1672841520000 │ '2023-01-04T14:12:00.000Z' │  0   │ 100  │  0  │    0     │ Infinity │ 959.4 │ 1121.9 │  0  │     │ -3900 │ -54210000 │   -8000   │  -110395000   │ 3900 │ 54210000 │ 3.5 │
│   28    │ 13.9  │ 13.9  │ 13.9  │ 13.9  │ 100  │ 1390000  │   58900   │   100   │  1390000  │ 824465000 │ 1672841640000 │ '2023-01-04T14:14:00.000Z' │ 100  │  0   │  0  │ Infinity │    0     │ 959.4 │ 1121.9 │  0  │ 0.1 │  100  │  1390000  │   -7900   │  -109005000   │      │          │     │
│   29    │ 13.9  │ 13.9  │ 13.9  │ 13.9  │ 5000 │ 69500000 │   63900   │  5000   │ 69500000  │ 893965000 │ 1672841760000 │ '2023-01-04T14:16:00.000Z' │ 100  │  0   │  0  │ Infinity │    0     │ 959.4 │ 1121.9 │  0  │ 5.2 │ 5000  │ 69500000  │   -2900   │   -39505000   │      │          │     │
│   30    │ 13.9  │ 13.9  │ 13.9  │ 13.9  │ 200  │ 2780000  │   64100   │   200   │  2780000  │ 896745000 │ 1672842240000 │ '2023-01-04T14:24:00.000Z' │ 100  │  0   │  0  │ Infinity │    0     │ 959.4 │ 1121.9 │  0  │ 0.2 │  200  │  2780000  │   -2700   │   -36725000   │      │          │     │
│   31    │ 13.9  │ 13.9  │ 13.9  │ 13.9  │      │          │   66600   │  2500   │ 34750000  │ 931495000 │ 1672843440000 │ '2023-01-04T14:44:00.000Z' │  0   │ 100  │  0  │    0     │ Infinity │ 959.4 │ 1121.9 │  0  │     │ -2500 │ -34750000 │   -5200   │   -71475000   │ 2500 │ 34750000 │ 2.2 │
└─────────┴───────┴───────┴───────┴───────┴──────┴──────────┴───────────┴─────────┴───────────┴───────────┴───────────────┴────────────────────────────┴──────┴──────┴─────┴──────────┴──────────┴───────┴────────┴─────┴─────┴───────┴───────────┴───────────┴───────────────┴──────┴──────────┴─────┘

