┌─────────┬─────┬─────┬─────┬─────┬──────┬──────────┬───────────┬─────────┬──────────┬───────────┬───────────────┬────────────────────────────┬──────┬──────┬─────┬──────────┬──────────┬───────┬────────┬─────┬──────┬────────┬───────────┬───────────┬───────────────┬───────┬──────────┬─────┐
│ (index) │  c  │  h  │  l  │  o  │  bu  │  val_bu  │ total_vol │ sum_vol │   val    │ acum_val  │   datetime    │            date            │ pbu  │ psd  │ puk │    bs    │    sb    │  abu  │  asd   │ auk │ rbu  │ bu-sd  │ bu-sd_val │ acum_busd │ acum_busd_val │  sd   │  val_sd  │ rsd │
├─────────┼─────┼─────┼─────┼─────┼──────┼──────────┼───────────┼─────────┼──────────┼───────────┼───────────────┼────────────────────────────┼──────┼──────┼─────┼──────────┼──────────┼───────┼────────┼─────┼──────┼────────┼───────────┼───────────┼───────────────┼───────┼──────────┼─────┤
│    0    │ 1.7 │ 1.7 │ 1.7 │ 1.7 │ 2700 │ 4590000  │   2700    │  2700   │ 4590000  │  4590000  │ 1672822800000 │ '2023-01-04T09:00:00.000Z' │ 100  │  0   │  0  │ Infinity │    0     │ 515.4 │ 5507.7 │  0  │ 5.2  │  2700  │  4590000  │   2700    │    4590000    │       │          │     │
│    1    │ 1.7 │ 1.7 │ 1.7 │ 1.7 │ 400  │  680000  │   3100    │   400   │  680000  │  5270000  │ 1672823040000 │ '2023-01-04T09:04:00.000Z' │ 100  │  0   │  0  │ Infinity │    0     │ 515.4 │ 5507.7 │  0  │ 0.8  │  400   │  680000   │   3100    │    5270000    │       │          │     │
│    2    │ 1.7 │ 1.7 │ 1.7 │ 1.7 │ 6800 │ 11560000 │   9900    │  6800   │ 11560000 │ 16830000  │ 1672823160000 │ '2023-01-04T09:06:00.000Z' │ 100  │  0   │  0  │ Infinity │    0     │ 515.4 │ 5507.7 │  0  │ 13.2 │  6800  │ 11560000  │   9900    │   16830000    │       │          │     │
│    3    │ 1.7 │ 1.7 │ 1.7 │ 1.7 │ 800  │ 1360000  │   10700   │   800   │ 1360000  │ 18190000  │ 1672823280000 │ '2023-01-04T09:08:00.000Z' │ 100  │  0   │  0  │ Infinity │    0     │ 515.4 │ 5507.7 │  0  │ 1.6  │  800   │  1360000  │   10700   │   18190000    │       │          │     │
│    4    │ 1.7 │ 1.7 │ 1.7 │ 1.7 │ 100  │  170000  │   10800   │   100   │  170000  │ 18360000  │ 1672823400000 │ '2023-01-04T09:10:00.000Z' │ 100  │  0   │  0  │ Infinity │    0     │ 515.4 │ 5507.7 │  0  │ 0.2  │  100   │  170000   │   10800   │   18360000    │       │          │     │
│    5    │ 1.7 │ 1.7 │ 1.7 │ 1.7 │ 400  │  680000  │   11200   │   400   │  680000  │ 19040000  │ 1672823640000 │ '2023-01-04T09:14:00.000Z' │ 100  │  0   │  0  │ Infinity │    0     │ 515.4 │ 5507.7 │  0  │ 0.8  │  400   │  680000   │   11200   │   19040000    │       │          │     │
│    6    │ 1.7 │ 1.7 │ 1.7 │ 1.7 │ 4200 │ 7140000  │   15400   │  4200   │ 7140000  │ 26180000  │ 1672824240000 │ '2023-01-04T09:24:00.000Z' │ 100  │  0   │  0  │ Infinity │    0     │ 515.4 │ 5507.7 │  0  │ 8.1  │  4200  │  7140000  │   15400   │   26180000    │       │          │     │
│    7    │ 1.7 │ 1.7 │ 1.7 │ 1.7 │ 2000 │ 3400000  │   17400   │  2000   │ 3400000  │ 29580000  │ 1672824360000 │ '2023-01-04T09:26:00.000Z' │ 100  │  0   │  0  │ Infinity │    0     │ 515.4 │ 5507.7 │  0  │ 3.9  │  2000  │  3400000  │   17400   │   29580000    │       │          │     │
│    8    │ 1.7 │ 1.7 │ 1.7 │ 1.7 │ 100  │  170000  │   17500   │   100   │  170000  │ 29750000  │ 1672824480000 │ '2023-01-04T09:28:00.000Z' │ 100  │  0   │  0  │ Infinity │    0     │ 515.4 │ 5507.7 │  0  │ 0.2  │  100   │  170000   │   17500   │   29750000    │       │          │     │
│    9    │ 1.7 │ 1.7 │ 1.7 │ 1.7 │ 500  │  850000  │   18000   │   500   │  850000  │ 30600000  │ 1672824600000 │ '2023-01-04T09:30:00.000Z' │ 100  │  0   │  0  │ Infinity │    0     │ 515.4 │ 5507.7 │  0  │  1   │  500   │  850000   │   18000   │   30600000    │       │          │     │
│   10    │ 1.7 │ 1.7 │ 1.7 │ 1.7 │ 100  │  170000  │   18100   │   100   │  170000  │ 30770000  │ 1672824720000 │ '2023-01-04T09:32:00.000Z' │ 100  │  0   │  0  │ Infinity │    0     │ 515.4 │ 5507.7 │  0  │ 0.2  │  100   │  170000   │   18100   │   30770000    │       │          │     │
│   11    │ 1.7 │ 1.7 │ 1.7 │ 1.7 │ 100  │  170000  │   18200   │   100   │  170000  │ 30940000  │ 1672824960000 │ '2023-01-04T09:36:00.000Z' │ 100  │  0   │  0  │ Infinity │    0     │ 515.4 │ 5507.7 │  0  │ 0.2  │  100   │  170000   │   18200   │   30940000    │       │          │     │
│   12    │ 1.7 │ 1.7 │ 1.7 │ 1.7 │ 100  │  170000  │   18300   │   100   │  170000  │ 31110000  │ 1672825800000 │ '2023-01-04T09:50:00.000Z' │ 100  │  0   │  0  │ Infinity │    0     │ 515.4 │ 5507.7 │  0  │ 0.2  │  100   │  170000   │   18300   │   31110000    │       │          │     │
│   13    │ 1.6 │ 1.6 │ 1.6 │ 1.6 │      │          │   18500   │   200   │  320000  │ 31430000  │ 1672825920000 │ '2023-01-04T09:52:00.000Z' │  0   │ 100  │  0  │    0     │ Infinity │ 515.4 │ 5507.7 │  0  │      │  -200  │  -320000  │   18100   │   30790000    │  200  │  320000  │  0  │
│   14    │ 1.6 │ 1.6 │ 1.6 │ 1.6 │      │          │   18600   │   100   │  160000  │ 31590000  │ 1672826040000 │ '2023-01-04T09:54:00.000Z' │  0   │ 100  │  0  │    0     │ Infinity │ 515.4 │ 5507.7 │  0  │      │  -100  │  -160000  │   18000   │   30630000    │  100  │  160000  │  0  │
│   15    │ 1.6 │ 1.6 │ 1.6 │ 1.6 │      │          │   23900   │  5300   │ 8480000  │ 40070000  │ 1672826160000 │ '2023-01-04T09:56:00.000Z' │  0   │ 100  │  0  │    0     │ Infinity │ 515.4 │ 5507.7 │  0  │      │ -5300  │ -8480000  │   12700   │   22150000    │ 5300  │ 8480000  │  1  │
│   16    │ 1.6 │ 1.6 │ 1.6 │ 1.6 │      │          │   24000   │   100   │  160000  │ 40230000  │ 1672826280000 │ '2023-01-04T09:58:00.000Z' │  0   │ 100  │  0  │    0     │ Infinity │ 515.4 │ 5507.7 │  0  │      │  -100  │  -160000  │   12600   │   21990000    │  100  │  160000  │  0  │
│   17    │ 1.6 │ 1.6 │ 1.6 │ 1.6 │      │          │   29000   │  5000   │ 8000000  │ 48230000  │ 1672827000000 │ '2023-01-04T10:10:00.000Z' │  0   │ 100  │  0  │    0     │ Infinity │ 515.4 │ 5507.7 │  0  │      │ -5000  │ -8000000  │   7600    │   13990000    │ 5000  │ 8000000  │ 0.9 │
│   18    │ 1.6 │ 1.6 │ 1.6 │ 1.6 │      │          │   39000   │  10000  │ 16000000 │ 64230000  │ 1672827840000 │ '2023-01-04T10:24:00.000Z' │  0   │ 100  │  0  │    0     │ Infinity │ 515.4 │ 5507.7 │  0  │      │ -10000 │ -16000000 │   -2400   │   -2010000    │ 10000 │ 16000000 │ 1.8 │
│   19    │ 1.7 │ 1.7 │ 1.7 │ 1.7 │ 200  │  340000  │   39200   │   200   │  340000  │ 64570000  │ 1672828560000 │ '2023-01-04T10:36:00.000Z' │ 100  │  0   │  0  │ Infinity │    0     │ 515.4 │ 5507.7 │  0  │ 0.4  │  200   │  340000   │   -2200   │   -1670000    │       │          │     │
│   20    │ 1.6 │ 1.6 │ 1.6 │ 1.6 │      │          │   39300   │   100   │  160000  │ 64730000  │ 1672829760000 │ '2023-01-04T10:56:00.000Z' │  0   │ 100  │  0  │    0     │ Infinity │ 515.4 │ 5507.7 │  0  │      │  -100  │  -160000  │   -2300   │   -1830000    │  100  │  160000  │  0  │
├─────────┼─────┼─────┼─────┼─────┼──────┼──────────┼───────────┼─────────┼──────────┼───────────┼───────────────┼────────────────────────────┼──────┼──────┼─────┼──────────┼──────────┼───────┼────────┼─────┼──────┼────────┼───────────┼───────────┼───────────────┼───────┼──────────┼─────┤
│ (index) │  c  │  h  │  l  │  o  │  bu  │  val_bu  │ total_vol │ sum_vol │   val    │ acum_val  │   datetime    │            date            │ pbu  │ psd  │ puk │    bs    │    sb    │  abu  │  asd   │ auk │ rbu  │ bu-sd  │ bu-sd_val │ acum_busd │ acum_busd_val │  sd   │  val_sd  │ rsd │
├─────────┼─────┼─────┼─────┼─────┼──────┼──────────┼───────────┼─────────┼──────────┼───────────┼───────────────┼────────────────────────────┼──────┼──────┼─────┼──────────┼──────────┼───────┼────────┼─────┼──────┼────────┼───────────┼───────────┼───────────────┼───────┼──────────┼─────┤
│   21    │ 1.6 │ 1.6 │ 1.6 │ 1.6 │      │          │   40900   │  1600   │ 2560000  │ 67290000  │ 1672830000000 │ '2023-01-04T11:00:00.000Z' │  0   │ 100  │  0  │    0     │ Infinity │ 515.4 │ 5507.7 │  0  │      │ -1600  │ -2560000  │   -3900   │   -4390000    │ 1600  │ 2560000  │ 0.3 │
│   22    │ 1.6 │ 1.6 │ 1.6 │ 1.6 │      │          │   41300   │   400   │  640000  │ 67930000  │ 1672830120000 │ '2023-01-04T11:02:00.000Z' │  0   │ 100  │  0  │    0     │ Infinity │ 515.4 │ 5507.7 │  0  │      │  -400  │  -640000  │   -4300   │   -5030000    │  400  │  640000  │ 0.1 │
│   23    │ 1.6 │ 1.6 │ 1.6 │ 1.6 │      │          │   41500   │   200   │  320000  │ 68250000  │ 1672830480000 │ '2023-01-04T11:08:00.000Z' │  0   │ 100  │  0  │    0     │ Infinity │ 515.4 │ 5507.7 │  0  │      │  -200  │  -320000  │   -4500   │   -5350000    │  200  │  320000  │  0  │
│   24    │ 1.6 │ 1.6 │ 1.6 │ 1.6 │      │          │   42600   │  1100   │ 1760000  │ 70010000  │ 1672831320000 │ '2023-01-04T11:22:00.000Z' │  0   │ 100  │  0  │    0     │ Infinity │ 515.4 │ 5507.7 │  0  │      │ -1100  │ -1760000  │   -5600   │   -7110000    │ 1100  │ 1760000  │ 0.2 │
│   25    │ 1.6 │ 1.6 │ 1.6 │ 1.6 │      │          │   43300   │   700   │ 1120000  │ 71130000  │ 1672831440000 │ '2023-01-04T11:24:00.000Z' │  0   │ 100  │  0  │    0     │ Infinity │ 515.4 │ 5507.7 │  0  │      │  -700  │ -1120000  │   -6300   │   -8230000    │  700  │ 1120000  │ 0.1 │
│   26    │ 1.7 │ 1.7 │ 1.7 │ 1.7 │ 500  │  850000  │   43800   │   500   │  850000  │ 71980000  │ 1672831560000 │ '2023-01-04T11:26:00.000Z' │ 100  │  0   │  0  │ Infinity │    0     │ 515.4 │ 5507.7 │  0  │  1   │  500   │  850000   │   -5800   │   -7380000    │       │          │     │
│   27    │ 1.6 │ 1.6 │ 1.6 │ 1.6 │      │          │   44400   │   600   │  960000  │ 72940000  │ 1672837560000 │ '2023-01-04T13:06:00.000Z' │  0   │ 100  │  0  │    0     │ Infinity │ 515.4 │ 5507.7 │  0  │      │  -600  │  -960000  │   -6400   │   -8340000    │  600  │  960000  │ 0.1 │
│   28    │ 1.6 │ 1.6 │ 1.6 │ 1.6 │      │          │   45200   │   800   │ 1280000  │ 74220000  │ 1672837800000 │ '2023-01-04T13:10:00.000Z' │  0   │ 100  │  0  │    0     │ Infinity │ 515.4 │ 5507.7 │  0  │      │  -800  │ -1280000  │   -7200   │   -9620000    │  800  │ 1280000  │ 0.1 │
│   29    │ 1.6 │ 1.6 │ 1.6 │ 1.6 │      │          │   51500   │  6300   │ 10080000 │ 84300000  │ 1672838040000 │ '2023-01-04T13:14:00.000Z' │  0   │ 100  │  0  │    0     │ Infinity │ 515.4 │ 5507.7 │  0  │      │ -6300  │ -10080000 │  -13500   │   -19700000   │ 6300  │ 10080000 │ 1.1 │
│   30    │ 1.7 │ 1.7 │ 1.7 │ 1.7 │ 100  │  170000  │   51600   │   100   │  170000  │ 84470000  │ 1672838400000 │ '2023-01-04T13:20:00.000Z' │ 100  │  0   │  0  │ Infinity │    0     │ 515.4 │ 5507.7 │  0  │ 0.2  │  100   │  170000   │  -13400   │   -19530000   │       │          │     │
│   31    │ 1.6 │ 1.6 │ 1.6 │ 1.6 │      │          │   56600   │  5000   │ 8000000  │ 92470000  │ 1672838880000 │ '2023-01-04T13:28:00.000Z' │  0   │ 100  │  0  │    0     │ Infinity │ 515.4 │ 5507.7 │  0  │      │ -5000  │ -8000000  │  -18400   │   -27530000   │ 5000  │ 8000000  │ 0.9 │
│   32    │ 1.6 │ 1.6 │ 1.6 │ 1.6 │      │          │  106600   │  50000  │ 80000000 │ 172470000 │ 1672839000000 │ '2023-01-04T13:30:00.000Z' │  0   │ 100  │  0  │    0     │ Infinity │ 515.4 │ 5507.7 │  0  │      │ -50000 │ -80000000 │  -68400   │  -107530000   │ 50000 │ 80000000 │ 9.1 │
│   33    │ 1.6 │ 1.6 │ 1.6 │ 1.6 │      │          │  116600   │  10000  │ 16000000 │ 188470000 │ 1672839120000 │ '2023-01-04T13:32:00.000Z' │  0   │ 100  │  0  │    0     │ Infinity │ 515.4 │ 5507.7 │  0  │      │ -10000 │ -16000000 │  -78400   │  -123530000   │ 10000 │ 16000000 │ 1.8 │
│   34    │ 1.6 │ 1.6 │ 1.6 │ 1.6 │      │          │  141600   │  25000  │ 40000000 │ 228470000 │ 1672839240000 │ '2023-01-04T13:34:00.000Z' │  0   │ 100  │  0  │    0     │ Infinity │ 515.4 │ 5507.7 │  0  │      │ -25000 │ -40000000 │  -103400  │  -163530000   │ 25000 │ 40000000 │ 4.5 │
│   35    │ 1.6 │ 1.6 │ 1.6 │ 1.6 │      │          │  196600   │  55000  │ 88000000 │ 316470000 │ 1672839720000 │ '2023-01-04T13:42:00.000Z' │  0   │ 100  │  0  │    0     │ Infinity │ 515.4 │ 5507.7 │  0  │      │ -55000 │ -88000000 │  -158400  │  -251530000   │ 55000 │ 88000000 │ 10  │
│   36    │ 1.6 │ 1.6 │ 1.6 │ 1.6 │      │          │  211300   │  14700  │ 23520000 │ 339990000 │ 1672839840000 │ '2023-01-04T13:44:00.000Z' │  0   │ 100  │  0  │    0     │ Infinity │ 515.4 │ 5507.7 │  0  │      │ -14700 │ -23520000 │  -173100  │  -275050000   │ 14700 │ 23520000 │ 2.7 │
│   37    │ 1.6 │ 1.6 │ 1.6 │ 1.6 │      │          │  219300   │  8000   │ 12800000 │ 352790000 │ 1672840320000 │ '2023-01-04T13:52:00.000Z' │  0   │ 100  │  0  │    0     │ Infinity │ 515.4 │ 5507.7 │  0  │      │ -8000  │ -12800000 │  -181100  │  -287850000   │ 8000  │ 12800000 │ 1.5 │
│   38    │ 1.6 │ 1.6 │ 1.6 │ 1.6 │      │          │  220300   │  1000   │ 1600000  │ 354390000 │ 1672840680000 │ '2023-01-04T13:58:00.000Z' │  0   │ 100  │  0  │    0     │ Infinity │ 515.4 │ 5507.7 │  0  │      │ -1000  │ -1600000  │  -182100  │  -289450000   │ 1000  │ 1600000  │ 0.2 │
│   39    │ 1.6 │ 1.6 │ 1.6 │ 1.6 │      │          │  234600   │  14300  │ 22880000 │ 377270000 │ 1672840800000 │ '2023-01-04T14:00:00.000Z' │  0   │ 100  │  0  │    0     │ Infinity │ 515.4 │ 5507.7 │  0  │      │ -14300 │ -22880000 │  -196400  │  -312330000   │ 14300 │ 22880000 │ 2.6 │
│   40    │ 1.6 │ 1.6 │ 1.6 │ 1.6 │      │          │  256200   │  21600  │ 34560000 │ 411830000 │ 1672841160000 │ '2023-01-04T14:06:00.000Z' │  0   │ 100  │  0  │    0     │ Infinity │ 515.4 │ 5507.7 │  0  │      │ -21600 │ -34560000 │  -218000  │  -346890000   │ 21600 │ 34560000 │ 3.9 │
├─────────┼─────┼─────┼─────┼─────┼──────┼──────────┼───────────┼─────────┼──────────┼───────────┼───────────────┼────────────────────────────┼──────┼──────┼─────┼──────────┼──────────┼───────┼────────┼─────┼──────┼────────┼───────────┼───────────┼───────────────┼───────┼──────────┼─────┤
│ (index) │  c  │  h  │  l  │  o  │  bu  │  val_bu  │ total_vol │ sum_vol │   val    │ acum_val  │   datetime    │            date            │ pbu  │ psd  │ puk │    bs    │    sb    │  abu  │  asd   │ auk │ rbu  │ bu-sd  │ bu-sd_val │ acum_busd │ acum_busd_val │  sd   │  val_sd  │ rsd │
├─────────┼─────┼─────┼─────┼─────┼──────┼──────────┼───────────┼─────────┼──────────┼───────────┼───────────────┼────────────────────────────┼──────┼──────┼─────┼──────────┼──────────┼───────┼────────┼─────┼──────┼────────┼───────────┼───────────┼───────────────┼───────┼──────────┼─────┤
│   41    │ 1.6 │ 1.6 │ 1.6 │ 1.6 │      │          │  258800   │  2600   │ 4160000  │ 415990000 │ 1672841280000 │ '2023-01-04T14:08:00.000Z' │  0   │ 100  │  0  │    0     │ Infinity │ 515.4 │ 5507.7 │  0  │      │ -2600  │ -4160000  │  -220600  │  -351050000   │ 2600  │ 4160000  │ 0.5 │
│   42    │ 1.6 │ 1.6 │ 1.6 │ 1.6 │      │          │  260300   │  1500   │ 2400000  │ 418390000 │ 1672842360000 │ '2023-01-04T14:26:00.000Z' │  0   │ 100  │  0  │    0     │ Infinity │ 515.4 │ 5507.7 │  0  │      │ -1500  │ -2400000  │  -222100  │  -353450000   │ 1500  │ 2400000  │ 0.3 │
│   43    │ 1.6 │ 1.6 │ 1.6 │ 1.6 │      │          │  260400   │   100   │  160000  │ 418550000 │ 1672842480000 │ '2023-01-04T14:28:00.000Z' │  0   │ 100  │  0  │    0     │ Infinity │ 515.4 │ 5507.7 │  0  │      │  -100  │  -160000  │  -222200  │  -353610000   │  100  │  160000  │  0  │
│   44    │ 1.6 │ 1.6 │ 1.6 │ 1.6 │ 4000 │ 6400000  │  295600   │  35200  │ 56320000 │ 474870000 │ 1672842600000 │ '2023-01-04T14:30:00.000Z' │ 11.4 │ 88.6 │  0  │   0.1    │   7.8    │ 515.4 │ 5507.7 │  0  │ 7.8  │ -27200 │ -43520000 │  -249400  │  -397130000   │ 31200 │ 49920000 │ 5.7 │
│   45    │ 1.6 │ 1.6 │ 1.5 │ 1.5 │ 100  │  160000  │  295800   │   200   │  310000  │ 475180000 │ 1672842720000 │ '2023-01-04T14:32:00.000Z' │  50  │  50  │  0  │    1     │    1     │ 515.4 │ 5507.7 │  0  │ 0.2  │   0    │   10000   │  -249400  │  -397120000   │  100  │  150000  │  0  │
│   46    │ 1.6 │ 1.6 │ 1.6 │ 1.6 │ 300  │  480000  │  296100   │   300   │  480000  │ 475660000 │ 1672842960000 │ '2023-01-04T14:36:00.000Z' │ 100  │  0   │  0  │ Infinity │    0     │ 515.4 │ 5507.7 │  0  │ 0.6  │  300   │  480000   │  -249100  │  -396640000   │       │          │     │
│   47    │ 1.6 │ 1.6 │ 1.6 │ 1.6 │ 500  │  800000  │  296600   │   500   │  800000  │ 476460000 │ 1672843440000 │ '2023-01-04T14:44:00.000Z' │ 100  │  0   │  0  │ Infinity │    0     │ 515.4 │ 5507.7 │  0  │  1   │  500   │  800000   │  -248600  │  -395840000   │       │          │     │
│   48    │ 1.6 │ 1.6 │ 1.6 │ 1.6 │ 2600 │ 4160000  │  299200   │  2600   │ 4160000  │ 480620000 │ 1672843560000 │ '2023-01-04T14:46:00.000Z' │ 100  │  0   │  0  │ Infinity │    0     │ 515.4 │ 5507.7 │  0  │  5   │  2600  │  4160000  │  -246000  │  -391680000   │       │          │     │
│   49    │ 1.6 │ 1.6 │ 1.5 │ 1.5 │ 100  │  160000  │  299400   │   200   │  310000  │ 480930000 │ 1672843680000 │ '2023-01-04T14:48:00.000Z' │  50  │  50  │  0  │    1     │    1     │ 515.4 │ 5507.7 │  0  │ 0.2  │   0    │   10000   │  -246000  │  -391670000   │  100  │  150000  │  0  │
│   50    │ 1.6 │ 1.6 │ 1.6 │ 1.6 │      │          │  312500   │  13100  │ 20960000 │ 501890000 │ 1672843800000 │ '2023-01-04T14:50:00.000Z' │  0   │ 100  │  0  │    0     │ Infinity │ 515.4 │ 5507.7 │  0  │      │ -13100 │ -20960000 │  -259100  │  -412630000   │ 13100 │ 20960000 │ 2.4 │
│   51    │ 1.7 │ 1.7 │ 1.6 │ 1.6 │ 100  │  170000  │  313200   │   700   │ 1130000  │ 503020000 │ 1672844040000 │ '2023-01-04T14:54:00.000Z' │ 14.3 │ 85.7 │  0  │   0.2    │    6     │ 515.4 │ 5507.7 │  0  │ 0.2  │  -500  │  -790000  │  -259600  │  -413420000   │  600  │  960000  │ 0.1 │
└─────────┴─────┴─────┴─────┴─────┴──────┴──────────┴───────────┴─────────┴──────────┴───────────┴───────────────┴────────────────────────────┴──────┴──────┴─────┴──────────┴──────────┴───────┴────────┴─────┴──────┴────────┴───────────┴───────────┴───────────────┴───────┴──────────┴─────┘

