┌─────────┬───────┬───────┬───────┬───────┬──────┬───────────┬───────────┬─────────┬───────────┬───────────┬───────────────┬────────────────────────────┬──────┬──────┬─────┬──────────┬──────────┬───────┬───────┬─────┬─────┬───────┬────────────┬───────────┬───────────────┬──────┬──────────┬─────┐
│ (index) │   c   │   h   │   l   │   o   │  sd  │  val_sd   │ total_vol │ sum_vol │    val    │ acum_val  │   datetime    │            date            │ pbu  │ psd  │ puk │    bs    │    sb    │  abu  │  asd  │ auk │ rsd │ bu-sd │ bu-sd_val  │ acum_busd │ acum_busd_val │  bu  │  val_bu  │ rbu │
├─────────┼───────┼───────┼───────┼───────┼──────┼───────────┼───────────┼─────────┼───────────┼───────────┼───────────────┼────────────────────────────┼──────┼──────┼─────┼──────────┼──────────┼───────┼───────┼─────┼─────┼───────┼────────────┼───────────┼───────────────┼──────┼──────────┼─────┤
│    0    │ 41.5  │ 41.5  │ 41.5  │ 41.5  │ 100  │  4150000  │    100    │   100   │  4150000  │  4150000  │ 1672824120000 │ '2023-01-04T09:22:00.000Z' │  0   │ 100  │  0  │    0     │ Infinity │ 141.2 │ 270.6 │  0  │ 0.4 │ -100  │  -4150000  │   -100    │   -4150000    │      │          │     │
│    1    │ 41.5  │ 41.5  │ 41.5  │ 41.5  │ 100  │  4150000  │    200    │   100   │  4150000  │  8300000  │ 1672825200000 │ '2023-01-04T09:40:00.000Z' │  0   │ 100  │  0  │    0     │ Infinity │ 141.2 │ 270.6 │  0  │ 0.4 │ -100  │  -4150000  │   -200    │   -8300000    │      │          │     │
│    2    │ 41.75 │ 41.75 │ 41.75 │ 41.75 │ 100  │  4175000  │    300    │   100   │  4175000  │ 12475000  │ 1672827480000 │ '2023-01-04T10:18:00.000Z' │  0   │ 100  │  0  │    0     │ Infinity │ 141.2 │ 270.6 │  0  │ 0.4 │ -100  │  -4175000  │   -300    │   -12475000   │      │          │     │
│    3    │ 41.7  │ 41.7  │ 41.7  │ 41.7  │ 100  │  4170000  │    400    │   100   │  4170000  │ 16645000  │ 1672827960000 │ '2023-01-04T10:26:00.000Z' │  0   │ 100  │  0  │    0     │ Infinity │ 141.2 │ 270.6 │  0  │ 0.4 │ -100  │  -4170000  │   -400    │   -16645000   │      │          │     │
│    4    │ 41.75 │ 41.75 │ 41.75 │ 41.75 │ 100  │  4175000  │    500    │   100   │  4175000  │ 20820000  │ 1672828680000 │ '2023-01-04T10:38:00.000Z' │  0   │ 100  │  0  │    0     │ Infinity │ 141.2 │ 270.6 │  0  │ 0.4 │ -100  │  -4175000  │   -500    │   -20820000   │      │          │     │
│    5    │ 41.7  │ 41.75 │ 41.7  │ 41.75 │ 200  │  8345000  │    700    │   200   │  8345000  │ 29165000  │ 1672829640000 │ '2023-01-04T10:54:00.000Z' │  0   │ 100  │  0  │    0     │ Infinity │ 141.2 │ 270.6 │  0  │ 0.7 │ -200  │  -8345000  │   -700    │   -29165000   │      │          │     │
│    6    │ 41.9  │ 41.9  │ 41.9  │ 41.9  │      │           │    800    │   100   │  4190000  │ 33355000  │ 1672831560000 │ '2023-01-04T11:26:00.000Z' │ 100  │  0   │  0  │ Infinity │    0     │ 141.2 │ 270.6 │  0  │     │  100  │  4190000   │   -600    │   -24975000   │ 100  │ 4190000  │ 0.7 │
│    7    │ 41.7  │ 41.7  │ 41.7  │ 41.7  │ 100  │  4170000  │    900    │   100   │  4170000  │ 37525000  │ 1672837800000 │ '2023-01-04T13:10:00.000Z' │  0   │ 100  │  0  │    0     │ Infinity │ 141.2 │ 270.6 │  0  │ 0.4 │ -100  │  -4170000  │   -700    │   -29145000   │      │          │     │
│    8    │ 41.7  │ 41.7  │ 41.7  │ 41.7  │ 500  │ 20850000  │   1400    │   500   │ 20850000  │ 58375000  │ 1672838400000 │ '2023-01-04T13:20:00.000Z' │  0   │ 100  │  0  │    0     │ Infinity │ 141.2 │ 270.6 │  0  │ 1.8 │ -500  │ -20850000  │   -1200   │   -49995000   │      │          │     │
│    9    │ 41.8  │ 41.8  │ 41.7  │ 41.7  │      │           │   1900    │   500   │ 20860000  │ 79235000  │ 1672838760000 │ '2023-01-04T13:26:00.000Z' │ 100  │  0   │  0  │ Infinity │    0     │ 141.2 │ 270.6 │  0  │     │  500  │  20860000  │   -700    │   -29135000   │ 500  │ 20860000 │ 3.5 │
│   10    │ 41.8  │ 41.8  │ 41.8  │ 41.8  │      │           │   2900    │  1000   │ 41800000  │ 121035000 │ 1672839000000 │ '2023-01-04T13:30:00.000Z' │ 100  │  0   │  0  │ Infinity │    0     │ 141.2 │ 270.6 │  0  │     │ 1000  │  41800000  │    300    │   12665000    │ 1000 │ 41800000 │ 7.1 │
│   11    │ 41.8  │ 41.8  │ 41.8  │ 41.8  │      │           │   3300    │   400   │ 16720000  │ 137755000 │ 1672839120000 │ '2023-01-04T13:32:00.000Z' │ 100  │  0   │  0  │ Infinity │    0     │ 141.2 │ 270.6 │  0  │     │  400  │  16720000  │    700    │   29385000    │ 400  │ 16720000 │ 2.8 │
│   12    │ 41.75 │ 41.75 │ 41.75 │ 41.75 │ 300  │ 12525000  │   3600    │   300   │ 12525000  │ 150280000 │ 1672839240000 │ '2023-01-04T13:34:00.000Z' │  0   │ 100  │  0  │    0     │ Infinity │ 141.2 │ 270.6 │  0  │ 1.1 │ -300  │ -12525000  │    400    │   16860000    │      │          │     │
│   13    │ 41.75 │ 41.75 │ 41.75 │ 41.75 │      │           │   3700    │   100   │  4175000  │ 154455000 │ 1672839360000 │ '2023-01-04T13:36:00.000Z' │ 100  │  0   │  0  │ Infinity │    0     │ 141.2 │ 270.6 │  0  │     │  100  │  4175000   │    500    │   21035000    │ 100  │ 4175000  │ 0.7 │
│   14    │ 41.7  │ 41.7  │ 41.7  │ 41.7  │ 400  │ 16680000  │   4300    │   600   │ 25020000  │ 179475000 │ 1672839840000 │ '2023-01-04T13:44:00.000Z' │ 33.3 │ 66.7 │  0  │   0.5    │    2     │ 141.2 │ 270.6 │  0  │ 1.5 │ -200  │  -8340000  │    300    │   12695000    │ 200  │ 8340000  │ 1.4 │
│   15    │ 41.65 │ 41.7  │ 41.65 │ 41.7  │ 100  │  4165000  │   4500    │   200   │  8335000  │ 187810000 │ 1672841280000 │ '2023-01-04T14:08:00.000Z' │  50  │  50  │  0  │    1     │    1     │ 141.2 │ 270.6 │  0  │ 0.4 │   0   │    5000    │    300    │   12700000    │ 100  │ 4170000  │ 0.7 │
│   16    │ 41.5  │ 41.6  │ 41.5  │ 41.6  │ 2500 │ 103765000 │   7000    │  2500   │ 103765000 │ 291575000 │ 1672841760000 │ '2023-01-04T14:16:00.000Z' │  0   │ 100  │  0  │    0     │ Infinity │ 141.2 │ 270.6 │  0  │ 9.2 │ -2500 │ -103765000 │   -2200   │   -91065000   │      │          │     │
└─────────┴───────┴───────┴───────┴───────┴──────┴───────────┴───────────┴─────────┴───────────┴───────────┴───────────────┴────────────────────────────┴──────┴──────┴─────┴──────────┴──────────┴───────┴───────┴─────┴─────┴───────┴────────────┴───────────┴───────────────┴──────┴──────────┴─────┘

