┌─────────┬──────┬──────┬──────┬──────┬──────┬──────────┬───────────┬─────────┬──────────┬───────────┬───────────────┬────────────────────────────┬─────┬─────┬─────┬──────────┬──────────┬───────┬─────┬─────┬─────┬───────┬───────────┬───────────┬───────────────┬──────┬──────────┬──────┐
│ (index) │  c   │  h   │  l   │  o   │  sd  │  val_sd  │ total_vol │ sum_vol │   val    │ acum_val  │   datetime    │            date            │ pbu │ psd │ puk │    bs    │    sb    │  abu  │ asd │ auk │ rsd │ bu-sd │ bu-sd_val │ acum_busd │ acum_busd_val │  bu  │  val_bu  │ rbu  │
├─────────┼──────┼──────┼──────┼──────┼──────┼──────────┼───────────┼─────────┼──────────┼───────────┼───────────────┼────────────────────────────┼─────┼─────┼─────┼──────────┼──────────┼───────┼─────┼─────┼─────┼───────┼───────────┼───────────┼───────────────┼──────┼──────────┼──────┤
│    0    │ 3.95 │ 3.95 │ 3.95 │ 3.95 │ 400  │ 1580000  │    400    │   400   │ 1580000  │  1580000  │ 1672825560000 │ '2023-01-04T09:46:00.000Z' │  0  │ 100 │  0  │    0     │ Infinity │ 756.3 │ 850 │  0  │ 0.5 │ -400  │ -1580000  │   -400    │   -1580000    │      │          │      │
│    1    │ 3.94 │ 3.94 │ 3.94 │ 3.94 │ 1000 │ 3940000  │   1400    │  1000   │ 3940000  │  5520000  │ 1672825800000 │ '2023-01-04T09:50:00.000Z' │  0  │ 100 │  0  │    0     │ Infinity │ 756.3 │ 850 │  0  │ 1.2 │ -1000 │ -3940000  │   -1400   │   -5520000    │      │          │      │
│    2    │ 3.94 │ 3.94 │ 3.94 │ 3.94 │ 5000 │ 19700000 │   6400    │  5000   │ 19700000 │ 25220000  │ 1672826400000 │ '2023-01-04T10:00:00.000Z' │  0  │ 100 │  0  │    0     │ Infinity │ 756.3 │ 850 │  0  │ 5.9 │ -5000 │ -19700000 │   -6400   │   -25220000   │      │          │      │
│    3    │ 3.94 │ 3.94 │ 3.94 │ 3.94 │ 100  │  394000  │   6500    │   100   │  394000  │ 25614000  │ 1672827480000 │ '2023-01-04T10:18:00.000Z' │  0  │ 100 │  0  │    0     │ Infinity │ 756.3 │ 850 │  0  │ 0.1 │ -100  │  -394000  │   -6500   │   -25614000   │      │          │      │
│    4    │ 3.94 │ 3.94 │ 3.94 │ 3.94 │ 2700 │ 10638000 │   9200    │  2700   │ 10638000 │ 36252000  │ 1672827960000 │ '2023-01-04T10:26:00.000Z' │  0  │ 100 │  0  │    0     │ Infinity │ 756.3 │ 850 │  0  │ 3.2 │ -2700 │ -10638000 │   -9200   │   -36252000   │      │          │      │
│    5    │ 3.96 │ 3.96 │ 3.96 │ 3.96 │ 100  │  396000  │   9300    │   100   │  396000  │ 36648000  │ 1672828800000 │ '2023-01-04T10:40:00.000Z' │  0  │ 100 │  0  │    0     │ Infinity │ 756.3 │ 850 │  0  │ 0.1 │ -100  │  -396000  │   -9300   │   -36648000   │      │          │      │
│    6    │ 3.96 │ 3.96 │ 3.96 │ 3.96 │ 500  │ 1980000  │   9800    │   500   │ 1980000  │ 38628000  │ 1672830360000 │ '2023-01-04T11:06:00.000Z' │  0  │ 100 │  0  │    0     │ Infinity │ 756.3 │ 850 │  0  │ 0.6 │ -500  │ -1980000  │   -9800   │   -38628000   │      │          │      │
│    7    │ 3.96 │ 3.96 │ 3.96 │ 3.96 │ 100  │  396000  │   9900    │   100   │  396000  │ 39024000  │ 1672837800000 │ '2023-01-04T13:10:00.000Z' │  0  │ 100 │  0  │    0     │ Infinity │ 756.3 │ 850 │  0  │ 0.1 │ -100  │  -396000  │   -9900   │   -39024000   │      │          │      │
│    8    │ 3.94 │ 3.94 │ 3.94 │ 3.94 │ 200  │  788000  │   10100   │   200   │  788000  │ 39812000  │ 1672837920000 │ '2023-01-04T13:12:00.000Z' │  0  │ 100 │  0  │    0     │ Infinity │ 756.3 │ 850 │  0  │ 0.2 │ -200  │  -788000  │  -10100   │   -39812000   │      │          │      │
│    9    │ 3.93 │ 3.93 │ 3.93 │ 3.93 │ 300  │ 1179000  │   10400   │   300   │ 1179000  │ 40991000  │ 1672838280000 │ '2023-01-04T13:18:00.000Z' │  0  │ 100 │  0  │    0     │ Infinity │ 756.3 │ 850 │  0  │ 0.4 │ -300  │ -1179000  │  -10400   │   -40991000   │      │          │      │
│   10    │ 3.93 │ 3.93 │ 3.93 │ 3.93 │      │          │   10500   │   100   │  393000  │ 41384000  │ 1672838520000 │ '2023-01-04T13:22:00.000Z' │ 100 │  0  │  0  │ Infinity │    0     │ 756.3 │ 850 │  0  │     │  100  │  393000   │  -10300   │   -40598000   │ 100  │  393000  │ 0.1  │
│   11    │ 3.93 │ 3.93 │ 3.93 │ 3.93 │      │          │   10600   │   100   │  393000  │ 41777000  │ 1672839360000 │ '2023-01-04T13:36:00.000Z' │ 100 │  0  │  0  │ Infinity │    0     │ 756.3 │ 850 │  0  │     │  100  │  393000   │  -10200   │   -40205000   │ 100  │  393000  │ 0.1  │
│   12    │ 3.93 │ 3.93 │ 3.93 │ 3.93 │      │          │   13100   │  2500   │ 9825000  │ 51602000  │ 1672839840000 │ '2023-01-04T13:44:00.000Z' │ 100 │  0  │  0  │ Infinity │    0     │ 756.3 │ 850 │  0  │     │ 2500  │  9825000  │   -7700   │   -30380000   │ 2500 │ 9825000  │ 3.3  │
│   13    │ 3.97 │ 3.97 │ 3.97 │ 3.97 │      │          │   13200   │   100   │  397000  │ 51999000  │ 1672839960000 │ '2023-01-04T13:46:00.000Z' │ 100 │  0  │  0  │ Infinity │    0     │ 756.3 │ 850 │  0  │     │  100  │  397000   │   -7600   │   -29983000   │ 100  │  397000  │ 0.1  │
│   14    │  4   │  4   │ 3.96 │ 3.96 │      │          │   22500   │  9300   │ 36523400 │ 88522400  │ 1672841160000 │ '2023-01-04T14:06:00.000Z' │ 100 │  0  │  0  │ Infinity │    0     │ 756.3 │ 850 │  0  │     │ 9300  │ 36523400  │   1700    │    6540400    │ 9300 │ 36523400 │ 12.3 │
│   15    │ 3.92 │ 3.92 │ 3.92 │ 3.92 │ 3200 │ 12544000 │   25700   │  3200   │ 12544000 │ 101066400 │ 1672843440000 │ '2023-01-04T14:44:00.000Z' │  0  │ 100 │  0  │    0     │ Infinity │ 756.3 │ 850 │  0  │ 3.8 │ -3200 │ -12544000 │   -1500   │   -6003600    │      │          │      │
└─────────┴──────┴──────┴──────┴──────┴──────┴──────────┴───────────┴─────────┴──────────┴───────────┴───────────────┴────────────────────────────┴─────┴─────┴─────┴──────────┴──────────┴───────┴─────┴─────┴─────┴───────┴───────────┴───────────┴───────────────┴──────┴──────────┴──────┘

