┌─────────┬──────┬──────┬──────┬──────┬─────┬─────────┬───────────┬─────────┬───────────┬────────────┬───────┬───────────┬───────────────┬────────────────────────────┬──────┬─────┬─────┬──────────┬────┬────────┬─────┬──────┬─────┬─────┬───────┬───────────┬───────────┬───────────────┐
│ (index) │  c   │  h   │  l   │  o   │ uk  │ val_uk  │ total_vol │ sum_vol │    val    │  acum_val  │  bu   │  val_bu   │   datetime    │            date            │ pbu  │ psd │ puk │    bs    │ sb │  abu   │ asd │ auk  │ ruk │ rbu │ bu-sd │ bu-sd_val │ acum_busd │ acum_busd_val │
├─────────┼──────┼──────┼──────┼──────┼─────┼─────────┼───────────┼─────────┼───────────┼────────────┼───────┼───────────┼───────────────┼────────────────────────────┼──────┼─────┼─────┼──────────┼────┼────────┼─────┼──────┼─────┼─────┼───────┼───────────┼───────────┼───────────────┤
│    0    │ 22.5 │ 22.5 │ 22.5 │ 22.5 │ 400 │ 9000000 │   33200   │  33200  │ 747000000 │ 747000000  │ 32800 │ 738000000 │ 1672822800000 │ '2023-01-04T09:00:00.000Z' │ 98.8 │  0  │ 1.2 │ Infinity │ 0  │ 8593.8 │  0  │ 12.5 │ 32  │ 3.8 │ 32800 │ 738000000 │   32800   │   738000000   │
│    1    │ 22.5 │ 22.5 │ 22.5 │ 22.5 │     │         │   42200   │  9000   │ 202500000 │ 949500000  │ 9000  │ 202500000 │ 1672823100000 │ '2023-01-04T09:05:00.000Z' │ 100  │  0  │  0  │ Infinity │ 0  │ 8593.8 │  0  │ 12.5 │     │  1  │ 9000  │ 202500000 │   41800   │   940500000   │
│    2    │ 22.5 │ 22.5 │ 22.5 │ 22.5 │     │         │   49200   │  7000   │ 157500000 │ 1107000000 │ 7000  │ 157500000 │ 1672823400000 │ '2023-01-04T09:10:00.000Z' │ 100  │  0  │  0  │ Infinity │ 0  │ 8593.8 │  0  │ 12.5 │     │ 0.8 │ 7000  │ 157500000 │   48800   │  1098000000   │
│    3    │ 22.5 │ 22.5 │ 22.5 │ 22.5 │     │         │   73000   │  23800  │ 535500000 │ 1642500000 │ 23800 │ 535500000 │ 1672823700000 │ '2023-01-04T09:15:00.000Z' │ 100  │  0  │  0  │ Infinity │ 0  │ 8593.8 │  0  │ 12.5 │     │ 2.8 │ 23800 │ 535500000 │   72600   │  1633500000   │
│    4    │ 22.5 │ 22.5 │ 22.5 │ 22.5 │     │         │   74200   │  1200   │ 27000000  │ 1669500000 │ 1200  │ 27000000  │ 1672824000000 │ '2023-01-04T09:20:00.000Z' │ 100  │  0  │  0  │ Infinity │ 0  │ 8593.8 │  0  │ 12.5 │     │ 0.1 │ 1200  │ 27000000  │   73800   │  1660500000   │
│    5    │ 22.5 │ 22.5 │ 22.5 │ 22.5 │     │         │   79700   │  5500   │ 123750000 │ 1793250000 │ 5500  │ 123750000 │ 1672824300000 │ '2023-01-04T09:25:00.000Z' │ 100  │  0  │  0  │ Infinity │ 0  │ 8593.8 │  0  │ 12.5 │     │ 0.6 │ 5500  │ 123750000 │   79300   │  1784250000   │
│    6    │ 22.5 │ 22.5 │ 22.5 │ 22.5 │     │         │   85700   │  6000   │ 135000000 │ 1928250000 │ 6000  │ 135000000 │ 1672824600000 │ '2023-01-04T09:30:00.000Z' │ 100  │  0  │  0  │ Infinity │ 0  │ 8593.8 │  0  │ 12.5 │     │ 0.7 │ 6000  │ 135000000 │   85300   │  1919250000   │
│    7    │ 22.5 │ 22.5 │ 22.5 │ 22.5 │     │         │   98200   │  12500  │ 281250000 │ 2209500000 │ 12500 │ 281250000 │ 1672826700000 │ '2023-01-04T10:05:00.000Z' │ 100  │  0  │  0  │ Infinity │ 0  │ 8593.8 │  0  │ 12.5 │     │ 1.5 │ 12500 │ 281250000 │   97800   │  2200500000   │
│    8    │ 22.5 │ 22.5 │ 22.5 │ 22.5 │     │         │  103200   │  5000   │ 112500000 │ 2322000000 │ 5000  │ 112500000 │ 1672827300000 │ '2023-01-04T10:15:00.000Z' │ 100  │  0  │  0  │ Infinity │ 0  │ 8593.8 │  0  │ 12.5 │     │ 0.6 │ 5000  │ 112500000 │  102800   │  2313000000   │
│    9    │ 22.5 │ 22.5 │ 22.5 │ 22.5 │     │         │  104200   │  1000   │ 22500000  │ 2344500000 │ 1000  │ 22500000  │ 1672827900000 │ '2023-01-04T10:25:00.000Z' │ 100  │  0  │  0  │ Infinity │ 0  │ 8593.8 │  0  │ 12.5 │     │ 0.1 │ 1000  │ 22500000  │  103800   │  2335500000   │
│   10    │ 22.5 │ 22.5 │ 22.5 │ 22.5 │     │         │  105200   │  1000   │ 22500000  │ 2367000000 │ 1000  │ 22500000  │ 1672828500000 │ '2023-01-04T10:35:00.000Z' │ 100  │  0  │  0  │ Infinity │ 0  │ 8593.8 │  0  │ 12.5 │     │ 0.1 │ 1000  │ 22500000  │  104800   │  2358000000   │
│   11    │ 22.5 │ 22.5 │ 22.5 │ 22.5 │     │         │  139200   │  34000  │ 765000000 │ 3132000000 │ 34000 │ 765000000 │ 1672829100000 │ '2023-01-04T10:45:00.000Z' │ 100  │  0  │  0  │ Infinity │ 0  │ 8593.8 │  0  │ 12.5 │     │  4  │ 34000 │ 765000000 │  138800   │  3123000000   │
│   12    │ 22.5 │ 22.5 │ 22.5 │ 22.5 │     │         │  141700   │  2500   │ 56250000  │ 3188250000 │ 2500  │ 56250000  │ 1672829400000 │ '2023-01-04T10:50:00.000Z' │ 100  │  0  │  0  │ Infinity │ 0  │ 8593.8 │  0  │ 12.5 │     │ 0.3 │ 2500  │ 56250000  │  141300   │  3179250000   │
│   13    │ 22.5 │ 22.5 │ 22.5 │ 22.5 │     │         │  141800   │   100   │  2250000  │ 3190500000 │  100  │  2250000  │ 1672829700000 │ '2023-01-04T10:55:00.000Z' │ 100  │  0  │  0  │ Infinity │ 0  │ 8593.8 │  0  │ 12.5 │     │  0  │  100  │  2250000  │  141400   │  3181500000   │
│   14    │ 22.5 │ 22.5 │ 22.5 │ 22.5 │     │         │  141900   │   100   │  2250000  │ 3192750000 │  100  │  2250000  │ 1672830000000 │ '2023-01-04T11:00:00.000Z' │ 100  │  0  │  0  │ Infinity │ 0  │ 8593.8 │  0  │ 12.5 │     │  0  │  100  │  2250000  │  141500   │  3183750000   │
│   15    │ 22.5 │ 22.5 │ 22.5 │ 22.5 │     │         │  142900   │  1000   │ 22500000  │ 3215250000 │ 1000  │ 22500000  │ 1672830300000 │ '2023-01-04T11:05:00.000Z' │ 100  │  0  │  0  │ Infinity │ 0  │ 8593.8 │  0  │ 12.5 │     │ 0.1 │ 1000  │ 22500000  │  142500   │  3206250000   │
│   16    │ 22.5 │ 22.5 │ 22.5 │ 22.5 │     │         │  151400   │  8500   │ 191250000 │ 3406500000 │ 8500  │ 191250000 │ 1672830600000 │ '2023-01-04T11:10:00.000Z' │ 100  │  0  │  0  │ Infinity │ 0  │ 8593.8 │  0  │ 12.5 │     │  1  │ 8500  │ 191250000 │  151000   │  3397500000   │
│   17    │ 22.5 │ 22.5 │ 22.5 │ 22.5 │     │         │  171400   │  20000  │ 450000000 │ 3856500000 │ 20000 │ 450000000 │ 1672830900000 │ '2023-01-04T11:15:00.000Z' │ 100  │  0  │  0  │ Infinity │ 0  │ 8593.8 │  0  │ 12.5 │     │ 2.3 │ 20000 │ 450000000 │  171000   │  3847500000   │
│   18    │ 22.5 │ 22.5 │ 22.5 │ 22.5 │     │         │  186900   │  15500  │ 348750000 │ 4205250000 │ 15500 │ 348750000 │ 1672831200000 │ '2023-01-04T11:20:00.000Z' │ 100  │  0  │  0  │ Infinity │ 0  │ 8593.8 │  0  │ 12.5 │     │ 1.8 │ 15500 │ 348750000 │  186500   │  4196250000   │
│   19    │ 22.5 │ 22.5 │ 22.5 │ 22.5 │     │         │  193300   │  6400   │ 144000000 │ 4349250000 │ 6400  │ 144000000 │ 1672831500000 │ '2023-01-04T11:25:00.000Z' │ 100  │  0  │  0  │ Infinity │ 0  │ 8593.8 │  0  │ 12.5 │     │ 0.7 │ 6400  │ 144000000 │  192900   │  4340250000   │
│   20    │ 22.5 │ 22.5 │ 22.5 │ 22.5 │     │         │  197100   │  3800   │ 85500000  │ 4434750000 │ 3800  │ 85500000  │ 1672837200000 │ '2023-01-04T13:00:00.000Z' │ 100  │  0  │  0  │ Infinity │ 0  │ 8593.8 │  0  │ 12.5 │     │ 0.4 │ 3800  │ 85500000  │  196700   │  4425750000   │
├─────────┼──────┼──────┼──────┼──────┼─────┼─────────┼───────────┼─────────┼───────────┼────────────┼───────┼───────────┼───────────────┼────────────────────────────┼──────┼─────┼─────┼──────────┼────┼────────┼─────┼──────┼─────┼─────┼───────┼───────────┼───────────┼───────────────┤
│ (index) │  c   │  h   │  l   │  o   │ uk  │ val_uk  │ total_vol │ sum_vol │    val    │  acum_val  │  bu   │  val_bu   │   datetime    │            date            │ pbu  │ psd │ puk │    bs    │ sb │  abu   │ asd │ auk  │ ruk │ rbu │ bu-sd │ bu-sd_val │ acum_busd │ acum_busd_val │
├─────────┼──────┼──────┼──────┼──────┼─────┼─────────┼───────────┼─────────┼───────────┼────────────┼───────┼───────────┼───────────────┼────────────────────────────┼──────┼─────┼─────┼──────────┼────┼────────┼─────┼──────┼─────┼─────┼───────┼───────────┼───────────┼───────────────┤
│   21    │ 22.5 │ 22.5 │ 22.5 │ 22.5 │     │         │  218300   │  21200  │ 477000000 │ 4911750000 │ 21200 │ 477000000 │ 1672837500000 │ '2023-01-04T13:05:00.000Z' │ 100  │  0  │  0  │ Infinity │ 0  │ 8593.8 │  0  │ 12.5 │     │ 2.5 │ 21200 │ 477000000 │  217900   │  4902750000   │
│   22    │ 22.5 │ 22.5 │ 22.5 │ 22.5 │     │         │  228300   │  10000  │ 225000000 │ 5136750000 │ 10000 │ 225000000 │ 1672837800000 │ '2023-01-04T13:10:00.000Z' │ 100  │  0  │  0  │ Infinity │ 0  │ 8593.8 │  0  │ 12.5 │     │ 1.2 │ 10000 │ 225000000 │  227900   │  5127750000   │
│   23    │ 22.5 │ 22.5 │ 22.5 │ 22.5 │     │         │  250800   │  22500  │ 506250000 │ 5643000000 │ 22500 │ 506250000 │ 1672838100000 │ '2023-01-04T13:15:00.000Z' │ 100  │  0  │  0  │ Infinity │ 0  │ 8593.8 │  0  │ 12.5 │     │ 2.6 │ 22500 │ 506250000 │  250400   │  5634000000   │
│   24    │ 22.5 │ 22.5 │ 22.5 │ 22.5 │     │         │  253400   │  2600   │ 58500000  │ 5701500000 │ 2600  │ 58500000  │ 1672838400000 │ '2023-01-04T13:20:00.000Z' │ 100  │  0  │  0  │ Infinity │ 0  │ 8593.8 │  0  │ 12.5 │     │ 0.3 │ 2600  │ 58500000  │  253000   │  5692500000   │
│   25    │ 22.5 │ 22.5 │ 22.5 │ 22.5 │     │         │  258400   │  5000   │ 112500000 │ 5814000000 │ 5000  │ 112500000 │ 1672838700000 │ '2023-01-04T13:25:00.000Z' │ 100  │  0  │  0  │ Infinity │ 0  │ 8593.8 │  0  │ 12.5 │     │ 0.6 │ 5000  │ 112500000 │  258000   │  5805000000   │
│   26    │ 22.5 │ 22.5 │ 22.5 │ 22.5 │     │         │  263500   │  5100   │ 114750000 │ 5928750000 │ 5100  │ 114750000 │ 1672839000000 │ '2023-01-04T13:30:00.000Z' │ 100  │  0  │  0  │ Infinity │ 0  │ 8593.8 │  0  │ 12.5 │     │ 0.6 │ 5100  │ 114750000 │  263100   │  5919750000   │
│   27    │ 22.5 │ 22.5 │ 22.5 │ 22.5 │     │         │  271800   │  8300   │ 186750000 │ 6115500000 │ 8300  │ 186750000 │ 1672839300000 │ '2023-01-04T13:35:00.000Z' │ 100  │  0  │  0  │ Infinity │ 0  │ 8593.8 │  0  │ 12.5 │     │  1  │ 8300  │ 186750000 │  271400   │  6106500000   │
│   28    │ 22.5 │ 22.5 │ 22.5 │ 22.5 │     │         │  272000   │   200   │  4500000  │ 6120000000 │  200  │  4500000  │ 1672839600000 │ '2023-01-04T13:40:00.000Z' │ 100  │  0  │  0  │ Infinity │ 0  │ 8593.8 │  0  │ 12.5 │     │  0  │  200  │  4500000  │  271600   │  6111000000   │
│   29    │ 22.5 │ 22.5 │ 22.5 │ 22.5 │     │         │  274300   │  2300   │ 51750000  │ 6171750000 │ 2300  │ 51750000  │ 1672840200000 │ '2023-01-04T13:50:00.000Z' │ 100  │  0  │  0  │ Infinity │ 0  │ 8593.8 │  0  │ 12.5 │     │ 0.3 │ 2300  │ 51750000  │  273900   │  6162750000   │
│   30    │ 22.5 │ 22.5 │ 22.5 │ 22.5 │     │         │  274400   │   100   │  2250000  │ 6174000000 │  100  │  2250000  │ 1672842300000 │ '2023-01-04T14:25:00.000Z' │ 100  │  0  │  0  │ Infinity │ 0  │ 8593.8 │  0  │ 12.5 │     │  0  │  100  │  2250000  │  274000   │  6165000000   │
│   31    │ 22.5 │ 22.5 │ 22.5 │ 22.5 │     │         │  275400   │  1000   │ 22500000  │ 6196500000 │ 1000  │ 22500000  │ 1672844100000 │ '2023-01-04T14:55:00.000Z' │ 100  │  0  │  0  │ Infinity │ 0  │ 8593.8 │  0  │ 12.5 │     │ 0.1 │ 1000  │ 22500000  │  275000   │  6187500000   │
└─────────┴──────┴──────┴──────┴──────┴─────┴─────────┴───────────┴─────────┴───────────┴────────────┴───────┴───────────┴───────────────┴────────────────────────────┴──────┴─────┴─────┴──────────┴────┴────────┴─────┴──────┴─────┴─────┴───────┴───────────┴───────────┴───────────────┘

