┌─────────┬───────┬───────┬───────┬───────┬──────┬───────────┬───────────┬─────────┬───────────┬───────────┬───────────────┬────────────────────────────┬──────┬─────┬─────┬──────────┬──────────┬─────┬─────┬─────┬─────┬───────┬────────────┬───────────┬───────────────┬──────┬──────────┬─────┐
│ (index) │   c   │   h   │   l   │   o   │  sd  │  val_sd   │ total_vol │ sum_vol │    val    │ acum_val  │   datetime    │            date            │ pbu  │ psd │ puk │    bs    │    sb    │ abu │ asd │ auk │ rsd │ bu-sd │ bu-sd_val  │ acum_busd │ acum_busd_val │  bu  │  val_bu  │ rbu │
├─────────┼───────┼───────┼───────┼───────┼──────┼───────────┼───────────┼─────────┼───────────┼───────────┼───────────────┼────────────────────────────┼──────┼─────┼─────┼──────────┼──────────┼─────┼─────┼─────┼─────┼───────┼────────────┼───────────┼───────────────┼──────┼──────────┼─────┤
│    0    │ 40.7  │ 40.7  │ 40.7  │ 40.7  │ 1000 │ 40700000  │   1000    │  1000   │ 40700000  │ 40700000  │ 1672823700000 │ '2023-01-04T09:15:00.000Z' │  0   │ 100 │  0  │    0     │ Infinity │ 200 │ 590 │  0  │ 1.7 │ -1000 │ -40700000  │   -1000   │   -40700000   │      │          │     │
│    1    │ 41.4  │ 41.4  │  41   │  41   │ 100  │  4100000  │   2500    │  1500   │ 61970000  │ 102670000 │ 1672824000000 │ '2023-01-04T09:20:00.000Z' │ 93.3 │ 6.7 │  0  │    14    │   0.1    │ 200 │ 590 │  0  │ 0.2 │ 1300  │  53770000  │    300    │   13070000    │ 1400 │ 57870000 │  7  │
│    2    │ 41.3  │ 41.3  │ 41.3  │ 41.3  │      │           │   3000    │   500   │ 20650000  │ 123320000 │ 1672825800000 │ '2023-01-04T09:50:00.000Z' │ 100  │  0  │  0  │ Infinity │    0     │ 200 │ 590 │  0  │     │  500  │  20650000  │    800    │   33720000    │ 500  │ 20650000 │ 2.5 │
│    3    │ 40.9  │ 40.9  │ 40.9  │ 40.9  │ 1000 │ 40900000  │   4000    │  1000   │ 40900000  │ 164220000 │ 1672827900000 │ '2023-01-04T10:25:00.000Z' │  0   │ 100 │  0  │    0     │ Infinity │ 200 │ 590 │  0  │ 1.7 │ -1000 │ -40900000  │   -200    │   -7180000    │      │          │     │
│    4    │  41   │  41   │  41   │  41   │ 200  │  8200000  │   4200    │   200   │  8200000  │ 172420000 │ 1672828200000 │ '2023-01-04T10:30:00.000Z' │  0   │ 100 │  0  │    0     │ Infinity │ 200 │ 590 │  0  │ 0.3 │ -200  │  -8200000  │   -400    │   -15380000   │      │          │     │
│    5    │ 41.1  │ 41.1  │ 41.1  │ 41.1  │ 200  │  8220000  │   4400    │   200   │  8220000  │ 180640000 │ 1672828500000 │ '2023-01-04T10:35:00.000Z' │  0   │ 100 │  0  │    0     │ Infinity │ 200 │ 590 │  0  │ 0.3 │ -200  │  -8220000  │   -600    │   -23600000   │      │          │     │
│    6    │ 41.1  │ 41.1  │ 41.1  │ 41.1  │      │           │   4800    │   400   │ 16440000  │ 197080000 │ 1672829100000 │ '2023-01-04T10:45:00.000Z' │ 100  │  0  │  0  │ Infinity │    0     │ 200 │ 590 │  0  │     │  400  │  16440000  │   -200    │   -7160000    │ 400  │ 16440000 │  2  │
│    7    │ 41.1  │ 41.1  │ 41.1  │ 41.1  │      │           │   4900    │   100   │  4110000  │ 201190000 │ 1672829400000 │ '2023-01-04T10:50:00.000Z' │ 100  │  0  │  0  │ Infinity │    0     │ 200 │ 590 │  0  │     │  100  │  4110000   │   -100    │   -3050000    │ 100  │ 4110000  │ 0.5 │
│    8    │ 41.1  │ 41.1  │ 41.1  │ 41.1  │ 100  │  4110000  │   5000    │   100   │  4110000  │ 205300000 │ 1672830000000 │ '2023-01-04T11:00:00.000Z' │  0   │ 100 │  0  │    0     │ Infinity │ 200 │ 590 │  0  │ 0.2 │ -100  │  -4110000  │   -200    │   -7160000    │      │          │     │
│    9    │ 41.1  │ 41.1  │ 41.1  │ 41.1  │ 100  │  4110000  │   5100    │   100   │  4110000  │ 209410000 │ 1672831200000 │ '2023-01-04T11:20:00.000Z' │  0   │ 100 │  0  │    0     │ Infinity │ 200 │ 590 │  0  │ 0.2 │ -100  │  -4110000  │   -300    │   -11270000   │      │          │     │
│   10    │ 41.3  │ 41.3  │  41   │  41   │ 100  │  4100000  │   5300    │   200   │  8230000  │ 217640000 │ 1672831500000 │ '2023-01-04T11:25:00.000Z' │  50  │ 50  │  0  │    1     │    1     │ 200 │ 590 │  0  │ 0.2 │   0   │   30000    │   -300    │   -11240000   │ 100  │ 4130000  │ 0.5 │
│   11    │ 40.9  │  41   │ 40.9  │  41   │ 3200 │ 131100000 │   8500    │  3200   │ 131100000 │ 348740000 │ 1672837200000 │ '2023-01-04T13:00:00.000Z' │  0   │ 100 │  0  │    0     │ Infinity │ 200 │ 590 │  0  │ 5.4 │ -3200 │ -131100000 │   -3500   │  -142340000   │      │          │     │
│   12    │ 40.9  │  41   │ 40.9  │  41   │ 3700 │ 151340000 │   12200   │  3700   │ 151340000 │ 500080000 │ 1672838700000 │ '2023-01-04T13:25:00.000Z' │  0   │ 100 │  0  │    0     │ Infinity │ 200 │ 590 │  0  │ 6.3 │ -3700 │ -151340000 │   -7200   │  -293680000   │      │          │     │
│   13    │ 40.8  │ 40.85 │ 40.8  │ 40.85 │ 1900 │ 77570000  │   14100   │  1900   │ 77570000  │ 577650000 │ 1672839000000 │ '2023-01-04T13:30:00.000Z' │  0   │ 100 │  0  │    0     │ Infinity │ 200 │ 590 │  0  │ 3.2 │ -1900 │ -77570000  │   -9100   │  -371250000   │      │          │     │
│   14    │ 40.85 │ 40.85 │ 40.85 │ 40.85 │ 100  │  4085000  │   14200   │   100   │  4085000  │ 581735000 │ 1672839300000 │ '2023-01-04T13:35:00.000Z' │  0   │ 100 │  0  │    0     │ Infinity │ 200 │ 590 │  0  │ 0.2 │ -100  │  -4085000  │   -9200   │  -375335000   │      │          │     │
│   15    │ 40.9  │ 40.9  │ 40.9  │ 40.9  │ 100  │  4090000  │   14300   │   100   │  4090000  │ 585825000 │ 1672839600000 │ '2023-01-04T13:40:00.000Z' │  0   │ 100 │  0  │    0     │ Infinity │ 200 │ 590 │  0  │ 0.2 │ -100  │  -4090000  │   -9300   │  -379425000   │      │          │     │
│   16    │ 41.1  │ 41.1  │ 41.1  │ 41.1  │      │           │   14400   │   100   │  4110000  │ 589935000 │ 1672839900000 │ '2023-01-04T13:45:00.000Z' │ 100  │  0  │  0  │ Infinity │    0     │ 200 │ 590 │  0  │     │  100  │  4110000   │   -9200   │  -375315000   │ 100  │ 4110000  │ 0.5 │
│   17    │ 41.1  │ 41.1  │ 41.1  │ 41.1  │      │           │   14700   │   300   │ 12330000  │ 602265000 │ 1672840500000 │ '2023-01-04T13:55:00.000Z' │ 100  │  0  │  0  │ Infinity │    0     │ 200 │ 590 │  0  │     │  300  │  12330000  │   -8900   │  -362985000   │ 300  │ 12330000 │ 1.5 │
│   18    │ 41.2  │ 41.2  │ 41.1  │ 41.1  │      │           │   15700   │  1000   │ 41110000  │ 643375000 │ 1672841700000 │ '2023-01-04T14:15:00.000Z' │ 100  │  0  │  0  │ Infinity │    0     │ 200 │ 590 │  0  │     │ 1000  │  41110000  │   -7900   │  -321875000   │ 1000 │ 41110000 │  5  │
│   19    │ 41.2  │ 41.2  │ 41.2  │ 41.2  │      │           │   15800   │   100   │  4120000  │ 647495000 │ 1672843500000 │ '2023-01-04T14:45:00.000Z' │ 100  │  0  │  0  │ Infinity │    0     │ 200 │ 590 │  0  │     │  100  │  4120000   │   -7800   │  -317755000   │ 100  │ 4120000  │ 0.5 │
└─────────┴───────┴───────┴───────┴───────┴──────┴───────────┴───────────┴─────────┴───────────┴───────────┴───────────────┴────────────────────────────┴──────┴─────┴─────┴──────────┴──────────┴─────┴─────┴─────┴─────┴───────┴────────────┴───────────┴───────────────┴──────┴──────────┴─────┘
├─────────┼───────┼───────┼───────┼───────┼──────┼───────────┼───────────┼─────────┼───────────┼───────────┼───────────────┼────────────────────────────┼──────┼─────┼─────┼──────────┼──────────┼─────┼─────┼─────┼─────┼───────┼────────────┼───────────┼───────────────┼──────┼──────────┼─────┤
│ (index) │   c   │   h   │   l   │   o   │  sd  │  val_sd   │ total_vol │ sum_vol │    val    │ acum_val  │   datetime    │            date            │ pbu  │ psd │ puk │    bs    │    sb    │ abu │ asd │ auk │ rsd │ bu-sd │ bu-sd_val  │ acum_busd │ acum_busd_val │  bu  │  val_bu  │ rbu │
├─────────┼───────┼───────┼───────┼───────┼──────┼───────────┼───────────┼─────────┼───────────┼───────────┼───────────────┼────────────────────────────┼──────┼─────┼─────┼──────────┼──────────┼─────┼─────┼─────┼─────┼───────┼────────────┼───────────┼───────────────┼──────┼──────────┼─────┤

