┌─────────┬──────┬──────┬──────┬──────┬───────┬───────────┬───────────┬─────────┬───────────┬────────────┬───────────────┬────────────────────────────┬─────┬─────┬─────┬─────┬──────────┬─────┬────────┬────────┬─────┬────────┬────────────┬───────────┬───────────────┬───────┬───────────┬─────┐
│ (index) │  c   │  h   │  l   │  o   │  sd   │  val_sd   │ total_vol │ sum_vol │    val    │  acum_val  │   datetime    │            date            │ pbu │ psd │ puk │ bs  │    sb    │ abu │  asd   │  auk   │ rsd │ bu-sd  │ bu-sd_val  │ acum_busd │ acum_busd_val │  uk   │  val_uk   │ ruk │
├─────────┼──────┼──────┼──────┼──────┼───────┼───────────┼───────────┼─────────┼───────────┼────────────┼───────────────┼────────────────────────────┼─────┼─────┼─────┼─────┼──────────┼─────┼────────┼────────┼─────┼────────┼────────────┼───────────┼───────────────┼───────┼───────────┼─────┤
│    0    │ 20.5 │ 20.5 │  19  │  19  │ 5100  │ 104400000 │   5100    │  5100   │ 104400000 │ 104400000  │ 1672822800000 │ '2023-01-04T09:00:00.000Z' │  0  │ 100 │  0  │  0  │ Infinity │  0  │ 4543.8 │ 1018.8 │ 1.1 │ -5100  │ -104400000 │   -5100   │  -104400000   │       │           │     │
│    1    │ 20.5 │ 20.5 │ 20.5 │ 20.5 │  100  │  2050000  │   5200    │   100   │  2050000  │ 106450000  │ 1672823760000 │ '2023-01-04T09:16:00.000Z' │  0  │ 100 │  0  │  0  │ Infinity │  0  │ 4543.8 │ 1018.8 │  0  │  -100  │  -2050000  │   -5200   │  -106450000   │       │           │     │
│    2    │ 20.5 │ 20.5 │ 20.5 │ 20.5 │ 1200  │ 24600000  │   6400    │  1200   │ 24600000  │ 131050000  │ 1672824120000 │ '2023-01-04T09:22:00.000Z' │  0  │ 100 │  0  │  0  │ Infinity │  0  │ 4543.8 │ 1018.8 │ 0.3 │ -1200  │ -24600000  │   -6400   │  -131050000   │       │           │     │
│    3    │ 20.5 │ 20.5 │ 20.5 │ 20.5 │ 13200 │ 270600000 │   19600   │  13200  │ 270600000 │ 401650000  │ 1672825080000 │ '2023-01-04T09:38:00.000Z' │  0  │ 100 │  0  │  0  │ Infinity │  0  │ 4543.8 │ 1018.8 │ 2.9 │ -13200 │ -270600000 │  -19600   │  -401650000   │       │           │     │
│    4    │ 20.5 │ 20.5 │ 20.5 │ 20.5 │  500  │ 10250000  │   20100   │   500   │ 10250000  │ 411900000  │ 1672825200000 │ '2023-01-04T09:40:00.000Z' │  0  │ 100 │  0  │  0  │ Infinity │  0  │ 4543.8 │ 1018.8 │ 0.1 │  -500  │ -10250000  │  -20100   │  -411900000   │       │           │     │
│    5    │ 20.5 │ 20.5 │ 20.5 │ 20.5 │ 26400 │ 541200000 │   46500   │  26400  │ 541200000 │ 953100000  │ 1672825920000 │ '2023-01-04T09:52:00.000Z' │  0  │ 100 │  0  │  0  │ Infinity │  0  │ 4543.8 │ 1018.8 │ 5.8 │ -26400 │ -541200000 │  -46500   │  -953100000   │       │           │     │
│    6    │ 20.5 │ 20.5 │ 20.5 │ 20.5 │  400  │  8200000  │   46900   │   400   │  8200000  │ 961300000  │ 1672826040000 │ '2023-01-04T09:54:00.000Z' │  0  │ 100 │  0  │  0  │ Infinity │  0  │ 4543.8 │ 1018.8 │ 0.1 │  -400  │  -8200000  │  -46900   │  -961300000   │       │           │     │
│    7    │ 20.5 │ 20.5 │ 20.5 │ 20.5 │ 5000  │ 102500000 │   51900   │  5000   │ 102500000 │ 1063800000 │ 1672826640000 │ '2023-01-04T10:04:00.000Z' │  0  │ 100 │  0  │  0  │ Infinity │  0  │ 4543.8 │ 1018.8 │ 1.1 │ -5000  │ -102500000 │  -51900   │  -1063800000  │       │           │     │
│    8    │ 20.5 │ 20.5 │ 20.5 │ 20.5 │ 5000  │ 102500000 │   56900   │  5000   │ 102500000 │ 1166300000 │ 1672827120000 │ '2023-01-04T10:12:00.000Z' │  0  │ 100 │  0  │  0  │ Infinity │  0  │ 4543.8 │ 1018.8 │ 1.1 │ -5000  │ -102500000 │  -56900   │  -1166300000  │       │           │     │
│    9    │ 20.5 │ 20.5 │ 20.5 │ 20.5 │ 13000 │ 266500000 │   69900   │  13000  │ 266500000 │ 1432800000 │ 1672827360000 │ '2023-01-04T10:16:00.000Z' │  0  │ 100 │  0  │  0  │ Infinity │  0  │ 4543.8 │ 1018.8 │ 2.9 │ -13000 │ -266500000 │  -69900   │  -1432800000  │       │           │     │
│   10    │ 20.5 │ 20.5 │ 20.5 │ 20.5 │ 2000  │ 41000000  │   71900   │  2000   │ 41000000  │ 1473800000 │ 1672837200000 │ '2023-01-04T13:00:00.000Z' │  0  │ 100 │  0  │  0  │ Infinity │  0  │ 4543.8 │ 1018.8 │ 0.4 │ -2000  │ -41000000  │  -71900   │  -1473800000  │       │           │     │
│   11    │ 20.5 │ 20.5 │ 20.5 │ 20.5 │  100  │  2050000  │   72000   │   100   │  2050000  │ 1475850000 │ 1672837320000 │ '2023-01-04T13:02:00.000Z' │  0  │ 100 │  0  │  0  │ Infinity │  0  │ 4543.8 │ 1018.8 │  0  │  -100  │  -2050000  │  -72000   │  -1475850000  │       │           │     │
│   12    │ 20.5 │ 20.5 │ 20.5 │ 20.5 │  100  │  2050000  │   72100   │   100   │  2050000  │ 1477900000 │ 1672837440000 │ '2023-01-04T13:04:00.000Z' │  0  │ 100 │  0  │  0  │ Infinity │  0  │ 4543.8 │ 1018.8 │  0  │  -100  │  -2050000  │  -72100   │  -1477900000  │       │           │     │
│   13    │ 20.5 │ 20.5 │ 20.5 │ 20.5 │  500  │ 10250000  │   72600   │   500   │ 10250000  │ 1488150000 │ 1672841280000 │ '2023-01-04T14:08:00.000Z' │  0  │ 100 │  0  │  0  │ Infinity │  0  │ 4543.8 │ 1018.8 │ 0.1 │  -500  │ -10250000  │  -72600   │  -1488150000  │       │           │     │
│   14    │ 20.5 │ 20.5 │ 20.5 │ 20.5 │  100  │  2050000  │   72700   │   100   │  2050000  │ 1490200000 │ 1672842240000 │ '2023-01-04T14:24:00.000Z' │  0  │ 100 │  0  │  0  │ Infinity │  0  │ 4543.8 │ 1018.8 │  0  │  -100  │  -2050000  │  -72700   │  -1490200000  │       │           │     │
│   15    │ 20.5 │ 20.5 │ 20.5 │ 20.5 │       │           │   89000   │  16300  │ 334150000 │ 1824350000 │ 1672843440000 │ '2023-01-04T14:44:00.000Z' │  0  │  0  │ 100 │ NaN │   NaN    │  0  │ 4543.8 │ 1018.8 │     │   0    │     0      │  -72700   │  -1490200000  │ 16300 │ 334150000 │ 16  │
└─────────┴──────┴──────┴──────┴──────┴───────┴───────────┴───────────┴─────────┴───────────┴────────────┴───────────────┴────────────────────────────┴─────┴─────┴─────┴─────┴──────────┴─────┴────────┴────────┴─────┴────────┴────────────┴───────────┴───────────────┴───────┴───────────┴─────┘

