┌─────────┬──────┬──────┬──────┬──────┬───────┬──────────┬───────────┬─────────┬──────────┬───────────┬───────────────┬────────────────────────────┬──────┬──────┬─────┬──────────┬──────────┬────────┬────────┬─────┬──────┬────────┬───────────┬───────────┬───────────────┬───────┬──────────┬─────┐
│ (index) │  c   │  h   │  l   │  o   │  bu   │  val_bu  │ total_vol │ sum_vol │   val    │ acum_val  │   datetime    │            date            │ pbu  │ psd  │ puk │    bs    │    sb    │  abu   │  asd   │ auk │ rbu  │ bu-sd  │ bu-sd_val │ acum_busd │ acum_busd_val │  sd   │  val_sd  │ rsd │
├─────────┼──────┼──────┼──────┼──────┼───────┼──────────┼───────────┼─────────┼──────────┼───────────┼───────────────┼────────────────────────────┼──────┼──────┼─────┼──────────┼──────────┼────────┼────────┼─────┼──────┼────────┼───────────┼───────────┼───────────────┼───────┼──────────┼─────┤
│    0    │ 4.2  │ 4.2  │ 4.2  │ 4.2  │  100  │  420000  │    100    │   100   │  420000  │  420000   │ 1672824000000 │ '2023-01-04T09:20:00.000Z' │ 100  │  0   │  0  │ Infinity │    0     │ 1141.9 │ 2783.9 │  0  │ 0.1  │  100   │  420000   │    100    │    420000     │       │          │     │
│    1    │ 4.2  │ 4.2  │ 4.2  │ 4.2  │  800  │ 3360000  │   1000    │   900   │ 3780000  │  4200000  │ 1672824900000 │ '2023-01-04T09:35:00.000Z' │ 88.9 │ 11.1 │  0  │    8     │   0.1    │ 1141.9 │ 2783.9 │  0  │ 0.7  │  700   │  2940000  │    800    │    3360000    │  100  │  420000  │  0  │
│    2    │ 4.2  │ 4.2  │ 4.2  │ 4.2  │ 1000  │ 4200000  │   2500    │  1500   │ 6300000  │ 10500000  │ 1672825200000 │ '2023-01-04T09:40:00.000Z' │ 66.7 │ 33.3 │  0  │    2     │   0.5    │ 1141.9 │ 2783.9 │  0  │ 0.9  │  500   │  2100000  │   1300    │    5460000    │  500  │ 2100000  │ 0.2 │
│    3    │ 4.29 │ 4.3  │ 4.2  │ 4.2  │ 1800  │ 7678000  │   4300    │  1800   │ 7678000  │ 18178000  │ 1672825800000 │ '2023-01-04T09:50:00.000Z' │ 100  │  0   │  0  │ Infinity │    0     │ 1141.9 │ 2783.9 │  0  │ 1.6  │  1800  │  7678000  │   3100    │   13138000    │       │          │     │
│    4    │ 4.2  │ 4.2  │ 4.2  │ 4.2  │ 1000  │ 4200000  │   5300    │  1000   │ 4200000  │ 22378000  │ 1672826400000 │ '2023-01-04T10:00:00.000Z' │ 100  │  0   │  0  │ Infinity │    0     │ 1141.9 │ 2783.9 │  0  │ 0.9  │  1000  │  4200000  │   4100    │   17338000    │       │          │     │
│    5    │ 4.2  │ 4.2  │ 4.2  │ 4.2  │       │          │   5800    │   500   │ 2100000  │ 24478000  │ 1672827000000 │ '2023-01-04T10:10:00.000Z' │  0   │ 100  │  0  │    0     │ Infinity │ 1141.9 │ 2783.9 │  0  │      │  -500  │ -2100000  │   3600    │   15238000    │  500  │ 2100000  │ 0.2 │
│    6    │ 4.2  │ 4.2  │ 4.2  │ 4.2  │  500  │ 2100000  │   9100    │  3300   │ 13860000 │ 38338000  │ 1672827300000 │ '2023-01-04T10:15:00.000Z' │ 15.2 │ 84.8 │  0  │   0.2    │   5.6    │ 1141.9 │ 2783.9 │  0  │ 0.4  │ -2300  │ -9660000  │   1300    │    5578000    │ 2800  │ 11760000 │  1  │
│    7    │ 4.2  │ 4.22 │ 4.2  │ 4.22 │       │          │   11100   │  2000   │ 8430000  │ 46768000  │ 1672827600000 │ '2023-01-04T10:20:00.000Z' │  0   │ 100  │  0  │    0     │ Infinity │ 1141.9 │ 2783.9 │  0  │      │ -2000  │ -8430000  │   -700    │   -2852000    │ 2000  │ 8430000  │ 0.7 │
│    8    │ 4.2  │ 4.22 │ 4.2  │ 4.22 │  200  │  844000  │   28800   │  17700  │ 74344000 │ 121112000 │ 1672827900000 │ '2023-01-04T10:25:00.000Z' │ 1.1  │ 98.9 │  0  │    0     │   87.5   │ 1141.9 │ 2783.9 │  0  │ 0.2  │ -17300 │ -72656000 │  -18000   │   -75508000   │ 17500 │ 73500000 │ 6.3 │
│    9    │ 4.2  │ 4.2  │ 4.2  │ 4.2  │ 20800 │ 87360000 │   49600   │  20800  │ 87360000 │ 208472000 │ 1672828200000 │ '2023-01-04T10:30:00.000Z' │ 100  │  0   │  0  │ Infinity │    0     │ 1141.9 │ 2783.9 │  0  │ 18.2 │ 20800  │ 87360000  │   2800    │   11852000    │       │          │     │
│   10    │ 4.22 │ 4.22 │ 4.2  │ 4.2  │ 1600  │ 6752000  │   56200   │  6600   │ 27752000 │ 236224000 │ 1672828500000 │ '2023-01-04T10:35:00.000Z' │ 24.2 │ 75.8 │  0  │   0.3    │   3.1    │ 1141.9 │ 2783.9 │  0  │ 1.4  │ -3400  │ -14248000 │   -600    │   -2396000    │ 5000  │ 21000000 │ 1.8 │
│   11    │ 4.22 │ 4.22 │ 4.22 │ 4.22 │  100  │  422000  │   56300   │   100   │  422000  │ 236646000 │ 1672829100000 │ '2023-01-04T10:45:00.000Z' │ 100  │  0   │  0  │ Infinity │    0     │ 1141.9 │ 2783.9 │  0  │ 0.1  │  100   │  422000   │   -500    │   -1974000    │       │          │     │
│   12    │ 4.22 │ 4.22 │ 4.22 │ 4.22 │  100  │  422000  │   56400   │   100   │  422000  │ 237068000 │ 1672829400000 │ '2023-01-04T10:50:00.000Z' │ 100  │  0   │  0  │ Infinity │    0     │ 1141.9 │ 2783.9 │  0  │ 0.1  │  100   │  422000   │   -400    │   -1552000    │       │          │     │
│   13    │ 4.2  │ 4.22 │ 4.2  │ 4.22 │       │          │   56700   │   300   │ 1262000  │ 238330000 │ 1672829700000 │ '2023-01-04T10:55:00.000Z' │  0   │ 100  │  0  │    0     │ Infinity │ 1141.9 │ 2783.9 │  0  │      │  -300  │ -1262000  │   -700    │   -2814000    │  300  │ 1262000  │ 0.1 │
│   14    │ 4.2  │ 4.2  │ 4.2  │ 4.2  │       │          │   58700   │  2000   │ 8400000  │ 246730000 │ 1672830000000 │ '2023-01-04T11:00:00.000Z' │  0   │ 100  │  0  │    0     │ Infinity │ 1141.9 │ 2783.9 │  0  │      │ -2000  │ -8400000  │   -2700   │   -11214000   │ 2000  │ 8400000  │ 0.7 │
│   15    │ 4.2  │ 4.2  │ 4.2  │ 4.2  │  100  │  420000  │   58800   │   100   │  420000  │ 247150000 │ 1672830600000 │ '2023-01-04T11:10:00.000Z' │ 100  │  0   │  0  │ Infinity │    0     │ 1141.9 │ 2783.9 │  0  │ 0.1  │  100   │  420000   │   -2600   │   -10794000   │       │          │     │
│   16    │ 4.2  │ 4.2  │ 4.2  │ 4.2  │  100  │  420000  │   58900   │   100   │  420000  │ 247570000 │ 1672830900000 │ '2023-01-04T11:15:00.000Z' │ 100  │  0   │  0  │ Infinity │    0     │ 1141.9 │ 2783.9 │  0  │ 0.1  │  100   │  420000   │   -2500   │   -10374000   │       │          │     │
│   17    │ 4.11 │ 4.18 │ 4.11 │ 4.18 │  800  │ 3336000  │   60700   │  1800   │ 7446000  │ 255016000 │ 1672837800000 │ '2023-01-04T13:10:00.000Z' │ 44.4 │ 55.6 │  0  │   0.8    │   1.3    │ 1141.9 │ 2783.9 │  0  │ 0.7  │  -200  │  -774000  │   -2700   │   -11148000   │ 1000  │ 4110000  │ 0.4 │
│   18    │ 4.08 │ 4.11 │ 4.08 │ 4.11 │       │          │   72000   │  11300  │ 46332000 │ 301348000 │ 1672838100000 │ '2023-01-04T13:15:00.000Z' │  0   │ 100  │  0  │    0     │ Infinity │ 1141.9 │ 2783.9 │  0  │      │ -11300 │ -46332000 │  -14000   │   -57480000   │ 11300 │ 46332000 │ 4.1 │
│   19    │ 4.09 │ 4.09 │ 4.09 │ 4.09 │       │          │   77000   │  5000   │ 20450000 │ 321798000 │ 1672838400000 │ '2023-01-04T13:20:00.000Z' │  0   │ 100  │  0  │    0     │ Infinity │ 1141.9 │ 2783.9 │  0  │      │ -5000  │ -20450000 │  -19000   │   -77930000   │ 5000  │ 20450000 │ 1.8 │
│   20    │ 4.09 │ 4.09 │ 4.09 │ 4.09 │ 1000  │ 4090000  │   78000   │  1000   │ 4090000  │ 325888000 │ 1672838700000 │ '2023-01-04T13:25:00.000Z' │ 100  │  0   │  0  │ Infinity │    0     │ 1141.9 │ 2783.9 │  0  │ 0.9  │  1000  │  4090000  │  -18000   │   -73840000   │       │          │     │
├─────────┼──────┼──────┼──────┼──────┼───────┼──────────┼───────────┼─────────┼──────────┼───────────┼───────────────┼────────────────────────────┼──────┼──────┼─────┼──────────┼──────────┼────────┼────────┼─────┼──────┼────────┼───────────┼───────────┼───────────────┼───────┼──────────┼─────┤
│ (index) │  c   │  h   │  l   │  o   │  bu   │  val_bu  │ total_vol │ sum_vol │   val    │ acum_val  │   datetime    │            date            │ pbu  │ psd  │ puk │    bs    │    sb    │  abu   │  asd   │ auk │ rbu  │ bu-sd  │ bu-sd_val │ acum_busd │ acum_busd_val │  sd   │  val_sd  │ rsd │
├─────────┼──────┼──────┼──────┼──────┼───────┼──────────┼───────────┼─────────┼──────────┼───────────┼───────────────┼────────────────────────────┼──────┼──────┼─────┼──────────┼──────────┼────────┼────────┼─────┼──────┼────────┼───────────┼───────────┼───────────────┼───────┼──────────┼─────┤
│   21    │ 4.09 │ 4.09 │ 4.09 │ 4.09 │  200  │  818000  │   79600   │  1600   │ 6544000  │ 332432000 │ 1672839000000 │ '2023-01-04T13:30:00.000Z' │ 12.5 │ 87.5 │  0  │   0.1    │    7     │ 1141.9 │ 2783.9 │  0  │ 0.2  │ -1200  │ -4908000  │  -19200   │   -78748000   │ 1400  │ 5726000  │ 0.5 │
│   22    │ 4.09 │ 4.1  │ 4.09 │ 4.09 │ 1900  │ 7771000  │   82700   │  3100   │ 12681000 │ 345113000 │ 1672839300000 │ '2023-01-04T13:35:00.000Z' │ 61.3 │ 38.7 │  0  │   1.6    │   0.6    │ 1141.9 │ 2783.9 │  0  │ 1.7  │  700   │  2861000  │  -18500   │   -75887000   │ 1200  │ 4910000  │ 0.4 │
│   23    │ 4.19 │ 4.19 │ 4.08 │ 4.09 │ 2000  │ 8370000  │  101200   │  18500  │ 75712000 │ 420825000 │ 1672839600000 │ '2023-01-04T13:40:00.000Z' │ 10.8 │ 89.2 │  0  │   0.1    │   8.3    │ 1141.9 │ 2783.9 │  0  │ 1.8  │ -14500 │ -58972000 │  -33000   │  -134859000   │ 16500 │ 67342000 │ 5.9 │
│   24    │ 4.08 │ 4.09 │ 4.08 │ 4.09 │       │          │  107400   │  6200   │ 25308000 │ 446133000 │ 1672840200000 │ '2023-01-04T13:50:00.000Z' │  0   │ 100  │  0  │    0     │ Infinity │ 1141.9 │ 2783.9 │  0  │      │ -6200  │ -25308000 │  -39200   │  -160167000   │ 6200  │ 25308000 │ 2.2 │
│   25    │ 4.06 │ 4.08 │ 4.06 │ 4.08 │       │          │  113300   │  5900   │ 23997000 │ 470130000 │ 1672840500000 │ '2023-01-04T13:55:00.000Z' │  0   │ 100  │  0  │    0     │ Infinity │ 1141.9 │ 2783.9 │  0  │      │ -5900  │ -23997000 │  -45100   │  -184164000   │ 5900  │ 23997000 │ 2.1 │
│   26    │ 4.08 │ 4.08 │ 4.08 │ 4.08 │       │          │  113900   │   600   │ 2448000  │ 472578000 │ 1672841100000 │ '2023-01-04T14:05:00.000Z' │  0   │ 100  │  0  │    0     │ Infinity │ 1141.9 │ 2783.9 │  0  │      │  -600  │ -2448000  │  -45700   │  -186612000   │  600  │ 2448000  │ 0.2 │
│   27    │ 4.08 │ 4.08 │ 4.08 │ 4.08 │       │          │  114000   │   100   │  408000  │ 472986000 │ 1672841400000 │ '2023-01-04T14:10:00.000Z' │  0   │ 100  │  0  │    0     │ Infinity │ 1141.9 │ 2783.9 │  0  │      │  -100  │  -408000  │  -45800   │  -187020000   │  100  │  408000  │  0  │
│   28    │ 4.08 │ 4.09 │ 4.08 │ 4.09 │       │          │  119500   │  5500   │ 22456000 │ 495442000 │ 1672842000000 │ '2023-01-04T14:20:00.000Z' │  0   │ 100  │  0  │    0     │ Infinity │ 1141.9 │ 2783.9 │  0  │      │ -5500  │ -22456000 │  -51300   │  -209476000   │ 5500  │ 22456000 │  2  │
│   29    │ 4.08 │ 4.09 │ 4.08 │ 4.09 │  100  │  409000  │  120500   │  1000   │ 4088000  │ 499530000 │ 1672842300000 │ '2023-01-04T14:25:00.000Z' │  10  │  90  │  0  │   0.1    │    9     │ 1141.9 │ 2783.9 │  0  │ 0.1  │  -800  │ -3270000  │  -52100   │  -212746000   │  900  │ 3679000  │ 0.3 │
│   30    │ 4.18 │ 4.18 │ 4.18 │ 4.18 │ 1200  │ 5016000  │  121700   │  1200   │ 5016000  │ 504546000 │ 1672843500000 │ '2023-01-04T14:45:00.000Z' │ 100  │  0   │  0  │ Infinity │    0     │ 1141.9 │ 2783.9 │  0  │ 1.1  │  1200  │  5016000  │  -50900   │  -207730000   │       │          │     │
└─────────┴──────┴──────┴──────┴──────┴───────┴──────────┴───────────┴─────────┴──────────┴───────────┴───────────────┴────────────────────────────┴──────┴──────┴─────┴──────────┴──────────┴────────┴────────┴─────┴──────┴────────┴───────────┴───────────┴───────────────┴───────┴──────────┴─────┘

