┌─────────┬───────┬───────┬───────┬───────┬──────┬──────────┬───────────┬─────────┬──────────┬───────────┬───────────────┬────────────────────────────┬──────┬──────┬─────┬──────────┬──────────┬───────┬─────┬─────┬─────┬───────┬───────────┬───────────┬───────────────┬──────┬──────────┬─────┐
│ (index) │   c   │   h   │   l   │   o   │  sd  │  val_sd  │ total_vol │ sum_vol │   val    │ acum_val  │   datetime    │            date            │ pbu  │ psd  │ puk │    bs    │    sb    │  abu  │ asd │ auk │ rsd │ bu-sd │ bu-sd_val │ acum_busd │ acum_busd_val │  bu  │  val_bu  │ rbu │
├─────────┼───────┼───────┼───────┼───────┼──────┼──────────┼───────────┼─────────┼──────────┼───────────┼───────────────┼────────────────────────────┼──────┼──────┼─────┼──────────┼──────────┼───────┼─────┼─────┼─────┼───────┼───────────┼───────────┼───────────────┼──────┼──────────┼─────┤
│    0    │ 11.2  │ 11.2  │ 11.2  │ 11.2  │ 500  │ 5600000  │    500    │   500   │ 5600000  │  5600000  │ 1671095640000 │ '2022-12-15T09:14:00.000Z' │  0   │ 100  │  0  │    0     │ Infinity │ 572.7 │ 150 │  0  │ 3.3 │ -500  │ -5600000  │   -500    │   -5600000    │      │          │     │
│    1    │ 11.2  │ 11.2  │ 11.2  │ 11.2  │      │          │   1700    │  1200   │ 13440000 │ 19040000  │ 1671097320000 │ '2022-12-15T09:42:00.000Z' │ 100  │  0   │  0  │ Infinity │    0     │ 572.7 │ 150 │  0  │     │ 1200  │ 13440000  │    700    │    7840000    │ 1200 │ 13440000 │ 2.1 │
│    2    │ 11.25 │ 11.25 │ 11.25 │ 11.25 │      │          │   1800    │   100   │ 1125000  │ 20165000  │ 1671097800000 │ '2022-12-15T09:50:00.000Z' │ 100  │  0   │  0  │ Infinity │    0     │ 572.7 │ 150 │  0  │     │  100  │  1125000  │    800    │    8965000    │ 100  │ 1125000  │ 0.2 │
│    3    │ 11.2  │ 11.2  │ 11.2  │ 11.2  │      │          │   1900    │   100   │ 1120000  │ 21285000  │ 1671098280000 │ '2022-12-15T09:58:00.000Z' │ 100  │  0   │  0  │ Infinity │    0     │ 572.7 │ 150 │  0  │     │  100  │  1120000  │    900    │   10085000    │ 100  │ 1120000  │ 0.2 │
│    4    │ 11.2  │ 11.2  │ 11.2  │ 11.2  │      │          │   2000    │   100   │ 1120000  │ 22405000  │ 1671098400000 │ '2022-12-15T10:00:00.000Z' │ 100  │  0   │  0  │ Infinity │    0     │ 572.7 │ 150 │  0  │     │  100  │  1120000  │   1000    │   11205000    │ 100  │ 1120000  │ 0.2 │
│    5    │ 11.25 │ 11.25 │ 11.25 │ 11.25 │      │          │   2100    │   100   │ 1125000  │ 23530000  │ 1671098760000 │ '2022-12-15T10:06:00.000Z' │ 100  │  0   │  0  │ Infinity │    0     │ 572.7 │ 150 │  0  │     │  100  │  1125000  │   1100    │   12330000    │ 100  │ 1125000  │ 0.2 │
│    6    │ 11.05 │ 11.05 │ 11.05 │ 11.05 │ 1000 │ 11050000 │   3100    │  1000   │ 11050000 │ 34580000  │ 1671099840000 │ '2022-12-15T10:24:00.000Z' │  0   │ 100  │  0  │    0     │ Infinity │ 572.7 │ 150 │  0  │ 6.7 │ -1000 │ -11050000 │    100    │    1280000    │      │          │     │
│    7    │ 11.2  │ 11.2  │ 11.2  │ 11.2  │      │          │   3200    │   100   │ 1120000  │ 35700000  │ 1671100320000 │ '2022-12-15T10:32:00.000Z' │ 100  │  0   │  0  │ Infinity │    0     │ 572.7 │ 150 │  0  │     │  100  │  1120000  │    200    │    2400000    │ 100  │ 1120000  │ 0.2 │
│    8    │ 11.15 │ 11.15 │ 11.15 │ 11.15 │      │          │   3300    │   100   │ 1115000  │ 36815000  │ 1671101040000 │ '2022-12-15T10:44:00.000Z' │ 100  │  0   │  0  │ Infinity │    0     │ 572.7 │ 150 │  0  │     │  100  │  1115000  │    300    │    3515000    │ 100  │ 1115000  │ 0.2 │
│    9    │ 11.15 │ 11.15 │ 11.15 │ 11.15 │      │          │   4300    │  1000   │ 11150000 │ 47965000  │ 1671102480000 │ '2022-12-15T11:08:00.000Z' │ 100  │  0   │  0  │ Infinity │    0     │ 572.7 │ 150 │  0  │     │ 1000  │ 11150000  │   1300    │   14665000    │ 1000 │ 11150000 │ 1.7 │
│   10    │ 11.2  │ 11.2  │ 11.2  │ 11.2  │      │          │   4400    │   100   │ 1120000  │ 49085000  │ 1671103080000 │ '2022-12-15T11:18:00.000Z' │ 100  │  0   │  0  │ Infinity │    0     │ 572.7 │ 150 │  0  │     │  100  │  1120000  │   1400    │   15785000    │ 100  │ 1120000  │ 0.2 │
│   11    │ 11.2  │ 11.2  │ 11.2  │ 11.2  │      │          │   5300    │   900   │ 10080000 │ 59165000  │ 1671109200000 │ '2022-12-15T13:00:00.000Z' │ 100  │  0   │  0  │ Infinity │    0     │ 572.7 │ 150 │  0  │     │  900  │ 10080000  │   2300    │   25865000    │ 900  │ 10080000 │ 1.6 │
│   12    │ 11.2  │ 11.2  │ 11.2  │ 11.2  │      │          │   6300    │  1000   │ 11200000 │ 70365000  │ 1671111120000 │ '2022-12-15T13:32:00.000Z' │ 100  │  0   │  0  │ Infinity │    0     │ 572.7 │ 150 │  0  │     │ 1000  │ 11200000  │   3300    │   37065000    │ 1000 │ 11200000 │ 1.7 │
│   13    │ 11.2  │ 11.2  │ 11.2  │ 11.2  │      │          │   8300    │  2000   │ 22400000 │ 92765000  │ 1671111240000 │ '2022-12-15T13:34:00.000Z' │ 100  │  0   │  0  │ Infinity │    0     │ 572.7 │ 150 │  0  │     │ 2000  │ 22400000  │   5300    │   59465000    │ 2000 │ 22400000 │ 3.5 │
│   14    │ 11.25 │ 11.25 │ 11.25 │ 11.25 │      │          │   8400    │   100   │ 1125000  │ 93890000  │ 1671111360000 │ '2022-12-15T13:36:00.000Z' │ 100  │  0   │  0  │ Infinity │    0     │ 572.7 │ 150 │  0  │     │  100  │  1125000  │   5400    │   60590000    │ 100  │ 1125000  │ 0.2 │
│   15    │ 11.1  │ 11.2  │ 11.1  │ 11.2  │ 1000 │ 11100000 │   9900    │  1500   │ 16700000 │ 110590000 │ 1671113040000 │ '2022-12-15T14:04:00.000Z' │ 33.3 │ 66.7 │  0  │   0.5    │    2     │ 572.7 │ 150 │  0  │ 6.7 │ -500  │ -5500000  │   4900    │   55090000    │ 500  │ 5600000  │ 0.9 │
│   16    │ 11.1  │ 11.1  │ 11.1  │ 11.1  │ 100  │ 1110000  │   12400   │  2500   │ 27750000 │ 138340000 │ 1671113160000 │ '2022-12-15T14:06:00.000Z' │  96  │  4   │  0  │    24    │    0     │ 572.7 │ 150 │  0  │ 0.7 │ 2300  │ 25530000  │   7200    │   80620000    │ 2400 │ 26640000 │ 4.2 │
│   17    │ 11.2  │ 11.2  │ 11.2  │ 11.2  │      │          │   12900   │   500   │ 5600000  │ 143940000 │ 1671113400000 │ '2022-12-15T14:10:00.000Z' │ 100  │  0   │  0  │ Infinity │    0     │ 572.7 │ 150 │  0  │     │  500  │  5600000  │   7700    │   86220000    │ 500  │ 5600000  │ 0.9 │
│   18    │ 11.1  │ 11.1  │ 11.1  │ 11.1  │ 700  │ 7770000  │   13600   │   700   │ 7770000  │ 151710000 │ 1671113640000 │ '2022-12-15T14:14:00.000Z' │  0   │ 100  │  0  │    0     │ Infinity │ 572.7 │ 150 │  0  │ 4.7 │ -700  │ -7770000  │   7000    │   78450000    │      │          │     │
│   19    │ 11.1  │ 11.1  │ 11.1  │ 11.1  │      │          │   13800   │   200   │ 2220000  │ 153930000 │ 1671113880000 │ '2022-12-15T14:18:00.000Z' │ 100  │  0   │  0  │ Infinity │    0     │ 572.7 │ 150 │  0  │     │  200  │  2220000  │   7200    │   80670000    │ 200  │ 2220000  │ 0.3 │
│   20    │ 11.25 │ 11.25 │ 11.25 │ 11.25 │      │          │   13900   │   100   │ 1125000  │ 155055000 │ 1671114360000 │ '2022-12-15T14:26:00.000Z' │ 100  │  0   │  0  │ Infinity │    0     │ 572.7 │ 150 │  0  │     │  100  │  1125000  │   7300    │   81795000    │ 100  │ 1125000  │ 0.2 │
├─────────┼───────┼───────┼───────┼───────┼──────┼──────────┼───────────┼─────────┼──────────┼───────────┼───────────────┼────────────────────────────┼──────┼──────┼─────┼──────────┼──────────┼───────┼─────┼─────┼─────┼───────┼───────────┼───────────┼───────────────┼──────┼──────────┼─────┤
│ (index) │   c   │   h   │   l   │   o   │  sd  │  val_sd  │ total_vol │ sum_vol │   val    │ acum_val  │   datetime    │            date            │ pbu  │ psd  │ puk │    bs    │    sb    │  abu  │ asd │ auk │ rsd │ bu-sd │ bu-sd_val │ acum_busd │ acum_busd_val │  bu  │  val_bu  │ rbu │
├─────────┼───────┼───────┼───────┼───────┼──────┼──────────┼───────────┼─────────┼──────────┼───────────┼───────────────┼────────────────────────────┼──────┼──────┼─────┼──────────┼──────────┼───────┼─────┼─────┼─────┼───────┼───────────┼───────────┼───────────────┼──────┼──────────┼─────┤
│   21    │ 11.25 │ 11.25 │ 11.25 │ 11.25 │      │          │   15900   │  2000   │ 22500000 │ 177555000 │ 1671115440000 │ '2022-12-15T14:44:00.000Z' │ 100  │  0   │  0  │ Infinity │    0     │ 572.7 │ 150 │  0  │     │ 2000  │ 22500000  │   9300    │   104295000   │ 2000 │ 22500000 │ 3.5 │
└─────────┴───────┴───────┴───────┴───────┴──────┴──────────┴───────────┴─────────┴──────────┴───────────┴───────────────┴────────────────────────────┴──────┴──────┴─────┴──────────┴──────────┴───────┴─────┴─────┴─────┴───────┴───────────┴───────────┴───────────────┴──────┴──────────┴─────┘

