┌─────────┬──────┬──────┬──────┬──────┬──────┬──────────┬───────────┬─────────┬──────────┬──────────┬───────────────┬────────────────────────────┬──────┬──────┬─────┬──────────┬──────────┬───────┬───────┬─────┬─────┬───────┬───────────┬───────────┬───────────────┬──────┬──────────┬──────┐
│ (index) │  c   │  h   │  l   │  o   │  sd  │  val_sd  │ total_vol │ sum_vol │   val    │ acum_val │   datetime    │            date            │ pbu  │ psd  │ puk │    bs    │    sb    │  abu  │  asd  │ auk │ rsd │ bu-sd │ bu-sd_val │ acum_busd │ acum_busd_val │  bu  │  val_bu  │ rbu  │
├─────────┼──────┼──────┼──────┼──────┼──────┼──────────┼───────────┼─────────┼──────────┼──────────┼───────────────┼────────────────────────────┼──────┼──────┼─────┼──────────┼──────────┼───────┼───────┼─────┼─────┼───────┼───────────┼───────────┼───────────────┼──────┼──────────┼──────┤
│    0    │ 5.45 │ 5.45 │ 5.45 │ 5.45 │ 100  │  545000  │    100    │   100   │  545000  │  545000  │ 1671095880000 │ '2022-12-15T09:18:00.000Z' │  0   │ 100  │  0  │    0     │ Infinity │ 321.7 │ 408.7 │  0  │ 0.2 │ -100  │  -545000  │   -100    │    -545000    │      │          │      │
│    1    │ 5.45 │ 5.45 │ 5.45 │ 5.45 │ 400  │ 2180000  │    500    │   400   │ 2180000  │ 2725000  │ 1671096600000 │ '2022-12-15T09:30:00.000Z' │  0   │ 100  │  0  │    0     │ Infinity │ 321.7 │ 408.7 │  0  │  1  │ -400  │ -2180000  │   -500    │   -2725000    │      │          │      │
│    2    │ 5.47 │ 5.47 │ 5.47 │ 5.47 │      │          │    600    │   100   │  547000  │ 3272000  │ 1671097560000 │ '2022-12-15T09:46:00.000Z' │ 100  │  0   │  0  │ Infinity │    0     │ 321.7 │ 408.7 │  0  │     │  100  │  547000   │   -400    │   -2178000    │ 100  │  547000  │ 0.3  │
│    3    │ 5.5  │ 5.5  │ 5.5  │ 5.5  │      │          │   5000    │  4400   │ 24200000 │ 27472000 │ 1671097680000 │ '2022-12-15T09:48:00.000Z' │ 100  │  0   │  0  │ Infinity │    0     │ 321.7 │ 408.7 │  0  │     │ 4400  │ 24200000  │   4000    │   22022000    │ 4400 │ 24200000 │ 13.7 │
│    4    │ 5.5  │ 5.5  │ 5.5  │ 5.5  │ 600  │ 3300000  │   5600    │   600   │ 3300000  │ 30772000 │ 1671098880000 │ '2022-12-15T10:08:00.000Z' │  0   │ 100  │  0  │    0     │ Infinity │ 321.7 │ 408.7 │  0  │ 1.5 │ -600  │ -3300000  │   3400    │   18722000    │      │          │      │
│    5    │ 5.46 │ 5.46 │ 5.46 │ 5.46 │ 100  │  546000  │   5700    │   100   │  546000  │ 31318000 │ 1671099240000 │ '2022-12-15T10:14:00.000Z' │  0   │ 100  │  0  │    0     │ Infinity │ 321.7 │ 408.7 │  0  │ 0.2 │ -100  │  -546000  │   3300    │   18176000    │      │          │      │
│    6    │ 5.46 │ 5.46 │ 5.46 │ 5.46 │ 400  │ 2184000  │   6100    │   400   │ 2184000  │ 33502000 │ 1671099360000 │ '2022-12-15T10:16:00.000Z' │  0   │ 100  │  0  │    0     │ Infinity │ 321.7 │ 408.7 │  0  │  1  │ -400  │ -2184000  │   2900    │   15992000    │      │          │      │
│    7    │ 5.47 │ 5.47 │ 5.46 │ 5.46 │ 2500 │ 13650000 │   8800    │  2700   │ 14744000 │ 48246000 │ 1671099720000 │ '2022-12-15T10:22:00.000Z' │ 7.4  │ 92.6 │  0  │   0.1    │   12.5   │ 321.7 │ 408.7 │  0  │ 6.1 │ -2300 │ -12556000 │    600    │    3436000    │ 200  │ 1094000  │ 0.6  │
│    8    │ 5.47 │ 5.47 │ 5.47 │ 5.47 │ 100  │  547000  │   8900    │   100   │  547000  │ 48793000 │ 1671099840000 │ '2022-12-15T10:24:00.000Z' │  0   │ 100  │  0  │    0     │ Infinity │ 321.7 │ 408.7 │  0  │ 0.2 │ -100  │  -547000  │    500    │    2889000    │      │          │      │
│    9    │ 5.47 │ 5.5  │ 5.47 │ 5.5  │ 200  │ 1094000  │   9500    │   600   │ 3294000  │ 52087000 │ 1671100800000 │ '2022-12-15T10:40:00.000Z' │ 66.7 │ 33.3 │  0  │    2     │   0.5    │ 321.7 │ 408.7 │  0  │ 0.5 │  200  │  1106000  │    700    │    3995000    │ 400  │ 2200000  │ 1.2  │
│   10    │ 5.47 │ 5.47 │ 5.47 │ 5.47 │ 500  │ 2735000  │   10000   │   500   │ 2735000  │ 54822000 │ 1671100920000 │ '2022-12-15T10:42:00.000Z' │  0   │ 100  │  0  │    0     │ Infinity │ 321.7 │ 408.7 │  0  │ 1.2 │ -500  │ -2735000  │    200    │    1260000    │      │          │      │
│   11    │ 5.49 │ 5.49 │ 5.46 │ 5.46 │ 200  │ 1092000  │   10300   │   300   │ 1641000  │ 56463000 │ 1671102000000 │ '2022-12-15T11:00:00.000Z' │ 33.3 │ 66.7 │  0  │   0.5    │    2     │ 321.7 │ 408.7 │  0  │ 0.5 │ -100  │  -543000  │    100    │    717000     │ 100  │  549000  │ 0.3  │
│   12    │ 5.49 │ 5.49 │ 5.49 │ 5.49 │      │          │   10800   │   500   │ 2745000  │ 59208000 │ 1671102120000 │ '2022-12-15T11:02:00.000Z' │ 100  │  0   │  0  │ Infinity │    0     │ 321.7 │ 408.7 │  0  │     │  500  │  2745000  │    600    │    3462000    │ 500  │ 2745000  │ 1.6  │
│   13    │ 5.49 │ 5.49 │ 5.49 │ 5.49 │      │          │   11200   │   400   │ 2196000  │ 61404000 │ 1671102720000 │ '2022-12-15T11:12:00.000Z' │ 100  │  0   │  0  │ Infinity │    0     │ 321.7 │ 408.7 │  0  │     │  400  │  2196000  │   1000    │    5658000    │ 400  │ 2196000  │ 1.2  │
│   14    │ 5.49 │ 5.49 │ 5.49 │ 5.49 │ 600  │ 3294000  │   11800   │   600   │ 3294000  │ 64698000 │ 1671103080000 │ '2022-12-15T11:18:00.000Z' │  0   │ 100  │  0  │    0     │ Infinity │ 321.7 │ 408.7 │  0  │ 1.5 │ -600  │ -3294000  │    400    │    2364000    │      │          │      │
│   15    │ 5.49 │ 5.49 │ 5.49 │ 5.49 │ 500  │ 2745000  │   12300   │   500   │ 2745000  │ 67443000 │ 1671103320000 │ '2022-12-15T11:22:00.000Z' │  0   │ 100  │  0  │    0     │ Infinity │ 321.7 │ 408.7 │  0  │ 1.2 │ -500  │ -2745000  │   -100    │    -381000    │      │          │      │
│   16    │ 5.47 │ 5.49 │ 5.47 │ 5.49 │ 2000 │ 10950000 │   14300   │  2000   │ 10950000 │ 78393000 │ 1671103680000 │ '2022-12-15T11:28:00.000Z' │  0   │ 100  │  0  │    0     │ Infinity │ 321.7 │ 408.7 │  0  │ 4.9 │ -2000 │ -10950000 │   -2100   │   -11331000   │      │          │      │
│   17    │ 5.47 │ 5.5  │ 5.47 │ 5.47 │ 200  │ 1094000  │   14700   │   400   │ 2194000  │ 80587000 │ 1671109200000 │ '2022-12-15T13:00:00.000Z' │  50  │  50  │  0  │    1     │    1     │ 321.7 │ 408.7 │  0  │ 0.5 │   0   │   6000    │   -2100   │   -11325000   │ 200  │ 1100000  │ 0.6  │
│   18    │ 5.46 │ 5.46 │ 5.46 │ 5.46 │ 300  │ 1638000  │   15000   │   300   │ 1638000  │ 82225000 │ 1671109920000 │ '2022-12-15T13:12:00.000Z' │  0   │ 100  │  0  │    0     │ Infinity │ 321.7 │ 408.7 │  0  │ 0.7 │ -300  │ -1638000  │   -2400   │   -12963000   │      │          │      │
│   19    │ 5.5  │ 5.5  │ 5.49 │ 5.49 │      │          │   15200   │   200   │ 1099000  │ 83324000 │ 1671110760000 │ '2022-12-15T13:26:00.000Z' │ 100  │  0   │  0  │ Infinity │    0     │ 321.7 │ 408.7 │  0  │     │  200  │  1099000  │   -2200   │   -11864000   │ 200  │ 1099000  │ 0.6  │
│   20    │ 5.5  │ 5.5  │ 5.5  │ 5.5  │      │          │   16100   │   900   │ 4950000  │ 88274000 │ 1671111240000 │ '2022-12-15T13:34:00.000Z' │ 100  │  0   │  0  │ Infinity │    0     │ 321.7 │ 408.7 │  0  │     │  900  │  4950000  │   -1300   │   -6914000    │ 900  │ 4950000  │ 2.8  │
├─────────┼──────┼──────┼──────┼──────┼──────┼──────────┼───────────┼─────────┼──────────┼──────────┼───────────────┼────────────────────────────┼──────┼──────┼─────┼──────────┼──────────┼───────┼───────┼─────┼─────┼───────┼───────────┼───────────┼───────────────┼──────┼──────────┼──────┤
│ (index) │  c   │  h   │  l   │  o   │  sd  │  val_sd  │ total_vol │ sum_vol │   val    │ acum_val │   datetime    │            date            │ pbu  │ psd  │ puk │    bs    │    sb    │  abu  │  asd  │ auk │ rsd │ bu-sd │ bu-sd_val │ acum_busd │ acum_busd_val │  bu  │  val_bu  │ rbu  │
├─────────┼──────┼──────┼──────┼──────┼──────┼──────────┼───────────┼─────────┼──────────┼──────────┼───────────────┼────────────────────────────┼──────┼──────┼─────┼──────────┼──────────┼───────┼───────┼─────┼─────┼───────┼───────────┼───────────┼───────────────┼──────┼──────────┼──────┤
│   21    │ 5.46 │ 5.46 │ 5.46 │ 5.46 │ 600  │ 3276000  │   16700   │   600   │ 3276000  │ 91550000 │ 1671112200000 │ '2022-12-15T13:50:00.000Z' │  0   │ 100  │  0  │    0     │ Infinity │ 321.7 │ 408.7 │  0  │ 1.5 │ -600  │ -3276000  │   -1900   │   -10190000   │      │          │      │
│   22    │ 5.47 │ 5.47 │ 5.47 │ 5.47 │ 100  │  547000  │   16800   │   100   │  547000  │ 92097000 │ 1671113040000 │ '2022-12-15T14:04:00.000Z' │  0   │ 100  │  0  │    0     │ Infinity │ 321.7 │ 408.7 │  0  │ 0.2 │ -100  │  -547000  │   -2000   │   -10737000   │      │          │      │
└─────────┴──────┴──────┴──────┴──────┴──────┴──────────┴───────────┴─────────┴──────────┴──────────┴───────────────┴────────────────────────────┴──────┴──────┴─────┴──────────┴──────────┴───────┴───────┴─────┴─────┴───────┴───────────┴───────────┴───────────────┴──────┴──────────┴──────┘

