┌─────────┬──────┬──────┬──────┬──────┬─────┬──────────┬───────────┬─────────┬──────────┬───────────┬───────────────┬────────────────────────────┬──────┬──────┬─────┬──────────┬──────────┬───────┬──────┬─────┬─────┬───────┬───────────┬───────────┬───────────────┬─────┬──────────┬─────┐
│ (index) │  c   │  h   │  l   │  o   │ bu  │  val_bu  │ total_vol │ sum_vol │   val    │ acum_val  │   datetime    │            date            │ pbu  │ psd  │ puk │    bs    │    sb    │  abu  │ asd  │ auk │ rbu │ bu-sd │ bu-sd_val │ acum_busd │ acum_busd_val │ sd  │  val_sd  │ rsd │
├─────────┼──────┼──────┼──────┼──────┼─────┼──────────┼───────────┼─────────┼──────────┼───────────┼───────────────┼────────────────────────────┼──────┼──────┼─────┼──────────┼──────────┼───────┼──────┼─────┼─────┼───────┼───────────┼───────────┼───────────────┼─────┼──────────┼─────┤
│    0    │ 29.8 │ 29.8 │ 29.8 │ 29.8 │ 200 │ 5960000  │    200    │   200   │ 5960000  │  5960000  │ 1671094800000 │ '2022-12-15T09:00:00.000Z' │ 100  │  0   │  0  │ Infinity │    0     │ 133.3 │ 77.8 │  0  │ 1.5 │  200  │  5960000  │    200    │    5960000    │     │          │     │
│    1    │ 29.7 │ 29.7 │ 29.7 │ 29.7 │     │          │    300    │   100   │ 2970000  │  8930000  │ 1671096300000 │ '2022-12-15T09:25:00.000Z' │  0   │ 100  │  0  │    0     │ Infinity │ 133.3 │ 77.8 │  0  │     │ -100  │ -2970000  │    100    │    2990000    │ 100 │ 2970000  │ 1.3 │
│    2    │ 29.7 │ 29.7 │ 29.7 │ 29.7 │     │          │    400    │   100   │ 2970000  │ 11900000  │ 1671096900000 │ '2022-12-15T09:35:00.000Z' │  0   │ 100  │  0  │    0     │ Infinity │ 133.3 │ 77.8 │  0  │     │ -100  │ -2970000  │     0     │     20000     │ 100 │ 2970000  │ 1.3 │
│    3    │ 29.7 │ 29.7 │ 29.7 │ 29.7 │     │          │    500    │   100   │ 2970000  │ 14870000  │ 1671097200000 │ '2022-12-15T09:40:00.000Z' │  0   │ 100  │  0  │    0     │ Infinity │ 133.3 │ 77.8 │  0  │     │ -100  │ -2970000  │   -100    │   -2950000    │ 100 │ 2970000  │ 1.3 │
│    4    │ 29.7 │ 29.7 │ 29.7 │ 29.7 │     │          │    600    │   100   │ 2970000  │ 17840000  │ 1671097800000 │ '2022-12-15T09:50:00.000Z' │  0   │ 100  │  0  │    0     │ Infinity │ 133.3 │ 77.8 │  0  │     │ -100  │ -2970000  │   -200    │   -5920000    │ 100 │ 2970000  │ 1.3 │
│    5    │ 29.7 │ 29.7 │ 29.7 │ 29.7 │     │          │    700    │   100   │ 2970000  │ 20810000  │ 1671099000000 │ '2022-12-15T10:10:00.000Z' │  0   │ 100  │  0  │    0     │ Infinity │ 133.3 │ 77.8 │  0  │     │ -100  │ -2970000  │   -300    │   -8890000    │ 100 │ 2970000  │ 1.3 │
│    6    │ 29.8 │ 29.8 │ 29.8 │ 29.8 │ 300 │ 8940000  │   1000    │   300   │ 8940000  │ 29750000  │ 1671099600000 │ '2022-12-15T10:20:00.000Z' │ 100  │  0   │  0  │ Infinity │    0     │ 133.3 │ 77.8 │  0  │ 2.3 │  300  │  8940000  │     0     │     50000     │     │          │     │
│    7    │ 29.9 │ 29.9 │ 29.9 │ 29.9 │ 100 │ 2990000  │   1100    │   100   │ 2990000  │ 32740000  │ 1671100200000 │ '2022-12-15T10:30:00.000Z' │ 100  │  0   │  0  │ Infinity │    0     │ 133.3 │ 77.8 │  0  │ 0.8 │  100  │  2990000  │    100    │    3040000    │     │          │     │
│    8    │ 29.9 │ 29.9 │ 29.9 │ 29.9 │ 100 │ 2990000  │   1200    │   100   │ 2990000  │ 35730000  │ 1671100500000 │ '2022-12-15T10:35:00.000Z' │ 100  │  0   │  0  │ Infinity │    0     │ 133.3 │ 77.8 │  0  │ 0.8 │  100  │  2990000  │    200    │    6030000    │     │          │     │
│    9    │  30  │  30  │ 29.9 │ 29.9 │ 300 │ 9000000  │   1600    │   400   │ 11990000 │ 47720000  │ 1671102000000 │ '2022-12-15T11:00:00.000Z' │  75  │  25  │  0  │    3     │   0.3    │ 133.3 │ 77.8 │  0  │ 2.3 │  200  │  6010000  │    400    │   12040000    │ 100 │ 2990000  │ 1.3 │
│   10    │ 30.1 │ 30.1 │ 30.1 │ 30.1 │ 200 │ 6020000  │   1800    │   200   │ 6020000  │ 53740000  │ 1671102900000 │ '2022-12-15T11:15:00.000Z' │ 100  │  0   │  0  │ Infinity │    0     │ 133.3 │ 77.8 │  0  │ 1.5 │  200  │  6020000  │    600    │   18060000    │     │          │     │
│   11    │ 30.1 │ 30.1 │ 30.1 │ 30.1 │ 100 │ 3010000  │   1900    │   100   │ 3010000  │ 56750000  │ 1671103200000 │ '2022-12-15T11:20:00.000Z' │ 100  │  0   │  0  │ Infinity │    0     │ 133.3 │ 77.8 │  0  │ 0.8 │  100  │  3010000  │    700    │   21070000    │     │          │     │
│   12    │ 30.1 │ 30.1 │ 30.1 │ 30.1 │ 100 │ 3010000  │   2000    │   100   │ 3010000  │ 59760000  │ 1671103500000 │ '2022-12-15T11:25:00.000Z' │ 100  │  0   │  0  │ Infinity │    0     │ 133.3 │ 77.8 │  0  │ 0.8 │  100  │  3010000  │    800    │   24080000    │     │          │     │
│   13    │ 30.3 │ 30.3 │ 30.2 │ 30.2 │ 400 │ 12100000 │   2500    │   500   │ 15120000 │ 74880000  │ 1671112200000 │ '2022-12-15T13:50:00.000Z' │  80  │  20  │  0  │    4     │   0.3    │ 133.3 │ 77.8 │  0  │  3  │  300  │  9080000  │   1100    │   33160000    │ 100 │ 3020000  │ 1.3 │
│   14    │ 30.3 │ 30.3 │ 30.3 │ 30.3 │     │          │   2600    │   100   │ 3030000  │ 77910000  │ 1671113400000 │ '2022-12-15T14:10:00.000Z' │  0   │ 100  │  0  │    0     │ Infinity │ 133.3 │ 77.8 │  0  │     │ -100  │ -3030000  │   1000    │   30130000    │ 100 │ 3030000  │ 1.3 │
│   15    │ 30.2 │ 30.3 │ 30.2 │ 30.3 │ 200 │ 6060000  │   3000    │   400   │ 12110000 │ 90020000  │ 1671113700000 │ '2022-12-15T14:15:00.000Z' │  50  │  50  │  0  │    1     │    1     │ 133.3 │ 77.8 │  0  │ 1.5 │   0   │   10000   │   1000    │   30140000    │ 200 │ 6050000  │ 2.6 │
│   16    │ 30.2 │ 30.2 │ 30.2 │ 30.2 │ 100 │ 3020000  │   3100    │   100   │ 3020000  │ 93040000  │ 1671114000000 │ '2022-12-15T14:20:00.000Z' │ 100  │  0   │  0  │ Infinity │    0     │ 133.3 │ 77.8 │  0  │ 0.8 │  100  │  3020000  │   1100    │   33160000    │     │          │     │
│   17    │  30  │ 30.1 │  30  │ 30.1 │ 300 │ 9000000  │   3800    │   700   │ 21040000 │ 114080000 │ 1671114300000 │ '2022-12-15T14:25:00.000Z' │ 42.9 │ 57.1 │  0  │   0.8    │   1.3    │ 133.3 │ 77.8 │  0  │ 2.3 │ -100  │ -3040000  │   1000    │   30120000    │ 400 │ 12040000 │ 5.1 │
└─────────┴──────┴──────┴──────┴──────┴─────┴──────────┴───────────┴─────────┴──────────┴───────────┴───────────────┴────────────────────────────┴──────┴──────┴─────┴──────────┴──────────┴───────┴──────┴─────┴─────┴───────┴───────────┴───────────┴───────────────┴─────┴──────────┴─────┘

