┌─────────┬───────┬───────┬───────┬───────┬──────┬───────────┬───────────┬─────────┬───────────┬────────────┬──────┬───────────┬───────────────┬────────────────────────────┬──────┬──────┬─────┬──────────┬──────────┬─────┬────────┬─────┬─────┬──────┬───────┬────────────┬───────────┬───────────────┐
│ (index) │   c   │   h   │   l   │   o   │  bu  │  val_bu   │ total_vol │ sum_vol │    val    │  acum_val  │  sd  │  val_sd   │   datetime    │            date            │ pbu  │ psd  │ puk │    bs    │    sb    │ abu │  asd   │ auk │ rsd │ rbu  │ bu-sd │ bu-sd_val  │ acum_busd │ acum_busd_val │
├─────────┼───────┼───────┼───────┼───────┼──────┼───────────┼───────────┼─────────┼───────────┼────────────┼──────┼───────────┼───────────────┼────────────────────────────┼──────┼──────┼─────┼──────────┼──────────┼─────┼────────┼─────┼─────┼──────┼───────┼────────────┼───────────┼───────────────┤
│    0    │ 25.3  │ 25.3  │ 25.2  │ 25.2  │ 9000 │ 227450000 │   10100   │  10100  │ 255280000 │ 255280000  │ 1100 │ 27830000  │ 1671096600000 │ '2022-12-15T09:30:00.000Z' │ 89.1 │ 10.9 │  0  │   8.2    │   0.1    │ 687 │ 1082.6 │  0  │  1  │ 13.1 │ 7900  │ 199620000  │   7900    │   199620000   │
│    1    │ 25.3  │ 25.3  │ 25.3  │ 25.3  │ 800  │ 20240000  │   10900   │   800   │ 20240000  │ 275520000  │      │           │ 1671097500000 │ '2022-12-15T09:45:00.000Z' │ 100  │  0   │  0  │ Infinity │    0     │ 687 │ 1082.6 │  0  │     │ 1.2  │  800  │  20240000  │   8700    │   219860000   │
│    2    │ 25.2  │ 25.3  │ 25.2  │ 25.3  │ 100  │  2530000  │   12000   │  1100   │ 27770000  │ 303290000  │ 1000 │ 25240000  │ 1671097800000 │ '2022-12-15T09:50:00.000Z' │ 9.1  │ 90.9 │  0  │   0.1    │    10    │ 687 │ 1082.6 │  0  │ 0.9 │ 0.1  │ -900  │ -22710000  │   7800    │   197150000   │
│    3    │ 25.2  │ 25.2  │ 25.2  │ 25.2  │ 1500 │ 37800000  │   13500   │  1500   │ 37800000  │ 341090000  │      │           │ 1671098400000 │ '2022-12-15T10:00:00.000Z' │ 100  │  0   │  0  │ Infinity │    0     │ 687 │ 1082.6 │  0  │     │ 2.2  │ 1500  │  37800000  │   9300    │   234950000   │
│    4    │ 25.2  │ 25.2  │ 25.2  │ 25.2  │ 100  │  2520000  │   18000   │  4500   │ 113400000 │ 454490000  │ 4400 │ 110880000 │ 1671098700000 │ '2022-12-15T10:05:00.000Z' │ 2.2  │ 97.8 │  0  │    0     │    44    │ 687 │ 1082.6 │  0  │ 4.1 │ 0.1  │ -4300 │ -108360000 │   5000    │   126590000   │
│    5    │ 25.2  │ 25.2  │ 25.2  │ 25.2  │ 400  │ 10080000  │   18400   │   400   │ 10080000  │ 464570000  │      │           │ 1671099000000 │ '2022-12-15T10:10:00.000Z' │ 100  │  0   │  0  │ Infinity │    0     │ 687 │ 1082.6 │  0  │     │ 0.6  │  400  │  10080000  │   5400    │   136670000   │
│    6    │  25   │  25   │  25   │  25   │      │           │   20700   │  2300   │ 57500000  │ 522070000  │ 2300 │ 57500000  │ 1671099900000 │ '2022-12-15T10:25:00.000Z' │  0   │ 100  │  0  │    0     │ Infinity │ 687 │ 1082.6 │  0  │ 2.1 │      │ -2300 │ -57500000  │   3100    │   79170000    │
│    7    │  25   │  25   │  25   │  25   │      │           │   21700   │  1000   │ 25000000  │ 547070000  │ 1000 │ 25000000  │ 1671100500000 │ '2022-12-15T10:35:00.000Z' │  0   │ 100  │  0  │    0     │ Infinity │ 687 │ 1082.6 │  0  │ 0.9 │      │ -1000 │ -25000000  │   2100    │   54170000    │
│    8    │  25   │  25   │  25   │  25   │      │           │   22300   │   600   │ 15000000  │ 562070000  │ 600  │ 15000000  │ 1671100800000 │ '2022-12-15T10:40:00.000Z' │  0   │ 100  │  0  │    0     │ Infinity │ 687 │ 1082.6 │  0  │ 0.6 │      │ -600  │ -15000000  │   1500    │   39170000    │
│    9    │ 24.9  │  25   │ 24.9  │  25   │      │           │   22900   │   600   │ 14950000  │ 577020000  │ 600  │ 14950000  │ 1671101400000 │ '2022-12-15T10:50:00.000Z' │  0   │ 100  │  0  │    0     │ Infinity │ 687 │ 1082.6 │  0  │ 0.6 │      │ -600  │ -14950000  │    900    │   24220000    │
│   10    │ 24.9  │ 24.9  │ 24.9  │ 24.9  │      │           │   23400   │   500   │ 12450000  │ 589470000  │ 500  │ 12450000  │ 1671101700000 │ '2022-12-15T10:55:00.000Z' │  0   │ 100  │  0  │    0     │ Infinity │ 687 │ 1082.6 │  0  │ 0.5 │      │ -500  │ -12450000  │    400    │   11770000    │
│   11    │  25   │  25   │  25   │  25   │ 200  │  5000000  │   23600   │   200   │  5000000  │ 594470000  │      │           │ 1671103500000 │ '2022-12-15T11:25:00.000Z' │ 100  │  0   │  0  │ Infinity │    0     │ 687 │ 1082.6 │  0  │     │ 0.3  │  200  │  5000000   │    600    │   16770000    │
│   12    │  25   │  25   │  25   │  25   │ 100  │  2500000  │   23700   │   100   │  2500000  │ 596970000  │      │           │ 1671109200000 │ '2022-12-15T13:00:00.000Z' │ 100  │  0   │  0  │ Infinity │    0     │ 687 │ 1082.6 │  0  │     │ 0.1  │  100  │  2500000   │    700    │   19270000    │
│   13    │ 24.85 │ 24.9  │ 24.85 │ 24.9  │      │           │   26500   │  2800   │ 69675000  │ 666645000  │ 2800 │ 69675000  │ 1671109500000 │ '2022-12-15T13:05:00.000Z' │  0   │ 100  │  0  │    0     │ Infinity │ 687 │ 1082.6 │  0  │ 2.6 │      │ -2800 │ -69675000  │   -2100   │   -50405000   │
│   14    │ 24.85 │ 24.85 │ 24.85 │ 24.85 │      │           │   27200   │   700   │ 17395000  │ 684040000  │ 700  │ 17395000  │ 1671109800000 │ '2022-12-15T13:10:00.000Z' │  0   │ 100  │  0  │    0     │ Infinity │ 687 │ 1082.6 │  0  │ 0.6 │      │ -700  │ -17395000  │   -2800   │   -67800000   │
│   15    │ 24.85 │ 24.85 │ 24.85 │ 24.85 │      │           │   27700   │   500   │ 12425000  │ 696465000  │ 500  │ 12425000  │ 1671110100000 │ '2022-12-15T13:15:00.000Z' │  0   │ 100  │  0  │    0     │ Infinity │ 687 │ 1082.6 │  0  │ 0.5 │      │ -500  │ -12425000  │   -3300   │   -80225000   │
│   16    │ 24.8  │ 24.85 │ 24.8  │ 24.85 │      │           │   32300   │  4600   │ 114130000 │ 810595000  │ 4600 │ 114130000 │ 1671111000000 │ '2022-12-15T13:30:00.000Z' │  0   │ 100  │  0  │    0     │ Infinity │ 687 │ 1082.6 │  0  │ 4.2 │      │ -4600 │ -114130000 │   -7900   │  -194355000   │
│   17    │ 24.85 │ 24.85 │ 24.85 │ 24.85 │      │           │   34800   │  2500   │ 62125000  │ 872720000  │ 2500 │ 62125000  │ 1671111900000 │ '2022-12-15T13:45:00.000Z' │  0   │ 100  │  0  │    0     │ Infinity │ 687 │ 1082.6 │  0  │ 2.3 │      │ -2500 │ -62125000  │  -10400   │  -256480000   │
│   18    │  25   │  25   │  25   │  25   │ 500  │ 12500000  │   35300   │   500   │ 12500000  │ 885220000  │      │           │ 1671112800000 │ '2022-12-15T14:00:00.000Z' │ 100  │  0   │  0  │ Infinity │    0     │ 687 │ 1082.6 │  0  │     │ 0.7  │  500  │  12500000  │   -9900   │  -243980000   │
│   19    │  25   │  25   │ 24.9  │ 24.9  │ 800  │ 19970000  │   37400   │  2100   │ 52340000  │ 937560000  │ 1300 │ 32370000  │ 1671113700000 │ '2022-12-15T14:15:00.000Z' │ 38.1 │ 61.9 │  0  │   0.6    │   1.6    │ 687 │ 1082.6 │  0  │ 1.2 │ 1.2  │ -500  │ -12400000  │  -10400   │  -256380000   │
│   20    │  25   │  25   │  25   │  25   │ 1000 │ 25000000  │   38400   │  1000   │ 25000000  │ 962560000  │      │           │ 1671114000000 │ '2022-12-15T14:20:00.000Z' │ 100  │  0   │  0  │ Infinity │    0     │ 687 │ 1082.6 │  0  │     │ 1.5  │ 1000  │  25000000  │   -9400   │  -231380000   │
├─────────┼───────┼───────┼───────┼───────┼──────┼───────────┼───────────┼─────────┼───────────┼────────────┼──────┼───────────┼───────────────┼────────────────────────────┼──────┼──────┼─────┼──────────┼──────────┼─────┼────────┼─────┼─────┼──────┼───────┼────────────┼───────────┼───────────────┤
│ (index) │   c   │   h   │   l   │   o   │  bu  │  val_bu   │ total_vol │ sum_vol │    val    │  acum_val  │  sd  │  val_sd   │   datetime    │            date            │ pbu  │ psd  │ puk │    bs    │    sb    │ abu │  asd   │ auk │ rsd │ rbu  │ bu-sd │ bu-sd_val  │ acum_busd │ acum_busd_val │
├─────────┼───────┼───────┼───────┼───────┼──────┼───────────┼───────────┼─────────┼───────────┼────────────┼──────┼───────────┼───────────────┼────────────────────────────┼──────┼──────┼─────┼──────────┼──────────┼─────┼────────┼─────┼─────┼──────┼───────┼────────────┼───────────┼───────────────┤
│   21    │ 24.9  │ 24.9  │ 24.9  │ 24.9  │      │           │   39400   │  1000   │ 24900000  │ 987460000  │ 1000 │ 24900000  │ 1671114300000 │ '2022-12-15T14:25:00.000Z' │  0   │ 100  │  0  │    0     │ Infinity │ 687 │ 1082.6 │  0  │ 0.9 │      │ -1000 │ -24900000  │  -10400   │  -256280000   │
│   22    │ 25.2  │ 25.2  │ 25.2  │ 25.2  │ 1300 │ 32760000  │   40700   │  1300   │ 32760000  │ 1020220000 │      │           │ 1671115500000 │ '2022-12-15T14:45:00.000Z' │ 100  │  0   │  0  │ Infinity │    0     │ 687 │ 1082.6 │  0  │     │ 1.9  │ 1300  │  32760000  │   -9100   │  -223520000   │
└─────────┴───────┴───────┴───────┴───────┴──────┴───────────┴───────────┴─────────┴───────────┴────────────┴──────┴───────────┴───────────────┴────────────────────────────┴──────┴──────┴─────┴──────────┴──────────┴─────┴────────┴─────┴─────┴──────┴───────┴────────────┴───────────┴───────────────┘

