┌─────────┬─────┬─────┬─────┬─────┬───────┬──────────┬───────────┬─────────┬──────────┬───────────┬───────────────┬────────────────────────────┬──────┬──────┬─────┬──────────┬──────────┬────────┬────────┬─────┬──────┬────────┬───────────┬───────────┬───────────────┬───────┬──────────┬─────┐
│ (index) │  c  │  h  │  l  │  o  │  bu   │  val_bu  │ total_vol │ sum_vol │   val    │ acum_val  │   datetime    │            date            │ pbu  │ psd  │ puk │    bs    │    sb    │  abu   │  asd   │ auk │ rbu  │ bu-sd  │ bu-sd_val │ acum_busd │ acum_busd_val │  sd   │  val_sd  │ rsd │
├─────────┼─────┼─────┼─────┼─────┼───────┼──────────┼───────────┼─────────┼──────────┼───────────┼───────────────┼────────────────────────────┼──────┼──────┼─────┼──────────┼──────────┼────────┼────────┼─────┼──────┼────────┼───────────┼───────────┼───────────────┼───────┼──────────┼─────┤
│    0    │ 1.9 │ 1.9 │ 1.9 │ 1.9 │ 17400 │ 33060000 │   17400   │  17400  │ 33060000 │ 33060000  │ 1671094800000 │ '2022-12-15T09:00:00.000Z' │ 100  │  0   │  0  │ Infinity │    0     │ 2008.6 │ 4082.9 │  0  │ 8.7  │ 17400  │ 33060000  │   17400   │   33060000    │       │          │     │
│    1    │ 1.9 │ 1.9 │ 1.9 │ 1.9 │  100  │  190000  │   17500   │   100   │  190000  │ 33250000  │ 1671095400000 │ '2022-12-15T09:10:00.000Z' │ 100  │  0   │  0  │ Infinity │    0     │ 2008.6 │ 4082.9 │  0  │  0   │  100   │  190000   │   17500   │   33250000    │       │          │     │
│    2    │ 1.9 │ 1.9 │ 1.9 │ 1.9 │ 1300  │ 2470000  │   18800   │  1300   │ 2470000  │ 35720000  │ 1671095700000 │ '2022-12-15T09:15:00.000Z' │ 100  │  0   │  0  │ Infinity │    0     │ 2008.6 │ 4082.9 │  0  │ 0.6  │  1300  │  2470000  │   18800   │   35720000    │       │          │     │
│    3    │ 1.9 │ 1.9 │ 1.9 │ 1.9 │  300  │  570000  │   19100   │   300   │  570000  │ 36290000  │ 1671096000000 │ '2022-12-15T09:20:00.000Z' │ 100  │  0   │  0  │ Infinity │    0     │ 2008.6 │ 4082.9 │  0  │ 0.1  │  300   │  570000   │   19100   │   36290000    │       │          │     │
│    4    │ 1.9 │ 1.9 │ 1.9 │ 1.9 │  100  │  190000  │   19200   │   100   │  190000  │ 36480000  │ 1671096300000 │ '2022-12-15T09:25:00.000Z' │ 100  │  0   │  0  │ Infinity │    0     │ 2008.6 │ 4082.9 │  0  │  0   │  100   │  190000   │   19200   │   36480000    │       │          │     │
│    5    │ 1.9 │ 1.9 │ 1.9 │ 1.9 │  100  │  190000  │   19300   │   100   │  190000  │ 36670000  │ 1671096900000 │ '2022-12-15T09:35:00.000Z' │ 100  │  0   │  0  │ Infinity │    0     │ 2008.6 │ 4082.9 │  0  │  0   │  100   │  190000   │   19300   │   36670000    │       │          │     │
│    6    │ 1.9 │ 1.9 │ 1.9 │ 1.9 │  200  │  380000  │   19500   │   200   │  380000  │ 37050000  │ 1671097200000 │ '2022-12-15T09:40:00.000Z' │ 100  │  0   │  0  │ Infinity │    0     │ 2008.6 │ 4082.9 │  0  │ 0.1  │  200   │  380000   │   19500   │   37050000    │       │          │     │
│    7    │ 1.8 │ 1.8 │ 1.8 │ 1.8 │       │          │   20100   │   600   │ 1080000  │ 38130000  │ 1671097500000 │ '2022-12-15T09:45:00.000Z' │  0   │ 100  │  0  │    0     │ Infinity │ 2008.6 │ 4082.9 │  0  │      │  -600  │ -1080000  │   18900   │   35970000    │  600  │ 1080000  │ 0.1 │
│    8    │ 1.9 │ 1.9 │ 1.9 │ 1.9 │  100  │  190000  │   20200   │   100   │  190000  │ 38320000  │ 1671098400000 │ '2022-12-15T10:00:00.000Z' │ 100  │  0   │  0  │ Infinity │    0     │ 2008.6 │ 4082.9 │  0  │  0   │  100   │  190000   │   19000   │   36160000    │       │          │     │
│    9    │ 1.9 │ 1.9 │ 1.9 │ 1.9 │  200  │  380000  │   20400   │   200   │  380000  │ 38700000  │ 1671099000000 │ '2022-12-15T10:10:00.000Z' │ 100  │  0   │  0  │ Infinity │    0     │ 2008.6 │ 4082.9 │  0  │ 0.1  │  200   │  380000   │   19200   │   36540000    │       │          │     │
│   10    │ 1.8 │ 1.8 │ 1.8 │ 1.8 │       │          │   21500   │  1100   │ 1980000  │ 40680000  │ 1671099300000 │ '2022-12-15T10:15:00.000Z' │  0   │ 100  │  0  │    0     │ Infinity │ 2008.6 │ 4082.9 │  0  │      │ -1100  │ -1980000  │   18100   │   34560000    │ 1100  │ 1980000  │ 0.3 │
│   11    │ 1.8 │ 1.8 │ 1.8 │ 1.8 │       │          │   22000   │   500   │  900000  │ 41580000  │ 1671100200000 │ '2022-12-15T10:30:00.000Z' │  0   │ 100  │  0  │    0     │ Infinity │ 2008.6 │ 4082.9 │  0  │      │  -500  │  -900000  │   17600   │   33660000    │  500  │  900000  │ 0.1 │
│   12    │ 1.8 │ 1.8 │ 1.8 │ 1.8 │       │          │   28500   │  6500   │ 11700000 │ 53280000  │ 1671100500000 │ '2022-12-15T10:35:00.000Z' │  0   │ 100  │  0  │    0     │ Infinity │ 2008.6 │ 4082.9 │  0  │      │ -6500  │ -11700000 │   11100   │   21960000    │ 6500  │ 11700000 │ 1.6 │
│   13    │ 1.8 │ 1.8 │ 1.8 │ 1.8 │       │          │   33800   │  5300   │ 9540000  │ 62820000  │ 1671100800000 │ '2022-12-15T10:40:00.000Z' │  0   │ 100  │  0  │    0     │ Infinity │ 2008.6 │ 4082.9 │  0  │      │ -5300  │ -9540000  │   5800    │   12420000    │ 5300  │ 9540000  │ 1.3 │
│   14    │ 1.8 │ 1.8 │ 1.8 │ 1.8 │       │          │   34200   │   400   │  720000  │ 63540000  │ 1671101100000 │ '2022-12-15T10:45:00.000Z' │  0   │ 100  │  0  │    0     │ Infinity │ 2008.6 │ 4082.9 │  0  │      │  -400  │  -720000  │   5400    │   11700000    │  400  │  720000  │ 0.1 │
│   15    │ 1.9 │ 1.9 │ 1.9 │ 1.9 │  300  │  570000  │   34500   │   300   │  570000  │ 64110000  │ 1671101700000 │ '2022-12-15T10:55:00.000Z' │ 100  │  0   │  0  │ Infinity │    0     │ 2008.6 │ 4082.9 │  0  │ 0.1  │  300   │  570000   │   5700    │   12270000    │       │          │     │
│   16    │ 1.9 │ 1.9 │ 1.9 │ 1.9 │ 10100 │ 19190000 │   44600   │  10100  │ 19190000 │ 83300000  │ 1671102300000 │ '2022-12-15T11:05:00.000Z' │ 100  │  0   │  0  │ Infinity │    0     │ 2008.6 │ 4082.9 │  0  │  5   │ 10100  │ 19190000  │   15800   │   31460000    │       │          │     │
│   17    │ 1.9 │ 1.9 │ 1.8 │ 1.8 │ 7500  │ 14250000 │   54100   │  9500   │ 17850000 │ 101150000 │ 1671102600000 │ '2022-12-15T11:10:00.000Z' │ 78.9 │ 21.1 │  0  │   3.8    │   0.3    │ 2008.6 │ 4082.9 │  0  │ 3.7  │  5500  │ 10650000  │   21300   │   42110000    │ 2000  │ 3600000  │ 0.5 │
│   18    │ 1.8 │ 1.8 │ 1.8 │ 1.8 │       │          │   54300   │   200   │  360000  │ 101510000 │ 1671102900000 │ '2022-12-15T11:15:00.000Z' │  0   │ 100  │  0  │    0     │ Infinity │ 2008.6 │ 4082.9 │  0  │      │  -200  │  -360000  │   21100   │   41750000    │  200  │  360000  │  0  │
│   19    │ 1.8 │ 1.8 │ 1.8 │ 1.8 │       │          │   55100   │   800   │ 1440000  │ 102950000 │ 1671103500000 │ '2022-12-15T11:25:00.000Z' │  0   │ 100  │  0  │    0     │ Infinity │ 2008.6 │ 4082.9 │  0  │      │  -800  │ -1440000  │   20300   │   40310000    │  800  │ 1440000  │ 0.2 │
│   20    │ 1.8 │ 1.8 │ 1.8 │ 1.8 │       │          │   61600   │  6500   │ 11700000 │ 114650000 │ 1671109200000 │ '2022-12-15T13:00:00.000Z' │  0   │ 100  │  0  │    0     │ Infinity │ 2008.6 │ 4082.9 │  0  │      │ -6500  │ -11700000 │   13800   │   28610000    │ 6500  │ 11700000 │ 1.6 │
├─────────┼─────┼─────┼─────┼─────┼───────┼──────────┼───────────┼─────────┼──────────┼───────────┼───────────────┼────────────────────────────┼──────┼──────┼─────┼──────────┼──────────┼────────┼────────┼─────┼──────┼────────┼───────────┼───────────┼───────────────┼───────┼──────────┼─────┤
│ (index) │  c  │  h  │  l  │  o  │  bu   │  val_bu  │ total_vol │ sum_vol │   val    │ acum_val  │   datetime    │            date            │ pbu  │ psd  │ puk │    bs    │    sb    │  abu   │  asd   │ auk │ rbu  │ bu-sd  │ bu-sd_val │ acum_busd │ acum_busd_val │  sd   │  val_sd  │ rsd │
├─────────┼─────┼─────┼─────┼─────┼───────┼──────────┼───────────┼─────────┼──────────┼───────────┼───────────────┼────────────────────────────┼──────┼──────┼─────┼──────────┼──────────┼────────┼────────┼─────┼──────┼────────┼───────────┼───────────┼───────────────┼───────┼──────────┼─────┤
│   21    │ 1.8 │ 1.8 │ 1.8 │ 1.8 │       │          │   71000   │  9400   │ 16920000 │ 131570000 │ 1671109500000 │ '2022-12-15T13:05:00.000Z' │  0   │ 100  │  0  │    0     │ Infinity │ 2008.6 │ 4082.9 │  0  │      │ -9400  │ -16920000 │   4400    │   11690000    │ 9400  │ 16920000 │ 2.3 │
│   22    │ 1.8 │ 1.8 │ 1.8 │ 1.8 │       │          │   79600   │  8600   │ 15480000 │ 147050000 │ 1671109800000 │ '2022-12-15T13:10:00.000Z' │  0   │ 100  │  0  │    0     │ Infinity │ 2008.6 │ 4082.9 │  0  │      │ -8600  │ -15480000 │   -4200   │   -3790000    │ 8600  │ 15480000 │ 2.1 │
│   23    │ 1.8 │ 1.9 │ 1.8 │ 1.9 │ 26000 │ 49400000 │  115700   │  36100  │ 67580000 │ 214630000 │ 1671110100000 │ '2022-12-15T13:15:00.000Z' │  72  │  28  │  0  │   2.6    │   0.4    │ 2008.6 │ 4082.9 │  0  │ 12.9 │ 15900  │ 31220000  │   11700   │   27430000    │ 10100 │ 18180000 │ 2.5 │
│   24    │ 1.8 │ 1.8 │ 1.8 │ 1.8 │       │          │  136000   │  20300  │ 36540000 │ 251170000 │ 1671111000000 │ '2022-12-15T13:30:00.000Z' │  0   │ 100  │  0  │    0     │ Infinity │ 2008.6 │ 4082.9 │  0  │      │ -20300 │ -36540000 │   -8600   │   -9110000    │ 20300 │ 36540000 │  5  │
│   25    │ 1.8 │ 1.8 │ 1.8 │ 1.8 │       │          │  153000   │  17000  │ 30600000 │ 281770000 │ 1671111300000 │ '2022-12-15T13:35:00.000Z' │  0   │ 100  │  0  │    0     │ Infinity │ 2008.6 │ 4082.9 │  0  │      │ -17000 │ -30600000 │  -25600   │   -39710000   │ 17000 │ 30600000 │ 4.2 │
│   26    │ 1.8 │ 1.8 │ 1.8 │ 1.8 │       │          │  153400   │   400   │  720000  │ 282490000 │ 1671111600000 │ '2022-12-15T13:40:00.000Z' │  0   │ 100  │  0  │    0     │ Infinity │ 2008.6 │ 4082.9 │  0  │      │  -400  │  -720000  │  -26000   │   -40430000   │  400  │  720000  │ 0.1 │
│   27    │ 1.8 │ 1.8 │ 1.8 │ 1.8 │       │          │  168600   │  15200  │ 27360000 │ 309850000 │ 1671111900000 │ '2022-12-15T13:45:00.000Z' │  0   │ 100  │  0  │    0     │ Infinity │ 2008.6 │ 4082.9 │  0  │      │ -15200 │ -27360000 │  -41200   │   -67790000   │ 15200 │ 27360000 │ 3.7 │
│   28    │ 1.8 │ 1.8 │ 1.8 │ 1.8 │       │          │  177400   │  8800   │ 15840000 │ 325690000 │ 1671112200000 │ '2022-12-15T13:50:00.000Z' │  0   │ 100  │  0  │    0     │ Infinity │ 2008.6 │ 4082.9 │  0  │      │ -8800  │ -15840000 │  -50000   │   -83630000   │ 8800  │ 15840000 │ 2.2 │
│   29    │ 1.9 │ 1.9 │ 1.9 │ 1.9 │  200  │  380000  │  177600   │   200   │  380000  │ 326070000 │ 1671112800000 │ '2022-12-15T14:00:00.000Z' │ 100  │  0   │  0  │ Infinity │    0     │ 2008.6 │ 4082.9 │  0  │ 0.1  │  200   │  380000   │  -49800   │   -83250000   │       │          │     │
│   30    │ 1.9 │ 1.9 │ 1.8 │ 1.8 │  100  │  190000  │  206700   │  29100  │ 52390000 │ 378460000 │ 1671113700000 │ '2022-12-15T14:15:00.000Z' │ 0.3  │ 99.7 │  0  │    0     │   290    │ 2008.6 │ 4082.9 │  0  │  0   │ -28900 │ -52010000 │  -78700   │  -135260000   │ 29000 │ 52200000 │ 7.1 │
│   31    │ 1.9 │ 1.9 │ 1.9 │ 1.9 │ 6000  │ 11400000 │  212700   │  6000   │ 11400000 │ 389860000 │ 1671114300000 │ '2022-12-15T14:25:00.000Z' │ 100  │  0   │  0  │ Infinity │    0     │ 2008.6 │ 4082.9 │  0  │  3   │  6000  │ 11400000  │  -72700   │  -123860000   │       │          │     │
│   32    │ 1.9 │ 1.9 │ 1.8 │ 1.8 │  100  │  190000  │  213000   │   300   │  550000  │ 390410000 │ 1671114900000 │ '2022-12-15T14:35:00.000Z' │ 33.3 │ 66.7 │  0  │   0.5    │    2     │ 2008.6 │ 4082.9 │  0  │  0   │  -100  │  -170000  │  -72800   │  -124030000   │  200  │  360000  │  0  │
│   33    │ 1.9 │ 1.9 │ 1.9 │ 1.9 │  100  │  190000  │  213100   │   100   │  190000  │ 390600000 │ 1671115500000 │ '2022-12-15T14:45:00.000Z' │ 100  │  0   │  0  │ Infinity │    0     │ 2008.6 │ 4082.9 │  0  │  0   │  100   │  190000   │  -72700   │  -123840000   │       │          │     │
│   34    │ 1.9 │ 1.9 │ 1.9 │ 1.9 │  100  │  190000  │  213200   │   100   │  190000  │ 390790000 │ 1671116100000 │ '2022-12-15T14:55:00.000Z' │ 100  │  0   │  0  │ Infinity │    0     │ 2008.6 │ 4082.9 │  0  │  0   │  100   │  190000   │  -72600   │  -123650000   │       │          │     │
└─────────┴─────┴─────┴─────┴─────┴───────┴──────────┴───────────┴─────────┴──────────┴───────────┴───────────────┴────────────────────────────┴──────┴──────┴─────┴──────────┴──────────┴────────┴────────┴─────┴──────┴────────┴───────────┴───────────┴───────────────┴───────┴──────────┴─────┘

