┌─────────┬─────┬─────┬─────┬─────┬──────┬─────────┬───────────┬─────────┬──────────┬───────────┬───────────────┬────────────────────────────┬─────┬─────┬─────┬──────────┬──────────┬───────┬────────┬─────┬─────┬────────┬───────────┬───────────┬───────────────┬───────┬──────────┬─────┐
│ (index) │  c  │  h  │  l  │  o  │  bu  │ val_bu  │ total_vol │ sum_vol │   val    │ acum_val  │   datetime    │            date            │ pbu │ psd │ puk │    bs    │    sb    │  abu  │  asd   │ auk │ rbu │ bu-sd  │ bu-sd_val │ acum_busd │ acum_busd_val │  sd   │  val_sd  │ rsd │
├─────────┼─────┼─────┼─────┼─────┼──────┼─────────┼───────────┼─────────┼──────────┼───────────┼───────────────┼────────────────────────────┼─────┼─────┼─────┼──────────┼──────────┼───────┼────────┼─────┼─────┼────────┼───────────┼───────────┼───────────────┼───────┼──────────┼─────┤
│    0    │ 2.7 │ 2.7 │ 2.7 │ 2.7 │ 1600 │ 4320000 │   1600    │  1600   │ 4320000  │  4320000  │ 1671096000000 │ '2022-12-15T09:20:00.000Z' │ 100 │  0  │  0  │ Infinity │    0     │ 537.5 │ 2368.8 │  0  │  3  │  1600  │  4320000  │   1600    │    4320000    │       │          │     │
│    1    │ 2.6 │ 2.6 │ 2.6 │ 2.6 │      │         │   3400    │  1800   │ 4680000  │  9000000  │ 1671096600000 │ '2022-12-15T09:30:00.000Z' │  0  │ 100 │  0  │    0     │ Infinity │ 537.5 │ 2368.8 │  0  │     │ -1800  │ -4680000  │   -200    │    -360000    │ 1800  │ 4680000  │ 0.8 │
│    2    │ 2.7 │ 2.7 │ 2.7 │ 2.7 │ 1400 │ 3780000 │   4800    │  1400   │ 3780000  │ 12780000  │ 1671097500000 │ '2022-12-15T09:45:00.000Z' │ 100 │  0  │  0  │ Infinity │    0     │ 537.5 │ 2368.8 │  0  │ 2.6 │  1400  │  3780000  │   1200    │    3420000    │       │          │     │
│    3    │ 2.7 │ 2.7 │ 2.7 │ 2.7 │ 100  │ 270000  │   4900    │   100   │  270000  │ 13050000  │ 1671098400000 │ '2022-12-15T10:00:00.000Z' │ 100 │  0  │  0  │ Infinity │    0     │ 537.5 │ 2368.8 │  0  │ 0.2 │  100   │  270000   │   1300    │    3690000    │       │          │     │
│    4    │ 2.7 │ 2.7 │ 2.7 │ 2.7 │ 200  │ 540000  │   5100    │   200   │  540000  │ 13590000  │ 1671098700000 │ '2022-12-15T10:05:00.000Z' │ 100 │  0  │  0  │ Infinity │    0     │ 537.5 │ 2368.8 │  0  │ 0.4 │  200   │  540000   │   1500    │    4230000    │       │          │     │
│    5    │ 2.7 │ 2.7 │ 2.7 │ 2.7 │ 1000 │ 2700000 │   6100    │  1000   │ 2700000  │ 16290000  │ 1671099000000 │ '2022-12-15T10:10:00.000Z' │ 100 │  0  │  0  │ Infinity │    0     │ 537.5 │ 2368.8 │  0  │ 1.9 │  1000  │  2700000  │   2500    │    6930000    │       │          │     │
│    6    │ 2.6 │ 2.6 │ 2.6 │ 2.6 │      │         │   6600    │   500   │ 1300000  │ 17590000  │ 1671101700000 │ '2022-12-15T10:55:00.000Z' │  0  │ 100 │  0  │    0     │ Infinity │ 537.5 │ 2368.8 │  0  │     │  -500  │ -1300000  │   2000    │    5630000    │  500  │ 1300000  │ 0.2 │
│    7    │ 2.6 │ 2.6 │ 2.6 │ 2.6 │      │         │   11900   │  5300   │ 13780000 │ 31370000  │ 1671102000000 │ '2022-12-15T11:00:00.000Z' │  0  │ 100 │  0  │    0     │ Infinity │ 537.5 │ 2368.8 │  0  │     │ -5300  │ -13780000 │   -3300   │   -8150000    │ 5300  │ 13780000 │ 2.2 │
│    8    │ 2.7 │ 2.7 │ 2.7 │ 2.7 │ 100  │ 270000  │   12000   │   100   │  270000  │ 31640000  │ 1671102300000 │ '2022-12-15T11:05:00.000Z' │ 100 │  0  │  0  │ Infinity │    0     │ 537.5 │ 2368.8 │  0  │ 0.2 │  100   │  270000   │   -3200   │   -7880000    │       │          │     │
│    9    │ 2.6 │ 2.6 │ 2.6 │ 2.6 │      │         │   13900   │  1900   │ 4940000  │ 36580000  │ 1671109200000 │ '2022-12-15T13:00:00.000Z' │  0  │ 100 │  0  │    0     │ Infinity │ 537.5 │ 2368.8 │  0  │     │ -1900  │ -4940000  │   -5100   │   -12820000   │ 1900  │ 4940000  │ 0.8 │
│   10    │ 2.6 │ 2.6 │ 2.6 │ 2.6 │      │         │   16300   │  2400   │ 6240000  │ 42820000  │ 1671110100000 │ '2022-12-15T13:15:00.000Z' │  0  │ 100 │  0  │    0     │ Infinity │ 537.5 │ 2368.8 │  0  │     │ -2400  │ -6240000  │   -7500   │   -19060000   │ 2400  │ 6240000  │  1  │
│   11    │ 2.7 │ 2.7 │ 2.7 │ 2.7 │ 100  │ 270000  │   16400   │   100   │  270000  │ 43090000  │ 1671111000000 │ '2022-12-15T13:30:00.000Z' │ 100 │  0  │  0  │ Infinity │    0     │ 537.5 │ 2368.8 │  0  │ 0.2 │  100   │  270000   │   -7400   │   -18790000   │       │          │     │
│   12    │ 2.7 │ 2.7 │ 2.7 │ 2.7 │ 2000 │ 5400000 │   18400   │  2000   │ 5400000  │ 48490000  │ 1671111300000 │ '2022-12-15T13:35:00.000Z' │ 100 │  0  │  0  │ Infinity │    0     │ 537.5 │ 2368.8 │  0  │ 3.7 │  2000  │  5400000  │   -5400   │   -13390000   │       │          │     │
│   13    │ 2.6 │ 2.6 │ 2.6 │ 2.6 │      │         │   44400   │  26000  │ 67600000 │ 116090000 │ 1671113700000 │ '2022-12-15T14:15:00.000Z' │  0  │ 100 │  0  │    0     │ Infinity │ 537.5 │ 2368.8 │  0  │     │ -26000 │ -67600000 │  -31400   │   -80990000   │ 26000 │ 67600000 │ 11  │
│   14    │ 2.7 │ 2.7 │ 2.7 │ 2.7 │ 100  │ 270000  │   44500   │   100   │  270000  │ 116360000 │ 1671114000000 │ '2022-12-15T14:20:00.000Z' │ 100 │  0  │  0  │ Infinity │    0     │ 537.5 │ 2368.8 │  0  │ 0.2 │  100   │  270000   │  -31300   │   -80720000   │       │          │     │
│   15    │ 2.7 │ 2.7 │ 2.7 │ 2.7 │ 2000 │ 5400000 │   46500   │  2000   │ 5400000  │ 121760000 │ 1671115500000 │ '2022-12-15T14:45:00.000Z' │ 100 │  0  │  0  │ Infinity │    0     │ 537.5 │ 2368.8 │  0  │ 3.7 │  2000  │  5400000  │  -29300   │   -75320000   │       │          │     │
└─────────┴─────┴─────┴─────┴─────┴──────┴─────────┴───────────┴─────────┴──────────┴───────────┴───────────────┴────────────────────────────┴─────┴─────┴─────┴──────────┴──────────┴───────┴────────┴─────┴─────┴────────┴───────────┴───────────┴───────────────┴───────┴──────────┴─────┘

