┌─────────┬─────┬─────┬─────┬─────┬───────┬──────────┬───────────┬─────────┬──────────┬───────────┬──────┬──────────┬───────────────┬────────────────────────────┬──────┬──────┬─────┬──────────┬──────────┬──────┬────────┬─────┬─────┬─────┬───────┬───────────┬───────────┬───────────────┐
│ (index) │  c  │  h  │  l  │  o  │  bu   │  val_bu  │ total_vol │ sum_vol │   val    │ acum_val  │  sd  │  val_sd  │   datetime    │            date            │ pbu  │ psd  │ puk │    bs    │    sb    │ abu  │  asd   │ auk │ rsd │ rbu │ bu-sd │ bu-sd_val │ acum_busd │ acum_busd_val │
├─────────┼─────┼─────┼─────┼─────┼───────┼──────────┼───────────┼─────────┼──────────┼───────────┼──────┼──────────┼───────────────┼────────────────────────────┼──────┼──────┼─────┼──────────┼──────────┼──────┼────────┼─────┼─────┼─────┼───────┼───────────┼───────────┼───────────────┤
│    0    │ 6.3 │ 6.3 │ 6.3 │ 6.3 │ 6300  │ 39690000 │   9300    │  9300   │ 58590000 │ 58590000  │ 3000 │ 18900000 │ 1671096600000 │ '2022-12-15T09:30:00.000Z' │ 67.7 │ 32.3 │  0  │   2.1    │   0.5    │ 4300 │ 1205.9 │  0  │ 2.5 │ 1.5 │ 3300  │ 20790000  │   3300    │   20790000    │
│    1    │ 6.3 │ 6.3 │ 6.3 │ 6.3 │ 14700 │ 92610000 │   24000   │  14700  │ 92610000 │ 151200000 │      │          │ 1671096720000 │ '2022-12-15T09:32:00.000Z' │ 100  │  0   │  0  │ Infinity │    0     │ 4300 │ 1205.9 │  0  │     │ 3.4 │ 14700 │ 92610000  │   18000   │   113400000   │
│    2    │ 6.3 │ 6.3 │ 6.1 │ 6.1 │  500  │ 3150000  │   25500   │  1500   │ 9250000  │ 160450000 │ 1000 │ 6100000  │ 1671096840000 │ '2022-12-15T09:34:00.000Z' │ 33.3 │ 66.7 │  0  │   0.5    │    2     │ 4300 │ 1205.9 │  0  │ 0.8 │ 0.1 │ -500  │ -2950000  │   17500   │   110450000   │
│    3    │ 6.3 │ 6.3 │ 6.3 │ 6.3 │ 5000  │ 31500000 │   30500   │  5000   │ 31500000 │ 191950000 │      │          │ 1671097200000 │ '2022-12-15T09:40:00.000Z' │ 100  │  0   │  0  │ Infinity │    0     │ 4300 │ 1205.9 │  0  │     │ 1.2 │ 5000  │ 31500000  │   22500   │   141950000   │
│    4    │ 6.2 │ 6.2 │ 6.2 │ 6.2 │       │          │   31500   │  1000   │ 6200000  │ 198150000 │ 1000 │ 6200000  │ 1671097320000 │ '2022-12-15T09:42:00.000Z' │  0   │ 100  │  0  │    0     │ Infinity │ 4300 │ 1205.9 │  0  │ 0.8 │     │ -1000 │ -6200000  │   21500   │   135750000   │
│    5    │ 6.2 │ 6.3 │ 6.2 │ 6.2 │ 2000  │ 12600000 │   36500   │  5000   │ 31200000 │ 229350000 │ 3000 │ 18600000 │ 1671097560000 │ '2022-12-15T09:46:00.000Z' │  40  │  60  │  0  │   0.7    │   1.5    │ 4300 │ 1205.9 │  0  │ 2.5 │ 0.5 │ -1000 │ -6000000  │   20500   │   129750000   │
│    6    │ 6.3 │ 6.3 │ 6.3 │ 6.3 │ 5400  │ 34020000 │   41900   │  5400   │ 34020000 │ 263370000 │      │          │ 1671097680000 │ '2022-12-15T09:48:00.000Z' │ 100  │  0   │  0  │ Infinity │    0     │ 4300 │ 1205.9 │  0  │     │ 1.3 │ 5400  │ 34020000  │   25900   │   163770000   │
│    7    │ 6.3 │ 6.3 │ 6.3 │ 6.3 │ 8400  │ 52920000 │   54300   │  12400  │ 78120000 │ 341490000 │ 4000 │ 25200000 │ 1671097800000 │ '2022-12-15T09:50:00.000Z' │ 67.7 │ 32.3 │  0  │   2.1    │   0.5    │ 4300 │ 1205.9 │  0  │ 3.3 │  2  │ 4400  │ 27720000  │   30300   │   191490000   │
│    8    │ 6.3 │ 6.3 │ 6.3 │ 6.3 │ 11000 │ 69300000 │   66600   │  12300  │ 77490000 │ 418980000 │ 1300 │ 8190000  │ 1671097920000 │ '2022-12-15T09:52:00.000Z' │ 89.4 │ 10.6 │  0  │   8.5    │   0.1    │ 4300 │ 1205.9 │  0  │ 1.1 │ 2.6 │ 9700  │ 61110000  │   40000   │   252600000   │
│    9    │ 6.3 │ 6.3 │ 6.3 │ 6.3 │       │          │   66800   │   200   │ 1260000  │ 420240000 │ 200  │ 1260000  │ 1671098160000 │ '2022-12-15T09:56:00.000Z' │  0   │ 100  │  0  │    0     │ Infinity │ 4300 │ 1205.9 │  0  │ 0.2 │     │ -200  │ -1260000  │   39800   │   251340000   │
│   10    │ 6.3 │ 6.3 │ 6.3 │ 6.3 │ 5000  │ 31500000 │   71800   │  5000   │ 31500000 │ 451740000 │      │          │ 1671098280000 │ '2022-12-15T09:58:00.000Z' │ 100  │  0   │  0  │ Infinity │    0     │ 4300 │ 1205.9 │  0  │     │ 1.2 │ 5000  │ 31500000  │   44800   │   282840000   │
│   11    │ 6.3 │ 6.3 │ 6.3 │ 6.3 │ 4000  │ 25200000 │   75800   │  4000   │ 25200000 │ 476940000 │      │          │ 1671098400000 │ '2022-12-15T10:00:00.000Z' │ 100  │  0   │  0  │ Infinity │    0     │ 4300 │ 1205.9 │  0  │     │ 0.9 │ 4000  │ 25200000  │   48800   │   308040000   │
│   12    │ 6.3 │ 6.3 │ 6.3 │ 6.3 │ 10800 │ 68040000 │   86600   │  10800  │ 68040000 │ 544980000 │      │          │ 1671098760000 │ '2022-12-15T10:06:00.000Z' │ 100  │  0   │  0  │ Infinity │    0     │ 4300 │ 1205.9 │  0  │     │ 2.5 │ 10800 │ 68040000  │   59600   │   376080000   │
│   13    │ 6.3 │ 6.3 │ 6.3 │ 6.3 │       │          │   88600   │  2000   │ 12600000 │ 557580000 │ 2000 │ 12600000 │ 1671099240000 │ '2022-12-15T10:14:00.000Z' │  0   │ 100  │  0  │    0     │ Infinity │ 4300 │ 1205.9 │  0  │ 1.7 │     │ -2000 │ -12600000 │   57600   │   363480000   │
│   14    │ 6.3 │ 6.3 │ 6.3 │ 6.3 │       │          │   90600   │  2000   │ 12600000 │ 570180000 │ 2000 │ 12600000 │ 1671100680000 │ '2022-12-15T10:38:00.000Z' │  0   │ 100  │  0  │    0     │ Infinity │ 4300 │ 1205.9 │  0  │ 1.7 │     │ -2000 │ -12600000 │   55600   │   350880000   │
│   15    │ 6.3 │ 6.3 │ 6.3 │ 6.3 │       │          │   91600   │  1000   │ 6300000  │ 576480000 │ 1000 │ 6300000  │ 1671101640000 │ '2022-12-15T10:54:00.000Z' │  0   │ 100  │  0  │    0     │ Infinity │ 4300 │ 1205.9 │  0  │ 0.8 │     │ -1000 │ -6300000  │   54600   │   344580000   │
│   16    │ 6.3 │ 6.3 │ 6.3 │ 6.3 │       │          │   93600   │  2000   │ 12600000 │ 589080000 │ 2000 │ 12600000 │ 1671109200000 │ '2022-12-15T13:00:00.000Z' │  0   │ 100  │  0  │    0     │ Infinity │ 4300 │ 1205.9 │  0  │ 1.7 │     │ -2000 │ -12600000 │   52600   │   331980000   │
└─────────┴─────┴─────┴─────┴─────┴───────┴──────────┴───────────┴─────────┴──────────┴───────────┴──────┴──────────┴───────────────┴────────────────────────────┴──────┴──────┴─────┴──────────┴──────────┴──────┴────────┴─────┴─────┴─────┴───────┴───────────┴───────────┴───────────────┘

