┌─────────┬──────┬──────┬──────┬──────┬──────┬──────────┬───────────┬─────────┬──────────┬───────────┬───────────────┬────────────────────────────┬──────┬──────┬─────┬──────────┬──────────┬──────┬────────┬─────┬─────┬───────┬───────────┬───────────┬───────────────┬───────┬──────────┬─────┐
│ (index) │  c   │  h   │  l   │  o   │  bu  │  val_bu  │ total_vol │ sum_vol │   val    │ acum_val  │   datetime    │            date            │ pbu  │ psd  │ puk │    bs    │    sb    │ abu  │  asd   │ auk │ rbu │ bu-sd │ bu-sd_val │ acum_busd │ acum_busd_val │  sd   │  val_sd  │ rsd │
├─────────┼──────┼──────┼──────┼──────┼──────┼──────────┼───────────┼─────────┼──────────┼───────────┼───────────────┼────────────────────────────┼──────┼──────┼─────┼──────────┼──────────┼──────┼────────┼─────┼─────┼───────┼───────────┼───────────┼───────────────┼───────┼──────────┼─────┤
│    0    │ 3.07 │ 3.1  │ 3.07 │ 3.1  │ 1100 │ 3407000  │   1100    │  1100   │ 3407000  │  3407000  │ 1671095700000 │ '2022-12-15T09:15:00.000Z' │ 100  │  0   │  0  │ Infinity │    0     │ 1425 │ 1453.6 │  0  │ 0.8 │ 1100  │  3407000  │   1100    │    3407000    │       │          │     │
│    1    │ 3.2  │ 3.2  │ 3.12 │ 3.12 │ 100  │  320000  │   1800    │   700   │ 2192000  │  5599000  │ 1671096300000 │ '2022-12-15T09:25:00.000Z' │ 14.3 │ 85.7 │  0  │   0.2    │    6     │ 1425 │ 1453.6 │  0  │ 0.1 │ -500  │ -1552000  │    600    │    1855000    │  600  │ 1872000  │ 0.4 │
│    2    │ 3.12 │ 3.12 │ 3.12 │ 3.12 │      │          │   1900    │   100   │  312000  │  5911000  │ 1671097500000 │ '2022-12-15T09:45:00.000Z' │  0   │ 100  │  0  │    0     │ Infinity │ 1425 │ 1453.6 │  0  │     │ -100  │  -312000  │    500    │    1543000    │  100  │  312000  │ 0.1 │
│    3    │ 3.12 │ 3.12 │ 3.12 │ 3.12 │      │          │   2400    │   500   │ 1560000  │  7471000  │ 1671097800000 │ '2022-12-15T09:50:00.000Z' │  0   │ 100  │  0  │    0     │ Infinity │ 1425 │ 1453.6 │  0  │     │ -500  │ -1560000  │     0     │    -17000     │  500  │ 1560000  │ 0.3 │
│    4    │ 3.12 │ 3.12 │ 3.12 │ 3.12 │      │          │   3400    │  1000   │ 3120000  │ 10591000  │ 1671098100000 │ '2022-12-15T09:55:00.000Z' │  0   │ 100  │  0  │    0     │ Infinity │ 1425 │ 1453.6 │  0  │     │ -1000 │ -3120000  │   -1000   │   -3137000    │ 1000  │ 3120000  │ 0.7 │
│    5    │ 3.14 │ 3.14 │ 3.14 │ 3.14 │      │          │   4400    │  1000   │ 3140000  │ 13731000  │ 1671098400000 │ '2022-12-15T10:00:00.000Z' │  0   │ 100  │  0  │    0     │ Infinity │ 1425 │ 1453.6 │  0  │     │ -1000 │ -3140000  │   -2000   │   -6277000    │ 1000  │ 3140000  │ 0.7 │
│    6    │ 3.19 │ 3.19 │ 3.19 │ 3.19 │ 400  │ 1276000  │   4800    │   400   │ 1276000  │ 15007000  │ 1671099000000 │ '2022-12-15T10:10:00.000Z' │ 100  │  0   │  0  │ Infinity │    0     │ 1425 │ 1453.6 │  0  │ 0.3 │  400  │  1276000  │   -1600   │   -5001000    │       │          │     │
│    7    │ 3.18 │ 3.18 │ 3.18 │ 3.18 │ 2000 │ 6360000  │   6800    │  2000   │ 6360000  │ 21367000  │ 1671099300000 │ '2022-12-15T10:15:00.000Z' │ 100  │  0   │  0  │ Infinity │    0     │ 1425 │ 1453.6 │  0  │ 1.4 │ 2000  │  6360000  │    400    │    1359000    │       │          │     │
│    8    │ 3.15 │ 3.18 │ 3.15 │ 3.18 │      │          │   7300    │   500   │ 1581000  │ 22948000  │ 1671099600000 │ '2022-12-15T10:20:00.000Z' │  0   │ 100  │  0  │    0     │ Infinity │ 1425 │ 1453.6 │  0  │     │ -500  │ -1581000  │   -100    │    -222000    │  500  │ 1581000  │ 0.3 │
│    9    │ 3.15 │ 3.15 │ 3.15 │ 3.15 │      │          │   12500   │  5200   │ 16380000 │ 39328000  │ 1671100200000 │ '2022-12-15T10:30:00.000Z' │  0   │ 100  │  0  │    0     │ Infinity │ 1425 │ 1453.6 │  0  │     │ -5200 │ -16380000 │   -5300   │   -16602000   │ 5200  │ 16380000 │ 3.6 │
│   10    │ 3.13 │ 3.13 │ 3.13 │ 3.13 │      │          │   14000   │  1500   │ 4695000  │ 44023000  │ 1671100800000 │ '2022-12-15T10:40:00.000Z' │  0   │ 100  │  0  │    0     │ Infinity │ 1425 │ 1453.6 │  0  │     │ -1500 │ -4695000  │   -6800   │   -21297000   │ 1500  │ 4695000  │  1  │
│   11    │ 3.12 │ 3.12 │ 3.12 │ 3.12 │      │          │   15400   │  1400   │ 4368000  │ 48391000  │ 1671101400000 │ '2022-12-15T10:50:00.000Z' │  0   │ 100  │  0  │    0     │ Infinity │ 1425 │ 1453.6 │  0  │     │ -1400 │ -4368000  │   -8200   │   -25665000   │ 1400  │ 4368000  │  1  │
│   12    │ 3.12 │ 3.12 │ 3.12 │ 3.12 │      │          │   15500   │   100   │  312000  │ 48703000  │ 1671101700000 │ '2022-12-15T10:55:00.000Z' │  0   │ 100  │  0  │    0     │ Infinity │ 1425 │ 1453.6 │  0  │     │ -100  │  -312000  │   -8300   │   -25977000   │  100  │  312000  │ 0.1 │
│   13    │ 3.12 │ 3.12 │ 3.12 │ 3.12 │      │          │   15800   │   300   │  936000  │ 49639000  │ 1671102300000 │ '2022-12-15T11:05:00.000Z' │  0   │ 100  │  0  │    0     │ Infinity │ 1425 │ 1453.6 │  0  │     │ -300  │  -936000  │   -8600   │   -26913000   │  300  │  936000  │ 0.2 │
│   14    │ 3.15 │ 3.15 │ 3.15 │ 3.15 │ 3000 │ 9450000  │   18800   │  3000   │ 9450000  │ 59089000  │ 1671102600000 │ '2022-12-15T11:10:00.000Z' │ 100  │  0   │  0  │ Infinity │    0     │ 1425 │ 1453.6 │  0  │ 2.1 │ 3000  │  9450000  │   -5600   │   -17463000   │       │          │     │
│   15    │ 3.15 │ 3.15 │ 3.15 │ 3.15 │ 600  │ 1890000  │   19400   │   600   │ 1890000  │ 60979000  │ 1671102900000 │ '2022-12-15T11:15:00.000Z' │ 100  │  0   │  0  │ Infinity │    0     │ 1425 │ 1453.6 │  0  │ 0.4 │  600  │  1890000  │   -5000   │   -15573000   │       │          │     │
│   16    │ 3.12 │ 3.12 │ 3.12 │ 3.12 │      │          │   19800   │   400   │ 1248000  │ 62227000  │ 1671109500000 │ '2022-12-15T13:05:00.000Z' │  0   │ 100  │  0  │    0     │ Infinity │ 1425 │ 1453.6 │  0  │     │ -400  │ -1248000  │   -5400   │   -16821000   │  400  │ 1248000  │ 0.3 │
│   17    │ 3.11 │ 3.12 │ 3.11 │ 3.12 │ 1000 │ 3110000  │   31200   │  11400  │ 35553000 │ 97780000  │ 1671109800000 │ '2022-12-15T13:10:00.000Z' │ 8.8  │ 91.2 │  0  │   0.1    │   10.4   │ 1425 │ 1453.6 │  0  │ 0.7 │ -9400 │ -29333000 │  -14800   │   -46154000   │ 10400 │ 32443000 │ 7.2 │
│   18    │ 3.11 │ 3.11 │ 3.1  │ 3.1  │ 4000 │ 12440000 │   36300   │  5100   │ 15850000 │ 113630000 │ 1671110400000 │ '2022-12-15T13:20:00.000Z' │ 78.4 │ 21.6 │  0  │   3.6    │   0.3    │ 1425 │ 1453.6 │  0  │ 2.8 │ 2900  │  9030000  │  -11900   │   -37124000   │ 1100  │ 3410000  │ 0.8 │
│   19    │ 3.12 │ 3.12 │ 3.11 │ 3.11 │ 7200 │ 22393000 │   43500   │  7200   │ 22393000 │ 136023000 │ 1671111300000 │ '2022-12-15T13:35:00.000Z' │ 100  │  0   │  0  │ Infinity │    0     │ 1425 │ 1453.6 │  0  │ 5.1 │ 7200  │ 22393000  │   -4700   │   -14731000   │       │          │     │
│   20    │ 3.14 │ 3.14 │ 3.12 │ 3.12 │ 2200 │ 6888000  │   45700   │  2200   │ 6888000  │ 142911000 │ 1671111600000 │ '2022-12-15T13:40:00.000Z' │ 100  │  0   │  0  │ Infinity │    0     │ 1425 │ 1453.6 │  0  │ 1.5 │ 2200  │  6888000  │   -2500   │   -7843000    │       │          │     │
├─────────┼──────┼──────┼──────┼──────┼──────┼──────────┼───────────┼─────────┼──────────┼───────────┼───────────────┼────────────────────────────┼──────┼──────┼─────┼──────────┼──────────┼──────┼────────┼─────┼─────┼───────┼───────────┼───────────┼───────────────┼───────┼──────────┼─────┤
│ (index) │  c   │  h   │  l   │  o   │  bu  │  val_bu  │ total_vol │ sum_vol │   val    │ acum_val  │   datetime    │            date            │ pbu  │ psd  │ puk │    bs    │    sb    │ abu  │  asd   │ auk │ rbu │ bu-sd │ bu-sd_val │ acum_busd │ acum_busd_val │  sd   │  val_sd  │ rsd │
├─────────┼──────┼──────┼──────┼──────┼──────┼──────────┼───────────┼─────────┼──────────┼───────────┼───────────────┼────────────────────────────┼──────┼──────┼─────┼──────────┼──────────┼──────┼────────┼─────┼─────┼───────┼───────────┼───────────┼───────────────┼───────┼──────────┼─────┤
│   21    │ 3.14 │ 3.14 │ 3.14 │ 3.14 │ 100  │  314000  │   45800   │   100   │  314000  │ 143225000 │ 1671111900000 │ '2022-12-15T13:45:00.000Z' │ 100  │  0   │  0  │ Infinity │    0     │ 1425 │ 1453.6 │  0  │ 0.1 │  100  │  314000   │   -2400   │   -7529000    │       │          │     │
│   22    │ 3.15 │ 3.15 │ 3.13 │ 3.13 │ 7700 │ 24173000 │   53500   │  7700   │ 24173000 │ 167398000 │ 1671112500000 │ '2022-12-15T13:55:00.000Z' │ 100  │  0   │  0  │ Infinity │    0     │ 1425 │ 1453.6 │  0  │ 5.4 │ 7700  │ 24173000  │   5300    │   16644000    │       │          │     │
│   23    │ 3.13 │ 3.15 │ 3.12 │ 3.15 │ 3000 │ 9450000  │   61800   │  8300   │ 26017000 │ 193415000 │ 1671113100000 │ '2022-12-15T14:05:00.000Z' │ 36.1 │ 63.9 │  0  │   0.6    │   1.8    │ 1425 │ 1453.6 │  0  │ 2.1 │ -2300 │ -7117000  │   3000    │    9527000    │ 5300  │ 16567000 │ 3.6 │
│   24    │ 3.13 │ 3.13 │ 3.13 │ 3.13 │      │          │   62700   │   900   │ 2817000  │ 196232000 │ 1671113400000 │ '2022-12-15T14:10:00.000Z' │  0   │ 100  │  0  │    0     │ Infinity │ 1425 │ 1453.6 │  0  │     │ -900  │ -2817000  │   2100    │    6710000    │  900  │ 2817000  │ 0.6 │
│   25    │ 3.1  │ 3.12 │ 3.1  │ 3.12 │      │          │   71100   │  8400   │ 26056000 │ 222288000 │ 1671113700000 │ '2022-12-15T14:15:00.000Z' │  0   │ 100  │  0  │    0     │ Infinity │ 1425 │ 1453.6 │  0  │     │ -8400 │ -26056000 │   -6300   │   -19346000   │ 8400  │ 26056000 │ 5.8 │
│   26    │ 3.1  │ 3.1  │ 3.07 │ 3.09 │ 6500 │ 20150000 │   79600   │  8500   │ 26305000 │ 248593000 │ 1671114000000 │ '2022-12-15T14:20:00.000Z' │ 76.5 │ 23.5 │  0  │   3.3    │   0.3    │ 1425 │ 1453.6 │  0  │ 4.6 │ 4500  │ 13995000  │   -1800   │   -5351000    │ 2000  │ 6155000  │ 1.4 │
│   27    │ 3.14 │ 3.14 │ 3.14 │ 3.14 │ 1000 │ 3140000  │   80600   │  1000   │ 3140000  │ 251733000 │ 1671114300000 │ '2022-12-15T14:25:00.000Z' │ 100  │  0   │  0  │ Infinity │    0     │ 1425 │ 1453.6 │  0  │ 0.7 │ 1000  │  3140000  │   -800    │   -2211000    │       │          │     │
└─────────┴──────┴──────┴──────┴──────┴──────┴──────────┴───────────┴─────────┴──────────┴───────────┴───────────────┴────────────────────────────┴──────┴──────┴─────┴──────────┴──────────┴──────┴────────┴─────┴─────┴───────┴───────────┴───────────┴───────────────┴───────┴──────────┴─────┘

