┌─────────┬─────┬─────┬─────┬─────┬───────┬───────────┬───────────┬─────────┬───────────┬───────────┬───────────────┬────────────────────────────┬──────┬──────┬─────┬──────────┬──────────┬───────┬────────┬─────┬─────┬────────┬────────────┬───────────┬───────────────┬───────┬───────────┬──────┐
│ (index) │  c  │  h  │  l  │  o  │  sd   │  val_sd   │ total_vol │ sum_vol │    val    │ acum_val  │   datetime    │            date            │ pbu  │ psd  │ puk │    bs    │    sb    │  abu  │  asd   │ auk │ rsd │ bu-sd  │ bu-sd_val  │ acum_busd │ acum_busd_val │  bu   │  val_bu   │ rbu  │
├─────────┼─────┼─────┼─────┼─────┼───────┼───────────┼───────────┼─────────┼───────────┼───────────┼───────────────┼────────────────────────────┼──────┼──────┼─────┼──────────┼──────────┼───────┼────────┼─────┼─────┼────────┼────────────┼───────────┼───────────────┼───────┼───────────┼──────┤
│    0    │ 8.9 │ 8.9 │ 8.9 │ 8.9 │ 1000  │  8900000  │   1000    │  1000   │  8900000  │  8900000  │ 1671095760000 │ '2022-12-15T09:16:00.000Z' │  0   │ 100  │  0  │    0     │ Infinity │ 779.3 │ 1762.1 │  0  │ 0.6 │ -1000  │  -8900000  │   -1000   │   -8900000    │       │           │      │
│    1    │  9  │  9  │  9  │  9  │       │           │   1500    │   500   │  4500000  │ 13400000  │ 1671096600000 │ '2022-12-15T09:30:00.000Z' │ 100  │  0   │  0  │ Infinity │    0     │ 779.3 │ 1762.1 │  0  │     │  500   │  4500000   │   -500    │   -4400000    │  500  │  4500000  │ 0.6  │
│    2    │  9  │  9  │  9  │  9  │ 8300  │ 74700000  │   11300   │  9800   │ 88200000  │ 101600000 │ 1671096720000 │ '2022-12-15T09:32:00.000Z' │ 15.3 │ 84.7 │  0  │   0.2    │   5.5    │ 779.3 │ 1762.1 │  0  │ 4.7 │ -6800  │ -61200000  │   -7300   │   -65600000   │ 1500  │ 13500000  │ 1.9  │
│    3    │ 9.1 │ 9.1 │ 9.1 │ 9.1 │  600  │  5460000  │   13400   │  2100   │ 19110000  │ 120710000 │ 1671097680000 │ '2022-12-15T09:48:00.000Z' │ 71.4 │ 28.6 │  0  │   2.5    │   0.4    │ 779.3 │ 1762.1 │  0  │ 0.3 │  900   │  8190000   │   -6400   │   -57410000   │ 1500  │ 13650000  │ 1.9  │
│    4    │ 9.1 │ 9.1 │ 9.1 │ 9.1 │  600  │  5460000  │   14000   │   600   │  5460000  │ 126170000 │ 1671097920000 │ '2022-12-15T09:52:00.000Z' │  0   │ 100  │  0  │    0     │ Infinity │ 779.3 │ 1762.1 │  0  │ 0.3 │  -600  │  -5460000  │   -7000   │   -62870000   │       │           │      │
│    5    │  9  │  9  │  9  │  9  │ 1000  │  9000000  │   15000   │  1000   │  9000000  │ 135170000 │ 1671098880000 │ '2022-12-15T10:08:00.000Z' │  0   │ 100  │  0  │    0     │ Infinity │ 779.3 │ 1762.1 │  0  │ 0.6 │ -1000  │  -9000000  │   -8000   │   -71870000   │       │           │      │
│    6    │  9  │  9  │  9  │  9  │  100  │  900000   │   15100   │   100   │  900000   │ 136070000 │ 1671099120000 │ '2022-12-15T10:12:00.000Z' │  0   │ 100  │  0  │    0     │ Infinity │ 779.3 │ 1762.1 │  0  │ 0.1 │  -100  │  -900000   │   -8100   │   -72770000   │       │           │      │
│    7    │  9  │  9  │  9  │  9  │  100  │  900000   │   15200   │   100   │  900000   │ 136970000 │ 1671099360000 │ '2022-12-15T10:16:00.000Z' │  0   │ 100  │  0  │    0     │ Infinity │ 779.3 │ 1762.1 │  0  │ 0.1 │  -100  │  -900000   │   -8200   │   -73670000   │       │           │      │
│    8    │  9  │  9  │  9  │  9  │  500  │  4500000  │   15700   │   500   │  4500000  │ 141470000 │ 1671100560000 │ '2022-12-15T10:36:00.000Z' │  0   │ 100  │  0  │    0     │ Infinity │ 779.3 │ 1762.1 │  0  │ 0.3 │  -500  │  -4500000  │   -8700   │   -78170000   │       │           │      │
│    9    │  9  │  9  │  9  │  9  │ 10000 │ 90000000  │   25700   │  10000  │ 90000000  │ 231470000 │ 1671100920000 │ '2022-12-15T10:42:00.000Z' │  0   │ 100  │  0  │    0     │ Infinity │ 779.3 │ 1762.1 │  0  │ 5.7 │ -10000 │ -90000000  │  -18700   │  -168170000   │       │           │      │
│   10    │ 9.1 │ 9.1 │ 9.1 │ 9.1 │       │           │   25900   │   200   │  1820000  │ 233290000 │ 1671101400000 │ '2022-12-15T10:50:00.000Z' │ 100  │  0   │  0  │ Infinity │    0     │ 779.3 │ 1762.1 │  0  │     │  200   │  1820000   │  -18500   │  -166350000   │  200  │  1820000  │ 0.3  │
│   11    │  9  │  9  │  9  │  9  │  300  │  2700000  │   26200   │   300   │  2700000  │ 235990000 │ 1671101640000 │ '2022-12-15T10:54:00.000Z' │  0   │ 100  │  0  │    0     │ Infinity │ 779.3 │ 1762.1 │  0  │ 0.2 │  -300  │  -2700000  │  -18800   │  -169050000   │       │           │      │
│   12    │  9  │  9  │  9  │  9  │       │           │   40500   │  14300  │ 128700000 │ 364690000 │ 1671101760000 │ '2022-12-15T10:56:00.000Z' │ 100  │  0   │  0  │ Infinity │    0     │ 779.3 │ 1762.1 │  0  │     │ 14300  │ 128700000  │   -4500   │   -40350000   │ 14300 │ 128700000 │ 18.3 │
│   13    │  9  │  9  │  9  │  9  │       │           │   41000   │   500   │  4500000  │ 369190000 │ 1671101880000 │ '2022-12-15T10:58:00.000Z' │ 100  │  0   │  0  │ Infinity │    0     │ 779.3 │ 1762.1 │  0  │     │  500   │  4500000   │   -4000   │   -35850000   │  500  │  4500000  │ 0.6  │
│   14    │  9  │  9  │  9  │  9  │ 5200  │ 46800000  │   46200   │  5200   │ 46800000  │ 415990000 │ 1671102240000 │ '2022-12-15T11:04:00.000Z' │  0   │ 100  │  0  │    0     │ Infinity │ 779.3 │ 1762.1 │  0  │  3  │ -5200  │ -46800000  │   -9200   │   -82650000   │       │           │      │
│   15    │  9  │  9  │  9  │  9  │ 1000  │  9000000  │   47200   │  1000   │  9000000  │ 424990000 │ 1671103440000 │ '2022-12-15T11:24:00.000Z' │  0   │ 100  │  0  │    0     │ Infinity │ 779.3 │ 1762.1 │  0  │ 0.6 │ -1000  │  -9000000  │  -10200   │   -91650000   │       │           │      │
│   16    │  9  │  9  │  9  │  9  │  100  │  900000   │   47300   │   100   │  900000   │ 425890000 │ 1671103680000 │ '2022-12-15T11:28:00.000Z' │  0   │ 100  │  0  │    0     │ Infinity │ 779.3 │ 1762.1 │  0  │ 0.1 │  -100  │  -900000   │  -10300   │   -92550000   │       │           │      │
│   17    │  9  │  9  │  9  │  9  │ 2000  │ 18000000  │   49300   │  2000   │ 18000000  │ 443890000 │ 1671109200000 │ '2022-12-15T13:00:00.000Z' │  0   │ 100  │  0  │    0     │ Infinity │ 779.3 │ 1762.1 │  0  │ 1.1 │ -2000  │ -18000000  │  -12300   │  -110550000   │       │           │      │
│   18    │  9  │  9  │  9  │  9  │  500  │  4500000  │   49800   │   500   │  4500000  │ 448390000 │ 1671109560000 │ '2022-12-15T13:06:00.000Z' │  0   │ 100  │  0  │    0     │ Infinity │ 779.3 │ 1762.1 │  0  │ 0.3 │  -500  │  -4500000  │  -12800   │  -115050000   │       │           │      │
│   19    │  9  │  9  │  9  │  9  │  100  │  900000   │   49900   │   100   │  900000   │ 449290000 │ 1671110160000 │ '2022-12-15T13:16:00.000Z' │  0   │ 100  │  0  │    0     │ Infinity │ 779.3 │ 1762.1 │  0  │ 0.1 │  -100  │  -900000   │  -12900   │  -115950000   │       │           │      │
│   20    │  9  │  9  │  9  │  9  │  100  │  900000   │   50000   │   100   │  900000   │ 450190000 │ 1671110280000 │ '2022-12-15T13:18:00.000Z' │  0   │ 100  │  0  │    0     │ Infinity │ 779.3 │ 1762.1 │  0  │ 0.1 │  -100  │  -900000   │  -13000   │  -116850000   │       │           │      │
├─────────┼─────┼─────┼─────┼─────┼───────┼───────────┼───────────┼─────────┼───────────┼───────────┼───────────────┼────────────────────────────┼──────┼──────┼─────┼──────────┼──────────┼───────┼────────┼─────┼─────┼────────┼────────────┼───────────┼───────────────┼───────┼───────────┼──────┤
│ (index) │  c  │  h  │  l  │  o  │  sd   │  val_sd   │ total_vol │ sum_vol │    val    │ acum_val  │   datetime    │            date            │ pbu  │ psd  │ puk │    bs    │    sb    │  abu  │  asd   │ auk │ rsd │ bu-sd  │ bu-sd_val  │ acum_busd │ acum_busd_val │  bu   │  val_bu   │ rbu  │
├─────────┼─────┼─────┼─────┼─────┼───────┼───────────┼───────────┼─────────┼───────────┼───────────┼───────────────┼────────────────────────────┼──────┼──────┼─────┼──────────┼──────────┼───────┼────────┼─────┼─────┼────────┼────────────┼───────────┼───────────────┼───────┼───────────┼──────┤
│   21    │  9  │  9  │  9  │  9  │  100  │  900000   │   50100   │   100   │  900000   │ 451090000 │ 1671111240000 │ '2022-12-15T13:34:00.000Z' │  0   │ 100  │  0  │    0     │ Infinity │ 779.3 │ 1762.1 │  0  │ 0.1 │  -100  │  -900000   │  -13100   │  -117750000   │       │           │      │
│   22    │ 9.1 │ 9.1 │ 9.1 │ 9.1 │       │           │   52100   │  2000   │ 18200000  │ 469290000 │ 1671111960000 │ '2022-12-15T13:46:00.000Z' │ 100  │  0   │  0  │ Infinity │    0     │ 779.3 │ 1762.1 │  0  │     │  2000  │  18200000  │  -11100   │   -99550000   │ 2000  │ 18200000  │ 2.6  │
│   23    │  9  │  9  │  9  │  9  │ 1400  │ 12600000  │   53500   │  1400   │ 12600000  │ 481890000 │ 1671112800000 │ '2022-12-15T14:00:00.000Z' │  0   │ 100  │  0  │    0     │ Infinity │ 779.3 │ 1762.1 │  0  │ 0.8 │ -1400  │ -12600000  │  -12500   │  -112150000   │       │           │      │
│   24    │  9  │  9  │  9  │  9  │ 1000  │  9000000  │   54500   │  1000   │  9000000  │ 490890000 │ 1671113040000 │ '2022-12-15T14:04:00.000Z' │  0   │ 100  │  0  │    0     │ Infinity │ 779.3 │ 1762.1 │  0  │ 0.6 │ -1000  │  -9000000  │  -13500   │  -121150000   │       │           │      │
│   25    │ 9.1 │ 9.1 │ 9.1 │ 9.1 │       │           │   54700   │   200   │  1820000  │ 492710000 │ 1671113400000 │ '2022-12-15T14:10:00.000Z' │ 100  │  0   │  0  │ Infinity │    0     │ 779.3 │ 1762.1 │  0  │     │  200   │  1820000   │  -13300   │  -119330000   │  200  │  1820000  │ 0.3  │
│   26    │  9  │  9  │  9  │  9  │  100  │  900000   │   54800   │   100   │  900000   │ 493610000 │ 1671113640000 │ '2022-12-15T14:14:00.000Z' │  0   │ 100  │  0  │    0     │ Infinity │ 779.3 │ 1762.1 │  0  │ 0.1 │  -100  │  -900000   │  -13400   │  -120230000   │       │           │      │
│   27    │ 9.1 │ 9.1 │ 9.1 │ 9.1 │       │           │   56700   │  1900   │ 17290000  │ 510900000 │ 1671113760000 │ '2022-12-15T14:16:00.000Z' │ 100  │  0   │  0  │ Infinity │    0     │ 779.3 │ 1762.1 │  0  │     │  1900  │  17290000  │  -11500   │  -102940000   │ 1900  │ 17290000  │ 2.4  │
│   28    │  9  │  9  │  9  │  9  │ 17000 │ 153000000 │   73700   │  17000  │ 153000000 │ 663900000 │ 1671115800000 │ '2022-12-15T14:50:00.000Z' │  0   │ 100  │  0  │    0     │ Infinity │ 779.3 │ 1762.1 │  0  │ 9.6 │ -17000 │ -153000000 │  -28500   │  -255940000   │       │           │      │
└─────────┴─────┴─────┴─────┴─────┴───────┴───────────┴───────────┴─────────┴───────────┴───────────┴───────────────┴────────────────────────────┴──────┴──────┴─────┴──────────┴──────────┴───────┴────────┴─────┴─────┴────────┴────────────┴───────────┴───────────────┴───────┴───────────┴──────┘

