┌─────────┬───────┬───────┬───────┬───────┬──────┬──────────┬───────────┬─────────┬──────────┬───────────┬───────────────┬────────────────────────────┬─────┬─────┬─────┬──────────┬──────────┬─────┬───────┬─────┬─────┬───────┬───────────┬───────────┬───────────────┬──────┬──────────┬─────┐
│ (index) │   c   │   h   │   l   │   o   │  bu  │  val_bu  │ total_vol │ sum_vol │   val    │ acum_val  │   datetime    │            date            │ pbu │ psd │ puk │    bs    │    sb    │ abu │  asd  │ auk │ rbu │ bu-sd │ bu-sd_val │ acum_busd │ acum_busd_val │  sd  │  val_sd  │ rsd │
├─────────┼───────┼───────┼───────┼───────┼──────┼──────────┼───────────┼─────────┼──────────┼───────────┼───────────────┼────────────────────────────┼─────┼─────┼─────┼──────────┼──────────┼─────┼───────┼─────┼─────┼───────┼───────────┼───────────┼───────────────┼──────┼──────────┼─────┤
│    0    │  14   │  14   │ 13.95 │ 13.95 │ 600  │ 8395000  │    600    │   600   │ 8395000  │  8395000  │ 1671096840000 │ '2022-12-15T09:34:00.000Z' │ 100 │  0  │  0  │ Infinity │    0     │ 875 │ 256.3 │  0  │ 0.7 │  600  │  8395000  │    600    │    8395000    │      │          │     │
│    1    │  14   │  14   │  14   │  14   │ 200  │ 2800000  │   1600    │  1000   │ 14000000 │ 22395000  │ 1671097200000 │ '2022-12-15T09:40:00.000Z' │ 20  │ 80  │  0  │   0.3    │    4     │ 875 │ 256.3 │  0  │ 0.2 │ -600  │ -8400000  │     0     │     -5000     │ 800  │ 11200000 │ 3.1 │
│    2    │ 13.85 │ 13.9  │ 13.85 │ 13.9  │      │          │   3200    │  1600   │ 22190000 │ 44585000  │ 1671097440000 │ '2022-12-15T09:44:00.000Z' │  0  │ 100 │  0  │    0     │ Infinity │ 875 │ 256.3 │  0  │     │ -1600 │ -22190000 │   -1600   │   -22195000   │ 1600 │ 22190000 │ 6.2 │
│    3    │ 13.85 │ 13.85 │ 13.85 │ 13.85 │      │          │   3600    │   400   │ 5540000  │ 50125000  │ 1671097560000 │ '2022-12-15T09:46:00.000Z' │  0  │ 100 │  0  │    0     │ Infinity │ 875 │ 256.3 │  0  │     │ -400  │ -5540000  │   -2000   │   -27735000   │ 400  │ 5540000  │ 1.6 │
│    4    │  14   │ 14.05 │  14   │ 14.05 │ 1100 │ 15405000 │   4700    │  1100   │ 15405000 │ 65530000  │ 1671099120000 │ '2022-12-15T10:12:00.000Z' │ 100 │  0  │  0  │ Infinity │    0     │ 875 │ 256.3 │  0  │ 1.3 │ 1100  │ 15405000  │   -900    │   -12330000   │      │          │     │
│    5    │  14   │  14   │  14   │  14   │ 200  │ 2800000  │   5100    │   400   │ 5600000  │ 71130000  │ 1671099240000 │ '2022-12-15T10:14:00.000Z' │ 50  │ 50  │  0  │    1     │    1     │ 875 │ 256.3 │  0  │ 0.2 │   0   │     0     │   -900    │   -12330000   │ 200  │ 2800000  │ 0.8 │
│    6    │ 14.05 │ 14.05 │ 14.05 │ 14.05 │ 900  │ 12645000 │   6000    │   900   │ 12645000 │ 83775000  │ 1671099360000 │ '2022-12-15T10:16:00.000Z' │ 100 │  0  │  0  │ Infinity │    0     │ 875 │ 256.3 │  0  │  1  │  900  │ 12645000  │     0     │    315000     │      │          │     │
│    7    │ 14.2  │ 14.2  │ 14.05 │ 14.1  │ 2700 │ 38305000 │   8700    │  2700   │ 38305000 │ 122080000 │ 1671099480000 │ '2022-12-15T10:18:00.000Z' │ 100 │  0  │  0  │ Infinity │    0     │ 875 │ 256.3 │  0  │ 3.1 │ 2700  │ 38305000  │   2700    │   38620000    │      │          │     │
│    8    │ 14.3  │ 14.3  │ 14.2  │ 14.2  │ 700  │ 9990000  │   9400    │   700   │ 9990000  │ 132070000 │ 1671099840000 │ '2022-12-15T10:24:00.000Z' │ 100 │  0  │  0  │ Infinity │    0     │ 875 │ 256.3 │  0  │ 0.8 │  700  │  9990000  │   3400    │   48610000    │      │          │     │
│    9    │ 14.4  │ 14.4  │ 14.3  │ 14.3  │ 1000 │ 14385000 │   10400   │  1000   │ 14385000 │ 146455000 │ 1671101280000 │ '2022-12-15T10:48:00.000Z' │ 100 │  0  │  0  │ Infinity │    0     │ 875 │ 256.3 │  0  │ 1.1 │ 1000  │ 14385000  │   4400    │   62995000    │      │          │     │
│   10    │ 14.15 │ 14.15 │ 14.15 │ 14.15 │      │          │   11400   │  1000   │ 14150000 │ 160605000 │ 1671102720000 │ '2022-12-15T11:12:00.000Z' │  0  │ 100 │  0  │    0     │ Infinity │ 875 │ 256.3 │  0  │     │ -1000 │ -14150000 │   3400    │   48845000    │ 1000 │ 14150000 │ 3.9 │
│   11    │ 14.45 │ 14.45 │ 14.35 │ 14.35 │ 3000 │ 43275000 │   14400   │  3000   │ 43275000 │ 203880000 │ 1671109320000 │ '2022-12-15T13:02:00.000Z' │ 100 │  0  │  0  │ Infinity │    0     │ 875 │ 256.3 │  0  │ 3.4 │ 3000  │ 43275000  │   6400    │   92120000    │      │          │     │
│   12    │ 14.45 │ 14.45 │ 14.45 │ 14.45 │ 600  │ 8670000  │   15000   │   600   │ 8670000  │ 212550000 │ 1671110640000 │ '2022-12-15T13:24:00.000Z' │ 100 │  0  │  0  │ Infinity │    0     │ 875 │ 256.3 │  0  │ 0.7 │  600  │  8670000  │   7000    │   100790000   │      │          │     │
│   13    │ 14.45 │ 14.45 │ 14.45 │ 14.45 │ 100  │ 1445000  │   15100   │   100   │ 1445000  │ 213995000 │ 1671111000000 │ '2022-12-15T13:30:00.000Z' │ 100 │  0  │  0  │ Infinity │    0     │ 875 │ 256.3 │  0  │ 0.1 │  100  │  1445000  │   7100    │   102235000   │      │          │     │
│   14    │ 14.5  │ 14.5  │ 14.45 │ 14.45 │ 2900 │ 42040000 │   18000   │  2900   │ 42040000 │ 256035000 │ 1671112800000 │ '2022-12-15T14:00:00.000Z' │ 100 │  0  │  0  │ Infinity │    0     │ 875 │ 256.3 │  0  │ 3.3 │ 2900  │ 42040000  │   10000   │   144275000   │      │          │     │
│   15    │ 14.5  │ 14.5  │ 14.5  │ 14.5  │      │          │   18100   │   100   │ 1450000  │ 257485000 │ 1671112920000 │ '2022-12-15T14:02:00.000Z' │  0  │ 100 │  0  │    0     │ Infinity │ 875 │ 256.3 │  0  │     │ -100  │ -1450000  │   9900    │   142825000   │ 100  │ 1450000  │ 0.4 │
└─────────┴───────┴───────┴───────┴───────┴──────┴──────────┴───────────┴─────────┴──────────┴───────────┴───────────────┴────────────────────────────┴─────┴─────┴─────┴──────────┴──────────┴─────┴───────┴─────┴─────┴───────┴───────────┴───────────┴───────────────┴──────┴──────────┴─────┘

