┌─────────┬─────┬─────┬─────┬─────┬───────┬───────────┬───────────┬─────────┬───────────┬────────────┬───────────────┬────────────────────────────┬──────┬──────┬─────┬──────────┬──────────┬────────┬────────┬─────┬─────┬────────┬────────────┬───────────┬───────────────┬───────┬───────────┬──────┐
│ (index) │  c  │  h  │  l  │  o  │  sd   │  val_sd   │ total_vol │ sum_vol │    val    │  acum_val  │   datetime    │            date            │ pbu  │ psd  │ puk │    bs    │    sb    │  abu   │  asd   │ auk │ rsd │ bu-sd  │ bu-sd_val  │ acum_busd │ acum_busd_val │  bu   │  val_bu   │ rbu  │
├─────────┼─────┼─────┼─────┼─────┼───────┼───────────┼───────────┼─────────┼───────────┼────────────┼───────────────┼────────────────────────────┼──────┼──────┼─────┼──────────┼──────────┼────────┼────────┼─────┼─────┼────────┼────────────┼───────────┼───────────────┼───────┼───────────┼──────┤
│    0    │ 6.9 │ 6.9 │ 6.9 │ 6.9 │  500  │  3450000  │    500    │   500   │  3450000  │  3450000   │ 1671097200000 │ '2022-12-15T09:40:00.000Z' │  0   │ 100  │  0  │    0     │ Infinity │ 2461.5 │ 3184.6 │  0  │ 0.2 │  -500  │  -3450000  │   -500    │   -3450000    │       │           │      │
│    1    │  7  │  7  │  7  │  7  │       │           │   2500    │  2000   │ 14000000  │  17450000  │ 1671097440000 │ '2022-12-15T09:44:00.000Z' │ 100  │  0   │  0  │ Infinity │    0     │ 2461.5 │ 3184.6 │  0  │     │  2000  │  14000000  │   1500    │   10550000    │ 2000  │ 14000000  │ 0.8  │
│    2    │  7  │  7  │  7  │  7  │       │           │   2600    │   100   │  700000   │  18150000  │ 1671097560000 │ '2022-12-15T09:46:00.000Z' │ 100  │  0   │  0  │ Infinity │    0     │ 2461.5 │ 3184.6 │  0  │     │  100   │   700000   │   1600    │   11250000    │  100  │  700000   │  0   │
│    3    │  7  │  7  │  7  │  7  │       │           │   3100    │   500   │  3500000  │  21650000  │ 1671097680000 │ '2022-12-15T09:48:00.000Z' │ 100  │  0   │  0  │ Infinity │    0     │ 2461.5 │ 3184.6 │  0  │     │  500   │  3500000   │   2100    │   14750000    │  500  │  3500000  │ 0.2  │
│    4    │  7  │  7  │  7  │  7  │       │           │   3200    │   100   │  700000   │  22350000  │ 1671097920000 │ '2022-12-15T09:52:00.000Z' │ 100  │  0   │  0  │ Infinity │    0     │ 2461.5 │ 3184.6 │  0  │     │  100   │   700000   │   2200    │   15450000    │  100  │  700000   │  0   │
│    5    │ 6.9 │ 6.9 │ 6.9 │ 6.9 │  300  │  2070000  │   3500    │   300   │  2070000  │  24420000  │ 1671098160000 │ '2022-12-15T09:56:00.000Z' │  0   │ 100  │  0  │    0     │ Infinity │ 2461.5 │ 3184.6 │  0  │ 0.1 │  -300  │  -2070000  │   1900    │   13380000    │       │           │      │
│    6    │ 6.9 │ 6.9 │ 6.9 │ 6.9 │ 17600 │ 121440000 │   21100   │  17600  │ 121440000 │ 145860000  │ 1671099000000 │ '2022-12-15T10:10:00.000Z' │  0   │ 100  │  0  │    0     │ Infinity │ 2461.5 │ 3184.6 │  0  │ 5.5 │ -17600 │ -121440000 │  -15700   │  -108060000   │       │           │      │
│    7    │  7  │  7  │  7  │  7  │       │           │   26100   │  5000   │ 35000000  │ 180860000  │ 1671099600000 │ '2022-12-15T10:20:00.000Z' │ 100  │  0   │  0  │ Infinity │    0     │ 2461.5 │ 3184.6 │  0  │     │  5000  │  35000000  │  -10700   │   -73060000   │ 5000  │ 35000000  │  2   │
│    8    │ 6.9 │ 6.9 │ 6.9 │ 6.9 │ 5000  │ 34500000  │   31100   │  5000   │ 34500000  │ 215360000  │ 1671099840000 │ '2022-12-15T10:24:00.000Z' │  0   │ 100  │  0  │    0     │ Infinity │ 2461.5 │ 3184.6 │  0  │ 1.6 │ -5000  │ -34500000  │  -15700   │  -107560000   │       │           │      │
│    9    │ 6.9 │ 6.9 │ 6.9 │ 6.9 │  200  │  1380000  │   31300   │   200   │  1380000  │ 216740000  │ 1671100440000 │ '2022-12-15T10:34:00.000Z' │  0   │ 100  │  0  │    0     │ Infinity │ 2461.5 │ 3184.6 │  0  │ 0.1 │  -200  │  -1380000  │  -15900   │  -108940000   │       │           │      │
│   10    │ 6.9 │ 6.9 │ 6.9 │ 6.9 │ 6000  │ 41400000  │   37300   │  6000   │ 41400000  │ 258140000  │ 1671100560000 │ '2022-12-15T10:36:00.000Z' │  0   │ 100  │  0  │    0     │ Infinity │ 2461.5 │ 3184.6 │  0  │ 1.9 │ -6000  │ -41400000  │  -21900   │  -150340000   │       │           │      │
│   11    │ 6.9 │ 6.9 │ 6.9 │ 6.9 │ 1700  │ 11730000  │   39000   │  1700   │ 11730000  │ 269870000  │ 1671102240000 │ '2022-12-15T11:04:00.000Z' │  0   │ 100  │  0  │    0     │ Infinity │ 2461.5 │ 3184.6 │  0  │ 0.5 │ -1700  │ -11730000  │  -23600   │  -162070000   │       │           │      │
│   12    │ 6.8 │ 6.8 │ 6.8 │ 6.8 │ 20000 │ 136000000 │   59000   │  20000  │ 136000000 │ 405870000  │ 1671102360000 │ '2022-12-15T11:06:00.000Z' │  0   │ 100  │  0  │    0     │ Infinity │ 2461.5 │ 3184.6 │  0  │ 6.3 │ -20000 │ -136000000 │  -43600   │  -298070000   │       │           │      │
│   13    │ 6.7 │ 6.8 │ 6.7 │ 6.8 │ 3000  │ 20100000  │   65300   │  6300   │ 42540000  │ 448410000  │ 1671102480000 │ '2022-12-15T11:08:00.000Z' │ 52.4 │ 47.6 │  0  │   1.1    │   0.9    │ 2461.5 │ 3184.6 │  0  │ 0.9 │  300   │  2340000   │  -43300   │  -295730000   │ 3300  │ 22440000  │ 1.3  │
│   14    │ 6.8 │ 6.8 │ 6.8 │ 6.8 │ 3000  │ 20400000  │   68300   │  3000   │ 20400000  │ 468810000  │ 1671102600000 │ '2022-12-15T11:10:00.000Z' │  0   │ 100  │  0  │    0     │ Infinity │ 2461.5 │ 3184.6 │  0  │ 0.9 │ -3000  │ -20400000  │  -46300   │  -316130000   │       │           │      │
│   15    │ 6.9 │ 6.9 │ 6.8 │ 6.8 │  900  │  6120000  │   69400   │  1100   │  7500000  │ 476310000  │ 1671103440000 │ '2022-12-15T11:24:00.000Z' │ 18.2 │ 81.8 │  0  │   0.2    │   4.5    │ 2461.5 │ 3184.6 │  0  │ 0.3 │  -700  │  -4740000  │  -47000   │  -320870000   │  200  │  1380000  │ 0.1  │
│   16    │ 6.9 │ 6.9 │ 6.9 │ 6.9 │       │           │   69500   │   100   │  690000   │ 477000000  │ 1671103560000 │ '2022-12-15T11:26:00.000Z' │ 100  │  0   │  0  │ Infinity │    0     │ 2461.5 │ 3184.6 │  0  │     │  100   │   690000   │  -46900   │  -320180000   │  100  │  690000   │  0   │
│   17    │ 6.8 │ 6.8 │ 6.8 │ 6.8 │ 12500 │ 85000000  │   82000   │  12500  │ 85000000  │ 562000000  │ 1671109200000 │ '2022-12-15T13:00:00.000Z' │  0   │ 100  │  0  │    0     │ Infinity │ 2461.5 │ 3184.6 │  0  │ 3.9 │ -12500 │ -85000000  │  -59400   │  -405180000   │       │           │      │
│   18    │ 6.8 │ 6.8 │ 6.8 │ 6.8 │ 3500  │ 23800000  │   85500   │  3500   │ 23800000  │ 585800000  │ 1671109320000 │ '2022-12-15T13:02:00.000Z' │  0   │ 100  │  0  │    0     │ Infinity │ 2461.5 │ 3184.6 │  0  │ 1.1 │ -3500  │ -23800000  │  -62900   │  -428980000   │       │           │      │
│   19    │ 6.8 │ 6.9 │ 6.8 │ 6.9 │ 2800  │ 19040000  │   89300   │  3800   │ 25940000  │ 611740000  │ 1671109440000 │ '2022-12-15T13:04:00.000Z' │ 26.3 │ 73.7 │  0  │   0.4    │   2.8    │ 2461.5 │ 3184.6 │  0  │ 0.9 │ -1800  │ -12140000  │  -64700   │  -441120000   │ 1000  │  6900000  │ 0.4  │
│   20    │ 6.8 │ 6.8 │ 6.8 │ 6.8 │ 1600  │ 10880000  │   90900   │  1600   │ 10880000  │ 622620000  │ 1671109920000 │ '2022-12-15T13:12:00.000Z' │  0   │ 100  │  0  │    0     │ Infinity │ 2461.5 │ 3184.6 │  0  │ 0.5 │ -1600  │ -10880000  │  -66300   │  -452000000   │       │           │      │
├─────────┼─────┼─────┼─────┼─────┼───────┼───────────┼───────────┼─────────┼───────────┼────────────┼───────────────┼────────────────────────────┼──────┼──────┼─────┼──────────┼──────────┼────────┼────────┼─────┼─────┼────────┼────────────┼───────────┼───────────────┼───────┼───────────┼──────┤
│ (index) │  c  │  h  │  l  │  o  │  sd   │  val_sd   │ total_vol │ sum_vol │    val    │  acum_val  │   datetime    │            date            │ pbu  │ psd  │ puk │    bs    │    sb    │  abu   │  asd   │ auk │ rsd │ bu-sd  │ bu-sd_val  │ acum_busd │ acum_busd_val │  bu   │  val_bu   │ rbu  │
├─────────┼─────┼─────┼─────┼─────┼───────┼───────────┼───────────┼─────────┼───────────┼────────────┼───────────────┼────────────────────────────┼──────┼──────┼─────┼──────────┼──────────┼────────┼────────┼─────┼─────┼────────┼────────────┼───────────┼───────────────┼───────┼───────────┼──────┤
│   21    │ 6.8 │ 6.9 │ 6.8 │ 6.9 │  100  │  680000   │  101000   │  10100  │ 69680000  │ 692300000  │ 1671110160000 │ '2022-12-15T13:16:00.000Z' │  99  │  1   │  0  │   100    │    0     │ 2461.5 │ 3184.6 │  0  │  0  │  9900  │  68320000  │  -56400   │  -383680000   │ 10000 │ 69000000  │ 4.1  │
│   22    │ 6.8 │ 6.8 │ 6.8 │ 6.8 │  200  │  1360000  │  101200   │   200   │  1360000  │ 693660000  │ 1671110400000 │ '2022-12-15T13:20:00.000Z' │  0   │ 100  │  0  │    0     │ Infinity │ 2461.5 │ 3184.6 │  0  │ 0.1 │  -200  │  -1360000  │  -56600   │  -385040000   │       │           │      │
│   23    │ 6.8 │ 6.8 │ 6.8 │ 6.8 │  100  │  680000   │  101300   │   100   │  680000   │ 694340000  │ 1671110640000 │ '2022-12-15T13:24:00.000Z' │  0   │ 100  │  0  │    0     │ Infinity │ 2461.5 │ 3184.6 │  0  │  0  │  -100  │  -680000   │  -56700   │  -385720000   │       │           │      │
│   24    │ 6.9 │ 6.9 │ 6.9 │ 6.9 │       │           │  103300   │  2000   │ 13800000  │ 708140000  │ 1671110880000 │ '2022-12-15T13:28:00.000Z' │ 100  │  0   │  0  │ Infinity │    0     │ 2461.5 │ 3184.6 │  0  │     │  2000  │  13800000  │  -54700   │  -371920000   │ 2000  │ 13800000  │ 0.8  │
│   25    │ 6.9 │ 6.9 │ 6.9 │ 6.9 │       │           │  107800   │  4500   │ 31050000  │ 739190000  │ 1671111480000 │ '2022-12-15T13:38:00.000Z' │ 100  │  0   │  0  │ Infinity │    0     │ 2461.5 │ 3184.6 │  0  │     │  4500  │  31050000  │  -50200   │  -340870000   │ 4500  │ 31050000  │ 1.8  │
│   26    │ 6.9 │ 6.9 │ 6.9 │ 6.9 │ 4200  │ 28980000  │  113500   │  5700   │ 39330000  │ 778520000  │ 1671111600000 │ '2022-12-15T13:40:00.000Z' │ 26.3 │ 73.7 │  0  │   0.4    │   2.8    │ 2461.5 │ 3184.6 │  0  │ 1.3 │ -2700  │ -18630000  │  -52900   │  -359500000   │ 1500  │ 10350000  │ 0.6  │
│   27    │ 6.9 │ 6.9 │ 6.9 │ 6.9 │  200  │  1380000  │  113700   │   200   │  1380000  │ 779900000  │ 1671112200000 │ '2022-12-15T13:50:00.000Z' │  0   │ 100  │  0  │    0     │ Infinity │ 2461.5 │ 3184.6 │  0  │ 0.1 │  -200  │  -1380000  │  -53100   │  -360880000   │       │           │      │
│   28    │  7  │  7  │  7  │  7  │       │           │  162700   │  49000  │ 343000000 │ 1122900000 │ 1671112800000 │ '2022-12-15T14:00:00.000Z' │ 100  │  0   │  0  │ Infinity │    0     │ 2461.5 │ 3184.6 │  0  │     │ 49000  │ 343000000  │   -4100   │   -17880000   │ 49000 │ 343000000 │ 19.9 │
│   29    │  7  │  7  │  7  │  7  │       │           │  162800   │   100   │  700000   │ 1123600000 │ 1671113160000 │ '2022-12-15T14:06:00.000Z' │ 100  │  0   │  0  │ Infinity │    0     │ 2461.5 │ 3184.6 │  0  │     │  100   │   700000   │   -4000   │   -17180000   │  100  │  700000   │  0   │
│   30    │  7  │  7  │  7  │  7  │ 1900  │ 13300000  │  167700   │  4900   │ 34300000  │ 1157900000 │ 1671113280000 │ '2022-12-15T14:08:00.000Z' │ 61.2 │ 38.8 │  0  │   1.6    │   0.6    │ 2461.5 │ 3184.6 │  0  │ 0.6 │  1100  │  7700000   │   -2900   │   -9480000    │ 3000  │ 21000000  │ 1.2  │
│   31    │  7  │  7  │  7  │  7  │ 1000  │  7000000  │  175800   │  8100   │ 56700000  │ 1214600000 │ 1671113400000 │ '2022-12-15T14:10:00.000Z' │ 87.7 │ 12.3 │  0  │   7.1    │   0.1    │ 2461.5 │ 3184.6 │  0  │ 0.3 │  6100  │  42700000  │   3200    │   33220000    │ 7100  │ 49700000  │ 2.9  │
│   32    │  7  │  7  │  7  │  7  │  400  │  2800000  │  178900   │  3100   │ 21700000  │ 1236300000 │ 1671113520000 │ '2022-12-15T14:12:00.000Z' │ 87.1 │ 12.9 │  0  │   6.8    │   0.1    │ 2461.5 │ 3184.6 │  0  │ 0.1 │  2300  │  16100000  │   5500    │   49320000    │ 2700  │ 18900000  │ 1.1  │
│   33    │  7  │  7  │  7  │  7  │ 4500  │ 31500000  │  183800   │  4900   │ 34300000  │ 1270600000 │ 1671113640000 │ '2022-12-15T14:14:00.000Z' │ 8.2  │ 91.8 │  0  │   0.1    │   11.3   │ 2461.5 │ 3184.6 │  0  │ 1.4 │ -4100  │ -28700000  │   1400    │   20620000    │  400  │  2800000  │ 0.2  │
│   34    │ 6.9 │ 6.9 │ 6.9 │ 6.9 │ 23100 │ 159390000 │  210300   │  26500  │ 182850000 │ 1453450000 │ 1671113760000 │ '2022-12-15T14:16:00.000Z' │ 12.8 │ 87.2 │  0  │   0.1    │   6.8    │ 2461.5 │ 3184.6 │  0  │ 7.3 │ -19700 │ -135930000 │  -18300   │  -115310000   │ 3400  │ 23460000  │ 1.4  │
│   35    │ 6.9 │ 6.9 │ 6.9 │ 6.9 │ 1000  │  6900000  │  211300   │  1000   │  6900000  │ 1460350000 │ 1671113880000 │ '2022-12-15T14:18:00.000Z' │  0   │ 100  │  0  │    0     │ Infinity │ 2461.5 │ 3184.6 │  0  │ 0.3 │ -1000  │  -6900000  │  -19300   │  -122210000   │       │           │      │
│   36    │ 6.9 │ 6.9 │ 6.9 │ 6.9 │ 8000  │ 55200000  │  219300   │  8000   │ 55200000  │ 1515550000 │ 1671115560000 │ '2022-12-15T14:46:00.000Z' │  0   │ 100  │  0  │    0     │ Infinity │ 2461.5 │ 3184.6 │  0  │ 2.5 │ -8000  │ -55200000  │  -27300   │  -177410000   │       │           │      │
│   37    │ 6.9 │ 6.9 │ 6.9 │ 6.9 │  500  │  3450000  │  219800   │   500   │  3450000  │ 1519000000 │ 1671115680000 │ '2022-12-15T14:48:00.000Z' │  0   │ 100  │  0  │    0     │ Infinity │ 2461.5 │ 3184.6 │  0  │ 0.2 │  -500  │  -3450000  │  -27800   │  -180860000   │       │           │      │
│   38    │ 6.9 │ 6.9 │ 6.9 │ 6.9 │  400  │  2760000  │  220200   │   400   │  2760000  │ 1521760000 │ 1671116280000 │ '2022-12-15T14:58:00.000Z' │  0   │ 100  │  0  │    0     │ Infinity │ 2461.5 │ 3184.6 │  0  │ 0.1 │  -400  │  -2760000  │  -28200   │  -183620000   │       │           │      │
└─────────┴─────┴─────┴─────┴─────┴───────┴───────────┴───────────┴─────────┴───────────┴────────────┴───────────────┴────────────────────────────┴──────┴──────┴─────┴──────────┴──────────┴────────┴────────┴─────┴─────┴────────┴────────────┴───────────┴───────────────┴───────┴───────────┴──────┘

├─────────┼─────┼─────┼─────┼─────┼───────┼───────────┼───────────┼─────────┼───────────┼────────────┼───────────────┼────────────────────────────┼──────┼──────┼─────┼──────────┼──────────┼────────┼────────┼─────┼─────┼────────┼────────────┼───────────┼───────────────┼───────┼───────────┼──────┤
│ (index) │  c  │  h  │  l  │  o  │  sd   │  val_sd   │ total_vol │ sum_vol │    val    │  acum_val  │   datetime    │            date            │ pbu  │ psd  │ puk │    bs    │    sb    │  abu   │  asd   │ auk │ rsd │ bu-sd  │ bu-sd_val  │ acum_busd │ acum_busd_val │  bu   │  val_bu   │ rbu  │
├─────────┼─────┼─────┼─────┼─────┼───────┼───────────┼───────────┼─────────┼───────────┼────────────┼───────────────┼────────────────────────────┼──────┼──────┼─────┼──────────┼──────────┼────────┼────────┼─────┼─────┼────────┼────────────┼───────────┼───────────────┼───────┼───────────┼──────┤
