┌─────────┬───────┬───────┬───────┬───────┬──────┬──────────┬───────────┬─────────┬──────────┬───────────┬───────────────┬────────────────────────────┬─────┬─────┬─────┬──────────┬──────────┬─────┬───────┬─────┬─────┬───────┬───────────┬───────────┬───────────────┬──────┬──────────┬─────┐
│ (index) │   c   │   h   │   l   │   o   │  bu  │  val_bu  │ total_vol │ sum_vol │   val    │ acum_val  │   datetime    │            date            │ pbu │ psd │ puk │    bs    │    sb    │ abu │  asd  │ auk │ rbu │ bu-sd │ bu-sd_val │ acum_busd │ acum_busd_val │  sd  │  val_sd  │ rsd │
├─────────┼───────┼───────┼───────┼───────┼──────┼──────────┼───────────┼─────────┼──────────┼───────────┼───────────────┼────────────────────────────┼─────┼─────┼─────┼──────────┼──────────┼─────┼───────┼─────┼─────┼───────┼───────────┼───────────┼───────────────┼──────┼──────────┼─────┤
│    0    │ 11.35 │ 11.35 │ 11.35 │ 11.35 │ 100  │ 1135000  │    100    │   100   │ 1135000  │  1135000  │ 1672305840000 │ '2022-12-29T09:24:00.000Z' │ 100 │  0  │  0  │ Infinity │    0     │ 525 │ 368.8 │  0  │ 0.2 │  100  │  1135000  │    100    │    1135000    │      │          │     │
│    1    │  11   │  11   │  11   │  11   │      │          │   1000    │   900   │ 9900000  │ 11035000  │ 1672306440000 │ '2022-12-29T09:34:00.000Z' │  0  │ 100 │  0  │    0     │ Infinity │ 525 │ 368.8 │  0  │     │ -900  │ -9900000  │   -800    │   -8765000    │ 900  │ 9900000  │ 2.4 │
│    2    │ 11.3  │ 11.3  │ 11.3  │ 11.3  │ 100  │ 1130000  │   1100    │   100   │ 1130000  │ 12165000  │ 1672306680000 │ '2022-12-29T09:38:00.000Z' │ 100 │  0  │  0  │ Infinity │    0     │ 525 │ 368.8 │  0  │ 0.2 │  100  │  1130000  │   -700    │   -7635000    │      │          │     │
│    3    │ 11.25 │ 11.25 │ 11.2  │ 11.2  │ 2500 │ 28050000 │   3600    │  2500   │ 28050000 │ 40215000  │ 1672309800000 │ '2022-12-29T10:30:00.000Z' │ 100 │  0  │  0  │ Infinity │    0     │ 525 │ 368.8 │  0  │ 4.8 │ 2500  │ 28050000  │   1800    │   20415000    │      │          │     │
│    4    │ 11.3  │ 11.3  │ 11.3  │ 11.3  │ 500  │ 5650000  │   4100    │   500   │ 5650000  │ 45865000  │ 1672310040000 │ '2022-12-29T10:34:00.000Z' │ 100 │  0  │  0  │ Infinity │    0     │ 525 │ 368.8 │  0  │  1  │  500  │  5650000  │   2300    │   26065000    │      │          │     │
│    5    │ 11.25 │ 11.25 │ 11.25 │ 11.25 │      │          │   4600    │   500   │ 5625000  │ 51490000  │ 1672310520000 │ '2022-12-29T10:42:00.000Z' │  0  │ 100 │  0  │    0     │ Infinity │ 525 │ 368.8 │  0  │     │ -500  │ -5625000  │   1800    │   20440000    │ 500  │ 5625000  │ 1.4 │
│    6    │ 11.3  │ 11.3  │ 11.3  │ 11.3  │ 200  │ 2260000  │   4800    │   200   │ 2260000  │ 53750000  │ 1672311720000 │ '2022-12-29T11:02:00.000Z' │ 100 │  0  │  0  │ Infinity │    0     │ 525 │ 368.8 │  0  │ 0.4 │  200  │  2260000  │   2000    │   22700000    │      │          │     │
│    7    │  11   │  11   │  11   │  11   │      │          │   5800    │  1000   │ 11000000 │ 64750000  │ 1672319520000 │ '2022-12-29T13:12:00.000Z' │  0  │ 100 │  0  │    0     │ Infinity │ 525 │ 368.8 │  0  │     │ -1000 │ -11000000 │   1000    │   11700000    │ 1000 │ 11000000 │ 2.7 │
│    8    │  11   │  11   │  11   │  11   │      │          │   6300    │   500   │ 5500000  │ 70250000  │ 1672321320000 │ '2022-12-29T13:42:00.000Z' │  0  │ 100 │  0  │    0     │ Infinity │ 525 │ 368.8 │  0  │     │ -500  │ -5500000  │    500    │    6200000    │ 500  │ 5500000  │ 1.4 │
│    9    │ 11.1  │ 11.1  │ 11.1  │ 11.1  │ 100  │ 1110000  │   6400    │   100   │ 1110000  │ 71360000  │ 1672322040000 │ '2022-12-29T13:54:00.000Z' │ 100 │  0  │  0  │ Infinity │    0     │ 525 │ 368.8 │  0  │ 0.2 │  100  │  1110000  │    600    │    7310000    │      │          │     │
│   10    │ 11.1  │ 11.1  │ 11.1  │ 11.1  │ 1000 │ 11100000 │   7400    │  1000   │ 11100000 │ 82460000  │ 1672322160000 │ '2022-12-29T13:56:00.000Z' │ 100 │  0  │  0  │ Infinity │    0     │ 525 │ 368.8 │  0  │ 1.9 │ 1000  │ 11100000  │   1600    │   18410000    │      │          │     │
│   11    │ 11.1  │ 11.1  │ 11.1  │ 11.1  │ 200  │ 2220000  │   7600    │   200   │ 2220000  │ 84680000  │ 1672322400000 │ '2022-12-29T14:00:00.000Z' │ 100 │  0  │  0  │ Infinity │    0     │ 525 │ 368.8 │  0  │ 0.4 │  200  │  2220000  │   1800    │   20630000    │      │          │     │
│   12    │  11   │  11   │  11   │  11   │      │          │   10600   │  3000   │ 33000000 │ 117680000 │ 1672322520000 │ '2022-12-29T14:02:00.000Z' │  0  │ 100 │  0  │    0     │ Infinity │ 525 │ 368.8 │  0  │     │ -3000 │ -33000000 │   -1200   │   -12370000   │ 3000 │ 33000000 │ 8.1 │
│   13    │ 11.1  │ 11.1  │ 11.1  │ 11.1  │ 200  │ 2220000  │   10800   │   200   │ 2220000  │ 119900000 │ 1672323600000 │ '2022-12-29T14:20:00.000Z' │ 100 │  0  │  0  │ Infinity │    0     │ 525 │ 368.8 │  0  │ 0.4 │  200  │  2220000  │   -1000   │   -10150000   │      │          │     │
│   14    │ 11.2  │ 11.2  │ 11.2  │ 11.2  │ 500  │ 5600000  │   11300   │   500   │ 5600000  │ 125500000 │ 1672323720000 │ '2022-12-29T14:22:00.000Z' │ 100 │  0  │  0  │ Infinity │    0     │ 525 │ 368.8 │  0  │  1  │  500  │  5600000  │   -500    │   -4550000    │      │          │     │
│   15    │  11   │  11   │  11   │  11   │ 3000 │ 33000000 │   14300   │  3000   │ 33000000 │ 158500000 │ 1672325040000 │ '2022-12-29T14:44:00.000Z' │ 100 │  0  │  0  │ Infinity │    0     │ 525 │ 368.8 │  0  │ 5.7 │ 3000  │ 33000000  │   2500    │   28450000    │      │          │     │
└─────────┴───────┴───────┴───────┴───────┴──────┴──────────┴───────────┴─────────┴──────────┴───────────┴───────────────┴────────────────────────────┴─────┴─────┴─────┴──────────┴──────────┴─────┴───────┴─────┴─────┴───────┴───────────┴───────────┴───────────────┴──────┴──────────┴─────┘

