┌─────────┬──────┬──────┬──────┬──────┬──────┬──────────┬───────────┬─────────┬──────────┬───────────┬───────────────┬────────────────────────────┬─────┬─────┬─────┬──────────┬──────────┬───────┬────────┬─────┬──────┬───────┬───────────┬───────────┬───────────────┬───────┬──────────┬─────┐
│ (index) │  c   │  h   │  l   │  o   │  bu  │  val_bu  │ total_vol │ sum_vol │   val    │ acum_val  │   datetime    │            date            │ pbu │ psd │ puk │    bs    │    sb    │  abu  │  asd   │ auk │ rbu  │ bu-sd │ bu-sd_val │ acum_busd │ acum_busd_val │  sd   │  val_sd  │ rsd │
├─────────┼──────┼──────┼──────┼──────┼──────┼──────────┼───────────┼─────────┼──────────┼───────────┼───────────────┼────────────────────────────┼─────┼─────┼─────┼──────────┼──────────┼───────┼────────┼─────┼──────┼───────┼───────────┼───────────┼───────────────┼───────┼──────────┼─────┤
│    0    │ 5.17 │ 5.17 │ 5.17 │ 5.17 │ 200  │ 1034000  │    200    │   200   │ 1034000  │  1034000  │ 1672305240000 │ '2022-12-29T09:14:00.000Z' │ 100 │  0  │  0  │ Infinity │    0     │ 706.3 │ 1018.8 │  0  │ 0.3  │  200  │  1034000  │    200    │    1034000    │       │          │     │
│    1    │ 5.2  │ 5.2  │ 5.2  │ 5.2  │ 300  │ 1560000  │    600    │   400   │ 2080000  │  3114000  │ 1672305600000 │ '2022-12-29T09:20:00.000Z' │ 75  │ 25  │  0  │    3     │   0.3    │ 706.3 │ 1018.8 │  0  │ 0.4  │  200  │  1040000  │    400    │    2074000    │  100  │  520000  │ 0.1 │
│    2    │ 5.17 │ 5.17 │ 5.17 │ 5.17 │      │          │    700    │   100   │  517000  │  3631000  │ 1672306080000 │ '2022-12-29T09:28:00.000Z' │  0  │ 100 │  0  │    0     │ Infinity │ 706.3 │ 1018.8 │  0  │      │ -100  │  -517000  │    300    │    1557000    │  100  │  517000  │ 0.1 │
│    3    │ 4.89 │ 5.2  │ 4.89 │ 5.2  │ 200  │ 1040000  │   10900   │  10200  │ 51173000 │ 54804000  │ 1672306560000 │ '2022-12-29T09:36:00.000Z' │  2  │ 98  │  0  │    0     │    50    │ 706.3 │ 1018.8 │  0  │ 0.3  │ -9800 │ -49093000 │   -9500   │   -47536000   │ 10000 │ 50133000 │ 9.8 │
│    4    │ 5.18 │ 5.18 │ 5.18 │ 5.18 │ 200  │ 1036000  │   11100   │   200   │ 1036000  │ 55840000  │ 1672307040000 │ '2022-12-29T09:44:00.000Z' │ 100 │  0  │  0  │ Infinity │    0     │ 706.3 │ 1018.8 │  0  │ 0.3  │  200  │  1036000  │   -9300   │   -46500000   │       │          │     │
│    5    │ 5.17 │ 5.17 │ 5.17 │ 5.17 │ 100  │  517000  │   11200   │   100   │  517000  │ 56357000  │ 1672308000000 │ '2022-12-29T10:00:00.000Z' │ 100 │  0  │  0  │ Infinity │    0     │ 706.3 │ 1018.8 │  0  │ 0.1  │  100  │  517000   │   -9200   │   -45983000   │       │          │     │
│    6    │ 5.17 │ 5.17 │ 5.17 │ 5.17 │ 100  │  517000  │   11300   │   100   │  517000  │ 56874000  │ 1672308120000 │ '2022-12-29T10:02:00.000Z' │ 100 │  0  │  0  │ Infinity │    0     │ 706.3 │ 1018.8 │  0  │ 0.1  │  100  │  517000   │   -9100   │   -45466000   │       │          │     │
│    7    │ 5.17 │ 5.17 │ 5.17 │ 5.17 │ 8900 │ 46013000 │   20200   │  8900   │ 46013000 │ 102887000 │ 1672310400000 │ '2022-12-29T10:40:00.000Z' │ 100 │  0  │  0  │ Infinity │    0     │ 706.3 │ 1018.8 │  0  │ 12.6 │ 8900  │ 46013000  │   -200    │    547000     │       │          │     │
│    8    │ 5.17 │ 5.17 │ 5.17 │ 5.17 │      │          │   20300   │   100   │  517000  │ 103404000 │ 1672310640000 │ '2022-12-29T10:44:00.000Z' │  0  │ 100 │  0  │    0     │ Infinity │ 706.3 │ 1018.8 │  0  │      │ -100  │  -517000  │   -300    │     30000     │  100  │  517000  │ 0.1 │
│    9    │ 5.17 │ 5.17 │ 5.17 │ 5.17 │      │          │   25300   │  5000   │ 25850000 │ 129254000 │ 1672311240000 │ '2022-12-29T10:54:00.000Z' │  0  │ 100 │  0  │    0     │ Infinity │ 706.3 │ 1018.8 │  0  │      │ -5000 │ -25850000 │   -5300   │   -25820000   │ 5000  │ 25850000 │ 4.9 │
│   10    │ 5.17 │ 5.17 │ 5.17 │ 5.17 │      │          │   25500   │   200   │ 1034000  │ 130288000 │ 1672312200000 │ '2022-12-29T11:10:00.000Z' │  0  │ 100 │  0  │    0     │ Infinity │ 706.3 │ 1018.8 │  0  │      │ -200  │ -1034000  │   -5500   │   -26854000   │  200  │ 1034000  │ 0.2 │
│   11    │ 5.17 │ 5.17 │ 5.17 │ 5.17 │      │          │   26300   │   800   │ 4136000  │ 134424000 │ 1672312560000 │ '2022-12-29T11:16:00.000Z' │  0  │ 100 │  0  │    0     │ Infinity │ 706.3 │ 1018.8 │  0  │      │ -800  │ -4136000  │   -6300   │   -30990000   │  800  │ 4136000  │ 0.8 │
│   12    │ 5.16 │ 5.16 │ 5.16 │ 5.16 │ 100  │  516000  │   26400   │   100   │  516000  │ 134940000 │ 1672320480000 │ '2022-12-29T13:28:00.000Z' │ 100 │  0  │  0  │ Infinity │    0     │ 706.3 │ 1018.8 │  0  │ 0.1  │  100  │  516000   │   -6200   │   -30474000   │       │          │     │
│   13    │ 5.16 │ 5.16 │ 5.16 │ 5.16 │ 100  │  516000  │   26500   │   100   │  516000  │ 135456000 │ 1672323360000 │ '2022-12-29T14:16:00.000Z' │ 100 │  0  │  0  │ Infinity │    0     │ 706.3 │ 1018.8 │  0  │ 0.1  │  100  │  516000   │   -6100   │   -29958000   │       │          │     │
│   14    │ 5.16 │ 5.16 │ 5.16 │ 5.16 │ 100  │  516000  │   26600   │   100   │  516000  │ 135972000 │ 1672323480000 │ '2022-12-29T14:18:00.000Z' │ 100 │  0  │  0  │ Infinity │    0     │ 706.3 │ 1018.8 │  0  │ 0.1  │  100  │  516000   │   -6000   │   -29442000   │       │          │     │
│   15    │ 5.12 │ 5.12 │ 5.12 │ 5.12 │ 1000 │ 5120000  │   27600   │  1000   │ 5120000  │ 141092000 │ 1672324080000 │ '2022-12-29T14:28:00.000Z' │ 100 │  0  │  0  │ Infinity │    0     │ 706.3 │ 1018.8 │  0  │ 1.4  │ 1000  │  5120000  │   -5000   │   -24322000   │       │          │     │
└─────────┴──────┴──────┴──────┴──────┴──────┴──────────┴───────────┴─────────┴──────────┴───────────┴───────────────┴────────────────────────────┴─────┴─────┴─────┴──────────┴──────────┴───────┴────────┴─────┴──────┴───────┴───────────┴───────────┴───────────────┴───────┴──────────┴─────┘

