┌─────────┬───────┬───────┬───────┬───────┬───────┬───────────┬───────────┬─────────┬───────────┬───────────┬───────────────┬────────────────────────────┬─────┬─────┬─────┬──────────┬──────────┬─────┬────────┬─────┬──────┬────────┬────────────┬───────────┬───────────────┬──────┬───────────┬──────┐
│ (index) │   c   │   h   │   l   │   o   │  sd   │  val_sd   │ total_vol │ sum_vol │    val    │ acum_val  │   datetime    │            date            │ pbu │ psd │ puk │    bs    │    sb    │ abu │  asd   │ auk │ rsd  │ bu-sd  │ bu-sd_val  │ acum_busd │ acum_busd_val │  bu  │  val_bu   │ rbu  │
├─────────┼───────┼───────┼───────┼───────┼───────┼───────────┼───────────┼─────────┼───────────┼───────────┼───────────────┼────────────────────────────┼─────┼─────┼─────┼──────────┼──────────┼─────┼────────┼─────┼──────┼────────┼────────────┼───────────┼───────────────┼──────┼───────────┼──────┤
│    0    │ 13.95 │ 13.95 │ 13.95 │ 13.95 │  500  │  6975000  │    500    │   500   │  6975000  │  6975000  │ 1672305240000 │ '2022-12-29T09:14:00.000Z' │  0  │ 100 │  0  │    0     │ Infinity │ 500 │ 1565.2 │  0  │ 0.3  │  -500  │  -6975000  │   -500    │   -6975000    │      │           │      │
│    1    │ 14.05 │ 14.05 │ 14.05 │ 14.05 │  300  │  4215000  │   1000    │   500   │  7025000  │ 14000000  │ 1672306200000 │ '2022-12-29T09:30:00.000Z' │ 40  │ 60  │  0  │   0.7    │   1.5    │ 500 │ 1565.2 │  0  │ 0.2  │  -100  │  -1405000  │   -600    │   -8380000    │ 200  │  2810000  │ 0.4  │
│    2    │ 14.4  │ 14.4  │ 14.4  │ 14.4  │       │           │   1100    │   100   │  1440000  │ 15440000  │ 1672306320000 │ '2022-12-29T09:32:00.000Z' │ 100 │  0  │  0  │ Infinity │    0     │ 500 │ 1565.2 │  0  │      │  100   │  1440000   │   -500    │   -6940000    │ 100  │  1440000  │ 0.2  │
│    3    │ 14.4  │ 14.4  │ 14.4  │ 14.4  │       │           │   2000    │   900   │ 12960000  │ 28400000  │ 1672306440000 │ '2022-12-29T09:34:00.000Z' │ 100 │  0  │  0  │ Infinity │    0     │ 500 │ 1565.2 │  0  │      │  900   │  12960000  │    400    │    6020000    │ 900  │ 12960000  │ 1.8  │
│    4    │ 14.5  │ 14.5  │ 14.4  │ 14.4  │ 5000  │ 72000000  │   7100    │  5100   │ 73450000  │ 101850000 │ 1672306560000 │ '2022-12-29T09:36:00.000Z' │  2  │ 98  │  0  │    0     │    50    │ 500 │ 1565.2 │  0  │ 3.2  │ -4900  │ -70550000  │   -4500   │   -64530000   │ 100  │  1450000  │ 0.2  │
│    5    │ 14.4  │ 14.4  │ 14.4  │ 14.4  │       │           │   7200    │   100   │  1440000  │ 103290000 │ 1672306920000 │ '2022-12-29T09:42:00.000Z' │ 100 │  0  │  0  │ Infinity │    0     │ 500 │ 1565.2 │  0  │      │  100   │  1440000   │   -4400   │   -63090000   │ 100  │  1440000  │ 0.2  │
│    6    │ 14.35 │ 14.35 │ 14.35 │ 14.35 │       │           │   7300    │   100   │  1435000  │ 104725000 │ 1672307160000 │ '2022-12-29T09:46:00.000Z' │ 100 │  0  │  0  │ Infinity │    0     │ 500 │ 1565.2 │  0  │      │  100   │  1435000   │   -4300   │   -61655000   │ 100  │  1435000  │ 0.2  │
│    7    │ 14.1  │ 14.1  │ 14.1  │ 14.1  │  100  │  1410000  │   7400    │   100   │  1410000  │ 106135000 │ 1672307760000 │ '2022-12-29T09:56:00.000Z' │  0  │ 100 │  0  │    0     │ Infinity │ 500 │ 1565.2 │  0  │ 0.1  │  -100  │  -1410000  │   -4400   │   -63065000   │      │           │      │
│    8    │ 14.1  │ 14.1  │ 14.1  │ 14.1  │  200  │  2820000  │   7600    │   200   │  2820000  │ 108955000 │ 1672308360000 │ '2022-12-29T10:06:00.000Z' │  0  │ 100 │  0  │    0     │ Infinity │ 500 │ 1565.2 │  0  │ 0.1  │  -200  │  -2820000  │   -4600   │   -65885000   │      │           │      │
│    9    │ 14.1  │ 14.1  │ 14.1  │ 14.1  │  700  │  9870000  │   8300    │   700   │  9870000  │ 118825000 │ 1672308600000 │ '2022-12-29T10:10:00.000Z' │  0  │ 100 │  0  │    0     │ Infinity │ 500 │ 1565.2 │  0  │ 0.4  │  -700  │  -9870000  │   -5300   │   -75755000   │      │           │      │
│   10    │  14   │  14   │  14   │  14   │  100  │   1400    │   8400    │   100   │   1400    │ 118826400 │ 1672309800000 │ '2022-12-29T10:30:00.000Z' │  0  │ 100 │  0  │    0     │ Infinity │ 500 │ 1565.2 │  0  │ 0.1  │  -100  │   -1400    │   -5400   │   -75756400   │      │           │      │
│   11    │ 14.1  │ 14.1  │ 14.1  │ 14.1  │       │           │   8500    │   100   │  1410000  │ 120236400 │ 1672310280000 │ '2022-12-29T10:38:00.000Z' │ 100 │  0  │  0  │ Infinity │    0     │ 500 │ 1565.2 │  0  │      │  100   │  1410000   │   -5300   │   -74346400   │ 100  │  1410000  │ 0.2  │
│   12    │ 14.1  │ 14.1  │ 14.1  │ 14.1  │       │           │   17700   │  9200   │ 129720000 │ 249956400 │ 1672310640000 │ '2022-12-29T10:44:00.000Z' │ 100 │  0  │  0  │ Infinity │    0     │ 500 │ 1565.2 │  0  │      │  9200  │ 129720000  │   3900    │   55373600    │ 9200 │ 129720000 │ 18.4 │
│   13    │ 14.2  │ 14.2  │ 14.2  │ 14.2  │       │           │   17800   │   100   │  1420000  │ 251376400 │ 1672311720000 │ '2022-12-29T11:02:00.000Z' │ 100 │  0  │  0  │ Infinity │    0     │ 500 │ 1565.2 │  0  │      │  100   │  1420000   │   4000    │   56793600    │ 100  │  1420000  │ 0.2  │
│   14    │ 14.2  │ 14.2  │ 14.2  │ 14.2  │       │           │   17900   │   100   │  1420000  │ 252796400 │ 1672311960000 │ '2022-12-29T11:06:00.000Z' │ 100 │  0  │  0  │ Infinity │    0     │ 500 │ 1565.2 │  0  │      │  100   │  1420000   │   4100    │   58213600    │ 100  │  1420000  │ 0.2  │
│   15    │  14   │ 14.1  │  14   │ 14.1  │ 1000  │ 11282800  │   18900   │  1000   │ 11282800  │ 264079200 │ 1672318800000 │ '2022-12-29T13:00:00.000Z' │  0  │ 100 │  0  │    0     │ Infinity │ 500 │ 1565.2 │  0  │ 0.6  │ -1000  │ -11282800  │   3100    │   46930800    │      │           │      │
│   16    │  14   │  14   │  14   │  14   │ 6000  │   84000   │   24900   │  6000   │   84000   │ 264163200 │ 1672319520000 │ '2022-12-29T13:12:00.000Z' │  0  │ 100 │  0  │    0     │ Infinity │ 500 │ 1565.2 │  0  │ 3.8  │ -6000  │   -84000   │   -2900   │   46846800    │      │           │      │
│   17    │  14   │  14   │  14   │  14   │  300  │   4200    │   25200   │   300   │   4200    │ 264167400 │ 1672320360000 │ '2022-12-29T13:26:00.000Z' │  0  │ 100 │  0  │    0     │ Infinity │ 500 │ 1565.2 │  0  │ 0.2  │  -300  │   -4200    │   -3200   │   46842600    │      │           │      │
│   18    │ 14.2  │ 14.2  │ 14.2  │ 14.2  │       │           │   25300   │   100   │  1420000  │ 265587400 │ 1672320480000 │ '2022-12-29T13:28:00.000Z' │ 100 │  0  │  0  │ Infinity │    0     │ 500 │ 1565.2 │  0  │      │  100   │  1420000   │   -3100   │   48262600    │ 100  │  1420000  │ 0.2  │
│   19    │ 14.05 │ 14.05 │ 14.05 │ 14.05 │  600  │  8430000  │   25900   │   600   │  8430000  │ 274017400 │ 1672323720000 │ '2022-12-29T14:22:00.000Z' │  0  │ 100 │  0  │    0     │ Infinity │ 500 │ 1565.2 │  0  │ 0.4  │  -600  │  -8430000  │   -3700   │   39832600    │      │           │      │
│   20    │ 14.05 │ 14.05 │ 14.05 │ 14.05 │       │           │   26200   │   300   │  4215000  │ 278232400 │ 1672323960000 │ '2022-12-29T14:26:00.000Z' │ 100 │  0  │  0  │ Infinity │    0     │ 500 │ 1565.2 │  0  │      │  300   │  4215000   │   -3400   │   44047600    │ 300  │  4215000  │ 0.6  │
├─────────┼───────┼───────┼───────┼───────┼───────┼───────────┼───────────┼─────────┼───────────┼───────────┼───────────────┼────────────────────────────┼─────┼─────┼─────┼──────────┼──────────┼─────┼────────┼─────┼──────┼────────┼────────────┼───────────┼───────────────┼──────┼───────────┼──────┤
│ (index) │   c   │   h   │   l   │   o   │  sd   │  val_sd   │ total_vol │ sum_vol │    val    │ acum_val  │   datetime    │            date            │ pbu │ psd │ puk │    bs    │    sb    │ abu │  asd   │ auk │ rsd  │ bu-sd  │ bu-sd_val  │ acum_busd │ acum_busd_val │  bu  │  val_bu   │ rbu  │
├─────────┼───────┼───────┼───────┼───────┼───────┼───────────┼───────────┼─────────┼───────────┼───────────┼───────────────┼────────────────────────────┼─────┼─────┼─────┼──────────┼──────────┼─────┼────────┼─────┼──────┼────────┼────────────┼───────────┼───────────────┼──────┼───────────┼──────┤
│   21    │ 14.2  │ 14.2  │ 14.2  │ 14.2  │       │           │   26300   │   100   │  1420000  │ 279652400 │ 1672324080000 │ '2022-12-29T14:28:00.000Z' │ 100 │  0  │  0  │ Infinity │    0     │ 500 │ 1565.2 │  0  │      │  100   │  1420000   │   -3300   │   45467600    │ 100  │  1420000  │ 0.2  │
│   22    │ 14.2  │ 14.2  │ 14.2  │ 14.2  │ 21200 │ 301040000 │   47500   │  21200  │ 301040000 │ 580692400 │ 1672325040000 │ '2022-12-29T14:44:00.000Z' │  0  │ 100 │  0  │    0     │ Infinity │ 500 │ 1565.2 │  0  │ 13.5 │ -21200 │ -301040000 │  -24500   │  -255572400   │      │           │      │
└─────────┴───────┴───────┴───────┴───────┴───────┴───────────┴───────────┴─────────┴───────────┴───────────┴───────────────┴────────────────────────────┴─────┴─────┴─────┴──────────┴──────────┴─────┴────────┴─────┴──────┴────────┴────────────┴───────────┴───────────────┴──────┴───────────┴──────┘

