┌─────────┬──────┬──────┬──────┬──────┬──────┬──────────┬───────────┬─────────┬──────────┬──────────┬─────┬─────────┬───────────────┬────────────────────────────┬──────┬──────┬─────┬──────────┬──────────┬───────┬───────┬─────┬─────┬─────┬───────┬───────────┬───────────┬───────────────┐
│ (index) │  c   │  h   │  l   │  o   │  sd  │  val_sd  │ total_vol │ sum_vol │   val    │ acum_val │ bu  │ val_bu  │   datetime    │            date            │ pbu  │ psd  │ puk │    bs    │    sb    │  abu  │  asd  │ auk │ rsd │ rbu │ bu-sd │ bu-sd_val │ acum_busd │ acum_busd_val │
├─────────┼──────┼──────┼──────┼──────┼──────┼──────────┼───────────┼─────────┼──────────┼──────────┼─────┼─────────┼───────────────┼────────────────────────────┼──────┼──────┼─────┼──────────┼──────────┼───────┼───────┼─────┼─────┼─────┼───────┼───────────┼───────────┼───────────────┤
│    0    │ 3.57 │ 3.57 │ 3.57 │ 3.57 │ 100  │  357000  │    300    │   300   │ 1071000  │ 1071000  │ 200 │ 714000  │ 1672305900000 │ '2022-12-29T09:25:00.000Z' │ 66.7 │ 33.3 │  0  │    2     │   0.5    │ 121.1 │ 910.5 │  0  │ 0.1 │ 1.7 │  100  │  357000   │    100    │    357000     │
│    1    │ 3.58 │ 3.58 │ 3.58 │ 3.58 │      │          │    500    │   200   │  716000  │ 1787000  │ 200 │ 716000  │ 1672306500000 │ '2022-12-29T09:35:00.000Z' │ 100  │  0   │  0  │ Infinity │    0     │ 121.1 │ 910.5 │  0  │     │ 1.7 │  200  │  716000   │    300    │    1073000    │
│    2    │ 3.6  │ 3.6  │ 3.6  │ 3.6  │      │          │    600    │   100   │  360000  │ 2147000  │ 100 │ 360000  │ 1672306800000 │ '2022-12-29T09:40:00.000Z' │ 100  │  0   │  0  │ Infinity │    0     │ 121.1 │ 910.5 │  0  │     │ 0.8 │  100  │  360000   │    400    │    1433000    │
│    3    │ 3.56 │ 3.57 │ 3.56 │ 3.57 │ 600  │ 2140000  │   1200    │   600   │ 2140000  │ 4287000  │     │         │ 1672309800000 │ '2022-12-29T10:30:00.000Z' │  0   │ 100  │  0  │    0     │ Infinity │ 121.1 │ 910.5 │  0  │ 0.7 │     │ -600  │ -2140000  │   -200    │    -707000    │
│    4    │ 3.59 │ 3.59 │ 3.56 │ 3.56 │ 600  │ 2154000  │   2000    │   800   │ 2866000  │ 7153000  │ 200 │ 712000  │ 1672311600000 │ '2022-12-29T11:00:00.000Z' │  25  │  75  │  0  │   0.3    │    3     │ 121.1 │ 910.5 │  0  │ 0.7 │ 1.7 │ -400  │ -1442000  │   -600    │   -2149000    │
│    5    │ 3.59 │ 3.59 │ 3.59 │ 3.59 │ 1400 │ 5026000  │   3400    │  1400   │ 5026000  │ 12179000 │     │         │ 1672311900000 │ '2022-12-29T11:05:00.000Z' │  0   │ 100  │  0  │    0     │ Infinity │ 121.1 │ 910.5 │  0  │ 1.5 │     │ -1400 │ -5026000  │   -2000   │   -7175000    │
│    6    │ 3.56 │ 3.56 │ 3.56 │ 3.56 │ 200  │  712000  │   3600    │   200   │  712000  │ 12891000 │     │         │ 1672312200000 │ '2022-12-29T11:10:00.000Z' │  0   │ 100  │  0  │    0     │ Infinity │ 121.1 │ 910.5 │  0  │ 0.2 │     │ -200  │  -712000  │   -2200   │   -7887000    │
│    7    │ 3.52 │ 3.52 │ 3.52 │ 3.52 │ 200  │  704000  │   3800    │   200   │  704000  │ 13595000 │     │         │ 1672312500000 │ '2022-12-29T11:15:00.000Z' │  0   │ 100  │  0  │    0     │ Infinity │ 121.1 │ 910.5 │  0  │ 0.2 │     │ -200  │  -704000  │   -2400   │   -8591000    │
│    8    │ 3.5  │ 3.5  │ 3.5  │ 3.5  │ 600  │ 2100000  │   4400    │   600   │ 2100000  │ 15695000 │     │         │ 1672312800000 │ '2022-12-29T11:20:00.000Z' │  0   │ 100  │  0  │    0     │ Infinity │ 121.1 │ 910.5 │  0  │ 0.7 │     │ -600  │ -2100000  │   -3000   │   -10691000   │
│    9    │ 3.5  │ 3.5  │ 3.5  │ 3.5  │      │          │   4600    │   200   │  700000  │ 16395000 │ 200 │ 700000  │ 1672313100000 │ '2022-12-29T11:25:00.000Z' │ 100  │  0   │  0  │ Infinity │    0     │ 121.1 │ 910.5 │  0  │     │ 1.7 │  200  │  700000   │   -2800   │   -9991000    │
│   10    │ 3.59 │ 3.59 │ 3.5  │ 3.5  │ 2000 │ 7000000  │   7200    │  2600   │ 9154000  │ 25549000 │ 600 │ 2154000 │ 1672318800000 │ '2022-12-29T13:00:00.000Z' │ 23.1 │ 76.9 │  0  │   0.3    │   3.3    │ 121.1 │ 910.5 │  0  │ 2.2 │  5  │ -1400 │ -4846000  │   -4200   │   -14837000   │
│   11    │ 3.59 │ 3.59 │ 3.59 │ 3.59 │ 500  │ 1795000  │   7700    │   500   │ 1795000  │ 27344000 │     │         │ 1672319100000 │ '2022-12-29T13:05:00.000Z' │  0   │ 100  │  0  │    0     │ Infinity │ 121.1 │ 910.5 │  0  │ 0.5 │     │ -500  │ -1795000  │   -4700   │   -16632000   │
│   12    │ 3.54 │ 3.54 │ 3.54 │ 3.54 │ 1800 │ 6372000  │   9500    │  1800   │ 6372000  │ 33716000 │     │         │ 1672321200000 │ '2022-12-29T13:40:00.000Z' │  0   │ 100  │  0  │    0     │ Infinity │ 121.1 │ 910.5 │  0  │  2  │     │ -1800 │ -6372000  │   -6500   │   -23004000   │
│   13    │ 3.54 │ 3.54 │ 3.54 │ 3.54 │ 2000 │ 7080000  │   11500   │  2000   │ 7080000  │ 40796000 │     │         │ 1672322400000 │ '2022-12-29T14:00:00.000Z' │  0   │ 100  │  0  │    0     │ Infinity │ 121.1 │ 910.5 │  0  │ 2.2 │     │ -2000 │ -7080000  │   -8500   │   -30084000   │
│   14    │ 3.54 │ 3.54 │ 3.54 │ 3.54 │      │          │   11900   │   400   │ 1416000  │ 42212000 │ 400 │ 1416000 │ 1672323000000 │ '2022-12-29T14:10:00.000Z' │ 100  │  0   │  0  │ Infinity │    0     │ 121.1 │ 910.5 │  0  │     │ 3.3 │  400  │  1416000  │   -8100   │   -28668000   │
│   15    │ 3.53 │ 3.54 │ 3.53 │ 3.54 │ 400  │ 1413000  │   12300   │   400   │ 1413000  │ 43625000 │     │         │ 1672323300000 │ '2022-12-29T14:15:00.000Z' │  0   │ 100  │  0  │    0     │ Infinity │ 121.1 │ 910.5 │  0  │ 0.4 │     │ -400  │ -1413000  │   -8500   │   -30081000   │
│   16    │ 3.53 │ 3.53 │ 3.53 │ 3.53 │ 3900 │ 13767000 │   16200   │  3900   │ 13767000 │ 57392000 │     │         │ 1672323600000 │ '2022-12-29T14:20:00.000Z' │  0   │ 100  │  0  │    0     │ Infinity │ 121.1 │ 910.5 │  0  │ 4.3 │     │ -3900 │ -13767000 │  -12400   │   -43848000   │
│   17    │ 3.53 │ 3.53 │ 3.53 │ 3.53 │ 3000 │ 10590000 │   19300   │  3100   │ 10943000 │ 68335000 │ 100 │ 353000  │ 1672323900000 │ '2022-12-29T14:25:00.000Z' │ 3.2  │ 96.8 │  0  │    0     │    30    │ 121.1 │ 910.5 │  0  │ 3.3 │ 0.8 │ -2900 │ -10237000 │  -15300   │   -54085000   │
│   18    │ 3.59 │ 3.59 │ 3.59 │ 3.59 │      │          │   19600   │   300   │ 1077000  │ 69412000 │ 300 │ 1077000 │ 1672325100000 │ '2022-12-29T14:45:00.000Z' │ 100  │  0   │  0  │ Infinity │    0     │ 121.1 │ 910.5 │  0  │     │ 2.5 │  300  │  1077000  │  -15000   │   -53008000   │
└─────────┴──────┴──────┴──────┴──────┴──────┴──────────┴───────────┴─────────┴──────────┴──────────┴─────┴─────────┴───────────────┴────────────────────────────┴──────┴──────┴─────┴──────────┴──────────┴───────┴───────┴─────┴─────┴─────┴───────┴───────────┴───────────┴───────────────┘

├─────────┼──────┼──────┼──────┼──────┼──────┼──────────┼───────────┼─────────┼──────────┼──────────┼─────┼─────────┼───────────────┼────────────────────────────┼──────┼──────┼─────┼──────────┼──────────┼───────┼───────┼─────┼─────┼─────┼───────┼───────────┼───────────┼───────────────┤
│ (index) │  c   │  h   │  l   │  o   │  sd  │  val_sd  │ total_vol │ sum_vol │   val    │ acum_val │ bu  │ val_bu  │   datetime    │            date            │ pbu  │ psd  │ puk │    bs    │    sb    │  abu  │  asd  │ auk │ rsd │ rbu │ bu-sd │ bu-sd_val │ acum_busd │ acum_busd_val │
├─────────┼──────┼──────┼──────┼──────┼──────┼──────────┼───────────┼─────────┼──────────┼──────────┼─────┼─────────┼───────────────┼────────────────────────────┼──────┼──────┼─────┼──────────┼──────────┼───────┼───────┼─────┼─────┼─────┼───────┼───────────┼───────────┼───────────────┤
