┌─────────┬─────┬─────┬─────┬─────┬───────┬──────────┬───────────┬─────────┬───────────┬───────────┬───────────────┬────────────────────────────┬──────┬──────┬─────┬──────────┬──────────┬──────┬────────┬─────┬─────┬────────┬───────────┬───────────┬───────────────┬──────┬──────────┬─────┐
│ (index) │  c  │  h  │  l  │  o  │  sd   │  val_sd  │ total_vol │ sum_vol │    val    │ acum_val  │   datetime    │            date            │ pbu  │ psd  │ puk │    bs    │    sb    │ abu  │  asd   │ auk │ rsd │ bu-sd  │ bu-sd_val │ acum_busd │ acum_busd_val │  bu  │  val_bu  │ rbu │
├─────────┼─────┼─────┼─────┼─────┼───────┼──────────┼───────────┼─────────┼───────────┼───────────┼───────────────┼────────────────────────────┼──────┼──────┼─────┼──────────┼──────────┼──────┼────────┼─────┼─────┼────────┼───────────┼───────────┼───────────────┼──────┼──────────┼─────┤
│    0    │  6  │  6  │  6  │  6  │  600  │ 3600000  │    600    │   600   │  3600000  │  3600000  │ 1672304100000 │ '2022-12-29T08:55:00.000Z' │  0   │ 100  │  0  │    0     │ Infinity │ 1641 │ 1789.7 │  0  │ 0.3 │  -600  │ -3600000  │   -600    │   -3600000    │      │          │     │
│    1    │ 5.8 │ 5.8 │ 5.8 │ 5.8 │       │          │   9300    │  8700   │ 50460000  │ 54060000  │ 1672305600000 │ '2022-12-29T09:20:00.000Z' │ 100  │  0   │  0  │ Infinity │    0     │ 1641 │ 1789.7 │  0  │     │  8700  │ 50460000  │   8100    │   46860000    │ 8700 │ 50460000 │ 5.3 │
│    2    │ 5.8 │ 5.8 │ 5.8 │ 5.8 │       │          │   17900   │  8600   │ 49880000  │ 103940000 │ 1672305900000 │ '2022-12-29T09:25:00.000Z' │ 100  │  0   │  0  │ Infinity │    0     │ 1641 │ 1789.7 │  0  │     │  8600  │ 49880000  │   16700   │   96740000    │ 8600 │ 49880000 │ 5.2 │
│    3    │ 5.9 │ 5.9 │ 5.8 │ 5.8 │  200  │ 1180000  │   21100   │  3200   │ 18610000  │ 122550000 │ 1672306200000 │ '2022-12-29T09:30:00.000Z' │ 93.8 │ 6.3  │  0  │    15    │   0.1    │ 1641 │ 1789.7 │  0  │ 0.1 │  2800  │ 16250000  │   19500   │   112990000   │ 3000 │ 17430000 │ 1.8 │
│    4    │ 5.9 │ 5.9 │ 5.9 │ 5.9 │  500  │ 2950000  │   21600   │   500   │  2950000  │ 125500000 │ 1672306500000 │ '2022-12-29T09:35:00.000Z' │  0   │ 100  │  0  │    0     │ Infinity │ 1641 │ 1789.7 │  0  │ 0.3 │  -500  │ -2950000  │   19000   │   110040000   │      │          │     │
│    5    │ 5.9 │ 5.9 │ 5.9 │ 5.9 │       │          │   23600   │  2000   │ 11800000  │ 137300000 │ 1672306800000 │ '2022-12-29T09:40:00.000Z' │ 100  │  0   │  0  │ Infinity │    0     │ 1641 │ 1789.7 │  0  │     │  2000  │ 11800000  │   21000   │   121840000   │ 2000 │ 11800000 │ 1.2 │
│    6    │ 5.9 │ 5.9 │ 5.9 │ 5.9 │       │          │   24200   │   600   │  3540000  │ 140840000 │ 1672307400000 │ '2022-12-29T09:50:00.000Z' │ 100  │  0   │  0  │ Infinity │    0     │ 1641 │ 1789.7 │  0  │     │  600   │  3540000  │   21600   │   125380000   │ 600  │ 3540000  │ 0.4 │
│    7    │ 5.9 │ 5.9 │ 5.9 │ 5.9 │       │          │   24300   │   100   │  590000   │ 141430000 │ 1672308000000 │ '2022-12-29T10:00:00.000Z' │ 100  │  0   │  0  │ Infinity │    0     │ 1641 │ 1789.7 │  0  │     │  100   │  590000   │   21700   │   125970000   │ 100  │  590000  │ 0.1 │
│    8    │ 5.9 │ 5.9 │ 5.8 │ 5.9 │  800  │ 4640000  │   28000   │  3700   │ 21750000  │ 163180000 │ 1672308600000 │ '2022-12-29T10:10:00.000Z' │ 78.4 │ 21.6 │  0  │   3.6    │   0.3    │ 1641 │ 1789.7 │  0  │ 0.4 │  2100  │ 12470000  │   23800   │   138440000   │ 2900 │ 17110000 │ 1.8 │
│    9    │ 5.9 │ 5.9 │ 5.8 │ 5.8 │  600  │ 3480000  │   30600   │  2600   │ 15280000  │ 178460000 │ 1672309200000 │ '2022-12-29T10:20:00.000Z' │ 76.9 │ 23.1 │  0  │   3.3    │   0.3    │ 1641 │ 1789.7 │  0  │ 0.3 │  1400  │  8320000  │   25200   │   146760000   │ 2000 │ 11800000 │ 1.2 │
│   10    │ 5.9 │ 5.9 │ 5.9 │ 5.9 │       │          │   32700   │  2100   │ 12390000  │ 190850000 │ 1672309500000 │ '2022-12-29T10:25:00.000Z' │ 100  │  0   │  0  │ Infinity │    0     │ 1641 │ 1789.7 │  0  │     │  2100  │ 12390000  │   27300   │   159150000   │ 2100 │ 12390000 │ 1.3 │
│   11    │ 5.9 │ 5.9 │ 5.9 │ 5.9 │       │          │   33200   │   500   │  2950000  │ 193800000 │ 1672309800000 │ '2022-12-29T10:30:00.000Z' │ 100  │  0   │  0  │ Infinity │    0     │ 1641 │ 1789.7 │  0  │     │  500   │  2950000  │   27800   │   162100000   │ 500  │ 2950000  │ 0.3 │
│   12    │ 5.9 │ 5.9 │ 5.9 │ 5.9 │       │          │   34200   │  1000   │  5900000  │ 199700000 │ 1672310100000 │ '2022-12-29T10:35:00.000Z' │ 100  │  0   │  0  │ Infinity │    0     │ 1641 │ 1789.7 │  0  │     │  1000  │  5900000  │   28800   │   168000000   │ 1000 │ 5900000  │ 0.6 │
│   13    │ 5.8 │ 5.8 │ 5.8 │ 5.8 │ 10000 │ 58000000 │   44200   │  10000  │ 58000000  │ 257700000 │ 1672310400000 │ '2022-12-29T10:40:00.000Z' │  0   │ 100  │  0  │    0     │ Infinity │ 1641 │ 1789.7 │  0  │ 5.6 │ -10000 │ -58000000 │   18800   │   110000000   │      │          │     │
│   14    │ 5.8 │ 5.8 │ 5.8 │ 5.8 │  200  │ 1160000  │   44400   │   200   │  1160000  │ 258860000 │ 1672310700000 │ '2022-12-29T10:45:00.000Z' │  0   │ 100  │  0  │    0     │ Infinity │ 1641 │ 1789.7 │  0  │ 0.1 │  -200  │ -1160000  │   18600   │   108840000   │      │          │     │
│   15    │ 5.9 │ 5.9 │ 5.9 │ 5.9 │       │          │   44500   │   100   │  590000   │ 259450000 │ 1672311000000 │ '2022-12-29T10:50:00.000Z' │ 100  │  0   │  0  │ Infinity │    0     │ 1641 │ 1789.7 │  0  │     │  100   │  590000   │   18700   │   109430000   │ 100  │  590000  │ 0.1 │
│   16    │ 5.9 │ 5.9 │ 5.9 │ 5.9 │       │          │   44600   │   100   │  590000   │ 260040000 │ 1672311300000 │ '2022-12-29T10:55:00.000Z' │ 100  │  0   │  0  │ Infinity │    0     │ 1641 │ 1789.7 │  0  │     │  100   │  590000   │   18800   │   110020000   │ 100  │  590000  │ 0.1 │
│   17    │ 5.9 │ 5.9 │ 5.9 │ 5.9 │ 13200 │ 77880000 │   57800   │  13200  │ 77880000  │ 337920000 │ 1672312200000 │ '2022-12-29T11:10:00.000Z' │  0   │ 100  │  0  │    0     │ Infinity │ 1641 │ 1789.7 │  0  │ 7.4 │ -13200 │ -77880000 │   5600    │   32140000    │      │          │     │
│   18    │ 5.9 │ 5.9 │ 5.9 │ 5.9 │ 1100  │ 6490000  │   58900   │  1100   │  6490000  │ 344410000 │ 1672312500000 │ '2022-12-29T11:15:00.000Z' │  0   │ 100  │  0  │    0     │ Infinity │ 1641 │ 1789.7 │  0  │ 0.6 │ -1100  │ -6490000  │   4500    │   25650000    │      │          │     │
│   19    │ 5.9 │ 5.9 │ 5.9 │ 5.9 │  100  │  590000  │   59000   │   100   │  590000   │ 345000000 │ 1672312800000 │ '2022-12-29T11:20:00.000Z' │  0   │ 100  │  0  │    0     │ Infinity │ 1641 │ 1789.7 │  0  │ 0.1 │  -100  │  -590000  │   4400    │   25060000    │      │          │     │
│   20    │ 5.9 │ 5.9 │ 5.9 │ 5.9 │ 1000  │ 5900000  │   60000   │  1000   │  5900000  │ 350900000 │ 1672313100000 │ '2022-12-29T11:25:00.000Z' │  0   │ 100  │  0  │    0     │ Infinity │ 1641 │ 1789.7 │  0  │ 0.6 │ -1000  │ -5900000  │   3400    │   19160000    │      │          │     │
├─────────┼─────┼─────┼─────┼─────┼───────┼──────────┼───────────┼─────────┼───────────┼───────────┼───────────────┼────────────────────────────┼──────┼──────┼─────┼──────────┼──────────┼──────┼────────┼─────┼─────┼────────┼───────────┼───────────┼───────────────┼──────┼──────────┼─────┤
│ (index) │  c  │  h  │  l  │  o  │  sd   │  val_sd  │ total_vol │ sum_vol │    val    │ acum_val  │   datetime    │            date            │ pbu  │ psd  │ puk │    bs    │    sb    │ abu  │  asd   │ auk │ rsd │ bu-sd  │ bu-sd_val │ acum_busd │ acum_busd_val │  bu  │  val_bu  │ rbu │
├─────────┼─────┼─────┼─────┼─────┼───────┼──────────┼───────────┼─────────┼───────────┼───────────┼───────────────┼────────────────────────────┼──────┼──────┼─────┼──────────┼──────────┼──────┼────────┼─────┼─────┼────────┼───────────┼───────────┼───────────────┼──────┼──────────┼─────┤
│   21    │ 5.9 │ 5.9 │ 5.9 │ 5.9 │  300  │ 1770000  │   60300   │   300   │  1770000  │ 352670000 │ 1672318500000 │ '2022-12-29T12:55:00.000Z' │  0   │ 100  │  0  │    0     │ Infinity │ 1641 │ 1789.7 │  0  │ 0.2 │  -300  │ -1770000  │   3100    │   17390000    │      │          │     │
│   22    │ 5.9 │ 5.9 │ 5.9 │ 5.9 │  600  │ 3540000  │   60900   │   600   │  3540000  │ 356210000 │ 1672318800000 │ '2022-12-29T13:00:00.000Z' │  0   │ 100  │  0  │    0     │ Infinity │ 1641 │ 1789.7 │  0  │ 0.3 │  -600  │ -3540000  │   2500    │   13850000    │      │          │     │
│   23    │ 5.9 │ 5.9 │ 5.9 │ 5.9 │ 1800  │ 10620000 │   62700   │  1800   │ 10620000  │ 366830000 │ 1672319100000 │ '2022-12-29T13:05:00.000Z' │  0   │ 100  │  0  │    0     │ Infinity │ 1641 │ 1789.7 │  0  │  1  │ -1800  │ -10620000 │    700    │    3230000    │      │          │     │
│   24    │ 5.9 │ 5.9 │ 5.9 │ 5.9 │  500  │ 2950000  │   63200   │   500   │  2950000  │ 369780000 │ 1672319400000 │ '2022-12-29T13:10:00.000Z' │  0   │ 100  │  0  │    0     │ Infinity │ 1641 │ 1789.7 │  0  │ 0.3 │  -500  │ -2950000  │    200    │    280000     │      │          │     │
│   25    │ 5.9 │ 5.9 │ 5.9 │ 5.9 │ 4600  │ 27140000 │   74600   │  11400  │ 67260000  │ 437040000 │ 1672319700000 │ '2022-12-29T13:15:00.000Z' │ 59.6 │ 40.4 │  0  │   1.5    │   0.7    │ 1641 │ 1789.7 │  0  │ 2.6 │  2200  │ 12980000  │   2400    │   13260000    │ 6800 │ 40120000 │ 4.1 │
│   26    │ 5.9 │ 5.9 │ 5.9 │ 5.9 │       │          │   76000   │  1400   │  8260000  │ 445300000 │ 1672320300000 │ '2022-12-29T13:25:00.000Z' │ 100  │  0   │  0  │ Infinity │    0     │ 1641 │ 1789.7 │  0  │     │  1400  │  8260000  │   3800    │   21520000    │ 1400 │ 8260000  │ 0.9 │
│   27    │ 5.9 │ 5.9 │ 5.9 │ 5.9 │       │          │   76900   │   900   │  5310000  │ 450610000 │ 1672320600000 │ '2022-12-29T13:30:00.000Z' │ 100  │  0   │  0  │ Infinity │    0     │ 1641 │ 1789.7 │  0  │     │  900   │  5310000  │   4700    │   26830000    │ 900  │ 5310000  │ 0.5 │
│   28    │ 5.9 │ 5.9 │ 5.9 │ 5.9 │       │          │   77100   │   200   │  1180000  │ 451790000 │ 1672321200000 │ '2022-12-29T13:40:00.000Z' │ 100  │  0   │  0  │ Infinity │    0     │ 1641 │ 1789.7 │  0  │     │  200   │  1180000  │   4900    │   28010000    │ 200  │ 1180000  │ 0.1 │
│   29    │ 5.8 │ 5.8 │ 5.8 │ 5.8 │ 1000  │ 5800000  │   78100   │  1000   │  5800000  │ 457590000 │ 1672322400000 │ '2022-12-29T14:00:00.000Z' │  0   │ 100  │  0  │    0     │ Infinity │ 1641 │ 1789.7 │  0  │ 0.6 │ -1000  │ -5800000  │   3900    │   22210000    │      │          │     │
│   30    │ 5.8 │ 5.8 │ 5.8 │ 5.8 │ 5100  │ 29580000 │   88100   │  10000  │ 58000000  │ 515590000 │ 1672322700000 │ '2022-12-29T14:05:00.000Z' │  49  │  51  │  0  │    1     │    1     │ 1641 │ 1789.7 │  0  │ 2.8 │  -200  │ -1160000  │   3700    │   21050000    │ 4900 │ 28420000 │  3  │
│   31    │ 5.8 │ 5.8 │ 5.8 │ 5.8 │ 11800 │ 68440000 │  108200   │  20100  │ 116580000 │ 632170000 │ 1672323000000 │ '2022-12-29T14:10:00.000Z' │ 41.3 │ 58.7 │  0  │   0.7    │   1.4    │ 1641 │ 1789.7 │  0  │ 6.6 │ -3500  │ -20300000 │    200    │    750000     │ 8300 │ 48140000 │ 5.1 │
│   32    │ 5.8 │ 5.8 │ 5.8 │ 5.8 │  100  │  580000  │  108300   │   100   │  580000   │ 632750000 │ 1672323600000 │ '2022-12-29T14:20:00.000Z' │  0   │ 100  │  0  │    0     │ Infinity │ 1641 │ 1789.7 │  0  │ 0.1 │  -100  │  -580000  │    100    │    170000     │      │          │     │
│   33    │ 5.8 │ 5.8 │ 5.8 │ 5.8 │ 4000  │ 23200000 │  112300   │  4000   │ 23200000  │ 655950000 │ 1672323900000 │ '2022-12-29T14:25:00.000Z' │  0   │ 100  │  0  │    0     │ Infinity │ 1641 │ 1789.7 │  0  │ 2.2 │ -4000  │ -23200000 │   -3900   │   -23030000   │      │          │     │
│   34    │ 5.8 │ 5.8 │ 5.8 │ 5.8 │ 9700  │ 56260000 │  122000   │  9700   │ 56260000  │ 712210000 │ 1672324200000 │ '2022-12-29T14:30:00.000Z' │  0   │ 100  │  0  │    0     │ Infinity │ 1641 │ 1789.7 │  0  │ 5.4 │ -9700  │ -56260000 │  -13600   │   -79290000   │      │          │     │
│   35    │ 5.8 │ 5.8 │ 5.8 │ 5.8 │       │          │  124200   │  2200   │ 12760000  │ 724970000 │ 1672324800000 │ '2022-12-29T14:40:00.000Z' │ 100  │  0   │  0  │ Infinity │    0     │ 1641 │ 1789.7 │  0  │     │  2200  │ 12760000  │  -11400   │   -66530000   │ 2200 │ 12760000 │ 1.3 │
│   36    │ 5.8 │ 5.8 │ 5.8 │ 5.8 │       │          │  124700   │   500   │  2900000  │ 727870000 │ 1672325100000 │ '2022-12-29T14:45:00.000Z' │ 100  │  0   │  0  │ Infinity │    0     │ 1641 │ 1789.7 │  0  │     │  500   │  2900000  │  -10900   │   -63630000   │ 500  │ 2900000  │ 0.3 │
│   37    │ 5.8 │ 5.8 │ 5.8 │ 5.8 │       │          │  125400   │   700   │  4060000  │ 731930000 │ 1672325400000 │ '2022-12-29T14:50:00.000Z' │ 100  │  0   │  0  │ Infinity │    0     │ 1641 │ 1789.7 │  0  │     │  700   │  4060000  │  -10200   │   -59570000   │ 700  │ 4060000  │ 0.4 │
│   38    │ 5.9 │ 5.9 │ 5.8 │ 5.8 │ 2000  │ 11600000 │  133800   │  8400   │ 48730000  │ 780660000 │ 1672325700000 │ '2022-12-29T14:55:00.000Z' │ 76.2 │ 23.8 │  0  │   3.2    │   0.3    │ 1641 │ 1789.7 │  0  │ 1.1 │  4400  │ 25530000  │   -5800   │   -34040000   │ 6400 │ 37130000 │ 3.9 │
└─────────┴─────┴─────┴─────┴─────┴───────┴──────────┴───────────┴─────────┴───────────┴───────────┴───────────────┴────────────────────────────┴──────┴──────┴─────┴──────────┴──────────┴──────┴────────┴─────┴─────┴────────┴───────────┴───────────┴───────────────┴──────┴──────────┴─────┘

├─────────┼─────┼─────┼─────┼─────┼───────┼──────────┼───────────┼─────────┼───────────┼───────────┼───────────────┼────────────────────────────┼──────┼──────┼─────┼──────────┼──────────┼──────┼────────┼─────┼─────┼────────┼───────────┼───────────┼───────────────┼──────┼──────────┼─────┤
│ (index) │  c  │  h  │  l  │  o  │  sd   │  val_sd  │ total_vol │ sum_vol │    val    │ acum_val  │   datetime    │            date            │ pbu  │ psd  │ puk │    bs    │    sb    │ abu  │  asd   │ auk │ rsd │ bu-sd  │ bu-sd_val │ acum_busd │ acum_busd_val │  bu  │  val_bu  │ rbu │
├─────────┼─────┼─────┼─────┼─────┼───────┼──────────┼───────────┼─────────┼───────────┼───────────┼───────────────┼────────────────────────────┼──────┼──────┼─────┼──────────┼──────────┼──────┼────────┼─────┼─────┼────────┼───────────┼───────────┼───────────────┼──────┼──────────┼─────┤
