┌─────────┬───────┬───────┬───────┬───────┬──────┬───────────┬───────────┬─────────┬───────────┬───────────┬───────────────┬────────────────────────────┬──────┬──────┬─────┬──────────┬──────────┬───────┬────────┬─────┬─────┬───────┬────────────┬───────────┬───────────────┬──────┬───────────┬─────┐
│ (index) │   c   │   h   │   l   │   o   │  bu  │  val_bu   │ total_vol │ sum_vol │    val    │ acum_val  │   datetime    │            date            │ pbu  │ psd  │ puk │    bs    │    sb    │  abu  │  asd   │ auk │ rbu │ bu-sd │ bu-sd_val  │ acum_busd │ acum_busd_val │  sd  │  val_sd   │ rsd │
├─────────┼───────┼───────┼───────┼───────┼──────┼───────────┼───────────┼─────────┼───────────┼───────────┼───────────────┼────────────────────────────┼──────┼──────┼─────┼──────────┼──────────┼───────┼────────┼─────┼─────┼───────┼────────────┼───────────┼───────────────┼──────┼───────────┼─────┤
│    0    │ 15.8  │ 15.8  │ 15.8  │ 15.8  │ 1000 │ 15800000  │   1000    │  1000   │ 15800000  │ 15800000  │ 1672305600000 │ '2022-12-29T09:20:00.000Z' │ 100  │  0   │  0  │ Infinity │    0     │ 881.8 │ 1018.2 │  0  │ 1.1 │ 1000  │  15800000  │   1000    │   15800000    │      │           │     │
│    1    │ 15.3  │ 15.3  │ 15.3  │ 15.3  │      │           │   1100    │   100   │  1530000  │ 17330000  │ 1672305840000 │ '2022-12-29T09:24:00.000Z' │  0   │ 100  │  0  │    0     │ Infinity │ 881.8 │ 1018.2 │  0  │     │ -100  │  -1530000  │    900    │   14270000    │ 100  │  1530000  │ 0.1 │
│    2    │ 15.1  │ 15.1  │ 15.1  │ 15.1  │      │           │   3100    │  2000   │ 30200000  │ 47530000  │ 1672305960000 │ '2022-12-29T09:26:00.000Z' │  0   │ 100  │  0  │    0     │ Infinity │ 881.8 │ 1018.2 │  0  │     │ -2000 │ -30200000  │   -1100   │   -15930000   │ 2000 │ 30200000  │  2  │
│    3    │ 15.8  │ 15.8  │ 15.6  │ 15.6  │ 700  │ 10960000  │   3800    │   700   │ 10960000  │ 58490000  │ 1672306080000 │ '2022-12-29T09:28:00.000Z' │ 100  │  0   │  0  │ Infinity │    0     │ 881.8 │ 1018.2 │  0  │ 0.8 │  700  │  10960000  │   -400    │   -4970000    │      │           │     │
│    4    │ 15.9  │ 15.9  │ 15.8  │ 15.8  │ 500  │  7950000  │   4600    │   800   │ 12690000  │ 71180000  │ 1672306200000 │ '2022-12-29T09:30:00.000Z' │ 62.5 │ 37.5 │  0  │   1.7    │   0.6    │ 881.8 │ 1018.2 │  0  │ 0.6 │  200  │  3210000   │   -200    │   -1760000    │ 300  │  4740000  │ 0.3 │
│    5    │ 15.9  │ 15.9  │ 15.8  │ 15.8  │ 3700 │ 58810000  │   8300    │  3700   │ 58810000  │ 129990000 │ 1672306680000 │ '2022-12-29T09:38:00.000Z' │ 100  │  0   │  0  │ Infinity │    0     │ 881.8 │ 1018.2 │  0  │ 4.2 │ 3700  │  58810000  │   3500    │   57050000    │      │           │     │
│    6    │ 16.35 │ 16.35 │  16   │  16   │ 1300 │ 20835000  │   9600    │  1300   │ 20835000  │ 150825000 │ 1672306800000 │ '2022-12-29T09:40:00.000Z' │ 100  │  0   │  0  │ Infinity │    0     │ 881.8 │ 1018.2 │  0  │ 1.5 │ 1300  │  20835000  │   4800    │   77885000    │      │           │     │
│    7    │ 16.3  │ 16.3  │ 16.25 │ 16.25 │ 200  │  3255000  │   9800    │   200   │  3255000  │ 154080000 │ 1672307160000 │ '2022-12-29T09:46:00.000Z' │ 100  │  0   │  0  │ Infinity │    0     │ 881.8 │ 1018.2 │  0  │ 0.2 │  200  │  3255000   │   5000    │   81140000    │      │           │     │
│    8    │ 15.8  │ 15.8  │ 15.8  │ 15.8  │      │           │   10500   │   700   │ 11060000  │ 165140000 │ 1672308360000 │ '2022-12-29T10:06:00.000Z' │  0   │ 100  │  0  │    0     │ Infinity │ 881.8 │ 1018.2 │  0  │     │ -700  │ -11060000  │   4300    │   70080000    │ 700  │ 11060000  │ 0.7 │
│    9    │ 15.8  │ 15.8  │ 15.8  │ 15.8  │ 300  │  4740000  │   10800   │   300   │  4740000  │ 169880000 │ 1672308480000 │ '2022-12-29T10:08:00.000Z' │ 100  │  0   │  0  │ Infinity │    0     │ 881.8 │ 1018.2 │  0  │ 0.3 │  300  │  4740000   │   4600    │   74820000    │      │           │     │
│   10    │ 15.8  │ 15.8  │ 15.8  │ 15.8  │      │           │   12500   │  1700   │ 26860000  │ 196740000 │ 1672310400000 │ '2022-12-29T10:40:00.000Z' │  0   │ 100  │  0  │    0     │ Infinity │ 881.8 │ 1018.2 │  0  │     │ -1700 │ -26860000  │   2900    │   47960000    │ 1700 │ 26860000  │ 1.7 │
│   11    │ 15.35 │ 15.35 │ 15.35 │ 15.35 │ 600  │  9210000  │   14500   │  2000   │ 30700000  │ 227440000 │ 1672310520000 │ '2022-12-29T10:42:00.000Z' │  30  │  70  │  0  │   0.4    │   2.3    │ 881.8 │ 1018.2 │  0  │ 0.7 │ -800  │ -12280000  │   2100    │   35680000    │ 1400 │ 21490000  │ 1.4 │
│   12    │ 15.35 │ 15.35 │ 15.35 │ 15.35 │      │           │   16500   │  2000   │ 30700000  │ 258140000 │ 1672311120000 │ '2022-12-29T10:52:00.000Z' │  0   │ 100  │  0  │    0     │ Infinity │ 881.8 │ 1018.2 │  0  │     │ -2000 │ -30700000  │    100    │    4980000    │ 2000 │ 30700000  │  2  │
│   13    │ 15.3  │ 15.35 │ 15.3  │ 15.35 │      │           │   18900   │  2400   │ 36750000  │ 294890000 │ 1672311360000 │ '2022-12-29T10:56:00.000Z' │  0   │ 100  │  0  │    0     │ Infinity │ 881.8 │ 1018.2 │  0  │     │ -2400 │ -36750000  │   -2300   │   -31770000   │ 2400 │ 36750000  │ 2.4 │
│   14    │ 15.25 │ 15.25 │ 15.25 │ 15.25 │      │           │   19000   │   100   │  1525000  │ 296415000 │ 1672319760000 │ '2022-12-29T13:16:00.000Z' │  0   │ 100  │  0  │    0     │ Infinity │ 881.8 │ 1018.2 │  0  │     │ -100  │  -1525000  │   -2400   │   -33295000   │ 100  │  1525000  │ 0.1 │
│   15    │ 15.25 │ 15.25 │ 15.25 │ 15.25 │      │           │   19700   │   700   │ 10675000  │ 307090000 │ 1672320000000 │ '2022-12-29T13:20:00.000Z' │  0   │ 100  │  0  │    0     │ Infinity │ 881.8 │ 1018.2 │  0  │     │ -700  │ -10675000  │   -3100   │   -43970000   │ 700  │ 10675000  │ 0.7 │
│   16    │ 15.25 │ 15.25 │ 15.25 │ 15.25 │      │           │   20000   │   300   │  4575000  │ 311665000 │ 1672320720000 │ '2022-12-29T13:32:00.000Z' │  0   │ 100  │  0  │    0     │ Infinity │ 881.8 │ 1018.2 │  0  │     │ -300  │  -4575000  │   -3400   │   -48545000   │ 300  │  4575000  │ 0.3 │
│   17    │ 15.8  │ 15.8  │ 15.8  │ 15.8  │ 100  │  1580000  │   20100   │   100   │  1580000  │ 313245000 │ 1672322520000 │ '2022-12-29T14:02:00.000Z' │ 100  │  0   │  0  │ Infinity │    0     │ 881.8 │ 1018.2 │  0  │ 0.1 │  100  │  1580000   │   -3300   │   -46965000   │      │           │     │
│   18    │ 15.1  │ 15.15 │ 15.1  │ 15.15 │      │           │   27600   │  7500   │ 113290000 │ 426535000 │ 1672322880000 │ '2022-12-29T14:08:00.000Z' │  0   │ 100  │  0  │    0     │ Infinity │ 881.8 │ 1018.2 │  0  │     │ -7500 │ -113290000 │  -10800   │  -160255000   │ 7500 │ 113290000 │ 7.4 │
│   19    │  15   │ 15.05 │  15   │ 15.05 │      │           │   30800   │  3200   │ 48150000  │ 474685000 │ 1672323000000 │ '2022-12-29T14:10:00.000Z' │  0   │ 100  │  0  │    0     │ Infinity │ 881.8 │ 1018.2 │  0  │     │ -3200 │ -48150000  │  -14000   │  -208405000   │ 3200 │ 48150000  │ 3.1 │
│   20    │ 15.8  │ 15.8  │ 15.75 │ 15.75 │ 1300 │ 20480000  │   32100   │  1300   │ 20480000  │ 495165000 │ 1672324080000 │ '2022-12-29T14:28:00.000Z' │ 100  │  0   │  0  │ Infinity │    0     │ 881.8 │ 1018.2 │  0  │ 1.5 │ 1300  │  20480000  │  -12700   │  -187925000   │      │           │     │
├─────────┼───────┼───────┼───────┼───────┼──────┼───────────┼───────────┼─────────┼───────────┼───────────┼───────────────┼────────────────────────────┼──────┼──────┼─────┼──────────┼──────────┼───────┼────────┼─────┼─────┼───────┼────────────┼───────────┼───────────────┼──────┼───────────┼─────┤
│ (index) │   c   │   h   │   l   │   o   │  bu  │  val_bu   │ total_vol │ sum_vol │    val    │ acum_val  │   datetime    │            date            │ pbu  │ psd  │ puk │    bs    │    sb    │  abu  │  asd   │ auk │ rbu │ bu-sd │ bu-sd_val  │ acum_busd │ acum_busd_val │  sd  │  val_sd   │ rsd │
├─────────┼───────┼───────┼───────┼───────┼──────┼───────────┼───────────┼─────────┼───────────┼───────────┼───────────────┼────────────────────────────┼──────┼──────┼─────┼──────────┼──────────┼───────┼────────┼─────┼─────┼───────┼────────────┼───────────┼───────────────┼──────┼───────────┼─────┤
│   21    │ 15.7  │ 15.7  │ 15.7  │ 15.7  │ 9700 │ 152290000 │   41800   │  9700   │ 152290000 │ 647455000 │ 1672325040000 │ '2022-12-29T14:44:00.000Z' │ 100  │  0   │  0  │ Infinity │    0     │ 881.8 │ 1018.2 │  0  │ 11  │ 9700  │ 152290000  │   -3000   │   -35635000   │      │           │     │
└─────────┴───────┴───────┴───────┴───────┴──────┴───────────┴───────────┴─────────┴───────────┴───────────┴───────────────┴────────────────────────────┴──────┴──────┴─────┴──────────┴──────────┴───────┴────────┴─────┴─────┴───────┴────────────┴───────────┴───────────────┴──────┴───────────┴─────┘

