┌─────────┬──────┬──────┬──────┬──────┬───────┬───────────┬───────────┬─────────┬───────────┬───────────┬───────────────┬────────────────────────────┬──────┬──────┬─────┬──────────┬──────────┬───────┬────────┬─────┬──────┬────────┬────────────┬───────────┬───────────────┬──────┬──────────┬─────┐
│ (index) │  c   │  h   │  l   │  o   │  sd   │  val_sd   │ total_vol │ sum_vol │    val    │ acum_val  │   datetime    │            date            │ pbu  │ psd  │ puk │    bs    │    sb    │  abu  │  asd   │ auk │ rsd  │ bu-sd  │ bu-sd_val  │ acum_busd │ acum_busd_val │  bu  │  val_bu  │ rbu │
├─────────┼──────┼──────┼──────┼──────┼───────┼───────────┼───────────┼─────────┼───────────┼───────────┼───────────────┼────────────────────────────┼──────┼──────┼─────┼──────────┼──────────┼───────┼────────┼─────┼──────┼────────┼────────────┼───────────┼───────────────┼──────┼──────────┼─────┤
│    0    │ 7.6  │ 7.6  │ 7.6  │ 7.6  │ 1500  │ 11400000  │   1500    │  1500   │ 11400000  │ 11400000  │ 1672305480000 │ '2022-12-29T09:18:00.000Z' │  0   │ 100  │  0  │    0     │ Infinity │ 863.6 │ 3059.1 │  0  │ 0.5  │ -1500  │ -11400000  │   -1500   │   -11400000   │      │          │     │
│    1    │ 7.7  │ 7.7  │ 7.7  │ 7.7  │       │           │   1700    │   200   │  1540000  │ 12940000  │ 1672307160000 │ '2022-12-29T09:46:00.000Z' │ 100  │  0   │  0  │ Infinity │    0     │ 863.6 │ 3059.1 │  0  │      │  200   │  1540000   │   -1300   │   -9860000    │ 200  │ 1540000  │ 0.2 │
│    2    │ 7.6  │ 7.6  │ 7.6  │ 7.6  │  300  │  2280000  │   2000    │   300   │  2280000  │ 15220000  │ 1672308360000 │ '2022-12-29T10:06:00.000Z' │  0   │ 100  │  0  │    0     │ Infinity │ 863.6 │ 3059.1 │  0  │ 0.1  │  -300  │  -2280000  │   -1600   │   -12140000   │      │          │     │
│    3    │ 7.6  │ 7.6  │ 7.6  │ 7.6  │  300  │  2280000  │   2300    │   300   │  2280000  │ 17500000  │ 1672308480000 │ '2022-12-29T10:08:00.000Z' │  0   │ 100  │  0  │    0     │ Infinity │ 863.6 │ 3059.1 │  0  │ 0.1  │  -300  │  -2280000  │   -1900   │   -14420000   │      │          │     │
│    4    │ 7.6  │ 7.6  │ 7.6  │ 7.6  │ 1000  │  7600000  │   3300    │  1000   │  7600000  │ 25100000  │ 1672308720000 │ '2022-12-29T10:12:00.000Z' │  0   │ 100  │  0  │    0     │ Infinity │ 863.6 │ 3059.1 │  0  │ 0.3  │ -1000  │  -7600000  │   -2900   │   -22020000   │      │          │     │
│    5    │ 7.6  │ 7.6  │ 7.6  │ 7.6  │  900  │  6840000  │   4200    │   900   │  6840000  │ 31940000  │ 1672308960000 │ '2022-12-29T10:16:00.000Z' │  0   │ 100  │  0  │    0     │ Infinity │ 863.6 │ 3059.1 │  0  │ 0.3  │  -900  │  -6840000  │   -3800   │   -28860000   │      │          │     │
│    6    │ 7.65 │ 7.65 │ 7.64 │ 7.64 │       │           │   5900    │  1700   │ 13004000  │ 44944000  │ 1672311360000 │ '2022-12-29T10:56:00.000Z' │ 100  │  0   │  0  │ Infinity │    0     │ 863.6 │ 3059.1 │  0  │      │  1700  │  13004000  │   -2100   │   -15856000   │ 1700 │ 13004000 │  2  │
│    7    │ 7.65 │ 7.65 │ 7.65 │ 7.65 │  200  │  1530000  │   6100    │   200   │  1530000  │ 46474000  │ 1672311480000 │ '2022-12-29T10:58:00.000Z' │  0   │ 100  │  0  │    0     │ Infinity │ 863.6 │ 3059.1 │  0  │ 0.1  │  -200  │  -1530000  │   -2300   │   -17386000   │      │          │     │
│    8    │ 7.65 │ 7.65 │ 7.65 │ 7.65 │  300  │  2295000  │   6400    │   300   │  2295000  │ 48769000  │ 1672311720000 │ '2022-12-29T11:02:00.000Z' │  0   │ 100  │  0  │    0     │ Infinity │ 863.6 │ 3059.1 │  0  │ 0.1  │  -300  │  -2295000  │   -2600   │   -19681000   │      │          │     │
│    9    │ 7.56 │ 7.56 │ 7.56 │ 7.56 │  300  │  2268000  │   6700    │   300   │  2268000  │ 51037000  │ 1672318920000 │ '2022-12-29T13:02:00.000Z' │  0   │ 100  │  0  │    0     │ Infinity │ 863.6 │ 3059.1 │  0  │ 0.1  │  -300  │  -2268000  │   -2900   │   -21949000   │      │          │     │
│   10    │ 7.55 │ 7.55 │ 7.55 │ 7.55 │  900  │  6795000  │   7600    │   900   │  6795000  │ 57832000  │ 1672319040000 │ '2022-12-29T13:04:00.000Z' │  0   │ 100  │  0  │    0     │ Infinity │ 863.6 │ 3059.1 │  0  │ 0.3  │  -900  │  -6795000  │   -3800   │   -28744000   │      │          │     │
│   11    │ 7.6  │ 7.6  │ 7.6  │ 7.6  │  400  │  3040000  │   8000    │   400   │  3040000  │ 60872000  │ 1672319640000 │ '2022-12-29T13:14:00.000Z' │  0   │ 100  │  0  │    0     │ Infinity │ 863.6 │ 3059.1 │  0  │ 0.1  │  -400  │  -3040000  │   -4200   │   -31784000   │      │          │     │
│   12    │ 7.6  │ 7.6  │ 7.6  │ 7.6  │  300  │  2280000  │   8300    │   300   │  2280000  │ 63152000  │ 1672320240000 │ '2022-12-29T13:24:00.000Z' │  0   │ 100  │  0  │    0     │ Infinity │ 863.6 │ 3059.1 │  0  │ 0.1  │  -300  │  -2280000  │   -4500   │   -34064000   │      │          │     │
│   13    │ 7.6  │ 7.6  │ 7.6  │ 7.6  │  900  │  6840000  │   10200   │  1900   │ 14440000  │ 77592000  │ 1672320600000 │ '2022-12-29T13:30:00.000Z' │ 52.6 │ 47.4 │  0  │   1.1    │   0.9    │ 863.6 │ 3059.1 │  0  │ 0.3  │  100   │   760000   │   -4400   │   -33304000   │ 1000 │ 7600000  │ 1.2 │
│   14    │ 7.6  │ 7.6  │ 7.6  │ 7.6  │       │           │   19700   │  9500   │ 72200000  │ 149792000 │ 1672321920000 │ '2022-12-29T13:52:00.000Z' │ 100  │  0   │  0  │ Infinity │    0     │ 863.6 │ 3059.1 │  0  │      │  9500  │  72200000  │   5100    │   38896000    │ 9500 │ 72200000 │ 11  │
│   15    │ 7.64 │ 7.64 │ 7.64 │ 7.64 │       │           │   19800   │   100   │  764000   │ 150556000 │ 1672322280000 │ '2022-12-29T13:58:00.000Z' │ 100  │  0   │  0  │ Infinity │    0     │ 863.6 │ 3059.1 │  0  │      │  100   │   764000   │   5200    │   39660000    │ 100  │  764000  │ 0.1 │
│   16    │ 7.65 │ 7.65 │ 7.65 │ 7.65 │       │           │   25100   │  5300   │ 40545000  │ 191101000 │ 1672322400000 │ '2022-12-29T14:00:00.000Z' │ 100  │  0   │  0  │ Infinity │    0     │ 863.6 │ 3059.1 │  0  │      │  5300  │  40545000  │   10500   │   80205000    │ 5300 │ 40545000 │ 6.1 │
│   17    │ 7.65 │ 7.65 │ 7.65 │ 7.65 │  100  │  765000   │   25200   │   100   │  765000   │ 191866000 │ 1672322520000 │ '2022-12-29T14:02:00.000Z' │  0   │ 100  │  0  │    0     │ Infinity │ 863.6 │ 3059.1 │  0  │  0   │  -100  │  -765000   │   10400   │   79440000    │      │          │     │
│   18    │ 7.6  │ 7.61 │ 7.6  │ 7.61 │ 52300 │ 397486000 │   77700   │  52500  │ 399008000 │ 590874000 │ 1672323120000 │ '2022-12-29T14:12:00.000Z' │ 0.4  │ 99.6 │  0  │    0     │  261.5   │ 863.6 │ 3059.1 │  0  │ 17.1 │ -52100 │ -395964000 │  -41700   │  -316524000   │ 200  │ 1522000  │ 0.2 │
│   19    │ 7.6  │ 7.6  │ 7.6  │ 7.6  │ 7600  │ 57760000  │   85300   │  7600   │ 57760000  │ 648634000 │ 1672323240000 │ '2022-12-29T14:14:00.000Z' │  0   │ 100  │  0  │    0     │ Infinity │ 863.6 │ 3059.1 │  0  │ 2.5  │ -7600  │ -57760000  │  -49300   │  -374284000   │      │          │     │
│   20    │ 7.6  │ 7.6  │ 7.6  │ 7.6  │       │           │   85600   │   300   │  2280000  │ 650914000 │ 1672323720000 │ '2022-12-29T14:22:00.000Z' │ 100  │  0   │  0  │ Infinity │    0     │ 863.6 │ 3059.1 │  0  │      │  300   │  2280000   │  -49000   │  -372004000   │ 300  │ 2280000  │ 0.3 │
├─────────┼──────┼──────┼──────┼──────┼───────┼───────────┼───────────┼─────────┼───────────┼───────────┼───────────────┼────────────────────────────┼──────┼──────┼─────┼──────────┼──────────┼───────┼────────┼─────┼──────┼────────┼────────────┼───────────┼───────────────┼──────┼──────────┼─────┤
│ (index) │  c   │  h   │  l   │  o   │  sd   │  val_sd   │ total_vol │ sum_vol │    val    │ acum_val  │   datetime    │            date            │ pbu  │ psd  │ puk │    bs    │    sb    │  abu  │  asd   │ auk │ rsd  │ bu-sd  │ bu-sd_val  │ acum_busd │ acum_busd_val │  bu  │  val_bu  │ rbu │
├─────────┼──────┼──────┼──────┼──────┼───────┼───────────┼───────────┼─────────┼───────────┼───────────┼───────────────┼────────────────────────────┼──────┼──────┼─────┼──────────┼──────────┼───────┼────────┼─────┼──────┼────────┼────────────┼───────────┼───────────────┼──────┼──────────┼─────┤
│   21    │ 7.6  │ 7.6  │ 7.6  │ 7.6  │       │           │   86300   │   700   │  5320000  │ 656234000 │ 1672325040000 │ '2022-12-29T14:44:00.000Z' │ 100  │  0   │  0  │ Infinity │    0     │ 863.6 │ 3059.1 │  0  │      │  700   │  5320000   │  -48300   │  -366684000   │ 700  │ 5320000  │ 0.8 │
└─────────┴──────┴──────┴──────┴──────┴───────┴───────────┴───────────┴─────────┴───────────┴───────────┴───────────────┴────────────────────────────┴──────┴──────┴─────┴──────────┴──────────┴───────┴────────┴─────┴──────┴────────┴────────────┴───────────┴───────────────┴──────┴──────────┴─────┘

