┌─────────┬─────┬─────┬─────┬─────┬──────┬─────────┬───────────┬─────────┬──────────┬───────────┬───────────────┬────────────────────────────┬──────┬──────┬─────┬──────────┬──────────┬─────┬──────┬─────┬─────┬────────┬───────────┬───────────┬───────────────┬───────┬──────────┬─────┐
│ (index) │  c  │  h  │  l  │  o  │  bu  │ val_bu  │ total_vol │ sum_vol │   val    │ acum_val  │   datetime    │            date            │ pbu  │ psd  │ puk │    bs    │    sb    │ abu │ asd  │ auk │ rbu │ bu-sd  │ bu-sd_val │ acum_busd │ acum_busd_val │  sd   │  val_sd  │ rsd │
├─────────┼─────┼─────┼─────┼─────┼──────┼─────────┼───────────┼─────────┼──────────┼───────────┼───────────────┼────────────────────────────┼──────┼──────┼─────┼──────────┼──────────┼─────┼──────┼─────┼─────┼────────┼───────────┼───────────┼───────────────┼───────┼──────────┼─────┤
│    0    │ 1.9 │ 1.9 │ 1.9 │ 1.9 │ 1100 │ 2090000 │   1100    │  1100   │ 2090000  │  2090000  │ 1672304100000 │ '2022-12-29T08:55:00.000Z' │ 100  │  0   │  0  │ Infinity │    0     │ 112 │ 6004 │  0  │ 9.8 │  1100  │  2090000  │   1100    │    2090000    │       │          │     │
│    1    │ 1.8 │ 1.8 │ 1.8 │ 1.8 │      │         │   1400    │   300   │  540000  │  2630000  │ 1672305300000 │ '2022-12-29T09:15:00.000Z' │  0   │ 100  │  0  │    0     │ Infinity │ 112 │ 6004 │  0  │     │  -300  │  -540000  │    800    │    1550000    │  300  │  540000  │  0  │
│    2    │ 1.9 │ 1.9 │ 1.9 │ 1.9 │ 100  │ 190000  │   1500    │   100   │  190000  │  2820000  │ 1672305600000 │ '2022-12-29T09:20:00.000Z' │ 100  │  0   │  0  │ Infinity │    0     │ 112 │ 6004 │  0  │ 0.9 │  100   │  190000   │    900    │    1740000    │       │          │     │
│    3    │ 1.8 │ 1.8 │ 1.8 │ 1.8 │      │         │   2000    │   500   │  900000  │  3720000  │ 1672306500000 │ '2022-12-29T09:35:00.000Z' │  0   │ 100  │  0  │    0     │ Infinity │ 112 │ 6004 │  0  │     │  -500  │  -900000  │    400    │    840000     │  500  │  900000  │ 0.1 │
│    4    │ 1.8 │ 1.8 │ 1.8 │ 1.8 │      │         │   5800    │  3800   │ 6840000  │ 10560000  │ 1672307400000 │ '2022-12-29T09:50:00.000Z' │  0   │ 100  │  0  │    0     │ Infinity │ 112 │ 6004 │  0  │     │ -3800  │ -6840000  │   -3400   │   -6000000    │ 3800  │ 6840000  │ 0.6 │
│    5    │ 1.8 │ 1.8 │ 1.8 │ 1.8 │      │         │   10800   │  5000   │ 9000000  │ 19560000  │ 1672308000000 │ '2022-12-29T10:00:00.000Z' │  0   │ 100  │  0  │    0     │ Infinity │ 112 │ 6004 │  0  │     │ -5000  │ -9000000  │   -8400   │   -15000000   │ 5000  │ 9000000  │ 0.8 │
│    6    │ 1.8 │ 1.8 │ 1.8 │ 1.8 │      │         │   11400   │   600   │ 1080000  │ 20640000  │ 1672308300000 │ '2022-12-29T10:05:00.000Z' │  0   │ 100  │  0  │    0     │ Infinity │ 112 │ 6004 │  0  │     │  -600  │ -1080000  │   -9000   │   -16080000   │  600  │ 1080000  │ 0.1 │
│    7    │ 1.9 │ 1.9 │ 1.8 │ 1.8 │ 300  │ 570000  │   12200   │   800   │ 1470000  │ 22110000  │ 1672308600000 │ '2022-12-29T10:10:00.000Z' │ 37.5 │ 62.5 │  0  │   0.6    │   1.7    │ 112 │ 6004 │  0  │ 2.7 │  -200  │  -330000  │   -9200   │   -16410000   │  500  │  900000  │ 0.1 │
│    8    │ 1.8 │ 1.8 │ 1.8 │ 1.8 │      │         │   17300   │  5100   │ 9180000  │ 31290000  │ 1672309200000 │ '2022-12-29T10:20:00.000Z' │  0   │ 100  │  0  │    0     │ Infinity │ 112 │ 6004 │  0  │     │ -5100  │ -9180000  │  -14300   │   -25590000   │ 5100  │ 9180000  │ 0.8 │
│    9    │ 1.8 │ 1.8 │ 1.8 │ 1.8 │      │         │   27200   │  9900   │ 17820000 │ 49110000  │ 1672310400000 │ '2022-12-29T10:40:00.000Z' │  0   │ 100  │  0  │    0     │ Infinity │ 112 │ 6004 │  0  │     │ -9900  │ -17820000 │  -24200   │   -43410000   │ 9900  │ 17820000 │ 1.6 │
│   10    │ 1.9 │ 1.9 │ 1.9 │ 1.9 │ 100  │ 190000  │   27300   │   100   │  190000  │ 49300000  │ 1672310700000 │ '2022-12-29T10:45:00.000Z' │ 100  │  0   │  0  │ Infinity │    0     │ 112 │ 6004 │  0  │ 0.9 │  100   │  190000   │  -24100   │   -43220000   │       │          │     │
│   11    │ 1.9 │ 1.9 │ 1.9 │ 1.9 │ 100  │ 190000  │   27400   │   100   │  190000  │ 49490000  │ 1672311000000 │ '2022-12-29T10:50:00.000Z' │ 100  │  0   │  0  │ Infinity │    0     │ 112 │ 6004 │  0  │ 0.9 │  100   │  190000   │  -24000   │   -43030000   │       │          │     │
│   12    │ 1.9 │ 1.9 │ 1.8 │ 1.8 │ 200  │ 380000  │   32300   │  4900   │ 8840000  │ 58330000  │ 1672311300000 │ '2022-12-29T10:55:00.000Z' │ 4.1  │ 95.9 │  0  │    0     │   23.5   │ 112 │ 6004 │  0  │ 1.8 │ -4500  │ -8080000  │  -28500   │   -51110000   │ 4700  │ 8460000  │ 0.8 │
│   13    │ 1.9 │ 1.9 │ 1.9 │ 1.9 │ 100  │ 190000  │   32400   │   100   │  190000  │ 58520000  │ 1672312500000 │ '2022-12-29T11:15:00.000Z' │ 100  │  0   │  0  │ Infinity │    0     │ 112 │ 6004 │  0  │ 0.9 │  100   │  190000   │  -28400   │   -50920000   │       │          │     │
│   14    │ 1.9 │ 1.9 │ 1.8 │ 1.8 │ 200  │ 380000  │   54600   │  22200  │ 39980000 │ 98500000  │ 1672318800000 │ '2022-12-29T13:00:00.000Z' │ 0.9  │ 99.1 │  0  │    0     │   110    │ 112 │ 6004 │  0  │ 1.8 │ -21800 │ -39220000 │  -50200   │   -90140000   │ 22000 │ 39600000 │ 3.7 │
│   15    │ 1.9 │ 1.9 │ 1.9 │ 1.9 │ 100  │ 190000  │   54700   │   100   │  190000  │ 98690000  │ 1672319700000 │ '2022-12-29T13:15:00.000Z' │ 100  │  0   │  0  │ Infinity │    0     │ 112 │ 6004 │  0  │ 0.9 │  100   │  190000   │  -50100   │   -89950000   │       │          │     │
│   16    │ 1.9 │ 1.9 │ 1.8 │ 1.8 │ 300  │ 570000  │   60000   │  5300   │ 9570000  │ 108260000 │ 1672320300000 │ '2022-12-29T13:25:00.000Z' │ 5.7  │ 94.3 │  0  │   0.1    │   16.7   │ 112 │ 6004 │  0  │ 2.7 │ -4700  │ -8430000  │  -54800   │   -98380000   │ 5000  │ 9000000  │ 0.8 │
│   17    │ 1.8 │ 1.8 │ 1.8 │ 1.8 │      │         │   70300   │  10300  │ 18540000 │ 126800000 │ 1672321200000 │ '2022-12-29T13:40:00.000Z' │  0   │ 100  │  0  │    0     │ Infinity │ 112 │ 6004 │  0  │     │ -10300 │ -18540000 │  -65100   │  -116920000   │ 10300 │ 18540000 │ 1.7 │
│   18    │ 1.8 │ 1.8 │ 1.8 │ 1.8 │      │         │   71300   │  1000   │ 1800000  │ 128600000 │ 1672321800000 │ '2022-12-29T13:50:00.000Z' │  0   │ 100  │  0  │    0     │ Infinity │ 112 │ 6004 │  0  │     │ -1000  │ -1800000  │  -66100   │  -118720000   │ 1000  │ 1800000  │ 0.2 │
│   19    │ 1.8 │ 1.8 │ 1.8 │ 1.8 │      │         │   74800   │  3500   │ 6300000  │ 134900000 │ 1672322100000 │ '2022-12-29T13:55:00.000Z' │  0   │ 100  │  0  │    0     │ Infinity │ 112 │ 6004 │  0  │     │ -3500  │ -6300000  │  -69600   │  -125020000   │ 3500  │ 6300000  │ 0.6 │
│   20    │ 1.8 │ 1.8 │ 1.8 │ 1.8 │      │         │   81900   │  7100   │ 12780000 │ 147680000 │ 1672322700000 │ '2022-12-29T14:05:00.000Z' │  0   │ 100  │  0  │    0     │ Infinity │ 112 │ 6004 │  0  │     │ -7100  │ -12780000 │  -76700   │  -137800000   │ 7100  │ 12780000 │ 1.2 │
├─────────┼─────┼─────┼─────┼─────┼──────┼─────────┼───────────┼─────────┼──────────┼───────────┼───────────────┼────────────────────────────┼──────┼──────┼─────┼──────────┼──────────┼─────┼──────┼─────┼─────┼────────┼───────────┼───────────┼───────────────┼───────┼──────────┼─────┤
│ (index) │  c  │  h  │  l  │  o  │  bu  │ val_bu  │ total_vol │ sum_vol │   val    │ acum_val  │   datetime    │            date            │ pbu  │ psd  │ puk │    bs    │    sb    │ abu │ asd  │ auk │ rbu │ bu-sd  │ bu-sd_val │ acum_busd │ acum_busd_val │  sd   │  val_sd  │ rsd │
├─────────┼─────┼─────┼─────┼─────┼──────┼─────────┼───────────┼─────────┼──────────┼───────────┼───────────────┼────────────────────────────┼──────┼──────┼─────┼──────────┼──────────┼─────┼──────┼─────┼─────┼────────┼───────────┼───────────┼───────────────┼───────┼──────────┼─────┤
│   21    │ 1.8 │ 1.8 │ 1.8 │ 1.8 │      │         │  112900   │  31000  │ 55800000 │ 203480000 │ 1672323000000 │ '2022-12-29T14:10:00.000Z' │  0   │ 100  │  0  │    0     │ Infinity │ 112 │ 6004 │  0  │     │ -31000 │ -55800000 │  -107700  │  -193600000   │ 31000 │ 55800000 │ 5.2 │
│   22    │ 1.8 │ 1.8 │ 1.8 │ 1.8 │      │         │  113900   │  1000   │ 1800000  │ 205280000 │ 1672323300000 │ '2022-12-29T14:15:00.000Z' │  0   │ 100  │  0  │    0     │ Infinity │ 112 │ 6004 │  0  │     │ -1000  │ -1800000  │  -108700  │  -195400000   │ 1000  │ 1800000  │ 0.2 │
│   23    │ 1.9 │ 1.9 │ 1.8 │ 1.9 │ 200  │ 380000  │  132000   │  18100  │ 32600000 │ 237880000 │ 1672323600000 │ '2022-12-29T14:20:00.000Z' │ 1.1  │ 98.9 │  0  │    0     │   89.5   │ 112 │ 6004 │  0  │ 1.8 │ -17700 │ -31840000 │  -126400  │  -227240000   │ 17900 │ 32220000 │  3  │
│   24    │ 1.8 │ 1.8 │ 1.8 │ 1.8 │      │         │  152900   │  20900  │ 37620000 │ 275500000 │ 1672324800000 │ '2022-12-29T14:40:00.000Z' │  0   │ 100  │  0  │    0     │ Infinity │ 112 │ 6004 │  0  │     │ -20900 │ -37620000 │  -147300  │  -264860000   │ 20900 │ 37620000 │ 3.5 │
└─────────┴─────┴─────┴─────┴─────┴──────┴─────────┴───────────┴─────────┴──────────┴───────────┴───────────────┴────────────────────────────┴──────┴──────┴─────┴──────────┴──────────┴─────┴──────┴─────┴─────┴────────┴───────────┴───────────┴───────────────┴───────┴──────────┴─────┘

