┌─────────┬───────┬───────┬───────┬───────┬───────┬───────────┬───────────┬─────────┬───────────┬────────────┬──────┬───────────┬───────────────┬────────────────────────────┬──────┬──────┬─────┬──────────┬──────────┬─────┬───────┬─────┬─────┬──────┬───────┬────────────┬───────────┬───────────────┐
│ (index) │   c   │   h   │   l   │   o   │  bu   │  val_bu   │ total_vol │ sum_vol │    val    │  acum_val  │  sd  │  val_sd   │   datetime    │            date            │ pbu  │ psd  │ puk │    bs    │    sb    │ abu │  asd  │ auk │ rsd │ rbu  │ bu-sd │ bu-sd_val  │ acum_busd │ acum_busd_val │
├─────────┼───────┼───────┼───────┼───────┼───────┼───────────┼───────────┼─────────┼───────────┼────────────┼──────┼───────────┼───────────────┼────────────────────────────┼──────┼──────┼─────┼──────────┼──────────┼─────┼───────┼─────┼─────┼──────┼───────┼────────────┼───────────┼───────────────┤
│    0    │ 48.4  │ 48.6  │ 48.4  │ 48.6  │ 1000  │ 48540000  │   1100    │  1100   │ 53380000  │  53380000  │ 100  │  4840000  │ 1672305300000 │ '2022-12-29T09:15:00.000Z' │ 90.9 │ 9.1  │  0  │    10    │   0.1    │ 737 │ 955.6 │  0  │ 0.1 │ 1.4  │  900  │  43700000  │    900    │   43700000    │
│    1    │ 48.45 │ 48.45 │ 48.45 │ 48.45 │       │           │   1300    │   200   │  9690000  │  63070000  │ 200  │  9690000  │ 1672305600000 │ '2022-12-29T09:20:00.000Z' │  0   │ 100  │  0  │    0     │ Infinity │ 737 │ 955.6 │  0  │ 0.2 │      │ -200  │  -9690000  │    700    │   34010000    │
│    2    │ 48.6  │ 48.6  │ 48.6  │ 48.6  │ 1300  │ 63180000  │   3600    │  2300   │ 111780000 │ 174850000  │ 1000 │ 48600000  │ 1672305900000 │ '2022-12-29T09:25:00.000Z' │ 56.5 │ 43.5 │  0  │   1.3    │   0.8    │ 737 │ 955.6 │  0  │  1  │ 1.8  │  300  │  14580000  │   1000    │   48590000    │
│    3    │ 48.45 │ 48.45 │ 48.45 │ 48.45 │       │           │   5700    │  2100   │ 101745000 │ 276595000  │ 2100 │ 101745000 │ 1672306200000 │ '2022-12-29T09:30:00.000Z' │  0   │ 100  │  0  │    0     │ Infinity │ 737 │ 955.6 │  0  │ 2.2 │      │ -2100 │ -101745000 │   -1100   │   -53155000   │
│    4    │ 48.55 │ 48.55 │ 48.45 │ 48.45 │       │           │   6800    │  1100   │ 53305000  │ 329900000  │ 1100 │ 53305000  │ 1672306500000 │ '2022-12-29T09:35:00.000Z' │  0   │ 100  │  0  │    0     │ Infinity │ 737 │ 955.6 │  0  │ 1.2 │      │ -1100 │ -53305000  │   -2200   │  -106460000   │
│    5    │ 48.55 │ 48.55 │ 48.55 │ 48.55 │       │           │   7100    │   300   │ 14565000  │ 344465000  │ 300  │ 14565000  │ 1672306800000 │ '2022-12-29T09:40:00.000Z' │  0   │ 100  │  0  │    0     │ Infinity │ 737 │ 955.6 │  0  │ 0.3 │      │ -300  │ -14565000  │   -2500   │  -121025000   │
│    6    │ 48.6  │ 48.6  │ 48.6  │ 48.6  │  700  │ 34020000  │   8000    │   900   │ 43740000  │ 388205000  │ 200  │  9720000  │ 1672307100000 │ '2022-12-29T09:45:00.000Z' │ 77.8 │ 22.2 │  0  │   3.5    │   0.3    │ 737 │ 955.6 │  0  │ 0.2 │ 0.9  │  500  │  24300000  │   -2000   │   -96725000   │
│    7    │ 48.65 │ 48.65 │ 48.65 │ 48.65 │  600  │ 29190000  │   8600    │   600   │ 29190000  │ 417395000  │      │           │ 1672307700000 │ '2022-12-29T09:55:00.000Z' │ 100  │  0   │  0  │ Infinity │    0     │ 737 │ 955.6 │  0  │     │ 0.8  │  600  │  29190000  │   -1400   │   -67535000   │
│    8    │ 48.65 │ 48.65 │ 48.65 │ 48.65 │       │           │   9100    │   500   │ 24325000  │ 441720000  │ 500  │ 24325000  │ 1672308600000 │ '2022-12-29T10:10:00.000Z' │  0   │ 100  │  0  │    0     │ Infinity │ 737 │ 955.6 │  0  │ 0.5 │      │ -500  │ -24325000  │   -1900   │   -91860000   │
│    9    │ 48.65 │ 48.65 │ 48.65 │ 48.65 │       │           │   9600    │   500   │ 24325000  │ 466045000  │ 500  │ 24325000  │ 1672308900000 │ '2022-12-29T10:15:00.000Z' │  0   │ 100  │  0  │    0     │ Infinity │ 737 │ 955.6 │  0  │ 0.5 │      │ -500  │ -24325000  │   -2400   │  -116185000   │
│   10    │ 48.6  │ 48.65 │ 48.6  │ 48.65 │       │           │   14100   │  4500   │ 218760000 │ 684805000  │ 4500 │ 218760000 │ 1672309200000 │ '2022-12-29T10:20:00.000Z' │  0   │ 100  │  0  │    0     │ Infinity │ 737 │ 955.6 │  0  │ 4.7 │      │ -4500 │ -218760000 │   -6900   │  -334945000   │
│   11    │ 48.5  │ 48.55 │ 48.5  │ 48.55 │       │           │   17300   │  3200   │ 155240000 │ 840045000  │ 3200 │ 155240000 │ 1672310100000 │ '2022-12-29T10:35:00.000Z' │  0   │ 100  │  0  │    0     │ Infinity │ 737 │ 955.6 │  0  │ 3.3 │      │ -3200 │ -155240000 │  -10100   │  -490185000   │
│   12    │ 48.55 │ 48.55 │ 48.55 │ 48.55 │ 1200  │ 58260000  │   18500   │  1200   │ 58260000  │ 898305000  │      │           │ 1672310400000 │ '2022-12-29T10:40:00.000Z' │ 100  │  0   │  0  │ Infinity │    0     │ 737 │ 955.6 │  0  │     │ 1.6  │ 1200  │  58260000  │   -8900   │  -431925000   │
│   13    │ 48.55 │ 48.55 │ 48.5  │ 48.5  │ 1000  │ 48545000  │   19500   │  1000   │ 48545000  │ 946850000  │      │           │ 1672311000000 │ '2022-12-29T10:50:00.000Z' │ 100  │  0   │  0  │ Infinity │    0     │ 737 │ 955.6 │  0  │     │ 1.4  │ 1000  │  48545000  │   -7900   │  -383380000   │
│   14    │ 48.4  │ 48.4  │ 48.4  │ 48.4  │       │           │   21500   │  2000   │ 96800000  │ 1043650000 │ 2000 │ 96800000  │ 1672311900000 │ '2022-12-29T11:05:00.000Z' │  0   │ 100  │  0  │    0     │ Infinity │ 737 │ 955.6 │  0  │ 2.1 │      │ -2000 │ -96800000  │   -9900   │  -480180000   │
│   15    │ 48.35 │ 48.35 │ 48.35 │ 48.35 │       │           │   21600   │   100   │  4835000  │ 1048485000 │ 100  │  4835000  │ 1672313100000 │ '2022-12-29T11:25:00.000Z' │  0   │ 100  │  0  │    0     │ Infinity │ 737 │ 955.6 │  0  │ 0.1 │      │ -100  │  -4835000  │  -10000   │  -485015000   │
│   16    │ 48.35 │ 48.35 │ 48.35 │ 48.35 │  500  │ 24175000  │   22100   │   500   │ 24175000  │ 1072660000 │      │           │ 1672318800000 │ '2022-12-29T13:00:00.000Z' │ 100  │  0   │  0  │ Infinity │    0     │ 737 │ 955.6 │  0  │     │ 0.7  │  500  │  24175000  │   -9500   │  -460840000   │
│   17    │ 48.1  │ 48.25 │ 48.1  │ 48.25 │       │           │   25400   │  3300   │ 158865000 │ 1231525000 │ 3300 │ 158865000 │ 1672319100000 │ '2022-12-29T13:05:00.000Z' │  0   │ 100  │  0  │    0     │ Infinity │ 737 │ 955.6 │  0  │ 3.5 │      │ -3300 │ -158865000 │  -12800   │  -619705000   │
│   18    │ 48.1  │ 48.15 │ 48.1  │ 48.15 │       │           │   29300   │  3900   │ 187740000 │ 1419265000 │ 3900 │ 187740000 │ 1672319400000 │ '2022-12-29T13:10:00.000Z' │  0   │ 100  │  0  │    0     │ Infinity │ 737 │ 955.6 │  0  │ 4.1 │      │ -3900 │ -187740000 │  -16700   │  -807445000   │
│   19    │ 48.2  │ 48.2  │ 48.2  │ 48.2  │       │           │   29400   │   100   │  4820000  │ 1424085000 │ 100  │  4820000  │ 1672321800000 │ '2022-12-29T13:50:00.000Z' │  0   │ 100  │  0  │    0     │ Infinity │ 737 │ 955.6 │  0  │ 0.1 │      │ -100  │  -4820000  │  -16800   │  -812265000   │
│   20    │ 48.4  │ 48.4  │ 48.35 │ 48.35 │ 1200  │ 58045000  │   30600   │  1200   │ 58045000  │ 1482130000 │      │           │ 1672322400000 │ '2022-12-29T14:00:00.000Z' │ 100  │  0   │  0  │ Infinity │    0     │ 737 │ 955.6 │  0  │     │ 1.6  │ 1200  │  58045000  │  -15600   │  -754220000   │
├─────────┼───────┼───────┼───────┼───────┼───────┼───────────┼───────────┼─────────┼───────────┼────────────┼──────┼───────────┼───────────────┼────────────────────────────┼──────┼──────┼─────┼──────────┼──────────┼─────┼───────┼─────┼─────┼──────┼───────┼────────────┼───────────┼───────────────┤
│ (index) │   c   │   h   │   l   │   o   │  bu   │  val_bu   │ total_vol │ sum_vol │    val    │  acum_val  │  sd  │  val_sd   │   datetime    │            date            │ pbu  │ psd  │ puk │    bs    │    sb    │ abu │  asd  │ auk │ rsd │ rbu  │ bu-sd │ bu-sd_val  │ acum_busd │ acum_busd_val │
├─────────┼───────┼───────┼───────┼───────┼───────┼───────────┼───────────┼─────────┼───────────┼────────────┼──────┼───────────┼───────────────┼────────────────────────────┼──────┼──────┼─────┼──────────┼──────────┼─────┼───────┼─────┼─────┼──────┼───────┼────────────┼───────────┼───────────────┤
│   21    │ 48.55 │ 48.55 │ 48.55 │ 48.55 │  200  │  9710000  │   30800   │   200   │  9710000  │ 1491840000 │      │           │ 1672322700000 │ '2022-12-29T14:05:00.000Z' │ 100  │  0   │  0  │ Infinity │    0     │ 737 │ 955.6 │  0  │     │ 0.3  │  200  │  9710000   │  -15400   │  -744510000   │
│   22    │ 48.35 │ 48.4  │ 48.35 │ 48.4  │       │           │   31000   │   200   │  9675000  │ 1501515000 │ 200  │  9675000  │ 1672323000000 │ '2022-12-29T14:10:00.000Z' │  0   │ 100  │  0  │    0     │ Infinity │ 737 │ 955.6 │  0  │ 0.2 │      │ -200  │  -9675000  │  -15600   │  -754185000   │
│   23    │ 48.35 │ 48.35 │ 48.35 │ 48.35 │       │           │   31100   │   100   │  4835000  │ 1506350000 │ 100  │  4835000  │ 1672323300000 │ '2022-12-29T14:15:00.000Z' │  0   │ 100  │  0  │    0     │ Infinity │ 737 │ 955.6 │  0  │ 0.1 │      │ -100  │  -4835000  │  -15700   │  -759020000   │
│   24    │ 48.3  │ 48.35 │ 48.3  │ 48.35 │       │           │   32500   │  1400   │ 67640000  │ 1573990000 │ 1400 │ 67640000  │ 1672323600000 │ '2022-12-29T14:20:00.000Z' │  0   │ 100  │  0  │    0     │ Infinity │ 737 │ 955.6 │  0  │ 1.5 │      │ -1400 │ -67640000  │  -17100   │  -826660000   │
│   25    │ 48.2  │ 48.3  │ 48.2  │ 48.3  │ 2200  │ 106250000 │   35700   │  3200   │ 154450000 │ 1728440000 │ 1000 │ 48200000  │ 1672323900000 │ '2022-12-29T14:25:00.000Z' │ 68.8 │ 31.3 │  0  │   2.2    │   0.5    │ 737 │ 955.6 │  0  │  1  │  3   │ 1200  │  58050000  │  -15900   │  -768610000   │
│   26    │ 49.7  │ 49.7  │ 49.7  │ 49.7  │ 10000 │ 497000000 │   45700   │  10000  │ 497000000 │ 2225440000 │      │           │ 1672325100000 │ '2022-12-29T14:45:00.000Z' │ 100  │  0   │  0  │ Infinity │    0     │ 737 │ 955.6 │  0  │     │ 13.6 │ 10000 │ 497000000  │   -5900   │  -271610000   │
└─────────┴───────┴───────┴───────┴───────┴───────┴───────────┴───────────┴─────────┴───────────┴────────────┴──────┴───────────┴───────────────┴────────────────────────────┴──────┴──────┴─────┴──────────┴──────────┴─────┴───────┴─────┴─────┴──────┴───────┴────────────┴───────────┴───────────────┘

