┌─────────┬───────┬───────┬───────┬───────┬──────┬──────────┬───────────┬─────────┬───────────┬───────────┬──────┬──────────┬───────────────┬────────────────────────────┬──────┬──────┬─────┬──────────┬──────────┬───────┬───────┬─────┬─────┬─────┬───────┬───────────┬───────────┬───────────────┐
│ (index) │   c   │   h   │   l   │   o   │  bu  │  val_bu  │ total_vol │ sum_vol │    val    │ acum_val  │  sd  │  val_sd  │   datetime    │            date            │ pbu  │ psd  │ puk │    bs    │    sb    │  abu  │  asd  │ auk │ rsd │ rbu │ bu-sd │ bu-sd_val │ acum_busd │ acum_busd_val │
├─────────┼───────┼───────┼───────┼───────┼──────┼──────────┼───────────┼─────────┼───────────┼───────────┼──────┼──────────┼───────────────┼────────────────────────────┼──────┼──────┼─────┼──────────┼──────────┼───────┼───────┼─────┼─────┼─────┼───────┼───────────┼───────────┼───────────────┤
│    0    │ 22.3  │ 22.75 │ 22.3  │ 22.75 │ 200  │ 4550000  │    300    │   300   │  6780000  │  6780000  │ 100  │ 2230000  │ 1672305300000 │ '2022-12-29T09:15:00.000Z' │ 66.7 │ 33.3 │  0  │    2     │   0.5    │ 210.5 │ 789.5 │  0  │ 0.1 │  1  │  100  │  2320000  │    100    │    2320000    │
│    1    │ 22.3  │ 22.3  │ 22.3  │ 22.3  │ 100  │ 2230000  │    600    │   300   │  6690000  │ 13470000  │ 200  │ 4460000  │ 1672306800000 │ '2022-12-29T09:40:00.000Z' │ 33.3 │ 66.7 │  0  │   0.5    │    2     │ 210.5 │ 789.5 │  0  │ 0.3 │ 0.5 │ -100  │ -2230000  │     0     │     90000     │
│    2    │ 22.3  │ 22.3  │ 22.3  │ 22.3  │ 300  │ 6690000  │    900    │   300   │  6690000  │ 20160000  │      │          │ 1672307400000 │ '2022-12-29T09:50:00.000Z' │ 100  │  0   │  0  │ Infinity │    0     │ 210.5 │ 789.5 │  0  │     │ 1.4 │  300  │  6690000  │    300    │    6780000    │
│    3    │ 22.3  │ 22.3  │ 22.3  │ 22.3  │      │          │   2900    │  2000   │ 44600000  │ 64760000  │ 2000 │ 44600000 │ 1672308000000 │ '2022-12-29T10:00:00.000Z' │  0   │ 100  │  0  │    0     │ Infinity │ 210.5 │ 789.5 │  0  │ 2.5 │     │ -2000 │ -44600000 │   -1700   │   -37820000   │
│    4    │ 22.25 │ 22.25 │ 22.25 │ 22.25 │      │          │   3000    │   100   │  2225000  │ 66985000  │ 100  │ 2225000  │ 1672308600000 │ '2022-12-29T10:10:00.000Z' │  0   │ 100  │  0  │    0     │ Infinity │ 210.5 │ 789.5 │  0  │ 0.1 │     │ -100  │ -2225000  │   -1800   │   -40045000   │
│    5    │ 22.6  │ 22.6  │  22   │ 22.25 │ 200  │ 4520000  │   7700    │  4700   │ 104140000 │ 171125000 │ 4500 │ 99620000 │ 1672308900000 │ '2022-12-29T10:15:00.000Z' │ 4.3  │ 95.7 │  0  │    0     │   22.5   │ 210.5 │ 789.5 │  0  │ 5.7 │  1  │ -4300 │ -95100000 │   -6100   │  -135145000   │
│    6    │ 22.1  │ 22.1  │ 22.1  │ 22.1  │      │          │   7800    │   100   │  2210000  │ 173335000 │ 100  │ 2210000  │ 1672309800000 │ '2022-12-29T10:30:00.000Z' │  0   │ 100  │  0  │    0     │ Infinity │ 210.5 │ 789.5 │  0  │ 0.1 │     │ -100  │ -2210000  │   -6200   │  -137355000   │
│    7    │ 22.15 │ 22.15 │ 22.15 │ 22.15 │      │          │   9800    │  2000   │ 44300000  │ 217635000 │ 2000 │ 44300000 │ 1672310400000 │ '2022-12-29T10:40:00.000Z' │  0   │ 100  │  0  │    0     │ Infinity │ 210.5 │ 789.5 │  0  │ 2.5 │     │ -2000 │ -44300000 │   -8200   │  -181655000   │
│    8    │ 22.15 │ 22.15 │ 22.15 │ 22.15 │ 100  │ 2215000  │   9900    │   100   │  2215000  │ 219850000 │      │          │ 1672310700000 │ '2022-12-29T10:45:00.000Z' │ 100  │  0   │  0  │ Infinity │    0     │ 210.5 │ 789.5 │  0  │     │ 0.5 │  100  │  2215000  │   -8100   │  -179440000   │
│    9    │ 22.15 │ 22.15 │ 22.15 │ 22.15 │ 200  │ 4430000  │   10100   │   200   │  4430000  │ 224280000 │      │          │ 1672311000000 │ '2022-12-29T10:50:00.000Z' │ 100  │  0   │  0  │ Infinity │    0     │ 210.5 │ 789.5 │  0  │     │  1  │  200  │  4430000  │   -7900   │  -175010000   │
│   10    │ 22.15 │ 22.2  │ 22.15 │ 22.2  │      │          │   11800   │  1700   │ 37660000  │ 261940000 │ 1700 │ 37660000 │ 1672312800000 │ '2022-12-29T11:20:00.000Z' │  0   │ 100  │  0  │    0     │ Infinity │ 210.5 │ 789.5 │  0  │ 2.2 │     │ -1700 │ -37660000 │   -9600   │  -212670000   │
│   11    │ 22.2  │ 22.2  │ 22.2  │ 22.2  │ 200  │ 4440000  │   12000   │   200   │  4440000  │ 266380000 │      │          │ 1672321200000 │ '2022-12-29T13:40:00.000Z' │ 100  │  0   │  0  │ Infinity │    0     │ 210.5 │ 789.5 │  0  │     │  1  │  200  │  4440000  │   -9400   │  -208230000   │
│   12    │ 22.2  │ 22.2  │ 22.2  │ 22.2  │ 200  │ 4440000  │   12200   │   200   │  4440000  │ 270820000 │      │          │ 1672321500000 │ '2022-12-29T13:45:00.000Z' │ 100  │  0   │  0  │ Infinity │    0     │ 210.5 │ 789.5 │  0  │     │  1  │  200  │  4440000  │   -9200   │  -203790000   │
│   13    │ 22.3  │ 22.3  │ 22.3  │ 22.3  │ 200  │ 4460000  │   12400   │   200   │  4460000  │ 275280000 │      │          │ 1672322100000 │ '2022-12-29T13:55:00.000Z' │ 100  │  0   │  0  │ Infinity │    0     │ 210.5 │ 789.5 │  0  │     │  1  │  200  │  4460000  │   -9000   │  -199330000   │
│   14    │ 22.3  │ 22.3  │ 22.3  │ 22.3  │ 1300 │ 28990000 │   13700   │  1300   │ 28990000  │ 304270000 │      │          │ 1672322400000 │ '2022-12-29T14:00:00.000Z' │ 100  │  0   │  0  │ Infinity │    0     │ 210.5 │ 789.5 │  0  │     │ 6.2 │ 1300  │ 28990000  │   -7700   │  -170340000   │
│   15    │ 22.4  │ 22.4  │ 22.3  │ 22.3  │ 100  │ 2230000  │   13900   │   200   │  4470000  │ 308740000 │ 100  │ 2240000  │ 1672322700000 │ '2022-12-29T14:05:00.000Z' │  50  │  50  │  0  │    1     │    1     │ 210.5 │ 789.5 │  0  │ 0.1 │ 0.5 │   0   │  -10000   │   -7700   │  -170350000   │
│   16    │ 22.4  │ 22.4  │ 22.4  │ 22.4  │      │          │   15300   │  1400   │ 31360000  │ 340100000 │ 1400 │ 31360000 │ 1672323000000 │ '2022-12-29T14:10:00.000Z' │  0   │ 100  │  0  │    0     │ Infinity │ 210.5 │ 789.5 │  0  │ 1.8 │     │ -1400 │ -31360000 │   -9100   │  -201710000   │
│   17    │ 22.5  │ 22.5  │ 22.5  │ 22.5  │ 900  │ 20250000 │   16200   │   900   │ 20250000  │ 360350000 │      │          │ 1672323300000 │ '2022-12-29T14:15:00.000Z' │ 100  │  0   │  0  │ Infinity │    0     │ 210.5 │ 789.5 │  0  │     │ 4.3 │  900  │ 20250000  │   -8200   │  -181460000   │
│   18    │ 22.3  │ 22.3  │ 22.3  │ 22.3  │      │          │   19000   │  2800   │ 62440000  │ 422790000 │ 2800 │ 62440000 │ 1672325100000 │ '2022-12-29T14:45:00.000Z' │  0   │ 100  │  0  │    0     │ Infinity │ 210.5 │ 789.5 │  0  │ 3.5 │     │ -2800 │ -62440000 │  -11000   │  -243900000   │
└─────────┴───────┴───────┴───────┴───────┴──────┴──────────┴───────────┴─────────┴───────────┴───────────┴──────┴──────────┴───────────────┴────────────────────────────┴──────┴──────┴─────┴──────────┴──────────┴───────┴───────┴─────┴─────┴─────┴───────┴───────────┴───────────┴───────────────┘

├─────────┼───────┼───────┼───────┼───────┼──────┼──────────┼───────────┼─────────┼───────────┼───────────┼──────┼──────────┼───────────────┼────────────────────────────┼──────┼──────┼─────┼──────────┼──────────┼───────┼───────┼─────┼─────┼─────┼───────┼───────────┼───────────┼───────────────┤
│ (index) │   c   │   h   │   l   │   o   │  bu  │  val_bu  │ total_vol │ sum_vol │    val    │ acum_val  │  sd  │  val_sd  │   datetime    │            date            │ pbu  │ psd  │ puk │    bs    │    sb    │  abu  │  asd  │ auk │ rsd │ rbu │ bu-sd │ bu-sd_val │ acum_busd │ acum_busd_val │
├─────────┼───────┼───────┼───────┼───────┼──────┼──────────┼───────────┼─────────┼───────────┼───────────┼──────┼──────────┼───────────────┼────────────────────────────┼──────┼──────┼─────┼──────────┼──────────┼───────┼───────┼─────┼─────┼─────┼───────┼───────────┼───────────┼───────────────┤
