┌─────────┬───────────────┬─────────┬─────────┬─────────┬──────────────┬─────────────┬────────────────────┬─────────┬──────────────┬────────────────────────────┬───────────────┬───────────┬──────────┬──────────────┬───────────────┬───────────────┐
│ (index) │   datetime    │   sd    │   bu    │   uk    │    val_sd    │   val_bu    │       val_uk       │ sum_vol │     val      │            date            │   acum_val    │ total_vol │  bu-sd   │  bu-sd_val   │   acum_busd   │ acum_busd_val │
├─────────┼───────────────┼─────────┼─────────┼─────────┼──────────────┼─────────────┼────────────────────┼─────────┼──────────────┼────────────────────────────┼───────────────┼───────────┼──────────┼──────────────┼───────────────┼───────────────┤
│    0    │ 1675415700000 │ 2074800 │ 1753900 │ 1685800 │ 33493964000  │ 30676817000 │    26427833000     │ 5514500 │ 90598614000  │ '2023-02-03T09:15:00.000Z' │  90598614000  │  5514500  │ -320900  │ -2817147000  │  -2817467900  │       0       │
│    1    │ 1675415760000 │ 457500  │ 1005200 │  23900  │  7793284000  │ 15562110000 │     172575000      │ 1486600 │ 23527969000  │ '2023-02-03T09:16:00.000Z' │ 114126583000  │  7001100  │  547700  │  7768826000  │  4951905800   │       0       │
│    2    │ 1675415820000 │ 736600  │ 661700  │  3000   │ 12264194000  │ 9559051000  │      89380000      │ 1401300 │ 21912625000  │ '2023-02-03T09:17:00.000Z' │ 136039208000  │  8402400  │  -74900  │ -2705143000  │  2246687900   │       0       │
│    3    │ 1675415880000 │ 1240800 │ 738900  │  3000   │ 18324473000  │ 11279514000 │      41023000      │ 1982700 │ 29645010000  │ '2023-02-03T09:18:00.000Z' │ 165684218000  │ 10385100  │ -501900  │ -7044959000  │  -4798773000  │       0       │
│    4    │ 1675415940000 │ 553200  │ 561700  │  1600   │  8139769000  │ 9923096000  │      12920000      │ 1116500 │ 18075785000  │ '2023-02-03T09:19:00.000Z' │ 183760003000  │ 11501600  │   8500   │  1783327000  │  -3015437500  │       0       │
│    5    │ 1675416000000 │ 602500  │ 523800  │  3900   │  8988270000  │ 9369739000  │     108959000      │ 1130200 │ 18466968000  │ '2023-02-03T09:20:00.000Z' │ 202226971000  │ 12631800  │  -78700  │  381469000   │  -2634047200  │       0       │
│    6    │ 1675416060000 │ 564200  │ 618200  │  59100  │  9151957000  │ 11436088000 │     711705000      │ 1241500 │ 21299750000  │ '2023-02-03T09:21:00.000Z' │ 223526721000  │ 13873300  │  54000   │  2284131000  │  -349862200   │       0       │
│    7    │ 1675416120000 │ 554200  │ 983900  │   600   │  7980117000  │ 15641153000 │      3054000       │ 1538700 │ 23624324000  │ '2023-02-03T09:22:00.000Z' │ 247151045000  │ 15412000  │  429700  │  7661036000  │  7311603500   │       0       │
│    8    │ 1675416180000 │ 398800  │ 1494900 │  1500   │  7777393000  │ 24410307000 │      21629000      │ 1895200 │ 32209329000  │ '2023-02-03T09:23:00.000Z' │ 279360374000  │ 17307200  │ 1096100  │ 16632914000  │  23945613600  │       0       │
│    9    │ 1675416240000 │ 564500  │ 1552500 │  36200  │ 13057768000  │ 27989484000 │     391140000      │ 2153200 │ 41438392000  │ '2023-02-03T09:24:00.000Z' │ 320798766000  │ 19460400  │  988000  │ 14931716000  │  38878317600  │       0       │
│   10    │ 1675416300000 │ 746400  │ 754700  │  18900  │ 13730669000  │ 13304892000 │     276784000      │ 1520000 │ 27312345000  │ '2023-02-03T09:25:00.000Z' │ 348111111000  │ 20980400  │   8300   │  -425777000  │  38452548900  │       0       │
│   11    │ 1675416360000 │ 546300  │ 870600  │  1500   │  7961194000  │ 14479807000 │      18986000      │ 1418400 │ 22459987000  │ '2023-02-03T09:26:00.000Z' │ 370571098000  │ 22398800  │  324300  │  6518613000  │  44971486200  │       0       │
│   12    │ 1675416420000 │ 754300  │ 874700  │    0    │ 14270438000  │ 14482827000 │         0          │ 1629000 │ 28753265000  │ '2023-02-03T09:27:00.000Z' │ 399324363000  │ 24027800  │  120400  │  212389000   │  45183995600  │       0       │
│   13    │ 1675416480000 │ 531500  │ 824300  │  2000   │ 10407553000  │ 15416526000 │      56000000      │ 1357800 │ 25880079000  │ '2023-02-03T09:28:00.000Z' │ 425204442000  │ 25385600  │  292800  │  5008973000  │  50193261400  │       0       │
│   14    │ 1675416540000 │ 556200  │ 808100  │   800   │  9904708000  │ 12301766000 │      10286000      │ 1365100 │ 22216760000  │ '2023-02-03T09:29:00.000Z' │ 447421202000  │ 26750700  │  251900  │  2397058000  │  52590571300  │       0       │
│   15    │ 1675416600000 │ 445400  │ 574600  │  9400   │  8138370000  │ 10961759000 │      69920000      │ 1029400 │ 19170049000  │ '2023-02-03T09:30:00.000Z' │ 466591251000  │ 27780100  │  129200  │  2823389000  │  55414089500  │       0       │
│   16    │ 1675416660000 │ 470600  │ 826800  │   400   │  6690453000  │ 15925422000 │      3466000       │ 1297800 │ 22619341000  │ '2023-02-03T09:31:00.000Z' │ 489210592000  │ 29077900  │  356200  │  9234969000  │  64649414700  │       0       │
│   17    │ 1675416720000 │ 374500  │ 787900  │  1200   │  6990809000  │ 13320174000 │      18343000      │ 1163600 │ 20329326000  │ '2023-02-03T09:32:00.000Z' │ 509539918000  │ 30241500  │  413400  │  6329365000  │  70979193100  │       0       │
│   18    │ 1675416780000 │ 480600  │ 624500  │    0    │  8283490000  │ 11925815000 │         0          │ 1105100 │ 20209305000  │ '2023-02-03T09:33:00.000Z' │ 529749223000  │ 31346600  │  143900  │  3642325000  │  74621662000  │       0       │
│   19    │ 1675416840000 │ 1031700 │ 964600  │  4300   │ 21481964000  │ 12892220000 │      35206000      │ 2000600 │ 34409390000  │ '2023-02-03T09:34:00.000Z' │ 564158613000  │ 33347200  │  -67100  │ -8589744000  │  66031850900  │       0       │
│   20    │ 1675416900000 │ 704200  │ 636500  │  20900  │ 11632927000  │ 8768029000  │     168685000      │ 1361600 │ 20569641000  │ '2023-02-03T09:35:00.000Z' │ 584728254000  │ 34708800  │  -67700  │ -2864898000  │  63166885200  │       0       │
├─────────┼───────────────┼─────────┼─────────┼─────────┼──────────────┼─────────────┼────────────────────┼─────────┼──────────────┼────────────────────────────┼───────────────┼───────────┼──────────┼──────────────┼───────────────┼───────────────┤
│ (index) │   datetime    │   sd    │   bu    │   uk    │    val_sd    │   val_bu    │       val_uk       │ sum_vol │     val      │            date            │   acum_val    │ total_vol │  bu-sd   │  bu-sd_val   │   acum_busd   │ acum_busd_val │
├─────────┼───────────────┼─────────┼─────────┼─────────┼──────────────┼─────────────┼────────────────────┼─────────┼──────────────┼────────────────────────────┼───────────────┼───────────┼──────────┼──────────────┼───────────────┼───────────────┤
│   21    │ 1675416960000 │ 735200  │ 871800  │  8800   │ 12287026000  │ 13547895000 │      90095000      │ 1615800 │ 25925016000  │ '2023-02-03T09:36:00.000Z' │ 610653270000  │ 36324600  │  136600  │  1260869000  │  64427890800  │       0       │
│   22    │ 1675417020000 │ 797300  │ 677300  │  1800   │ 12908675000  │ 9984483000  │      66860000      │ 1476400 │ 22960018000  │ '2023-02-03T09:37:00.000Z' │ 633613288000  │ 37801000  │ -120000  │ -2924192000  │  61503578800  │       0       │
│   23    │ 1675417080000 │ 522000  │ 1237500 │  1400   │  8895327000  │ 14716879000 │      31110000      │ 1760900 │ 23643316000  │ '2023-02-03T09:38:00.000Z' │ 657256604000  │ 39561900  │  715500  │  5821552000  │  67325846300  │       0       │
│   24    │ 1675417140000 │ 849400  │ 734900  │  5200   │ 13831195000  │ 11009961000 │     142820000      │ 1589500 │ 24983976000  │ '2023-02-03T09:39:00.000Z' │ 682240580000  │ 41151400  │ -114500  │ -2821234000  │  64504497800  │       0       │
│   25    │ 1675417200000 │ 770500  │ 541400  │  13200  │ 13293728000  │ 9135132000  │     315480000      │ 1325100 │ 22744340000  │ '2023-02-03T09:40:00.000Z' │ 704984920000  │ 42476500  │ -229100  │ -4158596000  │  60345672700  │       0       │
│   26    │ 1675417260000 │ 702500  │ 722000  │  3400   │ 12187297000  │ 10617158000 │      19087000      │ 1427900 │ 22823542000  │ '2023-02-03T09:41:00.000Z' │ 727808462000  │ 43904400  │  19500   │ -1570139000  │  58775553200  │       0       │
│   27    │ 1675417320000 │ 529700  │ 690700  │  19700  │  9090344000  │ 11044536000 │     565924000      │ 1240100 │ 20700804000  │ '2023-02-03T09:42:00.000Z' │ 748509266000  │ 45144500  │  161000  │  1954192000  │  60729906200  │       0       │
│   28    │ 1675417380000 │ 475900  │ 992700  │  4500   │  8045217000  │ 16659077000 │     148745000      │ 1473100 │ 24853039000  │ '2023-02-03T09:43:00.000Z' │ 773362305000  │ 46617600  │  516800  │  8613860000  │  69344283000  │       0       │
│   29    │ 1675417440000 │ 419100  │ 961000  │  6000   │  6104835000  │ 15478863000 │     151200000      │ 1386100 │ 21734898000  │ '2023-02-03T09:44:00.000Z' │ 795097203000  │ 48003700  │  541900  │  9374028000  │  78718852900  │       0       │
│   30    │ 1675417500000 │ 985700  │ 879800  │  10800  │ 17408304000  │ 12852248000 │     139070000      │ 1876300 │ 30399622000  │ '2023-02-03T09:45:00.000Z' │ 825496825000  │ 49880000  │ -105900  │ -4556056000  │  74162691000  │       0       │
│   31    │ 1675417560000 │ 793400  │ 645300  │   700   │ 12279751000  │ 9956058000  │      45080000      │ 1439400 │ 22280889000  │ '2023-02-03T09:46:00.000Z' │ 847777714000  │ 51319400  │ -148100  │ -2323693000  │  71838849900  │       0       │
│   32    │ 1675417620000 │ 566900  │ 708300  │   400   │ 10605992000  │ 13176751000 │      22389000      │ 1275600 │ 23805132000  │ '2023-02-03T09:47:00.000Z' │ 871582846000  │ 52595000  │  141400  │  2570759000  │  74409750300  │       0       │
│   33    │ 1675417680000 │ 1041600 │ 590600  │  18400  │ 21237230000  │ 12060101000 │     424040000      │ 1650600 │ 33721371000  │ '2023-02-03T09:48:00.000Z' │ 905304217000  │ 54245600  │ -451000  │ -9177129000  │  65232170300  │       0       │
│   34    │ 1675417740000 │ 874500  │ 635500  │  5800   │ 13826298000  │ 11736162000 │      43141000      │ 1515800 │ 25605601000  │ '2023-02-03T09:49:00.000Z' │ 930909818000  │ 55761400  │ -239000  │ -2090136000  │  63141795300  │       0       │
│   35    │ 1675417800000 │ 990200  │ 661100  │  2400   │ 18587620000  │ 14053556000 │     165340000      │ 1653700 │ 32806516000  │ '2023-02-03T09:50:00.000Z' │ 963716334000  │ 57415100  │ -329100  │ -4534064000  │  58607402200  │       0       │
│   36    │ 1675417860000 │ 804100  │ 574200  │  11000  │ 13124631000  │ 9869852000  │     139700000      │ 1389300 │ 23134183000  │ '2023-02-03T09:51:00.000Z' │ 986850517000  │ 58804400  │ -229900  │ -3254779000  │  55352393300  │       0       │
│   37    │ 1675417920000 │ 750800  │ 365200  │  6500   │ 13293870000  │ 7374646000  │      51718000      │ 1122500 │ 20720234000  │ '2023-02-03T09:52:00.000Z' │ 1007570751000 │ 59926900  │ -385600  │ -5919224000  │  49432783700  │       0       │
│   38    │ 1675417980000 │ 1270900 │ 414200  │  7600   │ 27390690000  │ 7963414000  │     254910000      │ 1692700 │ 35609014000  │ '2023-02-03T09:53:00.000Z' │ 1043179765000 │ 61619600  │ -856700  │ -19427276000 │  30004651000  │       0       │
│   39    │ 1675418040000 │ 1448400 │ 288400  │  1000   │ 30402813000  │ 6771970000  │      56855000      │ 1737800 │ 37231638000  │ '2023-02-03T09:54:00.000Z' │ 1080411403000 │ 63357400  │ -1160000 │ -23630843000 │  6372648000   │       0       │
│   40    │ 1675418100000 │ 1647400 │ 269800  │  11400  │ 26957888000  │ 4700047000  │     106296000      │ 1928600 │ 31764231000  │ '2023-02-03T09:55:00.000Z' │ 1112175634000 │ 65286000  │ -1377600 │ -22257841000 │ -15886570600  │       0       │
├─────────┼───────────────┼─────────┼─────────┼─────────┼──────────────┼─────────────┼────────────────────┼─────────┼──────────────┼────────────────────────────┼───────────────┼───────────┼──────────┼──────────────┼───────────────┼───────────────┤
│ (index) │   datetime    │   sd    │   bu    │   uk    │    val_sd    │   val_bu    │       val_uk       │ sum_vol │     val      │            date            │   acum_val    │ total_vol │  bu-sd   │  bu-sd_val   │   acum_busd   │ acum_busd_val │
├─────────┼───────────────┼─────────┼─────────┼─────────┼──────────────┼─────────────┼────────────────────┼─────────┼──────────────┼────────────────────────────┼───────────────┼───────────┼──────────┼──────────────┼───────────────┼───────────────┤
│   41    │ 1675418160000 │ 870200  │ 675900  │  8900   │ 14443797000  │ 12769054000 │     251315000      │ 1555000 │ 27464166000  │ '2023-02-03T09:56:00.000Z' │ 1139639800000 │ 66841000  │ -194300  │ -1674743000  │ -17561507900  │       0       │
│   42    │ 1675418220000 │ 610000  │ 318800  │  9300   │ 11897090000  │ 6487066000  │     106240000      │ 938100  │ 18490396000  │ '2023-02-03T09:57:00.000Z' │ 1158130196000 │ 67779100  │ -291200  │ -5410024000  │ -22971823100  │       0       │
│   43    │ 1675418280000 │ 826700  │ 432500  │  2500   │ 15129903000  │ 8401358000  │      24470000      │ 1261700 │ 23555731000  │ '2023-02-03T09:58:00.000Z' │ 1181685927000 │ 69040800  │ -394200  │ -6728545000  │ -29700762300  │       0       │
│   44    │ 1675418340000 │ 1530100 │ 513100  │  1100   │ 23043664000  │ 11405774000 │      7605000       │ 2044300 │ 34457043000  │ '2023-02-03T09:59:00.000Z' │ 1216142970000 │ 71085100  │ -1017000 │ -11637890000 │ -41339669300  │       0       │
│   45    │ 1675418400000 │ 506500  │ 476700  │   300   │  8041805000  │ 9644043000  │      5640000       │ 983500  │ 17691488000  │ '2023-02-03T10:00:00.000Z' │ 1233834458000 │ 72068600  │  -29800  │  1602238000  │ -39737461100  │       0       │
│   46    │ 1675418460000 │ 712600  │ 548400  │    0    │ 11381003000  │ 12371108000 │         0          │ 1261000 │ 23752111000  │ '2023-02-03T10:01:00.000Z' │ 1257586569000 │ 73329600  │ -164200  │  990105000   │ -38747520300  │       0       │
│   47    │ 1675418520000 │ 499500  │ 854500  │  29300  │  9911081000  │ 18608165000 │     786705000      │ 1383300 │ 29305951000  │ '2023-02-03T10:02:00.000Z' │ 1286892520000 │ 74712900  │  355000  │  8697084000  │ -30050081300  │       0       │
│   48    │ 1675418580000 │ 655400  │ 1605300 │  1500   │ 13858774000  │ 38080663000 │      71850000      │ 2262200 │ 52011287000  │ '2023-02-03T10:03:00.000Z' │ 1338903807000 │ 76975100  │  949900  │ 24221889000  │  -5827242400  │       0       │
│   49    │ 1675418640000 │ 1018900 │ 605400  │  3300   │ 25161400000  │ 12988905000 │      84725000      │ 1627600 │ 38235030000  │ '2023-02-03T10:04:00.000Z' │ 1377138837000 │ 78602700  │ -413500  │ -12172495000 │ -18000150900  │       0       │
│   50    │ 1675418700000 │ 1178500 │ 350100  │    0    │ 27498696000  │ 7386825000  │         0          │ 1528600 │ 34885521000  │ '2023-02-03T10:05:00.000Z' │ 1412024358000 │ 80131300  │ -828400  │ -20111871000 │ -38112850300  │       0       │
│   51    │ 1675418760000 │ 585400  │ 368600  │  6700   │ 10030751000  │ 7302457000  │     112490000      │ 960700  │ 17445698000  │ '2023-02-03T10:06:00.000Z' │ 1429470056000 │ 81092000  │ -216800  │ -2728294000  │ -40841361100  │       0       │
│   52    │ 1675418820000 │ 313200  │ 539100  │  1700   │  5678731000  │ 9493842000  │      80324000      │ 854000  │ 15252897000  │ '2023-02-03T10:07:00.000Z' │ 1444722953000 │ 81946000  │  225900  │  3815111000  │ -37026024200  │       0       │
│   53    │ 1675418880000 │ 354800  │ 335700  │  1600   │  5949956000  │ 6369356000  │      56448000      │ 692100  │ 12375760000  │ '2023-02-03T10:08:00.000Z' │ 1457098713000 │ 82638100  │  -19100  │  419400000   │ -36606643300  │       0       │
│   54    │ 1675418940000 │ 363900  │ 865000  │    0    │  7315573000  │ 19397216000 │         0          │ 1228900 │ 26712789000  │ '2023-02-03T10:09:00.000Z' │ 1483811502000 │ 83867000  │  501100  │ 12081643000  │ -24524499200  │       0       │
│   55    │ 1675419000000 │ 496900  │ 533500  │  2500   │ 10094485000  │ 10053139000 │      72730000      │ 1032900 │ 20220354000  │ '2023-02-03T10:10:00.000Z' │ 1504031856000 │ 84899900  │  36600   │  -41346000   │ -24565808600  │       0       │
│   56    │ 1675419060000 │ 1535000 │ 779900  │   500   │ 39934012000  │ 13355883000 │      18350000      │ 2315400 │ 53308245000  │ '2023-02-03T10:11:00.000Z' │ 1557340101000 │ 87215300  │ -755100  │ -26578129000 │ -51144692700  │       0       │
│   57    │ 1675419120000 │ 1009500 │ 901900  │  1100   │ 21066911000  │ 15176002000 │      18697000      │ 1912500 │ 36261610000  │ '2023-02-03T10:12:00.000Z' │ 1593601711000 │ 89127800  │ -107600  │ -5890909000  │ -57035709300  │       0       │
│   58    │ 1675419180000 │ 565900  │ 342400  │  1000   │ 12714727000  │ 4696194000  │      9680000       │ 909300  │ 17420601000  │ '2023-02-03T10:13:00.000Z' │ 1611022312000 │ 90037100  │ -223500  │ -8018533000  │ -65054465800  │       0       │
│   59    │ 1675419240000 │ 395900  │ 899200  │   100   │  7199389000  │ 21989450000 │       638000       │ 1295200 │ 29189477000  │ '2023-02-03T10:14:00.000Z' │ 1640211789000 │ 91332300  │  503300  │ 14790061000  │ -50263901500  │       0       │
│   60    │ 1675419300000 │ 344100  │ 446100  │  8000   │  6610784000  │ 7810272000  │     344415000      │ 798200  │ 14765471000  │ '2023-02-03T10:15:00.000Z' │ 1654977260000 │ 92130500  │  102000  │  1199488000  │ -49064311500  │       0       │
├─────────┼───────────────┼─────────┼─────────┼─────────┼──────────────┼─────────────┼────────────────────┼─────────┼──────────────┼────────────────────────────┼───────────────┼───────────┼──────────┼──────────────┼───────────────┼───────────────┤
│ (index) │   datetime    │   sd    │   bu    │   uk    │    val_sd    │   val_bu    │       val_uk       │ sum_vol │     val      │            date            │   acum_val    │ total_vol │  bu-sd   │  bu-sd_val   │   acum_busd   │ acum_busd_val │
├─────────┼───────────────┼─────────┼─────────┼─────────┼──────────────┼─────────────┼────────────────────┼─────────┼──────────────┼────────────────────────────┼───────────────┼───────────┼──────────┼──────────────┼───────────────┼───────────────┤
│   61    │ 1675419360000 │ 491900  │ 446300  │  8600   │  9274550000  │ 7191739000  │     156015000      │ 946800  │ 16622304000  │ '2023-02-03T10:16:00.000Z' │ 1671599564000 │ 93077300  │  -45600  │ -2082811000  │ -51147168100  │       0       │
│   62    │ 1675419420000 │ 735600  │ 543300  │  4200   │ 17047583000  │ 10901324000 │     207233000      │ 1283100 │ 28156140000  │ '2023-02-03T10:17:00.000Z' │ 1699755704000 │ 94360400  │ -192300  │ -6146259000  │ -57293619400  │       0       │
│   63    │ 1675419480000 │ 726700  │ 414500  │  2700   │ 14130041000  │ 8354071000  │     122515000      │ 1143900 │ 22606627000  │ '2023-02-03T10:18:00.000Z' │ 1722362331000 │ 95504300  │ -312200  │ -5775970000  │ -63069901600  │       0       │
│   64    │ 1675419540000 │ 1099100 │ 500000  │  23800  │ 23370775000  │ 9971926000  │     120253000      │ 1622900 │ 33462954000  │ '2023-02-03T10:19:00.000Z' │ 1755825285000 │ 97127200  │ -599100  │ -13398849000 │ -76469349700  │       0       │
│   65    │ 1675419600000 │ 643100  │ 699600  │  6000   │ 11808922000  │ 15473031000 │      69365000      │ 1348700 │ 27351318000  │ '2023-02-03T10:20:00.000Z' │ 1783176603000 │ 98475900  │  56500   │  3664109000  │ -72805184200  │       0       │
│   66    │ 1675419660000 │ 494600  │ 473100  │  3000   │ 10340622000  │ 8916308000  │      50500000      │ 970700  │ 19307430000  │ '2023-02-03T10:21:00.000Z' │ 1802484033000 │ 99446600  │  -21500  │ -1424314000  │ -74229519700  │       0       │
│   67    │ 1675419720000 │ 399500  │ 586500  │   400   │  6904524000  │ 13563058000 │      8460000       │ 986400  │ 20476042000  │ '2023-02-03T10:22:00.000Z' │ 1822960075000 │ 100433000 │  187000  │  6658534000  │ -67570798700  │       0       │
│   68    │ 1675419780000 │ 304700  │ 555500  │   500   │  4709294000  │ 13200057000 │      24875000      │ 860700  │ 17934226000  │ '2023-02-03T10:23:00.000Z' │ 1840894301000 │ 101293700 │  250800  │  8490763000  │ -59079784900  │       0       │
│   69    │ 1675419840000 │ 476200  │ 546000  │  3100   │  8709313000  │ 9763038000  │      25957000      │ 1025300 │ 18498308000  │ '2023-02-03T10:24:00.000Z' │ 1859392609000 │ 102319000 │  69800   │  1053725000  │ -58025990100  │       0       │
│   70    │ 1675419900000 │ 476000  │ 642900  │   900   │  7921662000  │ 11143929000 │      7515000       │ 1119800 │ 19073106000  │ '2023-02-03T10:25:00.000Z' │ 1878465715000 │ 103438800 │  166900  │  3222267000  │ -54803556200  │       0       │
│   71    │ 1675419960000 │ 313600  │ 432500  │   500   │  4677486000  │ 9406558000  │      8025000       │ 746600  │ 14092069000  │ '2023-02-03T10:26:00.000Z' │ 1892557784000 │ 104185400 │  118900  │  4729072000  │ -50074365300  │       0       │
│   72    │ 1675420020000 │ 645500  │ 558400  │    0    │ 11548893000  │ 11069439000 │         0          │ 1203900 │ 22618332000  │ '2023-02-03T10:27:00.000Z' │ 1915176116000 │ 105389300 │  -87100  │  -479454000  │ -50553906400  │       0       │
│   73    │ 1675420080000 │ 469400  │ 671200  │    0    │  7848087000  │ 8548289000  │         0          │ 1140600 │ 16396376000  │ '2023-02-03T10:28:00.000Z' │ 1931572492000 │ 106529900 │  201800  │  700202000   │ -49853502600  │       0       │
│   74    │ 1675420140000 │ 245900  │ 560900  │    0    │  4276322000  │ 9323315000  │         0          │ 806800  │ 13599637000  │ '2023-02-03T10:29:00.000Z' │ 1945172129000 │ 107336700 │  315000  │  5046993000  │ -44806194600  │       0       │
│   75    │ 1675420200000 │ 373000  │ 990600  │   700   │  7097129000  │ 14284659000 │      25235000      │ 1364300 │ 21407023000  │ '2023-02-03T10:30:00.000Z' │ 1966579152000 │ 108701000 │  617600  │  7187530000  │ -37618047000  │       0       │
│   76    │ 1675420260000 │ 557600  │ 1409200 │  10000  │  7952518000  │ 18595234000 │     154500000      │ 1976800 │ 26702252000  │ '2023-02-03T10:31:00.000Z' │ 1993281404000 │ 110677800 │  851600  │ 10642716000  │ -26974479400  │       0       │
│   77    │ 1675420320000 │ 346200  │ 1184100 │   100   │  5405922000  │ 17479091000 │       714000       │ 1530400 │ 22885727000  │ '2023-02-03T10:32:00.000Z' │ 2016167131000 │ 112208200 │  837900  │ 12073169000  │ -14900472500  │       0       │
│   78    │ 1675420380000 │ 459700  │ 1729400 │  2800   │  8340704000  │ 30204438000 │      61365000      │ 2191900 │ 38606507000  │ '2023-02-03T10:33:00.000Z' │ 2054773638000 │ 114400100 │ 1269700  │ 21863734000  │  6964531200   │       0       │
│   79    │ 1675420440000 │ 531900  │ 2023700 │  4000   │ 10706956000  │ 28462417000 │      57583000      │ 2559600 │ 39226956000  │ '2023-02-03T10:34:00.000Z' │ 2094000594000 │ 116959700 │ 1491800  │ 17755461000  │  24721484000  │       0       │
│   80    │ 1675420500000 │ 448800  │ 1882700 │  1600   │  8125381000  │ 28185474000 │      28525000      │ 2333100 │ 36339380000  │ '2023-02-03T10:35:00.000Z' │ 2130339974000 │ 119292800 │ 1433900  │ 20060093000  │  44783010900  │       0       │
├─────────┼───────────────┼─────────┼─────────┼─────────┼──────────────┼─────────────┼────────────────────┼─────────┼──────────────┼────────────────────────────┼───────────────┼───────────┼──────────┼──────────────┼───────────────┼───────────────┤
│ (index) │   datetime    │   sd    │   bu    │   uk    │    val_sd    │   val_bu    │       val_uk       │ sum_vol │     val      │            date            │   acum_val    │ total_vol │  bu-sd   │  bu-sd_val   │   acum_busd   │ acum_busd_val │
├─────────┼───────────────┼─────────┼─────────┼─────────┼──────────────┼─────────────┼────────────────────┼─────────┼──────────────┼────────────────────────────┼───────────────┼───────────┼──────────┼──────────────┼───────────────┼───────────────┤
│   81    │ 1675420560000 │ 778400  │ 2723700 │  5300   │ 14955589000  │ 48187098000 │      23161000      │ 3507400 │ 63165848000  │ '2023-02-03T10:36:00.000Z' │ 2193505822000 │ 122800200 │ 1945300  │ 33231509000  │  78016465200  │       0       │
│   82    │ 1675420620000 │ 990800  │ 2212600 │  17900  │ 17093980000  │ 35959203000 │ 320394999.99999994 │ 3221300 │ 53373578000  │ '2023-02-03T10:37:00.000Z' │ 2246879400000 │ 126021500 │ 1221800  │ 18865223000  │  96882910000  │       0       │
│   83    │ 1675420680000 │ 373100  │ 1922100 │  17800  │  6510613000  │ 33234399000 │     322855000      │ 2313000 │ 40067867000  │ '2023-02-03T10:38:00.000Z' │ 2286947267000 │ 128334500 │ 1549000  │ 26723786000  │ 123608245000  │       0       │
│   84    │ 1675420740000 │ 644100  │ 1694400 │  1800   │  9870990000  │ 27110078000 │      23680000      │ 2340300 │ 37004748000  │ '2023-02-03T10:39:00.000Z' │ 2323952015000 │ 130674800 │ 1050300  │ 17239088000  │ 140848383300  │       0       │
│   85    │ 1675420800000 │ 671100  │ 1752300 │   800   │ 12366104000  │ 27597429000 │      11280000      │ 2424200 │ 39974813000  │ '2023-02-03T10:40:00.000Z' │ 2363926828000 │ 133099000 │ 1081200  │ 15231325000  │ 156080789500  │       0       │
│   86    │ 1675420860000 │ 583700  │ 1128000 │  4000   │ 11132437000  │ 21025203000 │      21143000      │ 1715700 │ 32178783000  │ '2023-02-03T10:41:00.000Z' │ 2396105611000 │ 134814700 │  544300  │  9892766000  │ 165974099800  │       0       │
│   87    │ 1675420920000 │ 642700  │ 1490100 │  10700  │ 10816450000  │ 21687683000 │     201640000      │ 2143500 │ 32705773000  │ '2023-02-03T10:42:00.000Z' │ 2428811384000 │ 136958200 │  847400  │ 10871233000  │ 176846180200  │       0       │
│   88    │ 1675420980000 │ 990500  │ 970500  │    0    │ 18597225000  │ 14542354000 │         0          │ 1961000 │ 33139579000  │ '2023-02-03T10:43:00.000Z' │ 2461950963000 │ 138919200 │  -20000  │ -4054871000  │ 172791289200  │       0       │
│   89    │ 1675421040000 │ 1615500 │ 581100  │  12200  │ 35193239000  │ 9881434000  │     326855000      │ 2208800 │ 45401528000  │ '2023-02-03T10:44:00.000Z' │ 2507352491000 │ 141128000 │ -1034400 │ -25311805000 │ 147478449800  │       0       │
│   90    │ 1675421100000 │ 1637100 │ 618300  │  6000   │ 36737854000  │ 9289937000  │     120205000      │ 2261400 │ 46147996000  │ '2023-02-03T10:45:00.000Z' │ 2553500487000 │ 143389400 │ -1018800 │ -27447917000 │ 120029514000  │       0       │
│   91    │ 1675421160000 │ 1835100 │ 381000  │  10600  │ 34577909000  │ 8659353000  │      92008000      │ 2226700 │ 43329270000  │ '2023-02-03T10:46:00.000Z' │ 2596829757000 │ 145616100 │ -1454100 │ -25918556000 │  94109503900  │       0       │
│   92    │ 1675421220000 │ 765200  │ 301900  │    0    │ 12469861000  │ 4768585000  │         0          │ 1067100 │ 17238446000  │ '2023-02-03T10:47:00.000Z' │ 2614068203000 │ 146683200 │ -463300  │ -7701276000  │  86407764600  │       0       │
│   93    │ 1675421280000 │ 626000  │ 375300  │   300   │ 12157285000  │ 6067957000  │      5700000       │ 1001600 │ 18230942000  │ '2023-02-03T10:48:00.000Z' │ 2632299145000 │ 147684800 │ -250700  │ -6089328000  │  80318185900  │       0       │
│   94    │ 1675421340000 │ 861300  │ 280300  │   500   │ 16230550000  │ 5639562000  │      24060000      │ 1142100 │ 21894172000  │ '2023-02-03T10:49:00.000Z' │ 2654193317000 │ 148826900 │ -581000  │ -10590988000 │  69726616900  │       0       │
│   95    │ 1675421400000 │ 488000  │ 267000  │  1200   │  9188503000  │ 4759139000  │      63920000      │ 756200  │ 14011562000  │ '2023-02-03T10:50:00.000Z' │ 2668204879000 │ 149583100 │ -221000  │ -4429364000  │  65297031900  │       0       │
│   96    │ 1675421460000 │ 784300  │ 388400  │    0    │ 15068440000  │ 7238909000  │         0          │ 1172700 │ 22307349000  │ '2023-02-03T10:51:00.000Z' │ 2690512228000 │ 150755800 │ -395900  │ -7829531000  │  57467105000  │       0       │
│   97    │ 1675421520000 │ 722800  │ 432100  │  5300   │ 14385074000  │ 12329572000 │      79410000      │ 1160200 │ 26794056000  │ '2023-02-03T10:52:00.000Z' │ 2717306284000 │ 151916000 │ -290700  │ -2055502000  │  55411312300  │       0       │
│   98    │ 1675421580000 │ 421000  │ 421400  │  1900   │  7980422000  │ 6419457000  │      13073000      │ 844300  │ 14412952000  │ '2023-02-03T10:53:00.000Z' │ 2731719236000 │ 152760300 │   400    │ -1560965000  │  53850347700  │       0       │
│   99    │ 1675421640000 │ 397800  │ 423200  │    0    │  7190303000  │ 7967985000  │         0          │ 821000  │ 15158288000  │ '2023-02-03T10:54:00.000Z' │ 2746877524000 │ 153581300 │  25400   │  777682000   │  54628055100  │       0       │
│   100   │ 1675421700000 │ 501600  │ 384200  │  2200   │  9409259000  │ 7191367000  │      59204000      │ 888000  │ 16659830000  │ '2023-02-03T10:55:00.000Z' │ 2763537354000 │ 154469300 │ -117400  │ -2217892000  │  52410045700  │       0       │
├─────────┼───────────────┼─────────┼─────────┼─────────┼──────────────┼─────────────┼────────────────────┼─────────┼──────────────┼────────────────────────────┼───────────────┼───────────┼──────────┼──────────────┼───────────────┼───────────────┤
│ (index) │   datetime    │   sd    │   bu    │   uk    │    val_sd    │   val_bu    │       val_uk       │ sum_vol │     val      │            date            │   acum_val    │ total_vol │  bu-sd   │  bu-sd_val   │   acum_busd   │ acum_busd_val │
├─────────┼───────────────┼─────────┼─────────┼─────────┼──────────────┼─────────────┼────────────────────┼─────────┼──────────────┼────────────────────────────┼───────────────┼───────────┼──────────┼──────────────┼───────────────┼───────────────┤
│   101   │ 1675421760000 │ 646400  │ 516500  │   400   │ 13031762000  │ 10153809000 │      7420000       │ 1163300 │ 23192991000  │ '2023-02-03T10:56:00.000Z' │ 2786730345000 │ 155632600 │ -129900  │ -2877953000  │  49531962800  │       0       │
│   102   │ 1675421820000 │ 539600  │ 285700  │    0    │  9959631000  │ 6091172000  │         0          │ 825300  │ 16050803000  │ '2023-02-03T10:57:00.000Z' │ 2802781148000 │ 156457900 │ -253900  │ -3868459000  │  45663249900  │       0       │
│   103   │ 1675421880000 │ 655500  │ 336200  │    0    │ 10341444000  │ 6807232000  │         0          │ 991700  │ 17148676000  │ '2023-02-03T10:58:00.000Z' │ 2819929824000 │ 157449600 │ -319300  │ -3534212000  │  42128718600  │       0       │
│   104   │ 1675421940000 │ 319000  │ 361700  │   600   │  6261045000  │ 6628996000  │      9675000       │ 681300  │ 12899716000  │ '2023-02-03T10:59:00.000Z' │ 2832829540000 │ 158130900 │  42700   │  367951000   │  42496712300  │       0       │
│   105   │ 1675422000000 │ 392000  │ 181300  │  5000   │  5740113000  │ 3744345000  │     186300000      │ 578300  │  9670758000  │ '2023-02-03T11:00:00.000Z' │ 2842500298000 │ 158709200 │ -210700  │ -1995768000  │  40500733600  │       0       │
│   106   │ 1675422060000 │ 502900  │ 353400  │    0    │ 11008170000  │ 6776892000  │         0          │ 856300  │ 17785062000  │ '2023-02-03T11:01:00.000Z' │ 2860285360000 │ 159565500 │ -149500  │ -4231278000  │  36269306100  │       0       │
│   107   │ 1675422120000 │ 330400  │ 327300  │  13000  │  7691712000  │ 6995638000  │     261950000      │ 670700  │ 14949300000  │ '2023-02-03T11:02:00.000Z' │ 2875234660000 │ 160236200 │  -3100   │  -696074000  │  35573229000  │       0       │
│   108   │ 1675422180000 │ 352200  │ 283700  │    0    │  7474005000  │ 4202875000  │         0          │ 635900  │ 11676880000  │ '2023-02-03T11:03:00.000Z' │ 2886911540000 │ 160872100 │  -68500  │ -3271130000  │  32302030500  │       0       │
│   109   │ 1675422240000 │ 873500  │ 196300  │  1000   │ 15841635000  │ 3956100000  │      5520000       │ 1070800 │ 19803255000  │ '2023-02-03T11:04:00.000Z' │ 2906714795000 │ 161942900 │ -677200  │ -11885535000 │  20415818300  │       0       │
│   110   │ 1675422300000 │ 533700  │ 272500  │  7800   │  9294322000  │ 5702673000  │     206876000      │ 814000  │ 15203871000  │ '2023-02-03T11:05:00.000Z' │ 2921918666000 │ 162756900 │ -261200  │ -3591649000  │  16823908100  │       0       │
│   111   │ 1675422360000 │ 677100  │ 217600  │    0    │ 10170178000  │ 4986722000  │         0          │ 894700  │ 15156900000  │ '2023-02-03T11:06:00.000Z' │ 2937075566000 │ 163651600 │ -459500  │ -5183456000  │  11639992600  │       0       │
│   112   │ 1675422420000 │ 470100  │ 209700  │   100   │  7609623000  │ 4680885000  │      1360000       │ 679900  │ 12291868000  │ '2023-02-03T11:07:00.000Z' │ 2949367434000 │ 164331500 │ -260400  │ -2928738000  │  8710994200   │       0       │
│   113   │ 1675422480000 │ 383100  │ 367900  │   100   │  5226089000  │ 7159955000  │       529000       │ 751100  │ 12386573000  │ '2023-02-03T11:08:00.000Z' │ 2961754007000 │ 165082600 │  -15200  │  1933866000  │  10644845000  │       0       │
│   114   │ 1675422540000 │ 340900  │ 278000  │    0    │  7943002000  │ 6797087000  │         0          │ 618900  │ 14740089000  │ '2023-02-03T11:09:00.000Z' │ 2976494096000 │ 165701500 │  -62900  │ -1145915000  │  9498867100   │       0       │
│   115   │ 1675422600000 │ 394400  │ 304400  │   600   │  5669112000  │ 5744032000  │      4632000       │ 699400  │ 11417776000  │ '2023-02-03T11:10:00.000Z' │ 2987911872000 │ 166400900 │  -90000  │   74920000   │  9573697100   │       0       │
│   116   │ 1675422660000 │ 403600  │ 416300  │  3000   │  6071665000  │ 10518709000 │      66860000      │ 822900  │ 16657234000  │ '2023-02-03T11:11:00.000Z' │ 3004569106000 │ 167223800 │  12700   │  4447044000  │  14020753800  │       0       │
│   117   │ 1675422720000 │ 214300  │ 303500  │    0    │  3360880000  │ 5760974000  │         0          │ 517800  │  9121854000  │ '2023-02-03T11:12:00.000Z' │ 3013690960000 │ 167741600 │  89200   │  2400094000  │  16420937000  │       0       │
│   118   │ 1675422780000 │ 510200  │ 262300  │  31000  │ 12240560000  │ 5281801000  │     685645000      │ 803500  │ 18208006000  │ '2023-02-03T11:13:00.000Z' │ 3031898966000 │ 168545100 │ -247900  │ -6958759000  │  9461930100   │       0       │
│   119   │ 1675422840000 │ 253400  │ 198700  │  1900   │  5368975000  │ 5026662000  │      48700000      │ 454000  │ 10444337000  │ '2023-02-03T11:14:00.000Z' │ 3042343303000 │ 168999100 │  -54700  │  -342313000  │  9119562400   │       0       │
│   120   │ 1675422900000 │ 513100  │ 247100  │   100   │  8789484000  │ 4958745000  │       549000       │ 760300  │ 13748778000  │ '2023-02-03T11:15:00.000Z' │ 3056092081000 │ 169759400 │ -266000  │ -3830739000  │  5288557400   │       0       │
├─────────┼───────────────┼─────────┼─────────┼─────────┼──────────────┼─────────────┼────────────────────┼─────────┼──────────────┼────────────────────────────┼───────────────┼───────────┼──────────┼──────────────┼───────────────┼───────────────┤
│ (index) │   datetime    │   sd    │   bu    │   uk    │    val_sd    │   val_bu    │       val_uk       │ sum_vol │     val      │            date            │   acum_val    │ total_vol │  bu-sd   │  bu-sd_val   │   acum_busd   │ acum_busd_val │
├─────────┼───────────────┼─────────┼─────────┼─────────┼──────────────┼─────────────┼────────────────────┼─────────┼──────────────┼────────────────────────────┼───────────────┼───────────┼──────────┼──────────────┼───────────────┼───────────────┤
│   121   │ 1675422960000 │ 332100  │ 154500  │    0    │  5470054000  │ 3447746000  │         0          │ 486600  │  8917800000  │ '2023-02-03T11:16:00.000Z' │ 3065009881000 │ 170246000 │ -177600  │ -2022308000  │  3266071800   │       0       │
│   122   │ 1675423020000 │ 344000  │ 167100  │    0    │  6797992000  │ 3408774000  │         0          │ 511100  │ 10206766000  │ '2023-02-03T11:17:00.000Z' │ 3075216647000 │ 170757100 │ -176900  │ -3389218000  │  -123323100   │       0       │
│   123   │ 1675423080000 │ 437100  │ 317400  │    0    │  9072220000  │ 6124272000  │         0          │ 754500  │ 15196492000  │ '2023-02-03T11:18:00.000Z' │ 3090413139000 │ 171511600 │ -119700  │ -2947948000  │  -3071390800  │       0       │
│   124   │ 1675423140000 │ 369400  │ 254500  │   100   │  7733253000  │ 4851068000  │      1055000       │ 624000  │ 12585376000  │ '2023-02-03T11:19:00.000Z' │ 3102998515000 │ 172135600 │ -114900  │ -2882185000  │  -5953690700  │       0       │
│   125   │ 1675423200000 │ 150500  │ 483300  │  12600  │  3183371000  │ 7531151000  │     260820000      │ 646400  │ 10975342000  │ '2023-02-03T11:20:00.000Z' │ 3113973857000 │ 172782000 │  332800  │  4347780000  │  -1605577900  │       0       │
│   126   │ 1675423260000 │ 330200  │ 197300  │    0    │  5660458000  │ 3929381000  │         0          │ 527500  │  9589839000  │ '2023-02-03T11:21:00.000Z' │ 3123563696000 │ 173309500 │ -132900  │ -1731077000  │  -3336787800  │       0       │
│   127   │ 1675423320000 │ 394500  │ 231600  │  30700  │  7450011000  │ 5386848000  │     440545000      │ 656800  │ 13277404000  │ '2023-02-03T11:22:00.000Z' │ 3136841100000 │ 173966300 │ -162900  │ -2063163000  │  -5400113700  │       0       │
│   128   │ 1675423380000 │ 441000  │ 232800  │    0    │  7513618000  │ 5538381000  │         0          │ 673800  │ 13051999000  │ '2023-02-03T11:23:00.000Z' │ 3149893099000 │ 174640100 │ -208200  │ -1975237000  │  -7375558900  │       0       │
│   129   │ 1675423440000 │ 320600  │ 245200  │  13000  │  7111485000  │ 5906969000  │     320695000      │ 578800  │ 13339149000  │ '2023-02-03T11:24:00.000Z' │ 3163232248000 │ 175218900 │  -75400  │ -1204516000  │  -8580150300  │       0       │
│   130   │ 1675423500000 │ 309400  │ 149900  │    0    │  5490482000  │ 3988325000  │         0          │ 459300  │  9478807000  │ '2023-02-03T11:25:00.000Z' │ 3172711055000 │ 175678200 │ -159500  │ -1502157000  │ -10082466800  │       0       │
│   131   │ 1675423560000 │ 407700  │ 182300  │    0    │  5639410000  │ 3750068000  │         0          │ 590000  │  9389478000  │ '2023-02-03T11:26:00.000Z' │ 3182100533000 │ 176268200 │ -225400  │ -1889342000  │ -11972034200  │       0       │
│   132   │ 1675423620000 │ 327200  │ 331500  │    0    │  4820216000  │ 6563658000  │         0          │ 658700  │ 11383874000  │ '2023-02-03T11:27:00.000Z' │ 3193484407000 │ 176926900 │   4300   │  1743442000  │ -10228587900  │       0       │
│   133   │ 1675423680000 │ 623800  │ 217300  │    0    │ 10353386000  │ 4553786000  │         0          │ 841100  │ 14907172000  │ '2023-02-03T11:28:00.000Z' │ 3208391579000 │ 177768000 │ -406500  │ -5799600000  │ -16028594400  │       0       │
│   134   │ 1675423740000 │ 556200  │ 238900  │  4500   │ 10372625000  │ 5184322000  │     168750000      │ 799600  │ 15725697000  │ '2023-02-03T11:29:00.000Z' │ 3224117276000 │ 178567600 │ -317300  │ -5188303000  │ -21217214700  │       0       │
│   135   │ 1675423800000 │  2000   │  3100   │    0    │   41200000   │  18760000   │         0          │  5100   │   59960000   │ '2023-02-03T11:30:00.000Z' │ 3224177236000 │ 178572700 │   1100   │  -22440000   │ -21239653600  │       0       │
│   136   │ 1675429200000 │ 4182400 │ 2015700 │ 268000  │ 68041179000  │ 34131838000 │     4308412000     │ 6466100 │ 106481429000 │ '2023-02-03T13:00:00.000Z' │ 3330658665000 │ 185038800 │ -2166700 │ -33909341000 │ -55151161300  │       0       │
│   137   │ 1675429260000 │ 1604000 │ 238300  │  1100   │ 29186625000  │ 5546859000  │      48905000      │ 1843400 │ 34782389000  │ '2023-02-03T13:01:00.000Z' │ 3365441054000 │ 186882200 │ -1365700 │ -23639766000 │ -78792293000  │       0       │
│   138   │ 1675429320000 │ 1499300 │ 417800  │  2800   │ 20022214000  │ 8170837000  │      17475000      │ 1919900 │ 28210526000  │ '2023-02-03T13:02:00.000Z' │ 3393651580000 │ 188802100 │ -1081500 │ -11851377000 │ -90644751500  │       0       │
│   139   │ 1675429380000 │ 1624300 │ 416900  │  9000   │ 22267418000  │ 9806992000  │     192420000      │ 2050200 │ 32266830000  │ '2023-02-03T13:03:00.000Z' │ 3425918410000 │ 190852300 │ -1207400 │ -12460426000 │ -103106384900 │       0       │
│   140   │ 1675429440000 │ 2216200 │ 329600  │  15800  │ 27912475000  │ 5543618000  │     156070000      │ 2561600 │ 33612163000  │ '2023-02-03T13:04:00.000Z' │ 3459530573000 │ 193413900 │ -1886600 │ -22368857000 │ -125477128500 │       0       │
├─────────┼───────────────┼─────────┼─────────┼─────────┼──────────────┼─────────────┼────────────────────┼─────────┼──────────────┼────────────────────────────┼───────────────┼───────────┼──────────┼──────────────┼───────────────┼───────────────┤
│ (index) │   datetime    │   sd    │   bu    │   uk    │    val_sd    │   val_bu    │       val_uk       │ sum_vol │     val      │            date            │   acum_val    │ total_vol │  bu-sd   │  bu-sd_val   │   acum_busd   │ acum_busd_val │
├─────────┼───────────────┼─────────┼─────────┼─────────┼──────────────┼─────────────┼────────────────────┼─────────┼──────────────┼────────────────────────────┼───────────────┼───────────┼──────────┼──────────────┼───────────────┼───────────────┤
│   141   │ 1675429500000 │ 2282900 │ 743100  │  4400   │ 31037767000  │ 10250769000 │      36878000      │ 3030400 │ 41325414000  │ '2023-02-03T13:05:00.000Z' │ 3500855987000 │ 196444300 │ -1539800 │ -20786998000 │ -146265666300 │       0       │
│   142   │ 1675429560000 │ 1404300 │ 630400  │  2300   │ 25320685000  │ 12060231000 │      17779000      │ 2037000 │ 37398695000  │ '2023-02-03T13:06:00.000Z' │ 3538254682000 │ 198481300 │ -773900  │ -13260454000 │ -159526894200 │       0       │
│   143   │ 1675429620000 │ 981500  │ 426000  │  2800   │ 16174213000  │ 8144354000  │     135514000      │ 1410300 │ 24454081000  │ '2023-02-03T13:07:00.000Z' │ 3562708763000 │ 199891600 │ -555500  │ -8029859000  │ -167557308700 │       0       │
│   144   │ 1675429680000 │ 981600  │ 354400  │  5300   │ 18264168000  │ 5389563000  │      78400000      │ 1341300 │ 23732131000  │ '2023-02-03T13:08:00.000Z' │ 3586440894000 │ 201232900 │ -627200  │ -12874605000 │ -180432540900 │       0       │
│   145   │ 1675429740000 │ 1254800 │ 317800  │   300   │ 25781122000  │ 5198523000  │      4020000       │ 1572900 │ 30983665000  │ '2023-02-03T13:09:00.000Z' │ 3617424559000 │ 202805800 │ -937000  │ -20582599000 │ -201016076900 │       0       │
│   146   │ 1675429800000 │ 1106600 │ 801600  │  12300  │ 18813205000  │ 18138972000 │     248233000      │ 1920500 │ 37200410000  │ '2023-02-03T13:10:00.000Z' │ 3654624969000 │ 204726300 │ -305000  │  -674233000  │ -201690614900 │       0       │
│   147   │ 1675429860000 │ 875700  │ 1160600 │  7100   │ 15685817000  │ 24855747000 │     127570000      │ 2043400 │ 40669134000  │ '2023-02-03T13:11:00.000Z' │ 3695294103000 │ 206769700 │  284900  │  9169930000  │ -192520400000 │       0       │
│   148   │ 1675429920000 │ 1114900 │ 682400  │  6100   │ 18936216000  │ 11905350000 │     225924000      │ 1803400 │ 31067490000  │ '2023-02-03T13:12:00.000Z' │ 3726361593000 │ 208573100 │ -432500  │ -7030866000  │ -199551698500 │       0       │
│   149   │ 1675429980000 │ 773300  │ 784000  │   700   │ 11290874000  │ 15088725000 │      34210000      │ 1558000 │ 26413809000  │ '2023-02-03T13:13:00.000Z' │ 3752775402000 │ 210131100 │  10700   │  3797851000  │ -195753836800 │       0       │
│   150   │ 1675430040000 │ 869600  │ 671800  │  7900   │ 14440541000  │ 14122531000 │     426460000      │ 1549300 │ 28989532000  │ '2023-02-03T13:14:00.000Z' │ 3781764934000 │ 211680400 │ -197800  │  -318010000  │ -196072044600 │       0       │
│   151   │ 1675430100000 │ 912800  │ 519700  │  8700   │ 16911462000  │ 9893737000  │     114680000      │ 1441200 │ 26919879000  │ '2023-02-03T13:15:00.000Z' │ 3808684813000 │ 213121600 │ -393100  │ -7017725000  │ -203090162700 │       0       │
│   152   │ 1675430160000 │ 792100  │ 517800  │  14400  │ 15513749000  │ 9641151000  │     148418000      │ 1324300 │ 25303318000  │ '2023-02-03T13:16:00.000Z' │ 3833988131000 │ 214445900 │ -274300  │ -5872598000  │ -208963035000 │       0       │
│   153   │ 1675430220000 │ 935900  │ 733600  │  2300   │ 15903938000  │ 12468171000 │     103363000      │ 1671800 │ 28475472000  │ '2023-02-03T13:17:00.000Z' │ 3862463603000 │ 216117700 │ -202300  │ -3435767000  │ -212399004300 │       0       │
│   154   │ 1675430280000 │ 799600  │ 919400  │  18700  │ 16553016000  │ 17151102000 │     573590000      │ 1737700 │ 34277708000  │ '2023-02-03T13:18:00.000Z' │ 3896741311000 │ 217855400 │  119800  │  598086000   │ -211800798500 │       0       │
│   155   │ 1675430340000 │ 992300  │ 1064000 │  7900   │ 15727554000  │ 16623276000 │     177665000      │ 2064200 │ 32528495000  │ '2023-02-03T13:19:00.000Z' │ 3929269806000 │ 219919600 │  71700   │  895722000   │ -210905004800 │       0       │
│   156   │ 1675430400000 │ 855700  │ 886500  │  7800   │ 11949765000  │ 16882143000 │     214720000      │ 1750000 │ 29046628000  │ '2023-02-03T13:20:00.000Z' │ 3958316434000 │ 221669600 │  30800   │  4932378000  │ -205972596000 │       0       │
│   157   │ 1675430460000 │ 676900  │ 404800  │    0    │ 10666333000  │ 7831210000  │         0          │ 1081700 │ 18497543000  │ '2023-02-03T13:21:00.000Z' │ 3976813977000 │ 222751300 │ -272100  │ -2835123000  │ -208807991100 │       0       │
│   158   │ 1675430520000 │ 815800  │ 489500  │    0    │ 12262048000  │ 9489469000  │         0          │ 1305300 │ 21751517000  │ '2023-02-03T13:22:00.000Z' │ 3998565494000 │ 224056600 │ -326300  │ -2772579000  │ -211580896400 │       0       │
│   159   │ 1675430580000 │ 1027300 │ 483700  │  20900  │ 20051142000  │ 9419835000  │     312300000      │ 1531900 │ 29783277000  │ '2023-02-03T13:23:00.000Z' │ 4028348771000 │ 225588500 │ -543600  │ -10631307000 │ -222212747000 │       0       │
│   160   │ 1675430640000 │ 1622800 │ 554700  │   400   │ 30303548000  │ 8869987000  │      8803000       │ 2177900 │ 39182338000  │ '2023-02-03T13:24:00.000Z' │ 4067531109000 │ 227766400 │ -1068100 │ -21433561000 │ -243647376100 │       0       │
├─────────┼───────────────┼─────────┼─────────┼─────────┼──────────────┼─────────────┼────────────────────┼─────────┼──────────────┼────────────────────────────┼───────────────┼───────────┼──────────┼──────────────┼───────────────┼───────────────┤
│ (index) │   datetime    │   sd    │   bu    │   uk    │    val_sd    │   val_bu    │       val_uk       │ sum_vol │     val      │            date            │   acum_val    │ total_vol │  bu-sd   │  bu-sd_val   │   acum_busd   │ acum_busd_val │
├─────────┼───────────────┼─────────┼─────────┼─────────┼──────────────┼─────────────┼────────────────────┼─────────┼──────────────┼────────────────────────────┼───────────────┼───────────┼──────────┼──────────────┼───────────────┼───────────────┤
│   161   │ 1675430700000 │ 5101400 │ 775500  │  41800  │ 90153727000  │ 13987439000 │     883238000      │ 5918700 │ 105024404000 │ '2023-02-03T13:25:00.000Z' │ 4172555513000 │ 233685100 │ -4325900 │ -76166288000 │ -319817990000 │       0       │
│   162   │ 1675430760000 │ 3441900 │ 500500  │  19100  │ 56301980000  │ 9913140000  │     530855000      │ 3961500 │ 66745975000  │ '2023-02-03T13:26:00.000Z' │ 4239301488000 │ 237646600 │ -2941400 │ -46388840000 │ -366209771400 │       0       │
│   163   │ 1675430820000 │ 3691600 │ 443700  │  9200   │ 56343979000  │ 7862892000  │     147102000      │ 4144500 │ 64353973000  │ '2023-02-03T13:27:00.000Z' │ 4303655461000 │ 241791100 │ -3247900 │ -48481087000 │ -414694106300 │       0       │
│   164   │ 1675430880000 │ 2236000 │ 872600  │  22700  │ 35959952000  │ 17283962000 │     297722000      │ 3131300 │ 53541636000  │ '2023-02-03T13:28:00.000Z' │ 4357197097000 │ 244922400 │ -1363400 │ -18675990000 │ -433371459700 │       0       │
│   165   │ 1675430940000 │ 1542500 │ 591200  │  44500  │ 26433485000  │ 11474774000 │     610385000      │ 2178200 │ 38518644000  │ '2023-02-03T13:29:00.000Z' │ 4395715741000 │ 247100600 │ -951300  │ -14958711000 │ -448331122000 │       0       │
│   166   │ 1675431000000 │ 1191500 │ 526100  │    0    │ 20481140000  │ 9064812000  │         0          │ 1717600 │ 29545952000  │ '2023-02-03T13:30:00.000Z' │ 4425261693000 │ 248818200 │ -665400  │ -11416328000 │ -459748115400 │       0       │
│   167   │ 1675431060000 │ 1609600 │ 499000  │  1300   │ 26228988000  │ 9454270000  │      39954000      │ 2109900 │ 35723212000  │ '2023-02-03T13:31:00.000Z' │ 4460984905000 │ 250928100 │ -1110600 │ -16774718000 │ -476523944000 │       0       │
│   168   │ 1675431120000 │ 1347700 │ 557000  │   100   │ 20863585000  │ 10333120000 │       117000       │ 1904800 │ 31196822000  │ '2023-02-03T13:32:00.000Z' │ 4492181727000 │ 252832900 │ -790700  │ -10530465000 │ -487055199700 │       0       │
│   169   │ 1675431180000 │ 2004800 │ 565200  │  12000  │ 37260129000  │ 9027624000  │      65042000      │ 2582000 │ 46352795000  │ '2023-02-03T13:33:00.000Z' │ 4538534522000 │ 255414900 │ -1439600 │ -28232505000 │ -515289144300 │       0       │
│   170   │ 1675431240000 │ 2332000 │ 637800  │  12000  │ 34346582000  │ 11780100000 │     228898000      │ 2981800 │ 46355580000  │ '2023-02-03T13:34:00.000Z' │ 4584890102000 │ 258396700 │ -1694200 │ -22566482000 │ -537857320500 │       0       │
│   171   │ 1675431300000 │ 1806500 │ 709200  │  5600   │ 27566016000  │ 11379363000 │      84840000      │ 2521300 │ 39030219000  │ '2023-02-03T13:35:00.000Z' │ 4623920321000 │ 260918000 │ -1097300 │ -16186653000 │ -554045070800 │       0       │
│   172   │ 1675431360000 │ 1377900 │ 817900  │  8100   │ 24091940000  │ 14195299000 │     107134000      │ 2203900 │ 38394373000  │ '2023-02-03T13:36:00.000Z' │ 4662314694000 │ 263121900 │ -560000  │ -9896641000  │ -563942271800 │       0       │
│   173   │ 1675431420000 │ 938500  │ 782400  │  42000  │ 16844061000  │ 13768175000 │     443340000      │ 1762900 │ 31055576000  │ '2023-02-03T13:37:00.000Z' │ 4693370270000 │ 264884800 │ -156100  │ -3075886000  │ -567018313900 │       0       │
│   174   │ 1675431480000 │ 734000  │ 1116000 │  1000   │ 18479244000  │ 21250916000 │      22680000      │ 1851000 │ 39752840000  │ '2023-02-03T13:38:00.000Z' │ 4733123110000 │ 266735800 │  382000  │  2771672000  │ -564246259900 │       0       │
│   175   │ 1675431540000 │ 718300  │ 1386900 │    0    │ 11908471000  │ 29070360000 │         0          │ 2105200 │ 40978831000  │ '2023-02-03T13:39:00.000Z' │ 4774101941000 │ 268841000 │  668600  │ 17161889000  │ -547083702300 │       0       │
│   176   │ 1675431600000 │ 921800  │ 1005800 │    0    │ 12632485000  │ 22390321000 │         0          │ 1927600 │ 35022806000  │ '2023-02-03T13:40:00.000Z' │ 4809124747000 │ 270768600 │  84000   │  9757836000  │ -537325782300 │       0       │
│   177   │ 1675431660000 │ 1653300 │ 1217500 │  9000   │ 18513438000  │ 20964469000 │      80204000      │ 2879800 │ 39558111000  │ '2023-02-03T13:41:00.000Z' │ 4848682858000 │ 273648400 │ -435800  │  2451031000  │ -534875187100 │       0       │
│   178   │ 1675431720000 │ 652000  │ 991100  │  11800  │  9814375000  │ 17534747000 │      75638000      │ 1654900 │ 27424760000  │ '2023-02-03T13:42:00.000Z' │ 4876107618000 │ 275303300 │  339100  │  7720372000  │ -527154476000 │       0       │
│   179   │ 1675431780000 │ 1066700 │ 1258200 │  1700   │ 19600393000  │ 18468185000 │      69160000      │ 2326600 │ 38137738000  │ '2023-02-03T13:43:00.000Z' │ 4914245356000 │ 277629900 │  191500  │ -1132208000  │ -528286492500 │       0       │
│   180   │ 1675431840000 │ 790700  │ 659300  │  1400   │ 11446182000  │ 12854837000 │      16240000      │ 1451400 │ 24317259000  │ '2023-02-03T13:44:00.000Z' │ 4938562615000 │ 279081300 │ -131400  │  1408655000  │ -526877968900 │       0       │
├─────────┼───────────────┼─────────┼─────────┼─────────┼──────────────┼─────────────┼────────────────────┼─────────┼──────────────┼────────────────────────────┼───────────────┼───────────┼──────────┼──────────────┼───────────────┼───────────────┤
│ (index) │   datetime    │   sd    │   bu    │   uk    │    val_sd    │   val_bu    │       val_uk       │ sum_vol │     val      │            date            │   acum_val    │ total_vol │  bu-sd   │  bu-sd_val   │   acum_busd   │ acum_busd_val │
├─────────┼───────────────┼─────────┼─────────┼─────────┼──────────────┼─────────────┼────────────────────┼─────────┼──────────────┼────────────────────────────┼───────────────┼───────────┼──────────┼──────────────┼───────────────┼───────────────┤
│   181   │ 1675431900000 │ 704100  │ 631600  │  2600   │ 11602548000  │ 12488368000 │     124680000      │ 1338300 │ 24215596000  │ '2023-02-03T13:45:00.000Z' │ 4962778211000 │ 280419600 │  -72500  │  885820000   │ -525992221400 │       0       │
│   182   │ 1675431960000 │ 1003600 │ 906500  │  14400  │ 18399775000  │ 19052610000 │     229643000      │ 1924500 │ 37682028000  │ '2023-02-03T13:46:00.000Z' │ 5000460239000 │ 282344100 │  -97100  │  652835000   │ -525339483500 │       0       │
│   183   │ 1675432020000 │ 870800  │ 1627300 │  54800  │ 14810978000  │ 31100178000 │     1002840000     │ 2552900 │ 46913996000  │ '2023-02-03T13:47:00.000Z' │ 5047374235000 │ 284897000 │  756500  │ 16289200000  │ -509049527000 │       0       │
│   184   │ 1675432080000 │ 704300  │ 1445200 │   200   │ 12654249000  │ 26919267000 │      1702000       │ 2149700 │ 39575218000  │ '2023-02-03T13:48:00.000Z' │ 5086949453000 │ 287046700 │  740900  │ 14265018000  │ -494783768100 │       0       │
│   185   │ 1675432140000 │ 995200  │ 972500  │   600   │ 23916265000  │ 17778021000 │      7309000       │ 1968300 │ 41701595000  │ '2023-02-03T13:49:00.000Z' │ 5128651048000 │ 289015000 │  -22700  │ -6138244000  │ -500922034800 │       0       │
│   186   │ 1675432200000 │ 1457300 │ 660000  │  3500   │ 26688226000  │ 10039994000 │      81070000      │ 2120800 │ 36809290000  │ '2023-02-03T13:50:00.000Z' │ 5165460338000 │ 291135800 │ -797300  │ -16648232000 │ -517571064100 │       0       │
│   187   │ 1675432260000 │ 2122200 │ 572400  │  47900  │ 41431222000  │ 9447122000  │     805915000      │ 2742500 │ 51684259000  │ '2023-02-03T13:51:00.000Z' │ 5217144597000 │ 293878300 │ -1549800 │ -31984100000 │ -549556713900 │       0       │
│   188   │ 1675432320000 │ 1517000 │ 609900  │  2100   │ 26514128000  │ 9892289000  │      42328000      │ 2129000 │ 36448745000  │ '2023-02-03T13:52:00.000Z' │ 5253593342000 │ 296007300 │ -907100  │ -16621839000 │ -566179460000 │       0       │
│   189   │ 1675432380000 │ 1490900 │ 640200  │  13300  │ 21673830000  │ 11987836000 │      91806000      │ 2144400 │ 33753472000  │ '2023-02-03T13:53:00.000Z' │ 5287346814000 │ 298151700 │ -850700  │ -9685994000  │ -575866304700 │       0       │
│   190   │ 1675432440000 │ 1501700 │ 857000  │  33400  │ 22758500000  │ 14269588000 │     651270000      │ 2392100 │ 37679358000  │ '2023-02-03T13:54:00.000Z' │ 5325026172000 │ 300543800 │ -644700  │ -8488912000  │ -584355861400 │       0       │
│   191   │ 1675432500000 │ 956900  │ 458700  │  14000  │ 16308085000  │ 8566171000  │      73004000      │ 1429600 │ 24947260000  │ '2023-02-03T13:55:00.000Z' │ 5349973432000 │ 301973400 │ -498200  │ -7741914000  │ -592098273600 │       0       │
│   192   │ 1675432560000 │ 1338600 │ 581500  │   100   │ 21805370000  │ 11288099000 │       753000       │ 1920200 │ 33094222000  │ '2023-02-03T13:56:00.000Z' │ 5383067654000 │ 303893600 │ -757100  │ -10517271000 │ -602616301700 │       0       │
│   193   │ 1675432620000 │ 1550500 │ 504900  │  3700   │ 27786467000  │ 9280429000  │      67722000      │ 2059100 │ 37134618000  │ '2023-02-03T13:57:00.000Z' │ 5420202272000 │ 305952700 │ -1045600 │ -18506038000 │ -621123385300 │       0       │
│   194   │ 1675432680000 │ 3871100 │ 588600  │  17000  │ 65976973000  │ 9812765000  │     200820000      │ 4476700 │ 75990558000  │ '2023-02-03T13:58:00.000Z' │ 5496192830000 │ 310429400 │ -3282500 │ -56164208000 │ -677290875800 │       0       │
│   195   │ 1675432740000 │ 4710600 │ 601800  │  1800   │ 82497865000  │ 10884350000 │      35359000      │ 5314200 │ 93417574000  │ '2023-02-03T13:59:00.000Z' │ 5589610404000 │ 315743600 │ -4108800 │ -71613515000 │ -748908499600 │       0       │
│   196   │ 1675432800000 │ 6209400 │ 957500  │  12500  │ 102324947000 │ 17412179000 │     315059000      │ 7179400 │ 120052185000 │ '2023-02-03T14:00:00.000Z' │ 5709662589000 │ 322923000 │ -5251900 │ -84912768000 │ -833826519500 │       0       │
│   197   │ 1675432860000 │ 4658900 │ 1088900 │  21900  │ 81212675000  │ 19125104000 │     276600000      │ 5769700 │ 100614379000 │ '2023-02-03T14:01:00.000Z' │ 5810276968000 │ 328692700 │ -3570000 │ -62087571000 │ -895917660500 │       0       │
│   198   │ 1675432920000 │ 3167700 │ 2205400 │  15700  │ 47938718000  │ 42793283000 │     194314000      │ 5388800 │ 90926315000  │ '2023-02-03T14:02:00.000Z' │ 5901203283000 │ 334081500 │ -962300  │ -5145435000  │ -901064057800 │       0       │
│   199   │ 1675432980000 │ 2228800 │ 2101600 │  23200  │ 31427538000  │ 39732895000 │     342253000      │ 4353600 │ 71502686000  │ '2023-02-03T14:03:00.000Z' │ 5972705969000 │ 338435100 │ -127200  │  8305357000  │ -892758828000 │       0       │
│   200   │ 1675433040000 │ 793200  │ 1735000 │  1300   │ 14752324000  │ 29264117000 │      39621000      │ 2529500 │ 44056062000  │ '2023-02-03T14:04:00.000Z' │ 6016762031000 │ 340964600 │  941800  │ 14511793000  │ -878246093200 │       0       │
├─────────┼───────────────┼─────────┼─────────┼─────────┼──────────────┼─────────────┼────────────────────┼─────────┼──────────────┼────────────────────────────┼───────────────┼───────────┼──────────┼──────────────┼───────────────┼───────────────┤
│ (index) │   datetime    │   sd    │   bu    │   uk    │    val_sd    │   val_bu    │       val_uk       │ sum_vol │     val      │            date            │   acum_val    │ total_vol │  bu-sd   │  bu-sd_val   │   acum_busd   │ acum_busd_val │
├─────────┼───────────────┼─────────┼─────────┼─────────┼──────────────┼─────────────┼────────────────────┼─────────┼──────────────┼────────────────────────────┼───────────────┼───────────┼──────────┼──────────────┼───────────────┼───────────────┤
│   201   │ 1675433100000 │ 477300  │ 1712100 │  2700   │  7999642000  │ 26828978000 │     140311000      │ 2192100 │ 34968931000  │ '2023-02-03T14:05:00.000Z' │ 6051730962000 │ 343156700 │ 1234800  │ 18829336000  │ -859415522400 │       0       │
│   202   │ 1675433160000 │ 1385800 │ 1155800 │  2700   │ 25492576000  │ 18448809000 │      23625000      │ 2544300 │ 43965010000  │ '2023-02-03T14:06:00.000Z' │ 6095695972000 │ 345701000 │ -230000  │ -7043767000  │ -866459519400 │       0       │
│   203   │ 1675433220000 │ 1738000 │ 781500  │  19300  │ 26615521000  │ 14927785000 │     453325000      │ 2538800 │ 41996631000  │ '2023-02-03T14:07:00.000Z' │ 6137692603000 │ 348239800 │ -956500  │ -11687736000 │ -878148211900 │       0       │
│   204   │ 1675433280000 │ 976300  │ 627500  │  5800   │ 15306109000  │ 14011788000 │     210617000      │ 1609600 │ 29528514000  │ '2023-02-03T14:08:00.000Z' │ 6167221117000 │ 349849400 │ -348800  │ -1294321000  │ -879442881700 │       0       │
│   205   │ 1675433340000 │ 1034500 │ 887900  │  3500   │ 16938806000  │ 15834516000 │     113215000      │ 1925900 │ 32886537000  │ '2023-02-03T14:09:00.000Z' │ 6200107654000 │ 351775300 │ -146600  │ -1104290000  │ -880547318300 │       0       │
│   206   │ 1675433400000 │ 905300  │ 1273200 │  1300   │ 16130382000  │ 25998670000 │      37993000      │ 2179800 │ 42167045000  │ '2023-02-03T14:10:00.000Z' │ 6242274699000 │ 353955100 │  367900  │  9868288000  │ -870678662400 │       0       │
│   207   │ 1675433460000 │ 1423000 │ 778200  │  8300   │ 24209212000  │ 17686206000 │      33721000      │ 2209500 │ 41929139000  │ '2023-02-03T14:11:00.000Z' │ 6284203838000 │ 356164600 │ -644800  │ -6523006000  │ -877202313200 │       0       │
│   208   │ 1675433520000 │ 1398200 │ 762500  │  42000  │ 22579746000  │ 14715300000 │     385057000      │ 2202700 │ 37680103000  │ '2023-02-03T14:12:00.000Z' │ 6321883941000 │ 358367300 │ -635700  │ -7864446000  │ -885067394900 │       0       │
│   209   │ 1675433580000 │ 1208800 │ 1266600 │  14800  │ 21599165000  │ 26212670000 │     204952000      │ 2490200 │ 48016787000  │ '2023-02-03T14:13:00.000Z' │ 6369900728000 │ 360857500 │  57800   │  4613505000  │ -880453832100 │       0       │
│   210   │ 1675433640000 │ 1119700 │ 1140900 │  47900  │ 17828285000  │ 23286471000 │     598423000      │ 2308500 │ 41713179000  │ '2023-02-03T14:14:00.000Z' │ 6411613907000 │ 363166000 │  21200   │  5458186000  │ -874995624900 │       0       │
│   211   │ 1675433700000 │ 754100  │ 2346300 │  12700  │ 13875228000  │ 46034018000 │     163454000      │ 3113100 │ 60072700000  │ '2023-02-03T14:15:00.000Z' │ 6471686607000 │ 366279100 │ 1592200  │ 32158790000  │ -842835242700 │       0       │
│   212   │ 1675433760000 │ 473100  │ 748900  │  7900   │  5927080000  │ 12898757000 │     154445000      │ 1229900 │ 18980282000  │ '2023-02-03T14:16:00.000Z' │ 6490666889000 │ 367509000 │  275800  │  6971677000  │ -835863289900 │       0       │
└─────────┴───────────────┴─────────┴─────────┴─────────┴──────────────┴─────────────┴────────────────────┴─────────┴──────────────┴────────────────────────────┴───────────────┴───────────┴──────────┴──────────────┴───────────────┴───────────────┘

