┌─────────┬─────┬─────┬─────┬─────┬───────┬──────────┬───────────┬─────────┬──────────┬───────────┬───────────────┬────────────────────────────┬──────┬──────┬─────┬──────────┬──────────┬──────┬────────┬─────┬──────┬────────┬───────────┬───────────┬───────────────┬───────┬──────────┬─────┐
│ (index) │  c  │  h  │  l  │  o  │  bu   │  val_bu  │ total_vol │ sum_vol │   val    │ acum_val  │   datetime    │            date            │ pbu  │ psd  │ puk │    bs    │    sb    │ abu  │  asd   │ auk │ rbu  │ bu-sd  │ bu-sd_val │ acum_busd │ acum_busd_val │  sd   │  val_sd  │ rsd │
├─────────┼─────┼─────┼─────┼─────┼───────┼──────────┼───────────┼─────────┼──────────┼───────────┼───────────────┼────────────────────────────┼──────┼──────┼─────┼──────────┼──────────┼──────┼────────┼─────┼──────┼────────┼───────────┼───────────┼───────────────┼───────┼──────────┼─────┤
│    0    │ 0.8 │ 0.8 │ 0.8 │ 0.8 │ 1200  │  960000  │   1200    │  1200   │  960000  │  960000   │ 1672390800000 │ '2022-12-30T09:00:00.000Z' │ 100  │  0   │  0  │ Infinity │    0     │ 3800 │ 2671.9 │  0  │ 0.3  │  1200  │  960000   │   1200    │    960000     │       │          │     │
│    1    │ 0.8 │ 0.8 │ 0.8 │ 0.8 │ 1000  │  800000  │   2200    │  1000   │  800000  │  1760000  │ 1672391400000 │ '2022-12-30T09:10:00.000Z' │ 100  │  0   │  0  │ Infinity │    0     │ 3800 │ 2671.9 │  0  │ 0.3  │  1000  │  800000   │   2200    │    1760000    │       │          │     │
│    2    │ 0.8 │ 0.8 │ 0.8 │ 0.8 │ 2100  │ 1680000  │   4300    │  2100   │ 1680000  │  3440000  │ 1672391700000 │ '2022-12-30T09:15:00.000Z' │ 100  │  0   │  0  │ Infinity │    0     │ 3800 │ 2671.9 │  0  │ 0.6  │  2100  │  1680000  │   4300    │    3440000    │       │          │     │
│    3    │ 0.7 │ 0.7 │ 0.7 │ 0.7 │       │          │   4900    │   600   │  420000  │  3860000  │ 1672392000000 │ '2022-12-30T09:20:00.000Z' │  0   │ 100  │  0  │    0     │ Infinity │ 3800 │ 2671.9 │  0  │      │  -600  │  -420000  │   3700    │    3020000    │  600  │  420000  │ 0.2 │
│    4    │ 0.7 │ 0.7 │ 0.7 │ 0.7 │       │          │   6400    │  1500   │ 1050000  │  4910000  │ 1672392300000 │ '2022-12-30T09:25:00.000Z' │  0   │ 100  │  0  │    0     │ Infinity │ 3800 │ 2671.9 │  0  │      │ -1500  │ -1050000  │   2200    │    1970000    │ 1500  │ 1050000  │ 0.6 │
│    5    │ 0.7 │ 0.7 │ 0.7 │ 0.7 │       │          │   27400   │  21000  │ 14700000 │ 19610000  │ 1672392600000 │ '2022-12-30T09:30:00.000Z' │  0   │ 100  │  0  │    0     │ Infinity │ 3800 │ 2671.9 │  0  │      │ -21000 │ -14700000 │  -18800   │   -12730000   │ 21000 │ 14700000 │ 7.9 │
│    6    │ 0.7 │ 0.7 │ 0.7 │ 0.7 │       │          │   27700   │   300   │  210000  │ 19820000  │ 1672392900000 │ '2022-12-30T09:35:00.000Z' │  0   │ 100  │  0  │    0     │ Infinity │ 3800 │ 2671.9 │  0  │      │  -300  │  -210000  │  -19100   │   -12940000   │  300  │  210000  │ 0.1 │
│    7    │ 0.7 │ 0.7 │ 0.7 │ 0.7 │       │          │   31700   │  4000   │ 2800000  │ 22620000  │ 1672393200000 │ '2022-12-30T09:40:00.000Z' │  0   │ 100  │  0  │    0     │ Infinity │ 3800 │ 2671.9 │  0  │      │ -4000  │ -2800000  │  -23100   │   -15740000   │ 4000  │ 2800000  │ 1.5 │
│    8    │ 0.8 │ 0.8 │ 0.7 │ 0.7 │  100  │  80000   │   57200   │  25500  │ 17860000 │ 40480000  │ 1672393500000 │ '2022-12-30T09:45:00.000Z' │ 0.4  │ 99.6 │  0  │    0     │   254    │ 3800 │ 2671.9 │  0  │  0   │ -25300 │ -17700000 │  -48400   │   -33440000   │ 25400 │ 17780000 │ 9.5 │
│    9    │ 0.8 │ 0.8 │ 0.8 │ 0.8 │ 50100 │ 40080000 │  107300   │  50100  │ 40080000 │ 80560000  │ 1672394100000 │ '2022-12-30T09:55:00.000Z' │ 100  │  0   │  0  │ Infinity │    0     │ 3800 │ 2671.9 │  0  │ 13.2 │ 50100  │ 40080000  │   1700    │    6640000    │       │          │     │
│   10    │ 0.8 │ 0.8 │ 0.8 │ 0.8 │  200  │  160000  │  107500   │   200   │  160000  │ 80720000  │ 1672394400000 │ '2022-12-30T10:00:00.000Z' │ 100  │  0   │  0  │ Infinity │    0     │ 3800 │ 2671.9 │  0  │ 0.1  │  200   │  160000   │   1900    │    6800000    │       │          │     │
│   11    │ 0.8 │ 0.8 │ 0.7 │ 0.7 │ 15000 │ 12000000 │  122700   │  15200  │ 12140000 │ 92860000  │ 1672396200000 │ '2022-12-30T10:30:00.000Z' │ 98.7 │ 1.3  │  0  │    75    │    0     │ 3800 │ 2671.9 │  0  │ 3.9  │ 14800  │ 11860000  │   16700   │   18660000    │  200  │  140000  │ 0.1 │
│   12    │ 0.7 │ 0.7 │ 0.7 │ 0.7 │       │          │  123000   │   300   │  210000  │ 93070000  │ 1672398000000 │ '2022-12-30T11:00:00.000Z' │  0   │ 100  │  0  │    0     │ Infinity │ 3800 │ 2671.9 │  0  │      │  -300  │  -210000  │   16400   │   18450000    │  300  │  210000  │ 0.1 │
│   13    │ 0.8 │ 0.8 │ 0.8 │ 0.8 │  100  │  80000   │  123100   │   100   │  80000   │ 93150000  │ 1672398300000 │ '2022-12-30T11:05:00.000Z' │ 100  │  0   │  0  │ Infinity │    0     │ 3800 │ 2671.9 │  0  │  0   │  100   │   80000   │   16500   │   18530000    │       │          │     │
│   14    │ 0.8 │ 0.8 │ 0.8 │ 0.8 │  700  │  560000  │  123800   │   700   │  560000  │ 93710000  │ 1672398600000 │ '2022-12-30T11:10:00.000Z' │ 100  │  0   │  0  │ Infinity │    0     │ 3800 │ 2671.9 │  0  │ 0.2  │  700   │  560000   │   17200   │   19090000    │       │          │     │
│   15    │ 0.8 │ 0.8 │ 0.8 │ 0.8 │  200  │  160000  │  124000   │   200   │  160000  │ 93870000  │ 1672398900000 │ '2022-12-30T11:15:00.000Z' │ 100  │  0   │  0  │ Infinity │    0     │ 3800 │ 2671.9 │  0  │ 0.1  │  200   │  160000   │   17400   │   19250000    │       │          │     │
│   16    │ 0.8 │ 0.8 │ 0.8 │ 0.8 │ 1500  │ 1200000  │  125500   │  1500   │ 1200000  │ 95070000  │ 1672399200000 │ '2022-12-30T11:20:00.000Z' │ 100  │  0   │  0  │ Infinity │    0     │ 3800 │ 2671.9 │  0  │ 0.4  │  1500  │  1200000  │   18900   │   20450000    │       │          │     │
│   17    │ 0.7 │ 0.7 │ 0.7 │ 0.7 │       │          │  127000   │  1500   │ 1050000  │ 96120000  │ 1672405200000 │ '2022-12-30T13:00:00.000Z' │  0   │ 100  │  0  │    0     │ Infinity │ 3800 │ 2671.9 │  0  │      │ -1500  │ -1050000  │   17400   │   19400000    │ 1500  │ 1050000  │ 0.6 │
│   18    │ 0.8 │ 0.8 │ 0.8 │ 0.8 │  100  │  80000   │  127100   │   100   │  80000   │ 96200000  │ 1672405500000 │ '2022-12-30T13:05:00.000Z' │ 100  │  0   │  0  │ Infinity │    0     │ 3800 │ 2671.9 │  0  │  0   │  100   │   80000   │   17500   │   19480000    │       │          │     │
│   19    │ 0.8 │ 0.8 │ 0.8 │ 0.8 │  600  │  480000  │  127700   │   600   │  480000  │ 96680000  │ 1672405800000 │ '2022-12-30T13:10:00.000Z' │ 100  │  0   │  0  │ Infinity │    0     │ 3800 │ 2671.9 │  0  │ 0.2  │  600   │  480000   │   18100   │   19960000    │       │          │     │
│   20    │ 0.7 │ 0.7 │ 0.7 │ 0.7 │       │          │  142700   │  15000  │ 10500000 │ 107180000 │ 1672406700000 │ '2022-12-30T13:25:00.000Z' │  0   │ 100  │  0  │    0     │ Infinity │ 3800 │ 2671.9 │  0  │      │ -15000 │ -10500000 │   3100    │    9460000    │ 15000 │ 10500000 │ 5.6 │
├─────────┼─────┼─────┼─────┼─────┼───────┼──────────┼───────────┼─────────┼──────────┼───────────┼───────────────┼────────────────────────────┼──────┼──────┼─────┼──────────┼──────────┼──────┼────────┼─────┼──────┼────────┼───────────┼───────────┼───────────────┼───────┼──────────┼─────┤
│ (index) │  c  │  h  │  l  │  o  │  bu   │  val_bu  │ total_vol │ sum_vol │   val    │ acum_val  │   datetime    │            date            │ pbu  │ psd  │ puk │    bs    │    sb    │ abu  │  asd   │ auk │ rbu  │ bu-sd  │ bu-sd_val │ acum_busd │ acum_busd_val │  sd   │  val_sd  │ rsd │
├─────────┼─────┼─────┼─────┼─────┼───────┼──────────┼───────────┼─────────┼──────────┼───────────┼───────────────┼────────────────────────────┼──────┼──────┼─────┼──────────┼──────────┼──────┼────────┼─────┼──────┼────────┼───────────┼───────────┼───────────────┼───────┼──────────┼─────┤
│   21    │ 0.8 │ 0.8 │ 0.8 │ 0.8 │ 2000  │ 1600000  │  144700   │  2000   │ 1600000  │ 108780000 │ 1672407300000 │ '2022-12-30T13:35:00.000Z' │ 100  │  0   │  0  │ Infinity │    0     │ 3800 │ 2671.9 │  0  │ 0.5  │  2000  │  1600000  │   5100    │   11060000    │       │          │     │
│   22    │ 0.8 │ 0.8 │ 0.8 │ 0.8 │  100  │  80000   │  144800   │   100   │  80000   │ 108860000 │ 1672407600000 │ '2022-12-30T13:40:00.000Z' │ 100  │  0   │  0  │ Infinity │    0     │ 3800 │ 2671.9 │  0  │  0   │  100   │   80000   │   5200    │   11140000    │       │          │     │
│   23    │ 0.7 │ 0.7 │ 0.7 │ 0.7 │       │          │  145300   │   500   │  350000  │ 109210000 │ 1672407900000 │ '2022-12-30T13:45:00.000Z' │  0   │ 100  │  0  │    0     │ Infinity │ 3800 │ 2671.9 │  0  │      │  -500  │  -350000  │   4700    │   10790000    │  500  │  350000  │ 0.2 │
│   24    │ 0.7 │ 0.7 │ 0.7 │ 0.7 │       │          │  150300   │  5000   │ 3500000  │ 112710000 │ 1672408200000 │ '2022-12-30T13:50:00.000Z' │  0   │ 100  │  0  │    0     │ Infinity │ 3800 │ 2671.9 │  0  │      │ -5000  │ -3500000  │   -300    │    7290000    │ 5000  │ 3500000  │ 1.9 │
│   25    │ 0.7 │ 0.7 │ 0.7 │ 0.7 │       │          │  160300   │  10000  │ 7000000  │ 119710000 │ 1672409100000 │ '2022-12-30T14:05:00.000Z' │  0   │ 100  │  0  │    0     │ Infinity │ 3800 │ 2671.9 │  0  │      │ -10000 │ -7000000  │  -10300   │    290000     │ 10000 │ 7000000  │ 3.7 │
│   26    │ 0.8 │ 0.8 │ 0.7 │ 0.7 │ 31800 │ 25440000 │  192300   │  32000  │ 25580000 │ 145290000 │ 1672409700000 │ '2022-12-30T14:15:00.000Z' │ 99.4 │ 0.6  │  0  │   159    │    0     │ 3800 │ 2671.9 │  0  │ 8.4  │ 31600  │ 25300000  │   21300   │   25590000    │  200  │  140000  │ 0.1 │
│   27    │ 0.8 │ 0.8 │ 0.8 │ 0.8 │ 13800 │ 11040000 │  206100   │  13800  │ 11040000 │ 156330000 │ 1672410000000 │ '2022-12-30T14:20:00.000Z' │ 100  │  0   │  0  │ Infinity │    0     │ 3800 │ 2671.9 │  0  │ 3.6  │ 13800  │ 11040000  │   35100   │   36630000    │       │          │     │
│   28    │ 0.8 │ 0.8 │ 0.8 │ 0.8 │  100  │  80000   │  206200   │   100   │  80000   │ 156410000 │ 1672410600000 │ '2022-12-30T14:30:00.000Z' │ 100  │  0   │  0  │ Infinity │    0     │ 3800 │ 2671.9 │  0  │  0   │  100   │   80000   │   35200   │   36710000    │       │          │     │
│   29    │ 0.8 │ 0.8 │ 0.8 │ 0.8 │  500  │  400000  │  206700   │   500   │  400000  │ 156810000 │ 1672410900000 │ '2022-12-30T14:35:00.000Z' │ 100  │  0   │  0  │ Infinity │    0     │ 3800 │ 2671.9 │  0  │ 0.1  │  500   │  400000   │   35700   │   37110000    │       │          │     │
│   30    │ 0.8 │ 0.8 │ 0.8 │ 0.8 │  100  │  80000   │  206800   │   100   │  80000   │ 156890000 │ 1672411500000 │ '2022-12-30T14:45:00.000Z' │ 100  │  0   │  0  │ Infinity │    0     │ 3800 │ 2671.9 │  0  │  0   │  100   │   80000   │   35800   │   37190000    │       │          │     │
│   31    │ 0.8 │ 0.8 │ 0.8 │ 0.8 │  300  │  240000  │  207100   │   300   │  240000  │ 157130000 │ 1672411800000 │ '2022-12-30T14:50:00.000Z' │ 100  │  0   │  0  │ Infinity │    0     │ 3800 │ 2671.9 │  0  │ 0.1  │  300   │  240000   │   36100   │   37430000    │       │          │     │
└─────────┴─────┴─────┴─────┴─────┴───────┴──────────┴───────────┴─────────┴──────────┴───────────┴───────────────┴────────────────────────────┴──────┴──────┴─────┴──────────┴──────────┴──────┴────────┴─────┴──────┴────────┴───────────┴───────────┴───────────────┴───────┴──────────┴─────┘

