┌─────────┬──────┬──────┬──────┬──────┬───────┬──────────┬───────────┬─────────┬──────────┬───────────┬───────────────┬────────────────────────────┬─────┬─────┬─────┬──────────┬──────────┬──────┬───────┬─────┬─────┬───────┬───────────┬───────────┬───────────────┬──────┬──────────┬─────┐
│ (index) │  c   │  h   │  l   │  o   │  bu   │  val_bu  │ total_vol │ sum_vol │   val    │ acum_val  │   datetime    │            date            │ pbu │ psd │ puk │    bs    │    sb    │ abu  │  asd  │ auk │ rbu │ bu-sd │ bu-sd_val │ acum_busd │ acum_busd_val │  sd  │  val_sd  │ rsd │
├─────────┼──────┼──────┼──────┼──────┼───────┼──────────┼───────────┼─────────┼──────────┼───────────┼───────────────┼────────────────────────────┼─────┼─────┼─────┼──────────┼──────────┼──────┼───────┼─────┼─────┼───────┼───────────┼───────────┼───────────────┼──────┼──────────┼─────┤
│    0    │ 5.74 │ 5.74 │ 5.74 │ 5.74 │  200  │ 1148000  │    200    │   200   │ 1148000  │  1148000  │ 1672391700000 │ '2022-12-30T09:15:00.000Z' │ 100 │  0  │  0  │ Infinity │    0     │ 1775 │ 831.3 │  0  │ 0.1 │  200  │  1148000  │    200    │    1148000    │      │          │     │
│    1    │ 5.74 │ 5.74 │ 5.74 │ 5.74 │  700  │ 4018000  │    900    │   700   │ 4018000  │  5166000  │ 1672392000000 │ '2022-12-30T09:20:00.000Z' │ 100 │  0  │  0  │ Infinity │    0     │ 1775 │ 831.3 │  0  │ 0.4 │  700  │  4018000  │    900    │    5166000    │      │          │     │
│    2    │ 5.6  │ 5.6  │ 5.6  │ 5.6  │       │          │   1000    │   100   │  560000  │  5726000  │ 1672393500000 │ '2022-12-30T09:45:00.000Z' │  0  │ 100 │  0  │    0     │ Infinity │ 1775 │ 831.3 │  0  │     │ -100  │  -560000  │    800    │    4606000    │ 100  │  560000  │ 0.1 │
│    3    │ 5.74 │ 5.74 │ 5.74 │ 5.74 │  200  │ 1148000  │   1200    │   200   │ 1148000  │  6874000  │ 1672394100000 │ '2022-12-30T09:55:00.000Z' │ 100 │  0  │  0  │ Infinity │    0     │ 1775 │ 831.3 │  0  │ 0.1 │  200  │  1148000  │   1000    │    5754000    │      │          │     │
│    4    │ 5.74 │ 5.74 │ 5.74 │ 5.74 │  700  │ 4018000  │   1900    │   700   │ 4018000  │ 10892000  │ 1672394700000 │ '2022-12-30T10:05:00.000Z' │ 100 │  0  │  0  │ Infinity │    0     │ 1775 │ 831.3 │  0  │ 0.4 │  700  │  4018000  │   1700    │    9772000    │      │          │     │
│    5    │ 5.6  │ 5.61 │ 5.6  │ 5.61 │       │          │   3900    │  2000   │ 11202000 │ 22094000  │ 1672395900000 │ '2022-12-30T10:25:00.000Z' │  0  │ 100 │  0  │    0     │ Infinity │ 1775 │ 831.3 │  0  │     │ -2000 │ -11202000 │   -300    │   -1430000    │ 2000 │ 11202000 │ 2.4 │
│    6    │ 5.7  │ 5.7  │ 5.7  │ 5.7  │       │          │   4200    │   300   │ 1710000  │ 23804000  │ 1672396500000 │ '2022-12-30T10:35:00.000Z' │  0  │ 100 │  0  │    0     │ Infinity │ 1775 │ 831.3 │  0  │     │ -300  │ -1710000  │   -600    │   -3140000    │ 300  │ 1710000  │ 0.4 │
│    7    │ 5.7  │ 5.7  │ 5.69 │ 5.69 │  500  │ 2849000  │   4700    │   500   │ 2849000  │ 26653000  │ 1672399500000 │ '2022-12-30T11:25:00.000Z' │ 100 │  0  │  0  │ Infinity │    0     │ 1775 │ 831.3 │  0  │ 0.3 │  500  │  2849000  │   -100    │    -291000    │      │          │     │
│    8    │ 5.69 │ 5.69 │ 5.69 │ 5.69 │ 3000  │ 17070000 │   7700    │  3000   │ 17070000 │ 43723000  │ 1672406700000 │ '2022-12-30T13:25:00.000Z' │ 100 │  0  │  0  │ Infinity │    0     │ 1775 │ 831.3 │  0  │ 1.7 │ 3000  │ 17070000  │   2900    │   16779000    │      │          │     │
│    9    │ 5.64 │ 5.64 │ 5.64 │ 5.64 │       │          │   9700    │  2000   │ 11280000 │ 55003000  │ 1672407000000 │ '2022-12-30T13:30:00.000Z' │  0  │ 100 │  0  │    0     │ Infinity │ 1775 │ 831.3 │  0  │     │ -2000 │ -11280000 │    900    │    5499000    │ 2000 │ 11280000 │ 2.4 │
│   10    │ 5.66 │ 5.66 │ 5.66 │ 5.66 │       │          │   9800    │   100   │  566000  │ 55569000  │ 1672407600000 │ '2022-12-30T13:40:00.000Z' │  0  │ 100 │  0  │    0     │ Infinity │ 1775 │ 831.3 │  0  │     │ -100  │  -566000  │    800    │    4933000    │ 100  │  566000  │ 0.1 │
│   11    │ 5.7  │ 5.7  │ 5.68 │ 5.68 │ 11800 │ 67227000 │   21600   │  11800  │ 67227000 │ 122796000 │ 1672407900000 │ '2022-12-30T13:45:00.000Z' │ 100 │  0  │  0  │ Infinity │    0     │ 1775 │ 831.3 │  0  │ 6.6 │ 11800 │ 67227000  │   12600   │   72160000    │      │          │     │
│   12    │ 5.7  │ 5.7  │ 5.7  │ 5.7  │ 1200  │ 6840000  │   23600   │  2000   │ 11400000 │ 134196000 │ 1672408800000 │ '2022-12-30T14:00:00.000Z' │ 60  │ 40  │  0  │   1.5    │   0.7    │ 1775 │ 831.3 │  0  │ 0.7 │  400  │  2280000  │   13000   │   74440000    │ 800  │ 4560000  │  1  │
│   13    │ 5.7  │ 5.7  │ 5.7  │ 5.7  │  100  │  570000  │   23700   │   100   │  570000  │ 134766000 │ 1672410000000 │ '2022-12-30T14:20:00.000Z' │ 100 │  0  │  0  │ Infinity │    0     │ 1775 │ 831.3 │  0  │ 0.1 │  100  │  570000   │   13100   │   75010000    │      │          │     │
│   14    │ 5.6  │ 5.68 │ 5.6  │ 5.68 │       │          │   31700   │  8000   │ 44883000 │ 179649000 │ 1672410300000 │ '2022-12-30T14:25:00.000Z' │  0  │ 100 │  0  │    0     │ Infinity │ 1775 │ 831.3 │  0  │     │ -8000 │ -44883000 │   5100    │   30127000    │ 8000 │ 44883000 │ 9.6 │
│   15    │ 5.62 │ 5.62 │ 5.62 │ 5.62 │ 10000 │ 56200000 │   41700   │  10000  │ 56200000 │ 235849000 │ 1672411500000 │ '2022-12-30T14:45:00.000Z' │ 100 │  0  │  0  │ Infinity │    0     │ 1775 │ 831.3 │  0  │ 5.6 │ 10000 │ 56200000  │   15100   │   86327000    │      │          │     │
└─────────┴──────┴──────┴──────┴──────┴───────┴──────────┴───────────┴─────────┴──────────┴───────────┴───────────────┴────────────────────────────┴─────┴─────┴─────┴──────────┴──────────┴──────┴───────┴─────┴─────┴───────┴───────────┴───────────┴───────────────┴──────┴──────────┴─────┘

