┌─────────┬─────┬─────┬─────┬─────┬───────┬──────────┬───────────┬─────────┬───────────┬───────────┬───────────────┬────────────────────────────┬─────┬──────┬─────┬──────────┬──────────┬────────┬────────┬─────┬──────┬────────┬───────────┬───────────┬───────────────┬───────┬───────────┬──────┐
│ (index) │  c  │  h  │  l  │  o  │  sd   │  val_sd  │ total_vol │ sum_vol │    val    │ acum_val  │   datetime    │            date            │ pbu │ psd  │ puk │    bs    │    sb    │  abu   │  asd   │ auk │ rsd  │ bu-sd  │ bu-sd_val │ acum_busd │ acum_busd_val │  bu   │  val_bu   │ rbu  │
├─────────┼─────┼─────┼─────┼─────┼───────┼──────────┼───────────┼─────────┼───────────┼───────────┼───────────────┼────────────────────────────┼─────┼──────┼─────┼──────────┼──────────┼────────┼────────┼─────┼──────┼────────┼───────────┼───────────┼───────────────┼───────┼───────────┼──────┤
│    0    │ 3.1 │ 3.1 │ 3.1 │ 3.1 │ 3000  │ 9300000  │   3000    │  3000   │  9300000  │  9300000  │ 1672392300000 │ '2022-12-30T09:25:00.000Z' │  0  │ 100  │  0  │    0     │ Infinity │ 5781.8 │ 1522.7 │  0  │  2   │ -3000  │ -9300000  │   -3000   │   -9300000    │       │           │      │
│    1    │ 3.1 │ 3.1 │ 3.1 │ 3.1 │ 1000  │ 3100000  │   4000    │  1000   │  3100000  │ 12400000  │ 1672393200000 │ '2022-12-30T09:40:00.000Z' │  0  │ 100  │  0  │    0     │ Infinity │ 5781.8 │ 1522.7 │  0  │ 0.7  │ -1000  │ -3100000  │   -4000   │   -12400000   │       │           │      │
│    2    │ 3.2 │ 3.2 │ 3.2 │ 3.2 │       │          │   14000   │  10000  │ 32000000  │ 44400000  │ 1672393800000 │ '2022-12-30T09:50:00.000Z' │ 100 │  0   │  0  │ Infinity │    0     │ 5781.8 │ 1522.7 │  0  │      │ 10000  │ 32000000  │   6000    │   19600000    │ 10000 │ 32000000  │ 1.7  │
│    3    │ 3.1 │ 3.1 │ 3.1 │ 3.1 │  300  │  930000  │   14300   │   300   │  930000   │ 45330000  │ 1672395000000 │ '2022-12-30T10:10:00.000Z' │  0  │ 100  │  0  │    0     │ Infinity │ 5781.8 │ 1522.7 │  0  │ 0.2  │  -300  │  -930000  │   5700    │   18670000    │       │           │      │
│    4    │ 3.1 │ 3.1 │ 3.1 │ 3.1 │ 2200  │ 6820000  │   16500   │  2200   │  6820000  │ 52150000  │ 1672397400000 │ '2022-12-30T10:50:00.000Z' │  0  │ 100  │  0  │    0     │ Infinity │ 5781.8 │ 1522.7 │  0  │ 1.4  │ -2200  │ -6820000  │   3500    │   11850000    │       │           │      │
│    5    │ 3.1 │ 3.1 │ 3.1 │ 3.1 │ 15800 │ 48980000 │   32300   │  15800  │ 48980000  │ 101130000 │ 1672398300000 │ '2022-12-30T11:05:00.000Z' │  0  │ 100  │  0  │    0     │ Infinity │ 5781.8 │ 1522.7 │  0  │ 10.4 │ -15800 │ -48980000 │  -12300   │   -37130000   │       │           │      │
│    6    │ 3.1 │ 3.1 │ 3.1 │ 3.1 │  100  │  310000  │   32400   │   100   │  310000   │ 101440000 │ 1672399500000 │ '2022-12-30T11:25:00.000Z' │  0  │ 100  │  0  │    0     │ Infinity │ 5781.8 │ 1522.7 │  0  │ 0.1  │  -100  │  -310000  │  -12400   │   -37440000   │       │           │      │
│    7    │ 3.1 │ 3.1 │ 3.1 │ 3.1 │ 4700  │ 14570000 │   37100   │  4700   │ 14570000  │ 116010000 │ 1672405200000 │ '2022-12-30T13:00:00.000Z' │  0  │ 100  │  0  │    0     │ Infinity │ 5781.8 │ 1522.7 │  0  │ 3.1  │ -4700  │ -14570000 │  -17100   │   -52010000   │       │           │      │
│    8    │ 3.1 │ 3.1 │ 3.1 │ 3.1 │  300  │  930000  │   37400   │   300   │  930000   │ 116940000 │ 1672405800000 │ '2022-12-30T13:10:00.000Z' │  0  │ 100  │  0  │    0     │ Infinity │ 5781.8 │ 1522.7 │  0  │ 0.2  │  -300  │  -930000  │  -17400   │   -52940000   │       │           │      │
│    9    │ 3.1 │ 3.1 │ 3.1 │ 3.1 │  500  │ 1550000  │   37900   │   500   │  1550000  │ 118490000 │ 1672406700000 │ '2022-12-30T13:25:00.000Z' │  0  │ 100  │  0  │    0     │ Infinity │ 5781.8 │ 1522.7 │  0  │ 0.3  │  -500  │ -1550000  │  -17900   │   -54490000   │       │           │      │
│   10    │ 3.2 │ 3.2 │ 3.2 │ 3.2 │       │          │   38400   │   500   │  1600000  │ 120090000 │ 1672407900000 │ '2022-12-30T13:45:00.000Z' │ 100 │  0   │  0  │ Infinity │    0     │ 5781.8 │ 1522.7 │  0  │      │  500   │  1600000  │  -17400   │   -52890000   │  500  │  1600000  │ 0.1  │
│   11    │ 3.2 │ 3.2 │ 3.2 │ 3.2 │       │          │   54800   │  16400  │ 52480000  │ 172570000 │ 1672408500000 │ '2022-12-30T13:55:00.000Z' │ 100 │  0   │  0  │ Infinity │    0     │ 5781.8 │ 1522.7 │  0  │      │ 16400  │ 52480000  │   -1000   │    -410000    │ 16400 │ 52480000  │ 2.8  │
│   12    │ 3.2 │ 3.2 │ 3.2 │ 3.2 │       │          │   55300   │   500   │  1600000  │ 174170000 │ 1672408800000 │ '2022-12-30T14:00:00.000Z' │ 100 │  0   │  0  │ Infinity │    0     │ 5781.8 │ 1522.7 │  0  │      │  500   │  1600000  │   -500    │    1190000    │  500  │  1600000  │ 0.1  │
│   13    │ 3.1 │ 3.1 │ 3.1 │ 3.1 │ 1000  │ 3100000  │   56300   │  1000   │  3100000  │ 177270000 │ 1672409400000 │ '2022-12-30T14:10:00.000Z' │  0  │ 100  │  0  │    0     │ Infinity │ 5781.8 │ 1522.7 │  0  │ 0.7  │ -1000  │ -3100000  │   -1500   │   -1910000    │       │           │      │
│   14    │ 3.2 │ 3.2 │ 3.2 │ 3.2 │       │          │   86300   │  30000  │ 96000000  │ 273270000 │ 1672409700000 │ '2022-12-30T14:15:00.000Z' │ 100 │  0   │  0  │ Infinity │    0     │ 5781.8 │ 1522.7 │  0  │      │ 30000  │ 96000000  │   28500   │   94090000    │ 30000 │ 96000000  │ 5.2  │
│   15    │ 3.1 │ 3.1 │ 3.1 │ 3.1 │  300  │  930000  │   86600   │   300   │  930000   │ 274200000 │ 1672410300000 │ '2022-12-30T14:25:00.000Z' │  0  │ 100  │  0  │    0     │ Infinity │ 5781.8 │ 1522.7 │  0  │ 0.2  │  -300  │  -930000  │   28200   │   93160000    │       │           │      │
│   16    │ 3.2 │ 3.2 │ 3.1 │ 3.1 │ 1000  │ 3100000  │   87700   │  1100   │  3420000  │ 277620000 │ 1672410900000 │ '2022-12-30T14:35:00.000Z' │ 9.1 │ 90.9 │  0  │   0.1    │    10    │ 5781.8 │ 1522.7 │  0  │ 0.7  │  -900  │ -2780000  │   27300   │   90380000    │  100  │  320000   │  0   │
│   17    │ 3.1 │ 3.1 │ 3.1 │ 3.1 │  500  │ 1550000  │   88200   │   500   │  1550000  │ 279170000 │ 1672411200000 │ '2022-12-30T14:40:00.000Z' │  0  │ 100  │  0  │    0     │ Infinity │ 5781.8 │ 1522.7 │  0  │ 0.3  │  -500  │ -1550000  │   26800   │   88830000    │       │           │      │
│   18    │ 3.2 │ 3.2 │ 3.1 │ 3.1 │ 2800  │ 8680000  │   91100   │  2900   │  9000000  │ 288170000 │ 1672411500000 │ '2022-12-30T14:45:00.000Z' │ 3.4 │ 96.6 │  0  │    0     │    28    │ 5781.8 │ 1522.7 │  0  │ 1.8  │ -2700  │ -8360000  │   24100   │   80470000    │  100  │  320000   │  0   │
│   19    │ 3.2 │ 3.2 │ 3.2 │ 3.2 │       │          │   93200   │  2100   │  6720000  │ 294890000 │ 1672411800000 │ '2022-12-30T14:50:00.000Z' │ 100 │  0   │  0  │ Infinity │    0     │ 5781.8 │ 1522.7 │  0  │      │  2100  │  6720000  │   26200   │   87190000    │ 2100  │  6720000  │ 0.4  │
│   20    │  3  │ 3.1 │  3  │ 3.1 │       │          │  160600   │  67400  │ 206560000 │ 501450000 │ 1672412100000 │ '2022-12-30T14:55:00.000Z' │ 100 │  0   │  0  │ Infinity │    0     │ 5781.8 │ 1522.7 │  0  │      │ 67400  │ 206560000 │   93600   │   293750000   │ 67400 │ 206560000 │ 11.7 │
├─────────┼─────┼─────┼─────┼─────┼───────┼──────────┼───────────┼─────────┼───────────┼───────────┼───────────────┼────────────────────────────┼─────┼──────┼─────┼──────────┼──────────┼────────┼────────┼─────┼──────┼────────┼───────────┼───────────┼───────────────┼───────┼───────────┼──────┤
│ (index) │  c  │  h  │  l  │  o  │  sd   │  val_sd  │ total_vol │ sum_vol │    val    │ acum_val  │   datetime    │            date            │ pbu │ psd  │ puk │    bs    │    sb    │  abu   │  asd   │ auk │ rsd  │ bu-sd  │ bu-sd_val │ acum_busd │ acum_busd_val │  bu   │  val_bu   │ rbu  │
├─────────┼─────┼─────┼─────┼─────┼───────┼──────────┼───────────┼─────────┼───────────┼───────────┼───────────────┼────────────────────────────┼─────┼──────┼─────┼──────────┼──────────┼────────┼────────┼─────┼──────┼────────┼───────────┼───────────┼───────────────┼───────┼───────────┼──────┤
│   21    │  3  │  3  │  3  │  3  │       │          │  160700   │   100   │  300000   │ 501750000 │ 1672412400000 │ '2022-12-30T15:00:00.000Z' │ 100 │  0   │  0  │ Infinity │    0     │ 5781.8 │ 1522.7 │  0  │      │  100   │  300000   │   93700   │   294050000   │  100  │  300000   │  0   │
└─────────┴─────┴─────┴─────┴─────┴───────┴──────────┴───────────┴─────────┴───────────┴───────────┴───────────────┴────────────────────────────┴─────┴──────┴─────┴──────────┴──────────┴────────┴────────┴─────┴──────┴────────┴───────────┴───────────┴───────────────┴───────┴───────────┴──────┘

