┌─────────┬──────┬──────┬──────┬──────┬──────┬──────────┬───────────┬─────────┬──────────┬───────────┬───────────────┬────────────────────────────┬──────┬──────┬─────┬──────────┬──────────┬───────┬─────┬─────┬─────┬───────┬───────────┬───────────┬───────────────┬──────┬──────────┬─────┐
│ (index) │  c   │  h   │  l   │  o   │  sd  │  val_sd  │ total_vol │ sum_vol │   val    │ acum_val  │   datetime    │            date            │ pbu  │ psd  │ puk │    bs    │    sb    │  abu  │ asd │ auk │ rsd │ bu-sd │ bu-sd_val │ acum_busd │ acum_busd_val │  bu  │  val_bu  │ rbu │
├─────────┼──────┼──────┼──────┼──────┼──────┼──────────┼───────────┼─────────┼──────────┼───────────┼───────────────┼────────────────────────────┼──────┼──────┼─────┼──────────┼──────────┼───────┼─────┼─────┼─────┼───────┼───────────┼───────────┼───────────────┼──────┼──────────┼─────┤
│    0    │ 53.5 │ 53.5 │ 53.5 │ 53.5 │ 1000 │ 53500000 │   1000    │  1000   │ 53500000 │ 53500000  │ 1672390800000 │ '2022-12-30T09:00:00.000Z' │  0   │ 100  │  0  │    0     │ Infinity │ 177.9 │ 157 │  0  │ 6.4 │ -1000 │ -53500000 │   -1000   │   -53500000   │      │          │     │
│    1    │  54  │  54  │  53  │  53  │      │          │   1700    │   700   │  37500   │ 53537500  │ 1672390920000 │ '2022-12-30T09:02:00.000Z' │ 100  │  0   │  0  │ Infinity │    0     │ 177.9 │ 157 │  0  │     │  700  │   37500   │   -300    │   -53462500   │ 700  │  37500   │ 3.9 │
│    2    │ 54.5 │ 54.5 │ 54.5 │ 54.5 │      │          │   1900    │   200   │ 10900000 │ 64437500  │ 1672391160000 │ '2022-12-30T09:06:00.000Z' │ 100  │  0   │  0  │ Infinity │    0     │ 177.9 │ 157 │  0  │     │  200  │ 10900000  │   -100    │   -42562500   │ 200  │ 10900000 │ 1.1 │
│    3    │  57  │  57  │  56  │  56  │      │          │   2600    │   700   │  39600   │ 64477100  │ 1672391280000 │ '2022-12-30T09:08:00.000Z' │ 100  │  0   │  0  │ Infinity │    0     │ 177.9 │ 157 │  0  │     │  700  │   39600   │    600    │   -42522900   │ 700  │  39600   │ 3.9 │
│    4    │  57  │  57  │  57  │  57  │      │          │   3000    │   400   │  22800   │ 64499900  │ 1672391640000 │ '2022-12-30T09:14:00.000Z' │ 100  │  0   │  0  │ Infinity │    0     │ 177.9 │ 157 │  0  │     │  400  │   22800   │   1000    │   -42500100   │ 400  │  22800   │ 2.2 │
│    5    │  58  │  58  │  58  │  58  │      │          │   3500    │   500   │  29000   │ 64528900  │ 1672391760000 │ '2022-12-30T09:16:00.000Z' │ 100  │  0   │  0  │ Infinity │    0     │ 177.9 │ 157 │  0  │     │  500  │   29000   │   1500    │   -42471100   │ 500  │  29000   │ 2.8 │
│    6    │  58  │  58  │  58  │  58  │      │          │   4000    │   500   │  29000   │ 64557900  │ 1672391880000 │ '2022-12-30T09:18:00.000Z' │ 100  │  0   │  0  │ Infinity │    0     │ 177.9 │ 157 │  0  │     │  500  │   29000   │   2000    │   -42442100   │ 500  │  29000   │ 2.8 │
│    7    │ 58.5 │ 58.5 │ 58.5 │ 58.5 │      │          │   4400    │   400   │ 23400000 │ 87957900  │ 1672392000000 │ '2022-12-30T09:20:00.000Z' │ 100  │  0   │  0  │ Infinity │    0     │ 177.9 │ 157 │  0  │     │  400  │ 23400000  │   2400    │   -19042100   │ 400  │ 23400000 │ 2.2 │
│    8    │  58  │  58  │  58  │  58  │ 200  │  11600   │   4600    │   200   │  11600   │ 87969500  │ 1672392120000 │ '2022-12-30T09:22:00.000Z' │  0   │ 100  │  0  │    0     │ Infinity │ 177.9 │ 157 │  0  │ 1.3 │ -200  │  -11600   │   2200    │   -19053700   │      │          │     │
│    9    │  58  │  58  │  58  │  58  │      │          │   5000    │   400   │  23200   │ 87992700  │ 1672392480000 │ '2022-12-30T09:28:00.000Z' │ 100  │  0   │  0  │ Infinity │    0     │ 177.9 │ 157 │  0  │     │  400  │   23200   │   2600    │   -19030500   │ 400  │  23200   │ 2.2 │
│   10    │ 57.3 │ 57.5 │ 57.3 │ 57.5 │ 600  │ 34420000 │   5600    │   600   │ 34420000 │ 122412700 │ 1672392840000 │ '2022-12-30T09:34:00.000Z' │  0   │ 100  │  0  │    0     │ Infinity │ 177.9 │ 157 │  0  │ 3.8 │ -600  │ -34420000 │   2000    │   -53450500   │      │          │     │
│   11    │  57  │  57  │  57  │  57  │ 300  │  17100   │   5900    │   300   │  17100   │ 122429800 │ 1672393080000 │ '2022-12-30T09:38:00.000Z' │  0   │ 100  │  0  │    0     │ Infinity │ 177.9 │ 157 │  0  │ 1.9 │ -300  │  -17100   │   1700    │   -53467600   │      │          │     │
│   12    │ 57.5 │ 57.5 │ 57.5 │ 57.5 │      │          │   6100    │   200   │ 11500000 │ 133929800 │ 1672393200000 │ '2022-12-30T09:40:00.000Z' │ 100  │  0   │  0  │ Infinity │    0     │ 177.9 │ 157 │  0  │     │  200  │ 11500000  │   1900    │   -41967600   │ 200  │ 11500000 │ 1.1 │
│   13    │ 57.5 │ 57.5 │ 57.5 │ 57.5 │ 300  │ 17250000 │   6400    │   300   │ 17250000 │ 151179800 │ 1672393320000 │ '2022-12-30T09:42:00.000Z' │  0   │ 100  │  0  │    0     │ Infinity │ 177.9 │ 157 │  0  │ 1.9 │ -300  │ -17250000 │   1600    │   -59217600   │      │          │     │
│   14    │  58  │  58  │  58  │  58  │      │          │   7000    │   600   │  34800   │ 151214600 │ 1672393440000 │ '2022-12-30T09:44:00.000Z' │ 100  │  0   │  0  │ Infinity │    0     │ 177.9 │ 157 │  0  │     │  600  │   34800   │   2200    │   -59182800   │ 600  │  34800   │ 3.4 │
│   15    │ 57.5 │  58  │ 57.5 │  58  │      │          │   8000    │  1000   │ 11546400 │ 162761000 │ 1672393560000 │ '2022-12-30T09:46:00.000Z' │ 100  │  0   │  0  │ Infinity │    0     │ 177.9 │ 157 │  0  │     │ 1000  │ 11546400  │   3200    │   -47636400   │ 1000 │ 11546400 │ 5.6 │
│   16    │ 57.8 │ 57.8 │ 57.8 │ 57.8 │      │          │   8500    │   500   │ 28900000 │ 191661000 │ 1672393680000 │ '2022-12-30T09:48:00.000Z' │ 100  │  0   │  0  │ Infinity │    0     │ 177.9 │ 157 │  0  │     │  500  │ 28900000  │   3700    │   -18736400   │ 500  │ 28900000 │ 2.8 │
│   17    │  58  │  58  │  58  │  58  │      │          │   9100    │   600   │  34800   │ 191695800 │ 1672393800000 │ '2022-12-30T09:50:00.000Z' │ 100  │  0   │  0  │ Infinity │    0     │ 177.9 │ 157 │  0  │     │  600  │   34800   │   4300    │   -18701600   │ 600  │  34800   │ 3.4 │
│   18    │  58  │  58  │  58  │  58  │ 400  │  23200   │   9500    │   400   │  23200   │ 191719000 │ 1672393920000 │ '2022-12-30T09:52:00.000Z' │  0   │ 100  │  0  │    0     │ Infinity │ 177.9 │ 157 │  0  │ 2.5 │ -400  │  -23200   │   3900    │   -18724800   │      │          │     │
│   19    │  58  │ 58.3 │  58  │ 58.3 │ 200  │  11600   │   9900    │   400   │ 11671600 │ 203390600 │ 1672394040000 │ '2022-12-30T09:54:00.000Z' │  50  │  50  │  0  │    1     │    1     │ 177.9 │ 157 │  0  │ 1.3 │   0   │ 11648400  │   3900    │   -7076400    │ 200  │ 11660000 │ 1.1 │
│   20    │  58  │  58  │  58  │  58  │      │          │   10200   │   300   │  17400   │ 203408000 │ 1672394160000 │ '2022-12-30T09:56:00.000Z' │ 100  │  0   │  0  │ Infinity │    0     │ 177.9 │ 157 │  0  │     │  300  │   17400   │   4200    │   -7059000    │ 300  │  17400   │ 1.7 │
├─────────┼──────┼──────┼──────┼──────┼──────┼──────────┼───────────┼─────────┼──────────┼───────────┼───────────────┼────────────────────────────┼──────┼──────┼─────┼──────────┼──────────┼───────┼─────┼─────┼─────┼───────┼───────────┼───────────┼───────────────┼──────┼──────────┼─────┤
│ (index) │  c   │  h   │  l   │  o   │  sd  │  val_sd  │ total_vol │ sum_vol │   val    │ acum_val  │   datetime    │            date            │ pbu  │ psd  │ puk │    bs    │    sb    │  abu  │ asd │ auk │ rsd │ bu-sd │ bu-sd_val │ acum_busd │ acum_busd_val │  bu  │  val_bu  │ rbu │
├─────────┼──────┼──────┼──────┼──────┼──────┼──────────┼───────────┼─────────┼──────────┼───────────┼───────────────┼────────────────────────────┼──────┼──────┼─────┼──────────┼──────────┼───────┼─────┼─────┼─────┼───────┼───────────┼───────────┼───────────────┼──────┼──────────┼─────┤
│   21    │ 57.5 │ 57.5 │ 57.5 │ 57.5 │ 100  │ 5750000  │   10300   │   100   │ 5750000  │ 209158000 │ 1672394400000 │ '2022-12-30T10:00:00.000Z' │  0   │ 100  │  0  │    0     │ Infinity │ 177.9 │ 157 │  0  │ 0.6 │ -100  │ -5750000  │   4100    │   -12809000   │      │          │     │
│   22    │  58  │  58  │  58  │  58  │ 300  │  17400   │   10600   │   300   │  17400   │ 209175400 │ 1672394520000 │ '2022-12-30T10:02:00.000Z' │  0   │ 100  │  0  │    0     │ Infinity │ 177.9 │ 157 │  0  │ 1.9 │ -300  │  -17400   │   3800    │   -12826400   │      │          │     │
│   23    │  58  │ 58.5 │  58  │ 58.5 │ 200  │  11600   │   11000   │   400   │ 11711600 │ 220887000 │ 1672394760000 │ '2022-12-30T10:06:00.000Z' │  50  │  50  │  0  │    1     │    1     │ 177.9 │ 157 │  0  │ 1.3 │   0   │ 11688400  │   3800    │   -1138000    │ 200  │ 11700000 │ 1.1 │
│   24    │  58  │  58  │  58  │  58  │ 100  │   5800   │   11100   │   100   │   5800   │ 220892800 │ 1672395000000 │ '2022-12-30T10:10:00.000Z' │  0   │ 100  │  0  │    0     │ Infinity │ 177.9 │ 157 │  0  │ 0.6 │ -100  │   -5800   │   3700    │   -1143800    │      │          │     │
│   25    │  58  │  58  │  58  │  58  │ 200  │  11600   │   11300   │   200   │  11600   │ 220904400 │ 1672395120000 │ '2022-12-30T10:12:00.000Z' │  0   │ 100  │  0  │    0     │ Infinity │ 177.9 │ 157 │  0  │ 1.3 │ -200  │  -11600   │   3500    │   -1155400    │      │          │     │
│   26    │ 57.5 │ 57.5 │ 57.5 │ 57.5 │ 100  │ 5750000  │   11400   │   100   │ 5750000  │ 226654400 │ 1672395360000 │ '2022-12-30T10:16:00.000Z' │  0   │ 100  │  0  │    0     │ Infinity │ 177.9 │ 157 │  0  │ 0.6 │ -100  │ -5750000  │   3400    │   -6905400    │      │          │     │
│   27    │  58  │  58  │  58  │  58  │      │          │   11600   │   200   │  11600   │ 226666000 │ 1672395720000 │ '2022-12-30T10:22:00.000Z' │ 100  │  0   │  0  │ Infinity │    0     │ 177.9 │ 157 │  0  │     │  200  │   11600   │   3600    │   -6893800    │ 200  │  11600   │ 1.1 │
│   28    │  58  │  58  │  58  │  58  │      │          │   12100   │   500   │  29000   │ 226695000 │ 1672395960000 │ '2022-12-30T10:26:00.000Z' │ 100  │  0   │  0  │ Infinity │    0     │ 177.9 │ 157 │  0  │     │  500  │   29000   │   4100    │   -6864800    │ 500  │  29000   │ 2.8 │
│   29    │ 58.5 │ 58.5 │ 58.5 │ 58.5 │      │          │   12300   │   200   │ 11700000 │ 238395000 │ 1672396080000 │ '2022-12-30T10:28:00.000Z' │ 100  │  0   │  0  │ Infinity │    0     │ 177.9 │ 157 │  0  │     │  200  │ 11700000  │   4300    │    4835200    │ 200  │ 11700000 │ 1.1 │
│   30    │  58  │  58  │  58  │  58  │ 100  │   5800   │   12400   │   100   │   5800   │ 238400800 │ 1672396200000 │ '2022-12-30T10:30:00.000Z' │  0   │ 100  │  0  │    0     │ Infinity │ 177.9 │ 157 │  0  │ 0.6 │ -100  │   -5800   │   4200    │    4829400    │      │          │     │
│   31    │  59  │  59  │ 58.5 │ 58.5 │ 400  │ 23400000 │   13200   │   800   │ 23423600 │ 261824400 │ 1672396440000 │ '2022-12-30T10:34:00.000Z' │  50  │  50  │  0  │    1     │    1     │ 177.9 │ 157 │  0  │ 2.5 │   0   │ -23376400 │   4200    │   -18547000   │ 400  │  23600   │ 2.2 │
│   32    │  59  │ 59.5 │  59  │  59  │ 300  │  17700   │   14500   │  1300   │ 6020800  │ 267845200 │ 1672396560000 │ '2022-12-30T10:36:00.000Z' │ 76.9 │ 23.1 │  0  │   3.3    │   0.3    │ 177.9 │ 157 │  0  │ 1.9 │  700  │  5985400  │   4900    │   -12561600   │ 1000 │ 6003100  │ 5.6 │
│   33    │ 58.5 │  59  │ 58.5 │  59  │ 600  │ 17567700 │   15100   │   600   │ 17567700 │ 285412900 │ 1672396800000 │ '2022-12-30T10:40:00.000Z' │  0   │ 100  │  0  │    0     │ Infinity │ 177.9 │ 157 │  0  │ 3.8 │ -600  │ -17567700 │   4300    │   -30129300   │      │          │     │
│   34    │  58  │  58  │  58  │  58  │ 200  │  11600   │   15300   │   200   │  11600   │ 285424500 │ 1672397040000 │ '2022-12-30T10:44:00.000Z' │  0   │ 100  │  0  │    0     │ Infinity │ 177.9 │ 157 │  0  │ 1.3 │ -200  │  -11600   │   4100    │   -30140900   │      │          │     │
│   35    │  58  │  58  │  58  │  58  │ 300  │  17400   │   15600   │   300   │  17400   │ 285441900 │ 1672397160000 │ '2022-12-30T10:46:00.000Z' │  0   │ 100  │  0  │    0     │ Infinity │ 177.9 │ 157 │  0  │ 1.9 │ -300  │  -17400   │   3800    │   -30158300   │      │          │     │
│   36    │ 57.5 │ 57.5 │ 57.5 │ 57.5 │ 600  │ 34500000 │   16200   │   600   │ 34500000 │ 319941900 │ 1672397280000 │ '2022-12-30T10:48:00.000Z' │  0   │ 100  │  0  │    0     │ Infinity │ 177.9 │ 157 │  0  │ 3.8 │ -600  │ -34500000 │   3200    │   -64658300   │      │          │     │
│   37    │  58  │  58  │  58  │  58  │      │          │   16400   │   200   │  11600   │ 319953500 │ 1672397520000 │ '2022-12-30T10:52:00.000Z' │ 100  │  0   │  0  │ Infinity │    0     │ 177.9 │ 157 │  0  │     │  200  │   11600   │   3400    │   -64646700   │ 200  │  11600   │ 1.1 │
│   38    │  58  │  58  │  58  │  58  │      │          │   16700   │   300   │  17400   │ 319970900 │ 1672397760000 │ '2022-12-30T10:56:00.000Z' │ 100  │  0   │  0  │ Infinity │    0     │ 177.9 │ 157 │  0  │     │  300  │   17400   │   3700    │   -64629300   │ 300  │  17400   │ 1.7 │
│   39    │ 58.5 │ 58.5 │ 58.5 │ 58.5 │      │          │   17100   │   400   │ 23400000 │ 343370900 │ 1672398000000 │ '2022-12-30T11:00:00.000Z' │ 100  │  0   │  0  │ Infinity │    0     │ 177.9 │ 157 │  0  │     │  400  │ 23400000  │   4100    │   -41229300   │ 400  │ 23400000 │ 2.2 │
│   40    │ 58.5 │ 58.5 │ 58.5 │ 58.5 │      │          │   17200   │   100   │ 5850000  │ 349220900 │ 1672398120000 │ '2022-12-30T11:02:00.000Z' │ 100  │  0   │  0  │ Infinity │    0     │ 177.9 │ 157 │  0  │     │  100  │  5850000  │   4200    │   -35379300   │ 100  │ 5850000  │ 0.6 │
├─────────┼──────┼──────┼──────┼──────┼──────┼──────────┼───────────┼─────────┼──────────┼───────────┼───────────────┼────────────────────────────┼──────┼──────┼─────┼──────────┼──────────┼───────┼─────┼─────┼─────┼───────┼───────────┼───────────┼───────────────┼──────┼──────────┼─────┤
│ (index) │  c   │  h   │  l   │  o   │  sd  │  val_sd  │ total_vol │ sum_vol │   val    │ acum_val  │   datetime    │            date            │ pbu  │ psd  │ puk │    bs    │    sb    │  abu  │ asd │ auk │ rsd │ bu-sd │ bu-sd_val │ acum_busd │ acum_busd_val │  bu  │  val_bu  │ rbu │
├─────────┼──────┼──────┼──────┼──────┼──────┼──────────┼───────────┼─────────┼──────────┼───────────┼───────────────┼────────────────────────────┼──────┼──────┼─────┼──────────┼──────────┼───────┼─────┼─────┼─────┼───────┼───────────┼───────────┼───────────────┼──────┼──────────┼─────┤
│   41    │ 57.5 │  58  │ 57.5 │  58  │ 400  │ 5767400  │   17600   │   400   │ 5767400  │ 354988300 │ 1672398600000 │ '2022-12-30T11:10:00.000Z' │  0   │ 100  │  0  │    0     │ Infinity │ 177.9 │ 157 │  0  │ 2.5 │ -400  │ -5767400  │   3800    │   -41146700   │      │          │     │
│   42    │  58  │  58  │  58  │  58  │      │          │   17900   │   300   │  17400   │ 355005700 │ 1672398960000 │ '2022-12-30T11:16:00.000Z' │ 100  │  0   │  0  │ Infinity │    0     │ 177.9 │ 157 │  0  │     │  300  │   17400   │   4100    │   -41129300   │ 300  │  17400   │ 1.7 │
│   43    │  58  │  58  │  58  │  58  │      │          │   18100   │   200   │  11600   │ 355017300 │ 1672399320000 │ '2022-12-30T11:22:00.000Z' │ 100  │  0   │  0  │ Infinity │    0     │ 177.9 │ 157 │  0  │     │  200  │   11600   │   4300    │   -41117700   │ 200  │  11600   │ 1.1 │
│   44    │  58  │  58  │  58  │  58  │ 200  │  11600   │   18300   │   200   │  11600   │ 355028900 │ 1672399560000 │ '2022-12-30T11:26:00.000Z' │  0   │ 100  │  0  │    0     │ Infinity │ 177.9 │ 157 │  0  │ 1.3 │ -200  │  -11600   │   4100    │   -41129300   │      │          │     │
│   45    │ 58.5 │ 58.5 │ 58.5 │ 58.5 │      │          │   18600   │   300   │ 17550000 │ 372578900 │ 1672399680000 │ '2022-12-30T11:28:00.000Z' │ 100  │  0   │  0  │ Infinity │    0     │ 177.9 │ 157 │  0  │     │  300  │ 17550000  │   4400    │   -23579300   │ 300  │ 17550000 │ 1.7 │
│   46    │  58  │  58  │  58  │  58  │      │          │   18800   │   200   │  11600   │ 372590500 │ 1672405320000 │ '2022-12-30T13:02:00.000Z' │ 100  │  0   │  0  │ Infinity │    0     │ 177.9 │ 157 │  0  │     │  200  │   11600   │   4600    │   -23567700   │ 200  │  11600   │ 1.1 │
│   47    │ 57.5 │ 57.5 │ 57.5 │ 57.5 │ 100  │ 5750000  │   18900   │   100   │ 5750000  │ 378340500 │ 1672405440000 │ '2022-12-30T13:04:00.000Z' │  0   │ 100  │  0  │    0     │ Infinity │ 177.9 │ 157 │  0  │ 0.6 │ -100  │ -5750000  │   4500    │   -29317700   │      │          │     │
│   48    │ 57.5 │ 57.5 │ 57.5 │ 57.5 │ 300  │ 17250000 │   19200   │   300   │ 17250000 │ 395590500 │ 1672405680000 │ '2022-12-30T13:08:00.000Z' │  0   │ 100  │  0  │    0     │ Infinity │ 177.9 │ 157 │  0  │ 1.9 │ -300  │ -17250000 │   4200    │   -46567700   │      │          │     │
│   49    │ 57.3 │ 57.3 │ 57.3 │ 57.3 │ 200  │ 11460000 │   19400   │   200   │ 11460000 │ 407050500 │ 1672405800000 │ '2022-12-30T13:10:00.000Z' │  0   │ 100  │  0  │    0     │ Infinity │ 177.9 │ 157 │  0  │ 1.3 │ -200  │ -11460000 │   4000    │   -58027700   │      │          │     │
│   50    │  57  │ 57.6 │  57  │ 57.6 │ 400  │  22800   │   20100   │   700   │ 17302800 │ 424353300 │ 1672406160000 │ '2022-12-30T13:16:00.000Z' │ 42.9 │ 57.1 │  0  │   0.8    │   1.3    │ 177.9 │ 157 │  0  │ 2.5 │ -100  │ 17257200  │   3900    │   -40770500   │ 300  │ 17280000 │ 1.7 │
│   51    │ 57.6 │ 57.6 │ 57.6 │ 57.6 │      │          │   20300   │   200   │ 11520000 │ 435873300 │ 1672406400000 │ '2022-12-30T13:20:00.000Z' │ 100  │  0   │  0  │ Infinity │    0     │ 177.9 │ 157 │  0  │     │  200  │ 11520000  │   4100    │   -29250500   │ 200  │ 11520000 │ 1.1 │
│   52    │  58  │  58  │  58  │  58  │      │          │   20600   │   300   │  17400   │ 435890700 │ 1672406520000 │ '2022-12-30T13:22:00.000Z' │ 100  │  0   │  0  │ Infinity │    0     │ 177.9 │ 157 │  0  │     │  300  │   17400   │   4400    │   -29233100   │ 300  │  17400   │ 1.7 │
│   53    │  58  │  58  │  58  │  58  │ 400  │  23200   │   21000   │   400   │  23200   │ 435913900 │ 1672406640000 │ '2022-12-30T13:24:00.000Z' │  0   │ 100  │  0  │    0     │ Infinity │ 177.9 │ 157 │  0  │ 2.5 │ -400  │  -23200   │   4000    │   -29256300   │      │          │     │
│   54    │  58  │  58  │  58  │  58  │ 100  │   5800   │   21100   │   100   │   5800   │ 435919700 │ 1672406760000 │ '2022-12-30T13:26:00.000Z' │  0   │ 100  │  0  │    0     │ Infinity │ 177.9 │ 157 │  0  │ 0.6 │ -100  │   -5800   │   3900    │   -29262100   │      │          │     │
│   55    │  58  │  58  │  58  │  58  │ 200  │  11600   │   21300   │   200   │  11600   │ 435931300 │ 1672406880000 │ '2022-12-30T13:28:00.000Z' │  0   │ 100  │  0  │    0     │ Infinity │ 177.9 │ 157 │  0  │ 1.3 │ -200  │  -11600   │   3700    │   -29273700   │      │          │     │
│   56    │ 58.5 │ 58.5 │ 58.5 │ 58.5 │      │          │   21500   │   200   │ 11700000 │ 447631300 │ 1672407000000 │ '2022-12-30T13:30:00.000Z' │ 100  │  0   │  0  │ Infinity │    0     │ 177.9 │ 157 │  0  │     │  200  │ 11700000  │   3900    │   -17573700   │ 200  │ 11700000 │ 1.1 │
│   57    │  58  │  58  │  58  │  58  │ 400  │  23200   │   21900   │   400   │  23200   │ 447654500 │ 1672407120000 │ '2022-12-30T13:32:00.000Z' │  0   │ 100  │  0  │    0     │ Infinity │ 177.9 │ 157 │  0  │ 2.5 │ -400  │  -23200   │   3500    │   -17596900   │      │          │     │
│   58    │  58  │  58  │  58  │  58  │ 200  │  11600   │   22100   │   200   │  11600   │ 447666100 │ 1672407360000 │ '2022-12-30T13:36:00.000Z' │  0   │ 100  │  0  │    0     │ Infinity │ 177.9 │ 157 │  0  │ 1.3 │ -200  │  -11600   │   3300    │   -17608500   │      │          │     │
│   59    │ 57.6 │ 57.6 │ 57.6 │ 57.6 │ 100  │ 5760000  │   22200   │   100   │ 5760000  │ 453426100 │ 1672407600000 │ '2022-12-30T13:40:00.000Z' │  0   │ 100  │  0  │    0     │ Infinity │ 177.9 │ 157 │  0  │ 0.6 │ -100  │ -5760000  │   3200    │   -23368500   │      │          │     │
│   60    │  58  │  58  │  58  │  58  │      │          │   22400   │   200   │  11600   │ 453437700 │ 1672407720000 │ '2022-12-30T13:42:00.000Z' │ 100  │  0   │  0  │ Infinity │    0     │ 177.9 │ 157 │  0  │     │  200  │   11600   │   3400    │   -23356900   │ 200  │  11600   │ 1.1 │
├─────────┼──────┼──────┼──────┼──────┼──────┼──────────┼───────────┼─────────┼──────────┼───────────┼───────────────┼────────────────────────────┼──────┼──────┼─────┼──────────┼──────────┼───────┼─────┼─────┼─────┼───────┼───────────┼───────────┼───────────────┼──────┼──────────┼─────┤
│ (index) │  c   │  h   │  l   │  o   │  sd  │  val_sd  │ total_vol │ sum_vol │   val    │ acum_val  │   datetime    │            date            │ pbu  │ psd  │ puk │    bs    │    sb    │  abu  │ asd │ auk │ rsd │ bu-sd │ bu-sd_val │ acum_busd │ acum_busd_val │  bu  │  val_bu  │ rbu │
├─────────┼──────┼──────┼──────┼──────┼──────┼──────────┼───────────┼─────────┼──────────┼───────────┼───────────────┼────────────────────────────┼──────┼──────┼─────┼──────────┼──────────┼───────┼─────┼─────┼─────┼───────┼───────────┼───────────┼───────────────┼──────┼──────────┼─────┤
│   61    │ 58.5 │ 58.5 │ 58.5 │ 58.5 │      │          │   22500   │   100   │ 5850000  │ 459287700 │ 1672407840000 │ '2022-12-30T13:44:00.000Z' │ 100  │  0   │  0  │ Infinity │    0     │ 177.9 │ 157 │  0  │     │  100  │  5850000  │   3500    │   -17506900   │ 100  │ 5850000  │ 0.6 │
│   62    │ 58.5 │ 58.5 │ 58.5 │ 58.5 │      │          │   22900   │   400   │ 23400000 │ 482687700 │ 1672407960000 │ '2022-12-30T13:46:00.000Z' │ 100  │  0   │  0  │ Infinity │    0     │ 177.9 │ 157 │  0  │     │  400  │ 23400000  │   3900    │    5893100    │ 400  │ 23400000 │ 2.2 │
│   63    │  58  │  58  │  58  │  58  │ 100  │   5800   │   23000   │   100   │   5800   │ 482693500 │ 1672408080000 │ '2022-12-30T13:48:00.000Z' │  0   │ 100  │  0  │    0     │ Infinity │ 177.9 │ 157 │  0  │ 0.6 │ -100  │   -5800   │   3800    │    5887300    │      │          │     │
│   64    │ 58.5 │ 58.5 │ 58.5 │ 58.5 │ 100  │ 5850000  │   23100   │   100   │ 5850000  │ 488543500 │ 1672408200000 │ '2022-12-30T13:50:00.000Z' │  0   │ 100  │  0  │    0     │ Infinity │ 177.9 │ 157 │  0  │ 0.6 │ -100  │ -5850000  │   3700    │     37300     │      │          │     │
│   65    │  58  │ 58.5 │  58  │ 58.5 │ 500  │ 17561600 │   23600   │   500   │ 17561600 │ 506105100 │ 1672408440000 │ '2022-12-30T13:54:00.000Z' │  0   │ 100  │  0  │    0     │ Infinity │ 177.9 │ 157 │  0  │ 3.2 │ -500  │ -17561600 │   3200    │   -17524300   │      │          │     │
│   66    │  58  │  58  │  58  │  58  │ 600  │  34800   │   24200   │   600   │  34800   │ 506139900 │ 1672408560000 │ '2022-12-30T13:56:00.000Z' │  0   │ 100  │  0  │    0     │ Infinity │ 177.9 │ 157 │  0  │ 3.8 │ -600  │  -34800   │   2600    │   -17559100   │      │          │     │
│   67    │ 57.6 │ 57.6 │ 57.6 │ 57.6 │ 200  │ 11520000 │   24400   │   200   │ 11520000 │ 517659900 │ 1672408800000 │ '2022-12-30T14:00:00.000Z' │  0   │ 100  │  0  │    0     │ Infinity │ 177.9 │ 157 │  0  │ 1.3 │ -200  │ -11520000 │   2400    │   -29079100   │      │          │     │
│   68    │  58  │  58  │  58  │  58  │      │          │   24700   │   300   │  17400   │ 517677300 │ 1672408920000 │ '2022-12-30T14:02:00.000Z' │ 100  │  0   │  0  │ Infinity │    0     │ 177.9 │ 157 │  0  │     │  300  │   17400   │   2700    │   -29061700   │ 300  │  17400   │ 1.7 │
│   69    │  57  │  57  │  57  │  57  │ 300  │  17100   │   25000   │   300   │  17100   │ 517694400 │ 1672409040000 │ '2022-12-30T14:04:00.000Z' │  0   │ 100  │  0  │    0     │ Infinity │ 177.9 │ 157 │  0  │ 1.9 │ -300  │  -17100   │   2400    │   -29078800   │      │          │     │
│   70    │ 57.6 │ 57.6 │ 57.6 │ 57.6 │      │          │   25200   │   200   │ 11520000 │ 529214400 │ 1672409280000 │ '2022-12-30T14:08:00.000Z' │ 100  │  0   │  0  │ Infinity │    0     │ 177.9 │ 157 │  0  │     │  200  │ 11520000  │   2600    │   -17558800   │ 200  │ 11520000 │ 1.1 │
│   71    │  58  │  58  │  58  │  58  │      │          │   25500   │   300   │  17400   │ 529231800 │ 1672409400000 │ '2022-12-30T14:10:00.000Z' │ 100  │  0   │  0  │ Infinity │    0     │ 177.9 │ 157 │  0  │     │  300  │   17400   │   2900    │   -17541400   │ 300  │  17400   │ 1.7 │
│   72    │  58  │  58  │  58  │  58  │ 400  │  23200   │   25900   │   400   │  23200   │ 529255000 │ 1672409520000 │ '2022-12-30T14:12:00.000Z' │  0   │ 100  │  0  │    0     │ Infinity │ 177.9 │ 157 │  0  │ 2.5 │ -400  │  -23200   │   2500    │   -17564600   │      │          │     │
│   73    │ 58.5 │ 58.5 │ 58.5 │ 58.5 │      │          │   26100   │   200   │ 11700000 │ 540955000 │ 1672409760000 │ '2022-12-30T14:16:00.000Z' │ 100  │  0   │  0  │ Infinity │    0     │ 177.9 │ 157 │  0  │     │  200  │ 11700000  │   2700    │   -5864600    │ 200  │ 11700000 │ 1.1 │
│   74    │  58  │  58  │  58  │  58  │ 300  │  17400   │   26400   │   300   │  17400   │ 540972400 │ 1672409880000 │ '2022-12-30T14:18:00.000Z' │  0   │ 100  │  0  │    0     │ Infinity │ 177.9 │ 157 │  0  │ 1.9 │ -300  │  -17400   │   2400    │   -5882000    │      │          │     │
│   75    │  58  │  58  │  58  │  58  │ 100  │   5800   │   26500   │   100   │   5800   │ 540978200 │ 1672410120000 │ '2022-12-30T14:22:00.000Z' │  0   │ 100  │  0  │    0     │ Infinity │ 177.9 │ 157 │  0  │ 0.6 │ -100  │   -5800   │   2300    │   -5887800    │      │          │     │
│   76    │ 58.5 │ 58.5 │ 58.5 │ 58.5 │      │          │   26700   │   200   │ 11700000 │ 552678200 │ 1672410240000 │ '2022-12-30T14:24:00.000Z' │ 100  │  0   │  0  │ Infinity │    0     │ 177.9 │ 157 │  0  │     │  200  │ 11700000  │   2500    │    5812200    │ 200  │ 11700000 │ 1.1 │
│   77    │  58  │  58  │  58  │  58  │      │          │   26800   │   100   │   5800   │ 552684000 │ 1672410360000 │ '2022-12-30T14:26:00.000Z' │ 100  │  0   │  0  │ Infinity │    0     │ 177.9 │ 157 │  0  │     │  100  │   5800    │   2600    │    5818000    │ 100  │   5800   │ 0.6 │
│   78    │ 57.6 │ 57.6 │ 57.6 │ 57.6 │ 300  │ 17280000 │   27100   │   300   │ 17280000 │ 569964000 │ 1672410480000 │ '2022-12-30T14:28:00.000Z' │  0   │ 100  │  0  │    0     │ Infinity │ 177.9 │ 157 │  0  │ 1.9 │ -300  │ -17280000 │   2300    │   -11462000   │      │          │     │
│   79    │  57  │  57  │  57  │  57  │ 400  │  22800   │   27500   │   400   │  22800   │ 569986800 │ 1672410720000 │ '2022-12-30T14:32:00.000Z' │  0   │ 100  │  0  │    0     │ Infinity │ 177.9 │ 157 │  0  │ 2.5 │ -400  │  -22800   │   1900    │   -11484800   │      │          │     │
│   80    │  57  │  57  │  57  │  57  │ 200  │  11400   │   27700   │   200   │  11400   │ 569998200 │ 1672410840000 │ '2022-12-30T14:34:00.000Z' │  0   │ 100  │  0  │    0     │ Infinity │ 177.9 │ 157 │  0  │ 1.3 │ -200  │  -11400   │   1700    │   -11496200   │      │          │     │
├─────────┼──────┼──────┼──────┼──────┼──────┼──────────┼───────────┼─────────┼──────────┼───────────┼───────────────┼────────────────────────────┼──────┼──────┼─────┼──────────┼──────────┼───────┼─────┼─────┼─────┼───────┼───────────┼───────────┼───────────────┼──────┼──────────┼─────┤
│ (index) │  c   │  h   │  l   │  o   │  sd  │  val_sd  │ total_vol │ sum_vol │   val    │ acum_val  │   datetime    │            date            │ pbu  │ psd  │ puk │    bs    │    sb    │  abu  │ asd │ auk │ rsd │ bu-sd │ bu-sd_val │ acum_busd │ acum_busd_val │  bu  │  val_bu  │ rbu │
├─────────┼──────┼──────┼──────┼──────┼──────┼──────────┼───────────┼─────────┼──────────┼───────────┼───────────────┼────────────────────────────┼──────┼──────┼─────┼──────────┼──────────┼───────┼─────┼─────┼─────┼───────┼───────────┼───────────┼───────────────┼──────┼──────────┼─────┤
│   81    │ 57.6 │ 57.6 │ 57.6 │ 57.6 │      │          │   27800   │   100   │ 5760000  │ 575758200 │ 1672411200000 │ '2022-12-30T14:40:00.000Z' │ 100  │  0   │  0  │ Infinity │    0     │ 177.9 │ 157 │  0  │     │  100  │  5760000  │   1800    │   -5736200    │ 100  │ 5760000  │ 0.6 │
│   82    │  57  │  57  │  57  │  57  │ 300  │  17100   │   28100   │   300   │  17100   │ 575775300 │ 1672411320000 │ '2022-12-30T14:42:00.000Z' │  0   │ 100  │  0  │    0     │ Infinity │ 177.9 │ 157 │  0  │ 1.9 │ -300  │  -17100   │   1500    │   -5753300    │      │          │     │
│   83    │ 57.6 │ 57.6 │ 57.6 │ 57.6 │      │          │   28300   │   200   │ 11520000 │ 587295300 │ 1672411680000 │ '2022-12-30T14:48:00.000Z' │ 100  │  0   │  0  │ Infinity │    0     │ 177.9 │ 157 │  0  │     │  200  │ 11520000  │   1700    │    5766700    │ 200  │ 11520000 │ 1.1 │
│   84    │  57  │  57  │  57  │  57  │ 200  │  11400   │   28500   │   200   │  11400   │ 587306700 │ 1672412040000 │ '2022-12-30T14:54:00.000Z' │  0   │ 100  │  0  │    0     │ Infinity │ 177.9 │ 157 │  0  │ 1.3 │ -200  │  -11400   │   1500    │    5755300    │      │          │     │
│   85    │ 57.6 │ 57.6 │ 57.6 │ 57.6 │      │          │   28800   │   300   │ 17280000 │ 604586700 │ 1672412160000 │ '2022-12-30T14:56:00.000Z' │ 100  │  0   │  0  │ Infinity │    0     │ 177.9 │ 157 │  0  │     │  300  │ 17280000  │   1800    │   23035300    │ 300  │ 17280000 │ 1.7 │
└─────────┴──────┴──────┴──────┴──────┴──────┴──────────┴───────────┴─────────┴──────────┴───────────┴───────────────┴────────────────────────────┴──────┴──────┴─────┴──────────┴──────────┴───────┴─────┴─────┴─────┴───────┴───────────┴───────────┴───────────────┴──────┴──────────┴─────┘

