┌─────────┬─────┬─────┬─────┬─────┬────────┬───────────┬───────────┬─────────┬───────────┬───────────┬───────────────┬────────────────────────────┬─────┬──────┬─────┬─────┬──────────┬───────┬─────────┬─────┬──────┬─────────┬────────────┬───────────┬───────────────┬───────┬──────────┬─────┐
│ (index) │  c  │  h  │  l  │  o  │   sd   │  val_sd   │ total_vol │ sum_vol │    val    │ acum_val  │   datetime    │            date            │ pbu │ psd  │ puk │ bs  │    sb    │  abu  │   asd   │ auk │ rsd  │  bu-sd  │ bu-sd_val  │ acum_busd │ acum_busd_val │  bu   │  val_bu  │ rbu │
├─────────┼─────┼─────┼─────┼─────┼────────┼───────────┼───────────┼─────────┼───────────┼───────────┼───────────────┼────────────────────────────┼─────┼──────┼─────┼─────┼──────────┼───────┼─────────┼─────┼──────┼─────────┼────────────┼───────────┼───────────────┼───────┼──────────┼─────┤
│    0    │ 1.6 │ 1.6 │ 1.6 │ 1.6 │  1500  │  2400000  │   84400   │  1500   │  2400000  │  2400000  │ 1672365600000 │ '2022-12-30T02:00:00.000Z' │  0  │ 100  │  0  │  0  │ Infinity │ 478.3 │ 10478.3 │  0  │ 0.1  │  -1500  │  -2400000  │   -1500   │   -2400000    │       │          │     │
│    1    │ 1.6 │ 1.6 │ 1.6 │ 1.6 │ 122500 │ 196000000 │  135000   │ 133500  │ 213600000 │ 216000000 │ 1672390800000 │ '2022-12-30T09:00:00.000Z' │ 8.2 │ 91.8 │  0  │ 0.1 │   11.1   │ 478.3 │ 10478.3 │  0  │ 11.7 │ -111500 │ -178400000 │  -113000  │  -180800000   │ 11000 │ 17600000 │ 23  │
│    2    │ 1.6 │ 1.6 │ 1.6 │ 1.6 │  2000  │  3200000  │  137000   │  2000   │  3200000  │ 219200000 │ 1672390920000 │ '2022-12-30T09:02:00.000Z' │  0  │ 100  │  0  │  0  │ Infinity │ 478.3 │ 10478.3 │  0  │ 0.2  │  -2000  │  -3200000  │  -115000  │  -184000000   │       │          │     │
│    3    │ 1.6 │ 1.6 │ 1.6 │ 1.6 │ 13000  │ 20800000  │  150000   │  13000  │ 20800000  │ 240000000 │ 1672391280000 │ '2022-12-30T09:08:00.000Z' │  0  │ 100  │  0  │  0  │ Infinity │ 478.3 │ 10478.3 │  0  │ 1.2  │ -13000  │ -20800000  │  -128000  │  -204800000   │       │          │     │
│    4    │ 1.6 │ 1.6 │ 1.6 │ 1.6 │  2000  │  3200000  │  152000   │  2000   │  3200000  │ 243200000 │ 1672391400000 │ '2022-12-30T09:10:00.000Z' │  0  │ 100  │  0  │  0  │ Infinity │ 478.3 │ 10478.3 │  0  │ 0.2  │  -2000  │  -3200000  │  -130000  │  -208000000   │       │          │     │
│    5    │ 1.6 │ 1.6 │ 1.6 │ 1.6 │  200   │  320000   │  152200   │   200   │  320000   │ 243520000 │ 1672391880000 │ '2022-12-30T09:18:00.000Z' │  0  │ 100  │  0  │  0  │ Infinity │ 478.3 │ 10478.3 │  0  │  0   │  -200   │  -320000   │  -130200  │  -208320000   │       │          │     │
│    6    │ 1.6 │ 1.6 │ 1.6 │ 1.6 │ 10200  │ 16320000  │  162400   │  10200  │ 16320000  │ 259840000 │ 1672392240000 │ '2022-12-30T09:24:00.000Z' │  0  │ 100  │  0  │  0  │ Infinity │ 478.3 │ 10478.3 │  0  │  1   │ -10200  │ -16320000  │  -140400  │  -224640000   │       │          │     │
│    7    │ 1.6 │ 1.6 │ 1.6 │ 1.6 │  1500  │  2400000  │  163900   │  1500   │  2400000  │ 262240000 │ 1672392480000 │ '2022-12-30T09:28:00.000Z' │  0  │ 100  │  0  │  0  │ Infinity │ 478.3 │ 10478.3 │  0  │ 0.1  │  -1500  │  -2400000  │  -141900  │  -227040000   │       │          │     │
│    8    │ 1.6 │ 1.6 │ 1.6 │ 1.6 │  2400  │  3840000  │  166300   │  2400   │  3840000  │ 266080000 │ 1672392720000 │ '2022-12-30T09:32:00.000Z' │  0  │ 100  │  0  │  0  │ Infinity │ 478.3 │ 10478.3 │  0  │ 0.2  │  -2400  │  -3840000  │  -144300  │  -230880000   │       │          │     │
│    9    │ 1.6 │ 1.6 │ 1.6 │ 1.6 │  500   │  800000   │  166800   │   500   │  800000   │ 266880000 │ 1672393680000 │ '2022-12-30T09:48:00.000Z' │  0  │ 100  │  0  │  0  │ Infinity │ 478.3 │ 10478.3 │  0  │  0   │  -500   │  -800000   │  -144800  │  -231680000   │       │          │     │
│   10    │ 1.6 │ 1.6 │ 1.6 │ 1.6 │ 10000  │ 16000000  │  176800   │  10000  │ 16000000  │ 282880000 │ 1672395480000 │ '2022-12-30T10:18:00.000Z' │  0  │ 100  │  0  │  0  │ Infinity │ 478.3 │ 10478.3 │  0  │  1   │ -10000  │ -16000000  │  -154800  │  -247680000   │       │          │     │
│   11    │ 1.6 │ 1.6 │ 1.6 │ 1.6 │  2700  │  4320000  │  179500   │  2700   │  4320000  │ 287200000 │ 1672396440000 │ '2022-12-30T10:34:00.000Z' │  0  │ 100  │  0  │  0  │ Infinity │ 478.3 │ 10478.3 │  0  │ 0.3  │  -2700  │  -4320000  │  -157500  │  -252000000   │       │          │     │
│   12    │ 1.6 │ 1.6 │ 1.6 │ 1.6 │ 20000  │ 32000000  │  199500   │  20000  │ 32000000  │ 319200000 │ 1672398960000 │ '2022-12-30T11:16:00.000Z' │  0  │ 100  │  0  │  0  │ Infinity │ 478.3 │ 10478.3 │  0  │ 1.9  │ -20000  │ -32000000  │  -177500  │  -284000000   │       │          │     │
│   13    │ 1.6 │ 1.6 │ 1.6 │ 1.6 │ 17100  │ 27360000  │  216600   │  17100  │ 27360000  │ 346560000 │ 1672399080000 │ '2022-12-30T11:18:00.000Z' │  0  │ 100  │  0  │  0  │ Infinity │ 478.3 │ 10478.3 │  0  │ 1.6  │ -17100  │ -27360000  │  -194600  │  -311360000   │       │          │     │
│   14    │ 1.6 │ 1.6 │ 1.6 │ 1.6 │ 10000  │ 16000000  │  226600   │  10000  │ 16000000  │ 362560000 │ 1672399200000 │ '2022-12-30T11:20:00.000Z' │  0  │ 100  │  0  │  0  │ Infinity │ 478.3 │ 10478.3 │  0  │  1   │ -10000  │ -16000000  │  -204600  │  -327360000   │       │          │     │
│   15    │ 1.6 │ 1.6 │ 1.6 │ 1.6 │  2800  │  4480000  │  229400   │  2800   │  4480000  │ 367040000 │ 1672405200000 │ '2022-12-30T13:00:00.000Z' │  0  │ 100  │  0  │  0  │ Infinity │ 478.3 │ 10478.3 │  0  │ 0.3  │  -2800  │  -4480000  │  -207400  │  -331840000   │       │          │     │
│   16    │ 1.6 │ 1.6 │ 1.6 │ 1.6 │ 10000  │ 16000000  │  239400   │  10000  │ 16000000  │ 383040000 │ 1672406040000 │ '2022-12-30T13:14:00.000Z' │  0  │ 100  │  0  │  0  │ Infinity │ 478.3 │ 10478.3 │  0  │  1   │ -10000  │ -16000000  │  -217400  │  -347840000   │       │          │     │
│   17    │ 1.6 │ 1.6 │ 1.6 │ 1.6 │  1700  │  2720000  │  241100   │  1700   │  2720000  │ 385760000 │ 1672408200000 │ '2022-12-30T13:50:00.000Z' │  0  │ 100  │  0  │  0  │ Infinity │ 478.3 │ 10478.3 │  0  │ 0.2  │  -1700  │  -2720000  │  -219100  │  -350560000   │       │          │     │
│   18    │ 1.6 │ 1.6 │ 1.6 │ 1.6 │  100   │  160000   │  241200   │   100   │  160000   │ 385920000 │ 1672409640000 │ '2022-12-30T14:14:00.000Z' │  0  │ 100  │  0  │  0  │ Infinity │ 478.3 │ 10478.3 │  0  │  0   │  -100   │  -160000   │  -219200  │  -350720000   │       │          │     │
│   19    │ 1.6 │ 1.6 │ 1.6 │ 1.6 │  2000  │  3200000  │  243200   │  2000   │  3200000  │ 389120000 │ 1672410120000 │ '2022-12-30T14:22:00.000Z' │  0  │ 100  │  0  │  0  │ Infinity │ 478.3 │ 10478.3 │  0  │ 0.2  │  -2000  │  -3200000  │  -221200  │  -353920000   │       │          │     │
│   20    │ 1.6 │ 1.6 │ 1.6 │ 1.6 │  1900  │  3040000  │  245100   │  1900   │  3040000  │ 392160000 │ 1672411080000 │ '2022-12-30T14:38:00.000Z' │  0  │ 100  │  0  │  0  │ Infinity │ 478.3 │ 10478.3 │  0  │ 0.2  │  -1900  │  -3040000  │  -223100  │  -356960000   │       │          │     │
├─────────┼─────┼─────┼─────┼─────┼────────┼───────────┼───────────┼─────────┼───────────┼───────────┼───────────────┼────────────────────────────┼─────┼──────┼─────┼─────┼──────────┼───────┼─────────┼─────┼──────┼─────────┼────────────┼───────────┼───────────────┼───────┼──────────┼─────┤
│ (index) │  c  │  h  │  l  │  o  │   sd   │  val_sd   │ total_vol │ sum_vol │    val    │ acum_val  │   datetime    │            date            │ pbu │ psd  │ puk │ bs  │    sb    │  abu  │   asd   │ auk │ rsd  │  bu-sd  │ bu-sd_val  │ acum_busd │ acum_busd_val │  bu   │  val_bu  │ rbu │
├─────────┼─────┼─────┼─────┼─────┼────────┼───────────┼───────────┼─────────┼───────────┼───────────┼───────────────┼────────────────────────────┼─────┼──────┼─────┼─────┼──────────┼───────┼─────────┼─────┼──────┼─────────┼────────────┼───────────┼───────────────┼───────┼──────────┼─────┤
│   21    │ 1.6 │ 1.6 │ 1.6 │ 1.6 │  5600  │  8960000  │  250700   │  5600   │  8960000  │ 401120000 │ 1672411200000 │ '2022-12-30T14:40:00.000Z' │  0  │ 100  │  0  │  0  │ Infinity │ 478.3 │ 10478.3 │  0  │ 0.5  │  -5600  │  -8960000  │  -228700  │  -365920000   │       │          │     │
│   22    │ 1.6 │ 1.6 │ 1.6 │ 1.6 │  1300  │  2080000  │  252000   │  1300   │  2080000  │ 403200000 │ 1672411320000 │ '2022-12-30T14:42:00.000Z' │  0  │ 100  │  0  │  0  │ Infinity │ 478.3 │ 10478.3 │  0  │ 0.1  │  -1300  │  -2080000  │  -230000  │  -368000000   │       │          │     │
└─────────┴─────┴─────┴─────┴─────┴────────┴───────────┴───────────┴─────────┴───────────┴───────────┴───────────────┴────────────────────────────┴─────┴──────┴─────┴─────┴──────────┴───────┴─────────┴─────┴──────┴─────────┴────────────┴───────────┴───────────────┴───────┴──────────┴─────┘

