┌─────────┬─────┬─────┬─────┬─────┬──────┬──────────┬───────────┬─────────┬──────────┬──────────┬───────────────┬────────────────────────────┬─────┬─────┬─────┬──────────┬──────────┬─────┬──────┬─────┬─────┬────────┬───────────┬───────────┬───────────────┬───────┬──────────┬──────┐
│ (index) │  c  │  h  │  l  │  o  │  bu  │  val_bu  │ total_vol │ sum_vol │   val    │ acum_val │   datetime    │            date            │ pbu │ psd │ puk │    bs    │    sb    │ abu │ asd  │ auk │ rbu │ bu-sd  │ bu-sd_val │ acum_busd │ acum_busd_val │  sd   │  val_sd  │ rsd  │
├─────────┼─────┼─────┼─────┼─────┼──────┼──────────┼───────────┼─────────┼──────────┼──────────┼───────────────┼────────────────────────────┼─────┼─────┼─────┼──────────┼──────────┼─────┼──────┼─────┼─────┼────────┼───────────┼───────────┼───────────────┼───────┼──────────┼──────┤
│    0    │ 1.6 │ 1.6 │ 1.6 │ 1.6 │ 300  │  480000  │    300    │   300   │  480000  │  480000  │ 1672390800000 │ '2022-12-30T09:00:00.000Z' │ 100 │  0  │  0  │ Infinity │    0     │ 540 │ 1870 │  0  │ 0.6 │  300   │  480000   │    300    │    480000     │       │          │      │
│    1    │ 1.6 │ 1.6 │ 1.6 │ 1.6 │ 7000 │ 11200000 │   7300    │  7000   │ 11200000 │ 11680000 │ 1672391700000 │ '2022-12-30T09:15:00.000Z' │ 100 │  0  │  0  │ Infinity │    0     │ 540 │ 1870 │  0  │ 13  │  7000  │ 11200000  │   7300    │   11680000    │       │          │      │
│    2    │ 1.6 │ 1.6 │ 1.6 │ 1.6 │ 1000 │ 1600000  │   8300    │  1000   │ 1600000  │ 13280000 │ 1672392000000 │ '2022-12-30T09:20:00.000Z' │ 100 │  0  │  0  │ Infinity │    0     │ 540 │ 1870 │  0  │ 1.9 │  1000  │  1600000  │   8300    │   13280000    │       │          │      │
│    3    │ 1.5 │ 1.5 │ 1.5 │ 1.5 │      │          │   9300    │  1000   │ 1500000  │ 14780000 │ 1672392300000 │ '2022-12-30T09:25:00.000Z' │  0  │ 100 │  0  │    0     │ Infinity │ 540 │ 1870 │  0  │     │ -1000  │ -1500000  │   7300    │   11780000    │ 1000  │ 1500000  │ 0.5  │
│    4    │ 1.5 │ 1.5 │ 1.5 │ 1.5 │      │          │   9400    │   100   │  150000  │ 14930000 │ 1672393800000 │ '2022-12-30T09:50:00.000Z' │  0  │ 100 │  0  │    0     │ Infinity │ 540 │ 1870 │  0  │     │  -100  │  -150000  │   7200    │   11630000    │  100  │  150000  │ 0.1  │
│    5    │ 1.5 │ 1.5 │ 1.5 │ 1.5 │      │          │   10500   │  1100   │ 1650000  │ 16580000 │ 1672394100000 │ '2022-12-30T09:55:00.000Z' │  0  │ 100 │  0  │    0     │ Infinity │ 540 │ 1870 │  0  │     │ -1100  │ -1650000  │   6100    │    9980000    │ 1100  │ 1650000  │ 0.6  │
│    6    │ 1.5 │ 1.5 │ 1.5 │ 1.5 │      │          │   14100   │  3600   │ 5400000  │ 21980000 │ 1672394400000 │ '2022-12-30T10:00:00.000Z' │  0  │ 100 │  0  │    0     │ Infinity │ 540 │ 1870 │  0  │     │ -3600  │ -5400000  │   2500    │    4580000    │ 3600  │ 5400000  │ 1.9  │
│    7    │ 1.6 │ 1.6 │ 1.6 │ 1.6 │ 100  │  160000  │   14200   │   100   │  160000  │ 22140000 │ 1672396500000 │ '2022-12-30T10:35:00.000Z' │ 100 │  0  │  0  │ Infinity │    0     │ 540 │ 1870 │  0  │ 0.2 │  100   │  160000   │   2600    │    4740000    │       │          │      │
│    8    │ 1.6 │ 1.6 │ 1.6 │ 1.6 │ 300  │  480000  │   14500   │   300   │  480000  │ 22620000 │ 1672398600000 │ '2022-12-30T11:10:00.000Z' │ 100 │  0  │  0  │ Infinity │    0     │ 540 │ 1870 │  0  │ 0.6 │  300   │  480000   │   2900    │    5220000    │       │          │      │
│    9    │ 1.6 │ 1.6 │ 1.6 │ 1.6 │ 100  │  160000  │   14600   │   100   │  160000  │ 22780000 │ 1672399200000 │ '2022-12-30T11:20:00.000Z' │ 100 │  0  │  0  │ Infinity │    0     │ 540 │ 1870 │  0  │ 0.2 │  100   │  160000   │   3000    │    5380000    │       │          │      │
│   10    │ 1.6 │ 1.6 │ 1.6 │ 1.6 │ 1000 │ 1600000  │   15600   │  1000   │ 1600000  │ 24380000 │ 1672399500000 │ '2022-12-30T11:25:00.000Z' │ 100 │  0  │  0  │ Infinity │    0     │ 540 │ 1870 │  0  │ 1.9 │  1000  │  1600000  │   4000    │    6980000    │       │          │      │
│   11    │ 1.6 │ 1.6 │ 1.6 │ 1.6 │ 100  │  160000  │   15700   │   100   │  160000  │ 24540000 │ 1672405500000 │ '2022-12-30T13:05:00.000Z' │ 100 │  0  │  0  │ Infinity │    0     │ 540 │ 1870 │  0  │ 0.2 │  100   │  160000   │   4100    │    7140000    │       │          │      │
│   12    │ 1.6 │ 1.6 │ 1.6 │ 1.6 │ 100  │  160000  │   15800   │   100   │  160000  │ 24700000 │ 1672405800000 │ '2022-12-30T13:10:00.000Z' │ 100 │  0  │  0  │ Infinity │    0     │ 540 │ 1870 │  0  │ 0.2 │  100   │  160000   │   4200    │    7300000    │       │          │      │
│   13    │ 1.5 │ 1.5 │ 1.5 │ 1.5 │      │          │   21400   │  5600   │ 8400000  │ 33100000 │ 1672406400000 │ '2022-12-30T13:20:00.000Z' │  0  │ 100 │  0  │    0     │ Infinity │ 540 │ 1870 │  0  │     │ -5600  │ -8400000  │   -1400   │   -1100000    │ 5600  │ 8400000  │  3   │
│   14    │ 1.6 │ 1.6 │ 1.6 │ 1.6 │ 100  │  160000  │   21500   │   100   │  160000  │ 33260000 │ 1672407300000 │ '2022-12-30T13:35:00.000Z' │ 100 │  0  │  0  │ Infinity │    0     │ 540 │ 1870 │  0  │ 0.2 │  100   │  160000   │   -1300   │    -940000    │       │          │      │
│   15    │ 1.6 │ 1.6 │ 1.6 │ 1.6 │ 100  │  160000  │   21600   │   100   │  160000  │ 33420000 │ 1672408200000 │ '2022-12-30T13:50:00.000Z' │ 100 │  0  │  0  │ Infinity │    0     │ 540 │ 1870 │  0  │ 0.2 │  100   │  160000   │   -1200   │    -780000    │       │          │      │
│   16    │ 1.6 │ 1.6 │ 1.6 │ 1.6 │ 600  │  960000  │   22200   │   600   │  960000  │ 34380000 │ 1672409100000 │ '2022-12-30T14:05:00.000Z' │ 100 │  0  │  0  │ Infinity │    0     │ 540 │ 1870 │  0  │ 1.1 │  600   │  960000   │   -600    │    180000     │       │          │      │
│   17    │ 1.5 │ 1.5 │ 1.5 │ 1.5 │      │          │   24200   │  2000   │ 3000000  │ 37380000 │ 1672409400000 │ '2022-12-30T14:10:00.000Z' │  0  │ 100 │  0  │    0     │ Infinity │ 540 │ 1870 │  0  │     │ -2000  │ -3000000  │   -2600   │   -2820000    │ 2000  │ 3000000  │ 1.1  │
│   18    │ 1.5 │ 1.5 │ 1.5 │ 1.5 │      │          │   25100   │   900   │ 1350000  │ 38730000 │ 1672410300000 │ '2022-12-30T14:25:00.000Z' │  0  │ 100 │  0  │    0     │ Infinity │ 540 │ 1870 │  0  │     │  -900  │ -1350000  │   -3500   │   -4170000    │  900  │ 1350000  │ 0.5  │
│   19    │ 1.5 │ 1.5 │ 1.5 │ 1.5 │      │          │   48200   │  23100  │ 34650000 │ 73380000 │ 1672411500000 │ '2022-12-30T14:45:00.000Z' │  0  │ 100 │  0  │    0     │ Infinity │ 540 │ 1870 │  0  │     │ -23100 │ -34650000 │  -26600   │   -38820000   │ 23100 │ 34650000 │ 12.4 │
└─────────┴─────┴─────┴─────┴─────┴──────┴──────────┴───────────┴─────────┴──────────┴──────────┴───────────────┴────────────────────────────┴─────┴─────┴─────┴──────────┴──────────┴─────┴──────┴─────┴─────┴────────┴───────────┴───────────┴───────────────┴───────┴──────────┴──────┘
├─────────┼─────┼─────┼─────┼─────┼──────┼──────────┼───────────┼─────────┼──────────┼──────────┼───────────────┼────────────────────────────┼─────┼─────┼─────┼──────────┼──────────┼─────┼──────┼─────┼─────┼────────┼───────────┼───────────┼───────────────┼───────┼──────────┼──────┤
│ (index) │  c  │  h  │  l  │  o  │  bu  │  val_bu  │ total_vol │ sum_vol │   val    │ acum_val │   datetime    │            date            │ pbu │ psd │ puk │    bs    │    sb    │ abu │ asd  │ auk │ rbu │ bu-sd  │ bu-sd_val │ acum_busd │ acum_busd_val │  sd   │  val_sd  │ rsd  │
├─────────┼─────┼─────┼─────┼─────┼──────┼──────────┼───────────┼─────────┼──────────┼──────────┼───────────────┼────────────────────────────┼─────┼─────┼─────┼──────────┼──────────┼─────┼──────┼─────┼─────┼────────┼───────────┼───────────┼───────────────┼───────┼──────────┼──────┤

