┌─────────┬─────┬─────┬─────┬─────┬──────┬─────────┬───────────┬─────────┬──────────┬───────────┬───────────────┬────────────────────────────┬─────┬──────┬─────┬──────────┬──────────┬────────┬────────┬─────┬─────┬────────┬───────────┬───────────┬───────────────┬───────┬──────────┬──────┐
│ (index) │  c  │  h  │  l  │  o  │  bu  │ val_bu  │ total_vol │ sum_vol │   val    │ acum_val  │   datetime    │            date            │ pbu │ psd  │ puk │    bs    │    sb    │  abu   │  asd   │ auk │ rbu │ bu-sd  │ bu-sd_val │ acum_busd │ acum_busd_val │  sd   │  val_sd  │ rsd  │
├─────────┼─────┼─────┼─────┼─────┼──────┼─────────┼───────────┼─────────┼──────────┼───────────┼───────────────┼────────────────────────────┼─────┼──────┼─────┼──────────┼──────────┼────────┼────────┼─────┼─────┼────────┼───────────┼───────────┼───────────────┼───────┼──────────┼──────┤
│    0    │ 1.2 │ 1.2 │ 1.2 │ 1.2 │ 1000 │ 1200000 │   1000    │  1000   │ 1200000  │  1200000  │ 1672392840000 │ '2022-12-30T09:34:00.000Z' │ 100 │  0   │  0  │ Infinity │    0     │ 2142.9 │ 2938.1 │  0  │ 0.5 │  1000  │  1200000  │   1000    │    1200000    │       │          │      │
│    1    │ 1.2 │ 1.2 │ 1.2 │ 1.2 │      │         │   2500    │  1500   │ 1800000  │  3000000  │ 1672393320000 │ '2022-12-30T09:42:00.000Z' │  0  │ 100  │  0  │    0     │ Infinity │ 2142.9 │ 2938.1 │  0  │     │ -1500  │ -1800000  │   -500    │    -600000    │ 1500  │ 1800000  │ 0.5  │
│    2    │ 1.2 │ 1.2 │ 1.2 │ 1.2 │ 600  │ 720000  │   3100    │   600   │  720000  │  3720000  │ 1672394040000 │ '2022-12-30T09:54:00.000Z' │ 100 │  0   │  0  │ Infinity │    0     │ 2142.9 │ 2938.1 │  0  │ 0.3 │  600   │  720000   │    100    │    120000     │       │          │      │
│    3    │ 1.2 │ 1.2 │ 1.2 │ 1.2 │ 1000 │ 1200000 │   4100    │  1000   │ 1200000  │  4920000  │ 1672396080000 │ '2022-12-30T10:28:00.000Z' │ 100 │  0   │  0  │ Infinity │    0     │ 2142.9 │ 2938.1 │  0  │ 0.5 │  1000  │  1200000  │   1100    │    1320000    │       │          │      │
│    4    │ 1.2 │ 1.2 │ 1.2 │ 1.2 │ 1000 │ 1200000 │   5100    │  1000   │ 1200000  │  6120000  │ 1672396320000 │ '2022-12-30T10:32:00.000Z' │ 100 │  0   │  0  │ Infinity │    0     │ 2142.9 │ 2938.1 │  0  │ 0.5 │  1000  │  1200000  │   2100    │    2520000    │       │          │      │
│    5    │ 1.2 │ 1.2 │ 1.2 │ 1.2 │ 500  │ 600000  │   5600    │   500   │  600000  │  6720000  │ 1672397880000 │ '2022-12-30T10:58:00.000Z' │ 100 │  0   │  0  │ Infinity │    0     │ 2142.9 │ 2938.1 │  0  │ 0.2 │  500   │  600000   │   2600    │    3120000    │       │          │      │
│    6    │ 1.2 │ 1.2 │ 1.2 │ 1.2 │ 7500 │ 9000000 │   13100   │  7500   │ 9000000  │ 15720000  │ 1672399440000 │ '2022-12-30T11:24:00.000Z' │ 100 │  0   │  0  │ Infinity │    0     │ 2142.9 │ 2938.1 │  0  │ 3.5 │  7500  │  9000000  │   10100   │   12120000    │       │          │      │
│    7    │ 1.2 │ 1.2 │ 1.2 │ 1.2 │ 3000 │ 3600000 │   16100   │  3000   │ 3600000  │ 19320000  │ 1672405200000 │ '2022-12-30T13:00:00.000Z' │ 100 │  0   │  0  │ Infinity │    0     │ 2142.9 │ 2938.1 │  0  │ 1.4 │  3000  │  3600000  │   13100   │   15720000    │       │          │      │
│    8    │ 1.2 │ 1.2 │ 1.2 │ 1.2 │ 500  │ 600000  │   16600   │   500   │  600000  │ 19920000  │ 1672405560000 │ '2022-12-30T13:06:00.000Z' │ 100 │  0   │  0  │ Infinity │    0     │ 2142.9 │ 2938.1 │  0  │ 0.2 │  500   │  600000   │   13600   │   16320000    │       │          │      │
│    9    │ 1.2 │ 1.2 │ 1.2 │ 1.2 │ 2000 │ 2400000 │   18600   │  2000   │ 2400000  │ 22320000  │ 1672405680000 │ '2022-12-30T13:08:00.000Z' │ 100 │  0   │  0  │ Infinity │    0     │ 2142.9 │ 2938.1 │  0  │ 0.9 │  2000  │  2400000  │   15600   │   18720000    │       │          │      │
│   10    │ 1.2 │ 1.2 │ 1.2 │ 1.2 │ 2400 │ 2880000 │   21000   │  2400   │ 2880000  │ 25200000  │ 1672406040000 │ '2022-12-30T13:14:00.000Z' │ 100 │  0   │  0  │ Infinity │    0     │ 2142.9 │ 2938.1 │  0  │ 1.1 │  2400  │  2880000  │   18000   │   21600000    │       │          │      │
│   11    │ 1.2 │ 1.2 │ 1.2 │ 1.2 │ 1100 │ 1320000 │   22100   │  1100   │ 1320000  │ 26520000  │ 1672407840000 │ '2022-12-30T13:44:00.000Z' │ 100 │  0   │  0  │ Infinity │    0     │ 2142.9 │ 2938.1 │  0  │ 0.5 │  1100  │  1320000  │   19100   │   22920000    │       │          │      │
│   12    │ 1.2 │ 1.2 │ 1.2 │ 1.2 │ 300  │ 360000  │   22400   │   300   │  360000  │ 26880000  │ 1672408440000 │ '2022-12-30T13:54:00.000Z' │ 100 │  0   │  0  │ Infinity │    0     │ 2142.9 │ 2938.1 │  0  │ 0.1 │  300   │  360000   │   19400   │   23280000    │       │          │      │
│   13    │ 1.2 │ 1.2 │ 1.2 │ 1.2 │ 6000 │ 7200000 │   28400   │  6000   │ 7200000  │ 34080000  │ 1672409040000 │ '2022-12-30T14:04:00.000Z' │ 100 │  0   │  0  │ Infinity │    0     │ 2142.9 │ 2938.1 │  0  │ 2.8 │  6000  │  7200000  │   25400   │   30480000    │       │          │      │
│   14    │ 1.2 │ 1.2 │ 1.2 │ 1.2 │ 2500 │ 3000000 │   30900   │  2500   │ 3000000  │ 37080000  │ 1672409520000 │ '2022-12-30T14:12:00.000Z' │ 100 │  0   │  0  │ Infinity │    0     │ 2142.9 │ 2938.1 │  0  │ 1.2 │  2500  │  3000000  │   27900   │   33480000    │       │          │      │
│   15    │ 1.2 │ 1.2 │ 1.2 │ 1.2 │ 4800 │ 5760000 │   89900   │  59000  │ 70800000 │ 107880000 │ 1672410600000 │ '2022-12-30T14:30:00.000Z' │ 8.1 │ 91.9 │  0  │   0.1    │   11.3   │ 2142.9 │ 2938.1 │  0  │ 2.2 │ -49400 │ -59280000 │  -21500   │   -25800000   │ 54200 │ 65040000 │ 18.4 │
│   16    │ 1.2 │ 1.2 │ 1.2 │ 1.2 │ 5200 │ 6240000 │   95100   │  5200   │ 6240000  │ 114120000 │ 1672410720000 │ '2022-12-30T14:32:00.000Z' │ 100 │  0   │  0  │ Infinity │    0     │ 2142.9 │ 2938.1 │  0  │ 2.4 │  5200  │  6240000  │  -16300   │   -19560000   │       │          │      │
│   17    │ 1.3 │ 1.3 │ 1.3 │ 1.3 │ 100  │ 130000  │   95200   │   100   │  130000  │ 114250000 │ 1672410840000 │ '2022-12-30T14:34:00.000Z' │ 100 │  0   │  0  │ Infinity │    0     │ 2142.9 │ 2938.1 │  0  │  0  │  100   │  130000   │  -16200   │   -19430000   │       │          │      │
│   18    │ 1.2 │ 1.2 │ 1.2 │ 1.2 │ 500  │ 600000  │   95700   │   500   │  600000  │ 114850000 │ 1672411080000 │ '2022-12-30T14:38:00.000Z' │ 100 │  0   │  0  │ Infinity │    0     │ 2142.9 │ 2938.1 │  0  │ 0.2 │  500   │  600000   │  -15700   │   -18830000   │       │          │      │
│   19    │ 1.2 │ 1.2 │ 1.2 │ 1.2 │ 4200 │ 5040000 │  105700   │  10000  │ 12000000 │ 126850000 │ 1672411560000 │ '2022-12-30T14:46:00.000Z' │ 42  │  58  │  0  │   0.7    │   1.4    │ 2142.9 │ 2938.1 │  0  │  2  │ -1600  │ -1920000  │  -17300   │   -20750000   │ 5800  │ 6960000  │  2   │
│   20    │ 1.2 │ 1.2 │ 1.2 │ 1.2 │ 800  │ 960000  │  106700   │  1000   │ 1200000  │ 128050000 │ 1672412040000 │ '2022-12-30T14:54:00.000Z' │ 80  │  20  │  0  │    4     │   0.3    │ 2142.9 │ 2938.1 │  0  │ 0.4 │  600   │  720000   │  -16700   │   -20030000   │  200  │  240000  │ 0.1  │
├─────────┼─────┼─────┼─────┼─────┼──────┼─────────┼───────────┼─────────┼──────────┼───────────┼───────────────┼────────────────────────────┼─────┼──────┼─────┼──────────┼──────────┼────────┼────────┼─────┼─────┼────────┼───────────┼───────────┼───────────────┼───────┼──────────┼──────┤
│ (index) │  c  │  h  │  l  │  o  │  bu  │ val_bu  │ total_vol │ sum_vol │   val    │ acum_val  │   datetime    │            date            │ pbu │ psd  │ puk │    bs    │    sb    │  abu   │  asd   │ auk │ rbu │ bu-sd  │ bu-sd_val │ acum_busd │ acum_busd_val │  sd   │  val_sd  │ rsd  │
├─────────┼─────┼─────┼─────┼─────┼──────┼─────────┼───────────┼─────────┼──────────┼───────────┼───────────────┼────────────────────────────┼─────┼──────┼─────┼──────────┼──────────┼────────┼────────┼─────┼─────┼────────┼───────────┼───────────┼───────────────┼───────┼──────────┼──────┤
└─────────┴─────┴─────┴─────┴─────┴──────┴─────────┴───────────┴─────────┴──────────┴───────────┴───────────────┴────────────────────────────┴─────┴──────┴─────┴──────────┴──────────┴────────┴────────┴─────┴─────┴────────┴───────────┴───────────┴───────────────┴───────┴──────────┴──────┘

