┌─────────┬─────┬─────┬─────┬─────┬────────┬───────────┬───────────┬─────────┬───────────┬────────────┬───────────────┬────────────────────────────┬──────┬──────┬─────┬──────────┬──────────┬────────┬────────┬─────┬──────┬─────────┬───────────┬───────────┬───────────────┬────────┬──────────┬──────┐
│ (index) │  c  │  h  │  l  │  o  │   bu   │  val_bu   │ total_vol │ sum_vol │    val    │  acum_val  │   datetime    │            date            │ pbu  │ psd  │ puk │    bs    │    sb    │  abu   │  asd   │ auk │ rbu  │  bu-sd  │ bu-sd_val │ acum_busd │ acum_busd_val │   sd   │  val_sd  │ rsd  │
├─────────┼─────┼─────┼─────┼─────┼────────┼───────────┼───────────┼─────────┼───────────┼────────────┼───────────────┼────────────────────────────┼──────┼──────┼─────┼──────────┼──────────┼────────┼────────┼─────┼──────┼─────────┼───────────┼───────────┼───────────────┼────────┼──────────┼──────┤
│    0    │ 0.9 │ 0.9 │ 0.9 │ 0.9 │  2000  │  1800000  │   2000    │  2000   │  1800000  │  1800000   │ 1672365600000 │ '2022-12-30T02:00:00.000Z' │ 100  │  0   │  0  │ Infinity │    0     │ 7527.1 │ 6090.7 │  0  │ 0.3  │  2000   │  1800000  │   2000    │    1800000    │        │          │      │
│    1    │ 0.9 │ 0.9 │ 0.8 │ 0.9 │ 57700  │ 51930000  │   60800   │  58800  │ 52810000  │  54610000  │ 1672390800000 │ '2022-12-30T09:00:00.000Z' │ 98.1 │ 1.9  │  0  │   52.5   │    0     │ 7527.1 │ 6090.7 │  0  │ 7.7  │  56600  │ 51050000  │   58600   │   52850000    │  1100  │  880000  │ 0.2  │
│    2    │ 0.9 │ 0.9 │ 0.9 │ 0.9 │ 125500 │ 112950000 │  186300   │ 125500  │ 112950000 │ 167560000  │ 1672390920000 │ '2022-12-30T09:02:00.000Z' │ 100  │  0   │  0  │ Infinity │    0     │ 7527.1 │ 6090.7 │  0  │ 16.7 │ 125500  │ 112950000 │  184100   │   165800000   │        │          │      │
│    3    │ 0.9 │  1  │ 0.9 │ 0.9 │  2900  │  2520100  │  268300   │  82000  │ 73710100  │ 241270100  │ 1672391040000 │ '2022-12-30T09:04:00.000Z' │ 3.5  │ 96.5 │  0  │    0     │   27.3   │ 7527.1 │ 6090.7 │  0  │ 0.4  │ -76200  │ -68669900 │  107900   │   97130100    │ 79100  │ 71190000 │  13  │
│    4    │ 0.9 │ 0.9 │ 0.9 │ 0.9 │        │           │  271100   │  2800   │  2520000  │ 243790100  │ 1672391160000 │ '2022-12-30T09:06:00.000Z' │  0   │ 100  │  0  │    0     │ Infinity │ 7527.1 │ 6090.7 │  0  │      │  -2800  │ -2520000  │  105100   │   94610100    │  2800  │ 2520000  │ 0.5  │
│    5    │ 0.9 │ 0.9 │ 0.9 │ 0.9 │        │           │  289200   │  18100  │ 16290000  │ 260080100  │ 1672391280000 │ '2022-12-30T09:08:00.000Z' │  0   │ 100  │  0  │    0     │ Infinity │ 7527.1 │ 6090.7 │  0  │      │ -18100  │ -16290000 │   87000   │   78320100    │ 18100  │ 16290000 │  3   │
│    6    │ 0.9 │ 0.9 │ 0.9 │ 0.9 │        │           │  294200   │  5000   │  4500000  │ 264580100  │ 1672391400000 │ '2022-12-30T09:10:00.000Z' │  0   │ 100  │  0  │    0     │ Infinity │ 7527.1 │ 6090.7 │  0  │      │  -5000  │ -4500000  │   82000   │   73820100    │  5000  │ 4500000  │ 0.8  │
│    7    │ 0.9 │  1  │ 0.9 │  1  │  200   │    200    │  295400   │  1200   │  900200   │ 265480300  │ 1672391520000 │ '2022-12-30T09:12:00.000Z' │ 16.7 │ 83.3 │  0  │   0.2    │    5     │ 7527.1 │ 6090.7 │  0  │  0   │  -800   │  -899800  │   81200   │   72920300    │  1000  │  900000  │ 0.2  │
│    8    │ 0.9 │ 0.9 │ 0.9 │ 0.9 │        │           │  296000   │   600   │  540000   │ 266020300  │ 1672391640000 │ '2022-12-30T09:14:00.000Z' │  0   │ 100  │  0  │    0     │ Infinity │ 7527.1 │ 6090.7 │  0  │      │  -600   │  -540000  │   80600   │   72380300    │  600   │  540000  │ 0.1  │
│    9    │ 0.9 │ 0.9 │ 0.9 │ 0.9 │        │           │  299100   │  3100   │  2790000  │ 268810300  │ 1672391760000 │ '2022-12-30T09:16:00.000Z' │  0   │ 100  │  0  │    0     │ Infinity │ 7527.1 │ 6090.7 │  0  │      │  -3100  │ -2790000  │   77500   │   69590300    │  3100  │ 2790000  │ 0.5  │
│   10    │ 0.9 │ 0.9 │ 0.9 │ 0.9 │        │           │  343000   │  43900  │ 39510000  │ 308320300  │ 1672391880000 │ '2022-12-30T09:18:00.000Z' │  0   │ 100  │  0  │    0     │ Infinity │ 7527.1 │ 6090.7 │  0  │      │ -43900  │ -39510000 │   33600   │   30080300    │ 43900  │ 39510000 │ 7.2  │
│   11    │ 0.9 │  1  │ 0.9 │ 0.9 │  100   │    100    │  424200   │  81200  │ 72990100  │ 381310400  │ 1672392000000 │ '2022-12-30T09:20:00.000Z' │ 0.1  │ 99.9 │  0  │    0     │   811    │ 7527.1 │ 6090.7 │  0  │  0   │ -81000  │ -72989900 │  -47400   │   -42909600   │ 81100  │ 72990000 │ 13.3 │
│   12    │ 0.9 │ 0.9 │ 0.9 │ 0.9 │ 29200  │ 26280000  │  509300   │  85100  │ 76590000  │ 457900400  │ 1672392120000 │ '2022-12-30T09:22:00.000Z' │ 34.3 │ 65.7 │  0  │   0.5    │   1.9    │ 7527.1 │ 6090.7 │  0  │ 3.9  │ -26700  │ -24030000 │  -74100   │   -66939600   │ 55900  │ 50310000 │ 9.2  │
│   13    │ 0.9 │ 0.9 │ 0.9 │ 0.9 │  3800  │  3420000  │  513100   │  3800   │  3420000  │ 461320400  │ 1672392240000 │ '2022-12-30T09:24:00.000Z' │ 100  │  0   │  0  │ Infinity │    0     │ 7527.1 │ 6090.7 │  0  │ 0.5  │  3800   │  3420000  │  -70300   │   -63519600   │        │          │      │
│   14    │ 0.9 │ 0.9 │ 0.9 │ 0.9 │  6700  │  6030000  │  519800   │  6700   │  6030000  │ 467350400  │ 1672392360000 │ '2022-12-30T09:26:00.000Z' │ 100  │  0   │  0  │ Infinity │    0     │ 7527.1 │ 6090.7 │  0  │ 0.9  │  6700   │  6030000  │  -63600   │   -57489600   │        │          │      │
│   15    │ 0.9 │ 0.9 │ 0.9 │ 0.9 │  2700  │  2430000  │  522500   │  2700   │  2430000  │ 469780400  │ 1672392480000 │ '2022-12-30T09:28:00.000Z' │ 100  │  0   │  0  │ Infinity │    0     │ 7527.1 │ 6090.7 │  0  │ 0.4  │  2700   │  2430000  │  -60900   │   -55059600   │        │          │      │
│   16    │ 0.9 │ 0.9 │ 0.9 │ 0.9 │  6700  │  6030000  │  529200   │  6700   │  6030000  │ 475810400  │ 1672392600000 │ '2022-12-30T09:30:00.000Z' │ 100  │  0   │  0  │ Infinity │    0     │ 7527.1 │ 6090.7 │  0  │ 0.9  │  6700   │  6030000  │  -54200   │   -49029600   │        │          │      │
│   17    │ 0.9 │ 0.9 │ 0.9 │ 0.9 │  3300  │  2970000  │  532500   │  3300   │  2970000  │ 478780400  │ 1672392720000 │ '2022-12-30T09:32:00.000Z' │ 100  │  0   │  0  │ Infinity │    0     │ 7527.1 │ 6090.7 │  0  │ 0.4  │  3300   │  2970000  │  -50900   │   -46059600   │        │          │      │
│   18    │ 0.9 │ 0.9 │ 0.9 │ 0.9 │ 26900  │ 24210000  │  559400   │  26900  │ 24210000  │ 502990400  │ 1672392960000 │ '2022-12-30T09:36:00.000Z' │ 100  │  0   │  0  │ Infinity │    0     │ 7527.1 │ 6090.7 │  0  │ 3.6  │  26900  │ 24210000  │  -24000   │   -21849600   │        │          │      │
│   19    │ 0.9 │ 0.9 │ 0.9 │ 0.9 │  700   │  630000   │  560100   │   700   │  630000   │ 503620400  │ 1672393080000 │ '2022-12-30T09:38:00.000Z' │ 100  │  0   │  0  │ Infinity │    0     │ 7527.1 │ 6090.7 │  0  │ 0.1  │   700   │  630000   │  -23300   │   -21219600   │        │          │      │
│   20    │ 0.9 │ 0.9 │ 0.9 │ 0.9 │  500   │  450000   │  560600   │   500   │  450000   │ 504070400  │ 1672393200000 │ '2022-12-30T09:40:00.000Z' │ 100  │  0   │  0  │ Infinity │    0     │ 7527.1 │ 6090.7 │  0  │ 0.1  │   500   │  450000   │  -22800   │   -20769600   │        │          │      │
├─────────┼─────┼─────┼─────┼─────┼────────┼───────────┼───────────┼─────────┼───────────┼────────────┼───────────────┼────────────────────────────┼──────┼──────┼─────┼──────────┼──────────┼────────┼────────┼─────┼──────┼─────────┼───────────┼───────────┼───────────────┼────────┼──────────┼──────┤
│ (index) │  c  │  h  │  l  │  o  │   bu   │  val_bu   │ total_vol │ sum_vol │    val    │  acum_val  │   datetime    │            date            │ pbu  │ psd  │ puk │    bs    │    sb    │  abu   │  asd   │ auk │ rbu  │  bu-sd  │ bu-sd_val │ acum_busd │ acum_busd_val │   sd   │  val_sd  │ rsd  │
├─────────┼─────┼─────┼─────┼─────┼────────┼───────────┼───────────┼─────────┼───────────┼────────────┼───────────────┼────────────────────────────┼──────┼──────┼─────┼──────────┼──────────┼────────┼────────┼─────┼──────┼─────────┼───────────┼───────────┼───────────────┼────────┼──────────┼──────┤
│   21    │ 0.8 │ 0.9 │ 0.8 │ 0.9 │  6800  │  6120000  │  570200   │  9600   │  8360000  │ 512430400  │ 1672393320000 │ '2022-12-30T09:42:00.000Z' │ 70.8 │ 29.2 │  0  │   2.4    │   0.4    │ 7527.1 │ 6090.7 │  0  │ 0.9  │  4000   │  3880000  │  -18800   │   -16889600   │  2800  │ 2240000  │ 0.5  │
│   22    │ 0.9 │ 0.9 │ 0.9 │ 0.9 │ 15500  │ 13950000  │  585700   │  15500  │ 13950000  │ 526380400  │ 1672393560000 │ '2022-12-30T09:46:00.000Z' │ 100  │  0   │  0  │ Infinity │    0     │ 7527.1 │ 6090.7 │  0  │ 2.1  │  15500  │ 13950000  │   -3300   │   -2939600    │        │          │      │
│   23    │ 0.9 │ 0.9 │ 0.9 │ 0.9 │  1100  │  990000   │  586800   │  1100   │  990000   │ 527370400  │ 1672393680000 │ '2022-12-30T09:48:00.000Z' │ 100  │  0   │  0  │ Infinity │    0     │ 7527.1 │ 6090.7 │  0  │ 0.1  │  1100   │  990000   │   -2200   │   -1949600    │        │          │      │
│   24    │ 0.9 │ 0.9 │ 0.9 │ 0.9 │  2200  │  1980000  │  589000   │  2200   │  1980000  │ 529350400  │ 1672393800000 │ '2022-12-30T09:50:00.000Z' │ 100  │  0   │  0  │ Infinity │    0     │ 7527.1 │ 6090.7 │  0  │ 0.3  │  2200   │  1980000  │     0     │     30400     │        │          │      │
│   25    │ 0.9 │ 0.9 │ 0.9 │ 0.9 │  3300  │  2970000  │  592300   │  3300   │  2970000  │ 532320400  │ 1672393920000 │ '2022-12-30T09:52:00.000Z' │ 100  │  0   │  0  │ Infinity │    0     │ 7527.1 │ 6090.7 │  0  │ 0.4  │  3300   │  2970000  │   3300    │    3000400    │        │          │      │
│   26    │ 0.9 │ 0.9 │ 0.9 │ 0.9 │  400   │  360000   │  592700   │   400   │  360000   │ 532680400  │ 1672394040000 │ '2022-12-30T09:54:00.000Z' │ 100  │  0   │  0  │ Infinity │    0     │ 7527.1 │ 6090.7 │  0  │ 0.1  │   400   │  360000   │   3700    │    3360400    │        │          │      │
│   27    │ 0.8 │ 0.9 │ 0.8 │ 0.8 │  200   │  180000   │  597600   │  4900   │  3940000  │ 536620400  │ 1672394160000 │ '2022-12-30T09:56:00.000Z' │ 4.1  │ 95.9 │  0  │    0     │   23.5   │ 7527.1 │ 6090.7 │  0  │  0   │  -4500  │ -3580000  │   -800    │    -219600    │  4700  │ 3760000  │ 0.8  │
│   28    │ 0.8 │ 0.8 │ 0.8 │ 0.8 │        │           │  599900   │  2300   │  1840000  │ 538460400  │ 1672394280000 │ '2022-12-30T09:58:00.000Z' │  0   │ 100  │  0  │    0     │ Infinity │ 7527.1 │ 6090.7 │  0  │      │  -2300  │ -1840000  │   -3100   │   -2059600    │  2300  │ 1840000  │ 0.4  │
│   29    │ 0.8 │ 0.8 │ 0.8 │ 0.8 │        │           │  606600   │  6700   │  5360000  │ 543820400  │ 1672394400000 │ '2022-12-30T10:00:00.000Z' │  0   │ 100  │  0  │    0     │ Infinity │ 7527.1 │ 6090.7 │  0  │      │  -6700  │ -5360000  │   -9800   │   -7419600    │  6700  │ 5360000  │ 1.1  │
│   30    │ 0.8 │ 0.8 │ 0.8 │ 0.8 │        │           │  610500   │  3900   │  3120000  │ 546940400  │ 1672394520000 │ '2022-12-30T10:02:00.000Z' │  0   │ 100  │  0  │    0     │ Infinity │ 7527.1 │ 6090.7 │  0  │      │  -3900  │ -3120000  │  -13700   │   -10539600   │  3900  │ 3120000  │ 0.6  │
│   31    │ 0.8 │ 0.8 │ 0.8 │ 0.8 │        │           │  610800   │   300   │  240000   │ 547180400  │ 1672394640000 │ '2022-12-30T10:04:00.000Z' │  0   │ 100  │  0  │    0     │ Infinity │ 7527.1 │ 6090.7 │  0  │      │  -300   │  -240000  │  -14000   │   -10779600   │  300   │  240000  │  0   │
│   32    │ 0.8 │ 0.8 │ 0.8 │ 0.8 │        │           │  614300   │  3500   │  2800000  │ 549980400  │ 1672394760000 │ '2022-12-30T10:06:00.000Z' │  0   │ 100  │  0  │    0     │ Infinity │ 7527.1 │ 6090.7 │  0  │      │  -3500  │ -2800000  │  -17500   │   -13579600   │  3500  │ 2800000  │ 0.6  │
│   33    │ 0.8 │ 0.8 │ 0.8 │ 0.8 │        │           │  615500   │  1200   │  960000   │ 550940400  │ 1672394880000 │ '2022-12-30T10:08:00.000Z' │  0   │ 100  │  0  │    0     │ Infinity │ 7527.1 │ 6090.7 │  0  │      │  -1200  │  -960000  │  -18700   │   -14539600   │  1200  │  960000  │ 0.2  │
│   34    │ 0.8 │ 0.8 │ 0.8 │ 0.8 │        │           │  616000   │   500   │  400000   │ 551340400  │ 1672395000000 │ '2022-12-30T10:10:00.000Z' │  0   │ 100  │  0  │    0     │ Infinity │ 7527.1 │ 6090.7 │  0  │      │  -500   │  -400000  │  -19200   │   -14939600   │  500   │  400000  │ 0.1  │
│   35    │ 0.9 │ 0.9 │ 0.8 │ 0.8 │  100   │   90000   │  618500   │  2500   │  2010000  │ 553350400  │ 1672395120000 │ '2022-12-30T10:12:00.000Z' │  4   │  96  │  0  │    0     │    24    │ 7527.1 │ 6090.7 │  0  │  0   │  -2300  │ -1830000  │  -21500   │   -16769600   │  2400  │ 1920000  │ 0.4  │
│   36    │ 0.9 │ 0.9 │ 0.9 │ 0.9 │  1000  │  900000   │  619500   │  1000   │  900000   │ 554250400  │ 1672395240000 │ '2022-12-30T10:14:00.000Z' │ 100  │  0   │  0  │ Infinity │    0     │ 7527.1 │ 6090.7 │  0  │ 0.1  │  1000   │  900000   │  -20500   │   -15869600   │        │          │      │
│   37    │ 0.9 │ 0.9 │ 0.9 │ 0.9 │ 47000  │ 42300000  │  666500   │  47000  │ 42300000  │ 596550400  │ 1672395360000 │ '2022-12-30T10:16:00.000Z' │ 100  │  0   │  0  │ Infinity │    0     │ 7527.1 │ 6090.7 │  0  │ 6.2  │  47000  │ 42300000  │   26500   │   26430400    │        │          │      │
│   38    │ 0.9 │ 0.9 │ 0.9 │ 0.9 │  800   │  720000   │  667300   │   800   │  720000   │ 597270400  │ 1672395480000 │ '2022-12-30T10:18:00.000Z' │ 100  │  0   │  0  │ Infinity │    0     │ 7527.1 │ 6090.7 │  0  │ 0.1  │   800   │  720000   │   27300   │   27150400    │        │          │      │
│   39    │ 0.8 │ 0.8 │ 0.8 │ 0.8 │        │           │  667900   │   600   │  480000   │ 597750400  │ 1672395600000 │ '2022-12-30T10:20:00.000Z' │  0   │ 100  │  0  │    0     │ Infinity │ 7527.1 │ 6090.7 │  0  │      │  -600   │  -480000  │   26700   │   26670400    │  600   │  480000  │ 0.1  │
│   40    │ 0.8 │ 0.8 │ 0.8 │ 0.8 │        │           │  668900   │  1000   │  800000   │ 598550400  │ 1672395720000 │ '2022-12-30T10:22:00.000Z' │  0   │ 100  │  0  │    0     │ Infinity │ 7527.1 │ 6090.7 │  0  │      │  -1000  │  -800000  │   25700   │   25870400    │  1000  │  800000  │ 0.2  │
├─────────┼─────┼─────┼─────┼─────┼────────┼───────────┼───────────┼─────────┼───────────┼────────────┼───────────────┼────────────────────────────┼──────┼──────┼─────┼──────────┼──────────┼────────┼────────┼─────┼──────┼─────────┼───────────┼───────────┼───────────────┼────────┼──────────┼──────┤
│ (index) │  c  │  h  │  l  │  o  │   bu   │  val_bu   │ total_vol │ sum_vol │    val    │  acum_val  │   datetime    │            date            │ pbu  │ psd  │ puk │    bs    │    sb    │  abu   │  asd   │ auk │ rbu  │  bu-sd  │ bu-sd_val │ acum_busd │ acum_busd_val │   sd   │  val_sd  │ rsd  │
├─────────┼─────┼─────┼─────┼─────┼────────┼───────────┼───────────┼─────────┼───────────┼────────────┼───────────────┼────────────────────────────┼──────┼──────┼─────┼──────────┼──────────┼────────┼────────┼─────┼──────┼─────────┼───────────┼───────────┼───────────────┼────────┼──────────┼──────┤
│   41    │ 0.8 │ 0.9 │ 0.8 │ 0.9 │  1500  │  1350000  │  680400   │  11500  │  9350000  │ 607900400  │ 1672396080000 │ '2022-12-30T10:28:00.000Z' │  13  │  87  │  0  │   0.2    │   6.7    │ 7527.1 │ 6090.7 │  0  │ 0.2  │  -8500  │ -6650000  │   17200   │   19220400    │ 10000  │ 8000000  │ 1.6  │
│   42    │ 0.9 │ 0.9 │ 0.9 │ 0.9 │  2200  │  1980000  │  682600   │  2200   │  1980000  │ 609880400  │ 1672396200000 │ '2022-12-30T10:30:00.000Z' │ 100  │  0   │  0  │ Infinity │    0     │ 7527.1 │ 6090.7 │  0  │ 0.3  │  2200   │  1980000  │   19400   │   21200400    │        │          │      │
│   43    │ 0.9 │ 0.9 │ 0.8 │ 0.8 │  1100  │  990000   │  683900   │  1300   │  1150000  │ 611030400  │ 1672396320000 │ '2022-12-30T10:32:00.000Z' │ 84.6 │ 15.4 │  0  │   5.5    │   0.2    │ 7527.1 │ 6090.7 │  0  │ 0.1  │   900   │  830000   │   20300   │   22030400    │  200   │  160000  │  0   │
│   44    │ 0.9 │ 0.9 │ 0.9 │ 0.9 │  300   │  270000   │  684200   │   300   │  270000   │ 611300400  │ 1672396440000 │ '2022-12-30T10:34:00.000Z' │ 100  │  0   │  0  │ Infinity │    0     │ 7527.1 │ 6090.7 │  0  │  0   │   300   │  270000   │   20600   │   22300400    │        │          │      │
│   45    │ 0.9 │ 0.9 │ 0.9 │ 0.9 │  9900  │  8910000  │  694100   │  9900   │  8910000  │ 620210400  │ 1672396680000 │ '2022-12-30T10:38:00.000Z' │ 100  │  0   │  0  │ Infinity │    0     │ 7527.1 │ 6090.7 │  0  │ 1.3  │  9900   │  8910000  │   30500   │   31210400    │        │          │      │
│   46    │ 0.8 │ 0.9 │ 0.8 │ 0.9 │  3700  │  3330000  │  698000   │  3900   │  3490000  │ 623700400  │ 1672396800000 │ '2022-12-30T10:40:00.000Z' │ 94.9 │ 5.1  │  0  │   18.5   │   0.1    │ 7527.1 │ 6090.7 │  0  │ 0.5  │  3500   │  3170000  │   34000   │   34380400    │  200   │  160000  │  0   │
│   47    │ 0.8 │ 0.8 │ 0.8 │ 0.8 │        │           │  698400   │   400   │  320000   │ 624020400  │ 1672396920000 │ '2022-12-30T10:42:00.000Z' │  0   │ 100  │  0  │    0     │ Infinity │ 7527.1 │ 6090.7 │  0  │      │  -400   │  -320000  │   33600   │   34060400    │  400   │  320000  │ 0.1  │
│   48    │ 0.9 │ 0.9 │ 0.9 │ 0.9 │  800   │  720000   │  699200   │   800   │  720000   │ 624740400  │ 1672397040000 │ '2022-12-30T10:44:00.000Z' │ 100  │  0   │  0  │ Infinity │    0     │ 7527.1 │ 6090.7 │  0  │ 0.1  │   800   │  720000   │   34400   │   34780400    │        │          │      │
│   49    │ 0.9 │ 0.9 │ 0.9 │ 0.9 │  300   │  270000   │  699500   │   300   │  270000   │ 625010400  │ 1672397160000 │ '2022-12-30T10:46:00.000Z' │ 100  │  0   │  0  │ Infinity │    0     │ 7527.1 │ 6090.7 │  0  │  0   │   300   │  270000   │   34700   │   35050400    │        │          │      │
│   50    │ 0.9 │ 0.9 │ 0.9 │ 0.9 │  5000  │  4500000  │  704500   │  5000   │  4500000  │ 629510400  │ 1672397280000 │ '2022-12-30T10:48:00.000Z' │ 100  │  0   │  0  │ Infinity │    0     │ 7527.1 │ 6090.7 │  0  │ 0.7  │  5000   │  4500000  │   39700   │   39550400    │        │          │      │
│   51    │ 0.9 │ 0.9 │ 0.9 │ 0.9 │  2000  │  1800000  │  706500   │  2000   │  1800000  │ 631310400  │ 1672397400000 │ '2022-12-30T10:50:00.000Z' │ 100  │  0   │  0  │ Infinity │    0     │ 7527.1 │ 6090.7 │  0  │ 0.3  │  2000   │  1800000  │   41700   │   41350400    │        │          │      │
│   52    │ 0.8 │ 0.8 │ 0.8 │ 0.8 │        │           │  707600   │  1100   │  880000   │ 632190400  │ 1672397520000 │ '2022-12-30T10:52:00.000Z' │  0   │ 100  │  0  │    0     │ Infinity │ 7527.1 │ 6090.7 │  0  │      │  -1100  │  -880000  │   40600   │   40470400    │  1100  │  880000  │ 0.2  │
│   53    │ 0.9 │ 0.9 │ 0.8 │ 0.8 │  100   │   90000   │  757700   │  50100  │ 40090000  │ 672280400  │ 1672397640000 │ '2022-12-30T10:54:00.000Z' │ 0.2  │ 99.8 │  0  │    0     │   500    │ 7527.1 │ 6090.7 │  0  │  0   │ -49900  │ -39910000 │   -9300   │    560400     │ 50000  │ 40000000 │ 8.2  │
│   54    │ 0.8 │ 0.8 │ 0.8 │ 0.8 │        │           │  757900   │   200   │  160000   │ 672440400  │ 1672397760000 │ '2022-12-30T10:56:00.000Z' │  0   │ 100  │  0  │    0     │ Infinity │ 7527.1 │ 6090.7 │  0  │      │  -200   │  -160000  │   -9500   │    400400     │  200   │  160000  │  0   │
│   55    │ 0.9 │ 0.9 │ 0.9 │ 0.9 │  300   │  270000   │  758200   │   300   │  270000   │ 672710400  │ 1672398000000 │ '2022-12-30T11:00:00.000Z' │ 100  │  0   │  0  │ Infinity │    0     │ 7527.1 │ 6090.7 │  0  │  0   │   300   │  270000   │   -9200   │    670400     │        │          │      │
│   56    │ 0.8 │ 0.8 │ 0.8 │ 0.8 │        │           │  758700   │   500   │  400000   │ 673110400  │ 1672398120000 │ '2022-12-30T11:02:00.000Z' │  0   │ 100  │  0  │    0     │ Infinity │ 7527.1 │ 6090.7 │  0  │      │  -500   │  -400000  │   -9700   │    270400     │  500   │  400000  │ 0.1  │
│   57    │ 0.9 │ 0.9 │ 0.9 │ 0.9 │  200   │  180000   │  758900   │   200   │  180000   │ 673290400  │ 1672398240000 │ '2022-12-30T11:04:00.000Z' │ 100  │  0   │  0  │ Infinity │    0     │ 7527.1 │ 6090.7 │  0  │  0   │   200   │  180000   │   -9500   │    450400     │        │          │      │
│   58    │ 0.9 │ 0.9 │ 0.9 │ 0.9 │  100   │   90000   │  759000   │   100   │   90000   │ 673380400  │ 1672398720000 │ '2022-12-30T11:12:00.000Z' │ 100  │  0   │  0  │ Infinity │    0     │ 7527.1 │ 6090.7 │  0  │  0   │   100   │   90000   │   -9400   │    540400     │        │          │      │
│   59    │ 0.9 │ 0.9 │ 0.9 │ 0.9 │  200   │  180000   │  759200   │   200   │  180000   │ 673560400  │ 1672398840000 │ '2022-12-30T11:14:00.000Z' │ 100  │  0   │  0  │ Infinity │    0     │ 7527.1 │ 6090.7 │  0  │  0   │   200   │  180000   │   -9200   │    720400     │        │          │      │
│   60    │ 0.9 │ 0.9 │ 0.9 │ 0.9 │ 15000  │ 13500000  │  774200   │  15000  │ 13500000  │ 687060400  │ 1672398960000 │ '2022-12-30T11:16:00.000Z' │ 100  │  0   │  0  │ Infinity │    0     │ 7527.1 │ 6090.7 │  0  │  2   │  15000  │ 13500000  │   5800    │   14220400    │        │          │      │
├─────────┼─────┼─────┼─────┼─────┼────────┼───────────┼───────────┼─────────┼───────────┼────────────┼───────────────┼────────────────────────────┼──────┼──────┼─────┼──────────┼──────────┼────────┼────────┼─────┼──────┼─────────┼───────────┼───────────┼───────────────┼────────┼──────────┼──────┤
│ (index) │  c  │  h  │  l  │  o  │   bu   │  val_bu   │ total_vol │ sum_vol │    val    │  acum_val  │   datetime    │            date            │ pbu  │ psd  │ puk │    bs    │    sb    │  abu   │  asd   │ auk │ rbu  │  bu-sd  │ bu-sd_val │ acum_busd │ acum_busd_val │   sd   │  val_sd  │ rsd  │
├─────────┼─────┼─────┼─────┼─────┼────────┼───────────┼───────────┼─────────┼───────────┼────────────┼───────────────┼────────────────────────────┼──────┼──────┼─────┼──────────┼──────────┼────────┼────────┼─────┼──────┼─────────┼───────────┼───────────┼───────────────┼────────┼──────────┼──────┤
│   61    │ 0.9 │ 0.9 │ 0.9 │ 0.9 │ 10200  │  9180000  │  784400   │  10200  │  9180000  │ 696240400  │ 1672399080000 │ '2022-12-30T11:18:00.000Z' │ 100  │  0   │  0  │ Infinity │    0     │ 7527.1 │ 6090.7 │  0  │ 1.4  │  10200  │  9180000  │   16000   │   23400400    │        │          │      │
│   62    │ 0.9 │ 0.9 │ 0.8 │ 0.8 │  600   │  540000   │  785100   │   700   │  620000   │ 696860400  │ 1672399200000 │ '2022-12-30T11:20:00.000Z' │ 85.7 │ 14.3 │  0  │    6     │   0.2    │ 7527.1 │ 6090.7 │  0  │ 0.1  │   500   │  460000   │   16500   │   23860400    │  100   │  80000   │  0   │
│   63    │ 0.9 │ 0.9 │ 0.9 │ 0.9 │  1100  │  990000   │  786200   │  1100   │  990000   │ 697850400  │ 1672399440000 │ '2022-12-30T11:24:00.000Z' │ 100  │  0   │  0  │ Infinity │    0     │ 7527.1 │ 6090.7 │  0  │ 0.1  │  1100   │  990000   │   17600   │   24850400    │        │          │      │
│   64    │ 0.9 │ 0.9 │ 0.9 │ 0.9 │  1300  │  1170000  │  787500   │  1300   │  1170000  │ 699020400  │ 1672399560000 │ '2022-12-30T11:26:00.000Z' │ 100  │  0   │  0  │ Infinity │    0     │ 7527.1 │ 6090.7 │  0  │ 0.2  │  1300   │  1170000  │   18900   │   26020400    │        │          │      │
│   65    │ 0.9 │ 0.9 │ 0.8 │ 0.9 │  400   │  360000   │  788500   │  1000   │  840000   │ 699860400  │ 1672399680000 │ '2022-12-30T11:28:00.000Z' │  40  │  60  │  0  │   0.7    │   1.5    │ 7527.1 │ 6090.7 │  0  │ 0.1  │  -200   │  -120000  │   18700   │   25900400    │  600   │  480000  │ 0.1  │
│   66    │ 0.9 │ 0.9 │ 0.8 │ 0.8 │  300   │  270000   │  790600   │  2100   │  1710000  │ 701570400  │ 1672405200000 │ '2022-12-30T13:00:00.000Z' │ 14.3 │ 85.7 │  0  │   0.2    │    6     │ 7527.1 │ 6090.7 │  0  │  0   │  -1500  │ -1170000  │   17200   │   24730400    │  1800  │ 1440000  │ 0.3  │
│   67    │ 0.9 │ 0.9 │ 0.9 │ 0.9 │  700   │  630000   │  791300   │   700   │  630000   │ 702200400  │ 1672405320000 │ '2022-12-30T13:02:00.000Z' │ 100  │  0   │  0  │ Infinity │    0     │ 7527.1 │ 6090.7 │  0  │ 0.1  │   700   │  630000   │   17900   │   25360400    │        │          │      │
│   68    │ 0.9 │ 0.9 │ 0.9 │ 0.9 │  200   │  180000   │  791500   │   200   │  180000   │ 702380400  │ 1672405440000 │ '2022-12-30T13:04:00.000Z' │ 100  │  0   │  0  │ Infinity │    0     │ 7527.1 │ 6090.7 │  0  │  0   │   200   │  180000   │   18100   │   25540400    │        │          │      │
│   69    │ 0.8 │ 0.8 │ 0.8 │ 0.8 │        │           │  803000   │  11500  │  9200000  │ 711580400  │ 1672405560000 │ '2022-12-30T13:06:00.000Z' │  0   │ 100  │  0  │    0     │ Infinity │ 7527.1 │ 6090.7 │  0  │      │ -11500  │ -9200000  │   6600    │   16340400    │ 11500  │ 9200000  │ 1.9  │
│   70    │ 0.8 │ 0.8 │ 0.8 │ 0.8 │        │           │  807600   │  4600   │  3680000  │ 715260400  │ 1672405680000 │ '2022-12-30T13:08:00.000Z' │  0   │ 100  │  0  │    0     │ Infinity │ 7527.1 │ 6090.7 │  0  │      │  -4600  │ -3680000  │   2000    │   12660400    │  4600  │ 3680000  │ 0.8  │
│   71    │ 0.9 │ 0.9 │ 0.8 │ 0.8 │  100   │   90000   │  822900   │  15300  │ 12250000  │ 727510400  │ 1672405800000 │ '2022-12-30T13:10:00.000Z' │ 0.7  │ 99.3 │  0  │    0     │   152    │ 7527.1 │ 6090.7 │  0  │  0   │ -15100  │ -12070000 │  -13100   │    590400     │ 15200  │ 12160000 │ 2.5  │
│   72    │ 0.9 │ 0.9 │ 0.9 │ 0.9 │  800   │  720000   │  823700   │   800   │  720000   │ 728230400  │ 1672405920000 │ '2022-12-30T13:12:00.000Z' │ 100  │  0   │  0  │ Infinity │    0     │ 7527.1 │ 6090.7 │  0  │ 0.1  │   800   │  720000   │  -12300   │    1310400    │        │          │      │
│   73    │ 0.9 │ 0.9 │ 0.8 │ 0.9 │ 18300  │ 16470000  │  852000   │  28300  │ 24470000  │ 752700400  │ 1672406160000 │ '2022-12-30T13:16:00.000Z' │ 64.7 │ 35.3 │  0  │   1.8    │   0.5    │ 7527.1 │ 6090.7 │  0  │ 2.4  │  8300   │  8470000  │   -4000   │    9780400    │ 10000  │ 8000000  │ 1.6  │
│   74    │ 0.9 │ 0.9 │ 0.9 │ 0.9 │  1100  │  990000   │  853100   │  1100   │  990000   │ 753690400  │ 1672406280000 │ '2022-12-30T13:18:00.000Z' │ 100  │  0   │  0  │ Infinity │    0     │ 7527.1 │ 6090.7 │  0  │ 0.1  │  1100   │  990000   │   -2900   │   10770400    │        │          │      │
│   75    │ 0.8 │ 0.8 │ 0.8 │ 0.8 │        │           │  854500   │  1400   │  1120000  │ 754810400  │ 1672406400000 │ '2022-12-30T13:20:00.000Z' │  0   │ 100  │  0  │    0     │ Infinity │ 7527.1 │ 6090.7 │  0  │      │  -1400  │ -1120000  │   -4300   │    9650400    │  1400  │ 1120000  │ 0.2  │
│   76    │ 0.9 │ 0.9 │ 0.9 │ 0.9 │  300   │  270000   │  854800   │   300   │  270000   │ 755080400  │ 1672406520000 │ '2022-12-30T13:22:00.000Z' │ 100  │  0   │  0  │ Infinity │    0     │ 7527.1 │ 6090.7 │  0  │  0   │   300   │  270000   │   -4000   │    9920400    │        │          │      │
│   77    │ 0.8 │ 0.9 │ 0.8 │ 0.9 │  2000  │  1800000  │  857000   │  2200   │  1960000  │ 757040400  │ 1672406640000 │ '2022-12-30T13:24:00.000Z' │ 90.9 │ 9.1  │  0  │    10    │   0.1    │ 7527.1 │ 6090.7 │  0  │ 0.3  │  1800   │  1640000  │   -2200   │   11560400    │  200   │  160000  │  0   │
│   78    │ 0.8 │ 0.8 │ 0.8 │ 0.8 │        │           │  857300   │   300   │  240000   │ 757280400  │ 1672406760000 │ '2022-12-30T13:26:00.000Z' │  0   │ 100  │  0  │    0     │ Infinity │ 7527.1 │ 6090.7 │  0  │      │  -300   │  -240000  │   -2500   │   11320400    │  300   │  240000  │  0   │
│   79    │ 0.8 │ 0.8 │ 0.8 │ 0.8 │        │           │  860100   │  2800   │  2240000  │ 759520400  │ 1672406880000 │ '2022-12-30T13:28:00.000Z' │  0   │ 100  │  0  │    0     │ Infinity │ 7527.1 │ 6090.7 │  0  │      │  -2800  │ -2240000  │   -5300   │    9080400    │  2800  │ 2240000  │ 0.5  │
│   80    │ 0.8 │ 0.8 │ 0.8 │ 0.8 │        │           │  860400   │   300   │  240000   │ 759760400  │ 1672407120000 │ '2022-12-30T13:32:00.000Z' │  0   │ 100  │  0  │    0     │ Infinity │ 7527.1 │ 6090.7 │  0  │      │  -300   │  -240000  │   -5600   │    8840400    │  300   │  240000  │  0   │
├─────────┼─────┼─────┼─────┼─────┼────────┼───────────┼───────────┼─────────┼───────────┼────────────┼───────────────┼────────────────────────────┼──────┼──────┼─────┼──────────┼──────────┼────────┼────────┼─────┼──────┼─────────┼───────────┼───────────┼───────────────┼────────┼──────────┼──────┤
│ (index) │  c  │  h  │  l  │  o  │   bu   │  val_bu   │ total_vol │ sum_vol │    val    │  acum_val  │   datetime    │            date            │ pbu  │ psd  │ puk │    bs    │    sb    │  abu   │  asd   │ auk │ rbu  │  bu-sd  │ bu-sd_val │ acum_busd │ acum_busd_val │   sd   │  val_sd  │ rsd  │
├─────────┼─────┼─────┼─────┼─────┼────────┼───────────┼───────────┼─────────┼───────────┼────────────┼───────────────┼────────────────────────────┼──────┼──────┼─────┼──────────┼──────────┼────────┼────────┼─────┼──────┼─────────┼───────────┼───────────┼───────────────┼────────┼──────────┼──────┤
│   81    │ 0.9 │ 0.9 │ 0.8 │ 0.8 │  600   │  540000   │  943200   │  82800  │ 66300000  │ 826060400  │ 1672407240000 │ '2022-12-30T13:34:00.000Z' │ 0.7  │ 99.3 │  0  │    0     │   137    │ 7527.1 │ 6090.7 │  0  │ 0.1  │ -81600  │ -65220000 │  -87200   │   -56379600   │ 82200  │ 65760000 │ 13.5 │
│   82    │ 0.9 │ 0.9 │ 0.8 │ 0.8 │  400   │  360000   │  945200   │  2000   │  1640000  │ 827700400  │ 1672407360000 │ '2022-12-30T13:36:00.000Z' │  20  │  80  │  0  │   0.3    │    4     │ 7527.1 │ 6090.7 │  0  │ 0.1  │  -1200  │  -920000  │  -88400   │   -57299600   │  1600  │ 1280000  │ 0.3  │
│   83    │ 0.8 │ 0.9 │ 0.8 │ 0.9 │  1000  │  900000   │  946400   │  1200   │  1060000  │ 828760400  │ 1672407480000 │ '2022-12-30T13:38:00.000Z' │ 83.3 │ 16.7 │  0  │    5     │   0.2    │ 7527.1 │ 6090.7 │  0  │ 0.1  │   800   │  740000   │  -87600   │   -56559600   │  200   │  160000  │  0   │
│   84    │ 0.9 │ 0.9 │ 0.9 │ 0.9 │  1000  │  900000   │  947400   │  1000   │  900000   │ 829660400  │ 1672407600000 │ '2022-12-30T13:40:00.000Z' │ 100  │  0   │  0  │ Infinity │    0     │ 7527.1 │ 6090.7 │  0  │ 0.1  │  1000   │  900000   │  -86600   │   -55659600   │        │          │      │
│   85    │ 0.9 │ 0.9 │ 0.9 │ 0.9 │  2400  │  2160000  │  949800   │  2400   │  2160000  │ 831820400  │ 1672407720000 │ '2022-12-30T13:42:00.000Z' │ 100  │  0   │  0  │ Infinity │    0     │ 7527.1 │ 6090.7 │  0  │ 0.3  │  2400   │  2160000  │  -84200   │   -53499600   │        │          │      │
│   86    │ 0.9 │ 0.9 │ 0.8 │ 0.8 │  8000  │  7200000  │  959200   │  9400   │  8320000  │ 840140400  │ 1672407840000 │ '2022-12-30T13:44:00.000Z' │ 85.1 │ 14.9 │  0  │   5.7    │   0.2    │ 7527.1 │ 6090.7 │  0  │ 1.1  │  6600   │  6080000  │  -77600   │   -47419600   │  1400  │ 1120000  │ 0.2  │
│   87    │ 0.9 │ 0.9 │ 0.9 │ 0.9 │  900   │  810000   │  960100   │   900   │  810000   │ 840950400  │ 1672408080000 │ '2022-12-30T13:48:00.000Z' │ 100  │  0   │  0  │ Infinity │    0     │ 7527.1 │ 6090.7 │  0  │ 0.1  │   900   │  810000   │  -76700   │   -46609600   │        │          │      │
│   88    │ 0.9 │ 0.9 │ 0.9 │ 0.9 │ 100400 │ 90360000  │  1060500  │ 100400  │ 90360000  │ 931310400  │ 1672408200000 │ '2022-12-30T13:50:00.000Z' │ 100  │  0   │  0  │ Infinity │    0     │ 7527.1 │ 6090.7 │  0  │ 13.3 │ 100400  │ 90360000  │   23700   │   43750400    │        │          │      │
│   89    │ 0.9 │ 0.9 │ 0.9 │ 0.9 │  600   │  540000   │  1061100  │   600   │  540000   │ 931850400  │ 1672408320000 │ '2022-12-30T13:52:00.000Z' │ 100  │  0   │  0  │ Infinity │    0     │ 7527.1 │ 6090.7 │  0  │ 0.1  │   600   │  540000   │   24300   │   44290400    │        │          │      │
│   90    │ 0.9 │ 0.9 │ 0.9 │ 0.9 │  700   │  630000   │  1061800  │   700   │  630000   │ 932480400  │ 1672408440000 │ '2022-12-30T13:54:00.000Z' │ 100  │  0   │  0  │ Infinity │    0     │ 7527.1 │ 6090.7 │  0  │ 0.1  │   700   │  630000   │   25000   │   44920400    │        │          │      │
│   91    │ 0.9 │ 0.9 │ 0.8 │ 0.8 │  100   │   90000   │  1073100  │  11300  │  9050000  │ 941530400  │ 1672408560000 │ '2022-12-30T13:56:00.000Z' │ 0.9  │ 99.1 │  0  │    0     │   112    │ 7527.1 │ 6090.7 │  0  │  0   │ -11100  │ -8870000  │   13900   │   36050400    │ 11200  │ 8960000  │ 1.8  │
│   92    │ 0.9 │ 0.9 │ 0.9 │ 0.9 │  300   │  270000   │  1073400  │   300   │  270000   │ 941800400  │ 1672408800000 │ '2022-12-30T14:00:00.000Z' │ 100  │  0   │  0  │ Infinity │    0     │ 7527.1 │ 6090.7 │  0  │  0   │   300   │  270000   │   14200   │   36320400    │        │          │      │
│   93    │ 0.9 │ 0.9 │ 0.9 │ 0.9 │  1000  │  900000   │  1074400  │  1000   │  900000   │ 942700400  │ 1672408920000 │ '2022-12-30T14:02:00.000Z' │ 100  │  0   │  0  │ Infinity │    0     │ 7527.1 │ 6090.7 │  0  │ 0.1  │  1000   │  900000   │   15200   │   37220400    │        │          │      │
│   94    │ 0.9 │ 0.9 │ 0.9 │ 0.9 │  600   │  540000   │  1075000  │   600   │  540000   │ 943240400  │ 1672409280000 │ '2022-12-30T14:08:00.000Z' │ 100  │  0   │  0  │ Infinity │    0     │ 7527.1 │ 6090.7 │  0  │ 0.1  │   600   │  540000   │   15800   │   37760400    │        │          │      │
│   95    │ 0.9 │ 0.9 │ 0.9 │ 0.9 │  400   │  360000   │  1075400  │   400   │  360000   │ 943600400  │ 1672409400000 │ '2022-12-30T14:10:00.000Z' │ 100  │  0   │  0  │ Infinity │    0     │ 7527.1 │ 6090.7 │  0  │ 0.1  │   400   │  360000   │   16200   │   38120400    │        │          │      │
│   96    │ 0.9 │ 0.9 │ 0.9 │ 0.9 │  200   │  180000   │  1075600  │   200   │  180000   │ 943780400  │ 1672409640000 │ '2022-12-30T14:14:00.000Z' │ 100  │  0   │  0  │ Infinity │    0     │ 7527.1 │ 6090.7 │  0  │  0   │   200   │  180000   │   16400   │   38300400    │        │          │      │
│   97    │ 0.8 │ 0.8 │ 0.8 │ 0.8 │        │           │  1078900  │  3300   │  2640000  │ 946420400  │ 1672409760000 │ '2022-12-30T14:16:00.000Z' │  0   │ 100  │  0  │    0     │ Infinity │ 7527.1 │ 6090.7 │  0  │      │  -3300  │ -2640000  │   13100   │   35660400    │  3300  │ 2640000  │ 0.5  │
│   98    │ 0.9 │ 0.9 │ 0.8 │ 0.8 │  400   │  360000   │  1081800  │  2900   │  2360000  │ 948780400  │ 1672409880000 │ '2022-12-30T14:18:00.000Z' │ 13.8 │ 86.2 │  0  │   0.2    │   6.3    │ 7527.1 │ 6090.7 │  0  │ 0.1  │  -2100  │ -1640000  │   11000   │   34020400    │  2500  │ 2000000  │ 0.4  │
│   99    │ 0.9 │ 0.9 │ 0.8 │ 0.9 │  600   │  540000   │  1082500  │   700   │  620000   │ 949400400  │ 1672410000000 │ '2022-12-30T14:20:00.000Z' │ 85.7 │ 14.3 │  0  │    6     │   0.2    │ 7527.1 │ 6090.7 │  0  │ 0.1  │   500   │  460000   │   11500   │   34480400    │  100   │  80000   │  0   │
│   100   │ 0.8 │ 0.8 │ 0.8 │ 0.8 │        │           │  1085300  │  2800   │  2240000  │ 951640400  │ 1672410120000 │ '2022-12-30T14:22:00.000Z' │  0   │ 100  │  0  │    0     │ Infinity │ 7527.1 │ 6090.7 │  0  │      │  -2800  │ -2240000  │   8700    │   32240400    │  2800  │ 2240000  │ 0.5  │
├─────────┼─────┼─────┼─────┼─────┼────────┼───────────┼───────────┼─────────┼───────────┼────────────┼───────────────┼────────────────────────────┼──────┼──────┼─────┼──────────┼──────────┼────────┼────────┼─────┼──────┼─────────┼───────────┼───────────┼───────────────┼────────┼──────────┼──────┤
│ (index) │  c  │  h  │  l  │  o  │   bu   │  val_bu   │ total_vol │ sum_vol │    val    │  acum_val  │   datetime    │            date            │ pbu  │ psd  │ puk │    bs    │    sb    │  abu   │  asd   │ auk │ rbu  │  bu-sd  │ bu-sd_val │ acum_busd │ acum_busd_val │   sd   │  val_sd  │ rsd  │
├─────────┼─────┼─────┼─────┼─────┼────────┼───────────┼───────────┼─────────┼───────────┼────────────┼───────────────┼────────────────────────────┼──────┼──────┼─────┼──────────┼──────────┼────────┼────────┼─────┼──────┼─────────┼───────────┼───────────┼───────────────┼────────┼──────────┼──────┤
│   101   │ 0.8 │ 0.9 │ 0.8 │ 0.9 │  1000  │  900000   │  1086500  │  1200   │  1060000  │ 952700400  │ 1672410240000 │ '2022-12-30T14:24:00.000Z' │ 83.3 │ 16.7 │  0  │    5     │   0.2    │ 7527.1 │ 6090.7 │  0  │ 0.1  │   800   │  740000   │   9500    │   32980400    │  200   │  160000  │  0   │
│   102   │ 0.8 │ 0.9 │ 0.8 │ 0.8 │  2400  │  2160000  │  1091100  │  4600   │  3920000  │ 956620400  │ 1672410360000 │ '2022-12-30T14:26:00.000Z' │ 52.2 │ 47.8 │  0  │   1.1    │   0.9    │ 7527.1 │ 6090.7 │  0  │ 0.3  │   200   │  400000   │   9700    │   33380400    │  2200  │ 1760000  │ 0.4  │
│   103   │ 0.9 │ 0.9 │ 0.8 │ 0.8 │  100   │   90000   │  1202200  │ 111100  │ 88890000  │ 1045510400 │ 1672410480000 │ '2022-12-30T14:28:00.000Z' │ 0.1  │ 99.9 │  0  │    0     │   1110   │ 7527.1 │ 6090.7 │  0  │  0   │ -110900 │ -88710000 │  -101200  │   -55329600   │ 111000 │ 88800000 │ 18.2 │
│   104   │ 0.9 │ 0.9 │ 0.9 │ 0.9 │ 254700 │ 229230000 │  1456900  │ 254700  │ 229230000 │ 1274740400 │ 1672411440000 │ '2022-12-30T14:44:00.000Z' │ 100  │  0   │  0  │ Infinity │    0     │ 7527.1 │ 6090.7 │  0  │ 33.8 │ 254700  │ 229230000 │  153500   │   173900400   │        │          │      │
│   105   │ 0.9 │ 0.9 │ 0.9 │ 0.9 │  100   │   90000   │  1457000  │   100   │   90000   │ 1274830400 │ 1672411680000 │ '2022-12-30T14:48:00.000Z' │ 100  │  0   │  0  │ Infinity │    0     │ 7527.1 │ 6090.7 │  0  │  0   │   100   │   90000   │  153600   │   173990400   │        │          │      │
│   106   │ 0.9 │ 0.9 │ 0.9 │ 0.9 │  100   │   90000   │  1457100  │   100   │   90000   │ 1274920400 │ 1672411920000 │ '2022-12-30T14:52:00.000Z' │ 100  │  0   │  0  │ Infinity │    0     │ 7527.1 │ 6090.7 │  0  │  0   │   100   │   90000   │  153700   │   174080400   │        │          │      │
└─────────┴─────┴─────┴─────┴─────┴────────┴───────────┴───────────┴─────────┴───────────┴────────────┴───────────────┴────────────────────────────┴──────┴──────┴─────┴──────────┴──────────┴────────┴────────┴─────┴──────┴─────────┴───────────┴───────────┴───────────────┴────────┴──────────┴──────┘

