┌─────────┬──────┬──────┬──────┬──────┬──────┬─────────┬───────────┬─────────┬──────────┬──────────┬───────────────┬────────────────────────────┬──────┬──────┬─────┬──────────┬──────────┬───────┬───────┬─────┬─────┬───────┬───────────┬───────────┬───────────────┬──────┬──────────┬─────┐
│ (index) │  c   │  h   │  l   │  o   │  sd  │ val_sd  │ total_vol │ sum_vol │   val    │ acum_val │   datetime    │            date            │ pbu  │ psd  │ puk │    bs    │    sb    │  abu  │  asd  │ auk │ rsd │ bu-sd │ bu-sd_val │ acum_busd │ acum_busd_val │  bu  │  val_bu  │ rbu │
├─────────┼──────┼──────┼──────┼──────┼──────┼─────────┼───────────┼─────────┼──────────┼──────────┼───────────────┼────────────────────────────┼──────┼──────┼─────┼──────────┼──────────┼───────┼───────┼─────┼─────┼───────┼───────────┼───────────┼───────────────┼──────┼──────────┼─────┤
│    0    │ 2.9  │ 2.9  │ 2.9  │ 2.9  │ 2000 │ 5800000 │   2000    │  2000   │ 5800000  │ 5800000  │ 1672392240000 │ '2022-12-30T09:24:00.000Z' │  0   │ 100  │  0  │    0     │ Infinity │ 852.6 │ 394.7 │  0  │ 5.1 │ -2000 │ -5800000  │   -2000   │   -5800000    │      │          │     │
│    1    │ 2.93 │ 2.93 │ 2.93 │ 2.93 │ 300  │ 879000  │   2300    │   300   │  879000  │ 6679000  │ 1672393080000 │ '2022-12-30T09:38:00.000Z' │  0   │ 100  │  0  │    0     │ Infinity │ 852.6 │ 394.7 │  0  │ 0.8 │ -300  │  -879000  │   -2300   │   -6679000    │      │          │     │
│    2    │ 3.06 │ 3.06 │ 3.06 │ 3.06 │      │         │   2400    │   100   │  306000  │ 6985000  │ 1672393200000 │ '2022-12-30T09:40:00.000Z' │ 100  │  0   │  0  │ Infinity │    0     │ 852.6 │ 394.7 │  0  │     │  100  │  306000   │   -2200   │   -6373000    │ 100  │  306000  │ 0.1 │
│    3    │ 3.1  │ 3.1  │ 3.06 │ 3.06 │      │         │   3300    │   900   │ 2758000  │ 9743000  │ 1672393320000 │ '2022-12-30T09:42:00.000Z' │ 100  │  0   │  0  │ Infinity │    0     │ 852.6 │ 394.7 │  0  │     │  900  │  2758000  │   -1300   │   -3615000    │ 900  │ 2758000  │ 1.1 │
│    4    │ 3.06 │ 3.07 │ 3.06 │ 3.07 │ 300  │ 919000  │   3600    │   300   │  919000  │ 10662000 │ 1672393560000 │ '2022-12-30T09:46:00.000Z' │  0   │ 100  │  0  │    0     │ Infinity │ 852.6 │ 394.7 │  0  │ 0.8 │ -300  │  -919000  │   -1600   │   -4534000    │      │          │     │
│    5    │ 3.07 │ 3.07 │ 3.07 │ 3.07 │      │         │   3700    │   100   │  307000  │ 10969000 │ 1672395720000 │ '2022-12-30T10:22:00.000Z' │ 100  │  0   │  0  │ Infinity │    0     │ 852.6 │ 394.7 │  0  │     │  100  │  307000   │   -1500   │   -4227000    │ 100  │  307000  │ 0.1 │
│    6    │ 3.04 │ 3.06 │ 3.04 │ 3.05 │ 200  │ 609000  │   6900    │  3200   │ 9789000  │ 20758000 │ 1672396920000 │ '2022-12-30T10:42:00.000Z' │ 93.8 │ 6.3  │  0  │    15    │   0.1    │ 852.6 │ 394.7 │  0  │ 0.5 │ 2800  │  8571000  │   1300    │    4344000    │ 3000 │ 9180000  │ 3.5 │
│    7    │ 3.05 │ 3.05 │ 2.96 │ 2.96 │ 700  │ 2072000 │   8000    │  1100   │ 3292000  │ 24050000 │ 1672397520000 │ '2022-12-30T10:52:00.000Z' │ 36.4 │ 63.6 │  0  │   0.6    │   1.8    │ 852.6 │ 394.7 │  0  │ 1.8 │ -300  │  -852000  │   1000    │    3492000    │ 400  │ 1220000  │ 0.5 │
│    8    │ 3.05 │ 3.05 │ 3.05 │ 3.05 │ 300  │ 915000  │   8300    │   300   │  915000  │ 24965000 │ 1672397640000 │ '2022-12-30T10:54:00.000Z' │  0   │ 100  │  0  │    0     │ Infinity │ 852.6 │ 394.7 │  0  │ 0.8 │ -300  │  -915000  │    700    │    2577000    │      │          │     │
│    9    │  3   │  3   │  3   │  3   │      │         │   8900    │   600   │ 1800000  │ 26765000 │ 1672405200000 │ '2022-12-30T13:00:00.000Z' │ 100  │  0   │  0  │ Infinity │    0     │ 852.6 │ 394.7 │  0  │     │  600  │  1800000  │   1300    │    4377000    │ 600  │ 1800000  │ 0.7 │
│   10    │  3   │  3   │  3   │  3   │      │         │   9200    │   300   │  900000  │ 27665000 │ 1672406280000 │ '2022-12-30T13:18:00.000Z' │ 100  │  0   │  0  │ Infinity │    0     │ 852.6 │ 394.7 │  0  │     │  300  │  900000   │   1600    │    5277000    │ 300  │  900000  │ 0.4 │
│   11    │  3   │  3   │  3   │  3   │      │         │   10400   │  1200   │ 3600000  │ 31265000 │ 1672406520000 │ '2022-12-30T13:22:00.000Z' │ 100  │  0   │  0  │ Infinity │    0     │ 852.6 │ 394.7 │  0  │     │ 1200  │  3600000  │   2800    │    8877000    │ 1200 │ 3600000  │ 1.4 │
│   12    │ 3.03 │ 3.03 │ 2.99 │ 2.99 │      │         │   14000   │  3600   │ 10797000 │ 42062000 │ 1672406880000 │ '2022-12-30T13:28:00.000Z' │ 100  │  0   │  0  │ Infinity │    0     │ 852.6 │ 394.7 │  0  │     │ 3600  │ 10797000  │   6400    │   19674000    │ 3600 │ 10797000 │ 4.2 │
│   13    │ 3.04 │ 3.04 │ 3.04 │ 3.04 │      │         │   14100   │   100   │  304000  │ 42366000 │ 1672407000000 │ '2022-12-30T13:30:00.000Z' │ 100  │  0   │  0  │ Infinity │    0     │ 852.6 │ 394.7 │  0  │     │  100  │  304000   │   6500    │   19978000    │ 100  │  304000  │ 0.1 │
│   14    │ 3.04 │ 3.04 │ 3.04 │ 3.04 │      │         │   15100   │  1000   │ 3040000  │ 45406000 │ 1672407600000 │ '2022-12-30T13:40:00.000Z' │ 100  │  0   │  0  │ Infinity │    0     │ 852.6 │ 394.7 │  0  │     │ 1000  │  3040000  │   7500    │   23018000    │ 1000 │ 3040000  │ 1.2 │
│   15    │ 3.04 │ 3.04 │ 3.04 │ 3.04 │      │         │   15600   │   500   │ 1520000  │ 46926000 │ 1672408320000 │ '2022-12-30T13:52:00.000Z' │ 100  │  0   │  0  │ Infinity │    0     │ 852.6 │ 394.7 │  0  │     │  500  │  1520000  │   8000    │   24538000    │ 500  │ 1520000  │ 0.6 │
│   16    │ 3.03 │ 3.03 │ 3.03 │ 3.03 │ 400  │ 1212000 │   16000   │   400   │ 1212000  │ 48138000 │ 1672408440000 │ '2022-12-30T13:54:00.000Z' │  0   │ 100  │  0  │    0     │ Infinity │ 852.6 │ 394.7 │  0  │  1  │ -400  │ -1212000  │   7600    │   23326000    │      │          │     │
│   17    │ 3.04 │ 3.04 │  3   │  3   │ 3300 │ 9900000 │   19400   │  3400   │ 10204000 │ 58342000 │ 1672409280000 │ '2022-12-30T14:08:00.000Z' │ 2.9  │ 97.1 │  0  │    0     │    33    │ 852.6 │ 394.7 │  0  │ 8.4 │ -3200 │ -9596000  │   4400    │   13730000    │ 100  │  304000  │ 0.1 │
│   18    │ 3.07 │ 3.07 │ 3.07 │ 3.07 │      │         │   23700   │  4300   │ 13201000 │ 71543000 │ 1672411440000 │ '2022-12-30T14:44:00.000Z' │ 100  │  0   │  0  │ Infinity │    0     │ 852.6 │ 394.7 │  0  │     │ 4300  │ 13201000  │   8700    │   26931000    │ 4300 │ 13201000 │  5  │
└─────────┴──────┴──────┴──────┴──────┴──────┴─────────┴───────────┴─────────┴──────────┴──────────┴───────────────┴────────────────────────────┴──────┴──────┴─────┴──────────┴──────────┴───────┴───────┴─────┴─────┴───────┴───────────┴───────────┴───────────────┴──────┴──────────┴─────┘

├─────────┼──────┼──────┼──────┼──────┼──────┼─────────┼───────────┼─────────┼──────────┼──────────┼───────────────┼────────────────────────────┼──────┼──────┼─────┼──────────┼──────────┼───────┼───────┼─────┼─────┼───────┼───────────┼───────────┼───────────────┼──────┼──────────┼─────┤
│ (index) │  c   │  h   │  l   │  o   │  sd  │ val_sd  │ total_vol │ sum_vol │   val    │ acum_val │   datetime    │            date            │ pbu  │ psd  │ puk │    bs    │    sb    │  abu  │  asd  │ auk │ rsd │ bu-sd │ bu-sd_val │ acum_busd │ acum_busd_val │  bu  │  val_bu  │ rbu │
├─────────┼──────┼──────┼──────┼──────┼──────┼─────────┼───────────┼─────────┼──────────┼──────────┼───────────────┼────────────────────────────┼──────┼──────┼─────┼──────────┼──────────┼───────┼───────┼─────┼─────┼───────┼───────────┼───────────┼───────────────┼──────┼──────────┼─────┤
