┌─────────┬─────┬─────┬─────┬─────┬───────┬─────────┬───────────┬─────────┬──────────┬──────────┬───────────────┬────────────────────────────┬─────┬──────┬─────┬──────────┬──────────┬──────┬────────┬─────┬─────┬────────┬───────────┬───────────┬───────────────┬───────┬──────────┬─────┐
│ (index) │  c  │  h  │  l  │  o  │  bu   │ val_bu  │ total_vol │ sum_vol │   val    │ acum_val │   datetime    │            date            │ pbu │ psd  │ puk │    bs    │    sb    │ abu  │  asd   │ auk │ rbu │ bu-sd  │ bu-sd_val │ acum_busd │ acum_busd_val │  sd   │  val_sd  │ rsd │
├─────────┼─────┼─────┼─────┼─────┼───────┼─────────┼───────────┼─────────┼──────────┼──────────┼───────────────┼────────────────────────────┼─────┼──────┼─────┼──────────┼──────────┼──────┼────────┼─────┼─────┼────────┼───────────┼───────────┼───────────────┼───────┼──────────┼─────┤
│    0    │ 0.7 │ 0.7 │ 0.7 │ 0.7 │ 10100 │ 7070000 │   10100   │  10100  │ 7070000  │ 7070000  │ 1672390800000 │ '2022-12-30T09:00:00.000Z' │ 100 │  0   │  0  │ Infinity │    0     │ 1825 │ 6462.5 │  0  │ 5.5 │ 10100  │  7070000  │   10100   │    7070000    │       │          │     │
│    1    │ 0.7 │ 0.7 │ 0.7 │ 0.7 │  300  │ 210000  │   10400   │   300   │  210000  │ 7280000  │ 1672391400000 │ '2022-12-30T09:10:00.000Z' │ 100 │  0   │  0  │ Infinity │    0     │ 1825 │ 6462.5 │  0  │ 0.2 │  300   │  210000   │   10400   │    7280000    │       │          │     │
│    2    │ 0.7 │ 0.7 │ 0.7 │ 0.7 │ 1000  │ 700000  │   11400   │  1000   │  700000  │ 7980000  │ 1672392480000 │ '2022-12-30T09:28:00.000Z' │ 100 │  0   │  0  │ Infinity │    0     │ 1825 │ 6462.5 │  0  │ 0.5 │  1000  │  700000   │   11400   │    7980000    │       │          │     │
│    3    │ 0.7 │ 0.7 │ 0.7 │ 0.7 │  500  │ 350000  │   11900   │   500   │  350000  │ 8330000  │ 1672393080000 │ '2022-12-30T09:38:00.000Z' │ 100 │  0   │  0  │ Infinity │    0     │ 1825 │ 6462.5 │  0  │ 0.3 │  500   │  350000   │   11900   │    8330000    │       │          │     │
│    4    │ 0.7 │ 0.7 │ 0.7 │ 0.7 │ 1900  │ 1330000 │   13800   │  1900   │ 1330000  │ 9660000  │ 1672393800000 │ '2022-12-30T09:50:00.000Z' │ 100 │  0   │  0  │ Infinity │    0     │ 1825 │ 6462.5 │  0  │  1  │  1900  │  1330000  │   13800   │    9660000    │       │          │     │
│    5    │ 0.7 │ 0.7 │ 0.7 │ 0.7 │       │         │   76000   │  62200  │ 43540000 │ 53200000 │ 1672394040000 │ '2022-12-30T09:54:00.000Z' │  0  │ 100  │  0  │    0     │ Infinity │ 1825 │ 6462.5 │  0  │     │ -62200 │ -43540000 │  -48400   │   -33880000   │ 62200 │ 43540000 │ 9.6 │
│    6    │ 0.7 │ 0.7 │ 0.7 │ 0.7 │       │         │   88200   │  12200  │ 8540000  │ 61740000 │ 1672394400000 │ '2022-12-30T10:00:00.000Z' │  0  │ 100  │  0  │    0     │ Infinity │ 1825 │ 6462.5 │  0  │     │ -12200 │ -8540000  │  -60600   │   -42420000   │ 12200 │ 8540000  │ 1.9 │
│    7    │ 0.7 │ 0.7 │ 0.7 │ 0.7 │       │         │   89200   │  1000   │  700000  │ 62440000 │ 1672396200000 │ '2022-12-30T10:30:00.000Z' │  0  │ 100  │  0  │    0     │ Infinity │ 1825 │ 6462.5 │  0  │     │ -1000  │  -700000  │  -61600   │   -43120000   │ 1000  │  700000  │ 0.2 │
│    8    │ 0.8 │ 0.8 │ 0.8 │ 0.8 │  100  │  80000  │   89300   │   100   │  80000   │ 62520000 │ 1672398120000 │ '2022-12-30T11:02:00.000Z' │ 100 │  0   │  0  │ Infinity │    0     │ 1825 │ 6462.5 │  0  │ 0.1 │  100   │   80000   │  -61500   │   -43040000   │       │          │     │
│    9    │ 0.8 │ 0.8 │ 0.8 │ 0.8 │ 1000  │ 800000  │   90300   │  1000   │  800000  │ 63320000 │ 1672398480000 │ '2022-12-30T11:08:00.000Z' │ 100 │  0   │  0  │ Infinity │    0     │ 1825 │ 6462.5 │  0  │ 0.5 │  1000  │  800000   │  -60500   │   -42240000   │       │          │     │
│   10    │ 0.7 │ 0.8 │ 0.7 │ 0.8 │ 1300  │ 1040000 │  109600   │  19300  │ 13640000 │ 76960000 │ 1672399320000 │ '2022-12-30T11:22:00.000Z' │ 6.7 │ 93.3 │  0  │   0.1    │   13.8   │ 1825 │ 6462.5 │  0  │ 0.7 │ -16700 │ -11560000 │  -77200   │   -53800000   │ 18000 │ 12600000 │ 2.8 │
│   11    │ 0.7 │ 0.7 │ 0.7 │ 0.7 │       │         │  114600   │  5000   │ 3500000  │ 80460000 │ 1672405560000 │ '2022-12-30T13:06:00.000Z' │  0  │ 100  │  0  │    0     │ Infinity │ 1825 │ 6462.5 │  0  │     │ -5000  │ -3500000  │  -82200   │   -57300000   │ 5000  │ 3500000  │ 0.8 │
│   12    │ 0.7 │ 0.7 │ 0.7 │ 0.7 │       │         │  117600   │  3000   │ 2100000  │ 82560000 │ 1672406040000 │ '2022-12-30T13:14:00.000Z' │  0  │ 100  │  0  │    0     │ Infinity │ 1825 │ 6462.5 │  0  │     │ -3000  │ -2100000  │  -85200   │   -59400000   │ 3000  │ 2100000  │ 0.5 │
│   13    │ 0.8 │ 0.8 │ 0.8 │ 0.8 │ 10000 │ 8000000 │  127600   │  10000  │ 8000000  │ 90560000 │ 1672407240000 │ '2022-12-30T13:34:00.000Z' │ 100 │  0   │  0  │ Infinity │    0     │ 1825 │ 6462.5 │  0  │ 5.5 │ 10000  │  8000000  │  -75200   │   -51400000   │       │          │     │
│   14    │ 0.8 │ 0.8 │ 0.8 │ 0.8 │ 3000  │ 2400000 │  130600   │  3000   │ 2400000  │ 92960000 │ 1672407600000 │ '2022-12-30T13:40:00.000Z' │ 100 │  0   │  0  │ Infinity │    0     │ 1825 │ 6462.5 │  0  │ 1.6 │  3000  │  2400000  │  -72200   │   -49000000   │       │          │     │
│   15    │ 0.7 │ 0.7 │ 0.7 │ 0.7 │       │         │  132600   │  2000   │ 1400000  │ 94360000 │ 1672411560000 │ '2022-12-30T14:46:00.000Z' │  0  │ 100  │  0  │    0     │ Infinity │ 1825 │ 6462.5 │  0  │     │ -2000  │ -1400000  │  -74200   │   -50400000   │ 2000  │ 1400000  │ 0.3 │
└─────────┴─────┴─────┴─────┴─────┴───────┴─────────┴───────────┴─────────┴──────────┴──────────┴───────────────┴────────────────────────────┴─────┴──────┴─────┴──────────┴──────────┴──────┴────────┴─────┴─────┴────────┴───────────┴───────────┴───────────────┴───────┴──────────┴─────┘

