┌─────────┬───────┬───────┬───────┬───────┬──────┬──────────┬───────────┬─────────┬──────────┬───────────┬───────────────┬────────────────────────────┬──────┬──────┬─────┬──────────┬──────────┬───────┬───────┬─────┬─────┬───────┬───────────┬───────────┬───────────────┬──────┬──────────┬─────┐
│ (index) │   c   │   h   │   l   │   o   │  bu  │  val_bu  │ total_vol │ sum_vol │   val    │ acum_val  │   datetime    │            date            │ pbu  │ psd  │ puk │    bs    │    sb    │  abu  │  asd  │ auk │ rbu │ bu-sd │ bu-sd_val │ acum_busd │ acum_busd_val │  sd  │  val_sd  │ rsd │
├─────────┼───────┼───────┼───────┼───────┼──────┼──────────┼───────────┼─────────┼──────────┼───────────┼───────────────┼────────────────────────────┼──────┼──────┼─────┼──────────┼──────────┼───────┼───────┼─────┼─────┼───────┼───────────┼───────────┼───────────────┼──────┼──────────┼─────┤
│    0    │ 22.6  │ 22.6  │ 22.6  │ 22.6  │ 100  │ 2260000  │    100    │   100   │ 2260000  │  2260000  │ 1672394040000 │ '2022-12-30T09:54:00.000Z' │ 100  │  0   │  0  │ Infinity │    0     │ 411.1 │ 361.1 │  0  │ 0.2 │  100  │  2260000  │    100    │    2260000    │      │          │     │
│    1    │ 22.55 │ 22.55 │ 22.55 │ 22.55 │ 100  │ 2255000  │    200    │   100   │ 2255000  │  4515000  │ 1672394400000 │ '2022-12-30T10:00:00.000Z' │ 100  │  0   │  0  │ Infinity │    0     │ 411.1 │ 361.1 │  0  │ 0.2 │  100  │  2255000  │    200    │    4515000    │      │          │     │
│    2    │ 22.55 │ 22.55 │ 22.55 │ 22.55 │ 500  │ 11275000 │    800    │   600   │ 13530000 │ 18045000  │ 1672394520000 │ '2022-12-30T10:02:00.000Z' │ 83.3 │ 16.7 │  0  │    5     │   0.2    │ 411.1 │ 361.1 │  0  │ 1.2 │  400  │  9020000  │    600    │   13535000    │ 100  │ 2255000  │ 0.3 │
│    3    │ 22.55 │ 22.55 │ 22.55 │ 22.55 │      │          │   1300    │   500   │ 11275000 │ 29320000  │ 1672394760000 │ '2022-12-30T10:06:00.000Z' │  0   │ 100  │  0  │    0     │ Infinity │ 411.1 │ 361.1 │  0  │     │ -500  │ -11275000 │    100    │    2260000    │ 500  │ 11275000 │ 1.4 │
│    4    │ 22.55 │ 22.55 │ 22.55 │ 22.55 │      │          │   1800    │   500   │ 11275000 │ 40595000  │ 1672394880000 │ '2022-12-30T10:08:00.000Z' │  0   │ 100  │  0  │    0     │ Infinity │ 411.1 │ 361.1 │  0  │     │ -500  │ -11275000 │   -400    │   -9015000    │ 500  │ 11275000 │ 1.4 │
│    5    │ 22.55 │ 22.55 │ 22.55 │ 22.55 │      │          │   1900    │   100   │ 2255000  │ 42850000  │ 1672395000000 │ '2022-12-30T10:10:00.000Z' │  0   │ 100  │  0  │    0     │ Infinity │ 411.1 │ 361.1 │  0  │     │ -100  │ -2255000  │   -500    │   -11270000   │ 100  │ 2255000  │ 0.3 │
│    6    │ 22.55 │ 22.55 │ 22.55 │ 22.55 │      │          │   2000    │   100   │ 2255000  │ 45105000  │ 1672395120000 │ '2022-12-30T10:12:00.000Z' │  0   │ 100  │  0  │    0     │ Infinity │ 411.1 │ 361.1 │  0  │     │ -100  │ -2255000  │   -600    │   -13525000   │ 100  │ 2255000  │ 0.3 │
│    7    │ 22.55 │ 22.55 │ 22.5  │ 22.5  │ 3000 │ 67545000 │   5000    │  3000   │ 67545000 │ 112650000 │ 1672396560000 │ '2022-12-30T10:36:00.000Z' │ 100  │  0   │  0  │ Infinity │    0     │ 411.1 │ 361.1 │  0  │ 7.3 │ 3000  │ 67545000  │   2400    │   54020000    │      │          │     │
│    8    │ 22.55 │ 22.55 │ 22.55 │ 22.55 │ 2300 │ 51865000 │   7500    │  2500   │ 56375000 │ 169025000 │ 1672397160000 │ '2022-12-30T10:46:00.000Z' │  92  │  8   │  0  │   11.5   │   0.1    │ 411.1 │ 361.1 │  0  │ 5.6 │ 2100  │ 47355000  │   4500    │   101375000   │ 200  │ 4510000  │ 0.6 │
│    9    │ 22.55 │ 22.55 │ 22.55 │ 22.55 │      │          │   7900    │   400   │ 9020000  │ 178045000 │ 1672397280000 │ '2022-12-30T10:48:00.000Z' │  0   │ 100  │  0  │    0     │ Infinity │ 411.1 │ 361.1 │  0  │     │ -400  │ -9020000  │   4100    │   92355000    │ 400  │ 9020000  │ 1.1 │
│   10    │ 22.55 │ 22.55 │ 22.55 │ 22.55 │      │          │   8000    │   100   │ 2255000  │ 180300000 │ 1672397400000 │ '2022-12-30T10:50:00.000Z' │  0   │ 100  │  0  │    0     │ Infinity │ 411.1 │ 361.1 │  0  │     │ -100  │ -2255000  │   4000    │   90100000    │ 100  │ 2255000  │ 0.3 │
│   11    │ 22.5  │ 22.5  │ 22.5  │ 22.5  │ 300  │ 6750000  │   8300    │   300   │ 6750000  │ 187050000 │ 1672399080000 │ '2022-12-30T11:18:00.000Z' │ 100  │  0   │  0  │ Infinity │    0     │ 411.1 │ 361.1 │  0  │ 0.7 │  300  │  6750000  │   4300    │   96850000    │      │          │     │
│   12    │ 22.3  │ 22.3  │ 22.3  │ 22.3  │      │          │   8400    │   100   │ 2230000  │ 189280000 │ 1672405200000 │ '2022-12-30T13:00:00.000Z' │  0   │ 100  │  0  │    0     │ Infinity │ 411.1 │ 361.1 │  0  │     │ -100  │ -2230000  │   4200    │   94620000    │ 100  │ 2230000  │ 0.3 │
│   13    │ 22.4  │ 22.4  │ 22.4  │ 22.4  │ 1000 │ 22400000 │   9400    │  1000   │ 22400000 │ 211680000 │ 1672408320000 │ '2022-12-30T13:52:00.000Z' │ 100  │  0   │  0  │ Infinity │    0     │ 411.1 │ 361.1 │  0  │ 2.4 │ 1000  │ 22400000  │   5200    │   117020000   │      │          │     │
│   14    │ 22.4  │ 22.4  │ 22.4  │ 22.4  │      │          │   10400   │  1000   │ 22400000 │ 234080000 │ 1672409280000 │ '2022-12-30T14:08:00.000Z' │  0   │ 100  │  0  │    0     │ Infinity │ 411.1 │ 361.1 │  0  │     │ -1000 │ -22400000 │   4200    │   94620000    │ 1000 │ 22400000 │ 2.8 │
│   15    │ 22.3  │ 22.3  │ 22.3  │ 22.3  │      │          │   10800   │   400   │ 8920000  │ 243000000 │ 1672409520000 │ '2022-12-30T14:12:00.000Z' │  0   │ 100  │  0  │    0     │ Infinity │ 411.1 │ 361.1 │  0  │     │ -400  │ -8920000  │   3800    │   85700000    │ 400  │ 8920000  │ 1.1 │
│   16    │ 22.45 │ 22.45 │ 22.45 │ 22.45 │ 100  │ 2245000  │   10900   │   100   │ 2245000  │ 245245000 │ 1672410240000 │ '2022-12-30T14:24:00.000Z' │ 100  │  0   │  0  │ Infinity │    0     │ 411.1 │ 361.1 │  0  │ 0.2 │  100  │  2245000  │   3900    │   87945000    │      │          │     │
│   17    │ 22.3  │ 22.3  │ 22.3  │ 22.3  │      │          │   13900   │  3000   │ 66900000 │ 312145000 │ 1672411440000 │ '2022-12-30T14:44:00.000Z' │  0   │ 100  │  0  │    0     │ Infinity │ 411.1 │ 361.1 │  0  │     │ -3000 │ -66900000 │    900    │   21045000    │ 3000 │ 66900000 │ 8.3 │
└─────────┴───────┴───────┴───────┴───────┴──────┴──────────┴───────────┴─────────┴──────────┴───────────┴───────────────┴────────────────────────────┴──────┴──────┴─────┴──────────┴──────────┴───────┴───────┴─────┴─────┴───────┴───────────┴───────────┴───────────────┴──────┴──────────┴─────┘

