┌─────────┬─────┬─────┬─────┬─────┬───────┬──────────┬───────────┬─────────┬──────────┬──────────┬───────────────┬────────────────────────────┬─────┬─────┬─────┬──────────┬──────────┬────────┬────────┬─────┬─────┬────────┬───────────┬───────────┬───────────────┬───────┬──────────┬──────┐
│ (index) │  c  │  h  │  l  │  o  │  bu   │  val_bu  │ total_vol │ sum_vol │   val    │ acum_val │   datetime    │            date            │ pbu │ psd │ puk │    bs    │    sb    │  abu   │  asd   │ auk │ rbu │ bu-sd  │ bu-sd_val │ acum_busd │ acum_busd_val │  sd   │  val_sd  │ rsd  │
├─────────┼─────┼─────┼─────┼─────┼───────┼──────────┼───────────┼─────────┼──────────┼──────────┼───────────────┼────────────────────────────┼─────┼─────┼─────┼──────────┼──────────┼────────┼────────┼─────┼─────┼────────┼───────────┼───────────┼───────────────┼───────┼──────────┼──────┤
│    0    │ 0.7 │ 0.7 │ 0.7 │ 0.7 │  100  │  70000   │    100    │   100   │  70000   │  70000   │ 1672392000000 │ '2022-12-30T09:20:00.000Z' │ 100 │  0  │  0  │ Infinity │    0     │ 4127.8 │ 1344.4 │  0  │  0  │  100   │   70000   │    100    │     70000     │       │          │      │
│    1    │ 0.6 │ 0.7 │ 0.6 │ 0.7 │  100  │  70000   │    300    │   200   │  130000  │  200000  │ 1672392960000 │ '2022-12-30T09:36:00.000Z' │ 50  │ 50  │  0  │    1     │    1     │ 4127.8 │ 1344.4 │  0  │  0  │   0    │   10000   │    100    │     80000     │  100  │  60000   │ 0.1  │
│    2    │ 0.6 │ 0.6 │ 0.6 │ 0.6 │       │          │   20700   │  20400  │ 12240000 │ 12440000 │ 1672393920000 │ '2022-12-30T09:52:00.000Z' │  0  │ 100 │  0  │    0     │ Infinity │ 4127.8 │ 1344.4 │  0  │     │ -20400 │ -12240000 │  -20300   │   -12160000   │ 20400 │ 12240000 │ 15.2 │
│    3    │ 0.6 │ 0.6 │ 0.6 │ 0.6 │       │          │   22400   │  1700   │ 1020000  │ 13460000 │ 1672395480000 │ '2022-12-30T10:18:00.000Z' │  0  │ 100 │  0  │    0     │ Infinity │ 4127.8 │ 1344.4 │  0  │     │ -1700  │ -1020000  │  -22000   │   -13180000   │ 1700  │ 1020000  │ 1.3  │
│    4    │ 0.6 │ 0.6 │ 0.6 │ 0.6 │ 39000 │ 23400000 │   61400   │  39000  │ 23400000 │ 36860000 │ 1672398000000 │ '2022-12-30T11:00:00.000Z' │ 100 │  0  │  0  │ Infinity │    0     │ 4127.8 │ 1344.4 │  0  │ 9.4 │ 39000  │ 23400000  │   17000   │   10220000    │       │          │      │
│    5    │ 0.6 │ 0.6 │ 0.6 │ 0.6 │ 18900 │ 11340000 │   80300   │  18900  │ 11340000 │ 48200000 │ 1672398360000 │ '2022-12-30T11:06:00.000Z' │ 100 │  0  │  0  │ Infinity │    0     │ 4127.8 │ 1344.4 │  0  │ 4.6 │ 18900  │ 11340000  │   35900   │   21560000    │       │          │      │
│    6    │ 0.6 │ 0.6 │ 0.6 │ 0.6 │ 5100  │ 3060000  │   85400   │  5100   │ 3060000  │ 51260000 │ 1672398600000 │ '2022-12-30T11:10:00.000Z' │ 100 │  0  │  0  │ Infinity │    0     │ 4127.8 │ 1344.4 │  0  │ 1.2 │  5100  │  3060000  │   41000   │   24620000    │       │          │      │
│    7    │ 0.6 │ 0.6 │ 0.6 │ 0.6 │  400  │  240000  │   85800   │   400   │  240000  │ 51500000 │ 1672398720000 │ '2022-12-30T11:12:00.000Z' │ 100 │  0  │  0  │ Infinity │    0     │ 4127.8 │ 1344.4 │  0  │ 0.1 │  400   │  240000   │   41400   │   24860000    │       │          │      │
│    8    │ 0.6 │ 0.6 │ 0.6 │ 0.6 │ 1900  │ 1140000  │   87700   │  1900   │ 1140000  │ 52640000 │ 1672398840000 │ '2022-12-30T11:14:00.000Z' │ 100 │  0  │  0  │ Infinity │    0     │ 4127.8 │ 1344.4 │  0  │ 0.5 │  1900  │  1140000  │   43300   │   26000000    │       │          │      │
│    9    │ 0.6 │ 0.6 │ 0.6 │ 0.6 │ 6000  │ 3600000  │   93700   │  6000   │ 3600000  │ 56240000 │ 1672399080000 │ '2022-12-30T11:18:00.000Z' │ 100 │  0  │  0  │ Infinity │    0     │ 4127.8 │ 1344.4 │  0  │ 1.5 │  6000  │  3600000  │   49300   │   29600000    │       │          │      │
│   10    │ 0.6 │ 0.6 │ 0.6 │ 0.6 │  400  │  240000  │   94100   │   400   │  240000  │ 56480000 │ 1672399200000 │ '2022-12-30T11:20:00.000Z' │ 100 │  0  │  0  │ Infinity │    0     │ 4127.8 │ 1344.4 │  0  │ 0.1 │  400   │  240000   │   49700   │   29840000    │       │          │      │
│   11    │ 0.6 │ 0.6 │ 0.6 │ 0.6 │  100  │  60000   │   94200   │   100   │  60000   │ 56540000 │ 1672399320000 │ '2022-12-30T11:22:00.000Z' │ 100 │  0  │  0  │ Infinity │    0     │ 4127.8 │ 1344.4 │  0  │  0  │  100   │   60000   │   49800   │   29900000    │       │          │      │
│   12    │ 0.6 │ 0.6 │ 0.6 │ 0.6 │ 1300  │  780000  │   96200   │  2000   │ 1200000  │ 57740000 │ 1672399440000 │ '2022-12-30T11:24:00.000Z' │ 65  │ 35  │  0  │   1.9    │   0.5    │ 4127.8 │ 1344.4 │  0  │ 0.3 │  600   │  360000   │   50400   │   30260000    │  700  │  420000  │ 0.5  │
│   13    │ 0.7 │ 0.7 │ 0.7 │ 0.7 │  100  │  70000   │   96300   │   100   │  70000   │ 57810000 │ 1672399560000 │ '2022-12-30T11:26:00.000Z' │ 100 │  0  │  0  │ Infinity │    0     │ 4127.8 │ 1344.4 │  0  │  0  │  100   │   70000   │   50500   │   30330000    │       │          │      │
│   14    │ 0.6 │ 0.6 │ 0.6 │ 0.6 │       │          │   97500   │  1200   │  720000  │ 58530000 │ 1672405800000 │ '2022-12-30T13:10:00.000Z' │  0  │ 100 │  0  │    0     │ Infinity │ 4127.8 │ 1344.4 │  0  │     │ -1200  │  -720000  │   49300   │   29610000    │ 1200  │  720000  │ 0.9  │
│   15    │ 0.7 │ 0.7 │ 0.7 │ 0.7 │  100  │  70000   │   97600   │   100   │  70000   │ 58600000 │ 1672407720000 │ '2022-12-30T13:42:00.000Z' │ 100 │  0  │  0  │ Infinity │    0     │ 4127.8 │ 1344.4 │  0  │  0  │  100   │   70000   │   49400   │   29680000    │       │          │      │
│   16    │ 0.6 │ 0.6 │ 0.6 │ 0.6 │       │          │   97700   │   100   │  60000   │ 58660000 │ 1672407960000 │ '2022-12-30T13:46:00.000Z' │  0  │ 100 │  0  │    0     │ Infinity │ 4127.8 │ 1344.4 │  0  │     │  -100  │  -60000   │   49300   │   29620000    │  100  │  60000   │ 0.1  │
│   17    │ 0.7 │ 0.7 │ 0.7 │ 0.7 │  800  │  560000  │   98500   │   800   │  560000  │ 59220000 │ 1672409880000 │ '2022-12-30T14:18:00.000Z' │ 100 │  0  │  0  │ Infinity │    0     │ 4127.8 │ 1344.4 │  0  │ 0.2 │  800   │  560000   │   50100   │   30180000    │       │          │      │
└─────────┴─────┴─────┴─────┴─────┴───────┴──────────┴───────────┴─────────┴──────────┴──────────┴───────────────┴────────────────────────────┴─────┴─────┴─────┴──────────┴──────────┴────────┴────────┴─────┴─────┴────────┴───────────┴───────────┴───────────────┴───────┴──────────┴──────┘

