┌─────────┬───────┬───────┬───────┬───────┬──────┬──────────┬───────────┬─────────┬──────────┬───────────┬───────────────┬────────────────────────────┬──────┬──────┬─────┬──────────┬──────────┬───────┬───────┬─────┬─────┬───────┬───────────┬───────────┬───────────────┬──────┬──────────┬─────┐
│ (index) │   c   │   h   │   l   │   o   │  sd  │  val_sd  │ total_vol │ sum_vol │   val    │ acum_val  │   datetime    │            date            │ pbu  │ psd  │ puk │    bs    │    sb    │  abu  │  asd  │ auk │ rsd │ bu-sd │ bu-sd_val │ acum_busd │ acum_busd_val │  bu  │  val_bu  │ rbu │
├─────────┼───────┼───────┼───────┼───────┼──────┼──────────┼───────────┼─────────┼──────────┼───────────┼───────────────┼────────────────────────────┼──────┼──────┼─────┼──────────┼──────────┼───────┼───────┼─────┼─────┼───────┼───────────┼───────────┼───────────────┼──────┼──────────┼─────┤
│    0    │ 12.45 │ 12.45 │ 12.45 │ 12.45 │ 700  │ 8715000  │    700    │   700   │ 8715000  │  8715000  │ 1671009300000 │ '2022-12-14T09:15:00.000Z' │  0   │ 100  │  0  │    0     │ Infinity │ 455.6 │ 477.8 │  0  │ 1.5 │ -700  │ -8715000  │   -700    │   -8715000    │      │          │     │
│    1    │ 12.45 │ 12.45 │ 12.45 │ 12.45 │ 100  │ 1245000  │    800    │   100   │ 1245000  │  9960000  │ 1671009900000 │ '2022-12-14T09:25:00.000Z' │  0   │ 100  │  0  │    0     │ Infinity │ 455.6 │ 477.8 │  0  │ 0.2 │ -100  │ -1245000  │   -800    │   -9960000    │      │          │     │
│    2    │ 12.45 │ 12.45 │ 12.45 │ 12.45 │      │          │    900    │   100   │ 1245000  │ 11205000  │ 1671010200000 │ '2022-12-14T09:30:00.000Z' │ 100  │  0   │  0  │ Infinity │    0     │ 455.6 │ 477.8 │  0  │     │  100  │  1245000  │   -700    │   -8715000    │ 100  │ 1245000  │ 0.2 │
│    3    │ 12.4  │ 12.5  │ 12.4  │ 12.5  │ 500  │ 6200000  │   1500    │   600   │ 7450000  │ 18655000  │ 1671011700000 │ '2022-12-14T09:55:00.000Z' │ 16.7 │ 83.3 │  0  │   0.2    │    5     │ 455.6 │ 477.8 │  0  │  1  │ -400  │ -4950000  │   -1100   │   -13665000   │ 100  │ 1250000  │ 0.2 │
│    4    │ 12.4  │ 12.4  │ 12.4  │ 12.4  │      │          │   2900    │  1400   │ 17360000 │ 36015000  │ 1671012900000 │ '2022-12-14T10:15:00.000Z' │ 100  │  0   │  0  │ Infinity │    0     │ 455.6 │ 477.8 │  0  │     │ 1400  │ 17360000  │    300    │    3695000    │ 1400 │ 17360000 │ 3.1 │
│    5    │ 12.4  │ 12.4  │ 12.4  │ 12.4  │      │          │   3900    │  1000   │ 12400000 │ 48415000  │ 1671013800000 │ '2022-12-14T10:30:00.000Z' │ 100  │  0   │  0  │ Infinity │    0     │ 455.6 │ 477.8 │  0  │     │ 1000  │ 12400000  │   1300    │   16095000    │ 1000 │ 12400000 │ 2.2 │
│    6    │ 12.4  │ 12.4  │ 12.4  │ 12.4  │      │          │   4900    │  1000   │ 12400000 │ 60815000  │ 1671015300000 │ '2022-12-14T10:55:00.000Z' │ 100  │  0   │  0  │ Infinity │    0     │ 455.6 │ 477.8 │  0  │     │ 1000  │ 12400000  │   2300    │   28495000    │ 1000 │ 12400000 │ 2.2 │
│    7    │ 12.4  │ 12.4  │ 12.4  │ 12.4  │      │          │   5500    │   600   │ 7440000  │ 68255000  │ 1671015900000 │ '2022-12-14T11:05:00.000Z' │ 100  │  0   │  0  │ Infinity │    0     │ 455.6 │ 477.8 │  0  │     │  600  │  7440000  │   2900    │   35935000    │ 600  │ 7440000  │ 1.3 │
│    8    │ 12.4  │ 12.4  │ 12.4  │ 12.4  │      │          │   5900    │   400   │ 4960000  │ 73215000  │ 1671016500000 │ '2022-12-14T11:15:00.000Z' │ 100  │  0   │  0  │ Infinity │    0     │ 455.6 │ 477.8 │  0  │     │  400  │  4960000  │   3300    │   40895000    │ 400  │ 4960000  │ 0.9 │
│    9    │ 12.25 │ 12.3  │ 12.25 │ 12.3  │ 600  │ 7365000  │   6500    │   600   │ 7365000  │ 80580000  │ 1671023100000 │ '2022-12-14T13:05:00.000Z' │  0   │ 100  │  0  │    0     │ Infinity │ 455.6 │ 477.8 │  0  │ 1.3 │ -600  │ -7365000  │   2700    │   33530000    │      │          │     │
│   10    │ 12.4  │ 12.4  │ 12.4  │ 12.4  │      │          │   6600    │   100   │ 1240000  │ 81820000  │ 1671025200000 │ '2022-12-14T13:40:00.000Z' │ 100  │  0   │  0  │ Infinity │    0     │ 455.6 │ 477.8 │  0  │     │  100  │  1240000  │   2800    │   34770000    │ 100  │ 1240000  │ 0.2 │
│   11    │ 12.4  │ 12.4  │ 12.4  │ 12.4  │      │          │   7000    │   400   │ 4960000  │ 86780000  │ 1671025500000 │ '2022-12-14T13:45:00.000Z' │ 100  │  0   │  0  │ Infinity │    0     │ 455.6 │ 477.8 │  0  │     │  400  │  4960000  │   3200    │   39730000    │ 400  │ 4960000  │ 0.9 │
│   12    │ 12.3  │ 12.3  │ 12.3  │ 12.3  │ 3000 │ 36900000 │   10000   │  3000   │ 36900000 │ 123680000 │ 1671026400000 │ '2022-12-14T14:00:00.000Z' │  0   │ 100  │  0  │    0     │ Infinity │ 455.6 │ 477.8 │  0  │ 6.3 │ -3000 │ -36900000 │    200    │    2830000    │      │          │     │
│   13    │ 12.3  │ 12.3  │ 12.3  │ 12.3  │      │          │   10700   │   700   │ 8610000  │ 132290000 │ 1671026700000 │ '2022-12-14T14:05:00.000Z' │ 100  │  0   │  0  │ Infinity │    0     │ 455.6 │ 477.8 │  0  │     │  700  │  8610000  │    900    │   11440000    │ 700  │ 8610000  │ 1.5 │
│   14    │ 12.25 │ 12.3  │ 12.25 │ 12.3  │ 2000 │ 24550000 │   12700   │  2000   │ 24550000 │ 156840000 │ 1671027000000 │ '2022-12-14T14:10:00.000Z' │  0   │ 100  │  0  │    0     │ Infinity │ 455.6 │ 477.8 │  0  │ 4.2 │ -2000 │ -24550000 │   -1100   │   -13110000   │      │          │     │
│   15    │ 12.3  │ 12.3  │ 12.3  │ 12.3  │      │          │   13300   │   600   │ 7380000  │ 164220000 │ 1671027300000 │ '2022-12-14T14:15:00.000Z' │ 100  │  0   │  0  │ Infinity │    0     │ 455.6 │ 477.8 │  0  │     │  600  │  7380000  │   -500    │   -5730000    │ 600  │ 7380000  │ 1.3 │
│   16    │ 12.3  │ 12.3  │ 12.25 │ 12.25 │ 100  │ 1225000  │   15200   │  1900   │ 23345000 │ 187565000 │ 1671027600000 │ '2022-12-14T14:20:00.000Z' │ 94.7 │ 5.3  │  0  │    18    │   0.1    │ 455.6 │ 477.8 │  0  │ 0.2 │ 1700  │ 20895000  │   1200    │   15165000    │ 1800 │ 22120000 │  4  │
│   17    │ 12.25 │ 12.25 │ 12.25 │ 12.25 │ 1600 │ 19600000 │   16800   │  1600   │ 19600000 │ 207165000 │ 1671029100000 │ '2022-12-14T14:45:00.000Z' │  0   │ 100  │  0  │    0     │ Infinity │ 455.6 │ 477.8 │  0  │ 3.3 │ -1600 │ -19600000 │   -400    │   -4435000    │      │          │     │
└─────────┴───────┴───────┴───────┴───────┴──────┴──────────┴───────────┴─────────┴──────────┴───────────┴───────────────┴────────────────────────────┴──────┴──────┴─────┴──────────┴──────────┴───────┴───────┴─────┴─────┴───────┴───────────┴───────────┴───────────────┴──────┴──────────┴─────┘

