┌─────────┬──────┬──────┬──────┬──────┬──────┬──────────┬───────────┬─────────┬───────────┬────────────┬───────────────┬────────────────────────────┬──────┬──────┬─────┬──────────┬──────────┬──────┬───────┬─────┬─────┬───────┬───────────┬───────────┬───────────────┬──────┬───────────┬─────┐
│ (index) │  c   │  h   │  l   │  o   │  sd  │  val_sd  │ total_vol │ sum_vol │    val    │  acum_val  │   datetime    │            date            │ pbu  │ psd  │ puk │    bs    │    sb    │ abu  │  asd  │ auk │ rsd │ bu-sd │ bu-sd_val │ acum_busd │ acum_busd_val │  bu  │  val_bu   │ rbu │
├─────────┼──────┼──────┼──────┼──────┼──────┼──────────┼───────────┼─────────┼───────────┼────────────┼───────────────┼────────────────────────────┼──────┼──────┼─────┼──────────┼──────────┼──────┼───────┼─────┼─────┼───────┼───────────┼───────────┼───────────────┼──────┼───────────┼─────┤
│    0    │ 13.6 │ 13.6 │ 13.6 │ 13.6 │ 1000 │ 13600000 │   1000    │  1000   │ 13600000  │  13600000  │ 1671009000000 │ '2022-12-14T09:10:00.000Z' │  0   │ 100  │  0  │    0     │ Infinity │ 1100 │ 723.5 │  0  │ 1.4 │ -1000 │ -13600000 │   -1000   │   -13600000   │      │           │     │
│    1    │ 13.6 │ 13.6 │ 13.6 │ 13.6 │ 100  │ 1360000  │   1100    │   100   │  1360000  │  14960000  │ 1671009120000 │ '2022-12-14T09:12:00.000Z' │  0   │ 100  │  0  │    0     │ Infinity │ 1100 │ 723.5 │  0  │ 0.1 │ -100  │ -1360000  │   -1100   │   -14960000   │      │           │     │
│    2    │ 13.8 │ 13.8 │ 13.8 │ 13.8 │ 300  │ 4140000  │   2300    │  1200   │ 16560000  │  31520000  │ 1671009240000 │ '2022-12-14T09:14:00.000Z' │  75  │  25  │  0  │    3     │   0.3    │ 1100 │ 723.5 │  0  │ 0.4 │  600  │  8280000  │   -500    │   -6680000    │ 900  │ 12420000  │ 0.8 │
│    3    │ 13.8 │ 13.8 │ 13.8 │ 13.8 │ 3500 │ 48300000 │   5800    │  3500   │ 48300000  │  79820000  │ 1671009480000 │ '2022-12-14T09:18:00.000Z' │  0   │ 100  │  0  │    0     │ Infinity │ 1100 │ 723.5 │  0  │ 4.8 │ -3500 │ -48300000 │   -4000   │   -54980000   │      │           │     │
│    4    │ 13.8 │ 13.8 │ 13.8 │ 13.8 │ 2100 │ 28980000 │   7900    │  2100   │ 28980000  │ 108800000  │ 1671009720000 │ '2022-12-14T09:22:00.000Z' │  0   │ 100  │  0  │    0     │ Infinity │ 1100 │ 723.5 │  0  │ 2.9 │ -2100 │ -28980000 │   -6100   │   -83960000   │      │           │     │
│    5    │ 13.8 │ 13.8 │ 13.8 │ 13.8 │      │          │   11300   │  3400   │ 46920000  │ 155720000  │ 1671009840000 │ '2022-12-14T09:24:00.000Z' │ 100  │  0   │  0  │ Infinity │    0     │ 1100 │ 723.5 │  0  │     │ 3400  │ 46920000  │   -2700   │   -37040000   │ 3400 │ 46920000  │ 3.1 │
│    6    │ 13.8 │ 13.8 │ 13.8 │ 13.8 │      │          │   12300   │  1000   │ 13800000  │ 169520000  │ 1671010440000 │ '2022-12-14T09:34:00.000Z' │ 100  │  0   │  0  │ Infinity │    0     │ 1100 │ 723.5 │  0  │     │ 1000  │ 13800000  │   -1700   │   -23240000   │ 1000 │ 13800000  │ 0.9 │
│    7    │ 13.8 │ 13.8 │ 13.8 │ 13.8 │      │          │   12600   │   300   │  4140000  │ 173660000  │ 1671010560000 │ '2022-12-14T09:36:00.000Z' │ 100  │  0   │  0  │ Infinity │    0     │ 1100 │ 723.5 │  0  │     │  300  │  4140000  │   -1400   │   -19100000   │ 300  │  4140000  │ 0.3 │
│    8    │ 13.8 │ 13.8 │ 13.8 │ 13.8 │      │          │   12900   │   300   │  4140000  │ 177800000  │ 1671010680000 │ '2022-12-14T09:38:00.000Z' │ 100  │  0   │  0  │ Infinity │    0     │ 1100 │ 723.5 │  0  │     │  300  │  4140000  │   -1100   │   -14960000   │ 300  │  4140000  │ 0.3 │
│    9    │ 13.6 │ 13.6 │ 13.6 │ 13.6 │ 2200 │ 29920000 │   15100   │  2200   │ 29920000  │ 207720000  │ 1671010920000 │ '2022-12-14T09:42:00.000Z' │  0   │ 100  │  0  │    0     │ Infinity │ 1100 │ 723.5 │  0  │  3  │ -2200 │ -29920000 │   -3300   │   -44880000   │      │           │     │
│   10    │ 13.6 │ 13.6 │ 13.6 │ 13.6 │ 1600 │ 21760000 │   16700   │  1600   │ 21760000  │ 229480000  │ 1671011040000 │ '2022-12-14T09:44:00.000Z' │  0   │ 100  │  0  │    0     │ Infinity │ 1100 │ 723.5 │  0  │ 2.2 │ -1600 │ -21760000 │   -4900   │   -66640000   │      │           │     │
│   11    │ 13.6 │ 13.6 │ 13.6 │ 13.6 │ 100  │ 1360000  │   16800   │   100   │  1360000  │ 230840000  │ 1671011520000 │ '2022-12-14T09:52:00.000Z' │  0   │ 100  │  0  │    0     │ Infinity │ 1100 │ 723.5 │  0  │ 0.1 │ -100  │ -1360000  │   -5000   │   -68000000   │      │           │     │
│   12    │ 13.6 │ 13.6 │ 13.6 │ 13.6 │      │          │   17300   │   500   │  6800000  │ 237640000  │ 1671011760000 │ '2022-12-14T09:56:00.000Z' │ 100  │  0   │  0  │ Infinity │    0     │ 1100 │ 723.5 │  0  │     │  500  │  6800000  │   -4500   │   -61200000   │ 500  │  6800000  │ 0.5 │
│   13    │ 13.7 │ 13.7 │ 13.6 │ 13.6 │ 200  │ 2740000  │   23900   │  6600   │ 90280000  │ 327920000  │ 1671011880000 │ '2022-12-14T09:58:00.000Z' │  97  │  3   │  0  │    32    │    0     │ 1100 │ 723.5 │  0  │ 0.3 │ 6200  │ 84800000  │   1700    │   23600000    │ 6400 │ 87540000  │ 5.8 │
│   14    │ 13.7 │ 13.7 │ 13.7 │ 13.7 │ 200  │ 2740000  │   24100   │   200   │  2740000  │ 330660000  │ 1671012000000 │ '2022-12-14T10:00:00.000Z' │  0   │ 100  │  0  │    0     │ Infinity │ 1100 │ 723.5 │  0  │ 0.3 │ -200  │ -2740000  │   1500    │   20860000    │      │           │     │
│   15    │ 13.7 │ 13.7 │ 13.7 │ 13.7 │ 100  │ 1370000  │   24200   │   100   │  1370000  │ 332030000  │ 1671012120000 │ '2022-12-14T10:02:00.000Z' │  0   │ 100  │  0  │    0     │ Infinity │ 1100 │ 723.5 │  0  │ 0.1 │ -100  │ -1370000  │   1400    │   19490000    │      │           │     │
│   16    │ 13.7 │ 13.7 │ 13.7 │ 13.7 │      │          │   24400   │   200   │  2740000  │ 334770000  │ 1671012360000 │ '2022-12-14T10:06:00.000Z' │ 100  │  0   │  0  │ Infinity │    0     │ 1100 │ 723.5 │  0  │     │  200  │  2740000  │   1600    │   22230000    │ 200  │  2740000  │ 0.2 │
│   17    │ 13.7 │ 13.7 │ 13.7 │ 13.7 │      │          │   25200   │   800   │ 10960000  │ 345730000  │ 1671012480000 │ '2022-12-14T10:08:00.000Z' │ 100  │  0   │  0  │ Infinity │    0     │ 1100 │ 723.5 │  0  │     │  800  │ 10960000  │   2400    │   33190000    │ 800  │ 10960000  │ 0.7 │
│   18    │ 13.7 │ 13.7 │ 13.7 │ 13.7 │ 2200 │ 30140000 │   27400   │  2200   │ 30140000  │ 375870000  │ 1671012600000 │ '2022-12-14T10:10:00.000Z' │  0   │ 100  │  0  │    0     │ Infinity │ 1100 │ 723.5 │  0  │  3  │ -2200 │ -30140000 │    200    │    3050000    │      │           │     │
│   19    │ 13.6 │ 13.6 │ 13.6 │ 13.6 │ 1500 │ 20400000 │   28900   │  1500   │ 20400000  │ 396270000  │ 1671013080000 │ '2022-12-14T10:18:00.000Z' │  0   │ 100  │  0  │    0     │ Infinity │ 1100 │ 723.5 │  0  │ 2.1 │ -1500 │ -20400000 │   -1300   │   -17350000   │      │           │     │
│   20    │ 13.6 │ 13.6 │ 13.6 │ 13.6 │ 1500 │ 20400000 │   30400   │  1500   │ 20400000  │ 416670000  │ 1671013200000 │ '2022-12-14T10:20:00.000Z' │  0   │ 100  │  0  │    0     │ Infinity │ 1100 │ 723.5 │  0  │ 2.1 │ -1500 │ -20400000 │   -2800   │   -37750000   │      │           │     │
├─────────┼──────┼──────┼──────┼──────┼──────┼──────────┼───────────┼─────────┼───────────┼────────────┼───────────────┼────────────────────────────┼──────┼──────┼─────┼──────────┼──────────┼──────┼───────┼─────┼─────┼───────┼───────────┼───────────┼───────────────┼──────┼───────────┼─────┤
│ (index) │  c   │  h   │  l   │  o   │  sd  │  val_sd  │ total_vol │ sum_vol │    val    │  acum_val  │   datetime    │            date            │ pbu  │ psd  │ puk │    bs    │    sb    │ abu  │  asd  │ auk │ rsd │ bu-sd │ bu-sd_val │ acum_busd │ acum_busd_val │  bu  │  val_bu   │ rbu │
├─────────┼──────┼──────┼──────┼──────┼──────┼──────────┼───────────┼─────────┼───────────┼────────────┼───────────────┼────────────────────────────┼──────┼──────┼─────┼──────────┼──────────┼──────┼───────┼─────┼─────┼───────┼───────────┼───────────┼───────────────┼──────┼───────────┼─────┤
│   21    │ 13.6 │ 13.6 │ 13.6 │ 13.6 │ 1000 │ 13600000 │   31600   │  1200   │ 16320000  │ 432990000  │ 1671014880000 │ '2022-12-14T10:48:00.000Z' │ 16.7 │ 83.3 │  0  │   0.2    │    5     │ 1100 │ 723.5 │  0  │ 1.4 │ -800  │ -10880000 │   -3600   │   -48630000   │ 200  │  2720000  │ 0.2 │
│   22    │ 13.6 │ 13.6 │ 13.6 │ 13.6 │      │          │   32100   │   500   │  6800000  │ 439790000  │ 1671015120000 │ '2022-12-14T10:52:00.000Z' │ 100  │  0   │  0  │ Infinity │    0     │ 1100 │ 723.5 │  0  │     │  500  │  6800000  │   -3100   │   -41830000   │ 500  │  6800000  │ 0.5 │
│   23    │ 13.7 │ 13.7 │ 13.7 │ 13.7 │      │          │   35200   │  3100   │ 42470000  │ 482260000  │ 1671016440000 │ '2022-12-14T11:14:00.000Z' │ 100  │  0   │  0  │ Infinity │    0     │ 1100 │ 723.5 │  0  │     │ 3100  │ 42470000  │     0     │    640000     │ 3100 │ 42470000  │ 2.8 │
│   24    │ 13.7 │ 13.7 │ 13.7 │ 13.7 │      │          │   41700   │  6500   │ 89050000  │ 571310000  │ 1671016800000 │ '2022-12-14T11:20:00.000Z' │ 100  │  0   │  0  │ Infinity │    0     │ 1100 │ 723.5 │  0  │     │ 6500  │ 89050000  │   6500    │   89690000    │ 6500 │ 89050000  │ 5.9 │
│   25    │ 13.7 │ 13.7 │ 13.7 │ 13.7 │      │          │   43300   │  1600   │ 21920000  │ 593230000  │ 1671017280000 │ '2022-12-14T11:28:00.000Z' │ 100  │  0   │  0  │ Infinity │    0     │ 1100 │ 723.5 │  0  │     │ 1600  │ 21920000  │   8100    │   111610000   │ 1600 │ 21920000  │ 1.5 │
│   26    │ 13.7 │ 13.7 │ 13.7 │ 13.7 │ 1500 │ 20550000 │   45600   │  2300   │ 31510000  │ 624740000  │ 1671022800000 │ '2022-12-14T13:00:00.000Z' │ 34.8 │ 65.2 │  0  │   0.5    │   1.9    │ 1100 │ 723.5 │  0  │ 2.1 │ -700  │ -9590000  │   7400    │   102020000   │ 800  │ 10960000  │ 0.7 │
│   27    │ 13.6 │ 13.6 │ 13.6 │ 13.6 │      │          │   54200   │  8600   │ 116960000 │ 741700000  │ 1671022920000 │ '2022-12-14T13:02:00.000Z' │ 100  │  0   │  0  │ Infinity │    0     │ 1100 │ 723.5 │  0  │     │ 8600  │ 116960000 │   16000   │   218980000   │ 8600 │ 116960000 │ 7.8 │
│   28    │ 13.5 │ 13.5 │ 13.5 │ 13.5 │ 100  │ 1350000  │   54300   │   100   │  1350000  │ 743050000  │ 1671023400000 │ '2022-12-14T13:10:00.000Z' │  0   │ 100  │  0  │    0     │ Infinity │ 1100 │ 723.5 │  0  │ 0.1 │ -100  │ -1350000  │   15900   │   217630000   │      │           │     │
│   29    │ 13.5 │ 13.5 │ 13.5 │ 13.5 │ 1900 │ 25650000 │   56200   │  1900   │ 25650000  │ 768700000  │ 1671023520000 │ '2022-12-14T13:12:00.000Z' │  0   │ 100  │  0  │    0     │ Infinity │ 1100 │ 723.5 │  0  │ 2.6 │ -1900 │ -25650000 │   14000   │   191980000   │      │           │     │
│   30    │ 13.6 │ 13.6 │ 13.6 │ 13.6 │      │          │   60500   │  4300   │ 58480000  │ 827180000  │ 1671023640000 │ '2022-12-14T13:14:00.000Z' │ 100  │  0   │  0  │ Infinity │    0     │ 1100 │ 723.5 │  0  │     │ 4300  │ 58480000  │   18300   │   250460000   │ 4300 │ 58480000  │ 3.9 │
│   31    │ 13.6 │ 13.6 │ 13.6 │ 13.6 │      │          │   61300   │   800   │ 10880000  │ 838060000  │ 1671023760000 │ '2022-12-14T13:16:00.000Z' │ 100  │  0   │  0  │ Infinity │    0     │ 1100 │ 723.5 │  0  │     │  800  │ 10880000  │   19100   │   261340000   │ 800  │ 10880000  │ 0.7 │
│   32    │ 13.6 │ 13.6 │ 13.6 │ 13.6 │      │          │   61400   │   100   │  1360000  │ 839420000  │ 1671023880000 │ '2022-12-14T13:18:00.000Z' │ 100  │  0   │  0  │ Infinity │    0     │ 1100 │ 723.5 │  0  │     │  100  │  1360000  │   19200   │   262700000   │ 100  │  1360000  │ 0.1 │
│   33    │ 13.6 │ 13.6 │ 13.6 │ 13.6 │      │          │   62800   │  1400   │ 19040000  │ 858460000  │ 1671024360000 │ '2022-12-14T13:26:00.000Z' │ 100  │  0   │  0  │ Infinity │    0     │ 1100 │ 723.5 │  0  │     │ 1400  │ 19040000  │   20600   │   281740000   │ 1400 │ 19040000  │ 1.3 │
│   34    │ 13.6 │ 13.6 │ 13.6 │ 13.6 │      │          │   67100   │  4300   │ 58480000  │ 916940000  │ 1671024480000 │ '2022-12-14T13:28:00.000Z' │ 100  │  0   │  0  │ Infinity │    0     │ 1100 │ 723.5 │  0  │     │ 4300  │ 58480000  │   24900   │   340220000   │ 4300 │ 58480000  │ 3.9 │
│   35    │ 13.6 │ 13.6 │ 13.6 │ 13.6 │ 4500 │ 61200000 │   72100   │  5000   │ 68000000  │ 984940000  │ 1671024840000 │ '2022-12-14T13:34:00.000Z' │  10  │  90  │  0  │   0.1    │    9     │ 1100 │ 723.5 │  0  │ 6.2 │ -4000 │ -54400000 │   20900   │   285820000   │ 500  │  6800000  │ 0.5 │
│   36    │ 13.6 │ 13.6 │ 13.6 │ 13.6 │      │          │   72200   │   100   │  1360000  │ 986300000  │ 1671025080000 │ '2022-12-14T13:38:00.000Z' │ 100  │  0   │  0  │ Infinity │    0     │ 1100 │ 723.5 │  0  │     │  100  │  1360000  │   21000   │   287180000   │ 100  │  1360000  │ 0.1 │
│   37    │ 13.6 │ 13.6 │ 13.6 │ 13.6 │      │          │   72300   │   100   │  1360000  │ 987660000  │ 1671025560000 │ '2022-12-14T13:46:00.000Z' │ 100  │  0   │  0  │ Infinity │    0     │ 1100 │ 723.5 │  0  │     │  100  │  1360000  │   21100   │   288540000   │ 100  │  1360000  │ 0.1 │
│   38    │ 13.5 │ 13.5 │ 13.5 │ 13.5 │ 1000 │ 13500000 │   73300   │  1000   │ 13500000  │ 1001160000 │ 1671026160000 │ '2022-12-14T13:56:00.000Z' │  0   │ 100  │  0  │    0     │ Infinity │ 1100 │ 723.5 │  0  │ 1.4 │ -1000 │ -13500000 │   20100   │   275040000   │      │           │     │
│   39    │ 13.5 │ 13.5 │ 13.5 │ 13.5 │ 3400 │ 45900000 │   76700   │  3400   │ 45900000  │ 1047060000 │ 1671026400000 │ '2022-12-14T14:00:00.000Z' │  0   │ 100  │  0  │    0     │ Infinity │ 1100 │ 723.5 │  0  │ 4.7 │ -3400 │ -45900000 │   16700   │   229140000   │      │           │     │
│   40    │ 13.5 │ 13.5 │ 13.5 │ 13.5 │      │          │   79400   │  2700   │ 36450000  │ 1083510000 │ 1671026520000 │ '2022-12-14T14:02:00.000Z' │ 100  │  0   │  0  │ Infinity │    0     │ 1100 │ 723.5 │  0  │     │ 2700  │ 36450000  │   19400   │   265590000   │ 2700 │ 36450000  │ 2.5 │
├─────────┼──────┼──────┼──────┼──────┼──────┼──────────┼───────────┼─────────┼───────────┼────────────┼───────────────┼────────────────────────────┼──────┼──────┼─────┼──────────┼──────────┼──────┼───────┼─────┼─────┼───────┼───────────┼───────────┼───────────────┼──────┼───────────┼─────┤
│ (index) │  c   │  h   │  l   │  o   │  sd  │  val_sd  │ total_vol │ sum_vol │    val    │  acum_val  │   datetime    │            date            │ pbu  │ psd  │ puk │    bs    │    sb    │ abu  │  asd  │ auk │ rsd │ bu-sd │ bu-sd_val │ acum_busd │ acum_busd_val │  bu  │  val_bu   │ rbu │
├─────────┼──────┼──────┼──────┼──────┼──────┼──────────┼───────────┼─────────┼───────────┼────────────┼───────────────┼────────────────────────────┼──────┼──────┼─────┼──────────┼──────────┼──────┼───────┼─────┼─────┼───────┼───────────┼───────────┼───────────────┼──────┼───────────┼─────┤
│   41    │ 13.4 │ 13.5 │ 13.4 │ 13.5 │ 100  │ 1340000  │   81500   │  2100   │ 28340000  │ 1111850000 │ 1671026640000 │ '2022-12-14T14:04:00.000Z' │ 95.2 │ 4.8  │  0  │    20    │   0.1    │ 1100 │ 723.5 │  0  │ 0.1 │ 1900  │ 25660000  │   21300   │   291250000   │ 2000 │ 27000000  │ 1.8 │
│   42    │ 13.5 │ 13.5 │ 13.5 │ 13.5 │      │          │   82500   │  1000   │ 13500000  │ 1125350000 │ 1671026760000 │ '2022-12-14T14:06:00.000Z' │ 100  │  0   │  0  │ Infinity │    0     │ 1100 │ 723.5 │  0  │     │ 1000  │ 13500000  │   22300   │   304750000   │ 1000 │ 13500000  │ 0.9 │
│   43    │ 13.6 │ 13.6 │ 13.6 │ 13.6 │ 6100 │ 82960000 │   88600   │  6100   │ 82960000  │ 1208310000 │ 1671026880000 │ '2022-12-14T14:08:00.000Z' │  0   │ 100  │  0  │    0     │ Infinity │ 1100 │ 723.5 │  0  │ 8.4 │ -6100 │ -82960000 │   16200   │   221790000   │      │           │     │
│   44    │ 13.6 │ 13.6 │ 13.6 │ 13.6 │      │          │   89000   │   400   │  5440000  │ 1213750000 │ 1671027120000 │ '2022-12-14T14:12:00.000Z' │ 100  │  0   │  0  │ Infinity │    0     │ 1100 │ 723.5 │  0  │     │  400  │  5440000  │   16600   │   227230000   │ 400  │  5440000  │ 0.4 │
│   45    │ 13.5 │ 13.5 │ 13.5 │ 13.5 │ 200  │ 2700000  │   89200   │   200   │  2700000  │ 1216450000 │ 1671027240000 │ '2022-12-14T14:14:00.000Z' │  0   │ 100  │  0  │    0     │ Infinity │ 1100 │ 723.5 │  0  │ 0.3 │ -200  │ -2700000  │   16400   │   224530000   │      │           │     │
│   46    │ 13.5 │ 13.5 │ 13.5 │ 13.5 │ 500  │ 6750000  │   89700   │   500   │  6750000  │ 1223200000 │ 1671027720000 │ '2022-12-14T14:22:00.000Z' │  0   │ 100  │  0  │    0     │ Infinity │ 1100 │ 723.5 │  0  │ 0.7 │ -500  │ -6750000  │   15900   │   217780000   │      │           │     │
│   47    │ 13.6 │ 13.6 │ 13.6 │ 13.6 │      │          │   89900   │   200   │  2720000  │ 1225920000 │ 1671027840000 │ '2022-12-14T14:24:00.000Z' │ 100  │  0   │  0  │ Infinity │    0     │ 1100 │ 723.5 │  0  │     │  200  │  2720000  │   16100   │   220500000   │ 200  │  2720000  │ 0.2 │
│   48    │ 13.6 │ 13.6 │ 13.6 │ 13.6 │      │          │   90100   │   200   │  2720000  │ 1228640000 │ 1671027960000 │ '2022-12-14T14:26:00.000Z' │ 100  │  0   │  0  │ Infinity │    0     │ 1100 │ 723.5 │  0  │     │  200  │  2720000  │   16300   │   223220000   │ 200  │  2720000  │ 0.2 │
│   49    │ 13.6 │ 13.6 │ 13.6 │ 13.6 │      │          │   90600   │   500   │  6800000  │ 1235440000 │ 1671028080000 │ '2022-12-14T14:28:00.000Z' │ 100  │  0   │  0  │ Infinity │    0     │ 1100 │ 723.5 │  0  │     │  500  │  6800000  │   16800   │   230020000   │ 500  │  6800000  │ 0.5 │
│   50    │ 13.7 │ 13.7 │ 13.7 │ 13.7 │      │          │   93000   │  2400   │ 32880000  │ 1268320000 │ 1671029040000 │ '2022-12-14T14:44:00.000Z' │ 100  │  0   │  0  │ Infinity │    0     │ 1100 │ 723.5 │  0  │     │ 2400  │ 32880000  │   19200   │   262900000   │ 2400 │ 32880000  │ 2.2 │
└─────────┴──────┴──────┴──────┴──────┴──────┴──────────┴───────────┴─────────┴───────────┴────────────┴───────────────┴────────────────────────────┴──────┴──────┴─────┴──────────┴──────────┴──────┴───────┴─────┴─────┴───────┴───────────┴───────────┴───────────────┴──────┴───────────┴─────┘

