┌─────────┬─────┬─────┬─────┬─────┬───────┬──────────┬───────────┬─────────┬──────────┬───────────┬───────┬──────────┬───────────────┬────────────────────────────┬──────┬──────┬─────┬──────────┬──────────┬──────┬────────┬─────┬─────┬─────┬────────┬───────────┬───────────┬───────────────┐
│ (index) │  c  │  h  │  l  │  o  │  bu   │  val_bu  │ total_vol │ sum_vol │   val    │ acum_val  │  sd   │  val_sd  │   datetime    │            date            │ pbu  │ psd  │ puk │    bs    │    sb    │ abu  │  asd   │ auk │ rsd │ rbu │ bu-sd  │ bu-sd_val │ acum_busd │ acum_busd_val │
├─────────┼─────┼─────┼─────┼─────┼───────┼──────────┼───────────┼─────────┼──────────┼───────────┼───────┼──────────┼───────────────┼────────────────────────────┼──────┼──────┼─────┼──────────┼──────────┼──────┼────────┼─────┼─────┼─────┼────────┼───────────┼───────────┼───────────────┤
│    0    │ 1.8 │ 1.9 │ 1.8 │ 1.8 │ 11800 │ 22240000 │   14800   │  14800  │ 27640000 │ 27640000  │ 3000  │ 5400000  │ 1671008400000 │ '2022-12-14T09:00:00.000Z' │ 79.7 │ 20.3 │  0  │   3.9    │   0.3    │ 1600 │ 6218.8 │  0  │ 0.5 │ 7.4 │  8800  │ 16840000  │   8800    │   16840000    │
│    1    │ 1.9 │ 1.9 │ 1.8 │ 1.8 │  300  │  570000  │   16200   │  1400   │ 2550000  │ 30190000  │ 1100  │ 1980000  │ 1671008700000 │ '2022-12-14T09:05:00.000Z' │ 21.4 │ 78.6 │  0  │   0.3    │   3.7    │ 1600 │ 6218.8 │  0  │ 0.2 │ 0.2 │  -800  │ -1410000  │   8000    │   15430000    │
│    2    │ 1.9 │ 1.9 │ 1.9 │ 1.9 │  100  │  190000  │   16300   │   100   │  190000  │ 30380000  │       │          │ 1671009000000 │ '2022-12-14T09:10:00.000Z' │ 100  │  0   │  0  │ Infinity │    0     │ 1600 │ 6218.8 │  0  │     │ 0.1 │  100   │  190000   │   8100    │   15620000    │
│    3    │ 1.9 │ 1.9 │ 1.9 │ 1.9 │  400  │  760000  │   16700   │   400   │  760000  │ 31140000  │       │          │ 1671009300000 │ '2022-12-14T09:15:00.000Z' │ 100  │  0   │  0  │ Infinity │    0     │ 1600 │ 6218.8 │  0  │     │ 0.3 │  400   │  760000   │   8500    │   16380000    │
│    4    │ 1.9 │ 1.9 │ 1.9 │ 1.9 │  200  │  380000  │   16900   │   200   │  380000  │ 31520000  │       │          │ 1671009600000 │ '2022-12-14T09:20:00.000Z' │ 100  │  0   │  0  │ Infinity │    0     │ 1600 │ 6218.8 │  0  │     │ 0.1 │  200   │  380000   │   8700    │   16760000    │
│    5    │ 1.8 │ 1.8 │ 1.8 │ 1.8 │       │          │   17000   │   100   │  180000  │ 31700000  │  100  │  180000  │ 1671009900000 │ '2022-12-14T09:25:00.000Z' │  0   │ 100  │  0  │    0     │ Infinity │ 1600 │ 6218.8 │  0  │  0  │     │  -100  │  -180000  │   8600    │   16580000    │
│    6    │ 1.8 │ 1.8 │ 1.8 │ 1.8 │       │          │   17100   │   100   │  180000  │ 31880000  │  100  │  180000  │ 1671010200000 │ '2022-12-14T09:30:00.000Z' │  0   │ 100  │  0  │    0     │ Infinity │ 1600 │ 6218.8 │  0  │  0  │     │  -100  │  -180000  │   8500    │   16400000    │
│    7    │ 1.9 │ 1.9 │ 1.9 │ 1.9 │ 1200  │ 2280000  │   18300   │  1200   │ 2280000  │ 34160000  │       │          │ 1671010500000 │ '2022-12-14T09:35:00.000Z' │ 100  │  0   │  0  │ Infinity │    0     │ 1600 │ 6218.8 │  0  │     │ 0.8 │  1200  │  2280000  │   9700    │   18680000    │
│    8    │ 1.9 │ 1.9 │ 1.8 │ 1.9 │ 10600 │ 20140000 │   35900   │  17600  │ 32740000 │ 66900000  │ 7000  │ 12600000 │ 1671011400000 │ '2022-12-14T09:50:00.000Z' │ 60.2 │ 39.8 │  0  │   1.5    │   0.7    │ 1600 │ 6218.8 │  0  │ 1.1 │ 6.6 │  3600  │  7540000  │   13300   │   26220000    │
│    9    │ 1.9 │ 1.9 │ 1.8 │ 1.8 │ 1000  │ 1900000  │   37100   │  1200   │ 2260000  │ 69160000  │  200  │  360000  │ 1671012000000 │ '2022-12-14T10:00:00.000Z' │ 83.3 │ 16.7 │  0  │    5     │   0.2    │ 1600 │ 6218.8 │  0  │  0  │ 0.6 │  800   │  1540000  │   14100   │   27760000    │
│   10    │ 1.9 │ 1.9 │ 1.9 │ 1.9 │  700  │ 1330000  │   37800   │   700   │ 1330000  │ 70490000  │       │          │ 1671012300000 │ '2022-12-14T10:05:00.000Z' │ 100  │  0   │  0  │ Infinity │    0     │ 1600 │ 6218.8 │  0  │     │ 0.4 │  700   │  1330000  │   14800   │   29090000    │
│   11    │ 1.8 │ 1.8 │ 1.8 │ 1.8 │       │          │   43000   │  5200   │ 9360000  │ 79850000  │ 5200  │ 9360000  │ 1671012600000 │ '2022-12-14T10:10:00.000Z' │  0   │ 100  │  0  │    0     │ Infinity │ 1600 │ 6218.8 │  0  │ 0.8 │     │ -5200  │ -9360000  │   9600    │   19730000    │
│   12    │ 1.8 │ 1.8 │ 1.8 │ 1.8 │       │          │   43500   │   500   │  900000  │ 80750000  │  500  │  900000  │ 1671013500000 │ '2022-12-14T10:25:00.000Z' │  0   │ 100  │  0  │    0     │ Infinity │ 1600 │ 6218.8 │  0  │ 0.1 │     │  -500  │  -900000  │   9100    │   18830000    │
│   13    │ 1.8 │ 1.8 │ 1.8 │ 1.8 │       │          │   44000   │   500   │  900000  │ 81650000  │  500  │  900000  │ 1671014400000 │ '2022-12-14T10:40:00.000Z' │  0   │ 100  │  0  │    0     │ Infinity │ 1600 │ 6218.8 │  0  │ 0.1 │     │  -500  │  -900000  │   8600    │   17930000    │
│   14    │ 1.8 │ 1.8 │ 1.8 │ 1.8 │       │          │   45000   │  1000   │ 1800000  │ 83450000  │ 1000  │ 1800000  │ 1671014700000 │ '2022-12-14T10:45:00.000Z' │  0   │ 100  │  0  │    0     │ Infinity │ 1600 │ 6218.8 │  0  │ 0.2 │     │ -1000  │ -1800000  │   7600    │   16130000    │
│   15    │ 1.8 │ 1.8 │ 1.8 │ 1.8 │       │          │   55100   │  10100  │ 18180000 │ 101630000 │ 10100 │ 18180000 │ 1671016200000 │ '2022-12-14T11:10:00.000Z' │  0   │ 100  │  0  │    0     │ Infinity │ 1600 │ 6218.8 │  0  │ 1.6 │     │ -10100 │ -18180000 │   -2500   │   -2050000    │
│   16    │ 1.8 │ 1.8 │ 1.8 │ 1.8 │       │          │   55900   │   800   │ 1440000  │ 103070000 │  800  │ 1440000  │ 1671016800000 │ '2022-12-14T11:20:00.000Z' │  0   │ 100  │  0  │    0     │ Infinity │ 1600 │ 6218.8 │  0  │ 0.1 │     │  -800  │ -1440000  │   -3300   │   -3490000    │
│   17    │ 1.9 │ 1.9 │ 1.9 │ 1.9 │  100  │  190000  │   56000   │   100   │  190000  │ 103260000 │       │          │ 1671017100000 │ '2022-12-14T11:25:00.000Z' │ 100  │  0   │  0  │ Infinity │    0     │ 1600 │ 6218.8 │  0  │     │ 0.1 │  100   │  190000   │   -3200   │   -3300000    │
│   18    │ 1.8 │ 1.9 │ 1.8 │ 1.9 │ 1500  │ 2850000  │   72700   │  16700  │ 30210000 │ 133470000 │ 15200 │ 27360000 │ 1671022800000 │ '2022-12-14T13:00:00.000Z' │  9   │  91  │  0  │   0.1    │   10.1   │ 1600 │ 6218.8 │  0  │ 2.4 │ 0.9 │ -13700 │ -24510000 │  -16900   │   -27810000   │
│   19    │ 1.8 │ 1.8 │ 1.8 │ 1.8 │       │          │  100600   │  27900  │ 50220000 │ 183690000 │ 27900 │ 50220000 │ 1671023400000 │ '2022-12-14T13:10:00.000Z' │  0   │ 100  │  0  │    0     │ Infinity │ 1600 │ 6218.8 │  0  │ 4.5 │     │ -27900 │ -50220000 │  -44800   │   -78030000   │
│   20    │ 1.8 │ 1.8 │ 1.8 │ 1.8 │       │          │  101300   │   700   │ 1260000  │ 184950000 │  700  │ 1260000  │ 1671023700000 │ '2022-12-14T13:15:00.000Z' │  0   │ 100  │  0  │    0     │ Infinity │ 1600 │ 6218.8 │  0  │ 0.1 │     │  -700  │ -1260000  │  -45500   │   -79290000   │
├─────────┼─────┼─────┼─────┼─────┼───────┼──────────┼───────────┼─────────┼──────────┼───────────┼───────┼──────────┼───────────────┼────────────────────────────┼──────┼──────┼─────┼──────────┼──────────┼──────┼────────┼─────┼─────┼─────┼────────┼───────────┼───────────┼───────────────┤
│ (index) │  c  │  h  │  l  │  o  │  bu   │  val_bu  │ total_vol │ sum_vol │   val    │ acum_val  │  sd   │  val_sd  │   datetime    │            date            │ pbu  │ psd  │ puk │    bs    │    sb    │ abu  │  asd   │ auk │ rsd │ rbu │ bu-sd  │ bu-sd_val │ acum_busd │ acum_busd_val │
├─────────┼─────┼─────┼─────┼─────┼───────┼──────────┼───────────┼─────────┼──────────┼───────────┼───────┼──────────┼───────────────┼────────────────────────────┼──────┼──────┼─────┼──────────┼──────────┼──────┼────────┼─────┼─────┼─────┼────────┼───────────┼───────────┼───────────────┤
│   21    │ 1.8 │ 1.8 │ 1.8 │ 1.8 │       │          │  102300   │  1000   │ 1800000  │ 186750000 │ 1000  │ 1800000  │ 1671024000000 │ '2022-12-14T13:20:00.000Z' │  0   │ 100  │  0  │    0     │ Infinity │ 1600 │ 6218.8 │  0  │ 0.2 │     │ -1000  │ -1800000  │  -46500   │   -81090000   │
│   22    │ 1.8 │ 1.8 │ 1.8 │ 1.8 │       │          │  105300   │  3000   │ 5400000  │ 192150000 │ 3000  │ 5400000  │ 1671024300000 │ '2022-12-14T13:25:00.000Z' │  0   │ 100  │  0  │    0     │ Infinity │ 1600 │ 6218.8 │  0  │ 0.5 │     │ -3000  │ -5400000  │  -49500   │   -86490000   │
│   23    │ 1.9 │ 1.9 │ 1.9 │ 1.9 │  100  │  190000  │  105400   │   100   │  190000  │ 192340000 │       │          │ 1671024600000 │ '2022-12-14T13:30:00.000Z' │ 100  │  0   │  0  │ Infinity │    0     │ 1600 │ 6218.8 │  0  │     │ 0.1 │  100   │  190000   │  -49400   │   -86300000   │
│   24    │ 1.8 │ 1.8 │ 1.8 │ 1.8 │       │          │  113500   │  8100   │ 14580000 │ 206920000 │ 8100  │ 14580000 │ 1671025200000 │ '2022-12-14T13:40:00.000Z' │  0   │ 100  │  0  │    0     │ Infinity │ 1600 │ 6218.8 │  0  │ 1.3 │     │ -8100  │ -14580000 │  -57500   │  -100880000   │
│   25    │ 1.8 │ 1.8 │ 1.8 │ 1.8 │       │          │  163800   │  50300  │ 90540000 │ 297460000 │ 50300 │ 90540000 │ 1671025800000 │ '2022-12-14T13:50:00.000Z' │  0   │ 100  │  0  │    0     │ Infinity │ 1600 │ 6218.8 │  0  │ 8.1 │     │ -50300 │ -90540000 │  -107800  │  -191420000   │
│   26    │ 1.8 │ 1.9 │ 1.8 │ 1.9 │ 7400  │ 14060000 │  195700   │  31900  │ 58160000 │ 355620000 │ 24500 │ 44100000 │ 1671026100000 │ '2022-12-14T13:55:00.000Z' │ 23.2 │ 76.8 │  0  │   0.3    │   3.3    │ 1600 │ 6218.8 │  0  │ 3.9 │ 4.6 │ -17100 │ -30040000 │  -124900  │  -221460000   │
│   27    │ 1.8 │ 1.8 │ 1.8 │ 1.8 │       │          │  234300   │  38600  │ 69480000 │ 425100000 │ 38600 │ 69480000 │ 1671027000000 │ '2022-12-14T14:10:00.000Z' │  0   │ 100  │  0  │    0     │ Infinity │ 1600 │ 6218.8 │  0  │ 6.2 │     │ -38600 │ -69480000 │  -163500  │  -290940000   │
│   28    │ 1.9 │ 1.9 │ 1.9 │ 1.9 │  100  │  190000  │  234400   │   100   │  190000  │ 425290000 │       │          │ 1671027300000 │ '2022-12-14T14:15:00.000Z' │ 100  │  0   │  0  │ Infinity │    0     │ 1600 │ 6218.8 │  0  │     │ 0.1 │  100   │  190000   │  -163400  │  -290750000   │
│   29    │ 1.8 │ 1.9 │ 1.8 │ 1.9 │ 10000 │ 19000000 │  244500   │  10100  │ 19180000 │ 444470000 │  100  │  180000  │ 1671027900000 │ '2022-12-14T14:25:00.000Z' │  99  │  1   │  0  │   100    │    0     │ 1600 │ 6218.8 │  0  │  0  │ 6.3 │  9900  │ 18820000  │  -153500  │  -271930000   │
│   30    │ 1.9 │ 1.9 │ 1.9 │ 1.9 │  100  │  190000  │  244600   │   100   │  190000  │ 444660000 │       │          │ 1671028200000 │ '2022-12-14T14:30:00.000Z' │ 100  │  0   │  0  │ Infinity │    0     │ 1600 │ 6218.8 │  0  │     │ 0.1 │  100   │  190000   │  -153400  │  -271740000   │
│   31    │ 1.9 │ 1.9 │ 1.9 │ 1.9 │ 5600  │ 10640000 │  250200   │  5600   │ 10640000 │ 455300000 │       │          │ 1671029100000 │ '2022-12-14T14:45:00.000Z' │ 100  │  0   │  0  │ Infinity │    0     │ 1600 │ 6218.8 │  0  │     │ 3.5 │  5600  │ 10640000  │  -147800  │  -261100000   │
└─────────┴─────┴─────┴─────┴─────┴───────┴──────────┴───────────┴─────────┴──────────┴───────────┴───────┴──────────┴───────────────┴────────────────────────────┴──────┴──────┴─────┴──────────┴──────────┴──────┴────────┴─────┴─────┴─────┴────────┴───────────┴───────────┴───────────────┘

