┌─────────┬───────┬───────┬───────┬───────┬──────┬──────────┬───────────┬─────────┬──────────┬───────────┬───────────────┬────────────────────────────┬──────┬──────┬─────┬──────────┬──────────┬───────┬───────┬─────┬─────┬───────┬───────────┬───────────┬───────────────┬──────┬──────────┬─────┐
│ (index) │   c   │   h   │   l   │   o   │  bu  │  val_bu  │ total_vol │ sum_vol │   val    │ acum_val  │   datetime    │            date            │ pbu  │ psd  │ puk │    bs    │    sb    │  abu  │  asd  │ auk │ rbu │ bu-sd │ bu-sd_val │ acum_busd │ acum_busd_val │  sd  │  val_sd  │ rsd │
├─────────┼───────┼───────┼───────┼───────┼──────┼──────────┼───────────┼─────────┼──────────┼───────────┼───────────────┼────────────────────────────┼──────┼──────┼─────┼──────────┼──────────┼───────┼───────┼─────┼─────┼───────┼───────────┼───────────┼───────────────┼──────┼──────────┼─────┤
│    0    │ 13.9  │ 13.9  │ 13.9  │ 13.9  │ 1000 │ 13900000 │   1000    │  1000   │ 13900000 │ 13900000  │ 1671009300000 │ '2022-12-14T09:15:00.000Z' │ 100  │  0   │  0  │ Infinity │    0     │ 990.9 │ 359.1 │  0  │  1  │ 1000  │ 13900000  │   1000    │   13900000    │      │          │     │
│    1    │  14   │  14   │  14   │  14   │ 300  │ 4200000  │   1300    │   300   │ 4200000  │ 18100000  │ 1671009600000 │ '2022-12-14T09:20:00.000Z' │ 100  │  0   │  0  │ Infinity │    0     │ 990.9 │ 359.1 │  0  │ 0.3 │  300  │  4200000  │   1300    │   18100000    │      │          │     │
│    2    │  14   │  14   │ 13.95 │ 13.95 │ 1000 │ 13975000 │   2300    │  1000   │ 13975000 │ 32075000  │ 1671009900000 │ '2022-12-14T09:25:00.000Z' │ 100  │  0   │  0  │ Infinity │    0     │ 990.9 │ 359.1 │  0  │  1  │ 1000  │ 13975000  │   2300    │   32075000    │      │          │     │
│    3    │  14   │  14   │  14   │  14   │ 200  │ 2800000  │   2500    │   200   │ 2800000  │ 34875000  │ 1671010200000 │ '2022-12-14T09:30:00.000Z' │ 100  │  0   │  0  │ Infinity │    0     │ 990.9 │ 359.1 │  0  │ 0.2 │  200  │  2800000  │   2500    │   34875000    │      │          │     │
│    4    │ 13.85 │ 13.9  │ 13.85 │ 13.9  │      │          │   3500    │  1000   │ 13875000 │ 48750000  │ 1671010500000 │ '2022-12-14T09:35:00.000Z' │  0   │ 100  │  0  │    0     │ Infinity │ 990.9 │ 359.1 │  0  │     │ -1000 │ -13875000 │   1500    │   21000000    │ 1000 │ 13875000 │ 2.8 │
│    5    │ 13.85 │ 13.85 │ 13.85 │ 13.85 │      │          │   4100    │   600   │ 8310000  │ 57060000  │ 1671011700000 │ '2022-12-14T09:55:00.000Z' │  0   │ 100  │  0  │    0     │ Infinity │ 990.9 │ 359.1 │  0  │     │ -600  │ -8310000  │    900    │   12690000    │ 600  │ 8310000  │ 1.7 │
│    6    │ 13.95 │ 13.95 │ 13.95 │ 13.95 │ 1800 │ 25110000 │   5900    │  1800   │ 25110000 │ 82170000  │ 1671012000000 │ '2022-12-14T10:00:00.000Z' │ 100  │  0   │  0  │ Infinity │    0     │ 990.9 │ 359.1 │  0  │ 1.8 │ 1800  │ 25110000  │   2700    │   37800000    │      │          │     │
│    7    │ 13.95 │ 13.95 │ 13.95 │ 13.95 │ 500  │ 6975000  │   6400    │   500   │ 6975000  │ 89145000  │ 1671012300000 │ '2022-12-14T10:05:00.000Z' │ 100  │  0   │  0  │ Infinity │    0     │ 990.9 │ 359.1 │  0  │ 0.5 │  500  │  6975000  │   3200    │   44775000    │      │          │     │
│    8    │  14   │  14   │ 13.95 │ 13.95 │ 3500 │ 48925000 │   9900    │  3500   │ 48925000 │ 138070000 │ 1671012600000 │ '2022-12-14T10:10:00.000Z' │ 100  │  0   │  0  │ Infinity │    0     │ 990.9 │ 359.1 │  0  │ 3.5 │ 3500  │ 48925000  │   6700    │   93700000    │      │          │     │
│    9    │  14   │  14   │  14   │  14   │ 500  │ 7000000  │   10400   │   500   │ 7000000  │ 145070000 │ 1671012900000 │ '2022-12-14T10:15:00.000Z' │ 100  │  0   │  0  │ Infinity │    0     │ 990.9 │ 359.1 │  0  │ 0.5 │  500  │  7000000  │   7200    │   100700000   │      │          │     │
│   10    │ 13.95 │ 13.95 │ 13.95 │ 13.95 │ 2000 │ 27900000 │   12400   │  2000   │ 27900000 │ 172970000 │ 1671014100000 │ '2022-12-14T10:35:00.000Z' │ 100  │  0   │  0  │ Infinity │    0     │ 990.9 │ 359.1 │  0  │  2  │ 2000  │ 27900000  │   9200    │   128600000   │      │          │     │
│   11    │  14   │  14   │ 13.95 │ 13.95 │ 2500 │ 34935000 │   14900   │  2500   │ 34935000 │ 207905000 │ 1671014400000 │ '2022-12-14T10:40:00.000Z' │ 100  │  0   │  0  │ Infinity │    0     │ 990.9 │ 359.1 │  0  │ 2.5 │ 2500  │ 34935000  │   11700   │   163535000   │      │          │     │
│   12    │ 13.95 │ 13.95 │ 13.95 │ 13.95 │      │          │   15600   │   700   │ 9765000  │ 217670000 │ 1671014700000 │ '2022-12-14T10:45:00.000Z' │  0   │ 100  │  0  │    0     │ Infinity │ 990.9 │ 359.1 │  0  │     │ -700  │ -9765000  │   11000   │   153770000   │ 700  │ 9765000  │ 1.9 │
│   13    │ 13.95 │ 13.95 │ 13.95 │ 13.95 │ 400  │ 5580000  │   16000   │   400   │ 5580000  │ 223250000 │ 1671015000000 │ '2022-12-14T10:50:00.000Z' │ 100  │  0   │  0  │ Infinity │    0     │ 990.9 │ 359.1 │  0  │ 0.4 │  400  │  5580000  │   11400   │   159350000   │      │          │     │
│   14    │ 13.85 │ 13.85 │ 13.85 │ 13.85 │      │          │   16800   │   800   │ 11080000 │ 234330000 │ 1671016200000 │ '2022-12-14T11:10:00.000Z' │  0   │ 100  │  0  │    0     │ Infinity │ 990.9 │ 359.1 │  0  │     │ -800  │ -11080000 │   10600   │   148270000   │ 800  │ 11080000 │ 2.2 │
│   15    │ 13.9  │ 13.9  │ 13.9  │ 13.9  │      │          │   18500   │  1700   │ 23630000 │ 257960000 │ 1671016500000 │ '2022-12-14T11:15:00.000Z' │  0   │ 100  │  0  │    0     │ Infinity │ 990.9 │ 359.1 │  0  │     │ -1700 │ -23630000 │   8900    │   124640000   │ 1700 │ 23630000 │ 4.7 │
│   16    │ 13.9  │ 13.9  │ 13.9  │ 13.9  │      │          │   19500   │  1000   │ 13900000 │ 271860000 │ 1671022800000 │ '2022-12-14T13:00:00.000Z' │  0   │ 100  │  0  │    0     │ Infinity │ 990.9 │ 359.1 │  0  │     │ -1000 │ -13900000 │   7900    │   110740000   │ 1000 │ 13900000 │ 2.8 │
│   17    │  14   │  14   │ 13.8  │ 13.9  │ 4400 │ 60740000 │   25600   │  6100   │ 84210000 │ 356070000 │ 1671026100000 │ '2022-12-14T13:55:00.000Z' │ 72.1 │ 27.9 │  0  │   2.6    │   0.4    │ 990.9 │ 359.1 │  0  │ 4.4 │ 2700  │ 37270000  │   10600   │   148010000   │ 1700 │ 23470000 │ 4.7 │
│   18    │  14   │  14   │  14   │  14   │ 600  │ 8400000  │   26300   │   700   │ 9800000  │ 365870000 │ 1671026700000 │ '2022-12-14T14:05:00.000Z' │ 85.7 │ 14.3 │  0  │    6     │   0.2    │ 990.9 │ 359.1 │  0  │ 0.6 │  500  │  7000000  │   11100   │   155010000   │ 100  │ 1400000  │ 0.3 │
│   19    │  14   │  14   │  14   │  14   │      │          │   26600   │   300   │ 4200000  │ 370070000 │ 1671027000000 │ '2022-12-14T14:10:00.000Z' │  0   │ 100  │  0  │    0     │ Infinity │ 990.9 │ 359.1 │  0  │     │ -300  │ -4200000  │   10800   │   150810000   │ 300  │ 4200000  │ 0.8 │
│   20    │  14   │  14   │  14   │  14   │ 3000 │ 42000000 │   29600   │  3000   │ 42000000 │ 412070000 │ 1671027300000 │ '2022-12-14T14:15:00.000Z' │ 100  │  0   │  0  │ Infinity │    0     │ 990.9 │ 359.1 │  0  │  3  │ 3000  │ 42000000  │   13800   │   192810000   │      │          │     │
├─────────┼───────┼───────┼───────┼───────┼──────┼──────────┼───────────┼─────────┼──────────┼───────────┼───────────────┼────────────────────────────┼──────┼──────┼─────┼──────────┼──────────┼───────┼───────┼─────┼─────┼───────┼───────────┼───────────┼───────────────┼──────┼──────────┼─────┤
│ (index) │   c   │   h   │   l   │   o   │  bu  │  val_bu  │ total_vol │ sum_vol │   val    │ acum_val  │   datetime    │            date            │ pbu  │ psd  │ puk │    bs    │    sb    │  abu  │  asd  │ auk │ rbu │ bu-sd │ bu-sd_val │ acum_busd │ acum_busd_val │  sd  │  val_sd  │ rsd │
├─────────┼───────┼───────┼───────┼───────┼──────┼──────────┼───────────┼─────────┼──────────┼───────────┼───────────────┼────────────────────────────┼──────┼──────┼─────┼──────────┼──────────┼───────┼───────┼─────┼─────┼───────┼───────────┼───────────┼───────────────┼──────┼──────────┼─────┤
│   21    │  14   │  14   │  14   │  14   │ 100  │ 1400000  │   29700   │   100   │ 1400000  │ 413470000 │ 1671029100000 │ '2022-12-14T14:45:00.000Z' │ 100  │  0   │  0  │ Infinity │    0     │ 990.9 │ 359.1 │  0  │ 0.1 │  100  │  1400000  │   13900   │   194210000   │      │          │     │
└─────────┴───────┴───────┴───────┴───────┴──────┴──────────┴───────────┴─────────┴──────────┴───────────┴───────────────┴────────────────────────────┴──────┴──────┴─────┴──────────┴──────────┴───────┴───────┴─────┴─────┴───────┴───────────┴───────────┴───────────────┴──────┴──────────┴─────┘

