┌─────────┬──────┬──────┬──────┬──────┬──────┬───────────┬───────────┬─────────┬───────────┬────────────┬───────────────┬────────────────────────────┬──────┬──────┬─────┬──────────┬──────────┬──────┬───────┬─────┬─────┬───────┬───────────┬───────────┬───────────────┬──────┬───────────┬─────┐
│ (index) │  c   │  h   │  l   │  o   │  bu  │  val_bu   │ total_vol │ sum_vol │    val    │  acum_val  │   datetime    │            date            │ pbu  │ psd  │ puk │    bs    │    sb    │ abu  │  asd  │ auk │ rbu │ bu-sd │ bu-sd_val │ acum_busd │ acum_busd_val │  sd  │  val_sd   │ rsd │
├─────────┼──────┼──────┼──────┼──────┼──────┼───────────┼───────────┼─────────┼───────────┼────────────┼───────────────┼────────────────────────────┼──────┼──────┼─────┼──────────┼──────────┼──────┼───────┼─────┼─────┼───────┼───────────┼───────────┼───────────────┼──────┼───────────┼─────┤
│    0    │ 69.5 │ 69.5 │ 69.5 │ 69.5 │ 300  │ 20850000  │    300    │   300   │ 20850000  │  20850000  │ 1671009120000 │ '2022-12-14T09:12:00.000Z' │ 100  │  0   │  0  │ Infinity │    0     │ 2250 │ 687.5 │  0  │ 0.1 │  300  │ 20850000  │    300    │   20850000    │      │           │     │
│    1    │ 69.7 │ 69.7 │ 69.5 │ 69.5 │ 1500 │ 104550000 │   4400    │  4100   │ 285390000 │ 306240000  │ 1671009240000 │ '2022-12-14T09:14:00.000Z' │ 36.6 │ 63.4 │  0  │   0.6    │   1.7    │ 2250 │ 687.5 │  0  │ 0.7 │ -1100 │ -76290000 │   -800    │   -55440000   │ 2600 │ 180840000 │ 3.8 │
│    2    │ 69.5 │ 69.5 │ 69.5 │ 69.5 │      │           │   4800    │   400   │ 27800000  │ 334040000  │ 1671009720000 │ '2022-12-14T09:22:00.000Z' │  0   │ 100  │  0  │    0     │ Infinity │ 2250 │ 687.5 │  0  │     │ -400  │ -27800000 │   -1200   │   -83240000   │ 400  │ 27800000  │ 0.6 │
│    3    │ 69.4 │ 69.4 │ 69.4 │ 69.4 │ 4300 │ 298420000 │   9100    │  4300   │ 298420000 │ 632460000  │ 1671010080000 │ '2022-12-14T09:28:00.000Z' │ 100  │  0   │  0  │ Infinity │    0     │ 2250 │ 687.5 │  0  │ 1.9 │ 4300  │ 298420000 │   3100    │   215180000   │      │           │     │
│    4    │ 69.2 │ 69.3 │ 69.2 │ 69.3 │ 1200 │ 83100000  │   12700   │  3600   │ 249180000 │ 881640000  │ 1671012480000 │ '2022-12-14T10:08:00.000Z' │ 33.3 │ 66.7 │  0  │   0.5    │    2     │ 2250 │ 687.5 │  0  │ 0.5 │ -1200 │ -82980000 │   1900    │   132200000   │ 2400 │ 166080000 │ 3.5 │
│    5    │ 69.2 │ 69.2 │ 69.2 │ 69.2 │ 100  │  6920000  │   12800   │   100   │  6920000  │ 888560000  │ 1671013560000 │ '2022-12-14T10:26:00.000Z' │ 100  │  0   │  0  │ Infinity │    0     │ 2250 │ 687.5 │  0  │  0  │  100  │  6920000  │   2000    │   139120000   │      │           │     │
│    6    │ 69.2 │ 69.2 │  69  │ 69.1 │ 3000 │ 207150000 │   17200   │  4400   │ 304030000 │ 1192590000 │ 1671013680000 │ '2022-12-14T10:28:00.000Z' │ 68.2 │ 31.8 │  0  │   2.1    │   0.5    │ 2250 │ 687.5 │  0  │ 1.3 │ 1600  │ 110270000 │   3600    │   249390000   │ 1400 │ 96880000  │  2  │
│    7    │ 69.1 │ 69.2 │ 69.1 │ 69.2 │ 100  │  6920000  │   17600   │   400   │ 27650000  │ 1220240000 │ 1671015600000 │ '2022-12-14T11:00:00.000Z' │  25  │  75  │  0  │   0.3    │    3     │ 2250 │ 687.5 │  0  │  0  │ -200  │ -13810000 │   3400    │   235580000   │ 300  │ 20730000  │ 0.4 │
│    8    │ 69.2 │ 69.2 │  69  │  69  │ 5400 │ 373150000 │   23200   │  5600   │ 386950000 │ 1607190000 │ 1671015720000 │ '2022-12-14T11:02:00.000Z' │ 96.4 │ 3.6  │  0  │    27    │    0     │ 2250 │ 687.5 │  0  │ 2.4 │ 5200  │ 359350000 │   8600    │   594930000   │ 200  │ 13800000  │ 0.3 │
│    9    │  69  │ 69.2 │  69  │ 69.2 │ 1400 │ 96630000  │   24700   │  1500   │ 103550000 │ 1710740000 │ 1671023160000 │ '2022-12-14T13:06:00.000Z' │ 93.3 │ 6.7  │  0  │    14    │   0.1    │ 2250 │ 687.5 │  0  │ 0.6 │ 1300  │ 89710000  │   9900    │   684640000   │ 100  │  6920000  │ 0.1 │
│   10    │ 69.2 │ 69.2 │  69  │  69  │ 1600 │ 110520000 │   27700   │  3000   │ 207400000 │ 1918140000 │ 1671023280000 │ '2022-12-14T13:08:00.000Z' │ 53.3 │ 46.7 │  0  │   1.1    │   0.9    │ 2250 │ 687.5 │  0  │ 0.7 │  200  │ 13640000  │   10100   │   698280000   │ 1400 │ 96880000  │  2  │
│   11    │  69  │  69  │  69  │  69  │ 1600 │ 110400000 │   30700   │  3000   │ 207000000 │ 2125140000 │ 1671023880000 │ '2022-12-14T13:18:00.000Z' │ 53.3 │ 46.7 │  0  │   1.1    │   0.9    │ 2250 │ 687.5 │  0  │ 0.7 │  200  │ 13800000  │   10300   │   712080000   │ 1400 │ 96600000  │  2  │
│   12    │ 69.3 │ 69.3 │ 69.1 │ 69.1 │ 1700 │ 117810000 │   33200   │  2500   │ 173140000 │ 2298280000 │ 1671024840000 │ '2022-12-14T13:34:00.000Z' │  68  │  32  │  0  │   2.1    │   0.5    │ 2250 │ 687.5 │  0  │ 0.8 │  900  │ 62480000  │   11200   │   774560000   │ 800  │ 55330000  │ 1.2 │
│   13    │ 69.4 │ 69.4 │ 69.4 │ 69.4 │ 2300 │ 159620000 │   35500   │  2300   │ 159620000 │ 2457900000 │ 1671025920000 │ '2022-12-14T13:52:00.000Z' │ 100  │  0   │  0  │ Infinity │    0     │ 2250 │ 687.5 │  0  │  1  │ 2300  │ 159620000 │   13500   │   934180000   │      │           │     │
│   14    │ 69.4 │ 69.4 │ 69.4 │ 69.4 │ 4500 │ 312300000 │   40000   │  4500   │ 312300000 │ 2770200000 │ 1671027240000 │ '2022-12-14T14:14:00.000Z' │ 100  │  0   │  0  │ Infinity │    0     │ 2250 │ 687.5 │  0  │  2  │ 4500  │ 312300000 │   18000   │  1246480000   │      │           │     │
│   15    │  71  │  71  │  71  │  71  │ 7000 │ 497000000 │   47000   │  7000   │ 497000000 │ 3267200000 │ 1671028080000 │ '2022-12-14T14:28:00.000Z' │ 100  │  0   │  0  │ Infinity │    0     │ 2250 │ 687.5 │  0  │ 3.1 │ 7000  │ 497000000 │   25000   │  1743480000   │      │           │     │
└─────────┴──────┴──────┴──────┴──────┴──────┴───────────┴───────────┴─────────┴───────────┴────────────┴───────────────┴────────────────────────────┴──────┴──────┴─────┴──────────┴──────────┴──────┴───────┴─────┴─────┴───────┴───────────┴───────────┴───────────────┴──────┴───────────┴─────┘

