┌─────────┬─────┬─────┬─────┬─────┬──────┬─────────┬───────────┬─────────┬─────────┬──────────┬───────────────┬────────────────────────────┬─────┬──────┬─────┬──────────┬──────────┬─────┬─────┬─────┬─────┬───────┬───────────┬───────────┬───────────────┬─────┬─────────┬─────┬──────┬─────────┬─────┐
│ (index) │  c  │  h  │  l  │  o  │  bu  │ val_bu  │ total_vol │ sum_vol │   val   │ acum_val │   datetime    │            date            │ pbu │ psd  │ puk │    bs    │    sb    │ abu │ asd │ auk │ rbu │ bu-sd │ bu-sd_val │ acum_busd │ acum_busd_val │ uk  │ val_uk  │ ruk │  sd  │ val_sd  │ rsd │
├─────────┼─────┼─────┼─────┼─────┼──────┼─────────┼───────────┼─────────┼─────────┼──────────┼───────────────┼────────────────────────────┼─────┼──────┼─────┼──────────┼──────────┼─────┼─────┼─────┼─────┼───────┼───────────┼───────────┼───────────────┼─────┼─────────┼─────┼──────┼─────────┼─────┤
│    0    │ 3.8 │ 3.8 │ 3.8 │ 3.8 │ 100  │ 380000  │    100    │   100   │ 380000  │  380000  │ 1670835900000 │ '2022-12-12T09:05:00.000Z' │ 100 │  0   │  0  │ Infinity │    0     │ 220 │ 125 │ 50  │ 0.5 │  100  │  380000   │    100    │    380000     │     │         │     │      │         │     │
│    1    │ 3.8 │ 3.8 │ 3.8 │ 3.8 │      │         │    500    │   400   │ 1520000 │ 1900000  │ 1670836200000 │ '2022-12-12T09:10:00.000Z' │  0  │  0   │ 100 │   NaN    │   NaN    │ 220 │ 125 │ 50  │     │   0   │     0     │    100    │    380000     │ 400 │ 1520000 │  8  │      │         │     │
│    2    │ 3.8 │ 3.8 │ 3.8 │ 3.8 │      │         │    700    │   200   │ 760000  │ 2660000  │ 1670837700000 │ '2022-12-12T09:35:00.000Z' │  0  │  0   │ 100 │   NaN    │   NaN    │ 220 │ 125 │ 50  │     │   0   │     0     │    100    │    380000     │ 200 │ 760000  │  4  │      │         │     │
│    3    │ 3.9 │ 3.9 │ 3.9 │ 3.9 │ 200  │ 780000  │    900    │   200   │ 780000  │ 3440000  │ 1670838300000 │ '2022-12-12T09:45:00.000Z' │ 100 │  0   │  0  │ Infinity │    0     │ 220 │ 125 │ 50  │ 0.9 │  200  │  780000   │    300    │    1160000    │     │         │     │      │         │     │
│    4    │ 3.9 │ 3.9 │ 3.9 │ 3.9 │ 100  │ 390000  │   1000    │   100   │ 390000  │ 3830000  │ 1670841300000 │ '2022-12-12T10:35:00.000Z' │ 100 │  0   │  0  │ Infinity │    0     │ 220 │ 125 │ 50  │ 0.5 │  100  │  390000   │    400    │    1550000    │     │         │     │      │         │     │
│    5    │ 3.9 │ 3.9 │ 3.9 │ 3.9 │ 500  │ 1950000 │   1500    │   500   │ 1950000 │ 5780000  │ 1670842200000 │ '2022-12-12T10:50:00.000Z' │ 100 │  0   │  0  │ Infinity │    0     │ 220 │ 125 │ 50  │ 2.3 │  500  │  1950000  │    900    │    3500000    │     │         │     │      │         │     │
│    6    │ 3.8 │ 3.8 │ 3.8 │ 3.8 │      │         │   1900    │   400   │ 1520000 │ 7300000  │ 1670842800000 │ '2022-12-12T11:00:00.000Z' │  0  │ 100  │  0  │    0     │ Infinity │ 220 │ 125 │ 50  │     │ -400  │ -1520000  │    500    │    1980000    │     │         │     │ 400  │ 1520000 │ 3.2 │
│    7    │ 3.9 │ 3.9 │ 3.9 │ 3.9 │ 900  │ 3510000 │   2800    │   900   │ 3510000 │ 10810000 │ 1670843700000 │ '2022-12-12T11:15:00.000Z' │ 100 │  0   │  0  │ Infinity │    0     │ 220 │ 125 │ 50  │ 4.1 │  900  │  3510000  │   1400    │    5490000    │     │         │     │      │         │     │
│    8    │ 3.9 │ 3.9 │ 3.9 │ 3.9 │ 1300 │ 5070000 │   4100    │  1300   │ 5070000 │ 15880000 │ 1670850000000 │ '2022-12-12T13:00:00.000Z' │ 100 │  0   │  0  │ Infinity │    0     │ 220 │ 125 │ 50  │ 5.9 │ 1300  │  5070000  │   2700    │   10560000    │     │         │     │      │         │     │
│    9    │ 3.8 │ 3.8 │ 3.8 │ 3.8 │      │         │   4300    │   200   │ 760000  │ 16640000 │ 1670850300000 │ '2022-12-12T13:05:00.000Z' │  0  │ 100  │  0  │    0     │ Infinity │ 220 │ 125 │ 50  │     │ -200  │  -760000  │   2500    │    9800000    │     │         │     │ 200  │ 760000  │ 1.6 │
│   10    │ 3.9 │ 3.9 │ 3.9 │ 3.9 │ 200  │ 780000  │   4500    │   200   │ 780000  │ 17420000 │ 1670850600000 │ '2022-12-12T13:10:00.000Z' │ 100 │  0   │  0  │ Infinity │    0     │ 220 │ 125 │ 50  │ 0.9 │  200  │  780000   │   2700    │   10580000    │     │         │     │      │         │     │
│   11    │ 3.8 │ 3.8 │ 3.8 │ 3.8 │      │         │   4900    │   400   │ 1520000 │ 18940000 │ 1670850900000 │ '2022-12-12T13:15:00.000Z' │  0  │  0   │ 100 │   NaN    │   NaN    │ 220 │ 125 │ 50  │     │   0   │     0     │   2700    │   10580000    │ 400 │ 1520000 │  8  │      │         │     │
│   12    │ 3.9 │ 3.9 │ 3.9 │ 3.9 │ 500  │ 1950000 │   5400    │   500   │ 1950000 │ 20890000 │ 1670852400000 │ '2022-12-12T13:40:00.000Z' │ 100 │  0   │  0  │ Infinity │    0     │ 220 │ 125 │ 50  │ 2.3 │  500  │  1950000  │   3200    │   12530000    │     │         │     │      │         │     │
│   13    │ 3.8 │ 3.8 │ 3.8 │ 3.8 │      │         │   6000    │   600   │ 2280000 │ 23170000 │ 1670853300000 │ '2022-12-12T13:55:00.000Z' │  0  │ 100  │  0  │    0     │ Infinity │ 220 │ 125 │ 50  │     │ -600  │ -2280000  │   2600    │   10250000    │     │         │     │ 600  │ 2280000 │ 4.8 │
│   14    │ 3.7 │ 3.9 │ 3.7 │ 3.9 │ 100  │ 390000  │   7300    │  1300   │ 4830000 │ 28000000 │ 1670853900000 │ '2022-12-12T14:05:00.000Z' │ 7.7 │ 92.3 │  0  │   0.1    │    12    │ 220 │ 125 │ 50  │ 0.5 │ -1100 │ -4050000  │   1500    │    6200000    │     │         │     │ 1200 │ 4440000 │ 9.6 │
│   15    │ 3.7 │ 3.7 │ 3.7 │ 3.7 │      │         │   7400    │   100   │ 370000  │ 28370000 │ 1670855100000 │ '2022-12-12T14:25:00.000Z' │  0  │ 100  │  0  │    0     │ Infinity │ 220 │ 125 │ 50  │     │ -100  │  -370000  │   1400    │    5830000    │     │         │     │ 100  │ 370000  │ 0.8 │
│   16    │ 3.8 │ 3.8 │ 3.8 │ 3.8 │ 100  │ 380000  │   7500    │   100   │ 380000  │ 28750000 │ 1670855400000 │ '2022-12-12T14:30:00.000Z' │ 100 │  0   │  0  │ Infinity │    0     │ 220 │ 125 │ 50  │ 0.5 │  100  │  380000   │   1500    │    6210000    │     │         │     │      │         │     │
│   17    │ 3.8 │ 3.8 │ 3.8 │ 3.8 │ 200  │ 760000  │   7700    │   200   │ 760000  │ 29510000 │ 1670855700000 │ '2022-12-12T14:35:00.000Z' │ 100 │  0   │  0  │ Infinity │    0     │ 220 │ 125 │ 50  │ 0.9 │  200  │  760000   │   1700    │    6970000    │     │         │     │      │         │     │
│   18    │ 3.8 │ 3.8 │ 3.8 │ 3.8 │ 100  │ 380000  │   7800    │   100   │ 380000  │ 29890000 │ 1670856000000 │ '2022-12-12T14:40:00.000Z' │ 100 │  0   │  0  │ Infinity │    0     │ 220 │ 125 │ 50  │ 0.5 │  100  │  380000   │   1800    │    7350000    │     │         │     │      │         │     │
│   19    │ 3.8 │ 3.8 │ 3.8 │ 3.8 │ 100  │ 380000  │   7900    │   100   │ 380000  │ 30270000 │ 1670856300000 │ '2022-12-12T14:45:00.000Z' │ 100 │  0   │  0  │ Infinity │    0     │ 220 │ 125 │ 50  │ 0.5 │  100  │  380000   │   1900    │    7730000    │     │         │     │      │         │     │
└─────────┴─────┴─────┴─────┴─────┴──────┴─────────┴───────────┴─────────┴─────────┴──────────┴───────────────┴────────────────────────────┴─────┴──────┴─────┴──────────┴──────────┴─────┴─────┴─────┴─────┴───────┴───────────┴───────────┴───────────────┴─────┴─────────┴─────┴──────┴─────────┴─────┘
├─────────┼─────┼─────┼─────┼─────┼──────┼─────────┼───────────┼─────────┼─────────┼──────────┼───────────────┼────────────────────────────┼─────┼──────┼─────┼──────────┼──────────┼─────┼─────┼─────┼─────┼───────┼───────────┼───────────┼───────────────┼─────┼─────────┼─────┼──────┼─────────┼─────┤
│ (index) │  c  │  h  │  l  │  o  │  bu  │ val_bu  │ total_vol │ sum_vol │   val   │ acum_val │   datetime    │            date            │ pbu │ psd  │ puk │    bs    │    sb    │ abu │ asd │ auk │ rbu │ bu-sd │ bu-sd_val │ acum_busd │ acum_busd_val │ uk  │ val_uk  │ ruk │  sd  │ val_sd  │ rsd │
├─────────┼─────┼─────┼─────┼─────┼──────┼─────────┼───────────┼─────────┼─────────┼──────────┼───────────────┼────────────────────────────┼─────┼──────┼─────┼──────────┼──────────┼─────┼─────┼─────┼─────┼───────┼───────────┼───────────┼───────────────┼─────┼─────────┼─────┼──────┼─────────┼─────┤

