┌─────────┬─────┬─────┬─────┬─────┬───────┬──────────┬───────────┬─────────┬──────────┬───────────┬───────────────┬────────────────────────────┬─────┬─────┬─────┬──────────┬──────────┬───────┬────────┬─────┬──────┬────────┬───────────┬───────────┬───────────────┬──────┬─────────┬─────┐
│ (index) │  c  │  h  │  l  │  o  │  sd   │  val_sd  │ total_vol │ sum_vol │   val    │ acum_val  │   datetime    │            date            │ pbu │ psd │ puk │    bs    │    sb    │  abu  │  asd   │ auk │ rsd  │ bu-sd  │ bu-sd_val │ acum_busd │ acum_busd_val │  bu  │ val_bu  │ rbu │
├─────────┼─────┼─────┼─────┼─────┼───────┼──────────┼───────────┼─────────┼──────────┼───────────┼───────────────┼────────────────────────────┼─────┼─────┼─────┼──────────┼──────────┼───────┼────────┼─────┼──────┼────────┼───────────┼───────────┼───────────────┼──────┼─────────┼─────┤
│    0    │  2  │  2  │  2  │  2  │  500  │ 1000000  │    500    │   500   │ 1000000  │  1000000  │ 1670835960000 │ '2022-12-12T09:06:00.000Z' │  0  │ 100 │  0  │    0     │ Infinity │ 623.5 │ 1802.9 │  0  │ 0.3  │  -500  │ -1000000  │   -500    │   -1000000    │      │         │     │
│    1    │  2  │  2  │  2  │  2  │ 2000  │ 4000000  │   2500    │  2000   │ 4000000  │  5000000  │ 1670837400000 │ '2022-12-12T09:30:00.000Z' │  0  │ 100 │  0  │    0     │ Infinity │ 623.5 │ 1802.9 │  0  │ 1.1  │ -2000  │ -4000000  │   -2500   │   -5000000    │      │         │     │
│    2    │ 2.1 │ 2.1 │ 2.1 │ 2.1 │       │          │   2600    │   100   │  210000  │  5210000  │ 1670838960000 │ '2022-12-12T09:56:00.000Z' │ 100 │  0  │  0  │ Infinity │    0     │ 623.5 │ 1802.9 │  0  │      │  100   │  210000   │   -2400   │   -4790000    │ 100  │ 210000  │ 0.2 │
│    3    │ 2.1 │ 2.1 │ 2.1 │ 2.1 │       │          │   2700    │   100   │  210000  │  5420000  │ 1670839440000 │ '2022-12-12T10:04:00.000Z' │ 100 │  0  │  0  │ Infinity │    0     │ 623.5 │ 1802.9 │  0  │      │  100   │  210000   │   -2300   │   -4580000    │ 100  │ 210000  │ 0.2 │
│    4    │ 2.1 │ 2.1 │ 2.1 │ 2.1 │       │          │   2800    │   100   │  210000  │  5630000  │ 1670839680000 │ '2022-12-12T10:08:00.000Z' │ 100 │  0  │  0  │ Infinity │    0     │ 623.5 │ 1802.9 │  0  │      │  100   │  210000   │   -2200   │   -4370000    │ 100  │ 210000  │ 0.2 │
│    5    │ 2.1 │ 2.1 │ 2.1 │ 2.1 │       │          │   6700    │  3900   │ 8190000  │ 13820000  │ 1670839800000 │ '2022-12-12T10:10:00.000Z' │ 100 │  0  │  0  │ Infinity │    0     │ 623.5 │ 1802.9 │  0  │      │  3900  │  8190000  │   1700    │    3820000    │ 3900 │ 8190000 │ 6.3 │
│    6    │ 2.1 │ 2.1 │ 2.1 │ 2.1 │       │          │   7700    │  1000   │ 2100000  │ 15920000  │ 1670841360000 │ '2022-12-12T10:36:00.000Z' │ 100 │  0  │  0  │ Infinity │    0     │ 623.5 │ 1802.9 │  0  │      │  1000  │  2100000  │   2700    │    5920000    │ 1000 │ 2100000 │ 1.6 │
│    7    │ 2.1 │ 2.1 │ 2.1 │ 2.1 │       │          │   10000   │  2300   │ 4830000  │ 20750000  │ 1670841480000 │ '2022-12-12T10:38:00.000Z' │ 100 │  0  │  0  │ Infinity │    0     │ 623.5 │ 1802.9 │  0  │      │  2300  │  4830000  │   5000    │   10750000    │ 2300 │ 4830000 │ 3.7 │
│    8    │ 2.1 │ 2.1 │ 2.1 │ 2.1 │       │          │   10500   │   500   │ 1050000  │ 21800000  │ 1670841720000 │ '2022-12-12T10:42:00.000Z' │ 100 │  0  │  0  │ Infinity │    0     │ 623.5 │ 1802.9 │  0  │      │  500   │  1050000  │   5500    │   11800000    │ 500  │ 1050000 │ 0.8 │
│    9    │ 2.1 │ 2.1 │ 2.1 │ 2.1 │       │          │   11000   │   500   │ 1050000  │ 22850000  │ 1670841840000 │ '2022-12-12T10:44:00.000Z' │ 100 │  0  │  0  │ Infinity │    0     │ 623.5 │ 1802.9 │  0  │      │  500   │  1050000  │   6000    │   12850000    │ 500  │ 1050000 │ 0.8 │
│   10    │ 2.1 │ 2.1 │ 2.1 │ 2.1 │       │          │   12000   │  1000   │ 2100000  │ 24950000  │ 1670842080000 │ '2022-12-12T10:48:00.000Z' │ 100 │  0  │  0  │ Infinity │    0     │ 623.5 │ 1802.9 │  0  │      │  1000  │  2100000  │   7000    │   14950000    │ 1000 │ 2100000 │ 1.6 │
│   11    │ 2.1 │ 2.1 │ 2.1 │ 2.1 │       │          │   12600   │   600   │ 1260000  │ 26210000  │ 1670842560000 │ '2022-12-12T10:56:00.000Z' │ 100 │  0  │  0  │ Infinity │    0     │ 623.5 │ 1802.9 │  0  │      │  600   │  1260000  │   7600    │   16210000    │ 600  │ 1260000 │  1  │
│   12    │ 2.1 │ 2.1 │ 2.1 │ 2.1 │       │          │   13400   │   800   │ 1680000  │ 27890000  │ 1670842680000 │ '2022-12-12T10:58:00.000Z' │ 100 │  0  │  0  │ Infinity │    0     │ 623.5 │ 1802.9 │  0  │      │  800   │  1680000  │   8400    │   17890000    │ 800  │ 1680000 │ 1.3 │
│   13    │  2  │  2  │  2  │  2  │  900  │ 1800000  │   14300   │   900   │ 1800000  │ 29690000  │ 1670843160000 │ '2022-12-12T11:06:00.000Z' │  0  │ 100 │  0  │    0     │ Infinity │ 623.5 │ 1802.9 │  0  │ 0.5  │  -900  │ -1800000  │   7500    │   16090000    │      │         │     │
│   14    │  2  │  2  │  2  │  2  │ 5000  │ 10000000 │   19300   │  5000   │ 10000000 │ 39690000  │ 1670843280000 │ '2022-12-12T11:08:00.000Z' │  0  │ 100 │  0  │    0     │ Infinity │ 623.5 │ 1802.9 │  0  │ 2.8  │ -5000  │ -10000000 │   2500    │    6090000    │      │         │     │
│   15    │  2  │  2  │  2  │  2  │  100  │  200000  │   19400   │   100   │  200000  │ 39890000  │ 1670844000000 │ '2022-12-12T11:20:00.000Z' │  0  │ 100 │  0  │    0     │ Infinity │ 623.5 │ 1802.9 │  0  │ 0.1  │  -100  │  -200000  │   2400    │    5890000    │      │         │     │
│   16    │  2  │  2  │  2  │  2  │ 1500  │ 3000000  │   20900   │  1500   │ 3000000  │ 42890000  │ 1670850360000 │ '2022-12-12T13:06:00.000Z' │  0  │ 100 │  0  │    0     │ Infinity │ 623.5 │ 1802.9 │  0  │ 0.8  │ -1500  │ -3000000  │    900    │    2890000    │      │         │     │
│   17    │  2  │  2  │  2  │  2  │ 4500  │ 9000000  │   25400   │  4500   │ 9000000  │ 51890000  │ 1670850840000 │ '2022-12-12T13:14:00.000Z' │  0  │ 100 │  0  │    0     │ Infinity │ 623.5 │ 1802.9 │  0  │ 2.5  │ -4500  │ -9000000  │   -3600   │   -6110000    │      │         │     │
│   18    │  2  │  2  │  2  │  2  │ 3500  │ 7000000  │   28900   │  3500   │ 7000000  │ 58890000  │ 1670851560000 │ '2022-12-12T13:26:00.000Z' │  0  │ 100 │  0  │    0     │ Infinity │ 623.5 │ 1802.9 │  0  │ 1.9  │ -3500  │ -7000000  │   -7100   │   -13110000   │      │         │     │
│   19    │  2  │  2  │  2  │  2  │  200  │  400000  │   29100   │   200   │  400000  │ 59290000  │ 1670851920000 │ '2022-12-12T13:32:00.000Z' │  0  │ 100 │  0  │    0     │ Infinity │ 623.5 │ 1802.9 │  0  │ 0.1  │  -200  │  -400000  │   -7300   │   -13510000   │      │         │     │
│   20    │  2  │  2  │  2  │  2  │ 3000  │ 6000000  │   32100   │  3000   │ 6000000  │ 65290000  │ 1670852280000 │ '2022-12-12T13:38:00.000Z' │  0  │ 100 │  0  │    0     │ Infinity │ 623.5 │ 1802.9 │  0  │ 1.7  │ -3000  │ -6000000  │  -10300   │   -19510000   │      │         │     │
├─────────┼─────┼─────┼─────┼─────┼───────┼──────────┼───────────┼─────────┼──────────┼───────────┼───────────────┼────────────────────────────┼─────┼─────┼─────┼──────────┼──────────┼───────┼────────┼─────┼──────┼────────┼───────────┼───────────┼───────────────┼──────┼─────────┼─────┤
│ (index) │  c  │  h  │  l  │  o  │  sd   │  val_sd  │ total_vol │ sum_vol │   val    │ acum_val  │   datetime    │            date            │ pbu │ psd │ puk │    bs    │    sb    │  abu  │  asd   │ auk │ rsd  │ bu-sd  │ bu-sd_val │ acum_busd │ acum_busd_val │  bu  │ val_bu  │ rbu │
├─────────┼─────┼─────┼─────┼─────┼───────┼──────────┼───────────┼─────────┼──────────┼───────────┼───────────────┼────────────────────────────┼─────┼─────┼─────┼──────────┼──────────┼───────┼────────┼─────┼──────┼────────┼───────────┼───────────┼───────────────┼──────┼─────────┼─────┤
│   21    │ 2.1 │ 2.1 │ 2.1 │ 2.1 │       │          │   32200   │   100   │  210000  │ 65500000  │ 1670852520000 │ '2022-12-12T13:42:00.000Z' │ 100 │  0  │  0  │ Infinity │    0     │ 623.5 │ 1802.9 │  0  │      │  100   │  210000   │  -10200   │   -19300000   │ 100  │ 210000  │ 0.2 │
│   22    │  2  │  2  │  2  │  2  │ 10000 │ 20000000 │   42200   │  10000  │ 20000000 │ 85500000  │ 1670852880000 │ '2022-12-12T13:48:00.000Z' │  0  │ 100 │  0  │    0     │ Infinity │ 623.5 │ 1802.9 │  0  │ 5.5  │ -10000 │ -20000000 │  -20200   │   -39300000   │      │         │     │
│   23    │  2  │  2  │  2  │  2  │  300  │  600000  │   42600   │   400   │  800000  │ 86300000  │ 1670853120000 │ '2022-12-12T13:52:00.000Z' │ 25  │ 75  │  0  │   0.3    │    3     │ 623.5 │ 1802.9 │  0  │ 0.2  │  -200  │  -400000  │  -20400   │   -39700000   │ 100  │ 200000  │ 0.2 │
│   24    │  2  │  2  │  2  │  2  │       │          │   47100   │  4500   │ 9000000  │ 95300000  │ 1670853240000 │ '2022-12-12T13:54:00.000Z' │ 100 │  0  │  0  │ Infinity │    0     │ 623.5 │ 1802.9 │  0  │      │  4500  │  9000000  │  -15900   │   -30700000   │ 4500 │ 9000000 │ 7.2 │
│   25    │  2  │  2  │  2  │  2  │       │          │   48100   │  1000   │ 2000000  │ 97300000  │ 1670853360000 │ '2022-12-12T13:56:00.000Z' │ 100 │  0  │  0  │ Infinity │    0     │ 623.5 │ 1802.9 │  0  │      │  1000  │  2000000  │  -14900   │   -28700000   │ 1000 │ 2000000 │ 1.6 │
│   26    │  2  │  2  │  2  │  2  │       │          │   48200   │   100   │  200000  │ 97500000  │ 1670853600000 │ '2022-12-12T14:00:00.000Z' │ 100 │  0  │  0  │ Infinity │    0     │ 623.5 │ 1802.9 │  0  │      │  100   │  200000   │  -14800   │   -28500000   │ 100  │ 200000  │ 0.2 │
│   27    │ 2.1 │ 2.1 │  2  │  2  │       │          │   49600   │  1400   │ 2810000  │ 100310000 │ 1670853840000 │ '2022-12-12T14:04:00.000Z' │ 100 │  0  │  0  │ Infinity │    0     │ 623.5 │ 1802.9 │  0  │      │  1400  │  2810000  │  -13400   │   -25690000   │ 1400 │ 2810000 │ 2.2 │
│   28    │  2  │  2  │  2  │  2  │  300  │  600000  │   49900   │   300   │  600000  │ 100910000 │ 1670854080000 │ '2022-12-12T14:08:00.000Z' │  0  │ 100 │  0  │    0     │ Infinity │ 623.5 │ 1802.9 │  0  │ 0.2  │  -300  │  -600000  │  -13700   │   -26290000   │      │         │     │
│   29    │ 2.1 │ 2.1 │ 2.1 │ 2.1 │       │          │   50000   │   100   │  210000  │ 101120000 │ 1670854680000 │ '2022-12-12T14:18:00.000Z' │ 100 │  0  │  0  │ Infinity │    0     │ 623.5 │ 1802.9 │  0  │      │  100   │  210000   │  -13600   │   -26080000   │ 100  │ 210000  │ 0.2 │
│   30    │  2  │  2  │  2  │  2  │ 6600  │ 13200000 │   56600   │  6600   │ 13200000 │ 114320000 │ 1670854800000 │ '2022-12-12T14:20:00.000Z' │  0  │ 100 │  0  │    0     │ Infinity │ 623.5 │ 1802.9 │  0  │ 3.7  │ -6600  │ -13200000 │  -20200   │   -39280000   │      │         │     │
│   31    │ 1.9 │ 1.9 │ 1.9 │ 1.9 │ 22900 │ 43510000 │   79500   │  22900  │ 43510000 │ 157830000 │ 1670854920000 │ '2022-12-12T14:22:00.000Z' │  0  │ 100 │  0  │    0     │ Infinity │ 623.5 │ 1802.9 │  0  │ 12.7 │ -22900 │ -43510000 │  -43100   │   -82790000   │      │         │     │
│   32    │  2  │  2  │ 1.9 │ 1.9 │       │          │   81700   │  2200   │ 4190000  │ 162020000 │ 1670855040000 │ '2022-12-12T14:24:00.000Z' │ 100 │  0  │  0  │ Infinity │    0     │ 623.5 │ 1802.9 │  0  │      │  2200  │  4190000  │  -40900   │   -78600000   │ 2200 │ 4190000 │ 3.5 │
│   33    │  2  │  2  │  2  │  2  │       │          │   82500   │   800   │ 1600000  │ 163620000 │ 1670855280000 │ '2022-12-12T14:28:00.000Z' │ 100 │  0  │  0  │ Infinity │    0     │ 623.5 │ 1802.9 │  0  │      │  800   │  1600000  │  -40100   │   -77000000   │ 800  │ 1600000 │ 1.3 │
└─────────┴─────┴─────┴─────┴─────┴───────┴──────────┴───────────┴─────────┴──────────┴───────────┴───────────────┴────────────────────────────┴─────┴─────┴─────┴──────────┴──────────┴───────┴────────┴─────┴──────┴────────┴───────────┴───────────┴───────────────┴──────┴─────────┴─────┘

