┌─────────┬─────┬─────┬─────┬─────┬──────┬──────────┬───────────┬─────────┬──────────┬───────────┬───────┬──────────┬───────────────┬────────────────────────────┬──────┬──────┬─────┬──────────┬──────────┬───────┬────────┬─────┬──────┬──────┬────────┬───────────┬───────────┬───────────────┐
│ (index) │  c  │  h  │  l  │  o  │  bu  │  val_bu  │ total_vol │ sum_vol │   val    │ acum_val  │  sd   │  val_sd  │   datetime    │            date            │ pbu  │ psd  │ puk │    bs    │    sb    │  abu  │  asd   │ auk │ rsd  │ rbu  │ bu-sd  │ bu-sd_val │ acum_busd │ acum_busd_val │
├─────────┼─────┼─────┼─────┼─────┼──────┼──────────┼───────────┼─────────┼──────────┼───────────┼───────┼──────────┼───────────────┼────────────────────────────┼──────┼──────┼─────┼──────────┼──────────┼───────┼────────┼─────┼──────┼──────┼────────┼───────────┼───────────┼───────────────┤
│    0    │ 6.9 │  7  │ 6.9 │  7  │ 300  │   2100   │    500    │   500   │ 1382100  │  1382100  │  200  │ 1380000  │ 1670835600000 │ '2022-12-12T09:00:00.000Z' │  60  │  40  │  0  │   1.5    │   0.7    │ 313.7 │ 2233.3 │  0  │ 0.1  │  1   │  100   │ -1377900  │    100    │   -1377900    │
│    1    │  7  │  7  │  7  │  7  │ 500  │   3500   │   1000    │   500   │   3500   │  1385600  │       │          │ 1670835840000 │ '2022-12-12T09:04:00.000Z' │ 100  │  0   │  0  │ Infinity │    0     │ 313.7 │ 2233.3 │  0  │      │ 1.6  │  500   │   3500    │    600    │   -1374400    │
│    2    │  7  │  7  │  7  │  7  │      │          │   3300    │  2300   │  16100   │  1401700  │ 2300  │  16100   │ 1670836080000 │ '2022-12-12T09:08:00.000Z' │  0   │ 100  │  0  │    0     │ Infinity │ 313.7 │ 2233.3 │  0  │  1   │      │ -2300  │  -16100   │   -1700   │   -1390500    │
│    3    │  7  │  7  │  7  │  7  │      │          │   3800    │   500   │   3500   │  1405200  │  500  │   3500   │ 1670836200000 │ '2022-12-12T09:10:00.000Z' │  0   │ 100  │  0  │    0     │ Infinity │ 313.7 │ 2233.3 │  0  │ 0.2  │      │  -500  │   -3500   │   -2200   │   -1394000    │
│    4    │ 7.1 │ 7.1 │ 7.1 │ 7.1 │      │          │   10300   │  6500   │ 46150000 │ 47555200  │ 6500  │ 46150000 │ 1670836440000 │ '2022-12-12T09:14:00.000Z' │  0   │ 100  │  0  │    0     │ Infinity │ 313.7 │ 2233.3 │  0  │ 2.9  │      │ -6500  │ -46150000 │   -8700   │   -47544000   │
│    5    │  7  │ 7.1 │  7  │ 7.1 │ 700  │ 4970000  │   16400   │  6100   │ 26996100 │ 74551300  │ 5400  │ 22026100 │ 1670836800000 │ '2022-12-12T09:20:00.000Z' │ 11.5 │ 88.5 │  0  │   0.1    │   7.7    │ 313.7 │ 2233.3 │  0  │ 2.4  │ 2.2  │ -4700  │ -17056100 │  -13400   │   -64600100   │
│    6    │  7  │  7  │  7  │  7  │      │          │   26000   │  9600   │  67200   │ 74618500  │ 9600  │  67200   │ 1670837160000 │ '2022-12-12T09:26:00.000Z' │  0   │ 100  │  0  │    0     │ Infinity │ 313.7 │ 2233.3 │  0  │ 4.3  │      │ -9600  │  -67200   │  -23000   │   -64667300   │
│    7    │  7  │  7  │  7  │  7  │      │          │   36500   │  10500  │  73500   │ 74692000  │ 10500 │  73500   │ 1670837400000 │ '2022-12-12T09:30:00.000Z' │  0   │ 100  │  0  │    0     │ Infinity │ 313.7 │ 2233.3 │  0  │ 4.7  │      │ -10500 │  -73500   │  -33500   │   -64740800   │
│    8    │ 7.1 │ 7.1 │ 7.1 │ 7.1 │ 200  │ 1420000  │   36800   │   300   │ 2130000  │ 76822000  │  100  │  710000  │ 1670838360000 │ '2022-12-12T09:46:00.000Z' │ 66.7 │ 33.3 │  0  │    2     │   0.5    │ 313.7 │ 2233.3 │  0  │  0   │ 0.6  │  100   │  710000   │  -33400   │   -64030800   │
│    9    │ 7.1 │ 7.1 │ 7.1 │ 7.1 │      │          │   37300   │   500   │ 3550000  │ 80372000  │  500  │ 3550000  │ 1670838600000 │ '2022-12-12T09:50:00.000Z' │  0   │ 100  │  0  │    0     │ Infinity │ 313.7 │ 2233.3 │  0  │ 0.2  │      │  -500  │ -3550000  │  -33900   │   -67580800   │
│   10    │ 7.1 │ 7.1 │ 7.1 │ 7.1 │ 4400 │ 31240000 │   41700   │  4400   │ 31240000 │ 111612000 │       │          │ 1670838720000 │ '2022-12-12T09:52:00.000Z' │ 100  │  0   │  0  │ Infinity │    0     │ 313.7 │ 2233.3 │  0  │      │  14  │  4400  │ 31240000  │  -29500   │   -36340800   │
│   11    │ 7.1 │ 7.1 │ 7.1 │ 7.1 │ 300  │ 2130000  │   42000   │   300   │ 2130000  │ 113742000 │       │          │ 1670838840000 │ '2022-12-12T09:54:00.000Z' │ 100  │  0   │  0  │ Infinity │    0     │ 313.7 │ 2233.3 │  0  │      │  1   │  300   │  2130000  │  -29200   │   -34210800   │
│   12    │ 7.1 │ 7.1 │ 7.1 │ 7.1 │ 300  │ 2130000  │   42300   │   300   │ 2130000  │ 115872000 │       │          │ 1670838960000 │ '2022-12-12T09:56:00.000Z' │ 100  │  0   │  0  │ Infinity │    0     │ 313.7 │ 2233.3 │  0  │      │  1   │  300   │  2130000  │  -28900   │   -32080800   │
│   13    │  7  │ 7.1 │  7  │ 7.1 │ 300  │ 2130000  │   44100   │  1800   │ 2140500  │ 118012500 │ 1500  │  10500   │ 1670839200000 │ '2022-12-12T10:00:00.000Z' │ 16.7 │ 83.3 │  0  │   0.2    │    5     │ 313.7 │ 2233.3 │  0  │ 0.7  │  1   │ -1200  │  2119500  │  -30100   │   -29961300   │
│   14    │  7  │  7  │  7  │  7  │      │          │   44200   │   100   │   700    │ 118013200 │  100  │   700    │ 1670839320000 │ '2022-12-12T10:02:00.000Z' │  0   │ 100  │  0  │    0     │ Infinity │ 313.7 │ 2233.3 │  0  │  0   │      │  -100  │   -700    │  -30200   │   -29962000   │
│   15    │  7  │  7  │  7  │  7  │      │          │   45200   │  1000   │   7000   │ 118020200 │ 1000  │   7000   │ 1670839440000 │ '2022-12-12T10:04:00.000Z' │  0   │ 100  │  0  │    0     │ Infinity │ 313.7 │ 2233.3 │  0  │ 0.4  │      │ -1000  │   -7000   │  -31200   │   -29969000   │
│   16    │  7  │  7  │  7  │  7  │      │          │   46200   │  1000   │   7000   │ 118027200 │ 1000  │   7000   │ 1670839560000 │ '2022-12-12T10:06:00.000Z' │  0   │ 100  │  0  │    0     │ Infinity │ 313.7 │ 2233.3 │  0  │ 0.4  │      │ -1000  │   -7000   │  -32200   │   -29976000   │
│   17    │  7  │  7  │  7  │  7  │      │          │   46300   │   100   │   700    │ 118027900 │  100  │   700    │ 1670839680000 │ '2022-12-12T10:08:00.000Z' │  0   │ 100  │  0  │    0     │ Infinity │ 313.7 │ 2233.3 │  0  │  0   │      │  -100  │   -700    │  -32300   │   -29976700   │
│   18    │ 7.1 │ 7.1 │ 7.1 │ 7.1 │ 200  │ 1420000  │   46500   │   200   │ 1420000  │ 119447900 │       │          │ 1670839800000 │ '2022-12-12T10:10:00.000Z' │ 100  │  0   │  0  │ Infinity │    0     │ 313.7 │ 2233.3 │  0  │      │ 0.6  │  200   │  1420000  │  -32100   │   -28556700   │
│   19    │  7  │  7  │  7  │  7  │      │          │   47000   │   500   │   3500   │ 119451400 │  500  │   3500   │ 1670840640000 │ '2022-12-12T10:24:00.000Z' │  0   │ 100  │  0  │    0     │ Infinity │ 313.7 │ 2233.3 │  0  │ 0.2  │      │  -500  │   -3500   │  -32600   │   -28560200   │
│   20    │ 7.1 │ 7.1 │ 7.1 │ 7.1 │ 200  │ 1420000  │   47200   │   200   │ 1420000  │ 120871400 │       │          │ 1670840880000 │ '2022-12-12T10:28:00.000Z' │ 100  │  0   │  0  │ Infinity │    0     │ 313.7 │ 2233.3 │  0  │      │ 0.6  │  200   │  1420000  │  -32400   │   -27140200   │
├─────────┼─────┼─────┼─────┼─────┼──────┼──────────┼───────────┼─────────┼──────────┼───────────┼───────┼──────────┼───────────────┼────────────────────────────┼──────┼──────┼─────┼──────────┼──────────┼───────┼────────┼─────┼──────┼──────┼────────┼───────────┼───────────┼───────────────┤
│ (index) │  c  │  h  │  l  │  o  │  bu  │  val_bu  │ total_vol │ sum_vol │   val    │ acum_val  │  sd   │  val_sd  │   datetime    │            date            │ pbu  │ psd  │ puk │    bs    │    sb    │  abu  │  asd   │ auk │ rsd  │ rbu  │ bu-sd  │ bu-sd_val │ acum_busd │ acum_busd_val │
├─────────┼─────┼─────┼─────┼─────┼──────┼──────────┼───────────┼─────────┼──────────┼───────────┼───────┼──────────┼───────────────┼────────────────────────────┼──────┼──────┼─────┼──────────┼──────────┼───────┼────────┼─────┼──────┼──────┼────────┼───────────┼───────────┼───────────────┤
│   21    │ 7.1 │ 7.1 │ 7.1 │ 7.1 │ 500  │ 3550000  │   47700   │   500   │ 3550000  │ 124421400 │       │          │ 1670841120000 │ '2022-12-12T10:32:00.000Z' │ 100  │  0   │  0  │ Infinity │    0     │ 313.7 │ 2233.3 │  0  │      │ 1.6  │  500   │  3550000  │  -31900   │   -23590200   │
│   22    │ 7.1 │ 7.1 │ 7.1 │ 7.1 │ 5000 │ 35500000 │   52700   │  5000   │ 35500000 │ 159921400 │       │          │ 1670841240000 │ '2022-12-12T10:34:00.000Z' │ 100  │  0   │  0  │ Infinity │    0     │ 313.7 │ 2233.3 │  0  │      │ 15.9 │  5000  │ 35500000  │  -26900   │   11909800    │
│   23    │  7  │  7  │  7  │  7  │      │          │   52900   │   200   │   1400   │ 159922800 │  200  │   1400   │ 1670841480000 │ '2022-12-12T10:38:00.000Z' │  0   │ 100  │  0  │    0     │ Infinity │ 313.7 │ 2233.3 │  0  │ 0.1  │      │  -200  │   -1400   │  -27100   │   11908400    │
│   24    │  7  │  7  │  7  │  7  │      │          │   57900   │  5000   │  35000   │ 159957800 │ 5000  │  35000   │ 1670841720000 │ '2022-12-12T10:42:00.000Z' │  0   │ 100  │  0  │    0     │ Infinity │ 313.7 │ 2233.3 │  0  │ 2.2  │      │ -5000  │  -35000   │  -32100   │   11873400    │
│   25    │  7  │  7  │  7  │  7  │      │          │   58100   │   200   │   1400   │ 159959200 │  200  │   1400   │ 1670842440000 │ '2022-12-12T10:54:00.000Z' │  0   │ 100  │  0  │    0     │ Infinity │ 313.7 │ 2233.3 │  0  │ 0.1  │      │  -200  │   -1400   │  -32300   │   11872000    │
│   26    │  7  │  7  │  7  │  7  │      │          │   58700   │   600   │   4200   │ 159963400 │  600  │   4200   │ 1670842920000 │ '2022-12-12T11:02:00.000Z' │  0   │ 100  │  0  │    0     │ Infinity │ 313.7 │ 2233.3 │  0  │ 0.3  │      │  -600  │   -4200   │  -32900   │   11867800    │
│   27    │ 7.1 │ 7.1 │ 7.1 │ 7.1 │ 500  │ 3550000  │   59200   │   500   │ 3550000  │ 163513400 │       │          │ 1670843160000 │ '2022-12-12T11:06:00.000Z' │ 100  │  0   │  0  │ Infinity │    0     │ 313.7 │ 2233.3 │  0  │      │ 1.6  │  500   │  3550000  │  -32400   │   15417800    │
│   28    │  7  │  7  │  7  │  7  │      │          │   59700   │   500   │   3500   │ 163516900 │  500  │   3500   │ 1670843520000 │ '2022-12-12T11:12:00.000Z' │  0   │ 100  │  0  │    0     │ Infinity │ 313.7 │ 2233.3 │  0  │ 0.2  │      │  -500  │   -3500   │  -32900   │   15414300    │
│   29    │  7  │  7  │  7  │  7  │      │          │   59900   │   200   │   1400   │ 163518300 │  200  │   1400   │ 1670843880000 │ '2022-12-12T11:18:00.000Z' │  0   │ 100  │  0  │    0     │ Infinity │ 313.7 │ 2233.3 │  0  │ 0.1  │      │  -200  │   -1400   │  -33100   │   15412900    │
│   30    │  7  │  7  │  7  │  7  │      │          │   60000   │   100   │   700    │ 163519000 │  100  │   700    │ 1670844000000 │ '2022-12-12T11:20:00.000Z' │  0   │ 100  │  0  │    0     │ Infinity │ 313.7 │ 2233.3 │  0  │  0   │      │  -100  │   -700    │  -33200   │   15412200    │
│   31    │  7  │  7  │  7  │  7  │      │          │   64000   │  4000   │  28000   │ 163547000 │ 4000  │  28000   │ 1670850000000 │ '2022-12-12T13:00:00.000Z' │  0   │ 100  │  0  │    0     │ Infinity │ 313.7 │ 2233.3 │  0  │ 1.8  │      │ -4000  │  -28000   │  -37200   │   15384200    │
│   32    │  7  │  7  │  7  │  7  │      │          │   64500   │   500   │   3500   │ 163550500 │  500  │   3500   │ 1670850240000 │ '2022-12-12T13:04:00.000Z' │  0   │ 100  │  0  │    0     │ Infinity │ 313.7 │ 2233.3 │  0  │ 0.2  │      │  -500  │   -3500   │  -37700   │   15380700    │
│   33    │  7  │  7  │  7  │  7  │      │          │   65000   │   500   │   3500   │ 163554000 │  500  │   3500   │ 1670850360000 │ '2022-12-12T13:06:00.000Z' │  0   │ 100  │  0  │    0     │ Infinity │ 313.7 │ 2233.3 │  0  │ 0.2  │      │  -500  │   -3500   │  -38200   │   15377200    │
│   34    │  7  │  7  │  7  │  7  │      │          │   65200   │   200   │   1400   │ 163555400 │  200  │   1400   │ 1670850480000 │ '2022-12-12T13:08:00.000Z' │  0   │ 100  │  0  │    0     │ Infinity │ 313.7 │ 2233.3 │  0  │ 0.1  │      │  -200  │   -1400   │  -38400   │   15375800    │
│   35    │  7  │  7  │  7  │  7  │      │          │   90700   │  25500  │  178500  │ 163733900 │ 25500 │  178500  │ 1670850960000 │ '2022-12-12T13:16:00.000Z' │  0   │ 100  │  0  │    0     │ Infinity │ 313.7 │ 2233.3 │  0  │ 11.4 │      │ -25500 │  -178500  │  -63900   │   15197300    │
│   36    │  7  │  7  │  7  │  7  │ 1600 │  11200   │   93100   │  2400   │  16800   │ 163750700 │  800  │   5600   │ 1670851080000 │ '2022-12-12T13:18:00.000Z' │ 66.7 │ 33.3 │  0  │    2     │   0.5    │ 313.7 │ 2233.3 │  0  │ 0.4  │ 5.1  │  800   │   5600    │  -63100   │   15202900    │
│   37    │ 6.9 │ 6.9 │ 6.9 │ 6.9 │      │          │  105200   │  12100  │ 83490000 │ 247240700 │ 12100 │ 83490000 │ 1670851200000 │ '2022-12-12T13:20:00.000Z' │  0   │ 100  │  0  │    0     │ Infinity │ 313.7 │ 2233.3 │  0  │ 5.4  │      │ -12100 │ -83490000 │  -75200   │   -68287100   │
│   38    │  7  │  7  │  7  │  7  │ 700  │   4900   │  105900   │   700   │   4900   │ 247245600 │       │          │ 1670852160000 │ '2022-12-12T13:36:00.000Z' │ 100  │  0   │  0  │ Infinity │    0     │ 313.7 │ 2233.3 │  0  │      │ 2.2  │  700   │   4900    │  -74500   │   -68282200   │
│   39    │  7  │  7  │  7  │  7  │ 100  │   700    │  106000   │   100   │   700    │ 247246300 │       │          │ 1670852760000 │ '2022-12-12T13:46:00.000Z' │ 100  │  0   │  0  │ Infinity │    0     │ 313.7 │ 2233.3 │  0  │      │ 0.3  │  100   │    700    │  -74400   │   -68281500   │
│   40    │ 6.9 │ 6.9 │ 6.9 │ 6.9 │      │          │  106300   │   300   │ 2070000  │ 249316300 │  300  │ 2070000  │ 1670853360000 │ '2022-12-12T13:56:00.000Z' │  0   │ 100  │  0  │    0     │ Infinity │ 313.7 │ 2233.3 │  0  │ 0.1  │      │  -300  │ -2070000  │  -74700   │   -70351500   │
├─────────┼─────┼─────┼─────┼─────┼──────┼──────────┼───────────┼─────────┼──────────┼───────────┼───────┼──────────┼───────────────┼────────────────────────────┼──────┼──────┼─────┼──────────┼──────────┼───────┼────────┼─────┼──────┼──────┼────────┼───────────┼───────────┼───────────────┤
│ (index) │  c  │  h  │  l  │  o  │  bu  │  val_bu  │ total_vol │ sum_vol │   val    │ acum_val  │  sd   │  val_sd  │   datetime    │            date            │ pbu  │ psd  │ puk │    bs    │    sb    │  abu  │  asd   │ auk │ rsd  │ rbu  │ bu-sd  │ bu-sd_val │ acum_busd │ acum_busd_val │
├─────────┼─────┼─────┼─────┼─────┼──────┼──────────┼───────────┼─────────┼──────────┼───────────┼───────┼──────────┼───────────────┼────────────────────────────┼──────┼──────┼─────┼──────────┼──────────┼───────┼────────┼─────┼──────┼──────┼────────┼───────────┼───────────┼───────────────┤
│   41    │ 6.9 │ 6.9 │ 6.9 │ 6.9 │      │          │  106400   │   100   │  690000  │ 250006300 │  100  │  690000  │ 1670853480000 │ '2022-12-12T13:58:00.000Z' │  0   │ 100  │  0  │    0     │ Infinity │ 313.7 │ 2233.3 │  0  │  0   │      │  -100  │  -690000  │  -74800   │   -71041500   │
│   42    │ 6.9 │ 6.9 │ 6.9 │ 6.9 │      │          │  106900   │   500   │ 3450000  │ 253456300 │  500  │ 3450000  │ 1670853720000 │ '2022-12-12T14:02:00.000Z' │  0   │ 100  │  0  │    0     │ Infinity │ 313.7 │ 2233.3 │  0  │ 0.2  │      │  -500  │ -3450000  │  -75300   │   -74491500   │
│   43    │ 6.9 │ 6.9 │ 6.9 │ 6.9 │      │          │  107400   │   500   │ 3450000  │ 256906300 │  500  │ 3450000  │ 1670853960000 │ '2022-12-12T14:06:00.000Z' │  0   │ 100  │  0  │    0     │ Infinity │ 313.7 │ 2233.3 │  0  │ 0.2  │      │  -500  │ -3450000  │  -75800   │   -77941500   │
│   44    │ 6.9 │ 6.9 │ 6.9 │ 6.9 │      │          │  112700   │  5300   │ 36570000 │ 293476300 │ 5300  │ 36570000 │ 1670854080000 │ '2022-12-12T14:08:00.000Z' │  0   │ 100  │  0  │    0     │ Infinity │ 313.7 │ 2233.3 │  0  │ 2.4  │      │ -5300  │ -36570000 │  -81100   │  -114511500   │
│   45    │ 6.9 │ 6.9 │ 6.9 │ 6.9 │      │          │  112900   │   200   │ 1380000  │ 294856300 │  200  │ 1380000  │ 1670854560000 │ '2022-12-12T14:16:00.000Z' │  0   │ 100  │  0  │    0     │ Infinity │ 313.7 │ 2233.3 │  0  │ 0.1  │      │  -200  │ -1380000  │  -81300   │  -115891500   │
│   46    │ 6.9 │ 6.9 │ 6.9 │ 6.9 │ 100  │  690000  │  119200   │  6300   │ 43470000 │ 338326300 │ 6200  │ 42780000 │ 1670854800000 │ '2022-12-12T14:20:00.000Z' │ 1.6  │ 98.4 │  0  │    0     │    62    │ 313.7 │ 2233.3 │  0  │ 2.8  │ 0.3  │ -6100  │ -42090000 │  -87400   │  -157981500   │
│   47    │ 6.9 │ 6.9 │ 6.9 │ 6.9 │ 100  │  690000  │  119300   │   100   │  690000  │ 339016300 │       │          │ 1670854920000 │ '2022-12-12T14:22:00.000Z' │ 100  │  0   │  0  │ Infinity │    0     │ 313.7 │ 2233.3 │  0  │      │ 0.3  │  100   │  690000   │  -87300   │  -157291500   │
│   48    │ 6.8 │ 6.8 │ 6.8 │ 6.8 │      │          │  120400   │  1100   │ 7480000  │ 346496300 │ 1100  │ 7480000  │ 1670855160000 │ '2022-12-12T14:26:00.000Z' │  0   │ 100  │  0  │    0     │ Infinity │ 313.7 │ 2233.3 │  0  │ 0.5  │      │ -1100  │ -7480000  │  -88400   │  -164771500   │
│   49    │ 6.8 │ 6.8 │ 6.8 │ 6.8 │      │          │  121300   │   900   │ 6120000  │ 352616300 │  900  │ 6120000  │ 1670855280000 │ '2022-12-12T14:28:00.000Z' │  0   │ 100  │  0  │    0     │ Infinity │ 313.7 │ 2233.3 │  0  │ 0.4  │      │  -900  │ -6120000  │  -89300   │  -170891500   │
│   50    │ 6.8 │ 6.8 │ 6.8 │ 6.8 │      │          │  129900   │  8600   │ 58480000 │ 411096300 │ 8600  │ 58480000 │ 1670856240000 │ '2022-12-12T14:44:00.000Z' │  0   │ 100  │  0  │    0     │ Infinity │ 313.7 │ 2233.3 │  0  │ 3.9  │      │ -8600  │ -58480000 │  -97900   │  -229371500   │
└─────────┴─────┴─────┴─────┴─────┴──────┴──────────┴───────────┴─────────┴──────────┴───────────┴───────┴──────────┴───────────────┴────────────────────────────┴──────┴──────┴─────┴──────────┴──────────┴───────┴────────┴─────┴──────┴──────┴────────┴───────────┴───────────┴───────────────┘

