┌─────────┬──────┬──────┬──────┬──────┬────────┬───────────┬───────────┬─────────┬────────────┬────────────┬───────────────┬────────────────────────────┬──────┬──────┬─────┬─────┬──────────┬──────┬───────┬─────┬─────┬────────┬────────────┬───────────┬───────────────┬───────┬───────────┬─────┐
│ (index) │  c   │  h   │  l   │  o   │   sd   │  val_sd   │ total_vol │ sum_vol │    val     │  acum_val  │   datetime    │            date            │ pbu  │ psd  │ puk │ bs  │    sb    │ abu  │  asd  │ auk │ rsd │ bu-sd  │ bu-sd_val  │ acum_busd │ acum_busd_val │  bu   │  val_bu   │ rbu │
├─────────┼──────┼──────┼──────┼──────┼────────┼───────────┼───────────┼─────────┼────────────┼────────────┼───────────────┼────────────────────────────┼──────┼──────┼─────┼─────┼──────────┼──────┼───────┼─────┼─────┼────────┼────────────┼───────────┼───────────────┼───────┼───────────┼─────┤
│    0    │ 6.86 │ 6.86 │ 6.86 │ 6.86 │ 29000  │ 198940000 │   29000   │  29000  │ 198940000  │ 198940000  │ 1670836500000 │ '2022-12-12T09:15:00.000Z' │  0   │ 100  │  0  │  0  │ Infinity │ 1632 │ 11572 │  0  │ 2.5 │ -29000 │ -198940000 │  -29000   │  -198940000   │       │           │     │
│    1    │ 6.86 │ 6.86 │ 6.86 │ 6.86 │  3500  │ 24010000  │   32500   │  3500   │  24010000  │ 222950000  │ 1670836800000 │ '2022-12-12T09:20:00.000Z' │  0   │ 100  │  0  │  0  │ Infinity │ 1632 │ 11572 │  0  │ 0.3 │ -3500  │ -24010000  │  -32500   │  -222950000   │       │           │     │
│    2    │ 6.86 │ 6.86 │ 6.86 │ 6.86 │  3800  │ 26068000  │   36300   │  3800   │  26068000  │ 249018000  │ 1670837400000 │ '2022-12-12T09:30:00.000Z' │  0   │ 100  │  0  │  0  │ Infinity │ 1632 │ 11572 │  0  │ 0.3 │ -3800  │ -26068000  │  -36300   │  -249018000   │       │           │     │
│    3    │ 6.86 │ 6.86 │ 6.86 │ 6.86 │  8500  │ 58310000  │   44800   │  8500   │  58310000  │ 307328000  │ 1670837700000 │ '2022-12-12T09:35:00.000Z' │  0   │ 100  │  0  │  0  │ Infinity │ 1632 │ 11572 │  0  │ 0.7 │ -8500  │ -58310000  │  -44800   │  -307328000   │       │           │     │
│    4    │ 6.86 │ 6.86 │ 6.86 │ 6.86 │  900   │  6174000  │   45700   │   900   │  6174000   │ 313502000  │ 1670838000000 │ '2022-12-12T09:40:00.000Z' │  0   │ 100  │  0  │  0  │ Infinity │ 1632 │ 11572 │  0  │ 0.1 │  -900  │  -6174000  │  -45700   │  -313502000   │       │           │     │
│    5    │ 6.86 │ 6.86 │ 6.86 │ 6.86 │  1000  │  6860000  │   46700   │  1000   │  6860000   │ 320362000  │ 1670838300000 │ '2022-12-12T09:45:00.000Z' │  0   │ 100  │  0  │  0  │ Infinity │ 1632 │ 11572 │  0  │ 0.1 │ -1000  │  -6860000  │  -46700   │  -320362000   │       │           │     │
│    6    │ 6.86 │ 6.86 │ 6.86 │ 6.86 │  2000  │ 13720000  │   48700   │  2000   │  13720000  │ 334082000  │ 1670839800000 │ '2022-12-12T10:10:00.000Z' │  0   │ 100  │  0  │  0  │ Infinity │ 1632 │ 11572 │  0  │ 0.2 │ -2000  │ -13720000  │  -48700   │  -334082000   │       │           │     │
│    7    │ 6.86 │ 6.86 │ 6.86 │ 6.86 │  500   │  3430000  │   49200   │   500   │  3430000   │ 337512000  │ 1670840700000 │ '2022-12-12T10:25:00.000Z' │  0   │ 100  │  0  │  0  │ Infinity │ 1632 │ 11572 │  0  │  0  │  -500  │  -3430000  │  -49200   │  -337512000   │       │           │     │
│    8    │ 6.86 │ 6.86 │ 6.86 │ 6.86 │  1500  │ 10290000  │   50700   │  1500   │  10290000  │ 347802000  │ 1670841300000 │ '2022-12-12T10:35:00.000Z' │  0   │ 100  │  0  │  0  │ Infinity │ 1632 │ 11572 │  0  │ 0.1 │ -1500  │ -10290000  │  -50700   │  -347802000   │       │           │     │
│    9    │ 6.86 │ 6.86 │ 6.86 │ 6.86 │  1000  │  6860000  │   51700   │  1000   │  6860000   │ 354662000  │ 1670841600000 │ '2022-12-12T10:40:00.000Z' │  0   │ 100  │  0  │  0  │ Infinity │ 1632 │ 11572 │  0  │ 0.1 │ -1000  │  -6860000  │  -51700   │  -354662000   │       │           │     │
│   10    │ 6.86 │ 6.86 │ 6.86 │ 6.86 │  700   │  4802000  │   52400   │   700   │  4802000   │ 359464000  │ 1670843100000 │ '2022-12-12T11:05:00.000Z' │  0   │ 100  │  0  │  0  │ Infinity │ 1632 │ 11572 │  0  │ 0.1 │  -700  │  -4802000  │  -52400   │  -359464000   │       │           │     │
│   11    │ 6.86 │ 6.86 │ 6.86 │ 6.86 │  900   │  6174000  │   53300   │   900   │  6174000   │ 365638000  │ 1670844300000 │ '2022-12-12T11:25:00.000Z' │  0   │ 100  │  0  │  0  │ Infinity │ 1632 │ 11572 │  0  │ 0.1 │  -900  │  -6174000  │  -53300   │  -365638000   │       │           │     │
│   12    │ 6.86 │ 6.86 │ 6.86 │ 6.86 │  100   │  686000   │   53400   │   100   │   686000   │ 366324000  │ 1670850000000 │ '2022-12-12T13:00:00.000Z' │  0   │ 100  │  0  │  0  │ Infinity │ 1632 │ 11572 │  0  │  0  │  -100  │  -686000   │  -53400   │  -366324000   │       │           │     │
│   13    │ 6.86 │ 6.86 │ 6.86 │ 6.86 │  1000  │  6860000  │   54400   │  1000   │  6860000   │ 373184000  │ 1670850600000 │ '2022-12-12T13:10:00.000Z' │  0   │ 100  │  0  │  0  │ Infinity │ 1632 │ 11572 │  0  │ 0.1 │ -1000  │  -6860000  │  -54400   │  -373184000   │       │           │     │
│   14    │ 6.86 │ 6.86 │ 6.86 │ 6.86 │  100   │  686000   │   54500   │   100   │   686000   │ 373870000  │ 1670850900000 │ '2022-12-12T13:15:00.000Z' │  0   │ 100  │  0  │  0  │ Infinity │ 1632 │ 11572 │  0  │  0  │  -100  │  -686000   │  -54500   │  -373870000   │       │           │     │
│   15    │ 6.86 │ 6.86 │ 6.86 │ 6.86 │  3000  │ 20580000  │   57500   │  3000   │  20580000  │ 394450000  │ 1670851200000 │ '2022-12-12T13:20:00.000Z' │  0   │ 100  │  0  │  0  │ Infinity │ 1632 │ 11572 │  0  │ 0.3 │ -3000  │ -20580000  │  -57500   │  -394450000   │       │           │     │
│   16    │ 6.86 │ 6.86 │ 6.86 │ 6.86 │  1000  │  6860000  │   58500   │  1000   │  6860000   │ 401310000  │ 1670851800000 │ '2022-12-12T13:30:00.000Z' │  0   │ 100  │  0  │  0  │ Infinity │ 1632 │ 11572 │  0  │ 0.1 │ -1000  │  -6860000  │  -58500   │  -401310000   │       │           │     │
│   17    │ 6.86 │ 6.86 │ 6.86 │ 6.86 │  3000  │ 20580000  │   61500   │  3000   │  20580000  │ 421890000  │ 1670852100000 │ '2022-12-12T13:35:00.000Z' │  0   │ 100  │  0  │  0  │ Infinity │ 1632 │ 11572 │  0  │ 0.3 │ -3000  │ -20580000  │  -61500   │  -421890000   │       │           │     │
│   18    │ 6.86 │ 6.86 │ 6.86 │ 6.86 │  500   │  3430000  │   62000   │   500   │  3430000   │ 425320000  │ 1670853300000 │ '2022-12-12T13:55:00.000Z' │  0   │ 100  │  0  │  0  │ Infinity │ 1632 │ 11572 │  0  │  0  │  -500  │  -3430000  │  -62000   │  -425320000   │       │           │     │
│   19    │ 6.86 │ 6.86 │ 6.86 │ 6.86 │ 41600  │ 285376000 │  103600   │  41600  │ 285376000  │ 710696000  │ 1670853900000 │ '2022-12-12T14:05:00.000Z' │  0   │ 100  │  0  │  0  │ Infinity │ 1632 │ 11572 │  0  │ 3.6 │ -41600 │ -285376000 │  -103600  │  -710696000   │       │           │     │
│   20    │ 6.86 │ 6.86 │ 6.86 │ 6.86 │  1900  │ 13034000  │  105500   │  1900   │  13034000  │ 723730000  │ 1670854200000 │ '2022-12-12T14:10:00.000Z' │  0   │ 100  │  0  │  0  │ Infinity │ 1632 │ 11572 │  0  │ 0.2 │ -1900  │ -13034000  │  -105500  │  -723730000   │       │           │     │
├─────────┼──────┼──────┼──────┼──────┼────────┼───────────┼───────────┼─────────┼────────────┼────────────┼───────────────┼────────────────────────────┼──────┼──────┼─────┼─────┼──────────┼──────┼───────┼─────┼─────┼────────┼────────────┼───────────┼───────────────┼───────┼───────────┼─────┤
│ (index) │  c   │  h   │  l   │  o   │   sd   │  val_sd   │ total_vol │ sum_vol │    val     │  acum_val  │   datetime    │            date            │ pbu  │ psd  │ puk │ bs  │    sb    │ abu  │  asd  │ auk │ rsd │ bu-sd  │ bu-sd_val  │ acum_busd │ acum_busd_val │  bu   │  val_bu   │ rbu │
├─────────┼──────┼──────┼──────┼──────┼────────┼───────────┼───────────┼─────────┼────────────┼────────────┼───────────────┼────────────────────────────┼──────┼──────┼─────┼─────┼──────────┼──────┼───────┼─────┼─────┼────────┼────────────┼───────────┼───────────────┼───────┼───────────┼─────┤
│   21    │ 6.86 │ 6.86 │ 6.86 │ 6.86 │  3000  │ 20580000  │  108500   │  3000   │  20580000  │ 744310000  │ 1670854500000 │ '2022-12-12T14:15:00.000Z' │  0   │ 100  │  0  │  0  │ Infinity │ 1632 │ 11572 │  0  │ 0.3 │ -3000  │ -20580000  │  -108500  │  -744310000   │       │           │     │
│   22    │ 6.86 │ 6.86 │ 6.86 │ 6.86 │ 30700  │ 210602000 │  139200   │  30700  │ 210602000  │ 954912000  │ 1670854800000 │ '2022-12-12T14:20:00.000Z' │  0   │ 100  │  0  │  0  │ Infinity │ 1632 │ 11572 │  0  │ 2.7 │ -30700 │ -210602000 │  -139200  │  -954912000   │       │           │     │
│   23    │ 6.85 │ 6.86 │ 6.85 │ 6.86 │ 111400 │ 764133000 │  291400   │ 152200  │ 1043971000 │ 1998883000 │ 1670855100000 │ '2022-12-12T14:25:00.000Z' │ 26.8 │ 73.2 │  0  │ 0.4 │   2.7    │ 1632 │ 11572 │  0  │ 9.6 │ -70600 │ -484295000 │  -209800  │  -1439207000  │ 40800 │ 279838000 │ 25  │
│   24    │ 6.86 │ 6.86 │ 6.86 │ 6.86 │ 38700  │ 265482000 │  330100   │  38700  │ 265482000  │ 2264365000 │ 1670856300000 │ '2022-12-12T14:45:00.000Z' │  0   │ 100  │  0  │  0  │ Infinity │ 1632 │ 11572 │  0  │ 3.3 │ -38700 │ -265482000 │  -248500  │  -1704689000  │       │           │     │
└─────────┴──────┴──────┴──────┴──────┴────────┴───────────┴───────────┴─────────┴────────────┴────────────┴───────────────┴────────────────────────────┴──────┴──────┴─────┴─────┴──────────┴──────┴───────┴─────┴─────┴────────┴────────────┴───────────┴───────────────┴───────┴───────────┴─────┘

