┌─────────┬──────┬──────┬──────┬──────┬───────┬────────────────────┬───────────┬─────────┬────────────────────┬────────────┬───────────────┬────────────────────────────┬─────┬─────┬─────┬──────────┬────┬────────┬─────┬─────┬──────┬───────┬────────────────────┬───────────┬───────────────┐
│ (index) │  c   │  h   │  l   │  o   │  bu   │       val_bu       │ total_vol │ sum_vol │        val         │  acum_val  │   datetime    │            date            │ pbu │ psd │ puk │    bs    │ sb │  abu   │ asd │ auk │ rbu  │ bu-sd │     bu-sd_val      │ acum_busd │ acum_busd_val │
├─────────┼──────┼──────┼──────┼──────┼───────┼────────────────────┼───────────┼─────────┼────────────────────┼────────────┼───────────────┼────────────────────────────┼─────┼─────┼─────┼──────────┼────┼────────┼─────┼─────┼──────┼───────┼────────────────────┼───────────┼───────────────┤
│    0    │ 4.65 │ 4.65 │ 4.65 │ 4.65 │ 71700 │     333405000      │   71700   │  71700  │     333405000      │ 333405000  │ 1670836440000 │ '2022-12-12T09:14:00.000Z' │ 100 │  0  │  0  │ Infinity │ 0  │ 3476.3 │  0  │  0  │ 20.6 │ 71700 │     333405000      │   71700   │   333405000   │
│    1    │ 4.65 │ 4.65 │ 4.65 │ 4.65 │ 18600 │      86490000      │   90300   │  18600  │      86490000      │ 419895000  │ 1670836560000 │ '2022-12-12T09:16:00.000Z' │ 100 │  0  │  0  │ Infinity │ 0  │ 3476.3 │  0  │  0  │ 5.4  │ 18600 │      86490000      │   90300   │   419895000   │
│    2    │ 4.65 │ 4.65 │ 4.65 │ 4.65 │ 1700  │      7905000       │   92000   │  1700   │      7905000       │ 427800000  │ 1670836680000 │ '2022-12-12T09:18:00.000Z' │ 100 │  0  │  0  │ Infinity │ 0  │ 3476.3 │  0  │  0  │ 0.5  │ 1700  │      7905000       │   92000   │   427800000   │
│    3    │ 4.65 │ 4.65 │ 4.65 │ 4.65 │ 8900  │      41385000      │  100900   │  8900   │      41385000      │ 469185000  │ 1670836800000 │ '2022-12-12T09:20:00.000Z' │ 100 │  0  │  0  │ Infinity │ 0  │ 3476.3 │  0  │  0  │ 2.6  │ 8900  │      41385000      │  100900   │   469185000   │
│    4    │ 4.65 │ 4.65 │ 4.65 │ 4.65 │ 21200 │      98580000      │  122100   │  21200  │      98580000      │ 567765000  │ 1670836920000 │ '2022-12-12T09:22:00.000Z' │ 100 │  0  │  0  │ Infinity │ 0  │ 3476.3 │  0  │  0  │ 6.1  │ 21200 │      98580000      │  122100   │   567765000   │
│    5    │ 4.65 │ 4.65 │ 4.65 │ 4.65 │ 3000  │      13950000      │  125100   │  3000   │      13950000      │ 581715000  │ 1670837040000 │ '2022-12-12T09:24:00.000Z' │ 100 │  0  │  0  │ Infinity │ 0  │ 3476.3 │  0  │  0  │ 0.9  │ 3000  │      13950000      │  125100   │   581715000   │
│    6    │ 4.65 │ 4.65 │ 4.65 │ 4.65 │ 5200  │      24180000      │  130300   │  5200   │      24180000      │ 605895000  │ 1670837160000 │ '2022-12-12T09:26:00.000Z' │ 100 │  0  │  0  │ Infinity │ 0  │ 3476.3 │  0  │  0  │ 1.5  │ 5200  │      24180000      │  130300   │   605895000   │
│    7    │ 4.65 │ 4.65 │ 4.65 │ 4.65 │ 2200  │      10230000      │  132500   │  2200   │      10230000      │ 616125000  │ 1670837280000 │ '2022-12-12T09:28:00.000Z' │ 100 │  0  │  0  │ Infinity │ 0  │ 3476.3 │  0  │  0  │ 0.6  │ 2200  │      10230000      │  132500   │   616125000   │
│    8    │ 4.65 │ 4.65 │ 4.65 │ 4.65 │ 1100  │      5115000       │  133600   │  1100   │      5115000       │ 621240000  │ 1670837400000 │ '2022-12-12T09:30:00.000Z' │ 100 │  0  │  0  │ Infinity │ 0  │ 3476.3 │  0  │  0  │ 0.3  │ 1100  │      5115000       │  133600   │   621240000   │
│    9    │ 4.65 │ 4.65 │ 4.65 │ 4.65 │ 13400 │      62310000      │  147000   │  13400  │      62310000      │ 683550000  │ 1670837520000 │ '2022-12-12T09:32:00.000Z' │ 100 │  0  │  0  │ Infinity │ 0  │ 3476.3 │  0  │  0  │ 3.9  │ 13400 │      62310000      │  147000   │   683550000   │
│   10    │ 4.65 │ 4.65 │ 4.65 │ 4.65 │ 1000  │      4650000       │  148000   │  1000   │      4650000       │ 688200000  │ 1670837640000 │ '2022-12-12T09:34:00.000Z' │ 100 │  0  │  0  │ Infinity │ 0  │ 3476.3 │  0  │  0  │ 0.3  │ 1000  │      4650000       │  148000   │   688200000   │
│   11    │ 4.65 │ 4.65 │ 4.65 │ 4.65 │ 4000  │      18600000      │  152000   │  4000   │      18600000      │ 706800000  │ 1670837760000 │ '2022-12-12T09:36:00.000Z' │ 100 │  0  │  0  │ Infinity │ 0  │ 3476.3 │  0  │  0  │ 1.2  │ 4000  │      18600000      │  152000   │   706800000   │
│   12    │ 4.65 │ 4.65 │ 4.65 │ 4.65 │ 5000  │      23250000      │  157000   │  5000   │      23250000      │ 730050000  │ 1670837880000 │ '2022-12-12T09:38:00.000Z' │ 100 │  0  │  0  │ Infinity │ 0  │ 3476.3 │  0  │  0  │ 1.4  │ 5000  │      23250000      │  157000   │   730050000   │
│   13    │ 4.65 │ 4.65 │ 4.65 │ 4.65 │ 1500  │ 6975000.000000001  │  158500   │  1500   │ 6975000.000000001  │ 737025000  │ 1670838000000 │ '2022-12-12T09:40:00.000Z' │ 100 │  0  │  0  │ Infinity │ 0  │ 3476.3 │  0  │  0  │ 0.4  │ 1500  │ 6975000.000000001  │  158500   │   737025000   │
│   14    │ 4.65 │ 4.65 │ 4.65 │ 4.65 │ 2000  │      9300000       │  160500   │  2000   │      9300000       │ 746325000  │ 1670838120000 │ '2022-12-12T09:42:00.000Z' │ 100 │  0  │  0  │ Infinity │ 0  │ 3476.3 │  0  │  0  │ 0.6  │ 2000  │      9300000       │  160500   │   746325000   │
│   15    │ 4.65 │ 4.65 │ 4.65 │ 4.65 │ 2600  │      12090000      │  163100   │  2600   │      12090000      │ 758415000  │ 1670838240000 │ '2022-12-12T09:44:00.000Z' │ 100 │  0  │  0  │ Infinity │ 0  │ 3476.3 │  0  │  0  │ 0.7  │ 2600  │      12090000      │  163100   │   758415000   │
│   16    │ 4.65 │ 4.65 │ 4.65 │ 4.65 │ 1600  │      7440000       │  164700   │  1600   │      7440000       │ 765855000  │ 1670838360000 │ '2022-12-12T09:46:00.000Z' │ 100 │  0  │  0  │ Infinity │ 0  │ 3476.3 │  0  │  0  │ 0.5  │ 1600  │      7440000       │  164700   │   765855000   │
│   17    │ 4.65 │ 4.65 │ 4.65 │ 4.65 │  400  │ 1860000.0000000002 │  165100   │   400   │ 1860000.0000000002 │ 767715000  │ 1670838480000 │ '2022-12-12T09:48:00.000Z' │ 100 │  0  │  0  │ Infinity │ 0  │ 3476.3 │  0  │  0  │ 0.1  │  400  │ 1860000.0000000002 │  165100   │   767715000   │
│   18    │ 4.65 │ 4.65 │ 4.65 │ 4.65 │ 1800  │      8370000       │  166900   │  1800   │      8370000       │ 776085000  │ 1670838600000 │ '2022-12-12T09:50:00.000Z' │ 100 │  0  │  0  │ Infinity │ 0  │ 3476.3 │  0  │  0  │ 0.5  │ 1800  │      8370000       │  166900   │   776085000   │
│   19    │ 4.65 │ 4.65 │ 4.65 │ 4.65 │  200  │ 930000.0000000001  │  167100   │   200   │ 930000.0000000001  │ 777015000  │ 1670838720000 │ '2022-12-12T09:52:00.000Z' │ 100 │  0  │  0  │ Infinity │ 0  │ 3476.3 │  0  │  0  │ 0.1  │  200  │ 930000.0000000001  │  167100   │   777015000   │
│   20    │ 4.65 │ 4.65 │ 4.65 │ 4.65 │  500  │      2325000       │  167600   │   500   │      2325000       │ 779340000  │ 1670838840000 │ '2022-12-12T09:54:00.000Z' │ 100 │  0  │  0  │ Infinity │ 0  │ 3476.3 │  0  │  0  │ 0.1  │  500  │      2325000       │  167600   │   779340000   │
├─────────┼──────┼──────┼──────┼──────┼───────┼────────────────────┼───────────┼─────────┼────────────────────┼────────────┼───────────────┼────────────────────────────┼─────┼─────┼─────┼──────────┼────┼────────┼─────┼─────┼──────┼───────┼────────────────────┼───────────┼───────────────┤
│ (index) │  c   │  h   │  l   │  o   │  bu   │       val_bu       │ total_vol │ sum_vol │        val         │  acum_val  │   datetime    │            date            │ pbu │ psd │ puk │    bs    │ sb │  abu   │ asd │ auk │ rbu  │ bu-sd │     bu-sd_val      │ acum_busd │ acum_busd_val │
├─────────┼──────┼──────┼──────┼──────┼───────┼────────────────────┼───────────┼─────────┼────────────────────┼────────────┼───────────────┼────────────────────────────┼─────┼─────┼─────┼──────────┼────┼────────┼─────┼─────┼──────┼───────┼────────────────────┼───────────┼───────────────┤
│   21    │ 4.65 │ 4.65 │ 4.65 │ 4.65 │ 11800 │      54870000      │  179400   │  11800  │      54870000      │ 834210000  │ 1670838960000 │ '2022-12-12T09:56:00.000Z' │ 100 │  0  │  0  │ Infinity │ 0  │ 3476.3 │  0  │  0  │ 3.4  │ 11800 │      54870000      │  179400   │   834210000   │
│   22    │ 4.65 │ 4.65 │ 4.65 │ 4.65 │ 4500  │      20925000      │  183900   │  4500   │      20925000      │ 855135000  │ 1670839080000 │ '2022-12-12T09:58:00.000Z' │ 100 │  0  │  0  │ Infinity │ 0  │ 3476.3 │  0  │  0  │ 1.3  │ 4500  │      20925000      │  183900   │   855135000   │
│   23    │ 4.65 │ 4.65 │ 4.65 │ 4.65 │ 3700  │      17205000      │  187600   │  3700   │      17205000      │ 872340000  │ 1670839200000 │ '2022-12-12T10:00:00.000Z' │ 100 │  0  │  0  │ Infinity │ 0  │ 3476.3 │  0  │  0  │ 1.1  │ 3700  │      17205000      │  187600   │   872340000   │
│   24    │ 4.65 │ 4.65 │ 4.65 │ 4.65 │  500  │      2325000       │  188100   │   500   │      2325000       │ 874665000  │ 1670839320000 │ '2022-12-12T10:02:00.000Z' │ 100 │  0  │  0  │ Infinity │ 0  │ 3476.3 │  0  │  0  │ 0.1  │  500  │      2325000       │  188100   │   874665000   │
│   25    │ 4.65 │ 4.65 │ 4.65 │ 4.65 │ 10000 │      46500000      │  198100   │  10000  │      46500000      │ 921165000  │ 1670839560000 │ '2022-12-12T10:06:00.000Z' │ 100 │  0  │  0  │ Infinity │ 0  │ 3476.3 │  0  │  0  │ 2.9  │ 10000 │      46500000      │  198100   │   921165000   │
│   26    │ 4.65 │ 4.65 │ 4.65 │ 4.65 │ 5200  │ 24180000.000000004 │  203300   │  5200   │ 24180000.000000004 │ 945345000  │ 1670839680000 │ '2022-12-12T10:08:00.000Z' │ 100 │  0  │  0  │ Infinity │ 0  │ 3476.3 │  0  │  0  │ 1.5  │ 5200  │ 24180000.000000004 │  203300   │   945345000   │
│   27    │ 4.65 │ 4.65 │ 4.65 │ 4.65 │  400  │      1860000       │  203700   │   400   │      1860000       │ 947205000  │ 1670839800000 │ '2022-12-12T10:10:00.000Z' │ 100 │  0  │  0  │ Infinity │ 0  │ 3476.3 │  0  │  0  │ 0.1  │  400  │      1860000       │  203700   │   947205000   │
│   28    │ 4.65 │ 4.65 │ 4.65 │ 4.65 │ 1600  │      7440000       │  205300   │  1600   │      7440000       │ 954645000  │ 1670839920000 │ '2022-12-12T10:12:00.000Z' │ 100 │  0  │  0  │ Infinity │ 0  │ 3476.3 │  0  │  0  │ 0.5  │ 1600  │      7440000       │  205300   │   954645000   │
│   29    │ 4.65 │ 4.65 │ 4.65 │ 4.65 │  100  │ 465000.00000000006 │  205400   │   100   │ 465000.00000000006 │ 955110000  │ 1670840040000 │ '2022-12-12T10:14:00.000Z' │ 100 │  0  │  0  │ Infinity │ 0  │ 3476.3 │  0  │  0  │  0   │  100  │ 465000.00000000006 │  205400   │   955110000   │
│   30    │ 4.65 │ 4.65 │ 4.65 │ 4.65 │  800  │ 3720000.0000000005 │  206200   │   800   │ 3720000.0000000005 │ 958830000  │ 1670840280000 │ '2022-12-12T10:18:00.000Z' │ 100 │  0  │  0  │ Infinity │ 0  │ 3476.3 │  0  │  0  │ 0.2  │  800  │ 3720000.0000000005 │  206200   │   958830000   │
│   31    │ 4.65 │ 4.65 │ 4.65 │ 4.65 │ 5700  │      26505000      │  211900   │  5700   │      26505000      │ 985335000  │ 1670840400000 │ '2022-12-12T10:20:00.000Z' │ 100 │  0  │  0  │ Infinity │ 0  │ 3476.3 │  0  │  0  │ 1.6  │ 5700  │      26505000      │  211900   │   985335000   │
│   32    │ 4.65 │ 4.65 │ 4.65 │ 4.65 │  200  │ 930000.0000000001  │  212100   │   200   │ 930000.0000000001  │ 986265000  │ 1670840520000 │ '2022-12-12T10:22:00.000Z' │ 100 │  0  │  0  │ Infinity │ 0  │ 3476.3 │  0  │  0  │ 0.1  │  200  │ 930000.0000000001  │  212100   │   986265000   │
│   33    │ 4.65 │ 4.65 │ 4.65 │ 4.65 │  400  │      1860000       │  212500   │   400   │      1860000       │ 988125000  │ 1670840640000 │ '2022-12-12T10:24:00.000Z' │ 100 │  0  │  0  │ Infinity │ 0  │ 3476.3 │  0  │  0  │ 0.1  │  400  │      1860000       │  212500   │   988125000   │
│   34    │ 4.65 │ 4.65 │ 4.65 │ 4.65 │  200  │ 930000.0000000001  │  212700   │   200   │ 930000.0000000001  │ 989055000  │ 1670840760000 │ '2022-12-12T10:26:00.000Z' │ 100 │  0  │  0  │ Infinity │ 0  │ 3476.3 │  0  │  0  │ 0.1  │  200  │ 930000.0000000001  │  212700   │   989055000   │
│   35    │ 4.65 │ 4.65 │ 4.65 │ 4.65 │  400  │      1860000       │  213100   │   400   │      1860000       │ 990915000  │ 1670840880000 │ '2022-12-12T10:28:00.000Z' │ 100 │  0  │  0  │ Infinity │ 0  │ 3476.3 │  0  │  0  │ 0.1  │  400  │      1860000       │  213100   │   990915000   │
│   36    │ 4.65 │ 4.65 │ 4.65 │ 4.65 │  400  │      1860000       │  213500   │   400   │      1860000       │ 992775000  │ 1670841000000 │ '2022-12-12T10:30:00.000Z' │ 100 │  0  │  0  │ Infinity │ 0  │ 3476.3 │  0  │  0  │ 0.1  │  400  │      1860000       │  213500   │   992775000   │
│   37    │ 4.65 │ 4.65 │ 4.65 │ 4.65 │ 1100  │      5115000       │  214600   │  1100   │      5115000       │ 997890000  │ 1670841120000 │ '2022-12-12T10:32:00.000Z' │ 100 │  0  │  0  │ Infinity │ 0  │ 3476.3 │  0  │  0  │ 0.3  │ 1100  │      5115000       │  214600   │   997890000   │
│   38    │ 4.65 │ 4.65 │ 4.65 │ 4.65 │ 4700  │      21855000      │  219300   │  4700   │      21855000      │ 1019745000 │ 1670841240000 │ '2022-12-12T10:34:00.000Z' │ 100 │  0  │  0  │ Infinity │ 0  │ 3476.3 │  0  │  0  │ 1.4  │ 4700  │      21855000      │  219300   │  1019745000   │
│   39    │ 4.65 │ 4.65 │ 4.65 │ 4.65 │  500  │      2325000       │  219800   │   500   │      2325000       │ 1022070000 │ 1670841360000 │ '2022-12-12T10:36:00.000Z' │ 100 │  0  │  0  │ Infinity │ 0  │ 3476.3 │  0  │  0  │ 0.1  │  500  │      2325000       │  219800   │  1022070000   │
│   40    │ 4.65 │ 4.65 │ 4.65 │ 4.65 │  300  │ 1395000.0000000002 │  220100   │   300   │ 1395000.0000000002 │ 1023465000 │ 1670841480000 │ '2022-12-12T10:38:00.000Z' │ 100 │  0  │  0  │ Infinity │ 0  │ 3476.3 │  0  │  0  │ 0.1  │  300  │ 1395000.0000000002 │  220100   │  1023465000   │
├─────────┼──────┼──────┼──────┼──────┼───────┼────────────────────┼───────────┼─────────┼────────────────────┼────────────┼───────────────┼────────────────────────────┼─────┼─────┼─────┼──────────┼────┼────────┼─────┼─────┼──────┼───────┼────────────────────┼───────────┼───────────────┤
│ (index) │  c   │  h   │  l   │  o   │  bu   │       val_bu       │ total_vol │ sum_vol │        val         │  acum_val  │   datetime    │            date            │ pbu │ psd │ puk │    bs    │ sb │  abu   │ asd │ auk │ rbu  │ bu-sd │     bu-sd_val      │ acum_busd │ acum_busd_val │
├─────────┼──────┼──────┼──────┼──────┼───────┼────────────────────┼───────────┼─────────┼────────────────────┼────────────┼───────────────┼────────────────────────────┼─────┼─────┼─────┼──────────┼────┼────────┼─────┼─────┼──────┼───────┼────────────────────┼───────────┼───────────────┤
│   41    │ 4.65 │ 4.65 │ 4.65 │ 4.65 │ 5300  │      24645000      │  225400   │  5300   │      24645000      │ 1048110000 │ 1670841600000 │ '2022-12-12T10:40:00.000Z' │ 100 │  0  │  0  │ Infinity │ 0  │ 3476.3 │  0  │  0  │ 1.5  │ 5300  │      24645000      │  225400   │  1048110000   │
│   42    │ 4.65 │ 4.65 │ 4.65 │ 4.65 │ 5200  │      24180000      │  230600   │  5200   │      24180000      │ 1072290000 │ 1670841720000 │ '2022-12-12T10:42:00.000Z' │ 100 │  0  │  0  │ Infinity │ 0  │ 3476.3 │  0  │  0  │ 1.5  │ 5200  │      24180000      │  230600   │  1072290000   │
│   43    │ 4.65 │ 4.65 │ 4.65 │ 4.65 │ 1500  │      6975000       │  232100   │  1500   │      6975000       │ 1079265000 │ 1670841840000 │ '2022-12-12T10:44:00.000Z' │ 100 │  0  │  0  │ Infinity │ 0  │ 3476.3 │  0  │  0  │ 0.4  │ 1500  │      6975000       │  232100   │  1079265000   │
│   44    │ 4.65 │ 4.65 │ 4.65 │ 4.65 │  500  │ 2325000.0000000005 │  232600   │   500   │ 2325000.0000000005 │ 1081590000 │ 1670841960000 │ '2022-12-12T10:46:00.000Z' │ 100 │  0  │  0  │ Infinity │ 0  │ 3476.3 │  0  │  0  │ 0.1  │  500  │ 2325000.0000000005 │  232600   │  1081590000   │
│   45    │ 4.65 │ 4.65 │ 4.65 │ 4.65 │  200  │ 930000.0000000001  │  232800   │   200   │ 930000.0000000001  │ 1082520000 │ 1670842080000 │ '2022-12-12T10:48:00.000Z' │ 100 │  0  │  0  │ Infinity │ 0  │ 3476.3 │  0  │  0  │ 0.1  │  200  │ 930000.0000000001  │  232800   │  1082520000   │
│   46    │ 4.65 │ 4.65 │ 4.65 │ 4.65 │ 1000  │      4650000       │  233800   │  1000   │      4650000       │ 1087170000 │ 1670842200000 │ '2022-12-12T10:50:00.000Z' │ 100 │  0  │  0  │ Infinity │ 0  │ 3476.3 │  0  │  0  │ 0.3  │ 1000  │      4650000       │  233800   │  1087170000   │
│   47    │ 4.65 │ 4.65 │ 4.65 │ 4.65 │ 2000  │      9300000       │  235800   │  2000   │      9300000       │ 1096470000 │ 1670842320000 │ '2022-12-12T10:52:00.000Z' │ 100 │  0  │  0  │ Infinity │ 0  │ 3476.3 │  0  │  0  │ 0.6  │ 2000  │      9300000       │  235800   │  1096470000   │
│   48    │ 4.65 │ 4.65 │ 4.65 │ 4.65 │  400  │      1860000       │  236200   │   400   │      1860000       │ 1098330000 │ 1670842440000 │ '2022-12-12T10:54:00.000Z' │ 100 │  0  │  0  │ Infinity │ 0  │ 3476.3 │  0  │  0  │ 0.1  │  400  │      1860000       │  236200   │  1098330000   │
│   49    │ 4.65 │ 4.65 │ 4.65 │ 4.65 │ 1200  │      5580000       │  237400   │  1200   │      5580000       │ 1103910000 │ 1670842560000 │ '2022-12-12T10:56:00.000Z' │ 100 │  0  │  0  │ Infinity │ 0  │ 3476.3 │  0  │  0  │ 0.3  │ 1200  │      5580000       │  237400   │  1103910000   │
│   50    │ 4.65 │ 4.65 │ 4.65 │ 4.65 │  700  │      3255000       │  238100   │   700   │      3255000       │ 1107165000 │ 1670842680000 │ '2022-12-12T10:58:00.000Z' │ 100 │  0  │  0  │ Infinity │ 0  │ 3476.3 │  0  │  0  │ 0.2  │  700  │      3255000       │  238100   │  1107165000   │
│   51    │ 4.65 │ 4.65 │ 4.65 │ 4.65 │ 5300  │      24645000      │  243400   │  5300   │      24645000      │ 1131810000 │ 1670842800000 │ '2022-12-12T11:00:00.000Z' │ 100 │  0  │  0  │ Infinity │ 0  │ 3476.3 │  0  │  0  │ 1.5  │ 5300  │      24645000      │  243400   │  1131810000   │
│   52    │ 4.65 │ 4.65 │ 4.65 │ 4.65 │  200  │ 930000.0000000001  │  243600   │   200   │ 930000.0000000001  │ 1132740000 │ 1670842920000 │ '2022-12-12T11:02:00.000Z' │ 100 │  0  │  0  │ Infinity │ 0  │ 3476.3 │  0  │  0  │ 0.1  │  200  │ 930000.0000000001  │  243600   │  1132740000   │
│   53    │ 4.65 │ 4.65 │ 4.65 │ 4.65 │  800  │      3720000       │  244400   │   800   │      3720000       │ 1136460000 │ 1670843040000 │ '2022-12-12T11:04:00.000Z' │ 100 │  0  │  0  │ Infinity │ 0  │ 3476.3 │  0  │  0  │ 0.2  │  800  │      3720000       │  244400   │  1136460000   │
│   54    │ 4.65 │ 4.65 │ 4.65 │ 4.65 │  800  │      3720000       │  245200   │   800   │      3720000       │ 1140180000 │ 1670843160000 │ '2022-12-12T11:06:00.000Z' │ 100 │  0  │  0  │ Infinity │ 0  │ 3476.3 │  0  │  0  │ 0.2  │  800  │      3720000       │  245200   │  1140180000   │
│   55    │ 4.65 │ 4.65 │ 4.65 │ 4.65 │  800  │      3720000       │  246000   │   800   │      3720000       │ 1143900000 │ 1670843280000 │ '2022-12-12T11:08:00.000Z' │ 100 │  0  │  0  │ Infinity │ 0  │ 3476.3 │  0  │  0  │ 0.2  │  800  │      3720000       │  246000   │  1143900000   │
│   56    │ 4.65 │ 4.65 │ 4.65 │ 4.65 │  400  │ 1860000.0000000002 │  246400   │   400   │ 1860000.0000000002 │ 1145760000 │ 1670843760000 │ '2022-12-12T11:16:00.000Z' │ 100 │  0  │  0  │ Infinity │ 0  │ 3476.3 │  0  │  0  │ 0.1  │  400  │ 1860000.0000000002 │  246400   │  1145760000   │
│   57    │ 4.65 │ 4.65 │ 4.65 │ 4.65 │ 1000  │      4650000       │  247400   │  1000   │      4650000       │ 1150410000 │ 1670843880000 │ '2022-12-12T11:18:00.000Z' │ 100 │  0  │  0  │ Infinity │ 0  │ 3476.3 │  0  │  0  │ 0.3  │ 1000  │      4650000       │  247400   │  1150410000   │
│   58    │ 4.65 │ 4.65 │ 4.65 │ 4.65 │  700  │ 3255000.0000000005 │  248100   │   700   │ 3255000.0000000005 │ 1153665000 │ 1670844000000 │ '2022-12-12T11:20:00.000Z' │ 100 │  0  │  0  │ Infinity │ 0  │ 3476.3 │  0  │  0  │ 0.2  │  700  │ 3255000.0000000005 │  248100   │  1153665000   │
│   59    │ 4.65 │ 4.65 │ 4.65 │ 4.65 │  300  │      1395000       │  248400   │   300   │      1395000       │ 1155060000 │ 1670844120000 │ '2022-12-12T11:22:00.000Z' │ 100 │  0  │  0  │ Infinity │ 0  │ 3476.3 │  0  │  0  │ 0.1  │  300  │      1395000       │  248400   │  1155060000   │
│   60    │ 4.65 │ 4.65 │ 4.65 │ 4.65 │ 1000  │      4650000       │  249400   │  1000   │      4650000       │ 1159710000 │ 1670844240000 │ '2022-12-12T11:24:00.000Z' │ 100 │  0  │  0  │ Infinity │ 0  │ 3476.3 │  0  │  0  │ 0.3  │ 1000  │      4650000       │  249400   │  1159710000   │
├─────────┼──────┼──────┼──────┼──────┼───────┼────────────────────┼───────────┼─────────┼────────────────────┼────────────┼───────────────┼────────────────────────────┼─────┼─────┼─────┼──────────┼────┼────────┼─────┼─────┼──────┼───────┼────────────────────┼───────────┼───────────────┤
│ (index) │  c   │  h   │  l   │  o   │  bu   │       val_bu       │ total_vol │ sum_vol │        val         │  acum_val  │   datetime    │            date            │ pbu │ psd │ puk │    bs    │ sb │  abu   │ asd │ auk │ rbu  │ bu-sd │     bu-sd_val      │ acum_busd │ acum_busd_val │
├─────────┼──────┼──────┼──────┼──────┼───────┼────────────────────┼───────────┼─────────┼────────────────────┼────────────┼───────────────┼────────────────────────────┼─────┼─────┼─────┼──────────┼────┼────────┼─────┼─────┼──────┼───────┼────────────────────┼───────────┼───────────────┤
│   61    │ 4.65 │ 4.65 │ 4.65 │ 4.65 │ 1500  │      6975000       │  250900   │  1500   │      6975000       │ 1166685000 │ 1670844360000 │ '2022-12-12T11:26:00.000Z' │ 100 │  0  │  0  │ Infinity │ 0  │ 3476.3 │  0  │  0  │ 0.4  │ 1500  │      6975000       │  250900   │  1166685000   │
│   62    │ 4.65 │ 4.65 │ 4.65 │ 4.65 │ 2600  │      12090000      │  253500   │  2600   │      12090000      │ 1178775000 │ 1670844480000 │ '2022-12-12T11:28:00.000Z' │ 100 │  0  │  0  │ Infinity │ 0  │ 3476.3 │  0  │  0  │ 0.7  │ 2600  │      12090000      │  253500   │  1178775000   │
│   63    │ 4.65 │ 4.65 │ 4.65 │ 4.65 │ 6800  │      31620000      │  260300   │  6800   │      31620000      │ 1210395000 │ 1670850000000 │ '2022-12-12T13:00:00.000Z' │ 100 │  0  │  0  │ Infinity │ 0  │ 3476.3 │  0  │  0  │  2   │ 6800  │      31620000      │  260300   │  1210395000   │
│   64    │ 4.65 │ 4.65 │ 4.65 │ 4.65 │  200  │ 930000.0000000001  │  260500   │   200   │ 930000.0000000001  │ 1211325000 │ 1670850240000 │ '2022-12-12T13:04:00.000Z' │ 100 │  0  │  0  │ Infinity │ 0  │ 3476.3 │  0  │  0  │ 0.1  │  200  │ 930000.0000000001  │  260500   │  1211325000   │
│   65    │ 4.65 │ 4.65 │ 4.65 │ 4.65 │ 1200  │      5580000       │  261700   │  1200   │      5580000       │ 1216905000 │ 1670850360000 │ '2022-12-12T13:06:00.000Z' │ 100 │  0  │  0  │ Infinity │ 0  │ 3476.3 │  0  │  0  │ 0.3  │ 1200  │      5580000       │  261700   │  1216905000   │
│   66    │ 4.65 │ 4.65 │ 4.65 │ 4.65 │ 1700  │      7905000       │  263400   │  1700   │      7905000       │ 1224810000 │ 1670850600000 │ '2022-12-12T13:10:00.000Z' │ 100 │  0  │  0  │ Infinity │ 0  │ 3476.3 │  0  │  0  │ 0.5  │ 1700  │      7905000       │  263400   │  1224810000   │
│   67    │ 4.65 │ 4.65 │ 4.65 │ 4.65 │ 1500  │ 6975000.000000001  │  264900   │  1500   │ 6975000.000000001  │ 1231785000 │ 1670850720000 │ '2022-12-12T13:12:00.000Z' │ 100 │  0  │  0  │ Infinity │ 0  │ 3476.3 │  0  │  0  │ 0.4  │ 1500  │ 6975000.000000001  │  264900   │  1231785000   │
│   68    │ 4.65 │ 4.65 │ 4.65 │ 4.65 │  200  │ 930000.0000000001  │  265100   │   200   │ 930000.0000000001  │ 1232715000 │ 1670850840000 │ '2022-12-12T13:14:00.000Z' │ 100 │  0  │  0  │ Infinity │ 0  │ 3476.3 │  0  │  0  │ 0.1  │  200  │ 930000.0000000001  │  265100   │  1232715000   │
│   69    │ 4.65 │ 4.65 │ 4.65 │ 4.65 │ 2800  │      13020000      │  267900   │  2800   │      13020000      │ 1245735000 │ 1670851680000 │ '2022-12-12T13:28:00.000Z' │ 100 │  0  │  0  │ Infinity │ 0  │ 3476.3 │  0  │  0  │ 0.8  │ 2800  │      13020000      │  267900   │  1245735000   │
│   70    │ 4.65 │ 4.65 │ 4.65 │ 4.65 │  200  │ 930000.0000000001  │  268100   │   200   │ 930000.0000000001  │ 1246665000 │ 1670852160000 │ '2022-12-12T13:36:00.000Z' │ 100 │  0  │  0  │ Infinity │ 0  │ 3476.3 │  0  │  0  │ 0.1  │  200  │ 930000.0000000001  │  268100   │  1246665000   │
│   71    │ 4.65 │ 4.65 │ 4.65 │ 4.65 │ 3000  │      13950000      │  271100   │  3000   │      13950000      │ 1260615000 │ 1670852400000 │ '2022-12-12T13:40:00.000Z' │ 100 │  0  │  0  │ Infinity │ 0  │ 3476.3 │  0  │  0  │ 0.9  │ 3000  │      13950000      │  271100   │  1260615000   │
│   72    │ 4.65 │ 4.65 │ 4.65 │ 4.65 │  500  │      2325000       │  271600   │   500   │      2325000       │ 1262940000 │ 1670852520000 │ '2022-12-12T13:42:00.000Z' │ 100 │  0  │  0  │ Infinity │ 0  │ 3476.3 │  0  │  0  │ 0.1  │  500  │      2325000       │  271600   │  1262940000   │
│   73    │ 4.65 │ 4.65 │ 4.65 │ 4.65 │  300  │ 1395000.0000000002 │  271900   │   300   │ 1395000.0000000002 │ 1264335000 │ 1670852640000 │ '2022-12-12T13:44:00.000Z' │ 100 │  0  │  0  │ Infinity │ 0  │ 3476.3 │  0  │  0  │ 0.1  │  300  │ 1395000.0000000002 │  271900   │  1264335000   │
│   74    │ 4.65 │ 4.65 │ 4.65 │ 4.65 │  800  │      3720000       │  272700   │   800   │      3720000       │ 1268055000 │ 1670852760000 │ '2022-12-12T13:46:00.000Z' │ 100 │  0  │  0  │ Infinity │ 0  │ 3476.3 │  0  │  0  │ 0.2  │  800  │      3720000       │  272700   │  1268055000   │
│   75    │ 4.65 │ 4.65 │ 4.65 │ 4.65 │  100  │ 465000.00000000006 │  272800   │   100   │ 465000.00000000006 │ 1268520000 │ 1670853000000 │ '2022-12-12T13:50:00.000Z' │ 100 │  0  │  0  │ Infinity │ 0  │ 3476.3 │  0  │  0  │  0   │  100  │ 465000.00000000006 │  272800   │  1268520000   │
│   76    │ 4.65 │ 4.65 │ 4.65 │ 4.65 │ 2700  │      12555000      │  275500   │  2700   │      12555000      │ 1281075000 │ 1670853120000 │ '2022-12-12T13:52:00.000Z' │ 100 │  0  │  0  │ Infinity │ 0  │ 3476.3 │  0  │  0  │ 0.8  │ 2700  │      12555000      │  275500   │  1281075000   │
│   77    │ 4.65 │ 4.65 │ 4.65 │ 4.65 │  100  │ 465000.00000000006 │  275600   │   100   │ 465000.00000000006 │ 1281540000 │ 1670853240000 │ '2022-12-12T13:54:00.000Z' │ 100 │  0  │  0  │ Infinity │ 0  │ 3476.3 │  0  │  0  │  0   │  100  │ 465000.00000000006 │  275600   │  1281540000   │
│   78    │ 4.65 │ 4.65 │ 4.65 │ 4.65 │ 1000  │      4650000       │  276600   │  1000   │      4650000       │ 1286190000 │ 1670854560000 │ '2022-12-12T14:16:00.000Z' │ 100 │  0  │  0  │ Infinity │ 0  │ 3476.3 │  0  │  0  │ 0.3  │ 1000  │      4650000       │  276600   │  1286190000   │
│   79    │ 4.65 │ 4.65 │ 4.65 │ 4.65 │ 1500  │ 6975000.000000001  │  278100   │  1500   │ 6975000.000000001  │ 1293165000 │ 1670856240000 │ '2022-12-12T14:44:00.000Z' │ 100 │  0  │  0  │ Infinity │ 0  │ 3476.3 │  0  │  0  │ 0.4  │ 1500  │ 6975000.000000001  │  278100   │  1293165000   │
└─────────┴──────┴──────┴──────┴──────┴───────┴────────────────────┴───────────┴─────────┴────────────────────┴────────────┴───────────────┴────────────────────────────┴─────┴─────┴─────┴──────────┴────┴────────┴─────┴─────┴──────┴───────┴────────────────────┴───────────┴───────────────┘
├─────────┼──────┼──────┼──────┼──────┼───────┼────────────────────┼───────────┼─────────┼────────────────────┼────────────┼───────────────┼────────────────────────────┼─────┼─────┼─────┼──────────┼────┼────────┼─────┼─────┼──────┼───────┼────────────────────┼───────────┼───────────────┤
│ (index) │  c   │  h   │  l   │  o   │  bu   │       val_bu       │ total_vol │ sum_vol │        val         │  acum_val  │   datetime    │            date            │ pbu │ psd │ puk │    bs    │ sb │  abu   │ asd │ auk │ rbu  │ bu-sd │     bu-sd_val      │ acum_busd │ acum_busd_val │
├─────────┼──────┼──────┼──────┼──────┼───────┼────────────────────┼───────────┼─────────┼────────────────────┼────────────┼───────────────┼────────────────────────────┼─────┼─────┼─────┼──────────┼────┼────────┼─────┼─────┼──────┼───────┼────────────────────┼───────────┼───────────────┤

