┌─────────┬─────┬─────┬─────┬─────┬───────┬──────────┬───────────┬─────────┬──────────┬───────────┬───────────────┬────────────────────────────┬──────┬──────┬─────┬──────────┬──────────┬───────┬────────┬─────┬─────┬────────┬───────────┬───────────┬───────────────┬───────┬──────────┬──────┐
│ (index) │  c  │  h  │  l  │  o  │  sd   │  val_sd  │ total_vol │ sum_vol │   val    │ acum_val  │   datetime    │            date            │ pbu  │ psd  │ puk │    bs    │    sb    │  abu  │  asd   │ auk │ rsd │ bu-sd  │ bu-sd_val │ acum_busd │ acum_busd_val │  bu   │  val_bu  │ rbu  │
├─────────┼─────┼─────┼─────┼─────┼───────┼──────────┼───────────┼─────────┼──────────┼───────────┼───────────────┼────────────────────────────┼──────┼──────┼─────┼──────────┼──────────┼───────┼────────┼─────┼─────┼────────┼───────────┼───────────┼───────────────┼───────┼──────────┼──────┤
│    0    │ 1.5 │ 1.5 │ 1.5 │ 1.5 │ 7100  │ 10650000 │   7100    │  7100   │ 10650000 │ 10650000  │ 1673600400000 │ '2023-01-13T09:00:00.000Z' │  0   │ 100  │  0  │    0     │ Infinity │ 893.8 │ 1490.6 │  0  │ 4.8 │ -7100  │ -10650000 │   -7100   │   -10650000   │       │          │      │
│    1    │ 1.6 │ 1.6 │ 1.6 │ 1.6 │       │          │   9200    │  2100   │ 3360000  │ 14010000  │ 1673601300000 │ '2023-01-13T09:15:00.000Z' │ 100  │  0   │  0  │ Infinity │    0     │ 893.8 │ 1490.6 │  0  │     │  2100  │  3360000  │   -5000   │   -7290000    │ 2100  │ 3360000  │ 2.3  │
│    2    │ 1.6 │ 1.6 │ 1.6 │ 1.6 │       │          │   10200   │  1000   │ 1600000  │ 15610000  │ 1673601600000 │ '2023-01-13T09:20:00.000Z' │ 100  │  0   │  0  │ Infinity │    0     │ 893.8 │ 1490.6 │  0  │     │  1000  │  1600000  │   -4000   │   -5690000    │ 1000  │ 1600000  │ 1.1  │
│    3    │ 1.6 │ 1.6 │ 1.6 │ 1.6 │       │          │   11300   │  1100   │ 1760000  │ 17370000  │ 1673601900000 │ '2023-01-13T09:25:00.000Z' │ 100  │  0   │  0  │ Infinity │    0     │ 893.8 │ 1490.6 │  0  │     │  1100  │  1760000  │   -2900   │   -3930000    │ 1100  │ 1760000  │ 1.2  │
│    4    │ 1.5 │ 1.5 │ 1.5 │ 1.5 │ 3400  │ 5100000  │   14700   │  3400   │ 5100000  │ 22470000  │ 1673602200000 │ '2023-01-13T09:30:00.000Z' │  0   │ 100  │  0  │    0     │ Infinity │ 893.8 │ 1490.6 │  0  │ 2.3 │ -3400  │ -5100000  │   -6300   │   -9030000    │       │          │      │
│    5    │ 1.6 │ 1.6 │ 1.6 │ 1.6 │       │          │   15200   │   500   │  800000  │ 23270000  │ 1673602500000 │ '2023-01-13T09:35:00.000Z' │ 100  │  0   │  0  │ Infinity │    0     │ 893.8 │ 1490.6 │  0  │     │  500   │  800000   │   -5800   │   -8230000    │  500  │  800000  │ 0.6  │
│    6    │ 1.6 │ 1.6 │ 1.6 │ 1.6 │       │          │   25500   │  10300  │ 16480000 │ 39750000  │ 1673603100000 │ '2023-01-13T09:45:00.000Z' │ 100  │  0   │  0  │ Infinity │    0     │ 893.8 │ 1490.6 │  0  │     │ 10300  │ 16480000  │   4500    │    8250000    │ 10300 │ 16480000 │ 11.5 │
│    7    │ 1.6 │ 1.6 │ 1.5 │ 1.5 │ 2000  │ 3000000  │   29000   │  3500   │ 5400000  │ 45150000  │ 1673603400000 │ '2023-01-13T09:50:00.000Z' │ 42.9 │ 57.1 │  0  │   0.8    │   1.3    │ 893.8 │ 1490.6 │  0  │ 1.3 │  -500  │  -600000  │   4000    │    7650000    │ 1500  │ 2400000  │ 1.7  │
│    8    │ 1.5 │ 1.6 │ 1.5 │ 1.6 │  600  │  900000  │   30100   │  1100   │ 1700000  │ 46850000  │ 1673604300000 │ '2023-01-13T10:05:00.000Z' │ 45.5 │ 54.5 │  0  │   0.8    │   1.2    │ 893.8 │ 1490.6 │  0  │ 0.4 │  -100  │  -100000  │   3900    │    7550000    │  500  │  800000  │ 0.6  │
│    9    │ 1.6 │ 1.6 │ 1.6 │ 1.6 │       │          │   30300   │   200   │  320000  │ 47170000  │ 1673604900000 │ '2023-01-13T10:15:00.000Z' │ 100  │  0   │  0  │ Infinity │    0     │ 893.8 │ 1490.6 │  0  │     │  200   │  320000   │   4100    │    7870000    │  200  │  320000  │ 0.2  │
│   10    │ 1.6 │ 1.6 │ 1.6 │ 1.6 │       │          │   40300   │  10000  │ 16000000 │ 63170000  │ 1673605200000 │ '2023-01-13T10:20:00.000Z' │ 100  │  0   │  0  │ Infinity │    0     │ 893.8 │ 1490.6 │  0  │     │ 10000  │ 16000000  │   14100   │   23870000    │ 10000 │ 16000000 │ 11.2 │
│   11    │ 1.6 │ 1.6 │ 1.6 │ 1.6 │       │          │   40600   │   300   │  480000  │ 63650000  │ 1673606100000 │ '2023-01-13T10:35:00.000Z' │ 100  │  0   │  0  │ Infinity │    0     │ 893.8 │ 1490.6 │  0  │     │  300   │  480000   │   14400   │   24350000    │  300  │  480000  │ 0.3  │
│   12    │ 1.6 │ 1.6 │ 1.6 │ 1.6 │       │          │   40700   │   100   │  160000  │ 63810000  │ 1673606400000 │ '2023-01-13T10:40:00.000Z' │ 100  │  0   │  0  │ Infinity │    0     │ 893.8 │ 1490.6 │  0  │     │  100   │  160000   │   14500   │   24510000    │  100  │  160000  │ 0.1  │
│   13    │ 1.6 │ 1.6 │ 1.6 │ 1.6 │       │          │   40800   │   100   │  160000  │ 63970000  │ 1673606700000 │ '2023-01-13T10:45:00.000Z' │ 100  │  0   │  0  │ Infinity │    0     │ 893.8 │ 1490.6 │  0  │     │  100   │  160000   │   14600   │   24670000    │  100  │  160000  │ 0.1  │
│   14    │ 1.5 │ 1.5 │ 1.5 │ 1.5 │  100  │  150000  │   40900   │   100   │  150000  │ 64120000  │ 1673607000000 │ '2023-01-13T10:50:00.000Z' │  0   │ 100  │  0  │    0     │ Infinity │ 893.8 │ 1490.6 │  0  │ 0.1 │  -100  │  -150000  │   14500   │   24520000    │       │          │      │
│   15    │ 1.6 │ 1.6 │ 1.6 │ 1.6 │       │          │   41000   │   100   │  160000  │ 64280000  │ 1673607600000 │ '2023-01-13T11:00:00.000Z' │ 100  │  0   │  0  │ Infinity │    0     │ 893.8 │ 1490.6 │  0  │     │  100   │  160000   │   14600   │   24680000    │  100  │  160000  │ 0.1  │
│   16    │ 1.5 │ 1.5 │ 1.5 │ 1.5 │ 6400  │ 9600000  │   47400   │  6400   │ 9600000  │ 73880000  │ 1673608200000 │ '2023-01-13T11:10:00.000Z' │  0   │ 100  │  0  │    0     │ Infinity │ 893.8 │ 1490.6 │  0  │ 4.3 │ -6400  │ -9600000  │   8200    │   15080000    │       │          │      │
│   17    │ 1.6 │ 1.6 │ 1.6 │ 1.6 │       │          │   47600   │   200   │  320000  │ 74200000  │ 1673608500000 │ '2023-01-13T11:15:00.000Z' │ 100  │  0   │  0  │ Infinity │    0     │ 893.8 │ 1490.6 │  0  │     │  200   │  320000   │   8400    │   15400000    │  200  │  320000  │ 0.2  │
│   18    │ 1.6 │ 1.6 │ 1.6 │ 1.6 │       │          │   47700   │   100   │  160000  │ 74360000  │ 1673614800000 │ '2023-01-13T13:00:00.000Z' │ 100  │  0   │  0  │ Infinity │    0     │ 893.8 │ 1490.6 │  0  │     │  100   │  160000   │   8500    │   15560000    │  100  │  160000  │ 0.1  │
│   19    │ 1.6 │ 1.6 │ 1.6 │ 1.6 │       │          │   47900   │   200   │  320000  │ 74680000  │ 1673615100000 │ '2023-01-13T13:05:00.000Z' │ 100  │  0   │  0  │ Infinity │    0     │ 893.8 │ 1490.6 │  0  │     │  200   │  320000   │   8700    │   15880000    │  200  │  320000  │ 0.2  │
│   20    │ 1.5 │ 1.5 │ 1.5 │ 1.5 │ 5200  │ 7800000  │   53100   │  5200   │ 7800000  │ 82480000  │ 1673615400000 │ '2023-01-13T13:10:00.000Z' │  0   │ 100  │  0  │    0     │ Infinity │ 893.8 │ 1490.6 │  0  │ 3.5 │ -5200  │ -7800000  │   3500    │    8080000    │       │          │      │
├─────────┼─────┼─────┼─────┼─────┼───────┼──────────┼───────────┼─────────┼──────────┼───────────┼───────────────┼────────────────────────────┼──────┼──────┼─────┼──────────┼──────────┼───────┼────────┼─────┼─────┼────────┼───────────┼───────────┼───────────────┼───────┼──────────┼──────┤
│ (index) │  c  │  h  │  l  │  o  │  sd   │  val_sd  │ total_vol │ sum_vol │   val    │ acum_val  │   datetime    │            date            │ pbu  │ psd  │ puk │    bs    │    sb    │  abu  │  asd   │ auk │ rsd │ bu-sd  │ bu-sd_val │ acum_busd │ acum_busd_val │  bu   │  val_bu  │ rbu  │
├─────────┼─────┼─────┼─────┼─────┼───────┼──────────┼───────────┼─────────┼──────────┼───────────┼───────────────┼────────────────────────────┼──────┼──────┼─────┼──────────┼──────────┼───────┼────────┼─────┼─────┼────────┼───────────┼───────────┼───────────────┼───────┼──────────┼──────┤
│   21    │ 1.5 │ 1.5 │ 1.5 │ 1.5 │ 14300 │ 21450000 │   67400   │  14300  │ 21450000 │ 103930000 │ 1673615700000 │ '2023-01-13T13:15:00.000Z' │  0   │ 100  │  0  │    0     │ Infinity │ 893.8 │ 1490.6 │  0  │ 9.6 │ -14300 │ -21450000 │  -10800   │   -13370000   │       │          │      │
│   22    │ 1.5 │ 1.5 │ 1.5 │ 1.5 │  200  │  300000  │   67600   │   200   │  300000  │ 104230000 │ 1673616900000 │ '2023-01-13T13:35:00.000Z' │  0   │ 100  │  0  │    0     │ Infinity │ 893.8 │ 1490.6 │  0  │ 0.1 │  -200  │  -300000  │  -11000   │   -13670000   │       │          │      │
│   23    │ 1.5 │ 1.5 │ 1.5 │ 1.5 │  600  │  900000  │   68200   │   600   │  900000  │ 105130000 │ 1673617500000 │ '2023-01-13T13:45:00.000Z' │  0   │ 100  │  0  │    0     │ Infinity │ 893.8 │ 1490.6 │  0  │ 0.4 │  -600  │  -900000  │  -11600   │   -14570000   │       │          │      │
│   24    │ 1.5 │ 1.5 │ 1.5 │ 1.5 │  800  │ 1200000  │   69000   │   800   │ 1200000  │ 106330000 │ 1673618100000 │ '2023-01-13T13:55:00.000Z' │  0   │ 100  │  0  │    0     │ Infinity │ 893.8 │ 1490.6 │  0  │ 0.5 │  -800  │ -1200000  │  -12400   │   -15770000   │       │          │      │
│   25    │ 1.5 │ 1.5 │ 1.5 │ 1.5 │ 5000  │ 7500000  │   74000   │  5000   │ 7500000  │ 113830000 │ 1673618400000 │ '2023-01-13T14:00:00.000Z' │  0   │ 100  │  0  │    0     │ Infinity │ 893.8 │ 1490.6 │  0  │ 3.4 │ -5000  │ -7500000  │  -17400   │   -23270000   │       │          │      │
│   26    │ 1.5 │ 1.5 │ 1.5 │ 1.5 │  500  │  750000  │   74500   │   500   │  750000  │ 114580000 │ 1673618700000 │ '2023-01-13T14:05:00.000Z' │  0   │ 100  │  0  │    0     │ Infinity │ 893.8 │ 1490.6 │  0  │ 0.3 │  -500  │  -750000  │  -17900   │   -24020000   │       │          │      │
│   27    │ 1.5 │ 1.5 │ 1.5 │ 1.5 │ 1100  │ 1650000  │   75600   │  1100   │ 1650000  │ 116230000 │ 1673619000000 │ '2023-01-13T14:10:00.000Z' │  0   │ 100  │  0  │    0     │ Infinity │ 893.8 │ 1490.6 │  0  │ 0.7 │ -1100  │ -1650000  │  -19000   │   -25670000   │       │          │      │
│   28    │ 1.5 │ 1.5 │ 1.5 │ 1.5 │  200  │  300000  │   75800   │   200   │  300000  │ 116530000 │ 1673619900000 │ '2023-01-13T14:25:00.000Z' │  0   │ 100  │  0  │    0     │ Infinity │ 893.8 │ 1490.6 │  0  │ 0.1 │  -200  │  -300000  │  -19200   │   -25970000   │       │          │      │
│   29    │ 1.6 │ 1.6 │ 1.6 │ 1.6 │       │          │   75900   │   100   │  160000  │ 116690000 │ 1673620200000 │ '2023-01-13T14:30:00.000Z' │ 100  │  0   │  0  │ Infinity │    0     │ 893.8 │ 1490.6 │  0  │     │  100   │  160000   │  -19100   │   -25810000   │  100  │  160000  │ 0.1  │
│   30    │ 1.5 │ 1.5 │ 1.5 │ 1.5 │  100  │  150000  │   76000   │   100   │  150000  │ 116840000 │ 1673621400000 │ '2023-01-13T14:50:00.000Z' │  0   │ 100  │  0  │    0     │ Infinity │ 893.8 │ 1490.6 │  0  │ 0.1 │  -100  │  -150000  │  -19200   │   -25960000   │       │          │      │
│   31    │ 1.6 │ 1.6 │ 1.5 │ 1.5 │  100  │  150000  │   76300   │   300   │  470000  │ 117310000 │ 1673621700000 │ '2023-01-13T14:55:00.000Z' │ 66.7 │ 33.3 │  0  │    2     │   0.5    │ 893.8 │ 1490.6 │  0  │ 0.1 │  100   │  170000   │  -19100   │   -25790000   │  200  │  320000  │ 0.2  │
└─────────┴─────┴─────┴─────┴─────┴───────┴──────────┴───────────┴─────────┴──────────┴───────────┴───────────────┴────────────────────────────┴──────┴──────┴─────┴──────────┴──────────┴───────┴────────┴─────┴─────┴────────┴───────────┴───────────┴───────────────┴───────┴──────────┴──────┘

