┌─────────┬──────┬──────┬──────┬──────┬────────┬───────────┬───────────┬─────────┬───────────┬────────────┬───────────────┬────────────────────────────┬─────┬─────┬─────┬──────────┬────┬───────┬─────┬─────┬──────┬────────┬───────────┬───────────┬───────────────┐
│ (index) │  c   │  h   │  l   │  o   │   bu   │  val_bu   │ total_vol │ sum_vol │    val    │  acum_val  │   datetime    │            date            │ pbu │ psd │ puk │    bs    │ sb │  abu  │ asd │ auk │ rbu  │ bu-sd  │ bu-sd_val │ acum_busd │ acum_busd_val │
├─────────┼──────┼──────┼──────┼──────┼────────┼───────────┼───────────┼─────────┼───────────┼────────────┼───────────────┼────────────────────────────┼─────┼─────┼─────┼──────────┼────┼───────┼─────┼─────┼──────┼────────┼───────────┼───────────┼───────────────┤
│    0    │ 3.33 │ 3.33 │ 3.33 │ 3.33 │ 153200 │ 510156000 │  153200   │ 153200  │ 510156000 │ 510156000  │ 1673601300000 │ '2023-01-13T09:15:00.000Z' │ 100 │  0  │  0  │ Infinity │ 0  │ 14531 │  0  │  0  │ 10.5 │ 153200 │ 510156000 │  153200   │   510156000   │
│    1    │ 3.33 │ 3.33 │ 3.33 │ 3.33 │ 24000  │ 79920000  │  177200   │  24000  │ 79920000  │ 590076000  │ 1673601600000 │ '2023-01-13T09:20:00.000Z' │ 100 │  0  │  0  │ Infinity │ 0  │ 14531 │  0  │  0  │ 1.7  │ 24000  │ 79920000  │  177200   │   590076000   │
│    2    │ 3.33 │ 3.33 │ 3.33 │ 3.33 │ 17100  │ 56943000  │  194300   │  17100  │ 56943000  │ 647019000  │ 1673601900000 │ '2023-01-13T09:25:00.000Z' │ 100 │  0  │  0  │ Infinity │ 0  │ 14531 │  0  │  0  │ 1.2  │ 17100  │ 56943000  │  194300   │   647019000   │
│    3    │ 3.33 │ 3.33 │ 3.33 │ 3.33 │  5800  │ 19314000  │  200100   │  5800   │ 19314000  │ 666333000  │ 1673602200000 │ '2023-01-13T09:30:00.000Z' │ 100 │  0  │  0  │ Infinity │ 0  │ 14531 │  0  │  0  │ 0.4  │  5800  │ 19314000  │  200100   │   666333000   │
│    4    │ 3.33 │ 3.33 │ 3.33 │ 3.33 │ 16600  │ 55278000  │  216700   │  16600  │ 55278000  │ 721611000  │ 1673602500000 │ '2023-01-13T09:35:00.000Z' │ 100 │  0  │  0  │ Infinity │ 0  │ 14531 │  0  │  0  │ 1.1  │ 16600  │ 55278000  │  216700   │   721611000   │
│    5    │ 3.33 │ 3.33 │ 3.33 │ 3.33 │  2400  │  7992000  │  219100   │  2400   │  7992000  │ 729603000  │ 1673602800000 │ '2023-01-13T09:40:00.000Z' │ 100 │  0  │  0  │ Infinity │ 0  │ 14531 │  0  │  0  │ 0.2  │  2400  │  7992000  │  219100   │   729603000   │
│    6    │ 3.33 │ 3.33 │ 3.33 │ 3.33 │  3000  │  9990000  │  222100   │  3000   │  9990000  │ 739593000  │ 1673603100000 │ '2023-01-13T09:45:00.000Z' │ 100 │  0  │  0  │ Infinity │ 0  │ 14531 │  0  │  0  │ 0.2  │  3000  │  9990000  │  222100   │   739593000   │
│    7    │ 3.33 │ 3.33 │ 3.33 │ 3.33 │  1200  │  3996000  │  223300   │  1200   │  3996000  │ 743589000  │ 1673603400000 │ '2023-01-13T09:50:00.000Z' │ 100 │  0  │  0  │ Infinity │ 0  │ 14531 │  0  │  0  │ 0.1  │  1200  │  3996000  │  223300   │   743589000   │
│    8    │ 3.33 │ 3.33 │ 3.33 │ 3.33 │  8400  │ 27972000  │  231700   │  8400   │ 27972000  │ 771561000  │ 1673603700000 │ '2023-01-13T09:55:00.000Z' │ 100 │  0  │  0  │ Infinity │ 0  │ 14531 │  0  │  0  │ 0.6  │  8400  │ 27972000  │  231700   │   771561000   │
│    9    │ 3.33 │ 3.33 │ 3.33 │ 3.33 │  600   │  1998000  │  232300   │   600   │  1998000  │ 773559000  │ 1673604000000 │ '2023-01-13T10:00:00.000Z' │ 100 │  0  │  0  │ Infinity │ 0  │ 14531 │  0  │  0  │  0   │  600   │  1998000  │  232300   │   773559000   │
│   10    │ 3.33 │ 3.33 │ 3.33 │ 3.33 │  2100  │  6993000  │  234400   │  2100   │  6993000  │ 780552000  │ 1673604300000 │ '2023-01-13T10:05:00.000Z' │ 100 │  0  │  0  │ Infinity │ 0  │ 14531 │  0  │  0  │ 0.1  │  2100  │  6993000  │  234400   │   780552000   │
│   11    │ 3.33 │ 3.33 │ 3.33 │ 3.33 │  1500  │  4995000  │  235900   │  1500   │  4995000  │ 785547000  │ 1673604600000 │ '2023-01-13T10:10:00.000Z' │ 100 │  0  │  0  │ Infinity │ 0  │ 14531 │  0  │  0  │ 0.1  │  1500  │  4995000  │  235900   │   785547000   │
│   12    │ 3.33 │ 3.33 │ 3.33 │ 3.33 │  1400  │  4662000  │  237300   │  1400   │  4662000  │ 790209000  │ 1673604900000 │ '2023-01-13T10:15:00.000Z' │ 100 │  0  │  0  │ Infinity │ 0  │ 14531 │  0  │  0  │ 0.1  │  1400  │  4662000  │  237300   │   790209000   │
│   13    │ 3.33 │ 3.33 │ 3.33 │ 3.33 │  6600  │ 21978000  │  243900   │  6600   │ 21978000  │ 812187000  │ 1673605200000 │ '2023-01-13T10:20:00.000Z' │ 100 │  0  │  0  │ Infinity │ 0  │ 14531 │  0  │  0  │ 0.5  │  6600  │ 21978000  │  243900   │   812187000   │
│   14    │ 3.33 │ 3.33 │ 3.33 │ 3.33 │  2100  │  6993000  │  246000   │  2100   │  6993000  │ 819180000  │ 1673605500000 │ '2023-01-13T10:25:00.000Z' │ 100 │  0  │  0  │ Infinity │ 0  │ 14531 │  0  │  0  │ 0.1  │  2100  │  6993000  │  246000   │   819180000   │
│   15    │ 3.33 │ 3.33 │ 3.33 │ 3.33 │ 37400  │ 124542000 │  283400   │  37400  │ 124542000 │ 943722000  │ 1673605800000 │ '2023-01-13T10:30:00.000Z' │ 100 │  0  │  0  │ Infinity │ 0  │ 14531 │  0  │  0  │ 2.6  │ 37400  │ 124542000 │  283400   │   943722000   │
│   16    │ 3.33 │ 3.33 │ 3.33 │ 3.33 │  700   │  2331000  │  284100   │   700   │  2331000  │ 946053000  │ 1673606100000 │ '2023-01-13T10:35:00.000Z' │ 100 │  0  │  0  │ Infinity │ 0  │ 14531 │  0  │  0  │  0   │  700   │  2331000  │  284100   │   946053000   │
│   17    │ 3.33 │ 3.33 │ 3.33 │ 3.33 │ 94100  │ 313353000 │  378200   │  94100  │ 313353000 │ 1259406000 │ 1673606400000 │ '2023-01-13T10:40:00.000Z' │ 100 │  0  │  0  │ Infinity │ 0  │ 14531 │  0  │  0  │ 6.5  │ 94100  │ 313353000 │  378200   │  1259406000   │
│   18    │ 3.33 │ 3.33 │ 3.33 │ 3.33 │ 19600  │ 65268000  │  397800   │  19600  │ 65268000  │ 1324674000 │ 1673606700000 │ '2023-01-13T10:45:00.000Z' │ 100 │  0  │  0  │ Infinity │ 0  │ 14531 │  0  │  0  │ 1.3  │ 19600  │ 65268000  │  397800   │  1324674000   │
│   19    │ 3.33 │ 3.33 │ 3.33 │ 3.33 │  1400  │  4662000  │  399200   │  1400   │  4662000  │ 1329336000 │ 1673607000000 │ '2023-01-13T10:50:00.000Z' │ 100 │  0  │  0  │ Infinity │ 0  │ 14531 │  0  │  0  │ 0.1  │  1400  │  4662000  │  399200   │  1329336000   │
│   20    │ 3.33 │ 3.33 │ 3.33 │ 3.33 │  1100  │  3663000  │  400300   │  1100   │  3663000  │ 1332999000 │ 1673607600000 │ '2023-01-13T11:00:00.000Z' │ 100 │  0  │  0  │ Infinity │ 0  │ 14531 │  0  │  0  │ 0.1  │  1100  │  3663000  │  400300   │  1332999000   │
├─────────┼──────┼──────┼──────┼──────┼────────┼───────────┼───────────┼─────────┼───────────┼────────────┼───────────────┼────────────────────────────┼─────┼─────┼─────┼──────────┼────┼───────┼─────┼─────┼──────┼────────┼───────────┼───────────┼───────────────┤
│ (index) │  c   │  h   │  l   │  o   │   bu   │  val_bu   │ total_vol │ sum_vol │    val    │  acum_val  │   datetime    │            date            │ pbu │ psd │ puk │    bs    │ sb │  abu  │ asd │ auk │ rbu  │ bu-sd  │ bu-sd_val │ acum_busd │ acum_busd_val │
├─────────┼──────┼──────┼──────┼──────┼────────┼───────────┼───────────┼─────────┼───────────┼────────────┼───────────────┼────────────────────────────┼─────┼─────┼─────┼──────────┼────┼───────┼─────┼─────┼──────┼────────┼───────────┼───────────┼───────────────┤
│   21    │ 3.33 │ 3.33 │ 3.33 │ 3.33 │ 31800  │ 105894000 │  432100   │  31800  │ 105894000 │ 1438893000 │ 1673607900000 │ '2023-01-13T11:05:00.000Z' │ 100 │  0  │  0  │ Infinity │ 0  │ 14531 │  0  │  0  │ 2.2  │ 31800  │ 105894000 │  432100   │  1438893000   │
│   22    │ 3.33 │ 3.33 │ 3.33 │ 3.33 │ 20100  │ 66933000  │  452200   │  20100  │ 66933000  │ 1505826000 │ 1673608200000 │ '2023-01-13T11:10:00.000Z' │ 100 │  0  │  0  │ Infinity │ 0  │ 14531 │  0  │  0  │ 1.4  │ 20100  │ 66933000  │  452200   │  1505826000   │
│   23    │ 3.33 │ 3.33 │ 3.33 │ 3.33 │ 12500  │ 41625000  │  464700   │  12500  │ 41625000  │ 1547451000 │ 1673608500000 │ '2023-01-13T11:15:00.000Z' │ 100 │  0  │  0  │ Infinity │ 0  │ 14531 │  0  │  0  │ 0.9  │ 12500  │ 41625000  │  464700   │  1547451000   │
│   24    │ 3.33 │ 3.33 │ 3.33 │ 3.33 │  5700  │ 18981000  │  470400   │  5700   │ 18981000  │ 1566432000 │ 1673609100000 │ '2023-01-13T11:25:00.000Z' │ 100 │  0  │  0  │ Infinity │ 0  │ 14531 │  0  │  0  │ 0.4  │  5700  │ 18981000  │  470400   │  1566432000   │
│   25    │ 3.33 │ 3.33 │ 3.33 │ 3.33 │ 18700  │ 62271000  │  489100   │  18700  │ 62271000  │ 1628703000 │ 1673614800000 │ '2023-01-13T13:00:00.000Z' │ 100 │  0  │  0  │ Infinity │ 0  │ 14531 │  0  │  0  │ 1.3  │ 18700  │ 62271000  │  489100   │  1628703000   │
│   26    │ 3.33 │ 3.33 │ 3.33 │ 3.33 │  1000  │  3330000  │  490100   │  1000   │  3330000  │ 1632033000 │ 1673615100000 │ '2023-01-13T13:05:00.000Z' │ 100 │  0  │  0  │ Infinity │ 0  │ 14531 │  0  │  0  │ 0.1  │  1000  │  3330000  │  490100   │  1632033000   │
│   27    │ 3.33 │ 3.33 │ 3.33 │ 3.33 │  1900  │  6327000  │  492000   │  1900   │  6327000  │ 1638360000 │ 1673615400000 │ '2023-01-13T13:10:00.000Z' │ 100 │  0  │  0  │ Infinity │ 0  │ 14531 │  0  │  0  │ 0.1  │  1900  │  6327000  │  492000   │  1638360000   │
│   28    │ 3.33 │ 3.33 │ 3.33 │ 3.33 │  1600  │  5328000  │  493600   │  1600   │  5328000  │ 1643688000 │ 1673615700000 │ '2023-01-13T13:15:00.000Z' │ 100 │  0  │  0  │ Infinity │ 0  │ 14531 │  0  │  0  │ 0.1  │  1600  │  5328000  │  493600   │  1643688000   │
│   29    │ 3.33 │ 3.33 │ 3.33 │ 3.33 │  200   │  666000   │  493800   │   200   │  666000   │ 1644354000 │ 1673616000000 │ '2023-01-13T13:20:00.000Z' │ 100 │  0  │  0  │ Infinity │ 0  │ 14531 │  0  │  0  │  0   │  200   │  666000   │  493800   │  1644354000   │
│   30    │ 3.33 │ 3.33 │ 3.33 │ 3.33 │  200   │  666000   │  494000   │   200   │  666000   │ 1645020000 │ 1673616300000 │ '2023-01-13T13:25:00.000Z' │ 100 │  0  │  0  │ Infinity │ 0  │ 14531 │  0  │  0  │  0   │  200   │  666000   │  494000   │  1645020000   │
│   31    │ 3.33 │ 3.33 │ 3.33 │ 3.33 │  3300  │ 10989000  │  497300   │  3300   │ 10989000  │ 1656009000 │ 1673616900000 │ '2023-01-13T13:35:00.000Z' │ 100 │  0  │  0  │ Infinity │ 0  │ 14531 │  0  │  0  │ 0.2  │  3300  │ 10989000  │  497300   │  1656009000   │
│   32    │ 3.33 │ 3.33 │ 3.33 │ 3.33 │  7100  │ 23643000  │  504400   │  7100   │ 23643000  │ 1679652000 │ 1673617200000 │ '2023-01-13T13:40:00.000Z' │ 100 │  0  │  0  │ Infinity │ 0  │ 14531 │  0  │  0  │ 0.5  │  7100  │ 23643000  │  504400   │  1679652000   │
│   33    │ 3.33 │ 3.33 │ 3.33 │ 3.33 │  1100  │  3663000  │  505500   │  1100   │  3663000  │ 1683315000 │ 1673617500000 │ '2023-01-13T13:45:00.000Z' │ 100 │  0  │  0  │ Infinity │ 0  │ 14531 │  0  │  0  │ 0.1  │  1100  │  3663000  │  505500   │  1683315000   │
│   34    │ 3.33 │ 3.33 │ 3.33 │ 3.33 │  1700  │  5661000  │  507200   │  1700   │  5661000  │ 1688976000 │ 1673617800000 │ '2023-01-13T13:50:00.000Z' │ 100 │  0  │  0  │ Infinity │ 0  │ 14531 │  0  │  0  │ 0.1  │  1700  │  5661000  │  507200   │  1688976000   │
│   35    │ 3.33 │ 3.33 │ 3.33 │ 3.33 │  3300  │ 10989000  │  510500   │  3300   │ 10989000  │ 1699965000 │ 1673618100000 │ '2023-01-13T13:55:00.000Z' │ 100 │  0  │  0  │ Infinity │ 0  │ 14531 │  0  │  0  │ 0.2  │  3300  │ 10989000  │  510500   │  1699965000   │
│   36    │ 3.33 │ 3.33 │ 3.33 │ 3.33 │  400   │  1332000  │  510900   │   400   │  1332000  │ 1701297000 │ 1673618400000 │ '2023-01-13T14:00:00.000Z' │ 100 │  0  │  0  │ Infinity │ 0  │ 14531 │  0  │  0  │  0   │  400   │  1332000  │  510900   │  1701297000   │
│   37    │ 3.33 │ 3.33 │ 3.33 │ 3.33 │  400   │  1332000  │  511300   │   400   │  1332000  │ 1702629000 │ 1673618700000 │ '2023-01-13T14:05:00.000Z' │ 100 │  0  │  0  │ Infinity │ 0  │ 14531 │  0  │  0  │  0   │  400   │  1332000  │  511300   │  1702629000   │
│   38    │ 3.33 │ 3.33 │ 3.33 │ 3.33 │  900   │  2997000  │  512200   │   900   │  2997000  │ 1705626000 │ 1673619000000 │ '2023-01-13T14:10:00.000Z' │ 100 │  0  │  0  │ Infinity │ 0  │ 14531 │  0  │  0  │ 0.1  │  900   │  2997000  │  512200   │  1705626000   │
│   39    │ 3.33 │ 3.33 │ 3.33 │ 3.33 │ 31500  │ 104895000 │  543700   │  31500  │ 104895000 │ 1810521000 │ 1673619600000 │ '2023-01-13T14:20:00.000Z' │ 100 │  0  │  0  │ Infinity │ 0  │ 14531 │  0  │  0  │ 2.2  │ 31500  │ 104895000 │  543700   │  1810521000   │
│   40    │ 3.33 │ 3.33 │ 3.33 │ 3.33 │ 63500  │ 211455000 │  607200   │  63500  │ 211455000 │ 2021976000 │ 1673619900000 │ '2023-01-13T14:25:00.000Z' │ 100 │  0  │  0  │ Infinity │ 0  │ 14531 │  0  │  0  │ 4.4  │ 63500  │ 211455000 │  607200   │  2021976000   │
├─────────┼──────┼──────┼──────┼──────┼────────┼───────────┼───────────┼─────────┼───────────┼────────────┼───────────────┼────────────────────────────┼─────┼─────┼─────┼──────────┼────┼───────┼─────┼─────┼──────┼────────┼───────────┼───────────┼───────────────┤
│ (index) │  c   │  h   │  l   │  o   │   bu   │  val_bu   │ total_vol │ sum_vol │    val    │  acum_val  │   datetime    │            date            │ pbu │ psd │ puk │    bs    │ sb │  abu  │ asd │ auk │ rbu  │ bu-sd  │ bu-sd_val │ acum_busd │ acum_busd_val │
├─────────┼──────┼──────┼──────┼──────┼────────┼───────────┼───────────┼─────────┼───────────┼────────────┼───────────────┼────────────────────────────┼─────┼─────┼─────┼──────────┼────┼───────┼─────┼─────┼──────┼────────┼───────────┼───────────┼───────────────┤
│   41    │ 3.33 │ 3.33 │ 3.33 │ 3.33 │  3100  │ 10323000  │  610300   │  3100   │ 10323000  │ 2032299000 │ 1673621100000 │ '2023-01-13T14:45:00.000Z' │ 100 │  0  │  0  │ Infinity │ 0  │ 14531 │  0  │  0  │ 0.2  │  3100  │ 10323000  │  610300   │  2032299000   │
└─────────┴──────┴──────┴──────┴──────┴────────┴───────────┴───────────┴─────────┴───────────┴────────────┴───────────────┴────────────────────────────┴─────┴─────┴─────┴──────────┴────┴───────┴─────┴─────┴──────┴────────┴───────────┴───────────┴───────────────┘

