┌─────────┬─────┬─────┬─────┬─────┬───────┬───────────┬───────────┬─────────┬───────────┬───────────┬──────┬──────────┬───────────────┬────────────────────────────┬──────┬──────┬─────┬──────────┬──────────┬─────┬──────┬─────┬──────┬─────┬────────┬────────────┬───────────┬───────────────┐
│ (index) │  c  │  h  │  l  │  o  │  sd   │  val_sd   │ total_vol │ sum_vol │    val    │ acum_val  │  bu  │  val_bu  │   datetime    │            date            │ pbu  │ psd  │ puk │    bs    │    sb    │ abu │ asd  │ auk │ rsd  │ rbu │ bu-sd  │ bu-sd_val  │ acum_busd │ acum_busd_val │
├─────────┼─────┼─────┼─────┼─────┼───────┼───────────┼───────────┼─────────┼───────────┼───────────┼──────┼──────────┼───────────────┼────────────────────────────┼──────┼──────┼─────┼──────────┼──────────┼─────┼──────┼─────┼──────┼─────┼────────┼────────────┼───────────┼───────────────┤
│    0    │ 2.6 │ 2.6 │ 2.5 │ 2.5 │  100  │  250000   │    300    │   300   │  770000   │  770000   │ 200  │  520000  │ 1673600400000 │ '2023-01-13T09:00:00.000Z' │ 66.7 │ 33.3 │  0  │    2     │   0.5    │ 780 │ 2548 │  0  │  0   │ 0.3 │  100   │   270000   │    100    │    270000     │
│    1    │ 2.6 │ 2.6 │ 2.6 │ 2.6 │       │           │   3300    │  3000   │  7800000  │  8570000  │ 3000 │ 7800000  │ 1673600520000 │ '2023-01-13T09:02:00.000Z' │ 100  │  0   │  0  │ Infinity │    0     │ 780 │ 2548 │  0  │      │ 3.8 │  3000  │  7800000   │   3100    │    8070000    │
│    2    │ 2.6 │ 2.6 │ 2.6 │ 2.6 │       │           │   5700    │  2400   │  6240000  │ 14810000  │ 2400 │ 6240000  │ 1673600640000 │ '2023-01-13T09:04:00.000Z' │ 100  │  0   │  0  │ Infinity │    0     │ 780 │ 2548 │  0  │      │ 3.1 │  2400  │  6240000   │   5500    │   14310000    │
│    3    │ 2.6 │ 2.6 │ 2.6 │ 2.6 │       │           │   5900    │   200   │  520000   │ 15330000  │ 200  │  520000  │ 1673600760000 │ '2023-01-13T09:06:00.000Z' │ 100  │  0   │  0  │ Infinity │    0     │ 780 │ 2548 │  0  │      │ 0.3 │  200   │   520000   │   5700    │   14830000    │
│    4    │ 2.6 │ 2.6 │ 2.6 │ 2.6 │       │           │   6400    │   500   │  1300000  │ 16630000  │ 500  │ 1300000  │ 1673600880000 │ '2023-01-13T09:08:00.000Z' │ 100  │  0   │  0  │ Infinity │    0     │ 780 │ 2548 │  0  │      │ 0.6 │  500   │  1300000   │   6200    │   16130000    │
│    5    │ 2.6 │ 2.6 │ 2.6 │ 2.6 │       │           │   6900    │   500   │  1300000  │ 17930000  │ 500  │ 1300000  │ 1673601120000 │ '2023-01-13T09:12:00.000Z' │ 100  │  0   │  0  │ Infinity │    0     │ 780 │ 2548 │  0  │      │ 0.6 │  500   │  1300000   │   6700    │   17430000    │
│    6    │ 2.6 │ 2.6 │ 2.6 │ 2.6 │       │           │   7000    │   100   │  260000   │ 18190000  │ 100  │  260000  │ 1673601960000 │ '2023-01-13T09:26:00.000Z' │ 100  │  0   │  0  │ Infinity │    0     │ 780 │ 2548 │  0  │      │ 0.1 │  100   │   260000   │   6800    │   17690000    │
│    7    │ 2.6 │ 2.6 │ 2.6 │ 2.6 │       │           │   7500    │   500   │  1300000  │ 19490000  │ 500  │ 1300000  │ 1673602080000 │ '2023-01-13T09:28:00.000Z' │ 100  │  0   │  0  │ Infinity │    0     │ 780 │ 2548 │  0  │      │ 0.6 │  500   │  1300000   │   7300    │   18990000    │
│    8    │ 2.6 │ 2.6 │ 2.6 │ 2.6 │       │           │   8100    │   600   │  1560000  │ 21050000  │ 600  │ 1560000  │ 1673602560000 │ '2023-01-13T09:36:00.000Z' │ 100  │  0   │  0  │ Infinity │    0     │ 780 │ 2548 │  0  │      │ 0.8 │  600   │  1560000   │   7900    │   20550000    │
│    9    │ 2.6 │ 2.6 │ 2.6 │ 2.6 │       │           │   10200   │  2100   │  5460000  │ 26510000  │ 2100 │ 5460000  │ 1673602680000 │ '2023-01-13T09:38:00.000Z' │ 100  │  0   │  0  │ Infinity │    0     │ 780 │ 2548 │  0  │      │ 2.7 │  2100  │  5460000   │   10000   │   26010000    │
│   10    │ 2.6 │ 2.6 │ 2.6 │ 2.6 │       │           │   15200   │  5000   │ 13000000  │ 39510000  │ 5000 │ 13000000 │ 1673602800000 │ '2023-01-13T09:40:00.000Z' │ 100  │  0   │  0  │ Infinity │    0     │ 780 │ 2548 │  0  │      │ 6.4 │  5000  │  13000000  │   15000   │   39010000    │
│   11    │ 2.6 │ 2.6 │ 2.6 │ 2.6 │       │           │   16100   │   900   │  2340000  │ 41850000  │ 900  │ 2340000  │ 1673603280000 │ '2023-01-13T09:48:00.000Z' │ 100  │  0   │  0  │ Infinity │    0     │ 780 │ 2548 │  0  │      │ 1.2 │  900   │  2340000   │   15900   │   41350000    │
│   12    │ 2.6 │ 2.6 │ 2.6 │ 2.6 │       │           │   16300   │   200   │  520000   │ 42370000  │ 200  │  520000  │ 1673604120000 │ '2023-01-13T10:02:00.000Z' │ 100  │  0   │  0  │ Infinity │    0     │ 780 │ 2548 │  0  │      │ 0.3 │  200   │   520000   │   16100   │   41870000    │
│   13    │ 2.6 │ 2.6 │ 2.6 │ 2.6 │       │           │   16800   │   500   │  1300000  │ 43670000  │ 500  │ 1300000  │ 1673604240000 │ '2023-01-13T10:04:00.000Z' │ 100  │  0   │  0  │ Infinity │    0     │ 780 │ 2548 │  0  │      │ 0.6 │  500   │  1300000   │   16600   │   43170000    │
│   14    │ 2.5 │ 2.5 │ 2.5 │ 2.5 │  500  │  1250000  │   17300   │   500   │  1250000  │ 44920000  │      │          │ 1673605920000 │ '2023-01-13T10:32:00.000Z' │  0   │ 100  │  0  │    0     │ Infinity │ 780 │ 2548 │  0  │ 0.2  │     │  -500  │  -1250000  │   16100   │   41920000    │
│   15    │ 2.6 │ 2.6 │ 2.6 │ 2.6 │       │           │   17400   │   100   │  260000   │ 45180000  │ 100  │  260000  │ 1673616360000 │ '2023-01-13T13:26:00.000Z' │ 100  │  0   │  0  │ Infinity │    0     │ 780 │ 2548 │  0  │      │ 0.1 │  100   │   260000   │   16200   │   42180000    │
│   16    │ 2.5 │ 2.5 │ 2.5 │ 2.5 │  800  │  2000000  │   18200   │   800   │  2000000  │ 47180000  │      │          │ 1673616720000 │ '2023-01-13T13:32:00.000Z' │  0   │ 100  │  0  │    0     │ Infinity │ 780 │ 2548 │  0  │ 0.3  │     │  -800  │  -2000000  │   15400   │   40180000    │
│   17    │ 2.6 │ 2.6 │ 2.6 │ 2.6 │       │           │   18300   │   100   │  260000   │ 47440000  │ 100  │  260000  │ 1673617080000 │ '2023-01-13T13:38:00.000Z' │ 100  │  0   │  0  │ Infinity │    0     │ 780 │ 2548 │  0  │      │ 0.1 │  100   │   260000   │   15500   │   40440000    │
│   18    │ 2.6 │ 2.6 │ 2.6 │ 2.6 │       │           │   19300   │  1000   │  2600000  │ 50040000  │ 1000 │ 2600000  │ 1673617200000 │ '2023-01-13T13:40:00.000Z' │ 100  │  0   │  0  │ Infinity │    0     │ 780 │ 2548 │  0  │      │ 1.3 │  1000  │  2600000   │   16500   │   43040000    │
│   19    │ 2.6 │ 2.6 │ 2.6 │ 2.6 │       │           │   19400   │   100   │  260000   │ 50300000  │ 100  │  260000  │ 1673618040000 │ '2023-01-13T13:54:00.000Z' │ 100  │  0   │  0  │ Infinity │    0     │ 780 │ 2548 │  0  │      │ 0.1 │  100   │   260000   │   16600   │   43300000    │
│   20    │ 2.6 │ 2.6 │ 2.6 │ 2.6 │       │           │   20400   │  1000   │  2600000  │ 52900000  │ 1000 │ 2600000  │ 1673618640000 │ '2023-01-13T14:04:00.000Z' │ 100  │  0   │  0  │ Infinity │    0     │ 780 │ 2548 │  0  │      │ 1.3 │  1000  │  2600000   │   17600   │   45900000    │
├─────────┼─────┼─────┼─────┼─────┼───────┼───────────┼───────────┼─────────┼───────────┼───────────┼──────┼──────────┼───────────────┼────────────────────────────┼──────┼──────┼─────┼──────────┼──────────┼─────┼──────┼─────┼──────┼─────┼────────┼────────────┼───────────┼───────────────┤
│ (index) │  c  │  h  │  l  │  o  │  sd   │  val_sd   │ total_vol │ sum_vol │    val    │ acum_val  │  bu  │  val_bu  │   datetime    │            date            │ pbu  │ psd  │ puk │    bs    │    sb    │ abu │ asd  │ auk │ rsd  │ rbu │ bu-sd  │ bu-sd_val  │ acum_busd │ acum_busd_val │
├─────────┼─────┼─────┼─────┼─────┼───────┼───────────┼───────────┼─────────┼───────────┼───────────┼──────┼──────────┼───────────────┼────────────────────────────┼──────┼──────┼─────┼──────────┼──────────┼─────┼──────┼─────┼──────┼─────┼────────┼────────────┼───────────┼───────────────┤
│   21    │ 2.6 │ 2.6 │ 2.6 │ 2.6 │       │           │   20700   │   300   │  780000   │ 53680000  │ 300  │  780000  │ 1673619480000 │ '2023-01-13T14:18:00.000Z' │ 100  │  0   │  0  │ Infinity │    0     │ 780 │ 2548 │  0  │      │ 0.4 │  300   │   780000   │   17900   │   46680000    │
│   22    │ 2.5 │ 2.6 │ 2.5 │ 2.5 │ 9600  │ 24000000  │   30400   │  9700   │ 24260000  │ 77940000  │ 100  │  260000  │ 1673619600000 │ '2023-01-13T14:20:00.000Z' │  1   │  99  │  0  │    0     │    96    │ 780 │ 2548 │  0  │ 3.8  │ 0.1 │ -9500  │ -23740000  │   8400    │   22940000    │
│   23    │ 2.5 │ 2.5 │ 2.5 │ 2.5 │ 52700 │ 131750000 │   83100   │  52700  │ 131750000 │ 209690000 │      │          │ 1673620080000 │ '2023-01-13T14:28:00.000Z' │  0   │ 100  │  0  │    0     │ Infinity │ 780 │ 2548 │  0  │ 20.7 │     │ -52700 │ -131750000 │  -44300   │  -108810000   │
│   24    │ 2.6 │ 2.6 │ 2.6 │ 2.6 │       │           │   83200   │   100   │  260000   │ 209950000 │ 100  │  260000  │ 1673621040000 │ '2023-01-13T14:44:00.000Z' │ 100  │  0   │  0  │ Infinity │    0     │ 780 │ 2548 │  0  │      │ 0.1 │  100   │   260000   │  -44200   │  -108550000   │
└─────────┴─────┴─────┴─────┴─────┴───────┴───────────┴───────────┴─────────┴───────────┴───────────┴──────┴──────────┴───────────────┴────────────────────────────┴──────┴──────┴─────┴──────────┴──────────┴─────┴──────┴─────┴──────┴─────┴────────┴────────────┴───────────┴───────────────┘

