┌─────────┬───────┬───────┬───────┬───────┬──────┬──────────┬───────────┬─────────┬───────────┬────────────┬──────┬───────────┬───────────────┬────────────────────────────┬──────┬──────┬─────┬──────────┬──────────┬──────┬────────┬─────┬─────┬─────┬───────┬───────────┬───────────┬───────────────┐
│ (index) │   c   │   h   │   l   │   o   │  bu  │  val_bu  │ total_vol │ sum_vol │    val    │  acum_val  │  sd  │  val_sd   │   datetime    │            date            │ pbu  │ psd  │ puk │    bs    │    sb    │ abu  │  asd   │ auk │ rsd │ rbu │ bu-sd │ bu-sd_val │ acum_busd │ acum_busd_val │
├─────────┼───────┼───────┼───────┼───────┼──────┼──────────┼───────────┼─────────┼───────────┼────────────┼──────┼───────────┼───────────────┼────────────────────────────┼──────┼──────┼─────┼──────────┼──────────┼──────┼────────┼─────┼─────┼─────┼───────┼───────────┼───────────┼───────────────┤
│    0    │ 13.85 │ 13.85 │ 13.8  │ 13.8  │ 7200 │ 99445000 │   12500   │  12500  │ 172600000 │ 172600000  │ 5300 │ 73155000  │ 1673601300000 │ '2023-01-13T09:15:00.000Z' │ 57.6 │ 42.4 │  0  │   1.4    │   0.7    │ 1225 │ 1735.7 │  0  │ 3.1 │ 5.9 │ 1900  │ 26290000  │   1900    │   26290000    │
│    1    │ 13.8  │ 13.8  │ 13.8  │ 13.8  │      │          │   12700   │   200   │  2760000  │ 175360000  │ 200  │  2760000  │ 1673601600000 │ '2023-01-13T09:20:00.000Z' │  0   │ 100  │  0  │    0     │ Infinity │ 1225 │ 1735.7 │  0  │ 0.1 │     │ -200  │ -2760000  │   1700    │   23530000    │
│    2    │ 13.85 │ 13.85 │ 13.8  │ 13.8  │ 2000 │ 27700000 │   15700   │  3000   │ 41500000  │ 216860000  │ 1000 │ 13800000  │ 1673601900000 │ '2023-01-13T09:25:00.000Z' │ 66.7 │ 33.3 │  0  │    2     │   0.5    │ 1225 │ 1735.7 │  0  │ 0.6 │ 1.6 │ 1000  │ 13900000  │   2700    │   37430000    │
│    3    │ 13.85 │ 13.85 │ 13.85 │ 13.85 │ 2100 │ 29085000 │   20700   │  5000   │ 69250000  │ 286110000  │ 2900 │ 40165000  │ 1673602200000 │ '2023-01-13T09:30:00.000Z' │  42  │  58  │  0  │   0.7    │   1.4    │ 1225 │ 1735.7 │  0  │ 1.7 │ 1.7 │ -800  │ -11080000 │   1900    │   26350000    │
│    4    │ 13.8  │ 13.8  │ 13.8  │ 13.8  │ 700  │ 9660000  │   21400   │   700   │  9660000  │ 295770000  │      │           │ 1673603100000 │ '2023-01-13T09:45:00.000Z' │ 100  │  0   │  0  │ Infinity │    0     │ 1225 │ 1735.7 │  0  │     │ 0.6 │  700  │  9660000  │   2600    │   36010000    │
│    5    │ 13.75 │ 13.75 │ 13.75 │ 13.75 │      │          │   23700   │  2300   │ 31625000  │ 327395000  │ 2300 │ 31625000  │ 1673603400000 │ '2023-01-13T09:50:00.000Z' │  0   │ 100  │  0  │    0     │ Infinity │ 1225 │ 1735.7 │  0  │ 1.3 │     │ -2300 │ -31625000 │    300    │    4385000    │
│    6    │ 13.7  │ 13.75 │ 13.7  │ 13.75 │ 100  │ 1375000  │   28800   │  5100   │ 69875000  │ 397270000  │ 5000 │ 68500000  │ 1673603700000 │ '2023-01-13T09:55:00.000Z' │  2   │  98  │  0  │    0     │    50    │ 1225 │ 1735.7 │  0  │ 2.9 │ 0.1 │ -4900 │ -67125000 │   -4600   │   -62740000   │
│    7    │ 13.7  │ 13.7  │ 13.7  │ 13.7  │      │          │   28900   │   100   │  1370000  │ 398640000  │ 100  │  1370000  │ 1673604300000 │ '2023-01-13T10:05:00.000Z' │  0   │ 100  │  0  │    0     │ Infinity │ 1225 │ 1735.7 │  0  │ 0.1 │     │ -100  │ -1370000  │   -4700   │   -64110000   │
│    8    │ 13.7  │ 13.7  │ 13.7  │ 13.7  │ 1000 │ 13700000 │   33200   │  4300   │ 58910000  │ 457550000  │ 3300 │ 45210000  │ 1673605200000 │ '2023-01-13T10:20:00.000Z' │ 23.3 │ 76.7 │  0  │   0.3    │   3.3    │ 1225 │ 1735.7 │  0  │ 1.9 │ 0.8 │ -2300 │ -31510000 │   -7000   │   -95620000   │
│    9    │ 13.65 │ 13.65 │ 13.65 │ 13.65 │ 2500 │ 34125000 │   43200   │  10000  │ 136500000 │ 594050000  │ 7500 │ 102375000 │ 1673605500000 │ '2023-01-13T10:25:00.000Z' │  25  │  75  │  0  │   0.3    │    3     │ 1225 │ 1735.7 │  0  │ 4.3 │  2  │ -5000 │ -68250000 │  -12000   │  -163870000   │
│   10    │ 13.65 │ 13.65 │ 13.65 │ 13.65 │      │          │   43300   │   100   │  1365000  │ 595415000  │ 100  │  1365000  │ 1673605800000 │ '2023-01-13T10:30:00.000Z' │  0   │ 100  │  0  │    0     │ Infinity │ 1225 │ 1735.7 │  0  │ 0.1 │     │ -100  │ -1365000  │  -12100   │  -165235000   │
│   11    │ 13.7  │ 13.7  │ 13.7  │ 13.7  │ 100  │ 1370000  │   43400   │   100   │  1370000  │ 596785000  │      │           │ 1673606100000 │ '2023-01-13T10:35:00.000Z' │ 100  │  0   │  0  │ Infinity │    0     │ 1225 │ 1735.7 │  0  │     │ 0.1 │  100  │  1370000  │  -12000   │  -163865000   │
│   12    │ 13.7  │ 13.7  │ 13.7  │ 13.7  │ 3100 │ 42470000 │   46500   │  3100   │ 42470000  │ 639255000  │      │           │ 1673606700000 │ '2023-01-13T10:45:00.000Z' │ 100  │  0   │  0  │ Infinity │    0     │ 1225 │ 1735.7 │  0  │     │ 2.5 │ 3100  │ 42470000  │   -8900   │  -121395000   │
│   13    │ 13.65 │ 13.65 │ 13.65 │ 13.65 │      │          │   48500   │  2000   │ 27300000  │ 666555000  │ 2000 │ 27300000  │ 1673607600000 │ '2023-01-13T11:00:00.000Z' │  0   │ 100  │  0  │    0     │ Infinity │ 1225 │ 1735.7 │  0  │ 1.2 │     │ -2000 │ -27300000 │  -10900   │  -148695000   │
│   14    │ 13.7  │ 13.7  │ 13.7  │ 13.7  │ 5700 │ 78090000 │   54200   │  5700   │ 78090000  │ 744645000  │      │           │ 1673607900000 │ '2023-01-13T11:05:00.000Z' │ 100  │  0   │  0  │ Infinity │    0     │ 1225 │ 1735.7 │  0  │     │ 4.7 │ 5700  │ 78090000  │   -5200   │   -70605000   │
│   15    │ 13.65 │ 13.65 │ 13.65 │ 13.65 │      │          │   55200   │  1000   │ 13650000  │ 758295000  │ 1000 │ 13650000  │ 1673608200000 │ '2023-01-13T11:10:00.000Z' │  0   │ 100  │  0  │    0     │ Infinity │ 1225 │ 1735.7 │  0  │ 0.6 │     │ -1000 │ -13650000 │   -6200   │   -84255000   │
│   16    │ 13.65 │ 13.65 │ 13.65 │ 13.65 │ 1200 │ 16380000 │   60900   │  5700   │ 77805000  │ 836100000  │ 4500 │ 61425000  │ 1673608500000 │ '2023-01-13T11:15:00.000Z' │ 21.1 │ 78.9 │  0  │   0.3    │   3.8    │ 1225 │ 1735.7 │  0  │ 2.6 │  1  │ -3300 │ -45045000 │   -9500   │  -129300000   │
│   17    │ 13.6  │ 13.65 │ 13.6  │ 13.65 │ 900  │ 12285000 │   63800   │  2900   │ 39485000  │ 875585000  │ 2000 │ 27200000  │ 1673608800000 │ '2023-01-13T11:20:00.000Z' │  31  │  69  │  0  │   0.5    │   2.2    │ 1225 │ 1735.7 │  0  │ 1.2 │ 0.7 │ -1100 │ -14915000 │  -10600   │  -144215000   │
│   18    │ 13.65 │ 13.65 │ 13.6  │ 13.6  │ 1000 │ 13650000 │   66300   │  2500   │ 34050000  │ 909635000  │ 1500 │ 20400000  │ 1673609100000 │ '2023-01-13T11:25:00.000Z' │  40  │  60  │  0  │   0.7    │   1.5    │ 1225 │ 1735.7 │  0  │ 0.9 │ 0.8 │ -500  │ -6750000  │  -11100   │  -150965000   │
│   19    │ 13.7  │ 13.7  │ 13.65 │ 13.65 │ 1000 │ 13700000 │   69600   │  3300   │ 45160000  │ 954795000  │ 2300 │ 31460000  │ 1673614800000 │ '2023-01-13T13:00:00.000Z' │ 30.3 │ 69.7 │  0  │   0.4    │   2.3    │ 1225 │ 1735.7 │  0  │ 1.3 │ 0.8 │ -1300 │ -17760000 │  -12400   │  -168725000   │
│   20    │ 13.75 │ 13.75 │ 13.7  │ 13.7  │ 2400 │ 32930000 │   72000   │  2400   │ 32930000  │ 987725000  │      │           │ 1673616300000 │ '2023-01-13T13:25:00.000Z' │ 100  │  0   │  0  │ Infinity │    0     │ 1225 │ 1735.7 │  0  │     │  2  │ 2400  │ 32930000  │  -10000   │  -135795000   │
├─────────┼───────┼───────┼───────┼───────┼──────┼──────────┼───────────┼─────────┼───────────┼────────────┼──────┼───────────┼───────────────┼────────────────────────────┼──────┼──────┼─────┼──────────┼──────────┼──────┼────────┼─────┼─────┼─────┼───────┼───────────┼───────────┼───────────────┤
│ (index) │   c   │   h   │   l   │   o   │  bu  │  val_bu  │ total_vol │ sum_vol │    val    │  acum_val  │  sd  │  val_sd   │   datetime    │            date            │ pbu  │ psd  │ puk │    bs    │    sb    │ abu  │  asd   │ auk │ rsd │ rbu │ bu-sd │ bu-sd_val │ acum_busd │ acum_busd_val │
├─────────┼───────┼───────┼───────┼───────┼──────┼──────────┼───────────┼─────────┼───────────┼────────────┼──────┼───────────┼───────────────┼────────────────────────────┼──────┼──────┼─────┼──────────┼──────────┼──────┼────────┼─────┼─────┼─────┼───────┼───────────┼───────────┼───────────────┤
│   21    │ 13.7  │ 13.7  │ 13.7  │ 13.7  │      │          │   73600   │  1600   │ 21920000  │ 1009645000 │ 1600 │ 21920000  │ 1673618100000 │ '2023-01-13T13:55:00.000Z' │  0   │ 100  │  0  │    0     │ Infinity │ 1225 │ 1735.7 │  0  │ 0.9 │     │ -1600 │ -21920000 │  -11600   │  -157715000   │
│   22    │ 13.65 │ 13.7  │ 13.65 │ 13.7  │ 600  │ 8220000  │   75600   │  2000   │ 27350000  │ 1036995000 │ 1400 │ 19130000  │ 1673618700000 │ '2023-01-13T14:05:00.000Z' │  30  │  70  │  0  │   0.4    │   2.3    │ 1225 │ 1735.7 │  0  │ 0.8 │ 0.5 │ -800  │ -10910000 │  -12400   │  -168625000   │
│   23    │ 13.65 │ 13.65 │ 13.65 │ 13.65 │      │          │   76600   │  1000   │ 13650000  │ 1050645000 │ 1000 │ 13650000  │ 1673619000000 │ '2023-01-13T14:10:00.000Z' │  0   │ 100  │  0  │    0     │ Infinity │ 1225 │ 1735.7 │  0  │ 0.6 │     │ -1000 │ -13650000 │  -13400   │  -182275000   │
│   24    │ 13.65 │ 13.65 │ 13.65 │ 13.65 │      │          │   79200   │  2600   │ 35490000  │ 1086135000 │ 2600 │ 35490000  │ 1673619300000 │ '2023-01-13T14:15:00.000Z' │  0   │ 100  │  0  │    0     │ Infinity │ 1225 │ 1735.7 │  0  │ 1.5 │     │ -2600 │ -35490000 │  -16000   │  -217765000   │
│   25    │ 13.65 │ 13.65 │ 13.65 │ 13.65 │      │          │   80200   │  1000   │ 13650000  │ 1099785000 │ 1000 │ 13650000  │ 1673619600000 │ '2023-01-13T14:20:00.000Z' │  0   │ 100  │  0  │    0     │ Infinity │ 1225 │ 1735.7 │  0  │ 0.6 │     │ -1000 │ -13650000 │  -17000   │  -231415000   │
│   26    │ 13.75 │ 13.75 │ 13.75 │ 13.75 │ 800  │ 11000000 │   81000   │   800   │ 11000000  │ 1110785000 │      │           │ 1673619900000 │ '2023-01-13T14:25:00.000Z' │ 100  │  0   │  0  │ Infinity │    0     │ 1225 │ 1735.7 │  0  │     │ 0.7 │  800  │ 11000000  │  -16200   │  -220415000   │
│   27    │ 13.7  │ 13.7  │ 13.7  │ 13.7  │ 1900 │ 26030000 │   82900   │  1900   │ 26030000  │ 1136815000 │      │           │ 1673621100000 │ '2023-01-13T14:45:00.000Z' │ 100  │  0   │  0  │ Infinity │    0     │ 1225 │ 1735.7 │  0  │     │ 1.6 │ 1900  │ 26030000  │  -14300   │  -194385000   │
└─────────┴───────┴───────┴───────┴───────┴──────┴──────────┴───────────┴─────────┴───────────┴────────────┴──────┴───────────┴───────────────┴────────────────────────────┴──────┴──────┴─────┴──────────┴──────────┴──────┴────────┴─────┴─────┴─────┴───────┴───────────┴───────────┴───────────────┘

