┌─────────┬─────┬─────┬─────┬─────┬───────┬─────────┬───────────┬─────────┬──────────┬──────────┬───────────────┬────────────────────────────┬─────┬─────┬─────┬──────────┬──────────┬────────┬────────┬─────┬─────┬────────┬───────────┬───────────┬───────────────┬───────┬──────────┬─────┐
│ (index) │  c  │  h  │  l  │  o  │  bu   │ val_bu  │ total_vol │ sum_vol │   val    │ acum_val │   datetime    │            date            │ pbu │ psd │ puk │    bs    │    sb    │  abu   │  asd   │ auk │ rbu │ bu-sd  │ bu-sd_val │ acum_busd │ acum_busd_val │  sd   │  val_sd  │ rsd │
├─────────┼─────┼─────┼─────┼─────┼───────┼─────────┼───────────┼─────────┼──────────┼──────────┼───────────────┼────────────────────────────┼─────┼─────┼─────┼──────────┼──────────┼────────┼────────┼─────┼─────┼────────┼───────────┼───────────┼───────────────┼───────┼──────────┼─────┤
│    0    │ 0.6 │ 0.6 │ 0.6 │ 0.6 │ 10800 │ 6480000 │   10800   │  10800  │ 6480000  │ 6480000  │ 1673600520000 │ '2023-01-13T09:02:00.000Z' │ 100 │  0  │  0  │ Infinity │    0     │ 1114.3 │ 5009.5 │  0  │ 9.7 │ 10800  │  6480000  │   10800   │    6480000    │       │          │     │
│    1    │ 0.6 │ 0.6 │ 0.6 │ 0.6 │       │         │   11200   │   400   │  240000  │ 6720000  │ 1673601120000 │ '2023-01-13T09:12:00.000Z' │  0  │ 100 │  0  │    0     │ Infinity │ 1114.3 │ 5009.5 │  0  │     │  -400  │  -240000  │   10400   │    6240000    │  400  │  240000  │ 0.1 │
│    2    │ 0.6 │ 0.6 │ 0.6 │ 0.6 │       │         │   11800   │   600   │  360000  │ 7080000  │ 1673601240000 │ '2023-01-13T09:14:00.000Z' │  0  │ 100 │  0  │    0     │ Infinity │ 1114.3 │ 5009.5 │  0  │     │  -600  │  -360000  │   9800    │    5880000    │  600  │  360000  │ 0.1 │
│    3    │ 0.7 │ 0.7 │ 0.7 │ 0.7 │  100  │  70000  │   11900   │   100   │  70000   │ 7150000  │ 1673601360000 │ '2023-01-13T09:16:00.000Z' │ 100 │  0  │  0  │ Infinity │    0     │ 1114.3 │ 5009.5 │  0  │ 0.1 │  100   │   70000   │   9900    │    5950000    │       │          │     │
│    4    │ 0.6 │ 0.6 │ 0.6 │ 0.6 │       │         │   21900   │  10000  │ 6000000  │ 13150000 │ 1673601960000 │ '2023-01-13T09:26:00.000Z' │  0  │ 100 │  0  │    0     │ Infinity │ 1114.3 │ 5009.5 │  0  │     │ -10000 │ -6000000  │   -100    │    -50000     │ 10000 │ 6000000  │  2  │
│    5    │ 0.6 │ 0.6 │ 0.6 │ 0.6 │       │         │   42500   │  20600  │ 12360000 │ 25510000 │ 1673602080000 │ '2023-01-13T09:28:00.000Z' │  0  │ 100 │  0  │    0     │ Infinity │ 1114.3 │ 5009.5 │  0  │     │ -20600 │ -12360000 │  -20700   │   -12410000   │ 20600 │ 12360000 │ 4.1 │
│    6    │ 0.6 │ 0.6 │ 0.6 │ 0.6 │       │         │   43300   │   800   │  480000  │ 25990000 │ 1673602440000 │ '2023-01-13T09:34:00.000Z' │  0  │ 100 │  0  │    0     │ Infinity │ 1114.3 │ 5009.5 │  0  │     │  -800  │  -480000  │  -21500   │   -12890000   │  800  │  480000  │ 0.2 │
│    7    │ 0.7 │ 0.7 │ 0.7 │ 0.7 │  100  │  70000  │   43400   │   100   │  70000   │ 26060000 │ 1673602560000 │ '2023-01-13T09:36:00.000Z' │ 100 │  0  │  0  │ Infinity │    0     │ 1114.3 │ 5009.5 │  0  │ 0.1 │  100   │   70000   │  -21400   │   -12820000   │       │          │     │
│    8    │ 0.6 │ 0.6 │ 0.6 │ 0.6 │       │         │   46400   │  3000   │ 1800000  │ 27860000 │ 1673604960000 │ '2023-01-13T10:16:00.000Z' │  0  │ 100 │  0  │    0     │ Infinity │ 1114.3 │ 5009.5 │  0  │     │ -3000  │ -1800000  │  -24400   │   -14620000   │ 3000  │ 1800000  │ 0.6 │
│    9    │ 0.6 │ 0.6 │ 0.6 │ 0.6 │       │         │   96400   │  50000  │ 30000000 │ 57860000 │ 1673607840000 │ '2023-01-13T11:04:00.000Z' │  0  │ 100 │  0  │    0     │ Infinity │ 1114.3 │ 5009.5 │  0  │     │ -50000 │ -30000000 │  -74400   │   -44620000   │ 50000 │ 30000000 │ 10  │
│   10    │ 0.6 │ 0.6 │ 0.6 │ 0.6 │       │         │  108700   │  12300  │ 7380000  │ 65240000 │ 1673614800000 │ '2023-01-13T13:00:00.000Z' │  0  │ 100 │  0  │    0     │ Infinity │ 1114.3 │ 5009.5 │  0  │     │ -12300 │ -7380000  │  -86700   │   -52000000   │ 12300 │ 7380000  │ 2.5 │
│   11    │ 0.6 │ 0.6 │ 0.6 │ 0.6 │       │         │  108800   │   100   │  60000   │ 65300000 │ 1673615160000 │ '2023-01-13T13:06:00.000Z' │  0  │ 100 │  0  │    0     │ Infinity │ 1114.3 │ 5009.5 │  0  │     │  -100  │  -60000   │  -86800   │   -52060000   │  100  │  60000   │  0  │
│   12    │ 0.7 │ 0.7 │ 0.7 │ 0.7 │  100  │  70000  │  108900   │   100   │  70000   │ 65370000 │ 1673615640000 │ '2023-01-13T13:14:00.000Z' │ 100 │  0  │  0  │ Infinity │    0     │ 1114.3 │ 5009.5 │  0  │ 0.1 │  100   │   70000   │  -86700   │   -51990000   │       │          │     │
│   13    │ 0.6 │ 0.6 │ 0.6 │ 0.6 │       │         │  109200   │   300   │  180000  │ 65550000 │ 1673616840000 │ '2023-01-13T13:34:00.000Z' │  0  │ 100 │  0  │    0     │ Infinity │ 1114.3 │ 5009.5 │  0  │     │  -300  │  -180000  │  -87000   │   -52170000   │  300  │  180000  │ 0.1 │
│   14    │ 0.7 │ 0.7 │ 0.7 │ 0.7 │  100  │  70000  │  109300   │   100   │  70000   │ 65620000 │ 1673617200000 │ '2023-01-13T13:40:00.000Z' │ 100 │  0  │  0  │ Infinity │    0     │ 1114.3 │ 5009.5 │  0  │ 0.1 │  100   │   70000   │  -86900   │   -52100000   │       │          │     │
│   15    │ 0.7 │ 0.7 │ 0.7 │ 0.7 │ 1000  │ 700000  │  110300   │  1000   │  700000  │ 66320000 │ 1673618400000 │ '2023-01-13T14:00:00.000Z' │ 100 │  0  │  0  │ Infinity │    0     │ 1114.3 │ 5009.5 │  0  │ 0.9 │  1000  │  700000   │  -85900   │   -51400000   │       │          │     │
│   16    │ 0.7 │ 0.7 │ 0.7 │ 0.7 │ 10000 │ 7000000 │  120300   │  10000  │ 7000000  │ 73320000 │ 1673618520000 │ '2023-01-13T14:02:00.000Z' │ 100 │  0  │  0  │ Infinity │    0     │ 1114.3 │ 5009.5 │  0  │  9  │ 10000  │  7000000  │  -75900   │   -44400000   │       │          │     │
│   17    │ 0.6 │ 0.6 │ 0.6 │ 0.6 │       │         │  125300   │  5000   │ 3000000  │ 76320000 │ 1673619360000 │ '2023-01-13T14:16:00.000Z' │  0  │ 100 │  0  │    0     │ Infinity │ 1114.3 │ 5009.5 │  0  │     │ -5000  │ -3000000  │  -80900   │   -47400000   │ 5000  │ 3000000  │  1  │
│   18    │ 0.6 │ 0.6 │ 0.6 │ 0.6 │       │         │  125400   │   100   │  60000   │ 76380000 │ 1673619960000 │ '2023-01-13T14:26:00.000Z' │  0  │ 100 │  0  │    0     │ Infinity │ 1114.3 │ 5009.5 │  0  │     │  -100  │  -60000   │  -81000   │   -47460000   │  100  │  60000   │  0  │
│   19    │ 0.6 │ 0.6 │ 0.6 │ 0.6 │       │         │  127400   │  2000   │ 1200000  │ 77580000 │ 1673620920000 │ '2023-01-13T14:42:00.000Z' │  0  │ 100 │  0  │    0     │ Infinity │ 1114.3 │ 5009.5 │  0  │     │ -2000  │ -1200000  │  -83000   │   -48660000   │ 2000  │ 1200000  │ 0.4 │
│   20    │ 0.7 │ 0.7 │ 0.7 │ 0.7 │ 1200  │ 840000  │  128600   │  1200   │  840000  │ 78420000 │ 1673621280000 │ '2023-01-13T14:48:00.000Z' │ 100 │  0  │  0  │ Infinity │    0     │ 1114.3 │ 5009.5 │  0  │ 1.1 │  1200  │  840000   │  -81800   │   -47820000   │       │          │     │
├─────────┼─────┼─────┼─────┼─────┼───────┼─────────┼───────────┼─────────┼──────────┼──────────┼───────────────┼────────────────────────────┼─────┼─────┼─────┼──────────┼──────────┼────────┼────────┼─────┼─────┼────────┼───────────┼───────────┼───────────────┼───────┼──────────┼─────┤
│ (index) │  c  │  h  │  l  │  o  │  bu   │ val_bu  │ total_vol │ sum_vol │   val    │ acum_val │   datetime    │            date            │ pbu │ psd │ puk │    bs    │    sb    │  abu   │  asd   │ auk │ rbu │ bu-sd  │ bu-sd_val │ acum_busd │ acum_busd_val │  sd   │  val_sd  │ rsd │
├─────────┼─────┼─────┼─────┼─────┼───────┼─────────┼───────────┼─────────┼──────────┼──────────┼───────────────┼────────────────────────────┼─────┼─────┼─────┼──────────┼──────────┼────────┼────────┼─────┼─────┼────────┼───────────┼───────────┼───────────────┼───────┼──────────┼─────┤
└─────────┴─────┴─────┴─────┴─────┴───────┴─────────┴───────────┴─────────┴──────────┴──────────┴───────────────┴────────────────────────────┴─────┴─────┴─────┴──────────┴──────────┴────────┴────────┴─────┴─────┴────────┴───────────┴───────────┴───────────────┴───────┴──────────┴─────┘

