┌─────────┬─────┬─────┬─────┬─────┬───────┬──────────┬───────────┬─────────┬──────────┬───────────┬───────────────┬────────────────────────────┬─────┬─────┬─────┬──────────┬──────────┬────────┬──────┬─────┬──────┬────────┬───────────┬───────────┬───────────────┬───────┬──────────┬──────┐
│ (index) │  c  │  h  │  l  │  o  │  sd   │  val_sd  │ total_vol │ sum_vol │   val    │ acum_val  │   datetime    │            date            │ pbu │ psd │ puk │    bs    │    sb    │  abu   │ asd  │ auk │ rsd  │ bu-sd  │ bu-sd_val │ acum_busd │ acum_busd_val │  bu   │  val_bu  │ rbu  │
├─────────┼─────┼─────┼─────┼─────┼───────┼──────────┼───────────┼─────────┼──────────┼───────────┼───────────────┼────────────────────────────┼─────┼─────┼─────┼──────────┼──────────┼────────┼──────┼─────┼──────┼────────┼───────────┼───────────┼───────────────┼───────┼──────────┼──────┤
│    0    │ 3.9 │ 3.9 │ 3.9 │ 3.9 │ 3200  │ 12480000 │   3200    │  3200   │ 12480000 │ 12480000  │ 1673600400000 │ '2023-01-13T09:00:00.000Z' │  0  │ 100 │  0  │    0     │ Infinity │ 1828.3 │ 1837 │  0  │ 1.7  │ -3200  │ -12480000 │   -3200   │   -12480000   │       │          │      │
│    1    │ 3.9 │ 3.9 │ 3.9 │ 3.9 │ 1000  │ 3900000  │   4200    │  1000   │ 3900000  │ 16380000  │ 1673601240000 │ '2023-01-13T09:14:00.000Z' │  0  │ 100 │  0  │    0     │ Infinity │ 1828.3 │ 1837 │  0  │ 0.5  │ -1000  │ -3900000  │   -4200   │   -16380000   │       │          │      │
│    2    │  4  │  4  │  4  │  4  │       │          │   6200    │  2000   │   8000   │ 16388000  │ 1673601480000 │ '2023-01-13T09:18:00.000Z' │ 100 │  0  │  0  │ Infinity │    0     │ 1828.3 │ 1837 │  0  │      │  2000  │   8000    │   -2200   │   -16372000   │ 2000  │   8000   │ 1.1  │
│    3    │  4  │  4  │  4  │  4  │ 18400 │  73600   │   24600   │  18400  │  73600   │ 16461600  │ 1673601720000 │ '2023-01-13T09:22:00.000Z' │  0  │ 100 │  0  │    0     │ Infinity │ 1828.3 │ 1837 │  0  │  10  │ -18400 │  -73600   │  -20600   │   -16445600   │       │          │      │
│    4    │  4  │  4  │  4  │  4  │       │          │   26200   │  1600   │   6400   │ 16468000  │ 1673601840000 │ '2023-01-13T09:24:00.000Z' │ 100 │  0  │  0  │ Infinity │    0     │ 1828.3 │ 1837 │  0  │      │  1600  │   6400    │  -19000   │   -16439200   │ 1600  │   6400   │ 0.9  │
│    5    │  4  │  4  │  4  │  4  │       │          │   26400   │   200   │   800    │ 16468800  │ 1673602080000 │ '2023-01-13T09:28:00.000Z' │ 100 │  0  │  0  │ Infinity │    0     │ 1828.3 │ 1837 │  0  │      │  200   │    800    │  -18800   │   -16438400   │  200  │   800    │ 0.1  │
│    6    │  4  │  4  │  4  │  4  │       │          │   29400   │  3000   │  12000   │ 16480800  │ 1673602440000 │ '2023-01-13T09:34:00.000Z' │ 100 │  0  │  0  │ Infinity │    0     │ 1828.3 │ 1837 │  0  │      │  3000  │   12000   │  -15800   │   -16426400   │ 3000  │  12000   │ 1.6  │
│    7    │  4  │  4  │  4  │  4  │       │          │   32300   │  2900   │  11600   │ 16492400  │ 1673602800000 │ '2023-01-13T09:40:00.000Z' │ 100 │  0  │  0  │ Infinity │    0     │ 1828.3 │ 1837 │  0  │      │  2900  │   11600   │  -12900   │   -16414800   │ 2900  │  11600   │ 1.6  │
│    8    │  4  │  4  │  4  │  4  │       │          │   57300   │  25000  │  100000  │ 16592400  │ 1673603760000 │ '2023-01-13T09:56:00.000Z' │ 100 │  0  │  0  │ Infinity │    0     │ 1828.3 │ 1837 │  0  │      │ 25000  │  100000   │   12100   │   -16314800   │ 25000 │  100000  │ 13.7 │
│    9    │  4  │  4  │  4  │  4  │       │          │   57500   │   200   │   800    │ 16593200  │ 1673603880000 │ '2023-01-13T09:58:00.000Z' │ 100 │  0  │  0  │ Infinity │    0     │ 1828.3 │ 1837 │  0  │      │  200   │    800    │   12300   │   -16314000   │  200  │   800    │ 0.1  │
│   10    │ 3.9 │ 3.9 │ 3.9 │ 3.9 │  300  │ 1170000  │   57800   │   300   │ 1170000  │ 17763200  │ 1673604120000 │ '2023-01-13T10:02:00.000Z' │  0  │ 100 │  0  │    0     │ Infinity │ 1828.3 │ 1837 │  0  │ 0.2  │  -300  │ -1170000  │   12000   │   -17484000   │       │          │      │
│   11    │  4  │  4  │  4  │  4  │       │          │   58000   │   200   │   800    │ 17764000  │ 1673604240000 │ '2023-01-13T10:04:00.000Z' │ 100 │  0  │  0  │ Infinity │    0     │ 1828.3 │ 1837 │  0  │      │  200   │    800    │   12200   │   -17483200   │  200  │   800    │ 0.1  │
│   12    │ 3.9 │ 3.9 │ 3.9 │ 3.9 │ 3000  │ 11700000 │   61000   │  3000   │ 11700000 │ 29464000  │ 1673605080000 │ '2023-01-13T10:18:00.000Z' │  0  │ 100 │  0  │    0     │ Infinity │ 1828.3 │ 1837 │  0  │ 1.6  │ -3000  │ -11700000 │   9200    │   -29183200   │       │          │      │
│   13    │ 3.9 │ 3.9 │ 3.9 │ 3.9 │ 3000  │ 11700000 │   64000   │  3000   │ 11700000 │ 41164000  │ 1673605560000 │ '2023-01-13T10:26:00.000Z' │  0  │ 100 │  0  │    0     │ Infinity │ 1828.3 │ 1837 │  0  │ 1.6  │ -3000  │ -11700000 │   6200    │   -40883200   │       │          │      │
│   14    │ 3.9 │ 3.9 │ 3.9 │ 3.9 │  500  │ 1950000  │   64500   │   500   │ 1950000  │ 43114000  │ 1673606040000 │ '2023-01-13T10:34:00.000Z' │  0  │ 100 │  0  │    0     │ Infinity │ 1828.3 │ 1837 │  0  │ 0.3  │  -500  │ -1950000  │   5700    │   -42833200   │       │          │      │
│   15    │ 3.9 │ 3.9 │ 3.9 │ 3.9 │ 1000  │ 3900000  │   65500   │  1000   │ 3900000  │ 47014000  │ 1673606520000 │ '2023-01-13T10:42:00.000Z' │  0  │ 100 │  0  │    0     │ Infinity │ 1828.3 │ 1837 │  0  │ 0.5  │ -1000  │ -3900000  │   4700    │   -46733200   │       │          │      │
│   16    │ 3.9 │ 3.9 │ 3.9 │ 3.9 │ 2100  │ 8190000  │   67600   │  2100   │ 8190000  │ 55204000  │ 1673606640000 │ '2023-01-13T10:44:00.000Z' │  0  │ 100 │  0  │    0     │ Infinity │ 1828.3 │ 1837 │  0  │ 1.1  │ -2100  │ -8190000  │   2600    │   -54923200   │       │          │      │
│   17    │ 3.9 │ 3.9 │ 3.9 │ 3.9 │       │          │   72500   │  4900   │ 19110000 │ 74314000  │ 1673607360000 │ '2023-01-13T10:56:00.000Z' │ 100 │  0  │  0  │ Infinity │    0     │ 1828.3 │ 1837 │  0  │      │  4900  │ 19110000  │   7500    │   -35813200   │ 4900  │ 19110000 │ 2.7  │
│   18    │ 3.9 │ 3.9 │ 3.9 │ 3.9 │       │          │   72600   │   100   │  390000  │ 74704000  │ 1673607720000 │ '2023-01-13T11:02:00.000Z' │ 100 │  0  │  0  │ Infinity │    0     │ 1828.3 │ 1837 │  0  │      │  100   │  390000   │   7600    │   -35423200   │  100  │  390000  │ 0.1  │
│   19    │ 3.9 │ 3.9 │ 3.9 │ 3.9 │       │          │   73600   │  1000   │ 3900000  │ 78604000  │ 1673607840000 │ '2023-01-13T11:04:00.000Z' │ 100 │  0  │  0  │ Infinity │    0     │ 1828.3 │ 1837 │  0  │      │  1000  │  3900000  │   8600    │   -31523200   │ 1000  │ 3900000  │ 0.5  │
│   20    │ 3.9 │ 3.9 │ 3.9 │ 3.9 │       │          │   73900   │   300   │ 1170000  │ 79774000  │ 1673607960000 │ '2023-01-13T11:06:00.000Z' │ 100 │  0  │  0  │ Infinity │    0     │ 1828.3 │ 1837 │  0  │      │  300   │  1170000  │   8900    │   -30353200   │  300  │ 1170000  │ 0.2  │
├─────────┼─────┼─────┼─────┼─────┼───────┼──────────┼───────────┼─────────┼──────────┼───────────┼───────────────┼────────────────────────────┼─────┼─────┼─────┼──────────┼──────────┼────────┼──────┼─────┼──────┼────────┼───────────┼───────────┼───────────────┼───────┼──────────┼──────┤
│ (index) │  c  │  h  │  l  │  o  │  sd   │  val_sd  │ total_vol │ sum_vol │   val    │ acum_val  │   datetime    │            date            │ pbu │ psd │ puk │    bs    │    sb    │  abu   │ asd  │ auk │ rsd  │ bu-sd  │ bu-sd_val │ acum_busd │ acum_busd_val │  bu   │  val_bu  │ rbu  │
├─────────┼─────┼─────┼─────┼─────┼───────┼──────────┼───────────┼─────────┼──────────┼───────────┼───────────────┼────────────────────────────┼─────┼─────┼─────┼──────────┼──────────┼────────┼──────┼─────┼──────┼────────┼───────────┼───────────┼───────────────┼───────┼──────────┼──────┤
│   21    │ 3.9 │ 3.9 │ 3.9 │ 3.9 │       │          │   74000   │   100   │  390000  │ 80164000  │ 1673608680000 │ '2023-01-13T11:18:00.000Z' │ 100 │  0  │  0  │ Infinity │    0     │ 1828.3 │ 1837 │  0  │      │  100   │  390000   │   9000    │   -29963200   │  100  │  390000  │ 0.1  │
│   22    │ 3.9 │ 3.9 │ 3.9 │ 3.9 │       │          │   74500   │   500   │ 1950000  │ 82114000  │ 1673614800000 │ '2023-01-13T13:00:00.000Z' │ 100 │  0  │  0  │ Infinity │    0     │ 1828.3 │ 1837 │  0  │      │  500   │  1950000  │   9500    │   -28013200   │  500  │ 1950000  │ 0.3  │
│   23    │ 3.9 │ 3.9 │ 3.9 │ 3.9 │       │          │   76600   │  2100   │ 8190000  │ 90304000  │ 1673615280000 │ '2023-01-13T13:08:00.000Z' │ 100 │  0  │  0  │ Infinity │    0     │ 1828.3 │ 1837 │  0  │      │  2100  │  8190000  │   11600   │   -19823200   │ 2100  │ 8190000  │ 1.1  │
│   24    │ 3.9 │ 3.9 │ 3.9 │ 3.9 │       │          │   76900   │   300   │ 1170000  │ 91474000  │ 1673615880000 │ '2023-01-13T13:18:00.000Z' │ 100 │  0  │  0  │ Infinity │    0     │ 1828.3 │ 1837 │  0  │      │  300   │  1170000  │   11900   │   -18653200   │  300  │ 1170000  │ 0.2  │
│   25    │ 3.9 │ 3.9 │ 3.9 │ 3.9 │       │          │   77400   │   500   │ 1950000  │ 93424000  │ 1673616720000 │ '2023-01-13T13:32:00.000Z' │ 100 │  0  │  0  │ Infinity │    0     │ 1828.3 │ 1837 │  0  │      │  500   │  1950000  │   12400   │   -16703200   │  500  │ 1950000  │ 0.3  │
│   26    │ 3.9 │ 3.9 │ 3.9 │ 3.9 │       │          │   77900   │   500   │ 1950000  │ 95374000  │ 1673617080000 │ '2023-01-13T13:38:00.000Z' │ 100 │  0  │  0  │ Infinity │    0     │ 1828.3 │ 1837 │  0  │      │  500   │  1950000  │   12900   │   -14753200   │  500  │ 1950000  │ 0.3  │
│   27    │ 3.8 │ 3.8 │ 3.8 │ 3.8 │ 1000  │ 3800000  │   78900   │  1000   │ 3800000  │ 99174000  │ 1673618040000 │ '2023-01-13T13:54:00.000Z' │  0  │ 100 │  0  │    0     │ Infinity │ 1828.3 │ 1837 │  0  │ 0.5  │ -1000  │ -3800000  │   11900   │   -18553200   │       │          │      │
│   28    │ 3.8 │ 3.8 │ 3.8 │ 3.8 │ 4000  │ 15200000 │   82900   │  4000   │ 15200000 │ 114374000 │ 1673618160000 │ '2023-01-13T13:56:00.000Z' │  0  │ 100 │  0  │    0     │ Infinity │ 1828.3 │ 1837 │  0  │ 2.2  │ -4000  │ -15200000 │   7900    │   -33753200   │       │          │      │
│   29    │ 3.8 │ 3.8 │ 3.8 │ 3.8 │ 20000 │ 76000000 │  102900   │  20000  │ 76000000 │ 190374000 │ 1673618400000 │ '2023-01-13T14:00:00.000Z' │  0  │ 100 │  0  │    0     │ Infinity │ 1828.3 │ 1837 │  0  │ 10.9 │ -20000 │ -76000000 │  -12100   │  -109753200   │       │          │      │
│   30    │ 3.8 │ 3.8 │ 3.8 │ 3.8 │  100  │  380000  │  103000   │   100   │  380000  │ 190754000 │ 1673618640000 │ '2023-01-13T14:04:00.000Z' │  0  │ 100 │  0  │    0     │ Infinity │ 1828.3 │ 1837 │  0  │ 0.1  │  -100  │  -380000  │  -12200   │  -110133200   │       │          │      │
│   31    │ 3.8 │ 3.8 │ 3.8 │ 3.8 │ 12700 │ 48260000 │  115700   │  12700  │ 48260000 │ 239014000 │ 1673618880000 │ '2023-01-13T14:08:00.000Z' │  0  │ 100 │  0  │    0     │ Infinity │ 1828.3 │ 1837 │  0  │ 6.9  │ -12700 │ -48260000 │  -24900   │  -158393200   │       │          │      │
│   32    │ 3.9 │ 3.9 │ 3.9 │ 3.9 │       │          │  115900   │   200   │  780000  │ 239794000 │ 1673619000000 │ '2023-01-13T14:10:00.000Z' │ 100 │  0  │  0  │ Infinity │    0     │ 1828.3 │ 1837 │  0  │      │  200   │  780000   │  -24700   │  -157613200   │  200  │  780000  │ 0.1  │
│   33    │ 3.8 │ 3.8 │ 3.8 │ 3.8 │ 6400  │ 24320000 │  122300   │  6400   │ 24320000 │ 264114000 │ 1673619360000 │ '2023-01-13T14:16:00.000Z' │  0  │ 100 │  0  │    0     │ Infinity │ 1828.3 │ 1837 │  0  │ 3.5  │ -6400  │ -24320000 │  -31100   │  -181933200   │       │          │      │
│   34    │ 3.8 │ 3.8 │ 3.8 │ 3.8 │ 4500  │ 17100000 │  126800   │  4500   │ 17100000 │ 281214000 │ 1673619480000 │ '2023-01-13T14:18:00.000Z' │  0  │ 100 │  0  │    0     │ Infinity │ 1828.3 │ 1837 │  0  │ 2.4  │ -4500  │ -17100000 │  -35600   │  -199033200   │       │          │      │
│   35    │ 3.8 │ 3.8 │ 3.8 │ 3.8 │ 1100  │ 4180000  │  127900   │  1100   │ 4180000  │ 285394000 │ 1673619600000 │ '2023-01-13T14:20:00.000Z' │  0  │ 100 │  0  │    0     │ Infinity │ 1828.3 │ 1837 │  0  │ 0.6  │ -1100  │ -4180000  │  -36700   │  -203213200   │       │          │      │
│   36    │ 3.8 │ 3.8 │ 3.8 │ 3.8 │       │          │  150700   │  22800  │ 86640000 │ 372034000 │ 1673619720000 │ '2023-01-13T14:22:00.000Z' │ 100 │  0  │  0  │ Infinity │    0     │ 1828.3 │ 1837 │  0  │      │ 22800  │ 86640000  │  -13900   │  -116573200   │ 22800 │ 86640000 │ 12.5 │
│   37    │ 3.8 │ 3.8 │ 3.8 │ 3.8 │       │          │  151700   │  1000   │ 3800000  │ 375834000 │ 1673619960000 │ '2023-01-13T14:26:00.000Z' │ 100 │  0  │  0  │ Infinity │    0     │ 1828.3 │ 1837 │  0  │      │  1000  │  3800000  │  -12900   │  -112773200   │ 1000  │ 3800000  │ 0.5  │
│   38    │ 3.7 │ 3.7 │ 3.7 │ 3.7 │ 1700  │ 6290000  │  153400   │  1700   │ 6290000  │ 382124000 │ 1673620080000 │ '2023-01-13T14:28:00.000Z' │  0  │ 100 │  0  │    0     │ Infinity │ 1828.3 │ 1837 │  0  │ 0.9  │ -1700  │ -6290000  │  -14600   │  -119063200   │       │          │      │
│   39    │ 3.7 │ 3.7 │ 3.7 │ 3.7 │  500  │ 1850000  │  153900   │   500   │ 1850000  │ 383974000 │ 1673620800000 │ '2023-01-13T14:40:00.000Z' │  0  │ 100 │  0  │    0     │ Infinity │ 1828.3 │ 1837 │  0  │ 0.3  │  -500  │ -1850000  │  -15100   │  -120913200   │       │          │      │
│   40    │ 3.8 │ 3.8 │ 3.8 │ 3.8 │       │          │  156300   │  2400   │ 9120000  │ 393094000 │ 1673621160000 │ '2023-01-13T14:46:00.000Z' │ 100 │  0  │  0  │ Infinity │    0     │ 1828.3 │ 1837 │  0  │      │  2400  │  9120000  │  -12700   │  -111793200   │ 2400  │ 9120000  │ 1.3  │
├─────────┼─────┼─────┼─────┼─────┼───────┼──────────┼───────────┼─────────┼──────────┼───────────┼───────────────┼────────────────────────────┼─────┼─────┼─────┼──────────┼──────────┼────────┼──────┼─────┼──────┼────────┼───────────┼───────────┼───────────────┼───────┼──────────┼──────┤
│ (index) │  c  │  h  │  l  │  o  │  sd   │  val_sd  │ total_vol │ sum_vol │   val    │ acum_val  │   datetime    │            date            │ pbu │ psd │ puk │    bs    │    sb    │  abu   │ asd  │ auk │ rsd  │ bu-sd  │ bu-sd_val │ acum_busd │ acum_busd_val │  bu   │  val_bu  │ rbu  │
├─────────┼─────┼─────┼─────┼─────┼───────┼──────────┼───────────┼─────────┼──────────┼───────────┼───────────────┼────────────────────────────┼─────┼─────┼─────┼──────────┼──────────┼────────┼──────┼─────┼──────┼────────┼───────────┼───────────┼───────────────┼───────┼──────────┼──────┤
│   41    │ 3.8 │ 3.8 │ 3.8 │ 3.8 │       │          │  156400   │   100   │  380000  │ 393474000 │ 1673621280000 │ '2023-01-13T14:48:00.000Z' │ 100 │  0  │  0  │ Infinity │    0     │ 1828.3 │ 1837 │  0  │      │  100   │  380000   │  -12600   │  -111413200   │  100  │  380000  │ 0.1  │
│   42    │ 3.8 │ 3.8 │ 3.8 │ 3.8 │       │          │  161400   │  5000   │ 19000000 │ 412474000 │ 1673621520000 │ '2023-01-13T14:52:00.000Z' │ 100 │  0  │  0  │ Infinity │    0     │ 1828.3 │ 1837 │  0  │      │  5000  │ 19000000  │   -7600   │   -92413200   │ 5000  │ 19000000 │ 2.7  │
│   43    │ 3.8 │ 3.8 │ 3.8 │ 3.8 │       │          │  161500   │   100   │  380000  │ 412854000 │ 1673621640000 │ '2023-01-13T14:54:00.000Z' │ 100 │  0  │  0  │ Infinity │    0     │ 1828.3 │ 1837 │  0  │      │  100   │  380000   │   -7500   │   -92033200   │  100  │  380000  │ 0.1  │
│   44    │ 3.8 │ 3.8 │ 3.8 │ 3.8 │       │          │  163500   │  2000   │ 7600000  │ 420454000 │ 1673621760000 │ '2023-01-13T14:56:00.000Z' │ 100 │  0  │  0  │ Infinity │    0     │ 1828.3 │ 1837 │  0  │      │  2000  │  7600000  │   -5500   │   -84433200   │ 2000  │ 7600000  │ 1.1  │
│   45    │ 3.8 │ 3.8 │ 3.8 │ 3.8 │       │          │  168600   │  5100   │ 19380000 │ 439834000 │ 1673621880000 │ '2023-01-13T14:58:00.000Z' │ 100 │  0  │  0  │ Infinity │    0     │ 1828.3 │ 1837 │  0  │      │  5100  │ 19380000  │   -400    │   -65053200   │ 5100  │ 19380000 │ 2.8  │
└─────────┴─────┴─────┴─────┴─────┴───────┴──────────┴───────────┴─────────┴──────────┴───────────┴───────────────┴────────────────────────────┴─────┴─────┴─────┴──────────┴──────────┴────────┴──────┴─────┴──────┴────────┴───────────┴───────────┴───────────────┴───────┴──────────┴──────┘

