┌─────────┬──────┬──────┬──────┬──────┬───────┬───────────┬───────────┬─────────┬───────────┬───────────┬───────────────┬────────────────────────────┬──────┬──────┬─────┬──────────┬──────────┬───────┬────────┬─────┬─────┬────────┬────────────┬───────────┬───────────────┬──────┬──────────┬─────┐
│ (index) │  c   │  h   │  l   │  o   │  sd   │  val_sd   │ total_vol │ sum_vol │    val    │ acum_val  │   datetime    │            date            │ pbu  │ psd  │ puk │    bs    │    sb    │  abu  │  asd   │ auk │ rsd │ bu-sd  │ bu-sd_val  │ acum_busd │ acum_busd_val │  bu  │  val_bu  │ rbu │
├─────────┼──────┼──────┼──────┼──────┼───────┼───────────┼───────────┼─────────┼───────────┼───────────┼───────────────┼────────────────────────────┼──────┼──────┼─────┼──────────┼──────────┼───────┼────────┼─────┼─────┼────────┼────────────┼───────────┼───────────────┼──────┼──────────┼─────┤
│    0    │ 3.31 │ 3.31 │ 3.31 │ 3.31 │  500  │  1655000  │    500    │   500   │  1655000  │  1655000  │ 1673601240000 │ '2023-01-13T09:14:00.000Z' │  0   │ 100  │  0  │    0     │ Infinity │ 720.7 │ 2684.5 │  0  │ 0.2 │  -500  │  -1655000  │   -500    │   -1655000    │      │          │     │
│    1    │ 3.32 │ 3.32 │ 3.32 │ 3.32 │ 4000  │ 13280000  │   4500    │  4000   │ 13280000  │ 14935000  │ 1673601600000 │ '2023-01-13T09:20:00.000Z' │  0   │ 100  │  0  │    0     │ Infinity │ 720.7 │ 2684.5 │  0  │ 1.5 │ -4000  │ -13280000  │   -4500   │   -14935000   │      │          │     │
│    2    │ 3.35 │ 3.35 │ 3.35 │ 3.35 │  200  │  670000   │   8100    │  3600   │ 12060000  │ 26995000  │ 1673602320000 │ '2023-01-13T09:32:00.000Z' │ 94.4 │ 5.6  │  0  │    17    │   0.1    │ 720.7 │ 2684.5 │  0  │ 0.1 │  3200  │  10720000  │   -1300   │   -4215000    │ 3400 │ 11390000 │ 4.7 │
│    3    │ 3.35 │ 3.35 │ 3.35 │ 3.35 │  600  │  2010000  │   9200    │  1100   │  3685000  │ 30680000  │ 1673602440000 │ '2023-01-13T09:34:00.000Z' │ 45.5 │ 54.5 │  0  │   0.8    │   1.2    │ 720.7 │ 2684.5 │  0  │ 0.2 │  -100  │  -335000   │   -1400   │   -4550000    │ 500  │ 1675000  │ 0.7 │
│    4    │ 3.35 │ 3.35 │ 3.35 │ 3.35 │  900  │  3015000  │   10100   │   900   │  3015000  │ 33695000  │ 1673602560000 │ '2023-01-13T09:36:00.000Z' │  0   │ 100  │  0  │    0     │ Infinity │ 720.7 │ 2684.5 │  0  │ 0.3 │  -900  │  -3015000  │   -2300   │   -7565000    │      │          │     │
│    5    │ 3.37 │ 3.37 │ 3.37 │ 3.37 │       │           │   10300   │   200   │  674000   │ 34369000  │ 1673602920000 │ '2023-01-13T09:42:00.000Z' │ 100  │  0   │  0  │ Infinity │    0     │ 720.7 │ 2684.5 │  0  │     │  200   │   674000   │   -2100   │   -6891000    │ 200  │  674000  │ 0.3 │
│    6    │ 3.37 │ 3.37 │ 3.37 │ 3.37 │       │           │   11100   │   800   │  2696000  │ 37065000  │ 1673603160000 │ '2023-01-13T09:46:00.000Z' │ 100  │  0   │  0  │ Infinity │    0     │ 720.7 │ 2684.5 │  0  │     │  800   │  2696000   │   -1300   │   -4195000    │ 800  │ 2696000  │ 1.1 │
│    7    │ 3.37 │ 3.37 │ 3.35 │ 3.35 │  100  │  335000   │   11300   │   200   │  672000   │ 37737000  │ 1673603520000 │ '2023-01-13T09:52:00.000Z' │  50  │  50  │  0  │    1     │    1     │ 720.7 │ 2684.5 │  0  │  0  │   0    │    2000    │   -1300   │   -4193000    │ 100  │  337000  │ 0.1 │
│    8    │ 3.36 │ 3.36 │ 3.35 │ 3.35 │  600  │  2010000  │   12700   │  1400   │  4694000  │ 42431000  │ 1673604120000 │ '2023-01-13T10:02:00.000Z' │ 57.1 │ 42.9 │  0  │   1.3    │   0.8    │ 720.7 │ 2684.5 │  0  │ 0.2 │  200   │   674000   │   -1100   │   -3519000    │ 800  │ 2684000  │ 1.1 │
│    9    │ 3.36 │ 3.36 │ 3.36 │ 3.36 │       │           │   12900   │   200   │  672000   │ 43103000  │ 1673604240000 │ '2023-01-13T10:04:00.000Z' │ 100  │  0   │  0  │ Infinity │    0     │ 720.7 │ 2684.5 │  0  │     │  200   │   672000   │   -900    │   -2847000    │ 200  │  672000  │ 0.3 │
│   10    │ 3.34 │ 3.34 │ 3.34 │ 3.34 │ 2500  │  8350000  │   15400   │  2500   │  8350000  │ 51453000  │ 1673604360000 │ '2023-01-13T10:06:00.000Z' │  0   │ 100  │  0  │    0     │ Infinity │ 720.7 │ 2684.5 │  0  │ 0.9 │ -2500  │  -8350000  │   -3400   │   -11197000   │      │          │     │
│   11    │ 3.34 │ 3.34 │ 3.34 │ 3.34 │ 1000  │  3340000  │   16400   │  1000   │  3340000  │ 54793000  │ 1673604480000 │ '2023-01-13T10:08:00.000Z' │  0   │ 100  │  0  │    0     │ Infinity │ 720.7 │ 2684.5 │  0  │ 0.4 │ -1000  │  -3340000  │   -4400   │   -14537000   │      │          │     │
│   12    │ 3.34 │ 3.34 │ 3.34 │ 3.34 │ 4200  │ 14028000  │   20600   │  4200   │ 14028000  │ 68821000  │ 1673604600000 │ '2023-01-13T10:10:00.000Z' │  0   │ 100  │  0  │    0     │ Infinity │ 720.7 │ 2684.5 │  0  │ 1.6 │ -4200  │ -14028000  │   -8600   │   -28565000   │      │          │     │
│   13    │ 3.34 │ 3.34 │ 3.34 │ 3.34 │ 1000  │  3340000  │   21600   │  1000   │  3340000  │ 72161000  │ 1673604840000 │ '2023-01-13T10:14:00.000Z' │  0   │ 100  │  0  │    0     │ Infinity │ 720.7 │ 2684.5 │  0  │ 0.4 │ -1000  │  -3340000  │   -9600   │   -31905000   │      │          │     │
│   14    │ 3.34 │ 3.34 │ 3.34 │ 3.34 │ 5400  │ 18036000  │   27000   │  5400   │ 18036000  │ 90197000  │ 1673604960000 │ '2023-01-13T10:16:00.000Z' │  0   │ 100  │  0  │    0     │ Infinity │ 720.7 │ 2684.5 │  0  │  2  │ -5400  │ -18036000  │  -15000   │   -49941000   │      │          │     │
│   15    │ 3.33 │ 3.33 │ 3.33 │ 3.33 │  100  │  333000   │   27500   │   500   │  1665000  │ 91862000  │ 1673605080000 │ '2023-01-13T10:18:00.000Z' │  80  │  20  │  0  │    4     │   0.3    │ 720.7 │ 2684.5 │  0  │  0  │  300   │   999000   │  -14700   │   -48942000   │ 400  │ 1332000  │ 0.6 │
│   16    │ 3.33 │ 3.34 │ 3.33 │ 3.33 │ 1000  │  3330000  │   30500   │  3000   │ 10001000  │ 101863000 │ 1673605200000 │ '2023-01-13T10:20:00.000Z' │ 66.7 │ 33.3 │  0  │    2     │   0.5    │ 720.7 │ 2684.5 │  0  │ 0.4 │  1000  │  3341000   │  -13700   │   -45601000   │ 2000 │ 6671000  │ 2.8 │
│   17    │ 3.34 │ 3.34 │ 3.34 │ 3.34 │       │           │   35900   │  5400   │ 18036000  │ 119899000 │ 1673605320000 │ '2023-01-13T10:22:00.000Z' │ 100  │  0   │  0  │ Infinity │    0     │ 720.7 │ 2684.5 │  0  │     │  5400  │  18036000  │   -8300   │   -27565000   │ 5400 │ 18036000 │ 7.5 │
│   18    │ 3.34 │ 3.34 │ 3.34 │ 3.34 │  400  │  1336000  │   36300   │   400   │  1336000  │ 121235000 │ 1673605560000 │ '2023-01-13T10:26:00.000Z' │  0   │ 100  │  0  │    0     │ Infinity │ 720.7 │ 2684.5 │  0  │ 0.1 │  -400  │  -1336000  │   -8700   │   -28901000   │      │          │     │
│   19    │ 3.34 │ 3.34 │ 3.34 │ 3.34 │       │           │   37800   │  1500   │  5010000  │ 126245000 │ 1673606040000 │ '2023-01-13T10:34:00.000Z' │ 100  │  0   │  0  │ Infinity │    0     │ 720.7 │ 2684.5 │  0  │     │  1500  │  5010000   │   -7200   │   -23891000   │ 1500 │ 5010000  │ 2.1 │
│   20    │ 3.34 │ 3.34 │ 3.33 │ 3.33 │ 1500  │  4995000  │   39500   │  1700   │  5663000  │ 131908000 │ 1673606160000 │ '2023-01-13T10:36:00.000Z' │ 11.8 │ 88.2 │  0  │   0.1    │   7.5    │ 720.7 │ 2684.5 │  0  │ 0.6 │ -1300  │  -4327000  │   -8500   │   -28218000   │ 200  │  668000  │ 0.3 │
├─────────┼──────┼──────┼──────┼──────┼───────┼───────────┼───────────┼─────────┼───────────┼───────────┼───────────────┼────────────────────────────┼──────┼──────┼─────┼──────────┼──────────┼───────┼────────┼─────┼─────┼────────┼────────────┼───────────┼───────────────┼──────┼──────────┼─────┤
│ (index) │  c   │  h   │  l   │  o   │  sd   │  val_sd   │ total_vol │ sum_vol │    val    │ acum_val  │   datetime    │            date            │ pbu  │ psd  │ puk │    bs    │    sb    │  abu  │  asd   │ auk │ rsd │ bu-sd  │ bu-sd_val  │ acum_busd │ acum_busd_val │  bu  │  val_bu  │ rbu │
├─────────┼──────┼──────┼──────┼──────┼───────┼───────────┼───────────┼─────────┼───────────┼───────────┼───────────────┼────────────────────────────┼──────┼──────┼─────┼──────────┼──────────┼───────┼────────┼─────┼─────┼────────┼────────────┼───────────┼───────────────┼──────┼──────────┼─────┤
│   21    │ 3.34 │ 3.34 │ 3.34 │ 3.34 │       │           │   40900   │  1400   │  4676000  │ 136584000 │ 1673606280000 │ '2023-01-13T10:38:00.000Z' │ 100  │  0   │  0  │ Infinity │    0     │ 720.7 │ 2684.5 │  0  │     │  1400  │  4676000   │   -7100   │   -23542000   │ 1400 │ 4676000  │ 1.9 │
│   22    │ 3.34 │ 3.34 │ 3.34 │ 3.34 │       │           │   41500   │   600   │  2004000  │ 138588000 │ 1673606400000 │ '2023-01-13T10:40:00.000Z' │ 100  │  0   │  0  │ Infinity │    0     │ 720.7 │ 2684.5 │  0  │     │  600   │  2004000   │   -6500   │   -21538000   │ 600  │ 2004000  │ 0.8 │
│   23    │ 3.34 │ 3.34 │ 3.34 │ 3.34 │       │           │   42000   │   500   │  1670000  │ 140258000 │ 1673606520000 │ '2023-01-13T10:42:00.000Z' │ 100  │  0   │  0  │ Infinity │    0     │ 720.7 │ 2684.5 │  0  │     │  500   │  1670000   │   -6000   │   -19868000   │ 500  │ 1670000  │ 0.7 │
│   24    │ 3.33 │ 3.33 │ 3.33 │ 3.33 │ 2600  │  8658000  │   44600   │  2600   │  8658000  │ 148916000 │ 1673607120000 │ '2023-01-13T10:52:00.000Z' │  0   │ 100  │  0  │    0     │ Infinity │ 720.7 │ 2684.5 │  0  │  1  │ -2600  │  -8658000  │   -8600   │   -28526000   │      │          │     │
│   25    │ 3.33 │ 3.33 │ 3.33 │ 3.33 │ 1900  │  6327000  │   50900   │  6300   │ 20979000  │ 169895000 │ 1673607360000 │ '2023-01-13T10:56:00.000Z' │ 69.8 │ 30.2 │  0  │   2.3    │   0.4    │ 720.7 │ 2684.5 │  0  │ 0.7 │  2500  │  8325000   │   -6100   │   -20201000   │ 4400 │ 14652000 │ 6.1 │
│   26    │ 3.32 │ 3.33 │ 3.32 │ 3.33 │ 10100 │ 33541000  │   61000   │  10100  │ 33541000  │ 203436000 │ 1673607480000 │ '2023-01-13T10:58:00.000Z' │  0   │ 100  │  0  │    0     │ Infinity │ 720.7 │ 2684.5 │  0  │ 3.8 │ -10100 │ -33541000  │  -16200   │   -53742000   │      │          │     │
│   27    │ 3.33 │ 3.33 │ 3.33 │ 3.33 │ 2000  │  6660000  │   63000   │  2000   │  6660000  │ 210096000 │ 1673607720000 │ '2023-01-13T11:02:00.000Z' │  0   │ 100  │  0  │    0     │ Infinity │ 720.7 │ 2684.5 │  0  │ 0.7 │ -2000  │  -6660000  │  -18200   │   -60402000   │      │          │     │
│   28    │ 3.34 │ 3.34 │ 3.34 │ 3.34 │       │           │   63900   │   900   │  3006000  │ 213102000 │ 1673607960000 │ '2023-01-13T11:06:00.000Z' │ 100  │  0   │  0  │ Infinity │    0     │ 720.7 │ 2684.5 │  0  │     │  900   │  3006000   │  -17300   │   -57396000   │ 900  │ 3006000  │ 1.2 │
│   29    │ 3.34 │ 3.34 │ 3.34 │ 3.34 │       │           │   65700   │  1800   │  6012000  │ 219114000 │ 1673608200000 │ '2023-01-13T11:10:00.000Z' │ 100  │  0   │  0  │ Infinity │    0     │ 720.7 │ 2684.5 │  0  │     │  1800  │  6012000   │  -15500   │   -51384000   │ 1800 │ 6012000  │ 2.5 │
│   30    │ 3.34 │ 3.34 │ 3.34 │ 3.34 │  100  │  334000   │   65800   │   100   │  334000   │ 219448000 │ 1673608440000 │ '2023-01-13T11:14:00.000Z' │  0   │ 100  │  0  │    0     │ Infinity │ 720.7 │ 2684.5 │  0  │  0  │  -100  │  -334000   │  -15600   │   -51718000   │      │          │     │
│   31    │ 3.35 │ 3.35 │ 3.35 │ 3.35 │       │           │   66000   │   200   │  670000   │ 220118000 │ 1673608680000 │ '2023-01-13T11:18:00.000Z' │ 100  │  0   │  0  │ Infinity │    0     │ 720.7 │ 2684.5 │  0  │     │  200   │   670000   │  -15400   │   -51048000   │ 200  │  670000  │ 0.3 │
│   32    │ 3.35 │ 3.35 │ 3.35 │ 3.35 │       │           │   66200   │   200   │  670000   │ 220788000 │ 1673614800000 │ '2023-01-13T13:00:00.000Z' │ 100  │  0   │  0  │ Infinity │    0     │ 720.7 │ 2684.5 │  0  │     │  200   │   670000   │  -15200   │   -50378000   │ 200  │  670000  │ 0.3 │
│   33    │ 3.33 │ 3.35 │ 3.33 │ 3.35 │ 2000  │  6673000  │   72100   │  5900   │ 19738000  │ 240526000 │ 1673615160000 │ '2023-01-13T13:06:00.000Z' │ 66.1 │ 33.9 │  0  │    2     │   0.5    │ 720.7 │ 2684.5 │  0  │ 0.7 │  1900  │  6392000   │  -13300   │   -43986000   │ 3900 │ 13065000 │ 5.4 │
│   34    │ 3.32 │ 3.33 │ 3.32 │ 3.33 │ 11000 │ 36557000  │   83100   │  11000  │ 36557000  │ 277083000 │ 1673615280000 │ '2023-01-13T13:08:00.000Z' │  0   │ 100  │  0  │    0     │ Infinity │ 720.7 │ 2684.5 │  0  │ 4.1 │ -11000 │ -36557000  │  -24300   │   -80543000   │      │          │     │
│   35    │ 3.34 │ 3.34 │ 3.34 │ 3.34 │       │           │   83200   │   100   │  334000   │ 277417000 │ 1673615760000 │ '2023-01-13T13:16:00.000Z' │ 100  │  0   │  0  │ Infinity │    0     │ 720.7 │ 2684.5 │  0  │     │  100   │   334000   │  -24200   │   -80209000   │ 100  │  334000  │ 0.1 │
│   36    │ 3.34 │ 3.34 │ 3.33 │ 3.33 │  100  │  333000   │   84600   │  1400   │  4675000  │ 282092000 │ 1673616120000 │ '2023-01-13T13:22:00.000Z' │ 92.9 │ 7.1  │  0  │    13    │   0.1    │ 720.7 │ 2684.5 │  0  │  0  │  1200  │  4009000   │  -23000   │   -76200000   │ 1300 │ 4342000  │ 1.8 │
│   37    │ 3.34 │ 3.35 │ 3.34 │ 3.35 │  100  │  334000   │   86100   │  1500   │  5024000  │ 287116000 │ 1673616360000 │ '2023-01-13T13:26:00.000Z' │ 93.3 │ 6.7  │  0  │    14    │   0.1    │ 720.7 │ 2684.5 │  0  │  0  │  1300  │  4356000   │  -21700   │   -71844000   │ 1400 │ 4690000  │ 1.9 │
│   38    │ 3.35 │ 3.35 │ 3.35 │ 3.35 │       │           │   89700   │  3600   │ 12060000  │ 299176000 │ 1673616480000 │ '2023-01-13T13:28:00.000Z' │ 100  │  0   │  0  │ Infinity │    0     │ 720.7 │ 2684.5 │  0  │     │  3600  │  12060000  │  -18100   │   -59784000   │ 3600 │ 12060000 │  5  │
│   39    │ 3.35 │ 3.35 │ 3.35 │ 3.35 │  300  │  1005000  │   90000   │   300   │  1005000  │ 300181000 │ 1673616600000 │ '2023-01-13T13:30:00.000Z' │  0   │ 100  │  0  │    0     │ Infinity │ 720.7 │ 2684.5 │  0  │ 0.1 │  -300  │  -1005000  │  -18400   │   -60789000   │      │          │     │
│   40    │ 3.35 │ 3.35 │ 3.35 │ 3.35 │ 1000  │  3350000  │   91000   │  1000   │  3350000  │ 303531000 │ 1673616720000 │ '2023-01-13T13:32:00.000Z' │  0   │ 100  │  0  │    0     │ Infinity │ 720.7 │ 2684.5 │  0  │ 0.4 │ -1000  │  -3350000  │  -19400   │   -64139000   │      │          │     │
├─────────┼──────┼──────┼──────┼──────┼───────┼───────────┼───────────┼─────────┼───────────┼───────────┼───────────────┼────────────────────────────┼──────┼──────┼─────┼──────────┼──────────┼───────┼────────┼─────┼─────┼────────┼────────────┼───────────┼───────────────┼──────┼──────────┼─────┤
│ (index) │  c   │  h   │  l   │  o   │  sd   │  val_sd   │ total_vol │ sum_vol │    val    │ acum_val  │   datetime    │            date            │ pbu  │ psd  │ puk │    bs    │    sb    │  abu  │  asd   │ auk │ rsd │ bu-sd  │ bu-sd_val  │ acum_busd │ acum_busd_val │  bu  │  val_bu  │ rbu │
├─────────┼──────┼──────┼──────┼──────┼───────┼───────────┼───────────┼─────────┼───────────┼───────────┼───────────────┼────────────────────────────┼──────┼──────┼─────┼──────────┼──────────┼───────┼────────┼─────┼─────┼────────┼────────────┼───────────┼───────────────┼──────┼──────────┼─────┤
│   41    │ 3.35 │ 3.35 │ 3.35 │ 3.35 │  800  │  2680000  │   91800   │   800   │  2680000  │ 306211000 │ 1673616960000 │ '2023-01-13T13:36:00.000Z' │  0   │ 100  │  0  │    0     │ Infinity │ 720.7 │ 2684.5 │  0  │ 0.3 │  -800  │  -2680000  │  -20200   │   -66819000   │      │          │     │
│   42    │ 3.33 │ 3.33 │ 3.33 │ 3.33 │ 5000  │ 16650000  │   96800   │  5000   │ 16650000  │ 322861000 │ 1673617200000 │ '2023-01-13T13:40:00.000Z' │  0   │ 100  │  0  │    0     │ Infinity │ 720.7 │ 2684.5 │  0  │ 1.9 │ -5000  │ -16650000  │  -25200   │   -83469000   │      │          │     │
│   43    │ 3.34 │ 3.34 │ 3.34 │ 3.34 │  100  │  334000   │   97400   │   600   │  2004000  │ 324865000 │ 1673617800000 │ '2023-01-13T13:50:00.000Z' │ 83.3 │ 16.7 │  0  │    5     │   0.2    │ 720.7 │ 2684.5 │  0  │  0  │  400   │  1336000   │  -24800   │   -82133000   │ 500  │ 1670000  │ 0.7 │
│   44    │ 3.34 │ 3.34 │ 3.33 │ 3.33 │ 50900 │ 169997000 │  148300   │  50900  │ 169997000 │ 494862000 │ 1673617920000 │ '2023-01-13T13:52:00.000Z' │  0   │ 100  │  0  │    0     │ Infinity │ 720.7 │ 2684.5 │  0  │ 19  │ -50900 │ -169997000 │  -75700   │  -252130000   │      │          │     │
│   45    │ 3.34 │ 3.34 │ 3.34 │ 3.34 │ 10900 │ 36406000  │  159200   │  10900  │ 36406000  │ 531268000 │ 1673618040000 │ '2023-01-13T13:54:00.000Z' │  0   │ 100  │  0  │    0     │ Infinity │ 720.7 │ 2684.5 │  0  │ 4.1 │ -10900 │ -36406000  │  -86600   │  -288536000   │      │          │     │
│   46    │ 3.36 │ 3.36 │ 3.36 │ 3.36 │       │           │  160400   │  1200   │  4032000  │ 535300000 │ 1673618280000 │ '2023-01-13T13:58:00.000Z' │ 100  │  0   │  0  │ Infinity │    0     │ 720.7 │ 2684.5 │  0  │     │  1200  │  4032000   │  -85400   │  -284504000   │ 1200 │ 4032000  │ 1.7 │
│   47    │ 3.33 │ 3.33 │ 3.33 │ 3.33 │  400  │  1332000  │  160800   │   400   │  1332000  │ 536632000 │ 1673618640000 │ '2023-01-13T14:04:00.000Z' │  0   │ 100  │  0  │    0     │ Infinity │ 720.7 │ 2684.5 │  0  │ 0.1 │  -400  │  -1332000  │  -85800   │  -285836000   │      │          │     │
│   48    │ 3.33 │ 3.33 │ 3.33 │ 3.33 │  700  │  2331000  │  161500   │   700   │  2331000  │ 538963000 │ 1673618760000 │ '2023-01-13T14:06:00.000Z' │  0   │ 100  │  0  │    0     │ Infinity │ 720.7 │ 2684.5 │  0  │ 0.3 │  -700  │  -2331000  │  -86500   │  -288167000   │      │          │     │
│   49    │ 3.32 │ 3.33 │ 3.32 │ 3.33 │ 4600  │ 15308000  │  166100   │  4600   │ 15308000  │ 554271000 │ 1673618880000 │ '2023-01-13T14:08:00.000Z' │  0   │ 100  │  0  │    0     │ Infinity │ 720.7 │ 2684.5 │  0  │ 1.7 │ -4600  │ -15308000  │  -91100   │  -303475000   │      │          │     │
│   50    │ 3.33 │ 3.33 │ 3.32 │ 3.32 │ 2000  │  6640000  │  169100   │  3000   │  9970000  │ 564241000 │ 1673619000000 │ '2023-01-13T14:10:00.000Z' │ 33.3 │ 66.7 │  0  │   0.5    │    2     │ 720.7 │ 2684.5 │  0  │ 0.7 │ -1000  │  -3310000  │  -92100   │  -306785000   │ 1000 │ 3330000  │ 1.4 │
│   51    │ 3.32 │ 3.32 │ 3.32 │ 3.32 │ 1300  │  4316000  │  170400   │  1300   │  4316000  │ 568557000 │ 1673619360000 │ '2023-01-13T14:16:00.000Z' │  0   │ 100  │  0  │    0     │ Infinity │ 720.7 │ 2684.5 │  0  │ 0.5 │ -1300  │  -4316000  │  -93400   │  -311101000   │      │          │     │
│   52    │ 3.31 │ 3.32 │ 3.31 │ 3.32 │ 7700  │ 25508000  │  178100   │  7700   │ 25508000  │ 594065000 │ 1673619480000 │ '2023-01-13T14:18:00.000Z' │  0   │ 100  │  0  │    0     │ Infinity │ 720.7 │ 2684.5 │  0  │ 2.9 │ -7700  │ -25508000  │  -101100  │  -336609000   │      │          │     │
│   53    │ 3.32 │ 3.32 │ 3.31 │ 3.31 │ 5000  │ 16550000  │  184100   │  6000   │ 19870000  │ 613935000 │ 1673619600000 │ '2023-01-13T14:20:00.000Z' │ 16.7 │ 83.3 │  0  │   0.2    │    5     │ 720.7 │ 2684.5 │  0  │ 1.9 │ -4000  │ -13230000  │  -105100  │  -349839000   │ 1000 │ 3320000  │ 1.4 │
│   54    │ 3.32 │ 3.32 │ 3.32 │ 3.32 │       │           │  186000   │  1900   │  6308000  │ 620243000 │ 1673619720000 │ '2023-01-13T14:22:00.000Z' │ 100  │  0   │  0  │ Infinity │    0     │ 720.7 │ 2684.5 │  0  │     │  1900  │  6308000   │  -103200  │  -343531000   │ 1900 │ 6308000  │ 2.6 │
│   55    │ 3.33 │ 3.33 │ 3.33 │ 3.33 │       │           │  186400   │   400   │  1332000  │ 621575000 │ 1673619840000 │ '2023-01-13T14:24:00.000Z' │ 100  │  0   │  0  │ Infinity │    0     │ 720.7 │ 2684.5 │  0  │     │  400   │  1332000   │  -102800  │  -342199000   │ 400  │ 1332000  │ 0.6 │
│   56    │ 3.32 │ 3.32 │ 3.32 │ 3.32 │ 5000  │ 16600000  │  191400   │  5000   │ 16600000  │ 638175000 │ 1673620080000 │ '2023-01-13T14:28:00.000Z' │  0   │ 100  │  0  │    0     │ Infinity │ 720.7 │ 2684.5 │  0  │ 1.9 │ -5000  │ -16600000  │  -107800  │  -358799000   │      │          │     │
│   57    │ 3.31 │ 3.31 │ 3.31 │ 3.31 │ 6100  │ 20191000  │  197500   │  6100   │ 20191000  │ 658366000 │ 1673621040000 │ '2023-01-13T14:44:00.000Z' │  0   │ 100  │  0  │    0     │ Infinity │ 720.7 │ 2684.5 │  0  │ 2.3 │ -6100  │ -20191000  │  -113900  │  -378990000   │      │          │     │
└─────────┴──────┴──────┴──────┴──────┴───────┴───────────┴───────────┴─────────┴───────────┴───────────┴───────────────┴────────────────────────────┴──────┴──────┴─────┴──────────┴──────────┴───────┴────────┴─────┴─────┴────────┴────────────┴───────────┴───────────────┴──────┴──────────┴─────┘

