┌─────────┬──────┬──────┬──────┬──────┬───────┬──────────┬───────────┬─────────┬──────────┬───────────┬─────┬─────────┬───────────────┬────────────────────────────┬──────┬──────┬─────┬──────────┬──────────┬───────┬───────┬─────┬──────┬─────┬────────┬───────────┬───────────┬───────────────┐
│ (index) │  c   │  h   │  l   │  o   │  sd   │  val_sd  │ total_vol │ sum_vol │   val    │ acum_val  │ bu  │ val_bu  │   datetime    │            date            │ pbu  │ psd  │ puk │    bs    │    sb    │  abu  │  asd  │ auk │ rsd  │ rbu │ bu-sd  │ bu-sd_val │ acum_busd │ acum_busd_val │
├─────────┼──────┼──────┼──────┼──────┼───────┼──────────┼───────────┼─────────┼──────────┼───────────┼─────┼─────────┼───────────────┼────────────────────────────┼──────┼──────┼─────┼──────────┼──────────┼───────┼───────┼─────┼──────┼─────┼────────┼───────────┼───────────┼───────────────┤
│    0    │ 3.79 │ 3.79 │ 3.72 │ 3.72 │ 10300 │ 38316000 │   10600   │  10600  │ 39453000 │ 39453000  │ 300 │ 1137000 │ 1673601300000 │ '2023-01-13T09:15:00.000Z' │ 2.8  │ 97.2 │  0  │    0     │   34.3   │ 119.2 │ 923.1 │  0  │ 11.2 │ 2.5 │ -10000 │ -37179000 │  -10000   │   -37179000   │
│    1    │ 3.79 │ 3.79 │ 3.79 │ 3.79 │       │          │   10700   │   100   │  379000  │ 39832000  │ 100 │ 379000  │ 1673602500000 │ '2023-01-13T09:35:00.000Z' │ 100  │  0   │  0  │ Infinity │    0     │ 119.2 │ 923.1 │  0  │      │ 0.8 │  100   │  379000   │   -9900   │   -36800000   │
│    2    │ 3.78 │ 3.78 │ 3.73 │ 3.73 │  200  │  746000  │   11000   │   300   │ 1124000  │ 40956000  │ 100 │ 378000  │ 1673602800000 │ '2023-01-13T09:40:00.000Z' │ 33.3 │ 66.7 │  0  │   0.5    │    2     │ 119.2 │ 923.1 │  0  │ 0.2  │ 0.8 │  -100  │  -368000  │  -10000   │   -37168000   │
│    3    │ 3.73 │ 3.73 │ 3.73 │ 3.73 │ 1200  │ 4476000  │   12200   │  1200   │ 4476000  │ 45432000  │     │         │ 1673603400000 │ '2023-01-13T09:50:00.000Z' │  0   │ 100  │  0  │    0     │ Infinity │ 119.2 │ 923.1 │  0  │ 1.3  │     │ -1200  │ -4476000  │  -11200   │   -41644000   │
│    4    │ 3.71 │ 3.73 │ 3.71 │ 3.73 │  600  │ 2231000  │   12900   │   700   │ 2603000  │ 48035000  │ 100 │ 372000  │ 1673603700000 │ '2023-01-13T09:55:00.000Z' │ 14.3 │ 85.7 │  0  │   0.2    │    6     │ 119.2 │ 923.1 │  0  │ 0.6  │ 0.8 │  -500  │ -1859000  │  -11700   │   -43503000   │
│    5    │ 3.71 │ 3.71 │ 3.71 │ 3.71 │  100  │  371000  │   13000   │   100   │  371000  │ 48406000  │     │         │ 1673604000000 │ '2023-01-13T10:00:00.000Z' │  0   │ 100  │  0  │    0     │ Infinity │ 119.2 │ 923.1 │  0  │ 0.1  │     │  -100  │  -371000  │  -11800   │   -43874000   │
│    6    │ 3.78 │ 3.78 │ 3.78 │ 3.78 │       │          │   13100   │   100   │  378000  │ 48784000  │ 100 │ 378000  │ 1673604300000 │ '2023-01-13T10:05:00.000Z' │ 100  │  0   │  0  │ Infinity │    0     │ 119.2 │ 923.1 │  0  │      │ 0.8 │  100   │  378000   │  -11700   │   -43496000   │
│    7    │ 3.73 │ 3.73 │ 3.73 │ 3.73 │  100  │  373000  │   13200   │   100   │  373000  │ 49157000  │     │         │ 1673604900000 │ '2023-01-13T10:15:00.000Z' │  0   │ 100  │  0  │    0     │ Infinity │ 119.2 │ 923.1 │  0  │ 0.1  │     │  -100  │  -373000  │  -11800   │   -43869000   │
│    8    │ 3.71 │ 3.71 │ 3.71 │ 3.71 │  100  │  371000  │   13300   │   100   │  371000  │ 49528000  │     │         │ 1673605200000 │ '2023-01-13T10:20:00.000Z' │  0   │ 100  │  0  │    0     │ Infinity │ 119.2 │ 923.1 │  0  │ 0.1  │     │  -100  │  -371000  │  -11900   │   -44240000   │
│    9    │ 3.77 │ 3.77 │ 3.77 │ 3.77 │       │          │   13400   │   100   │  377000  │ 49905000  │ 100 │ 377000  │ 1673605500000 │ '2023-01-13T10:25:00.000Z' │ 100  │  0   │  0  │ Infinity │    0     │ 119.2 │ 923.1 │  0  │      │ 0.8 │  100   │  377000   │  -11800   │   -43863000   │
│   10    │ 3.75 │ 3.77 │ 3.75 │ 3.77 │  100  │  375000  │   13600   │   200   │  752000  │ 50657000  │ 100 │ 377000  │ 1673605800000 │ '2023-01-13T10:30:00.000Z' │  50  │  50  │  0  │    1     │    1     │ 119.2 │ 923.1 │  0  │ 0.1  │ 0.8 │   0    │   2000    │  -11800   │   -43861000   │
│   11    │ 3.75 │ 3.75 │ 3.75 │ 3.75 │       │          │   13900   │   300   │ 1125000  │ 51782000  │ 300 │ 1125000 │ 1673607000000 │ '2023-01-13T10:50:00.000Z' │ 100  │  0   │  0  │ Infinity │    0     │ 119.2 │ 923.1 │  0  │      │ 2.5 │  300   │  1125000  │  -11500   │   -42736000   │
│   12    │ 3.71 │ 3.71 │ 3.71 │ 3.71 │  100  │  371000  │   14000   │   100   │  371000  │ 52153000  │     │         │ 1673607300000 │ '2023-01-13T10:55:00.000Z' │  0   │ 100  │  0  │    0     │ Infinity │ 119.2 │ 923.1 │  0  │ 0.1  │     │  -100  │  -371000  │  -11600   │   -43107000   │
│   13    │ 3.71 │ 3.71 │ 3.71 │ 3.71 │ 2000  │ 7420000  │   16000   │  2000   │ 7420000  │ 59573000  │     │         │ 1673608800000 │ '2023-01-13T11:20:00.000Z' │  0   │ 100  │  0  │    0     │ Infinity │ 119.2 │ 923.1 │  0  │ 2.2  │     │ -2000  │ -7420000  │  -13600   │   -50527000   │
│   14    │ 3.75 │ 3.75 │ 3.75 │ 3.75 │       │          │   16100   │   100   │  375000  │ 59948000  │ 100 │ 375000  │ 1673609100000 │ '2023-01-13T11:25:00.000Z' │ 100  │  0   │  0  │ Infinity │    0     │ 119.2 │ 923.1 │  0  │      │ 0.8 │  100   │  375000   │  -13500   │   -50152000   │
│   15    │ 3.75 │ 3.75 │ 3.75 │ 3.75 │       │          │   16600   │   500   │ 1875000  │ 61823000  │ 500 │ 1875000 │ 1673615100000 │ '2023-01-13T13:05:00.000Z' │ 100  │  0   │  0  │ Infinity │    0     │ 119.2 │ 923.1 │  0  │      │ 4.2 │  500   │  1875000  │  -13000   │   -48277000   │
│   16    │ 3.71 │ 3.71 │ 3.71 │ 3.71 │ 2000  │ 7420000  │   18600   │  2000   │ 7420000  │ 69243000  │     │         │ 1673615400000 │ '2023-01-13T13:10:00.000Z' │  0   │ 100  │  0  │    0     │ Infinity │ 119.2 │ 923.1 │  0  │ 2.2  │     │ -2000  │ -7420000  │  -15000   │   -55697000   │
│   17    │ 3.74 │ 3.74 │ 3.74 │ 3.74 │       │          │   18800   │   200   │  748000  │ 69991000  │ 200 │ 748000  │ 1673615700000 │ '2023-01-13T13:15:00.000Z' │ 100  │  0   │  0  │ Infinity │    0     │ 119.2 │ 923.1 │  0  │      │ 1.7 │  200   │  748000   │  -14800   │   -54949000   │
│   18    │ 3.7  │ 3.71 │ 3.7  │ 3.71 │ 1800  │ 6662000  │   20600   │  1800   │ 6662000  │ 76653000  │     │         │ 1673616000000 │ '2023-01-13T13:20:00.000Z' │  0   │ 100  │  0  │    0     │ Infinity │ 119.2 │ 923.1 │  0  │ 1.9  │     │ -1800  │ -6662000  │  -16600   │   -61611000   │
│   19    │ 3.75 │ 3.75 │ 3.75 │ 3.75 │       │          │   20700   │   100   │  375000  │ 77028000  │ 100 │ 375000  │ 1673616300000 │ '2023-01-13T13:25:00.000Z' │ 100  │  0   │  0  │ Infinity │    0     │ 119.2 │ 923.1 │  0  │      │ 0.8 │  100   │  375000   │  -16500   │   -61236000   │
│   20    │ 3.7  │ 3.71 │ 3.7  │ 3.71 │  600  │ 2224000  │   21300   │   600   │ 2224000  │ 79252000  │     │         │ 1673616600000 │ '2023-01-13T13:30:00.000Z' │  0   │ 100  │  0  │    0     │ Infinity │ 119.2 │ 923.1 │  0  │ 0.6  │     │  -600  │ -2224000  │  -17100   │   -63460000   │
├─────────┼──────┼──────┼──────┼──────┼───────┼──────────┼───────────┼─────────┼──────────┼───────────┼─────┼─────────┼───────────────┼────────────────────────────┼──────┼──────┼─────┼──────────┼──────────┼───────┼───────┼─────┼──────┼─────┼────────┼───────────┼───────────┼───────────────┤
│ (index) │  c   │  h   │  l   │  o   │  sd   │  val_sd  │ total_vol │ sum_vol │   val    │ acum_val  │ bu  │ val_bu  │   datetime    │            date            │ pbu  │ psd  │ puk │    bs    │    sb    │  abu  │  asd  │ auk │ rsd  │ rbu │ bu-sd  │ bu-sd_val │ acum_busd │ acum_busd_val │
├─────────┼──────┼──────┼──────┼──────┼───────┼──────────┼───────────┼─────────┼──────────┼───────────┼─────┼─────────┼───────────────┼────────────────────────────┼──────┼──────┼─────┼──────────┼──────────┼───────┼───────┼─────┼──────┼─────┼────────┼───────────┼───────────┼───────────────┤
│   21    │ 3.7  │ 3.7  │ 3.7  │ 3.7  │  600  │ 2220000  │   21900   │   600   │ 2220000  │ 81472000  │     │         │ 1673617200000 │ '2023-01-13T13:40:00.000Z' │  0   │ 100  │  0  │    0     │ Infinity │ 119.2 │ 923.1 │  0  │ 0.6  │     │  -600  │ -2220000  │  -17700   │   -65680000   │
│   22    │ 3.7  │ 3.7  │ 3.7  │ 3.7  │ 3100  │ 11470000 │   25000   │  3100   │ 11470000 │ 92942000  │     │         │ 1673617800000 │ '2023-01-13T13:50:00.000Z' │  0   │ 100  │  0  │    0     │ Infinity │ 119.2 │ 923.1 │  0  │ 3.4  │     │ -3100  │ -11470000 │  -20800   │   -77150000   │
│   23    │ 3.7  │ 3.7  │ 3.7  │ 3.7  │       │          │   25900   │   900   │ 3330000  │ 96272000  │ 900 │ 3330000 │ 1673618100000 │ '2023-01-13T13:55:00.000Z' │ 100  │  0   │  0  │ Infinity │    0     │ 119.2 │ 923.1 │  0  │      │ 7.6 │  900   │  3330000  │  -19900   │   -73820000   │
│   24    │ 3.69 │ 3.7  │ 3.69 │ 3.7  │ 1100  │ 4060000  │   27000   │  1100   │ 4060000  │ 100332000 │     │         │ 1673619600000 │ '2023-01-13T14:20:00.000Z' │  0   │ 100  │  0  │    0     │ Infinity │ 119.2 │ 923.1 │  0  │ 1.2  │     │ -1100  │ -4060000  │  -21000   │   -77880000   │
│   25    │ 3.72 │ 3.72 │ 3.72 │ 3.72 │       │          │   27100   │   100   │  372000  │ 100704000 │ 100 │ 372000  │ 1673621100000 │ '2023-01-13T14:45:00.000Z' │ 100  │  0   │  0  │ Infinity │    0     │ 119.2 │ 923.1 │  0  │      │ 0.8 │  100   │  372000   │  -20900   │   -77508000   │
└─────────┴──────┴──────┴──────┴──────┴───────┴──────────┴───────────┴─────────┴──────────┴───────────┴─────┴─────────┴───────────────┴────────────────────────────┴──────┴──────┴─────┴──────────┴──────────┴───────┴───────┴─────┴──────┴─────┴────────┴───────────┴───────────┴───────────────┘

