┌─────────┬──────┬──────┬──────┬──────┬───────┬───────────┬───────────┬─────────┬───────────┬───────────┬───────────────┬────────────────────────────┬─────┬─────┬─────┬──────────┬──────────┬────────┬────────┬─────┬──────┬───────┬───────────┬───────────┬───────────────┬──────┬──────────┬─────┐
│ (index) │  c   │  h   │  l   │  o   │  bu   │  val_bu   │ total_vol │ sum_vol │    val    │ acum_val  │   datetime    │            date            │ pbu │ psd │ puk │    bs    │    sb    │  abu   │  asd   │ auk │ rbu  │ bu-sd │ bu-sd_val │ acum_busd │ acum_busd_val │  sd  │  val_sd  │ rsd │
├─────────┼──────┼──────┼──────┼──────┼───────┼───────────┼───────────┼─────────┼───────────┼───────────┼───────────────┼────────────────────────────┼─────┼─────┼─────┼──────────┼──────────┼────────┼────────┼─────┼──────┼───────┼───────────┼───────────┼───────────────┼──────┼──────────┼─────┤
│    0    │ 5.59 │ 5.59 │ 5.59 │ 5.59 │  100  │  559000   │    100    │   100   │  559000   │  559000   │ 1672219920000 │ '2022-12-28T09:32:00.000Z' │ 100 │  0  │  0  │ Infinity │    0     │ 2027.3 │ 1581.8 │  0  │  0   │  100  │  559000   │    100    │    559000     │      │          │     │
│    1    │ 5.41 │ 5.41 │ 5.41 │ 5.41 │       │           │    200    │   100   │  541000   │  1100000  │ 1672220160000 │ '2022-12-28T09:36:00.000Z' │  0  │ 100 │  0  │    0     │ Infinity │ 2027.3 │ 1581.8 │  0  │      │ -100  │  -541000  │     0     │     18000     │ 100  │  541000  │ 0.1 │
│    2    │ 5.41 │ 5.41 │ 5.41 │ 5.41 │       │           │   10000   │  9800   │ 53018000  │ 54118000  │ 1672220400000 │ '2022-12-28T09:40:00.000Z' │  0  │ 100 │  0  │    0     │ Infinity │ 2027.3 │ 1581.8 │  0  │      │ -9800 │ -53018000 │   -9800   │   -53000000   │ 9800 │ 53018000 │ 6.2 │
│    3    │ 5.4  │ 5.4  │ 5.4  │ 5.4  │       │           │   15000   │  5000   │ 27000000  │ 81118000  │ 1672220640000 │ '2022-12-28T09:44:00.000Z' │  0  │ 100 │  0  │    0     │ Infinity │ 2027.3 │ 1581.8 │  0  │      │ -5000 │ -27000000 │  -14800   │   -80000000   │ 5000 │ 27000000 │ 3.2 │
│    4    │ 5.41 │ 5.41 │ 5.41 │ 5.41 │  200  │  1082000  │   15200   │   200   │  1082000  │ 82200000  │ 1672220760000 │ '2022-12-28T09:46:00.000Z' │ 100 │  0  │  0  │ Infinity │    0     │ 2027.3 │ 1581.8 │  0  │ 0.1  │  200  │  1082000  │  -14600   │   -78918000   │      │          │     │
│    5    │ 5.41 │ 5.41 │ 5.41 │ 5.41 │       │           │   15900   │   700   │  3787000  │ 85987000  │ 1672221960000 │ '2022-12-28T10:06:00.000Z' │  0  │ 100 │  0  │    0     │ Infinity │ 2027.3 │ 1581.8 │  0  │      │ -700  │ -3787000  │  -15300   │   -82705000   │ 700  │ 3787000  │ 0.4 │
│    6    │ 5.42 │ 5.42 │ 5.41 │ 5.41 │  200  │  1084000  │   16400   │   500   │  2707000  │ 88694000  │ 1672222440000 │ '2022-12-28T10:14:00.000Z' │ 40  │ 60  │  0  │   0.7    │   1.5    │ 2027.3 │ 1581.8 │  0  │ 0.1  │ -100  │  -539000  │  -15400   │   -83244000   │ 300  │ 1623000  │ 0.2 │
│    7    │ 5.42 │ 5.42 │ 5.42 │ 5.42 │       │           │   17100   │   700   │  3794000  │ 92488000  │ 1672222800000 │ '2022-12-28T10:20:00.000Z' │  0  │ 100 │  0  │    0     │ Infinity │ 2027.3 │ 1581.8 │  0  │      │ -700  │ -3794000  │  -16100   │   -87038000   │ 700  │ 3794000  │ 0.4 │
│    8    │ 5.41 │ 5.42 │ 5.41 │ 5.42 │       │           │   20500   │  3400   │ 18395000  │ 110883000 │ 1672225200000 │ '2022-12-28T11:00:00.000Z' │  0  │ 100 │  0  │    0     │ Infinity │ 2027.3 │ 1581.8 │  0  │      │ -3400 │ -18395000 │  -19500   │  -105433000   │ 3400 │ 18395000 │ 2.1 │
│    9    │ 5.41 │ 5.41 │ 5.41 │ 5.41 │       │           │   21300   │   800   │  4328000  │ 115211000 │ 1672225440000 │ '2022-12-28T11:04:00.000Z' │  0  │ 100 │  0  │    0     │ Infinity │ 2027.3 │ 1581.8 │  0  │      │ -800  │ -4328000  │  -20300   │  -109761000   │ 800  │ 4328000  │ 0.5 │
│   10    │ 5.41 │ 5.41 │ 5.41 │ 5.41 │ 4200  │ 22722000  │   25500   │  4200   │ 22722000  │ 137933000 │ 1672232400000 │ '2022-12-28T13:00:00.000Z' │ 100 │  0  │  0  │ Infinity │    0     │ 2027.3 │ 1581.8 │  0  │ 2.1  │ 4200  │ 22722000  │  -16100   │   -87039000   │      │          │     │
│   11    │ 5.41 │ 5.41 │ 5.41 │ 5.41 │       │           │   26300   │   800   │  4328000  │ 142261000 │ 1672232880000 │ '2022-12-28T13:08:00.000Z' │  0  │ 100 │  0  │    0     │ Infinity │ 2027.3 │ 1581.8 │  0  │      │ -800  │ -4328000  │  -16900   │   -91367000   │ 800  │ 4328000  │ 0.5 │
│   12    │ 5.41 │ 5.41 │ 5.41 │ 5.41 │ 6200  │ 33542000  │   32500   │  6200   │ 33542000  │ 175803000 │ 1672233840000 │ '2022-12-28T13:24:00.000Z' │ 100 │  0  │  0  │ Infinity │    0     │ 2027.3 │ 1581.8 │  0  │ 3.1  │ 6200  │ 33542000  │  -10700   │   -57825000   │      │          │     │
│   13    │ 5.5  │ 5.5  │ 5.5  │ 5.5  │  100  │  550000   │   32600   │   100   │  550000   │ 176353000 │ 1672235760000 │ '2022-12-28T13:56:00.000Z' │ 100 │  0  │  0  │ Infinity │    0     │ 2027.3 │ 1581.8 │  0  │  0   │  100  │  550000   │  -10600   │   -57275000   │      │          │     │
│   14    │ 5.6  │ 5.6  │ 5.5  │ 5.5  │ 28200 │ 156666000 │   60800   │  28200  │ 156666000 │ 333019000 │ 1672236240000 │ '2022-12-28T14:04:00.000Z' │ 100 │  0  │  0  │ Infinity │    0     │ 2027.3 │ 1581.8 │  0  │ 13.9 │ 28200 │ 156666000 │   17600   │   99391000    │      │          │     │
│   15    │ 5.6  │ 5.6  │ 5.6  │ 5.6  │ 1400  │  7840000  │   62200   │  1400   │  7840000  │ 340859000 │ 1672236720000 │ '2022-12-28T14:12:00.000Z' │ 100 │  0  │  0  │ Infinity │    0     │ 2027.3 │ 1581.8 │  0  │ 0.7  │ 1400  │  7840000  │   19000   │   107231000   │      │          │     │
│   16    │ 5.6  │ 5.6  │ 5.6  │ 5.6  │       │           │   67600   │  5400   │ 30240000  │ 371099000 │ 1672237080000 │ '2022-12-28T14:18:00.000Z' │  0  │ 100 │  0  │    0     │ Infinity │ 2027.3 │ 1581.8 │  0  │      │ -5400 │ -30240000 │   13600   │   76991000    │ 5400 │ 30240000 │ 3.4 │
│   17    │ 5.6  │ 5.6  │ 5.6  │ 5.6  │       │           │   68600   │  1000   │  5600000  │ 376699000 │ 1672237200000 │ '2022-12-28T14:20:00.000Z' │  0  │ 100 │  0  │    0     │ Infinity │ 2027.3 │ 1581.8 │  0  │      │ -1000 │ -5600000  │   12600   │   71391000    │ 1000 │ 5600000  │ 0.6 │
│   18    │ 5.6  │ 5.6  │ 5.6  │ 5.6  │       │           │   68700   │   100   │  560000   │ 377259000 │ 1672237320000 │ '2022-12-28T14:22:00.000Z' │  0  │ 100 │  0  │    0     │ Infinity │ 2027.3 │ 1581.8 │  0  │      │ -100  │  -560000  │   12500   │   70831000    │ 100  │  560000  │ 0.1 │
│   19    │ 5.6  │ 5.6  │ 5.59 │ 5.59 │ 4000  │ 22392000  │   73700   │  5000   │ 27992000  │ 405251000 │ 1672237560000 │ '2022-12-28T14:26:00.000Z' │ 80  │ 20  │  0  │    4     │   0.3    │ 2027.3 │ 1581.8 │  0  │  2   │ 3000  │ 16792000  │   15500   │   87623000    │ 1000 │ 5600000  │ 0.6 │
│   20    │ 5.5  │ 5.5  │ 5.5  │ 5.5  │       │           │   78700   │  5000   │ 27500000  │ 432751000 │ 1672237680000 │ '2022-12-28T14:28:00.000Z' │  0  │ 100 │  0  │    0     │ Infinity │ 2027.3 │ 1581.8 │  0  │      │ -5000 │ -27500000 │   10500   │   60123000    │ 5000 │ 27500000 │ 3.2 │
├─────────┼──────┼──────┼──────┼──────┼───────┼───────────┼───────────┼─────────┼───────────┼───────────┼───────────────┼────────────────────────────┼─────┼─────┼─────┼──────────┼──────────┼────────┼────────┼─────┼──────┼───────┼───────────┼───────────┼───────────────┼──────┼──────────┼─────┤
│ (index) │  c   │  h   │  l   │  o   │  bu   │  val_bu   │ total_vol │ sum_vol │    val    │ acum_val  │   datetime    │            date            │ pbu │ psd │ puk │    bs    │    sb    │  abu   │  asd   │ auk │ rbu  │ bu-sd │ bu-sd_val │ acum_busd │ acum_busd_val │  sd  │  val_sd  │ rsd │
├─────────┼──────┼──────┼──────┼──────┼───────┼───────────┼───────────┼─────────┼───────────┼───────────┼───────────────┼────────────────────────────┼─────┼─────┼─────┼──────────┼──────────┼────────┼────────┼─────┼──────┼───────┼───────────┼───────────┼───────────────┼──────┼──────────┼─────┤
│   21    │ 5.5  │ 5.5  │ 5.5  │ 5.5  │       │           │   79400   │   700   │  3850000  │ 436601000 │ 1672238640000 │ '2022-12-28T14:44:00.000Z' │  0  │ 100 │  0  │    0     │ Infinity │ 2027.3 │ 1581.8 │  0  │      │ -700  │ -3850000  │   9800    │   56273000    │ 700  │ 3850000  │ 0.4 │
└─────────┴──────┴──────┴──────┴──────┴───────┴───────────┴───────────┴─────────┴───────────┴───────────┴───────────────┴────────────────────────────┴─────┴─────┴─────┴──────────┴──────────┴────────┴────────┴─────┴──────┴───────┴───────────┴───────────┴───────────────┴──────┴──────────┴─────┘

