┌─────────┬───────┬───────┬───────┬───────┬──────┬───────────┬───────────┬─────────┬───────────┬───────────┬───────────────┬────────────────────────────┬──────┬──────┬─────┬──────────┬──────────┬─────┬─────┬─────┬──────┬───────┬────────────┬───────────┬───────────────┬─────┬─────────┬─────┐
│ (index) │   c   │   h   │   l   │   o   │  sd  │  val_sd   │ total_vol │ sum_vol │    val    │ acum_val  │   datetime    │            date            │ pbu  │ psd  │ puk │    bs    │    sb    │ abu │ asd │ auk │ rsd  │ bu-sd │ bu-sd_val  │ acum_busd │ acum_busd_val │ bu  │ val_bu  │ rbu │
├─────────┼───────┼───────┼───────┼───────┼──────┼───────────┼───────────┼─────────┼───────────┼───────────┼───────────────┼────────────────────────────┼──────┼──────┼─────┼──────────┼──────────┼─────┼─────┼─────┼──────┼───────┼────────────┼───────────┼───────────────┼─────┼─────────┼─────┤
│    0    │ 22.75 │ 22.8  │ 22.75 │ 22.8  │ 300  │  6830000  │    300    │   300   │  6830000  │  6830000  │ 1672219560000 │ '2022-12-28T09:26:00.000Z' │  0   │ 100  │  0  │    0     │ Infinity │ 68  │ 424 │  0  │ 0.7  │ -300  │  -6830000  │   -300    │   -6830000    │     │         │     │
│    1    │ 22.75 │ 22.75 │ 22.75 │ 22.75 │ 300  │  6825000  │    600    │   300   │  6825000  │ 13655000  │ 1672220880000 │ '2022-12-28T09:48:00.000Z' │  0   │ 100  │  0  │    0     │ Infinity │ 68  │ 424 │  0  │ 0.7  │ -300  │  -6825000  │   -600    │   -13655000   │     │         │     │
│    2    │ 22.8  │ 22.8  │ 22.8  │ 22.8  │      │           │    700    │   100   │  2280000  │ 15935000  │ 1672221480000 │ '2022-12-28T09:58:00.000Z' │ 100  │  0   │  0  │ Infinity │    0     │ 68  │ 424 │  0  │      │  100  │  2280000   │   -500    │   -11375000   │ 100 │ 2280000 │ 1.5 │
│    3    │ 22.8  │ 22.8  │ 22.8  │ 22.8  │ 100  │  2280000  │    800    │   100   │  2280000  │ 18215000  │ 1672222200000 │ '2022-12-28T10:10:00.000Z' │  0   │ 100  │  0  │    0     │ Infinity │ 68  │ 424 │  0  │ 0.2  │ -100  │  -2280000  │   -600    │   -13655000   │     │         │     │
│    4    │ 22.8  │ 22.8  │ 22.8  │ 22.8  │ 100  │  2280000  │    900    │   100   │  2280000  │ 20495000  │ 1672222320000 │ '2022-12-28T10:12:00.000Z' │  0   │ 100  │  0  │    0     │ Infinity │ 68  │ 424 │  0  │ 0.2  │ -100  │  -2280000  │   -700    │   -15935000   │     │         │     │
│    5    │ 22.75 │ 22.75 │ 22.75 │ 22.75 │ 100  │  2275000  │   1000    │   100   │  2275000  │ 22770000  │ 1672223760000 │ '2022-12-28T10:36:00.000Z' │  0   │ 100  │  0  │    0     │ Infinity │ 68  │ 424 │  0  │ 0.2  │ -100  │  -2275000  │   -800    │   -18210000   │     │         │     │
│    6    │ 22.75 │ 22.75 │ 22.75 │ 22.75 │ 200  │  4550000  │   1200    │   200   │  4550000  │ 27320000  │ 1672224720000 │ '2022-12-28T10:52:00.000Z' │  0   │ 100  │  0  │    0     │ Infinity │ 68  │ 424 │  0  │ 0.5  │ -200  │  -4550000  │   -1000   │   -22760000   │     │         │     │
│    7    │ 22.7  │ 22.7  │ 22.7  │ 22.7  │ 500  │ 11350000  │   1700    │   500   │ 11350000  │ 38670000  │ 1672225200000 │ '2022-12-28T11:00:00.000Z' │  0   │ 100  │  0  │    0     │ Infinity │ 68  │ 424 │  0  │ 1.2  │ -500  │ -11350000  │   -1500   │   -34110000   │     │         │     │
│    8    │ 22.75 │ 22.75 │ 22.65 │ 22.65 │ 500  │ 11325000  │   2400    │   700   │ 15875000  │ 54545000  │ 1672225440000 │ '2022-12-28T11:04:00.000Z' │ 28.6 │ 71.4 │  0  │   0.4    │   2.5    │ 68  │ 424 │  0  │ 1.2  │ -300  │  -6775000  │   -1800   │   -40885000   │ 200 │ 4550000 │ 2.9 │
│    9    │ 22.75 │ 22.75 │ 22.75 │ 22.75 │      │           │   2700    │   300   │  6825000  │ 61370000  │ 1672226040000 │ '2022-12-28T11:14:00.000Z' │ 100  │  0   │  0  │ Infinity │    0     │ 68  │ 424 │  0  │      │  300  │  6825000   │   -1500   │   -34060000   │ 300 │ 6825000 │ 4.4 │
│   10    │ 22.75 │ 22.75 │ 22.75 │ 22.75 │ 200  │  4550000  │   2900    │   200   │  4550000  │ 65920000  │ 1672232400000 │ '2022-12-28T13:00:00.000Z' │  0   │ 100  │  0  │    0     │ Infinity │ 68  │ 424 │  0  │ 0.5  │ -200  │  -4550000  │   -1700   │   -38610000   │     │         │     │
│   11    │ 22.75 │ 22.75 │ 22.75 │ 22.75 │      │           │   3100    │   200   │  4550000  │ 70470000  │ 1672232520000 │ '2022-12-28T13:02:00.000Z' │ 100  │  0   │  0  │ Infinity │    0     │ 68  │ 424 │  0  │      │  200  │  4550000   │   -1500   │   -34060000   │ 200 │ 4550000 │ 2.9 │
│   12    │ 22.75 │ 22.75 │ 22.75 │ 22.75 │ 1100 │ 25025000  │   4200    │  1100   │ 25025000  │ 95495000  │ 1672233720000 │ '2022-12-28T13:22:00.000Z' │  0   │ 100  │  0  │    0     │ Infinity │ 68  │ 424 │  0  │ 2.6  │ -1100 │ -25025000  │   -2600   │   -59085000   │     │         │     │
│   13    │ 22.7  │ 22.7  │ 22.7  │ 22.7  │ 100  │  2270000  │   4300    │   100   │  2270000  │ 97765000  │ 1672234200000 │ '2022-12-28T13:30:00.000Z' │  0   │ 100  │  0  │    0     │ Infinity │ 68  │ 424 │  0  │ 0.2  │ -100  │  -2270000  │   -2700   │   -61355000   │     │         │     │
│   14    │ 22.75 │ 22.75 │ 22.75 │ 22.75 │      │           │   4400    │   100   │  2275000  │ 100040000 │ 1672234320000 │ '2022-12-28T13:32:00.000Z' │ 100  │  0   │  0  │ Infinity │    0     │ 68  │ 424 │  0  │      │  100  │  2275000   │   -2600   │   -59080000   │ 100 │ 2275000 │ 1.5 │
│   15    │ 22.7  │ 22.7  │ 22.7  │ 22.7  │ 300  │  6810000  │   4700    │   300   │  6810000  │ 106850000 │ 1672234560000 │ '2022-12-28T13:36:00.000Z' │  0   │ 100  │  0  │    0     │ Infinity │ 68  │ 424 │  0  │ 0.7  │ -300  │  -6810000  │   -2900   │   -65890000   │     │         │     │
│   16    │ 22.7  │ 22.7  │ 22.7  │ 22.7  │ 500  │ 11350000  │   5200    │   500   │ 11350000  │ 118200000 │ 1672235160000 │ '2022-12-28T13:46:00.000Z' │  0   │ 100  │  0  │    0     │ Infinity │ 68  │ 424 │  0  │ 1.2  │ -500  │ -11350000  │   -3400   │   -77240000   │     │         │     │
│   17    │ 22.75 │ 22.75 │ 22.75 │ 22.75 │      │           │   5400    │   200   │  4550000  │ 122750000 │ 1672235400000 │ '2022-12-28T13:50:00.000Z' │ 100  │  0   │  0  │ Infinity │    0     │ 68  │ 424 │  0  │      │  200  │  4550000   │   -3200   │   -72690000   │ 200 │ 4550000 │ 2.9 │
│   18    │ 22.8  │ 22.8  │ 22.8  │ 22.8  │      │           │   5600    │   200   │  4560000  │ 127310000 │ 1672235760000 │ '2022-12-28T13:56:00.000Z' │ 100  │  0   │  0  │ Infinity │    0     │ 68  │ 424 │  0  │      │  200  │  4560000   │   -3000   │   -68130000   │ 200 │ 4560000 │ 2.9 │
│   19    │ 22.75 │ 22.75 │ 22.75 │ 22.75 │ 500  │ 11375000  │   6100    │   500   │ 11375000  │ 138685000 │ 1672236960000 │ '2022-12-28T14:16:00.000Z' │  0   │ 100  │  0  │    0     │ Infinity │ 68  │ 424 │  0  │ 1.2  │ -500  │ -11375000  │   -3500   │   -79505000   │     │         │     │
│   20    │ 22.75 │ 22.75 │ 22.75 │ 22.75 │ 200  │  4550000  │   6300    │   200   │  4550000  │ 143235000 │ 1672237200000 │ '2022-12-28T14:20:00.000Z' │  0   │ 100  │  0  │    0     │ Infinity │ 68  │ 424 │  0  │ 0.5  │ -200  │  -4550000  │   -3700   │   -84055000   │     │         │     │
├─────────┼───────┼───────┼───────┼───────┼──────┼───────────┼───────────┼─────────┼───────────┼───────────┼───────────────┼────────────────────────────┼──────┼──────┼─────┼──────────┼──────────┼─────┼─────┼─────┼──────┼───────┼────────────┼───────────┼───────────────┼─────┼─────────┼─────┤
│ (index) │   c   │   h   │   l   │   o   │  sd  │  val_sd   │ total_vol │ sum_vol │    val    │ acum_val  │   datetime    │            date            │ pbu  │ psd  │ puk │    bs    │    sb    │ abu │ asd │ auk │ rsd  │ bu-sd │ bu-sd_val  │ acum_busd │ acum_busd_val │ bu  │ val_bu  │ rbu │
├─────────┼───────┼───────┼───────┼───────┼──────┼───────────┼───────────┼─────────┼───────────┼───────────┼───────────────┼────────────────────────────┼──────┼──────┼─────┼──────────┼──────────┼─────┼─────┼─────┼──────┼───────┼────────────┼───────────┼───────────────┼─────┼─────────┼─────┤
│   21    │ 22.75 │ 22.75 │ 22.75 │ 22.75 │ 100  │  2275000  │   6400    │   100   │  2275000  │ 145510000 │ 1672237320000 │ '2022-12-28T14:22:00.000Z' │  0   │ 100  │  0  │    0     │ Infinity │ 68  │ 424 │  0  │ 0.2  │ -100  │  -2275000  │   -3800   │   -86330000   │     │         │     │
│   22    │ 22.75 │ 22.75 │ 22.75 │ 22.75 │ 500  │ 11375000  │   6900    │   500   │ 11375000  │ 156885000 │ 1672237560000 │ '2022-12-28T14:26:00.000Z' │  0   │ 100  │  0  │    0     │ Infinity │ 68  │ 424 │  0  │ 1.2  │ -500  │ -11375000  │   -4300   │   -97705000   │     │         │     │
│   23    │ 22.8  │ 22.8  │ 22.8  │ 22.8  │      │           │   7300    │   400   │  9120000  │ 166005000 │ 1672237680000 │ '2022-12-28T14:28:00.000Z' │ 100  │  0   │  0  │ Infinity │    0     │ 68  │ 424 │  0  │      │  400  │  9120000   │   -3900   │   -88585000   │ 400 │ 9120000 │ 5.9 │
│   24    │ 22.6  │ 22.6  │ 22.6  │ 22.6  │ 5000 │ 113000000 │   12300   │  5000   │ 113000000 │ 279005000 │ 1672238640000 │ '2022-12-28T14:44:00.000Z' │  0   │ 100  │  0  │    0     │ Infinity │ 68  │ 424 │  0  │ 11.8 │ -5000 │ -113000000 │   -8900   │  -201585000   │     │         │     │
└─────────┴───────┴───────┴───────┴───────┴──────┴───────────┴───────────┴─────────┴───────────┴───────────┴───────────────┴────────────────────────────┴──────┴──────┴─────┴──────────┴──────────┴─────┴─────┴─────┴──────┴───────┴────────────┴───────────┴───────────────┴─────┴─────────┴─────┘

