┌─────────┬──────┬──────┬──────┬──────┬───────┬──────────┬───────────┬─────────┬──────────┬───────────┬───────────────┬────────────────────────────┬──────┬──────┬─────┬──────────┬──────────┬──────┬───────┬─────┬──────┬───────┬───────────┬───────────┬───────────────┬──────┬──────────┬─────┐
│ (index) │  c   │  h   │  l   │  o   │  bu   │  val_bu  │ total_vol │ sum_vol │   val    │ acum_val  │   datetime    │            date            │ pbu  │ psd  │ puk │    bs    │    sb    │ abu  │  asd  │ auk │ rbu  │ bu-sd │ bu-sd_val │ acum_busd │ acum_busd_val │  sd  │  val_sd  │ rsd │
├─────────┼──────┼──────┼──────┼──────┼───────┼──────────┼───────────┼─────────┼──────────┼───────────┼───────────────┼────────────────────────────┼──────┼──────┼─────┼──────────┼──────────┼──────┼───────┼─────┼──────┼───────┼───────────┼───────────┼───────────────┼──────┼──────────┼─────┤
│    0    │ 3.63 │ 3.63 │ 3.63 │ 3.63 │  200  │  726000  │    200    │   200   │  726000  │  726000   │ 1672218840000 │ '2022-12-28T09:14:00.000Z' │ 100  │  0   │  0  │ Infinity │    0     │ 1320 │ 582.5 │  0  │ 0.2  │  200  │  726000   │    200    │    726000     │      │          │     │
│    1    │ 3.62 │ 3.62 │ 3.62 │ 3.62 │  100  │  362000  │    300    │   100   │  362000  │  1088000  │ 1672219080000 │ '2022-12-28T09:18:00.000Z' │ 100  │  0   │  0  │ Infinity │    0     │ 1320 │ 582.5 │  0  │ 0.1  │  100  │  362000   │    300    │    1088000    │      │          │     │
│    2    │ 3.58 │ 3.58 │ 3.58 │ 3.58 │ 3800  │ 13604000 │   4100    │  3800   │ 13604000 │ 14692000  │ 1672219320000 │ '2022-12-28T09:22:00.000Z' │ 100  │  0   │  0  │ Infinity │    0     │ 1320 │ 582.5 │  0  │ 2.9  │ 3800  │ 13604000  │   4100    │   14692000    │      │          │     │
│    3    │ 3.62 │ 3.62 │ 3.6  │ 3.6  │ 1300  │ 4686000  │   5400    │  1300   │ 4686000  │ 19378000  │ 1672219440000 │ '2022-12-28T09:24:00.000Z' │ 100  │  0   │  0  │ Infinity │    0     │ 1320 │ 582.5 │  0  │  1   │ 1300  │  4686000  │   5400    │   19378000    │      │          │     │
│    4    │ 3.59 │ 3.59 │ 3.59 │ 3.59 │       │          │   5500    │   100   │  359000  │ 19737000  │ 1672220040000 │ '2022-12-28T09:34:00.000Z' │  0   │ 100  │  0  │    0     │ Infinity │ 1320 │ 582.5 │  0  │      │ -100  │  -359000  │   5300    │   19019000    │ 100  │  359000  │ 0.2 │
│    5    │ 3.6  │ 3.6  │ 3.59 │ 3.6  │  500  │ 1800000  │   6900    │  1400   │ 5031000  │ 24768000  │ 1672220520000 │ '2022-12-28T09:42:00.000Z' │ 35.7 │ 64.3 │  0  │   0.6    │   1.8    │ 1320 │ 582.5 │  0  │ 0.4  │ -400  │ -1431000  │   4900    │   17588000    │ 900  │ 3231000  │ 1.5 │
│    6    │ 3.6  │ 3.6  │ 3.6  │ 3.6  │  200  │  720000  │   7100    │   200   │  720000  │ 25488000  │ 1672221120000 │ '2022-12-28T09:52:00.000Z' │ 100  │  0   │  0  │ Infinity │    0     │ 1320 │ 582.5 │  0  │ 0.2  │  200  │  720000   │   5100    │   18308000    │      │          │     │
│    7    │ 3.59 │ 3.59 │ 3.59 │ 3.59 │       │          │   7500    │   400   │ 1436000  │ 26924000  │ 1672221360000 │ '2022-12-28T09:56:00.000Z' │  0   │ 100  │  0  │    0     │ Infinity │ 1320 │ 582.5 │  0  │      │ -400  │ -1436000  │   4700    │   16872000    │ 400  │ 1436000  │ 0.7 │
│    8    │ 3.5  │ 3.57 │ 3.5  │ 3.57 │  200  │  700000  │   9500    │  2000   │ 7040000  │ 33964000  │ 1672221840000 │ '2022-12-28T10:04:00.000Z' │  10  │  90  │  0  │   0.1    │    9     │ 1320 │ 582.5 │  0  │ 0.2  │ -1600 │ -5640000  │   3100    │   11232000    │ 1800 │ 6340000  │ 3.1 │
│    9    │ 3.6  │ 3.6  │ 3.6  │ 3.6  │  100  │  360000  │   9600    │   100   │  360000  │ 34324000  │ 1672224000000 │ '2022-12-28T10:40:00.000Z' │ 100  │  0   │  0  │ Infinity │    0     │ 1320 │ 582.5 │  0  │ 0.1  │  100  │  360000   │   3200    │   11592000    │      │          │     │
│   10    │ 3.6  │ 3.6  │ 3.6  │ 3.6  │  400  │ 1440000  │   10000   │   400   │ 1440000  │ 35764000  │ 1672224600000 │ '2022-12-28T10:50:00.000Z' │ 100  │  0   │  0  │ Infinity │    0     │ 1320 │ 582.5 │  0  │ 0.3  │  400  │  1440000  │   3600    │   13032000    │      │          │     │
│   11    │ 3.6  │ 3.6  │ 3.6  │ 3.6  │ 4300  │ 15480000 │   14600   │  4600   │ 16560000 │ 52324000  │ 1672224840000 │ '2022-12-28T10:54:00.000Z' │ 93.5 │ 6.5  │  0  │   14.3   │   0.1    │ 1320 │ 582.5 │  0  │ 3.3  │ 4000  │ 14400000  │   7600    │   27432000    │ 300  │ 1080000  │ 0.5 │
│   12    │ 3.62 │ 3.62 │ 3.61 │ 3.61 │ 14300 │ 51761000 │   28900   │  14300  │ 51761000 │ 104085000 │ 1672224960000 │ '2022-12-28T10:56:00.000Z' │ 100  │  0   │  0  │ Infinity │    0     │ 1320 │ 582.5 │  0  │ 10.8 │ 14300 │ 51761000  │   21900   │   79193000    │      │          │     │
│   13    │ 3.62 │ 3.63 │ 3.62 │ 3.62 │ 2800  │ 10164000 │   35400   │  6500   │ 23558000 │ 127643000 │ 1672225320000 │ '2022-12-28T11:02:00.000Z' │ 43.1 │ 56.9 │  0  │   0.8    │   1.3    │ 1320 │ 582.5 │  0  │ 2.1  │ -900  │ -3230000  │   21000   │   75963000    │ 3700 │ 13394000 │ 6.4 │
│   14    │ 3.61 │ 3.61 │ 3.61 │ 3.61 │       │          │   36400   │  1000   │ 3610000  │ 131253000 │ 1672225440000 │ '2022-12-28T11:04:00.000Z' │  0   │ 100  │  0  │    0     │ Infinity │ 1320 │ 582.5 │  0  │      │ -1000 │ -3610000  │   20000   │   72353000    │ 1000 │ 3610000  │ 1.7 │
│   15    │ 3.6  │ 3.6  │ 3.6  │ 3.6  │       │          │   36500   │   100   │  360000  │ 131613000 │ 1672226400000 │ '2022-12-28T11:20:00.000Z' │  0   │ 100  │  0  │    0     │ Infinity │ 1320 │ 582.5 │  0  │      │ -100  │  -360000  │   19900   │   71993000    │ 100  │  360000  │ 0.2 │
│   16    │ 3.6  │ 3.6  │ 3.6  │ 3.6  │       │          │   38500   │  2000   │ 7200000  │ 138813000 │ 1672226520000 │ '2022-12-28T11:22:00.000Z' │  0   │ 100  │  0  │    0     │ Infinity │ 1320 │ 582.5 │  0  │      │ -2000 │ -7200000  │   17900   │   64793000    │ 2000 │ 7200000  │ 3.4 │
│   17    │ 3.6  │ 3.6  │ 3.6  │ 3.6  │       │          │   39000   │   500   │ 1800000  │ 140613000 │ 1672226640000 │ '2022-12-28T11:24:00.000Z' │  0   │ 100  │  0  │    0     │ Infinity │ 1320 │ 582.5 │  0  │      │ -500  │ -1800000  │   17400   │   62993000    │ 500  │ 1800000  │ 0.9 │
│   18    │ 3.61 │ 3.61 │ 3.61 │ 3.61 │  200  │  722000  │   39200   │   200   │  722000  │ 141335000 │ 1672232400000 │ '2022-12-28T13:00:00.000Z' │ 100  │  0   │  0  │ Infinity │    0     │ 1320 │ 582.5 │  0  │ 0.2  │  200  │  722000   │   17600   │   63715000    │      │          │     │
│   19    │ 3.6  │ 3.6  │ 3.6  │ 3.6  │       │          │   40700   │  1500   │ 5400000  │ 146735000 │ 1672232640000 │ '2022-12-28T13:04:00.000Z' │  0   │ 100  │  0  │    0     │ Infinity │ 1320 │ 582.5 │  0  │      │ -1500 │ -5400000  │   16100   │   58315000    │ 1500 │ 5400000  │ 2.6 │
│   20    │ 3.6  │ 3.6  │ 3.6  │ 3.6  │  100  │  360000  │   40800   │   100   │  360000  │ 147095000 │ 1672233720000 │ '2022-12-28T13:22:00.000Z' │ 100  │  0   │  0  │ Infinity │    0     │ 1320 │ 582.5 │  0  │ 0.1  │  100  │  360000   │   16200   │   58675000    │      │          │     │
├─────────┼──────┼──────┼──────┼──────┼───────┼──────────┼───────────┼─────────┼──────────┼───────────┼───────────────┼────────────────────────────┼──────┼──────┼─────┼──────────┼──────────┼──────┼───────┼─────┼──────┼───────┼───────────┼───────────┼───────────────┼──────┼──────────┼─────┤
│ (index) │  c   │  h   │  l   │  o   │  bu   │  val_bu  │ total_vol │ sum_vol │   val    │ acum_val  │   datetime    │            date            │ pbu  │ psd  │ puk │    bs    │    sb    │ abu  │  asd  │ auk │ rbu  │ bu-sd │ bu-sd_val │ acum_busd │ acum_busd_val │  sd  │  val_sd  │ rsd │
├─────────┼──────┼──────┼──────┼──────┼───────┼──────────┼───────────┼─────────┼──────────┼───────────┼───────────────┼────────────────────────────┼──────┼──────┼─────┼──────────┼──────────┼──────┼───────┼─────┼──────┼───────┼───────────┼───────────┼───────────────┼──────┼──────────┼─────┤
│   21    │ 3.6  │ 3.6  │ 3.6  │ 3.6  │       │          │   41300   │   500   │ 1800000  │ 148895000 │ 1672233840000 │ '2022-12-28T13:24:00.000Z' │  0   │ 100  │  0  │    0     │ Infinity │ 1320 │ 582.5 │  0  │      │ -500  │ -1800000  │   15700   │   56875000    │ 500  │ 1800000  │ 0.9 │
│   22    │ 3.6  │ 3.6  │ 3.6  │ 3.6  │       │          │   41600   │   300   │ 1080000  │ 149975000 │ 1672234800000 │ '2022-12-28T13:40:00.000Z' │  0   │ 100  │  0  │    0     │ Infinity │ 1320 │ 582.5 │  0  │      │ -300  │ -1080000  │   15400   │   55795000    │ 300  │ 1080000  │ 0.5 │
│   23    │ 3.6  │ 3.6  │ 3.6  │ 3.6  │       │          │   41800   │   200   │  720000  │ 150695000 │ 1672234920000 │ '2022-12-28T13:42:00.000Z' │  0   │ 100  │  0  │    0     │ Infinity │ 1320 │ 582.5 │  0  │      │ -200  │  -720000  │   15200   │   55075000    │ 200  │  720000  │ 0.3 │
│   24    │ 3.6  │ 3.6  │ 3.6  │ 3.6  │ 1000  │ 3600000  │   42800   │  1000   │ 3600000  │ 154295000 │ 1672235280000 │ '2022-12-28T13:48:00.000Z' │ 100  │  0   │  0  │ Infinity │    0     │ 1320 │ 582.5 │  0  │ 0.8  │ 1000  │  3600000  │   16200   │   58675000    │      │          │     │
│   25    │ 3.6  │ 3.6  │ 3.6  │ 3.6  │ 1000  │ 3600000  │   43800   │  1000   │ 3600000  │ 157895000 │ 1672235400000 │ '2022-12-28T13:50:00.000Z' │ 100  │  0   │  0  │ Infinity │    0     │ 1320 │ 582.5 │  0  │ 0.8  │ 1000  │  3600000  │   17200   │   62275000    │      │          │     │
│   26    │ 3.6  │ 3.6  │ 3.6  │ 3.6  │ 5400  │ 19440000 │   49200   │  5400   │ 19440000 │ 177335000 │ 1672235520000 │ '2022-12-28T13:52:00.000Z' │ 100  │  0   │  0  │ Infinity │    0     │ 1320 │ 582.5 │  0  │ 4.1  │ 5400  │ 19440000  │   22600   │   81715000    │      │          │     │
│   27    │ 3.63 │ 3.63 │ 3.61 │ 3.61 │ 12300 │ 44409000 │   61500   │  12300  │ 44409000 │ 221744000 │ 1672235760000 │ '2022-12-28T13:56:00.000Z' │ 100  │  0   │  0  │ Infinity │    0     │ 1320 │ 582.5 │  0  │ 9.3  │ 12300 │ 44409000  │   34900   │   126124000   │      │          │     │
│   28    │ 3.62 │ 3.62 │ 3.62 │ 3.62 │ 1400  │ 5068000  │   62900   │  1400   │ 5068000  │ 226812000 │ 1672235880000 │ '2022-12-28T13:58:00.000Z' │ 100  │  0   │  0  │ Infinity │    0     │ 1320 │ 582.5 │  0  │ 1.1  │ 1400  │  5068000  │   36300   │   131192000   │      │          │     │
│   29    │ 3.61 │ 3.61 │ 3.61 │ 3.61 │       │          │   63000   │   100   │  361000  │ 227173000 │ 1672236000000 │ '2022-12-28T14:00:00.000Z' │  0   │ 100  │  0  │    0     │ Infinity │ 1320 │ 582.5 │  0  │      │ -100  │  -361000  │   36200   │   130831000   │ 100  │  361000  │ 0.2 │
│   30    │ 3.62 │ 3.62 │ 3.62 │ 3.62 │  100  │  362000  │   63100   │   100   │  362000  │ 227535000 │ 1672236480000 │ '2022-12-28T14:08:00.000Z' │ 100  │  0   │  0  │ Infinity │    0     │ 1320 │ 582.5 │  0  │ 0.1  │  100  │  362000   │   36300   │   131193000   │      │          │     │
│   31    │ 3.62 │ 3.62 │ 3.62 │ 3.62 │ 1100  │ 3982000  │   64200   │  1100   │ 3982000  │ 231517000 │ 1672236600000 │ '2022-12-28T14:10:00.000Z' │ 100  │  0   │  0  │ Infinity │    0     │ 1320 │ 582.5 │  0  │ 0.8  │ 1100  │  3982000  │   37400   │   135175000   │      │          │     │
│   32    │ 3.63 │ 3.63 │ 3.63 │ 3.63 │ 2000  │ 7260000  │   66200   │  2000   │ 7260000  │ 238777000 │ 1672236840000 │ '2022-12-28T14:14:00.000Z' │ 100  │  0   │  0  │ Infinity │    0     │ 1320 │ 582.5 │  0  │ 1.5  │ 2000  │  7260000  │   39400   │   142435000   │      │          │     │
│   33    │ 3.63 │ 3.63 │ 3.63 │ 3.63 │       │          │   66600   │   400   │ 1452000  │ 240229000 │ 1672236960000 │ '2022-12-28T14:16:00.000Z' │  0   │ 100  │  0  │    0     │ Infinity │ 1320 │ 582.5 │  0  │      │ -400  │ -1452000  │   39000   │   140983000   │ 400  │ 1452000  │ 0.7 │
│   34    │ 3.63 │ 3.63 │ 3.63 │ 3.63 │       │          │   66700   │   100   │  363000  │ 240592000 │ 1672237080000 │ '2022-12-28T14:18:00.000Z' │  0   │ 100  │  0  │    0     │ Infinity │ 1320 │ 582.5 │  0  │      │ -100  │  -363000  │   38900   │   140620000   │ 100  │  363000  │ 0.2 │
│   35    │ 3.63 │ 3.63 │ 3.63 │ 3.63 │       │          │   68100   │  1400   │ 5082000  │ 245674000 │ 1672237200000 │ '2022-12-28T14:20:00.000Z' │  0   │ 100  │  0  │    0     │ Infinity │ 1320 │ 582.5 │  0  │      │ -1400 │ -5082000  │   37500   │   135538000   │ 1400 │ 5082000  │ 2.4 │
│   36    │ 3.63 │ 3.63 │ 3.63 │ 3.63 │       │          │   69100   │  1000   │ 3630000  │ 249304000 │ 1672237320000 │ '2022-12-28T14:22:00.000Z' │  0   │ 100  │  0  │    0     │ Infinity │ 1320 │ 582.5 │  0  │      │ -1000 │ -3630000  │   36500   │   131908000   │ 1000 │ 3630000  │ 1.7 │
│   37    │ 3.63 │ 3.63 │ 3.63 │ 3.63 │       │          │   70100   │  1000   │ 3630000  │ 252934000 │ 1672237440000 │ '2022-12-28T14:24:00.000Z' │  0   │ 100  │  0  │    0     │ Infinity │ 1320 │ 582.5 │  0  │      │ -1000 │ -3630000  │   35500   │   128278000   │ 1000 │ 3630000  │ 1.7 │
│   38    │ 3.62 │ 3.62 │ 3.62 │ 3.62 │       │          │   71100   │  1000   │ 3620000  │ 256554000 │ 1672237680000 │ '2022-12-28T14:28:00.000Z' │  0   │ 100  │  0  │    0     │ Infinity │ 1320 │ 582.5 │  0  │      │ -1000 │ -3620000  │   34500   │   124658000   │ 1000 │ 3620000  │ 1.7 │
│   39    │ 3.62 │ 3.62 │ 3.62 │ 3.62 │       │          │   76100   │  5000   │ 18100000 │ 274654000 │ 1672238640000 │ '2022-12-28T14:44:00.000Z' │  0   │ 100  │  0  │    0     │ Infinity │ 1320 │ 582.5 │  0  │      │ -5000 │ -18100000 │   29500   │   106558000   │ 5000 │ 18100000 │ 8.6 │
└─────────┴──────┴──────┴──────┴──────┴───────┴──────────┴───────────┴─────────┴──────────┴───────────┴───────────────┴────────────────────────────┴──────┴──────┴─────┴──────────┴──────────┴──────┴───────┴─────┴──────┴───────┴───────────┴───────────┴───────────────┴──────┴──────────┴─────┘
├─────────┼──────┼──────┼──────┼──────┼───────┼──────────┼───────────┼─────────┼──────────┼───────────┼───────────────┼────────────────────────────┼──────┼──────┼─────┼──────────┼──────────┼──────┼───────┼─────┼──────┼───────┼───────────┼───────────┼───────────────┼──────┼──────────┼─────┤
│ (index) │  c   │  h   │  l   │  o   │  bu   │  val_bu  │ total_vol │ sum_vol │   val    │ acum_val  │   datetime    │            date            │ pbu  │ psd  │ puk │    bs    │    sb    │ abu  │  asd  │ auk │ rbu  │ bu-sd │ bu-sd_val │ acum_busd │ acum_busd_val │  sd  │  val_sd  │ rsd │
├─────────┼──────┼──────┼──────┼──────┼───────┼──────────┼───────────┼─────────┼──────────┼───────────┼───────────────┼────────────────────────────┼──────┼──────┼─────┼──────────┼──────────┼──────┼───────┼─────┼──────┼───────┼───────────┼───────────┼───────────────┼──────┼──────────┼─────┤

