┌─────────┬──────┬──────┬──────┬──────┬──────┬──────────┬───────────┬─────────┬───────────┬────────────┬───────────────┬────────────────────────────┬──────┬──────┬─────┬──────────┬──────────┬──────┬─────┬─────┬─────┬───────┬───────────┬───────────┬───────────────┬───────┬───────────┬─────┐
│ (index) │  c   │  h   │  l   │  o   │  sd  │  val_sd  │ total_vol │ sum_vol │    val    │  acum_val  │   datetime    │            date            │ pbu  │ psd  │ puk │    bs    │    sb    │ abu  │ asd │ auk │ rsd │ bu-sd │ bu-sd_val │ acum_busd │ acum_busd_val │  bu   │  val_bu   │ rbu │
├─────────┼──────┼──────┼──────┼──────┼──────┼──────────┼───────────┼─────────┼───────────┼────────────┼───────────────┼────────────────────────────┼──────┼──────┼─────┼──────────┼──────────┼──────┼─────┼─────┼─────┼───────┼───────────┼───────────┼───────────────┼───────┼───────────┼─────┤
│    0    │ 52.8 │ 52.8 │ 52.8 │ 52.8 │ 1100 │ 58080000 │   1100    │  1100   │ 58080000  │  58080000  │ 1672218900000 │ '2022-12-28T09:15:00.000Z' │  0   │ 100  │  0  │    0     │ Infinity │ 1056 │ 184 │  0  │  6  │ -1100 │ -58080000 │   -1100   │   -58080000   │       │           │     │
│    1    │ 52.5 │ 52.5 │ 52.5 │ 52.5 │      │          │   2100    │  1000   │ 52500000  │ 110580000  │ 1672219200000 │ '2022-12-28T09:20:00.000Z' │ 100  │  0   │  0  │ Infinity │    0     │ 1056 │ 184 │  0  │     │ 1000  │ 52500000  │   -100    │   -5580000    │ 1000  │ 52500000  │ 0.9 │
│    2    │ 52.6 │ 52.6 │ 52.6 │ 52.6 │ 200  │ 10520000 │   2300    │   200   │ 10520000  │ 121100000  │ 1672220100000 │ '2022-12-28T09:35:00.000Z' │  0   │ 100  │  0  │    0     │ Infinity │ 1056 │ 184 │  0  │ 1.1 │ -200  │ -10520000 │   -300    │   -16100000   │       │           │     │
│    3    │ 52.6 │ 52.6 │ 52.6 │ 52.6 │ 200  │ 10520000 │   2500    │   200   │ 10520000  │ 131620000  │ 1672221000000 │ '2022-12-28T09:50:00.000Z' │  0   │ 100  │  0  │    0     │ Infinity │ 1056 │ 184 │  0  │ 1.1 │ -200  │ -10520000 │   -500    │   -26620000   │       │           │     │
│    4    │ 52.9 │ 52.9 │ 52.9 │ 52.9 │      │          │   2600    │   100   │  5290000  │ 136910000  │ 1672221900000 │ '2022-12-28T10:05:00.000Z' │ 100  │  0   │  0  │ Infinity │    0     │ 1056 │ 184 │  0  │     │  100  │  5290000  │   -400    │   -21330000   │  100  │  5290000  │ 0.1 │
│    5    │ 52.6 │ 52.6 │ 52.6 │ 52.6 │ 400  │ 21040000 │   3000    │   400   │ 21040000  │ 157950000  │ 1672224000000 │ '2022-12-28T10:40:00.000Z' │  0   │ 100  │  0  │    0     │ Infinity │ 1056 │ 184 │  0  │ 2.2 │ -400  │ -21040000 │   -800    │   -42370000   │       │           │     │
│    6    │ 52.6 │ 52.6 │ 52.6 │ 52.6 │ 100  │ 5260000  │   3100    │   100   │  5260000  │ 163210000  │ 1672224300000 │ '2022-12-28T10:45:00.000Z' │  0   │ 100  │  0  │    0     │ Infinity │ 1056 │ 184 │  0  │ 0.5 │ -100  │ -5260000  │   -900    │   -47630000   │       │           │     │
│    7    │ 52.8 │ 52.8 │ 52.8 │ 52.8 │      │          │   3200    │   100   │  5280000  │ 168490000  │ 1672224600000 │ '2022-12-28T10:50:00.000Z' │ 100  │  0   │  0  │ Infinity │    0     │ 1056 │ 184 │  0  │     │  100  │  5280000  │   -800    │   -42350000   │  100  │  5280000  │ 0.1 │
│    8    │ 52.9 │  53  │ 52.8 │ 52.8 │ 100  │ 5290000  │   5400    │  2200   │ 116400000 │ 284890000  │ 1672224900000 │ '2022-12-28T10:55:00.000Z' │ 95.5 │ 4.5  │  0  │    21    │    0     │ 1056 │ 184 │  0  │ 0.5 │ 2000  │ 105820000 │   1200    │   63470000    │ 2100  │ 111110000 │  2  │
│    9    │ 52.9 │ 52.9 │ 52.9 │ 52.9 │ 100  │ 5290000  │   5500    │   100   │  5290000  │ 290180000  │ 1672225200000 │ '2022-12-28T11:00:00.000Z' │  0   │ 100  │  0  │    0     │ Infinity │ 1056 │ 184 │  0  │ 0.5 │ -100  │ -5290000  │   1100    │   58180000    │       │           │     │
│   10    │ 52.9 │ 52.9 │ 52.9 │ 52.9 │ 500  │ 26450000 │   6000    │   500   │ 26450000  │ 316630000  │ 1672225500000 │ '2022-12-28T11:05:00.000Z' │  0   │ 100  │  0  │    0     │ Infinity │ 1056 │ 184 │  0  │ 2.7 │ -500  │ -26450000 │    600    │   31730000    │       │           │     │
│   11    │ 52.9 │ 52.9 │ 52.9 │ 52.9 │      │          │   6200    │   200   │ 10580000  │ 327210000  │ 1672226100000 │ '2022-12-28T11:15:00.000Z' │ 100  │  0   │  0  │ Infinity │    0     │ 1056 │ 184 │  0  │     │  200  │ 10580000  │    800    │   42310000    │  200  │ 10580000  │ 0.2 │
│   12    │ 52.9 │ 52.9 │ 52.9 │ 52.9 │      │          │   6600    │   400   │ 21160000  │ 348370000  │ 1672226700000 │ '2022-12-28T11:25:00.000Z' │ 100  │  0   │  0  │ Infinity │    0     │ 1056 │ 184 │  0  │     │  400  │ 21160000  │   1200    │   63470000    │  400  │ 21160000  │ 0.4 │
│   13    │ 52.8 │ 52.8 │ 52.8 │ 52.8 │ 200  │ 10560000 │   6800    │   200   │ 10560000  │ 358930000  │ 1672232400000 │ '2022-12-28T13:00:00.000Z' │  0   │ 100  │  0  │    0     │ Infinity │ 1056 │ 184 │  0  │ 1.1 │ -200  │ -10560000 │   1000    │   52910000    │       │           │     │
│   14    │ 52.8 │ 52.8 │ 52.8 │ 52.8 │ 100  │ 5280000  │   6900    │   100   │  5280000  │ 364210000  │ 1672233300000 │ '2022-12-28T13:15:00.000Z' │  0   │ 100  │  0  │    0     │ Infinity │ 1056 │ 184 │  0  │ 0.5 │ -100  │ -5280000  │    900    │   47630000    │       │           │     │
│   15    │ 52.8 │ 52.8 │ 52.8 │ 52.8 │ 200  │ 10560000 │   7100    │   200   │ 10560000  │ 374770000  │ 1672233900000 │ '2022-12-28T13:25:00.000Z' │  0   │ 100  │  0  │    0     │ Infinity │ 1056 │ 184 │  0  │ 1.1 │ -200  │ -10560000 │    700    │   37070000    │       │           │     │
│   16    │  53  │  53  │ 52.9 │ 52.9 │      │          │   11200   │  4100   │ 217020000 │ 591790000  │ 1672234800000 │ '2022-12-28T13:40:00.000Z' │ 100  │  0   │  0  │ Infinity │    0     │ 1056 │ 184 │  0  │     │ 4100  │ 217020000 │   4800    │   254090000   │ 4100  │ 217020000 │ 3.9 │
│   17    │  53  │  53  │  53  │  53  │      │          │   11300   │   100   │  5300000  │ 597090000  │ 1672235100000 │ '2022-12-28T13:45:00.000Z' │ 100  │  0   │  0  │ Infinity │    0     │ 1056 │ 184 │  0  │     │  100  │  5300000  │   4900    │   259390000   │  100  │  5300000  │ 0.1 │
│   18    │  53  │  53  │  53  │  53  │ 200  │ 10600000 │   11600   │   300   │ 15900000  │ 612990000  │ 1672235400000 │ '2022-12-28T13:50:00.000Z' │ 33.3 │ 66.7 │  0  │   0.5    │    2     │ 1056 │ 184 │  0  │ 1.1 │ -100  │ -5300000  │   4800    │   254090000   │  100  │  5300000  │ 0.1 │
│   19    │ 52.9 │  53  │ 52.9 │  53  │ 500  │ 26490000 │   12100   │   500   │ 26490000  │ 639480000  │ 1672235700000 │ '2022-12-28T13:55:00.000Z' │  0   │ 100  │  0  │    0     │ Infinity │ 1056 │ 184 │  0  │ 2.7 │ -500  │ -26490000 │   4300    │   227600000   │       │           │     │
│   20    │ 53.1 │ 53.1 │  53  │  53  │      │          │   17000   │  4900   │ 259730000 │ 899210000  │ 1672236000000 │ '2022-12-28T14:00:00.000Z' │ 100  │  0   │  0  │ Infinity │    0     │ 1056 │ 184 │  0  │     │ 4900  │ 259730000 │   9200    │   487330000   │ 4900  │ 259730000 │ 4.6 │
├─────────┼──────┼──────┼──────┼──────┼──────┼──────────┼───────────┼─────────┼───────────┼────────────┼───────────────┼────────────────────────────┼──────┼──────┼─────┼──────────┼──────────┼──────┼─────┼─────┼─────┼───────┼───────────┼───────────┼───────────────┼───────┼───────────┼─────┤
│ (index) │  c   │  h   │  l   │  o   │  sd  │  val_sd  │ total_vol │ sum_vol │    val    │  acum_val  │   datetime    │            date            │ pbu  │ psd  │ puk │    bs    │    sb    │ abu  │ asd │ auk │ rsd │ bu-sd │ bu-sd_val │ acum_busd │ acum_busd_val │  bu   │  val_bu   │ rbu │
├─────────┼──────┼──────┼──────┼──────┼──────┼──────────┼───────────┼─────────┼───────────┼────────────┼───────────────┼────────────────────────────┼──────┼──────┼─────┼──────────┼──────────┼──────┼─────┼─────┼─────┼───────┼───────────┼───────────┼───────────────┼───────┼───────────┼─────┤
│   21    │ 53.4 │ 53.4 │ 53.3 │ 53.3 │      │          │   17300   │   300   │ 16010000  │ 915220000  │ 1672236600000 │ '2022-12-28T14:10:00.000Z' │ 100  │  0   │  0  │ Infinity │    0     │ 1056 │ 184 │  0  │     │  300  │ 16010000  │   9500    │   503340000   │  300  │ 16010000  │ 0.3 │
│   22    │  53  │ 53.3 │  53  │ 53.3 │ 500  │ 26580000 │   17800   │   500   │ 26580000  │ 941800000  │ 1672236900000 │ '2022-12-28T14:15:00.000Z' │  0   │ 100  │  0  │    0     │ Infinity │ 1056 │ 184 │  0  │ 2.7 │ -500  │ -26580000 │   9000    │   476760000   │       │           │     │
│   23    │ 52.9 │  53  │ 52.9 │  53  │ 200  │ 10580000 │   18300   │   500   │ 26480000  │ 968280000  │ 1672237500000 │ '2022-12-28T14:25:00.000Z' │  60  │  40  │  0  │   1.5    │   0.7    │ 1056 │ 184 │  0  │ 1.1 │  100  │  5320000  │   9100    │   482080000   │  300  │ 15900000  │ 0.3 │
│   24    │ 53.4 │ 53.4 │ 53.4 │ 53.4 │      │          │   31000   │  12700  │ 678180000 │ 1646460000 │ 1672238700000 │ '2022-12-28T14:45:00.000Z' │ 100  │  0   │  0  │ Infinity │    0     │ 1056 │ 184 │  0  │     │ 12700 │ 678180000 │   21800   │  1160260000   │ 12700 │ 678180000 │ 12  │
└─────────┴──────┴──────┴──────┴──────┴──────┴──────────┴───────────┴─────────┴───────────┴────────────┴───────────────┴────────────────────────────┴──────┴──────┴─────┴──────────┴──────────┴──────┴─────┴─────┴─────┴───────┴───────────┴───────────┴───────────────┴───────┴───────────┴─────┘

