┌─────────┬─────┬─────┬─────┬─────┬───────┬──────────┬───────────┬─────────┬──────────┬───────────┬───────────────┬────────────────────────────┬──────┬──────┬─────┬──────────┬──────────┬──────┬─────┬─────┬──────┬────────┬───────────┬───────────┬───────────────┬───────┬──────────┬─────┐
│ (index) │  c  │  h  │  l  │  o  │  sd   │  val_sd  │ total_vol │ sum_vol │   val    │ acum_val  │   datetime    │            date            │ pbu  │ psd  │ puk │    bs    │    sb    │ abu  │ asd │ auk │ rsd  │ bu-sd  │ bu-sd_val │ acum_busd │ acum_busd_val │  bu   │  val_bu  │ rbu │
├─────────┼─────┼─────┼─────┼─────┼───────┼──────────┼───────────┼─────────┼──────────┼───────────┼───────────────┼────────────────────────────┼──────┼──────┼─────┼──────────┼──────────┼──────┼─────┼─────┼──────┼────────┼───────────┼───────────┼───────────────┼───────┼──────────┼─────┤
│    0    │ 2.9 │ 2.9 │ 2.9 │ 2.9 │  200  │  580000  │    200    │   200   │  580000  │  580000   │ 1672218300000 │ '2022-12-28T09:05:00.000Z' │  0   │ 100  │  0  │    0     │ Infinity │ 1620 │ 875 │  0  │ 0.2  │  -200  │  -580000  │   -200    │    -580000    │       │          │     │
│    1    │  3  │  3  │  3  │  3  │       │          │    300    │   100   │  300000  │  880000   │ 1672221300000 │ '2022-12-28T09:55:00.000Z' │ 100  │  0   │  0  │ Infinity │    0     │ 1620 │ 875 │  0  │      │  100   │  300000   │   -100    │    -280000    │  100  │  300000  │ 0.1 │
│    2    │  3  │  3  │  3  │  3  │       │          │    700    │   400   │ 1200000  │  2080000  │ 1672221600000 │ '2022-12-28T10:00:00.000Z' │ 100  │  0   │  0  │ Infinity │    0     │ 1620 │ 875 │  0  │      │  400   │  1200000  │    300    │    920000     │  400  │ 1200000  │ 0.2 │
│    3    │  3  │  3  │  3  │  3  │       │          │    800    │   100   │  300000  │  2380000  │ 1672222800000 │ '2022-12-28T10:20:00.000Z' │ 100  │  0   │  0  │ Infinity │    0     │ 1620 │ 875 │  0  │      │  100   │  300000   │    400    │    1220000    │  100  │  300000  │ 0.1 │
│    4    │  3  │  3  │  3  │  3  │       │          │   1200    │   400   │ 1200000  │  3580000  │ 1672223700000 │ '2022-12-28T10:35:00.000Z' │ 100  │  0   │  0  │ Infinity │    0     │ 1620 │ 875 │  0  │      │  400   │  1200000  │    800    │    2420000    │  400  │ 1200000  │ 0.2 │
│    5    │ 2.9 │ 2.9 │ 2.9 │ 2.9 │ 5600  │ 16240000 │   7600    │  6400   │ 18560000 │ 22140000  │ 1672233900000 │ '2022-12-28T13:25:00.000Z' │ 12.5 │ 87.5 │  0  │   0.1    │    7     │ 1620 │ 875 │  0  │ 6.4  │ -4800  │ -13920000 │   -4000   │   -11500000   │  800  │ 2320000  │ 0.5 │
│    6    │ 2.9 │ 2.9 │ 2.9 │ 2.9 │       │          │   7800    │   200   │  580000  │ 22720000  │ 1672234200000 │ '2022-12-28T13:30:00.000Z' │ 100  │  0   │  0  │ Infinity │    0     │ 1620 │ 875 │  0  │      │  200   │  580000   │   -3800   │   -10920000   │  200  │  580000  │ 0.1 │
│    7    │ 2.9 │ 2.9 │ 2.9 │ 2.9 │       │          │   12200   │  4400   │ 12760000 │ 35480000  │ 1672234500000 │ '2022-12-28T13:35:00.000Z' │ 100  │  0   │  0  │ Infinity │    0     │ 1620 │ 875 │  0  │      │  4400  │ 12760000  │    600    │    1840000    │ 4400  │ 12760000 │ 2.7 │
│    8    │ 2.9 │ 2.9 │ 2.9 │ 2.9 │ 1000  │ 2900000  │   13200   │  1000   │ 2900000  │ 38380000  │ 1672234800000 │ '2022-12-28T13:40:00.000Z' │  0   │ 100  │  0  │    0     │ Infinity │ 1620 │ 875 │  0  │ 1.1  │ -1000  │ -2900000  │   -400    │   -1060000    │       │          │     │
│    9    │ 2.9 │ 2.9 │ 2.9 │ 2.9 │       │          │   13900   │   700   │ 2030000  │ 40410000  │ 1672235100000 │ '2022-12-28T13:45:00.000Z' │ 100  │  0   │  0  │ Infinity │    0     │ 1620 │ 875 │  0  │      │  700   │  2030000  │    300    │    970000     │  700  │ 2030000  │ 0.4 │
│   10    │ 2.9 │ 2.9 │ 2.9 │ 2.9 │       │          │   16100   │  2200   │ 6380000  │ 46790000  │ 1672235400000 │ '2022-12-28T13:50:00.000Z' │ 100  │  0   │  0  │ Infinity │    0     │ 1620 │ 875 │  0  │      │  2200  │  6380000  │   2500    │    7350000    │ 2200  │ 6380000  │ 1.4 │
│   11    │ 2.9 │ 2.9 │ 2.9 │ 2.9 │       │          │   20100   │  4000   │ 11600000 │ 58390000  │ 1672235700000 │ '2022-12-28T13:55:00.000Z' │ 100  │  0   │  0  │ Infinity │    0     │ 1620 │ 875 │  0  │      │  4000  │ 11600000  │   6500    │   18950000    │ 4000  │ 11600000 │ 2.5 │
│   12    │ 2.9 │ 2.9 │ 2.9 │ 2.9 │       │          │   20300   │   200   │  580000  │ 58970000  │ 1672236000000 │ '2022-12-28T14:00:00.000Z' │ 100  │  0   │  0  │ Infinity │    0     │ 1620 │ 875 │  0  │      │  200   │  580000   │   6700    │   19530000    │  200  │  580000  │ 0.1 │
│   13    │ 2.9 │ 2.9 │ 2.9 │ 2.9 │       │          │   20700   │   400   │ 1160000  │ 60130000  │ 1672236300000 │ '2022-12-28T14:05:00.000Z' │ 100  │  0   │  0  │ Infinity │    0     │ 1620 │ 875 │  0  │      │  400   │  1160000  │   7100    │   20690000    │  400  │ 1160000  │ 0.2 │
│   14    │ 2.9 │ 2.9 │ 2.9 │ 2.9 │       │          │   22800   │  2100   │ 6090000  │ 66220000  │ 1672236600000 │ '2022-12-28T14:10:00.000Z' │ 100  │  0   │  0  │ Infinity │    0     │ 1620 │ 875 │  0  │      │  2100  │  6090000  │   9200    │   26780000    │ 2100  │ 6090000  │ 1.3 │
│   15    │ 2.9 │ 2.9 │ 2.9 │ 2.9 │       │          │   24000   │  1200   │ 3480000  │ 69700000  │ 1672236900000 │ '2022-12-28T14:15:00.000Z' │ 100  │  0   │  0  │ Infinity │    0     │ 1620 │ 875 │  0  │      │  1200  │  3480000  │   10400   │   30260000    │ 1200  │ 3480000  │ 0.7 │
│   16    │ 2.9 │ 2.9 │ 2.9 │ 2.9 │       │          │   26200   │  2200   │ 6380000  │ 76080000  │ 1672237200000 │ '2022-12-28T14:20:00.000Z' │ 100  │  0   │  0  │ Infinity │    0     │ 1620 │ 875 │  0  │      │  2200  │  6380000  │   12600   │   36640000    │ 2200  │ 6380000  │ 1.4 │
│   17    │ 2.9 │ 2.9 │ 2.9 │ 2.9 │       │          │   39200   │  13000  │ 37700000 │ 113780000 │ 1672237500000 │ '2022-12-28T14:25:00.000Z' │ 100  │  0   │  0  │ Infinity │    0     │ 1620 │ 875 │  0  │      │ 13000  │ 37700000  │   25600   │   74340000    │ 13000 │ 37700000 │  8  │
│   18    │ 2.9 │ 2.9 │ 2.9 │ 2.9 │  100  │  290000  │   39300   │   100   │  290000  │ 114070000 │ 1672237800000 │ '2022-12-28T14:30:00.000Z' │  0   │ 100  │  0  │    0     │ Infinity │ 1620 │ 875 │  0  │ 0.1  │  -100  │  -290000  │   25500   │   74050000    │       │          │     │
│   19    │ 2.9 │ 2.9 │ 2.9 │ 2.9 │ 10600 │ 30740000 │   49900   │  10600  │ 30740000 │ 144810000 │ 1672239300000 │ '2022-12-28T14:55:00.000Z' │  0   │ 100  │  0  │    0     │ Infinity │ 1620 │ 875 │  0  │ 12.1 │ -10600 │ -30740000 │   14900   │   43310000    │       │          │     │
└─────────┴─────┴─────┴─────┴─────┴───────┴──────────┴───────────┴─────────┴──────────┴───────────┴───────────────┴────────────────────────────┴──────┴──────┴─────┴──────────┴──────────┴──────┴─────┴─────┴──────┴────────┴───────────┴───────────┴───────────────┴───────┴──────────┴─────┘
├─────────┼─────┼─────┼─────┼─────┼───────┼──────────┼───────────┼─────────┼──────────┼───────────┼───────────────┼────────────────────────────┼──────┼──────┼─────┼──────────┼──────────┼──────┼─────┼─────┼──────┼────────┼───────────┼───────────┼───────────────┼───────┼──────────┼─────┤
│ (index) │  c  │  h  │  l  │  o  │  sd   │  val_sd  │ total_vol │ sum_vol │   val    │ acum_val  │   datetime    │            date            │ pbu  │ psd  │ puk │    bs    │    sb    │ abu  │ asd │ auk │ rsd  │ bu-sd  │ bu-sd_val │ acum_busd │ acum_busd_val │  bu   │  val_bu  │ rbu │
├─────────┼─────┼─────┼─────┼─────┼───────┼──────────┼───────────┼─────────┼──────────┼───────────┼───────────────┼────────────────────────────┼──────┼──────┼─────┼──────────┼──────────┼──────┼─────┼─────┼──────┼────────┼───────────┼───────────┼───────────────┼───────┼──────────┼─────┤

