┌─────────┬───────┬───────┬───────┬───────┬──────┬───────────┬───────────┬─────────┬───────────┬───────────┬───────────────┬────────────────────────────┬──────┬──────┬─────┬──────────┬──────────┬───────┬───────┬─────┬─────┬───────┬────────────┬───────────┬───────────────┬──────┬───────────┬─────┐
│ (index) │   c   │   h   │   l   │   o   │  bu  │  val_bu   │ total_vol │ sum_vol │    val    │ acum_val  │   datetime    │            date            │ pbu  │ psd  │ puk │    bs    │    sb    │  abu  │  asd  │ auk │ rbu │ bu-sd │ bu-sd_val  │ acum_busd │ acum_busd_val │  sd  │  val_sd   │ rsd │
├─────────┼───────┼───────┼───────┼───────┼──────┼───────────┼───────────┼─────────┼───────────┼───────────┼───────────────┼────────────────────────────┼──────┼──────┼─────┼──────────┼──────────┼───────┼───────┼─────┼─────┼───────┼────────────┼───────────┼───────────────┼──────┼───────────┼─────┤
│    0    │ 23.2  │ 23.2  │ 23.2  │ 23.2  │ 2700 │ 62640000  │   2700    │  2700   │ 62640000  │ 62640000  │ 1672218840000 │ '2022-12-28T09:14:00.000Z' │ 100  │  0   │  0  │ Infinity │    0     │ 471.4 │ 691.4 │  0  │ 5.7 │ 2700  │  62640000  │   2700    │   62640000    │      │           │     │
│    1    │ 23.05 │ 23.1  │ 23.05 │ 23.1  │ 300  │  6920000  │   3000    │   300   │  6920000  │ 69560000  │ 1672219080000 │ '2022-12-28T09:18:00.000Z' │ 100  │  0   │  0  │ Infinity │    0     │ 471.4 │ 691.4 │  0  │ 0.6 │  300  │  6920000   │   3000    │   69560000    │      │           │     │
│    2    │ 23.05 │ 23.1  │ 23.05 │ 23.05 │ 500  │ 11550000  │   5200    │  2200   │ 50735000  │ 120295000 │ 1672219200000 │ '2022-12-28T09:20:00.000Z' │ 22.7 │ 77.3 │  0  │   0.3    │   3.4    │ 471.4 │ 691.4 │  0  │ 1.1 │ -1200 │ -27635000  │   1800    │   41925000    │ 1700 │ 39185000  │ 2.5 │
│    3    │ 23.05 │ 23.05 │ 23.05 │ 23.05 │      │           │   6300    │  1100   │ 25355000  │ 145650000 │ 1672219320000 │ '2022-12-28T09:22:00.000Z' │  0   │ 100  │  0  │    0     │ Infinity │ 471.4 │ 691.4 │  0  │     │ -1100 │ -25355000  │    700    │   16570000    │ 1100 │ 25355000  │ 1.6 │
│    4    │  23   │  23   │  23   │  23   │ 1000 │ 23000000  │   7300    │  1000   │ 23000000  │ 168650000 │ 1672219440000 │ '2022-12-28T09:24:00.000Z' │ 100  │  0   │  0  │ Infinity │    0     │ 471.4 │ 691.4 │  0  │ 2.1 │ 1000  │  23000000  │   1700    │   39570000    │      │           │     │
│    5    │  23   │  23   │ 22.95 │ 22.95 │ 800  │ 18360000  │   8900    │  1600   │ 36760000  │ 205410000 │ 1672219680000 │ '2022-12-28T09:28:00.000Z' │  50  │  50  │  0  │    1     │    1     │ 471.4 │ 691.4 │  0  │ 1.7 │   0   │   -40000   │   1700    │   39530000    │ 800  │ 18400000  │ 1.2 │
│    6    │ 23.2  │ 23.2  │ 23.2  │ 23.2  │ 2300 │ 53360000  │   11200   │  2300   │ 53360000  │ 258770000 │ 1672219800000 │ '2022-12-28T09:30:00.000Z' │ 100  │  0   │  0  │ Infinity │    0     │ 471.4 │ 691.4 │  0  │ 4.9 │ 2300  │  53360000  │   4000    │   92890000    │      │           │     │
│    7    │ 23.2  │ 23.2  │  23   │  23   │ 200  │  4640000  │   13400   │  2200   │ 50640000  │ 309410000 │ 1672219920000 │ '2022-12-28T09:32:00.000Z' │ 9.1  │ 90.9 │  0  │   0.1    │    10    │ 471.4 │ 691.4 │  0  │ 0.4 │ -1800 │ -41360000  │   2200    │   51530000    │ 2000 │ 46000000  │ 2.9 │
│    8    │ 23.2  │ 23.2  │ 23.2  │ 23.2  │ 1000 │ 23200000  │   14400   │  1000   │ 23200000  │ 332610000 │ 1672220160000 │ '2022-12-28T09:36:00.000Z' │ 100  │  0   │  0  │ Infinity │    0     │ 471.4 │ 691.4 │  0  │ 2.1 │ 1000  │  23200000  │   3200    │   74730000    │      │           │     │
│    9    │ 23.1  │ 23.1  │ 23.1  │ 23.1  │      │           │   14900   │   500   │ 11550000  │ 344160000 │ 1672220520000 │ '2022-12-28T09:42:00.000Z' │  0   │ 100  │  0  │    0     │ Infinity │ 471.4 │ 691.4 │  0  │     │ -500  │ -11550000  │   2700    │   63180000    │ 500  │ 11550000  │ 0.7 │
│   10    │ 23.15 │ 23.15 │ 23.15 │ 23.15 │      │           │   16900   │  2000   │ 46300000  │ 390460000 │ 1672221240000 │ '2022-12-28T09:54:00.000Z' │  0   │ 100  │  0  │    0     │ Infinity │ 471.4 │ 691.4 │  0  │     │ -2000 │ -46300000  │    700    │   16880000    │ 2000 │ 46300000  │ 2.9 │
│   11    │ 23.5  │ 23.5  │ 23.3  │ 23.3  │ 4300 │ 100770000 │   21200   │  4300   │ 100770000 │ 491230000 │ 1672221480000 │ '2022-12-28T09:58:00.000Z' │ 100  │  0   │  0  │ Infinity │    0     │ 471.4 │ 691.4 │  0  │ 9.1 │ 4300  │ 100770000  │   5000    │   117650000   │      │           │     │
│   12    │ 23.5  │ 23.55 │ 23.5  │ 23.55 │      │           │   22200   │  1000   │ 23540000  │ 514770000 │ 1672221840000 │ '2022-12-28T10:04:00.000Z' │  0   │ 100  │  0  │    0     │ Infinity │ 471.4 │ 691.4 │  0  │     │ -1000 │ -23540000  │   4000    │   94110000    │ 1000 │ 23540000  │ 1.4 │
│   13    │ 23.5  │ 23.5  │ 23.5  │ 23.5  │      │           │   24100   │  1900   │ 44650000  │ 559420000 │ 1672222080000 │ '2022-12-28T10:08:00.000Z' │  0   │ 100  │  0  │    0     │ Infinity │ 471.4 │ 691.4 │  0  │     │ -1900 │ -44650000  │   2100    │   49460000    │ 1900 │ 44650000  │ 2.7 │
│   14    │ 23.5  │ 23.5  │ 23.5  │ 23.5  │ 200  │  4700000  │   24300   │   200   │  4700000  │ 564120000 │ 1672222560000 │ '2022-12-28T10:16:00.000Z' │ 100  │  0   │  0  │ Infinity │    0     │ 471.4 │ 691.4 │  0  │ 0.4 │  200  │  4700000   │   2300    │   54160000    │      │           │     │
│   15    │ 23.25 │ 23.25 │ 23.25 │ 23.25 │      │           │   24600   │   300   │  6975000  │ 571095000 │ 1672224240000 │ '2022-12-28T10:44:00.000Z' │  0   │ 100  │  0  │    0     │ Infinity │ 471.4 │ 691.4 │  0  │     │ -300  │  -6975000  │   2000    │   47185000    │ 300  │  6975000  │ 0.4 │
│   16    │ 23.25 │ 23.25 │ 23.25 │ 23.25 │      │           │   24800   │   200   │  4650000  │ 575745000 │ 1672224360000 │ '2022-12-28T10:46:00.000Z' │  0   │ 100  │  0  │    0     │ Infinity │ 471.4 │ 691.4 │  0  │     │ -200  │  -4650000  │   1800    │   42535000    │ 200  │  4650000  │ 0.3 │
│   17    │ 23.1  │ 23.25 │ 23.1  │ 23.25 │      │           │   26800   │  2000   │ 46285000  │ 622030000 │ 1672225080000 │ '2022-12-28T10:58:00.000Z' │  0   │ 100  │  0  │    0     │ Infinity │ 471.4 │ 691.4 │  0  │     │ -2000 │ -46285000  │   -200    │   -3750000    │ 2000 │ 46285000  │ 2.9 │
│   18    │ 23.45 │ 23.45 │ 23.45 │ 23.45 │ 100  │  2345000  │   26900   │   100   │  2345000  │ 624375000 │ 1672226040000 │ '2022-12-28T11:14:00.000Z' │ 100  │  0   │  0  │ Infinity │    0     │ 471.4 │ 691.4 │  0  │ 0.2 │  100  │  2345000   │   -100    │   -1405000    │      │           │     │
│   19    │ 23.2  │ 23.2  │ 23.2  │ 23.2  │ 500  │ 11600000  │   27500   │   600   │ 13920000  │ 638295000 │ 1672232400000 │ '2022-12-28T13:00:00.000Z' │ 83.3 │ 16.7 │  0  │    5     │   0.2    │ 471.4 │ 691.4 │  0  │ 1.1 │  400  │  9280000   │    300    │    7875000    │ 100  │  2320000  │ 0.1 │
│   20    │ 23.2  │ 23.2  │ 23.2  │ 23.2  │      │           │   28300   │   800   │ 18560000  │ 656855000 │ 1672232640000 │ '2022-12-28T13:04:00.000Z' │  0   │ 100  │  0  │    0     │ Infinity │ 471.4 │ 691.4 │  0  │     │ -800  │ -18560000  │   -500    │   -10685000   │ 800  │ 18560000  │ 1.2 │
├─────────┼───────┼───────┼───────┼───────┼──────┼───────────┼───────────┼─────────┼───────────┼───────────┼───────────────┼────────────────────────────┼──────┼──────┼─────┼──────────┼──────────┼───────┼───────┼─────┼─────┼───────┼────────────┼───────────┼───────────────┼──────┼───────────┼─────┤
│ (index) │   c   │   h   │   l   │   o   │  bu  │  val_bu   │ total_vol │ sum_vol │    val    │ acum_val  │   datetime    │            date            │ pbu  │ psd  │ puk │    bs    │    sb    │  abu  │  asd  │ auk │ rbu │ bu-sd │ bu-sd_val  │ acum_busd │ acum_busd_val │  sd  │  val_sd   │ rsd │
├─────────┼───────┼───────┼───────┼───────┼──────┼───────────┼───────────┼─────────┼───────────┼───────────┼───────────────┼────────────────────────────┼──────┼──────┼─────┼──────────┼──────────┼───────┼───────┼─────┼─────┼───────┼────────────┼───────────┼───────────────┼──────┼───────────┼─────┤
│   21    │ 23.1  │ 23.1  │ 23.1  │ 23.1  │      │           │   28800   │   500   │ 11550000  │ 668405000 │ 1672232760000 │ '2022-12-28T13:06:00.000Z' │  0   │ 100  │  0  │    0     │ Infinity │ 471.4 │ 691.4 │  0  │     │ -500  │ -11550000  │   -1000   │   -22235000   │ 500  │ 11550000  │ 0.7 │
│   22    │ 23.2  │ 23.2  │ 23.2  │ 23.2  │ 800  │ 18560000  │   29600   │   800   │ 18560000  │ 686965000 │ 1672232880000 │ '2022-12-28T13:08:00.000Z' │ 100  │  0   │  0  │ Infinity │    0     │ 471.4 │ 691.4 │  0  │ 1.7 │  800  │  18560000  │   -200    │   -3675000    │      │           │     │
│   23    │ 23.2  │ 23.3  │ 23.2  │ 23.2  │ 500  │ 11610000  │   31100   │  1500   │ 34810000  │ 721775000 │ 1672233000000 │ '2022-12-28T13:10:00.000Z' │ 33.3 │ 66.7 │  0  │   0.5    │    2     │ 471.4 │ 691.4 │  0  │ 1.1 │ -500  │ -11590000  │   -700    │   -15265000   │ 1000 │ 23200000  │ 1.4 │
│   24    │ 23.1  │ 23.1  │ 23.1  │ 23.1  │      │           │   31200   │   100   │  2310000  │ 724085000 │ 1672233240000 │ '2022-12-28T13:14:00.000Z' │  0   │ 100  │  0  │    0     │ Infinity │ 471.4 │ 691.4 │  0  │     │ -100  │  -2310000  │   -800    │   -17575000   │ 100  │  2310000  │ 0.1 │
│   25    │ 23.3  │ 23.3  │ 23.3  │ 23.3  │ 200  │  4660000  │   31400   │   200   │  4660000  │ 728745000 │ 1672234800000 │ '2022-12-28T13:40:00.000Z' │ 100  │  0   │  0  │ Infinity │    0     │ 471.4 │ 691.4 │  0  │ 0.4 │  200  │  4660000   │   -600    │   -12915000   │      │           │     │
│   26    │ 23.25 │ 23.25 │ 23.25 │ 23.25 │ 200  │  4650000  │   31600   │   200   │  4650000  │ 733395000 │ 1672234920000 │ '2022-12-28T13:42:00.000Z' │ 100  │  0   │  0  │ Infinity │    0     │ 471.4 │ 691.4 │  0  │ 0.4 │  200  │  4650000   │   -400    │   -8265000    │      │           │     │
│   27    │ 23.2  │ 23.2  │ 23.2  │ 23.2  │ 100  │  2320000  │   32700   │  1100   │ 25520000  │ 758915000 │ 1672235040000 │ '2022-12-28T13:44:00.000Z' │ 9.1  │ 90.9 │  0  │   0.1    │    10    │ 471.4 │ 691.4 │  0  │ 0.2 │ -900  │ -20880000  │   -1300   │   -29145000   │ 1000 │ 23200000  │ 1.4 │
│   28    │ 23.2  │ 23.2  │ 23.2  │ 23.2  │      │           │   32900   │   200   │  4640000  │ 763555000 │ 1672235400000 │ '2022-12-28T13:50:00.000Z' │  0   │ 100  │  0  │    0     │ Infinity │ 471.4 │ 691.4 │  0  │     │ -200  │  -4640000  │   -1500   │   -33785000   │ 200  │  4640000  │ 0.3 │
│   29    │ 23.2  │ 23.2  │ 23.2  │ 23.2  │      │           │   33000   │   100   │  2320000  │ 765875000 │ 1672236600000 │ '2022-12-28T14:10:00.000Z' │  0   │ 100  │  0  │    0     │ Infinity │ 471.4 │ 691.4 │  0  │     │ -100  │  -2320000  │   -1600   │   -36105000   │ 100  │  2320000  │ 0.1 │
│   30    │ 23.3  │ 23.3  │ 23.2  │ 23.2  │ 500  │ 11650000  │   33600   │   600   │ 13970000  │ 779845000 │ 1672237200000 │ '2022-12-28T14:20:00.000Z' │ 83.3 │ 16.7 │  0  │    5     │   0.2    │ 471.4 │ 691.4 │  0  │ 1.1 │  400  │  9330000   │   -1200   │   -26775000   │ 100  │  2320000  │ 0.1 │
│   31    │ 23.35 │ 23.35 │ 23.35 │ 23.35 │ 100  │  2335000  │   33700   │   100   │  2335000  │ 782180000 │ 1672237320000 │ '2022-12-28T14:22:00.000Z' │ 100  │  0   │  0  │ Infinity │    0     │ 471.4 │ 691.4 │  0  │ 0.2 │  100  │  2335000   │   -1100   │   -24440000   │      │           │     │
│   32    │ 23.3  │ 23.3  │ 23.3  │ 23.3  │      │           │   33800   │   100   │  2330000  │ 784510000 │ 1672237440000 │ '2022-12-28T14:24:00.000Z' │  0   │ 100  │  0  │    0     │ Infinity │ 471.4 │ 691.4 │  0  │     │ -100  │  -2330000  │   -1200   │   -26770000   │ 100  │  2330000  │ 0.1 │
│   33    │ 23.4  │ 23.4  │ 23.35 │ 23.35 │ 200  │  4680000  │   34800   │  1000   │ 23360000  │ 807870000 │ 1672237680000 │ '2022-12-28T14:28:00.000Z' │  20  │  80  │  0  │   0.3    │    4     │ 471.4 │ 691.4 │  0  │ 0.4 │ -600  │ -14000000  │   -1800   │   -40770000   │ 800  │ 18680000  │ 1.2 │
│   34    │ 23.2  │ 23.2  │ 23.2  │ 23.2  │      │           │   40700   │  5900   │ 136880000 │ 944750000 │ 1672238640000 │ '2022-12-28T14:44:00.000Z' │  0   │ 100  │  0  │    0     │ Infinity │ 471.4 │ 691.4 │  0  │     │ -5900 │ -136880000 │   -7700   │  -177650000   │ 5900 │ 136880000 │ 8.5 │
└─────────┴───────┴───────┴───────┴───────┴──────┴───────────┴───────────┴─────────┴───────────┴───────────┴───────────────┴────────────────────────────┴──────┴──────┴─────┴──────────┴──────────┴───────┴───────┴─────┴─────┴───────┴────────────┴───────────┴───────────────┴──────┴───────────┴─────┘

