node:internal/modules/cjs/loader:998
  throw err;
  ^

Error: Cannot find module '/workspace/openvpn-client/translate/script/dumpdaily2.js'
    at Function.Module._resolveFilename (node:internal/modules/cjs/loader:995:15)
    at Function.Module._load (node:internal/modules/cjs/loader:841:27)
    at Function.executeUserEntryPoint [as runMain] (node:internal/modules/run_main:81:12)
    at node:internal/main/run_main_module:22:47 {
  code: 'MODULE_NOT_FOUND',
  requireStack: []
}
node:internal/modules/cjs/loader:998
  throw err;
  ^

Error: Cannot find module '/workspace/openvpn-client/translate/script/muaban.js'
    at Function.Module._resolveFilename (node:internal/modules/cjs/loader:995:15)
    at Function.Module._load (node:internal/modules/cjs/loader:841:27)
    at Function.executeUserEntryPoint [as runMain] (node:internal/modules/run_main:81:12)
    at node:internal/main/run_main_module:22:47 {
  code: 'MODULE_NOT_FOUND',
  requireStack: []
}
/bin/bash: line 55: ./top.sh: No such file or directory
node:internal/modules/cjs/loader:998
  throw err;
  ^

Error: Cannot find module '/workspace/openvpn-client/translate/script/quickdumpdaily.js'
    at Function.Module._resolveFilename (node:internal/modules/cjs/loader:995:15)
    at Function.Module._load (node:internal/modules/cjs/loader:841:27)
    at Function.executeUserEntryPoint [as runMain] (node:internal/modules/run_main:81:12)
    at node:internal/main/run_main_module:22:47 {
  code: 'MODULE_NOT_FOUND',
  requireStack: []
}
node:internal/modules/cjs/loader:998
  throw err;
  ^

Error: Cannot find module '/workspace/openvpn-client/translate/script/muaban.js'
    at Function.Module._resolveFilename (node:internal/modules/cjs/loader:995:15)
    at Function.Module._load (node:internal/modules/cjs/loader:841:27)
    at Function.executeUserEntryPoint [as runMain] (node:internal/modules/run_main:81:12)
    at node:internal/main/run_main_module:22:47 {
  code: 'MODULE_NOT_FOUND',
  requireStack: []
}
cp: cannot stat 'agg/20230223/HPG_HOSE_table.log': No such file or directory
node:internal/modules/cjs/loader:998
  throw err;
  ^

Error: Cannot find module '/workspace/openvpn-client/translate/script/quickdumpdaily.js'
    at Function.Module._resolveFilename (node:internal/modules/cjs/loader:995:15)
    at Function.Module._load (node:internal/modules/cjs/loader:841:27)
    at Function.executeUserEntryPoint [as runMain] (node:internal/modules/run_main:81:12)
    at node:internal/main/run_main_module:22:47 {
  code: 'MODULE_NOT_FOUND',
  requireStack: []
}
node:internal/modules/cjs/loader:998
  throw err;
  ^

Error: Cannot find module '/workspace/openvpn-client/translate/script/muaban.js'
    at Function.Module._resolveFilename (node:internal/modules/cjs/loader:995:15)
    at Function.Module._load (node:internal/modules/cjs/loader:841:27)
    at Function.executeUserEntryPoint [as runMain] (node:internal/modules/run_main:81:12)
    at node:internal/main/run_main_module:22:47 {
  code: 'MODULE_NOT_FOUND',
  requireStack: []
}
cp: cannot stat 'agg/20230223/HPG_HOSE_table.log': No such file or directory
node:internal/modules/cjs/loader:998
  throw err;
  ^

Error: Cannot find module '/workspace/openvpn-client/translate/script/quickdumpdaily.js'
    at Function.Module._resolveFilename (node:internal/modules/cjs/loader:995:15)
    at Function.Module._load (node:internal/modules/cjs/loader:841:27)
    at Function.executeUserEntryPoint [as runMain] (node:internal/modules/run_main:81:12)
    at node:internal/main/run_main_module:22:47 {
  code: 'MODULE_NOT_FOUND',
  requireStack: []
}
node:internal/modules/cjs/loader:998
  throw err;
  ^

Error: Cannot find module '/workspace/openvpn-client/translate/script/muaban.js'
    at Function.Module._resolveFilename (node:internal/modules/cjs/loader:995:15)
    at Function.Module._load (node:internal/modules/cjs/loader:841:27)
    at Function.executeUserEntryPoint [as runMain] (node:internal/modules/run_main:81:12)
    at node:internal/main/run_main_module:22:47 {
  code: 'MODULE_NOT_FOUND',
  requireStack: []
}
cp: cannot stat 'agg/20230223/HPG_HOSE_table.log': No such file or directory
node:internal/modules/cjs/loader:998
  throw err;
  ^

Error: Cannot find module '/workspace/openvpn-client/translate/script/quickdumpdaily.js'
    at Function.Module._resolveFilename (node:internal/modules/cjs/loader:995:15)
    at Function.Module._load (node:internal/modules/cjs/loader:841:27)
    at Function.executeUserEntryPoint [as runMain] (node:internal/modules/run_main:81:12)
    at node:internal/main/run_main_module:22:47 {
  code: 'MODULE_NOT_FOUND',
  requireStack: []
}
node:internal/modules/cjs/loader:998
  throw err;
  ^

Error: Cannot find module '/workspace/openvpn-client/translate/script/muaban.js'
    at Function.Module._resolveFilename (node:internal/modules/cjs/loader:995:15)
    at Function.Module._load (node:internal/modules/cjs/loader:841:27)
    at Function.executeUserEntryPoint [as runMain] (node:internal/modules/run_main:81:12)
    at node:internal/main/run_main_module:22:47 {
  code: 'MODULE_NOT_FOUND',
  requireStack: []
}
cp: cannot stat 'agg/20230223/HPG_HOSE_table.log': No such file or directory
node:internal/modules/cjs/loader:998
  throw err;
  ^

Error: Cannot find module '/workspace/openvpn-client/translate/script/quickdumpdaily.js'
    at Function.Module._resolveFilename (node:internal/modules/cjs/loader:995:15)
    at Function.Module._load (node:internal/modules/cjs/loader:841:27)
    at Function.executeUserEntryPoint [as runMain] (node:internal/modules/run_main:81:12)
    at node:internal/main/run_main_module:22:47 {
  code: 'MODULE_NOT_FOUND',
  requireStack: []
}
node:internal/modules/cjs/loader:998
  throw err;
  ^

Error: Cannot find module '/workspace/openvpn-client/translate/script/muaban.js'
    at Function.Module._resolveFilename (node:internal/modules/cjs/loader:995:15)
    at Function.Module._load (node:internal/modules/cjs/loader:841:27)
    at Function.executeUserEntryPoint [as runMain] (node:internal/modules/run_main:81:12)
    at node:internal/main/run_main_module:22:47 {
  code: 'MODULE_NOT_FOUND',
  requireStack: []
}
cp: cannot stat 'agg/20230223/HPG_HOSE_table.log': No such file or directory
node:internal/modules/cjs/loader:998
  throw err;
  ^

Error: Cannot find module '/workspace/openvpn-client/translate/script/quickdumpdaily.js'
    at Function.Module._resolveFilename (node:internal/modules/cjs/loader:995:15)
    at Function.Module._load (node:internal/modules/cjs/loader:841:27)
    at Function.executeUserEntryPoint [as runMain] (node:internal/modules/run_main:81:12)
    at node:internal/main/run_main_module:22:47 {
  code: 'MODULE_NOT_FOUND',
  requireStack: []
}
node:internal/modules/cjs/loader:998
  throw err;
  ^

Error: Cannot find module '/workspace/openvpn-client/translate/script/muaban.js'
    at Function.Module._resolveFilename (node:internal/modules/cjs/loader:995:15)
    at Function.Module._load (node:internal/modules/cjs/loader:841:27)
    at Function.executeUserEntryPoint [as runMain] (node:internal/modules/run_main:81:12)
    at node:internal/main/run_main_module:22:47 {
  code: 'MODULE_NOT_FOUND',
  requireStack: []
}
cp: cannot stat 'agg/20230223/HPG_HOSE_table.log': No such file or directory
node:internal/modules/cjs/loader:998
  throw err;
  ^

Error: Cannot find module '/workspace/openvpn-client/translate/script/quickdumpdaily.js'
    at Function.Module._resolveFilename (node:internal/modules/cjs/loader:995:15)
    at Function.Module._load (node:internal/modules/cjs/loader:841:27)
    at Function.executeUserEntryPoint [as runMain] (node:internal/modules/run_main:81:12)
    at node:internal/main/run_main_module:22:47 {
  code: 'MODULE_NOT_FOUND',
  requireStack: []
}
node:internal/modules/cjs/loader:998
  throw err;
  ^

Error: Cannot find module '/workspace/openvpn-client/translate/script/muaban.js'
    at Function.Module._resolveFilename (node:internal/modules/cjs/loader:995:15)
    at Function.Module._load (node:internal/modules/cjs/loader:841:27)
    at Function.executeUserEntryPoint [as runMain] (node:internal/modules/run_main:81:12)
    at node:internal/main/run_main_module:22:47 {
  code: 'MODULE_NOT_FOUND',
  requireStack: []
}
cp: cannot stat 'agg/20230223/HPG_HOSE_table.log': No such file or directory
node:internal/modules/cjs/loader:998
  throw err;
  ^

Error: Cannot find module '/workspace/openvpn-client/translate/script/quickdumpdaily.js'
    at Function.Module._resolveFilename (node:internal/modules/cjs/loader:995:15)
    at Function.Module._load (node:internal/modules/cjs/loader:841:27)
    at Function.executeUserEntryPoint [as runMain] (node:internal/modules/run_main:81:12)
    at node:internal/main/run_main_module:22:47 {
  code: 'MODULE_NOT_FOUND',
  requireStack: []
}
node:internal/modules/cjs/loader:998
  throw err;
  ^

Error: Cannot find module '/workspace/openvpn-client/translate/script/muaban.js'
    at Function.Module._resolveFilename (node:internal/modules/cjs/loader:995:15)
    at Function.Module._load (node:internal/modules/cjs/loader:841:27)
    at Function.executeUserEntryPoint [as runMain] (node:internal/modules/run_main:81:12)
    at node:internal/main/run_main_module:22:47 {
  code: 'MODULE_NOT_FOUND',
  requireStack: []
}
cp: cannot stat 'agg/20230223/HPG_HOSE_table.log': No such file or directory
node:internal/modules/cjs/loader:998
  throw err;
  ^

Error: Cannot find module '/workspace/openvpn-client/translate/script/quickdumpdaily.js'
    at Function.Module._resolveFilename (node:internal/modules/cjs/loader:995:15)
    at Function.Module._load (node:internal/modules/cjs/loader:841:27)
    at Function.executeUserEntryPoint [as runMain] (node:internal/modules/run_main:81:12)
    at node:internal/main/run_main_module:22:47 {
  code: 'MODULE_NOT_FOUND',
  requireStack: []
}
node:internal/modules/cjs/loader:998
  throw err;
  ^

Error: Cannot find module '/workspace/openvpn-client/translate/script/muaban.js'
    at Function.Module._resolveFilename (node:internal/modules/cjs/loader:995:15)
    at Function.Module._load (node:internal/modules/cjs/loader:841:27)
    at Function.executeUserEntryPoint [as runMain] (node:internal/modules/run_main:81:12)
    at node:internal/main/run_main_module:22:47 {
  code: 'MODULE_NOT_FOUND',
  requireStack: []
}
cp: cannot stat 'agg/20230223/HPG_HOSE_table.log': No such file or directory
node:internal/modules/cjs/loader:998
  throw err;
  ^

Error: Cannot find module '/workspace/openvpn-client/translate/script/quickdumpdaily.js'
    at Function.Module._resolveFilename (node:internal/modules/cjs/loader:995:15)
    at Function.Module._load (node:internal/modules/cjs/loader:841:27)
    at Function.executeUserEntryPoint [as runMain] (node:internal/modules/run_main:81:12)
    at node:internal/main/run_main_module:22:47 {
  code: 'MODULE_NOT_FOUND',
  requireStack: []
}
node:internal/modules/cjs/loader:998
  throw err;
  ^

Error: Cannot find module '/workspace/openvpn-client/translate/script/muaban.js'
    at Function.Module._resolveFilename (node:internal/modules/cjs/loader:995:15)
    at Function.Module._load (node:internal/modules/cjs/loader:841:27)
    at Function.executeUserEntryPoint [as runMain] (node:internal/modules/run_main:81:12)
    at node:internal/main/run_main_module:22:47 {
  code: 'MODULE_NOT_FOUND',
  requireStack: []
}
cp: cannot stat 'agg/20230223/HPG_HOSE_table.log': No such file or directory
