┌─────────┬───────┬───────┬───────┬───────┬──────┬──────────┬───────────┬─────────┬──────────┬───────────┬───────────────┬────────────────────────────┬──────┬─────┬─────┬──────────┬──────────┬───────┬───────┬─────┬─────┬───────┬───────────┬───────────┬───────────────┬──────┬──────────┬─────┐
│ (index) │   c   │   h   │   l   │   o   │  sd  │  val_sd  │ total_vol │ sum_vol │   val    │ acum_val  │   datetime    │            date            │ pbu  │ psd │ puk │    bs    │    sb    │  abu  │  asd  │ auk │ rsd │ bu-sd │ bu-sd_val │ acum_busd │ acum_busd_val │  bu  │  val_bu  │ rbu │
├─────────┼───────┼───────┼───────┼───────┼──────┼──────────┼───────────┼─────────┼──────────┼───────────┼───────────────┼────────────────────────────┼──────┼─────┼─────┼──────────┼──────────┼───────┼───────┼─────┼─────┼───────┼───────────┼───────────┼───────────────┼──────┼──────────┼─────┤
│    0    │ 13.2  │ 13.2  │ 13.2  │ 13.2  │ 1200 │ 15840000 │   1200    │  1200   │ 15840000 │ 15840000  │ 1675675560000 │ '2023-02-06T09:26:00.000Z' │  0   │ 100 │  0  │    0     │ Infinity │ 460.6 │ 781.8 │  0  │ 1.5 │ -1200 │ -15840000 │   -1200   │   -15840000   │      │          │     │
│    1    │ 13.2  │ 13.2  │ 13.2  │ 13.2  │      │          │   1300    │   100   │ 1320000  │ 17160000  │ 1675675800000 │ '2023-02-06T09:30:00.000Z' │ 100  │  0  │  0  │ Infinity │    0     │ 460.6 │ 781.8 │  0  │     │  100  │  1320000  │   -1100   │   -14520000   │ 100  │ 1320000  │ 0.2 │
│    2    │ 13.15 │ 13.15 │ 13.15 │ 13.15 │ 300  │ 3945000  │   1600    │   300   │ 3945000  │ 21105000  │ 1675676280000 │ '2023-02-06T09:38:00.000Z' │  0   │ 100 │  0  │    0     │ Infinity │ 460.6 │ 781.8 │  0  │ 0.4 │ -300  │ -3945000  │   -1400   │   -18465000   │      │          │     │
│    3    │ 13.1  │ 13.1  │ 13.1  │ 13.1  │ 400  │ 5240000  │   2000    │   400   │ 5240000  │ 26345000  │ 1675676520000 │ '2023-02-06T09:42:00.000Z' │  0   │ 100 │  0  │    0     │ Infinity │ 460.6 │ 781.8 │  0  │ 0.5 │ -400  │ -5240000  │   -1800   │   -23705000   │      │          │     │
│    4    │ 13.15 │ 13.15 │ 13.15 │ 13.15 │ 100  │ 1315000  │   2100    │   100   │ 1315000  │ 27660000  │ 1675677240000 │ '2023-02-06T09:54:00.000Z' │  0   │ 100 │  0  │    0     │ Infinity │ 460.6 │ 781.8 │  0  │ 0.1 │ -100  │ -1315000  │   -1900   │   -25020000   │      │          │     │
│    5    │ 13.15 │ 13.15 │ 13.15 │ 13.15 │ 200  │ 2630000  │   2300    │   200   │ 2630000  │ 30290000  │ 1675677480000 │ '2023-02-06T09:58:00.000Z' │  0   │ 100 │  0  │    0     │ Infinity │ 460.6 │ 781.8 │  0  │ 0.3 │ -200  │ -2630000  │   -2100   │   -27650000   │      │          │     │
│    6    │ 13.2  │ 13.2  │ 13.2  │ 13.2  │      │          │   2400    │   100   │ 1320000  │ 31610000  │ 1675677600000 │ '2023-02-06T10:00:00.000Z' │ 100  │  0  │  0  │ Infinity │    0     │ 460.6 │ 781.8 │  0  │     │  100  │  1320000  │   -2000   │   -26330000   │ 100  │ 1320000  │ 0.2 │
│    7    │ 13.2  │ 13.2  │ 13.2  │ 13.2  │      │          │   7000    │  4600   │ 60720000 │ 92330000  │ 1675679040000 │ '2023-02-06T10:24:00.000Z' │ 100  │  0  │  0  │ Infinity │    0     │ 460.6 │ 781.8 │  0  │     │ 4600  │ 60720000  │   2600    │   34390000    │ 4600 │ 60720000 │ 10  │
│    8    │ 13.2  │ 13.2  │ 13.2  │ 13.2  │      │          │   7500    │   500   │ 6600000  │ 98930000  │ 1675680240000 │ '2023-02-06T10:44:00.000Z' │ 100  │  0  │  0  │ Infinity │    0     │ 460.6 │ 781.8 │  0  │     │  500  │  6600000  │   3100    │   40990000    │ 500  │ 6600000  │ 1.1 │
│    9    │ 13.2  │ 13.2  │ 13.15 │ 13.15 │ 300  │ 3945000  │   7900    │   400   │ 5265000  │ 104195000 │ 1675680960000 │ '2023-02-06T10:56:00.000Z' │  25  │ 75  │  0  │   0.3    │    3     │ 460.6 │ 781.8 │  0  │ 0.4 │ -200  │ -2625000  │   2900    │   38365000    │ 100  │ 1320000  │ 0.2 │
│   10    │ 13.1  │ 13.15 │ 13.1  │ 13.15 │ 2300 │ 30190000 │   10200   │  2300   │ 30190000 │ 134385000 │ 1675688400000 │ '2023-02-06T13:00:00.000Z' │  0   │ 100 │  0  │    0     │ Infinity │ 460.6 │ 781.8 │  0  │ 2.9 │ -2300 │ -30190000 │    600    │    8175000    │      │          │     │
│   11    │ 13.1  │ 13.1  │ 13.1  │ 13.1  │ 1000 │ 13100000 │   11200   │  1000   │ 13100000 │ 147485000 │ 1675688520000 │ '2023-02-06T13:02:00.000Z' │  0   │ 100 │  0  │    0     │ Infinity │ 460.6 │ 781.8 │  0  │ 1.3 │ -1000 │ -13100000 │   -400    │   -4925000    │      │          │     │
│   12    │ 13.1  │ 13.1  │ 13.1  │ 13.1  │ 400  │ 5240000  │   11600   │   400   │ 5240000  │ 152725000 │ 1675688640000 │ '2023-02-06T13:04:00.000Z' │  0   │ 100 │  0  │    0     │ Infinity │ 460.6 │ 781.8 │  0  │ 0.5 │ -400  │ -5240000  │   -800    │   -10165000   │      │          │     │
│   13    │ 13.1  │ 13.1  │ 13.1  │ 13.1  │ 2900 │ 37990000 │   14500   │  2900   │ 37990000 │ 190715000 │ 1675688760000 │ '2023-02-06T13:06:00.000Z' │  0   │ 100 │  0  │    0     │ Infinity │ 460.6 │ 781.8 │  0  │ 3.7 │ -2900 │ -37990000 │   -3700   │   -48155000   │      │          │     │
│   14    │ 12.9  │  13   │ 12.9  │  13   │ 3900 │ 50660000 │   18400   │  3900   │ 50660000 │ 241375000 │ 1675689240000 │ '2023-02-06T13:14:00.000Z' │  0   │ 100 │  0  │    0     │ Infinity │ 460.6 │ 781.8 │  0  │  5  │ -3900 │ -50660000 │   -7600   │   -98815000   │      │          │     │
│   15    │  13   │  13   │  13   │  13   │      │          │   18500   │   100   │ 1300000  │ 242675000 │ 1675689600000 │ '2023-02-06T13:20:00.000Z' │ 100  │  0  │  0  │ Infinity │    0     │ 460.6 │ 781.8 │  0  │     │  100  │  1300000  │   -7500   │   -97515000   │ 100  │ 1300000  │ 0.2 │
│   16    │  13   │  13   │  13   │  13   │      │          │   19500   │  1000   │ 13000000 │ 255675000 │ 1675689720000 │ '2023-02-06T13:22:00.000Z' │ 100  │  0  │  0  │ Infinity │    0     │ 460.6 │ 781.8 │  0  │     │ 1000  │ 13000000  │   -6500   │   -84515000   │ 1000 │ 13000000 │ 2.2 │
│   17    │  13   │  13   │  13   │  13   │      │          │   21600   │  2100   │ 27300000 │ 282975000 │ 1675690080000 │ '2023-02-06T13:28:00.000Z' │ 100  │  0  │  0  │ Infinity │    0     │ 460.6 │ 781.8 │  0  │     │ 2100  │ 27300000  │   -4400   │   -57215000   │ 2100 │ 27300000 │ 4.6 │
│   18    │ 12.9  │ 12.9  │ 12.9  │ 12.9  │ 1700 │ 21930000 │   23300   │  1700   │ 21930000 │ 304905000 │ 1675690560000 │ '2023-02-06T13:36:00.000Z' │  0   │ 100 │  0  │    0     │ Infinity │ 460.6 │ 781.8 │  0  │ 2.2 │ -1700 │ -21930000 │   -6100   │   -79145000   │      │          │     │
│   19    │ 12.9  │ 12.9  │ 12.9  │ 12.9  │ 5200 │ 67080000 │   28500   │  5200   │ 67080000 │ 371985000 │ 1675690920000 │ '2023-02-06T13:42:00.000Z' │  0   │ 100 │  0  │    0     │ Infinity │ 460.6 │ 781.8 │  0  │ 6.7 │ -5200 │ -67080000 │  -11300   │  -146225000   │      │          │     │
│   20    │ 12.95 │ 12.95 │ 12.95 │ 12.95 │ 100  │ 1295000  │   28600   │   100   │ 1295000  │ 373280000 │ 1675691160000 │ '2023-02-06T13:46:00.000Z' │  0   │ 100 │  0  │    0     │ Infinity │ 460.6 │ 781.8 │  0  │ 0.1 │ -100  │ -1295000  │  -11400   │  -147520000   │      │          │     │
├─────────┼───────┼───────┼───────┼───────┼──────┼──────────┼───────────┼─────────┼──────────┼───────────┼───────────────┼────────────────────────────┼──────┼─────┼─────┼──────────┼──────────┼───────┼───────┼─────┼─────┼───────┼───────────┼───────────┼───────────────┼──────┼──────────┼─────┤
│ (index) │   c   │   h   │   l   │   o   │  sd  │  val_sd  │ total_vol │ sum_vol │   val    │ acum_val  │   datetime    │            date            │ pbu  │ psd │ puk │    bs    │    sb    │  abu  │  asd  │ auk │ rsd │ bu-sd │ bu-sd_val │ acum_busd │ acum_busd_val │  bu  │  val_bu  │ rbu │
├─────────┼───────┼───────┼───────┼───────┼──────┼──────────┼───────────┼─────────┼──────────┼───────────┼───────────────┼────────────────────────────┼──────┼─────┼─────┼──────────┼──────────┼───────┼───────┼─────┼─────┼───────┼───────────┼───────────┼───────────────┼──────┼──────────┼─────┤
│   21    │ 12.95 │ 12.95 │ 12.95 │ 12.95 │      │          │   28700   │   100   │ 1295000  │ 374575000 │ 1675691280000 │ '2023-02-06T13:48:00.000Z' │ 100  │  0  │  0  │ Infinity │    0     │ 460.6 │ 781.8 │  0  │     │  100  │  1295000  │  -11300   │  -146225000   │ 100  │ 1295000  │ 0.2 │
│   22    │ 12.95 │ 12.95 │ 12.95 │ 12.95 │      │          │   28900   │   200   │ 2590000  │ 377165000 │ 1675691760000 │ '2023-02-06T13:56:00.000Z' │ 100  │  0  │  0  │ Infinity │    0     │ 460.6 │ 781.8 │  0  │     │  200  │  2590000  │  -11100   │  -143635000   │ 200  │ 2590000  │ 0.4 │
│   23    │ 12.95 │ 12.95 │ 12.95 │ 12.95 │ 200  │ 2590000  │   29100   │   200   │ 2590000  │ 379755000 │ 1675692000000 │ '2023-02-06T14:00:00.000Z' │  0   │ 100 │  0  │    0     │ Infinity │ 460.6 │ 781.8 │  0  │ 0.3 │ -200  │ -2590000  │  -11300   │  -146225000   │      │          │     │
│   24    │ 12.95 │ 12.95 │ 12.95 │ 12.95 │ 600  │ 7770000  │   29700   │   600   │ 7770000  │ 387525000 │ 1675692240000 │ '2023-02-06T14:04:00.000Z' │  0   │ 100 │  0  │    0     │ Infinity │ 460.6 │ 781.8 │  0  │ 0.8 │ -600  │ -7770000  │  -11900   │  -153995000   │      │          │     │
│   25    │ 12.95 │ 12.95 │ 12.95 │ 12.95 │ 100  │ 1295000  │   29800   │   100   │ 1295000  │ 388820000 │ 1675692360000 │ '2023-02-06T14:06:00.000Z' │  0   │ 100 │  0  │    0     │ Infinity │ 460.6 │ 781.8 │  0  │ 0.1 │ -100  │ -1295000  │  -12000   │  -155290000   │      │          │     │
│   26    │  13   │  13   │  13   │  13   │      │          │   31400   │  1600   │ 20800000 │ 409620000 │ 1675692840000 │ '2023-02-06T14:14:00.000Z' │ 100  │  0  │  0  │ Infinity │    0     │ 460.6 │ 781.8 │  0  │     │ 1600  │ 20800000  │  -10400   │  -134490000   │ 1600 │ 20800000 │ 3.5 │
│   27    │  13   │  13   │  13   │  13   │      │          │   31700   │   300   │ 3900000  │ 413520000 │ 1675692960000 │ '2023-02-06T14:16:00.000Z' │ 100  │  0  │  0  │ Infinity │    0     │ 460.6 │ 781.8 │  0  │     │  300  │  3900000  │  -10100   │  -130590000   │ 300  │ 3900000  │ 0.7 │
│   28    │  13   │  13   │  13   │  13   │      │          │   34500   │  2800   │ 36400000 │ 449920000 │ 1675693080000 │ '2023-02-06T14:18:00.000Z' │ 100  │  0  │  0  │ Infinity │    0     │ 460.6 │ 781.8 │  0  │     │ 2800  │ 36400000  │   -7300   │   -94190000   │ 2800 │ 36400000 │ 6.1 │
│   29    │ 13.1  │ 13.2  │ 13.1  │ 13.1  │ 100  │ 1310000  │   35600   │  1100   │ 14460000 │ 464380000 │ 1675693200000 │ '2023-02-06T14:20:00.000Z' │ 90.9 │ 9.1 │  0  │    10    │   0.1    │ 460.6 │ 781.8 │  0  │ 0.1 │  900  │ 11840000  │   -6400   │   -82350000   │ 1000 │ 13150000 │ 2.2 │
│   30    │ 13.2  │ 13.2  │ 13.2  │ 13.2  │      │          │   36100   │   500   │ 6600000  │ 470980000 │ 1675693320000 │ '2023-02-06T14:22:00.000Z' │ 100  │  0  │  0  │ Infinity │    0     │ 460.6 │ 781.8 │  0  │     │  500  │  6600000  │   -5900   │   -75750000   │ 500  │ 6600000  │ 1.1 │
│   31    │ 13.2  │ 13.2  │ 13.2  │ 13.2  │      │          │   36200   │   100   │ 1320000  │ 472300000 │ 1675693680000 │ '2023-02-06T14:28:00.000Z' │ 100  │  0  │  0  │ Infinity │    0     │ 460.6 │ 781.8 │  0  │     │  100  │  1320000  │   -5800   │   -74430000   │ 100  │ 1320000  │ 0.2 │
│   32    │ 13.15 │ 13.15 │ 13.15 │ 13.15 │ 4800 │ 63120000 │   41000   │  4800   │ 63120000 │ 535420000 │ 1675694640000 │ '2023-02-06T14:44:00.000Z' │  0   │ 100 │  0  │    0     │ Infinity │ 460.6 │ 781.8 │  0  │ 6.1 │ -4800 │ -63120000 │  -10600   │  -137550000   │      │          │     │
└─────────┴───────┴───────┴───────┴───────┴──────┴──────────┴───────────┴─────────┴──────────┴───────────┴───────────────┴────────────────────────────┴──────┴─────┴─────┴──────────┴──────────┴───────┴───────┴─────┴─────┴───────┴───────────┴───────────┴───────────────┴──────┴──────────┴─────┘

