┌─────────┬───────┬───────┬───────┬───────┬──────┬──────────┬───────────┬─────────┬──────────┬───────────┬───────────────┬────────────────────────────┬──────┬──────┬─────┬──────────┬──────────┬───────┬───────┬─────┬──────┬───────┬───────────┬───────────┬───────────────┬──────┬──────────┬─────┐
│ (index) │   c   │   h   │   l   │   o   │  bu  │  val_bu  │ total_vol │ sum_vol │   val    │ acum_val  │   datetime    │            date            │ pbu  │ psd  │ puk │    bs    │    sb    │  abu  │  asd  │ auk │ rbu  │ bu-sd │ bu-sd_val │ acum_busd │ acum_busd_val │  sd  │  val_sd  │ rsd │
├─────────┼───────┼───────┼───────┼───────┼──────┼──────────┼───────────┼─────────┼──────────┼───────────┼───────────────┼────────────────────────────┼──────┼──────┼─────┼──────────┼──────────┼───────┼───────┼─────┼──────┼───────┼───────────┼───────────┼───────────────┼──────┼──────────┼─────┤
│    0    │ 10.9  │ 10.9  │ 10.9  │ 10.9  │ 1300 │ 14170000 │   1300    │  1300   │ 14170000 │ 14170000  │ 1675674840000 │ '2023-02-06T09:14:00.000Z' │ 100  │  0   │  0  │ Infinity │    0     │ 743.9 │ 834.1 │  0  │ 1.7  │ 1300  │ 14170000  │   1300    │   14170000    │      │          │     │
│    1    │ 10.75 │ 10.75 │ 10.75 │ 10.75 │      │          │   2800    │  1500   │ 16125000 │ 30295000  │ 1675675320000 │ '2023-02-06T09:22:00.000Z' │  0   │ 100  │  0  │    0     │ Infinity │ 743.9 │ 834.1 │  0  │      │ -1500 │ -16125000 │   -200    │   -1955000    │ 1500 │ 16125000 │ 1.8 │
│    2    │ 10.6  │ 10.6  │ 10.6  │ 10.6  │      │          │   2900    │   100   │ 1060000  │ 31355000  │ 1675675440000 │ '2023-02-06T09:24:00.000Z' │  0   │ 100  │  0  │    0     │ Infinity │ 743.9 │ 834.1 │  0  │      │ -100  │ -1060000  │   -300    │   -3015000    │ 100  │ 1060000  │ 0.1 │
│    3    │ 10.6  │ 10.6  │ 10.6  │ 10.6  │      │          │   3800    │   900   │ 9540000  │ 40895000  │ 1675675800000 │ '2023-02-06T09:30:00.000Z' │  0   │ 100  │  0  │    0     │ Infinity │ 743.9 │ 834.1 │  0  │      │ -900  │ -9540000  │   -1200   │   -12555000   │ 900  │ 9540000  │ 1.1 │
│    4    │ 10.6  │ 10.6  │ 10.6  │ 10.6  │      │          │   4300    │   500   │ 5300000  │ 46195000  │ 1675676400000 │ '2023-02-06T09:40:00.000Z' │  0   │ 100  │  0  │    0     │ Infinity │ 743.9 │ 834.1 │  0  │      │ -500  │ -5300000  │   -1700   │   -17855000   │ 500  │ 5300000  │ 0.6 │
│    5    │ 10.7  │ 10.7  │ 10.7  │ 10.7  │ 100  │ 1070000  │   4400    │   100   │ 1070000  │ 47265000  │ 1675677000000 │ '2023-02-06T09:50:00.000Z' │ 100  │  0   │  0  │ Infinity │    0     │ 743.9 │ 834.1 │  0  │ 0.1  │  100  │  1070000  │   -1600   │   -16785000   │      │          │     │
│    6    │ 10.6  │ 10.7  │ 10.6  │ 10.7  │ 200  │ 2140000  │   5100    │   700   │ 7440000  │ 54705000  │ 1675677240000 │ '2023-02-06T09:54:00.000Z' │ 28.6 │ 71.4 │  0  │   0.4    │   2.5    │ 743.9 │ 834.1 │  0  │ 0.3  │ -300  │ -3160000  │   -1900   │   -19945000   │ 500  │ 5300000  │ 0.6 │
│    7    │ 10.6  │ 10.6  │ 10.6  │ 10.6  │      │          │   6600    │  1500   │ 15900000 │ 70605000  │ 1675677600000 │ '2023-02-06T10:00:00.000Z' │  0   │ 100  │  0  │    0     │ Infinity │ 743.9 │ 834.1 │  0  │      │ -1500 │ -15900000 │   -3400   │   -35845000   │ 1500 │ 15900000 │ 1.8 │
│    8    │ 10.6  │ 10.6  │ 10.6  │ 10.6  │      │          │   8600    │  2000   │ 21200000 │ 91805000  │ 1675677840000 │ '2023-02-06T10:04:00.000Z' │  0   │ 100  │  0  │    0     │ Infinity │ 743.9 │ 834.1 │  0  │      │ -2000 │ -21200000 │   -5400   │   -57045000   │ 2000 │ 21200000 │ 2.4 │
│    9    │ 10.6  │ 10.7  │ 10.6  │ 10.7  │ 200  │ 2140000  │   10800   │  2200   │ 23340000 │ 115145000 │ 1675678440000 │ '2023-02-06T10:14:00.000Z' │ 9.1  │ 90.9 │  0  │   0.1    │    10    │ 743.9 │ 834.1 │  0  │ 0.3  │ -1800 │ -19060000 │   -7200   │   -76105000   │ 2000 │ 21200000 │ 2.4 │
│   10    │ 10.6  │ 10.6  │ 10.6  │ 10.6  │      │          │   13800   │  3000   │ 31800000 │ 146945000 │ 1675679280000 │ '2023-02-06T10:28:00.000Z' │  0   │ 100  │  0  │    0     │ Infinity │ 743.9 │ 834.1 │  0  │      │ -3000 │ -31800000 │  -10200   │  -107905000   │ 3000 │ 31800000 │ 3.6 │
│   11    │ 10.6  │ 10.6  │ 10.6  │ 10.6  │      │          │   14300   │   500   │ 5300000  │ 152245000 │ 1675679400000 │ '2023-02-06T10:30:00.000Z' │  0   │ 100  │  0  │    0     │ Infinity │ 743.9 │ 834.1 │  0  │      │ -500  │ -5300000  │  -10700   │  -113205000   │ 500  │ 5300000  │ 0.6 │
│   12    │ 10.6  │ 10.6  │ 10.6  │ 10.6  │      │          │   14800   │   500   │ 5300000  │ 157545000 │ 1675679640000 │ '2023-02-06T10:34:00.000Z' │  0   │ 100  │  0  │    0     │ Infinity │ 743.9 │ 834.1 │  0  │      │ -500  │ -5300000  │  -11200   │  -118505000   │ 500  │ 5300000  │ 0.6 │
│   13    │ 10.85 │ 10.85 │ 10.7  │ 10.7  │ 2000 │ 21475000 │   16800   │  2000   │ 21475000 │ 179020000 │ 1675680120000 │ '2023-02-06T10:42:00.000Z' │ 100  │  0   │  0  │ Infinity │    0     │ 743.9 │ 834.1 │  0  │ 2.7  │ 2000  │ 21475000  │   -9200   │   -97030000   │      │          │     │
│   14    │ 10.8  │ 10.8  │ 10.8  │ 10.8  │ 1000 │ 10800000 │   17800   │  1000   │ 10800000 │ 189820000 │ 1675680600000 │ '2023-02-06T10:50:00.000Z' │ 100  │  0   │  0  │ Infinity │    0     │ 743.9 │ 834.1 │  0  │ 1.3  │ 1000  │ 10800000  │   -8200   │   -86230000   │      │          │     │
│   15    │ 10.8  │ 10.8  │ 10.8  │ 10.8  │ 1000 │ 10800000 │   18800   │  1000   │ 10800000 │ 200620000 │ 1675680960000 │ '2023-02-06T10:56:00.000Z' │ 100  │  0   │  0  │ Infinity │    0     │ 743.9 │ 834.1 │  0  │ 1.3  │ 1000  │ 10800000  │   -7200   │   -75430000   │      │          │     │
│   16    │ 10.65 │ 10.7  │ 10.65 │ 10.7  │      │          │   21800   │  3000   │ 32000000 │ 232620000 │ 1675681680000 │ '2023-02-06T11:08:00.000Z' │  0   │ 100  │  0  │    0     │ Infinity │ 743.9 │ 834.1 │  0  │      │ -3000 │ -32000000 │  -10200   │  -107430000   │ 3000 │ 32000000 │ 3.6 │
│   17    │ 10.8  │ 10.8  │ 10.8  │ 10.8  │ 1200 │ 12960000 │   23000   │  1200   │ 12960000 │ 245580000 │ 1675682400000 │ '2023-02-06T11:20:00.000Z' │ 100  │  0   │  0  │ Infinity │    0     │ 743.9 │ 834.1 │  0  │ 1.6  │ 1200  │ 12960000  │   -9000   │   -94470000   │      │          │     │
│   18    │ 10.65 │ 10.8  │ 10.65 │ 10.8  │      │          │   23800   │   800   │ 8600000  │ 254180000 │ 1675682760000 │ '2023-02-06T11:26:00.000Z' │  0   │ 100  │  0  │    0     │ Infinity │ 743.9 │ 834.1 │  0  │      │ -800  │ -8600000  │   -9800   │  -103070000   │ 800  │ 8600000  │  1  │
│   19    │ 10.8  │ 10.85 │ 10.8  │ 10.85 │ 5500 │ 59660000 │   29300   │  5500   │ 59660000 │ 313840000 │ 1675688400000 │ '2023-02-06T13:00:00.000Z' │ 100  │  0   │  0  │ Infinity │    0     │ 743.9 │ 834.1 │  0  │ 7.4  │ 5500  │ 59660000  │   -4300   │   -43410000   │      │          │     │
│   20    │ 10.8  │ 10.8  │ 10.8  │ 10.8  │ 500  │ 5400000  │   29800   │   500   │ 5400000  │ 319240000 │ 1675688640000 │ '2023-02-06T13:04:00.000Z' │ 100  │  0   │  0  │ Infinity │    0     │ 743.9 │ 834.1 │  0  │ 0.7  │  500  │  5400000  │   -3800   │   -38010000   │      │          │     │
├─────────┼───────┼───────┼───────┼───────┼──────┼──────────┼───────────┼─────────┼──────────┼───────────┼───────────────┼────────────────────────────┼──────┼──────┼─────┼──────────┼──────────┼───────┼───────┼─────┼──────┼───────┼───────────┼───────────┼───────────────┼──────┼──────────┼─────┤
│ (index) │   c   │   h   │   l   │   o   │  bu  │  val_bu  │ total_vol │ sum_vol │   val    │ acum_val  │   datetime    │            date            │ pbu  │ psd  │ puk │    bs    │    sb    │  abu  │  asd  │ auk │ rbu  │ bu-sd │ bu-sd_val │ acum_busd │ acum_busd_val │  sd  │  val_sd  │ rsd │
├─────────┼───────┼───────┼───────┼───────┼──────┼──────────┼───────────┼─────────┼──────────┼───────────┼───────────────┼────────────────────────────┼──────┼──────┼─────┼──────────┼──────────┼───────┼───────┼─────┼──────┼───────┼───────────┼───────────┼───────────────┼──────┼──────────┼─────┤
│   21    │ 10.8  │ 10.8  │ 10.8  │ 10.8  │ 2000 │ 21600000 │   31800   │  2000   │ 21600000 │ 340840000 │ 1675689360000 │ '2023-02-06T13:16:00.000Z' │ 100  │  0   │  0  │ Infinity │    0     │ 743.9 │ 834.1 │  0  │ 2.7  │ 2000  │ 21600000  │   -1800   │   -16410000   │      │          │     │
│   22    │ 10.7  │ 10.7  │ 10.7  │ 10.7  │      │          │   32100   │   300   │ 3210000  │ 344050000 │ 1675689720000 │ '2023-02-06T13:22:00.000Z' │  0   │ 100  │  0  │    0     │ Infinity │ 743.9 │ 834.1 │  0  │      │ -300  │ -3210000  │   -2100   │   -19620000   │ 300  │ 3210000  │ 0.4 │
│   23    │ 10.8  │ 10.8  │ 10.8  │ 10.8  │ 100  │ 1080000  │   32200   │   100   │ 1080000  │ 345130000 │ 1675690320000 │ '2023-02-06T13:32:00.000Z' │ 100  │  0   │  0  │ Infinity │    0     │ 743.9 │ 834.1 │  0  │ 0.1  │  100  │  1080000  │   -2000   │   -18540000   │      │          │     │
│   24    │ 10.8  │ 10.8  │ 10.8  │ 10.8  │ 1100 │ 11880000 │   33300   │  1100   │ 11880000 │ 357010000 │ 1675690440000 │ '2023-02-06T13:34:00.000Z' │ 100  │  0   │  0  │ Infinity │    0     │ 743.9 │ 834.1 │  0  │ 1.5  │ 1100  │ 11880000  │   -900    │   -6660000    │      │          │     │
│   25    │ 10.8  │ 10.8  │ 10.8  │ 10.8  │      │          │   33400   │   100   │ 1080000  │ 358090000 │ 1675690560000 │ '2023-02-06T13:36:00.000Z' │  0   │ 100  │  0  │    0     │ Infinity │ 743.9 │ 834.1 │  0  │      │ -100  │ -1080000  │   -1000   │   -7740000    │ 100  │ 1080000  │ 0.1 │
│   26    │ 10.7  │ 10.7  │ 10.7  │ 10.7  │      │          │   34700   │  1300   │ 13910000 │ 372000000 │ 1675690680000 │ '2023-02-06T13:38:00.000Z' │  0   │ 100  │  0  │    0     │ Infinity │ 743.9 │ 834.1 │  0  │      │ -1300 │ -13910000 │   -2300   │   -21650000   │ 1300 │ 13910000 │ 1.6 │
│   27    │ 10.65 │ 10.7  │ 10.65 │ 10.7  │ 1200 │ 12840000 │   36000   │  1300   │ 13905000 │ 385905000 │ 1675690800000 │ '2023-02-06T13:40:00.000Z' │ 92.3 │ 7.7  │  0  │    12    │   0.1    │ 743.9 │ 834.1 │  0  │ 1.6  │ 1100  │ 11775000  │   -1200   │   -9875000    │ 100  │ 1065000  │ 0.1 │
│   28    │ 10.65 │ 10.65 │ 10.65 │ 10.65 │      │          │   39000   │  3000   │ 31950000 │ 417855000 │ 1675691160000 │ '2023-02-06T13:46:00.000Z' │  0   │ 100  │  0  │    0     │ Infinity │ 743.9 │ 834.1 │  0  │      │ -3000 │ -31950000 │   -4200   │   -41825000   │ 3000 │ 31950000 │ 3.6 │
│   29    │ 10.7  │ 10.7  │ 10.7  │ 10.7  │      │          │   43500   │  4500   │ 48150000 │ 466005000 │ 1675691280000 │ '2023-02-06T13:48:00.000Z' │  0   │ 100  │  0  │    0     │ Infinity │ 743.9 │ 834.1 │  0  │      │ -4500 │ -48150000 │   -8700   │   -89975000   │ 4500 │ 48150000 │ 5.4 │
│   30    │ 10.7  │ 10.7  │ 10.7  │ 10.7  │      │          │   44000   │   500   │ 5350000  │ 471355000 │ 1675691400000 │ '2023-02-06T13:50:00.000Z' │  0   │ 100  │  0  │    0     │ Infinity │ 743.9 │ 834.1 │  0  │      │ -500  │ -5350000  │   -9200   │   -95325000   │ 500  │ 5350000  │ 0.6 │
│   31    │ 10.85 │ 10.85 │ 10.85 │ 10.85 │ 300  │ 3255000  │   44300   │   300   │ 3255000  │ 474610000 │ 1675691640000 │ '2023-02-06T13:54:00.000Z' │ 100  │  0   │  0  │ Infinity │    0     │ 743.9 │ 834.1 │  0  │ 0.4  │  300  │  3255000  │   -8900   │   -92070000   │      │          │     │
│   32    │ 10.65 │ 10.7  │ 10.65 │ 10.7  │      │          │   44500   │   200   │ 2135000  │ 476745000 │ 1675692360000 │ '2023-02-06T14:06:00.000Z' │  0   │ 100  │  0  │    0     │ Infinity │ 743.9 │ 834.1 │  0  │      │ -200  │ -2135000  │   -9100   │   -94205000   │ 200  │ 2135000  │ 0.2 │
│   33    │ 10.7  │ 10.7  │ 10.7  │ 10.7  │      │          │   49500   │  5000   │ 53500000 │ 530245000 │ 1675692480000 │ '2023-02-06T14:08:00.000Z' │  0   │ 100  │  0  │    0     │ Infinity │ 743.9 │ 834.1 │  0  │      │ -5000 │ -53500000 │  -14100   │  -147705000   │ 5000 │ 53500000 │  6  │
│   34    │ 10.65 │ 10.7  │ 10.65 │ 10.7  │ 400  │ 4280000  │   50800   │  1300   │ 13865000 │ 544110000 │ 1675692720000 │ '2023-02-06T14:12:00.000Z' │ 30.8 │ 69.2 │  0  │   0.4    │   2.3    │ 743.9 │ 834.1 │  0  │ 0.5  │ -500  │ -5305000  │  -14600   │  -153010000   │ 900  │ 9585000  │ 1.1 │
│   35    │ 10.75 │ 10.75 │ 10.65 │ 10.65 │ 3700 │ 39455000 │   55600   │  4800   │ 51170000 │ 595280000 │ 1675692840000 │ '2023-02-06T14:14:00.000Z' │ 77.1 │ 22.9 │  0  │   3.4    │   0.3    │ 743.9 │ 834.1 │  0  │  5   │ 2600  │ 27740000  │  -12000   │  -125270000   │ 1100 │ 11715000 │ 1.3 │
│   36    │ 10.75 │ 10.75 │ 10.75 │ 10.75 │ 500  │ 5375000  │   56100   │   500   │ 5375000  │ 600655000 │ 1675692960000 │ '2023-02-06T14:16:00.000Z' │ 100  │  0   │  0  │ Infinity │    0     │ 743.9 │ 834.1 │  0  │ 0.7  │  500  │  5375000  │  -11500   │  -119895000   │      │          │     │
│   37    │ 10.75 │ 10.75 │ 10.75 │ 10.75 │ 100  │ 1075000  │   56200   │   100   │ 1075000  │ 601730000 │ 1675693080000 │ '2023-02-06T14:18:00.000Z' │ 100  │  0   │  0  │ Infinity │    0     │ 743.9 │ 834.1 │  0  │ 0.1  │  100  │  1075000  │  -11400   │  -118820000   │      │          │     │
│   38    │ 10.85 │ 10.85 │ 10.85 │ 10.85 │ 500  │ 5425000  │   56700   │   500   │ 5425000  │ 607155000 │ 1675693320000 │ '2023-02-06T14:22:00.000Z' │ 100  │  0   │  0  │ Infinity │    0     │ 743.9 │ 834.1 │  0  │ 0.7  │  500  │  5425000  │  -10900   │  -113395000   │      │          │     │
│   39    │ 10.75 │ 10.75 │ 10.75 │ 10.75 │      │          │   57100   │   400   │ 4300000  │ 611455000 │ 1675693560000 │ '2023-02-06T14:26:00.000Z' │  0   │ 100  │  0  │    0     │ Infinity │ 743.9 │ 834.1 │  0  │      │ -400  │ -4300000  │  -11300   │  -117695000   │ 400  │ 4300000  │ 0.5 │
│   40    │ 10.85 │ 10.85 │ 10.85 │ 10.85 │ 7600 │ 82460000 │   64700   │  7600   │ 82460000 │ 693915000 │ 1675694640000 │ '2023-02-06T14:44:00.000Z' │ 100  │  0   │  0  │ Infinity │    0     │ 743.9 │ 834.1 │  0  │ 10.2 │ 7600  │ 82460000  │   -3700   │   -35235000   │      │          │     │
├─────────┼───────┼───────┼───────┼───────┼──────┼──────────┼───────────┼─────────┼──────────┼───────────┼───────────────┼────────────────────────────┼──────┼──────┼─────┼──────────┼──────────┼───────┼───────┼─────┼──────┼───────┼───────────┼───────────┼───────────────┼──────┼──────────┼─────┤
│ (index) │   c   │   h   │   l   │   o   │  bu  │  val_bu  │ total_vol │ sum_vol │   val    │ acum_val  │   datetime    │            date            │ pbu  │ psd  │ puk │    bs    │    sb    │  abu  │  asd  │ auk │ rbu  │ bu-sd │ bu-sd_val │ acum_busd │ acum_busd_val │  sd  │  val_sd  │ rsd │
├─────────┼───────┼───────┼───────┼───────┼──────┼──────────┼───────────┼─────────┼──────────┼───────────┼───────────────┼────────────────────────────┼──────┼──────┼─────┼──────────┼──────────┼───────┼───────┼─────┼──────┼───────┼───────────┼───────────┼───────────────┼──────┼──────────┼─────┤
└─────────┴───────┴───────┴───────┴───────┴──────┴──────────┴───────────┴─────────┴──────────┴───────────┴───────────────┴────────────────────────────┴──────┴──────┴─────┴──────────┴──────────┴───────┴───────┴─────┴──────┴───────┴───────────┴───────────┴───────────────┴──────┴──────────┴─────┘

