┌─────────┬──────┬──────┬──────┬──────┬──────┬──────────┬───────────┬─────────┬──────────┬───────────┬───────────────┬────────────────────────────┬─────┬──────┬─────┬──────────┬──────────┬─────┬─────┬─────┬─────┬───────┬───────────┬───────────┬───────────────┬──────┬──────────┬─────┐
│ (index) │  c   │  h   │  l   │  o   │  bu  │  val_bu  │ total_vol │ sum_vol │   val    │ acum_val  │   datetime    │            date            │ pbu │ psd  │ puk │    bs    │    sb    │ abu │ asd │ auk │ rbu │ bu-sd │ bu-sd_val │ acum_busd │ acum_busd_val │  sd  │  val_sd  │ rsd │
├─────────┼──────┼──────┼──────┼──────┼──────┼──────────┼───────────┼─────────┼──────────┼───────────┼───────────────┼────────────────────────────┼─────┼──────┼─────┼──────────┼──────────┼─────┼─────┼─────┼─────┼───────┼───────────┼───────────┼───────────────┼──────┼──────────┼─────┤
│    0    │ 6.34 │ 6.34 │ 6.34 │ 6.34 │ 100  │  634000  │    100    │   100   │  634000  │  634000   │ 1675675200000 │ '2023-02-06T09:20:00.000Z' │ 100 │  0   │  0  │ Infinity │    0     │ 350 │ 570 │  0  │ 0.3 │  100  │  634000   │    100    │    634000     │      │          │     │
│    1    │ 6.34 │ 6.34 │ 6.34 │ 6.34 │ 2100 │ 13314000 │   2200    │  2100   │ 13314000 │ 13948000  │ 1675678800000 │ '2023-02-06T10:20:00.000Z' │ 100 │  0   │  0  │ Infinity │    0     │ 350 │ 570 │  0  │  6  │ 2100  │ 13314000  │   2200    │   13948000    │      │          │     │
│    2    │ 6.35 │ 6.35 │ 6.35 │ 6.35 │ 1000 │ 6350000  │   3200    │  1000   │ 6350000  │ 20298000  │ 1675679100000 │ '2023-02-06T10:25:00.000Z' │ 100 │  0   │  0  │ Infinity │    0     │ 350 │ 570 │  0  │ 2.9 │ 1000  │  6350000  │   3200    │   20298000    │      │          │     │
│    3    │ 6.25 │ 6.25 │ 6.25 │ 6.25 │      │          │   4200    │  1000   │ 6250000  │ 26548000  │ 1675681200000 │ '2023-02-06T11:00:00.000Z' │  0  │ 100  │  0  │    0     │ Infinity │ 350 │ 570 │  0  │     │ -1000 │ -6250000  │   2200    │   14048000    │ 1000 │ 6250000  │ 1.8 │
│    4    │ 6.25 │ 6.25 │ 6.25 │ 6.25 │      │          │   6200    │  2000   │ 12500000 │ 39048000  │ 1675681500000 │ '2023-02-06T11:05:00.000Z' │  0  │ 100  │  0  │    0     │ Infinity │ 350 │ 570 │  0  │     │ -2000 │ -12500000 │    200    │    1548000    │ 2000 │ 12500000 │ 3.5 │
│    5    │ 6.25 │ 6.25 │ 6.25 │ 6.25 │ 100  │  625000  │   7300    │  1100   │ 6875000  │ 45923000  │ 1675681800000 │ '2023-02-06T11:10:00.000Z' │ 9.1 │ 90.9 │  0  │   0.1    │    10    │ 350 │ 570 │  0  │ 0.3 │ -900  │ -5625000  │   -700    │   -4077000    │ 1000 │ 6250000  │ 1.8 │
│    6    │ 6.23 │ 6.23 │ 6.23 │ 6.23 │      │          │   7400    │   100   │  623000  │ 46546000  │ 1675682100000 │ '2023-02-06T11:15:00.000Z' │  0  │ 100  │  0  │    0     │ Infinity │ 350 │ 570 │  0  │     │ -100  │  -623000  │   -800    │   -4700000    │ 100  │  623000  │ 0.2 │
│    7    │ 6.24 │ 6.25 │ 6.24 │ 6.25 │      │          │   8400    │  1000   │ 6241000  │ 52787000  │ 1675689000000 │ '2023-02-06T13:10:00.000Z' │  0  │ 100  │  0  │    0     │ Infinity │ 350 │ 570 │  0  │     │ -1000 │ -6241000  │   -1800   │   -10941000   │ 1000 │ 6241000  │ 1.8 │
│    8    │ 6.24 │ 6.24 │ 6.24 │ 6.24 │ 100  │  624000  │   9900    │  1500   │ 9360000  │ 62147000  │ 1675689600000 │ '2023-02-06T13:20:00.000Z' │ 6.7 │ 93.3 │  0  │   0.1    │    14    │ 350 │ 570 │  0  │ 0.3 │ -1300 │ -8112000  │   -3100   │   -19053000   │ 1400 │ 8736000  │ 2.5 │
│    9    │ 6.24 │ 6.24 │ 6.24 │ 6.24 │ 200  │ 1248000  │   10100   │   200   │ 1248000  │ 63395000  │ 1675689900000 │ '2023-02-06T13:25:00.000Z' │ 100 │  0   │  0  │ Infinity │    0     │ 350 │ 570 │  0  │ 0.6 │  200  │  1248000  │   -2900   │   -17805000   │      │          │     │
│   10    │ 6.24 │ 6.24 │ 6.24 │ 6.24 │ 200  │ 1248000  │   10300   │   200   │ 1248000  │ 64643000  │ 1675690200000 │ '2023-02-06T13:30:00.000Z' │ 100 │  0   │  0  │ Infinity │    0     │ 350 │ 570 │  0  │ 0.6 │  200  │  1248000  │   -2700   │   -16557000   │      │          │     │
│   11    │ 6.24 │ 6.24 │ 6.24 │ 6.24 │ 100  │  624000  │   10400   │   100   │  624000  │ 65267000  │ 1675690500000 │ '2023-02-06T13:35:00.000Z' │ 100 │  0   │  0  │ Infinity │    0     │ 350 │ 570 │  0  │ 0.3 │  100  │  624000   │   -2600   │   -15933000   │      │          │     │
│   12    │ 6.24 │ 6.24 │ 6.24 │ 6.24 │      │          │   11400   │  1000   │ 6240000  │ 71507000  │ 1675690800000 │ '2023-02-06T13:40:00.000Z' │  0  │ 100  │  0  │    0     │ Infinity │ 350 │ 570 │  0  │     │ -1000 │ -6240000  │   -3600   │   -22173000   │ 1000 │ 6240000  │ 1.8 │
│   13    │ 6.24 │ 6.24 │ 6.24 │ 6.24 │      │          │   11900   │   500   │ 3120000  │ 74627000  │ 1675691100000 │ '2023-02-06T13:45:00.000Z' │  0  │ 100  │  0  │    0     │ Infinity │ 350 │ 570 │  0  │     │ -500  │ -3120000  │   -4100   │   -25293000   │ 500  │ 3120000  │ 0.9 │
│   14    │ 6.24 │ 6.24 │ 6.24 │ 6.24 │      │          │   14400   │  2500   │ 15600000 │ 90227000  │ 1675691700000 │ '2023-02-06T13:55:00.000Z' │  0  │ 100  │  0  │    0     │ Infinity │ 350 │ 570 │  0  │     │ -2500 │ -15600000 │   -6600   │   -40893000   │ 2500 │ 15600000 │ 4.4 │
│   15    │ 6.24 │ 6.24 │ 6.24 │ 6.24 │ 100  │  624000  │   14500   │   100   │  624000  │ 90851000  │ 1675692600000 │ '2023-02-06T14:10:00.000Z' │ 100 │  0   │  0  │ Infinity │    0     │ 350 │ 570 │  0  │ 0.3 │  100  │  624000   │   -6500   │   -40269000   │      │          │     │
│   16    │ 6.23 │ 6.23 │ 6.23 │ 6.23 │      │          │   15400   │   900   │ 5607000  │ 96458000  │ 1675692900000 │ '2023-02-06T14:15:00.000Z' │  0  │ 100  │  0  │    0     │ Infinity │ 350 │ 570 │  0  │     │ -900  │ -5607000  │   -7400   │   -45876000   │ 900  │ 5607000  │ 1.6 │
│   17    │ 6.23 │ 6.23 │ 6.23 │ 6.23 │ 2500 │ 15575000 │   17900   │  2500   │ 15575000 │ 112033000 │ 1675693200000 │ '2023-02-06T14:20:00.000Z' │ 100 │  0   │  0  │ Infinity │    0     │ 350 │ 570 │  0  │ 7.1 │ 2500  │ 15575000  │   -4900   │   -30301000   │      │          │     │
│   18    │ 6.23 │ 6.23 │ 6.23 │ 6.23 │ 400  │ 2492000  │   18300   │   400   │ 2492000  │ 114525000 │ 1675693500000 │ '2023-02-06T14:25:00.000Z' │ 100 │  0   │  0  │ Infinity │    0     │ 350 │ 570 │  0  │ 1.1 │  400  │  2492000  │   -4500   │   -27809000   │      │          │     │
│   19    │ 6.23 │ 6.23 │ 6.23 │ 6.23 │ 100  │  623000  │   18400   │   100   │  623000  │ 115148000 │ 1675694700000 │ '2023-02-06T14:45:00.000Z' │ 100 │  0   │  0  │ Infinity │    0     │ 350 │ 570 │  0  │ 0.3 │  100  │  623000   │   -4400   │   -27186000   │      │          │     │
└─────────┴──────┴──────┴──────┴──────┴──────┴──────────┴───────────┴─────────┴──────────┴───────────┴───────────────┴────────────────────────────┴─────┴──────┴─────┴──────────┴──────────┴─────┴─────┴─────┴─────┴───────┴───────────┴───────────┴───────────────┴──────┴──────────┴─────┘
├─────────┼──────┼──────┼──────┼──────┼──────┼──────────┼───────────┼─────────┼──────────┼───────────┼───────────────┼────────────────────────────┼─────┼──────┼─────┼──────────┼──────────┼─────┼─────┼─────┼─────┼───────┼───────────┼───────────┼───────────────┼──────┼──────────┼─────┤
│ (index) │  c   │  h   │  l   │  o   │  bu  │  val_bu  │ total_vol │ sum_vol │   val    │ acum_val  │   datetime    │            date            │ pbu │ psd  │ puk │    bs    │    sb    │ abu │ asd │ auk │ rbu │ bu-sd │ bu-sd_val │ acum_busd │ acum_busd_val │  sd  │  val_sd  │ rsd │
├─────────┼──────┼──────┼──────┼──────┼──────┼──────────┼───────────┼─────────┼──────────┼───────────┼───────────────┼────────────────────────────┼─────┼──────┼─────┼──────────┼──────────┼─────┼─────┼─────┼─────┼───────┼───────────┼───────────┼───────────────┼──────┼──────────┼─────┤

