┌─────────┬──────┬──────┬──────┬──────┬──────┬───────────┬───────────┬─────────┬───────────┬────────────┬───────────────┬────────────────────────────┬──────┬──────┬─────┬──────────┬──────────┬───────┬───────┬─────┬─────┬────────┬───────────┬───────────┬───────────────┬───────┬─────────┬──────┐
│ (index) │  c   │  h   │  l   │  o   │  bu  │  val_bu   │ total_vol │ sum_vol │    val    │  acum_val  │   datetime    │            date            │ pbu  │ psd  │ puk │    bs    │    sb    │  abu  │  asd  │ auk │ rbu │ bu-sd  │ bu-sd_val │ acum_busd │ acum_busd_val │  sd   │ val_sd  │ rsd  │
├─────────┼──────┼──────┼──────┼──────┼──────┼───────────┼───────────┼─────────┼───────────┼────────────┼───────────────┼────────────────────────────┼──────┼──────┼─────┼──────────┼──────────┼───────┼───────┼─────┼─────┼────────┼───────────┼───────────┼───────────────┼───────┼─────────┼──────┤
│    0    │ 84.5 │ 84.5 │ 84.5 │ 84.5 │ 300  │ 25350000  │    300    │   300   │ 25350000  │  25350000  │ 1675674840000 │ '2023-02-06T09:14:00.000Z' │ 100  │  0   │  0  │ Infinity │    0     │ 871.4 │ 544.9 │  0  │ 0.3 │  300   │ 25350000  │    300    │   25350000    │       │         │      │
│    1    │  84  │  84  │  84  │  84  │      │           │    800    │   500   │   42000   │  25392000  │ 1675675200000 │ '2023-02-06T09:20:00.000Z' │  0   │ 100  │  0  │    0     │ Infinity │ 871.4 │ 544.9 │  0  │     │  -500  │  -42000   │   -200    │   25308000    │  500  │  42000  │ 0.9  │
│    2    │  84  │  84  │  84  │  84  │      │           │   1800    │  1000   │   84000   │  25476000  │ 1675675440000 │ '2023-02-06T09:24:00.000Z' │  0   │ 100  │  0  │    0     │ Infinity │ 871.4 │ 544.9 │  0  │     │ -1000  │  -84000   │   -1200   │   25224000    │ 1000  │  84000  │ 1.8  │
│    3    │  84  │ 84.4 │  84  │  84  │ 1200 │ 101280000 │   4200    │  2400   │ 101380800 │ 126856800  │ 1675675680000 │ '2023-02-06T09:28:00.000Z' │  50  │  50  │  0  │    1     │    1     │ 871.4 │ 544.9 │  0  │ 1.4 │   0    │ 101179200 │   -1200   │   126403200   │ 1200  │ 100800  │ 2.2  │
│    4    │  84  │  84  │  84  │  84  │ 9600 │  806400   │   13800   │  9600   │  806400   │ 127663200  │ 1675675800000 │ '2023-02-06T09:30:00.000Z' │ 100  │  0   │  0  │ Infinity │    0     │ 871.4 │ 544.9 │  0  │ 11  │  9600  │  806400   │   8400    │   127209600   │       │         │      │
│    5    │  84  │  84  │  84  │  84  │      │           │   15800   │  2000   │  168000   │ 127831200  │ 1675675920000 │ '2023-02-06T09:32:00.000Z' │  0   │ 100  │  0  │    0     │ Infinity │ 871.4 │ 544.9 │  0  │     │ -2000  │  -168000  │   6400    │   127041600   │ 2000  │ 168000  │ 3.7  │
│    6    │  84  │  84  │  84  │  84  │      │           │   15900   │   100   │   8400    │ 127839600  │ 1675676160000 │ '2023-02-06T09:36:00.000Z' │  0   │ 100  │  0  │    0     │ Infinity │ 871.4 │ 544.9 │  0  │     │  -100  │   -8400   │   6300    │   127033200   │  100  │  8400   │ 0.2  │
│    7    │ 84.4 │ 84.4 │  84  │  84  │ 2500 │ 211000000 │   19400   │  3500   │ 211084000 │ 338923600  │ 1675676280000 │ '2023-02-06T09:38:00.000Z' │ 71.4 │ 28.6 │  0  │   2.5    │   0.4    │ 871.4 │ 544.9 │  0  │ 2.9 │  1500  │ 210916000 │   7800    │   337949200   │ 1000  │  84000  │ 1.8  │
│    8    │ 84.5 │ 84.5 │ 84.5 │ 84.5 │ 2000 │ 169000000 │   21400   │  2000   │ 169000000 │ 507923600  │ 1675676400000 │ '2023-02-06T09:40:00.000Z' │ 100  │  0   │  0  │ Infinity │    0     │ 871.4 │ 544.9 │  0  │ 2.3 │  2000  │ 169000000 │   9800    │   506949200   │       │         │      │
│    9    │  84  │  84  │  84  │  84  │      │           │   21500   │   100   │   8400    │ 507932000  │ 1675677120000 │ '2023-02-06T09:52:00.000Z' │  0   │ 100  │  0  │    0     │ Infinity │ 871.4 │ 544.9 │  0  │     │  -100  │   -8400   │   9700    │   506940800   │  100  │  8400   │ 0.2  │
│   10    │ 84.2 │ 84.2 │ 84.2 │ 84.2 │ 600  │ 50520000  │   22100   │   600   │ 50520000  │ 558452000  │ 1675677960000 │ '2023-02-06T10:06:00.000Z' │ 100  │  0   │  0  │ Infinity │    0     │ 871.4 │ 544.9 │  0  │ 0.7 │  600   │ 50520000  │   10300   │   557460800   │       │         │      │
│   11    │ 84.3 │ 84.3 │ 84.3 │ 84.3 │      │           │   22200   │   100   │  8430000  │ 566882000  │ 1675678080000 │ '2023-02-06T10:08:00.000Z' │  0   │ 100  │  0  │    0     │ Infinity │ 871.4 │ 544.9 │  0  │     │  -100  │ -8430000  │   10200   │   549030800   │  100  │ 8430000 │ 0.2  │
│   12    │ 84.4 │ 84.4 │ 84.4 │ 84.4 │ 800  │ 67520000  │   23000   │   800   │ 67520000  │ 634402000  │ 1675678200000 │ '2023-02-06T10:10:00.000Z' │ 100  │  0   │  0  │ Infinity │    0     │ 871.4 │ 544.9 │  0  │ 0.9 │  800   │ 67520000  │   11000   │   616550800   │       │         │      │
│   13    │ 84.4 │ 84.4 │ 84.4 │ 84.4 │ 100  │  8440000  │   23100   │   100   │  8440000  │ 642842000  │ 1675678920000 │ '2023-02-06T10:22:00.000Z' │ 100  │  0   │  0  │ Infinity │    0     │ 871.4 │ 544.9 │  0  │ 0.1 │  100   │  8440000  │   11100   │   624990800   │       │         │      │
│   14    │ 84.4 │ 84.4 │ 84.4 │ 84.4 │ 300  │ 25320000  │   23400   │   300   │ 25320000  │ 668162000  │ 1675679160000 │ '2023-02-06T10:26:00.000Z' │ 100  │  0   │  0  │ Infinity │    0     │ 871.4 │ 544.9 │  0  │ 0.3 │  300   │ 25320000  │   11400   │   650310800   │       │         │      │
│   15    │ 84.5 │ 84.5 │ 84.4 │ 84.4 │ 4600 │ 388600000 │   28000   │  4600   │ 388600000 │ 1056762000 │ 1675679520000 │ '2023-02-06T10:32:00.000Z' │ 100  │  0   │  0  │ Infinity │    0     │ 871.4 │ 544.9 │  0  │ 5.3 │  4600  │ 388600000 │   16000   │  1038910800   │       │         │      │
│   16    │ 84.5 │ 84.5 │ 84.5 │ 84.5 │ 400  │ 33800000  │   28400   │   400   │ 33800000  │ 1090562000 │ 1675679640000 │ '2023-02-06T10:34:00.000Z' │ 100  │  0   │  0  │ Infinity │    0     │ 871.4 │ 544.9 │  0  │ 0.5 │  400   │ 33800000  │   16400   │  1072710800   │       │         │      │
│   17    │ 84.5 │ 84.5 │ 84.5 │ 84.5 │ 4800 │ 405600000 │   33200   │  4800   │ 405600000 │ 1496162000 │ 1675680240000 │ '2023-02-06T10:44:00.000Z' │ 100  │  0   │  0  │ Infinity │    0     │ 871.4 │ 544.9 │  0  │ 5.5 │  4800  │ 405600000 │   21200   │  1478310800   │       │         │      │
│   18    │ 84.5 │ 84.5 │ 84.5 │ 84.5 │ 1000 │ 84500000  │   34200   │  1000   │ 84500000  │ 1580662000 │ 1675680360000 │ '2023-02-06T10:46:00.000Z' │ 100  │  0   │  0  │ Infinity │    0     │ 871.4 │ 544.9 │  0  │ 1.1 │  1000  │ 84500000  │   22200   │  1562810800   │       │         │      │
│   19    │ 84.5 │ 84.5 │ 84.5 │ 84.5 │ 100  │  8450000  │   34300   │   100   │  8450000  │ 1589112000 │ 1675680960000 │ '2023-02-06T10:56:00.000Z' │ 100  │  0   │  0  │ Infinity │    0     │ 871.4 │ 544.9 │  0  │ 0.1 │  100   │  8450000  │   22300   │  1571260800   │       │         │      │
│   20    │ 84.5 │ 84.5 │ 84.5 │ 84.5 │ 2000 │ 169000000 │   36300   │  2000   │ 169000000 │ 1758112000 │ 1675681680000 │ '2023-02-06T11:08:00.000Z' │ 100  │  0   │  0  │ Infinity │    0     │ 871.4 │ 544.9 │  0  │ 2.3 │  2000  │ 169000000 │   24300   │  1740260800   │       │         │      │
├─────────┼──────┼──────┼──────┼──────┼──────┼───────────┼───────────┼─────────┼───────────┼────────────┼───────────────┼────────────────────────────┼──────┼──────┼─────┼──────────┼──────────┼───────┼───────┼─────┼─────┼────────┼───────────┼───────────┼───────────────┼───────┼─────────┼──────┤
│ (index) │  c   │  h   │  l   │  o   │  bu  │  val_bu   │ total_vol │ sum_vol │    val    │  acum_val  │   datetime    │            date            │ pbu  │ psd  │ puk │    bs    │    sb    │  abu  │  asd  │ auk │ rbu │ bu-sd  │ bu-sd_val │ acum_busd │ acum_busd_val │  sd   │ val_sd  │ rsd  │
├─────────┼──────┼──────┼──────┼──────┼──────┼───────────┼───────────┼─────────┼───────────┼────────────┼───────────────┼────────────────────────────┼──────┼──────┼─────┼──────────┼──────────┼───────┼───────┼─────┼─────┼────────┼───────────┼───────────┼───────────────┼───────┼─────────┼──────┤
│   21    │ 84.5 │ 84.5 │ 84.5 │ 84.5 │ 500  │ 42250000  │   36800   │   500   │ 42250000  │ 1800362000 │ 1675681800000 │ '2023-02-06T11:10:00.000Z' │ 100  │  0   │  0  │ Infinity │    0     │ 871.4 │ 544.9 │  0  │ 0.6 │  500   │ 42250000  │   24800   │  1782510800   │       │         │      │
│   22    │ 84.3 │ 84.3 │ 84.3 │ 84.3 │      │           │   36900   │   100   │  8430000  │ 1808792000 │ 1675681920000 │ '2023-02-06T11:12:00.000Z' │  0   │ 100  │  0  │    0     │ Infinity │ 871.4 │ 544.9 │  0  │     │  -100  │ -8430000  │   24700   │  1774080800   │  100  │ 8430000 │ 0.2  │
│   23    │ 84.3 │ 84.3 │ 84.3 │ 84.3 │      │           │   37000   │   100   │  8430000  │ 1817222000 │ 1675682640000 │ '2023-02-06T11:24:00.000Z' │  0   │ 100  │  0  │    0     │ Infinity │ 871.4 │ 544.9 │  0  │     │  -100  │ -8430000  │   24600   │  1765650800   │  100  │ 8430000 │ 0.2  │
│   24    │ 84.3 │ 84.3 │ 84.3 │ 84.3 │ 100  │  8430000  │   37100   │   100   │  8430000  │ 1825652000 │ 1675682760000 │ '2023-02-06T11:26:00.000Z' │ 100  │  0   │  0  │ Infinity │    0     │ 871.4 │ 544.9 │  0  │ 0.1 │  100   │  8430000  │   24700   │  1774080800   │       │         │      │
│   25    │ 84.3 │ 84.3 │ 84.3 │ 84.3 │ 100  │  8430000  │   37200   │   100   │  8430000  │ 1834082000 │ 1675688520000 │ '2023-02-06T13:02:00.000Z' │ 100  │  0   │  0  │ Infinity │    0     │ 871.4 │ 544.9 │  0  │ 0.1 │  100   │  8430000  │   24800   │  1782510800   │       │         │      │
│   26    │ 84.2 │ 84.2 │ 84.2 │ 84.2 │ 100  │  8420000  │   37300   │   100   │  8420000  │ 1842502000 │ 1675688880000 │ '2023-02-06T13:08:00.000Z' │ 100  │  0   │  0  │ Infinity │    0     │ 871.4 │ 544.9 │  0  │ 0.1 │  100   │  8420000  │   24900   │  1790930800   │       │         │      │
│   27    │ 84.3 │ 84.3 │ 84.3 │ 84.3 │ 300  │ 25290000  │   37600   │   300   │ 25290000  │ 1867792000 │ 1675689240000 │ '2023-02-06T13:14:00.000Z' │ 100  │  0   │  0  │ Infinity │    0     │ 871.4 │ 544.9 │  0  │ 0.3 │  300   │ 25290000  │   25200   │  1816220800   │       │         │      │
│   28    │  84  │  84  │  84  │  84  │      │           │   38600   │  1000   │   84000   │ 1867876000 │ 1675689360000 │ '2023-02-06T13:16:00.000Z' │  0   │ 100  │  0  │    0     │ Infinity │ 871.4 │ 544.9 │  0  │     │ -1000  │  -84000   │   24200   │  1816136800   │ 1000  │  84000  │ 1.8  │
│   29    │ 84.3 │ 84.3 │ 84.3 │ 84.3 │ 200  │ 16860000  │   38800   │   200   │ 16860000  │ 1884736000 │ 1675689480000 │ '2023-02-06T13:18:00.000Z' │ 100  │  0   │  0  │ Infinity │    0     │ 871.4 │ 544.9 │  0  │ 0.2 │  200   │ 16860000  │   24400   │  1832996800   │       │         │      │
│   30    │ 84.3 │ 84.3 │  84  │  84  │ 2500 │ 210750000 │   42300   │  3500   │ 210834000 │ 2095570000 │ 1675689600000 │ '2023-02-06T13:20:00.000Z' │ 71.4 │ 28.6 │  0  │   2.5    │   0.4    │ 871.4 │ 544.9 │  0  │ 2.9 │  1500  │ 210666000 │   25900   │  2043662800   │ 1000  │  84000  │ 1.8  │
│   31    │ 84.4 │ 84.4 │ 84.3 │ 84.3 │ 1600 │ 134930000 │   43900   │  1600   │ 134930000 │ 2230500000 │ 1675689720000 │ '2023-02-06T13:22:00.000Z' │ 100  │  0   │  0  │ Infinity │    0     │ 871.4 │ 544.9 │  0  │ 1.8 │  1600  │ 134930000 │   27500   │  2178592800   │       │         │      │
│   32    │ 84.4 │ 84.4 │ 84.4 │ 84.4 │ 100  │  8440000  │   44000   │   100   │  8440000  │ 2238940000 │ 1675690080000 │ '2023-02-06T13:28:00.000Z' │ 100  │  0   │  0  │ Infinity │    0     │ 871.4 │ 544.9 │  0  │ 0.1 │  100   │  8440000  │   27600   │  2187032800   │       │         │      │
│   33    │  84  │  84  │  84  │  84  │ 400  │   33600   │   44400   │   400   │   33600   │ 2238973600 │ 1675690680000 │ '2023-02-06T13:38:00.000Z' │ 100  │  0   │  0  │ Infinity │    0     │ 871.4 │ 544.9 │  0  │ 0.5 │  400   │   33600   │   28000   │  2187066400   │       │         │      │
│   34    │  84  │  84  │  84  │  84  │ 200  │   16800   │   44600   │   200   │   16800   │ 2238990400 │ 1675691040000 │ '2023-02-06T13:44:00.000Z' │ 100  │  0   │  0  │ Infinity │    0     │ 871.4 │ 544.9 │  0  │ 0.2 │  200   │   16800   │   28200   │  2187083200   │       │         │      │
│   35    │  84  │  84  │  84  │  84  │ 1000 │   84000   │   45600   │  1000   │   84000   │ 2239074400 │ 1675691400000 │ '2023-02-06T13:50:00.000Z' │ 100  │  0   │  0  │ Infinity │    0     │ 871.4 │ 544.9 │  0  │ 1.1 │  1000  │   84000   │   29200   │  2187167200   │       │         │      │
│   36    │  84  │  84  │  84  │  84  │ 1000 │   84000   │   46600   │  1000   │   84000   │ 2239158400 │ 1675691520000 │ '2023-02-06T13:52:00.000Z' │ 100  │  0   │  0  │ Infinity │    0     │ 871.4 │ 544.9 │  0  │ 1.1 │  1000  │   84000   │   30200   │  2187251200   │       │         │      │
│   37    │ 84.4 │ 84.4 │  84  │  84  │ 900  │ 42233600  │   47500   │   900   │ 42233600  │ 2281392000 │ 1675691640000 │ '2023-02-06T13:54:00.000Z' │ 100  │  0   │  0  │ Infinity │    0     │ 871.4 │ 544.9 │  0  │  1  │  900   │ 42233600  │   31100   │  2229484800   │       │         │      │
│   38    │ 84.4 │ 84.4 │ 84.4 │ 84.4 │ 100  │  8440000  │   47600   │   100   │  8440000  │ 2289832000 │ 1675691880000 │ '2023-02-06T13:58:00.000Z' │ 100  │  0   │  0  │ Infinity │    0     │ 871.4 │ 544.9 │  0  │ 0.1 │  100   │  8440000  │   31200   │  2237924800   │       │         │      │
│   39    │  84  │  84  │  84  │  84  │      │           │   47700   │   100   │   8400    │ 2289840400 │ 1675692000000 │ '2023-02-06T14:00:00.000Z' │  0   │ 100  │  0  │    0     │ Infinity │ 871.4 │ 544.9 │  0  │     │  -100  │   -8400   │   31100   │  2237916400   │  100  │  8400   │ 0.2  │
│   40    │ 83.9 │  84  │ 83.9 │  84  │ 200  │   16800   │   48200   │   500   │  8423600  │ 2298264000 │ 1675692120000 │ '2023-02-06T14:02:00.000Z' │  40  │  60  │  0  │   0.7    │   1.5    │ 871.4 │ 544.9 │  0  │ 0.2 │  -100  │ -8390000  │   31000   │  2229526400   │  300  │ 8406800 │ 0.6  │
├─────────┼──────┼──────┼──────┼──────┼──────┼───────────┼───────────┼─────────┼───────────┼────────────┼───────────────┼────────────────────────────┼──────┼──────┼─────┼──────────┼──────────┼───────┼───────┼─────┼─────┼────────┼───────────┼───────────┼───────────────┼───────┼─────────┼──────┤
│ (index) │  c   │  h   │  l   │  o   │  bu  │  val_bu   │ total_vol │ sum_vol │    val    │  acum_val  │   datetime    │            date            │ pbu  │ psd  │ puk │    bs    │    sb    │  abu  │  asd  │ auk │ rbu │ bu-sd  │ bu-sd_val │ acum_busd │ acum_busd_val │  sd   │ val_sd  │ rsd  │
├─────────┼──────┼──────┼──────┼──────┼──────┼───────────┼───────────┼─────────┼───────────┼────────────┼───────────────┼────────────────────────────┼──────┼──────┼─────┼──────────┼──────────┼───────┼───────┼─────┼─────┼────────┼───────────┼───────────┼───────────────┼───────┼─────────┼──────┤
│   41    │ 84.4 │ 84.4 │  84  │  84  │ 900  │ 16938800  │   49100   │   900   │ 16938800  │ 2315202800 │ 1675692360000 │ '2023-02-06T14:06:00.000Z' │ 100  │  0   │  0  │ Infinity │    0     │ 871.4 │ 544.9 │  0  │  1  │  900   │ 16938800  │   31900   │  2246465200   │       │         │      │
│   42    │ 84.4 │ 84.4 │ 84.4 │ 84.4 │ 100  │  8440000  │   49200   │   100   │  8440000  │ 2323642800 │ 1675692480000 │ '2023-02-06T14:08:00.000Z' │ 100  │  0   │  0  │ Infinity │    0     │ 871.4 │ 544.9 │  0  │ 0.1 │  100   │  8440000  │   32000   │  2254905200   │       │         │      │
│   43    │ 84.3 │ 84.3 │ 84.3 │ 84.3 │ 200  │ 16860000  │   49400   │   200   │ 16860000  │ 2340502800 │ 1675692600000 │ '2023-02-06T14:10:00.000Z' │ 100  │  0   │  0  │ Infinity │    0     │ 871.4 │ 544.9 │  0  │ 0.2 │  200   │ 16860000  │   32200   │  2271765200   │       │         │      │
│   44    │ 84.4 │ 84.4 │ 84.3 │ 84.3 │ 1200 │ 101200000 │   50600   │  1200   │ 101200000 │ 2441702800 │ 1675692960000 │ '2023-02-06T14:16:00.000Z' │ 100  │  0   │  0  │ Infinity │    0     │ 871.4 │ 544.9 │  0  │ 1.4 │  1200  │ 101200000 │   33400   │  2372965200   │       │         │      │
│   45    │ 84.4 │ 84.4 │ 84.4 │ 84.4 │ 100  │  8440000  │   50700   │   100   │  8440000  │ 2450142800 │ 1675693080000 │ '2023-02-06T14:18:00.000Z' │ 100  │  0   │  0  │ Infinity │    0     │ 871.4 │ 544.9 │  0  │ 0.1 │  100   │  8440000  │   33500   │  2381405200   │       │         │      │
│   46    │ 84.3 │ 84.3 │ 84.3 │ 84.3 │ 300  │ 25290000  │   51000   │   300   │ 25290000  │ 2475432800 │ 1675693320000 │ '2023-02-06T14:22:00.000Z' │ 100  │  0   │  0  │ Infinity │    0     │ 871.4 │ 544.9 │  0  │ 0.3 │  300   │ 25290000  │   33800   │  2406695200   │       │         │      │
│   47    │ 84.3 │ 84.3 │ 84.3 │ 84.3 │ 300  │ 25290000  │   51300   │   300   │ 25290000  │ 2500722800 │ 1675693440000 │ '2023-02-06T14:24:00.000Z' │ 100  │  0   │  0  │ Infinity │    0     │ 871.4 │ 544.9 │  0  │ 0.3 │  300   │ 25290000  │   34100   │  2431985200   │       │         │      │
│   48    │  84  │  84  │  84  │  84  │      │           │   69400   │  18100  │  1520400  │ 2502243200 │ 1675694640000 │ '2023-02-06T14:44:00.000Z' │  0   │ 100  │  0  │    0     │ Infinity │ 871.4 │ 544.9 │  0  │     │ -18100 │ -1520400  │   16000   │  2430464800   │ 18100 │ 1520400 │ 33.2 │
└─────────┴──────┴──────┴──────┴──────┴──────┴───────────┴───────────┴─────────┴───────────┴────────────┴───────────────┴────────────────────────────┴──────┴──────┴─────┴──────────┴──────────┴───────┴───────┴─────┴─────┴────────┴───────────┴───────────┴───────────────┴───────┴─────────┴──────┘

