┌─────────┬───────┬───────┬───────┬───────┬───────┬───────────┬───────────┬─────────┬───────────┬───────────┬───────────────┬────────────────────────────┬─────┬──────┬─────┬──────────┬──────────┬───────┬───────┬─────┬──────┬────────┬────────────┬───────────┬───────────────┬──────┬──────────┬─────┐
│ (index) │   c   │   h   │   l   │   o   │  sd   │  val_sd   │ total_vol │ sum_vol │    val    │ acum_val  │   datetime    │            date            │ pbu │ psd  │ puk │    bs    │    sb    │  abu  │  asd  │ auk │ rsd  │ bu-sd  │ bu-sd_val  │ acum_busd │ acum_busd_val │  bu  │  val_bu  │ rbu │
├─────────┼───────┼───────┼───────┼───────┼───────┼───────────┼───────────┼─────────┼───────────┼───────────┼───────────────┼────────────────────────────┼─────┼──────┼─────┼──────────┼──────────┼───────┼───────┼─────┼──────┼────────┼────────────┼───────────┼───────────────┼──────┼──────────┼─────┤
│    0    │ 23.45 │ 23.45 │ 23.45 │ 23.45 │  200  │  4690000  │    200    │   200   │  4690000  │  4690000  │ 1675674960000 │ '2023-02-06T09:16:00.000Z' │  0  │ 100  │  0  │    0     │ Infinity │ 307.7 │ 992.3 │  0  │ 0.2  │  -200  │  -4690000  │   -200    │   -4690000    │      │          │     │
│    1    │ 23.15 │ 23.15 │ 23.15 │ 23.15 │ 1000  │ 23150000  │   2200    │  2000   │ 46300000  │ 50990000  │ 1675675200000 │ '2023-02-06T09:20:00.000Z' │ 50  │  50  │  0  │    1     │    1     │ 307.7 │ 992.3 │  0  │  1   │   0    │     0      │   -200    │   -4690000    │ 1000 │ 23150000 │ 3.2 │
│    2    │ 23.2  │ 23.2  │ 23.2  │ 23.2  │       │           │   3700    │  1500   │ 34800000  │ 85790000  │ 1675675560000 │ '2023-02-06T09:26:00.000Z' │ 100 │  0   │  0  │ Infinity │    0     │ 307.7 │ 992.3 │  0  │      │  1500  │  34800000  │   1300    │   30110000    │ 1500 │ 34800000 │ 4.9 │
│    3    │ 23.2  │ 23.2  │ 23.2  │ 23.2  │       │           │   4700    │  1000   │ 23200000  │ 108990000 │ 1675675680000 │ '2023-02-06T09:28:00.000Z' │ 100 │  0   │  0  │ Infinity │    0     │ 307.7 │ 992.3 │  0  │      │  1000  │  23200000  │   2300    │   53310000    │ 1000 │ 23200000 │ 3.2 │
│    4    │ 23.2  │ 23.2  │ 23.2  │ 23.2  │       │           │   5900    │  1200   │ 27840000  │ 136830000 │ 1675675920000 │ '2023-02-06T09:32:00.000Z' │ 100 │  0   │  0  │ Infinity │    0     │ 307.7 │ 992.3 │  0  │      │  1200  │  27840000  │   3500    │   81150000    │ 1200 │ 27840000 │ 3.9 │
│    5    │ 23.2  │ 23.2  │ 23.2  │ 23.2  │       │           │   7400    │  1500   │ 34800000  │ 171630000 │ 1675676040000 │ '2023-02-06T09:34:00.000Z' │ 100 │  0   │  0  │ Infinity │    0     │ 307.7 │ 992.3 │  0  │      │  1500  │  34800000  │   5000    │   115950000   │ 1500 │ 34800000 │ 4.9 │
│    6    │ 23.25 │ 23.25 │ 23.25 │ 23.25 │  900  │ 20925000  │   8300    │   900   │ 20925000  │ 192555000 │ 1675677240000 │ '2023-02-06T09:54:00.000Z' │  0  │ 100  │  0  │    0     │ Infinity │ 307.7 │ 992.3 │  0  │ 0.9  │  -900  │ -20925000  │   4100    │   95025000    │      │          │     │
│    7    │ 23.25 │ 23.25 │ 23.25 │ 23.25 │       │           │   8400    │   100   │  2325000  │ 194880000 │ 1675677360000 │ '2023-02-06T09:56:00.000Z' │ 100 │  0   │  0  │ Infinity │    0     │ 307.7 │ 992.3 │  0  │      │  100   │  2325000   │   4200    │   97350000    │ 100  │ 2325000  │ 0.3 │
│    8    │ 23.45 │ 23.45 │ 23.45 │ 23.45 │       │           │   8800    │   400   │  9380000  │ 204260000 │ 1675677600000 │ '2023-02-06T10:00:00.000Z' │ 100 │  0   │  0  │ Infinity │    0     │ 307.7 │ 992.3 │  0  │      │  400   │  9380000   │   4600    │   106730000   │ 400  │ 9380000  │ 1.3 │
│    9    │  23   │ 23.3  │  23   │ 23.3  │ 12000 │ 277405000 │   20800   │  12000  │ 277405000 │ 481665000 │ 1675679280000 │ '2023-02-06T10:28:00.000Z' │  0  │ 100  │  0  │    0     │ Infinity │ 307.7 │ 992.3 │  0  │ 12.1 │ -12000 │ -277405000 │   -7400   │  -170675000   │      │          │     │
│   10    │  23   │ 23.05 │  23   │ 23.05 │ 1000  │ 23020000  │   21800   │  1000   │ 23020000  │ 504685000 │ 1675679640000 │ '2023-02-06T10:34:00.000Z' │  0  │ 100  │  0  │    0     │ Infinity │ 307.7 │ 992.3 │  0  │  1   │ -1000  │ -23020000  │   -8400   │  -193695000   │      │          │     │
│   11    │  23   │ 23.05 │  23   │ 23.05 │  900  │ 20730000  │   22700   │   900   │ 20730000  │ 525415000 │ 1675680480000 │ '2023-02-06T10:48:00.000Z' │  0  │ 100  │  0  │    0     │ Infinity │ 307.7 │ 992.3 │  0  │ 0.9  │  -900  │ -20730000  │   -9300   │  -214425000   │      │          │     │
│   12    │ 23.5  │ 23.5  │ 23.5  │ 23.5  │       │           │   22800   │   100   │  2350000  │ 527765000 │ 1675681920000 │ '2023-02-06T11:12:00.000Z' │ 100 │  0   │  0  │ Infinity │    0     │ 307.7 │ 992.3 │  0  │      │  100   │  2350000   │   -9200   │  -212075000   │ 100  │ 2350000  │ 0.3 │
│   13    │ 23.4  │ 23.4  │ 23.4  │ 23.4  │       │           │   23000   │   200   │  4680000  │ 532445000 │ 1675682280000 │ '2023-02-06T11:18:00.000Z' │ 100 │  0   │  0  │ Infinity │    0     │ 307.7 │ 992.3 │  0  │      │  200   │  4680000   │   -9000   │  -207395000   │ 200  │ 4680000  │ 0.6 │
│   14    │ 23.3  │ 23.3  │ 23.3  │ 23.3  │  100  │  2330000  │   23100   │   100   │  2330000  │ 534775000 │ 1675688880000 │ '2023-02-06T13:08:00.000Z' │  0  │ 100  │  0  │    0     │ Infinity │ 307.7 │ 992.3 │  0  │ 0.1  │  -100  │  -2330000  │   -9100   │  -209725000   │      │          │     │
│   15    │ 23.4  │ 23.4  │ 23.4  │ 23.4  │       │           │   23400   │   300   │  7020000  │ 541795000 │ 1675689720000 │ '2023-02-06T13:22:00.000Z' │ 100 │  0   │  0  │ Infinity │    0     │ 307.7 │ 992.3 │  0  │      │  300   │  7020000   │   -8800   │  -202705000   │ 300  │ 7020000  │  1  │
│   16    │ 23.4  │ 23.4  │ 23.4  │ 23.4  │       │           │   23600   │   200   │  4680000  │ 546475000 │ 1675689960000 │ '2023-02-06T13:26:00.000Z' │ 100 │  0   │  0  │ Infinity │    0     │ 307.7 │ 992.3 │  0  │      │  200   │  4680000   │   -8600   │  -198025000   │ 200  │ 4680000  │ 0.6 │
│   17    │ 23.1  │ 23.1  │ 23.1  │ 23.1  │ 1000  │ 23100000  │   24600   │  1000   │ 23100000  │ 569575000 │ 1675691520000 │ '2023-02-06T13:52:00.000Z' │  0  │ 100  │  0  │    0     │ Infinity │ 307.7 │ 992.3 │  0  │  1   │ -1000  │ -23100000  │   -9600   │  -221125000   │      │          │     │
│   18    │ 23.1  │ 23.1  │ 23.1  │ 23.1  │  100  │  2310000  │   24700   │   100   │  2310000  │ 571885000 │ 1675692000000 │ '2023-02-06T14:00:00.000Z' │  0  │ 100  │  0  │    0     │ Infinity │ 307.7 │ 992.3 │  0  │ 0.1  │  -100  │  -2310000  │   -9700   │  -223435000   │      │          │     │
│   19    │ 23.1  │ 23.1  │ 23.1  │ 23.1  │  200  │  4620000  │   24900   │   200   │  4620000  │ 576505000 │ 1675692120000 │ '2023-02-06T14:02:00.000Z' │  0  │ 100  │  0  │    0     │ Infinity │ 307.7 │ 992.3 │  0  │ 0.2  │  -200  │  -4620000  │   -9900   │  -228055000   │      │          │     │
│   20    │ 23.1  │ 23.1  │ 23.1  │ 23.1  │  900  │ 20790000  │   25800   │   900   │ 20790000  │ 597295000 │ 1675692240000 │ '2023-02-06T14:04:00.000Z' │  0  │ 100  │  0  │    0     │ Infinity │ 307.7 │ 992.3 │  0  │ 0.9  │  -900  │ -20790000  │  -10800   │  -248845000   │      │          │     │
├─────────┼───────┼───────┼───────┼───────┼───────┼───────────┼───────────┼─────────┼───────────┼───────────┼───────────────┼────────────────────────────┼─────┼──────┼─────┼──────────┼──────────┼───────┼───────┼─────┼──────┼────────┼────────────┼───────────┼───────────────┼──────┼──────────┼─────┤
│ (index) │   c   │   h   │   l   │   o   │  sd   │  val_sd   │ total_vol │ sum_vol │    val    │ acum_val  │   datetime    │            date            │ pbu │ psd  │ puk │    bs    │    sb    │  abu  │  asd  │ auk │ rsd  │ bu-sd  │ bu-sd_val  │ acum_busd │ acum_busd_val │  bu  │  val_bu  │ rbu │
├─────────┼───────┼───────┼───────┼───────┼───────┼───────────┼───────────┼─────────┼───────────┼───────────┼───────────────┼────────────────────────────┼─────┼──────┼─────┼──────────┼──────────┼───────┼───────┼─────┼──────┼────────┼────────────┼───────────┼───────────────┼──────┼──────────┼─────┤
│   21    │ 23.1  │ 23.1  │ 23.1  │ 23.1  │  300  │  6930000  │   26100   │   300   │  6930000  │ 604225000 │ 1675692360000 │ '2023-02-06T14:06:00.000Z' │  0  │ 100  │  0  │    0     │ Infinity │ 307.7 │ 992.3 │  0  │ 0.3  │  -300  │  -6930000  │  -11100   │  -255775000   │      │          │     │
│   22    │ 23.1  │ 23.1  │ 23.1  │ 23.1  │ 2000  │ 46200000  │   28200   │  2100   │ 48510000  │ 652735000 │ 1675692840000 │ '2023-02-06T14:14:00.000Z' │ 4.8 │ 95.2 │  0  │   0.1    │    20    │ 307.7 │ 992.3 │  0  │  2   │ -1900  │ -43890000  │  -13000   │  -299665000   │ 100  │ 2310000  │ 0.3 │
│   23    │  23   │  23   │  23   │  23   │ 5200  │ 119600000 │   33400   │  5200   │ 119600000 │ 772335000 │ 1675692960000 │ '2023-02-06T14:16:00.000Z' │  0  │ 100  │  0  │    0     │ Infinity │ 307.7 │ 992.3 │  0  │ 5.2  │ -5200  │ -119600000 │  -18200   │  -419265000   │      │          │     │
│   24    │ 23.1  │ 23.1  │ 23.1  │ 23.1  │       │           │   33600   │   200   │  4620000  │ 776955000 │ 1675693320000 │ '2023-02-06T14:22:00.000Z' │ 100 │  0   │  0  │ Infinity │    0     │ 307.7 │ 992.3 │  0  │      │  200   │  4620000   │  -18000   │  -414645000   │ 200  │ 4620000  │ 0.6 │
│   25    │ 23.4  │ 23.4  │ 23.4  │ 23.4  │       │           │   33800   │   200   │  4680000  │ 781635000 │ 1675693680000 │ '2023-02-06T14:28:00.000Z' │ 100 │  0   │  0  │ Infinity │    0     │ 307.7 │ 992.3 │  0  │      │  200   │  4680000   │  -17800   │  -409965000   │ 200  │ 4680000  │ 0.6 │
└─────────┴───────┴───────┴───────┴───────┴───────┴───────────┴───────────┴─────────┴───────────┴───────────┴───────────────┴────────────────────────────┴─────┴──────┴─────┴──────────┴──────────┴───────┴───────┴─────┴──────┴────────┴────────────┴───────────┴───────────────┴──────┴──────────┴─────┘

