┌─────────┬──────┬──────┬──────┬──────┬──────┬──────────┬───────────┬─────────┬──────────┬───────────┬───────────────┬────────────────────────────┬─────┬──────┬─────┬──────────┬──────────┬───────┬──────┬─────┬─────┬───────┬───────────┬───────────┬───────────────┬──────┬──────────┬──────┐
│ (index) │  c   │  h   │  l   │  o   │  sd  │  val_sd  │ total_vol │ sum_vol │   val    │ acum_val  │   datetime    │            date            │ pbu │ psd  │ puk │    bs    │    sb    │  abu  │ asd  │ auk │ rsd │ bu-sd │ bu-sd_val │ acum_busd │ acum_busd_val │  bu  │  val_bu  │ rbu  │
├─────────┼──────┼──────┼──────┼──────┼──────┼──────────┼───────────┼─────────┼──────────┼───────────┼───────────────┼────────────────────────────┼─────┼──────┼─────┼──────────┼──────────┼───────┼──────┼─────┼─────┼───────┼───────────┼───────────┼───────────────┼──────┼──────────┼──────┤
│    0    │ 6.76 │ 6.76 │ 6.76 │ 6.76 │ 100  │  676000  │    100    │   100   │  676000  │  676000   │ 1675676160000 │ '2023-02-06T09:36:00.000Z' │  0  │ 100  │  0  │    0     │ Infinity │ 342.9 │ 1481 │  0  │ 0.1 │ -100  │  -676000  │   -100    │    -676000    │      │          │      │
│    1    │ 6.85 │ 6.85 │ 6.85 │ 6.85 │      │          │    200    │   100   │  685000  │  1361000  │ 1675676280000 │ '2023-02-06T09:38:00.000Z' │ 100 │  0   │  0  │ Infinity │    0     │ 342.9 │ 1481 │  0  │     │  100  │  685000   │     0     │     9000      │ 100  │  685000  │ 0.3  │
│    2    │  7   │  7   │ 6.99 │ 6.99 │      │          │    700    │   500   │  701800  │  2062800  │ 1675677240000 │ '2023-02-06T09:54:00.000Z' │ 100 │  0   │  0  │ Infinity │    0     │ 342.9 │ 1481 │  0  │     │  500  │  701800   │    500    │    710800     │ 500  │  701800  │ 1.5  │
│    3    │ 6.8  │ 6.82 │ 6.8  │ 6.82 │ 4300 │ 29260000 │   5000    │  4300   │ 29260000 │ 31322800  │ 1675678440000 │ '2023-02-06T10:14:00.000Z' │  0  │ 100  │  0  │    0     │ Infinity │ 342.9 │ 1481 │  0  │ 2.9 │ -4300 │ -29260000 │   -3800   │   -28549200   │      │          │      │
│    4    │ 6.87 │ 6.87 │ 6.87 │ 6.87 │ 100  │  687000  │   5100    │   100   │  687000  │ 32009800  │ 1675679640000 │ '2023-02-06T10:34:00.000Z' │  0  │ 100  │  0  │    0     │ Infinity │ 342.9 │ 1481 │  0  │ 0.1 │ -100  │  -687000  │   -3900   │   -29236200   │      │          │      │
│    5    │ 6.86 │ 6.86 │ 6.86 │ 6.86 │ 200  │ 1372000  │   5300    │   200   │ 1372000  │ 33381800  │ 1675679760000 │ '2023-02-06T10:36:00.000Z' │  0  │ 100  │  0  │    0     │ Infinity │ 342.9 │ 1481 │  0  │ 0.1 │ -200  │ -1372000  │   -4100   │   -30608200   │      │          │      │
│    6    │ 6.86 │ 6.86 │ 6.86 │ 6.86 │ 100  │  686000  │   5400    │   100   │  686000  │ 34067800  │ 1675679880000 │ '2023-02-06T10:38:00.000Z' │  0  │ 100  │  0  │    0     │ Infinity │ 342.9 │ 1481 │  0  │ 0.1 │ -100  │  -686000  │   -4200   │   -31294200   │      │          │      │
│    7    │ 6.86 │ 6.86 │ 6.86 │ 6.86 │ 300  │ 2058000  │   5700    │   300   │ 2058000  │ 36125800  │ 1675680240000 │ '2023-02-06T10:44:00.000Z' │  0  │ 100  │  0  │    0     │ Infinity │ 342.9 │ 1481 │  0  │ 0.2 │ -300  │ -2058000  │   -4500   │   -33352200   │      │          │      │
│    8    │ 6.87 │ 6.89 │ 6.87 │ 6.89 │ 300  │ 2064000  │   6000    │   300   │ 2064000  │ 38189800  │ 1675680840000 │ '2023-02-06T10:54:00.000Z' │  0  │ 100  │  0  │    0     │ Infinity │ 342.9 │ 1481 │  0  │ 0.2 │ -300  │ -2064000  │   -4800   │   -35416200   │      │          │      │
│    9    │ 6.99 │ 6.99 │ 6.99 │ 6.99 │      │          │   6100    │   100   │  699000  │ 38888800  │ 1675681920000 │ '2023-02-06T11:12:00.000Z' │ 100 │  0   │  0  │ Infinity │    0     │ 342.9 │ 1481 │  0  │     │  100  │  699000   │   -4700   │   -34717200   │ 100  │  699000  │ 0.3  │
│   10    │ 6.87 │ 6.89 │ 6.87 │ 6.89 │ 1000 │ 6875000  │   7100    │  1000   │ 6875000  │ 45763800  │ 1675682040000 │ '2023-02-06T11:14:00.000Z' │  0  │ 100  │  0  │    0     │ Infinity │ 342.9 │ 1481 │  0  │ 0.7 │ -1000 │ -6875000  │   -5700   │   -41592200   │      │          │      │
│   11    │ 6.87 │ 6.87 │ 6.87 │ 6.87 │ 600  │ 4122000  │   7700    │   600   │ 4122000  │ 49885800  │ 1675682280000 │ '2023-02-06T11:18:00.000Z' │  0  │ 100  │  0  │    0     │ Infinity │ 342.9 │ 1481 │  0  │ 0.4 │ -600  │ -4122000  │   -6300   │   -45714200   │      │          │      │
│   12    │ 6.86 │ 6.87 │ 6.86 │ 6.87 │ 3300 │ 22661000 │   11000   │  3300   │ 22661000 │ 72546800  │ 1675682400000 │ '2023-02-06T11:20:00.000Z' │  0  │ 100  │  0  │    0     │ Infinity │ 342.9 │ 1481 │  0  │ 2.2 │ -3300 │ -22661000 │   -9600   │   -68375200   │      │          │      │
│   13    │ 6.86 │ 6.88 │ 6.86 │ 6.88 │ 9800 │ 67282000 │   20900   │  9900   │ 67968000 │ 140514800 │ 1675690440000 │ '2023-02-06T13:34:00.000Z' │  1  │  99  │  0  │    0     │    98    │ 342.9 │ 1481 │  0  │ 6.6 │ -9700 │ -66596000 │  -19300   │  -134971200   │ 100  │  686000  │ 0.3  │
│   14    │ 6.86 │ 6.86 │ 6.86 │ 6.86 │      │          │   21000   │   100   │  686000  │ 141200800 │ 1675690560000 │ '2023-02-06T13:36:00.000Z' │ 100 │  0   │  0  │ Infinity │    0     │ 342.9 │ 1481 │  0  │     │  100  │  686000   │  -19200   │  -134285200   │ 100  │  686000  │ 0.3  │
│   15    │ 6.8  │ 6.85 │ 6.8  │ 6.85 │ 7000 │ 47620000 │   28000   │  7000   │ 47620000 │ 188820800 │ 1675690680000 │ '2023-02-06T13:38:00.000Z' │  0  │ 100  │  0  │    0     │ Infinity │ 342.9 │ 1481 │  0  │ 4.7 │ -7000 │ -47620000 │  -26200   │  -181905200   │      │          │      │
│   16    │ 6.7  │ 6.79 │ 6.7  │ 6.79 │ 4000 │ 27043000 │   32200   │  4200   │ 28383000 │ 217203800 │ 1675691040000 │ '2023-02-06T13:44:00.000Z' │ 4.8 │ 95.2 │  0  │   0.1    │    20    │ 342.9 │ 1481 │  0  │ 2.7 │ -3800 │ -25703000 │  -30000   │  -207608200   │ 200  │ 1340000  │ 0.6  │
│   17    │ 6.7  │ 6.7  │ 6.7  │ 6.7  │      │          │   32400   │   200   │ 1340000  │ 218543800 │ 1675691160000 │ '2023-02-06T13:46:00.000Z' │ 100 │  0   │  0  │ Infinity │    0     │ 342.9 │ 1481 │  0  │     │  200  │  1340000  │  -29800   │  -206268200   │ 200  │ 1340000  │ 0.6  │
│   18    │ 6.7  │ 6.7  │ 6.7  │ 6.7  │      │          │   38000   │  5600   │ 37520000 │ 256063800 │ 1675691400000 │ '2023-02-06T13:50:00.000Z' │ 100 │  0   │  0  │ Infinity │    0     │ 342.9 │ 1481 │  0  │     │ 5600  │ 37520000  │  -24200   │  -168748200   │ 5600 │ 37520000 │ 16.3 │
│   19    │ 6.86 │ 6.86 │ 6.86 │ 6.86 │      │          │   38200   │   200   │ 1372000  │ 257435800 │ 1675692240000 │ '2023-02-06T14:04:00.000Z' │ 100 │  0   │  0  │ Infinity │    0     │ 342.9 │ 1481 │  0  │     │  200  │  1372000  │  -24000   │  -167376200   │ 200  │ 1372000  │ 0.6  │
│   20    │ 6.94 │ 6.94 │ 6.94 │ 6.94 │      │          │   38300   │   100   │  694000  │ 258129800 │ 1675694640000 │ '2023-02-06T14:44:00.000Z' │ 100 │  0   │  0  │ Infinity │    0     │ 342.9 │ 1481 │  0  │     │  100  │  694000   │  -23900   │  -166682200   │ 100  │  694000  │ 0.3  │
├─────────┼──────┼──────┼──────┼──────┼──────┼──────────┼───────────┼─────────┼──────────┼───────────┼───────────────┼────────────────────────────┼─────┼──────┼─────┼──────────┼──────────┼───────┼──────┼─────┼─────┼───────┼───────────┼───────────┼───────────────┼──────┼──────────┼──────┤
│ (index) │  c   │  h   │  l   │  o   │  sd  │  val_sd  │ total_vol │ sum_vol │   val    │ acum_val  │   datetime    │            date            │ pbu │ psd  │ puk │    bs    │    sb    │  abu  │ asd  │ auk │ rsd │ bu-sd │ bu-sd_val │ acum_busd │ acum_busd_val │  bu  │  val_bu  │ rbu  │
├─────────┼──────┼──────┼──────┼──────┼──────┼──────────┼───────────┼─────────┼──────────┼───────────┼───────────────┼────────────────────────────┼─────┼──────┼─────┼──────────┼──────────┼───────┼──────┼─────┼─────┼───────┼───────────┼───────────┼───────────────┼──────┼──────────┼──────┤
└─────────┴──────┴──────┴──────┴──────┴──────┴──────────┴───────────┴─────────┴──────────┴───────────┴───────────────┴────────────────────────────┴─────┴──────┴─────┴──────────┴──────────┴───────┴──────┴─────┴─────┴───────┴───────────┴───────────┴───────────────┴──────┴──────────┴──────┘

