┌─────────┬──────┬──────┬──────┬──────┬──────┬──────────┬───────────┬─────────┬──────────┬───────────┬───────────────┬────────────────────────────┬──────┬──────┬─────┬──────────┬──────────┬───────┬──────┬─────┬─────┬────────┬───────────┬───────────┬───────────────┬───────┬──────────┬─────┐
│ (index) │  c   │  h   │  l   │  o   │  bu  │  val_bu  │ total_vol │ sum_vol │   val    │ acum_val  │   datetime    │            date            │ pbu  │ psd  │ puk │    bs    │    sb    │  abu  │ asd  │ auk │ rbu │ bu-sd  │ bu-sd_val │ acum_busd │ acum_busd_val │  sd   │  val_sd  │ rsd │
├─────────┼──────┼──────┼──────┼──────┼──────┼──────────┼───────────┼─────────┼──────────┼───────────┼───────────────┼────────────────────────────┼──────┼──────┼─────┼──────────┼──────────┼───────┼──────┼─────┼─────┼────────┼───────────┼───────────┼───────────────┼───────┼──────────┼─────┤
│    0    │ 3.77 │ 3.77 │ 3.77 │ 3.77 │ 100  │  377000  │    100    │   100   │  377000  │  377000   │ 1675674840000 │ '2023-02-06T09:14:00.000Z' │ 100  │  0   │  0  │ Infinity │    0     │ 952.5 │ 1765 │  0  │ 0.1 │  100   │  377000   │    100    │    377000     │       │          │     │
│    1    │ 3.76 │ 3.76 │ 3.76 │ 3.76 │ 900  │ 3384000  │    600    │   900   │ 3384000  │  3761000  │ 1675675440000 │ '2023-02-06T09:24:00.000Z' │ 100  │  0   │  0  │ Infinity │    0     │ 952.5 │ 1765 │  0  │ 0.9 │  900   │  3384000  │   1000    │    3761000    │       │          │     │
│    2    │ 3.75 │ 3.75 │ 3.74 │ 3.74 │ 1700 │ 6365000  │   6000    │  5000   │ 18740000 │ 22501000  │ 1675675680000 │ '2023-02-06T09:28:00.000Z' │  34  │  66  │  0  │   0.5    │   1.9    │ 952.5 │ 1765 │  0  │ 1.8 │ -1600  │ -6010000  │   -600    │   -2249000    │ 3300  │ 12375000 │ 1.9 │
│    3    │ 3.69 │ 3.69 │ 3.69 │ 3.69 │      │          │   6400    │   400   │ 1476000  │ 23977000  │ 1675676640000 │ '2023-02-06T09:44:00.000Z' │  0   │ 100  │  0  │    0     │ Infinity │ 952.5 │ 1765 │  0  │     │  -400  │ -1476000  │   -1000   │   -3725000    │  400  │ 1476000  │ 0.2 │
│    4    │ 3.65 │ 3.66 │ 3.65 │ 3.66 │      │          │   7000    │   600   │ 2191000  │ 26168000  │ 1675676880000 │ '2023-02-06T09:48:00.000Z' │  0   │ 100  │  0  │    0     │ Infinity │ 952.5 │ 1765 │  0  │     │  -600  │ -2191000  │   -1600   │   -5916000    │  600  │ 2191000  │ 0.3 │
│    5    │ 3.62 │ 3.68 │ 3.6  │ 3.68 │      │          │   12000   │  5000   │ 18133000 │ 44301000  │ 1675677480000 │ '2023-02-06T09:58:00.000Z' │  0   │ 100  │  0  │    0     │ Infinity │ 952.5 │ 1765 │  0  │     │ -5000  │ -18133000 │   -6600   │   -24049000   │ 5000  │ 18133000 │ 2.8 │
│    6    │ 3.61 │ 3.61 │ 3.61 │ 3.61 │      │          │   15400   │  3400   │ 12274000 │ 56575000  │ 1675677720000 │ '2023-02-06T10:02:00.000Z' │  0   │ 100  │  0  │    0     │ Infinity │ 952.5 │ 1765 │  0  │     │ -3400  │ -12274000 │  -10000   │   -36323000   │ 3400  │ 12274000 │ 1.9 │
│    7    │ 3.61 │ 3.61 │ 3.61 │ 3.61 │ 1000 │ 3610000  │   16400   │  1000   │ 3610000  │ 60185000  │ 1675677840000 │ '2023-02-06T10:04:00.000Z' │ 100  │  0   │  0  │ Infinity │    0     │ 952.5 │ 1765 │  0  │  1  │  1000  │  3610000  │   -9000   │   -32713000   │       │          │     │
│    8    │ 3.61 │ 3.61 │ 3.61 │ 3.61 │ 100  │  361000  │   16500   │   100   │  361000  │ 60546000  │ 1675678080000 │ '2023-02-06T10:08:00.000Z' │ 100  │  0   │  0  │ Infinity │    0     │ 952.5 │ 1765 │  0  │ 0.1 │  100   │  361000   │   -8900   │   -32352000   │       │          │     │
│    9    │ 3.61 │ 3.61 │ 3.61 │ 3.61 │      │          │   18600   │  2100   │ 7581000  │ 68127000  │ 1675678440000 │ '2023-02-06T10:14:00.000Z' │  0   │ 100  │  0  │    0     │ Infinity │ 952.5 │ 1765 │  0  │     │ -2100  │ -7581000  │  -11000   │   -39933000   │ 2100  │ 7581000  │ 1.2 │
│   10    │ 3.61 │ 3.61 │ 3.61 │ 3.61 │ 1200 │ 4332000  │   19800   │  1200   │ 4332000  │ 72459000  │ 1675678560000 │ '2023-02-06T10:16:00.000Z' │ 100  │  0   │  0  │ Infinity │    0     │ 952.5 │ 1765 │  0  │ 1.3 │  1200  │  4332000  │   -9800   │   -35601000   │       │          │     │
│   11    │ 3.61 │ 3.61 │ 3.61 │ 3.61 │ 8700 │ 31407000 │   28500   │  8700   │ 31407000 │ 103866000 │ 1675678680000 │ '2023-02-06T10:18:00.000Z' │ 100  │  0   │  0  │ Infinity │    0     │ 952.5 │ 1765 │  0  │ 9.1 │  8700  │ 31407000  │   -1100   │   -4194000    │       │          │     │
│   12    │ 3.7  │ 3.7  │ 3.7  │ 3.7  │ 100  │  370000  │   28600   │   100   │  370000  │ 104236000 │ 1675679760000 │ '2023-02-06T10:36:00.000Z' │ 100  │  0   │  0  │ Infinity │    0     │ 952.5 │ 1765 │  0  │ 0.1 │  100   │  370000   │   -1000   │   -3824000    │       │          │     │
│   13    │ 3.62 │ 3.62 │ 3.62 │ 3.62 │      │          │   29000   │   400   │ 1448000  │ 105684000 │ 1675679880000 │ '2023-02-06T10:38:00.000Z' │  0   │ 100  │  0  │    0     │ Infinity │ 952.5 │ 1765 │  0  │     │  -400  │ -1448000  │   -1400   │   -5272000    │  400  │ 1448000  │ 0.2 │
│   14    │ 3.62 │ 3.63 │ 3.62 │ 3.63 │      │          │   32000   │  3000   │ 10876000 │ 116560000 │ 1675680240000 │ '2023-02-06T10:44:00.000Z' │  0   │ 100  │  0  │    0     │ Infinity │ 952.5 │ 1765 │  0  │     │ -3000  │ -10876000 │   -4400   │   -16148000   │ 3000  │ 10876000 │ 1.7 │
│   15    │ 3.62 │ 3.62 │ 3.62 │ 3.62 │      │          │   32100   │   100   │  362000  │ 116922000 │ 1675681080000 │ '2023-02-06T10:58:00.000Z' │  0   │ 100  │  0  │    0     │ Infinity │ 952.5 │ 1765 │  0  │     │  -100  │  -362000  │   -4500   │   -16510000   │  100  │  362000  │ 0.1 │
│   16    │ 3.7  │ 3.7  │ 3.7  │ 3.7  │ 100  │  370000  │   32200   │   100   │  370000  │ 117292000 │ 1675681320000 │ '2023-02-06T11:02:00.000Z' │ 100  │  0   │  0  │ Infinity │    0     │ 952.5 │ 1765 │  0  │ 0.1 │  100   │  370000   │   -4400   │   -16140000   │       │          │     │
│   17    │ 3.7  │ 3.7  │ 3.7  │ 3.7  │ 1500 │ 5550000  │   43500   │  11300  │ 41810000 │ 159102000 │ 1675688400000 │ '2023-02-06T13:00:00.000Z' │ 13.3 │ 86.7 │  0  │   0.2    │   6.5    │ 952.5 │ 1765 │  0  │ 1.6 │ -8300  │ -30710000 │  -12700   │   -46850000   │ 9800  │ 36260000 │ 5.6 │
│   18    │ 3.7  │ 3.7  │ 3.7  │ 3.7  │      │          │   43600   │   100   │  370000  │ 159472000 │ 1675688520000 │ '2023-02-06T13:02:00.000Z' │  0   │ 100  │  0  │    0     │ Infinity │ 952.5 │ 1765 │  0  │     │  -100  │  -370000  │  -12800   │   -47220000   │  100  │  370000  │ 0.1 │
│   19    │ 3.7  │ 3.7  │ 3.7  │ 3.7  │ 1000 │ 3700000  │   45200   │  1600   │ 5920000  │ 165392000 │ 1675688640000 │ '2023-02-06T13:04:00.000Z' │ 62.5 │ 37.5 │  0  │   1.7    │   0.6    │ 952.5 │ 1765 │  0  │  1  │  400   │  1480000  │  -12400   │   -45740000   │  600  │ 2220000  │ 0.3 │
│   20    │ 3.7  │ 3.7  │ 3.7  │ 3.7  │      │          │   47200   │  2000   │ 7400000  │ 172792000 │ 1675688760000 │ '2023-02-06T13:06:00.000Z' │  0   │ 100  │  0  │    0     │ Infinity │ 952.5 │ 1765 │  0  │     │ -2000  │ -7400000  │  -14400   │   -53140000   │ 2000  │ 7400000  │ 1.1 │
├─────────┼──────┼──────┼──────┼──────┼──────┼──────────┼───────────┼─────────┼──────────┼───────────┼───────────────┼────────────────────────────┼──────┼──────┼─────┼──────────┼──────────┼───────┼──────┼─────┼─────┼────────┼───────────┼───────────┼───────────────┼───────┼──────────┼─────┤
│ (index) │  c   │  h   │  l   │  o   │  bu  │  val_bu  │ total_vol │ sum_vol │   val    │ acum_val  │   datetime    │            date            │ pbu  │ psd  │ puk │    bs    │    sb    │  abu  │ asd  │ auk │ rbu │ bu-sd  │ bu-sd_val │ acum_busd │ acum_busd_val │  sd   │  val_sd  │ rsd │
├─────────┼──────┼──────┼──────┼──────┼──────┼──────────┼───────────┼─────────┼──────────┼───────────┼───────────────┼────────────────────────────┼──────┼──────┼─────┼──────────┼──────────┼───────┼──────┼─────┼─────┼────────┼───────────┼───────────┼───────────────┼───────┼──────────┼─────┤
│   21    │ 3.7  │ 3.7  │ 3.7  │ 3.7  │ 200  │  740000  │   47400   │   200   │  740000  │ 173532000 │ 1675688880000 │ '2023-02-06T13:08:00.000Z' │ 100  │  0   │  0  │ Infinity │    0     │ 952.5 │ 1765 │  0  │ 0.2 │  200   │  740000   │  -14200   │   -52400000   │       │          │     │
│   22    │ 3.7  │ 3.7  │ 3.7  │ 3.7  │      │          │   52300   │  4900   │ 18130000 │ 191662000 │ 1675689120000 │ '2023-02-06T13:12:00.000Z' │  0   │ 100  │  0  │    0     │ Infinity │ 952.5 │ 1765 │  0  │     │ -4900  │ -18130000 │  -19100   │   -70530000   │ 4900  │ 18130000 │ 2.8 │
│   23    │ 3.7  │ 3.7  │ 3.7  │ 3.7  │      │          │   57300   │  5000   │ 18500000 │ 210162000 │ 1675689240000 │ '2023-02-06T13:14:00.000Z' │  0   │ 100  │  0  │    0     │ Infinity │ 952.5 │ 1765 │  0  │     │ -5000  │ -18500000 │  -24100   │   -89030000   │ 5000  │ 18500000 │ 2.8 │
│   24    │ 3.7  │ 3.7  │ 3.7  │ 3.7  │ 200  │  740000  │   57500   │   200   │  740000  │ 210902000 │ 1675690200000 │ '2023-02-06T13:30:00.000Z' │ 100  │  0   │  0  │ Infinity │    0     │ 952.5 │ 1765 │  0  │ 0.2 │  200   │  740000   │  -23900   │   -88290000   │       │          │     │
│   25    │ 3.7  │ 3.7  │ 3.7  │ 3.7  │ 100  │  370000  │   57600   │   100   │  370000  │ 211272000 │ 1675690320000 │ '2023-02-06T13:32:00.000Z' │ 100  │  0   │  0  │ Infinity │    0     │ 952.5 │ 1765 │  0  │ 0.1 │  100   │  370000   │  -23800   │   -87920000   │       │          │     │
│   26    │ 3.63 │ 3.63 │ 3.63 │ 3.63 │      │          │   58900   │  1300   │ 4719000  │ 215991000 │ 1675690560000 │ '2023-02-06T13:36:00.000Z' │  0   │ 100  │  0  │    0     │ Infinity │ 952.5 │ 1765 │  0  │     │ -1300  │ -4719000  │  -25100   │   -92639000   │ 1300  │ 4719000  │ 0.7 │
│   27    │ 3.64 │ 3.64 │ 3.64 │ 3.64 │      │          │   59400   │   500   │ 1820000  │ 217811000 │ 1675690920000 │ '2023-02-06T13:42:00.000Z' │  0   │ 100  │  0  │    0     │ Infinity │ 952.5 │ 1765 │  0  │     │  -500  │ -1820000  │  -25600   │   -94459000   │  500  │ 1820000  │ 0.3 │
│   28    │ 3.63 │ 3.63 │ 3.63 │ 3.63 │      │          │   60700   │  1300   │ 4719000  │ 222530000 │ 1675691040000 │ '2023-02-06T13:44:00.000Z' │  0   │ 100  │  0  │    0     │ Infinity │ 952.5 │ 1765 │  0  │     │ -1300  │ -4719000  │  -26900   │   -99178000   │ 1300  │ 4719000  │ 0.7 │
│   29    │ 3.63 │ 3.63 │ 3.63 │ 3.63 │ 300  │ 1089000  │   61000   │   300   │ 1089000  │ 223619000 │ 1675691400000 │ '2023-02-06T13:50:00.000Z' │ 100  │  0   │  0  │ Infinity │    0     │ 952.5 │ 1765 │  0  │ 0.3 │  300   │  1089000  │  -26600   │   -98089000   │       │          │     │
│   30    │ 3.62 │ 3.62 │ 3.62 │ 3.62 │      │          │   61100   │   100   │  362000  │ 223981000 │ 1675691520000 │ '2023-02-06T13:52:00.000Z' │  0   │ 100  │  0  │    0     │ Infinity │ 952.5 │ 1765 │  0  │     │  -100  │  -362000  │  -26700   │   -98451000   │  100  │  362000  │ 0.1 │
│   31    │ 3.62 │ 3.62 │ 3.62 │ 3.62 │      │          │   62000   │   900   │ 3258000  │ 227239000 │ 1675691640000 │ '2023-02-06T13:54:00.000Z' │  0   │ 100  │  0  │    0     │ Infinity │ 952.5 │ 1765 │  0  │     │  -900  │ -3258000  │  -27600   │  -101709000   │  900  │ 3258000  │ 0.5 │
│   32    │ 3.63 │ 3.63 │ 3.63 │ 3.63 │ 5000 │ 18150000 │   67000   │  5000   │ 18150000 │ 245389000 │ 1675691760000 │ '2023-02-06T13:56:00.000Z' │ 100  │  0   │  0  │ Infinity │    0     │ 952.5 │ 1765 │  0  │ 5.2 │  5000  │ 18150000  │  -22600   │   -83559000   │       │          │     │
│   33    │ 3.63 │ 3.63 │ 3.63 │ 3.63 │ 4400 │ 15972000 │   71400   │  4400   │ 15972000 │ 261361000 │ 1675691880000 │ '2023-02-06T13:58:00.000Z' │ 100  │  0   │  0  │ Infinity │    0     │ 952.5 │ 1765 │  0  │ 4.6 │  4400  │ 15972000  │  -18200   │   -67587000   │       │          │     │
│   34    │ 3.6  │ 3.61 │ 3.6  │ 3.61 │      │          │   96100   │  24700  │ 89049000 │ 350410000 │ 1675692120000 │ '2023-02-06T14:02:00.000Z' │  0   │ 100  │  0  │    0     │ Infinity │ 952.5 │ 1765 │  0  │     │ -24700 │ -89049000 │  -42900   │  -156636000   │ 24700 │ 89049000 │ 14  │
│   35    │ 3.69 │ 3.69 │ 3.6  │ 3.6  │ 100  │  369000  │   97200   │  1100   │ 3969000  │ 354379000 │ 1675692240000 │ '2023-02-06T14:04:00.000Z' │ 9.1  │ 90.9 │  0  │   0.1    │    10    │ 952.5 │ 1765 │  0  │ 0.1 │  -900  │ -3231000  │  -43800   │  -159867000   │ 1000  │ 3600000  │ 0.6 │
│   36    │ 3.61 │ 3.61 │ 3.61 │ 3.61 │      │          │   97300   │   100   │  361000  │ 354740000 │ 1675692840000 │ '2023-02-06T14:14:00.000Z' │  0   │ 100  │  0  │    0     │ Infinity │ 952.5 │ 1765 │  0  │     │  -100  │  -361000  │  -43900   │  -160228000   │  100  │  361000  │ 0.1 │
│   37    │ 3.68 │ 3.68 │ 3.68 │ 3.68 │ 100  │  368000  │   97400   │   100   │  368000  │ 355108000 │ 1675693080000 │ '2023-02-06T14:18:00.000Z' │ 100  │  0   │  0  │ Infinity │    0     │ 952.5 │ 1765 │  0  │ 0.1 │  100   │  368000   │  -43800   │  -159860000   │       │          │     │
│   38    │ 3.69 │ 3.69 │ 3.69 │ 3.69 │ 2300 │ 8487000  │   99700   │  2300   │ 8487000  │ 363595000 │ 1675693440000 │ '2023-02-06T14:24:00.000Z' │ 100  │  0   │  0  │ Infinity │    0     │ 952.5 │ 1765 │  0  │ 2.4 │  2300  │  8487000  │  -41500   │  -151373000   │       │          │     │
│   39    │ 3.7  │ 3.7  │ 3.7  │ 3.7  │ 9000 │ 33300000 │  108700   │  9000   │ 33300000 │ 396895000 │ 1675694640000 │ '2023-02-06T14:44:00.000Z' │ 100  │  0   │  0  │ Infinity │    0     │ 952.5 │ 1765 │  0  │ 9.4 │  9000  │ 33300000  │  -32500   │  -118073000   │       │          │     │
└─────────┴──────┴──────┴──────┴──────┴──────┴──────────┴───────────┴─────────┴──────────┴───────────┴───────────────┴────────────────────────────┴──────┴──────┴─────┴──────────┴──────────┴───────┴──────┴─────┴─────┴────────┴───────────┴───────────┴───────────────┴───────┴──────────┴─────┘
├─────────┼──────┼──────┼──────┼──────┼──────┼──────────┼───────────┼─────────┼──────────┼───────────┼───────────────┼────────────────────────────┼──────┼──────┼─────┼──────────┼──────────┼───────┼──────┼─────┼─────┼────────┼───────────┼───────────┼───────────────┼───────┼──────────┼─────┤
│ (index) │  c   │  h   │  l   │  o   │  bu  │  val_bu  │ total_vol │ sum_vol │   val    │ acum_val  │   datetime    │            date            │ pbu  │ psd  │ puk │    bs    │    sb    │  abu  │ asd  │ auk │ rbu │ bu-sd  │ bu-sd_val │ acum_busd │ acum_busd_val │  sd   │  val_sd  │ rsd │
├─────────┼──────┼──────┼──────┼──────┼──────┼──────────┼───────────┼─────────┼──────────┼───────────┼───────────────┼────────────────────────────┼──────┼──────┼─────┼──────────┼──────────┼───────┼──────┼─────┼─────┼────────┼───────────┼───────────┼───────────────┼───────┼──────────┼─────┤

