┌─────────┬───────┬───────┬───────┬───────┬──────┬──────────┬───────────┬─────────┬──────────┬───────────┬───────────────┬────────────────────────────┬──────┬──────┬─────┬──────────┬──────────┬───────┬───────┬─────┬──────┬───────┬───────────┬───────────┬───────────────┬─────┬─────────┬─────┐
│ (index) │   c   │   h   │   l   │   o   │  bu  │  val_bu  │ total_vol │ sum_vol │   val    │ acum_val  │   datetime    │            date            │ pbu  │ psd  │ puk │    bs    │    sb    │  abu  │  asd  │ auk │ rbu  │ bu-sd │ bu-sd_val │ acum_busd │ acum_busd_val │ sd  │ val_sd  │ rsd │
├─────────┼───────┼───────┼───────┼───────┼──────┼──────────┼───────────┼─────────┼──────────┼───────────┼───────────────┼────────────────────────────┼──────┼──────┼─────┼──────────┼──────────┼───────┼───────┼─────┼──────┼───────┼───────────┼───────────┼───────────────┼─────┼─────────┼─────┤
│    0    │ 13.25 │ 13.25 │ 13.25 │ 13.25 │ 5600 │ 74200000 │   5600    │  5600   │ 74200000 │ 74200000  │ 1675674840000 │ '2023-02-06T09:14:00.000Z' │ 100  │  0   │  0  │ Infinity │    0     │ 423.8 │ 228.6 │  0  │ 13.2 │ 5600  │ 74200000  │   5600    │   74200000    │     │         │     │
│    1    │ 13.2  │ 13.2  │ 13.2  │ 13.2  │ 1000 │ 13200000 │   6600    │  1000   │ 13200000 │ 87400000  │ 1675675440000 │ '2023-02-06T09:24:00.000Z' │ 100  │  0   │  0  │ Infinity │    0     │ 423.8 │ 228.6 │  0  │ 2.4  │ 1000  │ 13200000  │   6600    │   87400000    │     │         │     │
│    2    │ 13.2  │ 13.2  │ 13.2  │ 13.2  │ 100  │ 1320000  │   6700    │   100   │ 1320000  │ 88720000  │ 1675675800000 │ '2023-02-06T09:30:00.000Z' │ 100  │  0   │  0  │ Infinity │    0     │ 423.8 │ 228.6 │  0  │ 0.2  │  100  │  1320000  │   6700    │   88720000    │     │         │     │
│    3    │ 13.2  │ 13.2  │ 13.2  │ 13.2  │ 200  │ 2640000  │   6900    │   200   │ 2640000  │ 91360000  │ 1675676040000 │ '2023-02-06T09:34:00.000Z' │ 100  │  0   │  0  │ Infinity │    0     │ 423.8 │ 228.6 │  0  │ 0.5  │  200  │  2640000  │   6900    │   91360000    │     │         │     │
│    4    │ 12.8  │ 12.8  │ 12.8  │ 12.8  │      │          │   7000    │   100   │ 1280000  │ 92640000  │ 1675676280000 │ '2023-02-06T09:38:00.000Z' │  0   │ 100  │  0  │    0     │ Infinity │ 423.8 │ 228.6 │  0  │      │ -100  │ -1280000  │   6800    │   90080000    │ 100 │ 1280000 │ 0.4 │
│    5    │ 12.8  │ 12.8  │ 12.8  │ 12.8  │ 100  │ 1280000  │   7100    │   100   │ 1280000  │ 93920000  │ 1675677240000 │ '2023-02-06T09:54:00.000Z' │ 100  │  0   │  0  │ Infinity │    0     │ 423.8 │ 228.6 │  0  │ 0.2  │  100  │  1280000  │   6900    │   91360000    │     │         │     │
│    6    │ 12.9  │ 12.9  │ 12.9  │ 12.9  │ 100  │ 1290000  │   7700    │   600   │ 7740000  │ 101660000 │ 1675677960000 │ '2023-02-06T10:06:00.000Z' │ 16.7 │ 83.3 │  0  │   0.2    │    5     │ 423.8 │ 228.6 │  0  │ 0.2  │ -400  │ -5160000  │   6500    │   86200000    │ 500 │ 6450000 │ 2.2 │
│    7    │ 12.85 │ 12.85 │ 12.85 │ 12.85 │      │          │   7800    │   600   │ 7710000  │ 109370000 │ 1675678320000 │ '2023-02-06T10:12:00.000Z' │  0   │ 100  │  0  │    0     │ Infinity │ 423.8 │ 228.6 │  0  │      │ -600  │ -7710000  │   5900    │   78490000    │ 600 │ 7710000 │ 2.6 │
│    8    │ 12.9  │ 12.9  │ 12.9  │ 12.9  │ 600  │ 7740000  │   8900    │   600   │ 7740000  │ 117110000 │ 1675679280000 │ '2023-02-06T10:28:00.000Z' │ 100  │  0   │  0  │ Infinity │    0     │ 423.8 │ 228.6 │  0  │ 1.4  │  600  │  7740000  │   6500    │   86230000    │     │         │     │
│    9    │ 12.8  │ 12.8  │ 12.8  │ 12.8  │      │          │   9200    │   300   │ 3840000  │ 120950000 │ 1675679520000 │ '2023-02-06T10:32:00.000Z' │  0   │ 100  │  0  │    0     │ Infinity │ 423.8 │ 228.6 │  0  │      │ -300  │ -3840000  │   6200    │   82390000    │ 300 │ 3840000 │ 1.3 │
│   10    │ 12.8  │ 12.8  │ 12.7  │ 12.7  │ 600  │ 7680000  │   10200   │  1000   │ 12760000 │ 133710000 │ 1675688400000 │ '2023-02-06T13:00:00.000Z' │  60  │  40  │  0  │   1.5    │   0.7    │ 423.8 │ 228.6 │  0  │ 1.4  │  200  │  2600000  │   6400    │   84990000    │ 400 │ 5080000 │ 1.7 │
│   11    │ 12.8  │ 12.8  │ 12.8  │ 12.8  │ 100  │ 1280000  │   10300   │   100   │ 1280000  │ 134990000 │ 1675688880000 │ '2023-02-06T13:08:00.000Z' │ 100  │  0   │  0  │ Infinity │    0     │ 423.8 │ 228.6 │  0  │ 0.2  │  100  │  1280000  │   6500    │   86270000    │     │         │     │
│   12    │ 12.8  │ 12.8  │ 12.8  │ 12.8  │ 100  │ 1280000  │   10400   │   100   │ 1280000  │ 136270000 │ 1675689000000 │ '2023-02-06T13:10:00.000Z' │ 100  │  0   │  0  │ Infinity │    0     │ 423.8 │ 228.6 │  0  │ 0.2  │  100  │  1280000  │   6600    │   87550000    │     │         │     │
│   13    │ 12.7  │ 12.7  │ 12.7  │ 12.7  │      │          │   10800   │   400   │ 5080000  │ 141350000 │ 1675689720000 │ '2023-02-06T13:22:00.000Z' │  0   │ 100  │  0  │    0     │ Infinity │ 423.8 │ 228.6 │  0  │      │ -400  │ -5080000  │   6200    │   82470000    │ 400 │ 5080000 │ 1.7 │
│   14    │ 12.6  │ 12.7  │ 12.6  │ 12.7  │ 300  │ 3810000  │   11500   │   800   │ 10120000 │ 151470000 │ 1675690200000 │ '2023-02-06T13:30:00.000Z' │ 37.5 │ 62.5 │  0  │   0.6    │   1.7    │ 423.8 │ 228.6 │  0  │ 0.7  │ -200  │ -2500000  │   6000    │   79970000    │ 500 │ 6310000 │ 2.2 │
│   15    │ 12.6  │ 12.6  │ 12.6  │ 12.6  │ 100  │ 1260000  │   11700   │   100   │ 1260000  │ 152730000 │ 1675690440000 │ '2023-02-06T13:34:00.000Z' │ 100  │  0   │  0  │ Infinity │    0     │ 423.8 │ 228.6 │  0  │ 0.2  │  100  │  1260000  │   6100    │   81230000    │     │         │     │
│   16    │ 12.6  │ 12.6  │ 12.6  │ 12.6  │      │          │   12100   │   400   │ 5040000  │ 157770000 │ 1675691280000 │ '2023-02-06T13:48:00.000Z' │  0   │ 100  │  0  │    0     │ Infinity │ 423.8 │ 228.6 │  0  │      │ -400  │ -5040000  │   5700    │   76190000    │ 400 │ 5040000 │ 1.7 │
│   17    │ 12.55 │ 12.55 │ 12.55 │ 12.55 │      │          │   12600   │   500   │ 6275000  │ 164045000 │ 1675691760000 │ '2023-02-06T13:56:00.000Z' │  0   │ 100  │  0  │    0     │ Infinity │ 423.8 │ 228.6 │  0  │      │ -500  │ -6275000  │   5200    │   69915000    │ 500 │ 6275000 │ 2.2 │
│   18    │ 12.5  │ 12.5  │ 12.5  │ 12.5  │      │          │   13100   │   500   │ 6250000  │ 170295000 │ 1675692120000 │ '2023-02-06T14:02:00.000Z' │  0   │ 100  │  0  │    0     │ Infinity │ 423.8 │ 228.6 │  0  │      │ -500  │ -6250000  │   4700    │   63665000    │ 500 │ 6250000 │ 2.2 │
│   19    │ 12.5  │ 12.6  │ 12.5  │ 12.6  │      │          │   13300   │   200   │ 2510000  │ 172805000 │ 1675692480000 │ '2023-02-06T14:08:00.000Z' │  0   │ 100  │  0  │    0     │ Infinity │ 423.8 │ 228.6 │  0  │      │ -200  │ -2510000  │   4500    │   61155000    │ 200 │ 2510000 │ 0.9 │
│   20    │ 12.3  │ 12.3  │ 12.3  │ 12.3  │      │          │   13700   │   400   │ 4920000  │ 177725000 │ 1675694640000 │ '2023-02-06T14:44:00.000Z' │  0   │ 100  │  0  │    0     │ Infinity │ 423.8 │ 228.6 │  0  │      │ -400  │ -4920000  │   4100    │   56235000    │ 400 │ 4920000 │ 1.7 │
├─────────┼───────┼───────┼───────┼───────┼──────┼──────────┼───────────┼─────────┼──────────┼───────────┼───────────────┼────────────────────────────┼──────┼──────┼─────┼──────────┼──────────┼───────┼───────┼─────┼──────┼───────┼───────────┼───────────┼───────────────┼─────┼─────────┼─────┤
│ (index) │   c   │   h   │   l   │   o   │  bu  │  val_bu  │ total_vol │ sum_vol │   val    │ acum_val  │   datetime    │            date            │ pbu  │ psd  │ puk │    bs    │    sb    │  abu  │  asd  │ auk │ rbu  │ bu-sd │ bu-sd_val │ acum_busd │ acum_busd_val │ sd  │ val_sd  │ rsd │
├─────────┼───────┼───────┼───────┼───────┼──────┼──────────┼───────────┼─────────┼──────────┼───────────┼───────────────┼────────────────────────────┼──────┼──────┼─────┼──────────┼──────────┼───────┼───────┼─────┼──────┼───────┼───────────┼───────────┼───────────────┼─────┼─────────┼─────┤
└─────────┴───────┴───────┴───────┴───────┴──────┴──────────┴───────────┴─────────┴──────────┴───────────┴───────────────┴────────────────────────────┴──────┴──────┴─────┴──────────┴──────────┴───────┴───────┴─────┴──────┴───────┴───────────┴───────────┴───────────────┴─────┴─────────┴─────┘

