┌─────────┬─────┬─────┬─────┬─────┬───────┬──────────┬───────────┬─────────┬──────────┬───────────┬───────┬──────────┬───────────────┬────────────────────────────┬─────┬─────┬─────┬──────────┬──────────┬────────┬────────┬─────┬─────┬──────┬────────┬───────────┬───────────┬───────────────┐
│ (index) │  c  │  h  │  l  │  o  │  sd   │  val_sd  │ total_vol │ sum_vol │   val    │ acum_val  │  bu   │  val_bu  │   datetime    │            date            │ pbu │ psd │ puk │    bs    │    sb    │  abu   │  asd   │ auk │ rsd │ rbu  │ bu-sd  │ bu-sd_val │ acum_busd │ acum_busd_val │
├─────────┼─────┼─────┼─────┼─────┼───────┼──────────┼───────────┼─────────┼──────────┼───────────┼───────┼──────────┼───────────────┼────────────────────────────┼─────┼─────┼─────┼──────────┼──────────┼────────┼────────┼─────┼─────┼──────┼────────┼───────────┼───────────┼───────────────┤
│    0    │ 1.6 │ 1.6 │ 1.6 │ 1.6 │ 1900  │ 3040000  │   31900   │  31900  │ 51040000 │ 51040000  │ 30000 │ 48000000 │ 1675674000000 │ '2023-02-06T09:00:00.000Z' │ 94  │  6  │  0  │   15.8   │   0.1    │ 2945.5 │ 2063.6 │  0  │ 0.9 │ 10.2 │ 28100  │ 44960000  │   28100   │   44960000    │
│    1    │ 1.6 │ 1.6 │ 1.6 │ 1.6 │ 3500  │ 5600000  │   35400   │  3500   │ 5600000  │ 56640000  │       │          │ 1675674120000 │ '2023-02-06T09:02:00.000Z' │  0  │ 100 │  0  │    0     │ Infinity │ 2945.5 │ 2063.6 │  0  │ 1.7 │      │ -3500  │ -5600000  │   24600   │   39360000    │
│    2    │ 1.6 │ 1.6 │ 1.6 │ 1.6 │ 7400  │ 11840000 │   42800   │  7400   │ 11840000 │ 68480000  │       │          │ 1675674360000 │ '2023-02-06T09:06:00.000Z' │  0  │ 100 │  0  │    0     │ Infinity │ 2945.5 │ 2063.6 │  0  │ 3.6 │      │ -7400  │ -11840000 │   17200   │   27520000    │
│    3    │ 1.6 │ 1.6 │ 1.6 │ 1.6 │       │          │   49500   │  6700   │ 10720000 │ 79200000  │ 6700  │ 10720000 │ 1675674840000 │ '2023-02-06T09:14:00.000Z' │ 100 │  0  │  0  │ Infinity │    0     │ 2945.5 │ 2063.6 │  0  │     │ 2.3  │  6700  │ 10720000  │   23900   │   38240000    │
│    4    │ 1.6 │ 1.6 │ 1.6 │ 1.6 │       │          │   50600   │  1100   │ 1760000  │ 80960000  │ 1100  │ 1760000  │ 1675675680000 │ '2023-02-06T09:28:00.000Z' │ 100 │  0  │  0  │ Infinity │    0     │ 2945.5 │ 2063.6 │  0  │     │ 0.4  │  1100  │  1760000  │   25000   │   40000000    │
│    5    │ 1.6 │ 1.6 │ 1.6 │ 1.6 │       │          │   51000   │   400   │  640000  │ 81600000  │  400  │  640000  │ 1675675920000 │ '2023-02-06T09:32:00.000Z' │ 100 │  0  │  0  │ Infinity │    0     │ 2945.5 │ 2063.6 │  0  │     │ 0.1  │  400   │  640000   │   25400   │   40640000    │
│    6    │ 1.6 │ 1.6 │ 1.6 │ 1.6 │       │          │   53000   │  2000   │ 3200000  │ 84800000  │ 2000  │ 3200000  │ 1675676040000 │ '2023-02-06T09:34:00.000Z' │ 100 │  0  │  0  │ Infinity │    0     │ 2945.5 │ 2063.6 │  0  │     │ 0.7  │  2000  │  3200000  │   27400   │   43840000    │
│    7    │ 1.6 │ 1.6 │ 1.6 │ 1.6 │       │          │   53900   │   900   │ 1440000  │ 86240000  │  900  │ 1440000  │ 1675676160000 │ '2023-02-06T09:36:00.000Z' │ 100 │  0  │  0  │ Infinity │    0     │ 2945.5 │ 2063.6 │  0  │     │ 0.3  │  900   │  1440000  │   28300   │   45280000    │
│    8    │ 1.6 │ 1.6 │ 1.6 │ 1.6 │       │          │   58200   │  4300   │ 6880000  │ 93120000  │ 4300  │ 6880000  │ 1675676280000 │ '2023-02-06T09:38:00.000Z' │ 100 │  0  │  0  │ Infinity │    0     │ 2945.5 │ 2063.6 │  0  │     │ 1.5  │  4300  │  6880000  │   32600   │   52160000    │
│    9    │ 1.6 │ 1.6 │ 1.6 │ 1.6 │ 8800  │ 14080000 │   67000   │  8800   │ 14080000 │ 107200000 │       │          │ 1675676760000 │ '2023-02-06T09:46:00.000Z' │  0  │ 100 │  0  │    0     │ Infinity │ 2945.5 │ 2063.6 │  0  │ 4.3 │      │ -8800  │ -14080000 │   23800   │   38080000    │
│   10    │ 1.7 │ 1.7 │ 1.7 │ 1.7 │       │          │   67200   │   200   │  340000  │ 107540000 │  200  │  340000  │ 1675678680000 │ '2023-02-06T10:18:00.000Z' │ 100 │  0  │  0  │ Infinity │    0     │ 2945.5 │ 2063.6 │  0  │     │ 0.1  │  200   │  340000   │   24000   │   38420000    │
│   11    │ 1.6 │ 1.6 │ 1.6 │ 1.6 │  100  │  160000  │   67300   │   100   │  160000  │ 107700000 │       │          │ 1675679160000 │ '2023-02-06T10:26:00.000Z' │  0  │ 100 │  0  │    0     │ Infinity │ 2945.5 │ 2063.6 │  0  │  0  │      │  -100  │  -160000  │   23900   │   38260000    │
│   12    │ 1.6 │ 1.6 │ 1.6 │ 1.6 │  100  │  160000  │   67400   │   100   │  160000  │ 107860000 │       │          │ 1675679400000 │ '2023-02-06T10:30:00.000Z' │  0  │ 100 │  0  │    0     │ Infinity │ 2945.5 │ 2063.6 │  0  │  0  │      │  -100  │  -160000  │   23800   │   38100000    │
│   13    │ 1.6 │ 1.6 │ 1.6 │ 1.6 │ 5000  │ 8000000  │   72400   │  5000   │ 8000000  │ 115860000 │       │          │ 1675680240000 │ '2023-02-06T10:44:00.000Z' │  0  │ 100 │  0  │    0     │ Infinity │ 2945.5 │ 2063.6 │  0  │ 2.4 │      │ -5000  │ -8000000  │   18800   │   30100000    │
│   14    │ 1.6 │ 1.6 │ 1.6 │ 1.6 │ 10000 │ 16000000 │   82400   │  10000  │ 16000000 │ 131860000 │       │          │ 1675680840000 │ '2023-02-06T10:54:00.000Z' │  0  │ 100 │  0  │    0     │ Infinity │ 2945.5 │ 2063.6 │  0  │ 4.8 │      │ -10000 │ -16000000 │   8800    │   14100000    │
│   15    │ 1.7 │ 1.7 │ 1.7 │ 1.7 │       │          │   83400   │  1000   │ 1700000  │ 133560000 │ 1000  │ 1700000  │ 1675682640000 │ '2023-02-06T11:24:00.000Z' │ 100 │  0  │  0  │ Infinity │    0     │ 2945.5 │ 2063.6 │  0  │     │ 0.3  │  1000  │  1700000  │   9800    │   15800000    │
│   16    │ 1.6 │ 1.6 │ 1.6 │ 1.6 │  300  │  480000  │   83700   │   300   │  480000  │ 134040000 │       │          │ 1675688400000 │ '2023-02-06T13:00:00.000Z' │  0  │ 100 │  0  │    0     │ Infinity │ 2945.5 │ 2063.6 │  0  │ 0.1 │      │  -300  │  -480000  │   9500    │   15320000    │
│   17    │ 1.6 │ 1.6 │ 1.6 │ 1.6 │ 1000  │ 1600000  │   84700   │  1000   │ 1600000  │ 135640000 │       │          │ 1675689960000 │ '2023-02-06T13:26:00.000Z' │  0  │ 100 │  0  │    0     │ Infinity │ 2945.5 │ 2063.6 │  0  │ 0.5 │      │ -1000  │ -1600000  │   8500    │   13720000    │
│   18    │ 1.6 │ 1.6 │ 1.6 │ 1.6 │ 3100  │ 4960000  │   87800   │  3100   │ 4960000  │ 140600000 │       │          │ 1675692120000 │ '2023-02-06T14:02:00.000Z' │  0  │ 100 │  0  │    0     │ Infinity │ 2945.5 │ 2063.6 │  0  │ 1.5 │      │ -3100  │ -4960000  │   5400    │    8760000    │
│   19    │ 1.6 │ 1.6 │ 1.6 │ 1.6 │ 4200  │ 6720000  │   92000   │  4200   │ 6720000  │ 147320000 │       │          │ 1675692720000 │ '2023-02-06T14:12:00.000Z' │  0  │ 100 │  0  │    0     │ Infinity │ 2945.5 │ 2063.6 │  0  │  2  │      │ -4200  │ -6720000  │   1200    │    2040000    │
│   20    │ 1.7 │ 1.7 │ 1.7 │ 1.7 │       │          │   92100   │   100   │  170000  │ 147490000 │  100  │  170000  │ 1675692840000 │ '2023-02-06T14:14:00.000Z' │ 100 │  0  │  0  │ Infinity │    0     │ 2945.5 │ 2063.6 │  0  │     │  0   │  100   │  170000   │   1300    │    2210000    │
├─────────┼─────┼─────┼─────┼─────┼───────┼──────────┼───────────┼─────────┼──────────┼───────────┼───────┼──────────┼───────────────┼────────────────────────────┼─────┼─────┼─────┼──────────┼──────────┼────────┼────────┼─────┼─────┼──────┼────────┼───────────┼───────────┼───────────────┤
│ (index) │  c  │  h  │  l  │  o  │  sd   │  val_sd  │ total_vol │ sum_vol │   val    │ acum_val  │  bu   │  val_bu  │   datetime    │            date            │ pbu │ psd │ puk │    bs    │    sb    │  abu   │  asd   │ auk │ rsd │ rbu  │ bu-sd  │ bu-sd_val │ acum_busd │ acum_busd_val │
├─────────┼─────┼─────┼─────┼─────┼───────┼──────────┼───────────┼─────────┼──────────┼───────────┼───────┼──────────┼───────────────┼────────────────────────────┼─────┼─────┼─────┼──────────┼──────────┼────────┼────────┼─────┼─────┼──────┼────────┼───────────┼───────────┼───────────────┤
│   21    │ 1.7 │ 1.7 │ 1.7 │ 1.7 │       │          │  110200   │  18100  │ 30770000 │ 178260000 │ 18100 │ 30770000 │ 1675694640000 │ '2023-02-06T14:44:00.000Z' │ 100 │  0  │  0  │ Infinity │    0     │ 2945.5 │ 2063.6 │  0  │     │ 6.1  │ 18100  │ 30770000  │   19400   │   32980000    │
└─────────┴─────┴─────┴─────┴─────┴───────┴──────────┴───────────┴─────────┴──────────┴───────────┴───────┴──────────┴───────────────┴────────────────────────────┴─────┴─────┴─────┴──────────┴──────────┴────────┴────────┴─────┴─────┴──────┴────────┴───────────┴───────────┴───────────────┘

