┌─────────┬───────┬───────┬───────┬───────┬──────┬───────────┬───────────┬─────────┬───────────┬───────────┬───────────────┬────────────────────────────┬──────┬──────┬─────┬──────────┬──────────┬─────┬────────┬─────┬─────┬───────┬────────────┬───────────┬───────────────┬──────┬──────────┬─────┐
│ (index) │   c   │   h   │   l   │   o   │  sd  │  val_sd   │ total_vol │ sum_vol │    val    │ acum_val  │   datetime    │            date            │ pbu  │ psd  │ puk │    bs    │    sb    │ abu │  asd   │ auk │ rsd │ bu-sd │ bu-sd_val  │ acum_busd │ acum_busd_val │  bu  │  val_bu  │ rbu │
├─────────┼───────┼───────┼───────┼───────┼──────┼───────────┼───────────┼─────────┼───────────┼───────────┼───────────────┼────────────────────────────┼──────┼──────┼─────┼──────────┼──────────┼─────┼────────┼─────┼─────┼───────┼────────────┼───────────┼───────────────┼──────┼──────────┼─────┤
│    0    │ 13150 │ 13150 │ 13150 │ 13150 │ 400  │  5260000  │    400    │   400   │  5260000  │  5260000  │ 1676281200000 │ '2023-02-13T09:40:00.000Z' │  0   │ 100  │  0  │    0     │ Infinity │ 550 │ 1306.3 │  0  │ 0.3 │ -400  │  -5260000  │   -400    │   -5260000    │      │          │     │
│    1    │ 12400 │ 12750 │ 12400 │ 12750 │ 9000 │ 113710000 │   9400    │  9000   │ 113710000 │ 118970000 │ 1676281440000 │ '2023-02-13T09:44:00.000Z' │  0   │ 100  │  0  │    0     │ Infinity │ 550 │ 1306.3 │  0  │ 6.9 │ -9000 │ -113710000 │   -9400   │  -118970000   │      │          │     │
│    2    │ 12400 │ 12650 │ 12400 │ 12650 │ 8200 │ 102170000 │   18700   │  9300   │ 115810000 │ 234780000 │ 1676283360000 │ '2023-02-13T10:16:00.000Z' │ 11.8 │ 88.2 │  0  │   0.1    │   7.5    │ 550 │ 1306.3 │  0  │ 6.3 │ -7100 │ -88530000  │  -16500   │  -207500000   │ 1100 │ 13640000 │  2  │
│    3    │ 12400 │ 12400 │ 12400 │ 12400 │      │           │   23100   │  4400   │ 54560000  │ 289340000 │ 1676283480000 │ '2023-02-13T10:18:00.000Z' │ 100  │  0   │  0  │ Infinity │    0     │ 550 │ 1306.3 │  0  │     │ 4400  │  54560000  │  -12100   │  -152940000   │ 4400 │ 54560000 │  8  │
│    4    │ 13350 │ 13350 │ 13350 │ 13350 │      │           │   23200   │   100   │  1335000  │ 290675000 │ 1676284800000 │ '2023-02-13T10:40:00.000Z' │ 100  │  0   │  0  │ Infinity │    0     │ 550 │ 1306.3 │  0  │     │  100  │  1335000   │  -12000   │  -151605000   │ 100  │ 1335000  │ 0.2 │
│    5    │ 13300 │ 13300 │ 13300 │ 13300 │      │           │   23300   │   100   │  1330000  │ 292005000 │ 1676285880000 │ '2023-02-13T10:58:00.000Z' │ 100  │  0   │  0  │ Infinity │    0     │ 550 │ 1306.3 │  0  │     │  100  │  1330000   │  -11900   │  -150275000   │ 100  │ 1330000  │ 0.2 │
│    6    │ 12700 │ 12700 │ 12700 │ 12700 │ 100  │  1270000  │   23400   │   100   │  1270000  │ 293275000 │ 1676293680000 │ '2023-02-13T13:08:00.000Z' │  0   │ 100  │  0  │    0     │ Infinity │ 550 │ 1306.3 │  0  │ 0.1 │ -100  │  -1270000  │  -12000   │  -151545000   │      │          │     │
│    7    │ 13300 │ 13300 │ 13200 │ 13200 │      │           │   26400   │  3000   │ 39755000  │ 333030000 │ 1676293920000 │ '2023-02-13T13:12:00.000Z' │ 100  │  0   │  0  │ Infinity │    0     │ 550 │ 1306.3 │  0  │     │ 3000  │  39755000  │   -9000   │  -111790000   │ 3000 │ 39755000 │ 5.5 │
│    8    │ 12600 │ 12650 │ 12600 │ 12650 │ 400  │  5045000  │   26800   │   400   │  5045000  │ 338075000 │ 1676294280000 │ '2023-02-13T13:18:00.000Z' │  0   │ 100  │  0  │    0     │ Infinity │ 550 │ 1306.3 │  0  │ 0.3 │ -400  │  -5045000  │   -9400   │  -116835000   │      │          │     │
│    9    │ 12700 │ 12700 │ 12700 │ 12700 │ 500  │  6350000  │   27300   │   500   │  6350000  │ 344425000 │ 1676295000000 │ '2023-02-13T13:30:00.000Z' │  0   │ 100  │  0  │    0     │ Infinity │ 550 │ 1306.3 │  0  │ 0.4 │ -500  │  -6350000  │   -9900   │  -123185000   │      │          │     │
│   10    │ 12700 │ 12700 │ 12700 │ 12700 │ 100  │  1270000  │   27400   │   100   │  1270000  │ 345695000 │ 1676296200000 │ '2023-02-13T13:50:00.000Z' │  0   │ 100  │  0  │    0     │ Infinity │ 550 │ 1306.3 │  0  │ 0.1 │ -100  │  -1270000  │  -10000   │  -124455000   │      │          │     │
│   11    │ 12800 │ 12800 │ 12800 │ 12800 │ 1000 │ 12800000  │   28400   │  1000   │ 12800000  │ 358495000 │ 1676296920000 │ '2023-02-13T14:02:00.000Z' │  0   │ 100  │  0  │    0     │ Infinity │ 550 │ 1306.3 │  0  │ 0.8 │ -1000 │ -12800000  │  -11000   │  -137255000   │      │          │     │
│   12    │ 12800 │ 12800 │ 12800 │ 12800 │ 200  │  2560000  │   28600   │   200   │  2560000  │ 361055000 │ 1676297040000 │ '2023-02-13T14:04:00.000Z' │  0   │ 100  │  0  │    0     │ Infinity │ 550 │ 1306.3 │  0  │ 0.2 │ -200  │  -2560000  │  -11200   │  -139815000   │      │          │     │
│   13    │ 12800 │ 12800 │ 12800 │ 12800 │ 300  │  3840000  │   28900   │   300   │  3840000  │ 364895000 │ 1676297400000 │ '2023-02-13T14:10:00.000Z' │  0   │ 100  │  0  │    0     │ Infinity │ 550 │ 1306.3 │  0  │ 0.2 │ -300  │  -3840000  │  -11500   │  -143655000   │      │          │     │
│   14    │ 13150 │ 13150 │ 13150 │ 13150 │      │           │   29000   │   100   │  1315000  │ 366210000 │ 1676298000000 │ '2023-02-13T14:20:00.000Z' │ 100  │  0   │  0  │ Infinity │    0     │ 550 │ 1306.3 │  0  │     │  100  │  1315000   │  -11400   │  -142340000   │ 100  │ 1315000  │ 0.2 │
│   15    │ 13200 │ 13200 │ 13200 │ 13200 │ 700  │  9240000  │   29700   │   700   │  9240000  │ 375450000 │ 1676299440000 │ '2023-02-13T14:44:00.000Z' │  0   │ 100  │  0  │    0     │ Infinity │ 550 │ 1306.3 │  0  │ 0.5 │ -700  │  -9240000  │  -12100   │  -151580000   │      │          │     │
└─────────┴───────┴───────┴───────┴───────┴──────┴───────────┴───────────┴─────────┴───────────┴───────────┴───────────────┴────────────────────────────┴──────┴──────┴─────┴──────────┴──────────┴─────┴────────┴─────┴─────┴───────┴────────────┴───────────┴───────────────┴──────┴──────────┴─────┘

