┌─────────┬───────┬───────┬───────┬───────┬──────┬───────────┬───────────┬─────────┬───────────┬────────────┬───────────────┬────────────────────────────┬──────┬──────┬─────┬──────────┬──────────┬───────┬───────┬─────┬─────┬───────┬────────────┬───────────┬───────────────┬──────┬───────────┬─────┐
│ (index) │   c   │   h   │   l   │   o   │  sd  │  val_sd   │ total_vol │ sum_vol │    val    │  acum_val  │   datetime    │            date            │ pbu  │ psd  │ puk │    bs    │    sb    │  abu  │  asd  │ auk │ rsd │ bu-sd │ bu-sd_val  │ acum_busd │ acum_busd_val │  bu  │  val_bu   │ rbu │
├─────────┼───────┼───────┼───────┼───────┼──────┼───────────┼───────────┼─────────┼───────────┼────────────┼───────────────┼────────────────────────────┼──────┼──────┼─────┼──────────┼──────────┼───────┼───────┼─────┼─────┼───────┼────────────┼───────────┼───────────────┼──────┼───────────┼─────┤
│    0    │ 90600 │ 90700 │ 90600 │ 90700 │ 200  │ 18130000  │    200    │   200   │ 18130000  │  18130000  │ 1676281200000 │ '2023-02-13T09:40:00.000Z' │  0   │ 100  │  0  │    0     │ Infinity │ 209.7 │ 738.7 │  0  │ 0.3 │ -200  │ -18130000  │   -200    │   -18130000   │      │           │     │
│    1    │ 90800 │ 90800 │ 90800 │ 90800 │ 100  │  9080000  │    300    │   100   │  9080000  │  27210000  │ 1676281320000 │ '2023-02-13T09:42:00.000Z' │  0   │ 100  │  0  │    0     │ Infinity │ 209.7 │ 738.7 │  0  │ 0.1 │ -100  │  -9080000  │   -300    │   -27210000   │      │           │     │
│    2    │ 91000 │ 91000 │ 91000 │ 91000 │      │           │    400    │   100   │  9100000  │  36310000  │ 1676281680000 │ '2023-02-13T09:48:00.000Z' │ 100  │  0   │  0  │ Infinity │    0     │ 209.7 │ 738.7 │  0  │     │  100  │  9100000   │   -200    │   -18110000   │ 100  │  9100000  │ 0.5 │
│    3    │ 90800 │ 91000 │ 90800 │ 91000 │ 1000 │ 90880000  │   1400    │  1000   │ 90880000  │ 127190000  │ 1676283960000 │ '2023-02-13T10:26:00.000Z' │  0   │ 100  │  0  │    0     │ Infinity │ 209.7 │ 738.7 │  0  │ 1.4 │ -1000 │ -90880000  │   -1200   │  -108990000   │      │           │     │
│    4    │ 91000 │ 91000 │ 90900 │ 90900 │ 100  │  9090000  │   1600    │   200   │ 18190000  │ 145380000  │ 1676286480000 │ '2023-02-13T11:08:00.000Z' │  50  │  50  │  0  │    1     │    1     │ 209.7 │ 738.7 │  0  │ 0.1 │   0   │   10000    │   -1200   │  -108980000   │ 100  │  9100000  │ 0.5 │
│    5    │ 91000 │ 91000 │ 91000 │ 91000 │      │           │   2500    │   900   │ 81900000  │ 227280000  │ 1676286600000 │ '2023-02-13T11:10:00.000Z' │ 100  │  0   │  0  │ Infinity │    0     │ 209.7 │ 738.7 │  0  │     │  900  │  81900000  │   -300    │   -27080000   │ 900  │ 81900000  │ 4.3 │
│    6    │ 91000 │ 91000 │ 91000 │ 91000 │ 100  │  9100000  │   2600    │   100   │  9100000  │ 236380000  │ 1676286720000 │ '2023-02-13T11:12:00.000Z' │  0   │ 100  │  0  │    0     │ Infinity │ 209.7 │ 738.7 │  0  │ 0.1 │ -100  │  -9100000  │   -400    │   -36180000   │      │           │     │
│    7    │ 91000 │ 91000 │ 90500 │ 91000 │ 1500 │ 136120000 │   5000    │  2400   │ 218020000 │ 454400000  │ 1676286840000 │ '2023-02-13T11:14:00.000Z' │ 37.5 │ 62.5 │  0  │   0.6    │   1.7    │ 209.7 │ 738.7 │  0  │  2  │ -600  │ -54220000  │   -1000   │   -90400000   │ 900  │ 81900000  │ 4.3 │
│    8    │ 90000 │ 91000 │ 90000 │ 91000 │ 1100 │ 99830000  │   6100    │  1100   │ 99830000  │ 554230000  │ 1676286960000 │ '2023-02-13T11:16:00.000Z' │  0   │ 100  │  0  │    0     │ Infinity │ 209.7 │ 738.7 │  0  │ 1.5 │ -1100 │ -99830000  │   -2100   │  -190230000   │      │           │     │
│    9    │ 90200 │ 90200 │ 90200 │ 90200 │ 200  │ 18040000  │   6300    │   200   │ 18040000  │ 572270000  │ 1676287200000 │ '2023-02-13T11:20:00.000Z' │  0   │ 100  │  0  │    0     │ Infinity │ 209.7 │ 738.7 │  0  │ 0.3 │ -200  │ -18040000  │   -2300   │  -208270000   │      │           │     │
│   10    │ 90200 │ 90200 │ 90200 │ 90200 │ 100  │  9020000  │   6400    │   100   │  9020000  │ 581290000  │ 1676287320000 │ '2023-02-13T11:22:00.000Z' │  0   │ 100  │  0  │    0     │ Infinity │ 209.7 │ 738.7 │  0  │ 0.1 │ -100  │  -9020000  │   -2400   │  -217290000   │      │           │     │
│   11    │ 92000 │ 92000 │ 90200 │ 90200 │ 1300 │ 117260000 │   7900    │  1500   │ 135660000 │ 716950000  │ 1676293200000 │ '2023-02-13T13:00:00.000Z' │ 13.3 │ 86.7 │  0  │   0.2    │   6.5    │ 209.7 │ 738.7 │  0  │ 1.8 │ -1100 │ -98860000  │   -3500   │  -316150000   │ 200  │ 18400000  │  1  │
│   12    │ 91500 │ 91500 │ 91500 │ 91500 │      │           │   8000    │   100   │  9150000  │ 726100000  │ 1676294040000 │ '2023-02-13T13:14:00.000Z' │ 100  │  0   │  0  │ Infinity │    0     │ 209.7 │ 738.7 │  0  │     │  100  │  9150000   │   -3400   │  -307000000   │ 100  │  9150000  │ 0.5 │
│   13    │ 90200 │ 90200 │ 90200 │ 90200 │ 1600 │ 144320000 │   9600    │  1600   │ 144320000 │ 870420000  │ 1676294520000 │ '2023-02-13T13:22:00.000Z' │  0   │ 100  │  0  │    0     │ Infinity │ 209.7 │ 738.7 │  0  │ 2.2 │ -1600 │ -144320000 │   -5000   │  -451320000   │      │           │     │
│   14    │ 90000 │ 90200 │ 90000 │ 90200 │ 800  │ 72000000  │   10500   │   900   │ 81020000  │ 951440000  │ 1676294640000 │ '2023-02-13T13:24:00.000Z' │ 11.1 │ 88.9 │  0  │   0.1    │    8     │ 209.7 │ 738.7 │  0  │ 1.1 │ -700  │ -62980000  │   -5700   │  -514300000   │ 100  │  9020000  │ 0.5 │
│   15    │ 89200 │ 89200 │ 89200 │ 89200 │ 300  │ 26760000  │   11000   │   500   │ 44600000  │ 996040000  │ 1676295000000 │ '2023-02-13T13:30:00.000Z' │  40  │  60  │  0  │   0.7    │   1.5    │ 209.7 │ 738.7 │  0  │ 0.4 │ -100  │  -8920000  │   -5800   │  -523220000   │ 200  │ 17840000  │  1  │
│   16    │ 90000 │ 90000 │ 89000 │ 89000 │ 1100 │ 97900000  │   13300   │  2300   │ 205900000 │ 1201940000 │ 1676295120000 │ '2023-02-13T13:32:00.000Z' │ 52.2 │ 47.8 │  0  │   1.1    │   0.9    │ 209.7 │ 738.7 │  0  │ 1.5 │  100  │  10100000  │   -5700   │  -513120000   │ 1200 │ 108000000 │ 5.7 │
│   17    │ 89000 │ 89200 │ 89000 │ 89200 │ 200  │ 17820000  │   13500   │   200   │ 17820000  │ 1219760000 │ 1676295240000 │ '2023-02-13T13:34:00.000Z' │  0   │ 100  │  0  │    0     │ Infinity │ 209.7 │ 738.7 │  0  │ 0.3 │ -200  │ -17820000  │   -5900   │  -530940000   │      │           │     │
│   18    │ 89000 │ 89000 │ 89000 │ 89000 │ 1000 │ 89000000  │   14500   │  1000   │ 89000000  │ 1308760000 │ 1676295480000 │ '2023-02-13T13:38:00.000Z' │  0   │ 100  │  0  │    0     │ Infinity │ 209.7 │ 738.7 │  0  │ 1.4 │ -1000 │ -89000000  │   -6900   │  -619940000   │      │           │     │
│   19    │ 90200 │ 90200 │ 90200 │ 90200 │      │           │   15500   │  1000   │ 90200000  │ 1398960000 │ 1676295600000 │ '2023-02-13T13:40:00.000Z' │ 100  │  0   │  0  │ Infinity │    0     │ 209.7 │ 738.7 │  0  │     │ 1000  │  90200000  │   -5900   │  -529740000   │ 1000 │ 90200000  │ 4.8 │
│   20    │ 90200 │ 90200 │ 90200 │ 90200 │      │           │   15600   │   100   │  9020000  │ 1407980000 │ 1676295840000 │ '2023-02-13T13:44:00.000Z' │ 100  │  0   │  0  │ Infinity │    0     │ 209.7 │ 738.7 │  0  │     │  100  │  9020000   │   -5800   │  -520720000   │ 100  │  9020000  │ 0.5 │
├─────────┼───────┼───────┼───────┼───────┼──────┼───────────┼───────────┼─────────┼───────────┼────────────┼───────────────┼────────────────────────────┼──────┼──────┼─────┼──────────┼──────────┼───────┼───────┼─────┼─────┼───────┼────────────┼───────────┼───────────────┼──────┼───────────┼─────┤
│ (index) │   c   │   h   │   l   │   o   │  sd  │  val_sd   │ total_vol │ sum_vol │    val    │  acum_val  │   datetime    │            date            │ pbu  │ psd  │ puk │    bs    │    sb    │  abu  │  asd  │ auk │ rsd │ bu-sd │ bu-sd_val  │ acum_busd │ acum_busd_val │  bu  │  val_bu   │ rbu │
├─────────┼───────┼───────┼───────┼───────┼──────┼───────────┼───────────┼─────────┼───────────┼────────────┼───────────────┼────────────────────────────┼──────┼──────┼─────┼──────────┼──────────┼───────┼───────┼─────┼─────┼───────┼────────────┼───────────┼───────────────┼──────┼───────────┼─────┤
│   21    │ 90000 │ 90200 │ 90000 │ 90000 │ 800  │ 72000000  │   16500   │   900   │ 81020000  │ 1489000000 │ 1676295960000 │ '2023-02-13T13:46:00.000Z' │ 11.1 │ 88.9 │  0  │   0.1    │    8     │ 209.7 │ 738.7 │  0  │ 1.1 │ -700  │ -62980000  │   -6500   │  -583700000   │ 100  │  9020000  │ 0.5 │
│   22    │ 90000 │ 90000 │ 90000 │ 90000 │ 3700 │ 333000000 │   20200   │  3700   │ 333000000 │ 1822000000 │ 1676296080000 │ '2023-02-13T13:48:00.000Z' │  0   │ 100  │  0  │    0     │ Infinity │ 209.7 │ 738.7 │  0  │  5  │ -3700 │ -333000000 │  -10200   │  -916700000   │      │           │     │
│   23    │ 90000 │ 90000 │ 90000 │ 90000 │      │           │   20300   │   100   │  9000000  │ 1831000000 │ 1676296680000 │ '2023-02-13T13:58:00.000Z' │ 100  │  0   │  0  │ Infinity │    0     │ 209.7 │ 738.7 │  0  │     │  100  │  9000000   │  -10100   │  -907700000   │ 100  │  9000000  │ 0.5 │
│   24    │ 89000 │ 89200 │ 89000 │ 89200 │ 2400 │ 213790000 │   22700   │  2400   │ 213790000 │ 2044790000 │ 1676297160000 │ '2023-02-13T14:06:00.000Z' │  0   │ 100  │  0  │    0     │ Infinity │ 209.7 │ 738.7 │  0  │ 3.2 │ -2400 │ -213790000 │  -12500   │  -1121490000  │      │           │     │
│   25    │ 89000 │ 89000 │ 89000 │ 89000 │ 1000 │ 89000000  │   23700   │  1000   │ 89000000  │ 2133790000 │ 1676297400000 │ '2023-02-13T14:10:00.000Z' │  0   │ 100  │  0  │    0     │ Infinity │ 209.7 │ 738.7 │  0  │ 1.4 │ -1000 │ -89000000  │  -13500   │  -1210490000  │      │           │     │
│   26    │ 88500 │ 89000 │ 88500 │ 89000 │ 2200 │ 195000000 │   25900   │  2200   │ 195000000 │ 2328790000 │ 1676297520000 │ '2023-02-13T14:12:00.000Z' │  0   │ 100  │  0  │    0     │ Infinity │ 209.7 │ 738.7 │  0  │  3  │ -2200 │ -195000000 │  -15700   │  -1405490000  │      │           │     │
│   27    │ 88500 │ 88500 │ 88500 │ 88500 │ 100  │  8850000  │   26000   │   100   │  8850000  │ 2337640000 │ 1676297640000 │ '2023-02-13T14:14:00.000Z' │  0   │ 100  │  0  │    0     │ Infinity │ 209.7 │ 738.7 │  0  │ 0.1 │ -100  │  -8850000  │  -15800   │  -1414340000  │      │           │     │
│   28    │ 90000 │ 90000 │ 90000 │ 90000 │      │           │   27000   │  1000   │ 90000000  │ 2427640000 │ 1676297880000 │ '2023-02-13T14:18:00.000Z' │ 100  │  0   │  0  │ Infinity │    0     │ 209.7 │ 738.7 │  0  │     │ 1000  │  90000000  │  -14800   │  -1324340000  │ 1000 │ 90000000  │ 4.8 │
│   29    │ 89000 │ 89000 │ 89000 │ 89000 │ 2000 │ 178000000 │   29000   │  2000   │ 178000000 │ 2605640000 │ 1676298360000 │ '2023-02-13T14:26:00.000Z' │  0   │ 100  │  0  │    0     │ Infinity │ 209.7 │ 738.7 │  0  │ 2.7 │ -2000 │ -178000000 │  -16800   │  -1502340000  │      │           │     │
│   30    │ 89000 │ 89000 │ 89000 │ 89000 │      │           │   29400   │   400   │ 35600000  │ 2641240000 │ 1676299440000 │ '2023-02-13T14:44:00.000Z' │ 100  │  0   │  0  │ Infinity │    0     │ 209.7 │ 738.7 │  0  │     │  400  │  35600000  │  -16400   │  -1466740000  │ 400  │ 35600000  │ 1.9 │
└─────────┴───────┴───────┴───────┴───────┴──────┴───────────┴───────────┴─────────┴───────────┴────────────┴───────────────┴────────────────────────────┴──────┴──────┴─────┴──────────┴──────────┴───────┴───────┴─────┴─────┴───────┴────────────┴───────────┴───────────────┴──────┴───────────┴─────┘

