┌─────────┬──────┬──────┬──────┬──────┬───────┬──────────┬───────────┬─────────┬───────────┬────────────┬───────┬──────────┬───────────────┬────────────────────────────┬──────┬──────┬─────┬──────────┬──────────┬──────┬──────┬─────┬─────┬─────┬────────┬───────────┬───────────┬───────────────┐
│ (index) │  c   │  h   │  l   │  o   │  sd   │  val_sd  │ total_vol │ sum_vol │    val    │  acum_val  │  bu   │  val_bu  │   datetime    │            date            │ pbu  │ psd  │ puk │    bs    │    sb    │ abu  │ asd  │ auk │ rsd │ rbu │ bu-sd  │ bu-sd_val │ acum_busd │ acum_busd_val │
├─────────┼──────┼──────┼──────┼──────┼───────┼──────────┼───────────┼─────────┼───────────┼────────────┼───────┼──────────┼───────────────┼────────────────────────────┼──────┼──────┼─────┼──────────┼──────────┼──────┼──────┼─────┼─────┼─────┼────────┼───────────┼───────────┼───────────────┤
│    0    │ 7800 │ 7800 │ 7700 │ 7700 │  100  │  770000  │    200    │   200   │  1550000  │  1550000   │  100  │  780000  │ 1676278800000 │ '2023-02-13T09:00:00.000Z' │  50  │  50  │  0  │    1     │    1     │ 1063 │ 1600 │  0  │ 0.1 │ 0.1 │   0    │   10000   │     0     │     10000     │
│    1    │ 7800 │ 7800 │ 7800 │ 7800 │       │          │    400    │   200   │  1560000  │  3110000   │  200  │ 1560000  │ 1676280240000 │ '2023-02-13T09:24:00.000Z' │ 100  │  0   │  0  │ Infinity │    0     │ 1063 │ 1600 │  0  │     │ 0.2 │  200   │  1560000  │    200    │    1570000    │
│    2    │ 7700 │ 7700 │ 7700 │ 7700 │ 3500  │ 26950000 │   3900    │  3500   │ 26950000  │  30060000  │       │          │ 1676281080000 │ '2023-02-13T09:38:00.000Z' │  0   │ 100  │  0  │    0     │ Infinity │ 1063 │ 1600 │  0  │ 2.2 │     │ -3500  │ -26950000 │   -3300   │   -25380000   │
│    3    │ 7700 │ 7700 │ 7700 │ 7700 │ 3800  │ 29260000 │   7700    │  3800   │ 29260000  │  59320000  │       │          │ 1676281560000 │ '2023-02-13T09:46:00.000Z' │  0   │ 100  │  0  │    0     │ Infinity │ 1063 │ 1600 │  0  │ 2.4 │     │ -3800  │ -29260000 │   -7100   │   -54640000   │
│    4    │ 7700 │ 7700 │ 7700 │ 7700 │  200  │ 1540000  │   7900    │   200   │  1540000  │  60860000  │       │          │ 1676281680000 │ '2023-02-13T09:48:00.000Z' │  0   │ 100  │  0  │    0     │ Infinity │ 1063 │ 1600 │  0  │ 0.1 │     │  -200  │ -1540000  │   -7300   │   -56180000   │
│    5    │ 7700 │ 7700 │ 7700 │ 7700 │  100  │  770000  │   8000    │   100   │  770000   │  61630000  │       │          │ 1676281920000 │ '2023-02-13T09:52:00.000Z' │  0   │ 100  │  0  │    0     │ Infinity │ 1063 │ 1600 │  0  │ 0.1 │     │  -100  │  -770000  │   -7400   │   -56950000   │
│    6    │ 7700 │ 7700 │ 7700 │ 7700 │       │          │   18600   │  10600  │ 81620000  │ 143250000  │ 10600 │ 81620000 │ 1676282400000 │ '2023-02-13T10:00:00.000Z' │ 100  │  0   │  0  │ Infinity │    0     │ 1063 │ 1600 │  0  │     │ 10  │ 10600  │ 81620000  │   3200    │   24670000    │
│    7    │ 7700 │ 7700 │ 7700 │ 7700 │       │          │   19300   │   700   │  5390000  │ 148640000  │  700  │ 5390000  │ 1676282760000 │ '2023-02-13T10:06:00.000Z' │ 100  │  0   │  0  │ Infinity │    0     │ 1063 │ 1600 │  0  │     │ 0.7 │  700   │  5390000  │   3900    │   30060000    │
│    8    │ 7700 │ 7700 │ 7700 │ 7700 │       │          │   19400   │   100   │  770000   │ 149410000  │  100  │  770000  │ 1676282880000 │ '2023-02-13T10:08:00.000Z' │ 100  │  0   │  0  │ Infinity │    0     │ 1063 │ 1600 │  0  │     │ 0.1 │  100   │  770000   │   4000    │   30830000    │
│    9    │ 7700 │ 7700 │ 7700 │ 7700 │       │          │   20400   │  1000   │  7700000  │ 157110000  │ 1000  │ 7700000  │ 1676283000000 │ '2023-02-13T10:10:00.000Z' │ 100  │  0   │  0  │ Infinity │    0     │ 1063 │ 1600 │  0  │     │ 0.9 │  1000  │  7700000  │   5000    │   38530000    │
│   10    │ 7700 │ 7700 │ 7700 │ 7700 │       │          │   21100   │   700   │  5390000  │ 162500000  │  700  │ 5390000  │ 1676283120000 │ '2023-02-13T10:12:00.000Z' │ 100  │  0   │  0  │ Infinity │    0     │ 1063 │ 1600 │  0  │     │ 0.7 │  700   │  5390000  │   5700    │   43920000    │
│   11    │ 7600 │ 7600 │ 7600 │ 7600 │ 12300 │ 93480000 │   33400   │  12300  │ 93480000  │ 255980000  │       │          │ 1676283840000 │ '2023-02-13T10:24:00.000Z' │  0   │ 100  │  0  │    0     │ Infinity │ 1063 │ 1600 │  0  │ 7.7 │     │ -12300 │ -93480000 │   -6600   │   -49560000   │
│   12    │ 7600 │ 7600 │ 7600 │ 7600 │       │          │   33700   │   300   │  2280000  │ 258260000  │  300  │ 2280000  │ 1676283960000 │ '2023-02-13T10:26:00.000Z' │ 100  │  0   │  0  │ Infinity │    0     │ 1063 │ 1600 │  0  │     │ 0.3 │  300   │  2280000  │   -6300   │   -47280000   │
│   13    │ 7700 │ 7700 │ 7700 │ 7700 │       │          │   34600   │   900   │  6930000  │ 265190000  │  900  │ 6930000  │ 1676284080000 │ '2023-02-13T10:28:00.000Z' │ 100  │  0   │  0  │ Infinity │    0     │ 1063 │ 1600 │  0  │     │ 0.8 │  900   │  6930000  │   -5400   │   -40350000   │
│   14    │ 7700 │ 7700 │ 7700 │ 7700 │       │          │   34700   │   100   │  770000   │ 265960000  │  100  │  770000  │ 1676284320000 │ '2023-02-13T10:32:00.000Z' │ 100  │  0   │  0  │ Infinity │    0     │ 1063 │ 1600 │  0  │     │ 0.1 │  100   │  770000   │   -5300   │   -39580000   │
│   15    │ 7700 │ 7700 │ 7700 │ 7700 │       │          │   34800   │   100   │  770000   │ 266730000  │  100  │  770000  │ 1676284560000 │ '2023-02-13T10:36:00.000Z' │ 100  │  0   │  0  │ Infinity │    0     │ 1063 │ 1600 │  0  │     │ 0.1 │  100   │  770000   │   -5200   │   -38810000   │
│   16    │ 7700 │ 7700 │ 7700 │ 7700 │       │          │   34900   │   100   │  770000   │ 267500000  │  100  │  770000  │ 1676284680000 │ '2023-02-13T10:38:00.000Z' │ 100  │  0   │  0  │ Infinity │    0     │ 1063 │ 1600 │  0  │     │ 0.1 │  100   │  770000   │   -5100   │   -38040000   │
│   17    │ 7700 │ 7700 │ 7700 │ 7700 │       │          │   36000   │  1100   │  8470000  │ 275970000  │ 1100  │ 8470000  │ 1676285040000 │ '2023-02-13T10:44:00.000Z' │ 100  │  0   │  0  │ Infinity │    0     │ 1063 │ 1600 │  0  │     │  1  │  1100  │  8470000  │   -4000   │   -29570000   │
│   18    │ 7700 │ 7700 │ 7700 │ 7700 │       │          │   36300   │   300   │  2310000  │ 278280000  │  300  │ 2310000  │ 1676285640000 │ '2023-02-13T10:54:00.000Z' │ 100  │  0   │  0  │ Infinity │    0     │ 1063 │ 1600 │  0  │     │ 0.3 │  300   │  2310000  │   -3700   │   -27260000   │
│   19    │ 7700 │ 7700 │ 7700 │ 7700 │       │          │   37300   │  1000   │  7700000  │ 285980000  │ 1000  │ 7700000  │ 1676285880000 │ '2023-02-13T10:58:00.000Z' │ 100  │  0   │  0  │ Infinity │    0     │ 1063 │ 1600 │  0  │     │ 0.9 │  1000  │  7700000  │   -2700   │   -19560000   │
│   20    │ 7700 │ 7700 │ 7700 │ 7700 │       │          │   38300   │  1000   │  7700000  │ 293680000  │ 1000  │ 7700000  │ 1676286480000 │ '2023-02-13T11:08:00.000Z' │ 100  │  0   │  0  │ Infinity │    0     │ 1063 │ 1600 │  0  │     │ 0.9 │  1000  │  7700000  │   -1700   │   -11860000   │
├─────────┼──────┼──────┼──────┼──────┼───────┼──────────┼───────────┼─────────┼───────────┼────────────┼───────┼──────────┼───────────────┼────────────────────────────┼──────┼──────┼─────┼──────────┼──────────┼──────┼──────┼─────┼─────┼─────┼────────┼───────────┼───────────┼───────────────┤
│ (index) │  c   │  h   │  l   │  o   │  sd   │  val_sd  │ total_vol │ sum_vol │    val    │  acum_val  │  bu   │  val_bu  │   datetime    │            date            │ pbu  │ psd  │ puk │    bs    │    sb    │ abu  │ asd  │ auk │ rsd │ rbu │ bu-sd  │ bu-sd_val │ acum_busd │ acum_busd_val │
├─────────┼──────┼──────┼──────┼──────┼───────┼──────────┼───────────┼─────────┼───────────┼────────────┼───────┼──────────┼───────────────┼────────────────────────────┼──────┼──────┼─────┼──────────┼──────────┼──────┼──────┼─────┼─────┼─────┼────────┼───────────┼───────────┼───────────────┤
│   21    │ 7700 │ 7700 │ 7700 │ 7700 │       │          │   38400   │   100   │  770000   │ 294450000  │  100  │  770000  │ 1676286960000 │ '2023-02-13T11:16:00.000Z' │ 100  │  0   │  0  │ Infinity │    0     │ 1063 │ 1600 │  0  │     │ 0.1 │  100   │  770000   │   -1600   │   -11090000   │
│   22    │ 7600 │ 7700 │ 7600 │ 7700 │ 4000  │ 30400000 │   45400   │  7000   │ 53500000  │ 347950000  │ 3000  │ 23100000 │ 1676293200000 │ '2023-02-13T13:00:00.000Z' │ 42.9 │ 57.1 │  0  │   0.8    │   1.3    │ 1063 │ 1600 │  0  │ 2.5 │ 2.8 │ -1000  │ -7300000  │   -2600   │   -18390000   │
│   23    │ 7600 │ 7600 │ 7600 │ 7600 │  100  │  760000  │   47700   │  2300   │ 17480000  │ 365430000  │ 2200  │ 16720000 │ 1676293320000 │ '2023-02-13T13:02:00.000Z' │ 95.7 │ 4.3  │  0  │    22    │    0     │ 1063 │ 1600 │  0  │ 0.1 │ 2.1 │  2100  │ 15960000  │   -500    │   -2430000    │
│   24    │ 7600 │ 7600 │ 7600 │ 7600 │       │          │   48700   │  1000   │  7600000  │ 373030000  │ 1000  │ 7600000  │ 1676293440000 │ '2023-02-13T13:04:00.000Z' │ 100  │  0   │  0  │ Infinity │    0     │ 1063 │ 1600 │  0  │     │ 0.9 │  1000  │  7600000  │    500    │    5170000    │
│   25    │ 7600 │ 7600 │ 7600 │ 7600 │       │          │   48900   │   200   │  1520000  │ 374550000  │  200  │ 1520000  │ 1676293560000 │ '2023-02-13T13:06:00.000Z' │ 100  │  0   │  0  │ Infinity │    0     │ 1063 │ 1600 │  0  │     │ 0.2 │  200   │  1520000  │    700    │    6690000    │
│   26    │ 7600 │ 7600 │ 7600 │ 7600 │       │          │   49000   │   100   │  760000   │ 375310000  │  100  │  760000  │ 1676293800000 │ '2023-02-13T13:10:00.000Z' │ 100  │  0   │  0  │ Infinity │    0     │ 1063 │ 1600 │  0  │     │ 0.1 │  100   │  760000   │    800    │    7450000    │
│   27    │ 7600 │ 7600 │ 7600 │ 7600 │       │          │   49100   │   100   │  760000   │ 376070000  │  100  │  760000  │ 1676293920000 │ '2023-02-13T13:12:00.000Z' │ 100  │  0   │  0  │ Infinity │    0     │ 1063 │ 1600 │  0  │     │ 0.1 │  100   │  760000   │    900    │    8210000    │
│   28    │ 7500 │ 7600 │ 7500 │ 7600 │ 10000 │ 75000000 │   62000   │  12900  │ 97040000  │ 473110000  │ 2900  │ 22040000 │ 1676294280000 │ '2023-02-13T13:18:00.000Z' │ 22.5 │ 77.5 │  0  │   0.3    │   3.4    │ 1063 │ 1600 │  0  │ 6.3 │ 2.7 │ -7100  │ -52960000 │   -6200   │   -44750000   │
│   29    │ 7500 │ 7500 │ 7500 │ 7500 │ 10000 │ 75000000 │   72000   │  10000  │ 75000000  │ 548110000  │       │          │ 1676294400000 │ '2023-02-13T13:20:00.000Z' │  0   │ 100  │  0  │    0     │ Infinity │ 1063 │ 1600 │  0  │ 6.3 │     │ -10000 │ -75000000 │  -16200   │  -119750000   │
│   30    │ 7600 │ 7600 │ 7600 │ 7600 │       │          │   72100   │   100   │  760000   │ 548870000  │  100  │  760000  │ 1676294520000 │ '2023-02-13T13:22:00.000Z' │ 100  │  0   │  0  │ Infinity │    0     │ 1063 │ 1600 │  0  │     │ 0.1 │  100   │  760000   │  -16100   │  -118990000   │
│   31    │ 7600 │ 7600 │ 7600 │ 7600 │       │          │   72200   │   100   │  760000   │ 549630000  │  100  │  760000  │ 1676294880000 │ '2023-02-13T13:28:00.000Z' │ 100  │  0   │  0  │ Infinity │    0     │ 1063 │ 1600 │  0  │     │ 0.1 │  100   │  760000   │  -16000   │  -118230000   │
│   32    │ 7500 │ 7500 │ 7500 │ 7500 │  100  │  750000  │   72300   │   100   │  750000   │ 550380000  │       │          │ 1676295120000 │ '2023-02-13T13:32:00.000Z' │  0   │ 100  │  0  │    0     │ Infinity │ 1063 │ 1600 │  0  │ 0.1 │     │  -100  │  -750000  │  -16100   │  -118980000   │
│   33    │ 7500 │ 7500 │ 7500 │ 7500 │ 8000  │ 60000000 │   80300   │  8000   │ 60000000  │ 610380000  │       │          │ 1676295240000 │ '2023-02-13T13:34:00.000Z' │  0   │ 100  │  0  │    0     │ Infinity │ 1063 │ 1600 │  0  │  5  │     │ -8000  │ -60000000 │  -24100   │  -178980000   │
│   34    │ 7600 │ 7600 │ 7600 │ 7600 │       │          │   82300   │  2000   │ 15200000  │ 625580000  │ 2000  │ 15200000 │ 1676295600000 │ '2023-02-13T13:40:00.000Z' │ 100  │  0   │  0  │ Infinity │    0     │ 1063 │ 1600 │  0  │     │ 1.9 │  2000  │ 15200000  │  -22100   │  -163780000   │
│   35    │ 7600 │ 7600 │ 7600 │ 7600 │       │          │   83300   │  1000   │  7600000  │ 633180000  │ 1000  │ 7600000  │ 1676295720000 │ '2023-02-13T13:42:00.000Z' │ 100  │  0   │  0  │ Infinity │    0     │ 1063 │ 1600 │  0  │     │ 0.9 │  1000  │  7600000  │  -21100   │  -156180000   │
│   36    │ 7600 │ 7600 │ 7600 │ 7600 │       │          │   83400   │   100   │  760000   │ 633940000  │  100  │  760000  │ 1676295840000 │ '2023-02-13T13:44:00.000Z' │ 100  │  0   │  0  │ Infinity │    0     │ 1063 │ 1600 │  0  │     │ 0.1 │  100   │  760000   │  -21000   │  -155420000   │
│   37    │ 7500 │ 7500 │ 7500 │ 7500 │  400  │ 3000000  │   83800   │   400   │  3000000  │ 636940000  │       │          │ 1676295960000 │ '2023-02-13T13:46:00.000Z' │  0   │ 100  │  0  │    0     │ Infinity │ 1063 │ 1600 │  0  │ 0.3 │     │  -400  │ -3000000  │  -21400   │  -158420000   │
│   38    │ 7600 │ 7600 │ 7600 │ 7600 │       │          │   93800   │  10000  │ 76000000  │ 712940000  │ 10000 │ 76000000 │ 1676296080000 │ '2023-02-13T13:48:00.000Z' │ 100  │  0   │  0  │ Infinity │    0     │ 1063 │ 1600 │  0  │     │ 9.4 │ 10000  │ 76000000  │  -11400   │   -82420000   │
│   39    │ 7600 │ 7600 │ 7600 │ 7600 │       │          │   94800   │  1000   │  7600000  │ 720540000  │ 1000  │ 7600000  │ 1676296560000 │ '2023-02-13T13:56:00.000Z' │ 100  │  0   │  0  │ Infinity │    0     │ 1063 │ 1600 │  0  │     │ 0.9 │  1000  │  7600000  │  -10400   │   -74820000   │
│   40    │ 7500 │ 7500 │ 7500 │ 7500 │ 11500 │ 86250000 │  106300   │  11500  │ 86250000  │ 806790000  │       │          │ 1676296920000 │ '2023-02-13T14:02:00.000Z' │  0   │ 100  │  0  │    0     │ Infinity │ 1063 │ 1600 │  0  │ 7.2 │     │ -11500 │ -86250000 │  -21900   │  -161070000   │
├─────────┼──────┼──────┼──────┼──────┼───────┼──────────┼───────────┼─────────┼───────────┼────────────┼───────┼──────────┼───────────────┼────────────────────────────┼──────┼──────┼─────┼──────────┼──────────┼──────┼──────┼─────┼─────┼─────┼────────┼───────────┼───────────┼───────────────┤
│ (index) │  c   │  h   │  l   │  o   │  sd   │  val_sd  │ total_vol │ sum_vol │    val    │  acum_val  │  bu   │  val_bu  │   datetime    │            date            │ pbu  │ psd  │ puk │    bs    │    sb    │ abu  │ asd  │ auk │ rsd │ rbu │ bu-sd  │ bu-sd_val │ acum_busd │ acum_busd_val │
├─────────┼──────┼──────┼──────┼──────┼───────┼──────────┼───────────┼─────────┼───────────┼────────────┼───────┼──────────┼───────────────┼────────────────────────────┼──────┼──────┼─────┼──────────┼──────────┼──────┼──────┼─────┼─────┼─────┼────────┼───────────┼───────────┼───────────────┤
│   41    │ 7500 │ 7500 │ 7500 │ 7500 │ 3100  │ 23250000 │  109400   │  3100   │ 23250000  │ 830040000  │       │          │ 1676297160000 │ '2023-02-13T14:06:00.000Z' │  0   │ 100  │  0  │    0     │ Infinity │ 1063 │ 1600 │  0  │ 1.9 │     │ -3100  │ -23250000 │  -25000   │  -184320000   │
│   42    │ 7500 │ 7500 │ 7500 │ 7500 │ 4300  │ 32250000 │  113700   │  4300   │ 32250000  │ 862290000  │       │          │ 1676297280000 │ '2023-02-13T14:08:00.000Z' │  0   │ 100  │  0  │    0     │ Infinity │ 1063 │ 1600 │  0  │ 2.7 │     │ -4300  │ -32250000 │  -29300   │  -216570000   │
│   43    │ 7500 │ 7500 │ 7500 │ 7500 │       │          │  113800   │   100   │  750000   │ 863040000  │  100  │  750000  │ 1676297640000 │ '2023-02-13T14:14:00.000Z' │ 100  │  0   │  0  │ Infinity │    0     │ 1063 │ 1600 │  0  │     │ 0.1 │  100   │  750000   │  -29200   │  -215820000   │
│   44    │ 7500 │ 7500 │ 7500 │ 7500 │       │          │  116400   │  2600   │ 19500000  │ 882540000  │ 2600  │ 19500000 │ 1676297760000 │ '2023-02-13T14:16:00.000Z' │ 100  │  0   │  0  │ Infinity │    0     │ 1063 │ 1600 │  0  │     │ 2.4 │  2600  │ 19500000  │  -26600   │  -196320000   │
│   45    │ 7500 │ 7500 │ 7500 │ 7500 │ 9600  │ 72000000 │  131000   │  14600  │ 109500000 │ 992040000  │ 5000  │ 37500000 │ 1676298000000 │ '2023-02-13T14:20:00.000Z' │ 34.2 │ 65.8 │  0  │   0.5    │   1.9    │ 1063 │ 1600 │  0  │  6  │ 4.7 │ -4600  │ -34500000 │  -31200   │  -230820000   │
│   46    │ 7600 │ 7600 │ 7600 │ 7600 │       │          │  133000   │  2000   │ 15200000  │ 1007240000 │ 2000  │ 15200000 │ 1676298240000 │ '2023-02-13T14:24:00.000Z' │ 100  │  0   │  0  │ Infinity │    0     │ 1063 │ 1600 │  0  │     │ 1.9 │  2000  │ 15200000  │  -29200   │  -215620000   │
│   47    │ 7500 │ 7600 │ 7500 │ 7600 │ 2500  │ 18750000 │  137500   │  4500   │ 33950000  │ 1041190000 │ 2000  │ 15200000 │ 1676298600000 │ '2023-02-13T14:30:00.000Z' │ 44.4 │ 55.6 │  0  │   0.8    │   1.3    │ 1063 │ 1600 │  0  │ 1.6 │ 1.9 │  -500  │ -3550000  │  -29700   │  -219170000   │
│   48    │ 7500 │ 7500 │ 7500 │ 7500 │  300  │ 2250000  │  137800   │   300   │  2250000  │ 1043440000 │       │          │ 1676298840000 │ '2023-02-13T14:34:00.000Z' │  0   │ 100  │  0  │    0     │ Infinity │ 1063 │ 1600 │  0  │ 0.2 │     │  -300  │ -2250000  │  -30000   │  -221420000   │
│   49    │ 7500 │ 7500 │ 7500 │ 7500 │       │          │  138800   │  1000   │  7500000  │ 1050940000 │ 1000  │ 7500000  │ 1676298960000 │ '2023-02-13T14:36:00.000Z' │ 100  │  0   │  0  │ Infinity │    0     │ 1063 │ 1600 │  0  │     │ 0.9 │  1000  │  7500000  │  -29000   │  -213920000   │
│   50    │ 7500 │ 7500 │ 7500 │ 7500 │       │          │  138900   │   100   │  750000   │ 1051690000 │  100  │  750000  │ 1676299080000 │ '2023-02-13T14:38:00.000Z' │ 100  │  0   │  0  │ Infinity │    0     │ 1063 │ 1600 │  0  │     │ 0.1 │  100   │  750000   │  -28900   │  -213170000   │
│   51    │ 7500 │ 7500 │ 7500 │ 7500 │       │          │  140100   │  1200   │  9000000  │ 1060690000 │ 1200  │ 9000000  │ 1676299440000 │ '2023-02-13T14:44:00.000Z' │ 100  │  0   │  0  │ Infinity │    0     │ 1063 │ 1600 │  0  │     │ 1.1 │  1200  │  9000000  │  -27700   │  -204170000   │
│   52    │ 7500 │ 7500 │ 7500 │ 7500 │       │          │  141300   │  1200   │  9000000  │ 1069690000 │ 1200  │ 9000000  │ 1676299560000 │ '2023-02-13T14:46:00.000Z' │ 100  │  0   │  0  │ Infinity │    0     │ 1063 │ 1600 │  0  │     │ 1.1 │  1200  │  9000000  │  -26500   │  -195170000   │
│   53    │ 7500 │ 7500 │ 7500 │ 7500 │ 2500  │ 18750000 │  143800   │  2500   │ 18750000  │ 1088440000 │       │          │ 1676299800000 │ '2023-02-13T14:50:00.000Z' │  0   │ 100  │  0  │    0     │ Infinity │ 1063 │ 1600 │  0  │ 1.6 │     │ -2500  │ -18750000 │  -29000   │  -213920000   │
└─────────┴──────┴──────┴──────┴──────┴───────┴──────────┴───────────┴─────────┴───────────┴────────────┴───────┴──────────┴───────────────┴────────────────────────────┴──────┴──────┴─────┴──────────┴──────────┴──────┴──────┴─────┴─────┴─────┴────────┴───────────┴───────────┴───────────────┘

