┌─────────┬──────┬──────┬──────┬──────┬───────┬──────────┬───────────┬─────────┬──────────┬───────────┬───────────────┬────────────────────────────┬──────┬──────┬─────┬──────────┬──────────┬────────┬───────┬─────┬─────┬────────┬───────────┬───────────┬───────────────┬───────┬──────────┬──────┐
│ (index) │  c   │  h   │  l   │  o   │  bu   │  val_bu  │ total_vol │ sum_vol │   val    │ acum_val  │   datetime    │            date            │ pbu  │ psd  │ puk │    bs    │    sb    │  abu   │  asd  │ auk │ rbu │ bu-sd  │ bu-sd_val │ acum_busd │ acum_busd_val │  sd   │  val_sd  │ rsd  │
├─────────┼──────┼──────┼──────┼──────┼───────┼──────────┼───────────┼─────────┼──────────┼───────────┼───────────────┼────────────────────────────┼──────┼──────┼─────┼──────────┼──────────┼────────┼───────┼─────┼─────┼────────┼───────────┼───────────┼───────────────┼───────┼──────────┼──────┤
│    0    │ 1600 │ 1600 │ 1600 │ 1600 │ 10400 │ 16640000 │   25200   │  10400  │ 16640000 │ 16640000  │ 1676253600000 │ '2023-02-13T02:00:00.000Z' │ 100  │  0   │  0  │ Infinity │    0     │ 4693.4 │ 385.2 │  0  │ 2.2 │ 10400  │ 16640000  │   10400   │   16640000    │       │          │      │
│    1    │ 1500 │ 1600 │ 1500 │ 1500 │ 12000 │ 18060000 │   28700   │  18300  │ 27510000 │ 44150000  │ 1676278800000 │ '2023-02-13T09:00:00.000Z' │ 65.6 │ 34.4 │  0  │   1.9    │   0.5    │ 4693.4 │ 385.2 │  0  │ 2.6 │  5700  │  8610000  │   16100   │   25250000    │ 6300  │ 9450000  │ 16.4 │
│    2    │ 1500 │ 1500 │ 1500 │ 1500 │       │          │   45900   │  17200  │ 25800000 │ 69950000  │ 1676278920000 │ '2023-02-13T09:02:00.000Z' │  0   │ 100  │  0  │    0     │ Infinity │ 4693.4 │ 385.2 │  0  │     │ -17200 │ -25800000 │   -1100   │    -550000    │ 17200 │ 25800000 │ 44.7 │
│    3    │ 1500 │ 1500 │ 1500 │ 1500 │ 16700 │ 25050000 │   62600   │  16700  │ 25050000 │ 95000000  │ 1676279040000 │ '2023-02-13T09:04:00.000Z' │ 100  │  0   │  0  │ Infinity │    0     │ 4693.4 │ 385.2 │  0  │ 3.6 │ 16700  │ 25050000  │   15600   │   24500000    │       │          │      │
│    4    │ 1500 │ 1500 │ 1500 │ 1500 │  300  │  450000  │   62900   │   300   │  450000  │ 95450000  │ 1676279160000 │ '2023-02-13T09:06:00.000Z' │ 100  │  0   │  0  │ Infinity │    0     │ 4693.4 │ 385.2 │  0  │ 0.1 │  300   │  450000   │   15900   │   24950000    │       │          │      │
│    5    │ 1500 │ 1500 │ 1500 │ 1500 │ 3700  │ 5550000  │   66600   │  3700   │ 5550000  │ 101000000 │ 1676279280000 │ '2023-02-13T09:08:00.000Z' │ 100  │  0   │  0  │ Infinity │    0     │ 4693.4 │ 385.2 │  0  │ 0.8 │  3700  │  5550000  │   19600   │   30500000    │       │          │      │
│    6    │ 1500 │ 1500 │ 1500 │ 1500 │ 11800 │ 17700000 │   78400   │  11800  │ 17700000 │ 118700000 │ 1676279520000 │ '2023-02-13T09:12:00.000Z' │ 100  │  0   │  0  │ Infinity │    0     │ 4693.4 │ 385.2 │  0  │ 2.5 │ 11800  │ 17700000  │   31400   │   48200000    │       │          │      │
│    7    │ 1500 │ 1500 │ 1500 │ 1500 │ 14200 │ 21300000 │   92600   │  14200  │ 21300000 │ 140000000 │ 1676279640000 │ '2023-02-13T09:14:00.000Z' │ 100  │  0   │  0  │ Infinity │    0     │ 4693.4 │ 385.2 │  0  │  3  │ 14200  │ 21300000  │   45600   │   69500000    │       │          │      │
│    8    │ 1500 │ 1500 │ 1500 │ 1500 │  500  │  750000  │   93100   │   500   │  750000  │ 140750000 │ 1676279760000 │ '2023-02-13T09:16:00.000Z' │ 100  │  0   │  0  │ Infinity │    0     │ 4693.4 │ 385.2 │  0  │ 0.1 │  500   │  750000   │   46100   │   70250000    │       │          │      │
│    9    │ 1500 │ 1500 │ 1500 │ 1500 │ 7300  │ 10950000 │  100400   │  7300   │ 10950000 │ 151700000 │ 1676279880000 │ '2023-02-13T09:18:00.000Z' │ 100  │  0   │  0  │ Infinity │    0     │ 4693.4 │ 385.2 │  0  │ 1.6 │  7300  │ 10950000  │   53400   │   81200000    │       │          │      │
│   10    │ 1500 │ 1500 │ 1500 │ 1500 │  700  │ 1050000  │  101100   │   700   │ 1050000  │ 152750000 │ 1676280000000 │ '2023-02-13T09:20:00.000Z' │ 100  │  0   │  0  │ Infinity │    0     │ 4693.4 │ 385.2 │  0  │ 0.1 │  700   │  1050000  │   54100   │   82250000    │       │          │      │
│   11    │ 1500 │ 1500 │ 1500 │ 1500 │  100  │  150000  │  101200   │   100   │  150000  │ 152900000 │ 1676280240000 │ '2023-02-13T09:24:00.000Z' │ 100  │  0   │  0  │ Infinity │    0     │ 4693.4 │ 385.2 │  0  │  0  │  100   │  150000   │   54200   │   82400000    │       │          │      │
│   12    │ 1500 │ 1500 │ 1500 │ 1500 │  200  │  300000  │  101400   │   200   │  300000  │ 153200000 │ 1676280480000 │ '2023-02-13T09:28:00.000Z' │ 100  │  0   │  0  │ Infinity │    0     │ 4693.4 │ 385.2 │  0  │  0  │  200   │  300000   │   54400   │   82700000    │       │          │      │
│   13    │ 1500 │ 1500 │ 1500 │ 1500 │  100  │  150000  │  101500   │   100   │  150000  │ 153350000 │ 1676280600000 │ '2023-02-13T09:30:00.000Z' │ 100  │  0   │  0  │ Infinity │    0     │ 4693.4 │ 385.2 │  0  │  0  │  100   │  150000   │   54500   │   82850000    │       │          │      │
│   14    │ 1500 │ 1500 │ 1500 │ 1500 │ 1200  │ 1800000  │  102700   │  1200   │ 1800000  │ 155150000 │ 1676280840000 │ '2023-02-13T09:34:00.000Z' │ 100  │  0   │  0  │ Infinity │    0     │ 4693.4 │ 385.2 │  0  │ 0.3 │  1200  │  1800000  │   55700   │   84650000    │       │          │      │
│   15    │ 1500 │ 1500 │ 1500 │ 1500 │  400  │  600000  │  103100   │   400   │  600000  │ 155750000 │ 1676280960000 │ '2023-02-13T09:36:00.000Z' │ 100  │  0   │  0  │ Infinity │    0     │ 4693.4 │ 385.2 │  0  │ 0.1 │  400   │  600000   │   56100   │   85250000    │       │          │      │
│   16    │ 1500 │ 1500 │ 1500 │ 1500 │ 10000 │ 15000000 │  113100   │  10000  │ 15000000 │ 170750000 │ 1676281080000 │ '2023-02-13T09:38:00.000Z' │ 100  │  0   │  0  │ Infinity │    0     │ 4693.4 │ 385.2 │  0  │ 2.1 │ 10000  │ 15000000  │   66100   │   100250000   │       │          │      │
│   17    │ 1500 │ 1500 │ 1500 │ 1500 │ 11000 │ 16500000 │  124100   │  11000  │ 16500000 │ 187250000 │ 1676281320000 │ '2023-02-13T09:42:00.000Z' │ 100  │  0   │  0  │ Infinity │    0     │ 4693.4 │ 385.2 │  0  │ 2.3 │ 11000  │ 16500000  │   77100   │   116750000   │       │          │      │
│   18    │ 1500 │ 1500 │ 1500 │ 1500 │  300  │  450000  │  124400   │   300   │  450000  │ 187700000 │ 1676281440000 │ '2023-02-13T09:44:00.000Z' │ 100  │  0   │  0  │ Infinity │    0     │ 4693.4 │ 385.2 │  0  │ 0.1 │  300   │  450000   │   77400   │   117200000   │       │          │      │
│   19    │ 1500 │ 1500 │ 1500 │ 1500 │ 2000  │ 3000000  │  126400   │  2000   │ 3000000  │ 190700000 │ 1676281560000 │ '2023-02-13T09:46:00.000Z' │ 100  │  0   │  0  │ Infinity │    0     │ 4693.4 │ 385.2 │  0  │ 0.4 │  2000  │  3000000  │   79400   │   120200000   │       │          │      │
│   20    │ 1500 │ 1500 │ 1500 │ 1500 │  500  │  750000  │  126900   │   500   │  750000  │ 191450000 │ 1676281680000 │ '2023-02-13T09:48:00.000Z' │ 100  │  0   │  0  │ Infinity │    0     │ 4693.4 │ 385.2 │  0  │ 0.1 │  500   │  750000   │   79900   │   120950000   │       │          │      │
├─────────┼──────┼──────┼──────┼──────┼───────┼──────────┼───────────┼─────────┼──────────┼───────────┼───────────────┼────────────────────────────┼──────┼──────┼─────┼──────────┼──────────┼────────┼───────┼─────┼─────┼────────┼───────────┼───────────┼───────────────┼───────┼──────────┼──────┤
│ (index) │  c   │  h   │  l   │  o   │  bu   │  val_bu  │ total_vol │ sum_vol │   val    │ acum_val  │   datetime    │            date            │ pbu  │ psd  │ puk │    bs    │    sb    │  abu   │  asd  │ auk │ rbu │ bu-sd  │ bu-sd_val │ acum_busd │ acum_busd_val │  sd   │  val_sd  │ rsd  │
├─────────┼──────┼──────┼──────┼──────┼───────┼──────────┼───────────┼─────────┼──────────┼───────────┼───────────────┼────────────────────────────┼──────┼──────┼─────┼──────────┼──────────┼────────┼───────┼─────┼─────┼────────┼───────────┼───────────┼───────────────┼───────┼──────────┼──────┤
│   21    │ 1500 │ 1500 │ 1500 │ 1500 │  200  │  300000  │  127100   │   200   │  300000  │ 191750000 │ 1676281800000 │ '2023-02-13T09:50:00.000Z' │ 100  │  0   │  0  │ Infinity │    0     │ 4693.4 │ 385.2 │  0  │  0  │  200   │  300000   │   80100   │   121250000   │       │          │      │
│   22    │ 1500 │ 1500 │ 1500 │ 1500 │ 1000  │ 1500000  │  128100   │  1000   │ 1500000  │ 193250000 │ 1676281920000 │ '2023-02-13T09:52:00.000Z' │ 100  │  0   │  0  │ Infinity │    0     │ 4693.4 │ 385.2 │  0  │ 0.2 │  1000  │  1500000  │   81100   │   122750000   │       │          │      │
│   23    │ 1500 │ 1500 │ 1500 │ 1500 │ 1300  │ 1950000  │  129400   │  1300   │ 1950000  │ 195200000 │ 1676282880000 │ '2023-02-13T10:08:00.000Z' │ 100  │  0   │  0  │ Infinity │    0     │ 4693.4 │ 385.2 │  0  │ 0.3 │  1300  │  1950000  │   82400   │   124700000   │       │          │      │
│   24    │ 1500 │ 1500 │ 1500 │ 1500 │ 22000 │ 33000000 │  151400   │  22000  │ 33000000 │ 228200000 │ 1676283240000 │ '2023-02-13T10:14:00.000Z' │ 100  │  0   │  0  │ Infinity │    0     │ 4693.4 │ 385.2 │  0  │ 4.7 │ 22000  │ 33000000  │  104400   │   157700000   │       │          │      │
│   25    │ 1500 │ 1500 │ 1500 │ 1500 │ 1000  │ 1500000  │  152400   │  1000   │ 1500000  │ 229700000 │ 1676283360000 │ '2023-02-13T10:16:00.000Z' │ 100  │  0   │  0  │ Infinity │    0     │ 4693.4 │ 385.2 │  0  │ 0.2 │  1000  │  1500000  │  105400   │   159200000   │       │          │      │
│   26    │ 1500 │ 1500 │ 1500 │ 1500 │ 20500 │ 30750000 │  172900   │  20500  │ 30750000 │ 260450000 │ 1676283480000 │ '2023-02-13T10:18:00.000Z' │ 100  │  0   │  0  │ Infinity │    0     │ 4693.4 │ 385.2 │  0  │ 4.4 │ 20500  │ 30750000  │  125900   │   189950000   │       │          │      │
│   27    │ 1500 │ 1500 │ 1500 │ 1500 │  300  │  450000  │  173200   │   300   │  450000  │ 260900000 │ 1676283720000 │ '2023-02-13T10:22:00.000Z' │ 100  │  0   │  0  │ Infinity │    0     │ 4693.4 │ 385.2 │  0  │ 0.1 │  300   │  450000   │  126200   │   190400000   │       │          │      │
│   28    │ 1500 │ 1500 │ 1500 │ 1500 │  900  │ 1350000  │  174100   │   900   │ 1350000  │ 262250000 │ 1676283840000 │ '2023-02-13T10:24:00.000Z' │ 100  │  0   │  0  │ Infinity │    0     │ 4693.4 │ 385.2 │  0  │ 0.2 │  900   │  1350000  │  127100   │   191750000   │       │          │      │
│   29    │ 1500 │ 1500 │ 1500 │ 1500 │  100  │  150000  │  174200   │   100   │  150000  │ 262400000 │ 1676284080000 │ '2023-02-13T10:28:00.000Z' │ 100  │  0   │  0  │ Infinity │    0     │ 4693.4 │ 385.2 │  0  │  0  │  100   │  150000   │  127200   │   191900000   │       │          │      │
│   30    │ 1500 │ 1500 │ 1500 │ 1500 │ 4000  │ 6000000  │  178200   │  4000   │ 6000000  │ 268400000 │ 1676284200000 │ '2023-02-13T10:30:00.000Z' │ 100  │  0   │  0  │ Infinity │    0     │ 4693.4 │ 385.2 │  0  │ 0.9 │  4000  │  6000000  │  131200   │   197900000   │       │          │      │
│   31    │ 1500 │ 1500 │ 1500 │ 1500 │ 1000  │ 1500000  │  179200   │  1000   │ 1500000  │ 269900000 │ 1676284320000 │ '2023-02-13T10:32:00.000Z' │ 100  │  0   │  0  │ Infinity │    0     │ 4693.4 │ 385.2 │  0  │ 0.2 │  1000  │  1500000  │  132200   │   199400000   │       │          │      │
│   32    │ 1500 │ 1500 │ 1500 │ 1500 │  200  │  300000  │  179400   │   200   │  300000  │ 270200000 │ 1676284560000 │ '2023-02-13T10:36:00.000Z' │ 100  │  0   │  0  │ Infinity │    0     │ 4693.4 │ 385.2 │  0  │  0  │  200   │  300000   │  132400   │   199700000   │       │          │      │
│   33    │ 1500 │ 1500 │ 1500 │ 1500 │  100  │  150000  │  179500   │   100   │  150000  │ 270350000 │ 1676285160000 │ '2023-02-13T10:46:00.000Z' │ 100  │  0   │  0  │ Infinity │    0     │ 4693.4 │ 385.2 │  0  │  0  │  100   │  150000   │  132500   │   199850000   │       │          │      │
│   34    │ 1500 │ 1500 │ 1500 │ 1500 │  700  │ 1050000  │  180200   │   700   │ 1050000  │ 271400000 │ 1676285640000 │ '2023-02-13T10:54:00.000Z' │ 100  │  0   │  0  │ Infinity │    0     │ 4693.4 │ 385.2 │  0  │ 0.1 │  700   │  1050000  │  133200   │   200900000   │       │          │      │
│   35    │ 1500 │ 1500 │ 1500 │ 1500 │ 17000 │ 25500000 │  197200   │  17000  │ 25500000 │ 296900000 │ 1676285760000 │ '2023-02-13T10:56:00.000Z' │ 100  │  0   │  0  │ Infinity │    0     │ 4693.4 │ 385.2 │  0  │ 3.6 │ 17000  │ 25500000  │  150200   │   226400000   │       │          │      │
│   36    │ 1500 │ 1500 │ 1500 │ 1500 │ 6000  │ 9000000  │  203200   │  6000   │ 9000000  │ 305900000 │ 1676286000000 │ '2023-02-13T11:00:00.000Z' │ 100  │  0   │  0  │ Infinity │    0     │ 4693.4 │ 385.2 │  0  │ 1.3 │  6000  │  9000000  │  156200   │   235400000   │       │          │      │
│   37    │ 1500 │ 1500 │ 1500 │ 1500 │ 1400  │ 2100000  │  204600   │  1400   │ 2100000  │ 308000000 │ 1676286720000 │ '2023-02-13T11:12:00.000Z' │ 100  │  0   │  0  │ Infinity │    0     │ 4693.4 │ 385.2 │  0  │ 0.3 │  1400  │  2100000  │  157600   │   237500000   │       │          │      │
│   38    │ 1500 │ 1500 │ 1500 │ 1500 │  300  │  450000  │  204900   │   300   │  450000  │ 308450000 │ 1676286840000 │ '2023-02-13T11:14:00.000Z' │ 100  │  0   │  0  │ Infinity │    0     │ 4693.4 │ 385.2 │  0  │ 0.1 │  300   │  450000   │  157900   │   237950000   │       │          │      │
│   39    │ 1500 │ 1500 │ 1500 │ 1500 │ 5100  │ 7650000  │  210000   │  5100   │ 7650000  │ 316100000 │ 1676286960000 │ '2023-02-13T11:16:00.000Z' │ 100  │  0   │  0  │ Infinity │    0     │ 4693.4 │ 385.2 │  0  │ 1.1 │  5100  │  7650000  │  163000   │   245600000   │       │          │      │
│   40    │ 1500 │ 1500 │ 1500 │ 1500 │ 24300 │ 36450000 │  234300   │  24300  │ 36450000 │ 352550000 │ 1676287080000 │ '2023-02-13T11:18:00.000Z' │ 100  │  0   │  0  │ Infinity │    0     │ 4693.4 │ 385.2 │  0  │ 5.2 │ 24300  │ 36450000  │  187300   │   282050000   │       │          │      │
├─────────┼──────┼──────┼──────┼──────┼───────┼──────────┼───────────┼─────────┼──────────┼───────────┼───────────────┼────────────────────────────┼──────┼──────┼─────┼──────────┼──────────┼────────┼───────┼─────┼─────┼────────┼───────────┼───────────┼───────────────┼───────┼──────────┼──────┤
│ (index) │  c   │  h   │  l   │  o   │  bu   │  val_bu  │ total_vol │ sum_vol │   val    │ acum_val  │   datetime    │            date            │ pbu  │ psd  │ puk │    bs    │    sb    │  abu   │  asd  │ auk │ rbu │ bu-sd  │ bu-sd_val │ acum_busd │ acum_busd_val │  sd   │  val_sd  │ rsd  │
├─────────┼──────┼──────┼──────┼──────┼───────┼──────────┼───────────┼─────────┼──────────┼───────────┼───────────────┼────────────────────────────┼──────┼──────┼─────┼──────────┼──────────┼────────┼───────┼─────┼─────┼────────┼───────────┼───────────┼───────────────┼───────┼──────────┼──────┤
│   41    │ 1500 │ 1500 │ 1500 │ 1500 │ 9000  │ 13500000 │  243300   │  9000   │ 13500000 │ 366050000 │ 1676287200000 │ '2023-02-13T11:20:00.000Z' │ 100  │  0   │  0  │ Infinity │    0     │ 4693.4 │ 385.2 │  0  │ 1.9 │  9000  │ 13500000  │  196300   │   295550000   │       │          │      │
│   42    │ 1500 │ 1500 │ 1500 │ 1500 │ 1500  │ 2250000  │  244800   │  1500   │ 2250000  │ 368300000 │ 1676287320000 │ '2023-02-13T11:22:00.000Z' │ 100  │  0   │  0  │ Infinity │    0     │ 4693.4 │ 385.2 │  0  │ 0.3 │  1500  │  2250000  │  197800   │   297800000   │       │          │      │
│   43    │ 1500 │ 1500 │ 1500 │ 1500 │ 19000 │ 28500000 │  263800   │  19000  │ 28500000 │ 396800000 │ 1676287560000 │ '2023-02-13T11:26:00.000Z' │ 100  │  0   │  0  │ Infinity │    0     │ 4693.4 │ 385.2 │  0  │  4  │ 19000  │ 28500000  │  216800   │   326300000   │       │          │      │
│   44    │ 1500 │ 1500 │ 1500 │ 1500 │  400  │  600000  │  264200   │   400   │  600000  │ 397400000 │ 1676287680000 │ '2023-02-13T11:28:00.000Z' │ 100  │  0   │  0  │ Infinity │    0     │ 4693.4 │ 385.2 │  0  │ 0.1 │  400   │  600000   │  217200   │   326900000   │       │          │      │
│   45    │ 1500 │ 1500 │ 1500 │ 1500 │ 18900 │ 28350000 │  283100   │  18900  │ 28350000 │ 425750000 │ 1676293200000 │ '2023-02-13T13:00:00.000Z' │ 100  │  0   │  0  │ Infinity │    0     │ 4693.4 │ 385.2 │  0  │  4  │ 18900  │ 28350000  │  236100   │   355250000   │       │          │      │
│   46    │ 1500 │ 1500 │ 1500 │ 1500 │  100  │  150000  │  283200   │   100   │  150000  │ 425900000 │ 1676293320000 │ '2023-02-13T13:02:00.000Z' │ 100  │  0   │  0  │ Infinity │    0     │ 4693.4 │ 385.2 │  0  │  0  │  100   │  150000   │  236200   │   355400000   │       │          │      │
│   47    │ 1500 │ 1500 │ 1500 │ 1500 │ 5200  │ 7800000  │  288400   │  5200   │ 7800000  │ 433700000 │ 1676293440000 │ '2023-02-13T13:04:00.000Z' │ 100  │  0   │  0  │ Infinity │    0     │ 4693.4 │ 385.2 │  0  │ 1.1 │  5200  │  7800000  │  241400   │   363200000   │       │          │      │
│   48    │ 1500 │ 1500 │ 1500 │ 1500 │  200  │  300000  │  288600   │   200   │  300000  │ 434000000 │ 1676293560000 │ '2023-02-13T13:06:00.000Z' │ 100  │  0   │  0  │ Infinity │    0     │ 4693.4 │ 385.2 │  0  │  0  │  200   │  300000   │  241600   │   363500000   │       │          │      │
│   49    │ 1500 │ 1500 │ 1500 │ 1500 │ 2000  │ 3000000  │  290600   │  2000   │ 3000000  │ 437000000 │ 1676294160000 │ '2023-02-13T13:16:00.000Z' │ 100  │  0   │  0  │ Infinity │    0     │ 4693.4 │ 385.2 │  0  │ 0.4 │  2000  │  3000000  │  243600   │   366500000   │       │          │      │
│   50    │ 1500 │ 1500 │ 1500 │ 1500 │  200  │  300000  │  290800   │   200   │  300000  │ 437300000 │ 1676294280000 │ '2023-02-13T13:18:00.000Z' │ 100  │  0   │  0  │ Infinity │    0     │ 4693.4 │ 385.2 │  0  │  0  │  200   │  300000   │  243800   │   366800000   │       │          │      │
│   51    │ 1500 │ 1500 │ 1500 │ 1500 │ 4000  │ 6000000  │  294800   │  4000   │ 6000000  │ 443300000 │ 1676294400000 │ '2023-02-13T13:20:00.000Z' │ 100  │  0   │  0  │ Infinity │    0     │ 4693.4 │ 385.2 │  0  │ 0.9 │  4000  │  6000000  │  247800   │   372800000   │       │          │      │
│   52    │ 1500 │ 1500 │ 1500 │ 1500 │ 3400  │ 5100000  │  298200   │  3400   │ 5100000  │ 448400000 │ 1676294520000 │ '2023-02-13T13:22:00.000Z' │ 100  │  0   │  0  │ Infinity │    0     │ 4693.4 │ 385.2 │  0  │ 0.7 │  3400  │  5100000  │  251200   │   377900000   │       │          │      │
│   53    │ 1500 │ 1500 │ 1500 │ 1500 │ 2100  │ 3150000  │  300300   │  2100   │ 3150000  │ 451550000 │ 1676294640000 │ '2023-02-13T13:24:00.000Z' │ 100  │  0   │  0  │ Infinity │    0     │ 4693.4 │ 385.2 │  0  │ 0.4 │  2100  │  3150000  │  253300   │   381050000   │       │          │      │
│   54    │ 1500 │ 1500 │ 1500 │ 1500 │ 5000  │ 7500000  │  305300   │  5000   │ 7500000  │ 459050000 │ 1676295480000 │ '2023-02-13T13:38:00.000Z' │ 100  │  0   │  0  │ Infinity │    0     │ 4693.4 │ 385.2 │  0  │ 1.1 │  5000  │  7500000  │  258300   │   388550000   │       │          │      │
│   55    │ 1500 │ 1500 │ 1500 │ 1500 │  600  │  900000  │  305900   │   600   │  900000  │ 459950000 │ 1676295720000 │ '2023-02-13T13:42:00.000Z' │ 100  │  0   │  0  │ Infinity │    0     │ 4693.4 │ 385.2 │  0  │ 0.1 │  600   │  900000   │  258900   │   389450000   │       │          │      │
│   56    │ 1500 │ 1500 │ 1500 │ 1500 │ 2000  │ 3000000  │  307900   │  2000   │ 3000000  │ 462950000 │ 1676296440000 │ '2023-02-13T13:54:00.000Z' │ 100  │  0   │  0  │ Infinity │    0     │ 4693.4 │ 385.2 │  0  │ 0.4 │  2000  │  3000000  │  260900   │   392450000   │       │          │      │
│   57    │ 1500 │ 1500 │ 1500 │ 1500 │  500  │  750000  │  308400   │   500   │  750000  │ 463700000 │ 1676296560000 │ '2023-02-13T13:56:00.000Z' │ 100  │  0   │  0  │ Infinity │    0     │ 4693.4 │ 385.2 │  0  │ 0.1 │  500   │  750000   │  261400   │   393200000   │       │          │      │
│   58    │ 1500 │ 1500 │ 1500 │ 1500 │  600  │  900000  │  309000   │   600   │  900000  │ 464600000 │ 1676296920000 │ '2023-02-13T14:02:00.000Z' │ 100  │  0   │  0  │ Infinity │    0     │ 4693.4 │ 385.2 │  0  │ 0.1 │  600   │  900000   │  262000   │   394100000   │       │          │      │
│   59    │ 1500 │ 1500 │ 1500 │ 1500 │  200  │  300000  │  309200   │   200   │  300000  │ 464900000 │ 1676297640000 │ '2023-02-13T14:14:00.000Z' │ 100  │  0   │  0  │ Infinity │    0     │ 4693.4 │ 385.2 │  0  │  0  │  200   │  300000   │  262200   │   394400000   │       │          │      │
│   60    │ 1500 │ 1500 │ 1500 │ 1500 │  600  │  900000  │  309800   │   600   │  900000  │ 465800000 │ 1676299440000 │ '2023-02-13T14:44:00.000Z' │ 100  │  0   │  0  │ Infinity │    0     │ 4693.4 │ 385.2 │  0  │ 0.1 │  600   │  900000   │  262800   │   395300000   │       │          │      │
├─────────┼──────┼──────┼──────┼──────┼───────┼──────────┼───────────┼─────────┼──────────┼───────────┼───────────────┼────────────────────────────┼──────┼──────┼─────┼──────────┼──────────┼────────┼───────┼─────┼─────┼────────┼───────────┼───────────┼───────────────┼───────┼──────────┼──────┤
│ (index) │  c   │  h   │  l   │  o   │  bu   │  val_bu  │ total_vol │ sum_vol │   val    │ acum_val  │   datetime    │            date            │ pbu  │ psd  │ puk │    bs    │    sb    │  abu   │  asd  │ auk │ rbu │ bu-sd  │ bu-sd_val │ acum_busd │ acum_busd_val │  sd   │  val_sd  │ rsd  │
├─────────┼──────┼──────┼──────┼──────┼───────┼──────────┼───────────┼─────────┼──────────┼───────────┼───────────────┼────────────────────────────┼──────┼──────┼─────┼──────────┼──────────┼────────┼───────┼─────┼─────┼────────┼───────────┼───────────┼───────────────┼───────┼──────────┼──────┤
└─────────┴──────┴──────┴──────┴──────┴───────┴──────────┴───────────┴─────────┴──────────┴───────────┴───────────────┴────────────────────────────┴──────┴──────┴─────┴──────────┴──────────┴────────┴───────┴─────┴─────┴────────┴───────────┴───────────┴───────────────┴───────┴──────────┴──────┘

