┌─────────┬──────┬──────┬──────┬──────┬──────┬──────────┬───────────┬─────────┬──────────┬───────────┬───────────────┬────────────────────────────┬─────┬─────┬─────┬──────────┬──────────┬───────┬───────┬─────┬─────┬───────┬───────────┬───────────┬───────────────┬──────┬──────────┬─────┐
│ (index) │  c   │  h   │  l   │  o   │  sd  │  val_sd  │ total_vol │ sum_vol │   val    │ acum_val  │   datetime    │            date            │ pbu │ psd │ puk │    bs    │    sb    │  abu  │  asd  │ auk │ rsd │ bu-sd │ bu-sd_val │ acum_busd │ acum_busd_val │  bu  │  val_bu  │ rbu │
├─────────┼──────┼──────┼──────┼──────┼──────┼──────────┼───────────┼─────────┼──────────┼───────────┼───────────────┼────────────────────────────┼─────┼─────┼─────┼──────────┼──────────┼───────┼───────┼─────┼─────┼───────┼───────────┼───────────┼───────────────┼──────┼──────────┼─────┤
│    0    │ 9.8  │ 9.8  │ 9.8  │ 9.8  │ 300  │ 2940000  │    300    │   300   │ 2940000  │  2940000  │ 1673431500000 │ '2023-01-11T10:05:00.000Z' │  0  │ 100 │  0  │    0     │ Infinity │ 358.8 │ 276.5 │  0  │ 1.1 │ -300  │ -2940000  │   -300    │   -2940000    │      │          │     │
│    1    │ 9.82 │ 9.82 │ 9.82 │ 9.82 │ 100  │  982000  │    400    │   100   │  982000  │  3922000  │ 1673433900000 │ '2023-01-11T10:45:00.000Z' │  0  │ 100 │  0  │    0     │ Infinity │ 358.8 │ 276.5 │  0  │ 0.4 │ -100  │  -982000  │   -400    │   -3922000    │      │          │     │
│    2    │ 9.82 │ 9.83 │ 9.82 │ 9.83 │ 2000 │ 19646000 │   2400    │  2000   │ 19646000 │ 23568000  │ 1673436300000 │ '2023-01-11T11:25:00.000Z' │  0  │ 100 │  0  │    0     │ Infinity │ 358.8 │ 276.5 │  0  │ 7.2 │ -2000 │ -19646000 │   -2400   │   -23568000   │      │          │     │
│    3    │ 9.82 │ 9.83 │ 9.82 │ 9.83 │ 500  │ 4912000  │   2900    │   500   │ 4912000  │ 28480000  │ 1673442300000 │ '2023-01-11T13:05:00.000Z' │  0  │ 100 │  0  │    0     │ Infinity │ 358.8 │ 276.5 │  0  │ 1.8 │ -500  │ -4912000  │   -2900   │   -28480000   │      │          │     │
│    4    │ 9.83 │ 9.83 │ 9.83 │ 9.83 │ 100  │  983000  │   3000    │   100   │  983000  │ 29463000  │ 1673442600000 │ '2023-01-11T13:10:00.000Z' │  0  │ 100 │  0  │    0     │ Infinity │ 358.8 │ 276.5 │  0  │ 0.4 │ -100  │  -983000  │   -3000   │   -29463000   │      │          │     │
│    5    │ 9.83 │ 9.83 │ 9.83 │ 9.83 │ 100  │  983000  │   3100    │   100   │  983000  │ 30446000  │ 1673442900000 │ '2023-01-11T13:15:00.000Z' │  0  │ 100 │  0  │    0     │ Infinity │ 358.8 │ 276.5 │  0  │ 0.4 │ -100  │  -983000  │   -3100   │   -30446000   │      │          │     │
│    6    │ 9.82 │ 9.82 │ 9.82 │ 9.82 │ 500  │ 4910000  │   3600    │   500   │ 4910000  │ 35356000  │ 1673443500000 │ '2023-01-11T13:25:00.000Z' │  0  │ 100 │  0  │    0     │ Infinity │ 358.8 │ 276.5 │  0  │ 1.8 │ -500  │ -4910000  │   -3600   │   -35356000   │      │          │     │
│    7    │ 9.83 │ 9.83 │ 9.83 │ 9.83 │ 100  │  983000  │   3700    │   100   │  983000  │ 36339000  │ 1673444100000 │ '2023-01-11T13:35:00.000Z' │  0  │ 100 │  0  │    0     │ Infinity │ 358.8 │ 276.5 │  0  │ 0.4 │ -100  │  -983000  │   -3700   │   -36339000   │      │          │     │
│    8    │ 9.83 │ 9.83 │ 9.83 │ 9.83 │ 100  │  983000  │   3800    │   100   │  983000  │ 37322000  │ 1673444400000 │ '2023-01-11T13:40:00.000Z' │  0  │ 100 │  0  │    0     │ Infinity │ 358.8 │ 276.5 │  0  │ 0.4 │ -100  │  -983000  │   -3800   │   -37322000   │      │          │     │
│    9    │ 9.83 │ 9.83 │ 9.83 │ 9.83 │ 100  │  983000  │   3900    │   100   │  983000  │ 38305000  │ 1673444700000 │ '2023-01-11T13:45:00.000Z' │  0  │ 100 │  0  │    0     │ Infinity │ 358.8 │ 276.5 │  0  │ 0.4 │ -100  │  -983000  │   -3900   │   -38305000   │      │          │     │
│   10    │ 9.83 │ 9.83 │ 9.83 │ 9.83 │ 100  │  983000  │   4000    │   100   │  983000  │ 39288000  │ 1673445000000 │ '2023-01-11T13:50:00.000Z' │  0  │ 100 │  0  │    0     │ Infinity │ 358.8 │ 276.5 │  0  │ 0.4 │ -100  │  -983000  │   -4000   │   -39288000   │      │          │     │
│   11    │ 9.83 │ 9.84 │ 9.83 │ 9.84 │ 600  │ 5899000  │   4600    │   600   │ 5899000  │ 45187000  │ 1673445600000 │ '2023-01-11T14:00:00.000Z' │  0  │ 100 │  0  │    0     │ Infinity │ 358.8 │ 276.5 │  0  │ 2.2 │ -600  │ -5899000  │   -4600   │   -45187000   │      │          │     │
│   12    │ 9.83 │ 9.83 │ 9.83 │ 9.83 │ 100  │  983000  │   4700    │   100   │  983000  │ 46170000  │ 1673445900000 │ '2023-01-11T14:05:00.000Z' │  0  │ 100 │  0  │    0     │ Infinity │ 358.8 │ 276.5 │  0  │ 0.4 │ -100  │  -983000  │   -4700   │   -46170000   │      │          │     │
│   13    │ 9.84 │ 9.84 │ 9.84 │ 9.84 │      │          │   6200    │  1500   │ 14760000 │ 60930000  │ 1673446500000 │ '2023-01-11T14:15:00.000Z' │ 100 │  0  │  0  │ Infinity │    0     │ 358.8 │ 276.5 │  0  │     │ 1500  │ 14760000  │   -3200   │   -31410000   │ 1500 │ 14760000 │ 4.2 │
│   14    │ 9.84 │ 9.84 │ 9.84 │ 9.84 │      │          │   7500    │  1300   │ 12792000 │ 73722000  │ 1673446800000 │ '2023-01-11T14:20:00.000Z' │ 100 │  0  │  0  │ Infinity │    0     │ 358.8 │ 276.5 │  0  │     │ 1300  │ 12792000  │   -1900   │   -18618000   │ 1300 │ 12792000 │ 3.6 │
│   15    │ 9.84 │ 9.84 │ 9.84 │ 9.84 │      │          │   8000    │   500   │ 4920000  │ 78642000  │ 1673447100000 │ '2023-01-11T14:25:00.000Z' │ 100 │  0  │  0  │ Infinity │    0     │ 358.8 │ 276.5 │  0  │     │  500  │  4920000  │   -1400   │   -13698000   │ 500  │ 4920000  │ 1.4 │
│   16    │ 9.84 │ 9.84 │ 9.84 │ 9.84 │      │          │   10800   │  2800   │ 27552000 │ 106194000 │ 1673448300000 │ '2023-01-11T14:45:00.000Z' │ 100 │  0  │  0  │ Infinity │    0     │ 358.8 │ 276.5 │  0  │     │ 2800  │ 27552000  │   1400    │   13854000    │ 2800 │ 27552000 │ 7.8 │
└─────────┴──────┴──────┴──────┴──────┴──────┴──────────┴───────────┴─────────┴──────────┴───────────┴───────────────┴────────────────────────────┴─────┴─────┴─────┴──────────┴──────────┴───────┴───────┴─────┴─────┴───────┴───────────┴───────────┴───────────────┴──────┴──────────┴─────┘

