┌─────────┬─────┬─────┬─────┬─────┬──────┬─────────┬───────────┬─────────┬─────────┬──────────┬───────────────┬────────────────────────────┬─────┬─────┬─────┬──────────┬──────────┬─────┬───────┬──────┬─────┬───────┬───────────┬───────────┬───────────────┬─────┬────────┬─────┬──────┬────────┬─────┐
│ (index) │  c  │  h  │  l  │  o  │  bu  │ val_bu  │ total_vol │ sum_vol │   val   │ acum_val │   datetime    │            date            │ pbu │ psd │ puk │    bs    │    sb    │ abu │  asd  │ auk  │ rbu │ bu-sd │ bu-sd_val │ acum_busd │ acum_busd_val │ uk  │ val_uk │ ruk │  sd  │ val_sd │ rsd │
├─────────┼─────┼─────┼─────┼─────┼──────┼─────────┼───────────┼─────────┼─────────┼──────────┼───────────────┼────────────────────────────┼─────┼─────┼─────┼──────────┼──────────┼─────┼───────┼──────┼─────┼───────┼───────────┼───────────┼───────────────┼─────┼────────┼─────┼──────┼────────┼─────┤
│    0    │  2  │  2  │  2  │  2  │ 500  │  1000   │    500    │   500   │  1000   │   1000   │ 1673428320000 │ '2023-01-11T09:12:00.000Z' │ 100 │  0  │  0  │ Infinity │    0     │ 225 │ 893.8 │ 43.8 │ 2.2 │  500  │   1000    │    500    │     1000      │     │        │     │      │        │     │
│    1    │  2  │  2  │  2  │  2  │ 400  │   800   │    900    │   400   │   800   │   1800   │ 1673428560000 │ '2023-01-11T09:16:00.000Z' │ 100 │  0  │  0  │ Infinity │    0     │ 225 │ 893.8 │ 43.8 │ 1.8 │  400  │    800    │    900    │     1800      │     │        │     │      │        │     │
│    2    │  2  │  2  │  2  │  2  │ 300  │   600   │   1500    │   600   │  1200   │   3000   │ 1673429040000 │ '2023-01-11T09:24:00.000Z' │ 50  │  0  │ 50  │ Infinity │    0     │ 225 │ 893.8 │ 43.8 │ 1.3 │  300  │    600    │   1200    │     2400      │ 300 │  600   │ 6.8 │      │        │     │
│    3    │  2  │  2  │  2  │  2  │      │         │   1800    │   300   │   600   │   3600   │ 1673429280000 │ '2023-01-11T09:28:00.000Z' │  0  │ 100 │  0  │    0     │ Infinity │ 225 │ 893.8 │ 43.8 │     │ -300  │   -600    │    900    │     1800      │     │        │     │ 300  │  600   │ 0.3 │
│    4    │  2  │  2  │  2  │  2  │      │         │   2000    │   200   │   400   │   4000   │ 1673429880000 │ '2023-01-11T09:38:00.000Z' │  0  │  0  │ 100 │   NaN    │   NaN    │ 225 │ 893.8 │ 43.8 │     │   0   │     0     │    900    │     1800      │ 200 │  400   │ 4.6 │      │        │     │
│    5    │  2  │  2  │  2  │  2  │      │         │   2200    │   200   │   400   │   4400   │ 1673430720000 │ '2023-01-11T09:52:00.000Z' │  0  │  0  │ 100 │   NaN    │   NaN    │ 225 │ 893.8 │ 43.8 │     │   0   │     0     │    900    │     1800      │ 200 │  400   │ 4.6 │      │        │     │
│    6    │  2  │  2  │  2  │  2  │      │         │   2600    │   400   │   800   │   5200   │ 1673432160000 │ '2023-01-11T10:16:00.000Z' │  0  │ 100 │  0  │    0     │ Infinity │ 225 │ 893.8 │ 43.8 │     │ -400  │   -800    │    500    │     1000      │     │        │     │ 400  │  800   │ 0.4 │
│    7    │  2  │  2  │  2  │  2  │      │         │   6700    │  4100   │  8200   │  13400   │ 1673432280000 │ '2023-01-11T10:18:00.000Z' │  0  │ 100 │  0  │    0     │ Infinity │ 225 │ 893.8 │ 43.8 │     │ -4100 │   -8200   │   -3600   │     -7200     │     │        │     │ 4100 │  8200  │ 4.6 │
│    8    │  2  │  2  │  2  │  2  │      │         │   7700    │  1000   │  2000   │  15400   │ 1673432640000 │ '2023-01-11T10:24:00.000Z' │  0  │ 100 │  0  │    0     │ Infinity │ 225 │ 893.8 │ 43.8 │     │ -1000 │   -2000   │   -4600   │     -9200     │     │        │     │ 1000 │  2000  │ 1.1 │
│    9    │ 2.1 │ 2.1 │ 2.1 │ 2.1 │ 100  │ 210000  │   7800    │   100   │ 210000  │  225400  │ 1673433840000 │ '2023-01-11T10:44:00.000Z' │ 100 │  0  │  0  │ Infinity │    0     │ 225 │ 893.8 │ 43.8 │ 0.4 │  100  │  210000   │   -4500   │    200800     │     │        │     │      │        │     │
│   10    │ 2.1 │ 2.1 │ 2.1 │ 2.1 │ 700  │ 1470000 │   8500    │   700   │ 1470000 │ 1695400  │ 1673435400000 │ '2023-01-11T11:10:00.000Z' │ 100 │  0  │  0  │ Infinity │    0     │ 225 │ 893.8 │ 43.8 │ 3.1 │  700  │  1470000  │   -3800   │    1670800    │     │        │     │      │        │     │
│   11    │ 2.1 │ 2.1 │ 2.1 │ 2.1 │ 1600 │ 3360000 │   10100   │  1600   │ 3360000 │ 5055400  │ 1673442000000 │ '2023-01-11T13:00:00.000Z' │ 100 │  0  │  0  │ Infinity │    0     │ 225 │ 893.8 │ 43.8 │ 7.1 │ 1600  │  3360000  │   -2200   │    5030800    │     │        │     │      │        │     │
│   12    │  2  │  2  │  2  │  2  │      │         │   11500   │  1400   │  2800   │ 5058200  │ 1673445480000 │ '2023-01-11T13:58:00.000Z' │  0  │ 100 │  0  │    0     │ Infinity │ 225 │ 893.8 │ 43.8 │     │ -1400 │   -2800   │   -3600   │    5028000    │     │        │     │ 1400 │  2800  │ 1.6 │
│   13    │  2  │  2  │  2  │  2  │      │         │   14700   │  3200   │  6400   │ 5064600  │ 1673446800000 │ '2023-01-11T14:20:00.000Z' │  0  │ 100 │  0  │    0     │ Infinity │ 225 │ 893.8 │ 43.8 │     │ -3200 │   -6400   │   -6800   │    5021600    │     │        │     │ 3200 │  6400  │ 3.6 │
│   14    │  2  │  2  │  2  │  2  │      │         │   18500   │  3800   │  7600   │ 5072200  │ 1673446920000 │ '2023-01-11T14:22:00.000Z' │  0  │ 100 │  0  │    0     │ Infinity │ 225 │ 893.8 │ 43.8 │     │ -3800 │   -7600   │  -10600   │    5014000    │     │        │     │ 3800 │  7600  │ 4.3 │
│   15    │ 1.9 │ 1.9 │ 1.9 │ 1.9 │      │         │   18600   │   100   │ 190000  │ 5262200  │ 1673448960000 │ '2023-01-11T14:56:00.000Z' │  0  │ 100 │  0  │    0     │ Infinity │ 225 │ 893.8 │ 43.8 │     │ -100  │  -190000  │  -10700   │    4824000    │     │        │     │ 100  │ 190000 │ 0.1 │
└─────────┴─────┴─────┴─────┴─────┴──────┴─────────┴───────────┴─────────┴─────────┴──────────┴───────────────┴────────────────────────────┴─────┴─────┴─────┴──────────┴──────────┴─────┴───────┴──────┴─────┴───────┴───────────┴───────────┴───────────────┴─────┴────────┴─────┴──────┴────────┴─────┘

