┌─────────┬─────┬─────┬─────┬─────┬───────┬──────────┬───────────┬─────────┬──────────┬───────────┬───────────────┬────────────────────────────┬─────┬─────┬─────┬──────────┬─────┬──────┬─────┬─────┬─────┬───────┬───────────┬───────────┬───────────────┬──────┬─────────┬─────┐
│ (index) │  c  │  h  │  l  │  o  │  bu   │  val_bu  │ total_vol │ sum_vol │   val    │ acum_val  │   datetime    │            date            │ pbu │ psd │ puk │    bs    │ sb  │ abu  │ asd │ auk │ rbu │ bu-sd │ bu-sd_val │ acum_busd │ acum_busd_val │  uk  │ val_uk  │ ruk │
├─────────┼─────┼─────┼─────┼─────┼───────┼──────────┼───────────┼─────────┼──────────┼───────────┼───────────────┼────────────────────────────┼─────┼─────┼─────┼──────────┼─────┼──────┼─────┼─────┼─────┼───────┼───────────┼───────────┼───────────────┼──────┼─────────┼─────┤
│    0    │ 3.1 │ 3.1 │ 3.1 │ 3.1 │  400  │ 1240000  │    400    │   400   │ 1240000  │  1240000  │ 1673427600000 │ '2023-01-11T09:00:00.000Z' │ 100 │  0  │  0  │ Infinity │  0  │ 1925 │  0  │ 50  │ 0.2 │  400  │  1240000  │    400    │    1240000    │      │         │     │
│    1    │ 3.1 │ 3.1 │ 3.1 │ 3.1 │  200  │  620000  │    600    │   200   │  620000  │  1860000  │ 1673429040000 │ '2023-01-11T09:24:00.000Z' │ 100 │  0  │  0  │ Infinity │  0  │ 1925 │  0  │ 50  │ 0.1 │  200  │  620000   │    600    │    1860000    │      │         │     │
│    2    │ 3.1 │ 3.1 │ 3.1 │ 3.1 │ 10000 │ 31000000 │   10600   │  10000  │ 31000000 │ 32860000  │ 1673429760000 │ '2023-01-11T09:36:00.000Z' │ 100 │  0  │  0  │ Infinity │  0  │ 1925 │  0  │ 50  │ 5.2 │ 10000 │ 31000000  │   10600   │   32860000    │      │         │     │
│    3    │ 3.1 │ 3.1 │ 3.1 │ 3.1 │  500  │ 1550000  │   11100   │   500   │ 1550000  │ 34410000  │ 1673430960000 │ '2023-01-11T09:56:00.000Z' │ 100 │  0  │  0  │ Infinity │  0  │ 1925 │  0  │ 50  │ 0.3 │  500  │  1550000  │   11100   │   34410000    │      │         │     │
│    4    │ 3.1 │ 3.1 │ 3.1 │ 3.1 │ 3400  │ 10540000 │   14500   │  3400   │ 10540000 │ 44950000  │ 1673431080000 │ '2023-01-11T09:58:00.000Z' │ 100 │  0  │  0  │ Infinity │  0  │ 1925 │  0  │ 50  │ 1.8 │ 3400  │ 10540000  │   14500   │   44950000    │      │         │     │
│    5    │ 3.1 │ 3.1 │ 3.1 │ 3.1 │  100  │  310000  │   14600   │   100   │  310000  │ 45260000  │ 1673432640000 │ '2023-01-11T10:24:00.000Z' │ 100 │  0  │  0  │ Infinity │  0  │ 1925 │  0  │ 50  │ 0.1 │  100  │  310000   │   14600   │   45260000    │      │         │     │
│    6    │ 3.1 │ 3.1 │ 3.1 │ 3.1 │       │          │   15600   │  1000   │ 3100000  │ 48360000  │ 1673435760000 │ '2023-01-11T11:16:00.000Z' │  0  │  0  │ 100 │   NaN    │ NaN │ 1925 │  0  │ 50  │     │   0   │     0     │   14600   │   45260000    │ 1000 │ 3100000 │ 20  │
│    7    │ 3.1 │ 3.1 │ 3.1 │ 3.1 │ 8000  │ 24800000 │   23600   │  8000   │ 24800000 │ 73160000  │ 1673436480000 │ '2023-01-11T11:28:00.000Z' │ 100 │  0  │  0  │ Infinity │  0  │ 1925 │  0  │ 50  │ 4.2 │ 8000  │ 24800000  │   22600   │   70060000    │      │         │     │
│    8    │ 3.1 │ 3.1 │ 3.1 │ 3.1 │ 5200  │ 16120000 │   28800   │  5200   │ 16120000 │ 89280000  │ 1673442000000 │ '2023-01-11T13:00:00.000Z' │ 100 │  0  │  0  │ Infinity │  0  │ 1925 │  0  │ 50  │ 2.7 │ 5200  │ 16120000  │   27800   │   86180000    │      │         │     │
│    9    │ 3.1 │ 3.1 │ 3.1 │ 3.1 │ 1000  │ 3100000  │   29800   │  1000   │ 3100000  │ 92380000  │ 1673442360000 │ '2023-01-11T13:06:00.000Z' │ 100 │  0  │  0  │ Infinity │  0  │ 1925 │  0  │ 50  │ 0.5 │ 1000  │  3100000  │   28800   │   89280000    │      │         │     │
│   10    │ 3.1 │ 3.1 │ 3.1 │ 3.1 │ 1000  │ 3100000  │   30800   │  1000   │ 3100000  │ 95480000  │ 1673443200000 │ '2023-01-11T13:20:00.000Z' │ 100 │  0  │  0  │ Infinity │  0  │ 1925 │  0  │ 50  │ 0.5 │ 1000  │  3100000  │   29800   │   92380000    │      │         │     │
│   11    │ 3.1 │ 3.1 │ 3.1 │ 3.1 │ 1600  │ 4960000  │   32400   │  1600   │ 4960000  │ 100440000 │ 1673443320000 │ '2023-01-11T13:22:00.000Z' │ 100 │  0  │  0  │ Infinity │  0  │ 1925 │  0  │ 50  │ 0.8 │ 1600  │  4960000  │   31400   │   97340000    │      │         │     │
│   12    │ 3.1 │ 3.1 │ 3.1 │ 3.1 │ 2000  │ 6200000  │   34400   │  2000   │ 6200000  │ 106640000 │ 1673443440000 │ '2023-01-11T13:24:00.000Z' │ 100 │  0  │  0  │ Infinity │  0  │ 1925 │  0  │ 50  │  1  │ 2000  │  6200000  │   33400   │   103540000   │      │         │     │
│   13    │ 3.1 │ 3.1 │ 3.1 │ 3.1 │ 1000  │ 3100000  │   35400   │  1000   │ 3100000  │ 109740000 │ 1673443560000 │ '2023-01-11T13:26:00.000Z' │ 100 │  0  │  0  │ Infinity │  0  │ 1925 │  0  │ 50  │ 0.5 │ 1000  │  3100000  │   34400   │   106640000   │      │         │     │
│   14    │ 3.1 │ 3.1 │ 3.1 │ 3.1 │  400  │ 1240000  │   35800   │   400   │ 1240000  │ 110980000 │ 1673444880000 │ '2023-01-11T13:48:00.000Z' │ 100 │  0  │  0  │ Infinity │  0  │ 1925 │  0  │ 50  │ 0.2 │  400  │  1240000  │   34800   │   107880000   │      │         │     │
│   15    │ 3.1 │ 3.1 │ 3.1 │ 3.1 │  200  │  620000  │   36000   │   200   │  620000  │ 111600000 │ 1673445120000 │ '2023-01-11T13:52:00.000Z' │ 100 │  0  │  0  │ Infinity │  0  │ 1925 │  0  │ 50  │ 0.1 │  200  │  620000   │   35000   │   108500000   │      │         │     │
│   16    │ 3.1 │ 3.1 │ 3.1 │ 3.1 │ 3100  │ 9610000  │   39100   │  3100   │ 9610000  │ 121210000 │ 1673445840000 │ '2023-01-11T14:04:00.000Z' │ 100 │  0  │  0  │ Infinity │  0  │ 1925 │  0  │ 50  │ 1.6 │ 3100  │  9610000  │   38100   │   118110000   │      │         │     │
│   17    │ 3.1 │ 3.1 │ 3.1 │ 3.1 │  200  │  620000  │   39300   │   200   │  620000  │ 121830000 │ 1673445960000 │ '2023-01-11T14:06:00.000Z' │ 100 │  0  │  0  │ Infinity │  0  │ 1925 │  0  │ 50  │ 0.1 │  200  │  620000   │   38300   │   118730000   │      │         │     │
│   18    │ 3.1 │ 3.1 │ 3.1 │ 3.1 │  100  │  310000  │   39400   │   100   │  310000  │ 122140000 │ 1673446080000 │ '2023-01-11T14:08:00.000Z' │ 100 │  0  │  0  │ Infinity │  0  │ 1925 │  0  │ 50  │ 0.1 │  100  │  310000   │   38400   │   119040000   │      │         │     │
│   19    │ 3.1 │ 3.1 │ 3.1 │ 3.1 │  100  │  310000  │   39500   │   100   │  310000  │ 122450000 │ 1673448240000 │ '2023-01-11T14:44:00.000Z' │ 100 │  0  │  0  │ Infinity │  0  │ 1925 │  0  │ 50  │ 0.1 │  100  │  310000   │   38500   │   119350000   │      │         │     │
└─────────┴─────┴─────┴─────┴─────┴───────┴──────────┴───────────┴─────────┴──────────┴───────────┴───────────────┴────────────────────────────┴─────┴─────┴─────┴──────────┴─────┴──────┴─────┴─────┴─────┴───────┴───────────┴───────────┴───────────────┴──────┴─────────┴─────┘
├─────────┼─────┼─────┼─────┼─────┼───────┼──────────┼───────────┼─────────┼──────────┼───────────┼───────────────┼────────────────────────────┼─────┼─────┼─────┼──────────┼─────┼──────┼─────┼─────┼─────┼───────┼───────────┼───────────┼───────────────┼──────┼─────────┼─────┤
│ (index) │  c  │  h  │  l  │  o  │  bu   │  val_bu  │ total_vol │ sum_vol │   val    │ acum_val  │   datetime    │            date            │ pbu │ psd │ puk │    bs    │ sb  │ abu  │ asd │ auk │ rbu │ bu-sd │ bu-sd_val │ acum_busd │ acum_busd_val │  uk  │ val_uk  │ ruk │
├─────────┼─────┼─────┼─────┼─────┼───────┼──────────┼───────────┼─────────┼──────────┼───────────┼───────────────┼────────────────────────────┼─────┼─────┼─────┼──────────┼─────┼──────┼─────┼─────┼─────┼───────┼───────────┼───────────┼───────────────┼──────┼─────────┼─────┤

