┌─────────┬──────┬──────┬──────┬──────┬──────┬─────────┬───────────┬─────────┬──────────┬───────────┬───────────────┬────────────────────────────┬──────┬──────┬─────┬──────────┬──────────┬──────┬───────┬─────┬─────┬───────┬───────────┬───────────┬───────────────┬───────┬──────────┬─────┐
│ (index) │  c   │  h   │  l   │  o   │  sd  │ val_sd  │ total_vol │ sum_vol │   val    │ acum_val  │   datetime    │            date            │ pbu  │ psd  │ puk │    bs    │    sb    │ abu  │  asd  │ auk │ rsd │ bu-sd │ bu-sd_val │ acum_busd │ acum_busd_val │  bu   │  val_bu  │ rbu │
├─────────┼──────┼──────┼──────┼──────┼──────┼─────────┼───────────┼─────────┼──────────┼───────────┼───────────────┼────────────────────────────┼──────┼──────┼─────┼──────────┼──────────┼──────┼───────┼─────┼─────┼───────┼───────────┼───────────┼───────────────┼───────┼──────────┼─────┤
│    0    │ 3.89 │ 3.89 │ 3.89 │ 3.89 │ 200  │ 778000  │    200    │   200   │  778000  │  778000   │ 1673428800000 │ '2023-01-11T09:20:00.000Z' │  0   │ 100  │  0  │    0     │ Infinity │ 1481 │ 276.2 │  0  │ 0.7 │ -200  │  -778000  │   -200    │    -778000    │       │          │     │
│    1    │ 3.8  │ 3.8  │ 3.78 │ 3.78 │ 2600 │ 9876000 │   2800    │  2600   │ 9876000  │ 10654000  │ 1673429700000 │ '2023-01-11T09:35:00.000Z' │  0   │ 100  │  0  │    0     │ Infinity │ 1481 │ 276.2 │  0  │ 9.4 │ -2600 │ -9876000  │   -2800   │   -10654000   │       │          │     │
│    2    │ 3.9  │ 3.9  │ 3.9  │ 3.9  │      │         │   12800   │  10000  │ 39000000 │ 49654000  │ 1673432400000 │ '2023-01-11T10:20:00.000Z' │ 100  │  0   │  0  │ Infinity │    0     │ 1481 │ 276.2 │  0  │     │ 10000 │ 39000000  │   7200    │   28346000    │ 10000 │ 39000000 │ 6.8 │
│    3    │ 3.86 │ 3.86 │ 3.86 │ 3.86 │ 100  │ 386000  │   12900   │   100   │  386000  │ 50040000  │ 1673432700000 │ '2023-01-11T10:25:00.000Z' │  0   │ 100  │  0  │    0     │ Infinity │ 1481 │ 276.2 │  0  │ 0.4 │ -100  │  -386000  │   7100    │   27960000    │       │          │     │
│    4    │ 3.9  │ 3.9  │ 3.9  │ 3.9  │      │         │   13000   │   100   │  390000  │ 50430000  │ 1673433600000 │ '2023-01-11T10:40:00.000Z' │ 100  │  0   │  0  │ Infinity │    0     │ 1481 │ 276.2 │  0  │     │  100  │  390000   │   7200    │   28350000    │  100  │  390000  │ 0.1 │
│    5    │ 3.9  │ 3.9  │ 3.9  │ 3.9  │      │         │   13200   │   200   │  780000  │ 51210000  │ 1673433900000 │ '2023-01-11T10:45:00.000Z' │ 100  │  0   │  0  │ Infinity │    0     │ 1481 │ 276.2 │  0  │     │  200  │  780000   │   7400    │   29130000    │  200  │  780000  │ 0.1 │
│    6    │ 3.89 │ 3.89 │ 3.89 │ 3.89 │      │         │   14200   │  1000   │ 3890000  │ 55100000  │ 1673434200000 │ '2023-01-11T10:50:00.000Z' │ 100  │  0   │  0  │ Infinity │    0     │ 1481 │ 276.2 │  0  │     │ 1000  │  3890000  │   8400    │   33020000    │ 1000  │ 3890000  │ 0.7 │
│    7    │ 3.89 │ 3.89 │ 3.89 │ 3.89 │      │         │   14500   │   300   │ 1167000  │ 56267000  │ 1673434500000 │ '2023-01-11T10:55:00.000Z' │ 100  │  0   │  0  │ Infinity │    0     │ 1481 │ 276.2 │  0  │     │  300  │  1167000  │   8700    │   34187000    │  300  │ 1167000  │ 0.2 │
│    8    │ 3.89 │ 3.9  │ 3.89 │ 3.9  │ 700  │ 2723000 │   16400   │  1900   │ 7396000  │ 63663000  │ 1673435400000 │ '2023-01-11T11:10:00.000Z' │ 63.2 │ 36.8 │  0  │   1.7    │   0.6    │ 1481 │ 276.2 │  0  │ 2.5 │  500  │  1950000  │   9200    │   36137000    │ 1200  │ 4673000  │ 0.8 │
│    9    │ 3.9  │ 3.9  │ 3.89 │ 3.89 │      │         │   20900   │  4500   │ 17507000 │ 81170000  │ 1673435700000 │ '2023-01-11T11:15:00.000Z' │ 100  │  0   │  0  │ Infinity │    0     │ 1481 │ 276.2 │  0  │     │ 4500  │ 17507000  │   13700   │   53644000    │ 4500  │ 17507000 │  3  │
│   10    │ 3.9  │ 3.9  │ 3.9  │ 3.9  │      │         │   21000   │   100   │  390000  │ 81560000  │ 1673436000000 │ '2023-01-11T11:20:00.000Z' │ 100  │  0   │  0  │ Infinity │    0     │ 1481 │ 276.2 │  0  │     │  100  │  390000   │   13800   │   54034000    │  100  │  390000  │ 0.1 │
│   11    │ 3.9  │ 3.9  │ 3.9  │ 3.9  │      │         │   21200   │   200   │  780000  │ 82340000  │ 1673436300000 │ '2023-01-11T11:25:00.000Z' │ 100  │  0   │  0  │ Infinity │    0     │ 1481 │ 276.2 │  0  │     │  200  │  780000   │   14000   │   54814000    │  200  │  780000  │ 0.1 │
│   12    │ 3.9  │ 3.9  │ 3.9  │ 3.9  │      │         │   22400   │  1200   │ 4680000  │ 87020000  │ 1673442000000 │ '2023-01-11T13:00:00.000Z' │ 100  │  0   │  0  │ Infinity │    0     │ 1481 │ 276.2 │  0  │     │ 1200  │  4680000  │   15200   │   59494000    │ 1200  │ 4680000  │ 0.8 │
│   13    │ 3.89 │ 3.89 │ 3.89 │ 3.89 │ 200  │ 778000  │   22600   │   200   │  778000  │ 87798000  │ 1673442900000 │ '2023-01-11T13:15:00.000Z' │  0   │ 100  │  0  │    0     │ Infinity │ 1481 │ 276.2 │  0  │ 0.7 │ -200  │  -778000  │   15000   │   58716000    │       │          │     │
│   14    │ 3.9  │ 3.9  │ 3.9  │ 3.9  │      │         │   22700   │   100   │  390000  │ 88188000  │ 1673443800000 │ '2023-01-11T13:30:00.000Z' │ 100  │  0   │  0  │ Infinity │    0     │ 1481 │ 276.2 │  0  │     │  100  │  390000   │   15100   │   59106000    │  100  │  390000  │ 0.1 │
│   15    │ 3.9  │ 3.9  │ 3.9  │ 3.9  │      │         │   22800   │   100   │  390000  │ 88578000  │ 1673444100000 │ '2023-01-11T13:35:00.000Z' │ 100  │  0   │  0  │ Infinity │    0     │ 1481 │ 276.2 │  0  │     │  100  │  390000   │   15200   │   59496000    │  100  │  390000  │ 0.1 │
│   16    │ 3.9  │ 3.9  │ 3.9  │ 3.9  │      │         │   23500   │   700   │ 2730000  │ 91308000  │ 1673444400000 │ '2023-01-11T13:40:00.000Z' │ 100  │  0   │  0  │ Infinity │    0     │ 1481 │ 276.2 │  0  │     │  700  │  2730000  │   15900   │   62226000    │  700  │ 2730000  │ 0.5 │
│   17    │ 3.9  │ 3.9  │ 3.9  │ 3.9  │      │         │   23600   │   100   │  390000  │ 91698000  │ 1673444700000 │ '2023-01-11T13:45:00.000Z' │ 100  │  0   │  0  │ Infinity │    0     │ 1481 │ 276.2 │  0  │     │  100  │  390000   │   16000   │   62616000    │  100  │  390000  │ 0.1 │
│   18    │ 3.9  │ 3.9  │ 3.9  │ 3.9  │      │         │   34300   │  10700  │ 41730000 │ 133428000 │ 1673445000000 │ '2023-01-11T13:50:00.000Z' │ 100  │  0   │  0  │ Infinity │    0     │ 1481 │ 276.2 │  0  │     │ 10700 │ 41730000  │   26700   │   104346000   │ 10700 │ 41730000 │ 7.2 │
│   19    │ 3.9  │ 3.9  │ 3.9  │ 3.9  │      │         │   34900   │   600   │ 2340000  │ 135768000 │ 1673446500000 │ '2023-01-11T14:15:00.000Z' │ 100  │  0   │  0  │ Infinity │    0     │ 1481 │ 276.2 │  0  │     │  600  │  2340000  │   27300   │   106686000   │  600  │ 2340000  │ 0.4 │
│   20    │ 3.9  │ 3.9  │ 3.9  │ 3.9  │ 2000 │ 7800000 │   36900   │  2000   │ 7800000  │ 143568000 │ 1673448300000 │ '2023-01-11T14:45:00.000Z' │  0   │ 100  │  0  │    0     │ Infinity │ 1481 │ 276.2 │  0  │ 7.2 │ -2000 │ -7800000  │   25300   │   98886000    │       │          │     │
├─────────┼──────┼──────┼──────┼──────┼──────┼─────────┼───────────┼─────────┼──────────┼───────────┼───────────────┼────────────────────────────┼──────┼──────┼─────┼──────────┼──────────┼──────┼───────┼─────┼─────┼───────┼───────────┼───────────┼───────────────┼───────┼──────────┼─────┤
│ (index) │  c   │  h   │  l   │  o   │  sd  │ val_sd  │ total_vol │ sum_vol │   val    │ acum_val  │   datetime    │            date            │ pbu  │ psd  │ puk │    bs    │    sb    │ abu  │  asd  │ auk │ rsd │ bu-sd │ bu-sd_val │ acum_busd │ acum_busd_val │  bu   │  val_bu  │ rbu │
├─────────┼──────┼──────┼──────┼──────┼──────┼─────────┼───────────┼─────────┼──────────┼───────────┼───────────────┼────────────────────────────┼──────┼──────┼─────┼──────────┼──────────┼──────┼───────┼─────┼─────┼───────┼───────────┼───────────┼───────────────┼───────┼──────────┼─────┤
└─────────┴──────┴──────┴──────┴──────┴──────┴─────────┴───────────┴─────────┴──────────┴───────────┴───────────────┴────────────────────────────┴──────┴──────┴─────┴──────────┴──────────┴──────┴───────┴─────┴─────┴───────┴───────────┴───────────┴───────────────┴───────┴──────────┴─────┘

