┌─────────┬─────┬─────┬─────┬─────┬───────┬───────────┬───────────┬─────────┬───────────┬────────────┬───────────────┬────────────────────────────┬──────┬──────┬─────┬──────────┬──────────┬────────┬────────┬─────┬─────┬────────┬────────────┬───────────┬───────────────┬───────┬───────────┬──────┐
│ (index) │  c  │  h  │  l  │  o  │  bu   │  val_bu   │ total_vol │ sum_vol │    val    │  acum_val  │   datetime    │            date            │ pbu  │ psd  │ puk │    bs    │    sb    │  abu   │  asd   │ auk │ rbu │ bu-sd  │ bu-sd_val  │ acum_busd │ acum_busd_val │  sd   │  val_sd   │ rsd  │
├─────────┼─────┼─────┼─────┼─────┼───────┼───────────┼───────────┼─────────┼───────────┼────────────┼───────────────┼────────────────────────────┼──────┼──────┼─────┼──────────┼──────────┼────────┼────────┼─────┼─────┼────────┼────────────┼───────────┼───────────────┼───────┼───────────┼──────┤
│    0    │ 7.8 │ 7.8 │ 7.8 │ 7.8 │  100  │  780000   │    100    │   100   │  780000   │   780000   │ 1673427840000 │ '2023-01-11T09:04:00.000Z' │ 100  │  0   │  0  │ Infinity │    0     │ 4160.5 │ 3494.7 │  0  │  0  │  100   │   780000   │    100    │    780000     │       │           │      │
│    1    │ 7.7 │ 7.7 │ 7.7 │ 7.7 │       │           │   2100    │  2000   │ 15400000  │  16180000  │ 1673429760000 │ '2023-01-11T09:36:00.000Z' │  0   │ 100  │  0  │    0     │ Infinity │ 4160.5 │ 3494.7 │  0  │     │ -2000  │ -15400000  │   -1900   │   -14620000   │ 2000  │ 15400000  │ 0.6  │
│    2    │ 7.7 │ 7.7 │ 7.7 │ 7.7 │ 39100 │ 301070000 │   41200   │  39100  │ 301070000 │ 317250000  │ 1673429880000 │ '2023-01-11T09:38:00.000Z' │ 100  │  0   │  0  │ Infinity │    0     │ 4160.5 │ 3494.7 │  0  │ 9.4 │ 39100  │ 301070000  │   37200   │   286450000   │       │           │      │
│    3    │ 7.6 │ 7.6 │ 7.6 │ 7.6 │       │           │   81500   │  40300  │ 306280000 │ 623530000  │ 1673430240000 │ '2023-01-11T09:44:00.000Z' │  0   │ 100  │  0  │    0     │ Infinity │ 4160.5 │ 3494.7 │  0  │     │ -40300 │ -306280000 │   -3100   │   -19830000   │ 40300 │ 306280000 │ 11.5 │
│    4    │ 7.7 │ 7.7 │ 7.7 │ 7.7 │ 3500  │ 26950000  │   85000   │  3500   │ 26950000  │ 650480000  │ 1673430480000 │ '2023-01-11T09:48:00.000Z' │ 100  │  0   │  0  │ Infinity │    0     │ 4160.5 │ 3494.7 │  0  │ 0.8 │  3500  │  26950000  │    400    │    7120000    │       │           │      │
│    5    │ 7.7 │ 7.7 │ 7.7 │ 7.7 │ 7000  │ 53900000  │   92000   │  7000   │ 53900000  │ 704380000  │ 1673430600000 │ '2023-01-11T09:50:00.000Z' │ 100  │  0   │  0  │ Infinity │    0     │ 4160.5 │ 3494.7 │  0  │ 1.7 │  7000  │  53900000  │   7400    │   61020000    │       │           │      │
│    6    │ 7.7 │ 7.7 │ 7.7 │ 7.7 │       │           │   92200   │   200   │  1540000  │ 705920000  │ 1673430960000 │ '2023-01-11T09:56:00.000Z' │  0   │ 100  │  0  │    0     │ Infinity │ 4160.5 │ 3494.7 │  0  │     │  -200  │  -1540000  │   7200    │   59480000    │  200  │  1540000  │ 0.1  │
│    7    │ 7.8 │ 7.8 │ 7.8 │ 7.8 │ 15800 │ 123240000 │  108000   │  15800  │ 123240000 │ 829160000  │ 1673431320000 │ '2023-01-11T10:02:00.000Z' │ 100  │  0   │  0  │ Infinity │    0     │ 4160.5 │ 3494.7 │  0  │ 3.8 │ 15800  │ 123240000  │   23000   │   182720000   │       │           │      │
│    8    │ 7.8 │ 7.8 │ 7.8 │ 7.8 │  700  │  5460000  │  108700   │   700   │  5460000  │ 834620000  │ 1673431680000 │ '2023-01-11T10:08:00.000Z' │ 100  │  0   │  0  │ Infinity │    0     │ 4160.5 │ 3494.7 │  0  │ 0.2 │  700   │  5460000   │   23700   │   188180000   │       │           │      │
│    9    │ 7.7 │ 7.7 │ 7.7 │ 7.7 │       │           │  108900   │   200   │  1540000  │ 836160000  │ 1673432400000 │ '2023-01-11T10:20:00.000Z' │  0   │ 100  │  0  │    0     │ Infinity │ 4160.5 │ 3494.7 │  0  │     │  -200  │  -1540000  │   23500   │   186640000   │  200  │  1540000  │ 0.1  │
│   10    │ 7.8 │ 7.8 │ 7.8 │ 7.8 │ 5500  │ 42900000  │  114400   │  5500   │ 42900000  │ 879060000  │ 1673432640000 │ '2023-01-11T10:24:00.000Z' │ 100  │  0   │  0  │ Infinity │    0     │ 4160.5 │ 3494.7 │  0  │ 1.3 │  5500  │  42900000  │   29000   │   229540000   │       │           │      │
│   11    │ 7.8 │ 7.8 │ 7.8 │ 7.8 │       │           │  114900   │   500   │  3900000  │ 882960000  │ 1673433000000 │ '2023-01-11T10:30:00.000Z' │  0   │ 100  │  0  │    0     │ Infinity │ 4160.5 │ 3494.7 │  0  │     │  -500  │  -3900000  │   28500   │   225640000   │  500  │  3900000  │ 0.1  │
│   12    │ 7.8 │ 7.8 │ 7.8 │ 7.8 │       │           │  115400   │   500   │  3900000  │ 886860000  │ 1673433120000 │ '2023-01-11T10:32:00.000Z' │  0   │ 100  │  0  │    0     │ Infinity │ 4160.5 │ 3494.7 │  0  │     │  -500  │  -3900000  │   28000   │   221740000   │  500  │  3900000  │ 0.1  │
│   13    │ 7.8 │ 7.8 │ 7.8 │ 7.8 │       │           │  115500   │   100   │  780000   │ 887640000  │ 1673434080000 │ '2023-01-11T10:48:00.000Z' │  0   │ 100  │  0  │    0     │ Infinity │ 4160.5 │ 3494.7 │  0  │     │  -100  │  -780000   │   27900   │   220960000   │  100  │  780000   │  0   │
│   14    │ 7.8 │ 7.8 │ 7.8 │ 7.8 │       │           │  115600   │   100   │  780000   │ 888420000  │ 1673434200000 │ '2023-01-11T10:50:00.000Z' │  0   │ 100  │  0  │    0     │ Infinity │ 4160.5 │ 3494.7 │  0  │     │  -100  │  -780000   │   27800   │   220180000   │  100  │  780000   │  0   │
│   15    │ 7.9 │ 7.9 │ 7.9 │ 7.9 │ 5600  │ 44240000  │  121200   │  5600   │ 44240000  │ 932660000  │ 1673434320000 │ '2023-01-11T10:52:00.000Z' │ 100  │  0   │  0  │ Infinity │    0     │ 4160.5 │ 3494.7 │  0  │ 1.3 │  5600  │  44240000  │   33400   │   264420000   │       │           │      │
│   16    │ 7.9 │ 7.9 │ 7.9 │ 7.9 │  100  │  790000   │  121300   │   100   │  790000   │ 933450000  │ 1673434440000 │ '2023-01-11T10:54:00.000Z' │ 100  │  0   │  0  │ Infinity │    0     │ 4160.5 │ 3494.7 │  0  │  0  │  100   │   790000   │   33500   │   265210000   │       │           │      │
│   17    │ 7.8 │ 7.8 │ 7.8 │ 7.8 │       │           │  122300   │  1000   │  7800000  │ 941250000  │ 1673434560000 │ '2023-01-11T10:56:00.000Z' │  0   │ 100  │  0  │    0     │ Infinity │ 4160.5 │ 3494.7 │  0  │     │ -1000  │  -7800000  │   32500   │   257410000   │ 1000  │  7800000  │ 0.3  │
│   18    │ 7.8 │ 7.8 │ 7.8 │ 7.8 │       │           │  125300   │  3000   │ 23400000  │ 964650000  │ 1673434680000 │ '2023-01-11T10:58:00.000Z' │  0   │ 100  │  0  │    0     │ Infinity │ 4160.5 │ 3494.7 │  0  │     │ -3000  │ -23400000  │   29500   │   234010000   │ 3000  │ 23400000  │ 0.9  │
│   19    │ 7.8 │ 7.8 │ 7.8 │ 7.8 │       │           │  130300   │  5000   │ 39000000  │ 1003650000 │ 1673434800000 │ '2023-01-11T11:00:00.000Z' │  0   │ 100  │  0  │    0     │ Infinity │ 4160.5 │ 3494.7 │  0  │     │ -5000  │ -39000000  │   24500   │   195010000   │ 5000  │ 39000000  │ 1.4  │
│   20    │ 7.8 │ 7.8 │ 7.8 │ 7.8 │ 1600  │ 12480000  │  133300   │  3000   │ 23400000  │ 1027050000 │ 1673435040000 │ '2023-01-11T11:04:00.000Z' │ 53.3 │ 46.7 │  0  │   1.1    │   0.9    │ 4160.5 │ 3494.7 │  0  │ 0.4 │  200   │  1560000   │   24700   │   196570000   │ 1400  │ 10920000  │ 0.4  │
├─────────┼─────┼─────┼─────┼─────┼───────┼───────────┼───────────┼─────────┼───────────┼────────────┼───────────────┼────────────────────────────┼──────┼──────┼─────┼──────────┼──────────┼────────┼────────┼─────┼─────┼────────┼────────────┼───────────┼───────────────┼───────┼───────────┼──────┤
│ (index) │  c  │  h  │  l  │  o  │  bu   │  val_bu   │ total_vol │ sum_vol │    val    │  acum_val  │   datetime    │            date            │ pbu  │ psd  │ puk │    bs    │    sb    │  abu   │  asd   │ auk │ rbu │ bu-sd  │ bu-sd_val  │ acum_busd │ acum_busd_val │  sd   │  val_sd   │ rsd  │
├─────────┼─────┼─────┼─────┼─────┼───────┼───────────┼───────────┼─────────┼───────────┼────────────┼───────────────┼────────────────────────────┼──────┼──────┼─────┼──────────┼──────────┼────────┼────────┼─────┼─────┼────────┼────────────┼───────────┼───────────────┼───────┼───────────┼──────┤
│   21    │ 7.8 │ 7.8 │ 7.8 │ 7.8 │       │           │  134800   │  1500   │ 11700000  │ 1038750000 │ 1673435640000 │ '2023-01-11T11:14:00.000Z' │  0   │ 100  │  0  │    0     │ Infinity │ 4160.5 │ 3494.7 │  0  │     │ -1500  │ -11700000  │   23200   │   184870000   │ 1500  │ 11700000  │ 0.4  │
│   22    │ 7.9 │ 7.9 │ 7.9 │ 7.9 │ 3000  │ 23700000  │  137800   │  3000   │ 23700000  │ 1062450000 │ 1673436000000 │ '2023-01-11T11:20:00.000Z' │ 100  │  0   │  0  │ Infinity │    0     │ 4160.5 │ 3494.7 │  0  │ 0.7 │  3000  │  23700000  │   26200   │   208570000   │       │           │      │
│   23    │ 7.9 │ 7.9 │ 7.9 │ 7.9 │ 5000  │ 39500000  │  142800   │  5000   │ 39500000  │ 1101950000 │ 1673436360000 │ '2023-01-11T11:26:00.000Z' │ 100  │  0   │  0  │ Infinity │    0     │ 4160.5 │ 3494.7 │  0  │ 1.2 │  5000  │  39500000  │   31200   │   248070000   │       │           │      │
│   24    │ 7.8 │ 7.8 │ 7.8 │ 7.8 │       │           │  148800   │  6000   │ 46800000  │ 1148750000 │ 1673442000000 │ '2023-01-11T13:00:00.000Z' │  0   │ 100  │  0  │    0     │ Infinity │ 4160.5 │ 3494.7 │  0  │     │ -6000  │ -46800000  │   25200   │   201270000   │ 6000  │ 46800000  │ 1.7  │
│   25    │ 7.9 │ 7.9 │ 7.9 │ 7.9 │ 21800 │ 172220000 │  170600   │  21800  │ 172220000 │ 1320970000 │ 1673442120000 │ '2023-01-11T13:02:00.000Z' │ 100  │  0   │  0  │ Infinity │    0     │ 4160.5 │ 3494.7 │  0  │ 5.2 │ 21800  │ 172220000  │   47000   │   373490000   │       │           │      │
│   26    │ 7.9 │ 7.9 │ 7.9 │ 7.9 │ 2200  │ 17380000  │  173800   │  3200   │ 25280000  │ 1346250000 │ 1673442240000 │ '2023-01-11T13:04:00.000Z' │ 68.8 │ 31.3 │  0  │   2.2    │   0.5    │ 4160.5 │ 3494.7 │  0  │ 0.5 │  1200  │  9480000   │   48200   │   382970000   │ 1000  │  7900000  │ 0.3  │
│   27    │ 7.8 │ 7.8 │ 7.8 │ 7.8 │       │           │  176700   │  2900   │ 22620000  │ 1368870000 │ 1673442360000 │ '2023-01-11T13:06:00.000Z' │  0   │ 100  │  0  │    0     │ Infinity │ 4160.5 │ 3494.7 │  0  │     │ -2900  │ -22620000  │   45300   │   360350000   │ 2900  │ 22620000  │ 0.8  │
│   28    │ 7.8 │ 7.8 │ 7.8 │ 7.8 │       │           │  206700   │  30000  │ 234000000 │ 1602870000 │ 1673442480000 │ '2023-01-11T13:08:00.000Z' │  0   │ 100  │  0  │    0     │ Infinity │ 4160.5 │ 3494.7 │  0  │     │ -30000 │ -234000000 │   15300   │   126350000   │ 30000 │ 234000000 │ 8.6  │
│   29    │ 7.8 │ 7.8 │ 7.8 │ 7.8 │       │           │  208700   │  2000   │ 15600000  │ 1618470000 │ 1673442840000 │ '2023-01-11T13:14:00.000Z' │  0   │ 100  │  0  │    0     │ Infinity │ 4160.5 │ 3494.7 │  0  │     │ -2000  │ -15600000  │   13300   │   110750000   │ 2000  │ 15600000  │ 0.6  │
│   30    │ 7.8 │ 7.8 │ 7.8 │ 7.8 │       │           │  216700   │  8000   │ 62400000  │ 1680870000 │ 1673443320000 │ '2023-01-11T13:22:00.000Z' │  0   │ 100  │  0  │    0     │ Infinity │ 4160.5 │ 3494.7 │  0  │     │ -8000  │ -62400000  │   5300    │   48350000    │ 8000  │ 62400000  │ 2.3  │
│   31    │ 7.8 │ 7.8 │ 7.8 │ 7.8 │       │           │  234500   │  17800  │ 138840000 │ 1819710000 │ 1673443800000 │ '2023-01-11T13:30:00.000Z' │  0   │ 100  │  0  │    0     │ Infinity │ 4160.5 │ 3494.7 │  0  │     │ -17800 │ -138840000 │  -12500   │   -90490000   │ 17800 │ 138840000 │ 5.1  │
│   32    │ 7.8 │ 7.8 │ 7.8 │ 7.8 │       │           │  235700   │  1200   │  9360000  │ 1829070000 │ 1673443920000 │ '2023-01-11T13:32:00.000Z' │  0   │ 100  │  0  │    0     │ Infinity │ 4160.5 │ 3494.7 │  0  │     │ -1200  │  -9360000  │  -13700   │   -99850000   │ 1200  │  9360000  │ 0.3  │
│   33    │ 7.8 │ 7.8 │ 7.8 │ 7.8 │       │           │  240200   │  4500   │ 35100000  │ 1864170000 │ 1673444400000 │ '2023-01-11T13:40:00.000Z' │  0   │ 100  │  0  │    0     │ Infinity │ 4160.5 │ 3494.7 │  0  │     │ -4500  │ -35100000  │  -18200   │  -134950000   │ 4500  │ 35100000  │ 1.3  │
│   34    │ 7.8 │ 7.8 │ 7.8 │ 7.8 │       │           │  243800   │  3600   │ 28080000  │ 1892250000 │ 1673445000000 │ '2023-01-11T13:50:00.000Z' │  0   │ 100  │  0  │    0     │ Infinity │ 4160.5 │ 3494.7 │  0  │     │ -3600  │ -28080000  │  -21800   │  -163030000   │ 3600  │ 28080000  │  1   │
│   35    │ 7.8 │ 7.8 │ 7.8 │ 7.8 │ 16900 │ 131820000 │  260700   │  16900  │ 131820000 │ 2024070000 │ 1673445240000 │ '2023-01-11T13:54:00.000Z' │ 100  │  0   │  0  │ Infinity │    0     │ 4160.5 │ 3494.7 │  0  │ 4.1 │ 16900  │ 131820000  │   -4900   │   -31210000   │       │           │      │
│   36    │ 7.8 │ 7.8 │ 7.8 │ 7.8 │ 30000 │ 234000000 │  290700   │  30000  │ 234000000 │ 2258070000 │ 1673447400000 │ '2023-01-11T14:30:00.000Z' │ 100  │  0   │  0  │ Infinity │    0     │ 4160.5 │ 3494.7 │  0  │ 7.2 │ 30000  │ 234000000  │   25100   │   202790000   │       │           │      │
│   37    │ 7.8 │ 7.8 │ 7.8 │ 7.8 │  200  │  1560000  │  290900   │   200   │  1560000  │ 2259630000 │ 1673447880000 │ '2023-01-11T14:38:00.000Z' │ 100  │  0   │  0  │ Infinity │    0     │ 4160.5 │ 3494.7 │  0  │  0  │  200   │  1560000   │   25300   │   204350000   │       │           │      │
└─────────┴─────┴─────┴─────┴─────┴───────┴───────────┴───────────┴─────────┴───────────┴────────────┴───────────────┴────────────────────────────┴──────┴──────┴─────┴──────────┴──────────┴────────┴────────┴─────┴─────┴────────┴────────────┴───────────┴───────────────┴───────┴───────────┴──────┘

