┌─────────┬──────┬──────┬──────┬──────┬──────┬──────────┬───────────┬─────────┬──────────┬───────────┬───────────────┬────────────────────────────┬──────┬──────┬─────┬──────────┬──────────┬───────┬───────┬─────┬─────┬───────┬───────────┬───────────┬───────────────┬───────┬──────────┬──────┐
│ (index) │  c   │  h   │  l   │  o   │  sd  │  val_sd  │ total_vol │ sum_vol │   val    │ acum_val  │   datetime    │            date            │ pbu  │ psd  │ puk │    bs    │    sb    │  abu  │  asd  │ auk │ rsd │ bu-sd │ bu-sd_val │ acum_busd │ acum_busd_val │  bu   │  val_bu  │ rbu  │
├─────────┼──────┼──────┼──────┼──────┼──────┼──────────┼───────────┼─────────┼──────────┼───────────┼───────────────┼────────────────────────────┼──────┼──────┼─────┼──────────┼──────────┼───────┼───────┼─────┼─────┼───────┼───────────┼───────────┼───────────────┼───────┼──────────┼──────┤
│    0    │ 3.6  │ 3.6  │ 3.6  │ 3.6  │ 1000 │ 3600000  │   1000    │  1000   │ 3600000  │  3600000  │ 1673429040000 │ '2023-01-11T09:24:00.000Z' │  0   │ 100  │  0  │    0     │ Infinity │ 961.5 │ 561.5 │  0  │ 1.8 │ -1000 │ -3600000  │   -1000   │   -3600000    │       │          │      │
│    1    │ 3.65 │ 3.65 │ 3.65 │ 3.65 │      │          │   1100    │   100   │  365000  │  3965000  │ 1673429160000 │ '2023-01-11T09:26:00.000Z' │ 100  │  0   │  0  │ Infinity │    0     │ 961.5 │ 561.5 │  0  │     │  100  │  365000   │   -900    │   -3235000    │  100  │  365000  │ 0.1  │
│    2    │ 3.59 │ 3.59 │ 3.59 │ 3.59 │ 1000 │ 3590000  │   2100    │  1000   │ 3590000  │  7555000  │ 1673429400000 │ '2023-01-11T09:30:00.000Z' │  0   │ 100  │  0  │    0     │ Infinity │ 961.5 │ 561.5 │  0  │ 1.8 │ -1000 │ -3590000  │   -1900   │   -6825000    │       │          │      │
│    3    │ 3.6  │ 3.6  │ 3.6  │ 3.6  │ 500  │ 1800000  │   2600    │   500   │ 1800000  │  9355000  │ 1673430000000 │ '2023-01-11T09:40:00.000Z' │  0   │ 100  │  0  │    0     │ Infinity │ 961.5 │ 561.5 │  0  │ 0.9 │ -500  │ -1800000  │   -2400   │   -8625000    │       │          │      │
│    4    │ 3.65 │ 3.65 │ 3.65 │ 3.65 │      │          │   2700    │   100   │  365000  │  9720000  │ 1673430360000 │ '2023-01-11T09:46:00.000Z' │ 100  │  0   │  0  │ Infinity │    0     │ 961.5 │ 561.5 │  0  │     │  100  │  365000   │   -2300   │   -8260000    │  100  │  365000  │ 0.1  │
│    5    │ 3.65 │ 3.65 │ 3.65 │ 3.65 │      │          │   14700   │  12000  │ 43800000 │ 53520000  │ 1673430960000 │ '2023-01-11T09:56:00.000Z' │ 100  │  0   │  0  │ Infinity │    0     │ 961.5 │ 561.5 │  0  │     │ 12000 │ 43800000  │   9700    │   35540000    │ 12000 │ 43800000 │ 12.5 │
│    6    │ 3.65 │ 3.65 │ 3.65 │ 3.65 │      │          │   15900   │  1200   │ 4380000  │ 57900000  │ 1673431200000 │ '2023-01-11T10:00:00.000Z' │ 100  │  0   │  0  │ Infinity │    0     │ 961.5 │ 561.5 │  0  │     │ 1200  │  4380000  │   10900   │   39920000    │ 1200  │ 4380000  │ 1.2  │
│    7    │ 3.68 │ 3.68 │ 3.68 │ 3.68 │      │          │   16000   │   100   │  368000  │ 58268000  │ 1673431560000 │ '2023-01-11T10:06:00.000Z' │ 100  │  0   │  0  │ Infinity │    0     │ 961.5 │ 561.5 │  0  │     │  100  │  368000   │   11000   │   40288000    │  100  │  368000  │ 0.1  │
│    8    │ 3.65 │ 3.65 │ 3.65 │ 3.65 │ 900  │ 3285000  │   16900   │   900   │ 3285000  │ 61553000  │ 1673431920000 │ '2023-01-11T10:12:00.000Z' │  0   │ 100  │  0  │    0     │ Infinity │ 961.5 │ 561.5 │  0  │ 1.6 │ -900  │ -3285000  │   10100   │   37003000    │       │          │      │
│    9    │ 3.65 │ 3.65 │ 3.65 │ 3.65 │      │          │   17000   │   100   │  365000  │ 61918000  │ 1673432640000 │ '2023-01-11T10:24:00.000Z' │ 100  │  0   │  0  │ Infinity │    0     │ 961.5 │ 561.5 │  0  │     │  100  │  365000   │   10200   │   37368000    │  100  │  365000  │ 0.1  │
│   10    │ 3.65 │ 3.65 │ 3.65 │ 3.65 │ 900  │ 3285000  │   17900   │   900   │ 3285000  │ 65203000  │ 1673432760000 │ '2023-01-11T10:26:00.000Z' │  0   │ 100  │  0  │    0     │ Infinity │ 961.5 │ 561.5 │  0  │ 1.6 │ -900  │ -3285000  │   9300    │   34083000    │       │          │      │
│   11    │ 3.68 │ 3.68 │ 3.68 │ 3.68 │      │          │   18800   │   900   │ 3312000  │ 68515000  │ 1673432880000 │ '2023-01-11T10:28:00.000Z' │ 100  │  0   │  0  │ Infinity │    0     │ 961.5 │ 561.5 │  0  │     │  900  │  3312000  │   10200   │   37395000    │  900  │ 3312000  │ 0.9  │
│   12    │ 3.68 │ 3.68 │ 3.68 │ 3.68 │ 100  │  368000  │   18900   │   100   │  368000  │ 68883000  │ 1673433120000 │ '2023-01-11T10:32:00.000Z' │  0   │ 100  │  0  │    0     │ Infinity │ 961.5 │ 561.5 │  0  │ 0.2 │ -100  │  -368000  │   10100   │   37027000    │       │          │      │
│   13    │ 3.64 │ 3.64 │ 3.64 │ 3.64 │ 1600 │ 5824000  │   20500   │  1600   │ 5824000  │ 74707000  │ 1673433960000 │ '2023-01-11T10:46:00.000Z' │  0   │ 100  │  0  │    0     │ Infinity │ 961.5 │ 561.5 │  0  │ 2.8 │ -1600 │ -5824000  │   8500    │   31203000    │       │          │      │
│   14    │ 3.68 │ 3.68 │ 3.68 │ 3.68 │      │          │   20900   │   400   │ 1472000  │ 76179000  │ 1673434200000 │ '2023-01-11T10:50:00.000Z' │ 100  │  0   │  0  │ Infinity │    0     │ 961.5 │ 561.5 │  0  │     │  400  │  1472000  │   8900    │   32675000    │  400  │ 1472000  │ 0.4  │
│   15    │ 3.7  │ 3.7  │ 3.7  │ 3.7  │      │          │   21000   │   100   │  370000  │ 76549000  │ 1673434320000 │ '2023-01-11T10:52:00.000Z' │ 100  │  0   │  0  │ Infinity │    0     │ 961.5 │ 561.5 │  0  │     │  100  │  370000   │   9000    │   33045000    │  100  │  370000  │ 0.1  │
│   16    │ 3.7  │ 3.7  │ 3.69 │ 3.69 │ 200  │  738000  │   36500   │  15500  │ 57348000 │ 133897000 │ 1673434440000 │ '2023-01-11T10:54:00.000Z' │ 98.7 │ 1.3  │  0  │   76.5   │    0     │ 961.5 │ 561.5 │  0  │ 0.4 │ 15100 │ 55872000  │   24100   │   88917000    │ 15300 │ 56610000 │ 15.9 │
│   17    │ 3.71 │ 3.71 │ 3.7  │ 3.7  │ 500  │ 1850000  │   37500   │  1000   │ 3705000  │ 137602000 │ 1673434560000 │ '2023-01-11T10:56:00.000Z' │  50  │  50  │  0  │    1     │    1     │ 961.5 │ 561.5 │  0  │ 0.9 │   0   │   5000    │   24100   │   88922000    │  500  │ 1855000  │ 0.5  │
│   18    │ 3.71 │ 3.71 │ 3.7  │ 3.71 │ 500  │ 1850000  │   38600   │  1100   │ 4076000  │ 141678000 │ 1673434680000 │ '2023-01-11T10:58:00.000Z' │ 54.5 │ 45.5 │  0  │   1.2    │   0.8    │ 961.5 │ 561.5 │  0  │ 0.9 │  100  │  376000   │   24200   │   89298000    │  600  │ 2226000  │ 0.6  │
│   19    │ 3.71 │ 3.71 │ 3.71 │ 3.71 │      │          │   42000   │  3400   │ 12614000 │ 154292000 │ 1673434800000 │ '2023-01-11T11:00:00.000Z' │ 100  │  0   │  0  │ Infinity │    0     │ 961.5 │ 561.5 │  0  │     │ 3400  │ 12614000  │   27600   │   101912000   │ 3400  │ 12614000 │ 3.5  │
│   20    │ 3.71 │ 3.71 │ 3.71 │ 3.71 │      │          │   43000   │  1000   │ 3710000  │ 158002000 │ 1673434920000 │ '2023-01-11T11:02:00.000Z' │ 100  │  0   │  0  │ Infinity │    0     │ 961.5 │ 561.5 │  0  │     │ 1000  │  3710000  │   28600   │   105622000   │ 1000  │ 3710000  │  1   │
├─────────┼──────┼──────┼──────┼──────┼──────┼──────────┼───────────┼─────────┼──────────┼───────────┼───────────────┼────────────────────────────┼──────┼──────┼─────┼──────────┼──────────┼───────┼───────┼─────┼─────┼───────┼───────────┼───────────┼───────────────┼───────┼──────────┼──────┤
│ (index) │  c   │  h   │  l   │  o   │  sd  │  val_sd  │ total_vol │ sum_vol │   val    │ acum_val  │   datetime    │            date            │ pbu  │ psd  │ puk │    bs    │    sb    │  abu  │  asd  │ auk │ rsd │ bu-sd │ bu-sd_val │ acum_busd │ acum_busd_val │  bu   │  val_bu  │ rbu  │
├─────────┼──────┼──────┼──────┼──────┼──────┼──────────┼───────────┼─────────┼──────────┼───────────┼───────────────┼────────────────────────────┼──────┼──────┼─────┼──────────┼──────────┼───────┼───────┼─────┼─────┼───────┼───────────┼───────────┼───────────────┼───────┼──────────┼──────┤
│   21    │ 3.8  │ 3.8  │ 3.74 │ 3.74 │      │          │   43700   │   700   │ 2624000  │ 160626000 │ 1673435040000 │ '2023-01-11T11:04:00.000Z' │ 100  │  0   │  0  │ Infinity │    0     │ 961.5 │ 561.5 │  0  │     │  700  │  2624000  │   29300   │   108246000   │  700  │ 2624000  │ 0.7  │
│   22    │ 3.71 │ 3.71 │ 3.71 │ 3.71 │ 1000 │ 3710000  │   44700   │  1000   │ 3710000  │ 164336000 │ 1673435400000 │ '2023-01-11T11:10:00.000Z' │  0   │ 100  │  0  │    0     │ Infinity │ 961.5 │ 561.5 │  0  │ 1.8 │ -1000 │ -3710000  │   28300   │   104536000   │       │          │      │
│   23    │ 3.71 │ 3.78 │ 3.71 │ 3.78 │ 100  │  371000  │   44900   │   200   │  749000  │ 165085000 │ 1673435640000 │ '2023-01-11T11:14:00.000Z' │  50  │  50  │  0  │    1     │    1     │ 961.5 │ 561.5 │  0  │ 0.2 │   0   │   7000    │   28300   │   104543000   │  100  │  378000  │ 0.1  │
│   24    │ 3.72 │ 3.72 │ 3.72 │ 3.72 │ 1000 │ 3720000  │   45900   │  1000   │ 3720000  │ 168805000 │ 1673436240000 │ '2023-01-11T11:24:00.000Z' │  0   │ 100  │  0  │    0     │ Infinity │ 961.5 │ 561.5 │  0  │ 1.8 │ -1000 │ -3720000  │   27300   │   100823000   │       │          │      │
│   25    │ 3.72 │ 3.72 │ 3.72 │ 3.72 │ 100  │  372000  │   46000   │   100   │  372000  │ 169177000 │ 1673436360000 │ '2023-01-11T11:26:00.000Z' │  0   │ 100  │  0  │    0     │ Infinity │ 961.5 │ 561.5 │  0  │ 0.2 │ -100  │  -372000  │   27200   │   100451000   │       │          │      │
│   26    │ 3.7  │ 3.71 │ 3.7  │ 3.71 │ 4400 │ 16321000 │   50400   │  4400   │ 16321000 │ 185498000 │ 1673442000000 │ '2023-01-11T13:00:00.000Z' │  0   │ 100  │  0  │    0     │ Infinity │ 961.5 │ 561.5 │  0  │ 7.8 │ -4400 │ -16321000 │   22800   │   84130000    │       │          │      │
│   27    │ 3.7  │ 3.7  │ 3.7  │ 3.7  │ 200  │  740000  │   50600   │   200   │  740000  │ 186238000 │ 1673442120000 │ '2023-01-11T13:02:00.000Z' │  0   │ 100  │  0  │    0     │ Infinity │ 961.5 │ 561.5 │  0  │ 0.4 │ -200  │  -740000  │   22600   │   83390000    │       │          │      │
│   28    │ 3.69 │ 3.69 │ 3.69 │ 3.69 │ 500  │ 1845000  │   51100   │   500   │ 1845000  │ 188083000 │ 1673442240000 │ '2023-01-11T13:04:00.000Z' │  0   │ 100  │  0  │    0     │ Infinity │ 961.5 │ 561.5 │  0  │ 0.9 │ -500  │ -1845000  │   22100   │   81545000    │       │          │      │
│   29    │ 3.69 │ 3.69 │ 3.69 │ 3.69 │      │          │   51400   │   300   │ 1107000  │ 189190000 │ 1673442360000 │ '2023-01-11T13:06:00.000Z' │ 100  │  0   │  0  │ Infinity │    0     │ 961.5 │ 561.5 │  0  │     │  300  │  1107000  │   22400   │   82652000    │  300  │ 1107000  │ 0.3  │
│   30    │ 3.65 │ 3.65 │ 3.65 │ 3.65 │ 200  │  730000  │   51600   │   200   │  730000  │ 189920000 │ 1673443080000 │ '2023-01-11T13:18:00.000Z' │  0   │ 100  │  0  │    0     │ Infinity │ 961.5 │ 561.5 │  0  │ 0.4 │ -200  │  -730000  │   22200   │   81922000    │       │          │      │
│   31    │ 3.65 │ 3.65 │ 3.65 │ 3.65 │ 1000 │ 3650000  │   52600   │  1000   │ 3650000  │ 193570000 │ 1673443440000 │ '2023-01-11T13:24:00.000Z' │  0   │ 100  │  0  │    0     │ Infinity │ 961.5 │ 561.5 │  0  │ 1.8 │ -1000 │ -3650000  │   21200   │   78272000    │       │          │      │
│   32    │ 3.64 │ 3.65 │ 3.64 │ 3.65 │ 2700 │ 9828000  │   55500   │  2900   │ 10558000 │ 204128000 │ 1673443560000 │ '2023-01-11T13:26:00.000Z' │ 6.9  │ 93.1 │  0  │   0.1    │   13.5   │ 961.5 │ 561.5 │  0  │ 4.8 │ -2500 │ -9098000  │   18700   │   69174000    │  200  │  730000  │ 0.2  │
│   33    │ 3.64 │ 3.64 │ 3.64 │ 3.64 │ 800  │ 2912000  │   56300   │   800   │ 2912000  │ 207040000 │ 1673443680000 │ '2023-01-11T13:28:00.000Z' │  0   │ 100  │  0  │    0     │ Infinity │ 961.5 │ 561.5 │  0  │ 1.4 │ -800  │ -2912000  │   17900   │   66262000    │       │          │      │
│   34    │ 3.69 │ 3.69 │ 3.64 │ 3.64 │ 500  │ 1820000  │   56900   │   600   │ 2189000  │ 209229000 │ 1673444040000 │ '2023-01-11T13:34:00.000Z' │ 16.7 │ 83.3 │  0  │   0.2    │    5     │ 961.5 │ 561.5 │  0  │ 0.9 │ -400  │ -1451000  │   17500   │   64811000    │  100  │  369000  │ 0.1  │
│   35    │ 3.64 │ 3.64 │ 3.64 │ 3.64 │ 1200 │ 4368000  │   58100   │  1200   │ 4368000  │ 213597000 │ 1673444880000 │ '2023-01-11T13:48:00.000Z' │  0   │ 100  │  0  │    0     │ Infinity │ 961.5 │ 561.5 │  0  │ 2.1 │ -1200 │ -4368000  │   16300   │   60443000    │       │          │      │
│   36    │ 3.65 │ 3.65 │ 3.65 │ 3.65 │ 100  │  365000  │   58200   │   100   │  365000  │ 213962000 │ 1673446200000 │ '2023-01-11T14:10:00.000Z' │  0   │ 100  │  0  │    0     │ Infinity │ 961.5 │ 561.5 │  0  │ 0.2 │ -100  │  -365000  │   16200   │   60078000    │       │          │      │
│   37    │ 3.65 │ 3.65 │ 3.65 │ 3.65 │ 900  │ 3285000  │   59100   │   900   │ 3285000  │ 217247000 │ 1673446320000 │ '2023-01-11T14:12:00.000Z' │  0   │ 100  │  0  │    0     │ Infinity │ 961.5 │ 561.5 │  0  │ 1.6 │ -900  │ -3285000  │   15300   │   56793000    │       │          │      │
│   38    │ 3.69 │ 3.69 │ 3.69 │ 3.69 │      │          │   59400   │   300   │ 1107000  │ 218354000 │ 1673448240000 │ '2023-01-11T14:44:00.000Z' │ 100  │  0   │  0  │ Infinity │    0     │ 961.5 │ 561.5 │  0  │     │  300  │  1107000  │   15600   │   57900000    │  300  │ 1107000  │ 0.3  │
└─────────┴──────┴──────┴──────┴──────┴──────┴──────────┴───────────┴─────────┴──────────┴───────────┴───────────────┴────────────────────────────┴──────┴──────┴─────┴──────────┴──────────┴───────┴───────┴─────┴─────┴───────┴───────────┴───────────┴───────────────┴───────┴──────────┴──────┘

├─────────┼──────┼──────┼──────┼──────┼──────┼──────────┼───────────┼─────────┼──────────┼───────────┼───────────────┼────────────────────────────┼──────┼──────┼─────┼──────────┼──────────┼───────┼───────┼─────┼─────┼───────┼───────────┼───────────┼───────────────┼───────┼──────────┼──────┤
│ (index) │  c   │  h   │  l   │  o   │  sd  │  val_sd  │ total_vol │ sum_vol │   val    │ acum_val  │   datetime    │            date            │ pbu  │ psd  │ puk │    bs    │    sb    │  abu  │  asd  │ auk │ rsd │ bu-sd │ bu-sd_val │ acum_busd │ acum_busd_val │  bu   │  val_bu  │ rbu  │
├─────────┼──────┼──────┼──────┼──────┼──────┼──────────┼───────────┼─────────┼──────────┼───────────┼───────────────┼────────────────────────────┼──────┼──────┼─────┼──────────┼──────────┼───────┼───────┼─────┼─────┼───────┼───────────┼───────────┼───────────────┼───────┼──────────┼──────┤
