┌─────────┬─────┬─────┬─────┬─────┬───────┬──────────┬───────────┬─────────┬──────────┬───────────┬───────────────┬────────────────────────────┬─────┬─────┬─────┬────┬──────────┬───────┬────────┬─────┬─────┬────────┬───────────┬───────────┬───────────────┬──────┬──────────┬─────┐
│ (index) │  c  │  h  │  l  │  o  │  sd   │  val_sd  │ total_vol │ sum_vol │   val    │ acum_val  │   datetime    │            date            │ pbu │ psd │ puk │ bs │    sb    │  abu  │  asd   │ auk │ rsd │ bu-sd  │ bu-sd_val │ acum_busd │ acum_busd_val │  bu  │  val_bu  │ rbu │
├─────────┼─────┼─────┼─────┼─────┼───────┼──────────┼───────────┼─────────┼──────────┼───────────┼───────────────┼────────────────────────────┼─────┼─────┼─────┼────┼──────────┼───────┼────────┼─────┼─────┼────────┼───────────┼───────────┼───────────────┼──────┼──────────┼─────┤
│    0    │ 1.5 │ 1.5 │ 1.5 │ 1.5 │  100  │  150000  │    100    │   100   │  150000  │  150000   │ 1673427600000 │ '2023-01-11T09:00:00.000Z' │  0  │ 100 │  0  │ 0  │ Infinity │ 564.7 │ 5305.9 │  0  │  0  │  -100  │  -150000  │   -100    │    -150000    │      │          │     │
│    1    │ 1.6 │ 1.6 │ 1.5 │ 1.6 │  100  │  150000  │   9800    │  9700   │ 15510000 │ 15660000  │ 1673427900000 │ '2023-01-11T09:05:00.000Z' │ 99  │  1  │  0  │ 96 │    0     │ 564.7 │ 5305.9 │  0  │  0  │  9500  │ 15210000  │   9400    │   15060000    │ 9600 │ 15360000 │ 17  │
│    2    │ 1.6 │ 1.6 │ 1.6 │ 1.6 │ 1200  │ 1920000  │   11000   │  1200   │ 1920000  │ 17580000  │ 1673428200000 │ '2023-01-11T09:10:00.000Z' │  0  │ 100 │  0  │ 0  │ Infinity │ 564.7 │ 5305.9 │  0  │ 0.2 │ -1200  │ -1920000  │   8200    │   13140000    │      │          │     │
│    3    │ 1.6 │ 1.6 │ 1.6 │ 1.6 │  200  │  320000  │   11200   │   200   │  320000  │ 17900000  │ 1673428500000 │ '2023-01-11T09:15:00.000Z' │  0  │ 100 │  0  │ 0  │ Infinity │ 564.7 │ 5305.9 │  0  │  0  │  -200  │  -320000  │   8000    │   12820000    │      │          │     │
│    4    │ 1.6 │ 1.6 │ 1.6 │ 1.6 │ 1000  │ 1600000  │   12200   │  1000   │ 1600000  │ 19500000  │ 1673429100000 │ '2023-01-11T09:25:00.000Z' │  0  │ 100 │  0  │ 0  │ Infinity │ 564.7 │ 5305.9 │  0  │ 0.2 │ -1000  │ -1600000  │   7000    │   11220000    │      │          │     │
│    5    │ 1.6 │ 1.6 │ 1.6 │ 1.6 │  500  │  800000  │   12700   │   500   │  800000  │ 20300000  │ 1673430000000 │ '2023-01-11T09:40:00.000Z' │  0  │ 100 │  0  │ 0  │ Infinity │ 564.7 │ 5305.9 │  0  │ 0.1 │  -500  │  -800000  │   6500    │   10420000    │      │          │     │
│    6    │ 1.6 │ 1.6 │ 1.6 │ 1.6 │ 3000  │ 4800000  │   15700   │  3000   │ 4800000  │ 25100000  │ 1673430300000 │ '2023-01-11T09:45:00.000Z' │  0  │ 100 │  0  │ 0  │ Infinity │ 564.7 │ 5305.9 │  0  │ 0.6 │ -3000  │ -4800000  │   3500    │    5620000    │      │          │     │
│    7    │ 1.6 │ 1.6 │ 1.6 │ 1.6 │  600  │  960000  │   16300   │   600   │  960000  │ 26060000  │ 1673430900000 │ '2023-01-11T09:55:00.000Z' │  0  │ 100 │  0  │ 0  │ Infinity │ 564.7 │ 5305.9 │  0  │ 0.1 │  -600  │  -960000  │   2900    │    4660000    │      │          │     │
│    8    │ 1.6 │ 1.6 │ 1.6 │ 1.6 │ 10000 │ 16000000 │   26300   │  10000  │ 16000000 │ 42060000  │ 1673432700000 │ '2023-01-11T10:25:00.000Z' │  0  │ 100 │  0  │ 0  │ Infinity │ 564.7 │ 5305.9 │  0  │ 1.9 │ -10000 │ -16000000 │   -7100   │   -11340000   │      │          │     │
│    9    │ 1.6 │ 1.6 │ 1.6 │ 1.6 │  500  │  800000  │   26800   │   500   │  800000  │ 42860000  │ 1673433300000 │ '2023-01-11T10:35:00.000Z' │  0  │ 100 │  0  │ 0  │ Infinity │ 564.7 │ 5305.9 │  0  │ 0.1 │  -500  │  -800000  │   -7600   │   -12140000   │      │          │     │
│   10    │ 1.6 │ 1.6 │ 1.6 │ 1.6 │ 6000  │ 9600000  │   32800   │  6000   │ 9600000  │ 52460000  │ 1673433600000 │ '2023-01-11T10:40:00.000Z' │  0  │ 100 │  0  │ 0  │ Infinity │ 564.7 │ 5305.9 │  0  │ 1.1 │ -6000  │ -9600000  │  -13600   │   -21740000   │      │          │     │
│   11    │ 1.6 │ 1.6 │ 1.6 │ 1.6 │ 1800  │ 2880000  │   34600   │  1800   │ 2880000  │ 55340000  │ 1673433900000 │ '2023-01-11T10:45:00.000Z' │  0  │ 100 │  0  │ 0  │ Infinity │ 564.7 │ 5305.9 │  0  │ 0.3 │ -1800  │ -2880000  │  -15400   │   -24620000   │      │          │     │
│   12    │ 1.6 │ 1.6 │ 1.6 │ 1.6 │  700  │ 1120000  │   35300   │   700   │ 1120000  │ 56460000  │ 1673434200000 │ '2023-01-11T10:50:00.000Z' │  0  │ 100 │  0  │ 0  │ Infinity │ 564.7 │ 5305.9 │  0  │ 0.1 │  -700  │ -1120000  │  -16100   │   -25740000   │      │          │     │
│   13    │ 1.6 │ 1.6 │ 1.6 │ 1.6 │ 2000  │ 3200000  │   37300   │  2000   │ 3200000  │ 59660000  │ 1673435400000 │ '2023-01-11T11:10:00.000Z' │  0  │ 100 │  0  │ 0  │ Infinity │ 564.7 │ 5305.9 │  0  │ 0.4 │ -2000  │ -3200000  │  -18100   │   -28940000   │      │          │     │
│   14    │ 1.6 │ 1.6 │ 1.6 │ 1.6 │ 16000 │ 25600000 │   53300   │  16000  │ 25600000 │ 85260000  │ 1673436300000 │ '2023-01-11T11:25:00.000Z' │  0  │ 100 │  0  │ 0  │ Infinity │ 564.7 │ 5305.9 │  0  │  3  │ -16000 │ -25600000 │  -34100   │   -54540000   │      │          │     │
│   15    │ 1.6 │ 1.6 │ 1.6 │ 1.6 │ 43400 │ 69440000 │   96700   │  43400  │ 69440000 │ 154700000 │ 1673442000000 │ '2023-01-11T13:00:00.000Z' │  0  │ 100 │  0  │ 0  │ Infinity │ 564.7 │ 5305.9 │  0  │ 8.2 │ -43400 │ -69440000 │  -77500   │  -123980000   │      │          │     │
│   16    │ 1.6 │ 1.6 │ 1.6 │ 1.6 │ 3100  │ 4960000  │   99800   │  3100   │ 4960000  │ 159660000 │ 1673442900000 │ '2023-01-11T13:15:00.000Z' │  0  │ 100 │  0  │ 0  │ Infinity │ 564.7 │ 5305.9 │  0  │ 0.6 │ -3100  │ -4960000  │  -80600   │  -128940000   │      │          │     │
└─────────┴─────┴─────┴─────┴─────┴───────┴──────────┴───────────┴─────────┴──────────┴───────────┴───────────────┴────────────────────────────┴─────┴─────┴─────┴────┴──────────┴───────┴────────┴─────┴─────┴────────┴───────────┴───────────┴───────────────┴──────┴──────────┴─────┘

