┌─────────┬───────┬───────┬───────┬───────┬──────┬──────────┬───────────┬─────────┬───────────┬───────────┬───────────────┬────────────────────────────┬──────┬──────┬─────┬──────────┬──────────┬───────┬───────┬─────┬─────┬───────┬───────────┬───────────┬───────────────┬───────┬───────────┬──────┐
│ (index) │   c   │   h   │   l   │   o   │  sd  │  val_sd  │ total_vol │ sum_vol │    val    │ acum_val  │   datetime    │            date            │ pbu  │ psd  │ puk │    bs    │    sb    │  abu  │  asd  │ auk │ rsd │ bu-sd │ bu-sd_val │ acum_busd │ acum_busd_val │  bu   │  val_bu   │ rbu  │
├─────────┼───────┼───────┼───────┼───────┼──────┼──────────┼───────────┼─────────┼───────────┼───────────┼───────────────┼────────────────────────────┼──────┼──────┼─────┼──────────┼──────────┼───────┼───────┼─────┼─────┼───────┼───────────┼───────────┼───────────────┼───────┼───────────┼──────┤
│    0    │ 10.6  │ 10.6  │ 10.6  │ 10.6  │ 100  │ 1060000  │    100    │   100   │  1060000  │  1060000  │ 1675160760000 │ '2023-01-31T10:26:00.000Z' │  0   │ 100  │  0  │    0     │ Infinity │ 544.8 │ 434.5 │  0  │ 0.2 │ -100  │ -1060000  │   -100    │   -1060000    │       │           │      │
│    1    │ 10.7  │ 10.7  │ 10.7  │ 10.7  │      │          │    400    │   300   │  3210000  │  4270000  │ 1675161720000 │ '2023-01-31T10:42:00.000Z' │ 100  │  0   │  0  │ Infinity │    0     │ 544.8 │ 434.5 │  0  │     │  300  │  3210000  │    200    │    2150000    │  300  │  3210000  │ 0.6  │
│    2    │ 10.8  │ 10.8  │ 10.8  │ 10.8  │      │          │   2500    │  2100   │ 22680000  │ 26950000  │ 1675161960000 │ '2023-01-31T10:46:00.000Z' │ 100  │  0   │  0  │ Infinity │    0     │ 544.8 │ 434.5 │  0  │     │ 2100  │ 22680000  │   2300    │   24830000    │ 2100  │ 22680000  │ 3.9  │
│    3    │ 10.8  │ 10.8  │ 10.8  │ 10.8  │      │          │   2600    │   100   │  1080000  │ 28030000  │ 1675162200000 │ '2023-01-31T10:50:00.000Z' │ 100  │  0   │  0  │ Infinity │    0     │ 544.8 │ 434.5 │  0  │     │  100  │  1080000  │   2400    │   25910000    │  100  │  1080000  │ 0.2  │
│    4    │ 10.7  │ 10.7  │ 10.7  │ 10.7  │ 2300 │ 24610000 │   4900    │  2300   │ 24610000  │ 52640000  │ 1675162560000 │ '2023-01-31T10:56:00.000Z' │  0   │ 100  │  0  │    0     │ Infinity │ 544.8 │ 434.5 │  0  │ 5.3 │ -2300 │ -24610000 │    100    │    1300000    │       │           │      │
│    5    │ 10.7  │ 10.7  │ 10.7  │ 10.7  │ 800  │ 8560000  │   5700    │   800   │  8560000  │ 61200000  │ 1675162680000 │ '2023-01-31T10:58:00.000Z' │  0   │ 100  │  0  │    0     │ Infinity │ 544.8 │ 434.5 │  0  │ 1.8 │ -800  │ -8560000  │   -700    │   -7260000    │       │           │      │
│    6    │ 10.7  │ 10.7  │ 10.7  │ 10.7  │ 900  │ 9630000  │   6600    │   900   │  9630000  │ 70830000  │ 1675163160000 │ '2023-01-31T11:06:00.000Z' │  0   │ 100  │  0  │    0     │ Infinity │ 544.8 │ 434.5 │  0  │ 2.1 │ -900  │ -9630000  │   -1600   │   -16890000   │       │           │      │
│    7    │ 10.7  │ 10.7  │ 10.7  │ 10.7  │ 700  │ 7490000  │   18000   │  11400  │ 121980000 │ 192810000 │ 1675170000000 │ '2023-01-31T13:00:00.000Z' │ 93.9 │ 6.1  │  0  │   15.3   │   0.1    │ 544.8 │ 434.5 │  0  │ 1.6 │ 10000 │ 107000000 │   8400    │   90110000    │ 10700 │ 114490000 │ 19.6 │
│    8    │ 10.6  │ 10.6  │ 10.6  │ 10.6  │ 200  │ 2120000  │   18200   │   200   │  2120000  │ 194930000 │ 1675170120000 │ '2023-01-31T13:02:00.000Z' │  0   │ 100  │  0  │    0     │ Infinity │ 544.8 │ 434.5 │  0  │ 0.5 │ -200  │ -2120000  │   8200    │   87990000    │       │           │      │
│    9    │ 10.5  │ 10.5  │ 10.5  │ 10.5  │ 2000 │ 21000000 │   20300   │  2100   │ 22050000  │ 216980000 │ 1675170240000 │ '2023-01-31T13:04:00.000Z' │ 4.8  │ 95.2 │  0  │   0.1    │    20    │ 544.8 │ 434.5 │  0  │ 4.6 │ -1900 │ -19950000 │   6300    │   68040000    │  100  │  1050000  │ 0.2  │
│   10    │ 10.5  │ 10.5  │ 10.5  │ 10.5  │      │          │   20900   │   600   │  6300000  │ 223280000 │ 1675170600000 │ '2023-01-31T13:10:00.000Z' │ 100  │  0   │  0  │ Infinity │    0     │ 544.8 │ 434.5 │  0  │     │  600  │  6300000  │   6900    │   74340000    │  600  │  6300000  │ 1.1  │
│   11    │ 10.5  │ 10.5  │ 10.5  │ 10.5  │ 100  │ 1050000  │   21000   │   100   │  1050000  │ 224330000 │ 1675171200000 │ '2023-01-31T13:20:00.000Z' │  0   │ 100  │  0  │    0     │ Infinity │ 544.8 │ 434.5 │  0  │ 0.2 │ -100  │ -1050000  │   6800    │   73290000    │       │           │      │
│   12    │ 10.6  │ 10.6  │ 10.6  │ 10.6  │      │          │   21500   │   500   │  5300000  │ 229630000 │ 1675171560000 │ '2023-01-31T13:26:00.000Z' │ 100  │  0   │  0  │ Infinity │    0     │ 544.8 │ 434.5 │  0  │     │  500  │  5300000  │   7300    │   78590000    │  500  │  5300000  │ 0.9  │
│   13    │ 10.6  │ 10.6  │ 10.6  │ 10.6  │ 400  │ 4240000  │   21900   │   400   │  4240000  │ 233870000 │ 1675171680000 │ '2023-01-31T13:28:00.000Z' │  0   │ 100  │  0  │    0     │ Infinity │ 544.8 │ 434.5 │  0  │ 0.9 │ -400  │ -4240000  │   6900    │   74350000    │       │           │      │
│   14    │ 10.6  │ 10.6  │ 10.6  │ 10.6  │ 600  │ 6360000  │   22500   │   600   │  6360000  │ 240230000 │ 1675171800000 │ '2023-01-31T13:30:00.000Z' │  0   │ 100  │  0  │    0     │ Infinity │ 544.8 │ 434.5 │  0  │ 1.4 │ -600  │ -6360000  │   6300    │   67990000    │       │           │      │
│   15    │ 10.6  │ 10.6  │ 10.6  │ 10.6  │ 100  │ 1060000  │   22600   │   100   │  1060000  │ 241290000 │ 1675171920000 │ '2023-01-31T13:32:00.000Z' │  0   │ 100  │  0  │    0     │ Infinity │ 544.8 │ 434.5 │  0  │ 0.2 │ -100  │ -1060000  │   6200    │   66930000    │       │           │      │
│   16    │ 10.6  │ 10.6  │ 10.6  │ 10.6  │ 500  │ 5300000  │   23100   │   500   │  5300000  │ 246590000 │ 1675172280000 │ '2023-01-31T13:38:00.000Z' │  0   │ 100  │  0  │    0     │ Infinity │ 544.8 │ 434.5 │  0  │ 1.2 │ -500  │ -5300000  │   5700    │   61630000    │       │           │      │
│   17    │ 10.6  │ 10.6  │ 10.6  │ 10.6  │ 500  │ 5300000  │   23600   │   500   │  5300000  │ 251890000 │ 1675172760000 │ '2023-01-31T13:46:00.000Z' │  0   │ 100  │  0  │    0     │ Infinity │ 544.8 │ 434.5 │  0  │ 1.2 │ -500  │ -5300000  │   5200    │   56330000    │       │           │      │
│   18    │ 10.6  │ 10.6  │ 10.6  │ 10.6  │ 500  │ 5300000  │   24100   │   500   │  5300000  │ 257190000 │ 1675172880000 │ '2023-01-31T13:48:00.000Z' │  0   │ 100  │  0  │    0     │ Infinity │ 544.8 │ 434.5 │  0  │ 1.2 │ -500  │ -5300000  │   4700    │   51030000    │       │           │      │
│   19    │ 10.65 │ 10.65 │ 10.65 │ 10.65 │      │          │   24300   │   200   │  2130000  │ 259320000 │ 1675173120000 │ '2023-01-31T13:52:00.000Z' │ 100  │  0   │  0  │ Infinity │    0     │ 544.8 │ 434.5 │  0  │     │  200  │  2130000  │   4900    │   53160000    │  200  │  2130000  │ 0.4  │
│   20    │ 10.65 │ 10.65 │ 10.65 │ 10.65 │      │          │   24500   │   200   │  2130000  │ 261450000 │ 1675173240000 │ '2023-01-31T13:54:00.000Z' │ 100  │  0   │  0  │ Infinity │    0     │ 544.8 │ 434.5 │  0  │     │  200  │  2130000  │   5100    │   55290000    │  200  │  2130000  │ 0.4  │
├─────────┼───────┼───────┼───────┼───────┼──────┼──────────┼───────────┼─────────┼───────────┼───────────┼───────────────┼────────────────────────────┼──────┼──────┼─────┼──────────┼──────────┼───────┼───────┼─────┼─────┼───────┼───────────┼───────────┼───────────────┼───────┼───────────┼──────┤
│ (index) │   c   │   h   │   l   │   o   │  sd  │  val_sd  │ total_vol │ sum_vol │    val    │ acum_val  │   datetime    │            date            │ pbu  │ psd  │ puk │    bs    │    sb    │  abu  │  asd  │ auk │ rsd │ bu-sd │ bu-sd_val │ acum_busd │ acum_busd_val │  bu   │  val_bu   │ rbu  │
├─────────┼───────┼───────┼───────┼───────┼──────┼──────────┼───────────┼─────────┼───────────┼───────────┼───────────────┼────────────────────────────┼──────┼──────┼─────┼──────────┼──────────┼───────┼───────┼─────┼─────┼───────┼───────────┼───────────┼───────────────┼───────┼───────────┼──────┤
│   21    │ 10.6  │ 10.6  │ 10.6  │ 10.6  │ 1900 │ 20140000 │   26400   │  1900   │ 20140000  │ 281590000 │ 1675173360000 │ '2023-01-31T13:56:00.000Z' │  0   │ 100  │  0  │    0     │ Infinity │ 544.8 │ 434.5 │  0  │ 4.4 │ -1900 │ -20140000 │   3200    │   35150000    │       │           │      │
│   22    │ 10.6  │ 10.6  │ 10.6  │ 10.6  │      │          │   26500   │   100   │  1060000  │ 282650000 │ 1675173480000 │ '2023-01-31T13:58:00.000Z' │ 100  │  0   │  0  │ Infinity │    0     │ 544.8 │ 434.5 │  0  │     │  100  │  1060000  │   3300    │   36210000    │  100  │  1060000  │ 0.2  │
│   23    │ 10.6  │ 10.6  │ 10.6  │ 10.6  │      │          │   27200   │   700   │  7420000  │ 290070000 │ 1675173600000 │ '2023-01-31T14:00:00.000Z' │ 100  │  0   │  0  │ Infinity │    0     │ 544.8 │ 434.5 │  0  │     │  700  │  7420000  │   4000    │   43630000    │  700  │  7420000  │ 1.3  │
│   24    │ 10.6  │ 10.6  │ 10.6  │ 10.6  │ 100  │ 1060000  │   27300   │   100   │  1060000  │ 291130000 │ 1675174200000 │ '2023-01-31T14:10:00.000Z' │  0   │ 100  │  0  │    0     │ Infinity │ 544.8 │ 434.5 │  0  │ 0.2 │ -100  │ -1060000  │   3900    │   42570000    │       │           │      │
│   25    │ 10.6  │ 10.6  │ 10.6  │ 10.6  │ 500  │ 5300000  │   27800   │   500   │  5300000  │ 296430000 │ 1675174440000 │ '2023-01-31T14:14:00.000Z' │  0   │ 100  │  0  │    0     │ Infinity │ 544.8 │ 434.5 │  0  │ 1.2 │ -500  │ -5300000  │   3400    │   37270000    │       │           │      │
│   26    │ 10.65 │ 10.65 │ 10.65 │ 10.65 │      │          │   28000   │   200   │  2130000  │ 298560000 │ 1675174680000 │ '2023-01-31T14:18:00.000Z' │ 100  │  0   │  0  │ Infinity │    0     │ 544.8 │ 434.5 │  0  │     │  200  │  2130000  │   3600    │   39400000    │  200  │  2130000  │ 0.4  │
│   27    │ 10.6  │ 10.6  │ 10.6  │ 10.6  │ 100  │ 1060000  │   28100   │   100   │  1060000  │ 299620000 │ 1675175280000 │ '2023-01-31T14:28:00.000Z' │  0   │ 100  │  0  │    0     │ Infinity │ 544.8 │ 434.5 │  0  │ 0.2 │ -100  │ -1060000  │   3500    │   38340000    │       │           │      │
│   28    │ 10.6  │ 10.6  │ 10.6  │ 10.6  │ 300  │ 3180000  │   28400   │   300   │  3180000  │ 302800000 │ 1675176240000 │ '2023-01-31T14:44:00.000Z' │  0   │ 100  │  0  │    0     │ Infinity │ 544.8 │ 434.5 │  0  │ 0.7 │ -300  │ -3180000  │   3200    │   35160000    │       │           │      │
└─────────┴───────┴───────┴───────┴───────┴──────┴──────────┴───────────┴─────────┴───────────┴───────────┴───────────────┴────────────────────────────┴──────┴──────┴─────┴──────────┴──────────┴───────┴───────┴─────┴─────┴───────┴───────────┴───────────┴───────────────┴───────┴───────────┴──────┘

