┌─────────┬───────┬───────┬───────┬───────┬───────┬───────────┬───────────┬─────────┬───────────┬───────────┬──────┬──────────┬───────────────┬────────────────────────────┬──────┬──────┬─────┬──────────┬──────────┬───────┬────────┬─────┬─────┬──────┬───────┬───────────┬───────────┬───────────────┐
│ (index) │   c   │   h   │   l   │   o   │  bu   │  val_bu   │ total_vol │ sum_vol │    val    │ acum_val  │  sd  │  val_sd  │   datetime    │            date            │ pbu  │ psd  │ puk │    bs    │    sb    │  abu  │  asd   │ auk │ rsd │ rbu  │ bu-sd │ bu-sd_val │ acum_busd │ acum_busd_val │
├─────────┼───────┼───────┼───────┼───────┼───────┼───────────┼───────────┼─────────┼───────────┼───────────┼──────┼──────────┼───────────────┼────────────────────────────┼──────┼──────┼─────┼──────────┼──────────┼───────┼────────┼─────┼─────┼──────┼───────┼───────────┼───────────┼───────────────┤
│    0    │ 14.35 │ 14.5  │ 14.35 │ 14.5  │ 2400  │ 34800000  │   4600    │  4600   │ 66375000  │ 66375000  │ 2200 │ 31575000 │ 1675156500000 │ '2023-01-31T09:15:00.000Z' │ 52.2 │ 47.8 │  0  │   1.1    │   0.9    │ 951.5 │ 1015.2 │  0  │ 2.2 │ 2.5  │  200  │  3225000  │    200    │    3225000    │
│    1    │ 14.3  │ 14.3  │ 14.3  │ 14.3  │ 1400  │ 20020000  │   7000    │  2400   │ 34320000  │ 100695000 │ 1000 │ 14300000 │ 1675156800000 │ '2023-01-31T09:20:00.000Z' │ 58.3 │ 41.7 │  0  │   1.4    │   0.7    │ 951.5 │ 1015.2 │  0  │  1  │ 1.5  │  400  │  5720000  │    600    │    8945000    │
│    2    │ 14.3  │ 14.35 │ 14.3  │ 14.35 │  300  │  4305000  │   8100    │  1100   │ 15745000  │ 116440000 │ 800  │ 11440000 │ 1675157100000 │ '2023-01-31T09:25:00.000Z' │ 27.3 │ 72.7 │  0  │   0.4    │   2.7    │ 951.5 │ 1015.2 │  0  │ 0.8 │ 0.3  │ -500  │ -7135000  │    100    │    1810000    │
│    3    │ 14.2  │ 14.3  │ 14.2  │ 14.3  │ 1500  │ 21300000  │   12100   │  4000   │ 56840000  │ 173280000 │ 2500 │ 35540000 │ 1675157400000 │ '2023-01-31T09:30:00.000Z' │ 37.5 │ 62.5 │  0  │   0.6    │   1.7    │ 951.5 │ 1015.2 │  0  │ 2.5 │ 1.6  │ -1000 │ -14240000 │   -900    │   -12430000   │
│    4    │ 14.2  │ 14.2  │ 14.2  │ 14.2  │  900  │ 12780000  │   13100   │  1000   │ 14200000  │ 187480000 │ 100  │ 1420000  │ 1675157700000 │ '2023-01-31T09:35:00.000Z' │  90  │  10  │  0  │    9     │   0.1    │ 951.5 │ 1015.2 │  0  │ 0.1 │ 0.9  │  800  │ 11360000  │   -100    │   -1070000    │
│    5    │ 14.3  │ 14.3  │ 14.3  │ 14.3  │  900  │ 12870000  │   14000   │   900   │ 12870000  │ 200350000 │      │          │ 1675158300000 │ '2023-01-31T09:45:00.000Z' │ 100  │  0   │  0  │ Infinity │    0     │ 951.5 │ 1015.2 │  0  │     │ 0.9  │  900  │ 12870000  │    800    │   11800000    │
│    6    │ 14.3  │ 14.3  │ 14.3  │ 14.3  │  100  │  1430000  │   14100   │   100   │  1430000  │ 201780000 │      │          │ 1675158600000 │ '2023-01-31T09:50:00.000Z' │ 100  │  0   │  0  │ Infinity │    0     │ 951.5 │ 1015.2 │  0  │     │ 0.1  │  100  │  1430000  │    900    │   13230000    │
│    7    │ 14.3  │ 14.3  │ 14.3  │ 14.3  │  600  │  8580000  │   14800   │   700   │ 10010000  │ 211790000 │ 100  │ 1430000  │ 1675158900000 │ '2023-01-31T09:55:00.000Z' │ 85.7 │ 14.3 │  0  │    6     │   0.2    │ 951.5 │ 1015.2 │  0  │ 0.1 │ 0.6  │  500  │  7150000  │   1400    │   20380000    │
│    8    │ 14.3  │ 14.3  │ 14.3  │ 14.3  │       │           │   14900   │   100   │  1430000  │ 213220000 │ 100  │ 1430000  │ 1675159200000 │ '2023-01-31T10:00:00.000Z' │  0   │ 100  │  0  │    0     │ Infinity │ 951.5 │ 1015.2 │  0  │ 0.1 │      │ -100  │ -1430000  │   1300    │   18950000    │
│    9    │ 14.3  │ 14.3  │ 14.3  │ 14.3  │  400  │  5720000  │   20900   │  6000   │ 85800000  │ 299020000 │ 5600 │ 80080000 │ 1675160100000 │ '2023-01-31T10:15:00.000Z' │ 6.7  │ 93.3 │  0  │   0.1    │    14    │ 951.5 │ 1015.2 │  0  │ 5.5 │ 0.4  │ -5200 │ -74360000 │   -3900   │   -55410000   │
│   10    │ 14.3  │ 14.3  │ 14.3  │ 14.3  │ 2100  │ 30030000  │   23000   │  2100   │ 30030000  │ 329050000 │      │          │ 1675161000000 │ '2023-01-31T10:30:00.000Z' │ 100  │  0   │  0  │ Infinity │    0     │ 951.5 │ 1015.2 │  0  │     │ 2.2  │ 2100  │ 30030000  │   -1800   │   -25380000   │
│   11    │ 14.3  │ 14.3  │ 14.3  │ 14.3  │ 1400  │ 20020000  │   24400   │  1400   │ 20020000  │ 349070000 │      │          │ 1675161300000 │ '2023-01-31T10:35:00.000Z' │ 100  │  0   │  0  │ Infinity │    0     │ 951.5 │ 1015.2 │  0  │     │ 1.5  │ 1400  │ 20020000  │   -400    │   -5360000    │
│   12    │ 14.3  │ 14.3  │ 14.25 │ 14.25 │  100  │  1430000  │   27600   │  3200   │ 45605000  │ 394675000 │ 3100 │ 44175000 │ 1675161600000 │ '2023-01-31T10:40:00.000Z' │ 3.1  │ 96.9 │  0  │    0     │    31    │ 951.5 │ 1015.2 │  0  │ 3.1 │ 0.1  │ -3000 │ -42745000 │   -3400   │   -48105000   │
│   13    │ 14.3  │ 14.3  │ 14.3  │ 14.3  │  100  │  1430000  │   27700   │   100   │  1430000  │ 396105000 │      │          │ 1675162200000 │ '2023-01-31T10:50:00.000Z' │ 100  │  0   │  0  │ Infinity │    0     │ 951.5 │ 1015.2 │  0  │     │ 0.1  │  100  │  1430000  │   -3300   │   -46675000   │
│   14    │ 14.25 │ 14.25 │ 14.25 │ 14.25 │       │           │   27800   │   100   │  1425000  │ 397530000 │ 100  │ 1425000  │ 1675162800000 │ '2023-01-31T11:00:00.000Z' │  0   │ 100  │  0  │    0     │ Infinity │ 951.5 │ 1015.2 │  0  │ 0.1 │      │ -100  │ -1425000  │   -3400   │   -48100000   │
│   15    │ 14.25 │ 14.25 │ 14.25 │ 14.25 │       │           │   28800   │  1000   │ 14250000  │ 411780000 │ 1000 │ 14250000 │ 1675163700000 │ '2023-01-31T11:15:00.000Z' │  0   │ 100  │  0  │    0     │ Infinity │ 951.5 │ 1015.2 │  0  │  1  │      │ -1000 │ -14250000 │   -4400   │   -62350000   │
│   16    │ 14.25 │ 14.25 │ 14.25 │ 14.25 │  400  │  5700000  │   31000   │  2200   │ 31350000  │ 443130000 │ 1800 │ 25650000 │ 1675164000000 │ '2023-01-31T11:20:00.000Z' │ 18.2 │ 81.8 │  0  │   0.2    │   4.5    │ 951.5 │ 1015.2 │  0  │ 1.8 │ 0.4  │ -1400 │ -19950000 │   -5800   │   -82300000   │
│   17    │ 14.2  │ 14.2  │ 14.2  │ 14.2  │       │           │   33800   │  2800   │ 39760000  │ 482890000 │ 2800 │ 39760000 │ 1675164300000 │ '2023-01-31T11:25:00.000Z' │  0   │ 100  │  0  │    0     │ Infinity │ 951.5 │ 1015.2 │  0  │ 2.8 │      │ -2800 │ -39760000 │   -8600   │  -122060000   │
│   18    │ 14.25 │ 14.25 │ 14.2  │ 14.2  │  100  │  1425000  │   34200   │   400   │  5685000  │ 488575000 │ 300  │ 4260000  │ 1675170000000 │ '2023-01-31T13:00:00.000Z' │  25  │  75  │  0  │   0.3    │    3     │ 951.5 │ 1015.2 │  0  │ 0.3 │ 0.1  │ -200  │ -2835000  │   -8800   │  -124895000   │
│   19    │ 14.25 │ 14.25 │ 14.25 │ 14.25 │  200  │  2850000  │   34400   │   200   │  2850000  │ 491425000 │      │          │ 1675170300000 │ '2023-01-31T13:05:00.000Z' │ 100  │  0   │  0  │ Infinity │    0     │ 951.5 │ 1015.2 │  0  │     │ 0.2  │  200  │  2850000  │   -8600   │  -122045000   │
│   20    │ 14.25 │ 14.25 │ 14.25 │ 14.25 │       │           │   36400   │  2000   │ 28500000  │ 519925000 │ 2000 │ 28500000 │ 1675170600000 │ '2023-01-31T13:10:00.000Z' │  0   │ 100  │  0  │    0     │ Infinity │ 951.5 │ 1015.2 │  0  │  2  │      │ -2000 │ -28500000 │  -10600   │  -150545000   │
├─────────┼───────┼───────┼───────┼───────┼───────┼───────────┼───────────┼─────────┼───────────┼───────────┼──────┼──────────┼───────────────┼────────────────────────────┼──────┼──────┼─────┼──────────┼──────────┼───────┼────────┼─────┼─────┼──────┼───────┼───────────┼───────────┼───────────────┤
│ (index) │   c   │   h   │   l   │   o   │  bu   │  val_bu   │ total_vol │ sum_vol │    val    │ acum_val  │  sd  │  val_sd  │   datetime    │            date            │ pbu  │ psd  │ puk │    bs    │    sb    │  abu  │  asd   │ auk │ rsd │ rbu  │ bu-sd │ bu-sd_val │ acum_busd │ acum_busd_val │
├─────────┼───────┼───────┼───────┼───────┼───────┼───────────┼───────────┼─────────┼───────────┼───────────┼──────┼──────────┼───────────────┼────────────────────────────┼──────┼──────┼─────┼──────────┼──────────┼───────┼────────┼─────┼─────┼──────┼───────┼───────────┼───────────┼───────────────┤
│   21    │ 14.3  │ 14.3  │ 14.3  │ 14.3  │  100  │  1430000  │   36500   │   100   │  1430000  │ 521355000 │      │          │ 1675171200000 │ '2023-01-31T13:20:00.000Z' │ 100  │  0   │  0  │ Infinity │    0     │ 951.5 │ 1015.2 │  0  │     │ 0.1  │  100  │  1430000  │  -10500   │  -149115000   │
│   22    │ 14.25 │ 14.3  │ 14.25 │ 14.3  │  100  │  1430000  │   38700   │  2200   │ 31355000  │ 552710000 │ 2100 │ 29925000 │ 1675171500000 │ '2023-01-31T13:25:00.000Z' │ 4.5  │ 95.5 │  0  │    0     │    21    │ 951.5 │ 1015.2 │  0  │ 2.1 │ 0.1  │ -2000 │ -28495000 │  -12500   │  -177610000   │
│   23    │ 14.25 │ 14.25 │ 14.25 │ 14.25 │       │           │   38800   │   100   │  1425000  │ 554135000 │ 100  │ 1425000  │ 1675171800000 │ '2023-01-31T13:30:00.000Z' │  0   │ 100  │  0  │    0     │ Infinity │ 951.5 │ 1015.2 │  0  │ 0.1 │      │ -100  │ -1425000  │  -12600   │  -179035000   │
│   24    │ 14.25 │ 14.25 │ 14.25 │ 14.25 │       │           │   43000   │  4200   │ 59850000  │ 613985000 │ 4200 │ 59850000 │ 1675172100000 │ '2023-01-31T13:35:00.000Z' │  0   │ 100  │  0  │    0     │ Infinity │ 951.5 │ 1015.2 │  0  │ 4.1 │      │ -4200 │ -59850000 │  -16800   │  -238885000   │
│   25    │ 14.3  │ 14.3  │ 14.25 │ 14.25 │  100  │  1430000  │   44200   │  1200   │ 17105000  │ 631090000 │ 1100 │ 15675000 │ 1675172400000 │ '2023-01-31T13:40:00.000Z' │ 8.3  │ 91.7 │  0  │   0.1    │    11    │ 951.5 │ 1015.2 │  0  │ 1.1 │ 0.1  │ -1000 │ -14245000 │  -17800   │  -253130000   │
│   26    │ 14.3  │ 14.3  │ 14.3  │ 14.3  │ 2100  │ 30030000  │   46300   │  2100   │ 30030000  │ 661120000 │      │          │ 1675173000000 │ '2023-01-31T13:50:00.000Z' │ 100  │  0   │  0  │ Infinity │    0     │ 951.5 │ 1015.2 │  0  │     │ 2.2  │ 2100  │ 30030000  │  -15700   │  -223100000   │
│   27    │ 14.3  │ 14.35 │ 14.3  │ 14.3  │ 10100 │ 144435000 │   56700   │  10400  │ 148725000 │ 809845000 │ 300  │ 4290000  │ 1675173300000 │ '2023-01-31T13:55:00.000Z' │ 97.1 │ 2.9  │  0  │   33.7   │    0     │ 951.5 │ 1015.2 │  0  │ 0.3 │ 10.6 │ 9800  │ 140145000 │   -5900   │   -82955000   │
│   28    │ 14.35 │ 14.35 │ 14.3  │ 14.3  │  100  │  1435000  │   57300   │   600   │  8585000  │ 818430000 │ 500  │ 7150000  │ 1675174200000 │ '2023-01-31T14:10:00.000Z' │ 16.7 │ 83.3 │  0  │   0.2    │    5     │ 951.5 │ 1015.2 │  0  │ 0.5 │ 0.1  │ -400  │ -5715000  │   -6300   │   -88670000   │
│   29    │ 14.35 │ 14.35 │ 14.3  │ 14.3  │  100  │  1435000  │   57500   │   200   │  2865000  │ 821295000 │ 100  │ 1430000  │ 1675174500000 │ '2023-01-31T14:15:00.000Z' │  50  │  50  │  0  │    1     │    1     │ 951.5 │ 1015.2 │  0  │ 0.1 │ 0.1  │   0   │   5000    │   -6300   │   -88665000   │
│   30    │ 14.3  │ 14.3  │ 14.3  │ 14.3  │       │           │   58600   │  1100   │ 15730000  │ 837025000 │ 1100 │ 15730000 │ 1675174800000 │ '2023-01-31T14:20:00.000Z' │  0   │ 100  │  0  │    0     │ Infinity │ 951.5 │ 1015.2 │  0  │ 1.1 │      │ -1100 │ -15730000 │   -7400   │  -104395000   │
│   31    │ 14.3  │ 14.3  │ 14.3  │ 14.3  │       │           │   59100   │   500   │  7150000  │ 844175000 │ 500  │ 7150000  │ 1675175100000 │ '2023-01-31T14:25:00.000Z' │  0   │ 100  │  0  │    0     │ Infinity │ 951.5 │ 1015.2 │  0  │ 0.5 │      │ -500  │ -7150000  │   -7900   │  -111545000   │
│   32    │ 14.35 │ 14.35 │ 14.35 │ 14.35 │ 5800  │ 83230000  │   64900   │  5800   │ 83230000  │ 927405000 │      │          │ 1675176300000 │ '2023-01-31T14:45:00.000Z' │ 100  │  0   │  0  │ Infinity │    0     │ 951.5 │ 1015.2 │  0  │     │ 6.1  │ 5800  │ 83230000  │   -2100   │   -28315000   │
└─────────┴───────┴───────┴───────┴───────┴───────┴───────────┴───────────┴─────────┴───────────┴───────────┴──────┴──────────┴───────────────┴────────────────────────────┴──────┴──────┴─────┴──────────┴──────────┴───────┴────────┴─────┴─────┴──────┴───────┴───────────┴───────────┴───────────────┘

