┌─────────┬─────┬─────┬─────┬─────┬──────┬──────────┬───────────┬─────────┬──────────┬──────────┬───────────────┬────────────────────────────┬─────┬─────┬─────┬──────────┬──────────┬──────┬───────┬─────┬─────┬───────┬───────────┬───────────┬───────────────┬─────┬─────────┬─────┐
│ (index) │  c  │  h  │  l  │  o  │  sd  │  val_sd  │ total_vol │ sum_vol │   val    │ acum_val │   datetime    │            date            │ pbu │ psd │ puk │    bs    │    sb    │ abu  │  asd  │ auk │ rsd │ bu-sd │ bu-sd_val │ acum_busd │ acum_busd_val │ bu  │ val_bu  │ rbu │
├─────────┼─────┼─────┼─────┼─────┼──────┼──────────┼───────────┼─────────┼──────────┼──────────┼───────────────┼────────────────────────────┼─────┼─────┼─────┼──────────┼──────────┼──────┼───────┼─────┼─────┼───────┼───────────┼───────────┼───────────────┼─────┼─────────┼─────┤
│    0    │ 5.5 │ 5.5 │ 5.5 │ 5.5 │ 100  │  550000  │    100    │   100   │  550000  │  550000  │ 1675155600000 │ '2023-01-31T09:00:00.000Z' │  0  │ 100 │  0  │    0     │ Infinity │ 87.5 │ 662.5 │  0  │ 0.2 │ -100  │  -550000  │   -100    │    -550000    │     │         │     │
│    1    │ 5.6 │ 5.6 │ 5.6 │ 5.6 │      │          │    200    │   100   │  560000  │ 1110000  │ 1675157160000 │ '2023-01-31T09:26:00.000Z' │ 100 │  0  │  0  │ Infinity │    0     │ 87.5 │ 662.5 │  0  │     │  100  │  560000   │     0     │     10000     │ 100 │ 560000  │ 1.1 │
│    2    │ 5.5 │ 5.5 │ 5.5 │ 5.5 │ 2000 │ 11000000 │   2200    │  2000   │ 11000000 │ 12110000 │ 1675157280000 │ '2023-01-31T09:28:00.000Z' │  0  │ 100 │  0  │    0     │ Infinity │ 87.5 │ 662.5 │  0  │  3  │ -2000 │ -11000000 │   -2000   │   -10990000   │     │         │     │
│    3    │ 5.6 │ 5.6 │ 5.6 │ 5.6 │      │          │   2300    │   100   │  560000  │ 12670000 │ 1675158240000 │ '2023-01-31T09:44:00.000Z' │ 100 │  0  │  0  │ Infinity │    0     │ 87.5 │ 662.5 │  0  │     │  100  │  560000   │   -1900   │   -10430000   │ 100 │ 560000  │ 1.1 │
│    4    │ 5.6 │ 5.6 │ 5.6 │ 5.6 │      │          │   2400    │   100   │  560000  │ 13230000 │ 1675158360000 │ '2023-01-31T09:46:00.000Z' │ 100 │  0  │  0  │ Infinity │    0     │ 87.5 │ 662.5 │  0  │     │  100  │  560000   │   -1800   │   -9870000    │ 100 │ 560000  │ 1.1 │
│    5    │ 5.6 │ 5.6 │ 5.6 │ 5.6 │      │          │   2900    │   500   │ 2800000  │ 16030000 │ 1675159320000 │ '2023-01-31T10:02:00.000Z' │ 100 │  0  │  0  │ Infinity │    0     │ 87.5 │ 662.5 │  0  │     │  500  │  2800000  │   -1300   │   -7070000    │ 500 │ 2800000 │ 5.7 │
│    6    │ 5.6 │ 5.6 │ 5.6 │ 5.6 │      │          │   3100    │   200   │ 1120000  │ 17150000 │ 1675159560000 │ '2023-01-31T10:06:00.000Z' │ 100 │  0  │  0  │ Infinity │    0     │ 87.5 │ 662.5 │  0  │     │  200  │  1120000  │   -1100   │   -5950000    │ 200 │ 1120000 │ 2.3 │
│    7    │ 5.5 │ 5.5 │ 5.5 │ 5.5 │ 500  │ 2750000  │   3600    │   500   │ 2750000  │ 19900000 │ 1675160400000 │ '2023-01-31T10:20:00.000Z' │  0  │ 100 │  0  │    0     │ Infinity │ 87.5 │ 662.5 │  0  │ 0.8 │ -500  │ -2750000  │   -1600   │   -8700000    │     │         │     │
│    8    │ 5.5 │ 5.5 │ 5.5 │ 5.5 │ 2000 │ 11000000 │   5600    │  2000   │ 11000000 │ 30900000 │ 1675162080000 │ '2023-01-31T10:48:00.000Z' │  0  │ 100 │  0  │    0     │ Infinity │ 87.5 │ 662.5 │  0  │  3  │ -2000 │ -11000000 │   -3600   │   -19700000   │     │         │     │
│    9    │ 5.5 │ 5.5 │ 5.5 │ 5.5 │ 900  │ 4950000  │   6500    │   900   │ 4950000  │ 35850000 │ 1675162200000 │ '2023-01-31T10:50:00.000Z' │  0  │ 100 │  0  │    0     │ Infinity │ 87.5 │ 662.5 │  0  │ 1.4 │ -900  │ -4950000  │   -4500   │   -24650000   │     │         │     │
│   10    │ 5.5 │ 5.5 │ 5.5 │ 5.5 │ 100  │  550000  │   6600    │   100   │  550000  │ 36400000 │ 1675163040000 │ '2023-01-31T11:04:00.000Z' │  0  │ 100 │  0  │    0     │ Infinity │ 87.5 │ 662.5 │  0  │ 0.2 │ -100  │  -550000  │   -4600   │   -25200000   │     │         │     │
│   11    │ 5.5 │ 5.5 │ 5.5 │ 5.5 │ 3000 │ 16500000 │   9600    │  3000   │ 16500000 │ 52900000 │ 1675170240000 │ '2023-01-31T13:04:00.000Z' │  0  │ 100 │  0  │    0     │ Infinity │ 87.5 │ 662.5 │  0  │ 4.5 │ -3000 │ -16500000 │   -7600   │   -41700000   │     │         │     │
│   12    │ 5.6 │ 5.6 │ 5.6 │ 5.6 │      │          │   9800    │   200   │ 1120000  │ 54020000 │ 1675171320000 │ '2023-01-31T13:22:00.000Z' │ 100 │  0  │  0  │ Infinity │    0     │ 87.5 │ 662.5 │  0  │     │  200  │  1120000  │   -7400   │   -40580000   │ 200 │ 1120000 │ 2.3 │
│   13    │ 5.6 │ 5.6 │ 5.6 │ 5.6 │      │          │   10000   │   200   │ 1120000  │ 55140000 │ 1675172280000 │ '2023-01-31T13:38:00.000Z' │ 100 │  0  │  0  │ Infinity │    0     │ 87.5 │ 662.5 │  0  │     │  200  │  1120000  │   -7200   │   -39460000   │ 200 │ 1120000 │ 2.3 │
│   14    │ 5.5 │ 5.5 │ 5.5 │ 5.5 │ 1000 │ 5500000  │   11000   │  1000   │ 5500000  │ 60640000 │ 1675173840000 │ '2023-01-31T14:04:00.000Z' │  0  │ 100 │  0  │    0     │ Infinity │ 87.5 │ 662.5 │  0  │ 1.5 │ -1000 │ -5500000  │   -8200   │   -44960000   │     │         │     │
│   15    │ 5.5 │ 5.5 │ 5.5 │ 5.5 │ 1000 │ 5500000  │   12000   │  1000   │ 5500000  │ 66140000 │ 1675177080000 │ '2023-01-31T14:58:00.000Z' │  0  │ 100 │  0  │    0     │ Infinity │ 87.5 │ 662.5 │  0  │ 1.5 │ -1000 │ -5500000  │   -9200   │   -50460000   │     │         │     │
└─────────┴─────┴─────┴─────┴─────┴──────┴──────────┴───────────┴─────────┴──────────┴──────────┴───────────────┴────────────────────────────┴─────┴─────┴─────┴──────────┴──────────┴──────┴───────┴─────┴─────┴───────┴───────────┴───────────┴───────────────┴─────┴─────────┴─────┘

