┌─────────┬─────┬─────┬─────┬─────┬──────┬──────────┬───────────┬─────────┬──────────┬───────────┬───────────────┬────────────────────────────┬──────┬──────┬─────┬──────────┬──────────┬─────┬──────┬─────┬─────┬────────┬───────────┬───────────┬───────────────┬───────┬──────────┬─────┐
│ (index) │  c  │  h  │  l  │  o  │  bu  │  val_bu  │ total_vol │ sum_vol │   val    │ acum_val  │   datetime    │            date            │ pbu  │ psd  │ puk │    bs    │    sb    │ abu │ asd  │ auk │ rbu │ bu-sd  │ bu-sd_val │ acum_busd │ acum_busd_val │  sd   │  val_sd  │ rsd │
├─────────┼─────┼─────┼─────┼─────┼──────┼──────────┼───────────┼─────────┼──────────┼───────────┼───────────────┼────────────────────────────┼──────┼──────┼─────┼──────────┼──────────┼─────┼──────┼─────┼─────┼────────┼───────────┼───────────┼───────────────┼───────┼──────────┼─────┤
│    0    │ 2.6 │ 2.6 │ 2.6 │ 2.6 │ 3000 │ 7800000  │   3000    │  3000   │ 7800000  │  7800000  │ 1675156200000 │ '2023-01-31T09:10:00.000Z' │ 100  │  0   │  0  │ Infinity │    0     │ 435 │ 3510 │  0  │ 6.9 │  3000  │  7800000  │   3000    │    7800000    │       │          │     │
│    1    │ 2.6 │ 2.6 │ 2.6 │ 2.6 │ 4000 │ 10400000 │   10700   │  7700   │ 20020000 │ 27820000  │ 1675156320000 │ '2023-01-31T09:12:00.000Z' │ 51.9 │ 48.1 │  0  │   1.1    │   0.9    │ 435 │ 3510 │  0  │ 9.2 │  300   │  780000   │   3300    │    8580000    │ 3700  │ 9620000  │ 1.1 │
│    2    │ 2.7 │ 2.7 │ 2.7 │ 2.7 │ 300  │  810000  │   11000   │   300   │  810000  │ 28630000  │ 1675156680000 │ '2023-01-31T09:18:00.000Z' │ 100  │  0   │  0  │ Infinity │    0     │ 435 │ 3510 │  0  │ 0.7 │  300   │  810000   │   3600    │    9390000    │       │          │     │
│    3    │ 2.7 │ 2.7 │ 2.7 │ 2.7 │ 100  │  270000  │   11100   │   100   │  270000  │ 28900000  │ 1675156800000 │ '2023-01-31T09:20:00.000Z' │ 100  │  0   │  0  │ Infinity │    0     │ 435 │ 3510 │  0  │ 0.2 │  100   │  270000   │   3700    │    9660000    │       │          │     │
│    4    │ 2.6 │ 2.6 │ 2.6 │ 2.6 │      │          │   11200   │   100   │  260000  │ 29160000  │ 1675157520000 │ '2023-01-31T09:32:00.000Z' │  0   │ 100  │  0  │    0     │ Infinity │ 435 │ 3510 │  0  │     │  -100  │  -260000  │   3600    │    9400000    │  100  │  260000  │  0  │
│    5    │ 2.6 │ 2.6 │ 2.6 │ 2.6 │      │          │   11700   │   500   │ 1300000  │ 30460000  │ 1675158120000 │ '2023-01-31T09:42:00.000Z' │  0   │ 100  │  0  │    0     │ Infinity │ 435 │ 3510 │  0  │     │  -500  │ -1300000  │   3100    │    8100000    │  500  │ 1300000  │ 0.1 │
│    6    │ 2.6 │ 2.6 │ 2.6 │ 2.6 │      │          │   28200   │  16500  │ 42900000 │ 73360000  │ 1675158360000 │ '2023-01-31T09:46:00.000Z' │  0   │ 100  │  0  │    0     │ Infinity │ 435 │ 3510 │  0  │     │ -16500 │ -42900000 │  -13400   │   -34800000   │ 16500 │ 42900000 │ 4.7 │
│    7    │ 2.6 │ 2.6 │ 2.6 │ 2.6 │ 1000 │ 2600000  │   29200   │  1000   │ 2600000  │ 75960000  │ 1675158480000 │ '2023-01-31T09:48:00.000Z' │ 100  │  0   │  0  │ Infinity │    0     │ 435 │ 3510 │  0  │ 2.3 │  1000  │  2600000  │  -12400   │   -32200000   │       │          │     │
│    8    │ 2.5 │ 2.5 │ 2.5 │ 2.5 │      │          │   34200   │  5000   │ 12500000 │ 88460000  │ 1675158720000 │ '2023-01-31T09:52:00.000Z' │  0   │ 100  │  0  │    0     │ Infinity │ 435 │ 3510 │  0  │     │ -5000  │ -12500000 │  -17400   │   -44700000   │ 5000  │ 12500000 │ 1.4 │
│    9    │ 2.5 │ 2.5 │ 2.5 │ 2.5 │      │          │   39200   │  5000   │ 12500000 │ 100960000 │ 1675160640000 │ '2023-01-31T10:24:00.000Z' │  0   │ 100  │  0  │    0     │ Infinity │ 435 │ 3510 │  0  │     │ -5000  │ -12500000 │  -22400   │   -57200000   │ 5000  │ 12500000 │ 1.4 │
│   10    │ 2.5 │ 2.5 │ 2.5 │ 2.5 │      │          │   41500   │  2300   │ 5750000  │ 106710000 │ 1675160760000 │ '2023-01-31T10:26:00.000Z' │  0   │ 100  │  0  │    0     │ Infinity │ 435 │ 3510 │  0  │     │ -2300  │ -5750000  │  -24700   │   -62950000   │ 2300  │ 5750000  │ 0.7 │
│   11    │ 2.5 │ 2.5 │ 2.5 │ 2.5 │      │          │   42100   │   600   │ 1500000  │ 108210000 │ 1675164120000 │ '2023-01-31T11:22:00.000Z' │  0   │ 100  │  0  │    0     │ Infinity │ 435 │ 3510 │  0  │     │  -600  │ -1500000  │  -25300   │   -64450000   │  600  │ 1500000  │ 0.2 │
│   12    │ 2.5 │ 2.5 │ 2.5 │ 2.5 │      │          │   42500   │   400   │ 1000000  │ 109210000 │ 1675164240000 │ '2023-01-31T11:24:00.000Z' │  0   │ 100  │  0  │    0     │ Infinity │ 435 │ 3510 │  0  │     │  -400  │ -1000000  │  -25700   │   -65450000   │  400  │ 1000000  │ 0.1 │
│   13    │ 2.5 │ 2.5 │ 2.5 │ 2.5 │      │          │   44500   │  2000   │ 5000000  │ 114210000 │ 1675170360000 │ '2023-01-31T13:06:00.000Z' │  0   │ 100  │  0  │    0     │ Infinity │ 435 │ 3510 │  0  │     │ -2000  │ -5000000  │  -27700   │   -70450000   │ 2000  │ 5000000  │ 0.6 │
│   14    │ 2.5 │ 2.5 │ 2.5 │ 2.5 │      │          │   74500   │  30000  │ 75000000 │ 189210000 │ 1675170600000 │ '2023-01-31T13:10:00.000Z' │  0   │ 100  │  0  │    0     │ Infinity │ 435 │ 3510 │  0  │     │ -30000 │ -75000000 │  -57700   │  -145450000   │ 30000 │ 75000000 │ 8.5 │
│   15    │ 2.5 │ 2.5 │ 2.5 │ 2.5 │      │          │   76500   │  2000   │ 5000000  │ 194210000 │ 1675170840000 │ '2023-01-31T13:14:00.000Z' │  0   │ 100  │  0  │    0     │ Infinity │ 435 │ 3510 │  0  │     │ -2000  │ -5000000  │  -59700   │  -150450000   │ 2000  │ 5000000  │ 0.6 │
│   16    │ 2.5 │ 2.5 │ 2.5 │ 2.5 │      │          │   76600   │   100   │  250000  │ 194460000 │ 1675172400000 │ '2023-01-31T13:40:00.000Z' │  0   │ 100  │  0  │    0     │ Infinity │ 435 │ 3510 │  0  │     │  -100  │  -250000  │  -59800   │  -150700000   │  100  │  250000  │  0  │
│   17    │ 2.5 │ 2.5 │ 2.5 │ 2.5 │      │          │   78600   │  2000   │ 5000000  │ 199460000 │ 1675173120000 │ '2023-01-31T13:52:00.000Z' │  0   │ 100  │  0  │    0     │ Infinity │ 435 │ 3510 │  0  │     │ -2000  │ -5000000  │  -61800   │  -155700000   │ 2000  │ 5000000  │ 0.6 │
│   18    │ 2.6 │ 2.6 │ 2.6 │ 2.6 │ 200  │  520000  │   78800   │   200   │  520000  │ 199980000 │ 1675175280000 │ '2023-01-31T14:28:00.000Z' │ 100  │  0   │  0  │ Infinity │    0     │ 435 │ 3510 │  0  │ 0.5 │  200   │  520000   │  -61600   │  -155180000   │       │          │     │
│   19    │ 2.6 │ 2.6 │ 2.6 │ 2.6 │ 100  │  260000  │   78900   │   100   │  260000  │ 200240000 │ 1675176240000 │ '2023-01-31T14:44:00.000Z' │ 100  │  0   │  0  │ Infinity │    0     │ 435 │ 3510 │  0  │ 0.2 │  100   │  260000   │  -61500   │  -154920000   │       │          │     │
└─────────┴─────┴─────┴─────┴─────┴──────┴──────────┴───────────┴─────────┴──────────┴───────────┴───────────────┴────────────────────────────┴──────┴──────┴─────┴──────────┴──────────┴─────┴──────┴─────┴─────┴────────┴───────────┴───────────┴───────────────┴───────┴──────────┴─────┘
├─────────┼─────┼─────┼─────┼─────┼──────┼──────────┼───────────┼─────────┼──────────┼───────────┼───────────────┼────────────────────────────┼──────┼──────┼─────┼──────────┼──────────┼─────┼──────┼─────┼─────┼────────┼───────────┼───────────┼───────────────┼───────┼──────────┼─────┤
│ (index) │  c  │  h  │  l  │  o  │  bu  │  val_bu  │ total_vol │ sum_vol │   val    │ acum_val  │   datetime    │            date            │ pbu  │ psd  │ puk │    bs    │    sb    │ abu │ asd  │ auk │ rbu │ bu-sd  │ bu-sd_val │ acum_busd │ acum_busd_val │  sd   │  val_sd  │ rsd │
├─────────┼─────┼─────┼─────┼─────┼──────┼──────────┼───────────┼─────────┼──────────┼───────────┼───────────────┼────────────────────────────┼──────┼──────┼─────┼──────────┼──────────┼─────┼──────┼─────┼─────┼────────┼───────────┼───────────┼───────────────┼───────┼──────────┼─────┤

