┌─────────┬───────┬───────┬───────┬───────┬───────┬───────────┬───────────┬─────────┬───────────┬───────────┬───────────────┬────────────────────────────┬──────┬──────┬─────┬──────────┬──────────┬────────┬───────┬─────┬──────┬───────┬───────────┬───────────┬───────────────┬──────┬──────────┬─────┐
│ (index) │   c   │   h   │   l   │   o   │  bu   │  val_bu   │ total_vol │ sum_vol │    val    │ acum_val  │   datetime    │            date            │ pbu  │ psd  │ puk │    bs    │    sb    │  abu   │  asd  │ auk │ rbu  │ bu-sd │ bu-sd_val │ acum_busd │ acum_busd_val │  sd  │  val_sd  │ rsd │
├─────────┼───────┼───────┼───────┼───────┼───────┼───────────┼───────────┼─────────┼───────────┼───────────┼───────────────┼────────────────────────────┼──────┼──────┼─────┼──────────┼──────────┼────────┼───────┼─────┼──────┼───────┼───────────┼───────────┼───────────────┼──────┼──────────┼─────┤
│    0    │ 13.35 │ 13.35 │ 13.35 │ 13.35 │  100  │  1335000  │    100    │   100   │  1335000  │  1335000  │ 1674033240000 │ '2023-01-18T09:14:00.000Z' │ 100  │  0   │  0  │ Infinity │    0     │ 1203.2 │ 736.5 │  0  │ 0.1  │  100  │  1335000  │    100    │    1335000    │      │          │     │
│    1    │ 13.5  │ 13.5  │ 13.35 │ 13.35 │ 15500 │ 208815000 │   15600   │  15500  │ 208815000 │ 210150000 │ 1674033840000 │ '2023-01-18T09:24:00.000Z' │ 100  │  0   │  0  │ Infinity │    0     │ 1203.2 │ 736.5 │  0  │ 12.9 │ 15500 │ 208815000 │   15600   │   210150000   │      │          │     │
│    2    │ 13.5  │ 13.5  │ 13.5  │ 13.5  │       │           │   15700   │   100   │  1350000  │ 211500000 │ 1674033960000 │ '2023-01-18T09:26:00.000Z' │  0   │ 100  │  0  │    0     │ Infinity │ 1203.2 │ 736.5 │  0  │      │ -100  │ -1350000  │   15500   │   208800000   │ 100  │ 1350000  │ 0.1 │
│    3    │ 13.5  │ 13.5  │ 13.5  │ 13.5  │       │           │   18700   │  3000   │ 40500000  │ 252000000 │ 1674034080000 │ '2023-01-18T09:28:00.000Z' │  0   │ 100  │  0  │    0     │ Infinity │ 1203.2 │ 736.5 │  0  │      │ -3000 │ -40500000 │   12500   │   168300000   │ 3000 │ 40500000 │ 4.1 │
│    4    │ 13.5  │ 13.5  │ 13.5  │ 13.5  │       │           │   20100   │  1400   │ 18900000  │ 270900000 │ 1674034200000 │ '2023-01-18T09:30:00.000Z' │  0   │ 100  │  0  │    0     │ Infinity │ 1203.2 │ 736.5 │  0  │      │ -1400 │ -18900000 │   11100   │   149400000   │ 1400 │ 18900000 │ 1.9 │
│    5    │ 13.5  │ 13.5  │ 13.5  │ 13.5  │       │           │   21500   │  1400   │ 18900000  │ 289800000 │ 1674034800000 │ '2023-01-18T09:40:00.000Z' │  0   │ 100  │  0  │    0     │ Infinity │ 1203.2 │ 736.5 │  0  │      │ -1400 │ -18900000 │   9700    │   130500000   │ 1400 │ 18900000 │ 1.9 │
│    6    │ 13.5  │ 13.5  │ 13.5  │ 13.5  │       │           │   23100   │  1600   │ 21600000  │ 311400000 │ 1674035040000 │ '2023-01-18T09:44:00.000Z' │  0   │ 100  │  0  │    0     │ Infinity │ 1203.2 │ 736.5 │  0  │      │ -1600 │ -21600000 │   8100    │   108900000   │ 1600 │ 21600000 │ 2.2 │
│    7    │ 13.5  │ 13.5  │ 13.5  │ 13.5  │ 2000  │ 27000000  │   25100   │  2000   │ 27000000  │ 338400000 │ 1674035160000 │ '2023-01-18T09:46:00.000Z' │ 100  │  0   │  0  │ Infinity │    0     │ 1203.2 │ 736.5 │  0  │ 1.7  │ 2000  │ 27000000  │   10100   │   135900000   │      │          │     │
│    8    │ 13.5  │ 13.5  │ 13.5  │ 13.5  │ 3000  │ 40500000  │   28100   │  3000   │ 40500000  │ 378900000 │ 1674035280000 │ '2023-01-18T09:48:00.000Z' │ 100  │  0   │  0  │ Infinity │    0     │ 1203.2 │ 736.5 │  0  │ 2.5  │ 3000  │ 40500000  │   13100   │   176400000   │      │          │     │
│    9    │ 13.55 │ 13.55 │ 13.55 │ 13.55 │ 2200  │ 29810000  │   30300   │  2200   │ 29810000  │ 408710000 │ 1674035400000 │ '2023-01-18T09:50:00.000Z' │ 100  │  0   │  0  │ Infinity │    0     │ 1203.2 │ 736.5 │  0  │ 1.8  │ 2200  │ 29810000  │   15300   │   206210000   │      │          │     │
│   10    │ 13.6  │ 13.6  │ 13.6  │ 13.6  │ 2100  │ 28560000  │   32400   │  2100   │ 28560000  │ 437270000 │ 1674035520000 │ '2023-01-18T09:52:00.000Z' │ 100  │  0   │  0  │ Infinity │    0     │ 1203.2 │ 736.5 │  0  │ 1.7  │ 2100  │ 28560000  │   17400   │   234770000   │      │          │     │
│   11    │ 13.6  │ 13.6  │ 13.6  │ 13.6  │       │           │   32800   │   400   │  5440000  │ 442710000 │ 1674035640000 │ '2023-01-18T09:54:00.000Z' │  0   │ 100  │  0  │    0     │ Infinity │ 1203.2 │ 736.5 │  0  │      │ -400  │ -5440000  │   17000   │   229330000   │ 400  │ 5440000  │ 0.5 │
│   12    │ 13.55 │ 13.55 │ 13.55 │ 13.55 │       │           │   34400   │  1600   │ 21680000  │ 464390000 │ 1674036000000 │ '2023-01-18T10:00:00.000Z' │  0   │ 100  │  0  │    0     │ Infinity │ 1203.2 │ 736.5 │  0  │      │ -1600 │ -21680000 │   15400   │   207650000   │ 1600 │ 21680000 │ 2.2 │
│   13    │ 13.55 │ 13.55 │ 13.55 │ 13.55 │       │           │   35700   │  1300   │ 17615000  │ 482005000 │ 1674036120000 │ '2023-01-18T10:02:00.000Z' │  0   │ 100  │  0  │    0     │ Infinity │ 1203.2 │ 736.5 │  0  │      │ -1300 │ -17615000 │   14100   │   190035000   │ 1300 │ 17615000 │ 1.8 │
│   14    │ 13.65 │ 13.65 │ 13.55 │ 13.55 │  500  │  6825000  │   36700   │  1000   │ 13600000  │ 495605000 │ 1674036240000 │ '2023-01-18T10:04:00.000Z' │  50  │  50  │  0  │    1     │    1     │ 1203.2 │ 736.5 │  0  │ 0.4  │   0   │   50000   │   14100   │   190085000   │ 500  │ 6775000  │ 0.7 │
│   15    │ 13.7  │ 13.7  │ 13.7  │ 13.7  │  300  │  4110000  │   37000   │   300   │  4110000  │ 499715000 │ 1674036480000 │ '2023-01-18T10:08:00.000Z' │ 100  │  0   │  0  │ Infinity │    0     │ 1203.2 │ 736.5 │  0  │ 0.2  │  300  │  4110000  │   14400   │   194195000   │      │          │     │
│   16    │ 13.7  │ 13.75 │ 13.7  │ 13.7  │  900  │ 12345000  │   37900   │   900   │ 12345000  │ 512060000 │ 1674036720000 │ '2023-01-18T10:12:00.000Z' │ 100  │  0   │  0  │ Infinity │    0     │ 1203.2 │ 736.5 │  0  │ 0.7  │  900  │ 12345000  │   15300   │   206540000   │      │          │     │
│   17    │ 13.7  │ 13.7  │ 13.7  │ 13.7  │       │           │   38000   │   100   │  1370000  │ 513430000 │ 1674036960000 │ '2023-01-18T10:16:00.000Z' │  0   │ 100  │  0  │    0     │ Infinity │ 1203.2 │ 736.5 │  0  │      │ -100  │ -1370000  │   15200   │   205170000   │ 100  │ 1370000  │ 0.1 │
│   18    │ 13.65 │ 13.7  │ 13.65 │ 13.7  │       │           │   38200   │   200   │  2735000  │ 516165000 │ 1674037080000 │ '2023-01-18T10:18:00.000Z' │  0   │ 100  │  0  │    0     │ Infinity │ 1203.2 │ 736.5 │  0  │      │ -200  │ -2735000  │   15000   │   202435000   │ 200  │ 2735000  │ 0.3 │
│   19    │ 13.7  │ 13.7  │ 13.7  │ 13.7  │       │           │   38300   │   100   │  1370000  │ 517535000 │ 1674037320000 │ '2023-01-18T10:22:00.000Z' │  0   │ 100  │  0  │    0     │ Infinity │ 1203.2 │ 736.5 │  0  │      │ -100  │ -1370000  │   14900   │   201065000   │ 100  │ 1370000  │ 0.1 │
│   20    │ 13.7  │ 13.7  │ 13.7  │ 13.7  │       │           │   38800   │   500   │  6850000  │ 524385000 │ 1674037560000 │ '2023-01-18T10:26:00.000Z' │  0   │ 100  │  0  │    0     │ Infinity │ 1203.2 │ 736.5 │  0  │      │ -500  │ -6850000  │   14400   │   194215000   │ 500  │ 6850000  │ 0.7 │
├─────────┼───────┼───────┼───────┼───────┼───────┼───────────┼───────────┼─────────┼───────────┼───────────┼───────────────┼────────────────────────────┼──────┼──────┼─────┼──────────┼──────────┼────────┼───────┼─────┼──────┼───────┼───────────┼───────────┼───────────────┼──────┼──────────┼─────┤
│ (index) │   c   │   h   │   l   │   o   │  bu   │  val_bu   │ total_vol │ sum_vol │    val    │ acum_val  │   datetime    │            date            │ pbu  │ psd  │ puk │    bs    │    sb    │  abu   │  asd  │ auk │ rbu  │ bu-sd │ bu-sd_val │ acum_busd │ acum_busd_val │  sd  │  val_sd  │ rsd │
├─────────┼───────┼───────┼───────┼───────┼───────┼───────────┼───────────┼─────────┼───────────┼───────────┼───────────────┼────────────────────────────┼──────┼──────┼─────┼──────────┼──────────┼────────┼───────┼─────┼──────┼───────┼───────────┼───────────┼───────────────┼──────┼──────────┼─────┤
│   21    │ 13.75 │ 13.75 │ 13.75 │ 13.75 │ 1400  │ 19250000  │   40200   │  1400   │ 19250000  │ 543635000 │ 1674037680000 │ '2023-01-18T10:28:00.000Z' │ 100  │  0   │  0  │ Infinity │    0     │ 1203.2 │ 736.5 │  0  │ 1.2  │ 1400  │ 19250000  │   15800   │   213465000   │      │          │     │
│   22    │ 13.75 │ 13.75 │ 13.75 │ 13.75 │ 1700  │ 23375000  │   41900   │  1700   │ 23375000  │ 567010000 │ 1674037800000 │ '2023-01-18T10:30:00.000Z' │ 100  │  0   │  0  │ Infinity │    0     │ 1203.2 │ 736.5 │  0  │ 1.4  │ 1700  │ 23375000  │   17500   │   236840000   │      │          │     │
│   23    │  14   │  14   │ 13.8  │ 13.8  │ 10300 │ 103215600 │   55100   │  13200  │ 143235600 │ 710245600 │ 1674037920000 │ '2023-01-18T10:32:00.000Z' │  78  │  22  │  0  │   3.6    │   0.3    │ 1203.2 │ 736.5 │  0  │ 8.6  │ 7400  │ 63195600  │   24900   │   300035600   │ 2900 │ 40020000 │ 3.9 │
│   24    │  14   │  14   │  14   │  14   │ 2900  │   40600   │   58000   │  2900   │   40600   │ 710286200 │ 1674038040000 │ '2023-01-18T10:34:00.000Z' │ 100  │  0   │  0  │ Infinity │    0     │ 1203.2 │ 736.5 │  0  │ 2.4  │ 2900  │   40600   │   27800   │   300076200   │      │          │     │
│   25    │  14   │  14   │  14   │  14   │       │           │   58200   │   200   │   2800    │ 710289000 │ 1674038160000 │ '2023-01-18T10:36:00.000Z' │  0   │ 100  │  0  │    0     │ Infinity │ 1203.2 │ 736.5 │  0  │      │ -200  │   -2800   │   27600   │   300073400   │ 200  │   2800   │ 0.3 │
│   26    │  14   │  14   │  14   │  14   │       │           │   60900   │  2700   │   37800   │ 710326800 │ 1674038520000 │ '2023-01-18T10:42:00.000Z' │  0   │ 100  │  0  │    0     │ Infinity │ 1203.2 │ 736.5 │  0  │      │ -2700 │  -37800   │   24900   │   300035600   │ 2700 │  37800   │ 3.7 │
│   27    │  14   │  14   │  14   │  14   │       │           │   66200   │  5300   │   74200   │ 710401000 │ 1674038640000 │ '2023-01-18T10:44:00.000Z' │  0   │ 100  │  0  │    0     │ Infinity │ 1203.2 │ 736.5 │  0  │      │ -5300 │  -74200   │   19600   │   299961400   │ 5300 │  74200   │ 7.2 │
│   28    │  14   │  14   │  14   │  14   │       │           │   68200   │  2000   │   28000   │ 710429000 │ 1674038760000 │ '2023-01-18T10:46:00.000Z' │  0   │ 100  │  0  │    0     │ Infinity │ 1203.2 │ 736.5 │  0  │      │ -2000 │  -28000   │   17600   │   299933400   │ 2000 │  28000   │ 2.7 │
│   29    │  14   │  14   │  14   │  14   │       │           │   75200   │  7000   │   98000   │ 710527000 │ 1674038880000 │ '2023-01-18T10:48:00.000Z' │  0   │ 100  │  0  │    0     │ Infinity │ 1203.2 │ 736.5 │  0  │      │ -7000 │  -98000   │   10600   │   299835400   │ 7000 │  98000   │ 9.5 │
│   30    │  14   │  14   │  14   │  14   │       │           │   77900   │  2700   │   37800   │ 710564800 │ 1674039000000 │ '2023-01-18T10:50:00.000Z' │  0   │ 100  │  0  │    0     │ Infinity │ 1203.2 │ 736.5 │  0  │      │ -2700 │  -37800   │   7900    │   299797600   │ 2700 │  37800   │ 3.7 │
│   31    │  14   │  14   │  14   │  14   │       │           │   78100   │   200   │   2800    │ 710567600 │ 1674039120000 │ '2023-01-18T10:52:00.000Z' │  0   │ 100  │  0  │    0     │ Infinity │ 1203.2 │ 736.5 │  0  │      │ -200  │   -2800   │   7700    │   299794800   │ 200  │   2800   │ 0.3 │
│   32    │  14   │  14   │  14   │  14   │       │           │   78400   │   300   │   4200    │ 710571800 │ 1674039240000 │ '2023-01-18T10:54:00.000Z' │  0   │ 100  │  0  │    0     │ Infinity │ 1203.2 │ 736.5 │  0  │      │ -300  │   -4200   │   7400    │   299790600   │ 300  │   4200   │ 0.4 │
│   33    │  14   │  14   │  14   │  14   │  600  │   8400    │   80800   │  2400   │   33600   │ 710605400 │ 1674039480000 │ '2023-01-18T10:58:00.000Z' │  25  │  75  │  0  │   0.3    │    3     │ 1203.2 │ 736.5 │  0  │ 0.5  │ -1200 │  -16800   │   6200    │   299773800   │ 1800 │  25200   │ 2.4 │
│   34    │  14   │  14   │  14   │  14   │ 2700  │   37800   │   84000   │  3200   │   44800   │ 710650200 │ 1674039600000 │ '2023-01-18T11:00:00.000Z' │ 84.4 │ 15.6 │  0  │   5.4    │   0.2    │ 1203.2 │ 736.5 │  0  │ 2.2  │ 2200  │   30800   │   8400    │   299804600   │ 500  │   7000   │ 0.7 │
│   35    │  14   │  14   │  14   │  14   │       │           │   85000   │  1000   │   14000   │ 710664200 │ 1674040200000 │ '2023-01-18T11:10:00.000Z' │  0   │ 100  │  0  │    0     │ Infinity │ 1203.2 │ 736.5 │  0  │      │ -1000 │  -14000   │   7400    │   299790600   │ 1000 │  14000   │ 1.4 │
│   36    │  14   │  14   │  14   │  14   │       │           │   86000   │  1000   │   14000   │ 710678200 │ 1674040320000 │ '2023-01-18T11:12:00.000Z' │  0   │ 100  │  0  │    0     │ Infinity │ 1203.2 │ 736.5 │  0  │      │ -1000 │  -14000   │   6400    │   299776600   │ 1000 │  14000   │ 1.4 │
│   37    │  14   │  14   │  14   │  14   │       │           │   87900   │  1900   │   26600   │ 710704800 │ 1674040440000 │ '2023-01-18T11:14:00.000Z' │  0   │ 100  │  0  │    0     │ Infinity │ 1203.2 │ 736.5 │  0  │      │ -1900 │  -26600   │   4500    │   299750000   │ 1900 │  26600   │ 2.6 │
│   38    │ 13.9  │ 13.9  │ 13.9  │ 13.9  │       │           │   88300   │   400   │  5560000  │ 716264800 │ 1674040560000 │ '2023-01-18T11:16:00.000Z' │  0   │ 100  │  0  │    0     │ Infinity │ 1203.2 │ 736.5 │  0  │      │ -400  │ -5560000  │   4100    │   294190000   │ 400  │ 5560000  │ 0.5 │
│   39    │  14   │  14   │  14   │  14   │ 1000  │   14000   │   89300   │  1000   │   14000   │ 716278800 │ 1674040680000 │ '2023-01-18T11:18:00.000Z' │ 100  │  0   │  0  │ Infinity │    0     │ 1203.2 │ 736.5 │  0  │ 0.8  │ 1000  │   14000   │   5100    │   294204000   │      │          │     │
│   40    │  14   │  14   │  14   │  14   │ 2000  │   28000   │   91300   │  2000   │   28000   │ 716306800 │ 1674040800000 │ '2023-01-18T11:20:00.000Z' │ 100  │  0   │  0  │ Infinity │    0     │ 1203.2 │ 736.5 │  0  │ 1.7  │ 2000  │   28000   │   7100    │   294232000   │      │          │     │
├─────────┼───────┼───────┼───────┼───────┼───────┼───────────┼───────────┼─────────┼───────────┼───────────┼───────────────┼────────────────────────────┼──────┼──────┼─────┼──────────┼──────────┼────────┼───────┼─────┼──────┼───────┼───────────┼───────────┼───────────────┼──────┼──────────┼─────┤
│ (index) │   c   │   h   │   l   │   o   │  bu   │  val_bu   │ total_vol │ sum_vol │    val    │ acum_val  │   datetime    │            date            │ pbu  │ psd  │ puk │    bs    │    sb    │  abu   │  asd  │ auk │ rbu  │ bu-sd │ bu-sd_val │ acum_busd │ acum_busd_val │  sd  │  val_sd  │ rsd │
├─────────┼───────┼───────┼───────┼───────┼───────┼───────────┼───────────┼─────────┼───────────┼───────────┼───────────────┼────────────────────────────┼──────┼──────┼─────┼──────────┼──────────┼────────┼───────┼─────┼──────┼───────┼───────────┼───────────┼───────────────┼──────┼──────────┼─────┤
│   41    │  14   │  14   │  14   │  14   │  200  │   2800    │   91500   │   200   │   2800    │ 716309600 │ 1674040920000 │ '2023-01-18T11:22:00.000Z' │ 100  │  0   │  0  │ Infinity │    0     │ 1203.2 │ 736.5 │  0  │ 0.2  │  200  │   2800    │   7300    │   294234800   │      │          │     │
│   42    │  14   │  14   │  14   │  14   │ 1300  │   18200   │   92800   │  1300   │   18200   │ 716327800 │ 1674046800000 │ '2023-01-18T13:00:00.000Z' │ 100  │  0   │  0  │ Infinity │    0     │ 1203.2 │ 736.5 │  0  │ 1.1  │ 1300  │   18200   │   8600    │   294253000   │      │          │     │
│   43    │  14   │  14   │  14   │  14   │  100  │   1400    │   92900   │   100   │   1400    │ 716329200 │ 1674047040000 │ '2023-01-18T13:04:00.000Z' │ 100  │  0   │  0  │ Infinity │    0     │ 1203.2 │ 736.5 │  0  │ 0.1  │  100  │   1400    │   8700    │   294254400   │      │          │     │
│   44    │  14   │  14   │  14   │  14   │  700  │   9800    │   93600   │   700   │   9800    │ 716339000 │ 1674047160000 │ '2023-01-18T13:06:00.000Z' │ 100  │  0   │  0  │ Infinity │    0     │ 1203.2 │ 736.5 │  0  │ 0.6  │  700  │   9800    │   9400    │   294264200   │      │          │     │
│   45    │  14   │  14   │  14   │  14   │       │           │   94600   │  1000   │   14000   │ 716353000 │ 1674047280000 │ '2023-01-18T13:08:00.000Z' │  0   │ 100  │  0  │    0     │ Infinity │ 1203.2 │ 736.5 │  0  │      │ -1000 │  -14000   │   8400    │   294250200   │ 1000 │  14000   │ 1.4 │
│   46    │  14   │  14   │  14   │  14   │       │           │   95100   │   500   │   7000    │ 716360000 │ 1674047400000 │ '2023-01-18T13:10:00.000Z' │  0   │ 100  │  0  │    0     │ Infinity │ 1203.2 │ 736.5 │  0  │      │ -500  │   -7000   │   7900    │   294243200   │ 500  │   7000   │ 0.7 │
│   47    │  14   │  14   │  14   │  14   │  100  │   1400    │   95200   │   100   │   1400    │ 716361400 │ 1674047640000 │ '2023-01-18T13:14:00.000Z' │ 100  │  0   │  0  │ Infinity │    0     │ 1203.2 │ 736.5 │  0  │ 0.1  │  100  │   1400    │   8000    │   294244600   │      │          │     │
│   48    │ 13.9  │ 13.9  │ 13.9  │ 13.9  │       │           │   95300   │   100   │  1390000  │ 717751400 │ 1674047760000 │ '2023-01-18T13:16:00.000Z' │  0   │ 100  │  0  │    0     │ Infinity │ 1203.2 │ 736.5 │  0  │      │ -100  │ -1390000  │   7900    │   292854600   │ 100  │ 1390000  │ 0.1 │
│   49    │ 13.9  │ 13.9  │ 13.9  │ 13.9  │       │           │   95700   │   400   │  5560000  │ 723311400 │ 1674047880000 │ '2023-01-18T13:18:00.000Z' │  0   │ 100  │  0  │    0     │ Infinity │ 1203.2 │ 736.5 │  0  │      │ -400  │ -5560000  │   7500    │   287294600   │ 400  │ 5560000  │ 0.5 │
│   50    │ 13.95 │ 13.95 │ 13.95 │ 13.95 │       │           │   95800   │   100   │  1395000  │ 724706400 │ 1674048120000 │ '2023-01-18T13:22:00.000Z' │  0   │ 100  │  0  │    0     │ Infinity │ 1203.2 │ 736.5 │  0  │      │ -100  │ -1395000  │   7400    │   285899600   │ 100  │ 1395000  │ 0.1 │
│   51    │ 13.95 │ 13.95 │ 13.95 │ 13.95 │       │           │   96700   │   900   │ 12555000  │ 737261400 │ 1674048480000 │ '2023-01-18T13:28:00.000Z' │  0   │ 100  │  0  │    0     │ Infinity │ 1203.2 │ 736.5 │  0  │      │ -900  │ -12555000 │   6500    │   273344600   │ 900  │ 12555000 │ 1.2 │
│   52    │  14   │  14   │  14   │  14   │ 1000  │   14000   │   97700   │  1000   │   14000   │ 737275400 │ 1674048600000 │ '2023-01-18T13:30:00.000Z' │ 100  │  0   │  0  │ Infinity │    0     │ 1203.2 │ 736.5 │  0  │ 0.8  │ 1000  │   14000   │   7500    │   273358600   │      │          │     │
│   53    │ 13.9  │  14   │ 13.9  │ 13.95 │ 1400  │   19600   │  100400   │  2700   │ 18119600  │ 755395000 │ 1674048720000 │ '2023-01-18T13:32:00.000Z' │ 51.9 │ 48.1 │  0  │   1.1    │   0.9    │ 1203.2 │ 736.5 │  0  │ 1.2  │  100  │ -18080400 │   7600    │   255278200   │ 1300 │ 18100000 │ 1.8 │
│   54    │ 13.9  │ 13.9  │ 13.9  │ 13.9  │ 1000  │ 13900000  │  101400   │  1000   │ 13900000  │ 769295000 │ 1674049200000 │ '2023-01-18T13:40:00.000Z' │ 100  │  0   │  0  │ Infinity │    0     │ 1203.2 │ 736.5 │  0  │ 0.8  │ 1000  │ 13900000  │   8600    │   269178200   │      │          │     │
│   55    │  14   │  14   │ 13.9  │ 13.9  │ 1000  │  6957000  │  102400   │  1000   │  6957000  │ 776252000 │ 1674049320000 │ '2023-01-18T13:42:00.000Z' │ 100  │  0   │  0  │ Infinity │    0     │ 1203.2 │ 736.5 │  0  │ 0.8  │ 1000  │  6957000  │   9600    │   276135200   │      │          │     │
│   56    │  14   │  14   │  14   │  14   │ 7000  │   98000   │  109400   │  7000   │   98000   │ 776350000 │ 1674049920000 │ '2023-01-18T13:52:00.000Z' │ 100  │  0   │  0  │ Infinity │    0     │ 1203.2 │ 736.5 │  0  │ 5.8  │ 7000  │   98000   │   16600   │   276233200   │      │          │     │
│   57    │  14   │  14   │  14   │  14   │  300  │   4200    │  109700   │   300   │   4200    │ 776354200 │ 1674050520000 │ '2023-01-18T14:02:00.000Z' │ 100  │  0   │  0  │ Infinity │    0     │ 1203.2 │ 736.5 │  0  │ 0.2  │  300  │   4200    │   16900   │   276237400   │      │          │     │
│   58    │  14   │  14   │  14   │  14   │  200  │   2800    │  109900   │   200   │   2800    │ 776357000 │ 1674050760000 │ '2023-01-18T14:06:00.000Z' │ 100  │  0   │  0  │ Infinity │    0     │ 1203.2 │ 736.5 │  0  │ 0.2  │  200  │   2800    │   17100   │   276240200   │      │          │     │
│   59    │  14   │  14   │  14   │  14   │  200  │   2800    │  110100   │   200   │   2800    │ 776359800 │ 1674050880000 │ '2023-01-18T14:08:00.000Z' │ 100  │  0   │  0  │ Infinity │    0     │ 1203.2 │ 736.5 │  0  │ 0.2  │  200  │   2800    │   17300   │   276243000   │      │          │     │
│   60    │  14   │  14   │  14   │  14   │ 1000  │   14000   │  111100   │  1000   │   14000   │ 776373800 │ 1674051000000 │ '2023-01-18T14:10:00.000Z' │ 100  │  0   │  0  │ Infinity │    0     │ 1203.2 │ 736.5 │  0  │ 0.8  │ 1000  │   14000   │   18300   │   276257000   │      │          │     │
├─────────┼───────┼───────┼───────┼───────┼───────┼───────────┼───────────┼─────────┼───────────┼───────────┼───────────────┼────────────────────────────┼──────┼──────┼─────┼──────────┼──────────┼────────┼───────┼─────┼──────┼───────┼───────────┼───────────┼───────────────┼──────┼──────────┼─────┤
│ (index) │   c   │   h   │   l   │   o   │  bu   │  val_bu   │ total_vol │ sum_vol │    val    │ acum_val  │   datetime    │            date            │ pbu  │ psd  │ puk │    bs    │    sb    │  abu   │  asd  │ auk │ rbu  │ bu-sd │ bu-sd_val │ acum_busd │ acum_busd_val │  sd  │  val_sd  │ rsd │
├─────────┼───────┼───────┼───────┼───────┼───────┼───────────┼───────────┼─────────┼───────────┼───────────┼───────────────┼────────────────────────────┼──────┼──────┼─────┼──────────┼──────────┼────────┼───────┼─────┼──────┼───────┼───────────┼───────────┼───────────────┼──────┼──────────┼─────┤
│   61    │  14   │  14   │  14   │  14   │ 2000  │   28000   │  113100   │  2000   │   28000   │ 776401800 │ 1674052080000 │ '2023-01-18T14:28:00.000Z' │ 100  │  0   │  0  │ Infinity │    0     │ 1203.2 │ 736.5 │  0  │ 1.7  │ 2000  │   28000   │   20300   │   276285000   │      │          │     │
│   62    │  14   │  14   │  14   │  14   │ 9100  │  127400   │  122200   │  9100   │  127400   │ 776529200 │ 1674053040000 │ '2023-01-18T14:44:00.000Z' │ 100  │  0   │  0  │ Infinity │    0     │ 1203.2 │ 736.5 │  0  │ 7.6  │ 9100  │  127400   │   29400   │   276412400   │      │          │     │
└─────────┴───────┴───────┴───────┴───────┴───────┴───────────┴───────────┴─────────┴───────────┴───────────┴───────────────┴────────────────────────────┴──────┴──────┴─────┴──────────┴──────────┴────────┴───────┴─────┴──────┴───────┴───────────┴───────────┴───────────────┴──────┴──────────┴─────┘

