┌─────────┬─────┬─────┬─────┬─────┬───────┬───────────┬───────────┬─────────┬───────────┬───────────┬───────────────┬────────────────────────────┬──────┬──────┬─────┬──────────┬──────────┬────────┬────────┬─────┬──────┬────────┬────────────┬───────────┬───────────────┬───────┬───────────┬─────┐
│ (index) │  c  │  h  │  l  │  o  │  sd   │  val_sd   │ total_vol │ sum_vol │    val    │ acum_val  │   datetime    │            date            │ pbu  │ psd  │ puk │    bs    │    sb    │  abu   │  asd   │ auk │ rsd  │ bu-sd  │ bu-sd_val  │ acum_busd │ acum_busd_val │  bu   │  val_bu   │ rbu │
├─────────┼─────┼─────┼─────┼─────┼───────┼───────────┼───────────┼─────────┼───────────┼───────────┼───────────────┼────────────────────────────┼──────┼──────┼─────┼──────────┼──────────┼────────┼────────┼─────┼──────┼────────┼────────────┼───────────┼───────────────┼───────┼───────────┼─────┤
│    0    │  3  │  3  │  3  │  3  │ 1400  │  4200000  │   1400    │  1400   │  4200000  │  4200000  │ 1674032400000 │ '2023-01-18T09:00:00.000Z' │  0   │ 100  │  0  │    0     │ Infinity │ 1653.8 │ 5666.7 │  0  │ 0.2  │ -1400  │  -4200000  │   -1400   │   -4200000    │       │           │     │
│    1    │ 3.1 │ 3.1 │ 3.1 │ 3.1 │       │           │   1600    │   200   │  620000   │  4820000  │ 1674033240000 │ '2023-01-18T09:14:00.000Z' │ 100  │  0   │  0  │ Infinity │    0     │ 1653.8 │ 5666.7 │  0  │      │  200   │   620000   │   -1200   │   -3580000    │  200  │  620000   │ 0.1 │
│    2    │ 3.1 │ 3.1 │ 3.1 │ 3.1 │       │           │   1800    │   200   │  620000   │  5440000  │ 1674033720000 │ '2023-01-18T09:22:00.000Z' │ 100  │  0   │  0  │ Infinity │    0     │ 1653.8 │ 5666.7 │  0  │      │  200   │   620000   │   -1000   │   -2960000    │  200  │  620000   │ 0.1 │
│    3    │  3  │  3  │  3  │  3  │ 10000 │ 30000000  │   11800   │  10000  │ 30000000  │ 35440000  │ 1674034200000 │ '2023-01-18T09:30:00.000Z' │  0   │ 100  │  0  │    0     │ Infinity │ 1653.8 │ 5666.7 │  0  │ 1.8  │ -10000 │ -30000000  │  -11000   │   -32960000   │       │           │     │
│    4    │  3  │  3  │  3  │  3  │  200  │  600000   │   12000   │   200   │  600000   │ 36040000  │ 1674034440000 │ '2023-01-18T09:34:00.000Z' │  0   │ 100  │  0  │    0     │ Infinity │ 1653.8 │ 5666.7 │  0  │  0   │  -200  │  -600000   │  -11200   │   -33560000   │       │           │     │
│    5    │  3  │  3  │  3  │  3  │ 16800 │ 50400000  │   71800   │  59800  │ 179400000 │ 215440000 │ 1674035040000 │ '2023-01-18T09:44:00.000Z' │ 71.9 │ 28.1 │  0  │   2.6    │   0.4    │ 1653.8 │ 5666.7 │  0  │  3   │ 26200  │  78600000  │   15000   │   45040000    │ 43000 │ 129000000 │ 26  │
│    6    │  3  │  3  │  3  │  3  │ 70200 │ 210600000 │  142000   │  70200  │ 210600000 │ 426040000 │ 1674035160000 │ '2023-01-18T09:46:00.000Z' │  0   │ 100  │  0  │    0     │ Infinity │ 1653.8 │ 5666.7 │  0  │ 12.4 │ -70200 │ -210600000 │  -55200   │  -165560000   │       │           │     │
│    7    │ 3.1 │ 3.1 │ 3.1 │ 3.1 │       │           │  142100   │   100   │  310000   │ 426350000 │ 1674035760000 │ '2023-01-18T09:56:00.000Z' │ 100  │  0   │  0  │ Infinity │    0     │ 1653.8 │ 5666.7 │  0  │      │  100   │   310000   │  -55100   │  -165250000   │  100  │  310000   │ 0.1 │
│    8    │  3  │  3  │  3  │  3  │  400  │  1200000  │  142500   │   400   │  1200000  │ 427550000 │ 1674035880000 │ '2023-01-18T09:58:00.000Z' │  0   │ 100  │  0  │    0     │ Infinity │ 1653.8 │ 5666.7 │  0  │ 0.1  │  -400  │  -1200000  │  -55500   │  -166450000   │       │           │     │
│    9    │  3  │  3  │  3  │  3  │  200  │  600000   │  142700   │   200   │  600000   │ 428150000 │ 1674036600000 │ '2023-01-18T10:10:00.000Z' │  0   │ 100  │  0  │    0     │ Infinity │ 1653.8 │ 5666.7 │  0  │  0   │  -200  │  -600000   │  -55700   │  -167050000   │       │           │     │
│   10    │  3  │  3  │  3  │  3  │ 7200  │ 21600000  │  149900   │  7200   │ 21600000  │ 449750000 │ 1674036840000 │ '2023-01-18T10:14:00.000Z' │  0   │ 100  │  0  │    0     │ Infinity │ 1653.8 │ 5666.7 │  0  │ 1.3  │ -7200  │ -21600000  │  -62900   │  -188650000   │       │           │     │
│   11    │ 3.1 │ 3.1 │ 3.1 │ 3.1 │       │           │  150000   │   100   │  310000   │ 450060000 │ 1674037680000 │ '2023-01-18T10:28:00.000Z' │ 100  │  0   │  0  │ Infinity │    0     │ 1653.8 │ 5666.7 │  0  │      │  100   │   310000   │  -62800   │  -188340000   │  100  │  310000   │ 0.1 │
│   12    │ 3.1 │ 3.1 │ 3.1 │ 3.1 │       │           │  150200   │   200   │  620000   │ 450680000 │ 1674037800000 │ '2023-01-18T10:30:00.000Z' │ 100  │  0   │  0  │ Infinity │    0     │ 1653.8 │ 5666.7 │  0  │      │  200   │   620000   │  -62600   │  -187720000   │  200  │  620000   │ 0.1 │
│   13    │ 3.1 │ 3.1 │ 3.1 │ 3.1 │       │           │  150500   │   300   │  930000   │ 451610000 │ 1674039120000 │ '2023-01-18T10:52:00.000Z' │ 100  │  0   │  0  │ Infinity │    0     │ 1653.8 │ 5666.7 │  0  │      │  300   │   930000   │  -62300   │  -186790000   │  300  │  930000   │ 0.2 │
│   14    │ 3.1 │ 3.1 │ 3.1 │ 3.1 │       │           │  150700   │   200   │  620000   │ 452230000 │ 1674039480000 │ '2023-01-18T10:58:00.000Z' │ 100  │  0   │  0  │ Infinity │    0     │ 1653.8 │ 5666.7 │  0  │      │  200   │   620000   │  -62100   │  -186170000   │  200  │  620000   │ 0.1 │
│   15    │ 3.1 │ 3.1 │ 3.1 │ 3.1 │       │           │  152100   │  1400   │  4340000  │ 456570000 │ 1674039960000 │ '2023-01-18T11:06:00.000Z' │ 100  │  0   │  0  │ Infinity │    0     │ 1653.8 │ 5666.7 │  0  │      │  1400  │  4340000   │  -60700   │  -181830000   │ 1400  │  4340000  │ 0.8 │
│   16    │ 3.1 │ 3.1 │ 3.1 │ 3.1 │       │           │  153100   │  1000   │  3100000  │ 459670000 │ 1674040200000 │ '2023-01-18T11:10:00.000Z' │ 100  │  0   │  0  │ Infinity │    0     │ 1653.8 │ 5666.7 │  0  │      │  1000  │  3100000   │  -59700   │  -178730000   │ 1000  │  3100000  │ 0.6 │
│   17    │  3  │  3  │  3  │  3  │  600  │  1800000  │  153700   │   600   │  1800000  │ 461470000 │ 1674040440000 │ '2023-01-18T11:14:00.000Z' │  0   │ 100  │  0  │    0     │ Infinity │ 1653.8 │ 5666.7 │  0  │ 0.1  │  -600  │  -1800000  │  -60300   │  -180530000   │       │           │     │
│   18    │ 3.1 │ 3.1 │ 3.1 │ 3.1 │       │           │  153900   │   200   │  620000   │ 462090000 │ 1674040560000 │ '2023-01-18T11:16:00.000Z' │ 100  │  0   │  0  │ Infinity │    0     │ 1653.8 │ 5666.7 │  0  │      │  200   │   620000   │  -60100   │  -179910000   │  200  │  620000   │ 0.1 │
│   19    │  3  │  3  │  3  │  3  │ 3400  │ 10200000  │  157300   │  3400   │ 10200000  │ 472290000 │ 1674046920000 │ '2023-01-18T13:02:00.000Z' │  0   │ 100  │  0  │    0     │ Infinity │ 1653.8 │ 5666.7 │  0  │ 0.6  │ -3400  │ -10200000  │  -63500   │  -190110000   │       │           │     │
│   20    │  3  │  3  │  3  │  3  │ 2200  │  6600000  │  159500   │  2200   │  6600000  │ 478890000 │ 1674047160000 │ '2023-01-18T13:06:00.000Z' │  0   │ 100  │  0  │    0     │ Infinity │ 1653.8 │ 5666.7 │  0  │ 0.4  │ -2200  │  -6600000  │  -65700   │  -196710000   │       │           │     │
├─────────┼─────┼─────┼─────┼─────┼───────┼───────────┼───────────┼─────────┼───────────┼───────────┼───────────────┼────────────────────────────┼──────┼──────┼─────┼──────────┼──────────┼────────┼────────┼─────┼──────┼────────┼────────────┼───────────┼───────────────┼───────┼───────────┼─────┤
│ (index) │  c  │  h  │  l  │  o  │  sd   │  val_sd   │ total_vol │ sum_vol │    val    │ acum_val  │   datetime    │            date            │ pbu  │ psd  │ puk │    bs    │    sb    │  abu   │  asd   │ auk │ rsd  │ bu-sd  │ bu-sd_val  │ acum_busd │ acum_busd_val │  bu   │  val_bu   │ rbu │
├─────────┼─────┼─────┼─────┼─────┼───────┼───────────┼───────────┼─────────┼───────────┼───────────┼───────────────┼────────────────────────────┼──────┼──────┼─────┼──────────┼──────────┼────────┼────────┼─────┼──────┼────────┼────────────┼───────────┼───────────────┼───────┼───────────┼─────┤
│   21    │ 3.1 │ 3.1 │ 3.1 │ 3.1 │       │           │  162500   │  3000   │  9300000  │ 488190000 │ 1674047640000 │ '2023-01-18T13:14:00.000Z' │ 100  │  0   │  0  │ Infinity │    0     │ 1653.8 │ 5666.7 │  0  │      │  3000  │  9300000   │  -62700   │  -187410000   │ 3000  │  9300000  │ 1.8 │
│   22    │ 3.1 │ 3.1 │ 3.1 │ 3.1 │       │           │  162700   │   200   │  620000   │ 488810000 │ 1674048000000 │ '2023-01-18T13:20:00.000Z' │ 100  │  0   │  0  │ Infinity │    0     │ 1653.8 │ 5666.7 │  0  │      │  200   │   620000   │  -62500   │  -186790000   │  200  │  620000   │ 0.1 │
│   23    │  3  │ 3.1 │  3  │ 3.1 │ 1000  │  3000000  │  163800   │  1100   │  3310000  │ 492120000 │ 1674048480000 │ '2023-01-18T13:28:00.000Z' │ 9.1  │ 90.9 │  0  │   0.1    │    10    │ 1653.8 │ 5666.7 │  0  │ 0.2  │  -900  │  -2690000  │  -63400   │  -189480000   │  100  │  310000   │ 0.1 │
│   24    │  3  │  3  │  3  │  3  │ 70000 │ 210000000 │  233800   │  70000  │ 210000000 │ 702120000 │ 1674048840000 │ '2023-01-18T13:34:00.000Z' │  0   │ 100  │  0  │    0     │ Infinity │ 1653.8 │ 5666.7 │  0  │ 12.4 │ -70000 │ -210000000 │  -133400  │  -399480000   │       │           │     │
│   25    │  3  │  3  │  3  │  3  │ 3000  │  9000000  │  236800   │  3000   │  9000000  │ 711120000 │ 1674048960000 │ '2023-01-18T13:36:00.000Z' │  0   │ 100  │  0  │    0     │ Infinity │ 1653.8 │ 5666.7 │  0  │ 0.5  │ -3000  │  -9000000  │  -136400  │  -408480000   │       │           │     │
│   26    │  3  │  3  │  3  │  3  │  500  │  1500000  │  237300   │   500   │  1500000  │ 712620000 │ 1674049440000 │ '2023-01-18T13:44:00.000Z' │  0   │ 100  │  0  │    0     │ Infinity │ 1653.8 │ 5666.7 │  0  │ 0.1  │  -500  │  -1500000  │  -136900  │  -409980000   │       │           │     │
│   27    │  3  │  3  │  3  │  3  │ 6900  │ 20700000  │  244200   │  6900   │ 20700000  │ 733320000 │ 1674049560000 │ '2023-01-18T13:46:00.000Z' │  0   │ 100  │  0  │    0     │ Infinity │ 1653.8 │ 5666.7 │  0  │ 1.2  │ -6900  │ -20700000  │  -143800  │  -430680000   │       │           │     │
│   28    │  3  │  3  │  3  │  3  │ 10000 │ 30000000  │  254200   │  10000  │ 30000000  │ 763320000 │ 1674050160000 │ '2023-01-18T13:56:00.000Z' │  0   │ 100  │  0  │    0     │ Infinity │ 1653.8 │ 5666.7 │  0  │ 1.8  │ -10000 │ -30000000  │  -153800  │  -460680000   │       │           │     │
│   29    │ 3.1 │ 3.1 │ 3.1 │ 3.1 │       │           │  254500   │   300   │  930000   │ 764250000 │ 1674050640000 │ '2023-01-18T14:04:00.000Z' │ 100  │  0   │  0  │ Infinity │    0     │ 1653.8 │ 5666.7 │  0  │      │  300   │   930000   │  -153500  │  -459750000   │  300  │  930000   │ 0.2 │
│   30    │  3  │  3  │  3  │  3  │ 15000 │ 45000000  │  277200   │  22700  │ 68100000  │ 832350000 │ 1674051000000 │ '2023-01-18T14:10:00.000Z' │ 33.9 │ 66.1 │  0  │   0.5    │   1.9    │ 1653.8 │ 5666.7 │  0  │ 2.6  │ -7300  │ -21900000  │  -160800  │  -481650000   │ 7700  │ 23100000  │ 4.7 │
│   31    │  3  │  3  │  3  │  3  │       │           │  278200   │  1000   │  3000000  │ 835350000 │ 1674051120000 │ '2023-01-18T14:12:00.000Z' │ 100  │  0   │  0  │ Infinity │    0     │ 1653.8 │ 5666.7 │  0  │      │  1000  │  3000000   │  -159800  │  -478650000   │ 1000  │  3000000  │ 0.6 │
│   32    │  3  │  3  │  3  │  3  │       │           │  278400   │   200   │  600000   │ 835950000 │ 1674051240000 │ '2023-01-18T14:14:00.000Z' │ 100  │  0   │  0  │ Infinity │    0     │ 1653.8 │ 5666.7 │  0  │      │  200   │   600000   │  -159600  │  -478050000   │  200  │  600000   │ 0.1 │
│   33    │  3  │  3  │  3  │  3  │       │           │  278500   │   100   │  300000   │ 836250000 │ 1674051360000 │ '2023-01-18T14:16:00.000Z' │ 100  │  0   │  0  │ Infinity │    0     │ 1653.8 │ 5666.7 │  0  │      │  100   │   300000   │  -159500  │  -477750000   │  100  │  300000   │ 0.1 │
│   34    │  3  │  3  │  3  │  3  │       │           │  279500   │  1000   │  3000000  │ 839250000 │ 1674051480000 │ '2023-01-18T14:18:00.000Z' │ 100  │  0   │  0  │ Infinity │    0     │ 1653.8 │ 5666.7 │  0  │      │  1000  │  3000000   │  -158500  │  -474750000   │ 1000  │  3000000  │ 0.6 │
│   35    │ 3.1 │ 3.1 │  3  │  3  │  900  │  2700000  │  284300   │  4800   │ 14420000  │ 853670000 │ 1674051600000 │ '2023-01-18T14:20:00.000Z' │ 81.3 │ 18.8 │  0  │   4.3    │   0.2    │ 1653.8 │ 5666.7 │  0  │ 0.2  │  3000  │  9020000   │  -155500  │  -465730000   │ 3900  │ 11720000  │ 2.4 │
│   36    │ 3.1 │ 3.1 │ 3.1 │ 3.1 │       │           │  284400   │   100   │  310000   │ 853980000 │ 1674052680000 │ '2023-01-18T14:38:00.000Z' │ 100  │  0   │  0  │ Infinity │    0     │ 1653.8 │ 5666.7 │  0  │      │  100   │   310000   │  -155400  │  -465420000   │  100  │  310000   │ 0.1 │
│   37    │  3  │  3  │  3  │  3  │  600  │  1800000  │  285000   │   600   │  1800000  │ 855780000 │ 1674053760000 │ '2023-01-18T14:56:00.000Z' │  0   │ 100  │  0  │    0     │ Infinity │ 1653.8 │ 5666.7 │  0  │ 0.1  │  -600  │  -1800000  │  -156000  │  -467220000   │       │           │     │
│   38    │  3  │  3  │  3  │  3  │  500  │  1500000  │  285500   │   500   │  1500000  │ 857280000 │ 1674053880000 │ '2023-01-18T14:58:00.000Z' │  0   │ 100  │  0  │    0     │ Infinity │ 1653.8 │ 5666.7 │  0  │ 0.1  │  -500  │  -1500000  │  -156500  │  -468720000   │       │           │     │
└─────────┴─────┴─────┴─────┴─────┴───────┴───────────┴───────────┴─────────┴───────────┴───────────┴───────────────┴────────────────────────────┴──────┴──────┴─────┴──────────┴──────────┴────────┴────────┴─────┴──────┴────────┴────────────┴───────────┴───────────────┴───────┴───────────┴─────┘

├─────────┼─────┼─────┼─────┼─────┼───────┼───────────┼───────────┼─────────┼───────────┼───────────┼───────────────┼────────────────────────────┼──────┼──────┼─────┼──────────┼──────────┼────────┼────────┼─────┼──────┼────────┼────────────┼───────────┼───────────────┼───────┼───────────┼─────┤
│ (index) │  c  │  h  │  l  │  o  │  sd   │  val_sd   │ total_vol │ sum_vol │    val    │ acum_val  │   datetime    │            date            │ pbu  │ psd  │ puk │    bs    │    sb    │  abu   │  asd   │ auk │ rsd  │ bu-sd  │ bu-sd_val  │ acum_busd │ acum_busd_val │  bu   │  val_bu   │ rbu │
├─────────┼─────┼─────┼─────┼─────┼───────┼───────────┼───────────┼─────────┼───────────┼───────────┼───────────────┼────────────────────────────┼──────┼──────┼─────┼──────────┼──────────┼────────┼────────┼─────┼──────┼────────┼────────────┼───────────┼───────────────┼───────┼───────────┼─────┤
