┌─────────┬─────┬─────┬─────┬─────┬───────┬──────────┬───────────┬─────────┬──────────┬──────────┬───────────────┬────────────────────────────┬─────┬──────┬─────┬──────────┬──────────┬────────┬──────┬─────┬─────┬────────┬───────────┬───────────┬───────────────┬───────┬────────┬──────┐
│ (index) │  c  │  h  │  l  │  o  │  sd   │  val_sd  │ total_vol │ sum_vol │   val    │ acum_val │   datetime    │            date            │ pbu │ psd  │ puk │    bs    │    sb    │  abu   │ asd  │ auk │ rsd │ bu-sd  │ bu-sd_val │ acum_busd │ acum_busd_val │  bu   │ val_bu │ rbu  │
├─────────┼─────┼─────┼─────┼─────┼───────┼──────────┼───────────┼─────────┼──────────┼──────────┼───────────────┼────────────────────────────┼─────┼──────┼─────┼──────────┼──────────┼────────┼──────┼─────┼─────┼────────┼───────────┼───────────┼───────────────┼───────┼────────┼──────┤
│    0    │ 1.9 │ 1.9 │ 1.9 │ 1.9 │  500  │  950000  │    500    │   500   │  950000  │  950000  │ 1674033120000 │ '2023-01-18T09:12:00.000Z' │  0  │ 100  │  0  │    0     │ Infinity │ 1229.4 │ 1500 │  0  │ 0.3 │  -500  │  -950000  │   -500    │    -950000    │       │        │      │
│    1    │  2  │  2  │  2  │  2  │       │          │    600    │   100   │   200    │  950200  │ 1674033360000 │ '2023-01-18T09:16:00.000Z' │ 100 │  0   │  0  │ Infinity │    0     │ 1229.4 │ 1500 │  0  │     │  100   │    200    │   -400    │    -949800    │  100  │  200   │ 0.1  │
│    2    │  2  │  2  │  2  │  2  │       │          │    800    │   200   │   400    │  950600  │ 1674033600000 │ '2023-01-18T09:20:00.000Z' │ 100 │  0   │  0  │ Infinity │    0     │ 1229.4 │ 1500 │  0  │     │  200   │    400    │   -200    │    -949400    │  200  │  400   │ 0.2  │
│    3    │  2  │  2  │  2  │  2  │       │          │    900    │   100   │   200    │  950800  │ 1674034440000 │ '2023-01-18T09:34:00.000Z' │ 100 │  0   │  0  │ Infinity │    0     │ 1229.4 │ 1500 │  0  │     │  100   │    200    │   -100    │    -949200    │  100  │  200   │ 0.1  │
│    4    │  2  │  2  │  2  │  2  │       │          │   1100    │   200   │   400    │  951200  │ 1674036120000 │ '2023-01-18T10:02:00.000Z' │ 100 │  0   │  0  │ Infinity │    0     │ 1229.4 │ 1500 │  0  │     │  200   │    400    │    100    │    -948800    │  200  │  400   │ 0.2  │
│    5    │  2  │  2  │  2  │  2  │       │          │   1200    │   100   │   200    │  951400  │ 1674036960000 │ '2023-01-18T10:16:00.000Z' │ 100 │  0   │  0  │ Infinity │    0     │ 1229.4 │ 1500 │  0  │     │  100   │    200    │    200    │    -948600    │  100  │  200   │ 0.1  │
│    6    │ 1.9 │  2  │ 1.9 │  2  │  600  │ 1140000  │   2000    │   800   │ 1140400  │ 2091800  │ 1674046800000 │ '2023-01-18T13:00:00.000Z' │ 25  │  75  │  0  │   0.3    │    3     │ 1229.4 │ 1500 │  0  │ 0.4 │  -400  │ -1139600  │   -200    │   -2088200    │  200  │  400   │ 0.2  │
│    7    │ 1.9 │ 1.9 │ 1.9 │ 1.9 │  900  │ 1710000  │   2900    │   900   │ 1710000  │ 3801800  │ 1674047880000 │ '2023-01-18T13:18:00.000Z' │  0  │ 100  │  0  │    0     │ Infinity │ 1229.4 │ 1500 │  0  │ 0.6 │  -900  │ -1710000  │   -1100   │   -3798200    │       │        │      │
│    8    │ 1.9 │ 1.9 │ 1.9 │ 1.9 │ 15000 │ 28500000 │   17900   │  15000  │ 28500000 │ 32301800 │ 1674048840000 │ '2023-01-18T13:34:00.000Z' │  0  │ 100  │  0  │    0     │ Infinity │ 1229.4 │ 1500 │  0  │ 10  │ -15000 │ -28500000 │  -16100   │   -32298200   │       │        │      │
│    9    │ 1.9 │ 1.9 │ 1.9 │ 1.9 │ 2400  │ 4560000  │   20300   │  2400   │ 4560000  │ 36861800 │ 1674049680000 │ '2023-01-18T13:48:00.000Z' │  0  │ 100  │  0  │    0     │ Infinity │ 1229.4 │ 1500 │  0  │ 1.6 │ -2400  │ -4560000  │  -18500   │   -36858200   │       │        │      │
│   10    │ 1.9 │ 1.9 │ 1.9 │ 1.9 │ 4000  │ 7600000  │   24300   │  4000   │ 7600000  │ 44461800 │ 1674050280000 │ '2023-01-18T13:58:00.000Z' │  0  │ 100  │  0  │    0     │ Infinity │ 1229.4 │ 1500 │  0  │ 2.7 │ -4000  │ -7600000  │  -22500   │   -44458200   │       │        │      │
│   11    │  2  │  2  │  2  │  2  │       │          │   24400   │   100   │   200    │ 44462000 │ 1674051000000 │ '2023-01-18T14:10:00.000Z' │ 100 │  0   │  0  │ Infinity │    0     │ 1229.4 │ 1500 │  0  │     │  100   │    200    │  -22400   │   -44458000   │  100  │  200   │ 0.1  │
│   12    │  2  │  2  │  2  │  2  │       │          │   24900   │   500   │   1000   │ 44463000 │ 1674051240000 │ '2023-01-18T14:14:00.000Z' │ 100 │  0   │  0  │ Infinity │    0     │ 1229.4 │ 1500 │  0  │     │  500   │   1000    │  -21900   │   -44457000   │  500  │  1000  │ 0.4  │
│   13    │  2  │  2  │ 1.9 │ 1.9 │ 2100  │ 3990000  │   27100   │  2200   │ 3990200  │ 48453200 │ 1674051600000 │ '2023-01-18T14:20:00.000Z' │ 4.5 │ 95.5 │  0  │    0     │    21    │ 1229.4 │ 1500 │  0  │ 1.4 │ -2000  │ -3989800  │  -23900   │   -48446800   │  100  │  200   │ 0.1  │
│   14    │  2  │  2  │  2  │  2  │       │          │   42100   │  15000  │  30000   │ 48483200 │ 1674051720000 │ '2023-01-18T14:22:00.000Z' │ 100 │  0   │  0  │ Infinity │    0     │ 1229.4 │ 1500 │  0  │     │ 15000  │   30000   │   -8900   │   -48416800   │ 15000 │ 30000  │ 12.2 │
│   15    │  2  │  2  │  2  │  2  │       │          │   42300   │   200   │   400    │ 48483600 │ 1674052080000 │ '2023-01-18T14:28:00.000Z' │ 100 │  0   │  0  │ Infinity │    0     │ 1229.4 │ 1500 │  0  │     │  200   │    400    │   -8700   │   -48416400   │  200  │  400   │ 0.2  │
│   16    │  2  │  2  │  2  │  2  │       │          │   46400   │  4100   │   8200   │ 48491800 │ 1674053040000 │ '2023-01-18T14:44:00.000Z' │ 100 │  0   │  0  │ Infinity │    0     │ 1229.4 │ 1500 │  0  │     │  4100  │   8200    │   -4600   │   -48408200   │ 4100  │  8200  │ 3.3  │
└─────────┴─────┴─────┴─────┴─────┴───────┴──────────┴───────────┴─────────┴──────────┴──────────┴───────────────┴────────────────────────────┴─────┴──────┴─────┴──────────┴──────────┴────────┴──────┴─────┴─────┴────────┴───────────┴───────────┴───────────────┴───────┴────────┴──────┘

