┌─────────┬──────┬──────┬──────┬──────┬───────┬──────────┬───────────┬─────────┬──────────┬───────────┬───────────────┬────────────────────────────┬──────┬──────┬─────┬──────────┬──────────┬────────┬────────┬─────┬─────┬───────┬───────────┬───────────┬───────────────┬──────┬──────────┬─────┐
│ (index) │  c   │  h   │  l   │  o   │  bu   │  val_bu  │ total_vol │ sum_vol │   val    │ acum_val  │   datetime    │            date            │ pbu  │ psd  │ puk │    bs    │    sb    │  abu   │  asd   │ auk │ rbu │ bu-sd │ bu-sd_val │ acum_busd │ acum_busd_val │  sd  │  val_sd  │ rsd │
├─────────┼──────┼──────┼──────┼──────┼───────┼──────────┼───────────┼─────────┼──────────┼───────────┼───────────────┼────────────────────────────┼──────┼──────┼─────┼──────────┼──────────┼────────┼────────┼─────┼─────┼───────┼───────────┼───────────┼───────────────┼──────┼──────────┼─────┤
│    0    │ 3.84 │ 3.84 │ 3.84 │ 3.84 │  800  │ 3072000  │    800    │   800   │ 3072000  │  3072000  │ 1674033300000 │ '2023-01-18T09:15:00.000Z' │ 100  │  0   │  0  │ Infinity │    0     │ 2133.3 │ 1066.7 │  0  │ 0.4 │  800  │  3072000  │    800    │    3072000    │      │          │     │
│    1    │ 3.82 │ 3.82 │ 3.82 │ 3.82 │       │          │   1000    │   200   │  764000  │  3836000  │ 1674033600000 │ '2023-01-18T09:20:00.000Z' │  0   │ 100  │  0  │    0     │ Infinity │ 2133.3 │ 1066.7 │  0  │     │ -200  │  -764000  │    600    │    2308000    │ 200  │  764000  │ 0.2 │
│    2    │ 3.83 │ 3.83 │ 3.83 │ 3.83 │       │          │   1200    │   200   │  766000  │  4602000  │ 1674034200000 │ '2023-01-18T09:30:00.000Z' │  0   │ 100  │  0  │    0     │ Infinity │ 2133.3 │ 1066.7 │  0  │     │ -200  │  -766000  │    400    │    1542000    │ 200  │  766000  │ 0.2 │
│    3    │ 3.82 │ 3.83 │ 3.82 │ 3.83 │  200  │  764000  │   3800    │  2600   │ 9953000  │ 14555000  │ 1674034500000 │ '2023-01-18T09:35:00.000Z' │ 7.7  │ 92.3 │  0  │   0.1    │    12    │ 2133.3 │ 1066.7 │  0  │ 0.1 │ -2200 │ -8425000  │   -1800   │   -6883000    │ 2400 │ 9189000  │ 2.2 │
│    4    │ 3.77 │ 3.8  │ 3.77 │ 3.8  │       │          │   4200    │   400   │ 1514000  │ 16069000  │ 1674034800000 │ '2023-01-18T09:40:00.000Z' │  0   │ 100  │  0  │    0     │ Infinity │ 2133.3 │ 1066.7 │  0  │     │ -400  │ -1514000  │   -2200   │   -8397000    │ 400  │ 1514000  │ 0.4 │
│    5    │ 3.77 │ 3.77 │ 3.77 │ 3.77 │       │          │   5500    │  1300   │ 4901000  │ 20970000  │ 1674035700000 │ '2023-01-18T09:55:00.000Z' │  0   │ 100  │  0  │    0     │ Infinity │ 2133.3 │ 1066.7 │  0  │     │ -1300 │ -4901000  │   -3500   │   -13298000   │ 1300 │ 4901000  │ 1.2 │
│    6    │ 3.77 │ 3.77 │ 3.77 │ 3.77 │       │          │   6500    │  1000   │ 3770000  │ 24740000  │ 1674036300000 │ '2023-01-18T10:05:00.000Z' │  0   │ 100  │  0  │    0     │ Infinity │ 2133.3 │ 1066.7 │  0  │     │ -1000 │ -3770000  │   -4500   │   -17068000   │ 1000 │ 3770000  │ 0.9 │
│    7    │ 3.78 │ 3.78 │ 3.78 │ 3.78 │       │          │   6700    │   200   │  756000  │ 25496000  │ 1674036600000 │ '2023-01-18T10:10:00.000Z' │  0   │ 100  │  0  │    0     │ Infinity │ 2133.3 │ 1066.7 │  0  │     │ -200  │  -756000  │   -4700   │   -17824000   │ 200  │  756000  │ 0.2 │
│    8    │ 3.83 │ 3.83 │ 3.82 │ 3.82 │ 7200  │ 27512000 │   14100   │  7400   │ 28278000 │ 53774000  │ 1674036900000 │ '2023-01-18T10:15:00.000Z' │ 97.3 │ 2.7  │  0  │    36    │    0     │ 2133.3 │ 1066.7 │  0  │ 3.4 │ 7000  │ 26746000  │   2300    │    8922000    │ 200  │  766000  │ 0.2 │
│    9    │ 3.83 │ 3.83 │ 3.83 │ 3.83 │  100  │  383000  │   14600   │   500   │ 1915000  │ 55689000  │ 1674037500000 │ '2023-01-18T10:25:00.000Z' │  20  │  80  │  0  │   0.3    │    4     │ 2133.3 │ 1066.7 │  0  │  0  │ -300  │ -1149000  │   2000    │    7773000    │ 400  │ 1532000  │ 0.4 │
│   10    │ 3.86 │ 3.86 │ 3.83 │ 3.83 │ 6900  │ 26515000 │   21500   │  6900   │ 26515000 │ 82204000  │ 1674038100000 │ '2023-01-18T10:35:00.000Z' │ 100  │  0   │  0  │ Infinity │    0     │ 2133.3 │ 1066.7 │  0  │ 3.2 │ 6900  │ 26515000  │   8900    │   34288000    │      │          │     │
│   11    │ 3.86 │ 3.86 │ 3.85 │ 3.85 │ 1000  │ 3858000  │   22500   │  1000   │ 3858000  │ 86062000  │ 1674039000000 │ '2023-01-18T10:50:00.000Z' │ 100  │  0   │  0  │ Infinity │    0     │ 2133.3 │ 1066.7 │  0  │ 0.5 │ 1000  │  3858000  │   9900    │   38146000    │      │          │     │
│   12    │ 3.86 │ 3.86 │ 3.86 │ 3.86 │ 2800  │ 10808000 │   25300   │  2800   │ 10808000 │ 96870000  │ 1674039600000 │ '2023-01-18T11:00:00.000Z' │ 100  │  0   │  0  │ Infinity │    0     │ 2133.3 │ 1066.7 │  0  │ 1.3 │ 2800  │ 10808000  │   12700   │   48954000    │      │          │     │
│   13    │ 3.86 │ 3.86 │ 3.86 │ 3.86 │ 4400  │ 16984000 │   29700   │  4400   │ 16984000 │ 113854000 │ 1674040500000 │ '2023-01-18T11:15:00.000Z' │ 100  │  0   │  0  │ Infinity │    0     │ 2133.3 │ 1066.7 │  0  │ 2.1 │ 4400  │ 16984000  │   17100   │   65938000    │      │          │     │
│   14    │ 3.83 │ 3.86 │ 3.83 │ 3.86 │       │          │   31700   │  2000   │ 7680000  │ 121534000 │ 1674040800000 │ '2023-01-18T11:20:00.000Z' │  0   │ 100  │  0  │    0     │ Infinity │ 2133.3 │ 1066.7 │  0  │     │ -2000 │ -7680000  │   15100   │   58258000    │ 2000 │ 7680000  │ 1.9 │
│   15    │ 3.81 │ 3.83 │ 3.81 │ 3.83 │       │          │   34600   │  2900   │ 11105000 │ 132639000 │ 1674041100000 │ '2023-01-18T11:25:00.000Z' │  0   │ 100  │  0  │    0     │ Infinity │ 2133.3 │ 1066.7 │  0  │     │ -2900 │ -11105000 │   12200   │   47153000    │ 2900 │ 11105000 │ 2.7 │
│   16    │ 3.83 │ 3.83 │ 3.81 │ 3.81 │ 2500  │ 9575000  │   38900   │  4300   │ 16444000 │ 149083000 │ 1674046800000 │ '2023-01-18T13:00:00.000Z' │ 58.1 │ 41.9 │  0  │   1.4    │   0.7    │ 2133.3 │ 1066.7 │  0  │ 1.2 │  700  │  2706000  │   12900   │   49859000    │ 1800 │ 6869000  │ 1.7 │
│   17    │ 3.82 │ 3.82 │ 3.82 │ 3.82 │       │          │   43200   │  4300   │ 16426000 │ 165509000 │ 1674047100000 │ '2023-01-18T13:05:00.000Z' │  0   │ 100  │  0  │    0     │ Infinity │ 2133.3 │ 1066.7 │  0  │     │ -4300 │ -16426000 │   8600    │   33433000    │ 4300 │ 16426000 │  4  │
│   18    │ 3.81 │ 3.81 │ 3.81 │ 3.81 │       │          │   45200   │  2000   │ 7620000  │ 173129000 │ 1674047700000 │ '2023-01-18T13:15:00.000Z' │  0   │ 100  │  0  │    0     │ Infinity │ 2133.3 │ 1066.7 │  0  │     │ -2000 │ -7620000  │   6600    │   25813000    │ 2000 │ 7620000  │ 1.9 │
│   19    │ 3.81 │ 3.81 │ 3.81 │ 3.81 │       │          │   47300   │  2100   │ 8001000  │ 181130000 │ 1674048000000 │ '2023-01-18T13:20:00.000Z' │  0   │ 100  │  0  │    0     │ Infinity │ 2133.3 │ 1066.7 │  0  │     │ -2100 │ -8001000  │   4500    │   17812000    │ 2100 │ 8001000  │  2  │
│   20    │ 3.82 │ 3.82 │ 3.81 │ 3.81 │ 8200  │ 31245000 │   55500   │  8200   │ 31245000 │ 212375000 │ 1674048600000 │ '2023-01-18T13:30:00.000Z' │ 100  │  0   │  0  │ Infinity │    0     │ 2133.3 │ 1066.7 │  0  │ 3.8 │ 8200  │ 31245000  │   12700   │   49057000    │      │          │     │
├─────────┼──────┼──────┼──────┼──────┼───────┼──────────┼───────────┼─────────┼──────────┼───────────┼───────────────┼────────────────────────────┼──────┼──────┼─────┼──────────┼──────────┼────────┼────────┼─────┼─────┼───────┼───────────┼───────────┼───────────────┼──────┼──────────┼─────┤
│ (index) │  c   │  h   │  l   │  o   │  bu   │  val_bu  │ total_vol │ sum_vol │   val    │ acum_val  │   datetime    │            date            │ pbu  │ psd  │ puk │    bs    │    sb    │  abu   │  asd   │ auk │ rbu │ bu-sd │ bu-sd_val │ acum_busd │ acum_busd_val │  sd  │  val_sd  │ rsd │
├─────────┼──────┼──────┼──────┼──────┼───────┼──────────┼───────────┼─────────┼──────────┼───────────┼───────────────┼────────────────────────────┼──────┼──────┼─────┼──────────┼──────────┼────────┼────────┼─────┼─────┼───────┼───────────┼───────────┼───────────────┼──────┼──────────┼─────┤
│   21    │ 3.8  │ 3.82 │ 3.8  │ 3.82 │ 2100  │ 8022000  │   57900   │  2400   │ 9162000  │ 221537000 │ 1674048900000 │ '2023-01-18T13:35:00.000Z' │ 87.5 │ 12.5 │  0  │    7     │   0.1    │ 2133.3 │ 1066.7 │  0  │  1  │ 1800  │  6882000  │   14500   │   55939000    │ 300  │ 1140000  │ 0.3 │
│   22    │ 3.8  │ 3.8  │ 3.8  │ 3.8  │ 3300  │ 12540000 │   68900   │  11000  │ 41800000 │ 263337000 │ 1674049200000 │ '2023-01-18T13:40:00.000Z' │  30  │  70  │  0  │   0.4    │   2.3    │ 2133.3 │ 1066.7 │  0  │ 1.5 │ -4400 │ -16720000 │   10100   │   39219000    │ 7700 │ 29260000 │ 7.2 │
│   23    │ 3.82 │ 3.82 │ 3.81 │ 3.81 │  100  │  382000  │   71000   │  2100   │ 8002000  │ 271339000 │ 1674049500000 │ '2023-01-18T13:45:00.000Z' │ 4.8  │ 95.2 │  0  │   0.1    │    20    │ 2133.3 │ 1066.7 │  0  │  0  │ -1900 │ -7238000  │   8200    │   31981000    │ 2000 │ 7620000  │ 1.9 │
│   24    │ 3.82 │ 3.82 │ 3.82 │ 3.82 │ 1500  │ 5730000  │   72500   │  1500   │ 5730000  │ 277069000 │ 1674049800000 │ '2023-01-18T13:50:00.000Z' │ 100  │  0   │  0  │ Infinity │    0     │ 2133.3 │ 1066.7 │  0  │ 0.7 │ 1500  │  5730000  │   9700    │   37711000    │      │          │     │
│   25    │ 3.82 │ 3.82 │ 3.82 │ 3.82 │  500  │ 1910000  │   73000   │   500   │ 1910000  │ 278979000 │ 1674050100000 │ '2023-01-18T13:55:00.000Z' │ 100  │  0   │  0  │ Infinity │    0     │ 2133.3 │ 1066.7 │  0  │ 0.2 │  500  │  1910000  │   10200   │   39621000    │      │          │     │
│   26    │ 3.81 │ 3.82 │ 3.81 │ 3.82 │  600  │ 2292000  │   74800   │  1800   │ 6864000  │ 285843000 │ 1674050400000 │ '2023-01-18T14:00:00.000Z' │ 33.3 │ 66.7 │  0  │   0.5    │    2     │ 2133.3 │ 1066.7 │  0  │ 0.3 │ -600  │ -2280000  │   9600    │   37341000    │ 1200 │ 4572000  │ 1.1 │
│   27    │ 3.82 │ 3.82 │ 3.82 │ 3.82 │ 4800  │ 18336000 │   79600   │  4800   │ 18336000 │ 304179000 │ 1674050700000 │ '2023-01-18T14:05:00.000Z' │ 100  │  0   │  0  │ Infinity │    0     │ 2133.3 │ 1066.7 │  0  │ 2.3 │ 4800  │ 18336000  │   14400   │   55677000    │      │          │     │
│   28    │ 3.82 │ 3.82 │ 3.81 │ 3.82 │ 11000 │ 42020000 │   90900   │  11300  │ 43163000 │ 347342000 │ 1674051000000 │ '2023-01-18T14:10:00.000Z' │ 97.3 │ 2.7  │  0  │   36.7   │    0     │ 2133.3 │ 1066.7 │  0  │ 5.2 │ 10700 │ 40877000  │   25100   │   96554000    │ 300  │ 1143000  │ 0.3 │
│   29    │ 3.88 │ 3.88 │ 3.82 │ 3.82 │ 7600  │ 29080000 │   98500   │  7600   │ 29080000 │ 376422000 │ 1674051300000 │ '2023-01-18T14:15:00.000Z' │ 100  │  0   │  0  │ Infinity │    0     │ 2133.3 │ 1066.7 │  0  │ 3.6 │ 7600  │ 29080000  │   32700   │   125634000   │      │          │     │
│   30    │ 3.87 │ 3.87 │ 3.82 │ 3.82 │  200  │  774000  │  101000   │  2500   │ 9560000  │ 385982000 │ 1674051600000 │ '2023-01-18T14:20:00.000Z' │  8   │  92  │  0  │   0.1    │   11.5   │ 2133.3 │ 1066.7 │  0  │ 0.1 │ -2100 │ -8012000  │   30600   │   117622000   │ 2300 │ 8786000  │ 2.2 │
│   31    │ 3.88 │ 3.88 │ 3.88 │ 3.88 │  100  │  388000  │  101100   │   100   │  388000  │ 386370000 │ 1674051900000 │ '2023-01-18T14:25:00.000Z' │ 100  │  0   │  0  │ Infinity │    0     │ 2133.3 │ 1066.7 │  0  │  0  │  100  │  388000   │   30700   │   118010000   │      │          │     │
│   32    │ 3.87 │ 3.87 │ 3.87 │ 3.87 │ 4500  │ 17415000 │  105600   │  4500   │ 17415000 │ 403785000 │ 1674053100000 │ '2023-01-18T14:45:00.000Z' │ 100  │  0   │  0  │ Infinity │    0     │ 2133.3 │ 1066.7 │  0  │ 2.1 │ 4500  │ 17415000  │   35200   │   135425000   │      │          │     │
└─────────┴──────┴──────┴──────┴──────┴───────┴──────────┴───────────┴─────────┴──────────┴───────────┴───────────────┴────────────────────────────┴──────┴──────┴─────┴──────────┴──────────┴────────┴────────┴─────┴─────┴───────┴───────────┴───────────┴───────────────┴──────┴──────────┴─────┘

