┌─────────┬──────┬──────┬──────┬──────┬──────┬─────────┬───────────┬─────────┬─────────┬──────────┬───────────────┬────────────────────────────┬─────┬─────┬─────┬──────────┬──────────┬───────┬─────┬─────┬─────┬───────┬───────────┬───────────┬───────────────┬─────┬─────────┬─────┐
│ (index) │  c   │  h   │  l   │  o   │  bu  │ val_bu  │ total_vol │ sum_vol │   val   │ acum_val │   datetime    │            date            │ pbu │ psd │ puk │    bs    │    sb    │  abu  │ asd │ auk │ rbu │ bu-sd │ bu-sd_val │ acum_busd │ acum_busd_val │ sd  │ val_sd  │ rsd │
├─────────┼──────┼──────┼──────┼──────┼──────┼─────────┼───────────┼─────────┼─────────┼──────────┼───────────────┼────────────────────────────┼─────┼─────┼─────┼──────────┼──────────┼───────┼─────┼─────┼─────┼───────┼───────────┼───────────┼───────────────┼─────┼─────────┼─────┤
│    0    │ 7.2  │ 7.2  │ 7.2  │ 7.2  │ 100  │ 720000  │    100    │   100   │ 720000  │  720000  │ 1674033240000 │ '2023-01-18T09:14:00.000Z' │ 100 │  0  │  0  │ Infinity │    0     │ 262.5 │ 75  │  0  │ 0.4 │  100  │  720000   │    100    │    720000     │     │         │     │
│    1    │ 7.2  │ 7.2  │ 7.2  │ 7.2  │ 100  │ 720000  │    200    │   100   │ 720000  │ 1440000  │ 1674034080000 │ '2023-01-18T09:28:00.000Z' │ 100 │  0  │  0  │ Infinity │    0     │ 262.5 │ 75  │  0  │ 0.4 │  100  │  720000   │    200    │    1440000    │     │         │     │
│    2    │ 7.19 │ 7.19 │ 7.19 │ 7.19 │ 100  │ 719000  │    300    │   100   │ 719000  │ 2159000  │ 1674034920000 │ '2023-01-18T09:42:00.000Z' │ 100 │  0  │  0  │ Infinity │    0     │ 262.5 │ 75  │  0  │ 0.4 │  100  │  719000   │    300    │    2159000    │     │         │     │
│    3    │ 6.87 │ 6.88 │ 6.87 │ 6.88 │      │         │    600    │   300   │ 2062000 │ 4221000  │ 1674036000000 │ '2023-01-18T10:00:00.000Z' │  0  │ 100 │  0  │    0     │ Infinity │ 262.5 │ 75  │  0  │     │ -300  │ -2062000  │     0     │     97000     │ 300 │ 2062000 │  4  │
│    4    │ 6.88 │ 6.88 │ 6.88 │ 6.88 │      │         │   1200    │   600   │ 4128000 │ 8349000  │ 1674036120000 │ '2023-01-18T10:02:00.000Z' │  0  │ 100 │  0  │    0     │ Infinity │ 262.5 │ 75  │  0  │     │ -600  │ -4128000  │   -600    │   -4031000    │ 600 │ 4128000 │  8  │
│    5    │ 7.19 │ 7.19 │ 7.19 │ 7.19 │ 100  │ 719000  │   1300    │   100   │ 719000  │ 9068000  │ 1674036840000 │ '2023-01-18T10:14:00.000Z' │ 100 │  0  │  0  │ Infinity │    0     │ 262.5 │ 75  │  0  │ 0.4 │  100  │  719000   │   -500    │   -3312000    │     │         │     │
│    6    │ 6.92 │ 6.92 │ 6.92 │ 6.92 │      │         │   1400    │   100   │ 692000  │ 9760000  │ 1674047040000 │ '2023-01-18T13:04:00.000Z' │  0  │ 100 │  0  │    0     │ Infinity │ 262.5 │ 75  │  0  │     │ -100  │  -692000  │   -600    │   -4004000    │ 100 │ 692000  │ 1.3 │
│    7    │ 6.96 │ 6.96 │ 6.96 │ 6.96 │      │         │   1500    │   100   │ 696000  │ 10456000 │ 1674047400000 │ '2023-01-18T13:10:00.000Z' │  0  │ 100 │  0  │    0     │ Infinity │ 262.5 │ 75  │  0  │     │ -100  │  -696000  │   -700    │   -4700000    │ 100 │ 696000  │ 1.3 │
│    8    │ 7.2  │ 7.2  │ 7.18 │ 7.18 │ 1200 │ 8623000 │   2700    │  1200   │ 8623000 │ 19079000 │ 1674047760000 │ '2023-01-18T13:16:00.000Z' │ 100 │  0  │  0  │ Infinity │    0     │ 262.5 │ 75  │  0  │ 4.6 │ 1200  │  8623000  │    500    │    3923000    │     │         │     │
│    9    │ 7.19 │ 7.19 │ 7.19 │ 7.19 │ 500  │ 3595000 │   3200    │   500   │ 3595000 │ 22674000 │ 1674049080000 │ '2023-01-18T13:38:00.000Z' │ 100 │  0  │  0  │ Infinity │    0     │ 262.5 │ 75  │  0  │ 1.9 │  500  │  3595000  │   1000    │    7518000    │     │         │     │
│   10    │ 7.19 │ 7.19 │ 7.19 │ 7.19 │ 500  │ 3595000 │   3700    │   500   │ 3595000 │ 26269000 │ 1674049440000 │ '2023-01-18T13:44:00.000Z' │ 100 │  0  │  0  │ Infinity │    0     │ 262.5 │ 75  │  0  │ 1.9 │  500  │  3595000  │   1500    │   11113000    │     │         │     │
│   11    │ 7.02 │ 7.02 │ 7.02 │ 7.02 │      │         │   3800    │   100   │ 702000  │ 26971000 │ 1674049560000 │ '2023-01-18T13:46:00.000Z' │  0  │ 100 │  0  │    0     │ Infinity │ 262.5 │ 75  │  0  │     │ -100  │  -702000  │   1400    │   10411000    │ 100 │ 702000  │ 1.3 │
│   12    │ 7.19 │ 7.19 │ 7.18 │ 7.18 │ 200  │ 1437000 │   4000    │   200   │ 1437000 │ 28408000 │ 1674050640000 │ '2023-01-18T14:04:00.000Z' │ 100 │  0  │  0  │ Infinity │    0     │ 262.5 │ 75  │  0  │ 0.8 │  200  │  1437000  │   1600    │   11848000    │     │         │     │
│   13    │ 7.19 │ 7.19 │ 7.19 │ 7.19 │ 1000 │ 7190000 │   5000    │  1000   │ 7190000 │ 35598000 │ 1674051360000 │ '2023-01-18T14:16:00.000Z' │ 100 │  0  │  0  │ Infinity │    0     │ 262.5 │ 75  │  0  │ 3.8 │ 1000  │  7190000  │   2600    │   19038000    │     │         │     │
│   14    │ 7.19 │ 7.19 │ 7.19 │ 7.19 │ 300  │ 2157000 │   5300    │   300   │ 2157000 │ 37755000 │ 1674051480000 │ '2023-01-18T14:18:00.000Z' │ 100 │  0  │  0  │ Infinity │    0     │ 262.5 │ 75  │  0  │ 1.1 │  300  │  2157000  │   2900    │   21195000    │     │         │     │
│   15    │ 7.19 │ 7.19 │ 7.19 │ 7.19 │ 100  │ 719000  │   5400    │   100   │ 719000  │ 38474000 │ 1674053040000 │ '2023-01-18T14:44:00.000Z' │ 100 │  0  │  0  │ Infinity │    0     │ 262.5 │ 75  │  0  │ 0.4 │  100  │  719000   │   3000    │   21914000    │     │         │     │
└─────────┴──────┴──────┴──────┴──────┴──────┴─────────┴───────────┴─────────┴─────────┴──────────┴───────────────┴────────────────────────────┴─────┴─────┴─────┴──────────┴──────────┴───────┴─────┴─────┴─────┴───────┴───────────┴───────────┴───────────────┴─────┴─────────┴─────┘

