┌─────────┬──────┬──────┬──────┬──────┬──────┬──────────┬───────────┬─────────┬──────────┬───────────┬───────────────┬────────────────────────────┬──────┬──────┬─────┬──────────┬──────────┬─────┬───────┬─────┬─────┬───────┬───────────┬───────────┬───────────────┬──────┬──────────┬─────┐
│ (index) │  c   │  h   │  l   │  o   │  sd  │  val_sd  │ total_vol │ sum_vol │   val    │ acum_val  │   datetime    │            date            │ pbu  │ psd  │ puk │    bs    │    sb    │ abu │  asd  │ auk │ rsd │ bu-sd │ bu-sd_val │ acum_busd │ acum_busd_val │  bu  │  val_bu  │ rbu │
├─────────┼──────┼──────┼──────┼──────┼──────┼──────────┼───────────┼─────────┼──────────┼───────────┼───────────────┼────────────────────────────┼──────┼──────┼─────┼──────────┼──────────┼─────┼───────┼─────┼─────┼───────┼───────────┼───────────┼───────────────┼──────┼──────────┼─────┤
│    0    │ 3.09 │ 3.09 │ 3.09 │ 3.09 │ 300  │  927000  │    300    │   300   │  927000  │  927000   │ 1674033300000 │ '2023-01-18T09:15:00.000Z' │  0   │ 100  │  0  │    0     │ Infinity │ 897 │ 693.9 │  0  │ 0.4 │ -300  │  -927000  │   -300    │    -927000    │      │          │     │
│    1    │ 3.1  │ 3.11 │ 3.1  │ 3.11 │ 1500 │ 4655000  │   4300    │  4000   │ 12405000 │ 13332000  │ 1674034800000 │ '2023-01-18T09:40:00.000Z' │ 62.5 │ 37.5 │  0  │   1.7    │   0.6    │ 897 │ 693.9 │  0  │ 2.2 │ 1000  │  3095000  │    700    │    2168000    │ 2500 │ 7750000  │ 2.8 │
│    2    │ 3.1  │ 3.1  │ 3.1  │ 3.1  │ 2800 │ 8680000  │   7100    │  2800   │ 8680000  │ 22012000  │ 1674035400000 │ '2023-01-18T09:50:00.000Z' │  0   │ 100  │  0  │    0     │ Infinity │ 897 │ 693.9 │  0  │  4  │ -2800 │ -8680000  │   -2100   │   -6512000    │      │          │     │
│    3    │ 3.16 │ 3.16 │ 3.16 │ 3.16 │      │          │   7200    │   100   │  316000  │ 22328000  │ 1674035700000 │ '2023-01-18T09:55:00.000Z' │ 100  │  0   │  0  │ Infinity │    0     │ 897 │ 693.9 │  0  │     │  100  │  316000   │   -2000   │   -6196000    │ 100  │  316000  │ 0.1 │
│    4    │ 3.16 │ 3.16 │ 3.16 │ 3.16 │ 600  │ 1896000  │   8200    │  1000   │ 3160000  │ 25488000  │ 1674036000000 │ '2023-01-18T10:00:00.000Z' │  40  │  60  │  0  │   0.7    │   1.5    │ 897 │ 693.9 │  0  │ 0.9 │ -200  │  -632000  │   -2200   │   -6828000    │ 400  │ 1264000  │ 0.4 │
│    5    │ 3.13 │ 3.16 │ 3.13 │ 3.16 │ 2300 │ 7255000  │   10500   │  2300   │ 7255000  │ 32743000  │ 1674036300000 │ '2023-01-18T10:05:00.000Z' │  0   │ 100  │  0  │    0     │ Infinity │ 897 │ 693.9 │  0  │ 3.3 │ -2300 │ -7255000  │   -4500   │   -14083000   │      │          │     │
│    6    │ 3.13 │ 3.13 │ 3.13 │ 3.13 │ 400  │ 1252000  │   10900   │   400   │ 1252000  │ 33995000  │ 1674036600000 │ '2023-01-18T10:10:00.000Z' │  0   │ 100  │  0  │    0     │ Infinity │ 897 │ 693.9 │  0  │ 0.6 │ -400  │ -1252000  │   -4900   │   -15335000   │      │          │     │
│    7    │ 3.13 │ 3.13 │ 3.12 │ 3.12 │      │          │   11300   │   400   │ 1251000  │ 35246000  │ 1674036900000 │ '2023-01-18T10:15:00.000Z' │ 100  │  0   │  0  │ Infinity │    0     │ 897 │ 693.9 │  0  │     │  400  │  1251000  │   -4500   │   -14084000   │ 400  │ 1251000  │ 0.4 │
│    8    │ 3.16 │ 3.16 │ 3.13 │ 3.13 │ 500  │ 1565000  │   11900   │   600   │ 1881000  │ 37127000  │ 1674037500000 │ '2023-01-18T10:25:00.000Z' │ 16.7 │ 83.3 │  0  │   0.2    │    5     │ 897 │ 693.9 │  0  │ 0.7 │ -400  │ -1249000  │   -4900   │   -15333000   │ 100  │  316000  │ 0.1 │
│    9    │ 3.16 │ 3.16 │ 3.16 │ 3.16 │      │          │   12000   │   100   │  316000  │ 37443000  │ 1674037800000 │ '2023-01-18T10:30:00.000Z' │ 100  │  0   │  0  │ Infinity │    0     │ 897 │ 693.9 │  0  │     │  100  │  316000   │   -4800   │   -15017000   │ 100  │  316000  │ 0.1 │
│   10    │ 3.13 │ 3.13 │ 3.13 │ 3.13 │ 1800 │ 5634000  │   13800   │  1800   │ 5634000  │ 43077000  │ 1674038100000 │ '2023-01-18T10:35:00.000Z' │  0   │ 100  │  0  │    0     │ Infinity │ 897 │ 693.9 │  0  │ 2.6 │ -1800 │ -5634000  │   -6600   │   -20651000   │      │          │     │
│   11    │ 3.13 │ 3.13 │ 3.13 │ 3.13 │      │          │   14000   │   200   │  626000  │ 43703000  │ 1674038400000 │ '2023-01-18T10:40:00.000Z' │ 100  │  0   │  0  │ Infinity │    0     │ 897 │ 693.9 │  0  │     │  200  │  626000   │   -6400   │   -20025000   │ 200  │  626000  │ 0.2 │
│   12    │ 3.13 │ 3.13 │ 3.13 │ 3.13 │ 1000 │ 3130000  │   15000   │  1000   │ 3130000  │ 46833000  │ 1674038700000 │ '2023-01-18T10:45:00.000Z' │  0   │ 100  │  0  │    0     │ Infinity │ 897 │ 693.9 │  0  │ 1.4 │ -1000 │ -3130000  │   -7400   │   -23155000   │      │          │     │
│   13    │ 3.16 │ 3.16 │ 3.13 │ 3.13 │ 200  │  626000  │   18700   │  3700   │ 11686000 │ 58519000  │ 1674039000000 │ '2023-01-18T10:50:00.000Z' │ 94.6 │ 5.4  │  0  │   17.5   │   0.1    │ 897 │ 693.9 │  0  │ 0.3 │ 3300  │ 10434000  │   -4100   │   -12721000   │ 3500 │ 11060000 │ 3.9 │
│   14    │ 3.14 │ 3.15 │ 3.14 │ 3.15 │ 4600 │ 14466000 │   23300   │  4600   │ 14466000 │ 72985000  │ 1674039300000 │ '2023-01-18T10:55:00.000Z' │  0   │ 100  │  0  │    0     │ Infinity │ 897 │ 693.9 │  0  │ 6.6 │ -4600 │ -14466000 │   -8700   │   -27187000   │      │          │     │
│   15    │ 3.15 │ 3.15 │ 3.14 │ 3.14 │ 2400 │ 7558000  │   25700   │  2400   │ 7558000  │ 80543000  │ 1674039600000 │ '2023-01-18T11:00:00.000Z' │  0   │ 100  │  0  │    0     │ Infinity │ 897 │ 693.9 │  0  │ 3.5 │ -2400 │ -7558000  │  -11100   │   -34745000   │      │          │     │
│   16    │ 3.16 │ 3.16 │ 3.16 │ 3.16 │      │          │   30300   │  4600   │ 14536000 │ 95079000  │ 1674039900000 │ '2023-01-18T11:05:00.000Z' │ 100  │  0   │  0  │ Infinity │    0     │ 897 │ 693.9 │  0  │     │ 4600  │ 14536000  │   -6500   │   -20209000   │ 4600 │ 14536000 │ 5.1 │
│   17    │ 3.17 │ 3.17 │ 3.17 │ 3.17 │      │          │   32200   │  1900   │ 6023000  │ 101102000 │ 1674040200000 │ '2023-01-18T11:10:00.000Z' │ 100  │  0   │  0  │ Infinity │    0     │ 897 │ 693.9 │  0  │     │ 1900  │  6023000  │   -4600   │   -14186000   │ 1900 │ 6023000  │ 2.1 │
│   18    │ 3.16 │ 3.16 │ 3.16 │ 3.16 │ 1000 │ 3160000  │   33200   │  1000   │ 3160000  │ 104262000 │ 1674040800000 │ '2023-01-18T11:20:00.000Z' │  0   │ 100  │  0  │    0     │ Infinity │ 897 │ 693.9 │  0  │ 1.4 │ -1000 │ -3160000  │   -5600   │   -17346000   │      │          │     │
│   19    │ 3.14 │ 3.14 │ 3.14 │ 3.14 │ 400  │ 1256000  │   33600   │   400   │ 1256000  │ 105518000 │ 1674041100000 │ '2023-01-18T11:25:00.000Z' │  0   │ 100  │  0  │    0     │ Infinity │ 897 │ 693.9 │  0  │ 0.6 │ -400  │ -1256000  │   -6000   │   -18602000   │      │          │     │
│   20    │ 3.14 │ 3.14 │ 3.14 │ 3.14 │      │          │   35600   │  2000   │ 6280000  │ 111798000 │ 1674046800000 │ '2023-01-18T13:00:00.000Z' │ 100  │  0   │  0  │ Infinity │    0     │ 897 │ 693.9 │  0  │     │ 2000  │  6280000  │   -4000   │   -12322000   │ 2000 │ 6280000  │ 2.2 │
├─────────┼──────┼──────┼──────┼──────┼──────┼──────────┼───────────┼─────────┼──────────┼───────────┼───────────────┼────────────────────────────┼──────┼──────┼─────┼──────────┼──────────┼─────┼───────┼─────┼─────┼───────┼───────────┼───────────┼───────────────┼──────┼──────────┼─────┤
│ (index) │  c   │  h   │  l   │  o   │  sd  │  val_sd  │ total_vol │ sum_vol │   val    │ acum_val  │   datetime    │            date            │ pbu  │ psd  │ puk │    bs    │    sb    │ abu │  asd  │ auk │ rsd │ bu-sd │ bu-sd_val │ acum_busd │ acum_busd_val │  bu  │  val_bu  │ rbu │
├─────────┼──────┼──────┼──────┼──────┼──────┼──────────┼───────────┼─────────┼──────────┼───────────┼───────────────┼────────────────────────────┼──────┼──────┼─────┼──────────┼──────────┼─────┼───────┼─────┼─────┼───────┼───────────┼───────────┼───────────────┼──────┼──────────┼─────┤
│   21    │ 3.14 │ 3.14 │ 3.14 │ 3.14 │      │          │   38100   │  2500   │ 7850000  │ 119648000 │ 1674047100000 │ '2023-01-18T13:05:00.000Z' │ 100  │  0   │  0  │ Infinity │    0     │ 897 │ 693.9 │  0  │     │ 2500  │  7850000  │   -1500   │   -4472000    │ 2500 │ 7850000  │ 2.8 │
│   22    │ 3.13 │ 3.13 │ 3.13 │ 3.13 │ 100  │  313000  │   38200   │   100   │  313000  │ 119961000 │ 1674048000000 │ '2023-01-18T13:20:00.000Z' │  0   │ 100  │  0  │    0     │ Infinity │ 897 │ 693.9 │  0  │ 0.1 │ -100  │  -313000  │   -1600   │   -4785000    │      │          │     │
│   23    │ 3.13 │ 3.13 │ 3.13 │ 3.13 │      │          │   38600   │   400   │ 1252000  │ 121213000 │ 1674048300000 │ '2023-01-18T13:25:00.000Z' │ 100  │  0   │  0  │ Infinity │    0     │ 897 │ 693.9 │  0  │     │  400  │  1252000  │   -1200   │   -3533000    │ 400  │ 1252000  │ 0.4 │
│   24    │ 3.16 │ 3.16 │ 3.13 │ 3.13 │ 700  │ 2191000  │   39900   │  1300   │ 4087000  │ 125300000 │ 1674048600000 │ '2023-01-18T13:30:00.000Z' │ 46.2 │ 53.8 │  0  │   0.9    │   1.2    │ 897 │ 693.9 │  0  │  1  │ -100  │  -295000  │   -1300   │   -3828000    │ 600  │ 1896000  │ 0.7 │
│   25    │ 3.16 │ 3.16 │ 3.16 │ 3.16 │      │          │   40100   │   200   │  632000  │ 125932000 │ 1674049500000 │ '2023-01-18T13:45:00.000Z' │ 100  │  0   │  0  │ Infinity │    0     │ 897 │ 693.9 │  0  │     │  200  │  632000   │   -1100   │   -3196000    │ 200  │  632000  │ 0.2 │
│   26    │ 3.16 │ 3.16 │ 3.16 │ 3.16 │      │          │   41100   │  1000   │ 3160000  │ 129092000 │ 1674049800000 │ '2023-01-18T13:50:00.000Z' │ 100  │  0   │  0  │ Infinity │    0     │ 897 │ 693.9 │  0  │     │ 1000  │  3160000  │   -100    │    -36000     │ 1000 │ 3160000  │ 1.1 │
│   27    │ 3.16 │ 3.16 │ 3.16 │ 3.16 │      │          │   42800   │  1700   │ 5372000  │ 134464000 │ 1674050100000 │ '2023-01-18T13:55:00.000Z' │ 100  │  0   │  0  │ Infinity │    0     │ 897 │ 693.9 │  0  │     │ 1700  │  5372000  │   1600    │    5336000    │ 1700 │ 5372000  │ 1.9 │
│   28    │ 3.16 │ 3.16 │ 3.15 │ 3.15 │ 700  │ 2205000  │   44000   │  1200   │ 3782000  │ 138246000 │ 1674050400000 │ '2023-01-18T14:00:00.000Z' │ 41.7 │ 58.3 │  0  │   0.7    │   1.4    │ 897 │ 693.9 │  0  │  1  │ -200  │  -628000  │   1400    │    4708000    │ 500  │ 1577000  │ 0.6 │
│   29    │ 3.13 │ 3.13 │ 3.13 │ 3.13 │ 1100 │ 3443000  │   45100   │  1100   │ 3443000  │ 141689000 │ 1674050700000 │ '2023-01-18T14:05:00.000Z' │  0   │ 100  │  0  │    0     │ Infinity │ 897 │ 693.9 │  0  │ 1.6 │ -1100 │ -3443000  │    300    │    1265000    │      │          │     │
│   30    │ 3.13 │ 3.13 │ 3.13 │ 3.13 │      │          │   51000   │  5900   │ 18467000 │ 160156000 │ 1674051000000 │ '2023-01-18T14:10:00.000Z' │ 100  │  0   │  0  │ Infinity │    0     │ 897 │ 693.9 │  0  │     │ 5900  │ 18467000  │   6200    │   19732000    │ 5900 │ 18467000 │ 6.6 │
│   31    │ 3.16 │ 3.16 │ 3.16 │ 3.16 │      │          │   52000   │  1000   │ 3160000  │ 163316000 │ 1674051600000 │ '2023-01-18T14:20:00.000Z' │ 100  │  0   │  0  │ Infinity │    0     │ 897 │ 693.9 │  0  │     │ 1000  │  3160000  │   7200    │   22892000    │ 1000 │ 3160000  │ 1.1 │
│   32    │ 3.13 │ 3.13 │ 3.13 │ 3.13 │ 500  │ 1565000  │   52500   │   500   │ 1565000  │ 164881000 │ 1674053100000 │ '2023-01-18T14:45:00.000Z' │  0   │ 100  │  0  │    0     │ Infinity │ 897 │ 693.9 │  0  │ 0.7 │ -500  │ -1565000  │   6700    │   21327000    │      │          │     │
└─────────┴──────┴──────┴──────┴──────┴──────┴──────────┴───────────┴─────────┴──────────┴───────────┴───────────────┴────────────────────────────┴──────┴──────┴─────┴──────────┴──────────┴─────┴───────┴─────┴─────┴───────┴───────────┴───────────┴───────────────┴──────┴──────────┴─────┘

