┌─────────┬──────┬──────┬──────┬──────┬──────┬───────────────────┬───────────┬─────────┬───────────────────┬───────────┬───────────────┬────────────────────────────┬─────┬─────┬─────┬──────────┬────┬────────┬─────┬─────┬─────┬───────┬───────────────────┬───────────┬───────────────┐
│ (index) │  c   │  h   │  l   │  o   │  bu  │      val_bu       │ total_vol │ sum_vol │        val        │ acum_val  │   datetime    │            date            │ pbu │ psd │ puk │    bs    │ sb │  abu   │ asd │ auk │ rbu │ bu-sd │     bu-sd_val     │ acum_busd │ acum_busd_val │
├─────────┼──────┼──────┼──────┼──────┼──────┼───────────────────┼───────────┼─────────┼───────────────────┼───────────┼───────────────┼────────────────────────────┼─────┼─────┼─────┼──────────┼────┼────────┼─────┼─────┼─────┼───────┼───────────────────┼───────────┼───────────────┤
│    0    │ 20.4 │ 20.4 │ 20.4 │ 20.4 │ 800  │     16320000      │    800    │   800   │     16320000      │ 16320000  │ 1674033000000 │ '2023-01-18T09:10:00.000Z' │ 100 │  0  │  0  │ Infinity │ 0  │ 1075.9 │  0  │  0  │ 0.7 │  800  │     16320000      │    800    │   16320000    │
│    1    │ 20.4 │ 20.4 │ 20.4 │ 20.4 │ 600  │     12240000      │   1400    │   600   │     12240000      │ 28560000  │ 1674033600000 │ '2023-01-18T09:20:00.000Z' │ 100 │  0  │  0  │ Infinity │ 0  │ 1075.9 │  0  │  0  │ 0.6 │  600  │     12240000      │   1400    │   28560000    │
│    2    │ 20.1 │ 20.1 │ 20.1 │ 20.1 │ 1000 │     20100000      │   2400    │  1000   │     20100000      │ 48660000  │ 1674034500000 │ '2023-01-18T09:35:00.000Z' │ 100 │  0  │  0  │ Infinity │ 0  │ 1075.9 │  0  │  0  │ 0.9 │ 1000  │     20100000      │   2400    │   48660000    │
│    3    │ 20.1 │ 20.1 │ 20.1 │ 20.1 │ 1000 │     20100000      │   3400    │  1000   │     20100000      │ 68760000  │ 1674034800000 │ '2023-01-18T09:40:00.000Z' │ 100 │  0  │  0  │ Infinity │ 0  │ 1075.9 │  0  │  0  │ 0.9 │ 1000  │     20100000      │   3400    │   68760000    │
│    4    │ 20.1 │ 20.1 │ 20.1 │ 20.1 │ 500  │     10050000      │   3900    │   500   │     10050000      │ 78810000  │ 1674035400000 │ '2023-01-18T09:50:00.000Z' │ 100 │  0  │  0  │ Infinity │ 0  │ 1075.9 │  0  │  0  │ 0.5 │  500  │     10050000      │   3900    │   78810000    │
│    5    │ 20.1 │ 20.1 │ 20.1 │ 20.1 │ 1100 │     22110000      │   5000    │  1100   │     22110000      │ 100920000 │ 1674035700000 │ '2023-01-18T09:55:00.000Z' │ 100 │  0  │  0  │ Infinity │ 0  │ 1075.9 │  0  │  0  │  1  │ 1100  │     22110000      │   5000    │   100920000   │
│    6    │ 20.1 │ 20.1 │ 20.1 │ 20.1 │ 900  │     18090000      │   5900    │   900   │     18090000      │ 119010000 │ 1674036300000 │ '2023-01-18T10:05:00.000Z' │ 100 │  0  │  0  │ Infinity │ 0  │ 1075.9 │  0  │  0  │ 0.8 │  900  │     18090000      │   5900    │   119010000   │
│    7    │ 20.2 │ 20.2 │ 20.2 │ 20.2 │ 1400 │     28280000      │   7300    │  1400   │     28280000      │ 147290000 │ 1674036600000 │ '2023-01-18T10:10:00.000Z' │ 100 │  0  │  0  │ Infinity │ 0  │ 1075.9 │  0  │  0  │ 1.3 │ 1400  │     28280000      │   7300    │   147290000   │
│    8    │ 20.2 │ 20.2 │ 20.2 │ 20.2 │ 400  │      8080000      │   7700    │   400   │      8080000      │ 155370000 │ 1674037200000 │ '2023-01-18T10:20:00.000Z' │ 100 │  0  │  0  │ Infinity │ 0  │ 1075.9 │  0  │  0  │ 0.4 │  400  │      8080000      │   7700    │   155370000   │
│    9    │ 20.1 │ 20.1 │ 20.1 │ 20.1 │ 1100 │     22110000      │   8800    │  1100   │     22110000      │ 177480000 │ 1674037800000 │ '2023-01-18T10:30:00.000Z' │ 100 │  0  │  0  │ Infinity │ 0  │ 1075.9 │  0  │  0  │  1  │ 1100  │     22110000      │   8800    │   177480000   │
│   10    │ 20.1 │ 20.1 │ 20.1 │ 20.1 │ 1500 │     30150000      │   10300   │  1500   │     30150000      │ 207630000 │ 1674038100000 │ '2023-01-18T10:35:00.000Z' │ 100 │  0  │  0  │ Infinity │ 0  │ 1075.9 │  0  │  0  │ 1.4 │ 1500  │     30150000      │   10300   │   207630000   │
│   11    │  20  │  20  │  20  │  20  │ 1900 │     38000000      │   12200   │  1900   │     38000000      │ 245630000 │ 1674039000000 │ '2023-01-18T10:50:00.000Z' │ 100 │  0  │  0  │ Infinity │ 0  │ 1075.9 │  0  │  0  │ 1.8 │ 1900  │     38000000      │   12200   │   245630000   │
│   12    │  20  │  20  │  20  │  20  │ 1700 │     34000000      │   13900   │  1700   │     34000000      │ 279630000 │ 1674039600000 │ '2023-01-18T11:00:00.000Z' │ 100 │  0  │  0  │ Infinity │ 0  │ 1075.9 │  0  │  0  │ 1.6 │ 1700  │     34000000      │   13900   │   279630000   │
│   13    │ 20.1 │ 20.1 │  20  │  20  │ 2200 │     44100000      │   16100   │  2200   │     44100000      │ 323730000 │ 1674040200000 │ '2023-01-18T11:10:00.000Z' │ 100 │  0  │  0  │ Infinity │ 0  │ 1075.9 │  0  │  0  │  2  │ 2200  │     44100000      │   16100   │   323730000   │
│   14    │ 20.1 │ 20.1 │ 20.1 │ 20.1 │ 300  │      6030000      │   16400   │   300   │      6030000      │ 329760000 │ 1674040800000 │ '2023-01-18T11:20:00.000Z' │ 100 │  0  │  0  │ Infinity │ 0  │ 1075.9 │  0  │  0  │ 0.3 │  300  │      6030000      │   16400   │   329760000   │
│   15    │ 20.1 │ 20.1 │ 20.1 │ 20.1 │ 1000 │     20100000      │   17400   │  1000   │     20100000      │ 349860000 │ 1674047100000 │ '2023-01-18T13:05:00.000Z' │ 100 │  0  │  0  │ Infinity │ 0  │ 1075.9 │  0  │  0  │ 0.9 │ 1000  │     20100000      │   17400   │   349860000   │
│   16    │ 20.1 │ 20.1 │ 20.1 │ 20.1 │ 400  │ 8040000.000000001 │   17800   │   400   │ 8040000.000000001 │ 357900000 │ 1674047400000 │ '2023-01-18T13:10:00.000Z' │ 100 │  0  │  0  │ Infinity │ 0  │ 1075.9 │  0  │  0  │ 0.4 │  400  │ 8040000.000000001 │   17800   │   357900000   │
│   17    │  20  │  20  │  20  │  20  │ 1000 │     20000000      │   18800   │  1000   │     20000000      │ 377900000 │ 1674048000000 │ '2023-01-18T13:20:00.000Z' │ 100 │  0  │  0  │ Infinity │ 0  │ 1075.9 │  0  │  0  │ 0.9 │ 1000  │     20000000      │   18800   │   377900000   │
│   18    │  20  │  20  │  20  │  20  │ 1300 │     26000000      │   20100   │  1300   │     26000000      │ 403900000 │ 1674048300000 │ '2023-01-18T13:25:00.000Z' │ 100 │  0  │  0  │ Infinity │ 0  │ 1075.9 │  0  │  0  │ 1.2 │ 1300  │     26000000      │   20100   │   403900000   │
│   19    │  19  │  19  │  19  │  19  │ 700  │     13300000      │   20800   │   700   │     13300000      │ 417200000 │ 1674048900000 │ '2023-01-18T13:35:00.000Z' │ 100 │  0  │  0  │ Infinity │ 0  │ 1075.9 │  0  │  0  │ 0.7 │  700  │     13300000      │   20800   │   417200000   │
│   20    │  20  │  20  │  20  │  20  │ 1000 │     20000000      │   21800   │  1000   │     20000000      │ 437200000 │ 1674049200000 │ '2023-01-18T13:40:00.000Z' │ 100 │  0  │  0  │ Infinity │ 0  │ 1075.9 │  0  │  0  │ 0.9 │ 1000  │     20000000      │   21800   │   437200000   │
├─────────┼──────┼──────┼──────┼──────┼──────┼───────────────────┼───────────┼─────────┼───────────────────┼───────────┼───────────────┼────────────────────────────┼─────┼─────┼─────┼──────────┼────┼────────┼─────┼─────┼─────┼───────┼───────────────────┼───────────┼───────────────┤
│ (index) │  c   │  h   │  l   │  o   │  bu  │      val_bu       │ total_vol │ sum_vol │        val        │ acum_val  │   datetime    │            date            │ pbu │ psd │ puk │    bs    │ sb │  abu   │ asd │ auk │ rbu │ bu-sd │     bu-sd_val     │ acum_busd │ acum_busd_val │
├─────────┼──────┼──────┼──────┼──────┼──────┼───────────────────┼───────────┼─────────┼───────────────────┼───────────┼───────────────┼────────────────────────────┼─────┼─────┼─────┼──────────┼────┼────────┼─────┼─────┼─────┼───────┼───────────────────┼───────────┼───────────────┤
│   21    │  20  │  20  │  20  │  20  │ 100  │      2000000      │   21900   │   100   │      2000000      │ 439200000 │ 1674049500000 │ '2023-01-18T13:45:00.000Z' │ 100 │  0  │  0  │ Infinity │ 0  │ 1075.9 │  0  │  0  │ 0.1 │  100  │      2000000      │   21900   │   439200000   │
│   22    │  20  │  20  │  20  │  20  │ 1000 │     20000000      │   22900   │  1000   │     20000000      │ 459200000 │ 1674049800000 │ '2023-01-18T13:50:00.000Z' │ 100 │  0  │  0  │ Infinity │ 0  │ 1075.9 │  0  │  0  │ 0.9 │ 1000  │     20000000      │   22900   │   459200000   │
│   23    │  20  │  20  │  20  │  20  │ 1500 │     30000000      │   24400   │  1500   │     30000000      │ 489200000 │ 1674050100000 │ '2023-01-18T13:55:00.000Z' │ 100 │  0  │  0  │ Infinity │ 0  │ 1075.9 │  0  │  0  │ 1.4 │ 1500  │     30000000      │   24400   │   489200000   │
│   24    │  20  │  20  │  20  │  20  │ 1000 │     20000000      │   25400   │  1000   │     20000000      │ 509200000 │ 1674050400000 │ '2023-01-18T14:00:00.000Z' │ 100 │  0  │  0  │ Infinity │ 0  │ 1075.9 │  0  │  0  │ 0.9 │ 1000  │     20000000      │   25400   │   509200000   │
│   25    │  20  │  20  │  20  │  20  │ 1500 │     30000000      │   26900   │  1500   │     30000000      │ 539200000 │ 1674050700000 │ '2023-01-18T14:05:00.000Z' │ 100 │  0  │  0  │ Infinity │ 0  │ 1075.9 │  0  │  0  │ 1.4 │ 1500  │     30000000      │   26900   │   539200000   │
│   26    │  20  │  20  │  20  │  20  │ 1600 │     32000000      │   28500   │  1600   │     32000000      │ 571200000 │ 1674051300000 │ '2023-01-18T14:15:00.000Z' │ 100 │  0  │  0  │ Infinity │ 0  │ 1075.9 │  0  │  0  │ 1.5 │ 1600  │     32000000      │   28500   │   571200000   │
│   27    │  20  │  20  │  20  │  20  │ 2300 │     46000000      │   30800   │  2300   │     46000000      │ 617200000 │ 1674051600000 │ '2023-01-18T14:20:00.000Z' │ 100 │  0  │  0  │ Infinity │ 0  │ 1075.9 │  0  │  0  │ 2.1 │ 2300  │     46000000      │   30800   │   617200000   │
│   28    │  20  │  20  │  20  │  20  │ 400  │      8000000      │   31200   │   400   │      8000000      │ 625200000 │ 1674053100000 │ '2023-01-18T14:45:00.000Z' │ 100 │  0  │  0  │ Infinity │ 0  │ 1075.9 │  0  │  0  │ 0.4 │  400  │      8000000      │   31200   │   625200000   │
└─────────┴──────┴──────┴──────┴──────┴──────┴───────────────────┴───────────┴─────────┴───────────────────┴───────────┴───────────────┴────────────────────────────┴─────┴─────┴─────┴──────────┴────┴────────┴─────┴─────┴─────┴───────┴───────────────────┴───────────┴───────────────┘

