┌─────────┬───────┬───────┬───────┬───────┬─────┬──────────┬───────────┬─────────┬──────────┬───────────┬───────────────┬────────────────────────────┬──────┬──────┬─────┬──────────┬──────────┬───────┬───────┬─────┬─────┬───────┬───────────┬───────────┬───────────────┬──────┬──────────┬─────┐
│ (index) │   c   │   h   │   l   │   o   │ bu  │  val_bu  │ total_vol │ sum_vol │   val    │ acum_val  │   datetime    │            date            │ pbu  │ psd  │ puk │    bs    │    sb    │  abu  │  asd  │ auk │ rbu │ bu-sd │ bu-sd_val │ acum_busd │ acum_busd_val │  sd  │  val_sd  │ rsd │
├─────────┼───────┼───────┼───────┼───────┼─────┼──────────┼───────────┼─────────┼──────────┼───────────┼───────────────┼────────────────────────────┼──────┼──────┼─────┼──────────┼──────────┼───────┼───────┼─────┼─────┼───────┼───────────┼───────────┼───────────────┼──────┼──────────┼─────┤
│    0    │ 25.4  │ 25.4  │ 25.3  │ 25.3  │ 300 │ 7605000  │    300    │   300   │ 7605000  │  7605000  │ 1674033240000 │ '2023-01-18T09:14:00.000Z' │ 100  │  0   │  0  │ Infinity │    0     │ 142.3 │ 326.9 │  0  │ 2.1 │  300  │  7605000  │    300    │    7605000    │      │          │     │
│    1    │ 24.95 │ 24.95 │ 24.95 │ 24.95 │ 100 │ 2495000  │    400    │   100   │ 2495000  │ 10100000  │ 1674035400000 │ '2023-01-18T09:50:00.000Z' │ 100  │  0   │  0  │ Infinity │    0     │ 142.3 │ 326.9 │  0  │ 0.7 │  100  │  2495000  │    400    │   10100000    │      │          │     │
│    2    │ 24.7  │ 24.7  │ 24.7  │ 24.7  │     │          │   1300    │   900   │ 22230000 │ 32330000  │ 1674036240000 │ '2023-01-18T10:04:00.000Z' │  0   │ 100  │  0  │    0     │ Infinity │ 142.3 │ 326.9 │  0  │     │ -900  │ -22230000 │   -500    │   -12130000   │ 900  │ 22230000 │ 2.8 │
│    3    │ 24.8  │ 24.8  │ 24.6  │ 24.6  │ 100 │ 2480000  │   1600    │   300   │ 7400000  │ 39730000  │ 1674036360000 │ '2023-01-18T10:06:00.000Z' │ 33.3 │ 66.7 │  0  │   0.5    │    2     │ 142.3 │ 326.9 │  0  │ 0.7 │ -100  │ -2440000  │   -600    │   -14570000   │ 200  │ 4920000  │ 0.6 │
│    4    │ 24.8  │ 24.8  │ 24.8  │ 24.8  │ 300 │ 7440000  │   1900    │   300   │ 7440000  │ 47170000  │ 1674037320000 │ '2023-01-18T10:22:00.000Z' │ 100  │  0   │  0  │ Infinity │    0     │ 142.3 │ 326.9 │  0  │ 2.1 │  300  │  7440000  │   -300    │   -7130000    │      │          │     │
│    5    │ 24.6  │ 24.6  │ 24.6  │ 24.6  │     │          │   2700    │   800   │ 19680000 │ 66850000  │ 1674037680000 │ '2023-01-18T10:28:00.000Z' │  0   │ 100  │  0  │    0     │ Infinity │ 142.3 │ 326.9 │  0  │     │ -800  │ -19680000 │   -1100   │   -26810000   │ 800  │ 19680000 │ 2.4 │
│    6    │ 24.8  │ 24.8  │ 24.8  │ 24.8  │ 100 │ 2480000  │   2800    │   100   │ 2480000  │ 69330000  │ 1674038160000 │ '2023-01-18T10:36:00.000Z' │ 100  │  0   │  0  │ Infinity │    0     │ 142.3 │ 326.9 │  0  │ 0.7 │  100  │  2480000  │   -1000   │   -24330000   │      │          │     │
│    7    │ 24.7  │ 24.7  │ 24.7  │ 24.7  │     │          │   2900    │   100   │ 2470000  │ 71800000  │ 1674039600000 │ '2023-01-18T11:00:00.000Z' │  0   │ 100  │  0  │    0     │ Infinity │ 142.3 │ 326.9 │  0  │     │ -100  │ -2470000  │   -1100   │   -26800000   │ 100  │ 2470000  │ 0.3 │
│    8    │ 24.5  │ 24.5  │ 24.5  │ 24.5  │     │          │   3900    │  1000   │ 24500000 │ 96300000  │ 1674040560000 │ '2023-01-18T11:16:00.000Z' │  0   │ 100  │  0  │    0     │ Infinity │ 142.3 │ 326.9 │  0  │     │ -1000 │ -24500000 │   -2100   │   -51300000   │ 1000 │ 24500000 │ 3.1 │
│    9    │ 24.5  │ 24.75 │ 24.5  │ 24.5  │ 100 │ 2475000  │   5000    │  1100   │ 26975000 │ 123275000 │ 1674040680000 │ '2023-01-18T11:18:00.000Z' │ 9.1  │ 90.9 │  0  │   0.1    │    10    │ 142.3 │ 326.9 │  0  │ 0.7 │ -900  │ -22025000 │   -3000   │   -73325000   │ 1000 │ 24500000 │ 3.1 │
│   10    │ 24.75 │ 24.75 │ 24.5  │ 24.5  │ 200 │ 4925000  │   5200    │   200   │ 4925000  │ 128200000 │ 1674040920000 │ '2023-01-18T11:22:00.000Z' │ 100  │  0   │  0  │ Infinity │    0     │ 142.3 │ 326.9 │  0  │ 1.4 │  200  │  4925000  │   -2800   │   -68400000   │      │          │     │
│   11    │ 24.3  │ 24.3  │ 24.3  │ 24.3  │     │          │   5700    │   500   │ 12150000 │ 140350000 │ 1674047640000 │ '2023-01-18T13:14:00.000Z' │  0   │ 100  │  0  │    0     │ Infinity │ 142.3 │ 326.9 │  0  │     │ -500  │ -12150000 │   -3300   │   -80550000   │ 500  │ 12150000 │ 1.5 │
│   12    │ 24.65 │ 24.65 │ 24.65 │ 24.65 │ 100 │ 2465000  │   5800    │   100   │ 2465000  │ 142815000 │ 1674047880000 │ '2023-01-18T13:18:00.000Z' │ 100  │  0   │  0  │ Infinity │    0     │ 142.3 │ 326.9 │  0  │ 0.7 │  100  │  2465000  │   -3200   │   -78085000   │      │          │     │
│   13    │ 24.65 │ 24.65 │ 24.65 │ 24.65 │ 100 │ 2465000  │   5900    │   100   │ 2465000  │ 145280000 │ 1674048600000 │ '2023-01-18T13:30:00.000Z' │ 100  │  0   │  0  │ Infinity │    0     │ 142.3 │ 326.9 │  0  │ 0.7 │  100  │  2465000  │   -3100   │   -75620000   │      │          │     │
│   14    │ 24.65 │ 24.65 │ 24.65 │ 24.65 │ 200 │ 4930000  │   6100    │   200   │ 4930000  │ 150210000 │ 1674048720000 │ '2023-01-18T13:32:00.000Z' │ 100  │  0   │  0  │ Infinity │    0     │ 142.3 │ 326.9 │  0  │ 1.4 │  200  │  4930000  │   -2900   │   -70690000   │      │          │     │
│   15    │ 24.65 │ 24.65 │ 24.65 │ 24.65 │     │          │   8100    │  2000   │ 49300000 │ 199510000 │ 1674048840000 │ '2023-01-18T13:34:00.000Z' │  0   │ 100  │  0  │    0     │ Infinity │ 142.3 │ 326.9 │  0  │     │ -2000 │ -49300000 │   -4900   │  -119990000   │ 2000 │ 49300000 │ 6.1 │
│   16    │ 24.65 │ 24.65 │ 24.65 │ 24.65 │     │          │   8300    │   200   │ 4930000  │ 204440000 │ 1674048960000 │ '2023-01-18T13:36:00.000Z' │  0   │ 100  │  0  │    0     │ Infinity │ 142.3 │ 326.9 │  0  │     │ -200  │ -4930000  │   -5100   │  -124920000   │ 200  │ 4930000  │ 0.6 │
│   17    │ 24.65 │ 24.65 │ 24.65 │ 24.65 │ 200 │ 4930000  │   8500    │   200   │ 4930000  │ 209370000 │ 1674049800000 │ '2023-01-18T13:50:00.000Z' │ 100  │  0   │  0  │ Infinity │    0     │ 142.3 │ 326.9 │  0  │ 1.4 │  200  │  4930000  │   -4900   │  -119990000   │      │          │     │
│   18    │ 24.5  │ 24.5  │ 24.5  │ 24.5  │     │          │   8900    │   400   │ 9800000  │ 219170000 │ 1674049920000 │ '2023-01-18T13:52:00.000Z' │  0   │ 100  │  0  │    0     │ Infinity │ 142.3 │ 326.9 │  0  │     │ -400  │ -9800000  │   -5300   │  -129790000   │ 400  │ 9800000  │ 1.2 │
│   19    │ 24.5  │ 24.5  │ 24.4  │ 24.4  │ 100 │ 2450000  │   10000   │  1100   │ 26850000 │ 246020000 │ 1674050040000 │ '2023-01-18T13:54:00.000Z' │ 9.1  │ 90.9 │  0  │   0.1    │    10    │ 142.3 │ 326.9 │  0  │ 0.7 │ -900  │ -21950000 │   -6200   │  -151740000   │ 1000 │ 24400000 │ 3.1 │
│   20    │ 24.4  │ 24.6  │ 24.4  │ 24.6  │ 300 │ 7380000  │   10600   │   600   │ 14700000 │ 260720000 │ 1674050280000 │ '2023-01-18T13:58:00.000Z' │  50  │  50  │  0  │    1     │    1     │ 142.3 │ 326.9 │  0  │ 2.1 │   0   │   60000   │   -6200   │  -151680000   │ 300  │ 7320000  │ 0.9 │
├─────────┼───────┼───────┼───────┼───────┼─────┼──────────┼───────────┼─────────┼──────────┼───────────┼───────────────┼────────────────────────────┼──────┼──────┼─────┼──────────┼──────────┼───────┼───────┼─────┼─────┼───────┼───────────┼───────────┼───────────────┼──────┼──────────┼─────┤
│ (index) │   c   │   h   │   l   │   o   │ bu  │  val_bu  │ total_vol │ sum_vol │   val    │ acum_val  │   datetime    │            date            │ pbu  │ psd  │ puk │    bs    │    sb    │  abu  │  asd  │ auk │ rbu │ bu-sd │ bu-sd_val │ acum_busd │ acum_busd_val │  sd  │  val_sd  │ rsd │
├─────────┼───────┼───────┼───────┼───────┼─────┼──────────┼───────────┼─────────┼──────────┼───────────┼───────────────┼────────────────────────────┼──────┼──────┼─────┼──────────┼──────────┼───────┼───────┼─────┼─────┼───────┼───────────┼───────────┼───────────────┼──────┼──────────┼─────┤
│   21    │ 24.6  │ 24.6  │ 24.6  │ 24.6  │ 500 │ 12300000 │   11100   │   500   │ 12300000 │ 273020000 │ 1674050400000 │ '2023-01-18T14:00:00.000Z' │ 100  │  0   │  0  │ Infinity │    0     │ 142.3 │ 326.9 │  0  │ 3.5 │  500  │ 12300000  │   -5700   │  -139380000   │      │          │     │
│   22    │ 24.55 │ 24.55 │ 24.55 │ 24.55 │ 500 │ 12275000 │   11600   │   500   │ 12275000 │ 285295000 │ 1674051480000 │ '2023-01-18T14:18:00.000Z' │ 100  │  0   │  0  │ Infinity │    0     │ 142.3 │ 326.9 │  0  │ 3.5 │  500  │ 12275000  │   -5200   │  -127105000   │      │          │     │
│   23    │ 24.55 │ 24.55 │ 24.55 │ 24.55 │ 100 │ 2455000  │   11700   │   100   │ 2455000  │ 287750000 │ 1674051600000 │ '2023-01-18T14:20:00.000Z' │ 100  │  0   │  0  │ Infinity │    0     │ 142.3 │ 326.9 │  0  │ 0.7 │  100  │  2455000  │   -5100   │  -124650000   │      │          │     │
│   24    │ 24.5  │ 24.5  │ 24.5  │ 24.5  │     │          │   11800   │   100   │ 2450000  │ 290200000 │ 1674051960000 │ '2023-01-18T14:26:00.000Z' │  0   │ 100  │  0  │    0     │ Infinity │ 142.3 │ 326.9 │  0  │     │ -100  │ -2450000  │   -5200   │  -127100000   │ 100  │ 2450000  │ 0.3 │
│   25    │ 24.45 │ 24.45 │ 24.45 │ 24.45 │ 400 │ 9780000  │   12200   │   400   │ 9780000  │ 299980000 │ 1674053040000 │ '2023-01-18T14:44:00.000Z' │ 100  │  0   │  0  │ Infinity │    0     │ 142.3 │ 326.9 │  0  │ 2.8 │  400  │  9780000  │   -4800   │  -117320000   │      │          │     │
└─────────┴───────┴───────┴───────┴───────┴─────┴──────────┴───────────┴─────────┴──────────┴───────────┴───────────────┴────────────────────────────┴──────┴──────┴─────┴──────────┴──────────┴───────┴───────┴─────┴─────┴───────┴───────────┴───────────┴───────────────┴──────┴──────────┴─────┘

