┌─────────┬──────┬──────┬──────┬──────┬───────┬───────────┬───────────┬─────────┬───────────┬────────────┬───────────────┬────────────────────────────┬─────┬─────┬─────┬──────────┬──────────┬────────┬──────┬─────┬─────┬───────┬───────────┬───────────┬───────────────┬─────┬─────────┬─────┐
│ (index) │  c   │  h   │  l   │  o   │  bu   │  val_bu   │ total_vol │ sum_vol │    val    │  acum_val  │   datetime    │            date            │ pbu │ psd │ puk │    bs    │    sb    │  abu   │ asd  │ auk │ rbu │ bu-sd │ bu-sd_val │ acum_busd │ acum_busd_val │ sd  │ val_sd  │ rsd │
├─────────┼──────┼──────┼──────┼──────┼───────┼───────────┼───────────┼─────────┼───────────┼────────────┼───────────────┼────────────────────────────┼─────┼─────┼─────┼──────────┼──────────┼────────┼──────┼─────┼─────┼───────┼───────────┼───────────┼───────────────┼─────┼─────────┼─────┤
│    0    │ 12.8 │ 12.8 │ 12.8 │ 12.8 │  100  │  1280000  │    100    │   100   │  1280000  │  1280000   │ 1671181800000 │ '2022-12-16T09:10:00.000Z' │ 100 │  0  │  0  │ Infinity │    0     │ 7205.6 │ 61.1 │  0  │  0  │  100  │  1280000  │    100    │    1280000    │     │         │     │
│    1    │ 12.7 │ 12.7 │ 12.7 │ 12.7 │  500  │  6350000  │    600    │   500   │  6350000  │  7630000   │ 1671184200000 │ '2022-12-16T09:50:00.000Z' │ 100 │  0  │  0  │ Infinity │    0     │ 7205.6 │ 61.1 │  0  │ 0.1 │  500  │  6350000  │    600    │    7630000    │     │         │     │
│    2    │ 12.7 │ 12.7 │ 12.7 │ 12.7 │ 4400  │ 55880000  │   5600    │  5000   │ 63500000  │  71130000  │ 1671184500000 │ '2022-12-16T09:55:00.000Z' │ 88  │ 12  │  0  │   7.3    │   0.1    │ 7205.6 │ 61.1 │  0  │ 0.6 │ 3800  │ 48260000  │   4400    │   55890000    │ 600 │ 7620000 │ 9.8 │
│    3    │ 12.8 │ 12.8 │ 12.8 │ 12.8 │  100  │  1280000  │   5700    │   100   │  1280000  │  72410000  │ 1671186000000 │ '2022-12-16T10:20:00.000Z' │ 100 │  0  │  0  │ Infinity │    0     │ 7205.6 │ 61.1 │  0  │  0  │  100  │  1280000  │   4500    │   57170000    │     │         │     │
│    4    │ 12.5 │ 12.5 │ 12.5 │ 12.5 │ 20000 │ 250000000 │   25700   │  20000  │ 250000000 │ 322410000  │ 1671186300000 │ '2022-12-16T10:25:00.000Z' │ 100 │  0  │  0  │ Infinity │    0     │ 7205.6 │ 61.1 │  0  │ 2.8 │ 20000 │ 250000000 │   24500   │   307170000   │     │         │     │
│    5    │ 12.8 │ 12.8 │ 12.8 │ 12.8 │  200  │  2560000  │   25900   │   200   │  2560000  │ 324970000  │ 1671186600000 │ '2022-12-16T10:30:00.000Z' │ 100 │  0  │  0  │ Infinity │    0     │ 7205.6 │ 61.1 │  0  │  0  │  200  │  2560000  │   24700   │   309730000   │     │         │     │
│    6    │ 12.5 │ 12.5 │ 12.5 │ 12.5 │       │           │   26400   │   500   │  6250000  │ 331220000  │ 1671198000000 │ '2022-12-16T13:40:00.000Z' │  0  │ 100 │  0  │    0     │ Infinity │ 7205.6 │ 61.1 │  0  │     │ -500  │ -6250000  │   24200   │   303480000   │ 500 │ 6250000 │ 8.2 │
│    7    │ 12.7 │ 12.7 │ 12.7 │ 12.7 │  200  │  2540000  │   26600   │   200   │  2540000  │ 333760000  │ 1671198300000 │ '2022-12-16T13:45:00.000Z' │ 100 │  0  │  0  │ Infinity │    0     │ 7205.6 │ 61.1 │  0  │  0  │  200  │  2540000  │   24400   │   306020000   │     │         │     │
│    8    │ 12.4 │ 12.4 │ 12.4 │ 12.4 │ 21700 │ 269080000 │   48300   │  21700  │ 269080000 │ 602840000  │ 1671199200000 │ '2022-12-16T14:00:00.000Z' │ 100 │  0  │  0  │ Infinity │    0     │ 7205.6 │ 61.1 │  0  │  3  │ 21700 │ 269080000 │   46100   │   575100000   │     │         │     │
│    9    │ 12.4 │ 12.4 │ 12.4 │ 12.4 │ 4500  │ 55800000  │   52800   │  4500   │ 55800000  │ 658640000  │ 1671199500000 │ '2022-12-16T14:05:00.000Z' │ 100 │  0  │  0  │ Infinity │    0     │ 7205.6 │ 61.1 │  0  │ 0.6 │ 4500  │ 55800000  │   50600   │   630900000   │     │         │     │
│   10    │ 12.4 │ 12.4 │ 12.4 │ 12.4 │ 2400  │ 29760000  │   55200   │  2400   │ 29760000  │ 688400000  │ 1671199800000 │ '2022-12-16T14:10:00.000Z' │ 100 │  0  │  0  │ Infinity │    0     │ 7205.6 │ 61.1 │  0  │ 0.3 │ 2400  │ 29760000  │   53000   │   660660000   │     │         │     │
│   11    │ 12.4 │ 12.4 │ 12.4 │ 12.4 │ 40500 │ 502200000 │   95700   │  40500  │ 502200000 │ 1190600000 │ 1671200100000 │ '2022-12-16T14:15:00.000Z' │ 100 │  0  │  0  │ Infinity │    0     │ 7205.6 │ 61.1 │  0  │ 5.6 │ 40500 │ 502200000 │   93500   │  1162860000   │     │         │     │
│   12    │ 12.4 │ 12.4 │ 12.4 │ 12.4 │  400  │  4960000  │   96100   │   400   │  4960000  │ 1195560000 │ 1671200400000 │ '2022-12-16T14:20:00.000Z' │ 100 │  0  │  0  │ Infinity │    0     │ 7205.6 │ 61.1 │  0  │ 0.1 │  400  │  4960000  │   93900   │  1167820000   │     │         │     │
│   13    │ 12.4 │ 12.4 │ 12.4 │ 12.4 │ 11600 │ 143840000 │  107700   │  11600  │ 143840000 │ 1339400000 │ 1671200700000 │ '2022-12-16T14:25:00.000Z' │ 100 │  0  │  0  │ Infinity │    0     │ 7205.6 │ 61.1 │  0  │ 1.6 │ 11600 │ 143840000 │  105500   │  1311660000   │     │         │     │
│   14    │ 12.4 │ 12.4 │ 12.4 │ 12.4 │ 1600  │ 19840000  │  109300   │  1600   │ 19840000  │ 1359240000 │ 1671201000000 │ '2022-12-16T14:30:00.000Z' │ 100 │  0  │  0  │ Infinity │    0     │ 7205.6 │ 61.1 │  0  │ 0.2 │ 1600  │ 19840000  │  107100   │  1331500000   │     │         │     │
│   15    │ 12.4 │ 12.4 │ 12.4 │ 12.4 │ 4500  │ 55800000  │  113800   │  4500   │ 55800000  │ 1415040000 │ 1671201300000 │ '2022-12-16T14:35:00.000Z' │ 100 │  0  │  0  │ Infinity │    0     │ 7205.6 │ 61.1 │  0  │ 0.6 │ 4500  │ 55800000  │  111600   │  1387300000   │     │         │     │
│   16    │ 12.4 │ 12.4 │ 12.4 │ 12.4 │ 3900  │ 48360000  │  117700   │  3900   │ 48360000  │ 1463400000 │ 1671202200000 │ '2022-12-16T14:50:00.000Z' │ 100 │  0  │  0  │ Infinity │    0     │ 7205.6 │ 61.1 │  0  │ 0.5 │ 3900  │ 48360000  │  115500   │  1435660000   │     │         │     │
│   17    │ 12.4 │ 12.4 │ 12.4 │ 12.4 │ 13100 │ 162440000 │  130800   │  13100  │ 162440000 │ 1625840000 │ 1671202500000 │ '2022-12-16T14:55:00.000Z' │ 100 │  0  │  0  │ Infinity │    0     │ 7205.6 │ 61.1 │  0  │ 1.8 │ 13100 │ 162440000 │  128600   │  1598100000   │     │         │     │
└─────────┴──────┴──────┴──────┴──────┴───────┴───────────┴───────────┴─────────┴───────────┴────────────┴───────────────┴────────────────────────────┴─────┴─────┴─────┴──────────┴──────────┴────────┴──────┴─────┴─────┴───────┴───────────┴───────────┴───────────────┴─────┴─────────┴─────┘

