┌─────────┬─────┬─────┬─────┬─────┬────────┬───────────┬───────────┬─────────┬───────────┬────────────┬───────────────┬────────────────────────────┬──────┬──────┬─────┬──────────┬──────────┬───────┬───────┬─────┬─────┬─────────┬────────────┬───────────┬───────────────┬────────┬───────────┬──────┐
│ (index) │  c  │  h  │  l  │  o  │   sd   │  val_sd   │ total_vol │ sum_vol │    val    │  acum_val  │   datetime    │            date            │ pbu  │ psd  │ puk │    bs    │    sb    │  abu  │  asd  │ auk │ rsd │  bu-sd  │ bu-sd_val  │ acum_busd │ acum_busd_val │   bu   │  val_bu   │ rbu  │
├─────────┼─────┼─────┼─────┼─────┼────────┼───────────┼───────────┼─────────┼───────────┼────────────┼───────────────┼────────────────────────────┼──────┼──────┼─────┼──────────┼──────────┼───────┼───────┼─────┼─────┼─────────┼────────────┼───────────┼───────────────┼────────┼───────────┼──────┤
│    0    │ 2.5 │ 2.5 │ 2.5 │ 2.5 │  7900  │ 19750000  │   7900    │  7900   │ 19750000  │  19750000  │ 1671181200000 │ '2022-12-16T09:00:00.000Z' │  0   │ 100  │  0  │    0     │ Infinity │ 15100 │ 15187 │  0  │ 0.5 │  -7900  │ -19750000  │   -7900   │   -19750000   │        │           │      │
│    1    │ 2.5 │ 2.5 │ 2.4 │ 2.4 │  6000  │ 14400000  │   14900   │  7000   │ 16900000  │  36650000  │ 1671181500000 │ '2022-12-16T09:05:00.000Z' │ 14.3 │ 85.7 │  0  │   0.2    │    6     │ 15100 │ 15187 │  0  │ 0.4 │  -5000  │ -11900000  │  -12900   │   -31650000   │  1000  │  2500000  │ 0.1  │
│    2    │ 2.5 │ 2.5 │ 2.5 │ 2.5 │        │           │   20000   │  5100   │ 12750000  │  49400000  │ 1671181800000 │ '2022-12-16T09:10:00.000Z' │ 100  │  0   │  0  │ Infinity │    0     │ 15100 │ 15187 │  0  │     │  5100   │  12750000  │   -7800   │   -18900000   │  5100  │ 12750000  │ 0.3  │
│    3    │ 2.5 │ 2.5 │ 2.5 │ 2.5 │        │           │   20500   │   500   │  1250000  │  50650000  │ 1671182100000 │ '2022-12-16T09:15:00.000Z' │ 100  │  0   │  0  │ Infinity │    0     │ 15100 │ 15187 │  0  │     │   500   │  1250000   │   -7300   │   -17650000   │  500   │  1250000  │  0   │
│    4    │ 2.4 │ 2.5 │ 2.4 │ 2.5 │  200   │  480000   │   21900   │  1400   │  3480000  │  54130000  │ 1671182400000 │ '2022-12-16T09:20:00.000Z' │ 85.7 │ 14.3 │  0  │    6     │   0.2    │ 15100 │ 15187 │  0  │  0  │  1000   │  2520000   │   -6300   │   -15130000   │  1200  │  3000000  │ 0.1  │
│    5    │ 2.4 │ 2.4 │ 2.4 │ 2.4 │  6500  │ 15600000  │   28400   │  6500   │ 15600000  │  69730000  │ 1671182700000 │ '2022-12-16T09:25:00.000Z' │  0   │ 100  │  0  │    0     │ Infinity │ 15100 │ 15187 │  0  │ 0.4 │  -6500  │ -15600000  │  -12800   │   -30730000   │        │           │      │
│    6    │ 2.5 │ 2.5 │ 2.4 │ 2.4 │  2500  │  6000000  │  182800   │ 154400  │ 385750000 │ 455480000  │ 1671183000000 │ '2022-12-16T09:30:00.000Z' │ 98.4 │ 1.6  │  0  │   60.8   │    0     │ 15100 │ 15187 │  0  │ 0.2 │ 149400  │ 373750000  │  136600   │   343020000   │ 151900 │ 379750000 │ 10.1 │
│    7    │ 2.6 │ 2.6 │ 2.5 │ 2.5 │  2000  │  5000000  │  215600   │  32800  │ 82240000  │ 537720000  │ 1671183300000 │ '2022-12-16T09:35:00.000Z' │ 93.9 │ 6.1  │  0  │   15.4   │   0.1    │ 15100 │ 15187 │  0  │ 0.1 │  28800  │  72240000  │  165400   │   415260000   │ 30800  │ 77240000  │  2   │
│    8    │ 2.6 │ 2.6 │ 2.5 │ 2.5 │ 46500  │ 116250000 │  262200   │  46600  │ 116510000 │ 654230000  │ 1671183600000 │ '2022-12-16T09:40:00.000Z' │ 0.2  │ 99.8 │  0  │    0     │   465    │ 15100 │ 15187 │  0  │ 3.1 │ -46400  │ -115990000 │  119000   │   299270000   │  100   │  260000   │  0   │
│    9    │ 2.5 │ 2.5 │ 2.5 │ 2.5 │  400   │  1000000  │  262600   │   400   │  1000000  │ 655230000  │ 1671183900000 │ '2022-12-16T09:45:00.000Z' │  0   │ 100  │  0  │    0     │ Infinity │ 15100 │ 15187 │  0  │  0  │  -400   │  -1000000  │  118600   │   298270000   │        │           │      │
│   10    │ 2.5 │ 2.5 │ 2.5 │ 2.5 │ 10600  │ 26500000  │  273200   │  10600  │ 26500000  │ 681730000  │ 1671184200000 │ '2022-12-16T09:50:00.000Z' │  0   │ 100  │  0  │    0     │ Infinity │ 15100 │ 15187 │  0  │ 0.7 │ -10600  │ -26500000  │  108000   │   271770000   │        │           │      │
│   11    │ 2.6 │ 2.6 │ 2.5 │ 2.5 │  1400  │  3500000  │  274700   │  1500   │  3760000  │ 685490000  │ 1671184500000 │ '2022-12-16T09:55:00.000Z' │ 6.7  │ 93.3 │  0  │   0.1    │    14    │ 15100 │ 15187 │  0  │ 0.1 │  -1300  │  -3240000  │  106700   │   268530000   │  100   │  260000   │  0   │
│   12    │ 2.6 │ 2.6 │ 2.5 │ 2.5 │  300   │  750000   │  290900   │  16200  │ 42090000  │ 727580000  │ 1671184800000 │ '2022-12-16T10:00:00.000Z' │ 98.1 │ 1.9  │  0  │    53    │    0     │ 15100 │ 15187 │  0  │  0  │  15600  │  40590000  │  122300   │   309120000   │ 15900  │ 41340000  │ 1.1  │
│   13    │ 2.5 │ 2.6 │ 2.5 │ 2.6 │  6300  │ 15750000  │  297500   │  6600   │ 16530000  │ 744110000  │ 1671185100000 │ '2022-12-16T10:05:00.000Z' │ 4.5  │ 95.5 │  0  │    0     │    21    │ 15100 │ 15187 │  0  │ 0.4 │  -6000  │ -14970000  │  116300   │   294150000   │  300   │  780000   │  0   │
│   14    │ 2.5 │ 2.5 │ 2.5 │ 2.5 │ 75600  │ 189000000 │  373100   │  75600  │ 189000000 │ 933110000  │ 1671185400000 │ '2022-12-16T10:10:00.000Z' │  0   │ 100  │  0  │    0     │ Infinity │ 15100 │ 15187 │  0  │  5  │ -75600  │ -189000000 │   40700   │   105150000   │        │           │      │
│   15    │ 2.5 │ 2.5 │ 2.5 │ 2.5 │ 64200  │ 160500000 │  437700   │  64600  │ 161500000 │ 1094610000 │ 1671185700000 │ '2022-12-16T10:15:00.000Z' │ 0.6  │ 99.4 │  0  │    0     │  160.5   │ 15100 │ 15187 │  0  │ 4.2 │ -63800  │ -159500000 │  -23100   │   -54350000   │  400   │  1000000  │  0   │
│   16    │ 2.5 │ 2.6 │ 2.5 │ 2.5 │ 44100  │ 110250000 │  481900   │  44200  │ 110510000 │ 1205120000 │ 1671186000000 │ '2022-12-16T10:20:00.000Z' │ 0.2  │ 99.8 │  0  │    0     │   441    │ 15100 │ 15187 │  0  │ 2.9 │ -44000  │ -109990000 │  -67100   │  -164340000   │  100   │  260000   │  0   │
│   17    │ 2.6 │ 2.6 │ 2.5 │ 2.5 │  100   │  250000   │  483600   │  1700   │  4410000  │ 1209530000 │ 1671186300000 │ '2022-12-16T10:25:00.000Z' │ 94.1 │ 5.9  │  0  │    16    │   0.1    │ 15100 │ 15187 │  0  │  0  │  1500   │  3910000   │  -65600   │  -160430000   │  1600  │  4160000  │ 0.1  │
│   18    │ 2.6 │ 2.6 │ 2.6 │ 2.6 │        │           │  484300   │   700   │  1820000  │ 1211350000 │ 1671186600000 │ '2022-12-16T10:30:00.000Z' │ 100  │  0   │  0  │ Infinity │    0     │ 15100 │ 15187 │  0  │     │   700   │  1820000   │  -64900   │  -158610000   │  700   │  1820000  │  0   │
│   19    │ 2.6 │ 2.6 │ 2.6 │ 2.6 │        │           │  485800   │  1500   │  3900000  │ 1215250000 │ 1671186900000 │ '2022-12-16T10:35:00.000Z' │ 100  │  0   │  0  │ Infinity │    0     │ 15100 │ 15187 │  0  │     │  1500   │  3900000   │  -63400   │  -154710000   │  1500  │  3900000  │ 0.1  │
│   20    │ 2.5 │ 2.5 │ 2.5 │ 2.5 │  200   │  500000   │  486000   │   200   │  500000   │ 1215750000 │ 1671187200000 │ '2022-12-16T10:40:00.000Z' │  0   │ 100  │  0  │    0     │ Infinity │ 15100 │ 15187 │  0  │  0  │  -200   │  -500000   │  -63600   │  -155210000   │        │           │      │
├─────────┼─────┼─────┼─────┼─────┼────────┼───────────┼───────────┼─────────┼───────────┼────────────┼───────────────┼────────────────────────────┼──────┼──────┼─────┼──────────┼──────────┼───────┼───────┼─────┼─────┼─────────┼────────────┼───────────┼───────────────┼────────┼───────────┼──────┤
│ (index) │  c  │  h  │  l  │  o  │   sd   │  val_sd   │ total_vol │ sum_vol │    val    │  acum_val  │   datetime    │            date            │ pbu  │ psd  │ puk │    bs    │    sb    │  abu  │  asd  │ auk │ rsd │  bu-sd  │ bu-sd_val  │ acum_busd │ acum_busd_val │   bu   │  val_bu   │ rbu  │
├─────────┼─────┼─────┼─────┼─────┼────────┼───────────┼───────────┼─────────┼───────────┼────────────┼───────────────┼────────────────────────────┼──────┼──────┼─────┼──────────┼──────────┼───────┼───────┼─────┼─────┼─────────┼────────────┼───────────┼───────────────┼────────┼───────────┼──────┤
│   21    │ 2.5 │ 2.5 │ 2.5 │ 2.5 │ 109700 │ 274250000 │  595700   │ 109700  │ 274250000 │ 1490000000 │ 1671187500000 │ '2022-12-16T10:45:00.000Z' │  0   │ 100  │  0  │    0     │ Infinity │ 15100 │ 15187 │  0  │ 7.2 │ -109700 │ -274250000 │  -173300  │  -429460000   │        │           │      │
│   22    │ 2.5 │ 2.5 │ 2.5 │ 2.5 │ 25000  │ 62500000  │  620700   │  25000  │ 62500000  │ 1552500000 │ 1671187800000 │ '2022-12-16T10:50:00.000Z' │  0   │ 100  │  0  │    0     │ Infinity │ 15100 │ 15187 │  0  │ 1.6 │ -25000  │ -62500000  │  -198300  │  -491960000   │        │           │      │
│   23    │ 2.5 │ 2.5 │ 2.5 │ 2.5 │  1400  │  3500000  │  622100   │  1400   │  3500000  │ 1556000000 │ 1671188100000 │ '2022-12-16T10:55:00.000Z' │  0   │ 100  │  0  │    0     │ Infinity │ 15100 │ 15187 │  0  │ 0.1 │  -1400  │  -3500000  │  -199700  │  -495460000   │        │           │      │
│   24    │ 2.5 │ 2.5 │ 2.5 │ 2.5 │  1500  │  3750000  │  623600   │  1500   │  3750000  │ 1559750000 │ 1671188700000 │ '2022-12-16T11:05:00.000Z' │  0   │ 100  │  0  │    0     │ Infinity │ 15100 │ 15187 │  0  │ 0.1 │  -1500  │  -3750000  │  -201200  │  -499210000   │        │           │      │
│   25    │ 2.5 │ 2.5 │ 2.5 │ 2.5 │  3700  │  9250000  │  627300   │  3700   │  9250000  │ 1569000000 │ 1671189000000 │ '2022-12-16T11:10:00.000Z' │  0   │ 100  │  0  │    0     │ Infinity │ 15100 │ 15187 │  0  │ 0.2 │  -3700  │  -9250000  │  -204900  │  -508460000   │        │           │      │
│   26    │ 2.5 │ 2.5 │ 2.5 │ 2.5 │ 53100  │ 132750000 │  684600   │  57300  │ 143250000 │ 1712250000 │ 1671189600000 │ '2022-12-16T11:20:00.000Z' │ 7.3  │ 92.7 │  0  │   0.1    │   12.6   │ 15100 │ 15187 │  0  │ 3.5 │ -48900  │ -122250000 │  -253800  │  -630710000   │  4200  │ 10500000  │ 0.3  │
│   27    │ 2.5 │ 2.5 │ 2.5 │ 2.5 │        │           │  688600   │  4000   │ 10000000  │ 1722250000 │ 1671189900000 │ '2022-12-16T11:25:00.000Z' │ 100  │  0   │  0  │ Infinity │    0     │ 15100 │ 15187 │  0  │     │  4000   │  10000000  │  -249800  │  -620710000   │  4000  │ 10000000  │ 0.3  │
│   28    │ 2.5 │ 2.5 │ 2.4 │ 2.4 │  1000  │  2400000  │  691700   │  3100   │  7650000  │ 1729900000 │ 1671195600000 │ '2022-12-16T13:00:00.000Z' │ 67.7 │ 32.3 │  0  │   2.1    │   0.5    │ 15100 │ 15187 │  0  │ 0.1 │  1100   │  2850000   │  -248700  │  -617860000   │  2100  │  5250000  │ 0.1  │
│   29    │ 2.5 │ 2.5 │ 2.4 │ 2.4 │  2700  │  6480000  │  695300   │  3600   │  8730000  │ 1738630000 │ 1671195900000 │ '2022-12-16T13:05:00.000Z' │  25  │  75  │  0  │   0.3    │    3     │ 15100 │ 15187 │  0  │ 0.2 │  -1800  │  -4230000  │  -250500  │  -622090000   │  900   │  2250000  │ 0.1  │
│   30    │ 2.4 │ 2.4 │ 2.4 │ 2.4 │  1200  │  2880000  │  696500   │  1200   │  2880000  │ 1741510000 │ 1671196200000 │ '2022-12-16T13:10:00.000Z' │  0   │ 100  │  0  │    0     │ Infinity │ 15100 │ 15187 │  0  │ 0.1 │  -1200  │  -2880000  │  -251700  │  -624970000   │        │           │      │
│   31    │ 2.4 │ 2.4 │ 2.4 │ 2.4 │  1100  │  2640000  │  697600   │  1100   │  2640000  │ 1744150000 │ 1671196500000 │ '2022-12-16T13:15:00.000Z' │  0   │ 100  │  0  │    0     │ Infinity │ 15100 │ 15187 │  0  │ 0.1 │  -1100  │  -2640000  │  -252800  │  -627610000   │        │           │      │
│   32    │ 2.4 │ 2.4 │ 2.4 │ 2.4 │  900   │  2160000  │  698500   │   900   │  2160000  │ 1746310000 │ 1671196800000 │ '2022-12-16T13:20:00.000Z' │  0   │ 100  │  0  │    0     │ Infinity │ 15100 │ 15187 │  0  │ 0.1 │  -900   │  -2160000  │  -253700  │  -629770000   │        │           │      │
│   33    │ 2.5 │ 2.5 │ 2.5 │ 2.5 │        │           │  702800   │  4300   │ 10750000  │ 1757060000 │ 1671197100000 │ '2022-12-16T13:25:00.000Z' │ 100  │  0   │  0  │ Infinity │    0     │ 15100 │ 15187 │  0  │     │  4300   │  10750000  │  -249400  │  -619020000   │  4300  │ 10750000  │ 0.3  │
│   34    │ 2.4 │ 2.4 │ 2.4 │ 2.4 │  5300  │ 12720000  │  708100   │  5300   │ 12720000  │ 1769780000 │ 1671197400000 │ '2022-12-16T13:30:00.000Z' │  0   │ 100  │  0  │    0     │ Infinity │ 15100 │ 15187 │  0  │ 0.3 │  -5300  │ -12720000  │  -254700  │  -631740000   │        │           │      │
│   35    │ 2.5 │ 2.5 │ 2.5 │ 2.5 │        │           │  713100   │  5000   │ 12500000  │ 1782280000 │ 1671197700000 │ '2022-12-16T13:35:00.000Z' │ 100  │  0   │  0  │ Infinity │    0     │ 15100 │ 15187 │  0  │     │  5000   │  12500000  │  -249700  │  -619240000   │  5000  │ 12500000  │ 0.3  │
│   36    │ 2.5 │ 2.5 │ 2.5 │ 2.5 │        │           │  719500   │  6400   │ 16000000  │ 1798280000 │ 1671198000000 │ '2022-12-16T13:40:00.000Z' │ 100  │  0   │  0  │ Infinity │    0     │ 15100 │ 15187 │  0  │     │  6400   │  16000000  │  -243300  │  -603240000   │  6400  │ 16000000  │ 0.4  │
│   37    │ 2.4 │ 2.5 │ 2.4 │ 2.5 │  500   │  1200000  │  720100   │   600   │  1450000  │ 1799730000 │ 1671198300000 │ '2022-12-16T13:45:00.000Z' │ 16.7 │ 83.3 │  0  │   0.2    │    5     │ 15100 │ 15187 │  0  │  0  │  -400   │  -950000   │  -243700  │  -604190000   │  100   │  250000   │  0   │
│   38    │ 2.5 │ 2.5 │ 2.4 │ 2.4 │ 86100  │ 206640000 │  806500   │  86400  │ 207390000 │ 2007120000 │ 1671198600000 │ '2022-12-16T13:50:00.000Z' │ 0.3  │ 99.7 │  0  │    0     │   287    │ 15100 │ 15187 │  0  │ 5.7 │ -85800  │ -205890000 │  -329500  │  -810080000   │  300   │  750000   │  0   │
│   39    │ 2.5 │ 2.5 │ 2.5 │ 2.5 │        │           │  820800   │  14300  │ 35750000  │ 2042870000 │ 1671198900000 │ '2022-12-16T13:55:00.000Z' │ 100  │  0   │  0  │ Infinity │    0     │ 15100 │ 15187 │  0  │     │  14300  │  35750000  │  -315200  │  -774330000   │ 14300  │ 35750000  │ 0.9  │
│   40    │ 2.5 │ 2.5 │ 2.4 │ 2.5 │  300   │  720000   │  821700   │   900   │  2220000  │ 2045090000 │ 1671199500000 │ '2022-12-16T14:05:00.000Z' │ 66.7 │ 33.3 │  0  │    2     │   0.5    │ 15100 │ 15187 │  0  │  0  │   300   │   780000   │  -314900  │  -773550000   │  600   │  1500000  │  0   │
├─────────┼─────┼─────┼─────┼─────┼────────┼───────────┼───────────┼─────────┼───────────┼────────────┼───────────────┼────────────────────────────┼──────┼──────┼─────┼──────────┼──────────┼───────┼───────┼─────┼─────┼─────────┼────────────┼───────────┼───────────────┼────────┼───────────┼──────┤
│ (index) │  c  │  h  │  l  │  o  │   sd   │  val_sd   │ total_vol │ sum_vol │    val    │  acum_val  │   datetime    │            date            │ pbu  │ psd  │ puk │    bs    │    sb    │  abu  │  asd  │ auk │ rsd │  bu-sd  │ bu-sd_val  │ acum_busd │ acum_busd_val │   bu   │  val_bu   │ rbu  │
├─────────┼─────┼─────┼─────┼─────┼────────┼───────────┼───────────┼─────────┼───────────┼────────────┼───────────────┼────────────────────────────┼──────┼──────┼─────┼──────────┼──────────┼───────┼───────┼─────┼─────┼─────────┼────────────┼───────────┼───────────────┼────────┼───────────┼──────┤
│   41    │ 2.4 │ 2.5 │ 2.4 │ 2.5 │  700   │  1680000  │  1017300  │ 195600  │ 488930000 │ 2534020000 │ 1671199800000 │ '2022-12-16T14:10:00.000Z' │ 99.6 │ 0.4  │  0  │  278.4   │    0     │ 15100 │ 15187 │  0  │  0  │ 194200  │ 485570000  │  -120700  │  -287980000   │ 194900 │ 487250000 │ 12.9 │
│   42    │ 2.5 │ 2.5 │ 2.5 │ 2.5 │ 61500  │ 153750000 │  1314300  │ 297000  │ 742500000 │ 3276520000 │ 1671200100000 │ '2022-12-16T14:15:00.000Z' │ 79.3 │ 20.7 │  0  │   3.8    │   0.3    │ 15100 │ 15187 │  0  │  4  │ 174000  │ 435000000  │   53300   │   147020000   │ 235500 │ 588750000 │ 15.6 │
│   43    │ 2.5 │ 2.5 │ 2.5 │ 2.5 │  200   │  500000   │  1325000  │  10700  │ 26750000  │ 3303270000 │ 1671200400000 │ '2022-12-16T14:20:00.000Z' │ 98.1 │ 1.9  │  0  │   52.5   │    0     │ 15100 │ 15187 │  0  │  0  │  10300  │  25750000  │   63600   │   172770000   │ 10500  │ 26250000  │ 0.7  │
│   44    │ 2.5 │ 2.5 │ 2.5 │ 2.5 │ 30900  │ 77250000  │  1356200  │  31200  │ 78000000  │ 3381270000 │ 1671200700000 │ '2022-12-16T14:25:00.000Z' │  1   │  99  │  0  │    0     │   103    │ 15100 │ 15187 │  0  │  2  │ -30600  │ -76500000  │   33000   │   96270000    │  300   │  750000   │  0   │
│   45    │ 2.5 │ 2.5 │ 2.5 │ 2.5 │ 37000  │ 92500000  │  1393200  │  37000  │ 92500000  │ 3473770000 │ 1671201900000 │ '2022-12-16T14:45:00.000Z' │  0   │ 100  │  0  │    0     │ Infinity │ 15100 │ 15187 │  0  │ 2.4 │ -37000  │ -92500000  │   -4000   │    3770000    │        │           │      │
└─────────┴─────┴─────┴─────┴─────┴────────┴───────────┴───────────┴─────────┴───────────┴────────────┴───────────────┴────────────────────────────┴──────┴──────┴─────┴──────────┴──────────┴───────┴───────┴─────┴─────┴─────────┴────────────┴───────────┴───────────────┴────────┴───────────┴──────┘

