┌─────────┬──────┬──────┬──────┬──────┬──────┬──────────┬───────────┬─────────┬──────────┬───────────┬───────────────┬────────────────────────────┬──────┬──────┬─────┬──────────┬──────────┬───────┬───────┬─────┬─────┬───────┬───────────┬───────────┬───────────────┬───────┬──────────┬──────┐
│ (index) │  c   │  h   │  l   │  o   │  sd  │  val_sd  │ total_vol │ sum_vol │   val    │ acum_val  │   datetime    │            date            │ pbu  │ psd  │ puk │    bs    │    sb    │  abu  │  asd  │ auk │ rsd │ bu-sd │ bu-sd_val │ acum_busd │ acum_busd_val │  bu   │  val_bu  │ rbu  │
├─────────┼──────┼──────┼──────┼──────┼──────┼──────────┼───────────┼─────────┼──────────┼───────────┼───────────────┼────────────────────────────┼──────┼──────┼─────┼──────────┼──────────┼───────┼───────┼─────┼─────┼───────┼───────────┼───────────┼───────────────┼───────┼──────────┼──────┤
│    0    │ 5.5  │ 5.5  │ 5.5  │ 5.5  │ 200  │ 1100000  │    200    │   200   │ 1100000  │  1100000  │ 1671182040000 │ '2022-12-16T09:14:00.000Z' │  0   │ 100  │  0  │    0     │ Infinity │ 911.8 │ 623.5 │  0  │ 0.3 │ -200  │ -1100000  │   -200    │   -1100000    │       │          │      │
│    1    │ 5.41 │ 5.41 │ 5.41 │ 5.41 │ 200  │ 1082000  │    400    │   200   │ 1082000  │  2182000  │ 1671182760000 │ '2022-12-16T09:26:00.000Z' │  0   │ 100  │  0  │    0     │ Infinity │ 911.8 │ 623.5 │  0  │ 0.3 │ -200  │ -1082000  │   -400    │   -2182000    │       │          │      │
│    2    │ 5.41 │ 5.41 │ 5.41 │ 5.41 │ 200  │ 1082000  │    600    │   200   │ 1082000  │  3264000  │ 1671183000000 │ '2022-12-16T09:30:00.000Z' │  0   │ 100  │  0  │    0     │ Infinity │ 911.8 │ 623.5 │  0  │ 0.3 │ -200  │ -1082000  │   -600    │   -3264000    │       │          │      │
│    3    │ 5.41 │ 5.41 │ 5.41 │ 5.41 │ 3700 │ 20017000 │   4300    │  3700   │ 20017000 │ 23281000  │ 1671185040000 │ '2022-12-16T10:04:00.000Z' │  0   │ 100  │  0  │    0     │ Infinity │ 911.8 │ 623.5 │  0  │ 5.9 │ -3700 │ -20017000 │   -4300   │   -23281000   │       │          │      │
│    4    │ 5.4  │ 5.4  │ 5.4  │ 5.4  │ 300  │ 1620000  │   4600    │   300   │ 1620000  │ 24901000  │ 1671185160000 │ '2022-12-16T10:06:00.000Z' │  0   │ 100  │  0  │    0     │ Infinity │ 911.8 │ 623.5 │  0  │ 0.5 │ -300  │ -1620000  │   -4600   │   -24901000   │       │          │      │
│    5    │ 5.41 │ 5.41 │ 5.4  │ 5.4  │ 200  │ 1080000  │   5700    │  1100   │ 5949000  │ 30850000  │ 1671185280000 │ '2022-12-16T10:08:00.000Z' │ 81.8 │ 18.2 │  0  │   4.5    │   0.2    │ 911.8 │ 623.5 │  0  │ 0.3 │  700  │  3789000  │   -3900   │   -21112000   │  900  │ 4869000  │  1   │
│    6    │ 5.41 │ 5.41 │ 5.41 │ 5.41 │ 1000 │ 5410000  │   6700    │  1000   │ 5410000  │ 36260000  │ 1671185520000 │ '2022-12-16T10:12:00.000Z' │  0   │ 100  │  0  │    0     │ Infinity │ 911.8 │ 623.5 │  0  │ 1.6 │ -1000 │ -5410000  │   -4900   │   -26522000   │       │          │      │
│    7    │ 5.42 │ 5.42 │ 5.42 │ 5.42 │ 100  │  542000  │   6800    │   100   │  542000  │ 36802000  │ 1671186720000 │ '2022-12-16T10:32:00.000Z' │  0   │ 100  │  0  │    0     │ Infinity │ 911.8 │ 623.5 │  0  │ 0.2 │ -100  │  -542000  │   -5000   │   -27064000   │       │          │      │
│    8    │ 5.42 │ 5.42 │ 5.42 │ 5.42 │ 100  │  542000  │   6900    │   100   │  542000  │ 37344000  │ 1671187920000 │ '2022-12-16T10:52:00.000Z' │  0   │ 100  │  0  │    0     │ Infinity │ 911.8 │ 623.5 │  0  │ 0.2 │ -100  │  -542000  │   -5100   │   -27606000   │       │          │      │
│    9    │ 5.42 │ 5.42 │ 5.42 │ 5.42 │ 100  │  542000  │   7000    │   100   │  542000  │ 37886000  │ 1671188280000 │ '2022-12-16T10:58:00.000Z' │  0   │ 100  │  0  │    0     │ Infinity │ 911.8 │ 623.5 │  0  │ 0.2 │ -100  │  -542000  │   -5200   │   -28148000   │       │          │      │
│   10    │ 5.41 │ 5.42 │ 5.41 │ 5.42 │ 1000 │ 5419000  │   8000    │  1000   │ 5419000  │ 43305000  │ 1671188880000 │ '2022-12-16T11:08:00.000Z' │  0   │ 100  │  0  │    0     │ Infinity │ 911.8 │ 623.5 │  0  │ 1.6 │ -1000 │ -5419000  │   -6200   │   -33567000   │       │          │      │
│   11    │ 5.42 │ 5.42 │ 5.42 │ 5.42 │ 100  │  542000  │   8100    │   100   │  542000  │ 43847000  │ 1671190080000 │ '2022-12-16T11:28:00.000Z' │  0   │ 100  │  0  │    0     │ Infinity │ 911.8 │ 623.5 │  0  │ 0.2 │ -100  │  -542000  │   -6300   │   -34109000   │       │          │      │
│   12    │ 5.41 │ 5.42 │ 5.41 │ 5.42 │ 1400 │ 7574000  │   12600   │  4500   │ 24376000 │ 68223000  │ 1671195600000 │ '2022-12-16T13:00:00.000Z' │ 68.9 │ 31.1 │  0  │   2.2    │   0.5    │ 911.8 │ 623.5 │  0  │ 2.2 │ 1700  │  9228000  │   -4600   │   -24881000   │ 3100  │ 16802000 │ 3.4  │
│   13    │ 5.42 │ 5.42 │ 5.42 │ 5.42 │      │          │   13800   │  1200   │ 6504000  │ 74727000  │ 1671195720000 │ '2022-12-16T13:02:00.000Z' │ 100  │  0   │  0  │ Infinity │    0     │ 911.8 │ 623.5 │  0  │     │ 1200  │  6504000  │   -3400   │   -18377000   │ 1200  │ 6504000  │ 1.3  │
│   14    │ 5.49 │ 5.49 │ 5.49 │ 5.49 │      │          │   13900   │   100   │  549000  │ 75276000  │ 1671197040000 │ '2022-12-16T13:24:00.000Z' │ 100  │  0   │  0  │ Infinity │    0     │ 911.8 │ 623.5 │  0  │     │  100  │  549000   │   -3300   │   -17828000   │  100  │  549000  │ 0.1  │
│   15    │ 5.41 │ 5.42 │ 5.41 │ 5.42 │ 2000 │ 10838000 │   15900   │  2000   │ 10838000 │ 86114000  │ 1671199800000 │ '2022-12-16T14:10:00.000Z' │  0   │ 100  │  0  │    0     │ Infinity │ 911.8 │ 623.5 │  0  │ 3.2 │ -2000 │ -10838000 │   -5300   │   -28666000   │       │          │      │
│   16    │ 5.49 │ 5.49 │ 5.49 │ 5.49 │      │          │   26100   │  10200  │ 55998000 │ 142112000 │ 1671200640000 │ '2022-12-16T14:24:00.000Z' │ 100  │  0   │  0  │ Infinity │    0     │ 911.8 │ 623.5 │  0  │     │ 10200 │ 55998000  │   4900    │   27332000    │ 10200 │ 55998000 │ 11.2 │
└─────────┴──────┴──────┴──────┴──────┴──────┴──────────┴───────────┴─────────┴──────────┴───────────┴───────────────┴────────────────────────────┴──────┴──────┴─────┴──────────┴──────────┴───────┴───────┴─────┴─────┴───────┴───────────┴───────────┴───────────────┴───────┴──────────┴──────┘

