┌─────────┬─────┬─────┬─────┬─────┬───────┬──────────┬───────────┬─────────┬──────────┬───────────┬───────────────┬────────────────────────────┬──────┬──────┬─────┬──────────┬──────────┬────────┬───────┬─────┬─────┬───────┬───────────┬───────────┬───────────────┬──────┬──────────┬──────┐
│ (index) │  c  │  h  │  l  │  o  │  bu   │  val_bu  │ total_vol │ sum_vol │   val    │ acum_val  │   datetime    │            date            │ pbu  │ psd  │ puk │    bs    │    sb    │  abu   │  asd  │ auk │ rbu │ bu-sd │ bu-sd_val │ acum_busd │ acum_busd_val │  sd  │  val_sd  │ rsd  │
├─────────┼─────┼─────┼─────┼─────┼───────┼──────────┼───────────┼─────────┼──────────┼───────────┼───────────────┼────────────────────────────┼──────┼──────┼─────┼──────────┼──────────┼────────┼───────┼─────┼─────┼───────┼───────────┼───────────┼───────────────┼──────┼──────────┼──────┤
│    0    │ 3.2 │ 3.2 │ 3.2 │ 3.2 │ 2000  │ 6400000  │   2000    │  2000   │ 6400000  │  6400000  │ 1671183720000 │ '2022-12-16T09:42:00.000Z' │ 100  │  0   │  0  │ Infinity │    0     │ 3347.1 │ 935.3 │  0  │ 0.6 │ 2000  │  6400000  │   2000    │    6400000    │      │          │      │
│    1    │ 3.2 │ 3.2 │ 3.2 │ 3.2 │ 3000  │ 9600000  │   5000    │  3000   │ 9600000  │ 16000000  │ 1671185760000 │ '2022-12-16T10:16:00.000Z' │ 100  │  0   │  0  │ Infinity │    0     │ 3347.1 │ 935.3 │  0  │ 0.9 │ 3000  │  9600000  │   5000    │   16000000    │      │          │      │
│    2    │ 3.1 │ 3.1 │ 3.1 │ 3.1 │ 1500  │ 4650000  │   6500    │  1500   │ 4650000  │ 20650000  │ 1671189960000 │ '2022-12-16T11:26:00.000Z' │ 100  │  0   │  0  │ Infinity │    0     │ 3347.1 │ 935.3 │  0  │ 0.4 │ 1500  │  4650000  │   6500    │   20650000    │      │          │      │
│    3    │ 2.9 │  3  │ 2.9 │  3  │ 15000 │ 43780000 │   21500   │  15000  │ 43780000 │ 64430000  │ 1671195600000 │ '2022-12-16T13:00:00.000Z' │ 100  │  0   │  0  │ Infinity │    0     │ 3347.1 │ 935.3 │  0  │ 4.5 │ 15000 │ 43780000  │   21500   │   64430000    │      │          │      │
│    4    │  3  │  3  │  3  │  3  │ 1300  │ 3900000  │   22800   │  1300   │ 3900000  │ 68330000  │ 1671198120000 │ '2022-12-16T13:42:00.000Z' │ 100  │  0   │  0  │ Infinity │    0     │ 3347.1 │ 935.3 │  0  │ 0.4 │ 1300  │  3900000  │   22800   │   68330000    │      │          │      │
│    5    │  3  │  3  │  3  │  3  │ 15600 │ 46800000 │   38400   │  15600  │ 46800000 │ 115130000 │ 1671198240000 │ '2022-12-16T13:44:00.000Z' │ 100  │  0   │  0  │ Infinity │    0     │ 3347.1 │ 935.3 │  0  │ 4.7 │ 15600 │ 46800000  │   38400   │   115130000   │      │          │      │
│    6    │  3  │  3  │  3  │  3  │  300  │  900000  │   38700   │   300   │  900000  │ 116030000 │ 1671198360000 │ '2022-12-16T13:46:00.000Z' │ 100  │  0   │  0  │ Infinity │    0     │ 3347.1 │ 935.3 │  0  │ 0.1 │  300  │  900000   │   38700   │   116030000   │      │          │      │
│    7    │  3  │  3  │  3  │  3  │       │          │   39700   │  1000   │ 3000000  │ 119030000 │ 1671199200000 │ '2022-12-16T14:00:00.000Z' │  0   │ 100  │  0  │    0     │ Infinity │ 3347.1 │ 935.3 │  0  │     │ -1000 │ -3000000  │   37700   │   113030000   │ 1000 │ 3000000  │ 1.1  │
│    8    │  3  │  3  │  3  │  3  │       │          │   40000   │   300   │  900000  │ 119930000 │ 1671200040000 │ '2022-12-16T14:14:00.000Z' │  0   │ 100  │  0  │    0     │ Infinity │ 3347.1 │ 935.3 │  0  │     │ -300  │  -900000  │   37400   │   112130000   │ 300  │  900000  │ 0.3  │
│    9    │  3  │  3  │  3  │  3  │       │          │   44800   │  4800   │ 14400000 │ 134330000 │ 1671200640000 │ '2022-12-16T14:24:00.000Z' │  0   │ 100  │  0  │    0     │ Infinity │ 3347.1 │ 935.3 │  0  │     │ -4800 │ -14400000 │   32600   │   97730000    │ 4800 │ 14400000 │ 5.1  │
│   10    │  3  │  3  │  3  │  3  │  300  │  900000  │   45100   │   300   │  900000  │ 135230000 │ 1671200880000 │ '2022-12-16T14:28:00.000Z' │ 100  │  0   │  0  │ Infinity │    0     │ 3347.1 │ 935.3 │  0  │ 0.1 │  300  │  900000   │   32900   │   98630000    │      │          │      │
│   11    │  3  │  3  │  3  │  3  │  600  │ 1800000  │   45700   │   600   │ 1800000  │ 137030000 │ 1671201120000 │ '2022-12-16T14:32:00.000Z' │ 100  │  0   │  0  │ Infinity │    0     │ 3347.1 │ 935.3 │  0  │ 0.2 │  600  │  1800000  │   33500   │   100430000   │      │          │      │
│   12    │  3  │  3  │  3  │  3  │  200  │  600000  │   45900   │   200   │  600000  │ 137630000 │ 1671201960000 │ '2022-12-16T14:46:00.000Z' │ 100  │  0   │  0  │ Infinity │    0     │ 3347.1 │ 935.3 │  0  │ 0.1 │  200  │  600000   │   33700   │   101030000   │      │          │      │
│   13    │  3  │  3  │  3  │  3  │ 8900  │ 26700000 │   54800   │  8900   │ 26700000 │ 164330000 │ 1671202080000 │ '2022-12-16T14:48:00.000Z' │ 100  │  0   │  0  │ Infinity │    0     │ 3347.1 │ 935.3 │  0  │ 2.7 │ 8900  │ 26700000  │   42600   │   127730000   │      │          │      │
│   14    │  3  │  3  │  3  │  3  │  100  │  300000  │   54900   │   100   │  300000  │ 164630000 │ 1671202200000 │ '2022-12-16T14:50:00.000Z' │ 100  │  0   │  0  │ Infinity │    0     │ 3347.1 │ 935.3 │  0  │  0  │  100  │  300000   │   42700   │   128030000   │      │          │      │
│   15    │  3  │  3  │  3  │  3  │  100  │  300000  │   55000   │   100   │  300000  │ 164930000 │ 1671202320000 │ '2022-12-16T14:52:00.000Z' │ 100  │  0   │  0  │ Infinity │    0     │ 3347.1 │ 935.3 │  0  │  0  │  100  │  300000   │   42800   │   128330000   │      │          │      │
│   16    │  3  │  3  │ 2.9 │ 2.9 │ 8000  │ 24000000 │   72800   │  17800  │ 52420000 │ 217350000 │ 1671202680000 │ '2022-12-16T14:58:00.000Z' │ 44.9 │ 55.1 │  0  │   0.8    │   1.2    │ 3347.1 │ 935.3 │  0  │ 2.4 │ -1800 │ -4420000  │   41000   │   123910000   │ 9800 │ 28420000 │ 10.5 │
└─────────┴─────┴─────┴─────┴─────┴───────┴──────────┴───────────┴─────────┴──────────┴───────────┴───────────────┴────────────────────────────┴──────┴──────┴─────┴──────────┴──────────┴────────┴───────┴─────┴─────┴───────┴───────────┴───────────┴───────────────┴──────┴──────────┴──────┘

