┌─────────┬──────┬──────┬──────┬──────┬──────┬──────────┬───────────┬─────────┬──────────┬───────────┬───────────────┬────────────────────────────┬──────┬──────┬─────┬──────────┬──────────┬───────┬───────┬─────┬──────┬───────┬───────────┬───────────┬───────────────┬──────┬──────────┬─────┐
│ (index) │  c   │  h   │  l   │  o   │  sd  │  val_sd  │ total_vol │ sum_vol │   val    │ acum_val  │   datetime    │            date            │ pbu  │ psd  │ puk │    bs    │    sb    │  abu  │  asd  │ auk │ rsd  │ bu-sd │ bu-sd_val │ acum_busd │ acum_busd_val │  bu  │  val_bu  │ rbu │
├─────────┼──────┼──────┼──────┼──────┼──────┼──────────┼───────────┼─────────┼──────────┼───────────┼───────────────┼────────────────────────────┼──────┼──────┼─────┼──────────┼──────────┼───────┼───────┼─────┼──────┼───────┼───────────┼───────────┼───────────────┼──────┼──────────┼─────┤
│    0    │  37  │  37  │  37  │  37  │ 1000 │ 37000000 │   1000    │  1000   │ 37000000 │ 37000000  │ 1671182100000 │ '2022-12-16T09:15:00.000Z' │  0   │ 100  │  0  │    0     │ Infinity │ 446.2 │ 130.8 │  0  │ 7.6  │ -1000 │ -37000000 │   -1000   │   -37000000   │      │          │     │
│    1    │  37  │  37  │  37  │  37  │ 300  │ 11100000 │   1300    │   300   │ 11100000 │ 48100000  │ 1671183000000 │ '2022-12-16T09:30:00.000Z' │  0   │ 100  │  0  │    0     │ Infinity │ 446.2 │ 130.8 │  0  │ 2.3  │ -300  │ -11100000 │   -1300   │   -48100000   │      │          │     │
│    2    │ 37.5 │ 37.5 │ 37.5 │ 37.5 │      │          │   1400    │   100   │ 3750000  │ 51850000  │ 1671184800000 │ '2022-12-16T10:00:00.000Z' │ 100  │  0   │  0  │ Infinity │    0     │ 446.2 │ 130.8 │  0  │      │  100  │  3750000  │   -1200   │   -44350000   │ 100  │ 3750000  │ 0.2 │
│    3    │ 37.8 │ 37.8 │ 37.8 │ 37.8 │      │          │   1900    │   500   │ 18900000 │ 70750000  │ 1671185700000 │ '2022-12-16T10:15:00.000Z' │ 100  │  0   │  0  │ Infinity │    0     │ 446.2 │ 130.8 │  0  │      │  500  │ 18900000  │   -700    │   -25450000   │ 500  │ 18900000 │ 1.1 │
│    4    │ 37.8 │ 37.8 │ 37.8 │ 37.8 │      │          │   2400    │   500   │ 18900000 │ 89650000  │ 1671186000000 │ '2022-12-16T10:20:00.000Z' │ 100  │  0   │  0  │ Infinity │    0     │ 446.2 │ 130.8 │  0  │      │  500  │ 18900000  │   -200    │   -6550000    │ 500  │ 18900000 │ 1.1 │
│    5    │ 37.8 │ 37.8 │ 37.8 │ 37.8 │      │          │   2900    │   500   │ 18900000 │ 108550000 │ 1671186600000 │ '2022-12-16T10:30:00.000Z' │ 100  │  0   │  0  │ Infinity │    0     │ 446.2 │ 130.8 │  0  │      │  500  │ 18900000  │    300    │   12350000    │ 500  │ 18900000 │ 1.1 │
│    6    │ 37.5 │ 37.5 │ 37.5 │ 37.5 │      │          │   3100    │   200   │ 7500000  │ 116050000 │ 1671186900000 │ '2022-12-16T10:35:00.000Z' │ 100  │  0   │  0  │ Infinity │    0     │ 446.2 │ 130.8 │  0  │      │  200  │  7500000  │    500    │   19850000    │ 200  │ 7500000  │ 0.4 │
│    7    │ 37.5 │ 37.5 │ 37.5 │ 37.5 │      │          │   3600    │   500   │ 18750000 │ 134800000 │ 1671187500000 │ '2022-12-16T10:45:00.000Z' │ 100  │  0   │  0  │ Infinity │    0     │ 446.2 │ 130.8 │  0  │      │  500  │ 18750000  │   1000    │   38600000    │ 500  │ 18750000 │ 1.1 │
│    8    │ 37.5 │ 37.5 │ 37.5 │ 37.5 │      │          │   4100    │   500   │ 18750000 │ 153550000 │ 1671187800000 │ '2022-12-16T10:50:00.000Z' │ 100  │  0   │  0  │ Infinity │    0     │ 446.2 │ 130.8 │  0  │      │  500  │ 18750000  │   1500    │   57350000    │ 500  │ 18750000 │ 1.1 │
│    9    │ 37.5 │ 37.5 │ 37.5 │ 37.5 │      │          │   4600    │   500   │ 18750000 │ 172300000 │ 1671188700000 │ '2022-12-16T11:05:00.000Z' │ 100  │  0   │  0  │ Infinity │    0     │ 446.2 │ 130.8 │  0  │      │  500  │ 18750000  │   2000    │   76100000    │ 500  │ 18750000 │ 1.1 │
│   10    │ 37.5 │ 37.5 │ 37.5 │ 37.5 │      │          │   5100    │   500   │ 18750000 │ 191050000 │ 1671189300000 │ '2022-12-16T11:15:00.000Z' │ 100  │  0   │  0  │ Infinity │    0     │ 446.2 │ 130.8 │  0  │      │  500  │ 18750000  │   2500    │   94850000    │ 500  │ 18750000 │ 1.1 │
│   11    │ 37.5 │ 37.5 │ 37.5 │ 37.5 │      │          │   5600    │   500   │ 18750000 │ 209800000 │ 1671189600000 │ '2022-12-16T11:20:00.000Z' │ 100  │  0   │  0  │ Infinity │    0     │ 446.2 │ 130.8 │  0  │      │  500  │ 18750000  │   3000    │   113600000   │ 500  │ 18750000 │ 1.1 │
│   12    │ 37.4 │ 37.4 │ 37.4 │ 37.4 │      │          │   6100    │   500   │ 18700000 │ 228500000 │ 1671189900000 │ '2022-12-16T11:25:00.000Z' │ 100  │  0   │  0  │ Infinity │    0     │ 446.2 │ 130.8 │  0  │      │  500  │ 18700000  │   3500    │   132300000   │ 500  │ 18700000 │ 1.1 │
│   13    │ 37.4 │ 37.4 │ 37.4 │ 37.4 │      │          │   6600    │   500   │ 18700000 │ 247200000 │ 1671195900000 │ '2022-12-16T13:05:00.000Z' │ 100  │  0   │  0  │ Infinity │    0     │ 446.2 │ 130.8 │  0  │      │  500  │ 18700000  │   4000    │   151000000   │ 500  │ 18700000 │ 1.1 │
│   14    │ 37.4 │ 37.4 │ 37.4 │ 37.4 │      │          │   6700    │   100   │ 3740000  │ 250940000 │ 1671196200000 │ '2022-12-16T13:10:00.000Z' │ 100  │  0   │  0  │ Infinity │    0     │ 446.2 │ 130.8 │  0  │      │  100  │  3740000  │   4100    │   154740000   │ 100  │ 3740000  │ 0.2 │
│   15    │ 37.5 │ 37.5 │ 37.5 │ 37.5 │      │          │   7200    │   500   │ 18750000 │ 269690000 │ 1671196800000 │ '2022-12-16T13:20:00.000Z' │ 100  │  0   │  0  │ Infinity │    0     │ 446.2 │ 130.8 │  0  │      │  500  │ 18750000  │   4600    │   173490000   │ 500  │ 18750000 │ 1.1 │
│   16    │ 37.1 │ 37.5 │ 37.1 │ 37.5 │ 100  │ 3710000  │   7800    │   600   │ 22460000 │ 292150000 │ 1671197400000 │ '2022-12-16T13:30:00.000Z' │ 83.3 │ 16.7 │  0  │    5     │   0.2    │ 446.2 │ 130.8 │  0  │ 0.8  │  400  │ 15040000  │   5000    │   188530000   │ 500  │ 18750000 │ 1.1 │
│   17    │ 37.5 │ 37.5 │ 37.5 │ 37.5 │      │          │   8300    │   500   │ 18750000 │ 310900000 │ 1671198000000 │ '2022-12-16T13:40:00.000Z' │ 100  │  0   │  0  │ Infinity │    0     │ 446.2 │ 130.8 │  0  │      │  500  │ 18750000  │   5500    │   207280000   │ 500  │ 18750000 │ 1.1 │
│   18    │ 37.5 │ 37.5 │ 37.5 │ 37.5 │      │          │   8800    │   500   │ 18750000 │ 329650000 │ 1671198600000 │ '2022-12-16T13:50:00.000Z' │ 100  │  0   │  0  │ Infinity │    0     │ 446.2 │ 130.8 │  0  │      │  500  │ 18750000  │   6000    │   226030000   │ 500  │ 18750000 │ 1.1 │
│   19    │ 37.5 │ 37.5 │ 37.5 │ 37.5 │      │          │   9300    │   500   │ 18750000 │ 348400000 │ 1671198900000 │ '2022-12-16T13:55:00.000Z' │ 100  │  0   │  0  │ Infinity │    0     │ 446.2 │ 130.8 │  0  │      │  500  │ 18750000  │   6500    │   244780000   │ 500  │ 18750000 │ 1.1 │
│   20    │ 37.5 │ 37.5 │ 37.5 │ 37.5 │      │          │   9800    │   500   │ 18750000 │ 367150000 │ 1671199500000 │ '2022-12-16T14:05:00.000Z' │ 100  │  0   │  0  │ Infinity │    0     │ 446.2 │ 130.8 │  0  │      │  500  │ 18750000  │   7000    │   263530000   │ 500  │ 18750000 │ 1.1 │
├─────────┼──────┼──────┼──────┼──────┼──────┼──────────┼───────────┼─────────┼──────────┼───────────┼───────────────┼────────────────────────────┼──────┼──────┼─────┼──────────┼──────────┼───────┼───────┼─────┼──────┼───────┼───────────┼───────────┼───────────────┼──────┼──────────┼─────┤
│ (index) │  c   │  h   │  l   │  o   │  sd  │  val_sd  │ total_vol │ sum_vol │   val    │ acum_val  │   datetime    │            date            │ pbu  │ psd  │ puk │    bs    │    sb    │  abu  │  asd  │ auk │ rsd  │ bu-sd │ bu-sd_val │ acum_busd │ acum_busd_val │  bu  │  val_bu  │ rbu │
├─────────┼──────┼──────┼──────┼──────┼──────┼──────────┼───────────┼─────────┼──────────┼───────────┼───────────────┼────────────────────────────┼──────┼──────┼─────┼──────────┼──────────┼───────┼───────┼─────┼──────┼───────┼───────────┼───────────┼───────────────┼──────┼──────────┼─────┤
│   21    │ 37.5 │ 37.5 │ 37.5 │ 37.5 │      │          │   11300   │  1500   │ 56250000 │ 423400000 │ 1671199800000 │ '2022-12-16T14:10:00.000Z' │ 100  │  0   │  0  │ Infinity │    0     │ 446.2 │ 130.8 │  0  │      │ 1500  │ 56250000  │   8500    │   319780000   │ 1500 │ 56250000 │ 3.4 │
│   22    │ 37.1 │ 37.5 │ 37.1 │ 37.5 │ 2000 │ 74200000 │   13800   │  2500   │ 92950000 │ 516350000 │ 1671200100000 │ '2022-12-16T14:15:00.000Z' │  20  │  80  │  0  │   0.3    │    4     │ 446.2 │ 130.8 │  0  │ 15.3 │ -1500 │ -55450000 │   7000    │   264330000   │ 500  │ 18750000 │ 1.1 │
│   23    │ 37.5 │ 37.5 │ 37.5 │ 37.5 │      │          │   14300   │   500   │ 18750000 │ 535100000 │ 1671200400000 │ '2022-12-16T14:20:00.000Z' │ 100  │  0   │  0  │ Infinity │    0     │ 446.2 │ 130.8 │  0  │      │  500  │ 18750000  │   7500    │   283080000   │ 500  │ 18750000 │ 1.1 │
│   24    │ 37.5 │ 37.5 │ 37.5 │ 37.5 │      │          │   14800   │   500   │ 18750000 │ 553850000 │ 1671200700000 │ '2022-12-16T14:25:00.000Z' │ 100  │  0   │  0  │ Infinity │    0     │ 446.2 │ 130.8 │  0  │      │  500  │ 18750000  │   8000    │   301830000   │ 500  │ 18750000 │ 1.1 │
│   25    │ 37.5 │ 37.5 │ 37.5 │ 37.5 │      │          │   15000   │   200   │ 7500000  │ 561350000 │ 1671201000000 │ '2022-12-16T14:30:00.000Z' │ 100  │  0   │  0  │ Infinity │    0     │ 446.2 │ 130.8 │  0  │      │  200  │  7500000  │   8200    │   309330000   │ 200  │ 7500000  │ 0.4 │
└─────────┴──────┴──────┴──────┴──────┴──────┴──────────┴───────────┴─────────┴──────────┴───────────┴───────────────┴────────────────────────────┴──────┴──────┴─────┴──────────┴──────────┴───────┴───────┴─────┴──────┴───────┴───────────┴───────────┴───────────────┴──────┴──────────┴─────┘

