┌─────────┬─────┬─────┬─────┬─────┬───────┬──────────┬───────────┬─────────┬──────────┬──────────┬───────────────┬────────────────────────────┬─────┬─────┬─────┬──────────┬─────┬────────┬─────┬─────┬─────┬───────┬───────────┬───────────┬───────────────┬──────┬─────────┬─────┐
│ (index) │  c  │  h  │  l  │  o  │  bu   │  val_bu  │ total_vol │ sum_vol │   val    │ acum_val │   datetime    │            date            │ pbu │ psd │ puk │    bs    │ sb  │  abu   │ asd │ auk │ rbu │ bu-sd │ bu-sd_val │ acum_busd │ acum_busd_val │  uk  │ val_uk  │ ruk │
├─────────┼─────┼─────┼─────┼─────┼───────┼──────────┼───────────┼─────────┼──────────┼──────────┼───────────────┼────────────────────────────┼─────┼─────┼─────┼──────────┼─────┼────────┼─────┼─────┼─────┼───────┼───────────┼───────────┼───────────────┼──────┼─────────┼─────┤
│    0    │ 1.7 │ 1.7 │ 1.7 │ 1.7 │  100  │  170000  │    100    │   100   │  170000  │  170000  │ 1671181920000 │ '2022-12-16T09:12:00.000Z' │ 100 │  0  │  0  │ Infinity │  0  │ 1406.3 │  0  │ 300 │ 0.1 │  100  │  170000   │    100    │    170000     │      │         │     │
│    1    │ 1.7 │ 1.7 │ 1.7 │ 1.7 │       │          │    800    │   700   │ 1190000  │ 1360000  │ 1671182280000 │ '2022-12-16T09:18:00.000Z' │  0  │  0  │ 100 │   NaN    │ NaN │ 1406.3 │  0  │ 300 │     │   0   │     0     │    100    │    170000     │ 700  │ 1190000 │ 2.3 │
│    2    │ 1.7 │ 1.7 │ 1.7 │ 1.7 │  500  │  850000  │   1300    │   500   │  850000  │ 2210000  │ 1671184080000 │ '2022-12-16T09:48:00.000Z' │ 100 │  0  │  0  │ Infinity │  0  │ 1406.3 │  0  │ 300 │ 0.4 │  500  │  850000   │    600    │    1020000    │      │         │     │
│    3    │ 1.7 │ 1.7 │ 1.7 │ 1.7 │  200  │  340000  │   1500    │   200   │  340000  │ 2550000  │ 1671184200000 │ '2022-12-16T09:50:00.000Z' │ 100 │  0  │  0  │ Infinity │  0  │ 1406.3 │  0  │ 300 │ 0.1 │  200  │  340000   │    800    │    1360000    │      │         │     │
│    4    │ 1.7 │ 1.7 │ 1.7 │ 1.7 │ 1000  │ 1700000  │   2500    │  1000   │ 1700000  │ 4250000  │ 1671184440000 │ '2022-12-16T09:54:00.000Z' │ 100 │  0  │  0  │ Infinity │  0  │ 1406.3 │  0  │ 300 │ 0.7 │ 1000  │  1700000  │   1800    │    3060000    │      │         │     │
│    5    │ 1.7 │ 1.7 │ 1.7 │ 1.7 │ 12000 │ 20400000 │   14500   │  12000  │ 20400000 │ 24650000 │ 1671185160000 │ '2022-12-16T10:06:00.000Z' │ 100 │  0  │  0  │ Infinity │  0  │ 1406.3 │  0  │ 300 │ 8.5 │ 12000 │ 20400000  │   13800   │   23460000    │      │         │     │
│    6    │ 1.5 │ 1.5 │ 1.5 │ 1.5 │       │          │   16800   │  2300   │ 3450000  │ 28100000 │ 1671185280000 │ '2022-12-16T10:08:00.000Z' │  0  │  0  │ 100 │   NaN    │ NaN │ 1406.3 │  0  │ 300 │     │   0   │     0     │   13800   │   23460000    │ 2300 │ 3450000 │ 7.7 │
│    7    │ 1.7 │ 1.7 │ 1.7 │ 1.7 │  100  │  170000  │   16900   │   100   │  170000  │ 28270000 │ 1671186720000 │ '2022-12-16T10:32:00.000Z' │ 100 │  0  │  0  │ Infinity │  0  │ 1406.3 │  0  │ 300 │ 0.1 │  100  │  170000   │   13900   │   23630000    │      │         │     │
│    8    │ 1.7 │ 1.7 │ 1.7 │ 1.7 │ 1000  │ 1700000  │   17900   │  1000   │ 1700000  │ 29970000 │ 1671189480000 │ '2022-12-16T11:18:00.000Z' │ 100 │  0  │  0  │ Infinity │  0  │ 1406.3 │  0  │ 300 │ 0.7 │ 1000  │  1700000  │   14900   │   25330000    │      │         │     │
│    9    │ 1.6 │ 1.6 │ 1.6 │ 1.6 │       │          │   18000   │   100   │  160000  │ 30130000 │ 1671196560000 │ '2022-12-16T13:16:00.000Z' │  0  │  0  │ 100 │   NaN    │ NaN │ 1406.3 │  0  │ 300 │     │   0   │     0     │   14900   │   25330000    │ 100  │ 160000  │ 0.3 │
│   10    │ 1.6 │ 1.6 │ 1.6 │ 1.6 │ 1600  │ 2560000  │   19600   │  1600   │ 2560000  │ 32690000 │ 1671199080000 │ '2022-12-16T13:58:00.000Z' │ 100 │  0  │  0  │ Infinity │  0  │ 1406.3 │  0  │ 300 │ 1.1 │ 1600  │  2560000  │   16500   │   27890000    │      │         │     │
│   11    │ 1.6 │ 1.6 │ 1.6 │ 1.6 │ 1000  │ 1600000  │   20600   │  1000   │ 1600000  │ 34290000 │ 1671199200000 │ '2022-12-16T14:00:00.000Z' │ 100 │  0  │  0  │ Infinity │  0  │ 1406.3 │  0  │ 300 │ 0.7 │ 1000  │  1600000  │   17500   │   29490000    │      │         │     │
│   12    │ 1.6 │ 1.6 │ 1.6 │ 1.6 │ 1500  │ 2400000  │   22100   │  1500   │ 2400000  │ 36690000 │ 1671200400000 │ '2022-12-16T14:20:00.000Z' │ 100 │  0  │  0  │ Infinity │  0  │ 1406.3 │  0  │ 300 │ 1.1 │ 1500  │  2400000  │   19000   │   31890000    │      │         │     │
│   13    │ 1.6 │ 1.6 │ 1.6 │ 1.6 │ 1500  │ 2400000  │   23600   │  1500   │ 2400000  │ 39090000 │ 1671200880000 │ '2022-12-16T14:28:00.000Z' │ 100 │  0  │  0  │ Infinity │  0  │ 1406.3 │  0  │ 300 │ 1.1 │ 1500  │  2400000  │   20500   │   34290000    │      │         │     │
│   14    │ 1.6 │ 1.6 │ 1.6 │ 1.6 │ 2000  │ 3200000  │   25600   │  2000   │ 3200000  │ 42290000 │ 1671201360000 │ '2022-12-16T14:36:00.000Z' │ 100 │  0  │  0  │ Infinity │  0  │ 1406.3 │  0  │ 300 │ 1.4 │ 2000  │  3200000  │   22500   │   37490000    │      │         │     │
│   15    │ 1.6 │ 1.6 │ 1.6 │ 1.6 │       │          │   27300   │  1700   │ 2720000  │ 45010000 │ 1671201600000 │ '2022-12-16T14:40:00.000Z' │  0  │  0  │ 100 │   NaN    │ NaN │ 1406.3 │  0  │ 300 │     │   0   │     0     │   22500   │   37490000    │ 1700 │ 2720000 │ 5.7 │
└─────────┴─────┴─────┴─────┴─────┴───────┴──────────┴───────────┴─────────┴──────────┴──────────┴───────────────┴────────────────────────────┴─────┴─────┴─────┴──────────┴─────┴────────┴─────┴─────┴─────┴───────┴───────────┴───────────┴───────────────┴──────┴─────────┴─────┘

