┌─────────┬───────┬───────┬───────┬───────┬──────┬──────────┬───────────┬─────────┬───────────┬───────────┬───────────────┬────────────────────────────┬──────┬──────┬─────┬──────────┬──────────┬───────┬───────┬─────┬─────┬───────┬────────────┬───────────┬───────────────┬──────┬───────────┬──────┐
│ (index) │   c   │   h   │   l   │   o   │  bu  │  val_bu  │ total_vol │ sum_vol │    val    │ acum_val  │   datetime    │            date            │ pbu  │ psd  │ puk │    bs    │    sb    │  abu  │  asd  │ auk │ rbu │ bu-sd │ bu-sd_val  │ acum_busd │ acum_busd_val │  sd  │  val_sd   │ rsd  │
├─────────┼───────┼───────┼───────┼───────┼──────┼──────────┼───────────┼─────────┼───────────┼───────────┼───────────────┼────────────────────────────┼──────┼──────┼─────┼──────────┼──────────┼───────┼───────┼─────┼─────┼───────┼────────────┼───────────┼───────────────┼──────┼───────────┼──────┤
│    0    │  15   │  15   │  15   │  15   │ 1500 │ 22500000 │   1500    │  1500   │ 22500000  │ 22500000  │ 1671184200000 │ '2022-12-16T09:50:00.000Z' │ 100  │  0   │  0  │ Infinity │    0     │ 308.7 │ 739.1 │  0  │ 4.9 │ 1500  │  22500000  │   1500    │   22500000    │      │           │      │
│    1    │ 15.1  │ 15.1  │ 15.1  │ 15.1  │ 300  │ 4530000  │   1800    │   300   │  4530000  │ 27030000  │ 1671186000000 │ '2022-12-16T10:20:00.000Z' │ 100  │  0   │  0  │ Infinity │    0     │ 308.7 │ 739.1 │  0  │  1  │  300  │  4530000   │   1800    │   27030000    │      │           │      │
│    2    │ 15.15 │ 15.15 │ 15.15 │ 15.15 │ 100  │ 1515000  │   1900    │   100   │  1515000  │ 28545000  │ 1671186300000 │ '2022-12-16T10:25:00.000Z' │ 100  │  0   │  0  │ Infinity │    0     │ 308.7 │ 739.1 │  0  │ 0.3 │  100  │  1515000   │   1900    │   28545000    │      │           │      │
│    3    │ 15.15 │ 15.2  │ 15.15 │ 15.15 │ 400  │ 6080000  │   3700    │  1800   │ 27290000  │ 55835000  │ 1671186600000 │ '2022-12-16T10:30:00.000Z' │ 22.2 │ 77.8 │  0  │   0.3    │   3.5    │ 308.7 │ 739.1 │  0  │ 1.3 │ -1000 │ -15130000  │    900    │   13415000    │ 1400 │ 21210000  │ 1.9  │
│    4    │ 15.1  │ 15.1  │ 15.1  │ 15.1  │      │          │   5400    │  1700   │ 25670000  │ 81505000  │ 1671186900000 │ '2022-12-16T10:35:00.000Z' │  0   │ 100  │  0  │    0     │ Infinity │ 308.7 │ 739.1 │  0  │     │ -1700 │ -25670000  │   -800    │   -12255000   │ 1700 │ 25670000  │ 2.3  │
│    5    │  15   │  15   │  15   │  15   │      │          │   6000    │   600   │  9000000  │ 90505000  │ 1671187200000 │ '2022-12-16T10:40:00.000Z' │  0   │ 100  │  0  │    0     │ Infinity │ 308.7 │ 739.1 │  0  │     │ -600  │  -9000000  │   -1400   │   -21255000   │ 600  │  9000000  │ 0.8  │
│    6    │ 15.1  │ 15.1  │ 15.1  │ 15.1  │      │          │   6100    │   100   │  1510000  │ 92015000  │ 1671188400000 │ '2022-12-16T11:00:00.000Z' │  0   │ 100  │  0  │    0     │ Infinity │ 308.7 │ 739.1 │  0  │     │ -100  │  -1510000  │   -1500   │   -22765000   │ 100  │  1510000  │ 0.1  │
│    7    │ 15.1  │ 15.1  │ 15.1  │ 15.1  │      │          │   6200    │   100   │  1510000  │ 93525000  │ 1671189000000 │ '2022-12-16T11:10:00.000Z' │  0   │ 100  │  0  │    0     │ Infinity │ 308.7 │ 739.1 │  0  │     │ -100  │  -1510000  │   -1600   │   -24275000   │ 100  │  1510000  │ 0.1  │
│    8    │ 15.1  │ 15.1  │ 15.1  │ 15.1  │ 100  │ 1510000  │   6300    │   100   │  1510000  │ 95035000  │ 1671189300000 │ '2022-12-16T11:15:00.000Z' │ 100  │  0   │  0  │ Infinity │    0     │ 308.7 │ 739.1 │  0  │ 0.3 │  100  │  1510000   │   -1500   │   -22765000   │      │           │      │
│    9    │ 15.1  │ 15.1  │ 15.1  │ 15.1  │ 100  │ 1510000  │   6400    │   100   │  1510000  │ 96545000  │ 1671195600000 │ '2022-12-16T13:00:00.000Z' │ 100  │  0   │  0  │ Infinity │    0     │ 308.7 │ 739.1 │  0  │ 0.3 │  100  │  1510000   │   -1400   │   -21255000   │      │           │      │
│   10    │ 15.05 │ 15.05 │ 15.05 │ 15.05 │      │          │   6700    │   300   │  4515000  │ 101060000 │ 1671196200000 │ '2022-12-16T13:10:00.000Z' │  0   │ 100  │  0  │    0     │ Infinity │ 308.7 │ 739.1 │  0  │     │ -300  │  -4515000  │   -1700   │   -25770000   │ 300  │  4515000  │ 0.4  │
│   11    │ 15.05 │ 15.05 │ 15.05 │ 15.05 │      │          │   7300    │   600   │  9030000  │ 110090000 │ 1671196500000 │ '2022-12-16T13:15:00.000Z' │  0   │ 100  │  0  │    0     │ Infinity │ 308.7 │ 739.1 │  0  │     │ -600  │  -9030000  │   -2300   │   -34800000   │ 600  │  9030000  │ 0.8  │
│   12    │ 15.1  │ 15.1  │ 15.1  │ 15.1  │ 100  │ 1510000  │   7400    │   100   │  1510000  │ 111600000 │ 1671196800000 │ '2022-12-16T13:20:00.000Z' │ 100  │  0   │  0  │ Infinity │    0     │ 308.7 │ 739.1 │  0  │ 0.3 │  100  │  1510000   │   -2200   │   -33290000   │      │           │      │
│   13    │ 15.05 │ 15.05 │ 15.05 │ 15.05 │      │          │   8500    │  1100   │ 16555000  │ 128155000 │ 1671197100000 │ '2022-12-16T13:25:00.000Z' │  0   │ 100  │  0  │    0     │ Infinity │ 308.7 │ 739.1 │  0  │     │ -1100 │ -16555000  │   -3300   │   -49845000   │ 1100 │ 16555000  │ 1.5  │
│   14    │  15   │  15   │  15   │  15   │      │          │   17200   │  8700   │ 130500000 │ 258655000 │ 1671197700000 │ '2022-12-16T13:35:00.000Z' │  0   │ 100  │  0  │    0     │ Infinity │ 308.7 │ 739.1 │  0  │     │ -8700 │ -130500000 │  -12000   │  -180345000   │ 8700 │ 130500000 │ 11.8 │
│   15    │  15   │  15   │  15   │  15   │ 500  │ 7500000  │   17700   │   500   │  7500000  │ 266155000 │ 1671198300000 │ '2022-12-16T13:45:00.000Z' │ 100  │  0   │  0  │ Infinity │    0     │ 308.7 │ 739.1 │  0  │ 1.6 │  500  │  7500000   │  -11500   │  -172845000   │      │           │      │
│   16    │  15   │  15   │  15   │  15   │ 200  │ 3000000  │   17900   │   200   │  3000000  │ 269155000 │ 1671198900000 │ '2022-12-16T13:55:00.000Z' │ 100  │  0   │  0  │ Infinity │    0     │ 308.7 │ 739.1 │  0  │ 0.6 │  200  │  3000000   │  -11300   │  -169845000   │      │           │      │
│   17    │  15   │  15   │  15   │  15   │      │          │   18100   │   200   │  3000000  │ 272155000 │ 1671199200000 │ '2022-12-16T14:00:00.000Z' │  0   │ 100  │  0  │    0     │ Infinity │ 308.7 │ 739.1 │  0  │     │ -200  │  -3000000  │  -11500   │  -172845000   │ 200  │  3000000  │ 0.3  │
│   18    │  15   │  15   │  15   │  15   │      │          │   18700   │   600   │  9000000  │ 281155000 │ 1671199500000 │ '2022-12-16T14:05:00.000Z' │  0   │ 100  │  0  │    0     │ Infinity │ 308.7 │ 739.1 │  0  │     │ -600  │  -9000000  │  -12100   │  -181845000   │ 600  │  9000000  │ 0.8  │
│   19    │  15   │  15   │  15   │  15   │ 1200 │ 18000000 │   19900   │  1200   │ 18000000  │ 299155000 │ 1671199800000 │ '2022-12-16T14:10:00.000Z' │ 100  │  0   │  0  │ Infinity │    0     │ 308.7 │ 739.1 │  0  │ 3.9 │ 1200  │  18000000  │  -10900   │  -163845000   │      │           │      │
│   20    │  15   │  15   │  15   │  15   │ 300  │ 4500000  │   20200   │   300   │  4500000  │ 303655000 │ 1671200100000 │ '2022-12-16T14:15:00.000Z' │ 100  │  0   │  0  │ Infinity │    0     │ 308.7 │ 739.1 │  0  │  1  │  300  │  4500000   │  -10600   │  -159345000   │      │           │      │
├─────────┼───────┼───────┼───────┼───────┼──────┼──────────┼───────────┼─────────┼───────────┼───────────┼───────────────┼────────────────────────────┼──────┼──────┼─────┼──────────┼──────────┼───────┼───────┼─────┼─────┼───────┼────────────┼───────────┼───────────────┼──────┼───────────┼──────┤
│ (index) │   c   │   h   │   l   │   o   │  bu  │  val_bu  │ total_vol │ sum_vol │    val    │ acum_val  │   datetime    │            date            │ pbu  │ psd  │ puk │    bs    │    sb    │  abu  │  asd  │ auk │ rbu │ bu-sd │ bu-sd_val  │ acum_busd │ acum_busd_val │  sd  │  val_sd   │ rsd  │
├─────────┼───────┼───────┼───────┼───────┼──────┼──────────┼───────────┼─────────┼───────────┼───────────┼───────────────┼────────────────────────────┼──────┼──────┼─────┼──────────┼──────────┼───────┼───────┼─────┼─────┼───────┼────────────┼───────────┼───────────────┼──────┼───────────┼──────┤
│   21    │ 15.1  │ 15.1  │ 15.05 │ 15.05 │ 2300 │ 34625000 │   22500   │  2300   │ 34625000  │ 338280000 │ 1671200400000 │ '2022-12-16T14:20:00.000Z' │ 100  │  0   │  0  │ Infinity │    0     │ 308.7 │ 739.1 │  0  │ 7.5 │ 2300  │  34625000  │   -8300   │  -124720000   │      │           │      │
│   22    │  15   │  15   │  15   │  15   │      │          │   24100   │  1600   │ 24000000  │ 362280000 │ 1671201900000 │ '2022-12-16T14:45:00.000Z' │  0   │ 100  │  0  │    0     │ Infinity │ 308.7 │ 739.1 │  0  │     │ -1600 │ -24000000  │   -9900   │  -148720000   │ 1600 │ 24000000  │ 2.2  │
└─────────┴───────┴───────┴───────┴───────┴──────┴──────────┴───────────┴─────────┴───────────┴───────────┴───────────────┴────────────────────────────┴──────┴──────┴─────┴──────────┴──────────┴───────┴───────┴─────┴─────┴───────┴────────────┴───────────┴───────────────┴──────┴───────────┴──────┘

