┌─────────┬──────┬──────┬──────┬──────┬───────┬──────────┬───────────┬─────────┬───────────┬───────────┬───────────────┬────────────────────────────┬──────┬──────┬─────┬──────────┬──────────┬────────┬────────┬─────┬──────┬───────┬───────────┬───────────┬───────────────┬───────┬───────────┬─────┐
│ (index) │  c   │  h   │  l   │  o   │  sd   │  val_sd  │ total_vol │ sum_vol │    val    │ acum_val  │   datetime    │            date            │ pbu  │ psd  │ puk │    bs    │    sb    │  abu   │  asd   │ auk │ rsd  │ bu-sd │ bu-sd_val │ acum_busd │ acum_busd_val │  bu   │  val_bu   │ rbu │
├─────────┼──────┼──────┼──────┼──────┼───────┼──────────┼───────────┼─────────┼───────────┼───────────┼───────────────┼────────────────────────────┼──────┼──────┼─────┼──────────┼──────────┼────────┼────────┼─────┼──────┼───────┼───────────┼───────────┼───────────────┼───────┼───────────┼─────┤
│    0    │ 7.66 │ 7.66 │ 7.66 │ 7.66 │  500  │ 3830000  │    500    │   500   │  3830000  │  3830000  │ 1671182100000 │ '2022-12-16T09:15:00.000Z' │  0   │ 100  │  0  │    0     │ Infinity │ 2872.4 │ 1151.7 │  0  │ 0.4  │ -500  │ -3830000  │   -500    │   -3830000    │       │           │     │
│    1    │ 7.66 │ 7.66 │ 7.66 │ 7.66 │  500  │ 3830000  │   1000    │   500   │  3830000  │  7660000  │ 1671182400000 │ '2022-12-16T09:20:00.000Z' │  0   │ 100  │  0  │    0     │ Infinity │ 2872.4 │ 1151.7 │  0  │ 0.4  │ -500  │ -3830000  │   -1000   │   -7660000    │       │           │     │
│    2    │ 7.66 │ 7.66 │ 7.66 │ 7.66 │  500  │ 3830000  │   1500    │   500   │  3830000  │ 11490000  │ 1671182700000 │ '2022-12-16T09:25:00.000Z' │  0   │ 100  │  0  │    0     │ Infinity │ 2872.4 │ 1151.7 │  0  │ 0.4  │ -500  │ -3830000  │   -1500   │   -11490000   │       │           │     │
│    3    │ 7.6  │ 7.6  │ 7.6  │ 7.6  │ 2900  │ 22040000 │   4400    │  2900   │ 22040000  │ 33530000  │ 1671183600000 │ '2022-12-16T09:40:00.000Z' │  0   │ 100  │  0  │    0     │ Infinity │ 2872.4 │ 1151.7 │  0  │ 2.5  │ -2900 │ -22040000 │   -4400   │   -33530000   │       │           │     │
│    4    │ 7.6  │ 7.6  │ 7.6  │ 7.6  │  200  │ 1520000  │   4600    │   200   │  1520000  │ 35050000  │ 1671183900000 │ '2022-12-16T09:45:00.000Z' │  0   │ 100  │  0  │    0     │ Infinity │ 2872.4 │ 1151.7 │  0  │ 0.2  │ -200  │ -1520000  │   -4600   │   -35050000   │       │           │     │
│    5    │ 7.5  │ 7.65 │ 7.5  │ 7.61 │ 3200  │ 24114000 │   8100    │  3500   │ 26409000  │ 61459000  │ 1671184200000 │ '2022-12-16T09:50:00.000Z' │ 8.6  │ 91.4 │  0  │   0.1    │   10.7   │ 2872.4 │ 1151.7 │  0  │ 2.8  │ -2900 │ -21819000 │   -7500   │   -56869000   │  300  │  2295000  │ 0.1 │
│    6    │ 7.65 │ 7.65 │ 7.5  │ 7.51 │ 1400  │ 10501000 │   9600    │  1500   │ 11266000  │ 72725000  │ 1671184500000 │ '2022-12-16T09:55:00.000Z' │ 6.7  │ 93.3 │  0  │   0.1    │    14    │ 2872.4 │ 1151.7 │  0  │ 1.2  │ -1300 │ -9736000  │   -8800   │   -66605000   │  100  │  765000   │  0  │
│    7    │ 7.5  │ 7.6  │ 7.5  │ 7.6  │  100  │  750000  │   10200   │   600   │  4550000  │ 77275000  │ 1671184800000 │ '2022-12-16T10:00:00.000Z' │ 83.3 │ 16.7 │  0  │    5     │   0.2    │ 2872.4 │ 1151.7 │  0  │ 0.1  │  400  │  3050000  │   -8400   │   -63555000   │  500  │  3800000  │ 0.2 │
│    8    │ 7.5  │ 7.51 │ 7.5  │ 7.51 │ 1700  │ 12761000 │   11900   │  1700   │ 12761000  │ 90036000  │ 1671185400000 │ '2022-12-16T10:10:00.000Z' │  0   │ 100  │  0  │    0     │ Infinity │ 2872.4 │ 1151.7 │  0  │ 1.5  │ -1700 │ -12761000 │  -10100   │   -76316000   │       │           │     │
│    9    │ 7.5  │ 7.5  │ 7.5  │ 7.5  │  300  │ 2250000  │   12200   │   300   │  2250000  │ 92286000  │ 1671185700000 │ '2022-12-16T10:15:00.000Z' │  0   │ 100  │  0  │    0     │ Infinity │ 2872.4 │ 1151.7 │  0  │ 0.3  │ -300  │ -2250000  │  -10400   │   -78566000   │       │           │     │
│   10    │ 7.51 │ 7.51 │ 7.5  │ 7.51 │ 2700  │ 20270000 │   14900   │  2700   │ 20270000  │ 112556000 │ 1671186000000 │ '2022-12-16T10:20:00.000Z' │  0   │ 100  │  0  │    0     │ Infinity │ 2872.4 │ 1151.7 │  0  │ 2.3  │ -2700 │ -20270000 │  -13100   │   -98836000   │       │           │     │
│   11    │ 7.65 │ 7.65 │ 7.55 │ 7.55 │       │          │   20900   │  6000   │ 45750000  │ 158306000 │ 1671186300000 │ '2022-12-16T10:25:00.000Z' │ 100  │  0   │  0  │ Infinity │    0     │ 2872.4 │ 1151.7 │  0  │      │ 6000  │ 45750000  │   -7100   │   -53086000   │ 6000  │ 45750000  │ 2.1 │
│   12    │ 7.6  │ 7.6  │ 7.6  │ 7.6  │       │          │   21000   │   100   │  760000   │ 159066000 │ 1671186600000 │ '2022-12-16T10:30:00.000Z' │ 100  │  0   │  0  │ Infinity │    0     │ 2872.4 │ 1151.7 │  0  │      │  100  │  760000   │   -7000   │   -52326000   │  100  │  760000   │  0  │
│   13    │ 7.6  │ 7.6  │ 7.6  │ 7.6  │       │          │   23000   │  2000   │ 15200000  │ 174266000 │ 1671186900000 │ '2022-12-16T10:35:00.000Z' │ 100  │  0   │  0  │ Infinity │    0     │ 2872.4 │ 1151.7 │  0  │      │ 2000  │ 15200000  │   -5000   │   -37126000   │ 2000  │ 15200000  │ 0.7 │
│   14    │ 7.65 │ 7.65 │ 7.65 │ 7.65 │       │          │   24000   │  1000   │  7650000  │ 181916000 │ 1671187500000 │ '2022-12-16T10:45:00.000Z' │ 100  │  0   │  0  │ Infinity │    0     │ 2872.4 │ 1151.7 │  0  │      │ 1000  │  7650000  │   -4000   │   -29476000   │ 1000  │  7650000  │ 0.3 │
│   15    │ 7.6  │ 7.6  │ 7.6  │ 7.6  │ 5000  │ 38000000 │   29000   │  5000   │ 38000000  │ 219916000 │ 1671189300000 │ '2022-12-16T11:15:00.000Z' │  0   │ 100  │  0  │    0     │ Infinity │ 2872.4 │ 1151.7 │  0  │ 4.3  │ -5000 │ -38000000 │   -9000   │   -67476000   │       │           │     │
│   16    │ 7.65 │ 7.65 │ 7.65 │ 7.65 │       │          │   29700   │   700   │  5355000  │ 225271000 │ 1671195600000 │ '2022-12-16T13:00:00.000Z' │ 100  │  0   │  0  │ Infinity │    0     │ 2872.4 │ 1151.7 │  0  │      │  700  │  5355000  │   -8300   │   -62121000   │  700  │  5355000  │ 0.2 │
│   17    │ 7.5  │ 7.6  │ 7.5  │ 7.6  │ 1300  │ 9783000  │   32700   │  3000   │ 22533000  │ 247804000 │ 1671197100000 │ '2022-12-16T13:25:00.000Z' │ 56.7 │ 43.3 │  0  │   1.3    │   0.8    │ 2872.4 │ 1151.7 │  0  │ 1.1  │  400  │  2967000  │   -7900   │   -59154000   │ 1700  │ 12750000  │ 0.6 │
│   18    │ 7.62 │ 7.62 │ 7.61 │ 7.61 │       │          │   34200   │  1500   │ 11424000  │ 259228000 │ 1671197700000 │ '2022-12-16T13:35:00.000Z' │ 100  │  0   │  0  │ Infinity │    0     │ 2872.4 │ 1151.7 │  0  │      │ 1500  │ 11424000  │   -6400   │   -47730000   │ 1500  │ 11424000  │ 0.5 │
│   19    │ 7.13 │ 7.5  │ 7.13 │ 7.46 │ 13100 │ 95787000 │   64500   │  30300  │ 218423000 │ 477651000 │ 1671198300000 │ '2022-12-16T13:45:00.000Z' │ 56.8 │ 43.2 │  0  │   1.3    │   0.8    │ 2872.4 │ 1151.7 │  0  │ 11.4 │ 4100  │ 26849000  │   -2300   │   -20881000   │ 17200 │ 122636000 │  6  │
│   20    │ 7.13 │ 7.13 │ 7.13 │ 7.13 │       │          │   71600   │  7100   │ 50623000  │ 528274000 │ 1671198600000 │ '2022-12-16T13:50:00.000Z' │ 100  │  0   │  0  │ Infinity │    0     │ 2872.4 │ 1151.7 │  0  │      │ 7100  │ 50623000  │   4800    │   29742000    │ 7100  │ 50623000  │ 2.5 │
├─────────┼──────┼──────┼──────┼──────┼───────┼──────────┼───────────┼─────────┼───────────┼───────────┼───────────────┼────────────────────────────┼──────┼──────┼─────┼──────────┼──────────┼────────┼────────┼─────┼──────┼───────┼───────────┼───────────┼───────────────┼───────┼───────────┼─────┤
│ (index) │  c   │  h   │  l   │  o   │  sd   │  val_sd  │ total_vol │ sum_vol │    val    │ acum_val  │   datetime    │            date            │ pbu  │ psd  │ puk │    bs    │    sb    │  abu   │  asd   │ auk │ rsd  │ bu-sd │ bu-sd_val │ acum_busd │ acum_busd_val │  bu   │  val_bu   │ rbu │
├─────────┼──────┼──────┼──────┼──────┼───────┼──────────┼───────────┼─────────┼───────────┼───────────┼───────────────┼────────────────────────────┼──────┼──────┼─────┼──────────┼──────────┼────────┼────────┼─────┼──────┼───────┼───────────┼───────────┼───────────────┼───────┼───────────┼─────┤
│   21    │ 7.13 │ 7.13 │ 7.13 │ 7.13 │       │          │   73700   │  2100   │ 14973000  │ 543247000 │ 1671198900000 │ '2022-12-16T13:55:00.000Z' │ 100  │  0   │  0  │ Infinity │    0     │ 2872.4 │ 1151.7 │  0  │      │ 2100  │ 14973000  │   6900    │   44715000    │ 2100  │ 14973000  │ 0.7 │
│   22    │ 7.13 │ 7.13 │ 7.13 │ 7.13 │       │          │   82800   │  9100   │ 64883000  │ 608130000 │ 1671199200000 │ '2022-12-16T14:00:00.000Z' │ 100  │  0   │  0  │ Infinity │    0     │ 2872.4 │ 1151.7 │  0  │      │ 9100  │ 64883000  │   16000   │   109598000   │ 9100  │ 64883000  │ 3.2 │
│   23    │ 7.13 │ 7.13 │ 7.13 │ 7.13 │       │          │   84400   │  1600   │ 11408000  │ 619538000 │ 1671199500000 │ '2022-12-16T14:05:00.000Z' │ 100  │  0   │  0  │ Infinity │    0     │ 2872.4 │ 1151.7 │  0  │      │ 1600  │ 11408000  │   17600   │   121006000   │ 1600  │ 11408000  │ 0.6 │
│   24    │ 7.13 │ 7.13 │ 7.13 │ 7.13 │       │          │   87700   │  3300   │ 23529000  │ 643067000 │ 1671199800000 │ '2022-12-16T14:10:00.000Z' │ 100  │  0   │  0  │ Infinity │    0     │ 2872.4 │ 1151.7 │  0  │      │ 3300  │ 23529000  │   20900   │   144535000   │ 3300  │ 23529000  │ 1.1 │
│   25    │ 7.13 │ 7.13 │ 7.13 │ 7.13 │       │          │   91200   │  3500   │ 24955000  │ 668022000 │ 1671200100000 │ '2022-12-16T14:15:00.000Z' │ 100  │  0   │  0  │ Infinity │    0     │ 2872.4 │ 1151.7 │  0  │      │ 3500  │ 24955000  │   24400   │   169490000   │ 3500  │ 24955000  │ 1.2 │
│   26    │ 7.13 │ 7.13 │ 7.13 │ 7.13 │       │          │  101500   │  10300  │ 73439000  │ 741461000 │ 1671200400000 │ '2022-12-16T14:20:00.000Z' │ 100  │  0   │  0  │ Infinity │    0     │ 2872.4 │ 1151.7 │  0  │      │ 10300 │ 73439000  │   34700   │   242929000   │ 10300 │ 73439000  │ 3.6 │
│   27    │ 7.13 │ 7.13 │ 7.13 │ 7.13 │       │          │  104000   │  2500   │ 17825000  │ 759286000 │ 1671200700000 │ '2022-12-16T14:25:00.000Z' │ 100  │  0   │  0  │ Infinity │    0     │ 2872.4 │ 1151.7 │  0  │      │ 2500  │ 17825000  │   37200   │   260754000   │ 2500  │ 17825000  │ 0.9 │
│   28    │ 7.13 │ 7.13 │ 7.13 │ 7.13 │       │          │  116700   │  12700  │ 90551000  │ 849837000 │ 1671201900000 │ '2022-12-16T14:45:00.000Z' │ 100  │  0   │  0  │ Infinity │    0     │ 2872.4 │ 1151.7 │  0  │      │ 12700 │ 90551000  │   49900   │   351305000   │ 12700 │ 90551000  │ 4.4 │
└─────────┴──────┴──────┴──────┴──────┴───────┴──────────┴───────────┴─────────┴───────────┴───────────┴───────────────┴────────────────────────────┴──────┴──────┴─────┴──────────┴──────────┴────────┴────────┴─────┴──────┴───────┴───────────┴───────────┴───────────────┴───────┴───────────┴─────┘

