┌─────────┬──────┬──────┬──────┬──────┬──────┬──────────┬───────────┬─────────┬──────────┬───────────┬───────────────┬────────────────────────────┬─────┬─────┬─────┬──────────┬──────────┬────────┬────────┬─────┬─────┬───────┬───────────┬───────────┬───────────────┬───────┬──────────┬─────┐
│ (index) │  c   │  h   │  l   │  o   │  sd  │  val_sd  │ total_vol │ sum_vol │   val    │ acum_val  │   datetime    │            date            │ pbu │ psd │ puk │    bs    │    sb    │  abu   │  asd   │ auk │ rsd │ bu-sd │ bu-sd_val │ acum_busd │ acum_busd_val │  bu   │  val_bu  │ rbu │
├─────────┼──────┼──────┼──────┼──────┼──────┼──────────┼───────────┼─────────┼──────────┼───────────┼───────────────┼────────────────────────────┼─────┼─────┼─────┼──────────┼──────────┼────────┼────────┼─────┼─────┼───────┼───────────┼───────────┼───────────────┼───────┼──────────┼─────┤
│    0    │  3   │ 3.01 │  3   │ 3.01 │ 2000 │ 6012000  │   2000    │  2000   │ 6012000  │  6012000  │ 1671195720000 │ '2022-12-16T13:02:00.000Z' │  0  │ 100 │  0  │    0     │ Infinity │ 3247.1 │ 1117.6 │  0  │ 1.8 │ -2000 │ -6012000  │   -2000   │   -6012000    │       │          │     │
│    1    │ 3.01 │ 3.01 │ 3.01 │ 3.01 │ 200  │  602000  │   2200    │   200   │  602000  │  6614000  │ 1671196440000 │ '2022-12-16T13:14:00.000Z' │  0  │ 100 │  0  │    0     │ Infinity │ 3247.1 │ 1117.6 │  0  │ 0.2 │ -200  │  -602000  │   -2200   │   -6614000    │       │          │     │
│    2    │ 3.01 │ 3.01 │ 3.01 │ 3.01 │ 800  │ 2408000  │   3000    │   800   │ 2408000  │  9022000  │ 1671196920000 │ '2022-12-16T13:22:00.000Z' │  0  │ 100 │  0  │    0     │ Infinity │ 3247.1 │ 1117.6 │  0  │ 0.7 │ -800  │ -2408000  │   -3000   │   -9022000    │       │          │     │
│    3    │ 3.01 │ 3.01 │ 3.01 │ 3.01 │      │          │   3100    │   100   │  301000  │  9323000  │ 1671198000000 │ '2022-12-16T13:40:00.000Z' │ 100 │  0  │  0  │ Infinity │    0     │ 3247.1 │ 1117.6 │  0  │     │  100  │  301000   │   -2900   │   -8721000    │  100  │  301000  │  0  │
│    4    │  3   │  3   │  3   │  3   │ 2000 │ 6000000  │   5100    │  2000   │ 6000000  │ 15323000  │ 1671198120000 │ '2022-12-16T13:42:00.000Z' │  0  │ 100 │  0  │    0     │ Infinity │ 3247.1 │ 1117.6 │  0  │ 1.8 │ -2000 │ -6000000  │   -4900   │   -14721000   │       │          │     │
│    5    │  3   │  3   │  3   │  3   │ 3000 │ 9000000  │   8100    │  3000   │ 9000000  │ 24323000  │ 1671198240000 │ '2022-12-16T13:44:00.000Z' │  0  │ 100 │  0  │    0     │ Infinity │ 3247.1 │ 1117.6 │  0  │ 2.7 │ -3000 │ -9000000  │   -7900   │   -23721000   │       │          │     │
│    6    │ 3.01 │ 3.01 │ 3.01 │ 3.01 │      │          │   9100    │  1000   │ 3010000  │ 27333000  │ 1671198480000 │ '2022-12-16T13:48:00.000Z' │ 100 │  0  │  0  │ Infinity │    0     │ 3247.1 │ 1117.6 │  0  │     │ 1000  │  3010000  │   -6900   │   -20711000   │ 1000  │ 3010000  │ 0.3 │
│    7    │  3   │  3   │  3   │  3   │ 300  │  900000  │   9400    │   300   │  900000  │ 28233000  │ 1671198720000 │ '2022-12-16T13:52:00.000Z' │  0  │ 100 │  0  │    0     │ Infinity │ 3247.1 │ 1117.6 │  0  │ 0.3 │ -300  │  -900000  │   -7200   │   -21611000   │       │          │     │
│    8    │ 3.01 │ 3.01 │ 3.01 │ 3.01 │      │          │   11500   │  2100   │ 6321000  │ 34554000  │ 1671198960000 │ '2022-12-16T13:56:00.000Z' │ 100 │  0  │  0  │ Infinity │    0     │ 3247.1 │ 1117.6 │  0  │     │ 2100  │  6321000  │   -5100   │   -15290000   │ 2100  │ 6321000  │ 0.6 │
│    9    │  3   │ 3.01 │  3   │ 3.01 │ 7600 │ 22834000 │   19100   │  7600   │ 22834000 │ 57388000  │ 1671199080000 │ '2022-12-16T13:58:00.000Z' │  0  │ 100 │  0  │    0     │ Infinity │ 3247.1 │ 1117.6 │  0  │ 6.8 │ -7600 │ -22834000 │  -12700   │   -38124000   │       │          │     │
│   10    │ 2.95 │ 2.95 │ 2.95 │ 2.95 │ 200  │  590000  │   19300   │   200   │  590000  │ 57978000  │ 1671199680000 │ '2022-12-16T14:08:00.000Z' │  0  │ 100 │  0  │    0     │ Infinity │ 3247.1 │ 1117.6 │  0  │ 0.2 │ -200  │  -590000  │  -12900   │   -38714000   │       │          │     │
│   11    │  3   │  3   │  3   │  3   │      │          │   19700   │   400   │ 1200000  │ 59178000  │ 1671199800000 │ '2022-12-16T14:10:00.000Z' │ 100 │  0  │  0  │ Infinity │    0     │ 3247.1 │ 1117.6 │  0  │     │  400  │  1200000  │  -12500   │   -37514000   │  400  │ 1200000  │ 0.1 │
│   12    │  3   │  3   │  3   │  3   │      │          │   49700   │  30000  │ 90000000 │ 149178000 │ 1671199920000 │ '2022-12-16T14:12:00.000Z' │ 100 │  0  │  0  │ Infinity │    0     │ 3247.1 │ 1117.6 │  0  │     │ 30000 │ 90000000  │   17500   │   52486000    │ 30000 │ 90000000 │ 9.2 │
│   13    │  3   │  3   │  3   │  3   │      │          │   49800   │   100   │  300000  │ 149478000 │ 1671200640000 │ '2022-12-16T14:24:00.000Z' │ 100 │  0  │  0  │ Infinity │    0     │ 3247.1 │ 1117.6 │  0  │     │  100  │  300000   │   17600   │   52786000    │  100  │  300000  │  0  │
│   14    │  3   │  3   │  3   │  3   │      │          │   62800   │  13000  │ 39000000 │ 188478000 │ 1671200760000 │ '2022-12-16T14:26:00.000Z' │ 100 │  0  │  0  │ Infinity │    0     │ 3247.1 │ 1117.6 │  0  │     │ 13000 │ 39000000  │   30600   │   91786000    │ 13000 │ 39000000 │  4  │
│   15    │  3   │  3   │  3   │  3   │      │          │   71300   │  8500   │ 25500000 │ 213978000 │ 1671200880000 │ '2022-12-16T14:28:00.000Z' │ 100 │  0  │  0  │ Infinity │    0     │ 3247.1 │ 1117.6 │  0  │     │ 8500  │ 25500000  │   39100   │   117286000   │ 8500  │ 25500000 │ 2.6 │
│   16    │ 2.98 │ 2.98 │ 2.98 │ 2.98 │ 2900 │ 8642000  │   74200   │  2900   │ 8642000  │ 222620000 │ 1671201840000 │ '2022-12-16T14:44:00.000Z' │  0  │ 100 │  0  │    0     │ Infinity │ 3247.1 │ 1117.6 │  0  │ 2.6 │ -2900 │ -8642000  │   36200   │   108644000   │       │          │     │
└─────────┴──────┴──────┴──────┴──────┴──────┴──────────┴───────────┴─────────┴──────────┴───────────┴───────────────┴────────────────────────────┴─────┴─────┴─────┴──────────┴──────────┴────────┴────────┴─────┴─────┴───────┴───────────┴───────────┴───────────────┴───────┴──────────┴─────┘

