┌─────────┬──────┬──────┬──────┬──────┬──────┬──────────┬───────────┬─────────┬──────────┬───────────┬───────────────┬────────────────────────────┬──────┬──────┬─────┬──────────┬──────────┬────────┬───────┬─────┬─────┬───────┬───────────┬───────────┬───────────────┬──────┬──────────┬─────┐
│ (index) │  c   │  h   │  l   │  o   │  sd  │  val_sd  │ total_vol │ sum_vol │   val    │ acum_val  │   datetime    │            date            │ pbu  │ psd  │ puk │    bs    │    sb    │  abu   │  asd  │ auk │ rsd │ bu-sd │ bu-sd_val │ acum_busd │ acum_busd_val │  bu  │  val_bu  │ rbu │
├─────────┼──────┼──────┼──────┼──────┼──────┼──────────┼───────────┼─────────┼──────────┼───────────┼───────────────┼────────────────────────────┼──────┼──────┼─────┼──────────┼──────────┼────────┼───────┼─────┼─────┼───────┼───────────┼───────────┼───────────────┼──────┼──────────┼─────┤
│    0    │  85  │  85  │  85  │  85  │ 100  │   8500   │    100    │   100   │   8500   │   8500    │ 1672045200000 │ '2022-12-26T09:00:00.000Z' │  0   │ 100  │  0  │    0     │ Infinity │ 1322.4 │ 104.1 │  0  │  1  │ -100  │   -8500   │   -100    │     -8500     │      │          │     │
│    1    │  85  │  85  │  85  │  85  │      │          │    200    │   100   │   8500   │   17000   │ 1672045560000 │ '2022-12-26T09:06:00.000Z' │ 100  │  0   │  0  │ Infinity │    0     │ 1322.4 │ 104.1 │  0  │     │  100  │   8500    │     0     │       0       │ 100  │   8500   │ 0.1 │
│    2    │  85  │  85  │  85  │  85  │ 800  │  68000   │   1000    │   800   │  68000   │   85000   │ 1672046040000 │ '2022-12-26T09:14:00.000Z' │  0   │ 100  │  0  │    0     │ Infinity │ 1322.4 │ 104.1 │  0  │ 7.7 │ -800  │  -68000   │   -800    │    -68000     │      │          │     │
│    3    │  85  │  85  │  85  │  85  │ 200  │  17000   │   1200    │   200   │  17000   │  102000   │ 1672046400000 │ '2022-12-26T09:20:00.000Z' │  0   │ 100  │  0  │    0     │ Infinity │ 1322.4 │ 104.1 │  0  │ 1.9 │ -200  │  -17000   │   -1000   │    -85000     │      │          │     │
│    4    │  85  │  85  │  85  │  85  │      │          │   2200    │  1000   │  85000   │  187000   │ 1672047240000 │ '2022-12-26T09:34:00.000Z' │ 100  │  0   │  0  │ Infinity │    0     │ 1322.4 │ 104.1 │  0  │     │ 1000  │   85000   │     0     │       0       │ 1000 │  85000   │ 0.8 │
│    5    │  85  │  85  │  85  │  85  │      │          │   2700    │   500   │  42500   │  229500   │ 1672047720000 │ '2022-12-26T09:42:00.000Z' │ 100  │  0   │  0  │ Infinity │    0     │ 1322.4 │ 104.1 │  0  │     │  500  │   42500   │    500    │     42500     │ 500  │  42500   │ 0.4 │
│    6    │  85  │  85  │  85  │  85  │      │          │   3300    │   600   │  51000   │  280500   │ 1672048080000 │ '2022-12-26T09:48:00.000Z' │ 100  │  0   │  0  │ Infinity │    0     │ 1322.4 │ 104.1 │  0  │     │  600  │   51000   │   1100    │     93500     │ 600  │  51000   │ 0.5 │
│    7    │  85  │  85  │  85  │  85  │ 300  │  25500   │   3600    │   300   │  25500   │  306000   │ 1672048200000 │ '2022-12-26T09:50:00.000Z' │  0   │ 100  │  0  │    0     │ Infinity │ 1322.4 │ 104.1 │  0  │ 2.9 │ -300  │  -25500   │    800    │     68000     │      │          │     │
│    8    │  85  │  85  │  85  │  85  │ 100  │   8500   │   3700    │   100   │   8500   │  314500   │ 1672048440000 │ '2022-12-26T09:54:00.000Z' │  0   │ 100  │  0  │    0     │ Infinity │ 1322.4 │ 104.1 │  0  │  1  │ -100  │   -8500   │    700    │     59500     │      │          │     │
│    9    │ 85.1 │ 85.1 │ 85.1 │ 85.1 │      │          │   4000    │   300   │ 25530000 │ 25844500  │ 1672048920000 │ '2022-12-26T10:02:00.000Z' │ 100  │  0   │  0  │ Infinity │    0     │ 1322.4 │ 104.1 │  0  │     │  300  │ 25530000  │   1000    │   25589500    │ 300  │ 25530000 │ 0.2 │
│   10    │ 85.1 │ 85.1 │ 85.1 │ 85.1 │      │          │   4200    │   200   │ 17020000 │ 42864500  │ 1672049640000 │ '2022-12-26T10:14:00.000Z' │ 100  │  0   │  0  │ Infinity │    0     │ 1322.4 │ 104.1 │  0  │     │  200  │ 17020000  │   1200    │   42609500    │ 200  │ 17020000 │ 0.2 │
│   11    │ 84.6 │  85  │ 84.6 │  85  │ 400  │ 33840000 │   9700    │  5500   │ 34273500 │ 77138000  │ 1672050000000 │ '2022-12-26T10:20:00.000Z' │ 92.7 │ 7.3  │  0  │   12.8   │   0.1    │ 1322.4 │ 104.1 │  0  │ 3.8 │ 4700  │ -33406500 │   5900    │    9203000    │ 5100 │  433500  │ 3.9 │
│   12    │  85  │  85  │ 84.6 │ 84.6 │ 100  │ 8460000  │   10800   │  1100   │ 8545000  │ 85683000  │ 1672050240000 │ '2022-12-26T10:24:00.000Z' │ 90.9 │ 9.1  │  0  │    10    │   0.1    │ 1322.4 │ 104.1 │  0  │  1  │  900  │ -8375000  │   6800    │    828000     │ 1000 │  85000   │ 0.8 │
│   13    │  85  │  85  │  85  │  85  │      │          │   11800   │  1000   │  85000   │ 85768000  │ 1672050480000 │ '2022-12-26T10:28:00.000Z' │ 100  │  0   │  0  │ Infinity │    0     │ 1322.4 │ 104.1 │  0  │     │ 1000  │   85000   │   7800    │    913000     │ 1000 │  85000   │ 0.8 │
│   14    │  85  │  85  │  85  │  85  │      │          │   13800   │  2000   │  170000  │ 85938000  │ 1672050600000 │ '2022-12-26T10:30:00.000Z' │ 100  │  0   │  0  │ Infinity │    0     │ 1322.4 │ 104.1 │  0  │     │ 2000  │  170000   │   9800    │    1083000    │ 2000 │  170000  │ 1.5 │
│   15    │  85  │  85  │  85  │  85  │      │          │   14800   │  1000   │  85000   │ 86023000  │ 1672050840000 │ '2022-12-26T10:34:00.000Z' │ 100  │  0   │  0  │ Infinity │    0     │ 1322.4 │ 104.1 │  0  │     │ 1000  │   85000   │   10800   │    1168000    │ 1000 │  85000   │ 0.8 │
│   16    │  85  │  85  │  85  │  85  │      │          │   17800   │  3000   │  255000  │ 86278000  │ 1672051200000 │ '2022-12-26T10:40:00.000Z' │ 100  │  0   │  0  │ Infinity │    0     │ 1322.4 │ 104.1 │  0  │     │ 3000  │  255000   │   13800   │    1423000    │ 3000 │  255000  │ 2.3 │
│   17    │  85  │  85  │  85  │  85  │      │          │   18800   │  1000   │  85000   │ 86363000  │ 1672051560000 │ '2022-12-26T10:46:00.000Z' │ 100  │  0   │  0  │ Infinity │    0     │ 1322.4 │ 104.1 │  0  │     │ 1000  │   85000   │   14800   │    1508000    │ 1000 │  85000   │ 0.8 │
│   18    │  85  │  85  │  85  │  85  │      │          │   19300   │   500   │  42500   │ 86405500  │ 1672051680000 │ '2022-12-26T10:48:00.000Z' │ 100  │  0   │  0  │ Infinity │    0     │ 1322.4 │ 104.1 │  0  │     │  500  │   42500   │   15300   │    1550500    │ 500  │  42500   │ 0.4 │
│   19    │  85  │  85  │  85  │  85  │      │          │   22300   │  3000   │  255000  │ 86660500  │ 1672052160000 │ '2022-12-26T10:56:00.000Z' │ 100  │  0   │  0  │ Infinity │    0     │ 1322.4 │ 104.1 │  0  │     │ 3000  │  255000   │   18300   │    1805500    │ 3000 │  255000  │ 2.3 │
│   20    │ 84.6 │  85  │ 84.6 │  85  │ 1000 │ 84600000 │   24300   │  2000   │ 84685000 │ 171345500 │ 1672052400000 │ '2022-12-26T11:00:00.000Z' │  50  │  50  │  0  │    1     │    1     │ 1322.4 │ 104.1 │  0  │ 9.6 │   0   │ -84515000 │   18300   │   -82709500   │ 1000 │  85000   │ 0.8 │
├─────────┼──────┼──────┼──────┼──────┼──────┼──────────┼───────────┼─────────┼──────────┼───────────┼───────────────┼────────────────────────────┼──────┼──────┼─────┼──────────┼──────────┼────────┼───────┼─────┼─────┼───────┼───────────┼───────────┼───────────────┼──────┼──────────┼─────┤
│ (index) │  c   │  h   │  l   │  o   │  sd  │  val_sd  │ total_vol │ sum_vol │   val    │ acum_val  │   datetime    │            date            │ pbu  │ psd  │ puk │    bs    │    sb    │  abu   │  asd  │ auk │ rsd │ bu-sd │ bu-sd_val │ acum_busd │ acum_busd_val │  bu  │  val_bu  │ rbu │
├─────────┼──────┼──────┼──────┼──────┼──────┼──────────┼───────────┼─────────┼──────────┼───────────┼───────────────┼────────────────────────────┼──────┼──────┼─────┼──────────┼──────────┼────────┼───────┼─────┼─────┼───────┼───────────┼───────────┼───────────────┼──────┼──────────┼─────┤
│   21    │  85  │  85  │  85  │  85  │      │          │   30300   │  6000   │  510000  │ 171855500 │ 1672053120000 │ '2022-12-26T11:12:00.000Z' │ 100  │  0   │  0  │ Infinity │    0     │ 1322.4 │ 104.1 │  0  │     │ 6000  │  510000   │   24300   │   -82199500   │ 6000 │  510000  │ 4.5 │
│   22    │  85  │  85  │  85  │  85  │      │          │   33300   │  3000   │  255000  │ 172110500 │ 1672053240000 │ '2022-12-26T11:14:00.000Z' │ 100  │  0   │  0  │ Infinity │    0     │ 1322.4 │ 104.1 │  0  │     │ 3000  │  255000   │   27300   │   -81944500   │ 3000 │  255000  │ 2.3 │
│   23    │  85  │  85  │  85  │  85  │      │          │   38300   │  5000   │  425000  │ 172535500 │ 1672054080000 │ '2022-12-26T11:28:00.000Z' │ 100  │  0   │  0  │ Infinity │    0     │ 1322.4 │ 104.1 │  0  │     │ 5000  │  425000   │   32300   │   -81519500   │ 5000 │  425000  │ 3.8 │
│   24    │  85  │  85  │  85  │  85  │      │          │   38900   │   600   │  51000   │ 172586500 │ 1672059600000 │ '2022-12-26T13:00:00.000Z' │ 100  │  0   │  0  │ Infinity │    0     │ 1322.4 │ 104.1 │  0  │     │  600  │   51000   │   32900   │   -81468500   │ 600  │  51000   │ 0.5 │
│   25    │  85  │  85  │  85  │  85  │      │          │   39900   │  1000   │  85000   │ 172671500 │ 1672059840000 │ '2022-12-26T13:04:00.000Z' │ 100  │  0   │  0  │ Infinity │    0     │ 1322.4 │ 104.1 │  0  │     │ 1000  │   85000   │   33900   │   -81383500   │ 1000 │  85000   │ 0.8 │
│   26    │  85  │  85  │  85  │  85  │      │          │   40900   │  1000   │  85000   │ 172756500 │ 1672059960000 │ '2022-12-26T13:06:00.000Z' │ 100  │  0   │  0  │ Infinity │    0     │ 1322.4 │ 104.1 │  0  │     │ 1000  │   85000   │   34900   │   -81298500   │ 1000 │  85000   │ 0.8 │
│   27    │  85  │  85  │  85  │  85  │      │          │   42900   │  2000   │  170000  │ 172926500 │ 1672060560000 │ '2022-12-26T13:16:00.000Z' │ 100  │  0   │  0  │ Infinity │    0     │ 1322.4 │ 104.1 │  0  │     │ 2000  │  170000   │   36900   │   -81128500   │ 2000 │  170000  │ 1.5 │
│   28    │  85  │  85  │  85  │  85  │      │          │   43900   │  1000   │  85000   │ 173011500 │ 1672060800000 │ '2022-12-26T13:20:00.000Z' │ 100  │  0   │  0  │ Infinity │    0     │ 1322.4 │ 104.1 │  0  │     │ 1000  │   85000   │   37900   │   -81043500   │ 1000 │  85000   │ 0.8 │
│   29    │ 84.7 │ 84.7 │ 84.7 │ 84.7 │ 100  │ 8470000  │   44000   │   100   │ 8470000  │ 181481500 │ 1672060920000 │ '2022-12-26T13:22:00.000Z' │  0   │ 100  │  0  │    0     │ Infinity │ 1322.4 │ 104.1 │  0  │  1  │ -100  │ -8470000  │   37800   │   -89513500   │      │          │     │
│   30    │  85  │  85  │  85  │  85  │      │          │   45000   │  1000   │  85000   │ 181566500 │ 1672061040000 │ '2022-12-26T13:24:00.000Z' │ 100  │  0   │  0  │ Infinity │    0     │ 1322.4 │ 104.1 │  0  │     │ 1000  │   85000   │   38800   │   -89428500   │ 1000 │  85000   │ 0.8 │
│   31    │  85  │  85  │  85  │  85  │      │          │   47000   │  2000   │  170000  │ 181736500 │ 1672061400000 │ '2022-12-26T13:30:00.000Z' │ 100  │  0   │  0  │ Infinity │    0     │ 1322.4 │ 104.1 │  0  │     │ 2000  │  170000   │   40800   │   -89258500   │ 2000 │  170000  │ 1.5 │
│   32    │  85  │  85  │  85  │  85  │      │          │   48000   │  1000   │  85000   │ 181821500 │ 1672061640000 │ '2022-12-26T13:34:00.000Z' │ 100  │  0   │  0  │ Infinity │    0     │ 1322.4 │ 104.1 │  0  │     │ 1000  │   85000   │   41800   │   -89173500   │ 1000 │  85000   │ 0.8 │
│   33    │ 84.7 │ 84.7 │ 84.7 │ 84.7 │ 200  │ 16940000 │   48200   │   200   │ 16940000 │ 198761500 │ 1672061760000 │ '2022-12-26T13:36:00.000Z' │  0   │ 100  │  0  │    0     │ Infinity │ 1322.4 │ 104.1 │  0  │ 1.9 │ -200  │ -16940000 │   41600   │  -106113500   │      │          │     │
│   34    │  85  │  85  │  85  │  85  │      │          │   49200   │  1000   │  85000   │ 198846500 │ 1672061880000 │ '2022-12-26T13:38:00.000Z' │ 100  │  0   │  0  │ Infinity │    0     │ 1322.4 │ 104.1 │  0  │     │ 1000  │   85000   │   42600   │  -106028500   │ 1000 │  85000   │ 0.8 │
│   35    │ 84.7 │ 84.7 │ 84.7 │ 84.7 │      │          │   49400   │   200   │ 16940000 │ 215786500 │ 1672062240000 │ '2022-12-26T13:44:00.000Z' │ 100  │  0   │  0  │ Infinity │    0     │ 1322.4 │ 104.1 │  0  │     │  200  │ 16940000  │   42800   │   -89088500   │ 200  │ 16940000 │ 0.2 │
│   36    │  85  │  85  │ 84.7 │ 84.7 │ 800  │ 67760000 │   52200   │  2800   │ 67930000 │ 283716500 │ 1672062360000 │ '2022-12-26T13:46:00.000Z' │ 71.4 │ 28.6 │  0  │   2.5    │   0.4    │ 1322.4 │ 104.1 │  0  │ 7.7 │ 1200  │ -67590000 │   44000   │  -156678500   │ 2000 │  170000  │ 1.5 │
│   37    │  85  │  85  │  85  │  85  │      │          │   52700   │   500   │  42500   │ 283759000 │ 1672062480000 │ '2022-12-26T13:48:00.000Z' │ 100  │  0   │  0  │ Infinity │    0     │ 1322.4 │ 104.1 │  0  │     │  500  │   42500   │   44500   │  -156636000   │ 500  │  42500   │ 0.4 │
│   38    │  85  │  85  │  85  │  85  │      │          │   53700   │  1000   │  85000   │ 283844000 │ 1672062840000 │ '2022-12-26T13:54:00.000Z' │ 100  │  0   │  0  │ Infinity │    0     │ 1322.4 │ 104.1 │  0  │     │ 1000  │   85000   │   45500   │  -156551000   │ 1000 │  85000   │ 0.8 │
│   39    │  85  │  85  │  85  │  85  │      │          │   55700   │  2000   │  170000  │ 284014000 │ 1672063080000 │ '2022-12-26T13:58:00.000Z' │ 100  │  0   │  0  │ Infinity │    0     │ 1322.4 │ 104.1 │  0  │     │ 2000  │  170000   │   47500   │  -156381000   │ 2000 │  170000  │ 1.5 │
│   40    │  85  │  85  │  85  │  85  │      │          │   56700   │  1000   │  85000   │ 284099000 │ 1672063800000 │ '2022-12-26T14:10:00.000Z' │ 100  │  0   │  0  │ Infinity │    0     │ 1322.4 │ 104.1 │  0  │     │ 1000  │   85000   │   48500   │  -156296000   │ 1000 │  85000   │ 0.8 │
├─────────┼──────┼──────┼──────┼──────┼──────┼──────────┼───────────┼─────────┼──────────┼───────────┼───────────────┼────────────────────────────┼──────┼──────┼─────┼──────────┼──────────┼────────┼───────┼─────┼─────┼───────┼───────────┼───────────┼───────────────┼──────┼──────────┼─────┤
│ (index) │  c   │  h   │  l   │  o   │  sd  │  val_sd  │ total_vol │ sum_vol │   val    │ acum_val  │   datetime    │            date            │ pbu  │ psd  │ puk │    bs    │    sb    │  abu   │  asd  │ auk │ rsd │ bu-sd │ bu-sd_val │ acum_busd │ acum_busd_val │  bu  │  val_bu  │ rbu │
├─────────┼──────┼──────┼──────┼──────┼──────┼──────────┼───────────┼─────────┼──────────┼───────────┼───────────────┼────────────────────────────┼──────┼──────┼─────┼──────────┼──────────┼────────┼───────┼─────┼─────┼───────┼───────────┼───────────┼───────────────┼──────┼──────────┼─────┤
│   41    │  85  │  85  │  85  │  85  │      │          │   59700   │  3000   │  255000  │ 284354000 │ 1672063920000 │ '2022-12-26T14:12:00.000Z' │ 100  │  0   │  0  │ Infinity │    0     │ 1322.4 │ 104.1 │  0  │     │ 3000  │  255000   │   51500   │  -156041000   │ 3000 │  255000  │ 2.3 │
│   42    │  85  │  85  │  85  │  85  │      │          │   60700   │  1000   │  85000   │ 284439000 │ 1672064160000 │ '2022-12-26T14:16:00.000Z' │ 100  │  0   │  0  │ Infinity │    0     │ 1322.4 │ 104.1 │  0  │     │ 1000  │   85000   │   52500   │  -155956000   │ 1000 │  85000   │ 0.8 │
│   43    │ 84.6 │ 84.7 │ 84.6 │ 84.7 │ 700  │ 59240000 │   61400   │   700   │ 59240000 │ 343679000 │ 1672064280000 │ '2022-12-26T14:18:00.000Z' │  0   │ 100  │  0  │    0     │ Infinity │ 1322.4 │ 104.1 │  0  │ 6.7 │ -700  │ -59240000 │   51800   │  -215196000   │      │          │     │
│   44    │  85  │  85  │  85  │  85  │      │          │   62400   │  1000   │  85000   │ 343764000 │ 1672064400000 │ '2022-12-26T14:20:00.000Z' │ 100  │  0   │  0  │ Infinity │    0     │ 1322.4 │ 104.1 │  0  │     │ 1000  │   85000   │   52800   │  -215111000   │ 1000 │  85000   │ 0.8 │
│   45    │  85  │  85  │ 84.6 │ 84.6 │ 300  │ 25380000 │   64700   │  2300   │ 25550000 │ 369314000 │ 1672064880000 │ '2022-12-26T14:28:00.000Z' │  87  │  13  │  0  │   6.7    │   0.2    │ 1322.4 │ 104.1 │  0  │ 2.9 │ 1700  │ -25210000 │   54500   │  -240321000   │ 2000 │  170000  │ 1.5 │
│   46    │  85  │  85  │  85  │  85  │      │          │   65700   │  1000   │  85000   │ 369399000 │ 1672065240000 │ '2022-12-26T14:34:00.000Z' │ 100  │  0   │  0  │ Infinity │    0     │ 1322.4 │ 104.1 │  0  │     │ 1000  │   85000   │   55500   │  -240236000   │ 1000 │  85000   │ 0.8 │
│   47    │  85  │  85  │  85  │  85  │      │          │   67900   │  2200   │  187000  │ 369586000 │ 1672065720000 │ '2022-12-26T14:42:00.000Z' │ 100  │  0   │  0  │ Infinity │    0     │ 1322.4 │ 104.1 │  0  │     │ 2200  │  187000   │   57700   │  -240049000   │ 2200 │  187000  │ 1.7 │
│   48    │  85  │  85  │  85  │  85  │      │          │   69900   │  2000   │  170000  │ 369756000 │ 1672065960000 │ '2022-12-26T14:46:00.000Z' │ 100  │  0   │  0  │ Infinity │    0     │ 1322.4 │ 104.1 │  0  │     │ 2000  │  170000   │   59700   │  -239879000   │ 2000 │  170000  │ 1.5 │
└─────────┴──────┴──────┴──────┴──────┴──────┴──────────┴───────────┴─────────┴──────────┴───────────┴───────────────┴────────────────────────────┴──────┴──────┴─────┴──────────┴──────────┴────────┴───────┴─────┴─────┴───────┴───────────┴───────────┴───────────────┴──────┴──────────┴─────┘

