┌─────────┬──────┬──────┬──────┬──────┬──────┬──────────┬───────────┬─────────┬───────────┬───────────┬───────────────┬────────────────────────────┬──────┬──────┬─────┬──────────┬──────────┬───────┬────────┬─────┬─────┬────────┬────────────┬───────────┬───────────────┬───────┬───────────┬──────┐
│ (index) │  c   │  h   │  l   │  o   │  bu  │  val_bu  │ total_vol │ sum_vol │    val    │ acum_val  │   datetime    │            date            │ pbu  │ psd  │ puk │    bs    │    sb    │  abu  │  asd   │ auk │ rbu │ bu-sd  │ bu-sd_val  │ acum_busd │ acum_busd_val │  sd   │  val_sd   │ rsd  │
├─────────┼──────┼──────┼──────┼──────┼──────┼──────────┼───────────┼─────────┼───────────┼───────────┼───────────────┼────────────────────────────┼──────┼──────┼─────┼──────────┼──────────┼───────┼────────┼─────┼─────┼────────┼────────────┼───────────┼───────────────┼───────┼───────────┼──────┤
│    0    │ 12.4 │ 12.4 │ 12.4 │ 12.4 │ 100  │ 1240000  │    100    │   100   │  1240000  │  1240000  │ 1672047600000 │ '2022-12-26T09:40:00.000Z' │ 100  │  0   │  0  │ Infinity │    0     │ 764.7 │ 1341.2 │  0  │ 0.1 │  100   │  1240000   │    100    │    1240000    │       │           │      │
│    1    │ 12.4 │ 12.4 │ 12.4 │ 12.4 │ 500  │ 6200000  │    600    │   500   │  6200000  │  7440000  │ 1672047900000 │ '2022-12-26T09:45:00.000Z' │ 100  │  0   │  0  │ Infinity │    0     │ 764.7 │ 1341.2 │  0  │ 0.7 │  500   │  6200000   │    600    │    7440000    │       │           │      │
│    2    │ 12.3 │ 12.3 │ 12.3 │ 12.3 │ 400  │ 4920000  │   1000    │   400   │  4920000  │ 12360000  │ 1672050600000 │ '2022-12-26T10:30:00.000Z' │ 100  │  0   │  0  │ Infinity │    0     │ 764.7 │ 1341.2 │  0  │ 0.5 │  400   │  4920000   │   1000    │   12360000    │       │           │      │
│    3    │ 11.8 │ 11.8 │ 11.8 │ 11.8 │      │          │   19500   │  18500  │ 218300000 │ 230660000 │ 1672059300000 │ '2022-12-26T12:55:00.000Z' │  0   │ 100  │  0  │    0     │ Infinity │ 764.7 │ 1341.2 │  0  │     │ -18500 │ -218300000 │  -17500   │  -205940000   │ 18500 │ 218300000 │ 13.8 │
│    4    │ 11.8 │ 11.8 │ 11.8 │ 11.8 │ 300  │ 3540000  │   19800   │   300   │  3540000  │ 234200000 │ 1672059600000 │ '2022-12-26T13:00:00.000Z' │ 100  │  0   │  0  │ Infinity │    0     │ 764.7 │ 1341.2 │  0  │ 0.4 │  300   │  3540000   │  -17200   │  -202400000   │       │           │      │
│    5    │ 12.3 │ 12.3 │ 11.7 │ 11.7 │ 1300 │ 15390000 │   21200   │  1400   │ 16560000  │ 250760000 │ 1672059900000 │ '2022-12-26T13:05:00.000Z' │ 92.9 │ 7.1  │  0  │    13    │   0.1    │ 764.7 │ 1341.2 │  0  │ 1.7 │  1200  │  14220000  │  -16000   │  -188180000   │  100  │  1170000  │ 0.1  │
│    6    │ 12.2 │ 12.2 │ 12.2 │ 12.2 │ 100  │ 1220000  │   21300   │   100   │  1220000  │ 251980000 │ 1672061400000 │ '2022-12-26T13:30:00.000Z' │ 100  │  0   │  0  │ Infinity │    0     │ 764.7 │ 1341.2 │  0  │ 0.1 │  100   │  1220000   │  -15900   │  -186960000   │       │           │      │
│    7    │ 12.2 │ 12.2 │ 12.2 │ 12.2 │ 5500 │ 67100000 │   26800   │  5500   │ 67100000  │ 319080000 │ 1672061700000 │ '2022-12-26T13:35:00.000Z' │ 100  │  0   │  0  │ Infinity │    0     │ 764.7 │ 1341.2 │  0  │ 7.2 │  5500  │  67100000  │  -10400   │  -119860000   │       │           │      │
│    8    │ 12.2 │ 12.2 │ 12.2 │ 12.2 │ 1700 │ 20740000 │   28500   │  1700   │ 20740000  │ 339820000 │ 1672062000000 │ '2022-12-26T13:40:00.000Z' │ 100  │  0   │  0  │ Infinity │    0     │ 764.7 │ 1341.2 │  0  │ 2.2 │  1700  │  20740000  │   -8700   │   -99120000   │       │           │      │
│    9    │ 12.2 │ 12.2 │ 12.2 │ 12.2 │ 1600 │ 19520000 │   30100   │  1600   │ 19520000  │ 359340000 │ 1672062300000 │ '2022-12-26T13:45:00.000Z' │ 100  │  0   │  0  │ Infinity │    0     │ 764.7 │ 1341.2 │  0  │ 2.1 │  1600  │  19520000  │   -7100   │   -79600000   │       │           │      │
│   10    │ 12.2 │ 12.2 │ 12.2 │ 12.2 │ 300  │ 3660000  │   30400   │   300   │  3660000  │ 363000000 │ 1672062600000 │ '2022-12-26T13:50:00.000Z' │ 100  │  0   │  0  │ Infinity │    0     │ 764.7 │ 1341.2 │  0  │ 0.4 │  300   │  3660000   │   -6800   │   -75940000   │       │           │      │
│   11    │ 12.2 │ 12.2 │ 12.2 │ 12.2 │ 100  │ 1220000  │   30500   │   100   │  1220000  │ 364220000 │ 1672062900000 │ '2022-12-26T13:55:00.000Z' │ 100  │  0   │  0  │ Infinity │    0     │ 764.7 │ 1341.2 │  0  │ 0.1 │  100   │  1220000   │   -6700   │   -74720000   │       │           │      │
│   12    │ 12.2 │ 12.2 │ 12.2 │ 12.2 │ 200  │ 2440000  │   30700   │   200   │  2440000  │ 366660000 │ 1672063200000 │ '2022-12-26T14:00:00.000Z' │ 100  │  0   │  0  │ Infinity │    0     │ 764.7 │ 1341.2 │  0  │ 0.3 │  200   │  2440000   │   -6500   │   -72280000   │       │           │      │
│   13    │ 12.2 │ 12.2 │ 12.2 │ 12.2 │ 100  │ 1220000  │   30800   │   100   │  1220000  │ 367880000 │ 1672064100000 │ '2022-12-26T14:15:00.000Z' │ 100  │  0   │  0  │ Infinity │    0     │ 764.7 │ 1341.2 │  0  │ 0.1 │  100   │  1220000   │   -6400   │   -71060000   │       │           │      │
│   14    │ 12.2 │ 12.2 │ 11.8 │  12  │ 400  │ 4860000  │   33600   │  2800   │ 33180000  │ 401060000 │ 1672064400000 │ '2022-12-26T14:20:00.000Z' │ 14.3 │ 85.7 │  0  │   0.2    │    6     │ 764.7 │ 1341.2 │  0  │ 0.5 │ -2000  │ -23460000  │   -8400   │   -94520000   │ 2400  │ 28320000  │ 1.8  │
│   15    │ 12.2 │ 12.2 │ 11.8 │ 11.8 │ 100  │ 1220000  │   33900   │   300   │  3580000  │ 404640000 │ 1672065600000 │ '2022-12-26T14:40:00.000Z' │ 33.3 │ 66.7 │  0  │   0.5    │    2     │ 764.7 │ 1341.2 │  0  │ 0.1 │  -100  │  -1140000  │   -8500   │   -95660000   │  200  │  2360000  │ 0.1  │
│   16    │ 12.1 │ 12.1 │ 11.8 │ 12.1 │ 300  │ 3630000  │   35800   │  1900   │ 22510000  │ 427150000 │ 1672066500000 │ '2022-12-26T14:55:00.000Z' │ 15.8 │ 84.2 │  0  │   0.2    │   5.3    │ 764.7 │ 1341.2 │  0  │ 0.4 │ -1300  │ -15250000  │   -9800   │  -110910000   │ 1600  │ 18880000  │ 1.2  │
└─────────┴──────┴──────┴──────┴──────┴──────┴──────────┴───────────┴─────────┴───────────┴───────────┴───────────────┴────────────────────────────┴──────┴──────┴─────┴──────────┴──────────┴───────┴────────┴─────┴─────┴────────┴────────────┴───────────┴───────────────┴───────┴───────────┴──────┘

