┌─────────┬──────┬──────┬──────┬──────┬──────┬───────────┬───────────┬─────────┬───────────┬───────────┬───────────────┬────────────────────────────┬──────┬─────┬─────┬──────────┬──────────┬───────┬──────┬─────┬──────┬───────┬────────────┬───────────┬───────────────┬──────┬───────────┬─────┐
│ (index) │  c   │  h   │  l   │  o   │  bu  │  val_bu   │ total_vol │ sum_vol │    val    │ acum_val  │   datetime    │            date            │ pbu  │ psd │ puk │    bs    │    sb    │  abu  │ asd  │ auk │ rbu  │ bu-sd │ bu-sd_val  │ acum_busd │ acum_busd_val │  sd  │  val_sd   │ rsd │
├─────────┼──────┼──────┼──────┼──────┼──────┼───────────┼───────────┼─────────┼───────────┼───────────┼───────────────┼────────────────────────────┼──────┼─────┼─────┼──────────┼──────────┼───────┼──────┼─────┼──────┼───────┼────────────┼───────────┼───────────────┼──────┼───────────┼─────┤
│    0    │ 25.8 │ 25.8 │ 25.8 │ 25.8 │ 100  │  2580000  │    100    │   100   │  2580000  │  2580000  │ 1672045200000 │ '2022-12-26T09:00:00.000Z' │ 100  │  0  │  0  │ Infinity │    0     │ 473.7 │ 1400 │  0  │ 0.2  │  100  │  2580000   │    100    │    2580000    │      │           │     │
│    1    │ 25.5 │ 25.5 │ 25.5 │ 25.5 │      │           │    200    │   100   │  2550000  │  5130000  │ 1672047900000 │ '2022-12-26T09:45:00.000Z' │  0   │ 100 │  0  │    0     │ Infinity │ 473.7 │ 1400 │  0  │      │ -100  │  -2550000  │     0     │     30000     │ 100  │  2550000  │ 0.1 │
│    2    │ 25.5 │ 25.5 │ 25.5 │ 25.5 │      │           │    600    │   400   │ 10200000  │ 15330000  │ 1672050900000 │ '2022-12-26T10:35:00.000Z' │  0   │ 100 │  0  │    0     │ Infinity │ 473.7 │ 1400 │  0  │      │ -400  │ -10200000  │   -400    │   -10170000   │ 400  │ 10200000  │ 0.3 │
│    3    │ 25.5 │ 25.5 │ 25.5 │ 25.5 │      │           │   3500    │  2900   │ 73950000  │ 89280000  │ 1672051200000 │ '2022-12-26T10:40:00.000Z' │  0   │ 100 │  0  │    0     │ Infinity │ 473.7 │ 1400 │  0  │      │ -2900 │ -73950000  │   -3300   │   -84120000   │ 2900 │ 73950000  │ 2.1 │
│    4    │ 25.5 │ 25.5 │ 25.5 │ 25.5 │ 6000 │ 153000000 │   9600    │  6100   │ 155550000 │ 244830000 │ 1672052700000 │ '2022-12-26T11:05:00.000Z' │ 98.4 │ 1.6 │  0  │    60    │    0     │ 473.7 │ 1400 │  0  │ 12.7 │ 5900  │ 150450000  │   2600    │   66330000    │ 100  │  2550000  │ 0.1 │
│    5    │ 25.4 │ 25.4 │ 25.4 │ 25.4 │      │           │   10300   │   700   │ 17780000  │ 262610000 │ 1672053000000 │ '2022-12-26T11:10:00.000Z' │  0   │ 100 │  0  │    0     │ Infinity │ 473.7 │ 1400 │  0  │      │ -700  │ -17780000  │   1900    │   48550000    │ 700  │ 17780000  │ 0.5 │
│    6    │ 25.7 │ 25.7 │ 25.7 │ 25.7 │ 200  │  5140000  │   10500   │   200   │  5140000  │ 267750000 │ 1672053600000 │ '2022-12-26T11:20:00.000Z' │ 100  │  0  │  0  │ Infinity │    0     │ 473.7 │ 1400 │  0  │ 0.4  │  200  │  5140000   │   2100    │   53690000    │      │           │     │
│    7    │ 25.7 │ 25.7 │ 25.7 │ 25.7 │ 500  │ 12850000  │   11000   │   500   │ 12850000  │ 280600000 │ 1672059300000 │ '2022-12-26T12:55:00.000Z' │ 100  │  0  │  0  │ Infinity │    0     │ 473.7 │ 1400 │  0  │ 1.1  │  500  │  12850000  │   2600    │   66540000    │      │           │     │
│    8    │ 25.5 │ 25.5 │ 25.5 │ 25.5 │      │           │   12800   │  1800   │ 45900000  │ 326500000 │ 1672061100000 │ '2022-12-26T13:25:00.000Z' │  0   │ 100 │  0  │    0     │ Infinity │ 473.7 │ 1400 │  0  │      │ -1800 │ -45900000  │    800    │   20640000    │ 1800 │ 45900000  │ 1.3 │
│    9    │ 25.5 │ 25.5 │ 25.5 │ 25.5 │      │           │   17800   │  5000   │ 127500000 │ 454000000 │ 1672061400000 │ '2022-12-26T13:30:00.000Z' │  0   │ 100 │  0  │    0     │ Infinity │ 473.7 │ 1400 │  0  │      │ -5000 │ -127500000 │   -4200   │  -106860000   │ 5000 │ 127500000 │ 3.6 │
│   10    │ 25.5 │ 25.5 │ 25.5 │ 25.5 │      │           │   20800   │  3000   │ 76500000  │ 530500000 │ 1672061700000 │ '2022-12-26T13:35:00.000Z' │  0   │ 100 │  0  │    0     │ Infinity │ 473.7 │ 1400 │  0  │      │ -3000 │ -76500000  │   -7200   │  -183360000   │ 3000 │ 76500000  │ 2.1 │
│   11    │ 25.5 │ 25.5 │ 25.5 │ 25.5 │ 600  │ 15300000  │   21400   │   600   │ 15300000  │ 545800000 │ 1672062000000 │ '2022-12-26T13:40:00.000Z' │ 100  │  0  │  0  │ Infinity │    0     │ 473.7 │ 1400 │  0  │ 1.3  │  600  │  15300000  │   -6600   │  -168060000   │      │           │     │
│   12    │ 25.4 │ 25.4 │ 25.4 │ 25.4 │      │           │   25400   │  4000   │ 101600000 │ 647400000 │ 1672062600000 │ '2022-12-26T13:50:00.000Z' │  0   │ 100 │  0  │    0     │ Infinity │ 473.7 │ 1400 │  0  │      │ -4000 │ -101600000 │  -10600   │  -269660000   │ 4000 │ 101600000 │ 2.9 │
│   13    │ 25.5 │ 25.5 │ 25.5 │ 25.5 │ 1000 │ 25500000  │   26400   │  1000   │ 25500000  │ 672900000 │ 1672062900000 │ '2022-12-26T13:55:00.000Z' │ 100  │  0  │  0  │ Infinity │    0     │ 473.7 │ 1400 │  0  │ 2.1  │ 1000  │  25500000  │   -9600   │  -244160000   │      │           │     │
│   14    │ 25.4 │ 25.4 │ 25.4 │ 25.4 │      │           │   31100   │  4700   │ 119380000 │ 792280000 │ 1672063500000 │ '2022-12-26T14:05:00.000Z' │  0   │ 100 │  0  │    0     │ Infinity │ 473.7 │ 1400 │  0  │      │ -4700 │ -119380000 │  -14300   │  -363540000   │ 4700 │ 119380000 │ 3.4 │
│   15    │ 25.5 │ 25.5 │ 25.5 │ 25.5 │ 400  │ 10200000  │   31500   │   400   │ 10200000  │ 802480000 │ 1672063800000 │ '2022-12-26T14:10:00.000Z' │ 100  │  0  │  0  │ Infinity │    0     │ 473.7 │ 1400 │  0  │ 0.8  │  400  │  10200000  │  -13900   │  -353340000   │      │           │     │
│   16    │ 25.4 │ 25.4 │ 25.4 │ 25.4 │      │           │   34500   │  3000   │ 76200000  │ 878680000 │ 1672064400000 │ '2022-12-26T14:20:00.000Z' │  0   │ 100 │  0  │    0     │ Infinity │ 473.7 │ 1400 │  0  │      │ -3000 │ -76200000  │  -16900   │  -429540000   │ 3000 │ 76200000  │ 2.1 │
│   17    │ 25.4 │ 25.7 │ 25.4 │ 25.7 │ 200  │  5140000  │   34900   │   400   │ 10220000  │ 888900000 │ 1672065000000 │ '2022-12-26T14:30:00.000Z' │  50  │ 50  │  0  │    1     │    1     │ 473.7 │ 1400 │  0  │ 0.4  │   0   │   60000    │  -16900   │  -429480000   │ 200  │  5080000  │ 0.1 │
│   18    │ 25.4 │ 25.4 │ 25.4 │ 25.4 │      │           │   35600   │   700   │ 17780000  │ 906680000 │ 1672066200000 │ '2022-12-26T14:50:00.000Z' │  0   │ 100 │  0  │    0     │ Infinity │ 473.7 │ 1400 │  0  │      │ -700  │ -17780000  │  -17600   │  -447260000   │ 700  │ 17780000  │ 0.5 │
└─────────┴──────┴──────┴──────┴──────┴──────┴───────────┴───────────┴─────────┴───────────┴───────────┴───────────────┴────────────────────────────┴──────┴─────┴─────┴──────────┴──────────┴───────┴──────┴─────┴──────┴───────┴────────────┴───────────┴───────────────┴──────┴───────────┴─────┘

├─────────┼──────┼──────┼──────┼──────┼──────┼───────────┼───────────┼─────────┼───────────┼───────────┼───────────────┼────────────────────────────┼──────┼─────┼─────┼──────────┼──────────┼───────┼──────┼─────┼──────┼───────┼────────────┼───────────┼───────────────┼──────┼───────────┼─────┤
│ (index) │  c   │  h   │  l   │  o   │  bu  │  val_bu   │ total_vol │ sum_vol │    val    │ acum_val  │   datetime    │            date            │ pbu  │ psd │ puk │    bs    │    sb    │  abu  │ asd  │ auk │ rbu  │ bu-sd │ bu-sd_val  │ acum_busd │ acum_busd_val │  sd  │  val_sd   │ rsd │
├─────────┼──────┼──────┼──────┼──────┼──────┼───────────┼───────────┼─────────┼───────────┼───────────┼───────────────┼────────────────────────────┼──────┼─────┼─────┼──────────┼──────────┼───────┼──────┼─────┼──────┼───────┼────────────┼───────────┼───────────────┼──────┼───────────┼─────┤
