┌─────────┬──────┬──────┬──────┬──────┬───────┬───────────┬───────────┬─────────┬───────────┬───────────┬──────┬──────────┬───────────────┬────────────────────────────┬──────┬──────┬─────┬──────────┬──────────┬─────┬────────┬─────┬─────┬──────┬────────┬────────────┬───────────┬───────────────┐
│ (index) │  c   │  h   │  l   │  o   │  sd   │  val_sd   │ total_vol │ sum_vol │    val    │ acum_val  │  bu  │  val_bu  │   datetime    │            date            │ pbu  │ psd  │ puk │    bs    │    sb    │ abu │  asd   │ auk │ rsd │ rbu  │ bu-sd  │ bu-sd_val  │ acum_busd │ acum_busd_val │
├─────────┼──────┼──────┼──────┼──────┼───────┼───────────┼───────────┼─────────┼───────────┼───────────┼──────┼──────────┼───────────────┼────────────────────────────┼──────┼──────┼─────┼──────────┼──────────┼─────┼────────┼─────┼─────┼──────┼────────┼────────────┼───────────┼───────────────┤
│    0    │ 2.8  │ 2.8  │ 2.6  │ 2.6  │ 1000  │  2600000  │   1200    │  1200   │  3160000  │  3160000  │ 200  │  560000  │ 1672046400000 │ '2022-12-26T09:20:00.000Z' │ 16.7 │ 83.3 │  0  │   0.2    │    5     │ 650 │ 4056.3 │  0  │ 0.2 │ 0.3  │  -800  │  -2040000  │   -800    │   -2040000    │
│    1    │ 2.95 │ 2.95 │ 2.9  │ 2.9  │       │           │   6400    │  5200   │ 15285000  │ 18445000  │ 5200 │ 15285000 │ 1672047000000 │ '2022-12-26T09:30:00.000Z' │ 100  │  0   │  0  │ Infinity │    0     │ 650 │ 4056.3 │  0  │     │  8   │  5200  │  15285000  │   4400    │   13245000    │
│    2    │ 2.94 │ 2.94 │ 2.93 │ 2.93 │       │           │   7400    │  1000   │  2935000  │ 21380000  │ 1000 │ 2935000  │ 1672047300000 │ '2022-12-26T09:35:00.000Z' │ 100  │  0   │  0  │ Infinity │    0     │ 650 │ 4056.3 │  0  │     │ 1.5  │  1000  │  2935000   │   5400    │   16180000    │
│    3    │ 2.94 │ 2.95 │ 2.94 │ 2.94 │ 1000  │  2940000  │   9500    │  2100   │  6180000  │ 27560000  │ 1100 │ 3240000  │ 1672047600000 │ '2022-12-26T09:40:00.000Z' │ 52.4 │ 47.6 │  0  │   1.1    │   0.9    │ 650 │ 4056.3 │  0  │ 0.2 │ 1.7  │  100   │   300000   │   5500    │   16480000    │
│    4    │ 2.94 │ 2.95 │ 2.94 │ 2.95 │ 4900  │ 14406000  │   18400   │  8900   │ 26173000  │ 53733000  │ 4000 │ 11767000 │ 1672047900000 │ '2022-12-26T09:45:00.000Z' │ 44.9 │ 55.1 │  0  │   0.8    │   1.2    │ 650 │ 4056.3 │  0  │ 1.2 │ 6.2  │  -900  │  -2639000  │   4600    │   13841000    │
│    5    │ 2.95 │ 2.95 │ 2.94 │ 2.94 │  100  │  294000   │   26400   │  8000   │ 23599000  │ 77332000  │ 7900 │ 23305000 │ 1672048200000 │ '2022-12-26T09:50:00.000Z' │ 98.8 │ 1.3  │  0  │    79    │    0     │ 650 │ 4056.3 │  0  │  0  │ 12.2 │  7800  │  23011000  │   12400   │   36852000    │
│    6    │ 2.95 │ 2.95 │ 2.95 │ 2.95 │ 4000  │ 11800000  │   30400   │  4000   │ 11800000  │ 89132000  │      │          │ 1672048500000 │ '2022-12-26T09:55:00.000Z' │  0   │ 100  │  0  │    0     │ Infinity │ 650 │ 4056.3 │  0  │  1  │      │ -4000  │ -11800000  │   8400    │   25052000    │
│    7    │ 2.95 │ 2.95 │ 2.95 │ 2.95 │ 5000  │ 14750000  │   35400   │  5000   │ 14750000  │ 103882000 │      │          │ 1672048800000 │ '2022-12-26T10:00:00.000Z' │  0   │ 100  │  0  │    0     │ Infinity │ 650 │ 4056.3 │  0  │ 1.2 │      │ -5000  │ -14750000  │   3400    │   10302000    │
│    8    │ 2.95 │ 2.95 │ 2.95 │ 2.95 │  500  │  1475000  │   35900   │   500   │  1475000  │ 105357000 │      │          │ 1672049100000 │ '2022-12-26T10:05:00.000Z' │  0   │ 100  │  0  │    0     │ Infinity │ 650 │ 4056.3 │  0  │ 0.1 │      │  -500  │  -1475000  │   2900    │    8827000    │
│    9    │ 2.95 │ 2.95 │ 2.95 │ 2.95 │ 13000 │ 38350000  │   48900   │  13000  │ 38350000  │ 143707000 │      │          │ 1672049400000 │ '2022-12-26T10:10:00.000Z' │  0   │ 100  │  0  │    0     │ Infinity │ 650 │ 4056.3 │  0  │ 3.2 │      │ -13000 │ -38350000  │  -10100   │   -29523000   │
│   10    │ 2.95 │ 2.95 │ 2.95 │ 2.95 │ 2000  │  5900000  │   50900   │  2000   │  5900000  │ 149607000 │      │          │ 1672050000000 │ '2022-12-26T10:20:00.000Z' │  0   │ 100  │  0  │    0     │ Infinity │ 650 │ 4056.3 │  0  │ 0.5 │      │ -2000  │  -5900000  │  -12100   │   -35423000   │
│   11    │ 2.95 │ 2.95 │ 2.95 │ 2.95 │ 8000  │ 23600000  │   58900   │  8000   │ 23600000  │ 173207000 │      │          │ 1672050300000 │ '2022-12-26T10:25:00.000Z' │  0   │ 100  │  0  │    0     │ Infinity │ 650 │ 4056.3 │  0  │  2  │      │ -8000  │ -23600000  │  -20100   │   -59023000   │
│   12    │ 2.95 │ 2.95 │ 2.95 │ 2.95 │ 1200  │  3540000  │   60100   │  1200   │  3540000  │ 176747000 │      │          │ 1672050900000 │ '2022-12-26T10:35:00.000Z' │  0   │ 100  │  0  │    0     │ Infinity │ 650 │ 4056.3 │  0  │ 0.3 │      │ -1200  │  -3540000  │  -21300   │   -62563000   │
│   13    │ 2.95 │ 2.95 │ 2.95 │ 2.95 │ 15900 │ 46905000  │   76000   │  15900  │ 46905000  │ 223652000 │      │          │ 1672051200000 │ '2022-12-26T10:40:00.000Z' │  0   │ 100  │  0  │    0     │ Infinity │ 650 │ 4056.3 │  0  │ 3.9 │      │ -15900 │ -46905000  │  -37200   │  -109468000   │
│   14    │ 2.95 │ 2.95 │ 2.95 │ 2.95 │ 2300  │  6785000  │   78300   │  2300   │  6785000  │ 230437000 │      │          │ 1672051800000 │ '2022-12-26T10:50:00.000Z' │  0   │ 100  │  0  │    0     │ Infinity │ 650 │ 4056.3 │  0  │ 0.6 │      │ -2300  │  -6785000  │  -39500   │  -116253000   │
│   15    │ 2.95 │ 2.95 │ 2.95 │ 2.95 │ 1400  │  4130000  │   79700   │  1400   │  4130000  │ 234567000 │      │          │ 1672052100000 │ '2022-12-26T10:55:00.000Z' │  0   │ 100  │  0  │    0     │ Infinity │ 650 │ 4056.3 │  0  │ 0.3 │      │ -1400  │  -4130000  │  -40900   │  -120383000   │
│   16    │ 2.95 │ 2.95 │ 2.95 │ 2.95 │ 1000  │  2950000  │   80700   │  1000   │  2950000  │ 237517000 │      │          │ 1672052400000 │ '2022-12-26T11:00:00.000Z' │  0   │ 100  │  0  │    0     │ Infinity │ 650 │ 4056.3 │  0  │ 0.2 │      │ -1000  │  -2950000  │  -41900   │  -123333000   │
│   17    │ 2.95 │ 2.95 │ 2.95 │ 2.95 │ 3600  │ 10620000  │   84300   │  3600   │ 10620000  │ 248137000 │      │          │ 1672053600000 │ '2022-12-26T11:20:00.000Z' │  0   │ 100  │  0  │    0     │ Infinity │ 650 │ 4056.3 │  0  │ 0.9 │      │ -3600  │ -10620000  │  -45500   │  -133953000   │
│   18    │ 2.95 │ 2.95 │ 2.95 │ 2.95 │ 3200  │  9440000  │   87500   │  3200   │  9440000  │ 257577000 │      │          │ 1672059600000 │ '2022-12-26T13:00:00.000Z' │  0   │ 100  │  0  │    0     │ Infinity │ 650 │ 4056.3 │  0  │ 0.8 │      │ -3200  │  -9440000  │  -48700   │  -143393000   │
│   19    │ 2.95 │ 2.95 │ 2.95 │ 2.95 │ 38900 │ 114755000 │  127800   │  40300  │ 118885000 │ 376462000 │ 1400 │ 4130000  │ 1672059900000 │ '2022-12-26T13:05:00.000Z' │ 3.5  │ 96.5 │  0  │    0     │   27.8   │ 650 │ 4056.3 │  0  │ 9.6 │ 2.2  │ -37500 │ -110625000 │  -86200   │  -254018000   │
│   20    │ 2.95 │ 2.95 │ 2.95 │ 2.95 │ 16000 │ 47200000  │  143800   │  16000  │ 47200000  │ 423662000 │      │          │ 1672060200000 │ '2022-12-26T13:10:00.000Z' │  0   │ 100  │  0  │    0     │ Infinity │ 650 │ 4056.3 │  0  │ 3.9 │      │ -16000 │ -47200000  │  -102200  │  -301218000   │
├─────────┼──────┼──────┼──────┼──────┼───────┼───────────┼───────────┼─────────┼───────────┼───────────┼──────┼──────────┼───────────────┼────────────────────────────┼──────┼──────┼─────┼──────────┼──────────┼─────┼────────┼─────┼─────┼──────┼────────┼────────────┼───────────┼───────────────┤
│ (index) │  c   │  h   │  l   │  o   │  sd   │  val_sd   │ total_vol │ sum_vol │    val    │ acum_val  │  bu  │  val_bu  │   datetime    │            date            │ pbu  │ psd  │ puk │    bs    │    sb    │ abu │  asd   │ auk │ rsd │ rbu  │ bu-sd  │ bu-sd_val  │ acum_busd │ acum_busd_val │
├─────────┼──────┼──────┼──────┼──────┼───────┼───────────┼───────────┼─────────┼───────────┼───────────┼──────┼──────────┼───────────────┼────────────────────────────┼──────┼──────┼─────┼──────────┼──────────┼─────┼────────┼─────┼─────┼──────┼────────┼────────────┼───────────┼───────────────┤
│   21    │ 2.95 │ 2.95 │ 2.95 │ 2.95 │  500  │  1475000  │  144300   │   500   │  1475000  │ 425137000 │      │          │ 1672060500000 │ '2022-12-26T13:15:00.000Z' │  0   │ 100  │  0  │    0     │ Infinity │ 650 │ 4056.3 │  0  │ 0.1 │      │  -500  │  -1475000  │  -102700  │  -302693000   │
│   22    │ 2.95 │ 2.95 │ 2.95 │ 2.95 │  200  │  590000   │  144500   │   200   │  590000   │ 425727000 │      │          │ 1672060800000 │ '2022-12-26T13:20:00.000Z' │  0   │ 100  │  0  │    0     │ Infinity │ 650 │ 4056.3 │  0  │  0  │      │  -200  │  -590000   │  -102900  │  -303283000   │
│   23    │ 2.95 │ 2.95 │ 2.95 │ 2.95 │ 1000  │  2950000  │  145500   │  1000   │  2950000  │ 428677000 │      │          │ 1672061100000 │ '2022-12-26T13:25:00.000Z' │  0   │ 100  │  0  │    0     │ Infinity │ 650 │ 4056.3 │  0  │ 0.2 │      │ -1000  │  -2950000  │  -103900  │  -306233000   │
│   24    │ 2.95 │ 2.95 │ 2.95 │ 2.95 │  100  │  295000   │  145600   │   100   │  295000   │ 428972000 │      │          │ 1672061700000 │ '2022-12-26T13:35:00.000Z' │  0   │ 100  │  0  │    0     │ Infinity │ 650 │ 4056.3 │  0  │  0  │      │  -100  │  -295000   │  -104000  │  -306528000   │
│   25    │ 2.95 │ 2.95 │ 2.95 │ 2.95 │ 1200  │  3540000  │  146800   │  1200   │  3540000  │ 432512000 │      │          │ 1672062000000 │ '2022-12-26T13:40:00.000Z' │  0   │ 100  │  0  │    0     │ Infinity │ 650 │ 4056.3 │  0  │ 0.3 │      │ -1200  │  -3540000  │  -105200  │  -310068000   │
│   26    │ 2.95 │ 2.95 │ 2.95 │ 2.95 │  200  │  590000   │  147000   │   200   │  590000   │ 433102000 │      │          │ 1672062900000 │ '2022-12-26T13:55:00.000Z' │  0   │ 100  │  0  │    0     │ Infinity │ 650 │ 4056.3 │  0  │  0  │      │  -200  │  -590000   │  -105400  │  -310658000   │
│   27    │ 2.95 │ 2.95 │ 2.95 │ 2.95 │  200  │  590000   │  147200   │   200   │  590000   │ 433692000 │      │          │ 1672063200000 │ '2022-12-26T14:00:00.000Z' │  0   │ 100  │  0  │    0     │ Infinity │ 650 │ 4056.3 │  0  │  0  │      │  -200  │  -590000   │  -105600  │  -311248000   │
│   28    │ 2.95 │ 2.95 │ 2.95 │ 2.95 │ 2800  │  8260000  │  150000   │  2800   │  8260000  │ 441952000 │      │          │ 1672063500000 │ '2022-12-26T14:05:00.000Z' │  0   │ 100  │  0  │    0     │ Infinity │ 650 │ 4056.3 │  0  │ 0.7 │      │ -2800  │  -8260000  │  -108400  │  -319508000   │
│   29    │ 2.95 │ 2.95 │ 2.95 │ 2.95 │  100  │  295000   │  150100   │   100   │  295000   │ 442247000 │      │          │ 1672063800000 │ '2022-12-26T14:10:00.000Z' │  0   │ 100  │  0  │    0     │ Infinity │ 650 │ 4056.3 │  0  │  0  │      │  -100  │  -295000   │  -108500  │  -319803000   │
│   30    │ 2.95 │ 2.95 │ 2.95 │ 2.95 │  400  │  1180000  │  150500   │   400   │  1180000  │ 443427000 │      │          │ 1672064400000 │ '2022-12-26T14:20:00.000Z' │  0   │ 100  │  0  │    0     │ Infinity │ 650 │ 4056.3 │  0  │ 0.1 │      │  -400  │  -1180000  │  -108900  │  -320983000   │
│   31    │ 2.95 │ 2.95 │ 2.95 │ 2.95 │  100  │  295000   │  150600   │   100   │  295000   │ 443722000 │      │          │ 1672064700000 │ '2022-12-26T14:25:00.000Z' │  0   │ 100  │  0  │    0     │ Infinity │ 650 │ 4056.3 │  0  │  0  │      │  -100  │  -295000   │  -109000  │  -321278000   │
└─────────┴──────┴──────┴──────┴──────┴───────┴───────────┴───────────┴─────────┴───────────┴───────────┴──────┴──────────┴───────────────┴────────────────────────────┴──────┴──────┴─────┴──────────┴──────────┴─────┴────────┴─────┴─────┴──────┴────────┴────────────┴───────────┴───────────────┘

