┌─────────┬───────┬───────┬───────┬───────┬──────┬──────────┬───────────┬─────────┬──────────┬───────────┬───────────────┬────────────────────────────┬──────┬──────┬─────┬──────────┬──────────┬───────┬──────┬─────┬─────┬───────┬───────────┬───────────┬───────────────┬──────┬──────────┬─────┐
│ (index) │   c   │   h   │   l   │   o   │  sd  │  val_sd  │ total_vol │ sum_vol │   val    │ acum_val  │   datetime    │            date            │ pbu  │ psd  │ puk │    bs    │    sb    │  abu  │ asd  │ auk │ rsd │ bu-sd │ bu-sd_val │ acum_busd │ acum_busd_val │  bu  │  val_bu  │ rbu │
├─────────┼───────┼───────┼───────┼───────┼──────┼──────────┼───────────┼─────────┼──────────┼───────────┼───────────────┼────────────────────────────┼──────┼──────┼─────┼──────────┼──────────┼───────┼──────┼─────┼─────┼───────┼───────────┼───────────┼───────────────┼──────┼──────────┼─────┤
│    0    │ 12.75 │ 12.75 │ 12.75 │ 12.75 │ 5500 │ 70125000 │   5500    │  5500   │ 70125000 │ 70125000  │ 1672046100000 │ '2022-12-26T09:15:00.000Z' │  0   │ 100  │  0  │    0     │ Infinity │ 318.8 │ 1550 │  0  │ 3.5 │ -5500 │ -70125000 │   -5500   │   -70125000   │      │          │     │
│    1    │ 12.8  │ 12.8  │ 12.8  │ 12.8  │      │          │   5800    │   300   │ 3840000  │ 73965000  │ 1672046400000 │ '2022-12-26T09:20:00.000Z' │ 100  │  0   │  0  │ Infinity │    0     │ 318.8 │ 1550 │  0  │     │  300  │  3840000  │   -5200   │   -66285000   │ 300  │ 3840000  │ 0.9 │
│    2    │ 12.75 │ 12.75 │ 12.75 │ 12.75 │ 5000 │ 63750000 │   10800   │  5000   │ 63750000 │ 137715000 │ 1672047000000 │ '2022-12-26T09:30:00.000Z' │  0   │ 100  │  0  │    0     │ Infinity │ 318.8 │ 1550 │  0  │ 3.2 │ -5000 │ -63750000 │  -10200   │  -130035000   │      │          │     │
│    3    │ 12.8  │ 12.8  │ 12.8  │ 12.8  │      │          │   13800   │  3000   │ 38400000 │ 176115000 │ 1672047300000 │ '2022-12-26T09:35:00.000Z' │ 100  │  0   │  0  │ Infinity │    0     │ 318.8 │ 1550 │  0  │     │ 3000  │ 38400000  │   -7200   │   -91635000   │ 3000 │ 38400000 │ 9.4 │
│    4    │ 12.8  │ 12.8  │ 12.75 │ 12.75 │ 5000 │ 63750000 │   19000   │  5200   │ 66310000 │ 242425000 │ 1672047600000 │ '2022-12-26T09:40:00.000Z' │ 3.8  │ 96.2 │  0  │    0     │    25    │ 318.8 │ 1550 │  0  │ 3.2 │ -4800 │ -61190000 │  -12000   │  -152825000   │ 200  │ 2560000  │ 0.6 │
│    5    │ 12.75 │ 12.8  │ 12.75 │ 12.8  │ 5000 │ 63750000 │   24100   │  5100   │ 65030000 │ 307455000 │ 1672047900000 │ '2022-12-26T09:45:00.000Z' │  2   │  98  │  0  │    0     │    50    │ 318.8 │ 1550 │  0  │ 3.2 │ -4900 │ -62470000 │  -16900   │  -215295000   │ 100  │ 1280000  │ 0.3 │
│    6    │ 12.75 │ 12.75 │ 12.75 │ 12.75 │ 1300 │ 16575000 │   25400   │  1300   │ 16575000 │ 324030000 │ 1672049100000 │ '2022-12-26T10:05:00.000Z' │  0   │ 100  │  0  │    0     │ Infinity │ 318.8 │ 1550 │  0  │ 0.8 │ -1300 │ -16575000 │  -18200   │  -231870000   │      │          │     │
│    7    │ 12.75 │ 12.75 │ 12.75 │ 12.75 │ 1000 │ 12750000 │   26400   │  1000   │ 12750000 │ 336780000 │ 1672049700000 │ '2022-12-26T10:15:00.000Z' │  0   │ 100  │  0  │    0     │ Infinity │ 318.8 │ 1550 │  0  │ 0.6 │ -1000 │ -12750000 │  -19200   │  -244620000   │      │          │     │
│    8    │ 12.75 │ 12.75 │ 12.75 │ 12.75 │ 700  │ 8925000  │   27100   │   700   │ 8925000  │ 345705000 │ 1672050000000 │ '2022-12-26T10:20:00.000Z' │  0   │ 100  │  0  │    0     │ Infinity │ 318.8 │ 1550 │  0  │ 0.5 │ -700  │ -8925000  │  -19900   │  -253545000   │      │          │     │
│    9    │ 12.75 │ 12.75 │ 12.75 │ 12.75 │ 2000 │ 25500000 │   29100   │  2000   │ 25500000 │ 371205000 │ 1672050300000 │ '2022-12-26T10:25:00.000Z' │  0   │ 100  │  0  │    0     │ Infinity │ 318.8 │ 1550 │  0  │ 1.3 │ -2000 │ -25500000 │  -21900   │  -279045000   │      │          │     │
│   10    │ 12.75 │ 12.75 │ 12.75 │ 12.75 │ 1000 │ 12750000 │   30100   │  1000   │ 12750000 │ 383955000 │ 1672050600000 │ '2022-12-26T10:30:00.000Z' │  0   │ 100  │  0  │    0     │ Infinity │ 318.8 │ 1550 │  0  │ 0.6 │ -1000 │ -12750000 │  -22900   │  -291795000   │      │          │     │
│   11    │ 12.75 │ 12.75 │ 12.75 │ 12.75 │ 200  │ 2550000  │   30300   │   200   │ 2550000  │ 386505000 │ 1672050900000 │ '2022-12-26T10:35:00.000Z' │  0   │ 100  │  0  │    0     │ Infinity │ 318.8 │ 1550 │  0  │ 0.1 │ -200  │ -2550000  │  -23100   │  -294345000   │      │          │     │
│   12    │ 12.75 │ 12.8  │ 12.75 │ 12.8  │ 200  │ 2550000  │   30700   │   400   │ 5110000  │ 391615000 │ 1672051200000 │ '2022-12-26T10:40:00.000Z' │  50  │  50  │  0  │    1     │    1     │ 318.8 │ 1550 │  0  │ 0.1 │   0   │   10000   │  -23100   │  -294335000   │ 200  │ 2560000  │ 0.6 │
│   13    │ 12.75 │ 12.75 │ 12.75 │ 12.75 │ 2000 │ 25500000 │   32700   │  2000   │ 25500000 │ 417115000 │ 1672051500000 │ '2022-12-26T10:45:00.000Z' │  0   │ 100  │  0  │    0     │ Infinity │ 318.8 │ 1550 │  0  │ 1.3 │ -2000 │ -25500000 │  -25100   │  -319835000   │      │          │     │
│   14    │ 12.75 │ 12.75 │ 12.75 │ 12.75 │ 100  │ 1275000  │   32800   │   100   │ 1275000  │ 418390000 │ 1672051800000 │ '2022-12-26T10:50:00.000Z' │  0   │ 100  │  0  │    0     │ Infinity │ 318.8 │ 1550 │  0  │ 0.1 │ -100  │ -1275000  │  -25200   │  -321110000   │      │          │     │
│   15    │ 12.7  │ 12.7  │ 12.7  │ 12.7  │ 400  │ 5080000  │   33200   │   400   │ 5080000  │ 423470000 │ 1672052700000 │ '2022-12-26T11:05:00.000Z' │  0   │ 100  │  0  │    0     │ Infinity │ 318.8 │ 1550 │  0  │ 0.3 │ -400  │ -5080000  │  -25600   │  -326190000   │      │          │     │
│   16    │ 12.65 │ 12.7  │ 12.65 │ 12.7  │ 3300 │ 41750000 │   37800   │  4600   │ 58195000 │ 481665000 │ 1672053300000 │ '2022-12-26T11:15:00.000Z' │ 28.3 │ 71.7 │  0  │   0.4    │   2.5    │ 318.8 │ 1550 │  0  │ 2.1 │ -2000 │ -25305000 │  -27600   │  -351495000   │ 1300 │ 16445000 │ 4.1 │
│   17    │ 12.6  │ 12.6  │ 12.6  │ 12.6  │ 4400 │ 55440000 │   42200   │  4400   │ 55440000 │ 537105000 │ 1672053600000 │ '2022-12-26T11:20:00.000Z' │  0   │ 100  │  0  │    0     │ Infinity │ 318.8 │ 1550 │  0  │ 2.8 │ -4400 │ -55440000 │  -32000   │  -406935000   │      │          │     │
│   18    │ 12.6  │ 12.6  │ 12.6  │ 12.6  │ 5100 │ 64260000 │   47300   │  5100   │ 64260000 │ 601365000 │ 1672059600000 │ '2022-12-26T13:00:00.000Z' │  0   │ 100  │  0  │    0     │ Infinity │ 318.8 │ 1550 │  0  │ 3.3 │ -5100 │ -64260000 │  -37100   │  -471195000   │      │          │     │
│   19    │ 12.6  │ 12.6  │ 12.6  │ 12.6  │ 900  │ 11340000 │   48200   │   900   │ 11340000 │ 612705000 │ 1672059900000 │ '2022-12-26T13:05:00.000Z' │  0   │ 100  │  0  │    0     │ Infinity │ 318.8 │ 1550 │  0  │ 0.6 │ -900  │ -11340000 │  -38000   │  -482535000   │      │          │     │
│   20    │ 12.6  │ 12.6  │ 12.6  │ 12.6  │      │          │   48300   │   100   │ 1260000  │ 613965000 │ 1672060200000 │ '2022-12-26T13:10:00.000Z' │ 100  │  0   │  0  │ Infinity │    0     │ 318.8 │ 1550 │  0  │     │  100  │  1260000  │  -37900   │  -481275000   │ 100  │ 1260000  │ 0.3 │
├─────────┼───────┼───────┼───────┼───────┼──────┼──────────┼───────────┼─────────┼──────────┼───────────┼───────────────┼────────────────────────────┼──────┼──────┼─────┼──────────┼──────────┼───────┼──────┼─────┼─────┼───────┼───────────┼───────────┼───────────────┼──────┼──────────┼─────┤
│ (index) │   c   │   h   │   l   │   o   │  sd  │  val_sd  │ total_vol │ sum_vol │   val    │ acum_val  │   datetime    │            date            │ pbu  │ psd  │ puk │    bs    │    sb    │  abu  │ asd  │ auk │ rsd │ bu-sd │ bu-sd_val │ acum_busd │ acum_busd_val │  bu  │  val_bu  │ rbu │
├─────────┼───────┼───────┼───────┼───────┼──────┼──────────┼───────────┼─────────┼──────────┼───────────┼───────────────┼────────────────────────────┼──────┼──────┼─────┼──────────┼──────────┼───────┼──────┼─────┼─────┼───────┼───────────┼───────────┼───────────────┼──────┼──────────┼─────┤
│   21    │ 12.6  │ 12.6  │ 12.6  │ 12.6  │      │          │   49500   │  1200   │ 15120000 │ 629085000 │ 1672060500000 │ '2022-12-26T13:15:00.000Z' │ 100  │  0   │  0  │ Infinity │    0     │ 318.8 │ 1550 │  0  │     │ 1200  │ 15120000  │  -36700   │  -466155000   │ 1200 │ 15120000 │ 3.8 │
│   22    │ 12.6  │ 12.6  │ 12.6  │ 12.6  │      │          │   50100   │   600   │ 7560000  │ 636645000 │ 1672060800000 │ '2022-12-26T13:20:00.000Z' │ 100  │  0   │  0  │ Infinity │    0     │ 318.8 │ 1550 │  0  │     │  600  │  7560000  │  -36100   │  -458595000   │ 600  │ 7560000  │ 1.9 │
│   23    │ 12.6  │ 12.6  │ 12.6  │ 12.6  │      │          │   50300   │   200   │ 2520000  │ 639165000 │ 1672061100000 │ '2022-12-26T13:25:00.000Z' │ 100  │  0   │  0  │ Infinity │    0     │ 318.8 │ 1550 │  0  │     │  200  │  2520000  │  -35900   │  -456075000   │ 200  │ 2520000  │ 0.6 │
│   24    │ 12.7  │ 12.7  │ 12.6  │ 12.6  │ 700  │ 8820000  │   51400   │  1100   │ 13900000 │ 653065000 │ 1672061400000 │ '2022-12-26T13:30:00.000Z' │ 36.4 │ 63.6 │  0  │   0.6    │   1.8    │ 318.8 │ 1550 │  0  │ 0.5 │ -300  │ -3740000  │  -36200   │  -459815000   │ 400  │ 5080000  │ 1.3 │
│   25    │ 12.75 │ 12.75 │ 12.7  │ 12.7  │      │          │   52400   │  1000   │ 12725000 │ 665790000 │ 1672062300000 │ '2022-12-26T13:45:00.000Z' │ 100  │  0   │  0  │ Infinity │    0     │ 318.8 │ 1550 │  0  │     │ 1000  │ 12725000  │  -35200   │  -447090000   │ 1000 │ 12725000 │ 3.1 │
│   26    │ 12.6  │ 12.6  │ 12.6  │ 12.6  │ 700  │ 8820000  │   53100   │   700   │ 8820000  │ 674610000 │ 1672062900000 │ '2022-12-26T13:55:00.000Z' │  0   │ 100  │  0  │    0     │ Infinity │ 318.8 │ 1550 │  0  │ 0.5 │ -700  │ -8820000  │  -35900   │  -455910000   │      │          │     │
│   27    │ 12.75 │ 12.75 │ 12.75 │ 12.75 │      │          │   53200   │   100   │ 1275000  │ 675885000 │ 1672063800000 │ '2022-12-26T14:10:00.000Z' │ 100  │  0   │  0  │ Infinity │    0     │ 318.8 │ 1550 │  0  │     │  100  │  1275000  │  -35800   │  -454635000   │ 100  │ 1275000  │ 0.3 │
│   28    │ 12.7  │ 12.7  │ 12.7  │ 12.7  │ 900  │ 11430000 │   54500   │  1300   │ 16510000 │ 692395000 │ 1672064100000 │ '2022-12-26T14:15:00.000Z' │ 30.8 │ 69.2 │  0  │   0.4    │   2.3    │ 318.8 │ 1550 │  0  │ 0.6 │ -500  │ -6350000  │  -36300   │  -460985000   │ 400  │ 5080000  │ 1.3 │
│   29    │ 12.6  │ 12.6  │ 12.6  │ 12.6  │ 1400 │ 17640000 │   56100   │  1600   │ 20160000 │ 712555000 │ 1672064400000 │ '2022-12-26T14:20:00.000Z' │ 12.5 │ 87.5 │  0  │   0.1    │    7     │ 318.8 │ 1550 │  0  │ 0.9 │ -1200 │ -15120000 │  -37500   │  -476105000   │ 200  │ 2520000  │ 0.6 │
│   30    │ 12.55 │ 12.55 │ 12.55 │ 12.55 │ 2800 │ 35140000 │   58900   │  2800   │ 35140000 │ 747695000 │ 1672064700000 │ '2022-12-26T14:25:00.000Z' │  0   │ 100  │  0  │    0     │ Infinity │ 318.8 │ 1550 │  0  │ 1.8 │ -2800 │ -35140000 │  -40300   │  -511245000   │      │          │     │
│   31    │ 12.7  │ 12.7  │ 12.7  │ 12.7  │      │          │   59800   │   900   │ 11430000 │ 759125000 │ 1672065900000 │ '2022-12-26T14:45:00.000Z' │ 100  │  0   │  0  │ Infinity │    0     │ 318.8 │ 1550 │  0  │     │  900  │ 11430000  │  -39400   │  -499815000   │ 900  │ 11430000 │ 2.8 │
└─────────┴───────┴───────┴───────┴───────┴──────┴──────────┴───────────┴─────────┴──────────┴───────────┴───────────────┴────────────────────────────┴──────┴──────┴─────┴──────────┴──────────┴───────┴──────┴─────┴─────┴───────┴───────────┴───────────┴───────────────┴──────┴──────────┴─────┘

