┌─────────┬──────┬──────┬──────┬──────┬──────┬──────────┬───────────┬─────────┬──────────┬───────────┬───────────────┬────────────────────────────┬──────┬─────┬─────┬──────────┬──────────┬───────┬───────┬─────┬──────┬───────┬───────────┬───────────┬───────────────┬──────┬──────────┬─────┐
│ (index) │  c   │  h   │  l   │  o   │  sd  │  val_sd  │ total_vol │ sum_vol │   val    │ acum_val  │   datetime    │            date            │ pbu  │ psd │ puk │    bs    │    sb    │  abu  │  asd  │ auk │ rsd  │ bu-sd │ bu-sd_val │ acum_busd │ acum_busd_val │  bu  │  val_bu  │ rbu │
├─────────┼──────┼──────┼──────┼──────┼──────┼──────────┼───────────┼─────────┼──────────┼───────────┼───────────────┼────────────────────────────┼──────┼─────┼─────┼──────────┼──────────┼───────┼───────┼─────┼──────┼───────┼───────────┼───────────┼───────────────┼──────┼──────────┼─────┤
│    0    │ 6.7  │ 6.7  │ 6.7  │ 6.7  │ 100  │  670000  │    100    │   100   │  670000  │  670000   │ 1672046040000 │ '2022-12-26T09:14:00.000Z' │  0   │ 100 │  0  │    0     │ Infinity │ 940.7 │ 633.3 │  0  │ 0.2  │ -100  │  -670000  │   -100    │    -670000    │      │          │     │
│    1    │ 7.09 │ 7.09 │ 7.09 │ 7.09 │      │          │    200    │   100   │  709000  │  1379000  │ 1672046640000 │ '2022-12-26T09:24:00.000Z' │ 100  │  0  │  0  │ Infinity │    0     │ 940.7 │ 633.3 │  0  │      │  100  │  709000   │     0     │     39000     │ 100  │  709000  │ 0.1 │
│    2    │  7   │  7   │  7   │  7   │      │          │    400    │   200   │ 1400000  │  2779000  │ 1672048560000 │ '2022-12-26T09:56:00.000Z' │ 100  │  0  │  0  │ Infinity │    0     │ 940.7 │ 633.3 │  0  │      │  200  │  1400000  │    200    │    1439000    │ 200  │ 1400000  │ 0.2 │
│    3    │  7   │  7   │  7   │  7   │      │          │   1800    │  1400   │ 9800000  │ 12579000  │ 1672048920000 │ '2022-12-26T10:02:00.000Z' │ 100  │  0  │  0  │ Infinity │    0     │ 940.7 │ 633.3 │  0  │      │ 1400  │  9800000  │   1600    │   11239000    │ 1400 │ 9800000  │ 1.5 │
│    4    │ 7.02 │ 7.02 │ 7.02 │ 7.02 │      │          │   2800    │  1000   │ 7020000  │ 19599000  │ 1672049520000 │ '2022-12-26T10:12:00.000Z' │ 100  │  0  │  0  │ Infinity │    0     │ 940.7 │ 633.3 │  0  │      │ 1000  │  7020000  │   2600    │   18259000    │ 1000 │ 7020000  │ 1.1 │
│    5    │ 6.81 │ 6.82 │ 6.81 │ 6.82 │ 1800 │ 12266000 │   4600    │  1800   │ 12266000 │ 31865000  │ 1672049760000 │ '2022-12-26T10:16:00.000Z' │  0   │ 100 │  0  │    0     │ Infinity │ 940.7 │ 633.3 │  0  │ 2.8  │ -1800 │ -12266000 │    800    │    5993000    │      │          │     │
│    6    │  7   │  7   │ 6.99 │ 6.99 │      │          │   7100    │  2500   │ 17495000 │ 49360000  │ 1672051440000 │ '2022-12-26T10:44:00.000Z' │ 100  │  0  │  0  │ Infinity │    0     │ 940.7 │ 633.3 │  0  │      │ 2500  │ 17495000  │   3300    │   23488000    │ 2500 │ 17495000 │ 2.7 │
│    7    │ 7.01 │ 7.01 │ 6.99 │ 6.99 │      │          │   10800   │  3700   │ 25912000 │ 75272000  │ 1672051560000 │ '2022-12-26T10:46:00.000Z' │ 100  │  0  │  0  │ Infinity │    0     │ 940.7 │ 633.3 │  0  │      │ 3700  │ 25912000  │   7000    │   49400000    │ 3700 │ 25912000 │ 3.9 │
│    8    │ 7.02 │ 7.02 │ 7.02 │ 7.02 │      │          │   11800   │  1000   │ 7020000  │ 82292000  │ 1672052160000 │ '2022-12-26T10:56:00.000Z' │ 100  │  0  │  0  │ Infinity │    0     │ 940.7 │ 633.3 │  0  │      │ 1000  │  7020000  │   8000    │   56420000    │ 1000 │ 7020000  │ 1.1 │
│    9    │ 7.02 │ 7.02 │ 7.02 │ 7.02 │      │          │   12000   │   200   │ 1404000  │ 83696000  │ 1672052400000 │ '2022-12-26T11:00:00.000Z' │ 100  │  0  │  0  │ Infinity │    0     │ 940.7 │ 633.3 │  0  │      │  200  │  1404000  │   8200    │   57824000    │ 200  │ 1404000  │ 0.2 │
│   10    │ 7.02 │ 7.02 │ 7.02 │ 7.02 │      │          │   12100   │   100   │  702000  │ 84398000  │ 1672052640000 │ '2022-12-26T11:04:00.000Z' │ 100  │  0  │  0  │ Infinity │    0     │ 940.7 │ 633.3 │  0  │      │  100  │  702000   │   8300    │   58526000    │ 100  │  702000  │ 0.1 │
│   11    │ 7.05 │ 7.05 │ 7.02 │ 7.02 │      │          │   15100   │  3000   │ 21111000 │ 105509000 │ 1672052760000 │ '2022-12-26T11:06:00.000Z' │ 100  │  0  │  0  │ Infinity │    0     │ 940.7 │ 633.3 │  0  │      │ 3000  │ 21111000  │   11300   │   79637000    │ 3000 │ 21111000 │ 3.2 │
│   12    │ 6.85 │ 6.86 │ 6.85 │ 6.86 │ 400  │ 2743000  │   15500   │   400   │ 2743000  │ 108252000 │ 1672053480000 │ '2022-12-26T11:18:00.000Z' │  0   │ 100 │  0  │    0     │ Infinity │ 940.7 │ 633.3 │  0  │ 0.6  │ -400  │ -2743000  │   10900   │   76894000    │      │          │     │
│   13    │ 6.99 │  7   │ 6.99 │  7   │      │          │   16000   │   500   │ 3498000  │ 111750000 │ 1672060200000 │ '2022-12-26T13:10:00.000Z' │ 100  │  0  │  0  │ Infinity │    0     │ 940.7 │ 633.3 │  0  │      │  500  │  3498000  │   11400   │   80392000    │ 500  │ 3498000  │ 0.5 │
│   14    │  7   │  7   │  7   │  7   │      │          │   16100   │   100   │  700000  │ 112450000 │ 1672060320000 │ '2022-12-26T13:12:00.000Z' │ 100  │  0  │  0  │ Infinity │    0     │ 940.7 │ 633.3 │  0  │      │  100  │  700000   │   11500   │   81092000    │ 100  │  700000  │ 0.1 │
│   15    │  7   │  7   │ 6.99 │ 6.99 │ 100  │  699000  │   18300   │  2200   │ 15380000 │ 127830000 │ 1672060440000 │ '2022-12-26T13:14:00.000Z' │ 95.5 │ 4.5 │  0  │    21    │    0     │ 940.7 │ 633.3 │  0  │ 0.2  │ 2000  │ 13982000  │   13500   │   95074000    │ 2100 │ 14681000 │ 2.2 │
│   16    │ 6.99 │ 6.99 │ 6.99 │ 6.99 │      │          │   19700   │  1400   │ 9786000  │ 137616000 │ 1672060560000 │ '2022-12-26T13:16:00.000Z' │ 100  │  0  │  0  │ Infinity │    0     │ 940.7 │ 633.3 │  0  │      │ 1400  │  9786000  │   14900   │   104860000   │ 1400 │ 9786000  │ 1.5 │
│   17    │ 6.85 │ 6.87 │ 6.85 │ 6.87 │ 6100 │ 41797000 │   25800   │  6100   │ 41797000 │ 179413000 │ 1672060800000 │ '2022-12-26T13:20:00.000Z' │  0   │ 100 │  0  │    0     │ Infinity │ 940.7 │ 633.3 │  0  │ 9.6  │ -6100 │ -41797000 │   8800    │   63063000    │      │          │     │
│   18    │ 6.85 │ 6.85 │ 6.85 │ 6.85 │ 600  │ 4110000  │   26400   │   600   │ 4110000  │ 183523000 │ 1672061160000 │ '2022-12-26T13:26:00.000Z' │  0   │ 100 │  0  │    0     │ Infinity │ 940.7 │ 633.3 │  0  │ 0.9  │ -600  │ -4110000  │   8200    │   58953000    │      │          │     │
│   19    │ 6.98 │ 6.98 │ 6.97 │ 6.97 │      │          │   28700   │  2300   │ 16052000 │ 199575000 │ 1672061640000 │ '2022-12-26T13:34:00.000Z' │ 100  │  0  │  0  │ Infinity │    0     │ 940.7 │ 633.3 │  0  │      │ 2300  │ 16052000  │   10500   │   75005000    │ 2300 │ 16052000 │ 2.4 │
│   20    │  7   │  7   │ 6.99 │ 6.99 │      │          │   29500   │   800   │ 5598000  │ 205173000 │ 1672061760000 │ '2022-12-26T13:36:00.000Z' │ 100  │  0  │  0  │ Infinity │    0     │ 940.7 │ 633.3 │  0  │      │  800  │  5598000  │   11300   │   80603000    │ 800  │ 5598000  │ 0.9 │
├─────────┼──────┼──────┼──────┼──────┼──────┼──────────┼───────────┼─────────┼──────────┼───────────┼───────────────┼────────────────────────────┼──────┼─────┼─────┼──────────┼──────────┼───────┼───────┼─────┼──────┼───────┼───────────┼───────────┼───────────────┼──────┼──────────┼─────┤
│ (index) │  c   │  h   │  l   │  o   │  sd  │  val_sd  │ total_vol │ sum_vol │   val    │ acum_val  │   datetime    │            date            │ pbu  │ psd │ puk │    bs    │    sb    │  abu  │  asd  │ auk │ rsd  │ bu-sd │ bu-sd_val │ acum_busd │ acum_busd_val │  bu  │  val_bu  │ rbu │
├─────────┼──────┼──────┼──────┼──────┼──────┼──────────┼───────────┼─────────┼──────────┼───────────┼───────────────┼────────────────────────────┼──────┼─────┼─────┼──────────┼──────────┼───────┼───────┼─────┼──────┼───────┼───────────┼───────────┼───────────────┼──────┼──────────┼─────┤
│   21    │ 6.99 │ 6.99 │ 6.99 │ 6.99 │ 100  │  699000  │   29600   │   100   │  699000  │ 205872000 │ 1672062600000 │ '2022-12-26T13:50:00.000Z' │  0   │ 100 │  0  │    0     │ Infinity │ 940.7 │ 633.3 │  0  │ 0.2  │ -100  │  -699000  │   11200   │   79904000    │      │          │     │
│   22    │ 6.98 │ 6.98 │ 6.98 │ 6.98 │      │          │   34600   │  5000   │ 34900000 │ 240772000 │ 1672063680000 │ '2022-12-26T14:08:00.000Z' │ 100  │  0  │  0  │ Infinity │    0     │ 940.7 │ 633.3 │  0  │      │ 5000  │ 34900000  │   16200   │   114804000   │ 5000 │ 34900000 │ 5.3 │
│   23    │ 6.86 │ 6.86 │ 6.86 │ 6.86 │ 600  │ 4116000  │   35200   │   600   │ 4116000  │ 244888000 │ 1672063920000 │ '2022-12-26T14:12:00.000Z' │  0   │ 100 │  0  │    0     │ Infinity │ 940.7 │ 633.3 │  0  │ 0.9  │ -600  │ -4116000  │   15600   │   110688000   │      │          │     │
│   24    │ 6.85 │ 6.86 │ 6.85 │ 6.86 │ 300  │ 2057000  │   35500   │   300   │ 2057000  │ 246945000 │ 1672064760000 │ '2022-12-26T14:26:00.000Z' │  0   │ 100 │  0  │    0     │ Infinity │ 940.7 │ 633.3 │  0  │ 0.5  │ -300  │ -2057000  │   15300   │   108631000   │      │          │     │
│   25    │ 6.85 │ 6.85 │ 6.85 │ 6.85 │ 600  │ 4110000  │   36100   │   600   │ 4110000  │ 251055000 │ 1672064880000 │ '2022-12-26T14:28:00.000Z' │  0   │ 100 │  0  │    0     │ Infinity │ 940.7 │ 633.3 │  0  │ 0.9  │ -600  │ -4110000  │   14700   │   104521000   │      │          │     │
│   26    │ 6.85 │ 6.85 │ 6.85 │ 6.85 │ 6400 │ 43840000 │   42500   │  6400   │ 43840000 │ 294895000 │ 1672065840000 │ '2022-12-26T14:44:00.000Z' │  0   │ 100 │  0  │    0     │ Infinity │ 940.7 │ 633.3 │  0  │ 10.1 │ -6400 │ -43840000 │   8300    │   60681000    │      │          │     │
└─────────┴──────┴──────┴──────┴──────┴──────┴──────────┴───────────┴─────────┴──────────┴───────────┴───────────────┴────────────────────────────┴──────┴─────┴─────┴──────────┴──────────┴───────┴───────┴─────┴──────┴───────┴───────────┴───────────┴───────────────┴──────┴──────────┴─────┘

