┌─────────┬─────┬─────┬─────┬─────┬───────┬──────────┬───────────┬─────────┬──────────┬──────────┬───────────────┬────────────────────────────┬──────┬──────┬─────┬──────────┬──────────┬───────┬────────┬─────┬──────┬────────┬───────────┬───────────┬───────────────┬──────┬─────────┬─────┐
│ (index) │  c  │  h  │  l  │  o  │  sd   │  val_sd  │ total_vol │ sum_vol │   val    │ acum_val │   datetime    │            date            │ pbu  │ psd  │ puk │    bs    │    sb    │  abu  │  asd   │ auk │ rsd  │ bu-sd  │ bu-sd_val │ acum_busd │ acum_busd_val │  bu  │ val_bu  │ rbu │
├─────────┼─────┼─────┼─────┼─────┼───────┼──────────┼───────────┼─────────┼──────────┼──────────┼───────────────┼────────────────────────────┼──────┼──────┼─────┼──────────┼──────────┼───────┼────────┼─────┼──────┼────────┼───────────┼───────────┼───────────────┼──────┼─────────┼─────┤
│    0    │ 1.7 │ 1.7 │ 1.7 │ 1.7 │  100  │  170000  │    100    │   100   │  170000  │  170000  │ 1672050600000 │ '2022-12-26T10:30:00.000Z' │  0   │ 100  │  0  │    0     │ Infinity │ 852.6 │ 1726.3 │  0  │ 0.1  │  -100  │  -170000  │   -100    │    -170000    │      │         │     │
│    1    │ 1.7 │ 1.7 │ 1.7 │ 1.7 │       │          │    600    │   500   │  850000  │ 1020000  │ 1672050840000 │ '2022-12-26T10:34:00.000Z' │ 100  │  0   │  0  │ Infinity │    0     │ 852.6 │ 1726.3 │  0  │      │  500   │  850000   │    400    │    680000     │ 500  │ 850000  │ 0.6 │
│    2    │ 1.7 │ 1.7 │ 1.7 │ 1.7 │       │          │    700    │   100   │  170000  │ 1190000  │ 1672050960000 │ '2022-12-26T10:36:00.000Z' │ 100  │  0   │  0  │ Infinity │    0     │ 852.6 │ 1726.3 │  0  │      │  100   │  170000   │    500    │    850000     │ 100  │ 170000  │ 0.1 │
│    3    │ 1.7 │ 1.7 │ 1.7 │ 1.7 │       │          │    800    │   100   │  170000  │ 1360000  │ 1672051440000 │ '2022-12-26T10:44:00.000Z' │ 100  │  0   │  0  │ Infinity │    0     │ 852.6 │ 1726.3 │  0  │      │  100   │  170000   │    600    │    1020000    │ 100  │ 170000  │ 0.1 │
│    4    │ 1.7 │ 1.7 │ 1.7 │ 1.7 │       │          │   1000    │   200   │  340000  │ 1700000  │ 1672052640000 │ '2022-12-26T11:04:00.000Z' │ 100  │  0   │  0  │ Infinity │    0     │ 852.6 │ 1726.3 │  0  │      │  200   │  340000   │    800    │    1360000    │ 200  │ 340000  │ 0.2 │
│    5    │ 1.7 │ 1.7 │ 1.7 │ 1.7 │       │          │   2000    │  1000   │ 1700000  │ 3400000  │ 1672053120000 │ '2022-12-26T11:12:00.000Z' │ 100  │  0   │  0  │ Infinity │    0     │ 852.6 │ 1726.3 │  0  │      │  1000  │  1700000  │   1800    │    3060000    │ 1000 │ 1700000 │ 1.2 │
│    6    │ 1.7 │ 1.7 │ 1.7 │ 1.7 │       │          │   2100    │   100   │  170000  │ 3570000  │ 1672054080000 │ '2022-12-26T11:28:00.000Z' │ 100  │  0   │  0  │ Infinity │    0     │ 852.6 │ 1726.3 │  0  │      │  100   │  170000   │   1900    │    3230000    │ 100  │ 170000  │ 0.1 │
│    7    │ 1.7 │ 1.7 │ 1.6 │ 1.6 │ 21000 │ 33600000 │   25800   │  23700  │ 38190000 │ 41760000 │ 1672059840000 │ '2022-12-26T13:04:00.000Z' │ 11.4 │ 88.6 │  0  │   0.1    │   7.8    │ 852.6 │ 1726.3 │  0  │ 12.2 │ -18300 │ -29010000 │  -16400   │   -25780000   │ 2700 │ 4590000 │ 3.2 │
│    8    │ 1.6 │ 1.6 │ 1.6 │ 1.6 │ 7700  │ 12320000 │   33500   │  7700   │ 12320000 │ 54080000 │ 1672059960000 │ '2022-12-26T13:06:00.000Z' │  0   │ 100  │  0  │    0     │ Infinity │ 852.6 │ 1726.3 │  0  │ 4.5  │ -7700  │ -12320000 │  -24100   │   -38100000   │      │         │     │
│    9    │ 1.6 │ 1.6 │ 1.6 │ 1.6 │       │          │   37400   │  3900   │ 6240000  │ 60320000 │ 1672060080000 │ '2022-12-26T13:08:00.000Z' │ 100  │  0   │  0  │ Infinity │    0     │ 852.6 │ 1726.3 │  0  │      │  3900  │  6240000  │  -20200   │   -31860000   │ 3900 │ 6240000 │ 4.6 │
│   10    │ 1.6 │ 1.6 │ 1.6 │ 1.6 │       │          │   37900   │   500   │  800000  │ 61120000 │ 1672060200000 │ '2022-12-26T13:10:00.000Z' │ 100  │  0   │  0  │ Infinity │    0     │ 852.6 │ 1726.3 │  0  │      │  500   │  800000   │  -19700   │   -31060000   │ 500  │ 800000  │ 0.6 │
│   11    │ 1.6 │ 1.6 │ 1.6 │ 1.6 │       │          │   39900   │  2000   │ 3200000  │ 64320000 │ 1672060320000 │ '2022-12-26T13:12:00.000Z' │ 100  │  0   │  0  │ Infinity │    0     │ 852.6 │ 1726.3 │  0  │      │  2000  │  3200000  │  -17700   │   -27860000   │ 2000 │ 3200000 │ 2.3 │
│   12    │ 1.6 │ 1.6 │ 1.6 │ 1.6 │       │          │   40400   │   500   │  800000  │ 65120000 │ 1672060440000 │ '2022-12-26T13:14:00.000Z' │ 100  │  0   │  0  │ Infinity │    0     │ 852.6 │ 1726.3 │  0  │      │  500   │  800000   │  -17200   │   -27060000   │ 500  │ 800000  │ 0.6 │
│   13    │ 1.7 │ 1.7 │ 1.6 │ 1.6 │       │          │   43200   │  2800   │ 4530000  │ 69650000 │ 1672060560000 │ '2022-12-26T13:16:00.000Z' │ 100  │  0   │  0  │ Infinity │    0     │ 852.6 │ 1726.3 │  0  │      │  2800  │  4530000  │  -14400   │   -22530000   │ 2800 │ 4530000 │ 3.3 │
│   14    │ 1.7 │ 1.7 │ 1.7 │ 1.7 │       │          │   44200   │  1000   │ 1700000  │ 71350000 │ 1672062720000 │ '2022-12-26T13:52:00.000Z' │ 100  │  0   │  0  │ Infinity │    0     │ 852.6 │ 1726.3 │  0  │      │  1000  │  1700000  │  -13400   │   -20830000   │ 1000 │ 1700000 │ 1.2 │
│   15    │ 1.6 │ 1.6 │ 1.6 │ 1.6 │ 4000  │ 6400000  │   48200   │  4000   │ 6400000  │ 77750000 │ 1672063920000 │ '2022-12-26T14:12:00.000Z' │  0   │ 100  │  0  │    0     │ Infinity │ 852.6 │ 1726.3 │  0  │ 2.3  │ -4000  │ -6400000  │  -17400   │   -27230000   │      │         │     │
│   16    │ 1.6 │ 1.6 │ 1.6 │ 1.6 │       │          │   48400   │   200   │  320000  │ 78070000 │ 1672065000000 │ '2022-12-26T14:30:00.000Z' │ 100  │  0   │  0  │ Infinity │    0     │ 852.6 │ 1726.3 │  0  │      │  200   │  320000   │  -17200   │   -26910000   │ 200  │ 320000  │ 0.2 │
│   17    │ 1.6 │ 1.6 │ 1.6 │ 1.6 │       │          │   48500   │   100   │  160000  │ 78230000 │ 1672065120000 │ '2022-12-26T14:32:00.000Z' │ 100  │  0   │  0  │ Infinity │    0     │ 852.6 │ 1726.3 │  0  │      │  100   │  160000   │  -17100   │   -26750000   │ 100  │ 160000  │ 0.1 │
│   18    │ 1.6 │ 1.6 │ 1.6 │ 1.6 │       │          │   49000   │   500   │  800000  │ 79030000 │ 1672065240000 │ '2022-12-26T14:34:00.000Z' │ 100  │  0   │  0  │ Infinity │    0     │ 852.6 │ 1726.3 │  0  │      │  500   │  800000   │  -16600   │   -25950000   │ 500  │ 800000  │ 0.6 │
└─────────┴─────┴─────┴─────┴─────┴───────┴──────────┴───────────┴─────────┴──────────┴──────────┴───────────────┴────────────────────────────┴──────┴──────┴─────┴──────────┴──────────┴───────┴────────┴─────┴──────┴────────┴───────────┴───────────┴───────────────┴──────┴─────────┴─────┘

├─────────┼─────┼─────┼─────┼─────┼───────┼──────────┼───────────┼─────────┼──────────┼──────────┼───────────────┼────────────────────────────┼──────┼──────┼─────┼──────────┼──────────┼───────┼────────┼─────┼──────┼────────┼───────────┼───────────┼───────────────┼──────┼─────────┼─────┤
│ (index) │  c  │  h  │  l  │  o  │  sd   │  val_sd  │ total_vol │ sum_vol │   val    │ acum_val │   datetime    │            date            │ pbu  │ psd  │ puk │    bs    │    sb    │  abu  │  asd   │ auk │ rsd  │ bu-sd  │ bu-sd_val │ acum_busd │ acum_busd_val │  bu  │ val_bu  │ rbu │
├─────────┼─────┼─────┼─────┼─────┼───────┼──────────┼───────────┼─────────┼──────────┼──────────┼───────────────┼────────────────────────────┼──────┼──────┼─────┼──────────┼──────────┼───────┼────────┼─────┼──────┼────────┼───────────┼───────────┼───────────────┼──────┼─────────┼─────┤
