┌─────────┬──────┬──────┬──────┬──────┬──────┬───────────┬───────────┬─────────┬───────────┬────────────┬──────┬───────────┬───────────────┬────────────────────────────┬─────┬──────┬─────┬──────────┬──────────┬───────┬───────┬─────┬─────┬─────┬───────┬────────────┬───────────┬───────────────┐
│ (index) │  c   │  h   │  l   │  o   │  sd  │  val_sd   │ total_vol │ sum_vol │    val    │  acum_val  │  bu  │  val_bu   │   datetime    │            date            │ pbu │ psd  │ puk │    bs    │    sb    │  abu  │  asd  │ auk │ rsd │ rbu │ bu-sd │ bu-sd_val  │ acum_busd │ acum_busd_val │
├─────────┼──────┼──────┼──────┼──────┼──────┼───────────┼───────────┼─────────┼───────────┼────────────┼──────┼───────────┼───────────────┼────────────────────────────┼─────┼──────┼─────┼──────────┼──────────┼───────┼───────┼─────┼─────┼─────┼───────┼────────────┼───────────┼───────────────┤
│    0    │ 57.7 │ 57.7 │ 57.2 │ 57.3 │ 400  │ 22900000  │    500    │   500   │ 28670000  │  28670000  │ 100  │  5770000  │ 1672132440000 │ '2022-12-27T09:14:00.000Z' │ 20  │  80  │  0  │   0.3    │    4     │ 778.9 │ 557.9 │  0  │ 0.7 │ 0.1 │ -300  │ -17130000  │   -300    │   -17130000   │
│    1    │ 59.1 │ 59.1 │ 59.1 │ 59.1 │ 500  │ 29550000  │   1000    │   500   │ 29550000  │  58220000  │      │           │ 1672132680000 │ '2022-12-27T09:18:00.000Z' │  0  │ 100  │  0  │    0     │ Infinity │ 778.9 │ 557.9 │  0  │ 0.9 │     │ -500  │ -29550000  │   -800    │   -46680000   │
│    2    │ 58.1 │ 58.1 │ 58.1 │ 58.1 │ 3200 │ 185920000 │   4200    │  3200   │ 185920000 │ 244140000  │      │           │ 1672133160000 │ '2022-12-27T09:26:00.000Z' │  0  │ 100  │  0  │    0     │ Infinity │ 778.9 │ 557.9 │  0  │ 5.7 │     │ -3200 │ -185920000 │   -4000   │  -232600000   │
│    3    │ 61.4 │ 61.4 │ 60.3 │ 60.3 │ 300  │ 18420000  │   5200    │  1000   │ 61180000  │ 305320000  │ 700  │ 42760000  │ 1672133520000 │ '2022-12-27T09:32:00.000Z' │ 70  │  30  │  0  │   2.3    │   0.4    │ 778.9 │ 557.9 │  0  │ 0.5 │ 0.9 │  400  │  24340000  │   -3600   │  -208260000   │
│    4    │  61  │  61  │  61  │  61  │ 400  │ 24400000  │   5600    │   400   │ 24400000  │ 329720000  │      │           │ 1672134000000 │ '2022-12-27T09:40:00.000Z' │  0  │ 100  │  0  │    0     │ Infinity │ 778.9 │ 557.9 │  0  │ 0.7 │     │ -400  │ -24400000  │   -4000   │  -232660000   │
│    5    │ 59.5 │ 59.5 │ 59.5 │ 59.5 │ 700  │ 41650000  │   6300    │   700   │ 41650000  │ 371370000  │      │           │ 1672137840000 │ '2022-12-27T10:44:00.000Z' │  0  │ 100  │  0  │    0     │ Infinity │ 778.9 │ 557.9 │  0  │ 1.3 │     │ -700  │ -41650000  │   -4700   │  -274310000   │
│    6    │ 59.5 │ 59.5 │ 59.5 │ 59.5 │      │           │   6600    │   300   │ 17850000  │ 389220000  │ 300  │ 17850000  │ 1672137960000 │ '2022-12-27T10:46:00.000Z' │ 100 │  0   │  0  │ Infinity │    0     │ 778.9 │ 557.9 │  0  │     │ 0.4 │  300  │  17850000  │   -4400   │  -256460000   │
│    7    │ 59.5 │ 59.5 │ 59.5 │ 59.5 │      │           │   7500    │   900   │ 53550000  │ 442770000  │ 900  │ 53550000  │ 1672138080000 │ '2022-12-27T10:48:00.000Z' │ 100 │  0   │  0  │ Infinity │    0     │ 778.9 │ 557.9 │  0  │     │ 1.2 │  900  │  53550000  │   -3500   │  -202910000   │
│    8    │ 59.9 │ 59.9 │ 59.9 │ 59.9 │      │           │   7700    │   200   │ 11980000  │ 454750000  │ 200  │ 11980000  │ 1672139880000 │ '2022-12-27T11:18:00.000Z' │ 100 │  0   │  0  │ Infinity │    0     │ 778.9 │ 557.9 │  0  │     │ 0.3 │  200  │  11980000  │   -3300   │  -190930000   │
│    9    │ 60.1 │ 60.1 │  60  │  60  │      │           │   7900    │   200   │ 12010000  │ 466760000  │ 200  │ 12010000  │ 1672140000000 │ '2022-12-27T11:20:00.000Z' │ 100 │  0   │  0  │ Infinity │    0     │ 778.9 │ 557.9 │  0  │     │ 0.3 │  200  │  12010000  │   -3100   │  -178920000   │
│   10    │ 60.8 │ 60.8 │ 60.5 │ 60.5 │      │           │   10800   │  2900   │ 176200000 │ 642960000  │ 2900 │ 176200000 │ 1672146840000 │ '2022-12-27T13:14:00.000Z' │ 100 │  0   │  0  │ Infinity │    0     │ 778.9 │ 557.9 │  0  │     │ 3.7 │ 2900  │ 176200000  │   -200    │   -2720000    │
│   11    │ 59.7 │ 60.8 │ 59.7 │ 60.7 │ 3000 │ 179210000 │   14000   │  3200   │ 191360000 │ 834320000  │ 200  │ 12150000  │ 1672147560000 │ '2022-12-27T13:26:00.000Z' │ 6.3 │ 93.8 │  0  │   0.1    │    15    │ 778.9 │ 557.9 │  0  │ 5.4 │ 0.3 │ -2800 │ -167060000 │   -3000   │  -169780000   │
│   12    │ 59.7 │ 59.7 │ 59.7 │ 59.7 │ 1000 │ 59700000  │   15000   │  1000   │ 59700000  │ 894020000  │      │           │ 1672147680000 │ '2022-12-27T13:28:00.000Z' │  0  │ 100  │  0  │    0     │ Infinity │ 778.9 │ 557.9 │  0  │ 1.8 │     │ -1000 │ -59700000  │   -4000   │  -229480000   │
│   13    │ 60.7 │ 60.7 │ 60.7 │ 60.7 │      │           │   15600   │   600   │ 36420000  │ 930440000  │ 600  │ 36420000  │ 1672149120000 │ '2022-12-27T13:52:00.000Z' │ 100 │  0   │  0  │ Infinity │    0     │ 778.9 │ 557.9 │  0  │     │ 0.8 │  600  │  36420000  │   -3400   │  -193060000   │
│   14    │ 60.6 │ 60.6 │ 60.6 │ 60.6 │      │           │   18100   │  2500   │ 151500000 │ 1081940000 │ 2500 │ 151500000 │ 1672149720000 │ '2022-12-27T14:02:00.000Z' │ 100 │  0   │  0  │ Infinity │    0     │ 778.9 │ 557.9 │  0  │     │ 3.2 │ 2500  │ 151500000  │   -900    │   -41560000   │
│   15    │ 59.9 │  60  │ 59.9 │  60  │ 1100 │ 65900000  │   19200   │  1100   │ 65900000  │ 1147840000 │      │           │ 1672150680000 │ '2022-12-27T14:18:00.000Z' │  0  │ 100  │  0  │    0     │ Infinity │ 778.9 │ 557.9 │  0  │  2  │     │ -1100 │ -65900000  │   -2000   │  -107460000   │
│   16    │ 60.6 │ 60.6 │ 60.6 │ 60.6 │      │           │   20500   │  1300   │ 78780000  │ 1226620000 │ 1300 │ 78780000  │ 1672150920000 │ '2022-12-27T14:22:00.000Z' │ 100 │  0   │  0  │ Infinity │    0     │ 778.9 │ 557.9 │  0  │     │ 1.7 │ 1300  │  78780000  │   -700    │   -28680000   │
│   17    │ 60.7 │ 60.7 │ 60.6 │ 60.6 │      │           │   23200   │  2700   │ 163720000 │ 1390340000 │ 2700 │ 163720000 │ 1672151280000 │ '2022-12-27T14:28:00.000Z' │ 100 │  0   │  0  │ Infinity │    0     │ 778.9 │ 557.9 │  0  │     │ 3.5 │ 2700  │ 163720000  │   2000    │   135040000   │
│   18    │ 60.4 │ 60.4 │ 60.4 │ 60.4 │      │           │   25400   │  2200   │ 132880000 │ 1523220000 │ 2200 │ 132880000 │ 1672152240000 │ '2022-12-27T14:44:00.000Z' │ 100 │  0   │  0  │ Infinity │    0     │ 778.9 │ 557.9 │  0  │     │ 2.8 │ 2200  │ 132880000  │   4200    │   267920000   │
└─────────┴──────┴──────┴──────┴──────┴──────┴───────────┴───────────┴─────────┴───────────┴────────────┴──────┴───────────┴───────────────┴────────────────────────────┴─────┴──────┴─────┴──────────┴──────────┴───────┴───────┴─────┴─────┴─────┴───────┴────────────┴───────────┴───────────────┘

├─────────┼──────┼──────┼──────┼──────┼──────┼───────────┼───────────┼─────────┼───────────┼────────────┼──────┼───────────┼───────────────┼────────────────────────────┼─────┼──────┼─────┼──────────┼──────────┼───────┼───────┼─────┼─────┼─────┼───────┼────────────┼───────────┼───────────────┤
│ (index) │  c   │  h   │  l   │  o   │  sd  │  val_sd   │ total_vol │ sum_vol │    val    │  acum_val  │  bu  │  val_bu   │   datetime    │            date            │ pbu │ psd  │ puk │    bs    │    sb    │  abu  │  asd  │ auk │ rsd │ rbu │ bu-sd │ bu-sd_val  │ acum_busd │ acum_busd_val │
├─────────┼──────┼──────┼──────┼──────┼──────┼───────────┼───────────┼─────────┼───────────┼────────────┼──────┼───────────┼───────────────┼────────────────────────────┼─────┼──────┼─────┼──────────┼──────────┼───────┼───────┼─────┼─────┼─────┼───────┼────────────┼───────────┼───────────────┤
