┌─────────┬─────┬─────┬─────┬─────┬───────┬──────────┬───────────┬─────────┬──────────┬──────────┬───────────────┬────────────────────────────┬──────┬──────┬─────┬──────────┬──────────┬───────┬──────┬─────┬─────┬────────┬───────────┬───────────┬───────────────┬──────┬─────────┬─────┐
│ (index) │  c  │  h  │  l  │  o  │  sd   │  val_sd  │ total_vol │ sum_vol │   val    │ acum_val │   datetime    │            date            │ pbu  │ psd  │ puk │    bs    │    sb    │  abu  │ asd  │ auk │ rsd │ bu-sd  │ bu-sd_val │ acum_busd │ acum_busd_val │  bu  │ val_bu  │ rbu │
├─────────┼─────┼─────┼─────┼─────┼───────┼──────────┼───────────┼─────────┼──────────┼──────────┼───────────────┼────────────────────────────┼──────┼──────┼─────┼──────────┼──────────┼───────┼──────┼─────┼─────┼────────┼───────────┼───────────┼───────────────┼──────┼─────────┼─────┤
│    0    │ 1.7 │ 1.7 │ 1.7 │ 1.7 │ 5500  │ 9350000  │   5500    │  5500   │ 9350000  │ 9350000  │ 1672131960000 │ '2022-12-27T09:06:00.000Z' │  0   │ 100  │  0  │    0     │ Infinity │ 518.8 │ 2600 │  0  │ 2.1 │ -5500  │ -9350000  │   -5500   │   -9350000    │      │         │     │
│    1    │ 1.7 │ 1.7 │ 1.7 │ 1.7 │  100  │  170000  │   5600    │   100   │  170000  │ 9520000  │ 1672132920000 │ '2022-12-27T09:22:00.000Z' │  0   │ 100  │  0  │    0     │ Infinity │ 518.8 │ 2600 │  0  │  0  │  -100  │  -170000  │   -5600   │   -9520000    │      │         │     │
│    2    │ 1.8 │ 1.8 │ 1.8 │ 1.8 │       │          │   8100    │  2500   │ 4500000  │ 14020000 │ 1672133160000 │ '2022-12-27T09:26:00.000Z' │ 100  │  0   │  0  │ Infinity │    0     │ 518.8 │ 2600 │  0  │     │  2500  │  4500000  │   -3100   │   -5020000    │ 2500 │ 4500000 │ 4.8 │
│    3    │ 1.8 │ 1.8 │ 1.8 │ 1.8 │       │          │   8500    │   400   │  720000  │ 14740000 │ 1672133760000 │ '2022-12-27T09:36:00.000Z' │ 100  │  0   │  0  │ Infinity │    0     │ 518.8 │ 2600 │  0  │     │  400   │  720000   │   -2700   │   -4300000    │ 400  │ 720000  │ 0.8 │
│    4    │ 1.8 │ 1.8 │ 1.8 │ 1.8 │       │          │   8700    │   200   │  360000  │ 15100000 │ 1672133880000 │ '2022-12-27T09:38:00.000Z' │ 100  │  0   │  0  │ Infinity │    0     │ 518.8 │ 2600 │  0  │     │  200   │  360000   │   -2500   │   -3940000    │ 200  │ 360000  │ 0.4 │
│    5    │ 1.8 │ 1.8 │ 1.8 │ 1.8 │ 4600  │ 8280000  │   13300   │  4600   │ 8280000  │ 23380000 │ 1672134960000 │ '2022-12-27T09:56:00.000Z' │  0   │ 100  │  0  │    0     │ Infinity │ 518.8 │ 2600 │  0  │ 1.8 │ -4600  │ -8280000  │   -7100   │   -12220000   │      │         │     │
│    6    │ 1.8 │ 1.8 │ 1.8 │ 1.8 │ 25400 │ 45720000 │   38700   │  25400  │ 45720000 │ 69100000 │ 1672135320000 │ '2022-12-27T10:02:00.000Z' │  0   │ 100  │  0  │    0     │ Infinity │ 518.8 │ 2600 │  0  │ 9.8 │ -25400 │ -45720000 │  -32500   │   -57940000   │      │         │     │
│    7    │ 1.8 │ 1.8 │ 1.8 │ 1.8 │       │          │   38800   │   100   │  180000  │ 69280000 │ 1672137120000 │ '2022-12-27T10:32:00.000Z' │ 100  │  0   │  0  │ Infinity │    0     │ 518.8 │ 2600 │  0  │     │  100   │  180000   │  -32400   │   -57760000   │ 100  │ 180000  │ 0.2 │
│    8    │ 1.8 │ 1.8 │ 1.8 │ 1.8 │ 2700  │ 4860000  │   41500   │  2700   │ 4860000  │ 74140000 │ 1672138200000 │ '2022-12-27T10:50:00.000Z' │  0   │ 100  │  0  │    0     │ Infinity │ 518.8 │ 2600 │  0  │  1  │ -2700  │ -4860000  │  -35100   │   -62620000   │      │         │     │
│    9    │ 1.8 │ 1.8 │ 1.8 │ 1.8 │ 2500  │ 4500000  │   44000   │  2500   │ 4500000  │ 78640000 │ 1672146000000 │ '2022-12-27T13:00:00.000Z' │  0   │ 100  │  0  │    0     │ Infinity │ 518.8 │ 2600 │  0  │  1  │ -2500  │ -4500000  │  -37600   │   -67120000   │      │         │     │
│   10    │ 1.8 │ 1.8 │ 1.8 │ 1.8 │       │          │   44400   │   400   │  720000  │ 79360000 │ 1672146840000 │ '2022-12-27T13:14:00.000Z' │ 100  │  0   │  0  │ Infinity │    0     │ 518.8 │ 2600 │  0  │     │  400   │  720000   │  -37200   │   -66400000   │ 400  │ 720000  │ 0.8 │
│   11    │ 1.8 │ 1.8 │ 1.8 │ 1.8 │  200  │  360000  │   44600   │   200   │  360000  │ 79720000 │ 1672147440000 │ '2022-12-27T13:24:00.000Z' │  0   │ 100  │  0  │    0     │ Infinity │ 518.8 │ 2600 │  0  │ 0.1 │  -200  │  -360000  │  -37400   │   -66760000   │      │         │     │
│   12    │ 1.9 │ 1.9 │ 1.9 │ 1.9 │       │          │   46800   │  2200   │ 4180000  │ 83900000 │ 1672147560000 │ '2022-12-27T13:26:00.000Z' │ 100  │  0   │  0  │ Infinity │    0     │ 518.8 │ 2600 │  0  │     │  2200  │  4180000  │  -35200   │   -62580000   │ 2200 │ 4180000 │ 4.2 │
│   13    │ 1.8 │ 1.8 │ 1.8 │ 1.8 │       │          │   47800   │  1000   │ 1800000  │ 85700000 │ 1672148040000 │ '2022-12-27T13:34:00.000Z' │ 100  │  0   │  0  │ Infinity │    0     │ 518.8 │ 2600 │  0  │     │  1000  │  1800000  │  -34200   │   -60780000   │ 1000 │ 1800000 │ 1.9 │
│   14    │ 1.8 │ 1.9 │ 1.8 │ 1.9 │  600  │ 1080000  │   49400   │  1600   │ 2980000  │ 88680000 │ 1672148760000 │ '2022-12-27T13:46:00.000Z' │ 62.5 │ 37.5 │  0  │   1.7    │   0.6    │ 518.8 │ 2600 │  0  │ 0.2 │  400   │  820000   │  -33800   │   -59960000   │ 1000 │ 1900000 │ 1.9 │
│   15    │ 1.9 │ 1.9 │ 1.9 │ 1.9 │       │          │   49900   │   500   │  950000  │ 89630000 │ 1672152240000 │ '2022-12-27T14:44:00.000Z' │ 100  │  0   │  0  │ Infinity │    0     │ 518.8 │ 2600 │  0  │     │  500   │  950000   │  -33300   │   -59010000   │ 500  │ 950000  │  1  │
└─────────┴─────┴─────┴─────┴─────┴───────┴──────────┴───────────┴─────────┴──────────┴──────────┴───────────────┴────────────────────────────┴──────┴──────┴─────┴──────────┴──────────┴───────┴──────┴─────┴─────┴────────┴───────────┴───────────┴───────────────┴──────┴─────────┴─────┘

