┌─────────┬─────┬─────┬─────┬─────┬──────┬──────────┬───────────┬─────────┬──────────┬──────────┬───────────────┬────────────────────────────┬──────┬──────┬─────┬──────────┬──────────┬───────┬───────┬─────┬─────┬───────┬───────────┬───────────┬───────────────┬──────┬─────────┬─────┐
│ (index) │  c  │  h  │  l  │  o  │  bu  │  val_bu  │ total_vol │ sum_vol │   val    │ acum_val │   datetime    │            date            │ pbu  │ psd  │ puk │    bs    │    sb    │  abu  │  asd  │ auk │ rbu │ bu-sd │ bu-sd_val │ acum_busd │ acum_busd_val │  sd  │ val_sd  │ rsd │
├─────────┼─────┼─────┼─────┼─────┼──────┼──────────┼───────────┼─────────┼──────────┼──────────┼───────────────┼────────────────────────────┼──────┼──────┼─────┼──────────┼──────────┼───────┼───────┼─────┼─────┼───────┼───────────┼───────────┼───────────────┼──────┼─────────┼─────┤
│    0    │  3  │  3  │  3  │  3  │ 500  │   1500   │    500    │   500   │   1500   │   1500   │ 1672134000000 │ '2022-12-27T09:40:00.000Z' │ 100  │  0   │  0  │ Infinity │    0     │ 847.1 │ 317.6 │  0  │ 0.6 │  500  │   1500    │    500    │     1500      │      │         │     │
│    1    │ 3.1 │ 3.1 │  3  │  3  │ 300  │   900    │   1400    │   900   │ 1860900  │ 1862400  │ 1672134120000 │ '2022-12-27T09:42:00.000Z' │ 33.3 │ 66.7 │  0  │   0.5    │    2     │ 847.1 │ 317.6 │  0  │ 0.4 │ -300  │ -1859100  │    200    │   -1857600    │ 600  │ 1860000 │ 1.9 │
│    2    │ 3.1 │ 3.1 │ 3.1 │ 3.1 │      │          │   2600    │  1200   │ 3720000  │ 5582400  │ 1672134240000 │ '2022-12-27T09:44:00.000Z' │  0   │ 100  │  0  │    0     │ Infinity │ 847.1 │ 317.6 │  0  │     │ -1200 │ -3720000  │   -1000   │   -5577600    │ 1200 │ 3720000 │ 3.8 │
│    3    │ 3.2 │ 3.2 │ 3.2 │ 3.2 │ 500  │ 1600000  │   3100    │   500   │ 1600000  │ 7182400  │ 1672134360000 │ '2022-12-27T09:46:00.000Z' │ 100  │  0   │  0  │ Infinity │    0     │ 847.1 │ 317.6 │  0  │ 0.6 │  500  │  1600000  │   -500    │   -3977600    │      │         │     │
│    4    │ 3.2 │ 3.2 │ 3.2 │ 3.2 │ 200  │  640000  │   3300    │   200   │  640000  │ 7822400  │ 1672134720000 │ '2022-12-27T09:52:00.000Z' │ 100  │  0   │  0  │ Infinity │    0     │ 847.1 │ 317.6 │  0  │ 0.2 │  200  │  640000   │   -300    │   -3337600    │      │         │     │
│    5    │  3  │ 3.1 │  3  │ 3.1 │      │          │   4500    │  1200   │  623000  │ 8445400  │ 1672135200000 │ '2022-12-27T10:00:00.000Z' │  0   │ 100  │  0  │    0     │ Infinity │ 847.1 │ 317.6 │  0  │     │ -1200 │  -623000  │   -1500   │   -3960600    │ 1200 │ 623000  │ 3.8 │
│    6    │ 3.2 │ 3.2 │ 3.2 │ 3.2 │ 100  │  320000  │   4600    │   100   │  320000  │ 8765400  │ 1672136280000 │ '2022-12-27T10:18:00.000Z' │ 100  │  0   │  0  │ Infinity │    0     │ 847.1 │ 317.6 │  0  │ 0.1 │  100  │  320000   │   -1400   │   -3640600    │      │         │     │
│    7    │ 3.1 │ 3.1 │ 3.1 │ 3.1 │ 100  │  310000  │   4700    │   100   │  310000  │ 9075400  │ 1672137600000 │ '2022-12-27T10:40:00.000Z' │ 100  │  0   │  0  │ Infinity │    0     │ 847.1 │ 317.6 │  0  │ 0.1 │  100  │  310000   │   -1300   │   -3330600    │      │         │     │
│    8    │  3  │  3  │  3  │  3  │ 2600 │   7800   │   7300    │  2600   │   7800   │ 9083200  │ 1672137960000 │ '2022-12-27T10:46:00.000Z' │ 100  │  0   │  0  │ Infinity │    0     │ 847.1 │ 317.6 │  0  │ 3.1 │ 2600  │   7800    │   1300    │   -3322800    │      │         │     │
│    9    │ 2.9 │ 2.9 │ 2.9 │ 2.9 │      │          │   9600    │  2300   │ 6670000  │ 15753200 │ 1672138200000 │ '2022-12-27T10:50:00.000Z' │  0   │ 100  │  0  │    0     │ Infinity │ 847.1 │ 317.6 │  0  │     │ -2300 │ -6670000  │   -1000   │   -9992800    │ 2300 │ 6670000 │ 7.2 │
│   10    │ 3.2 │ 3.2 │ 3.2 │ 3.2 │ 500  │ 1600000  │   10100   │   500   │ 1600000  │ 17353200 │ 1672138320000 │ '2022-12-27T10:52:00.000Z' │ 100  │  0   │  0  │ Infinity │    0     │ 847.1 │ 317.6 │  0  │ 0.6 │  500  │  1600000  │   -500    │   -8392800    │      │         │     │
│   11    │ 3.1 │ 3.1 │ 3.1 │ 3.1 │ 200  │  620000  │   10300   │   200   │  620000  │ 17973200 │ 1672140480000 │ '2022-12-27T11:28:00.000Z' │ 100  │  0   │  0  │ Infinity │    0     │ 847.1 │ 317.6 │  0  │ 0.2 │  200  │  620000   │   -300    │   -7772800    │      │         │     │
│   12    │ 3.1 │ 3.1 │ 3.1 │ 3.1 │      │          │   10400   │   100   │  310000  │ 18283200 │ 1672148160000 │ '2022-12-27T13:36:00.000Z' │  0   │ 100  │  0  │    0     │ Infinity │ 847.1 │ 317.6 │  0  │     │ -100  │  -310000  │   -400    │   -8082800    │ 100  │ 310000  │ 0.3 │
│   13    │ 3.2 │ 3.2 │ 3.2 │ 3.2 │ 7000 │ 22400000 │   17400   │  7000   │ 22400000 │ 40683200 │ 1672151040000 │ '2022-12-27T14:24:00.000Z' │ 100  │  0   │  0  │ Infinity │    0     │ 847.1 │ 317.6 │  0  │ 8.3 │ 7000  │ 22400000  │   6600    │   14317200    │      │         │     │
│   14    │ 3.2 │ 3.2 │ 3.2 │ 3.2 │ 300  │  960000  │   17700   │   300   │  960000  │ 41643200 │ 1672151400000 │ '2022-12-27T14:30:00.000Z' │ 100  │  0   │  0  │ Infinity │    0     │ 847.1 │ 317.6 │  0  │ 0.4 │  300  │  960000   │   6900    │   15277200    │      │         │     │
│   15    │ 3.2 │ 3.2 │ 3.2 │ 3.2 │ 100  │  320000  │   17800   │   100   │  320000  │ 41963200 │ 1672152000000 │ '2022-12-27T14:40:00.000Z' │ 100  │  0   │  0  │ Infinity │    0     │ 847.1 │ 317.6 │  0  │ 0.1 │  100  │  320000   │   7000    │   15597200    │      │         │     │
│   16    │ 3.2 │ 3.2 │ 3.2 │ 3.2 │ 2000 │ 6400000  │   19800   │  2000   │ 6400000  │ 48363200 │ 1672152840000 │ '2022-12-27T14:54:00.000Z' │ 100  │  0   │  0  │ Infinity │    0     │ 847.1 │ 317.6 │  0  │ 2.4 │ 2000  │  6400000  │   9000    │   21997200    │      │         │     │
└─────────┴─────┴─────┴─────┴─────┴──────┴──────────┴───────────┴─────────┴──────────┴──────────┴───────────────┴────────────────────────────┴──────┴──────┴─────┴──────────┴──────────┴───────┴───────┴─────┴─────┴───────┴───────────┴───────────┴───────────────┴──────┴─────────┴─────┘

