┌─────────┬──────┬──────┬──────┬──────┬──────┬──────────┬───────────┬─────────┬──────────┬───────────┬───────────────┬────────────────────────────┬─────┬──────┬─────┬──────────┬──────────┬─────┬─────┬─────┬─────┬───────┬───────────┬───────────┬───────────────┬──────┬──────────┬─────┐
│ (index) │  c   │  h   │  l   │  o   │  sd  │  val_sd  │ total_vol │ sum_vol │   val    │ acum_val  │   datetime    │            date            │ pbu │ psd  │ puk │    bs    │    sb    │ abu │ asd │ auk │ rsd │ bu-sd │ bu-sd_val │ acum_busd │ acum_busd_val │  bu  │  val_bu  │ rbu │
├─────────┼──────┼──────┼──────┼──────┼──────┼──────────┼───────────┼─────────┼──────────┼───────────┼───────────────┼────────────────────────────┼─────┼──────┼─────┼──────────┼──────────┼─────┼─────┼─────┼─────┼───────┼───────────┼───────────┼───────────────┼──────┼──────────┼─────┤
│    0    │ 3.71 │ 3.71 │ 3.71 │ 3.71 │ 700  │ 2597000  │    700    │   700   │ 2597000  │  2597000  │ 1672132500000 │ '2022-12-27T09:15:00.000Z' │  0  │ 100  │  0  │    0     │ Infinity │ 969 │ 969 │  0  │ 0.7 │ -700  │ -2597000  │   -700    │   -2597000    │      │          │     │
│    1    │ 3.83 │ 3.83 │ 3.83 │ 3.83 │ 1000 │ 3830000  │   1700    │  1000   │ 3830000  │  6427000  │ 1672132800000 │ '2022-12-27T09:20:00.000Z' │  0  │ 100  │  0  │    0     │ Infinity │ 969 │ 969 │  0  │  1  │ -1000 │ -3830000  │   -1700   │   -6427000    │      │          │     │
│    2    │ 3.83 │ 3.83 │ 3.83 │ 3.83 │ 500  │ 1915000  │   2200    │   500   │ 1915000  │  8342000  │ 1672133400000 │ '2022-12-27T09:30:00.000Z' │  0  │ 100  │  0  │    0     │ Infinity │ 969 │ 969 │  0  │ 0.5 │ -500  │ -1915000  │   -2200   │   -8342000    │      │          │     │
│    3    │ 3.86 │ 3.86 │ 3.86 │ 3.86 │ 100  │  386000  │   2300    │   100   │  386000  │  8728000  │ 1672134600000 │ '2022-12-27T09:50:00.000Z' │  0  │ 100  │  0  │    0     │ Infinity │ 969 │ 969 │  0  │ 0.1 │ -100  │  -386000  │   -2300   │   -8728000    │      │          │     │
│    4    │ 3.87 │ 3.87 │ 3.87 │ 3.87 │      │          │   4700    │  2400   │ 9288000  │ 18016000  │ 1672134900000 │ '2022-12-27T09:55:00.000Z' │ 100 │  0   │  0  │ Infinity │    0     │ 969 │ 969 │  0  │     │ 2400  │  9288000  │    100    │    560000     │ 2400 │ 9288000  │ 2.5 │
│    5    │ 3.87 │ 3.87 │ 3.87 │ 3.87 │      │          │   5500    │   800   │ 3096000  │ 21112000  │ 1672135200000 │ '2022-12-27T10:00:00.000Z' │ 100 │  0   │  0  │ Infinity │    0     │ 969 │ 969 │  0  │     │  800  │  3096000  │    900    │    3656000    │ 800  │ 3096000  │ 0.8 │
│    6    │ 3.87 │ 3.87 │ 3.87 │ 3.87 │ 100  │  387000  │   7500    │  2000   │ 7740000  │ 28852000  │ 1672135500000 │ '2022-12-27T10:05:00.000Z' │ 95  │  5   │  0  │    19    │   0.1    │ 969 │ 969 │  0  │ 0.1 │ 1800  │  6966000  │   2700    │   10622000    │ 1900 │ 7353000  │  2  │
│    7    │ 3.88 │ 3.88 │ 3.88 │ 3.88 │      │          │   8200    │   700   │ 2716000  │ 31568000  │ 1672135800000 │ '2022-12-27T10:10:00.000Z' │ 100 │  0   │  0  │ Infinity │    0     │ 969 │ 969 │  0  │     │  700  │  2716000  │   3400    │   13338000    │ 700  │ 2716000  │ 0.7 │
│    8    │ 3.87 │ 3.88 │ 3.87 │ 3.88 │ 4600 │ 17802000 │   13000   │  4800   │ 18578000 │ 50146000  │ 1672136100000 │ '2022-12-27T10:15:00.000Z' │ 4.2 │ 95.8 │  0  │    0     │    23    │ 969 │ 969 │  0  │ 4.7 │ -4400 │ -17026000 │   -1000   │   -3688000    │ 200  │  776000  │ 0.2 │
│    9    │ 3.88 │ 3.88 │ 3.87 │ 3.87 │ 1000 │ 3870000  │   14100   │  1100   │ 4258000  │ 54404000  │ 1672136400000 │ '2022-12-27T10:20:00.000Z' │ 9.1 │ 90.9 │  0  │   0.1    │    10    │ 969 │ 969 │  0  │  1  │ -900  │ -3482000  │   -1900   │   -7170000    │ 100  │  388000  │ 0.1 │
│   10    │ 3.9  │ 3.9  │ 3.88 │ 3.88 │      │          │   19900   │  5800   │ 22604000 │ 77008000  │ 1672136700000 │ '2022-12-27T10:25:00.000Z' │ 100 │  0   │  0  │ Infinity │    0     │ 969 │ 969 │  0  │     │ 5800  │ 22604000  │   3900    │   15434000    │ 5800 │ 22604000 │  6  │
│   11    │ 3.98 │ 3.98 │ 3.98 │ 3.98 │      │          │   21900   │  2000   │ 7960000  │ 84968000  │ 1672137600000 │ '2022-12-27T10:40:00.000Z' │ 100 │  0   │  0  │ Infinity │    0     │ 969 │ 969 │  0  │     │ 2000  │  7960000  │   5900    │   23394000    │ 2000 │ 7960000  │ 2.1 │
│   12    │ 3.98 │ 3.98 │ 3.98 │ 3.98 │      │          │   22000   │   100   │  398000  │ 85366000  │ 1672137900000 │ '2022-12-27T10:45:00.000Z' │ 100 │  0   │  0  │ Infinity │    0     │ 969 │ 969 │  0  │     │  100  │  398000   │   6000    │   23792000    │ 100  │  398000  │ 0.1 │
│   13    │ 3.98 │ 3.98 │ 3.98 │ 3.98 │      │          │   23000   │  1000   │ 3980000  │ 89346000  │ 1672138200000 │ '2022-12-27T10:50:00.000Z' │ 100 │  0   │  0  │ Infinity │    0     │ 969 │ 969 │  0  │     │ 1000  │  3980000  │   7000    │   27772000    │ 1000 │ 3980000  │  1  │
│   14    │ 3.87 │ 3.89 │ 3.87 │ 3.89 │ 5000 │ 19371000 │   28000   │  5000   │ 19371000 │ 108717000 │ 1672139100000 │ '2022-12-27T11:05:00.000Z' │  0  │ 100  │  0  │    0     │ Infinity │ 969 │ 969 │  0  │ 5.2 │ -5000 │ -19371000 │   2000    │    8401000    │      │          │     │
│   15    │ 3.87 │ 3.87 │ 3.87 │ 3.87 │ 1200 │ 4644000  │   29200   │  1200   │ 4644000  │ 113361000 │ 1672139400000 │ '2022-12-27T11:10:00.000Z' │  0  │ 100  │  0  │    0     │ Infinity │ 969 │ 969 │  0  │ 1.2 │ -1200 │ -4644000  │    800    │    3757000    │      │          │     │
│   16    │ 3.89 │ 3.89 │ 3.89 │ 3.89 │      │          │   32200   │  3000   │ 11670000 │ 125031000 │ 1672140300000 │ '2022-12-27T11:25:00.000Z' │ 100 │  0   │  0  │ Infinity │    0     │ 969 │ 969 │  0  │     │ 3000  │ 11670000  │   3800    │   15427000    │ 3000 │ 11670000 │ 3.1 │
│   17    │ 3.97 │ 3.97 │ 3.97 │ 3.97 │ 7000 │ 27790000 │   42200   │  10000  │ 39700000 │ 164731000 │ 1672146600000 │ '2022-12-27T13:10:00.000Z' │ 30  │  70  │  0  │   0.4    │   2.3    │ 969 │ 969 │  0  │ 7.2 │ -4000 │ -15880000 │   -200    │    -453000    │ 3000 │ 11910000 │ 3.1 │
│   18    │ 3.89 │ 3.9  │ 3.89 │ 3.9  │ 4100 │ 15980000 │   46300   │  4100   │ 15980000 │ 180711000 │ 1672146900000 │ '2022-12-27T13:15:00.000Z' │  0  │ 100  │  0  │    0     │ Infinity │ 969 │ 969 │  0  │ 4.2 │ -4100 │ -15980000 │   -4300   │   -16433000   │      │          │     │
│   19    │ 3.89 │ 3.89 │ 3.89 │ 3.89 │ 800  │ 3112000  │   47100   │   800   │ 3112000  │ 183823000 │ 1672147500000 │ '2022-12-27T13:25:00.000Z' │  0  │ 100  │  0  │    0     │ Infinity │ 969 │ 969 │  0  │ 0.8 │ -800  │ -3112000  │   -5100   │   -19545000   │      │          │     │
│   20    │ 3.89 │ 3.97 │ 3.89 │ 3.89 │ 300  │ 1167000  │   47500   │   400   │ 1564000  │ 185387000 │ 1672147800000 │ '2022-12-27T13:30:00.000Z' │ 25  │  75  │  0  │   0.3    │    3     │ 969 │ 969 │  0  │ 0.3 │ -200  │  -770000  │   -5300   │   -20315000   │ 100  │  397000  │ 0.1 │
├─────────┼──────┼──────┼──────┼──────┼──────┼──────────┼───────────┼─────────┼──────────┼───────────┼───────────────┼────────────────────────────┼─────┼──────┼─────┼──────────┼──────────┼─────┼─────┼─────┼─────┼───────┼───────────┼───────────┼───────────────┼──────┼──────────┼─────┤
│ (index) │  c   │  h   │  l   │  o   │  sd  │  val_sd  │ total_vol │ sum_vol │   val    │ acum_val  │   datetime    │            date            │ pbu │ psd  │ puk │    bs    │    sb    │ abu │ asd │ auk │ rsd │ bu-sd │ bu-sd_val │ acum_busd │ acum_busd_val │  bu  │  val_bu  │ rbu │
├─────────┼──────┼──────┼──────┼──────┼──────┼──────────┼───────────┼─────────┼──────────┼───────────┼───────────────┼────────────────────────────┼─────┼──────┼─────┼──────────┼──────────┼─────┼─────┼─────┼─────┼───────┼───────────┼───────────┼───────────────┼──────┼──────────┼─────┤
│   21    │ 3.89 │ 3.9  │ 3.89 │ 3.89 │ 400  │ 1558000  │   47900   │   400   │ 1558000  │ 186945000 │ 1672148100000 │ '2022-12-27T13:35:00.000Z' │  0  │ 100  │  0  │    0     │ Infinity │ 969 │ 969 │  0  │ 0.4 │ -400  │ -1558000  │   -5700   │   -21873000   │      │          │     │
│   22    │ 3.89 │ 3.89 │ 3.89 │ 3.89 │ 500  │ 1945000  │   48400   │   500   │ 1945000  │ 188890000 │ 1672148400000 │ '2022-12-27T13:40:00.000Z' │  0  │ 100  │  0  │    0     │ Infinity │ 969 │ 969 │  0  │ 0.5 │ -500  │ -1945000  │   -6200   │   -23818000   │      │          │     │
│   23    │ 3.89 │ 3.89 │ 3.89 │ 3.89 │ 400  │ 1556000  │   48800   │   400   │ 1556000  │ 190446000 │ 1672148700000 │ '2022-12-27T13:45:00.000Z' │  0  │ 100  │  0  │    0     │ Infinity │ 969 │ 969 │  0  │ 0.4 │ -400  │ -1556000  │   -6600   │   -25374000   │      │          │     │
│   24    │ 3.89 │ 3.89 │ 3.89 │ 3.89 │ 400  │ 1556000  │   49200   │   400   │ 1556000  │ 192002000 │ 1672149000000 │ '2022-12-27T13:50:00.000Z' │  0  │ 100  │  0  │    0     │ Infinity │ 969 │ 969 │  0  │ 0.4 │ -400  │ -1556000  │   -7000   │   -26930000   │      │          │     │
│   25    │ 3.96 │ 3.96 │ 3.96 │ 3.96 │      │          │   50300   │  1100   │ 4356000  │ 196358000 │ 1672149300000 │ '2022-12-27T13:55:00.000Z' │ 100 │  0   │  0  │ Infinity │    0     │ 969 │ 969 │  0  │     │ 1100  │  4356000  │   -5900   │   -22574000   │ 1100 │ 4356000  │ 1.1 │
│   26    │ 3.96 │ 3.96 │ 3.96 │ 3.96 │      │          │   50400   │   100   │  396000  │ 196754000 │ 1672150200000 │ '2022-12-27T14:10:00.000Z' │ 100 │  0   │  0  │ Infinity │    0     │ 969 │ 969 │  0  │     │  100  │  396000   │   -5800   │   -22178000   │ 100  │  396000  │ 0.1 │
│   27    │ 3.96 │ 3.96 │ 3.96 │ 3.96 │      │          │   54700   │  4300   │ 17028000 │ 213782000 │ 1672151100000 │ '2022-12-27T14:25:00.000Z' │ 100 │  0   │  0  │ Infinity │    0     │ 969 │ 969 │  0  │     │ 4300  │ 17028000  │   -1500   │   -5150000    │ 4300 │ 17028000 │ 4.4 │
│   28    │  4   │  4   │  4   │  4   │      │          │   56200   │  1500   │ 6000000  │ 219782000 │ 1672152300000 │ '2022-12-27T14:45:00.000Z' │ 100 │  0   │  0  │ Infinity │    0     │ 969 │ 969 │  0  │     │ 1500  │  6000000  │     0     │    850000     │ 1500 │ 6000000  │ 1.5 │
└─────────┴──────┴──────┴──────┴──────┴──────┴──────────┴───────────┴─────────┴──────────┴───────────┴───────────────┴────────────────────────────┴─────┴──────┴─────┴──────────┴──────────┴─────┴─────┴─────┴─────┴───────┴───────────┴───────────┴───────────────┴──────┴──────────┴─────┘

