┌─────────┬─────┬─────┬─────┬─────┬──────┬─────────┬───────────┬─────────┬─────────┬──────────┬───────────────┬────────────────────────────┬─────┬─────┬─────┬──────────┬──────────┬───────┬───────┬─────┬─────┬───────┬───────────┬───────────┬───────────────┬──────┬─────────┬─────┐
│ (index) │  c  │  h  │  l  │  o  │  bu  │ val_bu  │ total_vol │ sum_vol │   val   │ acum_val │   datetime    │            date            │ pbu │ psd │ puk │    bs    │    sb    │  abu  │  asd  │ auk │ rbu │ bu-sd │ bu-sd_val │ acum_busd │ acum_busd_val │  sd  │ val_sd  │ rsd │
├─────────┼─────┼─────┼─────┼─────┼──────┼─────────┼───────────┼─────────┼─────────┼──────────┼───────────────┼────────────────────────────┼─────┼─────┼─────┼──────────┼──────────┼───────┼───────┼─────┼─────┼───────┼───────────┼───────────┼───────────────┼──────┼─────────┼─────┤
│    0    │ 2.4 │ 2.4 │ 2.4 │ 2.4 │ 100  │ 240000  │    100    │   100   │ 240000  │  240000  │ 1672132080000 │ '2022-12-27T09:08:00.000Z' │ 100 │  0  │  0  │ Infinity │    0     │ 593.8 │ 243.8 │  0  │ 0.2 │  100  │  240000   │    100    │    240000     │      │         │     │
│    1    │ 2.4 │ 2.4 │ 2.4 │ 2.4 │ 100  │ 240000  │    200    │   100   │ 240000  │  480000  │ 1672132200000 │ '2022-12-27T09:10:00.000Z' │ 100 │  0  │  0  │ Infinity │    0     │ 593.8 │ 243.8 │  0  │ 0.2 │  100  │  240000   │    200    │    480000     │      │         │     │
│    2    │ 2.4 │ 2.4 │ 2.4 │ 2.4 │ 1800 │ 4320000 │   2000    │  1800   │ 4320000 │ 4800000  │ 1672132320000 │ '2022-12-27T09:12:00.000Z' │ 100 │  0  │  0  │ Infinity │    0     │ 593.8 │ 243.8 │  0  │  3  │ 1800  │  4320000  │   2000    │    4800000    │      │         │     │
│    3    │ 2.5 │ 2.5 │ 2.4 │ 2.4 │ 100  │ 250000  │   2400    │   400   │ 970000  │ 5770000  │ 1672132680000 │ '2022-12-27T09:18:00.000Z' │ 25  │ 75  │  0  │   0.3    │    3     │ 593.8 │ 243.8 │  0  │ 0.2 │ -200  │  -470000  │   1800    │    4330000    │ 300  │ 720000  │ 1.2 │
│    4    │ 2.4 │ 2.4 │ 2.4 │ 2.4 │      │         │   4400    │  2000   │ 4800000 │ 10570000 │ 1672133520000 │ '2022-12-27T09:32:00.000Z' │  0  │ 100 │  0  │    0     │ Infinity │ 593.8 │ 243.8 │  0  │     │ -2000 │ -4800000  │   -200    │    -470000    │ 2000 │ 4800000 │ 8.2 │
│    5    │ 2.5 │ 2.5 │ 2.5 │ 2.5 │      │         │   6000    │  1600   │ 4000000 │ 14570000 │ 1672133640000 │ '2022-12-27T09:34:00.000Z' │  0  │ 100 │  0  │    0     │ Infinity │ 593.8 │ 243.8 │  0  │     │ -1600 │ -4000000  │   -1800   │   -4470000    │ 1600 │ 4000000 │ 6.6 │
│    6    │ 2.5 │ 2.5 │ 2.5 │ 2.5 │ 100  │ 250000  │   6100    │   100   │ 250000  │ 14820000 │ 1672137000000 │ '2022-12-27T10:30:00.000Z' │ 100 │  0  │  0  │ Infinity │    0     │ 593.8 │ 243.8 │  0  │ 0.2 │  100  │  250000   │   -1700   │   -4220000    │      │         │     │
│    7    │ 2.5 │ 2.5 │ 2.5 │ 2.5 │ 100  │ 250000  │   6200    │   100   │ 250000  │ 15070000 │ 1672137600000 │ '2022-12-27T10:40:00.000Z' │ 100 │  0  │  0  │ Infinity │    0     │ 593.8 │ 243.8 │  0  │ 0.2 │  100  │  250000   │   -1600   │   -3970000    │      │         │     │
│    8    │ 2.5 │ 2.5 │ 2.5 │ 2.5 │ 1000 │ 2500000 │   7200    │  1000   │ 2500000 │ 17570000 │ 1672139520000 │ '2022-12-27T11:12:00.000Z' │ 100 │  0  │  0  │ Infinity │    0     │ 593.8 │ 243.8 │  0  │ 1.7 │ 1000  │  2500000  │   -600    │   -1470000    │      │         │     │
│    9    │ 2.5 │ 2.5 │ 2.5 │ 2.5 │ 100  │ 250000  │   7300    │   100   │ 250000  │ 17820000 │ 1672139880000 │ '2022-12-27T11:18:00.000Z' │ 100 │  0  │  0  │ Infinity │    0     │ 593.8 │ 243.8 │  0  │ 0.2 │  100  │  250000   │   -500    │   -1220000    │      │         │     │
│   10    │ 2.5 │ 2.5 │ 2.5 │ 2.5 │ 500  │ 1250000 │   7800    │   500   │ 1250000 │ 19070000 │ 1672140360000 │ '2022-12-27T11:26:00.000Z' │ 100 │  0  │  0  │ Infinity │    0     │ 593.8 │ 243.8 │  0  │ 0.8 │  500  │  1250000  │     0     │     30000     │      │         │     │
│   11    │ 2.5 │ 2.5 │ 2.5 │ 2.5 │ 1300 │ 3250000 │   9100    │  1300   │ 3250000 │ 22320000 │ 1672149960000 │ '2022-12-27T14:06:00.000Z' │ 100 │  0  │  0  │ Infinity │    0     │ 593.8 │ 243.8 │  0  │ 2.2 │ 1300  │  3250000  │   1300    │    3280000    │      │         │     │
│   12    │ 2.5 │ 2.5 │ 2.5 │ 2.5 │ 2200 │ 5500000 │   11300   │  2200   │ 5500000 │ 27820000 │ 1672151280000 │ '2022-12-27T14:28:00.000Z' │ 100 │  0  │  0  │ Infinity │    0     │ 593.8 │ 243.8 │  0  │ 3.7 │ 2200  │  5500000  │   3500    │    8780000    │      │         │     │
│   13    │ 2.5 │ 2.5 │ 2.5 │ 2.5 │ 1500 │ 3750000 │   12800   │  1500   │ 3750000 │ 31570000 │ 1672151520000 │ '2022-12-27T14:32:00.000Z' │ 100 │  0  │  0  │ Infinity │    0     │ 593.8 │ 243.8 │  0  │ 2.5 │ 1500  │  3750000  │   5000    │   12530000    │      │         │     │
│   14    │ 2.5 │ 2.5 │ 2.5 │ 2.5 │ 500  │ 1250000 │   13300   │   500   │ 1250000 │ 32820000 │ 1672151760000 │ '2022-12-27T14:36:00.000Z' │ 100 │  0  │  0  │ Infinity │    0     │ 593.8 │ 243.8 │  0  │ 0.8 │  500  │  1250000  │   5500    │   13780000    │      │         │     │
│   15    │ 2.6 │ 2.6 │ 2.6 │ 2.6 │ 100  │ 260000  │   13400   │   100   │ 260000  │ 33080000 │ 1672151880000 │ '2022-12-27T14:38:00.000Z' │ 100 │  0  │  0  │ Infinity │    0     │ 593.8 │ 243.8 │  0  │ 0.2 │  100  │  260000   │   5600    │   14040000    │      │         │     │
└─────────┴─────┴─────┴─────┴─────┴──────┴─────────┴───────────┴─────────┴─────────┴──────────┴───────────────┴────────────────────────────┴─────┴─────┴─────┴──────────┴──────────┴───────┴───────┴─────┴─────┴───────┴───────────┴───────────┴───────────────┴──────┴─────────┴─────┘

