   79  for x in `ls agg/*/HPG*table.log`; do echo $x; tail -n1 $x; done >> HPG.log
   80  for x in `ls agg/*/HPG*table.log`; do echo $x; tail -n2 $x; done > HPG.log
   81  for x in `ls agg/*/HPG*table.log`; do echo $x; tail -n3 $x; done > HPG.log
   82  for x in `ls agg/*/HPG*csv`; do echo $x; tail -n3 $x; done > HPG.log

for x in `ls agg/20230201/*csv`; do awk -F, 'END{print substr(FILENAME,14,3)" "$2" "$3 }' $x; done |sort -nk3 > all


for x in `ls agg/*/VCB*csv`; do awk -F, 'END{print substr(FILENAME,5,8)" "substr(FILENAME,14,3)" "$2" "$3 }' $x; done |sort -nk1|egrep -v "20221207|20221208|20221209"


for x in `ls vnindex/*/VN*csv`; do awk -F, 'END{print substr(FILENAME,9,8)" "substr(FILENAME,18,7)" "$1" "$2 }' $x; done |sort -nk1|egrep -v "20221207|20221208|20221209"

for s in `ls agg/20230207/*.csv`; do echo $s|cut -d/ -f 3|cut -d_ -f1; done > symbols2.txt
for s in `ls agg/20230207/*HOSE*.csv`; do echo $s|cut -d "/" -f 3|cut -d "_" -f1; done > hose.txt
for s in `ls agg/20230207/*HOSE*.csv`; do echo $s|awk -F/ '{print substr($3,0,3)}' done > hose.txt
total=`cat symbols.txt |wc -l`;
count=0;
for s in `cat symbols.txt`; do 
echo $s; 
file=`ls agg/*/$s*csv`
for x in $file; do awk -F, 'END{print substr(FILENAME,5,8)" "substr(FILENAME,14,3)" "$2" "$3 }' $x; done |sort -nk1|egrep -v "20221207|20221208|20221209" >> all/$s.txt
done|more

total=`cat symbols.txt |wc -l`;
count=0;
for s in `cat symbols.txt`; do
count=`bc <<< $count' +1'`
echo $s" "$count"/"$total" "`bc <<< 'scale=4; '$count'*100/'$total`
   tail -n 10 all/$s.txt > process/$s.txt
done




total=`cat hose.txt |wc -l`;
count=0;
echo > update.txt
for s in `cat hose.txt`; do 
   ##echo $s;
   ##expr length $s
   current=`date +%s%3N`; 
   current=`bc <<< $current'/(5*60*1000)*5*60*1000 + 7*60*60*1000 - 60*60*1000'`;
   Y=`date +"%Y"`;
   m=`date +"%m"`;
   d=`date +"%d"`;   
   ##echo $s;
   for x in `ls trans/20230208/$s*.txt`; do 
      awk -F, -v current=$current -v symbol=$s -v Y=$Y -v m=$m -v d=$d\
      '{t=substr($5,2,8);  gsub(":"," ",t);  time=mktime(Y" "m" "d" "t)*1000; if(time > current) {print symbol" "time" "$1" "$2" "$3" "$0}}'\
      $x; 
   done >> update.txt
done
grep sd update.txt|sort -nk5|tail -n 20
grep bu update.txt|sort -nk5|tail -n 20




|more


print "Number of seconds since the Epoch = " mktime("2014 12 14 30 20 10")


awk -v val1=2 -v val2="HI" 'BEGIN{print val1;print val2}'
date +%s%3N


for s in `cat symbols.txt`; do 
   awk 'BEGIN{sum = 0}{ sum += $4}END{print $2" "sum}' process/$s.txt
done

