undefined
1611
1596
undefined
1611
1596
undefined
1611
1596
undefined
1611
1596
undefined
1611
1596
undefined
1611
1596
1912
[32m[2023-04-27T10:34:43.067] [INFO] default - [39mChecking 0 0
[36m[2023-04-27T10:34:43.069] [DEBUG] default - [39mDone remove directory  /workspace/newstorage/./vietstocktrans/20230427/
1912
1912
[32m[2023-04-27T10:34:43.423] [INFO] default - [39mChecking 0 0
[36m[2023-04-27T10:34:43.424] [DEBUG] default - [39mDone remove directory  /workspace/newstorage/./vcbstrans/20230427/
[32m[2023-04-27T10:34:43.430] [INFO] default - [39mChecking 0 0
[36m[2023-04-27T10:34:43.431] [DEBUG] default - [39mDone remove directory  /workspace/newstorage/./vcitrans/20230427/
1912
[32m[2023-04-27T10:34:43.446] [INFO] default - [39mChecking 0 0
[36m[2023-04-27T10:34:43.447] [DEBUG] default - [39mDone remove directory  /workspace/newstorage/./tcbstrans/20230427/
1912
[32m[2023-04-27T10:34:43.522] [INFO] default - [39mChecking 0 0
[36m[2023-04-27T10:34:43.524] [DEBUG] default - [39mDone remove directory  /workspace/newstorage/./ssitrans/20230427/
1912
[32m[2023-04-27T10:34:43.717] [INFO] default - [39mChecking 0 0
[36m[2023-04-27T10:34:43.718] [DEBUG] default - [39mDone remove directory  /workspace/newstorage/./trans/20230427/
{ req: 103, res: 10, record: 64 }
{ req: 119, res: 20, record: 156 }
{ req: 119, res: 30, record: 284 }
{ req: 119, res: 40, record: 291 }
{ req: 119, res: 50, record: 306 }
{ req: 119, res: 60, record: 349 }
{ req: 119, res: 70, record: 855 }
{ req: 119, res: 80, record: 1452 }
{ req: 189, res: 90, record: 1483 }
{ req: 189, res: 100, record: 2222 }
{ req: 189, res: 110, record: 2837 }
{ req: 189, res: 120, record: 2920 }
{ req: 105, res: 10, record: 419 }
{ req: 189, res: 130, record: 4024 }
{ req: 232, res: 140, record: 4255 }
{ req: 232, res: 150, record: 4264 }
{ req: 232, res: 160, record: 4276 }
{ req: 232, res: 170, record: 4484 }
{ req: 232, res: 180, record: 4865 }
{ req: 114, res: 20, record: 688 }
{ req: 289, res: 190, record: 4877 }
{ req: 289, res: 200, record: 6111 }
{ req: 114, res: 30, record: 1054 }
{ req: 289, res: 210, record: 8346 }
{ req: 289, res: 220, record: 8869 }
{ req: 289, res: 230, record: 10585 }
{ req: 289, res: 240, record: 10590 }
{ req: 289, res: 250, record: 10595 }
{ req: 289, res: 260, record: 10602 }
{ req: 133, res: 40, record: 1280 }
{ req: 106, res: 10, record: 3339 }
{ req: 365, res: 270, record: 10679 }
{ req: 365, res: 280, record: 10896 }
{ req: 141, res: 50, record: 1971 }
{ req: 365, res: 290, record: 17399 }
{ req: 109, res: 10, record: 121 }
{ req: 365, res: 300, record: 17408 }
{ req: 403, res: 310, record: 17414 }
{ req: 403, res: 320, record: 17424 }
{ req: 156, res: 60, record: 2333 }
{ req: 403, res: 330, record: 17597 }
{ req: 403, res: 340, record: 17885 }
{ req: 108, res: 10, record: 958 }
{ req: 156, res: 70, record: 3260 }
{ req: 445, res: 350, record: 18501 }
{ req: 445, res: 360, record: 18875 }
{ req: 115, res: 20, record: 5999 }
{ req: 445, res: 370, record: 20094 }
{ req: 445, res: 380, record: 20475 }
{ req: 170, res: 80, record: 4581 }
{ req: 122, res: 30, record: 6809 }
{ req: 489, res: 390, record: 23706 }
{ req: 182, res: 90, record: 6486 }
{ req: 116, res: 20, record: 3131 }
{ req: 489, res: 400, record: 25138 }
{ req: 489, res: 410, record: 25368 }
{ req: 132, res: 40, record: 7878 }
{ req: 182, res: 100, record: 6938 }
{ req: 132, res: 50, record: 9462 }
{ req: 515, res: 420, record: 26858 }
{ req: 118, res: 20, record: 3521 }
{ req: 515, res: 430, record: 28741 }
{ req: 202, res: 110, record: 8840 }
{ req: 533, res: 440, record: 29689 }
{ req: 152, res: 60, record: 12675 }
{ req: 109, res: 10, record: 103 }
{ req: 127, res: 30, record: 4692 }
{ req: 545, res: 450, record: 33227 }
{ req: 169, res: 70, record: 13701 }
{ req: 211, res: 120, record: 11706 }
{ req: 545, res: 460, record: 34383 }
{ req: 545, res: 470, record: 38438 }
{ req: 227, res: 130, record: 12395 }
{ req: 169, res: 80, record: 19358 }
{ req: 545, res: 480, record: 44177 }
{ req: 587, res: 490, record: 47727 }
{ req: 587, res: 500, record: 54630 }
{ req: 227, res: 140, record: 12681 }
{ req: 184, res: 90, record: 20422 }
{ req: 587, res: 510, record: 64358 }
{ req: 138, res: 40, record: 5010 }
{ req: 129, res: 30, record: 4727 }
{ req: 587, res: 520, record: 76136 }
{ req: 113, res: 20, record: 3244 }
{ req: 195, res: 100, record: 34371 }
[33m[2023-04-27T10:34:48.019] [WARN] default - [39mKDC <html>
<head><title>405 Not Allowed</title></head>
<body>
<center><h1>405 Not Allowed</h1></center>
<hr><center>nginx</center>
</body>
</html>

{ req: 240, res: 150, record: 15896 }
{ req: 624, res: 530, record: 80720 }
{ req: 624, res: 540, record: 83201 }
{ req: 195, res: 110, record: 36719 }
{ req: 254, res: 160, record: 19818 }
[33m[2023-04-27T10:34:48.240] [WARN] default - [39mLGC <html>
<head><title>405 Not Allowed</title></head>
<body>
<center><h1>405 Not Allowed</h1></center>
<hr><center>nginx</center>
</body>
</html>

{ req: 624, res: 550, record: 93268 }
{ req: 217, res: 120, record: 43876 }
{ req: 254, res: 170, record: 22205 }
{ req: 122, res: 30, record: 4286 }
{ req: 652, res: 560, record: 100029 }
{ req: 652, res: 570, record: 101096 }
{ req: 652, res: 580, record: 101816 }
{ req: 217, res: 130, record: 50210 }
{ req: 148, res: 50, record: 5798 }
{ req: 652, res: 590, record: 107074 }
{ req: 272, res: 180, record: 24533 }
{ req: 694, res: 600, record: 112978 }
{ req: 155, res: 60, record: 5873 }
{ req: 694, res: 610, record: 115596 }
{ req: 285, res: 190, record: 28063 }
{ req: 232, res: 140, record: 61660 }
{ req: 694, res: 620, record: 120420 }
{ req: 137, res: 40, record: 4782 }
{ req: 285, res: 200, record: 29524 }
{ req: 725, res: 630, record: 127893 }
{ req: 242, res: 150, record: 64349 }
{ req: 168, res: 70, record: 6418 }
{ req: 131, res: 40, record: 4769 }
{ req: 725, res: 640, record: 133126 }
{ req: 725, res: 650, record: 133446 }
{ req: 304, res: 210, record: 33627 }
{ req: 725, res: 660, record: 135712 }
{ req: 259, res: 160, record: 66614 }
{ req: 304, res: 220, record: 34208 }
{ req: 179, res: 80, record: 6478 }
{ req: 766, res: 670, record: 144416 }
{ req: 147, res: 50, record: 5493 }
{ req: 766, res: 680, record: 149684 }
{ req: 259, res: 170, record: 74153 }
{ req: 179, res: 90, record: 6629 }
{ req: 322, res: 230, record: 39459 }
{ req: 766, res: 690, record: 158095 }
{ req: 270, res: 180, record: 80723 }
{ req: 338, res: 240, record: 40172 }
{ req: 790, res: 700, record: 160880 }
{ req: 193, res: 100, record: 7064 }
{ req: 790, res: 710, record: 160885 }
{ req: 156, res: 60, record: 5669 }
{ req: 156, res: 70, record: 5684 }
{ req: 790, res: 720, record: 165615 }
{ req: 790, res: 730, record: 166598 }
{ req: 156, res: 80, record: 6165 }
{ req: 338, res: 250, record: 45605 }
{ req: 156, res: 90, record: 6305 }
{ req: 204, res: 110, record: 7081 }
{ req: 338, res: 260, record: 46592 }
{ req: 284, res: 190, record: 87567 }
{ req: 790, res: 740, record: 175200 }
{ req: 790, res: 750, record: 175206 }
{ req: 156, res: 100, record: 6355 }
{ req: 859, res: 760, record: 175207 }
{ req: 200, res: 110, record: 6541 }
{ req: 149, res: 50, record: 5359 }
{ req: 200, res: 120, record: 7061 }
{ req: 859, res: 770, record: 186058 }
{ req: 217, res: 120, record: 7508 }
{ req: 200, res: 130, record: 7471 }
{ req: 293, res: 200, record: 89201 }
{ req: 363, res: 270, record: 51645 }
{ req: 363, res: 280, record: 51813 }
{ req: 200, res: 140, record: 8236 }
{ req: 247, res: 150, record: 8262 }
{ req: 872, res: 780, record: 197906 }
{ req: 872, res: 790, record: 197908 }
{ req: 872, res: 800, record: 197912 }
{ req: 872, res: 810, record: 197916 }
{ req: 872, res: 820, record: 197925 }
{ req: 872, res: 830, record: 197976 }
{ req: 309, res: 210, record: 91684 }
{ req: 872, res: 840, record: 200767 }
{ req: 247, res: 160, record: 11117 }
{ req: 381, res: 290, record: 57512 }
{ req: 247, res: 170, record: 11132 }
{ req: 247, res: 180, record: 11290 }
{ req: 247, res: 190, record: 11555 }
{ req: 225, res: 130, record: 8031 }
{ req: 247, res: 200, record: 12177 }
{ req: 309, res: 220, record: 97618 }
{ req: 872, res: 850, record: 213314 }
{ req: 397, res: 300, record: 62480 }
{ req: 956, res: 860, record: 221037 }
{ req: 300, res: 210, record: 12805 }
{ req: 397, res: 310, record: 65192 }
{ req: 300, res: 220, record: 12821 }
{ req: 300, res: 230, record: 12971 }
{ req: 300, res: 240, record: 13175 }
{ req: 322, res: 230, record: 101409 }
{ req: 956, res: 870, record: 238387 }
{ req: 956, res: 880, record: 238389 }
{ req: 956, res: 890, record: 238391 }
{ req: 956, res: 900, record: 238398 }
{ req: 956, res: 910, record: 238398 }
[33m[2023-04-27T10:34:50.129] [WARN] default - [39mTCR <html>
<head><title>405 Not Allowed</title></head>
<body>
<center><h1>405 Not Allowed</h1></center>
<hr><center>nginx</center>
</body>
</html>

{ req: 235, res: 140, record: 8071 }
{ req: 956, res: 920, record: 238399 }
{ req: 1029, res: 930, record: 238400 }
{ req: 1029, res: 940, record: 238475 }
{ req: 415, res: 320, record: 67594 }
{ req: 333, res: 240, record: 106447 }
{ req: 1029, res: 950, record: 244475 }
{ req: 415, res: 330, record: 70790 }
{ req: 345, res: 250, record: 16734 }
{ req: 345, res: 260, record: 16862 }
{ req: 345, res: 270, record: 16915 }
{ req: 345, res: 280, record: 17086 }
{ req: 345, res: 290, record: 17488 }
{ req: 436, res: 340, record: 73857 }
{ req: 1029, res: 960, record: 258794 }
{ req: 1029, res: 970, record: 258801 }
{ req: 348, res: 250, record: 114306 }
{ req: 1029, res: 980, record: 258847 }
{ req: 1029, res: 990, record: 258855 }
{ req: 159, res: 60, record: 6226 }
{ req: 1029, res: 1000, record: 258893 }
{ req: 1029, res: 1010, record: 258901 }
{ req: 391, res: 300, record: 19314 }
{ req: 248, res: 150, record: 9003 }
{ req: 436, res: 350, record: 81233 }
{ req: 348, res: 260, record: 114743 }
{ req: 436, res: 360, record: 81364 }
{ req: 1111, res: 1020, record: 264792 }
{ req: 391, res: 310, record: 19375 }
{ req: 391, res: 320, record: 19451 }
{ req: 391, res: 330, record: 19612 }
{ req: 391, res: 340, record: 20465 }
{ req: 348, res: 270, record: 120697 }
{ req: 258, res: 160, record: 12859 }
{ req: 464, res: 370, record: 85854 }
{ req: 464, res: 380, record: 88567 }
{ req: 464, res: 390, record: 88634 }
{ req: 442, res: 350, record: 21096 }
{ req: 372, res: 280, record: 124639 }
{ req: 1128, res: 1030, record: 286115 }
{ req: 442, res: 360, record: 21516 }
{ req: 1128, res: 1040, record: 286122 }
{ req: 1128, res: 1050, record: 286132 }
{ req: 1128, res: 1060, record: 286138 }
{ req: 1128, res: 1070, record: 286141 }
{ req: 1128, res: 1080, record: 286146 }
{ req: 1128, res: 1090, record: 286146 }
{ req: 372, res: 290, record: 126863 }
{ req: 1128, res: 1100, record: 286157 }
{ req: 495, res: 400, record: 94789 }
{ req: 1128, res: 1110, record: 286277 }
{ req: 268, res: 170, record: 12916 }
{ req: 390, res: 300, record: 132232 }
{ req: 460, res: 370, record: 25788 }
{ req: 495, res: 410, record: 96691 }
{ req: 495, res: 420, record: 96775 }
{ req: 495, res: 430, record: 98540 }
{ req: 460, res: 380, record: 29389 }
{ req: 1211, res: 1120, record: 301574 }
{ req: 483, res: 390, record: 32364 }
{ req: 531, res: 440, record: 104642 }
{ req: 405, res: 310, record: 138096 }
{ req: 531, res: 450, record: 104790 }
{ req: 531, res: 460, record: 104923 }
{ req: 276, res: 180, record: 13417 }
{ req: 1211, res: 1130, record: 301616 }
{ req: 1211, res: 1140, record: 301621 }
{ req: 569, res: 470, record: 105086 }
{ req: 1211, res: 1150, record: 301626 }
{ req: 483, res: 400, record: 36032 }
{ req: 1211, res: 1160, record: 302048 }
{ req: 1211, res: 1170, record: 302055 }
{ req: 1211, res: 1180, record: 302061 }
{ req: 1211, res: 1190, record: 302070 }
{ req: 1299, res: 1200, record: 302075 }
{ req: 1299, res: 1210, record: 302342 }
{ req: 506, res: 410, record: 37358 }
[33m[2023-04-27T10:34:51.163] [WARN] default - [39mADC <html>
<head><title>405 Not Allowed</title></head>
<body>
<center><h1>405 Not Allowed</h1></center>
<hr><center>nginx</center>
</body>
</html>

{ req: 417, res: 320, record: 147822 }
{ req: 169, res: 70, record: 6435 }
{ req: 506, res: 420, record: 40209 }
{ req: 569, res: 480, record: 113872 }
{ req: 417, res: 330, record: 152176 }
{ req: 569, res: 490, record: 113896 }
{ req: 569, res: 500, record: 114009 }
{ req: 569, res: 510, record: 114943 }
{ req: 506, res: 430, record: 46692 }
{ req: 1299, res: 1220, record: 302805 }
{ req: 1299, res: 1230, record: 302812 }
{ req: 1299, res: 1240, record: 302822 }
{ req: 1299, res: 1250, record: 302851 }
{ req: 1299, res: 1260, record: 302853 }
{ req: 1299, res: 1270, record: 302857 }
{ req: 1299, res: 1280, record: 302864 }
{ req: 417, res: 340, record: 164691 }
{ req: 1381, res: 1290, record: 302938 }
{ req: 288, res: 190, record: 13553 }
{ req: 444, res: 350, record: 170448 }
{ req: 536, res: 440, record: 51992 }
{ req: 610, res: 520, record: 121343 }
{ req: 610, res: 530, record: 121458 }
{ req: 610, res: 540, record: 121543 }
{ req: 610, res: 550, record: 121622 }
{ req: 444, res: 360, record: 172643 }
{ req: 536, res: 450, record: 54765 }
{ req: 1381, res: 1300, record: 303325 }
{ req: 1381, res: 1310, record: 303328 }
{ req: 1381, res: 1320, record: 303334 }
{ req: 444, res: 370, record: 177390 }
{ req: 1381, res: 1330, record: 303504 }
{ req: 1381, res: 1340, record: 303508 }
{ req: 1381, res: 1350, record: 303509 }
{ req: 1381, res: 1360, record: 303510 }
{ req: 656, res: 560, record: 124514 }
[33m[2023-04-27T10:34:51.583] [WARN] default - [39mCJC <html>
<head><title>405 Not Allowed</title></head>
<body>
<center><h1>405 Not Allowed</h1></center>
<hr><center>nginx</center>
</body>
</html>

{ req: 1464, res: 1370, record: 303549 }
{ req: 1464, res: 1380, record: 303937 }
{ req: 471, res: 380, record: 180020 }
{ req: 550, res: 460, record: 62217 }
{ req: 471, res: 390, record: 180258 }
{ req: 656, res: 570, record: 128629 }
{ req: 656, res: 580, record: 128790 }
{ req: 689, res: 590, record: 128904 }
{ req: 689, res: 600, record: 128934 }
{ req: 471, res: 400, record: 183955 }
{ req: 296, res: 200, record: 13669 }
{ req: 1464, res: 1390, record: 304544 }
{ req: 1464, res: 1400, record: 304557 }
{ req: 1464, res: 1410, record: 304564 }
{ req: 550, res: 470, record: 66593 }
{ req: 1464, res: 1420, record: 304581 }
{ req: 1464, res: 1430, record: 304583 }
{ req: 1464, res: 1440, record: 304584 }
{ req: 1548, res: 1450, record: 304588 }
{ req: 507, res: 410, record: 184359 }
{ req: 1548, res: 1460, record: 304621 }
{ req: 507, res: 420, record: 184383 }
{ req: 507, res: 430, record: 184548 }
{ req: 689, res: 610, record: 132431 }
{ req: 689, res: 620, record: 132470 }
{ req: 689, res: 630, record: 132577 }
{ req: 507, res: 440, record: 185108 }
{ req: 739, res: 640, record: 133078 }
{ req: 176, res: 80, record: 7323 }
{ req: 1548, res: 1470, record: 304783 }
{ req: 1548, res: 1480, record: 304790 }
{ req: 1548, res: 1490, record: 304959 }
{ req: 1548, res: 1500, record: 305842 }
{ req: 1548, res: 1510, record: 305845 }
{ req: 1596, res: 1520, record: 305846 }
{ req: 1596, res: 1530, record: 305847 }
{ req: 544, res: 450, record: 188610 }
{ req: 1596, res: 1540, record: 305919 }
{ req: 306, res: 210, record: 13768 }
{ req: 739, res: 650, record: 135495 }
{ req: 544, res: 460, record: 188702 }
{ req: 739, res: 660, record: 135591 }
{ req: 739, res: 670, record: 135772 }
{ req: 739, res: 680, record: 135869 }
{ req: 739, res: 690, record: 136388 }
{ req: 573, res: 480, record: 72935 }
{ req: 1596, res: 1550, record: 306048 }
{ req: 1596, res: 1560, record: 306059 }
{ req: 1596, res: 1570, record: 306065 }
{ req: 1596, res: 1580, record: 306111 }
{ req: 1596, res: 1590, record: 306178 }
[32m[2023-04-27T10:34:52.218] [INFO] default - [39mDone 20230427 8.695 ms
{ req: 567, res: 470, record: 194274 }
{ req: 567, res: 480, record: 196312 }
{ req: 582, res: 490, record: 79558 }
{ req: 790, res: 700, record: 136782 }
{ req: 790, res: 710, record: 136811 }
{ req: 790, res: 720, record: 136811 }
{ req: 790, res: 730, record: 136890 }
{ req: 790, res: 740, record: 136963 }
{ req: 567, res: 490, record: 199624 }
{ req: 597, res: 500, record: 82017 }
{ req: 593, res: 500, record: 199734 }
{ req: 842, res: 750, record: 141621 }
{ req: 842, res: 760, record: 141704 }
{ req: 597, res: 510, record: 86630 }
{ req: 842, res: 770, record: 141705 }
{ req: 842, res: 780, record: 141776 }
{ req: 317, res: 220, record: 13844 }
{ req: 842, res: 790, record: 141780 }
{ req: 897, res: 800, record: 144616 }
{ req: 607, res: 510, record: 201679 }
{ req: 897, res: 810, record: 145120 }
{ req: 897, res: 820, record: 145129 }
{ req: 897, res: 830, record: 145180 }
{ req: 897, res: 840, record: 145238 }
{ req: 897, res: 850, record: 146312 }
{ req: 607, res: 520, record: 207463 }
{ req: 329, res: 230, record: 15293 }
{ req: 618, res: 520, record: 91429 }
{ req: 627, res: 530, record: 213809 }
{ req: 627, res: 540, record: 215220 }
{ req: 188, res: 90, record: 7941 }
{ req: 953, res: 860, record: 148069 }
{ req: 627, res: 550, record: 215319 }
{ req: 627, res: 560, record: 215952 }
{ req: 953, res: 870, record: 149983 }
{ req: 953, res: 880, record: 150009 }
{ req: 953, res: 890, record: 150065 }
{ req: 953, res: 900, record: 150078 }
{ req: 1005, res: 910, record: 150079 }
{ req: 618, res: 530, record: 99270 }
{ req: 663, res: 570, record: 218918 }
{ req: 631, res: 540, record: 107059 }
{ req: 663, res: 580, record: 228688 }
{ req: 1005, res: 920, record: 150085 }
{ req: 1005, res: 930, record: 150189 }
{ req: 1005, res: 940, record: 150306 }
{ req: 1005, res: 950, record: 150317 }
{ req: 1005, res: 960, record: 150337 }
{ req: 334, res: 240, record: 15357 }
{ req: 646, res: 550, record: 115998 }
{ req: 646, res: 560, record: 121084 }
{ req: 683, res: 590, record: 234440 }
{ req: 683, res: 600, record: 234485 }
{ req: 1064, res: 970, record: 150717 }
{ req: 1064, res: 980, record: 150724 }
{ req: 1064, res: 990, record: 150758 }
{ req: 1064, res: 1000, record: 150782 }
{ req: 1064, res: 1010, record: 150821 }
{ req: 1116, res: 1020, record: 150827 }
{ req: 667, res: 570, record: 124631 }
{ req: 683, res: 610, record: 235693 }
{ req: 348, res: 250, record: 17222 }
{ req: 712, res: 620, record: 247191 }
{ req: 1116, res: 1030, record: 151863 }
{ req: 667, res: 580, record: 135149 }
{ req: 1116, res: 1040, record: 155246 }
{ req: 1116, res: 1050, record: 155292 }
{ req: 1116, res: 1060, record: 155297 }
{ req: 1116, res: 1070, record: 155324 }
{ req: 1179, res: 1080, record: 158951 }
{ req: 356, res: 260, record: 17470 }
{ req: 687, res: 590, record: 143343 }
{ req: 199, res: 100, record: 8003 }
{ req: 712, res: 630, record: 252919 }
{ req: 730, res: 640, record: 263921 }
{ req: 730, res: 650, record: 264957 }
{ req: 1179, res: 1090, record: 163286 }
[33m[2023-04-27T10:34:53.744] [WARN] default - [39mRCL <html>
<head><title>502 Bad Gateway</title></head>
<body>
<center><h1>502 Bad Gateway</h1></center>
<hr><center>nginx</center>
</body>
</html>

[33m[2023-04-27T10:34:53.745] [WARN] default - [39mSLS <html>
<head><title>502 Bad Gateway</title></head>
<body>
<center><h1>502 Bad Gateway</h1></center>
<hr><center>nginx</center>
</body>
</html>

{ req: 1179, res: 1100, record: 163292 }
{ req: 1179, res: 1110, record: 163300 }
{ req: 1179, res: 1120, record: 163413 }
{ req: 1179, res: 1130, record: 163456 }
{ req: 1179, res: 1140, record: 163488 }
{ req: 1246, res: 1150, record: 166887 }
{ req: 730, res: 660, record: 265387 }
{ req: 698, res: 600, record: 148928 }
{ req: 366, res: 270, record: 17815 }
{ req: 764, res: 670, record: 268294 }
{ req: 764, res: 680, record: 268440 }
{ req: 1246, res: 1160, record: 176966 }
{ req: 1246, res: 1170, record: 176975 }
{ req: 1246, res: 1180, record: 176984 }
{ req: 1246, res: 1190, record: 177070 }
{ req: 1246, res: 1200, record: 177184 }
{ req: 1246, res: 1210, record: 177208 }
{ req: 706, res: 610, record: 153160 }
{ req: 788, res: 690, record: 268685 }
{ req: 788, res: 700, record: 268755 }
{ req: 1315, res: 1220, record: 178194 }
{ req: 788, res: 710, record: 268791 }
{ req: 1315, res: 1230, record: 178291 }
{ req: 706, res: 620, record: 154836 }
{ req: 1315, res: 1240, record: 178347 }
{ req: 1315, res: 1250, record: 178374 }
{ req: 788, res: 720, record: 270853 }
{ req: 1315, res: 1260, record: 178380 }
{ req: 373, res: 280, record: 18061 }
{ req: 1315, res: 1270, record: 178440 }
{ req: 788, res: 730, record: 271138 }
{ req: 1377, res: 1280, record: 178529 }
{ req: 1377, res: 1290, record: 182637 }
{ req: 724, res: 630, record: 179998 }
{ req: 724, res: 640, record: 180645 }
{ req: 788, res: 740, record: 272151 }
{ req: 724, res: 650, record: 183082 }
{ req: 840, res: 750, record: 272162 }
{ req: 840, res: 760, record: 272163 }
{ req: 724, res: 660, record: 188922 }
{ req: 1377, res: 1300, record: 185090 }
{ req: 1377, res: 1310, record: 185155 }
{ req: 1377, res: 1320, record: 185168 }
{ req: 382, res: 290, record: 18203 }
{ req: 1377, res: 1330, record: 185219 }
{ req: 1437, res: 1340, record: 187643 }
{ req: 1437, res: 1350, record: 187663 }
{ req: 840, res: 770, record: 272485 }
{ req: 763, res: 670, record: 194919 }
{ req: 876, res: 780, record: 283682 }
{ req: 876, res: 790, record: 284054 }
{ req: 876, res: 800, record: 284070 }
{ req: 876, res: 810, record: 284135 }
{ req: 1437, res: 1360, record: 187980 }
{ req: 876, res: 820, record: 284160 }
{ req: 209, res: 110, record: 8264 }
{ req: 1437, res: 1370, record: 188013 }
{ req: 1437, res: 1380, record: 188099 }
{ req: 1437, res: 1390, record: 188145 }
{ req: 1437, res: 1400, record: 188210 }
{ req: 763, res: 680, record: 205475 }
{ req: 1501, res: 1410, record: 195330 }
{ req: 876, res: 830, record: 284923 }
{ req: 395, res: 300, record: 18477 }
{ req: 931, res: 840, record: 285784 }
{ req: 780, res: 690, record: 208736 }
{ req: 931, res: 850, record: 285825 }
{ req: 1501, res: 1420, record: 197346 }
{ req: 1501, res: 1430, record: 197377 }
{ req: 1501, res: 1440, record: 197382 }
{ req: 1501, res: 1450, record: 197385 }
{ req: 1501, res: 1460, record: 200136 }
{ req: 1501, res: 1470, record: 200167 }
{ req: 1573, res: 1480, record: 200212 }
{ req: 797, res: 700, record: 210395 }
{ req: 931, res: 860, record: 285870 }
{ req: 404, res: 310, record: 19415 }
{ req: 931, res: 870, record: 285874 }
{ req: 797, res: 710, record: 212223 }
{ req: 973, res: 880, record: 285945 }
{ req: 973, res: 890, record: 285972 }
{ req: 973, res: 900, record: 286069 }
{ req: 973, res: 910, record: 286108 }
{ req: 973, res: 920, record: 286122 }
{ req: 1573, res: 1490, record: 205039 }
{ req: 973, res: 930, record: 286496 }
{ req: 1573, res: 1500, record: 205111 }
{ req: 1573, res: 1510, record: 205202 }
{ req: 1596, res: 1520, record: 205258 }
{ req: 1596, res: 1530, record: 205289 }
{ req: 1596, res: 1540, record: 205635 }
{ req: 815, res: 720, record: 228316 }
{ req: 1596, res: 1550, record: 205738 }
{ req: 815, res: 730, record: 243016 }
{ req: 413, res: 320, record: 19503 }
{ req: 815, res: 740, record: 244844 }
{ req: 1031, res: 940, record: 301837 }
{ req: 1031, res: 950, record: 301901 }
{ req: 1031, res: 960, record: 301910 }
{ req: 1596, res: 1560, record: 205835 }
{ req: 1596, res: 1570, record: 205837 }
{ req: 1031, res: 970, record: 302102 }
{ req: 815, res: 750, record: 246071 }
{ req: 856, res: 760, record: 251576 }
{ req: 856, res: 770, record: 255806 }
{ req: 423, res: 330, record: 20278 }
{ req: 1073, res: 980, record: 302145 }
{ req: 1596, res: 1580, record: 209392 }
{ req: 1073, res: 990, record: 302181 }
{ req: 1073, res: 1000, record: 302193 }
{ req: 856, res: 780, record: 255815 }
{ req: 1073, res: 1010, record: 302220 }
{ req: 1073, res: 1020, record: 302328 }
{ req: 1073, res: 1030, record: 302387 }
{ req: 880, res: 790, record: 269835 }
{ req: 880, res: 800, record: 269938 }
{ req: 219, res: 120, record: 8989 }
{ req: 432, res: 340, record: 20289 }
{ req: 880, res: 810, record: 270217 }
{ req: 1131, res: 1040, record: 302393 }
{ req: 1131, res: 1050, record: 302395 }
{ req: 1131, res: 1060, record: 302406 }
{ req: 880, res: 820, record: 270265 }
{ req: 1131, res: 1070, record: 302425 }
{ req: 443, res: 350, record: 20383 }
{ req: 921, res: 830, record: 272584 }
{ req: 1173, res: 1080, record: 302436 }
{ req: 1173, res: 1090, record: 302479 }
{ req: 1173, res: 1100, record: 302491 }
{ req: 1173, res: 1110, record: 302567 }
{ req: 1173, res: 1120, record: 302595 }
{ req: 1173, res: 1130, record: 302607 }
{ req: 452, res: 360, record: 20417 }
{ req: 936, res: 840, record: 272675 }
{ req: 936, res: 850, record: 273501 }
{ req: 936, res: 860, record: 273509 }
{ req: 1231, res: 1140, record: 302682 }
{ req: 1231, res: 1150, record: 302686 }
{ req: 968, res: 870, record: 273783 }
{ req: 1231, res: 1160, record: 302847 }
{ req: 465, res: 370, record: 20418 }
{ req: 968, res: 880, record: 273798 }
{ req: 1231, res: 1170, record: 302947 }
{ req: 968, res: 890, record: 274444 }
{ req: 1272, res: 1180, record: 302991 }
{ req: 1272, res: 1190, record: 302991 }
{ req: 998, res: 900, record: 275414 }
{ req: 1272, res: 1200, record: 302999 }
{ req: 1272, res: 1210, record: 303001 }
{ req: 475, res: 380, record: 20447 }
{ req: 1272, res: 1220, record: 303744 }
{ req: 998, res: 910, record: 275427 }
{ req: 1272, res: 1230, record: 303810 }
{ req: 998, res: 920, record: 275616 }
{ req: 228, res: 130, record: 9078 }
{ req: 1331, res: 1240, record: 303892 }
{ req: 1331, res: 1250, record: 303976 }
{ req: 1331, res: 1260, record: 303982 }
{ req: 1331, res: 1270, record: 304168 }
{ req: 1023, res: 930, record: 275626 }
{ req: 487, res: 390, record: 20469 }
{ req: 1023, res: 940, record: 281542 }
{ req: 1023, res: 950, record: 281566 }
{ req: 1023, res: 960, record: 281793 }
{ req: 1372, res: 1280, record: 304243 }
{ req: 1372, res: 1290, record: 304263 }
{ req: 1372, res: 1300, record: 304301 }
{ req: 1068, res: 970, record: 281839 }
{ req: 1068, res: 980, record: 281846 }
{ req: 1372, res: 1310, record: 304428 }
{ req: 494, res: 400, record: 20483 }
{ req: 1068, res: 990, record: 284283 }
{ req: 1416, res: 1320, record: 304675 }
{ req: 1068, res: 1000, record: 285718 }
{ req: 1416, res: 1330, record: 304675 }
{ req: 1416, res: 1340, record: 304688 }
{ req: 1416, res: 1350, record: 304788 }
{ req: 1100, res: 1010, record: 285731 }
{ req: 1416, res: 1360, record: 304833 }
{ req: 1100, res: 1020, record: 289276 }
{ req: 1416, res: 1370, record: 305438 }
{ req: 1100, res: 1030, record: 289293 }
{ req: 507, res: 410, record: 21227 }
{ req: 1472, res: 1380, record: 305464 }
{ req: 1100, res: 1040, record: 293311 }
{ req: 1472, res: 1390, record: 305552 }
{ req: 1472, res: 1400, record: 305577 }
{ req: 1472, res: 1410, record: 305695 }
{ req: 1141, res: 1050, record: 293342 }
{ req: 1141, res: 1060, record: 293377 }
{ req: 1141, res: 1070, record: 293427 }
{ req: 518, res: 420, record: 21319 }
{ req: 1141, res: 1080, record: 293451 }
{ req: 1516, res: 1420, record: 305700 }
{ req: 1516, res: 1430, record: 305709 }
{ req: 1516, res: 1440, record: 305717 }
{ req: 1182, res: 1090, record: 301991 }
{ req: 1516, res: 1450, record: 305734 }
{ req: 1516, res: 1460, record: 305761 }
{ req: 1182, res: 1100, record: 302009 }
{ req: 1516, res: 1470, record: 305788 }
{ req: 239, res: 140, record: 9242 }
{ req: 1182, res: 1110, record: 302046 }
{ req: 1182, res: 1120, record: 302052 }
{ req: 1182, res: 1130, record: 302153 }
{ req: 1572, res: 1480, record: 305808 }
{ req: 1572, res: 1490, record: 305812 }
{ req: 1572, res: 1500, record: 305849 }
{ req: 527, res: 430, record: 21527 }
{ req: 1230, res: 1140, record: 302167 }
{ req: 1572, res: 1510, record: 305878 }
{ req: 1230, res: 1150, record: 302215 }
{ req: 1230, res: 1160, record: 302217 }
{ req: 1268, res: 1170, record: 302721 }
{ req: 1596, res: 1520, record: 306015 }
{ req: 1596, res: 1530, record: 306039 }
{ req: 1596, res: 1540, record: 306122 }
{ req: 1268, res: 1180, record: 302835 }
{ req: 1596, res: 1550, record: 306610 }
{ req: 1596, res: 1560, record: 306617 }
{ req: 1596, res: 1570, record: 306930 }
{ req: 539, res: 440, record: 21528 }
{ req: 1268, res: 1190, record: 302837 }
{ req: 1268, res: 1200, record: 302949 }
{ req: 1268, res: 1210, record: 302952 }
{ req: 1596, res: 1580, record: 307455 }
{ req: 1596, res: 1590, record: 307457 }
{ req: 1314, res: 1220, record: 302955 }
[32m[2023-04-27T10:34:57.950] [INFO] default - [39mDone 20230427 14.519 ms
{ req: 1314, res: 1230, record: 302974 }
{ req: 539, res: 450, record: 22071 }
{ req: 1314, res: 1240, record: 303427 }
{ req: 1314, res: 1250, record: 303512 }
{ req: 1357, res: 1260, record: 303546 }
{ req: 1357, res: 1270, record: 303712 }
{ req: 559, res: 460, record: 22085 }
{ req: 1357, res: 1280, record: 303772 }
{ req: 1357, res: 1290, record: 303838 }
{ req: 1399, res: 1300, record: 303922 }
{ req: 248, res: 150, record: 10451 }
{ req: 1399, res: 1310, record: 303933 }
{ req: 1399, res: 1320, record: 303957 }
{ req: 1399, res: 1330, record: 304187 }
{ req: 1399, res: 1340, record: 304191 }
{ req: 1596, res: 1590, record: 244523 }
{ req: 567, res: 470, record: 22112 }
{ req: 1442, res: 1350, record: 304819 }
{ req: 1442, res: 1360, record: 304833 }
{ req: 1442, res: 1370, record: 304868 }
{ req: 1442, res: 1380, record: 304888 }
{ req: 1442, res: 1390, record: 304962 }
{ req: 573, res: 480, record: 22316 }
{ req: 1491, res: 1400, record: 305129 }
{ req: 1491, res: 1410, record: 305129 }
{ req: 1491, res: 1420, record: 305183 }
{ req: 1528, res: 1430, record: 305194 }
{ req: 1528, res: 1440, record: 305211 }
{ req: 589, res: 490, record: 22376 }
{ req: 1528, res: 1450, record: 305240 }
{ req: 1528, res: 1460, record: 305253 }
{ req: 1528, res: 1470, record: 305260 }
{ req: 1579, res: 1480, record: 305293 }
{ req: 258, res: 160, record: 10580 }
{ req: 1579, res: 1490, record: 305309 }
{ req: 1579, res: 1500, record: 305325 }
{ req: 1579, res: 1510, record: 305457 }
{ req: 597, res: 500, record: 22377 }
{ req: 1596, res: 1520, record: 306143 }
{ req: 1596, res: 1530, record: 306355 }
{ req: 1596, res: 1540, record: 306416 }
{ req: 1596, res: 1550, record: 306418 }
{ req: 1596, res: 1560, record: 306538 }
{ req: 605, res: 510, record: 22685 }
{ req: 1596, res: 1570, record: 306823 }
{ req: 1596, res: 1580, record: 306987 }
{ req: 1596, res: 1590, record: 306996 }
{ req: 614, res: 520, record: 23261 }
[32m[2023-04-27T10:34:59.808] [INFO] default - [39mDone 20230427 16.089 ms
{ req: 267, res: 170, record: 10589 }
{ req: 623, res: 530, record: 23317 }
{ req: 632, res: 540, record: 23322 }
{ req: 642, res: 550, record: 23365 }
{ req: 652, res: 560, record: 23585 }
{ req: 662, res: 570, record: 23614 }
{ req: 279, res: 180, record: 11658 }
{ req: 671, res: 580, record: 23617 }
{ req: 681, res: 590, record: 23653 }
{ req: 690, res: 600, record: 23687 }
{ req: 287, res: 190, record: 12638 }
{ req: 701, res: 610, record: 23688 }
{ req: 714, res: 620, record: 23738 }
{ req: 726, res: 630, record: 23762 }
{ req: 737, res: 640, record: 23787 }
{ req: 297, res: 200, record: 12923 }
{ req: 747, res: 650, record: 23828 }
{ req: 759, res: 660, record: 23900 }
{ req: 764, res: 670, record: 23905 }
{ req: 776, res: 680, record: 23943 }
{ req: 309, res: 210, record: 13299 }
{ req: 783, res: 690, record: 23986 }
{ req: 794, res: 700, record: 24035 }
{ req: 318, res: 220, record: 13844 }
{ req: 806, res: 710, record: 24858 }
{ req: 815, res: 720, record: 25144 }
{ req: 823, res: 730, record: 25225 }
{ req: 327, res: 230, record: 13925 }
{ req: 833, res: 740, record: 25244 }
{ req: 842, res: 750, record: 25258 }
{ req: 857, res: 760, record: 25721 }
{ req: 339, res: 240, record: 14079 }
{ req: 862, res: 770, record: 25835 }
{ req: 871, res: 780, record: 25843 }
{ req: 886, res: 790, record: 25883 }
{ req: 894, res: 800, record: 25901 }
{ req: 348, res: 250, record: 14328 }
{ req: 902, res: 810, record: 25991 }
{ req: 918, res: 820, record: 26026 }
{ req: 925, res: 830, record: 26087 }
{ req: 357, res: 260, record: 16074 }
{ req: 933, res: 840, record: 26104 }
{ req: 948, res: 850, record: 26321 }
{ req: 955, res: 860, record: 26603 }
{ req: 368, res: 270, record: 16329 }
{ req: 964, res: 870, record: 26711 }
{ req: 971, res: 880, record: 27046 }
{ req: 980, res: 890, record: 27130 }
{ req: 999, res: 900, record: 27149 }
{ req: 378, res: 280, record: 16398 }
{ req: 1008, res: 910, record: 27214 }
{ req: 1016, res: 920, record: 27349 }
{ req: 1029, res: 930, record: 27362 }
{ req: 1038, res: 940, record: 27397 }
{ req: 387, res: 290, record: 16490 }
{ req: 1047, res: 950, record: 27479 }
{ req: 1056, res: 960, record: 27479 }
{ req: 1064, res: 970, record: 27870 }
{ req: 397, res: 300, record: 16647 }
{ req: 1072, res: 980, record: 27944 }
{ req: 1087, res: 990, record: 27988 }
{ req: 406, res: 310, record: 16661 }
{ req: 1097, res: 1000, record: 28087 }
{ req: 1103, res: 1010, record: 28154 }
{ req: 1119, res: 1020, record: 28156 }
{ req: 1129, res: 1030, record: 28156 }
{ req: 417, res: 320, record: 16881 }
{ req: 1137, res: 1040, record: 28636 }
{ req: 1146, res: 1050, record: 28674 }
{ req: 1157, res: 1060, record: 28745 }
{ req: 1165, res: 1070, record: 28770 }
{ req: 428, res: 330, record: 17694 }
{ req: 1176, res: 1080, record: 28813 }
{ req: 1185, res: 1090, record: 29015 }
{ req: 1196, res: 1100, record: 29103 }
{ req: 1206, res: 1110, record: 29123 }
{ req: 437, res: 340, record: 17724 }
{ req: 1214, res: 1120, record: 32139 }
{ req: 1227, res: 1130, record: 32501 }
[32m[2023-04-27T10:35:14.148] [INFO] default - [39mDone 20230427 30.7 ms
{ req: 447, res: 350, record: 17828 }
{ req: 1238, res: 1140, record: 34672 }
{ req: 1249, res: 1150, record: 35227 }
{ req: 458, res: 360, record: 17894 }
{ req: 1255, res: 1160, record: 40524 }
{ req: 1268, res: 1170, record: 41993 }
{ req: 469, res: 370, record: 17941 }
{ req: 1276, res: 1180, record: 42407 }
{ req: 1285, res: 1190, record: 44673 }
{ req: 477, res: 380, record: 17982 }
{ req: 1296, res: 1200, record: 49253 }
{ req: 1309, res: 1210, record: 53914 }
{ req: 1319, res: 1220, record: 56716 }
{ req: 488, res: 390, record: 18001 }
{ req: 1328, res: 1230, record: 58703 }
{ req: 498, res: 400, record: 18011 }
{ req: 1339, res: 1240, record: 66888 }
{ req: 509, res: 410, record: 18061 }
{ req: 1348, res: 1250, record: 85900 }
{ req: 1352, res: 1260, record: 106457 }
{ req: 518, res: 420, record: 18164 }
{ req: 1367, res: 1270, record: 110715 }
{ req: 1376, res: 1280, record: 119854 }
{ req: 527, res: 430, record: 18197 }
{ req: 1388, res: 1290, record: 125852 }
{ req: 1398, res: 1300, record: 131141 }
{ req: 538, res: 440, record: 18472 }
{ req: 1409, res: 1310, record: 136358 }
{ req: 1417, res: 1320, record: 146582 }
{ req: 548, res: 450, record: 18478 }
{ req: 1424, res: 1330, record: 150274 }
{ req: 559, res: 460, record: 18634 }
{ req: 1439, res: 1340, record: 154880 }
{ req: 568, res: 470, record: 18718 }
{ req: 1445, res: 1350, record: 161706 }
{ req: 1457, res: 1360, record: 173117 }
{ req: 577, res: 480, record: 18891 }
{ req: 1463, res: 1370, record: 175667 }
{ req: 588, res: 490, record: 18935 }
{ req: 1477, res: 1380, record: 186995 }
{ req: 1487, res: 1390, record: 194540 }
{ req: 1496, res: 1400, record: 198765 }
{ req: 599, res: 500, record: 18936 }
{ req: 1508, res: 1410, record: 200930 }
{ req: 609, res: 510, record: 18957 }
{ req: 1519, res: 1420, record: 208566 }
{ req: 1528, res: 1430, record: 214873 }
{ req: 1532, res: 1440, record: 218058 }
{ req: 619, res: 520, record: 18971 }
{ req: 1546, res: 1450, record: 219912 }
{ req: 1555, res: 1460, record: 224844 }
{ req: 627, res: 530, record: 19032 }
{ req: 1564, res: 1470, record: 227138 }
{ req: 1579, res: 1480, record: 230664 }
{ req: 638, res: 540, record: 19064 }
{ req: 1585, res: 1490, record: 232661 }
{ req: 1596, res: 1500, record: 236051 }
{ req: 648, res: 550, record: 19074 }
{ req: 1596, res: 1510, record: 247826 }
{ req: 658, res: 560, record: 19080 }
{ req: 1596, res: 1520, record: 250767 }
{ req: 669, res: 570, record: 19100 }
{ req: 1596, res: 1530, record: 257392 }
{ req: 679, res: 580, record: 19112 }
{ req: 1596, res: 1540, record: 275061 }
{ req: 1596, res: 1550, record: 283445 }
{ req: 689, res: 590, record: 19164 }
{ req: 699, res: 600, record: 19830 }
{ req: 1596, res: 1560, record: 292658 }
{ req: 1596, res: 1570, record: 298453 }
{ req: 708, res: 610, record: 19848 }
{ req: 718, res: 620, record: 19866 }
{ req: 1596, res: 1580, record: 299149 }
{ req: 728, res: 630, record: 19904 }
{ req: 738, res: 640, record: 19921 }
{ req: 1596, res: 1590, record: 303524 }
{ req: 747, res: 650, record: 20010 }
[32m[2023-04-27T10:35:42.214] [INFO] default - [39mDone 20230427 59.146 ms
{ req: 758, res: 660, record: 20172 }
{ req: 769, res: 670, record: 20257 }
{ req: 779, res: 680, record: 20271 }
{ req: 787, res: 690, record: 20380 }
{ req: 798, res: 700, record: 20727 }
{ req: 809, res: 710, record: 20832 }
{ req: 819, res: 720, record: 20895 }
{ req: 829, res: 730, record: 20928 }
{ req: 839, res: 740, record: 20930 }
{ req: 847, res: 750, record: 21114 }
{ req: 858, res: 760, record: 21236 }
{ req: 869, res: 770, record: 21331 }
{ req: 877, res: 780, record: 21333 }
{ req: 887, res: 790, record: 21643 }
{ req: 897, res: 800, record: 21684 }
{ req: 908, res: 810, record: 21737 }
{ req: 919, res: 820, record: 21828 }
{ req: 928, res: 830, record: 22429 }
{ req: 937, res: 840, record: 22511 }
{ req: 948, res: 850, record: 22594 }
{ req: 959, res: 860, record: 22868 }
{ req: 967, res: 870, record: 22889 }
{ req: 979, res: 880, record: 22908 }
{ req: 987, res: 890, record: 22913 }
{ req: 999, res: 900, record: 22929 }
{ req: 1007, res: 910, record: 23105 }
{ req: 1019, res: 920, record: 23210 }
{ req: 1029, res: 930, record: 23239 }
{ req: 1039, res: 940, record: 23250 }
{ req: 1047, res: 950, record: 23289 }
{ req: 1059, res: 960, record: 23289 }
{ req: 1067, res: 970, record: 23294 }
{ req: 1078, res: 980, record: 23552 }
{ req: 1088, res: 990, record: 23562 }
{ req: 1098, res: 1000, record: 23634 }
{ req: 1109, res: 1010, record: 23676 }
{ req: 1119, res: 1020, record: 23761 }
{ req: 1129, res: 1030, record: 24011 }
{ req: 1137, res: 1040, record: 24107 }
{ req: 1149, res: 1050, record: 24628 }
{ req: 1157, res: 1060, record: 24700 }
{ req: 1167, res: 1070, record: 24839 }
{ req: 1179, res: 1080, record: 24911 }
{ req: 1189, res: 1090, record: 25275 }
{ req: 1199, res: 1100, record: 25307 }
{ req: 1208, res: 1110, record: 25314 }
{ req: 1219, res: 1120, record: 26263 }
{ req: 1229, res: 1130, record: 28150 }
{ req: 1239, res: 1140, record: 30384 }
{ req: 1248, res: 1150, record: 31952 }
{ req: 1257, res: 1160, record: 32324 }
{ req: 1268, res: 1170, record: 34103 }
{ req: 1278, res: 1180, record: 35235 }
{ req: 1288, res: 1190, record: 37899 }
{ req: 1297, res: 1200, record: 42502 }
{ req: 1308, res: 1210, record: 45018 }
{ req: 1319, res: 1220, record: 45626 }
{ req: 1328, res: 1230, record: 48640 }
{ req: 1338, res: 1240, record: 57232 }
{ req: 1348, res: 1250, record: 59881 }
{ req: 1358, res: 1260, record: 68190 }
{ req: 1368, res: 1270, record: 70648 }
{ req: 1379, res: 1280, record: 78592 }
{ req: 1389, res: 1290, record: 82889 }
{ req: 1398, res: 1300, record: 85107 }
{ req: 1407, res: 1310, record: 87795 }
{ req: 1419, res: 1320, record: 95023 }
{ req: 1429, res: 1330, record: 97188 }
{ req: 1439, res: 1340, record: 98949 }
{ req: 1449, res: 1350, record: 102533 }
{ req: 1458, res: 1360, record: 105111 }
{ req: 1469, res: 1370, record: 110290 }
{ req: 1479, res: 1380, record: 114332 }
{ req: 1489, res: 1390, record: 115423 }
{ req: 1499, res: 1400, record: 116891 }
{ req: 1508, res: 1410, record: 121022 }
{ req: 1519, res: 1420, record: 121727 }
{ req: 1529, res: 1430, record: 122215 }
{ req: 1539, res: 1440, record: 124879 }
{ req: 1547, res: 1450, record: 130322 }
{ req: 1558, res: 1460, record: 132096 }
{ req: 1568, res: 1470, record: 134052 }
{ req: 1579, res: 1480, record: 143274 }
{ req: 1588, res: 1490, record: 148354 }
{ req: 1596, res: 1500, record: 151426 }
{ req: 1596, res: 1510, record: 157645 }
{ req: 1596, res: 1520, record: 158353 }
{ req: 1596, res: 1530, record: 158800 }
{ req: 1596, res: 1540, record: 158976 }
{ req: 1596, res: 1550, record: 161820 }
{ req: 1596, res: 1560, record: 163224 }
{ req: 1596, res: 1570, record: 163945 }
{ req: 1596, res: 1580, record: 164888 }
{ req: 1596, res: 1590, record: 165278 }
[32m[2023-04-27T10:37:15.219] [INFO] default - [39mDone 20230427 151.794 ms
