┌─────────┬─────┬─────┬─────┬─────┬───────┬───────────┬───────────┬─────────┬───────────┬───────────┬───────┬──────────┬───────────────┬────────────────────────────┬──────┬──────┬─────┬──────────┬──────────┬────────┬────────┬─────┬─────┬─────┬────────┬───────────┬───────────┬───────────────┐
│ (index) │  c  │  h  │  l  │  o  │  bu   │  val_bu   │ total_vol │ sum_vol │    val    │ acum_val  │  sd   │  val_sd  │   datetime    │            date            │ pbu  │ psd  │ puk │    bs    │    sb    │  abu   │  asd   │ auk │ rsd │ rbu │ bu-sd  │ bu-sd_val │ acum_busd │ acum_busd_val │
├─────────┼─────┼─────┼─────┼─────┼───────┼───────────┼───────────┼─────────┼───────────┼───────────┼───────┼──────────┼───────────────┼────────────────────────────┼──────┼──────┼─────┼──────────┼──────────┼────────┼────────┼─────┼─────┼─────┼────────┼───────────┼───────────┼───────────────┤
│    0    │ 7.3 │ 7.7 │ 7.3 │ 7.7 │ 35000 │ 268500000 │   35900   │  35900  │ 275070000 │ 275070000 │  900  │ 6570000  │ 1675242000000 │ '2023-02-01T09:00:00.000Z' │ 97.5 │ 2.5  │  0  │   38.9   │    0     │ 4338.9 │ 2244.4 │  0  │ 0.4 │ 8.1 │ 34100  │ 261930000 │   34100   │   261930000   │
│    1    │ 7.5 │ 7.5 │ 7.5 │ 7.5 │  100  │  750000   │   36000   │   100   │  750000   │ 275820000 │       │          │ 1675242300000 │ '2023-02-01T09:05:00.000Z' │ 100  │  0   │  0  │ Infinity │    0     │ 4338.9 │ 2244.4 │  0  │     │  0  │  100   │  750000   │   34200   │   262680000   │
│    2    │ 7.3 │ 7.3 │ 7.3 │ 7.3 │       │           │   37000   │  1000   │  7300000  │ 283120000 │ 1000  │ 7300000  │ 1675242600000 │ '2023-02-01T09:10:00.000Z' │  0   │ 100  │  0  │    0     │ Infinity │ 4338.9 │ 2244.4 │  0  │ 0.4 │     │ -1000  │ -7300000  │   33200   │   255380000   │
│    3    │ 7.3 │ 7.3 │ 7.3 │ 7.3 │       │           │   37700   │   700   │  5110000  │ 288230000 │  700  │ 5110000  │ 1675242900000 │ '2023-02-01T09:15:00.000Z' │  0   │ 100  │  0  │    0     │ Infinity │ 4338.9 │ 2244.4 │  0  │ 0.3 │     │  -700  │ -5110000  │   32500   │   250270000   │
│    4    │ 7.4 │ 7.4 │ 7.4 │ 7.4 │  500  │  3700000  │   38200   │   500   │  3700000  │ 291930000 │       │          │ 1675245300000 │ '2023-02-01T09:55:00.000Z' │ 100  │  0   │  0  │ Infinity │    0     │ 4338.9 │ 2244.4 │  0  │     │ 0.1 │  500   │  3700000  │   33000   │   253970000   │
│    5    │ 7.3 │ 7.4 │ 7.3 │ 7.4 │  400  │  2960000  │   38900   │   700   │  5150000  │ 297080000 │  300  │ 2190000  │ 1675246200000 │ '2023-02-01T10:10:00.000Z' │ 57.1 │ 42.9 │  0  │   1.3    │   0.8    │ 4338.9 │ 2244.4 │  0  │ 0.1 │ 0.1 │  100   │  770000   │   33100   │   254740000   │
│    6    │ 7.3 │ 7.3 │ 7.3 │ 7.3 │       │           │   39200   │   300   │  2190000  │ 299270000 │  300  │ 2190000  │ 1675246800000 │ '2023-02-01T10:20:00.000Z' │  0   │ 100  │  0  │    0     │ Infinity │ 4338.9 │ 2244.4 │  0  │ 0.1 │     │  -300  │ -2190000  │   32800   │   252550000   │
│    7    │ 7.4 │ 7.4 │ 7.2 │ 7.2 │ 5000  │ 36020000  │   44200   │  5000   │ 36020000  │ 335290000 │       │          │ 1675247400000 │ '2023-02-01T10:30:00.000Z' │ 100  │  0   │  0  │ Infinity │    0     │ 4338.9 │ 2244.4 │  0  │     │ 1.2 │  5000  │ 36020000  │   37800   │   288570000   │
│    8    │ 7.4 │ 7.4 │ 7.1 │ 7.1 │  100  │  740000   │   57300   │  13100  │ 93040000  │ 428330000 │ 13000 │ 92300000 │ 1675249800000 │ '2023-02-01T11:10:00.000Z' │ 0.8  │ 99.2 │  0  │    0     │   130    │ 4338.9 │ 2244.4 │  0  │ 5.8 │  0  │ -12900 │ -91560000 │   24900   │   197010000   │
│    9    │ 7.4 │ 7.4 │  7  │  7  │  200  │  1480000  │   63600   │  6300   │ 44180000  │ 472510000 │ 6100  │ 42700000 │ 1675250400000 │ '2023-02-01T11:20:00.000Z' │ 3.2  │ 96.8 │  0  │    0     │   30.5   │ 4338.9 │ 2244.4 │  0  │ 2.7 │  0  │ -5900  │ -41220000 │   19000   │   155790000   │
│   10    │ 7.4 │ 7.4 │  7  │ 7.3 │ 33100 │ 241640000 │  104400   │  40800  │ 295540000 │ 768050000 │ 7700  │ 53900000 │ 1675256400000 │ '2023-02-01T13:00:00.000Z' │ 81.1 │ 18.9 │  0  │   4.3    │   0.2    │ 4338.9 │ 2244.4 │  0  │ 3.4 │ 7.6 │ 25400  │ 187740000 │   44400   │   343530000   │
│   11    │ 7.4 │ 7.4 │ 7.4 │ 7.4 │ 3300  │ 24420000  │  107700   │  3300   │ 24420000  │ 792470000 │       │          │ 1675257000000 │ '2023-02-01T13:10:00.000Z' │ 100  │  0   │  0  │ Infinity │    0     │ 4338.9 │ 2244.4 │  0  │     │ 0.8 │  3300  │ 24420000  │   47700   │   367950000   │
│   12    │ 7.3 │ 7.3 │ 7.3 │ 7.3 │  100  │  730000   │  107800   │   100   │  730000   │ 793200000 │       │          │ 1675257300000 │ '2023-02-01T13:15:00.000Z' │ 100  │  0   │  0  │ Infinity │    0     │ 4338.9 │ 2244.4 │  0  │     │  0  │  100   │  730000   │   47800   │   368680000   │
│   13    │ 7.3 │ 7.3 │ 7.1 │ 7.1 │  100  │  730000   │  110400   │  2600   │ 18480000  │ 811680000 │ 2500  │ 17750000 │ 1675257900000 │ '2023-02-01T13:25:00.000Z' │ 3.8  │ 96.2 │  0  │    0     │    25    │ 4338.9 │ 2244.4 │  0  │ 1.1 │  0  │ -2400  │ -17020000 │   45400   │   351660000   │
│   14    │  7  │  7  │  7  │  7  │       │           │  113000   │  2600   │ 18200000  │ 829880000 │ 2600  │ 18200000 │ 1675258800000 │ '2023-02-01T13:40:00.000Z' │  0   │ 100  │  0  │    0     │ Infinity │ 4338.9 │ 2244.4 │  0  │ 1.2 │     │ -2600  │ -18200000 │   42800   │   333460000   │
│   15    │ 7.1 │ 7.1 │ 7.1 │ 7.1 │       │           │  113500   │   500   │  3550000  │ 833430000 │  500  │ 3550000  │ 1675259400000 │ '2023-02-01T13:50:00.000Z' │  0   │ 100  │  0  │    0     │ Infinity │ 4338.9 │ 2244.4 │  0  │ 0.2 │     │  -500  │ -3550000  │   42300   │   329910000   │
│   16    │ 7.2 │ 7.2 │  7  │  7  │  100  │  720000   │  118400   │  4900   │ 34320000  │ 867750000 │ 4800  │ 33600000 │ 1675261800000 │ '2023-02-01T14:30:00.000Z' │  2   │  98  │  0  │    0     │    48    │ 4338.9 │ 2244.4 │  0  │ 2.1 │  0  │ -4700  │ -32880000 │   37600   │   297030000   │
│   17    │ 7.2 │ 7.2 │ 7.2 │ 7.2 │  100  │  720000   │  118500   │   100   │  720000   │ 868470000 │       │          │ 1675262100000 │ '2023-02-01T14:35:00.000Z' │ 100  │  0   │  0  │ Infinity │    0     │ 4338.9 │ 2244.4 │  0  │     │  0  │  100   │  720000   │   37700   │   297750000   │
└─────────┴─────┴─────┴─────┴─────┴───────┴───────────┴───────────┴─────────┴───────────┴───────────┴───────┴──────────┴───────────────┴────────────────────────────┴──────┴──────┴─────┴──────────┴──────────┴────────┴────────┴─────┴─────┴─────┴────────┴───────────┴───────────┴───────────────┘

