┌─────────┬──────┬──────┬──────┬──────┬──────┬───────────┬───────────┬─────────┬───────────┬────────────┬───────────────┬────────────────────────────┬─────┬─────┬─────┬──────────┬──────────┬───────┬───────┬─────┬─────┬───────┬────────────┬───────────┬───────────────┬──────┬───────────┬─────┐
│ (index) │  c   │  h   │  l   │  o   │  bu  │  val_bu   │ total_vol │ sum_vol │    val    │  acum_val  │   datetime    │            date            │ pbu │ psd │ puk │    bs    │    sb    │  abu  │  asd  │ auk │ rbu │ bu-sd │ bu-sd_val  │ acum_busd │ acum_busd_val │  sd  │  val_sd   │ rsd │
├─────────┼──────┼──────┼──────┼──────┼──────┼───────────┼───────────┼─────────┼───────────┼────────────┼───────────────┼────────────────────────────┼─────┼─────┼─────┼──────────┼──────────┼───────┼───────┼─────┼─────┼───────┼────────────┼───────────┼───────────────┼──────┼───────────┼─────┤
│    0    │ 95.9 │ 95.9 │ 95.9 │ 95.9 │ 2100 │ 201390000 │   2100    │  2100   │ 201390000 │ 201390000  │ 1675242840000 │ '2023-02-01T09:14:00.000Z' │ 100 │  0  │  0  │ Infinity │    0     │ 278.9 │ 305.3 │  0  │ 7.5 │ 2100  │ 201390000  │   2100    │   201390000   │      │           │     │
│    1    │  95  │  95  │  95  │  95  │      │           │   2200    │   100   │  9500000  │ 210890000  │ 1675244040000 │ '2023-02-01T09:34:00.000Z' │  0  │ 100 │  0  │    0     │ Infinity │ 278.9 │ 305.3 │  0  │     │ -100  │  -9500000  │   2000    │   191890000   │ 100  │  9500000  │ 0.3 │
│    2    │  95  │  95  │  95  │  95  │      │           │   2400    │   200   │ 19000000  │ 229890000  │ 1675244160000 │ '2023-02-01T09:36:00.000Z' │  0  │ 100 │  0  │    0     │ Infinity │ 278.9 │ 305.3 │  0  │     │ -200  │ -19000000  │   1800    │   172890000   │ 200  │ 19000000  │ 0.7 │
│    3    │ 94.8 │ 94.8 │ 94.8 │ 94.8 │      │           │   3500    │  1100   │ 104280000 │ 334170000  │ 1675244520000 │ '2023-02-01T09:42:00.000Z' │  0  │ 100 │  0  │    0     │ Infinity │ 278.9 │ 305.3 │  0  │     │ -1100 │ -104280000 │    700    │   68610000    │ 1100 │ 104280000 │ 3.6 │
│    4    │ 94.8 │ 94.8 │ 94.8 │ 94.8 │      │           │   4100    │   600   │ 56880000  │ 391050000  │ 1675244640000 │ '2023-02-01T09:44:00.000Z' │  0  │ 100 │  0  │    0     │ Infinity │ 278.9 │ 305.3 │  0  │     │ -600  │ -56880000  │    100    │   11730000    │ 600  │ 56880000  │  2  │
│    5    │ 94.8 │ 94.8 │ 94.8 │ 94.8 │ 100  │  9480000  │   4200    │   100   │  9480000  │ 400530000  │ 1675246560000 │ '2023-02-01T10:16:00.000Z' │ 100 │  0  │  0  │ Infinity │    0     │ 278.9 │ 305.3 │  0  │ 0.4 │  100  │  9480000   │    200    │   21210000    │      │           │     │
│    6    │ 94.8 │ 94.9 │ 94.8 │ 94.9 │ 600  │ 56890000  │   4800    │   600   │ 56890000  │ 457420000  │ 1675246680000 │ '2023-02-01T10:18:00.000Z' │ 100 │  0  │  0  │ Infinity │    0     │ 278.9 │ 305.3 │  0  │ 2.2 │  600  │  56890000  │    800    │   78100000    │      │           │     │
│    7    │ 94.8 │ 94.8 │ 94.8 │ 94.8 │ 1000 │ 94800000  │   5800    │  1000   │ 94800000  │ 552220000  │ 1675247280000 │ '2023-02-01T10:28:00.000Z' │ 100 │  0  │  0  │ Infinity │    0     │ 278.9 │ 305.3 │  0  │ 3.6 │ 1000  │  94800000  │   1800    │   172900000   │      │           │     │
│    8    │ 94.7 │ 94.7 │ 94.7 │ 94.7 │ 1000 │ 94700000  │   6800    │  1000   │ 94700000  │ 646920000  │ 1675248000000 │ '2023-02-01T10:40:00.000Z' │ 100 │  0  │  0  │ Infinity │    0     │ 278.9 │ 305.3 │  0  │ 3.6 │ 1000  │  94700000  │   2800    │   267600000   │      │           │     │
│    9    │ 94.7 │ 94.7 │ 94.7 │ 94.7 │ 300  │ 28410000  │   7100    │   300   │ 28410000  │ 675330000  │ 1675248120000 │ '2023-02-01T10:42:00.000Z' │ 100 │  0  │  0  │ Infinity │    0     │ 278.9 │ 305.3 │  0  │ 1.1 │  300  │  28410000  │   3100    │   296010000   │      │           │     │
│   10    │ 94.8 │ 94.8 │ 94.8 │ 94.8 │      │           │   7500    │   400   │ 37920000  │ 713250000  │ 1675248240000 │ '2023-02-01T10:44:00.000Z' │  0  │ 100 │  0  │    0     │ Infinity │ 278.9 │ 305.3 │  0  │     │ -400  │ -37920000  │   2700    │   258090000   │ 400  │ 37920000  │ 1.3 │
│   11    │ 93.6 │ 94.5 │ 93.6 │ 94.5 │      │           │   7900    │   400   │ 37620000  │ 750870000  │ 1675248600000 │ '2023-02-01T10:50:00.000Z' │  0  │ 100 │  0  │    0     │ Infinity │ 278.9 │ 305.3 │  0  │     │ -400  │ -37620000  │   2300    │   220470000   │ 400  │ 37620000  │ 1.3 │
│   12    │ 94.9 │ 94.9 │ 94.8 │ 94.8 │ 200  │ 18970000  │   8100    │   200   │ 18970000  │ 769840000  │ 1675249200000 │ '2023-02-01T11:00:00.000Z' │ 100 │  0  │  0  │ Infinity │    0     │ 278.9 │ 305.3 │  0  │ 0.7 │  200  │  18970000  │   2500    │   239440000   │      │           │     │
│   13    │ 93.8 │ 93.8 │ 93.8 │ 93.8 │      │           │   8500    │   400   │ 37520000  │ 807360000  │ 1675258200000 │ '2023-02-01T13:30:00.000Z' │  0  │ 100 │  0  │    0     │ Infinity │ 278.9 │ 305.3 │  0  │     │ -400  │ -37520000  │   2100    │   201920000   │ 400  │ 37520000  │ 1.3 │
│   14    │ 93.8 │ 93.8 │ 93.8 │ 93.8 │      │           │   8600    │   100   │  9380000  │ 816740000  │ 1675260360000 │ '2023-02-01T14:06:00.000Z' │  0  │ 100 │  0  │    0     │ Infinity │ 278.9 │ 305.3 │  0  │     │ -100  │  -9380000  │   2000    │   192540000   │ 100  │  9380000  │ 0.3 │
│   15    │ 93.7 │ 93.7 │ 93.7 │ 93.7 │      │           │   9000    │   400   │ 37480000  │ 854220000  │ 1675260600000 │ '2023-02-01T14:10:00.000Z' │  0  │ 100 │  0  │    0     │ Infinity │ 278.9 │ 305.3 │  0  │     │ -400  │ -37480000  │   1600    │   155060000   │ 400  │ 37480000  │ 1.3 │
│   16    │ 93.7 │ 93.7 │ 93.7 │ 93.7 │      │           │   9600    │   600   │ 56220000  │ 910440000  │ 1675261080000 │ '2023-02-01T14:18:00.000Z' │  0  │ 100 │  0  │    0     │ Infinity │ 278.9 │ 305.3 │  0  │     │ -600  │ -56220000  │   1000    │   98840000    │ 600  │ 56220000  │  2  │
│   17    │ 93.7 │ 93.7 │ 93.7 │ 93.7 │      │           │   10600   │  1000   │ 93700000  │ 1004140000 │ 1675261320000 │ '2023-02-01T14:22:00.000Z' │  0  │ 100 │  0  │    0     │ Infinity │ 278.9 │ 305.3 │  0  │     │ -1000 │ -93700000  │     0     │    5140000    │ 1000 │ 93700000  │ 3.3 │
│   18    │ 93.8 │ 93.8 │ 93.8 │ 93.8 │      │           │   11100   │   500   │ 46900000  │ 1051040000 │ 1675262640000 │ '2023-02-01T14:44:00.000Z' │  0  │ 100 │  0  │    0     │ Infinity │ 278.9 │ 305.3 │  0  │     │ -500  │ -46900000  │   -500    │   -41760000   │ 500  │ 46900000  │ 1.6 │
└─────────┴──────┴──────┴──────┴──────┴──────┴───────────┴───────────┴─────────┴───────────┴────────────┴───────────────┴────────────────────────────┴─────┴─────┴─────┴──────────┴──────────┴───────┴───────┴─────┴─────┴───────┴────────────┴───────────┴───────────────┴──────┴───────────┴─────┘

├─────────┼──────┼──────┼──────┼──────┼──────┼───────────┼───────────┼─────────┼───────────┼────────────┼───────────────┼────────────────────────────┼─────┼─────┼─────┼──────────┼──────────┼───────┼───────┼─────┼─────┼───────┼────────────┼───────────┼───────────────┼──────┼───────────┼─────┤
│ (index) │  c   │  h   │  l   │  o   │  bu  │  val_bu   │ total_vol │ sum_vol │    val    │  acum_val  │   datetime    │            date            │ pbu │ psd │ puk │    bs    │    sb    │  abu  │  asd  │ auk │ rbu │ bu-sd │ bu-sd_val  │ acum_busd │ acum_busd_val │  sd  │  val_sd   │ rsd │
├─────────┼──────┼──────┼──────┼──────┼──────┼───────────┼───────────┼─────────┼───────────┼────────────┼───────────────┼────────────────────────────┼─────┼─────┼─────┼──────────┼──────────┼───────┼───────┼─────┼─────┼───────┼────────────┼───────────┼───────────────┼──────┼───────────┼─────┤
