┌─────────┬──────┬───────┬──────┬───────┬──────┬───────────┬───────────┬─────────┬───────────┬───────────┬───────────────┬────────────────────────────┬─────┬─────┬─────┬──────────┬──────────┬───────┬───────┬─────┬──────┬───────┬───────────┬───────────┬───────────────┬──────┬──────────┬──────┐
│ (index) │  c   │   h   │  l   │   o   │  bu  │  val_bu   │ total_vol │ sum_vol │    val    │ acum_val  │   datetime    │            date            │ pbu │ psd │ puk │    bs    │    sb    │  abu  │  asd  │ auk │ rbu  │ bu-sd │ bu-sd_val │ acum_busd │ acum_busd_val │  sd  │  val_sd  │ rsd  │
├─────────┼──────┼───────┼──────┼───────┼──────┼───────────┼───────────┼─────────┼───────────┼───────────┼───────────────┼────────────────────────────┼─────┼─────┼─────┼──────────┼──────────┼───────┼───────┼─────┼──────┼───────┼───────────┼───────────┼───────────────┼──────┼──────────┼──────┤
│    0    │ 31.6 │ 31.6  │ 31.6 │ 31.6  │ 100  │  3160000  │    100    │   100   │  3160000  │  3160000  │ 1675245120000 │ '2023-02-01T09:52:00.000Z' │ 100 │  0  │  0  │ Infinity │    0     │ 380.8 │ 134.6 │  0  │ 0.3  │  100  │  3160000  │    100    │    3160000    │      │          │      │
│    1    │  31  │  31   │  31  │  31   │      │           │    200    │   100   │  3100000  │  6260000  │ 1675245240000 │ '2023-02-01T09:54:00.000Z' │  0  │ 100 │  0  │    0     │ Infinity │ 380.8 │ 134.6 │  0  │      │ -100  │ -3100000  │     0     │     60000     │ 100  │ 3100000  │ 0.7  │
│    2    │  31  │  31   │  31  │  31   │ 100  │  3100000  │    300    │   100   │  3100000  │  9360000  │ 1675245840000 │ '2023-02-01T10:04:00.000Z' │ 100 │  0  │  0  │ Infinity │    0     │ 380.8 │ 134.6 │  0  │ 0.3  │  100  │  3100000  │    100    │    3160000    │      │          │      │
│    3    │  31  │  31   │  31  │  31   │ 5100 │ 158100000 │   5400    │  5100   │ 158100000 │ 167460000 │ 1675245960000 │ '2023-02-01T10:06:00.000Z' │ 100 │  0  │  0  │ Infinity │    0     │ 380.8 │ 134.6 │  0  │ 13.4 │ 5100  │ 158100000 │   5200    │   161260000   │      │          │      │
│    4    │  31  │  31   │  31  │  31   │ 100  │  3100000  │   5500    │   100   │  3100000  │ 170560000 │ 1675246080000 │ '2023-02-01T10:08:00.000Z' │ 100 │  0  │  0  │ Infinity │    0     │ 380.8 │ 134.6 │  0  │ 0.3  │  100  │  3100000  │   5300    │   164360000   │      │          │      │
│    5    │  31  │  31   │  31  │  31   │ 100  │  3100000  │   5600    │   100   │  3100000  │ 173660000 │ 1675246200000 │ '2023-02-01T10:10:00.000Z' │ 100 │  0  │  0  │ Infinity │    0     │ 380.8 │ 134.6 │  0  │ 0.3  │  100  │  3100000  │   5400    │   167460000   │      │          │      │
│    6    │  31  │  31   │  31  │  31   │ 100  │  3100000  │   5700    │   100   │  3100000  │ 176760000 │ 1675246440000 │ '2023-02-01T10:14:00.000Z' │ 100 │  0  │  0  │ Infinity │    0     │ 380.8 │ 134.6 │  0  │ 0.3  │  100  │  3100000  │   5500    │   170560000   │      │          │      │
│    7    │  31  │  31   │  31  │  31   │ 200  │  6200000  │   5900    │   200   │  6200000  │ 182960000 │ 1675246800000 │ '2023-02-01T10:20:00.000Z' │ 100 │  0  │  0  │ Infinity │    0     │ 380.8 │ 134.6 │  0  │ 0.5  │  200  │  6200000  │   5700    │   176760000   │      │          │      │
│    8    │ 30.8 │ 30.9  │ 30.8 │ 30.9  │      │           │   6400    │   500   │ 15410000  │ 198370000 │ 1675247400000 │ '2023-02-01T10:30:00.000Z' │  0  │ 100 │  0  │    0     │ Infinity │ 380.8 │ 134.6 │  0  │      │ -500  │ -15410000 │   5200    │   161350000   │ 500  │ 15410000 │ 3.7  │
│    9    │ 30.8 │ 30.8  │ 30.8 │ 30.8  │ 200  │  6160000  │   6600    │   200   │  6160000  │ 204530000 │ 1675248720000 │ '2023-02-01T10:52:00.000Z' │ 100 │  0  │  0  │ Infinity │    0     │ 380.8 │ 134.6 │  0  │ 0.5  │  200  │  6160000  │   5400    │   167510000   │      │          │      │
│   10    │ 30.8 │ 30.8  │ 30.8 │ 30.8  │ 300  │  9240000  │   6900    │   300   │  9240000  │ 213770000 │ 1675249440000 │ '2023-02-01T11:04:00.000Z' │ 100 │  0  │  0  │ Infinity │    0     │ 380.8 │ 134.6 │  0  │ 0.8  │  300  │  9240000  │   5700    │   176750000   │      │          │      │
│   11    │ 30.8 │ 30.8  │ 30.8 │ 30.8  │ 100  │  3080000  │   7000    │   100   │  3080000  │ 216850000 │ 1675250400000 │ '2023-02-01T11:20:00.000Z' │ 100 │  0  │  0  │ Infinity │    0     │ 380.8 │ 134.6 │  0  │ 0.3  │  100  │  3080000  │   5800    │   179830000   │      │          │      │
│   12    │ 30.8 │ 30.8  │ 30.8 │ 30.8  │ 100  │  3080000  │   7100    │   100   │  3080000  │ 219930000 │ 1675257960000 │ '2023-02-01T13:26:00.000Z' │ 100 │  0  │  0  │ Infinity │    0     │ 380.8 │ 134.6 │  0  │ 0.3  │  100  │  3080000  │   5900    │   182910000   │      │          │      │
│   13    │ 30.8 │ 30.8  │ 30.8 │ 30.8  │ 500  │ 15400000  │   7600    │   500   │ 15400000  │ 235330000 │ 1675258200000 │ '2023-02-01T13:30:00.000Z' │ 100 │  0  │  0  │ Infinity │    0     │ 380.8 │ 134.6 │  0  │ 1.3  │  500  │ 15400000  │   6400    │   198310000   │      │          │      │
│   14    │ 30.8 │ 30.8  │ 30.8 │ 30.8  │ 400  │ 12320000  │   8000    │   400   │ 12320000  │ 247650000 │ 1675258560000 │ '2023-02-01T13:36:00.000Z' │ 100 │  0  │  0  │ Infinity │    0     │ 380.8 │ 134.6 │  0  │ 1.1  │  400  │ 12320000  │   6800    │   210630000   │      │          │      │
│   15    │ 30.8 │ 30.8  │ 30.8 │ 30.8  │ 300  │  9240000  │   8300    │   300   │  9240000  │ 256890000 │ 1675258680000 │ '2023-02-01T13:38:00.000Z' │ 100 │  0  │  0  │ Infinity │    0     │ 380.8 │ 134.6 │  0  │ 0.8  │  300  │  9240000  │   7100    │   219870000   │      │          │      │
│   16    │ 30.8 │ 30.8  │ 30.8 │ 30.8  │ 200  │  6160000  │   8500    │   200   │  6160000  │ 263050000 │ 1675258920000 │ '2023-02-01T13:42:00.000Z' │ 100 │  0  │  0  │ Infinity │    0     │ 380.8 │ 134.6 │  0  │ 0.5  │  200  │  6160000  │   7300    │   226030000   │      │          │      │
│   17    │ 30.8 │ 30.8  │ 30.8 │ 30.8  │ 1000 │ 30800000  │   9500    │  1000   │ 30800000  │ 293850000 │ 1675259040000 │ '2023-02-01T13:44:00.000Z' │ 100 │  0  │  0  │ Infinity │    0     │ 380.8 │ 134.6 │  0  │ 2.6  │ 1000  │ 30800000  │   8300    │   256830000   │      │          │      │
│   18    │ 30.8 │ 30.8  │ 30.8 │ 30.8  │ 200  │  6160000  │   9700    │   200   │  6160000  │ 300010000 │ 1675259160000 │ '2023-02-01T13:46:00.000Z' │ 100 │  0  │  0  │ Infinity │    0     │ 380.8 │ 134.6 │  0  │ 0.5  │  200  │  6160000  │   8500    │   262990000   │      │          │      │
│   19    │ 30.8 │ 30.8  │ 30.8 │ 30.8  │ 100  │  3080000  │   9800    │   100   │  3080000  │ 303090000 │ 1675259280000 │ '2023-02-01T13:48:00.000Z' │ 100 │  0  │  0  │ Infinity │    0     │ 380.8 │ 134.6 │  0  │ 0.3  │  100  │  3080000  │   8600    │   266070000   │      │          │      │
│   20    │ 30.8 │ 30.8  │ 30.8 │ 30.8  │ 300  │  9240000  │   10100   │   300   │  9240000  │ 312330000 │ 1675260360000 │ '2023-02-01T14:06:00.000Z' │ 100 │  0  │  0  │ Infinity │    0     │ 380.8 │ 134.6 │  0  │ 0.8  │  300  │  9240000  │   8900    │   275310000   │      │          │      │
├─────────┼──────┼───────┼──────┼───────┼──────┼───────────┼───────────┼─────────┼───────────┼───────────┼───────────────┼────────────────────────────┼─────┼─────┼─────┼──────────┼──────────┼───────┼───────┼─────┼──────┼───────┼───────────┼───────────┼───────────────┼──────┼──────────┼──────┤
│ (index) │  c   │   h   │  l   │   o   │  bu  │  val_bu   │ total_vol │ sum_vol │    val    │ acum_val  │   datetime    │            date            │ pbu │ psd │ puk │    bs    │    sb    │  abu  │  asd  │ auk │ rbu  │ bu-sd │ bu-sd_val │ acum_busd │ acum_busd_val │  sd  │  val_sd  │ rsd  │
├─────────┼──────┼───────┼──────┼───────┼──────┼───────────┼───────────┼─────────┼───────────┼───────────┼───────────────┼────────────────────────────┼─────┼─────┼─────┼──────────┼──────────┼───────┼───────┼─────┼──────┼───────┼───────────┼───────────┼───────────────┼──────┼──────────┼──────┤
│   21    │ 30.8 │ 30.8  │ 30.8 │ 30.8  │ 200  │  6160000  │   10300   │   200   │  6160000  │ 318490000 │ 1675260600000 │ '2023-02-01T14:10:00.000Z' │ 100 │  0  │  0  │ Infinity │    0     │ 380.8 │ 134.6 │  0  │ 0.5  │  200  │  6160000  │   9100    │   281470000   │      │          │      │
│   22    │ 30.8 │ 30.8  │ 30.8 │ 30.8  │ 200  │  6160000  │   10500   │   200   │  6160000  │ 324650000 │ 1675260960000 │ '2023-02-01T14:16:00.000Z' │ 100 │  0  │  0  │ Infinity │    0     │ 380.8 │ 134.6 │  0  │ 0.5  │  200  │  6160000  │   9300    │   287630000   │      │          │      │
│   23    │ 30.7 │ 30.75 │ 30.7 │ 30.75 │      │           │   11200   │   700   │ 21500000  │ 346150000 │ 1675261320000 │ '2023-02-01T14:22:00.000Z' │  0  │ 100 │  0  │    0     │ Infinity │ 380.8 │ 134.6 │  0  │      │ -700  │ -21500000 │   8600    │   266130000   │ 700  │ 21500000 │ 5.2  │
│   24    │ 30.7 │ 30.7  │ 30.7 │ 30.7  │      │           │   11300   │   100   │  3070000  │ 349220000 │ 1675261680000 │ '2023-02-01T14:28:00.000Z' │  0  │ 100 │  0  │    0     │ Infinity │ 380.8 │ 134.6 │  0  │      │ -100  │ -3070000  │   8500    │   263060000   │ 100  │ 3070000  │ 0.7  │
│   25    │  30  │  30   │  30  │  30   │      │           │   13400   │  2100   │ 63000000  │ 412220000 │ 1675262640000 │ '2023-02-01T14:44:00.000Z' │  0  │ 100 │  0  │    0     │ Infinity │ 380.8 │ 134.6 │  0  │      │ -2100 │ -63000000 │   6400    │   200060000   │ 2100 │ 63000000 │ 15.6 │
└─────────┴──────┴───────┴──────┴───────┴──────┴───────────┴───────────┴─────────┴───────────┴───────────┴───────────────┴────────────────────────────┴─────┴─────┴─────┴──────────┴──────────┴───────┴───────┴─────┴──────┴───────┴───────────┴───────────┴───────────────┴──────┴──────────┴──────┘

