┌─────────┬──────┬──────┬──────┬──────┬──────┬───────────┬───────────┬─────────┬───────────┬────────────┬───────────────┬────────────────────────────┬──────┬──────┬─────┬──────────┬──────────┬────────┬───────┬─────┬─────┬───────┬───────────┬───────────┬───────────────┬──────┬───────────┬─────┐
│ (index) │  c   │  h   │  l   │  o   │  sd  │  val_sd   │ total_vol │ sum_vol │    val    │  acum_val  │   datetime    │            date            │ pbu  │ psd  │ puk │    bs    │    sb    │  abu   │  asd  │ auk │ rsd │ bu-sd │ bu-sd_val │ acum_busd │ acum_busd_val │  bu  │  val_bu   │ rbu │
├─────────┼──────┼──────┼──────┼──────┼──────┼───────────┼───────────┼─────────┼───────────┼────────────┼───────────────┼────────────────────────────┼──────┼──────┼─────┼──────────┼──────────┼────────┼───────┼─────┼─────┼───────┼───────────┼───────────┼───────────────┼──────┼───────────┼─────┤
│    0    │  42  │  42  │  42  │  42  │ 300  │   12600   │    300    │   300   │   12600   │   12600    │ 1675242720000 │ '2023-02-01T09:12:00.000Z' │  0   │ 100  │  0  │    0     │ Infinity │ 1115.4 │ 310.3 │  0  │  1  │ -300  │  -12600   │   -300    │    -12600     │      │           │     │
│    1    │ 42.2 │ 42.2 │ 42.1 │ 42.1 │      │           │   1600    │  1300   │ 54800000  │  54812600  │ 1675243320000 │ '2023-02-01T09:22:00.000Z' │ 100  │  0   │  0  │ Infinity │    0     │ 1115.4 │ 310.3 │  0  │     │ 1300  │ 54800000  │   1000    │   54787400    │ 1300 │ 54800000  │ 1.2 │
│    2    │ 42.1 │ 42.2 │ 42.1 │ 42.2 │ 700  │ 29500000  │   2300    │   700   │ 29500000  │  84312600  │ 1675243560000 │ '2023-02-01T09:26:00.000Z' │  0   │ 100  │  0  │    0     │ Infinity │ 1115.4 │ 310.3 │  0  │ 2.3 │ -700  │ -29500000 │    300    │   25287400    │      │           │     │
│    3    │ 41.9 │  42  │ 41.9 │  42  │ 500  │ 12578400  │   2800    │   500   │ 12578400  │  96891000  │ 1675243680000 │ '2023-02-01T09:28:00.000Z' │  0   │ 100  │  0  │    0     │ Infinity │ 1115.4 │ 310.3 │  0  │ 1.6 │ -500  │ -12578400 │   -200    │   12709000    │      │           │     │
│    4    │ 42.1 │ 42.1 │ 41.9 │ 41.9 │ 800  │ 21022600  │   3600    │   800   │ 21022600  │ 117913600  │ 1675244760000 │ '2023-02-01T09:46:00.000Z' │  0   │ 100  │  0  │    0     │ Infinity │ 1115.4 │ 310.3 │  0  │ 2.6 │ -800  │ -21022600 │   -1000   │   -8313600    │      │           │     │
│    5    │ 42.2 │ 42.2 │ 42.2 │ 42.2 │      │           │   5300    │  1700   │ 71740000  │ 189653600  │ 1675245240000 │ '2023-02-01T09:54:00.000Z' │ 100  │  0   │  0  │ Infinity │    0     │ 1115.4 │ 310.3 │  0  │     │ 1700  │ 71740000  │    700    │   63426400    │ 1700 │ 71740000  │ 1.5 │
│    6    │ 42.2 │ 42.2 │ 42.2 │ 42.2 │      │           │   6400    │  1100   │ 46420000  │ 236073600  │ 1675245360000 │ '2023-02-01T09:56:00.000Z' │ 100  │  0   │  0  │ Infinity │    0     │ 1115.4 │ 310.3 │  0  │     │ 1100  │ 46420000  │   1800    │   109846400   │ 1100 │ 46420000  │  1  │
│    7    │ 42.1 │ 42.1 │ 42.1 │ 42.1 │      │           │   6600    │   200   │  8420000  │ 244493600  │ 1675246080000 │ '2023-02-01T10:08:00.000Z' │ 100  │  0   │  0  │ Infinity │    0     │ 1115.4 │ 310.3 │  0  │     │  200  │  8420000  │   2000    │   118266400   │ 200  │  8420000  │ 0.2 │
│    8    │ 42.3 │ 42.3 │ 42.1 │ 42.1 │ 2100 │ 88540000  │   11400   │  4800   │ 202750000 │ 447243600  │ 1675246680000 │ '2023-02-01T10:18:00.000Z' │ 56.3 │ 43.8 │  0  │   1.3    │   0.8    │ 1115.4 │ 310.3 │  0  │ 6.8 │  600  │ 25670000  │   2600    │   143936400   │ 2700 │ 114210000 │ 2.4 │
│    9    │ 42.3 │ 42.3 │ 42.3 │ 42.3 │      │           │   12400   │  1000   │ 42300000  │ 489543600  │ 1675246800000 │ '2023-02-01T10:20:00.000Z' │ 100  │  0   │  0  │ Infinity │    0     │ 1115.4 │ 310.3 │  0  │     │ 1000  │ 42300000  │   3600    │   186236400   │ 1000 │ 42300000  │ 0.9 │
│   10    │ 42.3 │ 42.3 │ 42.3 │ 42.3 │ 800  │ 33840000  │   13200   │   800   │ 33840000  │ 523383600  │ 1675247160000 │ '2023-02-01T10:26:00.000Z' │  0   │ 100  │  0  │    0     │ Infinity │ 1115.4 │ 310.3 │  0  │ 2.6 │ -800  │ -33840000 │   2800    │   152396400   │      │           │     │
│   11    │ 42.4 │ 42.4 │ 42.4 │ 42.4 │      │           │   14300   │  1100   │ 46640000  │ 570023600  │ 1675247280000 │ '2023-02-01T10:28:00.000Z' │ 100  │  0   │  0  │ Infinity │    0     │ 1115.4 │ 310.3 │  0  │     │ 1100  │ 46640000  │   3900    │   199036400   │ 1100 │ 46640000  │  1  │
│   12    │ 42.5 │ 42.5 │ 42.5 │ 42.5 │      │           │   16500   │  2200   │ 93500000  │ 663523600  │ 1675247400000 │ '2023-02-01T10:30:00.000Z' │ 100  │  0   │  0  │ Infinity │    0     │ 1115.4 │ 310.3 │  0  │     │ 2200  │ 93500000  │   6100    │   292536400   │ 2200 │ 93500000  │  2  │
│   13    │ 42.5 │ 42.5 │ 42.5 │ 42.5 │ 300  │ 12750000  │   19600   │  3100   │ 131750000 │ 795273600  │ 1675247760000 │ '2023-02-01T10:36:00.000Z' │ 90.3 │ 9.7  │  0  │   9.3    │   0.1    │ 1115.4 │ 310.3 │  0  │  1  │ 2500  │ 106250000 │   8600    │   398786400   │ 2800 │ 119000000 │ 2.5 │
│   14    │ 42.4 │ 42.4 │ 42.4 │ 42.4 │      │           │   20000   │   400   │ 16960000  │ 812233600  │ 1675248120000 │ '2023-02-01T10:42:00.000Z' │ 100  │  0   │  0  │ Infinity │    0     │ 1115.4 │ 310.3 │  0  │     │  400  │ 16960000  │   9000    │   415746400   │ 400  │ 16960000  │ 0.4 │
│   15    │ 42.3 │ 42.3 │ 42.3 │ 42.3 │ 300  │ 12690000  │   22200   │  2200   │ 93060000  │ 905293600  │ 1675248840000 │ '2023-02-01T10:54:00.000Z' │ 86.4 │ 13.6 │  0  │   6.3    │   0.2    │ 1115.4 │ 310.3 │  0  │  1  │ 1600  │ 67680000  │   10600   │   483426400   │ 1900 │ 80370000  │ 1.7 │
│   16    │ 42.3 │ 42.3 │ 42.3 │ 42.3 │      │           │   22500   │   300   │ 12690000  │ 917983600  │ 1675248960000 │ '2023-02-01T10:56:00.000Z' │ 100  │  0   │  0  │ Infinity │    0     │ 1115.4 │ 310.3 │  0  │     │  300  │ 12690000  │   10900   │   496116400   │ 300  │ 12690000  │ 0.3 │
│   17    │ 42.2 │ 42.2 │ 42.2 │ 42.2 │ 200  │  8440000  │   22700   │   200   │  8440000  │ 926423600  │ 1675249920000 │ '2023-02-01T11:12:00.000Z' │  0   │ 100  │  0  │    0     │ Infinity │ 1115.4 │ 310.3 │  0  │ 0.6 │ -200  │ -8440000  │   10700   │   487676400   │      │           │     │
│   18    │ 42.4 │ 42.4 │ 42.2 │ 42.2 │ 2500 │ 105620000 │   26700   │  4000   │ 169220000 │ 1095643600 │ 1675250040000 │ '2023-02-01T11:14:00.000Z' │ 37.5 │ 62.5 │  0  │   0.6    │   1.7    │ 1115.4 │ 310.3 │  0  │ 8.1 │ -1000 │ -42020000 │   9700    │   445656400   │ 1500 │ 63600000  │ 1.3 │
│   19    │ 42.5 │ 42.5 │ 42.4 │ 42.4 │ 600  │ 25480000  │   27300   │   600   │ 25480000  │ 1121123600 │ 1675250400000 │ '2023-02-01T11:20:00.000Z' │  0   │ 100  │  0  │    0     │ Infinity │ 1115.4 │ 310.3 │  0  │ 1.9 │ -600  │ -25480000 │   9100    │   420176400   │      │           │     │
│   20    │ 42.4 │ 42.5 │ 42.4 │ 42.5 │      │           │   27700   │   400   │ 16970000  │ 1138093600 │ 1675250880000 │ '2023-02-01T11:28:00.000Z' │ 100  │  0   │  0  │ Infinity │    0     │ 1115.4 │ 310.3 │  0  │     │  400  │ 16970000  │   9500    │   437146400   │ 400  │ 16970000  │ 0.4 │
├─────────┼──────┼──────┼──────┼──────┼──────┼───────────┼───────────┼─────────┼───────────┼────────────┼───────────────┼────────────────────────────┼──────┼──────┼─────┼──────────┼──────────┼────────┼───────┼─────┼─────┼───────┼───────────┼───────────┼───────────────┼──────┼───────────┼─────┤
│ (index) │  c   │  h   │  l   │  o   │  sd  │  val_sd   │ total_vol │ sum_vol │    val    │  acum_val  │   datetime    │            date            │ pbu  │ psd  │ puk │    bs    │    sb    │  abu   │  asd  │ auk │ rsd │ bu-sd │ bu-sd_val │ acum_busd │ acum_busd_val │  bu  │  val_bu   │ rbu │
├─────────┼──────┼──────┼──────┼──────┼──────┼───────────┼───────────┼─────────┼───────────┼────────────┼───────────────┼────────────────────────────┼──────┼──────┼─────┼──────────┼──────────┼────────┼───────┼─────┼─────┼───────┼───────────┼───────────┼───────────────┼──────┼───────────┼─────┤
│   21    │ 42.2 │ 42.3 │ 42.2 │ 42.3 │      │           │   28200   │   500   │ 21130000  │ 1159223600 │ 1675256880000 │ '2023-02-01T13:08:00.000Z' │ 100  │  0   │  0  │ Infinity │    0     │ 1115.4 │ 310.3 │  0  │     │  500  │ 21130000  │   10000   │   458276400   │ 500  │ 21130000  │ 0.4 │
│   22    │ 42.2 │ 42.2 │ 42.2 │ 42.2 │      │           │   29200   │  1000   │ 42200000  │ 1201423600 │ 1675257480000 │ '2023-02-01T13:18:00.000Z' │ 100  │  0   │  0  │ Infinity │    0     │ 1115.4 │ 310.3 │  0  │     │ 1000  │ 42200000  │   11000   │   500476400   │ 1000 │ 42200000  │ 0.9 │
│   23    │ 42.2 │ 42.2 │ 42.2 │ 42.2 │ 500  │ 21100000  │   30700   │  1500   │ 63300000  │ 1264723600 │ 1675257600000 │ '2023-02-01T13:20:00.000Z' │ 66.7 │ 33.3 │  0  │    2     │   0.5    │ 1115.4 │ 310.3 │  0  │ 1.6 │  500  │ 21100000  │   11500   │   521576400   │ 1000 │ 42200000  │ 0.9 │
│   24    │ 42.3 │ 42.3 │ 42.3 │ 42.3 │      │           │   32500   │  1800   │ 76140000  │ 1340863600 │ 1675258080000 │ '2023-02-01T13:28:00.000Z' │ 100  │  0   │  0  │ Infinity │    0     │ 1115.4 │ 310.3 │  0  │     │ 1800  │ 76140000  │   13300   │   597716400   │ 1800 │ 76140000  │ 1.6 │
│   25    │ 42.3 │ 42.3 │ 42.3 │ 42.3 │      │           │   35200   │  2700   │ 114210000 │ 1455073600 │ 1675258560000 │ '2023-02-01T13:36:00.000Z' │ 100  │  0   │  0  │ Infinity │    0     │ 1115.4 │ 310.3 │  0  │     │ 2700  │ 114210000 │   16000   │   711926400   │ 2700 │ 114210000 │ 2.4 │
│   26    │ 42.5 │ 42.5 │ 42.4 │ 42.4 │      │           │   36900   │  1700   │ 72130000  │ 1527203600 │ 1675259040000 │ '2023-02-01T13:44:00.000Z' │ 100  │  0   │  0  │ Infinity │    0     │ 1115.4 │ 310.3 │  0  │     │ 1700  │ 72130000  │   17700   │   784056400   │ 1700 │ 72130000  │ 1.5 │
│   27    │ 42.5 │ 42.6 │ 42.5 │ 42.6 │ 700  │ 29760000  │   39000   │  2100   │ 89400000  │ 1616603600 │ 1675259160000 │ '2023-02-01T13:46:00.000Z' │ 66.7 │ 33.3 │  0  │    2     │   0.5    │ 1115.4 │ 310.3 │  0  │ 2.3 │  700  │ 29880000  │   18400   │   813936400   │ 1400 │ 59640000  │ 1.3 │
│   28    │ 42.6 │ 42.6 │ 42.6 │ 42.6 │      │           │   42200   │  3200   │ 136320000 │ 1752923600 │ 1675259400000 │ '2023-02-01T13:50:00.000Z' │ 100  │  0   │  0  │ Infinity │    0     │ 1115.4 │ 310.3 │  0  │     │ 3200  │ 136320000 │   21600   │   950256400   │ 3200 │ 136320000 │ 2.9 │
│   29    │ 42.3 │ 42.5 │ 42.3 │ 42.5 │ 1000 │ 42380000  │   43200   │  1000   │ 42380000  │ 1795303600 │ 1675259640000 │ '2023-02-01T13:54:00.000Z' │  0   │ 100  │  0  │    0     │ Infinity │ 1115.4 │ 310.3 │  0  │ 3.2 │ -1000 │ -42380000 │   20600   │   907876400   │      │           │     │
│   30    │ 42.3 │ 42.3 │ 42.3 │ 42.3 │      │           │   46100   │  2900   │ 122670000 │ 1917973600 │ 1675259880000 │ '2023-02-01T13:58:00.000Z' │ 100  │  0   │  0  │ Infinity │    0     │ 1115.4 │ 310.3 │  0  │     │ 2900  │ 122670000 │   23500   │  1030546400   │ 2900 │ 122670000 │ 2.6 │
│   31    │ 42.2 │ 42.2 │ 42.2 │ 42.2 │      │           │   46800   │   700   │ 29540000  │ 1947513600 │ 1675260360000 │ '2023-02-01T14:06:00.000Z' │ 100  │  0   │  0  │ Infinity │    0     │ 1115.4 │ 310.3 │  0  │     │  700  │ 29540000  │   24200   │  1060086400   │ 700  │ 29540000  │ 0.6 │
│   32    │ 42.2 │ 42.2 │ 42.2 │ 42.2 │      │           │   48300   │  1500   │ 63300000  │ 2010813600 │ 1675260480000 │ '2023-02-01T14:08:00.000Z' │ 100  │  0   │  0  │ Infinity │    0     │ 1115.4 │ 310.3 │  0  │     │ 1500  │ 63300000  │   25700   │  1123386400   │ 1500 │ 63300000  │ 1.3 │
│   33    │ 42.1 │ 42.1 │ 42.1 │ 42.1 │      │           │   48500   │   200   │  8420000  │ 2019233600 │ 1675261080000 │ '2023-02-01T14:18:00.000Z' │ 100  │  0   │  0  │ Infinity │    0     │ 1115.4 │ 310.3 │  0  │     │  200  │  8420000  │   25900   │  1131806400   │ 200  │  8420000  │ 0.2 │
│   34    │ 42.1 │ 42.1 │ 42.1 │ 42.1 │      │           │   51600   │  3100   │ 130510000 │ 2149743600 │ 1675261200000 │ '2023-02-01T14:20:00.000Z' │ 100  │  0   │  0  │ Infinity │    0     │ 1115.4 │ 310.3 │  0  │     │ 3100  │ 130510000 │   29000   │  1262316400   │ 3100 │ 130510000 │ 2.8 │
│   35    │ 42.1 │ 42.1 │ 42.1 │ 42.1 │      │           │   51900   │   300   │ 12630000  │ 2162373600 │ 1675261320000 │ '2023-02-01T14:22:00.000Z' │ 100  │  0   │  0  │ Infinity │    0     │ 1115.4 │ 310.3 │  0  │     │  300  │ 12630000  │   29300   │  1274946400   │ 300  │ 12630000  │ 0.3 │
│   36    │ 42.1 │ 42.1 │ 42.1 │ 42.1 │      │           │   53600   │  1700   │ 71570000  │ 2233943600 │ 1675262040000 │ '2023-02-01T14:34:00.000Z' │ 100  │  0   │  0  │ Infinity │    0     │ 1115.4 │ 310.3 │  0  │     │ 1700  │ 71570000  │   31000   │  1346516400   │ 1700 │ 71570000  │ 1.5 │
│   37    │  42  │  42  │  42  │  42  │      │           │   53800   │   200   │   8400    │ 2233952000 │ 1675262640000 │ '2023-02-01T14:44:00.000Z' │ 100  │  0   │  0  │ Infinity │    0     │ 1115.4 │ 310.3 │  0  │     │  200  │   8400    │   31200   │  1346524800   │ 200  │   8400    │ 0.2 │
│   38    │ 42.1 │ 42.1 │  42  │  42  │ 800  │   33600   │   55600   │  1800   │ 42133600  │ 2276085600 │ 1675262760000 │ '2023-02-01T14:46:00.000Z' │ 55.6 │ 44.4 │  0  │   1.3    │   0.8    │ 1115.4 │ 310.3 │  0  │ 2.6 │  200  │ 42066400  │   31400   │  1388591200   │ 1000 │ 42100000  │ 0.9 │
└─────────┴──────┴──────┴──────┴──────┴──────┴───────────┴───────────┴─────────┴───────────┴────────────┴───────────────┴────────────────────────────┴──────┴──────┴─────┴──────────┴──────────┴────────┴───────┴─────┴─────┴───────┴───────────┴───────────┴───────────────┴──────┴───────────┴─────┘

├─────────┼──────┼──────┼──────┼──────┼──────┼───────────┼───────────┼─────────┼───────────┼────────────┼───────────────┼────────────────────────────┼──────┼──────┼─────┼──────────┼──────────┼────────┼───────┼─────┼─────┼───────┼───────────┼───────────┼───────────────┼──────┼───────────┼─────┤
│ (index) │  c   │  h   │  l   │  o   │  sd  │  val_sd   │ total_vol │ sum_vol │    val    │  acum_val  │   datetime    │            date            │ pbu  │ psd  │ puk │    bs    │    sb    │  abu   │  asd  │ auk │ rsd │ bu-sd │ bu-sd_val │ acum_busd │ acum_busd_val │  bu  │  val_bu   │ rbu │
├─────────┼──────┼──────┼──────┼──────┼──────┼───────────┼───────────┼─────────┼───────────┼────────────┼───────────────┼────────────────────────────┼──────┼──────┼─────┼──────────┼──────────┼────────┼───────┼─────┼─────┼───────┼───────────┼───────────┼───────────────┼──────┼───────────┼─────┤
