┌─────────┬───────────────┬─────────┬──────────┬──────────┬──────────────┬──────────────┬──────────────┬──────────┬──────────────┬────────────────────────────┬───────────────┬───────────┬──────────┬──────────────┬───────────┬───────────────┐
│ (index) │   datetime    │   sd    │    bu    │    uk    │    val_sd    │    val_bu    │    val_uk    │ sum_vol  │     val      │            date            │   acum_val    │ total_vol │  bu-sd   │  bu-sd_val   │ acum_busd │ acum_busd_val │
├─────────┼───────────────┼─────────┼──────────┼──────────┼──────────────┼──────────────┼──────────────┼──────────┼──────────────┼────────────────────────────┼───────────────┼───────────┼──────────┼──────────────┼───────────┼───────────────┤
│    0    │ 1672736400000 │  3100   │   3600   │   400    │   38780000   │   46610000   │   5000000    │   7100   │   90390000   │ '2023-01-03T09:00:00.000Z' │   90390000    │   7100    │   500    │   7830000    │    500    │    7830000    │
│    1    │ 1672736700000 │    0    │   400    │   500    │      0       │   5120000    │   6200000    │   900    │   11320000   │ '2023-01-03T09:05:00.000Z' │   101710000   │   8000    │   400    │   5120000    │    900    │   12950000    │
│    2    │ 1672737000000 │  2900   │    0     │   3000   │   35950000   │      0       │   37200000   │   5900   │   73150000   │ '2023-01-03T09:10:00.000Z' │   174860000   │   13900   │  -2900   │  -35950000   │   -2000   │   -23000000   │
│    3    │ 1672737300000 │ 7886800 │ 5091600  │ 1377900  │ 70319037000  │ 83128963000  │ 18511858000  │ 14356300 │ 171959858000 │ '2023-01-03T09:15:00.000Z' │ 172134718000  │ 14370200  │ -2795200 │ 12809926000  │ -2797200  │  12786926000  │
│    4    │ 1672737600000 │ 3354400 │ 4656100  │  139700  │ 46847526000  │ 69582677000  │  1983908000  │ 8150200  │ 118414111000 │ '2023-01-03T09:20:00.000Z' │ 290548829000  │ 22520400  │ 1301700  │ 22735151000  │ -1495500  │  35522077000  │
│    5    │ 1672737900000 │ 3269800 │ 3769700  │  140100  │ 49274716000  │ 58205007000  │  1301245000  │ 7179600  │ 108780968000 │ '2023-01-03T09:25:00.000Z' │ 399329797000  │ 29700000  │  499900  │  8930291000  │  -995600  │  44452368000  │
│    6    │ 1672738200000 │ 4140900 │ 8270500  │  60100   │ 57120849000  │ 111634856000 │  809621000   │ 12471500 │ 169565326000 │ '2023-01-03T09:30:00.000Z' │ 568895123000  │ 42171500  │ 4129600  │ 54514007000  │  3134000  │  98966375000  │
│    7    │ 1672738500000 │ 4152700 │ 13784300 │  77300   │ 54480304000  │ 208513705000 │  967799000   │ 18014300 │ 263961808000 │ '2023-01-03T09:35:00.000Z' │ 832856931000  │ 60185800  │ 9631600  │ 154033401000 │ 12765600  │ 252999776000  │
│    8    │ 1672738800000 │ 4713900 │ 9498400  │  96100   │ 70419872000  │ 145673622000 │  1673281000  │ 14308400 │ 217766775000 │ '2023-01-03T09:40:00.000Z' │ 1050623706000 │ 74494200  │ 4784500  │ 75253750000  │ 17550100  │ 328253526000  │
│    9    │ 1672739100000 │ 3845700 │ 8979900  │  88900   │ 56479888000  │ 130342837000 │  2232451000  │ 12914500 │ 189055176000 │ '2023-01-03T09:45:00.000Z' │ 1239678882000 │ 87408700  │ 5134200  │ 73862949000  │ 22684300  │ 402116475000  │
│   10    │ 1672739400000 │ 5049100 │ 12662700 │  153500  │ 78171489000  │ 195451595000 │  2552380000  │ 17865300 │ 276175464000 │ '2023-01-03T09:50:00.000Z' │ 1515854346000 │ 105274000 │ 7613600  │ 117280106000 │ 30297900  │ 519396581000  │
│   11    │ 1672739700000 │ 5063800 │ 11033100 │  67700   │ 78567186000  │ 168527236000 │  844494000   │ 16164600 │ 247938916000 │ '2023-01-03T09:55:00.000Z' │ 1763793262000 │ 121438600 │ 5969300  │ 89960050000  │ 36267200  │ 609356631000  │
│   12    │ 1672740000000 │ 5248900 │ 6310300  │  32100   │ 80891065000  │ 101137426000 │  773480000   │ 11591300 │ 182801971000 │ '2023-01-03T10:00:00.000Z' │ 1946595233000 │ 133029900 │ 1061400  │ 20246361000  │ 37328600  │ 629602992000  │
│   13    │ 1672740300000 │ 8276100 │ 4157400  │  71900   │ 123907995000 │ 70640748000  │  1264405000  │ 12505400 │ 195813148000 │ '2023-01-03T10:05:00.000Z' │ 2142408381000 │ 145535300 │ -4118700 │ -53267247000 │ 33209900  │ 576335745000  │
│   14    │ 1672740600000 │ 7454200 │ 2679100  │  59600   │ 113926006000 │ 51785628000  │  821111000   │ 10192900 │ 166532745000 │ '2023-01-03T10:10:00.000Z' │ 2308941126000 │ 155728200 │ -4775100 │ -62140378000 │ 28434800  │ 514195367000  │
│   15    │ 1672740900000 │ 3253300 │ 6171100  │  120600  │ 59805038000  │ 103911170000 │  2165356000  │ 9545000  │ 165881564000 │ '2023-01-03T10:15:00.000Z' │ 2474822690000 │ 165273200 │ 2917800  │ 44106132000  │ 31352600  │ 558301499000  │
│   16    │ 1672741200000 │ 2648600 │ 2589900  │  27800   │ 45084208000  │ 48524164000  │  480243000   │ 5266300  │ 94088615000  │ '2023-01-03T10:20:00.000Z' │ 2568911305000 │ 170539500 │  -58700  │  3439956000  │ 31293900  │ 561741455000  │
│   17    │ 1672741500000 │ 2275100 │ 3910500  │  34300   │ 36319219000  │ 66413177000  │  489190000   │ 6219900  │ 103221586000 │ '2023-01-03T10:25:00.000Z' │ 2672132891000 │ 176759400 │ 1635400  │ 30093958000  │ 32929300  │ 591835413000  │
│   18    │ 1672741800000 │ 4762000 │ 1997000  │  20700   │ 77388521000  │ 35184009000  │  583947000   │ 6779700  │ 113156477000 │ '2023-01-03T10:30:00.000Z' │ 2785289368000 │ 183539100 │ -2765000 │ -42204512000 │ 30164300  │ 549630901000  │
│   19    │ 1672742100000 │ 2416100 │ 1740800  │  28800   │ 40502423000  │ 34764080000  │  344980000   │ 4185700  │ 75611483000  │ '2023-01-03T10:35:00.000Z' │ 2860900851000 │ 187724800 │ -675300  │ -5738343000  │ 29489000  │ 543892558000  │
│   20    │ 1672742400000 │ 2765100 │ 1778300  │   2100   │ 41494032000  │ 35160137000  │   39860000   │ 4545500  │ 76694029000  │ '2023-01-03T10:40:00.000Z' │ 2937594880000 │ 192270300 │ -986800  │ -6333895000  │ 28502200  │ 537558663000  │
├─────────┼───────────────┼─────────┼──────────┼──────────┼──────────────┼──────────────┼──────────────┼──────────┼──────────────┼────────────────────────────┼───────────────┼───────────┼──────────┼──────────────┼───────────┼───────────────┤
│ (index) │   datetime    │   sd    │    bu    │    uk    │    val_sd    │    val_bu    │    val_uk    │ sum_vol  │     val      │            date            │   acum_val    │ total_vol │  bu-sd   │  bu-sd_val   │ acum_busd │ acum_busd_val │
├─────────┼───────────────┼─────────┼──────────┼──────────┼──────────────┼──────────────┼──────────────┼──────────┼──────────────┼────────────────────────────┼───────────────┼───────────┼──────────┼──────────────┼───────────┼───────────────┤
│   21    │ 1672742700000 │ 2509700 │ 3605100  │  80600   │ 40421411000  │ 67666511000  │  993313000   │ 6195400  │ 109081235000 │ '2023-01-03T10:45:00.000Z' │ 3046676115000 │ 198465700 │ 1095400  │ 27245100000  │ 29597600  │ 564803763000  │
│   22    │ 1672743000000 │ 2381400 │ 3262100  │  67700   │ 45499898000  │ 59769734000  │  1076269000  │ 5711200  │ 106345901000 │ '2023-01-03T10:50:00.000Z' │ 3153022016000 │ 204176900 │  880700  │ 14269836000  │ 30478300  │ 579073599000  │
│   23    │ 1672743300000 │ 2299900 │ 3146100  │  37800   │ 40154805000  │ 55063977000  │  1102920000  │ 5483800  │ 96321702000  │ '2023-01-03T10:55:00.000Z' │ 3249343718000 │ 209660700 │  846200  │ 14909172000  │ 31324500  │ 593982771000  │
│   24    │ 1672743600000 │ 1805500 │ 5627700  │  50500   │ 32306990000  │ 103731697000 │  837101000   │ 7483700  │ 136875788000 │ '2023-01-03T11:00:00.000Z' │ 3386219506000 │ 217144400 │ 3822200  │ 71424707000  │ 35146700  │ 665407478000  │
│   25    │ 1672743900000 │ 2487800 │ 11741900 │  59600   │ 44352689000  │ 194262548000 │  1271197000  │ 14289300 │ 239886434000 │ '2023-01-03T11:05:00.000Z' │ 3626105940000 │ 231433700 │ 9254100  │ 149909859000 │ 44400800  │ 815317337000  │
│   26    │ 1672744200000 │ 4387600 │ 8914200  │  45600   │ 70054521000  │ 146879097000 │  962047000   │ 13347400 │ 217895665000 │ '2023-01-03T11:10:00.000Z' │ 3844001605000 │ 244781100 │ 4526600  │ 76824576000  │ 48927400  │ 892141913000  │
│   27    │ 1672744500000 │ 2859300 │ 1854000  │  44000   │ 54305023000  │ 32428581000  │  661256000   │ 4757300  │ 87394860000  │ '2023-01-03T11:15:00.000Z' │ 3931396465000 │ 249538400 │ -1005300 │ -21876442000 │ 47922100  │ 870265471000  │
│   28    │ 1672744800000 │ 2530500 │ 2521800  │  92300   │ 52376317000  │ 47526555000  │  1900020000  │ 5144600  │ 101802892000 │ '2023-01-03T11:20:00.000Z' │ 4033199357000 │ 254683000 │  -8700   │ -4849762000  │ 47913400  │ 865415709000  │
│   29    │ 1672745100000 │ 3337900 │ 2164300  │  13600   │ 54959272000  │ 38975318000  │  244414000   │ 5515800  │ 94179004000  │ '2023-01-03T11:25:00.000Z' │ 4127378361000 │ 260198800 │ -1173600 │ -15983954000 │ 46739800  │ 849431755000  │
│   30    │ 1672750800000 │ 6376600 │ 5084800  │  131000  │ 86053374000  │ 80160960000  │  2268756000  │ 11592400 │ 168483090000 │ '2023-01-03T13:00:00.000Z' │ 4295861451000 │ 271791200 │ -1291800 │ -5892414000  │ 45448000  │ 843539341000  │
│   31    │ 1672751100000 │ 2825100 │ 5853600  │  50100   │ 51824653000  │ 105847549000 │  1389181000  │ 8728800  │ 159061383000 │ '2023-01-03T13:05:00.000Z' │ 4454922834000 │ 280520000 │ 3028500  │ 54022896000  │ 48476500  │ 897562237000  │
│   32    │ 1672751400000 │ 3173800 │ 8551300  │  102600  │ 51997728000  │ 139593410000 │  1390500000  │ 11827700 │ 192981638000 │ '2023-01-03T13:10:00.000Z' │ 4647904472000 │ 292347700 │ 5377500  │ 87595682000  │ 53854000  │ 985157919000  │
│   33    │ 1672751700000 │ 4698900 │ 7398300  │  42200   │ 78392368000  │ 129212128000 │  1226782000  │ 12139400 │ 208831278000 │ '2023-01-03T13:15:00.000Z' │ 4856735750000 │ 304487100 │ 2699400  │ 50819760000  │ 56553400  │ 1035977679000 │
│   34    │ 1672752000000 │ 2987200 │ 10019400 │  67000   │ 51507404000  │ 163223588000 │  1803164000  │ 13073600 │ 216534156000 │ '2023-01-03T13:20:00.000Z' │ 5073269906000 │ 317560700 │ 7032200  │ 111716184000 │ 63585600  │ 1147693863000 │
│   35    │ 1672752300000 │ 4561700 │ 5265300  │  62700   │ 72176645000  │ 95755511000  │  759156000   │ 9889700  │ 168691312000 │ '2023-01-03T13:25:00.000Z' │ 5241961218000 │ 327450400 │  703600  │ 23578866000  │ 64289200  │ 1171272729000 │
│   36    │ 1672752600000 │ 3731100 │ 3469700  │  24700   │ 61599622000  │ 77310939000  │  318770000   │ 7225500  │ 139229331000 │ '2023-01-03T13:30:00.000Z' │ 5381190549000 │ 334675900 │ -261400  │ 15711317000  │ 64027800  │ 1186984046000 │
│   37    │ 1672752900000 │ 2897600 │ 9050900  │  64200   │ 55808552000  │ 160919918000 │  1732398000  │ 12012700 │ 218460868000 │ '2023-01-03T13:35:00.000Z' │ 5599651417000 │ 346688600 │ 6153300  │ 105111366000 │ 70181100  │ 1292095412000 │
│   38    │ 1672753200000 │ 2821800 │ 12064800 │  41900   │ 52132831000  │ 245873638000 │  911813000   │ 14928500 │ 298918282000 │ '2023-01-03T13:40:00.000Z' │ 5898569699000 │ 361617100 │ 9243000  │ 193740807000 │ 79424100  │ 1485836219000 │
│   39    │ 1672753500000 │ 3943300 │ 10932700 │  72400   │ 68181219000  │ 207311661000 │  1070536000  │ 14948400 │ 276563416000 │ '2023-01-03T13:45:00.000Z' │ 6175133115000 │ 376565500 │ 6989400  │ 139130442000 │ 86413500  │ 1624966661000 │
│   40    │ 1672753800000 │ 5277500 │ 6478800  │  23400   │ 98951047000  │ 116866446000 │  509303000   │ 11779700 │ 216326796000 │ '2023-01-03T13:50:00.000Z' │ 6391459911000 │ 388345200 │ 1201300  │ 17915399000  │ 87614800  │ 1642882060000 │
├─────────┼───────────────┼─────────┼──────────┼──────────┼──────────────┼──────────────┼──────────────┼──────────┼──────────────┼────────────────────────────┼───────────────┼───────────┼──────────┼──────────────┼───────────┼───────────────┤
│ (index) │   datetime    │   sd    │    bu    │    uk    │    val_sd    │    val_bu    │    val_uk    │ sum_vol  │     val      │            date            │   acum_val    │ total_vol │  bu-sd   │  bu-sd_val   │ acum_busd │ acum_busd_val │
├─────────┼───────────────┼─────────┼──────────┼──────────┼──────────────┼──────────────┼──────────────┼──────────┼──────────────┼────────────────────────────┼───────────────┼───────────┼──────────┼──────────────┼───────────┼───────────────┤
│   41    │ 1672754100000 │ 5048900 │ 4440900  │  35200   │ 91479231000  │ 85989414000  │  611343000   │ 9525000  │ 178079988000 │ '2023-01-03T13:55:00.000Z' │ 6569539899000 │ 397870200 │ -608000  │ -5489817000  │ 87006800  │ 1637392243000 │
│   42    │ 1672754400000 │ 3797000 │ 4161900  │  46000   │ 69712384000  │ 90341053000  │  679589000   │ 8004900  │ 160733026000 │ '2023-01-03T14:00:00.000Z' │ 6730272925000 │ 405875100 │  364900  │ 20628669000  │ 87371700  │ 1658020912000 │
│   43    │ 1672754700000 │ 3858900 │ 6534700  │  43600   │ 72339786000  │ 115787583000 │  866472000   │ 10437200 │ 188993841000 │ '2023-01-03T14:05:00.000Z' │ 6919266766000 │ 416312300 │ 2675800  │ 43447797000  │ 90047500  │ 1701468709000 │
│   44    │ 1672755000000 │ 4761300 │ 7722700  │  42800   │ 88350905000  │ 131822917000 │  734805000   │ 12526800 │ 220908627000 │ '2023-01-03T14:10:00.000Z' │ 7140175393000 │ 428839100 │ 2961400  │ 43472012000  │ 93008900  │ 1744940721000 │
│   45    │ 1672755300000 │ 5901200 │ 7565000  │  35000   │ 108455370000 │ 117366701000 │  604194000   │ 13501200 │ 226426265000 │ '2023-01-03T14:15:00.000Z' │ 7366601658000 │ 442340300 │ 1663800  │  8911331000  │ 94672700  │ 1753852052000 │
│   46    │ 1672755600000 │ 5390700 │ 5151500  │  22100   │ 77375758000  │ 89952255000  │  328666000   │ 10564300 │ 167656679000 │ '2023-01-03T14:20:00.000Z' │ 7534258337000 │ 452904600 │ -239200  │ 12576497000  │ 94433500  │ 1766428549000 │
│   47    │ 1672755900000 │ 5165600 │ 10508100 │  65200   │ 72270507000  │ 209565260000 │  1918640000  │ 15738900 │ 283754407000 │ '2023-01-03T14:25:00.000Z' │ 7818012744000 │ 468643500 │ 5342500  │ 137294753000 │ 99776000  │ 1903723302000 │
│   48    │ 1672756200000 │    0    │   500    │    0     │      0       │   6500000    │      0       │   500    │   6500000    │ '2023-01-03T14:30:00.000Z' │ 7818019244000 │ 468644000 │   500    │   6500000    │ 99776500  │ 1903729802000 │
│   49    │ 1672756800000 │    0    │   100    │   2800   │      0       │   1300000    │   36400000   │   2900   │   37700000   │ '2023-01-03T14:40:00.000Z' │ 7818056944000 │ 468646900 │   100    │   1300000    │ 99776600  │ 1903731102000 │
│   50    │ 1672757100000 │ 2178700 │ 7449400  │ 15969600 │ 37354459000  │ 145408105000 │ 334523534000 │ 25597700 │ 517286098000 │ '2023-01-03T14:45:00.000Z' │ 8335343042000 │ 494244600 │ 5270700  │ 108053646000 │ 105047300 │ 2011784748000 │
│   51    │ 1672757400000 │    0    │   1800   │    0     │      0       │   23580000   │      0       │   1800   │   23580000   │ '2023-01-03T14:50:00.000Z' │ 8335366622000 │ 494246400 │   1800   │   23580000   │ 105049100 │ 2011808328000 │
│   52    │ 1672757700000 │   100   │   2300   │    0     │   1300000    │   30100000   │      0       │   2400   │   31400000   │ '2023-01-03T14:55:00.000Z' │ 8335398022000 │ 494248800 │   2200   │   28800000   │ 105051300 │ 2011837128000 │
└─────────┴───────────────┴─────────┴──────────┴──────────┴──────────────┴──────────────┴──────────────┴──────────┴──────────────┴────────────────────────────┴───────────────┴───────────┴──────────┴──────────────┴───────────┴───────────────┘

